2024-09-09 04:07:29,239 - INFO -
Configuration: 
gmin                0.01
gmax                10.0
T                   0.1
m                   0.3
type_nonlinear      normal
act                 tanh
ACT_R1n             12.7865
ACT_R2n             -3.1871
ACT_W1n             -10.4537
ACT_L1n             10.546
ACT_W2n             -5.8496
ACT_L2n             4.2337
S_R1n               -11.7481
S_R2n               -0.3905
S_W1n               -9.169
S_L1n               0.3913
S_W2n               7.2004
S_L2n               15.5558
ReLU_RHn            -1.9557
ReLU_RLn            -20.1581
ReLU_RDn            16.6486
ReLU_RBn            -14.3472
ReLU_Wn             16.655
ReLU_Ln             -21.7591
HS_Rn               -0.3766
HS_Wn               0.5192
HS_Ln               4.6293
NEG_R1n             -7.0846
NEG_R2n             -2.5695
NEG_R3n             16.1542
NEG_W1n             13.8696
NEG_L1n             2.7635
NEG_W2n             1.2674
NEG_L2n             -10.4803
NEG_W3n             -6.4386
NEG_L3n             5.1005
task                normal
DATASET             4
DataPath            ./dataset
InputNoise          0.0
IN_test             0.0
R_train             1
R_test              1
N_time              32
pathnorm            False
hidden              [3]
skipconnection      False
SEED                1
DEVICE              cpu
PATIENCE            500
EPOCH               10000000000
LR                  0.1
PROGRESSIVE         True
LR_PATIENCE         100
LR_DECAY            0.5
LR_MIN              0.0001
metric              acc
SoftEva             True
TIMELIMITATION      71
MODE                nominal
M_train             1
K_train             1
M_test              1
K_test              1
t_test_max          1
integration         MC
N_train             1
e_train             0.0
N_test              100
e_test              0.1
e_fault             2
fault_ratio         0.0
N_fault             50
e_fault_test        0
N_fault_test        50
dropout             0.0
lagrangian_loss     False
rho                 100
powerestimator      none
powerbalance        0.0
estimatorbalance    0.0
pgmin               1e-07
power_ratio         1000
lambda_P            100
areaestimator       none
areabalance         0.0
area_theta          0.15
area_act            30.0
area_neg            22.7
lambda_A            0.001
lnc                 False
projectname         tanh_0_FaultAnalysisNormal
temppath            ./tanh_0_FaultAnalysisNormal/temp/
logfilepath         ./tanh_0_FaultAnalysisNormal/log/
report_freq         10
recording           False
recordpath          ./tanh_0_FaultAnalysisNormal/record/
savepath            ./tanh_0_FaultAnalysisNormal/models/
loglevel            info


2024-09-09 04:07:29,240 - INFO -
Training network on device: cpu.

2024-09-09 04:07:29,240 - INFO -
Training setup: data_04_energyy1_seed_01_epsilon_0.0_dropout_0.0_fault_ratio_0.0.model.

2024-09-09 04:07:29,240 - INFO -
{'dataname': 'energyy1', 'N_feature': 8, 'N_class': 3, 'N_train': 397, 'N_valid': 127, 'N_test': 79}

2024-09-09 04:07:29,240 - INFO -
Topology of the network: [8, 3, 3].

2024-09-09 04:07:31,237 - INFO -
| Epoch:      0 | Train loss: 1.0985e+00 | Valid loss: 1.0882e+00 | Train acc: 0.4761 ± 0.0000 | Valid acc: 0.4567 ± 0.0000 | Valid Power: 0.0009 | Train Power: 0.0005 | patience:   0 | lr: 0.1 | Epoch time: 0.1 |

2024-09-09 04:07:32,495 - INFO -
| Epoch:     10 | Train loss: 9.2924e-01 | Valid loss: 9.5596e-01 | Train acc: 0.8186 ± 0.0000 | Valid acc: 0.7874 ± 0.0000 | Valid Power: 0.0009 | Train Power: 0.0009 | patience:   0 | lr: 0.1 | Epoch time: 0.1 |

2024-09-09 04:07:33,776 - INFO -
| Epoch:     20 | Train loss: 7.3032e-01 | Valid loss: 7.4901e-01 | Train acc: 0.8186 ± 0.0000 | Valid acc: 0.7874 ± 0.0000 | Valid Power: 0.0010 | Train Power: 0.0009 | patience:   0 | lr: 0.1 | Epoch time: 0.1 |

2024-09-09 04:07:35,056 - INFO -
| Epoch:     30 | Train loss: 6.1357e-01 | Valid loss: 6.4908e-01 | Train acc: 0.8186 ± 0.0000 | Valid acc: 0.7874 ± 0.0000 | Valid Power: 0.0009 | Train Power: 0.0009 | patience:   0 | lr: 0.1 | Epoch time: 0.1 |

2024-09-09 04:07:36,339 - INFO -
| Epoch:     40 | Train loss: 5.8520e-01 | Valid loss: 6.2181e-01 | Train acc: 0.8186 ± 0.0000 | Valid acc: 0.7874 ± 0.0000 | Valid Power: 0.0010 | Train Power: 0.0010 | patience:   0 | lr: 0.1 | Epoch time: 0.1 |

2024-09-09 04:07:37,626 - INFO -
| Epoch:     50 | Train loss: 5.7792e-01 | Valid loss: 6.1354e-01 | Train acc: 0.8186 ± 0.0000 | Valid acc: 0.7874 ± 0.0000 | Valid Power: 0.0010 | Train Power: 0.0011 | patience:   0 | lr: 0.1 | Epoch time: 0.1 |

2024-09-09 04:07:39,004 - INFO -
| Epoch:     60 | Train loss: 5.7478e-01 | Valid loss: 6.1017e-01 | Train acc: 0.8186 ± 0.0000 | Valid acc: 0.7874 ± 0.0000 | Valid Power: 0.0010 | Train Power: 0.0010 | patience:   0 | lr: 0.1 | Epoch time: 0.1 |

2024-09-09 04:07:40,280 - INFO -
| Epoch:     70 | Train loss: 5.7267e-01 | Valid loss: 6.0642e-01 | Train acc: 0.8186 ± 0.0000 | Valid acc: 0.7874 ± 0.0000 | Valid Power: 0.0010 | Train Power: 0.0010 | patience:   0 | lr: 0.1 | Epoch time: 0.1 |

2024-09-09 04:07:41,556 - INFO -
| Epoch:     80 | Train loss: 5.7120e-01 | Valid loss: 6.0385e-01 | Train acc: 0.8186 ± 0.0000 | Valid acc: 0.7874 ± 0.0000 | Valid Power: 0.0010 | Train Power: 0.0010 | patience:   0 | lr: 0.1 | Epoch time: 0.1 |

2024-09-09 04:07:42,832 - INFO -
| Epoch:     90 | Train loss: 5.6987e-01 | Valid loss: 6.0129e-01 | Train acc: 0.8186 ± 0.0000 | Valid acc: 0.7874 ± 0.0000 | Valid Power: 0.0010 | Train Power: 0.0010 | patience:   0 | lr: 0.1 | Epoch time: 0.1 |

2024-09-09 04:07:44,120 - INFO -
| Epoch:    100 | Train loss: 5.6851e-01 | Valid loss: 5.9877e-01 | Train acc: 0.8186 ± 0.0000 | Valid acc: 0.7874 ± 0.0000 | Valid Power: 0.0010 | Train Power: 0.0010 | patience:   0 | lr: 0.1 | Epoch time: 0.1 |

2024-09-09 04:07:45,397 - INFO -
| Epoch:    110 | Train loss: 5.6703e-01 | Valid loss: 5.9639e-01 | Train acc: 0.8186 ± 0.0000 | Valid acc: 0.7874 ± 0.0000 | Valid Power: 0.0010 | Train Power: 0.0010 | patience:   0 | lr: 0.1 | Epoch time: 0.1 |

2024-09-09 04:07:46,673 - INFO -
| Epoch:    120 | Train loss: 5.6528e-01 | Valid loss: 5.9374e-01 | Train acc: 0.8186 ± 0.0000 | Valid acc: 0.7874 ± 0.0000 | Valid Power: 0.0010 | Train Power: 0.0010 | patience:   0 | lr: 0.1 | Epoch time: 0.1 |

2024-09-09 04:07:47,954 - INFO -
| Epoch:    130 | Train loss: 5.6348e-01 | Valid loss: 5.9136e-01 | Train acc: 0.8186 ± 0.0000 | Valid acc: 0.7874 ± 0.0000 | Valid Power: 0.0010 | Train Power: 0.0010 | patience:   0 | lr: 0.1 | Epoch time: 0.1 |

2024-09-09 04:07:49,241 - INFO -
| Epoch:    140 | Train loss: 5.6167e-01 | Valid loss: 5.8902e-01 | Train acc: 0.8186 ± 0.0000 | Valid acc: 0.7874 ± 0.0000 | Valid Power: 0.0012 | Train Power: 0.0012 | patience:   0 | lr: 0.1 | Epoch time: 0.1 |

2024-09-09 04:07:50,505 - INFO -
| Epoch:    150 | Train loss: 5.7143e-01 | Valid loss: 5.8974e-01 | Train acc: 0.8186 ± 0.0000 | Valid acc: 0.7874 ± 0.0000 | Valid Power: 0.0042 | Train Power: 0.0029 | patience:   4 | lr: 0.1 | Epoch time: 0.1 |

2024-09-09 04:07:51,748 - INFO -
| Epoch:    160 | Train loss: 6.0767e-01 | Valid loss: 6.4758e-01 | Train acc: 0.8186 ± 0.0000 | Valid acc: 0.7874 ± 0.0000 | Valid Power: 0.0021 | Train Power: 0.0022 | patience:  14 | lr: 0.1 | Epoch time: 0.1 |

2024-09-09 04:07:52,999 - INFO -
| Epoch:    170 | Train loss: 5.8183e-01 | Valid loss: 6.1997e-01 | Train acc: 0.8186 ± 0.0000 | Valid acc: 0.7874 ± 0.0000 | Valid Power: 0.0018 | Train Power: 0.0018 | patience:  24 | lr: 0.1 | Epoch time: 0.1 |

2024-09-09 04:07:54,243 - INFO -
| Epoch:    180 | Train loss: 5.7864e-01 | Valid loss: 6.1744e-01 | Train acc: 0.8186 ± 0.0000 | Valid acc: 0.7874 ± 0.0000 | Valid Power: 0.0017 | Train Power: 0.0017 | patience:  34 | lr: 0.1 | Epoch time: 0.1 |

2024-09-09 04:07:55,487 - INFO -
| Epoch:    190 | Train loss: 5.7375e-01 | Valid loss: 6.1019e-01 | Train acc: 0.8186 ± 0.0000 | Valid acc: 0.7874 ± 0.0000 | Valid Power: 0.0017 | Train Power: 0.0017 | patience:  44 | lr: 0.1 | Epoch time: 0.1 |

2024-09-09 04:07:56,735 - INFO -
| Epoch:    200 | Train loss: 5.7230e-01 | Valid loss: 6.0655e-01 | Train acc: 0.8186 ± 0.0000 | Valid acc: 0.7874 ± 0.0000 | Valid Power: 0.0017 | Train Power: 0.0017 | patience:  54 | lr: 0.1 | Epoch time: 0.1 |

2024-09-09 04:07:58,087 - INFO -
| Epoch:    210 | Train loss: 5.7130e-01 | Valid loss: 6.0400e-01 | Train acc: 0.8186 ± 0.0000 | Valid acc: 0.7874 ± 0.0000 | Valid Power: 0.0018 | Train Power: 0.0018 | patience:  64 | lr: 0.1 | Epoch time: 0.1 |

2024-09-09 04:07:59,331 - INFO -
| Epoch:    220 | Train loss: 5.7053e-01 | Valid loss: 6.0251e-01 | Train acc: 0.8186 ± 0.0000 | Valid acc: 0.7874 ± 0.0000 | Valid Power: 0.0017 | Train Power: 0.0018 | patience:  74 | lr: 0.1 | Epoch time: 0.1 |

2024-09-09 04:08:00,577 - INFO -
| Epoch:    230 | Train loss: 5.6989e-01 | Valid loss: 6.0148e-01 | Train acc: 0.8186 ± 0.0000 | Valid acc: 0.7874 ± 0.0000 | Valid Power: 0.0017 | Train Power: 0.0018 | patience:  84 | lr: 0.1 | Epoch time: 0.1 |

2024-09-09 04:08:01,824 - INFO -
| Epoch:    240 | Train loss: 5.6938e-01 | Valid loss: 6.0051e-01 | Train acc: 0.8186 ± 0.0000 | Valid acc: 0.7874 ± 0.0000 | Valid Power: 0.0017 | Train Power: 0.0018 | patience:  94 | lr: 0.1 | Epoch time: 0.1 |

2024-09-09 04:08:02,701 - INFO -
load best network to warm start training with lower lr.

2024-09-09 04:08:02,701 - INFO -
lr update to 0.05.

2024-09-09 04:08:03,077 - INFO -
| Epoch:    250 | Train loss: 5.6026e-01 | Valid loss: 5.9428e-01 | Train acc: 0.8186 ± 0.0000 | Valid acc: 0.7874 ± 0.0000 | Valid Power: 0.0020 | Train Power: 0.0017 | patience:   3 | lr: 0.05 | Epoch time: 0.1 |

2024-09-09 04:08:04,336 - INFO -
| Epoch:    260 | Train loss: 5.6441e-01 | Valid loss: 6.0140e-01 | Train acc: 0.8186 ± 0.0000 | Valid acc: 0.7874 ± 0.0000 | Valid Power: 0.0018 | Train Power: 0.0018 | patience:  13 | lr: 0.05 | Epoch time: 0.1 |

2024-09-09 04:08:05,587 - INFO -
| Epoch:    270 | Train loss: 5.6090e-01 | Valid loss: 5.9073e-01 | Train acc: 0.8186 ± 0.0000 | Valid acc: 0.7874 ± 0.0000 | Valid Power: 0.0017 | Train Power: 0.0018 | patience:  23 | lr: 0.05 | Epoch time: 0.1 |

2024-09-09 04:08:06,836 - INFO -
| Epoch:    280 | Train loss: 5.5902e-01 | Valid loss: 5.8766e-01 | Train acc: 0.8186 ± 0.0000 | Valid acc: 0.7874 ± 0.0000 | Valid Power: 0.0017 | Train Power: 0.0018 | patience:  33 | lr: 0.05 | Epoch time: 0.1 |

2024-09-09 04:08:08,123 - INFO -
| Epoch:    290 | Train loss: 5.5807e-01 | Valid loss: 5.8359e-01 | Train acc: 0.8186 ± 0.0000 | Valid acc: 0.7874 ± 0.0000 | Valid Power: 0.0017 | Train Power: 0.0017 | patience:   0 | lr: 0.05 | Epoch time: 0.1 |

2024-09-09 04:08:09,507 - INFO -
| Epoch:    300 | Train loss: 5.5765e-01 | Valid loss: 5.8176e-01 | Train acc: 0.8186 ± 0.0000 | Valid acc: 0.7874 ± 0.0000 | Valid Power: 0.0016 | Train Power: 0.0017 | patience:   0 | lr: 0.05 | Epoch time: 0.1 |

2024-09-09 04:08:10,791 - INFO -
| Epoch:    310 | Train loss: 5.5727e-01 | Valid loss: 5.8052e-01 | Train acc: 0.8186 ± 0.0000 | Valid acc: 0.7874 ± 0.0000 | Valid Power: 0.0016 | Train Power: 0.0016 | patience:   0 | lr: 0.05 | Epoch time: 0.1 |

2024-09-09 04:08:12,076 - INFO -
| Epoch:    320 | Train loss: 5.5686e-01 | Valid loss: 5.8024e-01 | Train acc: 0.8186 ± 0.0000 | Valid acc: 0.7874 ± 0.0000 | Valid Power: 0.0021 | Train Power: 0.0017 | patience:   0 | lr: 0.05 | Epoch time: 0.1 |

2024-09-09 04:08:13,344 - INFO -
| Epoch:    330 | Train loss: 5.5656e-01 | Valid loss: 5.8022e-01 | Train acc: 0.8186 ± 0.0000 | Valid acc: 0.7874 ± 0.0000 | Valid Power: 0.0016 | Train Power: 0.0016 | patience:   5 | lr: 0.05 | Epoch time: 0.1 |

2024-09-09 04:08:14,616 - INFO -
| Epoch:    340 | Train loss: 5.5631e-01 | Valid loss: 5.8001e-01 | Train acc: 0.8186 ± 0.0000 | Valid acc: 0.7874 ± 0.0000 | Valid Power: 0.0016 | Train Power: 0.0017 | patience:   2 | lr: 0.05 | Epoch time: 0.1 |

2024-09-09 04:08:15,865 - INFO -
| Epoch:    350 | Train loss: 5.5613e-01 | Valid loss: 5.8010e-01 | Train acc: 0.8186 ± 0.0000 | Valid acc: 0.7874 ± 0.0000 | Valid Power: 0.0016 | Train Power: 0.0017 | patience:  12 | lr: 0.05 | Epoch time: 0.1 |

2024-09-09 04:08:17,126 - INFO -
| Epoch:    360 | Train loss: 5.5595e-01 | Valid loss: 5.7994e-01 | Train acc: 0.8186 ± 0.0000 | Valid acc: 0.7874 ± 0.0000 | Valid Power: 0.0018 | Train Power: 0.0030 | patience:   4 | lr: 0.05 | Epoch time: 0.1 |

2024-09-09 04:08:18,401 - INFO -
| Epoch:    370 | Train loss: 5.5578e-01 | Valid loss: 5.7933e-01 | Train acc: 0.8186 ± 0.0000 | Valid acc: 0.7874 ± 0.0000 | Valid Power: 0.0016 | Train Power: 0.0016 | patience:   0 | lr: 0.05 | Epoch time: 0.1 |

2024-09-09 04:08:19,698 - INFO -
| Epoch:    380 | Train loss: 5.5561e-01 | Valid loss: 5.7903e-01 | Train acc: 0.8186 ± 0.0000 | Valid acc: 0.7874 ± 0.0000 | Valid Power: 0.0017 | Train Power: 0.0017 | patience:   0 | lr: 0.05 | Epoch time: 0.1 |

2024-09-09 04:08:21,078 - INFO -
| Epoch:    390 | Train loss: 5.5544e-01 | Valid loss: 5.7872e-01 | Train acc: 0.8186 ± 0.0000 | Valid acc: 0.7874 ± 0.0000 | Valid Power: 0.0017 | Train Power: 0.0017 | patience:   0 | lr: 0.05 | Epoch time: 0.1 |

2024-09-09 04:08:22,362 - INFO -
| Epoch:    400 | Train loss: 5.5528e-01 | Valid loss: 5.7837e-01 | Train acc: 0.8186 ± 0.0000 | Valid acc: 0.7874 ± 0.0000 | Valid Power: 0.0019 | Train Power: 0.0019 | patience:   0 | lr: 0.05 | Epoch time: 0.1 |

2024-09-09 04:08:23,626 - INFO -
| Epoch:    410 | Train loss: 5.5516e-01 | Valid loss: 5.7828e-01 | Train acc: 0.8186 ± 0.0000 | Valid acc: 0.7874 ± 0.0000 | Valid Power: 0.0019 | Train Power: 0.0019 | patience:   1 | lr: 0.05 | Epoch time: 0.1 |

2024-09-09 04:08:24,905 - INFO -
| Epoch:    420 | Train loss: 5.5504e-01 | Valid loss: 5.7799e-01 | Train acc: 0.8186 ± 0.0000 | Valid acc: 0.7874 ± 0.0000 | Valid Power: 0.0025 | Train Power: 0.0020 | patience:   0 | lr: 0.05 | Epoch time: 0.1 |

2024-09-09 04:08:26,173 - INFO -
| Epoch:    430 | Train loss: 5.5494e-01 | Valid loss: 5.7790e-01 | Train acc: 0.8186 ± 0.0000 | Valid acc: 0.7874 ± 0.0000 | Valid Power: 0.0020 | Train Power: 0.0020 | patience:   1 | lr: 0.05 | Epoch time: 0.1 |

2024-09-09 04:08:27,451 - INFO -
| Epoch:    440 | Train loss: 5.5485e-01 | Valid loss: 5.7772e-01 | Train acc: 0.8186 ± 0.0000 | Valid acc: 0.7874 ± 0.0000 | Valid Power: 0.0020 | Train Power: 0.0020 | patience:   0 | lr: 0.05 | Epoch time: 0.1 |

2024-09-09 04:08:28,734 - INFO -
| Epoch:    450 | Train loss: 5.5477e-01 | Valid loss: 5.7754e-01 | Train acc: 0.8186 ± 0.0000 | Valid acc: 0.7874 ± 0.0000 | Valid Power: 0.0020 | Train Power: 0.0020 | patience:   0 | lr: 0.05 | Epoch time: 0.1 |

2024-09-09 04:08:30,018 - INFO -
| Epoch:    460 | Train loss: 5.5468e-01 | Valid loss: 5.7739e-01 | Train acc: 0.8186 ± 0.0000 | Valid acc: 0.7874 ± 0.0000 | Valid Power: 0.0020 | Train Power: 0.0020 | patience:   0 | lr: 0.05 | Epoch time: 0.1 |

2024-09-09 04:08:31,384 - INFO -
| Epoch:    470 | Train loss: 5.5458e-01 | Valid loss: 5.7725e-01 | Train acc: 0.8186 ± 0.0000 | Valid acc: 0.7874 ± 0.0000 | Valid Power: 0.0020 | Train Power: 0.0020 | patience:   0 | lr: 0.05 | Epoch time: 0.1 |

2024-09-09 04:08:32,671 - INFO -
| Epoch:    480 | Train loss: 5.5449e-01 | Valid loss: 5.7711e-01 | Train acc: 0.8186 ± 0.0000 | Valid acc: 0.7874 ± 0.0000 | Valid Power: 0.0020 | Train Power: 0.0020 | patience:   0 | lr: 0.05 | Epoch time: 0.1 |

2024-09-09 04:08:33,957 - INFO -
| Epoch:    490 | Train loss: 5.5440e-01 | Valid loss: 5.7695e-01 | Train acc: 0.8186 ± 0.0000 | Valid acc: 0.7874 ± 0.0000 | Valid Power: 0.0020 | Train Power: 0.0020 | patience:   0 | lr: 0.05 | Epoch time: 0.1 |

2024-09-09 04:08:35,244 - INFO -
| Epoch:    500 | Train loss: 5.5430e-01 | Valid loss: 5.7679e-01 | Train acc: 0.8186 ± 0.0000 | Valid acc: 0.7874 ± 0.0000 | Valid Power: 0.0020 | Train Power: 0.0020 | patience:   0 | lr: 0.05 | Epoch time: 0.1 |

2024-09-09 04:08:36,531 - INFO -
| Epoch:    510 | Train loss: 5.5420e-01 | Valid loss: 5.7663e-01 | Train acc: 0.8186 ± 0.0000 | Valid acc: 0.7874 ± 0.0000 | Valid Power: 0.0021 | Train Power: 0.0021 | patience:   0 | lr: 0.05 | Epoch time: 0.1 |

2024-09-09 04:08:37,817 - INFO -
| Epoch:    520 | Train loss: 5.5410e-01 | Valid loss: 5.7647e-01 | Train acc: 0.8186 ± 0.0000 | Valid acc: 0.7874 ± 0.0000 | Valid Power: 0.0021 | Train Power: 0.0021 | patience:   0 | lr: 0.05 | Epoch time: 0.1 |

2024-09-09 04:08:39,112 - INFO -
| Epoch:    530 | Train loss: 5.5400e-01 | Valid loss: 5.7630e-01 | Train acc: 0.8186 ± 0.0000 | Valid acc: 0.7874 ± 0.0000 | Valid Power: 0.0021 | Train Power: 0.0021 | patience:   0 | lr: 0.05 | Epoch time: 0.1 |

2024-09-09 04:08:40,397 - INFO -
| Epoch:    540 | Train loss: 5.5389e-01 | Valid loss: 5.7613e-01 | Train acc: 0.8186 ± 0.0000 | Valid acc: 0.7874 ± 0.0000 | Valid Power: 0.0021 | Train Power: 0.0021 | patience:   0 | lr: 0.05 | Epoch time: 0.1 |

2024-09-09 04:08:41,682 - INFO -
| Epoch:    550 | Train loss: 5.5378e-01 | Valid loss: 5.7595e-01 | Train acc: 0.8186 ± 0.0000 | Valid acc: 0.7874 ± 0.0000 | Valid Power: 0.0021 | Train Power: 0.0021 | patience:   0 | lr: 0.05 | Epoch time: 0.1 |

2024-09-09 04:08:43,064 - INFO -
| Epoch:    560 | Train loss: 5.5367e-01 | Valid loss: 5.7578e-01 | Train acc: 0.8186 ± 0.0000 | Valid acc: 0.7874 ± 0.0000 | Valid Power: 0.0021 | Train Power: 0.0021 | patience:   0 | lr: 0.05 | Epoch time: 0.1 |

2024-09-09 04:08:44,340 - INFO -
| Epoch:    570 | Train loss: 5.5356e-01 | Valid loss: 5.7561e-01 | Train acc: 0.8186 ± 0.0000 | Valid acc: 0.7874 ± 0.0000 | Valid Power: 0.0022 | Train Power: 0.0024 | patience:   2 | lr: 0.05 | Epoch time: 0.1 |

2024-09-09 04:08:45,595 - INFO -
| Epoch:    580 | Train loss: 5.5350e-01 | Valid loss: 5.7551e-01 | Train acc: 0.8186 ± 0.0000 | Valid acc: 0.7874 ± 0.0000 | Valid Power: 0.0021 | Train Power: 0.0021 | patience:   2 | lr: 0.05 | Epoch time: 0.1 |

2024-09-09 04:08:46,845 - INFO -
| Epoch:    590 | Train loss: 5.5343e-01 | Valid loss: 5.7569e-01 | Train acc: 0.8186 ± 0.0000 | Valid acc: 0.7874 ± 0.0000 | Valid Power: 0.0021 | Train Power: 0.0021 | patience:  12 | lr: 0.05 | Epoch time: 0.1 |

2024-09-09 04:08:48,094 - INFO -
| Epoch:    600 | Train loss: 5.5337e-01 | Valid loss: 5.7554e-01 | Train acc: 0.8186 ± 0.0000 | Valid acc: 0.7874 ± 0.0000 | Valid Power: 0.0021 | Train Power: 0.0021 | patience:  22 | lr: 0.05 | Epoch time: 0.1 |

2024-09-09 04:08:49,357 - INFO -
| Epoch:    610 | Train loss: 5.5330e-01 | Valid loss: 5.7533e-01 | Train acc: 0.8186 ± 0.0000 | Valid acc: 0.7874 ± 0.0000 | Valid Power: 0.0021 | Train Power: 0.0021 | patience:   0 | lr: 0.05 | Epoch time: 0.1 |

2024-09-09 04:08:50,629 - INFO -
| Epoch:    620 | Train loss: 5.5324e-01 | Valid loss: 5.7524e-01 | Train acc: 0.8186 ± 0.0000 | Valid acc: 0.7874 ± 0.0000 | Valid Power: 0.0021 | Train Power: 0.0021 | patience:   2 | lr: 0.05 | Epoch time: 0.1 |

2024-09-09 04:08:51,917 - INFO -
| Epoch:    630 | Train loss: 5.5317e-01 | Valid loss: 5.7514e-01 | Train acc: 0.8186 ± 0.0000 | Valid acc: 0.7874 ± 0.0000 | Valid Power: 0.0021 | Train Power: 0.0021 | patience:   0 | lr: 0.05 | Epoch time: 0.1 |

2024-09-09 04:08:53,203 - INFO -
| Epoch:    640 | Train loss: 5.5311e-01 | Valid loss: 5.7502e-01 | Train acc: 0.8186 ± 0.0000 | Valid acc: 0.7874 ± 0.0000 | Valid Power: 0.0021 | Train Power: 0.0021 | patience:   0 | lr: 0.05 | Epoch time: 0.1 |

2024-09-09 04:08:54,565 - INFO -
| Epoch:    650 | Train loss: 5.5304e-01 | Valid loss: 5.7490e-01 | Train acc: 0.8186 ± 0.0000 | Valid acc: 0.7874 ± 0.0000 | Valid Power: 0.0021 | Train Power: 0.0021 | patience:   0 | lr: 0.05 | Epoch time: 0.1 |

2024-09-09 04:08:55,853 - INFO -
| Epoch:    660 | Train loss: 5.5297e-01 | Valid loss: 5.7477e-01 | Train acc: 0.8186 ± 0.0000 | Valid acc: 0.7874 ± 0.0000 | Valid Power: 0.0021 | Train Power: 0.0021 | patience:   0 | lr: 0.05 | Epoch time: 0.1 |

2024-09-09 04:08:57,139 - INFO -
| Epoch:    670 | Train loss: 5.5290e-01 | Valid loss: 5.7466e-01 | Train acc: 0.8186 ± 0.0000 | Valid acc: 0.7874 ± 0.0000 | Valid Power: 0.0021 | Train Power: 0.0021 | patience:   0 | lr: 0.05 | Epoch time: 0.1 |

2024-09-09 04:08:58,425 - INFO -
| Epoch:    680 | Train loss: 5.5283e-01 | Valid loss: 5.7453e-01 | Train acc: 0.8186 ± 0.0000 | Valid acc: 0.7874 ± 0.0000 | Valid Power: 0.0021 | Train Power: 0.0021 | patience:   0 | lr: 0.05 | Epoch time: 0.1 |

2024-09-09 04:08:59,709 - INFO -
| Epoch:    690 | Train loss: 5.5276e-01 | Valid loss: 5.7441e-01 | Train acc: 0.8186 ± 0.0000 | Valid acc: 0.7874 ± 0.0000 | Valid Power: 0.0021 | Train Power: 0.0021 | patience:   0 | lr: 0.05 | Epoch time: 0.1 |

2024-09-09 04:09:00,994 - INFO -
| Epoch:    700 | Train loss: 5.5269e-01 | Valid loss: 5.7428e-01 | Train acc: 0.8186 ± 0.0000 | Valid acc: 0.7874 ± 0.0000 | Valid Power: 0.0021 | Train Power: 0.0021 | patience:   0 | lr: 0.05 | Epoch time: 0.1 |

2024-09-09 04:09:02,280 - INFO -
| Epoch:    710 | Train loss: 5.5261e-01 | Valid loss: 5.7416e-01 | Train acc: 0.8186 ± 0.0000 | Valid acc: 0.7874 ± 0.0000 | Valid Power: 0.0020 | Train Power: 0.0021 | patience:   0 | lr: 0.05 | Epoch time: 0.1 |

2024-09-09 04:09:03,567 - INFO -
| Epoch:    720 | Train loss: 5.5254e-01 | Valid loss: 5.7403e-01 | Train acc: 0.8186 ± 0.0000 | Valid acc: 0.7874 ± 0.0000 | Valid Power: 0.0020 | Train Power: 0.0021 | patience:   0 | lr: 0.05 | Epoch time: 0.1 |

2024-09-09 04:09:04,864 - INFO -
| Epoch:    730 | Train loss: 5.5246e-01 | Valid loss: 5.7390e-01 | Train acc: 0.8186 ± 0.0000 | Valid acc: 0.7874 ± 0.0000 | Valid Power: 0.0020 | Train Power: 0.0021 | patience:   0 | lr: 0.05 | Epoch time: 0.1 |

2024-09-09 04:09:06,247 - INFO -
| Epoch:    740 | Train loss: 5.5238e-01 | Valid loss: 5.7376e-01 | Train acc: 0.8186 ± 0.0000 | Valid acc: 0.7874 ± 0.0000 | Valid Power: 0.0020 | Train Power: 0.0021 | patience:   0 | lr: 0.05 | Epoch time: 0.1 |

2024-09-09 04:09:07,527 - INFO -
| Epoch:    750 | Train loss: 5.5230e-01 | Valid loss: 5.7363e-01 | Train acc: 0.8186 ± 0.0000 | Valid acc: 0.7874 ± 0.0000 | Valid Power: 0.0020 | Train Power: 0.0021 | patience:   0 | lr: 0.05 | Epoch time: 0.1 |

2024-09-09 04:09:08,804 - INFO -
| Epoch:    760 | Train loss: 5.5222e-01 | Valid loss: 5.7351e-01 | Train acc: 0.8186 ± 0.0000 | Valid acc: 0.7874 ± 0.0000 | Valid Power: 0.0020 | Train Power: 0.0021 | patience:   1 | lr: 0.05 | Epoch time: 0.1 |

2024-09-09 04:09:10,072 - INFO -
| Epoch:    770 | Train loss: 5.5220e-01 | Valid loss: 5.7303e-01 | Train acc: 0.8186 ± 0.0000 | Valid acc: 0.7874 ± 0.0000 | Valid Power: 0.0020 | Train Power: 0.0020 | patience:   0 | lr: 0.05 | Epoch time: 0.1 |

2024-09-09 04:09:11,319 - INFO -
| Epoch:    780 | Train loss: 5.5215e-01 | Valid loss: 5.7323e-01 | Train acc: 0.8186 ± 0.0000 | Valid acc: 0.7874 ± 0.0000 | Valid Power: 0.0021 | Train Power: 0.0021 | patience:   9 | lr: 0.05 | Epoch time: 0.1 |

2024-09-09 04:09:12,563 - INFO -
| Epoch:    790 | Train loss: 5.5215e-01 | Valid loss: 5.7348e-01 | Train acc: 0.8186 ± 0.0000 | Valid acc: 0.7874 ± 0.0000 | Valid Power: 0.0020 | Train Power: 0.0020 | patience:  19 | lr: 0.05 | Epoch time: 0.1 |

2024-09-09 04:09:13,808 - INFO -
| Epoch:    800 | Train loss: 5.5215e-01 | Valid loss: 5.7329e-01 | Train acc: 0.8186 ± 0.0000 | Valid acc: 0.7874 ± 0.0000 | Valid Power: 0.0021 | Train Power: 0.0021 | patience:  29 | lr: 0.05 | Epoch time: 0.1 |

2024-09-09 04:09:15,047 - INFO -
| Epoch:    810 | Train loss: 5.5214e-01 | Valid loss: 5.7320e-01 | Train acc: 0.8186 ± 0.0000 | Valid acc: 0.7874 ± 0.0000 | Valid Power: 0.0022 | Train Power: 0.0022 | patience:  39 | lr: 0.05 | Epoch time: 0.1 |

2024-09-09 04:09:16,285 - INFO -
| Epoch:    820 | Train loss: 5.5214e-01 | Valid loss: 5.7328e-01 | Train acc: 0.8186 ± 0.0000 | Valid acc: 0.7874 ± 0.0000 | Valid Power: 0.0025 | Train Power: 0.0024 | patience:  49 | lr: 0.05 | Epoch time: 0.1 |

2024-09-09 04:09:17,596 - INFO -
| Epoch:    830 | Train loss: 5.5214e-01 | Valid loss: 5.7326e-01 | Train acc: 0.8186 ± 0.0000 | Valid acc: 0.7874 ± 0.0000 | Valid Power: 0.0022 | Train Power: 0.0022 | patience:  59 | lr: 0.05 | Epoch time: 0.1 |

2024-09-09 04:09:18,835 - INFO -
| Epoch:    840 | Train loss: 5.5214e-01 | Valid loss: 5.7327e-01 | Train acc: 0.8186 ± 0.0000 | Valid acc: 0.7874 ± 0.0000 | Valid Power: 0.0023 | Train Power: 0.0023 | patience:  69 | lr: 0.05 | Epoch time: 0.1 |

2024-09-09 04:09:20,071 - INFO -
| Epoch:    850 | Train loss: 5.5214e-01 | Valid loss: 5.7328e-01 | Train acc: 0.8186 ± 0.0000 | Valid acc: 0.7874 ± 0.0000 | Valid Power: 0.0024 | Train Power: 0.0024 | patience:  79 | lr: 0.05 | Epoch time: 0.1 |

2024-09-09 04:09:21,310 - INFO -
| Epoch:    860 | Train loss: 5.5214e-01 | Valid loss: 5.7327e-01 | Train acc: 0.8186 ± 0.0000 | Valid acc: 0.7874 ± 0.0000 | Valid Power: 0.0025 | Train Power: 0.0025 | patience:  89 | lr: 0.05 | Epoch time: 0.1 |

2024-09-09 04:09:22,553 - INFO -
| Epoch:    870 | Train loss: 5.5214e-01 | Valid loss: 5.7327e-01 | Train acc: 0.8186 ± 0.0000 | Valid acc: 0.7874 ± 0.0000 | Valid Power: 0.0025 | Train Power: 0.0026 | patience:  99 | lr: 0.05 | Epoch time: 0.1 |

2024-09-09 04:09:22,804 - INFO -
load best network to warm start training with lower lr.

2024-09-09 04:09:22,804 - INFO -
lr update to 0.025.

2024-09-09 04:09:23,799 - INFO -
| Epoch:    880 | Train loss: 5.5226e-01 | Valid loss: 5.7327e-01 | Train acc: 0.8186 ± 0.0000 | Valid acc: 0.7874 ± 0.0000 | Valid Power: 0.0023 | Train Power: 0.0020 | patience:   6 | lr: 0.025 | Epoch time: 0.1 |

2024-09-09 04:09:25,038 - INFO -
| Epoch:    890 | Train loss: 5.5227e-01 | Valid loss: 5.7389e-01 | Train acc: 0.8186 ± 0.0000 | Valid acc: 0.7874 ± 0.0000 | Valid Power: 0.0019 | Train Power: 0.0019 | patience:  16 | lr: 0.025 | Epoch time: 0.1 |

2024-09-09 04:09:26,279 - INFO -
| Epoch:    900 | Train loss: 5.5227e-01 | Valid loss: 5.7394e-01 | Train acc: 0.8186 ± 0.0000 | Valid acc: 0.7874 ± 0.0000 | Valid Power: 0.0018 | Train Power: 0.0018 | patience:  26 | lr: 0.025 | Epoch time: 0.1 |

2024-09-09 04:09:27,518 - INFO -
| Epoch:    910 | Train loss: 5.5217e-01 | Valid loss: 5.7339e-01 | Train acc: 0.8186 ± 0.0000 | Valid acc: 0.7874 ± 0.0000 | Valid Power: 0.0017 | Train Power: 0.0017 | patience:  36 | lr: 0.025 | Epoch time: 0.1 |

2024-09-09 04:09:28,754 - INFO -
| Epoch:    920 | Train loss: 5.5216e-01 | Valid loss: 5.7306e-01 | Train acc: 0.8186 ± 0.0000 | Valid acc: 0.7874 ± 0.0000 | Valid Power: 0.0017 | Train Power: 0.0017 | patience:  46 | lr: 0.025 | Epoch time: 0.1 |

2024-09-09 04:09:29,990 - INFO -
| Epoch:    930 | Train loss: 5.5215e-01 | Valid loss: 5.7302e-01 | Train acc: 0.8186 ± 0.0000 | Valid acc: 0.7874 ± 0.0000 | Valid Power: 0.0017 | Train Power: 0.0017 | patience:  56 | lr: 0.025 | Epoch time: 0.1 |

2024-09-09 04:09:31,228 - INFO -
| Epoch:    940 | Train loss: 5.5213e-01 | Valid loss: 5.7335e-01 | Train acc: 0.8186 ± 0.0000 | Valid acc: 0.7874 ± 0.0000 | Valid Power: 0.0020 | Train Power: 0.0085 | patience:  66 | lr: 0.025 | Epoch time: 0.1 |

2024-09-09 04:09:32,465 - INFO -
| Epoch:    950 | Train loss: 5.5214e-01 | Valid loss: 5.7335e-01 | Train acc: 0.8186 ± 0.0000 | Valid acc: 0.7874 ± 0.0000 | Valid Power: 0.0022 | Train Power: 0.0019 | patience:  76 | lr: 0.025 | Epoch time: 0.1 |

2024-09-09 04:09:33,701 - INFO -
| Epoch:    960 | Train loss: 5.5213e-01 | Valid loss: 5.7328e-01 | Train acc: 0.8186 ± 0.0000 | Valid acc: 0.7874 ± 0.0000 | Valid Power: 0.0017 | Train Power: 0.0018 | patience:  86 | lr: 0.025 | Epoch time: 0.1 |

2024-09-09 04:09:34,922 - INFO -
| Epoch:    970 | Train loss: 5.5213e-01 | Valid loss: 5.7323e-01 | Train acc: 0.8186 ± 0.0000 | Valid acc: 0.7874 ± 0.0000 | Valid Power: 0.0017 | Train Power: 0.0018 | patience:  96 | lr: 0.025 | Epoch time: 0.1 |

2024-09-09 04:09:35,516 - INFO -
load best network to warm start training with lower lr.

2024-09-09 04:09:35,516 - INFO -
lr update to 0.0125.

2024-09-09 04:09:36,099 - INFO -
| Epoch:    980 | Train loss: 5.5226e-01 | Valid loss: 5.7290e-01 | Train acc: 0.8186 ± 0.0000 | Valid acc: 0.7874 ± 0.0000 | Valid Power: 0.0020 | Train Power: 0.0020 | patience:   5 | lr: 0.0125 | Epoch time: 0.1 |

2024-09-09 04:09:37,270 - INFO -
| Epoch:    990 | Train loss: 5.5219e-01 | Valid loss: 5.7328e-01 | Train acc: 0.8186 ± 0.0000 | Valid acc: 0.7874 ± 0.0000 | Valid Power: 0.0019 | Train Power: 0.0020 | patience:  15 | lr: 0.0125 | Epoch time: 0.1 |

2024-09-09 04:09:38,523 - INFO -
| Epoch:   1000 | Train loss: 5.5216e-01 | Valid loss: 5.7334e-01 | Train acc: 0.8186 ± 0.0000 | Valid acc: 0.7874 ± 0.0000 | Valid Power: 0.0019 | Train Power: 0.0019 | patience:  25 | lr: 0.0125 | Epoch time: 0.1 |

2024-09-09 04:09:39,685 - INFO -
| Epoch:   1010 | Train loss: 5.5214e-01 | Valid loss: 5.7323e-01 | Train acc: 0.8186 ± 0.0000 | Valid acc: 0.7874 ± 0.0000 | Valid Power: 0.0018 | Train Power: 0.0018 | patience:  35 | lr: 0.0125 | Epoch time: 0.1 |

2024-09-09 04:09:40,847 - INFO -
| Epoch:   1020 | Train loss: 5.5214e-01 | Valid loss: 5.7313e-01 | Train acc: 0.8186 ± 0.0000 | Valid acc: 0.7874 ± 0.0000 | Valid Power: 0.0019 | Train Power: 0.0018 | patience:  45 | lr: 0.0125 | Epoch time: 0.1 |

2024-09-09 04:09:42,005 - INFO -
| Epoch:   1030 | Train loss: 5.5214e-01 | Valid loss: 5.7333e-01 | Train acc: 0.8186 ± 0.0000 | Valid acc: 0.7874 ± 0.0000 | Valid Power: 0.0018 | Train Power: 0.0018 | patience:  55 | lr: 0.0125 | Epoch time: 0.1 |

2024-09-09 04:09:43,167 - INFO -
| Epoch:   1040 | Train loss: 5.5213e-01 | Valid loss: 5.7329e-01 | Train acc: 0.8186 ± 0.0000 | Valid acc: 0.7874 ± 0.0000 | Valid Power: 0.0018 | Train Power: 0.0018 | patience:  65 | lr: 0.0125 | Epoch time: 0.1 |

2024-09-09 04:09:44,325 - INFO -
| Epoch:   1050 | Train loss: 5.5213e-01 | Valid loss: 5.7324e-01 | Train acc: 0.8186 ± 0.0000 | Valid acc: 0.7874 ± 0.0000 | Valid Power: 0.0018 | Train Power: 0.0018 | patience:  75 | lr: 0.0125 | Epoch time: 0.1 |

2024-09-09 04:09:45,479 - INFO -
| Epoch:   1060 | Train loss: 5.5213e-01 | Valid loss: 5.7325e-01 | Train acc: 0.8186 ± 0.0000 | Valid acc: 0.7874 ± 0.0000 | Valid Power: 0.0027 | Train Power: 0.0045 | patience:  85 | lr: 0.0125 | Epoch time: 0.1 |

2024-09-09 04:09:46,632 - INFO -
| Epoch:   1070 | Train loss: 5.5213e-01 | Valid loss: 5.7327e-01 | Train acc: 0.8186 ± 0.0000 | Valid acc: 0.7874 ± 0.0000 | Valid Power: 0.0019 | Train Power: 0.0019 | patience:  95 | lr: 0.0125 | Epoch time: 0.1 |

2024-09-09 04:09:47,322 - INFO -
load best network to warm start training with lower lr.

2024-09-09 04:09:47,323 - INFO -
lr update to 0.00625.

2024-09-09 04:09:47,784 - INFO -
| Epoch:   1080 | Train loss: 5.5223e-01 | Valid loss: 5.7299e-01 | Train acc: 0.8186 ± 0.0000 | Valid acc: 0.7874 ± 0.0000 | Valid Power: 0.0020 | Train Power: 0.0020 | patience:   4 | lr: 0.00625 | Epoch time: 0.1 |

2024-09-09 04:09:48,935 - INFO -
| Epoch:   1090 | Train loss: 5.5218e-01 | Valid loss: 5.7321e-01 | Train acc: 0.8186 ± 0.0000 | Valid acc: 0.7874 ± 0.0000 | Valid Power: 0.0020 | Train Power: 0.0020 | patience:  14 | lr: 0.00625 | Epoch time: 0.1 |

2024-09-09 04:09:50,089 - INFO -
| Epoch:   1100 | Train loss: 5.5216e-01 | Valid loss: 5.7334e-01 | Train acc: 0.8186 ± 0.0000 | Valid acc: 0.7874 ± 0.0000 | Valid Power: 0.0040 | Train Power: 0.0020 | patience:  24 | lr: 0.00625 | Epoch time: 0.1 |

2024-09-09 04:09:51,240 - INFO -
| Epoch:   1110 | Train loss: 5.5215e-01 | Valid loss: 5.7331e-01 | Train acc: 0.8186 ± 0.0000 | Valid acc: 0.7874 ± 0.0000 | Valid Power: 0.0019 | Train Power: 0.0019 | patience:  34 | lr: 0.00625 | Epoch time: 0.1 |

2024-09-09 04:09:52,394 - INFO -
| Epoch:   1120 | Train loss: 5.5215e-01 | Valid loss: 5.7323e-01 | Train acc: 0.8186 ± 0.0000 | Valid acc: 0.7874 ± 0.0000 | Valid Power: 0.0019 | Train Power: 0.0020 | patience:  44 | lr: 0.00625 | Epoch time: 0.1 |

2024-09-09 04:09:53,549 - INFO -
| Epoch:   1130 | Train loss: 5.5214e-01 | Valid loss: 5.7318e-01 | Train acc: 0.8186 ± 0.0000 | Valid acc: 0.7874 ± 0.0000 | Valid Power: 0.0019 | Train Power: 0.0019 | patience:  54 | lr: 0.00625 | Epoch time: 0.1 |

2024-09-09 04:09:54,705 - INFO -
| Epoch:   1140 | Train loss: 5.5214e-01 | Valid loss: 5.7322e-01 | Train acc: 0.8186 ± 0.0000 | Valid acc: 0.7874 ± 0.0000 | Valid Power: 0.0019 | Train Power: 0.0019 | patience:  64 | lr: 0.00625 | Epoch time: 0.1 |

2024-09-09 04:09:55,930 - INFO -
| Epoch:   1150 | Train loss: 5.5214e-01 | Valid loss: 5.7329e-01 | Train acc: 0.8186 ± 0.0000 | Valid acc: 0.7874 ± 0.0000 | Valid Power: 0.0019 | Train Power: 0.0019 | patience:  74 | lr: 0.00625 | Epoch time: 0.1 |

2024-09-09 04:09:57,083 - INFO -
| Epoch:   1160 | Train loss: 5.5214e-01 | Valid loss: 5.7328e-01 | Train acc: 0.8186 ± 0.0000 | Valid acc: 0.7874 ± 0.0000 | Valid Power: 0.0046 | Train Power: 0.0026 | patience:  84 | lr: 0.00625 | Epoch time: 0.1 |

2024-09-09 04:09:58,237 - INFO -
| Epoch:   1170 | Train loss: 5.5213e-01 | Valid loss: 5.7326e-01 | Train acc: 0.8186 ± 0.0000 | Valid acc: 0.7874 ± 0.0000 | Valid Power: 0.0020 | Train Power: 0.0020 | patience:  94 | lr: 0.00625 | Epoch time: 0.1 |

2024-09-09 04:09:59,018 - INFO -
load best network to warm start training with lower lr.

2024-09-09 04:09:59,018 - INFO -
lr update to 0.003125.

2024-09-09 04:09:59,347 - INFO -
| Epoch:   1180 | Train loss: 5.5217e-01 | Valid loss: 5.7298e-01 | Train acc: 0.8186 ± 0.0000 | Valid acc: 0.7874 ± 0.0000 | Valid Power: 0.0020 | Train Power: 0.0020 | patience:   3 | lr: 0.003125 | Epoch time: 0.1 |

2024-09-09 04:10:00,437 - INFO -
| Epoch:   1190 | Train loss: 5.5218e-01 | Valid loss: 5.7294e-01 | Train acc: 0.8186 ± 0.0000 | Valid acc: 0.7874 ± 0.0000 | Valid Power: 0.0020 | Train Power: 0.0020 | patience:  13 | lr: 0.003125 | Epoch time: 0.1 |

2024-09-09 04:10:01,529 - INFO -
| Epoch:   1200 | Train loss: 5.5216e-01 | Valid loss: 5.7313e-01 | Train acc: 0.8186 ± 0.0000 | Valid acc: 0.7874 ± 0.0000 | Valid Power: 0.0020 | Train Power: 0.0020 | patience:  23 | lr: 0.003125 | Epoch time: 0.1 |

2024-09-09 04:10:02,607 - INFO -
| Epoch:   1210 | Train loss: 5.5216e-01 | Valid loss: 5.7326e-01 | Train acc: 0.8186 ± 0.0000 | Valid acc: 0.7874 ± 0.0000 | Valid Power: 0.0020 | Train Power: 0.0020 | patience:  33 | lr: 0.003125 | Epoch time: 0.1 |

2024-09-09 04:10:03,666 - INFO -
| Epoch:   1220 | Train loss: 5.5216e-01 | Valid loss: 5.7326e-01 | Train acc: 0.8186 ± 0.0000 | Valid acc: 0.7874 ± 0.0000 | Valid Power: 0.0020 | Train Power: 0.0020 | patience:  43 | lr: 0.003125 | Epoch time: 0.1 |

2024-09-09 04:10:04,728 - INFO -
| Epoch:   1230 | Train loss: 5.5215e-01 | Valid loss: 5.7324e-01 | Train acc: 0.8186 ± 0.0000 | Valid acc: 0.7874 ± 0.0000 | Valid Power: 0.0019 | Train Power: 0.0020 | patience:  53 | lr: 0.003125 | Epoch time: 0.1 |

2024-09-09 04:10:05,871 - INFO -
| Epoch:   1240 | Train loss: 5.5215e-01 | Valid loss: 5.7322e-01 | Train acc: 0.8186 ± 0.0000 | Valid acc: 0.7874 ± 0.0000 | Valid Power: 0.0019 | Train Power: 0.0019 | patience:  63 | lr: 0.003125 | Epoch time: 0.1 |

2024-09-09 04:10:06,920 - INFO -
| Epoch:   1250 | Train loss: 5.5215e-01 | Valid loss: 5.7321e-01 | Train acc: 0.8186 ± 0.0000 | Valid acc: 0.7874 ± 0.0000 | Valid Power: 0.0019 | Train Power: 0.0019 | patience:  73 | lr: 0.003125 | Epoch time: 0.1 |

2024-09-09 04:10:07,968 - INFO -
| Epoch:   1260 | Train loss: 5.5214e-01 | Valid loss: 5.7320e-01 | Train acc: 0.8186 ± 0.0000 | Valid acc: 0.7874 ± 0.0000 | Valid Power: 0.0019 | Train Power: 0.0019 | patience:  83 | lr: 0.003125 | Epoch time: 0.1 |

2024-09-09 04:10:09,022 - INFO -
| Epoch:   1270 | Train loss: 5.5214e-01 | Valid loss: 5.7320e-01 | Train acc: 0.8186 ± 0.0000 | Valid acc: 0.7874 ± 0.0000 | Valid Power: 0.0019 | Train Power: 0.0019 | patience:  93 | lr: 0.003125 | Epoch time: 0.1 |

2024-09-09 04:10:09,868 - INFO -
load best network to warm start training with lower lr.

2024-09-09 04:10:09,868 - INFO -
lr update to 0.0015625.

2024-09-09 04:10:10,080 - INFO -
| Epoch:   1280 | Train loss: 5.5223e-01 | Valid loss: 5.7276e-01 | Train acc: 0.8186 ± 0.0000 | Valid acc: 0.7874 ± 0.0000 | Valid Power: 0.0020 | Train Power: 0.0020 | patience:   2 | lr: 0.0015625 | Epoch time: 0.1 |

2024-09-09 04:10:11,133 - INFO -
| Epoch:   1290 | Train loss: 5.5218e-01 | Valid loss: 5.7294e-01 | Train acc: 0.8186 ± 0.0000 | Valid acc: 0.7874 ± 0.0000 | Valid Power: 0.0020 | Train Power: 0.0020 | patience:  12 | lr: 0.0015625 | Epoch time: 0.1 |

2024-09-09 04:10:12,184 - INFO -
| Epoch:   1300 | Train loss: 5.5217e-01 | Valid loss: 5.7296e-01 | Train acc: 0.8186 ± 0.0000 | Valid acc: 0.7874 ± 0.0000 | Valid Power: 0.0020 | Train Power: 0.0020 | patience:  22 | lr: 0.0015625 | Epoch time: 0.1 |

2024-09-09 04:10:13,239 - INFO -
| Epoch:   1310 | Train loss: 5.5217e-01 | Valid loss: 5.7309e-01 | Train acc: 0.8186 ± 0.0000 | Valid acc: 0.7874 ± 0.0000 | Valid Power: 0.0020 | Train Power: 0.0020 | patience:  32 | lr: 0.0015625 | Epoch time: 0.1 |

2024-09-09 04:10:14,288 - INFO -
| Epoch:   1320 | Train loss: 5.5216e-01 | Valid loss: 5.7313e-01 | Train acc: 0.8186 ± 0.0000 | Valid acc: 0.7874 ± 0.0000 | Valid Power: 0.0020 | Train Power: 0.0020 | patience:  42 | lr: 0.0015625 | Epoch time: 0.1 |

2024-09-09 04:10:15,341 - INFO -
| Epoch:   1330 | Train loss: 5.5216e-01 | Valid loss: 5.7320e-01 | Train acc: 0.8186 ± 0.0000 | Valid acc: 0.7874 ± 0.0000 | Valid Power: 0.0020 | Train Power: 0.0020 | patience:  52 | lr: 0.0015625 | Epoch time: 0.1 |

2024-09-09 04:10:16,380 - INFO -
| Epoch:   1340 | Train loss: 5.5216e-01 | Valid loss: 5.7322e-01 | Train acc: 0.8186 ± 0.0000 | Valid acc: 0.7874 ± 0.0000 | Valid Power: 0.0020 | Train Power: 0.0020 | patience:  62 | lr: 0.0015625 | Epoch time: 0.1 |

2024-09-09 04:10:17,422 - INFO -
| Epoch:   1350 | Train loss: 5.5216e-01 | Valid loss: 5.7323e-01 | Train acc: 0.8186 ± 0.0000 | Valid acc: 0.7874 ± 0.0000 | Valid Power: 0.0020 | Train Power: 0.0020 | patience:  72 | lr: 0.0015625 | Epoch time: 0.1 |

2024-09-09 04:10:18,461 - INFO -
| Epoch:   1360 | Train loss: 5.5215e-01 | Valid loss: 5.7324e-01 | Train acc: 0.8186 ± 0.0000 | Valid acc: 0.7874 ± 0.0000 | Valid Power: 0.0020 | Train Power: 0.0020 | patience:  82 | lr: 0.0015625 | Epoch time: 0.1 |

2024-09-09 04:10:19,501 - INFO -
| Epoch:   1370 | Train loss: 5.5215e-01 | Valid loss: 5.7323e-01 | Train acc: 0.8186 ± 0.0000 | Valid acc: 0.7874 ± 0.0000 | Valid Power: 0.0019 | Train Power: 0.0020 | patience:  92 | lr: 0.0015625 | Epoch time: 0.1 |

2024-09-09 04:10:20,439 - INFO -
load best network to warm start training with lower lr.

2024-09-09 04:10:20,439 - INFO -
lr update to 0.00078125.

2024-09-09 04:10:20,544 - INFO -
| Epoch:   1380 | Train loss: 5.5229e-01 | Valid loss: 5.7273e-01 | Train acc: 0.8186 ± 0.0000 | Valid acc: 0.7874 ± 0.0000 | Valid Power: 0.0020 | Train Power: 0.0021 | patience:   1 | lr: 0.00078125 | Epoch time: 0.1 |

2024-09-09 04:10:21,584 - INFO -
| Epoch:   1390 | Train loss: 5.5218e-01 | Valid loss: 5.7292e-01 | Train acc: 0.8186 ± 0.0000 | Valid acc: 0.7874 ± 0.0000 | Valid Power: 0.0020 | Train Power: 0.0020 | patience:  11 | lr: 0.00078125 | Epoch time: 0.1 |

2024-09-09 04:10:22,625 - INFO -
| Epoch:   1400 | Train loss: 5.5217e-01 | Valid loss: 5.7292e-01 | Train acc: 0.8186 ± 0.0000 | Valid acc: 0.7874 ± 0.0000 | Valid Power: 0.0020 | Train Power: 0.0020 | patience:  21 | lr: 0.00078125 | Epoch time: 0.1 |

2024-09-09 04:10:23,666 - INFO -
| Epoch:   1410 | Train loss: 5.5217e-01 | Valid loss: 5.7292e-01 | Train acc: 0.8186 ± 0.0000 | Valid acc: 0.7874 ± 0.0000 | Valid Power: 0.0020 | Train Power: 0.0020 | patience:  31 | lr: 0.00078125 | Epoch time: 0.1 |

2024-09-09 04:10:24,773 - INFO -
| Epoch:   1420 | Train loss: 5.5217e-01 | Valid loss: 5.7301e-01 | Train acc: 0.8186 ± 0.0000 | Valid acc: 0.7874 ± 0.0000 | Valid Power: 0.0020 | Train Power: 0.0020 | patience:  41 | lr: 0.00078125 | Epoch time: 0.1 |

2024-09-09 04:10:25,809 - INFO -
| Epoch:   1430 | Train loss: 5.5216e-01 | Valid loss: 5.7305e-01 | Train acc: 0.8186 ± 0.0000 | Valid acc: 0.7874 ± 0.0000 | Valid Power: 0.0020 | Train Power: 0.0020 | patience:  51 | lr: 0.00078125 | Epoch time: 0.1 |

2024-09-09 04:10:26,849 - INFO -
| Epoch:   1440 | Train loss: 5.5216e-01 | Valid loss: 5.7308e-01 | Train acc: 0.8186 ± 0.0000 | Valid acc: 0.7874 ± 0.0000 | Valid Power: 0.0020 | Train Power: 0.0020 | patience:  61 | lr: 0.00078125 | Epoch time: 0.1 |

2024-09-09 04:10:27,883 - INFO -
| Epoch:   1450 | Train loss: 5.5216e-01 | Valid loss: 5.7313e-01 | Train acc: 0.8186 ± 0.0000 | Valid acc: 0.7874 ± 0.0000 | Valid Power: 0.0020 | Train Power: 0.0020 | patience:  71 | lr: 0.00078125 | Epoch time: 0.1 |

2024-09-09 04:10:28,923 - INFO -
| Epoch:   1460 | Train loss: 5.5216e-01 | Valid loss: 5.7316e-01 | Train acc: 0.8186 ± 0.0000 | Valid acc: 0.7874 ± 0.0000 | Valid Power: 0.0020 | Train Power: 0.0020 | patience:  81 | lr: 0.00078125 | Epoch time: 0.1 |

2024-09-09 04:10:29,967 - INFO -
| Epoch:   1470 | Train loss: 5.5216e-01 | Valid loss: 5.7319e-01 | Train acc: 0.8186 ± 0.0000 | Valid acc: 0.7874 ± 0.0000 | Valid Power: 0.0020 | Train Power: 0.0020 | patience:  91 | lr: 0.00078125 | Epoch time: 0.1 |

2024-09-09 04:10:31,003 - INFO -
load best network to warm start training with lower lr.

2024-09-09 04:10:31,003 - INFO -
lr update to 0.000390625.

2024-09-09 04:10:31,003 - INFO -
| Epoch:   1480 | Train loss: 5.5216e-01 | Valid loss: 5.7320e-01 | Train acc: 0.8186 ± 0.0000 | Valid acc: 0.7874 ± 0.0000 | Valid Power: 0.0020 | Train Power: 0.0020 | patience:   0 | lr: 0.000390625 | Epoch time: 0.1 |

2024-09-09 04:10:32,039 - INFO -
| Epoch:   1490 | Train loss: 5.5218e-01 | Valid loss: 5.7278e-01 | Train acc: 0.8186 ± 0.0000 | Valid acc: 0.7874 ± 0.0000 | Valid Power: 0.0020 | Train Power: 0.0020 | patience:   9 | lr: 0.000390625 | Epoch time: 0.1 |

2024-09-09 04:10:33,073 - INFO -
| Epoch:   1500 | Train loss: 5.5217e-01 | Valid loss: 5.7288e-01 | Train acc: 0.8186 ± 0.0000 | Valid acc: 0.7874 ± 0.0000 | Valid Power: 0.0020 | Train Power: 0.0020 | patience:  19 | lr: 0.000390625 | Epoch time: 0.1 |

2024-09-09 04:10:34,101 - INFO -
| Epoch:   1510 | Train loss: 5.5217e-01 | Valid loss: 5.7291e-01 | Train acc: 0.8186 ± 0.0000 | Valid acc: 0.7874 ± 0.0000 | Valid Power: 0.0020 | Train Power: 0.0020 | patience:  29 | lr: 0.000390625 | Epoch time: 0.1 |

2024-09-09 04:10:35,143 - INFO -
| Epoch:   1520 | Train loss: 5.5217e-01 | Valid loss: 5.7290e-01 | Train acc: 0.8186 ± 0.0000 | Valid acc: 0.7874 ± 0.0000 | Valid Power: 0.0020 | Train Power: 0.0020 | patience:  39 | lr: 0.000390625 | Epoch time: 0.1 |

2024-09-09 04:10:36,172 - INFO -
| Epoch:   1530 | Train loss: 5.5217e-01 | Valid loss: 5.7291e-01 | Train acc: 0.8186 ± 0.0000 | Valid acc: 0.7874 ± 0.0000 | Valid Power: 0.0020 | Train Power: 0.0020 | patience:  49 | lr: 0.000390625 | Epoch time: 0.1 |

2024-09-09 04:10:37,205 - INFO -
| Epoch:   1540 | Train loss: 5.5217e-01 | Valid loss: 5.7295e-01 | Train acc: 0.8186 ± 0.0000 | Valid acc: 0.7874 ± 0.0000 | Valid Power: 0.0020 | Train Power: 0.0020 | patience:  59 | lr: 0.000390625 | Epoch time: 0.1 |

2024-09-09 04:10:38,235 - INFO -
| Epoch:   1550 | Train loss: 5.5217e-01 | Valid loss: 5.7299e-01 | Train acc: 0.8186 ± 0.0000 | Valid acc: 0.7874 ± 0.0000 | Valid Power: 0.0020 | Train Power: 0.0020 | patience:  69 | lr: 0.000390625 | Epoch time: 0.1 |

2024-09-09 04:10:39,352 - INFO -
| Epoch:   1560 | Train loss: 5.5217e-01 | Valid loss: 5.7301e-01 | Train acc: 0.8186 ± 0.0000 | Valid acc: 0.7874 ± 0.0000 | Valid Power: 0.0020 | Train Power: 0.0020 | patience:  79 | lr: 0.000390625 | Epoch time: 0.1 |

2024-09-09 04:10:40,379 - INFO -
| Epoch:   1570 | Train loss: 5.5216e-01 | Valid loss: 5.7304e-01 | Train acc: 0.8186 ± 0.0000 | Valid acc: 0.7874 ± 0.0000 | Valid Power: 0.0020 | Train Power: 0.0020 | patience:  89 | lr: 0.000390625 | Epoch time: 0.1 |

2024-09-09 04:10:41,409 - INFO -
| Epoch:   1580 | Train loss: 5.5216e-01 | Valid loss: 5.7306e-01 | Train acc: 0.8186 ± 0.0000 | Valid acc: 0.7874 ± 0.0000 | Valid Power: 0.0020 | Train Power: 0.0020 | patience:  99 | lr: 0.000390625 | Epoch time: 0.1 |

2024-09-09 04:10:41,620 - INFO -
load best network to warm start training with lower lr.

2024-09-09 04:10:41,620 - INFO -
lr update to 0.0001953125.

2024-09-09 04:10:42,443 - INFO -
| Epoch:   1590 | Train loss: 5.5222e-01 | Valid loss: 5.7274e-01 | Train acc: 0.8186 ± 0.0000 | Valid acc: 0.7874 ± 0.0000 | Valid Power: 0.0020 | Train Power: 0.0020 | patience:   8 | lr: 0.0001953125 | Epoch time: 0.1 |

2024-09-09 04:10:43,475 - INFO -
| Epoch:   1600 | Train loss: 5.5218e-01 | Valid loss: 5.7278e-01 | Train acc: 0.8186 ± 0.0000 | Valid acc: 0.7874 ± 0.0000 | Valid Power: 0.0020 | Train Power: 0.0020 | patience:  18 | lr: 0.0001953125 | Epoch time: 0.1 |

2024-09-09 04:10:44,507 - INFO -
| Epoch:   1610 | Train loss: 5.5217e-01 | Valid loss: 5.7283e-01 | Train acc: 0.8186 ± 0.0000 | Valid acc: 0.7874 ± 0.0000 | Valid Power: 0.0020 | Train Power: 0.0020 | patience:  28 | lr: 0.0001953125 | Epoch time: 0.1 |

2024-09-09 04:10:45,537 - INFO -
| Epoch:   1620 | Train loss: 5.5217e-01 | Valid loss: 5.7286e-01 | Train acc: 0.8186 ± 0.0000 | Valid acc: 0.7874 ± 0.0000 | Valid Power: 0.0020 | Train Power: 0.0020 | patience:  38 | lr: 0.0001953125 | Epoch time: 0.1 |

2024-09-09 04:10:46,569 - INFO -
| Epoch:   1630 | Train loss: 5.5217e-01 | Valid loss: 5.7288e-01 | Train acc: 0.8186 ± 0.0000 | Valid acc: 0.7874 ± 0.0000 | Valid Power: 0.0020 | Train Power: 0.0020 | patience:  48 | lr: 0.0001953125 | Epoch time: 0.1 |

2024-09-09 04:10:47,595 - INFO -
| Epoch:   1640 | Train loss: 5.5217e-01 | Valid loss: 5.7288e-01 | Train acc: 0.8186 ± 0.0000 | Valid acc: 0.7874 ± 0.0000 | Valid Power: 0.0020 | Train Power: 0.0020 | patience:  58 | lr: 0.0001953125 | Epoch time: 0.1 |

2024-09-09 04:10:48,621 - INFO -
| Epoch:   1650 | Train loss: 5.5217e-01 | Valid loss: 5.7289e-01 | Train acc: 0.8186 ± 0.0000 | Valid acc: 0.7874 ± 0.0000 | Valid Power: 0.0020 | Train Power: 0.0020 | patience:  68 | lr: 0.0001953125 | Epoch time: 0.1 |

2024-09-09 04:10:49,648 - INFO -
| Epoch:   1660 | Train loss: 5.5217e-01 | Valid loss: 5.7290e-01 | Train acc: 0.8186 ± 0.0000 | Valid acc: 0.7874 ± 0.0000 | Valid Power: 0.0020 | Train Power: 0.0020 | patience:  78 | lr: 0.0001953125 | Epoch time: 0.1 |

2024-09-09 04:10:50,676 - INFO -
| Epoch:   1670 | Train loss: 5.5217e-01 | Valid loss: 5.7292e-01 | Train acc: 0.8186 ± 0.0000 | Valid acc: 0.7874 ± 0.0000 | Valid Power: 0.0020 | Train Power: 0.0020 | patience:  88 | lr: 0.0001953125 | Epoch time: 0.1 |

2024-09-09 04:10:51,704 - INFO -
| Epoch:   1680 | Train loss: 5.5217e-01 | Valid loss: 5.7294e-01 | Train acc: 0.8186 ± 0.0000 | Valid acc: 0.7874 ± 0.0000 | Valid Power: 0.0020 | Train Power: 0.0020 | patience:  98 | lr: 0.0001953125 | Epoch time: 0.1 |

2024-09-09 04:10:52,017 - INFO -
load best network to warm start training with lower lr.

2024-09-09 04:10:52,017 - INFO -
lr update to 9.765625e-05.

2024-09-09 04:10:52,017 - INFO -
Early stop.

2024-09-09 04:10:52,024 - INFO -
Training if finished.

2024-09-09 16:19:07,145 - INFO -
Configuration: 
gmin                0.01
gmax                10.0
T                   0.1
m                   0.3
type_nonlinear      normal
act                 tanh
ACT_R1n             12.7865
ACT_R2n             -3.1871
ACT_W1n             -10.4537
ACT_L1n             10.546
ACT_W2n             -5.8496
ACT_L2n             4.2337
S_R1n               -11.7481
S_R2n               -0.3905
S_W1n               -9.169
S_L1n               0.3913
S_W2n               7.2004
S_L2n               15.5558
ReLU_RHn            -1.9557
ReLU_RLn            -20.1581
ReLU_RDn            16.6486
ReLU_RBn            -14.3472
ReLU_Wn             16.655
ReLU_Ln             -21.7591
HS_Rn               -0.3766
HS_Wn               0.5192
HS_Ln               4.6293
NEG_R1n             -7.0846
NEG_R2n             -2.5695
NEG_R3n             16.1542
NEG_W1n             13.8696
NEG_L1n             2.7635
NEG_W2n             1.2674
NEG_L2n             -10.4803
NEG_W3n             -6.4386
NEG_L3n             5.1005
task                normal
DATASET             4
DataPath            ./dataset
InputNoise          0.0
IN_test             0.0
R_train             1
R_test              1
N_time              32
pathnorm            False
hidden              [3]
skipconnection      False
SEED                1
DEVICE              cpu
PATIENCE            500
EPOCH               10000000000
LR                  0.1
PROGRESSIVE         True
LR_PATIENCE         100
LR_DECAY            0.5
LR_MIN              0.0001
metric              acc
SoftEva             True
TIMELIMITATION      71
MODE                nominal
M_train             1
K_train             1
M_test              1
K_test              1
t_test_max          1
integration         MC
N_train             1
e_train             0.0
N_test              100
e_test              0.1
e_fault             2
fault_ratio         0.0
N_fault             50
e_fault_test        0
N_fault_test        50
dropout             0.0
lagrangian_loss     False
rho                 100
powerestimator      none
powerbalance        0.0
estimatorbalance    0.0
pgmin               1e-07
power_ratio         1000
lambda_P            100
areaestimator       none
areabalance         0.0
area_theta          0.15
area_act            30.0
area_neg            22.7
lambda_A            0.001
lnc                 False
projectname         tanh_0_FaultAnalysisNormal
temppath            ./tanh_0_FaultAnalysisNormal/temp/
logfilepath         ./tanh_0_FaultAnalysisNormal/log/
report_freq         10
recording           False
recordpath          ./tanh_0_FaultAnalysisNormal/record/
savepath            ./tanh_0_FaultAnalysisNormal/models/
loglevel            info


2024-09-09 16:19:07,164 - INFO -
Training network on device: cpu.

2024-09-09 16:19:07,164 - INFO -
Training setup: data_04_energyy1_seed_01_epsilon_0.0_dropout_0.0_fault_ratio_0.0.model.

2024-09-09 16:19:07,164 - INFO -
{'dataname': 'energyy1', 'N_feature': 8, 'N_class': 3, 'N_train': 397, 'N_valid': 127, 'N_test': 79}

2024-09-09 16:19:07,165 - INFO -
Training was already finished.

2024-09-11 18:17:02,009 - INFO -
Configuration: 
gmin                0.01
gmax                10.0
T                   0.1
m                   0.3
type_nonlinear      normal
act                 tanh
ACT_R1n             12.7865
ACT_R2n             -3.1871
ACT_W1n             -10.4537
ACT_L1n             10.546
ACT_W2n             -5.8496
ACT_L2n             4.2337
S_R1n               -11.7481
S_R2n               -0.3905
S_W1n               -9.169
S_L1n               0.3913
S_W2n               7.2004
S_L2n               15.5558
ReLU_RHn            -1.9557
ReLU_RLn            -20.1581
ReLU_RDn            16.6486
ReLU_RBn            -14.3472
ReLU_Wn             16.655
ReLU_Ln             -21.7591
HS_Rn               -0.3766
HS_Wn               0.5192
HS_Ln               4.6293
NEG_R1n             -7.0846
NEG_R2n             -2.5695
NEG_R3n             16.1542
NEG_W1n             13.8696
NEG_L1n             2.7635
NEG_W2n             1.2674
NEG_L2n             -10.4803
NEG_W3n             -6.4386
NEG_L3n             5.1005
task                normal
DATASET             4
DataPath            ./dataset
InputNoise          0.0
IN_test             0.0
R_train             1
R_test              1
N_time              32
pathnorm            False
hidden              [3]
skipconnection      False
SEED                1
DEVICE              cpu
PATIENCE            500
EPOCH               10000000000
LR                  0.1
PROGRESSIVE         True
LR_PATIENCE         100
LR_DECAY            0.5
LR_MIN              0.0001
metric              acc
SoftEva             True
TIMELIMITATION      71
MODE                nominal
M_train             1
K_train             1
M_test              1
K_test              1
t_test_max          1
integration         MC
N_train             1
e_train             0.0
N_test              100
e_test              0.1
e_fault             2
fault_ratio         0.0
N_fault             50
e_fault_test        0
N_fault_test        50
dropout             0.0
lagrangian_loss     False
rho                 100
powerestimator      none
powerbalance        0.0
estimatorbalance    0.0
pgmin               1e-07
power_ratio         1000
lambda_P            100
areaestimator       none
areabalance         0.0
area_theta          0.15
area_act            30.0
area_neg            22.7
lambda_A            0.001
lnc                 False
projectname         tanh_0_FaultAnalysisNormal
temppath            ./tanh_0_FaultAnalysisNormal/temp/
logfilepath         ./tanh_0_FaultAnalysisNormal/log/
report_freq         10
recording           False
recordpath          ./tanh_0_FaultAnalysisNormal/record/
savepath            ./tanh_0_FaultAnalysisNormal/models/
loglevel            info


2024-09-11 18:17:02,022 - INFO -
Training network on device: cpu.

2024-09-11 18:17:02,022 - INFO -
Training setup: data_04_energyy1_seed_01_epsilon_0.0_dropout_0.0_fault_ratio_0.0.model.

2024-09-11 18:17:02,022 - INFO -
{'dataname': 'energyy1', 'N_feature': 8, 'N_class': 3, 'N_train': 397, 'N_valid': 127, 'N_test': 79}

2024-09-11 18:17:02,043 - INFO -
Training was already finished.

2024-09-12 04:38:02,971 - INFO -
Configuration: 
gmin                0.01
gmax                10.0
T                   0.1
m                   0.3
type_nonlinear      normal
act                 tanh
ACT_R1n             12.7865
ACT_R2n             -3.1871
ACT_W1n             -10.4537
ACT_L1n             10.546
ACT_W2n             -5.8496
ACT_L2n             4.2337
S_R1n               -11.7481
S_R2n               -0.3905
S_W1n               -9.169
S_L1n               0.3913
S_W2n               7.2004
S_L2n               15.5558
ReLU_RHn            -1.9557
ReLU_RLn            -20.1581
ReLU_RDn            16.6486
ReLU_RBn            -14.3472
ReLU_Wn             16.655
ReLU_Ln             -21.7591
HS_Rn               -0.3766
HS_Wn               0.5192
HS_Ln               4.6293
NEG_R1n             -7.0846
NEG_R2n             -2.5695
NEG_R3n             16.1542
NEG_W1n             13.8696
NEG_L1n             2.7635
NEG_W2n             1.2674
NEG_L2n             -10.4803
NEG_W3n             -6.4386
NEG_L3n             5.1005
task                normal
DATASET             4
DataPath            ./dataset
InputNoise          0.0
IN_test             0.0
R_train             1
R_test              1
N_time              32
pathnorm            False
hidden              [3]
skipconnection      False
SEED                1
DEVICE              cpu
PATIENCE            500
EPOCH               10000000000
LR                  0.1
PROGRESSIVE         True
LR_PATIENCE         100
LR_DECAY            0.5
LR_MIN              0.0001
metric              acc
SoftEva             True
TIMELIMITATION      71
MODE                nominal
M_train             1
K_train             1
M_test              1
K_test              1
t_test_max          1
integration         MC
N_train             1
e_train             0.0
N_test              100
e_test              0.1
e_fault             2
fault_ratio         0.0
N_fault             50
e_fault_test        0
N_fault_test        50
dropout             0.0
lagrangian_loss     False
rho                 100
powerestimator      none
powerbalance        0.0
estimatorbalance    0.0
pgmin               1e-07
power_ratio         1000
lambda_P            100
areaestimator       none
areabalance         0.0
area_theta          0.15
area_act            30.0
area_neg            22.7
lambda_A            0.001
lnc                 False
projectname         tanh_0_FaultAnalysisNormal
temppath            ./tanh_0_FaultAnalysisNormal/temp/
logfilepath         ./tanh_0_FaultAnalysisNormal/log/
report_freq         10
recording           False
recordpath          ./tanh_0_FaultAnalysisNormal/record/
savepath            ./tanh_0_FaultAnalysisNormal/models/
loglevel            info


2024-09-12 04:38:02,999 - INFO -
Training network on device: cpu.

2024-09-12 04:38:02,999 - INFO -
Training setup: data_04_energyy1_seed_01_epsilon_0.0_dropout_0.0_fault_ratio_0.0.model.

2024-09-12 04:38:02,999 - INFO -
{'dataname': 'energyy1', 'N_feature': 8, 'N_class': 3, 'N_train': 397, 'N_valid': 127, 'N_test': 79}

2024-09-12 04:38:03,008 - INFO -
Training was already finished.

