2024-09-09 04:07:29,231 - INFO -
Configuration: 
gmin                0.01
gmax                10.0
T                   0.1
m                   0.3
type_nonlinear      normal
act                 tanh
ACT_R1n             12.7865
ACT_R2n             -3.1871
ACT_W1n             -10.4537
ACT_L1n             10.546
ACT_W2n             -5.8496
ACT_L2n             4.2337
S_R1n               -11.7481
S_R2n               -0.3905
S_W1n               -9.169
S_L1n               0.3913
S_W2n               7.2004
S_L2n               15.5558
ReLU_RHn            -1.9557
ReLU_RLn            -20.1581
ReLU_RDn            16.6486
ReLU_RBn            -14.3472
ReLU_Wn             16.655
ReLU_Ln             -21.7591
HS_Rn               -0.3766
HS_Wn               0.5192
HS_Ln               4.6293
NEG_R1n             -7.0846
NEG_R2n             -2.5695
NEG_R3n             16.1542
NEG_W1n             13.8696
NEG_L1n             2.7635
NEG_W2n             1.2674
NEG_L2n             -10.4803
NEG_W3n             -6.4386
NEG_L3n             5.1005
task                normal
DATASET             6
DataPath            ./dataset
InputNoise          0.0
IN_test             0.0
R_train             1
R_test              1
N_time              32
pathnorm            False
hidden              [3]
skipconnection      False
SEED                3
DEVICE              cpu
PATIENCE            500
EPOCH               10000000000
LR                  0.1
PROGRESSIVE         True
LR_PATIENCE         100
LR_DECAY            0.5
LR_MIN              0.0001
metric              acc
SoftEva             True
TIMELIMITATION      71
MODE                nominal
M_train             1
K_train             1
M_test              1
K_test              1
t_test_max          1
integration         MC
N_train             1
e_train             0.0
N_test              100
e_test              0.1
e_fault             2
fault_ratio         0.0
N_fault             50
e_fault_test        0
N_fault_test        50
dropout             0.0
lagrangian_loss     False
rho                 100
powerestimator      none
powerbalance        0.0
estimatorbalance    0.0
pgmin               1e-07
power_ratio         1000
lambda_P            100
areaestimator       none
areabalance         0.0
area_theta          0.15
area_act            30.0
area_neg            22.7
lambda_A            0.001
lnc                 False
projectname         tanh_0_FaultAnalysisNormal
temppath            ./tanh_0_FaultAnalysisNormal/temp/
logfilepath         ./tanh_0_FaultAnalysisNormal/log/
report_freq         10
recording           False
recordpath          ./tanh_0_FaultAnalysisNormal/record/
savepath            ./tanh_0_FaultAnalysisNormal/models/
loglevel            info


2024-09-09 04:07:29,232 - INFO -
Training network on device: cpu.

2024-09-09 04:07:29,232 - INFO -
Training setup: data_06_iris_seed_03_epsilon_0.0_dropout_0.0_fault_ratio_0.0.model.

2024-09-09 04:07:29,232 - INFO -
{'dataname': 'iris', 'N_feature': 4, 'N_class': 3, 'N_train': 88, 'N_valid': 29, 'N_test': 31}

2024-09-09 04:07:29,232 - INFO -
Topology of the network: [4, 3, 3].

2024-09-09 04:07:31,128 - INFO -
| Epoch:      0 | Train loss: 1.0986e+00 | Valid loss: 1.1276e+00 | Train acc: 0.3523 ± 0.0000 | Valid acc: 0.2414 ± 0.0000 | Valid Power: 0.0007 | Train Power: 0.0005 | patience:   0 | lr: 0.1 | Epoch time: 0.1 |

2024-09-09 04:07:31,962 - INFO -
| Epoch:     10 | Train loss: 1.0742e+00 | Valid loss: 1.0698e+00 | Train acc: 0.6136 ± 0.0000 | Valid acc: 0.4828 ± 0.0000 | Valid Power: 0.0009 | Train Power: 0.0008 | patience:   0 | lr: 0.1 | Epoch time: 0.1 |

2024-09-09 04:07:32,820 - INFO -
| Epoch:     20 | Train loss: 8.1092e-01 | Valid loss: 7.6227e-01 | Train acc: 0.8636 ± 0.0000 | Valid acc: 0.8276 ± 0.0000 | Valid Power: 0.0007 | Train Power: 0.0007 | patience:   0 | lr: 0.1 | Epoch time: 0.1 |

2024-09-09 04:07:33,688 - INFO -
| Epoch:     30 | Train loss: 6.4182e-01 | Valid loss: 5.9068e-01 | Train acc: 0.6250 ± 0.0000 | Valid acc: 0.7241 ± 0.0000 | Valid Power: 0.0007 | Train Power: 0.0007 | patience:   0 | lr: 0.1 | Epoch time: 0.1 |

2024-09-09 04:07:34,549 - INFO -
| Epoch:     40 | Train loss: 5.8451e-01 | Valid loss: 5.4284e-01 | Train acc: 0.6250 ± 0.0000 | Valid acc: 0.7241 ± 0.0000 | Valid Power: 0.0007 | Train Power: 0.0007 | patience:   0 | lr: 0.1 | Epoch time: 0.1 |

2024-09-09 04:07:35,399 - INFO -
| Epoch:     50 | Train loss: 5.5484e-01 | Valid loss: 5.1332e-01 | Train acc: 0.6250 ± 0.0000 | Valid acc: 0.7241 ± 0.0000 | Valid Power: 0.0007 | Train Power: 0.0007 | patience:   1 | lr: 0.1 | Epoch time: 0.1 |

2024-09-09 04:07:36,251 - INFO -
| Epoch:     60 | Train loss: 5.2271e-01 | Valid loss: 4.6524e-01 | Train acc: 0.6477 ± 0.0000 | Valid acc: 0.7586 ± 0.0000 | Valid Power: 0.0007 | Train Power: 0.0007 | patience:   0 | lr: 0.1 | Epoch time: 0.1 |

2024-09-09 04:07:37,100 - INFO -
| Epoch:     70 | Train loss: 5.0934e-01 | Valid loss: 4.4931e-01 | Train acc: 0.6477 ± 0.0000 | Valid acc: 0.7586 ± 0.0000 | Valid Power: 0.0007 | Train Power: 0.0007 | patience:   0 | lr: 0.1 | Epoch time: 0.1 |

2024-09-09 04:07:37,958 - INFO -
| Epoch:     80 | Train loss: 4.9868e-01 | Valid loss: 4.3754e-01 | Train acc: 0.6477 ± 0.0000 | Valid acc: 0.7586 ± 0.0000 | Valid Power: 0.0007 | Train Power: 0.0007 | patience:   0 | lr: 0.1 | Epoch time: 0.1 |

2024-09-09 04:07:38,813 - INFO -
| Epoch:     90 | Train loss: 4.9144e-01 | Valid loss: 4.3094e-01 | Train acc: 0.6477 ± 0.0000 | Valid acc: 0.7586 ± 0.0000 | Valid Power: 0.0007 | Train Power: 0.0007 | patience:   0 | lr: 0.1 | Epoch time: 0.1 |

2024-09-09 04:07:39,668 - INFO -
| Epoch:    100 | Train loss: 4.8627e-01 | Valid loss: 4.2804e-01 | Train acc: 0.6477 ± 0.0000 | Valid acc: 0.7586 ± 0.0000 | Valid Power: 0.0008 | Train Power: 0.0007 | patience:   0 | lr: 0.1 | Epoch time: 0.1 |

2024-09-09 04:07:40,498 - INFO -
| Epoch:    110 | Train loss: 4.8253e-01 | Valid loss: 4.2634e-01 | Train acc: 0.6932 ± 0.0000 | Valid acc: 0.7586 ± 0.0000 | Valid Power: 0.0008 | Train Power: 0.0008 | patience:   0 | lr: 0.1 | Epoch time: 0.1 |

2024-09-09 04:07:41,322 - INFO -
| Epoch:    120 | Train loss: 4.7983e-01 | Valid loss: 4.2589e-01 | Train acc: 0.7386 ± 0.0000 | Valid acc: 0.7931 ± 0.0000 | Valid Power: 0.0008 | Train Power: 0.0031 | patience:   0 | lr: 0.1 | Epoch time: 0.1 |

2024-09-09 04:07:42,136 - INFO -
| Epoch:    130 | Train loss: 4.7771e-01 | Valid loss: 4.2557e-01 | Train acc: 0.7614 ± 0.0000 | Valid acc: 0.7931 ± 0.0000 | Valid Power: 0.0042 | Train Power: 0.0018 | patience:   9 | lr: 0.1 | Epoch time: 0.1 |

2024-09-09 04:07:42,947 - INFO -
| Epoch:    140 | Train loss: 4.7593e-01 | Valid loss: 4.2638e-01 | Train acc: 0.7727 ± 0.0000 | Valid acc: 0.8276 ± 0.0000 | Valid Power: 0.0010 | Train Power: 0.0010 | patience:  19 | lr: 0.1 | Epoch time: 0.1 |

2024-09-09 04:07:43,764 - INFO -
| Epoch:    150 | Train loss: 4.7493e-01 | Valid loss: 4.2721e-01 | Train acc: 0.7727 ± 0.0000 | Valid acc: 0.8276 ± 0.0000 | Valid Power: 0.0010 | Train Power: 0.0011 | patience:  29 | lr: 0.1 | Epoch time: 0.1 |

2024-09-09 04:07:44,575 - INFO -
| Epoch:    160 | Train loss: 4.7407e-01 | Valid loss: 4.2735e-01 | Train acc: 0.7727 ± 0.0000 | Valid acc: 0.8276 ± 0.0000 | Valid Power: 0.0010 | Train Power: 0.0009 | patience:  39 | lr: 0.1 | Epoch time: 0.1 |

2024-09-09 04:07:45,387 - INFO -
| Epoch:    170 | Train loss: 4.7347e-01 | Valid loss: 4.2784e-01 | Train acc: 0.7727 ± 0.0000 | Valid acc: 0.8276 ± 0.0000 | Valid Power: 0.0009 | Train Power: 0.0009 | patience:  49 | lr: 0.1 | Epoch time: 0.1 |

2024-09-09 04:07:46,199 - INFO -
| Epoch:    180 | Train loss: 4.7297e-01 | Valid loss: 4.2838e-01 | Train acc: 0.7727 ± 0.0000 | Valid acc: 0.7931 ± 0.0000 | Valid Power: 0.0009 | Train Power: 0.0009 | patience:  59 | lr: 0.1 | Epoch time: 0.1 |

2024-09-09 04:07:47,011 - INFO -
| Epoch:    190 | Train loss: 4.7253e-01 | Valid loss: 4.2884e-01 | Train acc: 0.7727 ± 0.0000 | Valid acc: 0.7931 ± 0.0000 | Valid Power: 0.0009 | Train Power: 0.0009 | patience:  69 | lr: 0.1 | Epoch time: 0.1 |

2024-09-09 04:07:47,822 - INFO -
| Epoch:    200 | Train loss: 4.7213e-01 | Valid loss: 4.2886e-01 | Train acc: 0.7727 ± 0.0000 | Valid acc: 0.7931 ± 0.0000 | Valid Power: 0.0009 | Train Power: 0.0009 | patience:  79 | lr: 0.1 | Epoch time: 0.1 |

2024-09-09 04:07:48,635 - INFO -
| Epoch:    210 | Train loss: 4.7175e-01 | Valid loss: 4.2912e-01 | Train acc: 0.7614 ± 0.0000 | Valid acc: 0.7931 ± 0.0000 | Valid Power: 0.0009 | Train Power: 0.0009 | patience:  89 | lr: 0.1 | Epoch time: 0.1 |

2024-09-09 04:07:49,460 - INFO -
| Epoch:    220 | Train loss: 4.7143e-01 | Valid loss: 4.2932e-01 | Train acc: 0.7614 ± 0.0000 | Valid acc: 0.7931 ± 0.0000 | Valid Power: 0.0010 | Train Power: 0.0009 | patience:  99 | lr: 0.1 | Epoch time: 0.1 |

2024-09-09 04:07:49,630 - INFO -
load best network to warm start training with lower lr.

2024-09-09 04:07:49,630 - INFO -
lr update to 0.05.

2024-09-09 04:07:50,301 - INFO -
| Epoch:    230 | Train loss: 4.7820e-01 | Valid loss: 4.3141e-01 | Train acc: 0.7273 ± 0.0000 | Valid acc: 0.7586 ± 0.0000 | Valid Power: 0.0009 | Train Power: 0.0008 | patience:   4 | lr: 0.05 | Epoch time: 0.1 |

2024-09-09 04:07:51,119 - INFO -
| Epoch:    240 | Train loss: 4.7605e-01 | Valid loss: 4.2731e-01 | Train acc: 0.7273 ± 0.0000 | Valid acc: 0.7931 ± 0.0000 | Valid Power: 0.0008 | Train Power: 0.0008 | patience:  14 | lr: 0.05 | Epoch time: 0.1 |

2024-09-09 04:07:51,933 - INFO -
| Epoch:    250 | Train loss: 4.7446e-01 | Valid loss: 4.2532e-01 | Train acc: 0.7386 ± 0.0000 | Valid acc: 0.7931 ± 0.0000 | Valid Power: 0.0008 | Train Power: 0.0008 | patience:  24 | lr: 0.05 | Epoch time: 0.1 |

2024-09-09 04:07:52,748 - INFO -
| Epoch:    260 | Train loss: 4.7351e-01 | Valid loss: 4.2390e-01 | Train acc: 0.7273 ± 0.0000 | Valid acc: 0.7931 ± 0.0000 | Valid Power: 0.0009 | Train Power: 0.0009 | patience:  34 | lr: 0.05 | Epoch time: 0.1 |

2024-09-09 04:07:53,615 - INFO -
| Epoch:    270 | Train loss: 4.7285e-01 | Valid loss: 4.2320e-01 | Train acc: 0.7500 ± 0.0000 | Valid acc: 0.7931 ± 0.0000 | Valid Power: 0.0008 | Train Power: 0.0008 | patience:  44 | lr: 0.05 | Epoch time: 0.1 |

2024-09-09 04:07:54,439 - INFO -
| Epoch:    280 | Train loss: 4.7245e-01 | Valid loss: 4.2380e-01 | Train acc: 0.7500 ± 0.0000 | Valid acc: 0.7931 ± 0.0000 | Valid Power: 0.0008 | Train Power: 0.0008 | patience:  54 | lr: 0.05 | Epoch time: 0.1 |

2024-09-09 04:07:55,263 - INFO -
| Epoch:    290 | Train loss: 4.7205e-01 | Valid loss: 4.2478e-01 | Train acc: 0.7273 ± 0.0000 | Valid acc: 0.7931 ± 0.0000 | Valid Power: 0.0008 | Train Power: 0.0008 | patience:  64 | lr: 0.05 | Epoch time: 0.1 |

2024-09-09 04:07:56,081 - INFO -
| Epoch:    300 | Train loss: 4.7167e-01 | Valid loss: 4.2592e-01 | Train acc: 0.7273 ± 0.0000 | Valid acc: 0.7586 ± 0.0000 | Valid Power: 0.0011 | Train Power: 0.0010 | patience:  74 | lr: 0.05 | Epoch time: 0.1 |

2024-09-09 04:07:56,894 - INFO -
| Epoch:    310 | Train loss: 4.7133e-01 | Valid loss: 4.2608e-01 | Train acc: 0.7273 ± 0.0000 | Valid acc: 0.7586 ± 0.0000 | Valid Power: 0.0008 | Train Power: 0.0008 | patience:  84 | lr: 0.05 | Epoch time: 0.1 |

2024-09-09 04:07:57,716 - INFO -
| Epoch:    320 | Train loss: 4.7102e-01 | Valid loss: 4.2695e-01 | Train acc: 0.6932 ± 0.0000 | Valid acc: 0.7586 ± 0.0000 | Valid Power: 0.0008 | Train Power: 0.0008 | patience:  94 | lr: 0.05 | Epoch time: 0.1 |

2024-09-09 04:07:58,289 - INFO -
load best network to warm start training with lower lr.

2024-09-09 04:07:58,290 - INFO -
lr update to 0.025.

2024-09-09 04:07:58,534 - INFO -
| Epoch:    330 | Train loss: 4.7864e-01 | Valid loss: 4.3120e-01 | Train acc: 0.7273 ± 0.0000 | Valid acc: 0.7586 ± 0.0000 | Valid Power: 0.0008 | Train Power: 0.0008 | patience:   3 | lr: 0.025 | Epoch time: 0.1 |

2024-09-09 04:07:59,348 - INFO -
| Epoch:    340 | Train loss: 4.7682e-01 | Valid loss: 4.2665e-01 | Train acc: 0.7386 ± 0.0000 | Valid acc: 0.7931 ± 0.0000 | Valid Power: 0.0008 | Train Power: 0.0011 | patience:  13 | lr: 0.025 | Epoch time: 0.1 |

2024-09-09 04:08:00,162 - INFO -
| Epoch:    350 | Train loss: 4.7570e-01 | Valid loss: 4.2427e-01 | Train acc: 0.7386 ± 0.0000 | Valid acc: 0.7931 ± 0.0000 | Valid Power: 0.0014 | Train Power: 0.0009 | patience:  23 | lr: 0.025 | Epoch time: 0.1 |

2024-09-09 04:08:00,982 - INFO -
| Epoch:    360 | Train loss: 4.7484e-01 | Valid loss: 4.2295e-01 | Train acc: 0.7614 ± 0.0000 | Valid acc: 0.7931 ± 0.0000 | Valid Power: 0.0008 | Train Power: 0.0008 | patience:  33 | lr: 0.025 | Epoch time: 0.1 |

2024-09-09 04:08:01,810 - INFO -
| Epoch:    370 | Train loss: 4.7404e-01 | Valid loss: 4.2297e-01 | Train acc: 0.7614 ± 0.0000 | Valid acc: 0.7931 ± 0.0000 | Valid Power: 0.0008 | Train Power: 0.0008 | patience:  43 | lr: 0.025 | Epoch time: 0.1 |

2024-09-09 04:08:02,637 - INFO -
| Epoch:    380 | Train loss: 4.7339e-01 | Valid loss: 4.2368e-01 | Train acc: 0.7614 ± 0.0000 | Valid acc: 0.7931 ± 0.0000 | Valid Power: 0.0009 | Train Power: 0.0009 | patience:  53 | lr: 0.025 | Epoch time: 0.1 |

2024-09-09 04:08:03,463 - INFO -
| Epoch:    390 | Train loss: 4.7300e-01 | Valid loss: 4.2412e-01 | Train acc: 0.7500 ± 0.0000 | Valid acc: 0.7931 ± 0.0000 | Valid Power: 0.0008 | Train Power: 0.0009 | patience:  63 | lr: 0.025 | Epoch time: 0.1 |

2024-09-09 04:08:04,289 - INFO -
| Epoch:    400 | Train loss: 4.7264e-01 | Valid loss: 4.2442e-01 | Train acc: 0.7500 ± 0.0000 | Valid acc: 0.7931 ± 0.0000 | Valid Power: 0.0008 | Train Power: 0.0008 | patience:  73 | lr: 0.025 | Epoch time: 0.1 |

2024-09-09 04:08:05,111 - INFO -
| Epoch:    410 | Train loss: 4.7230e-01 | Valid loss: 4.2481e-01 | Train acc: 0.7500 ± 0.0000 | Valid acc: 0.7931 ± 0.0000 | Valid Power: 0.0008 | Train Power: 0.0008 | patience:  83 | lr: 0.025 | Epoch time: 0.1 |

2024-09-09 04:08:05,925 - INFO -
| Epoch:    420 | Train loss: 4.7200e-01 | Valid loss: 4.2554e-01 | Train acc: 0.7500 ± 0.0000 | Valid acc: 0.7931 ± 0.0000 | Valid Power: 0.0008 | Train Power: 0.0010 | patience:  93 | lr: 0.025 | Epoch time: 0.1 |

2024-09-09 04:08:06,581 - INFO -
load best network to warm start training with lower lr.

2024-09-09 04:08:06,581 - INFO -
lr update to 0.0125.

2024-09-09 04:08:06,749 - INFO -
| Epoch:    430 | Train loss: 4.7850e-01 | Valid loss: 4.2425e-01 | Train acc: 0.7614 ± 0.0000 | Valid acc: 0.7931 ± 0.0000 | Valid Power: 0.0012 | Train Power: 0.0008 | patience:   2 | lr: 0.0125 | Epoch time: 0.1 |

2024-09-09 04:08:07,565 - INFO -
| Epoch:    440 | Train loss: 4.7747e-01 | Valid loss: 4.2175e-01 | Train acc: 0.7386 ± 0.0000 | Valid acc: 0.7931 ± 0.0000 | Valid Power: 0.0008 | Train Power: 0.0008 | patience:  12 | lr: 0.0125 | Epoch time: 0.1 |

2024-09-09 04:08:08,381 - INFO -
| Epoch:    450 | Train loss: 4.7684e-01 | Valid loss: 4.2562e-01 | Train acc: 0.7386 ± 0.0000 | Valid acc: 0.7931 ± 0.0000 | Valid Power: 0.0008 | Train Power: 0.0008 | patience:  22 | lr: 0.0125 | Epoch time: 0.1 |

2024-09-09 04:08:09,200 - INFO -
| Epoch:    460 | Train loss: 4.7619e-01 | Valid loss: 4.2322e-01 | Train acc: 0.7500 ± 0.0000 | Valid acc: 0.7931 ± 0.0000 | Valid Power: 0.0009 | Train Power: 0.0009 | patience:  32 | lr: 0.0125 | Epoch time: 0.1 |

2024-09-09 04:08:10,015 - INFO -
| Epoch:    470 | Train loss: 4.7563e-01 | Valid loss: 4.2314e-01 | Train acc: 0.7614 ± 0.0000 | Valid acc: 0.7931 ± 0.0000 | Valid Power: 0.0012 | Train Power: 0.0014 | patience:  42 | lr: 0.0125 | Epoch time: 0.1 |

2024-09-09 04:08:10,830 - INFO -
| Epoch:    480 | Train loss: 4.7513e-01 | Valid loss: 4.2393e-01 | Train acc: 0.7614 ± 0.0000 | Valid acc: 0.7931 ± 0.0000 | Valid Power: 0.0009 | Train Power: 0.0009 | patience:  52 | lr: 0.0125 | Epoch time: 0.1 |

2024-09-09 04:08:11,646 - INFO -
| Epoch:    490 | Train loss: 4.7465e-01 | Valid loss: 4.2364e-01 | Train acc: 0.7614 ± 0.0000 | Valid acc: 0.7931 ± 0.0000 | Valid Power: 0.0009 | Train Power: 0.0009 | patience:  62 | lr: 0.0125 | Epoch time: 0.1 |

2024-09-09 04:08:12,460 - INFO -
| Epoch:    500 | Train loss: 4.7420e-01 | Valid loss: 4.2359e-01 | Train acc: 0.7614 ± 0.0000 | Valid acc: 0.7931 ± 0.0000 | Valid Power: 0.0009 | Train Power: 0.0009 | patience:  72 | lr: 0.0125 | Epoch time: 0.1 |

2024-09-09 04:08:13,276 - INFO -
| Epoch:    510 | Train loss: 4.7378e-01 | Valid loss: 4.2379e-01 | Train acc: 0.7727 ± 0.0000 | Valid acc: 0.7931 ± 0.0000 | Valid Power: 0.0008 | Train Power: 0.0009 | patience:  82 | lr: 0.0125 | Epoch time: 0.1 |

2024-09-09 04:08:14,097 - INFO -
| Epoch:    520 | Train loss: 4.7338e-01 | Valid loss: 4.2405e-01 | Train acc: 0.7727 ± 0.0000 | Valid acc: 0.7931 ± 0.0000 | Valid Power: 0.0009 | Train Power: 0.0008 | patience:  92 | lr: 0.0125 | Epoch time: 0.1 |

2024-09-09 04:08:14,841 - INFO -
load best network to warm start training with lower lr.

2024-09-09 04:08:14,841 - INFO -
lr update to 0.00625.

2024-09-09 04:08:14,923 - INFO -
| Epoch:    530 | Train loss: 4.7996e-01 | Valid loss: 4.1924e-01 | Train acc: 0.7614 ± 0.0000 | Valid acc: 0.7931 ± 0.0000 | Valid Power: 0.0008 | Train Power: 0.0008 | patience:   1 | lr: 0.00625 | Epoch time: 0.1 |

2024-09-09 04:08:15,738 - INFO -
| Epoch:    540 | Train loss: 4.7812e-01 | Valid loss: 4.2791e-01 | Train acc: 0.7273 ± 0.0000 | Valid acc: 0.7931 ± 0.0000 | Valid Power: 0.0008 | Train Power: 0.0008 | patience:  11 | lr: 0.00625 | Epoch time: 0.1 |

2024-09-09 04:08:16,553 - INFO -
| Epoch:    550 | Train loss: 4.7748e-01 | Valid loss: 4.2255e-01 | Train acc: 0.7500 ± 0.0000 | Valid acc: 0.7931 ± 0.0000 | Valid Power: 0.0009 | Train Power: 0.0009 | patience:  21 | lr: 0.00625 | Epoch time: 0.1 |

2024-09-09 04:08:17,369 - INFO -
| Epoch:    560 | Train loss: 4.7706e-01 | Valid loss: 4.2484e-01 | Train acc: 0.7386 ± 0.0000 | Valid acc: 0.7931 ± 0.0000 | Valid Power: 0.0013 | Train Power: 0.0009 | patience:  31 | lr: 0.00625 | Epoch time: 0.1 |

2024-09-09 04:08:18,184 - INFO -
| Epoch:    570 | Train loss: 4.7673e-01 | Valid loss: 4.2355e-01 | Train acc: 0.7500 ± 0.0000 | Valid acc: 0.7931 ± 0.0000 | Valid Power: 0.0008 | Train Power: 0.0008 | patience:  41 | lr: 0.00625 | Epoch time: 0.1 |

2024-09-09 04:08:18,999 - INFO -
| Epoch:    580 | Train loss: 4.7641e-01 | Valid loss: 4.2396e-01 | Train acc: 0.7500 ± 0.0000 | Valid acc: 0.7931 ± 0.0000 | Valid Power: 0.0008 | Train Power: 0.0008 | patience:  51 | lr: 0.00625 | Epoch time: 0.1 |

2024-09-09 04:08:19,821 - INFO -
| Epoch:    590 | Train loss: 4.7611e-01 | Valid loss: 4.2362e-01 | Train acc: 0.7500 ± 0.0000 | Valid acc: 0.7931 ± 0.0000 | Valid Power: 0.0008 | Train Power: 0.0008 | patience:  61 | lr: 0.00625 | Epoch time: 0.1 |

2024-09-09 04:08:20,637 - INFO -
| Epoch:    600 | Train loss: 4.7582e-01 | Valid loss: 4.2384e-01 | Train acc: 0.7614 ± 0.0000 | Valid acc: 0.7931 ± 0.0000 | Valid Power: 0.0008 | Train Power: 0.0008 | patience:  71 | lr: 0.00625 | Epoch time: 0.1 |

2024-09-09 04:08:21,462 - INFO -
| Epoch:    610 | Train loss: 4.7554e-01 | Valid loss: 4.2364e-01 | Train acc: 0.7614 ± 0.0000 | Valid acc: 0.7931 ± 0.0000 | Valid Power: 0.0008 | Train Power: 0.0008 | patience:  81 | lr: 0.00625 | Epoch time: 0.1 |

2024-09-09 04:08:22,287 - INFO -
| Epoch:    620 | Train loss: 4.7526e-01 | Valid loss: 4.2381e-01 | Train acc: 0.7614 ± 0.0000 | Valid acc: 0.7931 ± 0.0000 | Valid Power: 0.0008 | Train Power: 0.0008 | patience:  91 | lr: 0.00625 | Epoch time: 0.1 |

2024-09-09 04:08:23,116 - INFO -
load best network to warm start training with lower lr.

2024-09-09 04:08:23,116 - INFO -
lr update to 0.003125.

2024-09-09 04:08:23,116 - INFO -
| Epoch:    630 | Train loss: 4.7500e-01 | Valid loss: 4.2375e-01 | Train acc: 0.7614 ± 0.0000 | Valid acc: 0.7931 ± 0.0000 | Valid Power: 0.0008 | Train Power: 0.0008 | patience:   0 | lr: 0.003125 | Epoch time: 0.1 |

2024-09-09 04:08:23,938 - INFO -
| Epoch:    640 | Train loss: 4.7796e-01 | Valid loss: 4.2530e-01 | Train acc: 0.7386 ± 0.0000 | Valid acc: 0.7931 ± 0.0000 | Valid Power: 0.0009 | Train Power: 0.0009 | patience:  10 | lr: 0.003125 | Epoch time: 0.1 |

2024-09-09 04:08:24,753 - INFO -
| Epoch:    650 | Train loss: 4.7794e-01 | Valid loss: 4.2709e-01 | Train acc: 0.7386 ± 0.0000 | Valid acc: 0.7931 ± 0.0000 | Valid Power: 0.0008 | Train Power: 0.0008 | patience:  20 | lr: 0.003125 | Epoch time: 0.1 |

2024-09-09 04:08:25,568 - INFO -
| Epoch:    660 | Train loss: 4.7758e-01 | Valid loss: 4.2401e-01 | Train acc: 0.7386 ± 0.0000 | Valid acc: 0.7931 ± 0.0000 | Valid Power: 0.0008 | Train Power: 0.0008 | patience:  30 | lr: 0.003125 | Epoch time: 0.1 |

2024-09-09 04:08:26,394 - INFO -
| Epoch:    670 | Train loss: 4.7741e-01 | Valid loss: 4.2375e-01 | Train acc: 0.7386 ± 0.0000 | Valid acc: 0.7931 ± 0.0000 | Valid Power: 0.0008 | Train Power: 0.0008 | patience:  40 | lr: 0.003125 | Epoch time: 0.1 |

2024-09-09 04:08:27,219 - INFO -
| Epoch:    680 | Train loss: 4.7721e-01 | Valid loss: 4.2461e-01 | Train acc: 0.7386 ± 0.0000 | Valid acc: 0.7931 ± 0.0000 | Valid Power: 0.0009 | Train Power: 0.0009 | patience:  50 | lr: 0.003125 | Epoch time: 0.1 |

2024-09-09 04:08:28,044 - INFO -
| Epoch:    690 | Train loss: 4.7702e-01 | Valid loss: 4.2410e-01 | Train acc: 0.7386 ± 0.0000 | Valid acc: 0.7931 ± 0.0000 | Valid Power: 0.0009 | Train Power: 0.0009 | patience:  60 | lr: 0.003125 | Epoch time: 0.1 |

2024-09-09 04:08:28,870 - INFO -
| Epoch:    700 | Train loss: 4.7685e-01 | Valid loss: 4.2383e-01 | Train acc: 0.7500 ± 0.0000 | Valid acc: 0.7931 ± 0.0000 | Valid Power: 0.0009 | Train Power: 0.0009 | patience:  70 | lr: 0.003125 | Epoch time: 0.1 |

2024-09-09 04:08:29,695 - INFO -
| Epoch:    710 | Train loss: 4.7668e-01 | Valid loss: 4.2402e-01 | Train acc: 0.7500 ± 0.0000 | Valid acc: 0.7931 ± 0.0000 | Valid Power: 0.0009 | Train Power: 0.0009 | patience:  80 | lr: 0.003125 | Epoch time: 0.1 |

2024-09-09 04:08:30,521 - INFO -
| Epoch:    720 | Train loss: 4.7651e-01 | Valid loss: 4.2385e-01 | Train acc: 0.7500 ± 0.0000 | Valid acc: 0.7931 ± 0.0000 | Valid Power: 0.0009 | Train Power: 0.0009 | patience:  90 | lr: 0.003125 | Epoch time: 0.1 |

2024-09-09 04:08:31,340 - INFO -
| Epoch:    730 | Train loss: 4.7635e-01 | Valid loss: 4.2387e-01 | Train acc: 0.7500 ± 0.0000 | Valid acc: 0.7931 ± 0.0000 | Valid Power: 0.0009 | Train Power: 0.0009 | patience: 100 | lr: 0.003125 | Epoch time: 0.1 |

2024-09-09 04:08:31,425 - INFO -
load best network to warm start training with lower lr.

2024-09-09 04:08:31,425 - INFO -
lr update to 0.0015625.

2024-09-09 04:08:32,160 - INFO -
| Epoch:    740 | Train loss: 4.7852e-01 | Valid loss: 4.2128e-01 | Train acc: 0.7614 ± 0.0000 | Valid acc: 0.7931 ± 0.0000 | Valid Power: 0.0008 | Train Power: 0.0008 | patience:   9 | lr: 0.0015625 | Epoch time: 0.1 |

2024-09-09 04:08:32,976 - INFO -
| Epoch:    750 | Train loss: 4.7796e-01 | Valid loss: 4.2462e-01 | Train acc: 0.7386 ± 0.0000 | Valid acc: 0.7931 ± 0.0000 | Valid Power: 0.0016 | Train Power: 0.0011 | patience:  19 | lr: 0.0015625 | Epoch time: 0.1 |

2024-09-09 04:08:33,792 - INFO -
| Epoch:    760 | Train loss: 4.7789e-01 | Valid loss: 4.2603e-01 | Train acc: 0.7386 ± 0.0000 | Valid acc: 0.7931 ± 0.0000 | Valid Power: 0.0009 | Train Power: 0.0009 | patience:  29 | lr: 0.0015625 | Epoch time: 0.1 |

2024-09-09 04:08:34,607 - INFO -
| Epoch:    770 | Train loss: 4.7777e-01 | Valid loss: 4.2554e-01 | Train acc: 0.7386 ± 0.0000 | Valid acc: 0.7931 ± 0.0000 | Valid Power: 0.0008 | Train Power: 0.0009 | patience:  39 | lr: 0.0015625 | Epoch time: 0.1 |

2024-09-09 04:08:35,428 - INFO -
| Epoch:    780 | Train loss: 4.7765e-01 | Valid loss: 4.2460e-01 | Train acc: 0.7386 ± 0.0000 | Valid acc: 0.7931 ± 0.0000 | Valid Power: 0.0008 | Train Power: 0.0008 | patience:  49 | lr: 0.0015625 | Epoch time: 0.1 |

2024-09-09 04:08:36,260 - INFO -
| Epoch:    790 | Train loss: 4.7756e-01 | Valid loss: 4.2421e-01 | Train acc: 0.7386 ± 0.0000 | Valid acc: 0.7931 ± 0.0000 | Valid Power: 0.0008 | Train Power: 0.0008 | patience:  59 | lr: 0.0015625 | Epoch time: 0.1 |

2024-09-09 04:08:37,086 - INFO -
| Epoch:    800 | Train loss: 4.7746e-01 | Valid loss: 4.2432e-01 | Train acc: 0.7386 ± 0.0000 | Valid acc: 0.7931 ± 0.0000 | Valid Power: 0.0008 | Train Power: 0.0008 | patience:  69 | lr: 0.0015625 | Epoch time: 0.1 |

2024-09-09 04:08:37,912 - INFO -
| Epoch:    810 | Train loss: 4.7736e-01 | Valid loss: 4.2444e-01 | Train acc: 0.7386 ± 0.0000 | Valid acc: 0.7931 ± 0.0000 | Valid Power: 0.0008 | Train Power: 0.0008 | patience:  79 | lr: 0.0015625 | Epoch time: 0.1 |

2024-09-09 04:08:38,738 - INFO -
| Epoch:    820 | Train loss: 4.7727e-01 | Valid loss: 4.2436e-01 | Train acc: 0.7386 ± 0.0000 | Valid acc: 0.7931 ± 0.0000 | Valid Power: 0.0008 | Train Power: 0.0008 | patience:  89 | lr: 0.0015625 | Epoch time: 0.1 |

2024-09-09 04:08:39,564 - INFO -
| Epoch:    830 | Train loss: 4.7717e-01 | Valid loss: 4.2421e-01 | Train acc: 0.7500 ± 0.0000 | Valid acc: 0.7931 ± 0.0000 | Valid Power: 0.0008 | Train Power: 0.0008 | patience:  99 | lr: 0.0015625 | Epoch time: 0.1 |

2024-09-09 04:08:39,733 - INFO -
load best network to warm start training with lower lr.

2024-09-09 04:08:39,733 - INFO -
lr update to 0.00078125.

2024-09-09 04:08:40,395 - INFO -
| Epoch:    840 | Train loss: 4.7924e-01 | Valid loss: 4.1923e-01 | Train acc: 0.7614 ± 0.0000 | Valid acc: 0.7931 ± 0.0000 | Valid Power: 0.0008 | Train Power: 0.0008 | patience:   8 | lr: 0.00078125 | Epoch time: 0.1 |

2024-09-09 04:08:41,213 - INFO -
| Epoch:    850 | Train loss: 4.7848e-01 | Valid loss: 4.2122e-01 | Train acc: 0.7614 ± 0.0000 | Valid acc: 0.7931 ± 0.0000 | Valid Power: 0.0008 | Train Power: 0.0008 | patience:  18 | lr: 0.00078125 | Epoch time: 0.1 |

2024-09-09 04:08:42,028 - INFO -
| Epoch:    860 | Train loss: 4.7812e-01 | Valid loss: 4.2288e-01 | Train acc: 0.7500 ± 0.0000 | Valid acc: 0.7931 ± 0.0000 | Valid Power: 0.0008 | Train Power: 0.0008 | patience:  28 | lr: 0.00078125 | Epoch time: 0.1 |

2024-09-09 04:08:42,846 - INFO -
| Epoch:    870 | Train loss: 4.7796e-01 | Valid loss: 4.2409e-01 | Train acc: 0.7386 ± 0.0000 | Valid acc: 0.7931 ± 0.0000 | Valid Power: 0.0009 | Train Power: 0.0009 | patience:  38 | lr: 0.00078125 | Epoch time: 0.1 |

2024-09-09 04:08:43,663 - INFO -
| Epoch:    880 | Train loss: 4.7789e-01 | Valid loss: 4.2477e-01 | Train acc: 0.7386 ± 0.0000 | Valid acc: 0.7931 ± 0.0000 | Valid Power: 0.0009 | Train Power: 0.0009 | patience:  48 | lr: 0.00078125 | Epoch time: 0.1 |

2024-09-09 04:08:44,490 - INFO -
| Epoch:    890 | Train loss: 4.7784e-01 | Valid loss: 4.2501e-01 | Train acc: 0.7386 ± 0.0000 | Valid acc: 0.7931 ± 0.0000 | Valid Power: 0.0009 | Train Power: 0.0009 | patience:  58 | lr: 0.00078125 | Epoch time: 0.1 |

2024-09-09 04:08:45,307 - INFO -
| Epoch:    900 | Train loss: 4.7779e-01 | Valid loss: 4.2496e-01 | Train acc: 0.7386 ± 0.0000 | Valid acc: 0.7931 ± 0.0000 | Valid Power: 0.0009 | Train Power: 0.0009 | patience:  68 | lr: 0.00078125 | Epoch time: 0.1 |

2024-09-09 04:08:46,123 - INFO -
| Epoch:    910 | Train loss: 4.7773e-01 | Valid loss: 4.2481e-01 | Train acc: 0.7386 ± 0.0000 | Valid acc: 0.7931 ± 0.0000 | Valid Power: 0.0009 | Train Power: 0.0009 | patience:  78 | lr: 0.00078125 | Epoch time: 0.1 |

2024-09-09 04:08:46,943 - INFO -
| Epoch:    920 | Train loss: 4.7768e-01 | Valid loss: 4.2467e-01 | Train acc: 0.7386 ± 0.0000 | Valid acc: 0.7931 ± 0.0000 | Valid Power: 0.0009 | Train Power: 0.0009 | patience:  88 | lr: 0.00078125 | Epoch time: 0.1 |

2024-09-09 04:08:47,768 - INFO -
| Epoch:    930 | Train loss: 4.7763e-01 | Valid loss: 4.2457e-01 | Train acc: 0.7386 ± 0.0000 | Valid acc: 0.7931 ± 0.0000 | Valid Power: 0.0009 | Train Power: 0.0009 | patience:  98 | lr: 0.00078125 | Epoch time: 0.1 |

2024-09-09 04:08:48,019 - INFO -
load best network to warm start training with lower lr.

2024-09-09 04:08:48,020 - INFO -
lr update to 0.000390625.

2024-09-09 04:08:48,598 - INFO -
| Epoch:    940 | Train loss: 4.7963e-01 | Valid loss: 4.1840e-01 | Train acc: 0.7614 ± 0.0000 | Valid acc: 0.7931 ± 0.0000 | Valid Power: 0.0008 | Train Power: 0.0008 | patience:   7 | lr: 0.000390625 | Epoch time: 0.1 |

2024-09-09 04:08:49,424 - INFO -
| Epoch:    950 | Train loss: 4.7916e-01 | Valid loss: 4.1931e-01 | Train acc: 0.7614 ± 0.0000 | Valid acc: 0.7931 ± 0.0000 | Valid Power: 0.0008 | Train Power: 0.0008 | patience:  17 | lr: 0.000390625 | Epoch time: 0.1 |

2024-09-09 04:08:50,251 - INFO -
| Epoch:    960 | Train loss: 4.7878e-01 | Valid loss: 4.2023e-01 | Train acc: 0.7614 ± 0.0000 | Valid acc: 0.7931 ± 0.0000 | Valid Power: 0.0008 | Train Power: 0.0008 | patience:  27 | lr: 0.000390625 | Epoch time: 0.1 |

2024-09-09 04:08:51,077 - INFO -
| Epoch:    970 | Train loss: 4.7845e-01 | Valid loss: 4.2120e-01 | Train acc: 0.7614 ± 0.0000 | Valid acc: 0.7931 ± 0.0000 | Valid Power: 0.0008 | Train Power: 0.0008 | patience:  37 | lr: 0.000390625 | Epoch time: 0.1 |

2024-09-09 04:08:51,902 - INFO -
| Epoch:    980 | Train loss: 4.7826e-01 | Valid loss: 4.2197e-01 | Train acc: 0.7500 ± 0.0000 | Valid acc: 0.7931 ± 0.0000 | Valid Power: 0.0008 | Train Power: 0.0008 | patience:  47 | lr: 0.000390625 | Epoch time: 0.1 |

2024-09-09 04:08:52,727 - INFO -
| Epoch:    990 | Train loss: 4.7813e-01 | Valid loss: 4.2264e-01 | Train acc: 0.7500 ± 0.0000 | Valid acc: 0.7931 ± 0.0000 | Valid Power: 0.0008 | Train Power: 0.0008 | patience:  57 | lr: 0.000390625 | Epoch time: 0.1 |

2024-09-09 04:08:53,554 - INFO -
| Epoch:   1000 | Train loss: 4.7804e-01 | Valid loss: 4.2318e-01 | Train acc: 0.7386 ± 0.0000 | Valid acc: 0.7931 ± 0.0000 | Valid Power: 0.0008 | Train Power: 0.0008 | patience:  67 | lr: 0.000390625 | Epoch time: 0.1 |

2024-09-09 04:08:54,380 - INFO -
| Epoch:   1010 | Train loss: 4.7797e-01 | Valid loss: 4.2361e-01 | Train acc: 0.7386 ± 0.0000 | Valid acc: 0.7931 ± 0.0000 | Valid Power: 0.0008 | Train Power: 0.0008 | patience:  77 | lr: 0.000390625 | Epoch time: 0.1 |

2024-09-09 04:08:55,205 - INFO -
| Epoch:   1020 | Train loss: 4.7792e-01 | Valid loss: 4.2395e-01 | Train acc: 0.7386 ± 0.0000 | Valid acc: 0.7931 ± 0.0000 | Valid Power: 0.0008 | Train Power: 0.0008 | patience:  87 | lr: 0.000390625 | Epoch time: 0.1 |

2024-09-09 04:08:56,036 - INFO -
| Epoch:   1030 | Train loss: 4.7789e-01 | Valid loss: 4.2420e-01 | Train acc: 0.7386 ± 0.0000 | Valid acc: 0.7931 ± 0.0000 | Valid Power: 0.0008 | Train Power: 0.0008 | patience:  97 | lr: 0.000390625 | Epoch time: 0.1 |

2024-09-09 04:08:56,370 - INFO -
load best network to warm start training with lower lr.

2024-09-09 04:08:56,371 - INFO -
lr update to 0.0001953125.

2024-09-09 04:08:56,865 - INFO -
| Epoch:   1040 | Train loss: 4.7982e-01 | Valid loss: 4.1805e-01 | Train acc: 0.7614 ± 0.0000 | Valid acc: 0.7931 ± 0.0000 | Valid Power: 0.0008 | Train Power: 0.0008 | patience:   6 | lr: 0.0001953125 | Epoch time: 0.1 |

2024-09-09 04:08:57,692 - INFO -
| Epoch:   1050 | Train loss: 4.7956e-01 | Valid loss: 4.1849e-01 | Train acc: 0.7614 ± 0.0000 | Valid acc: 0.7931 ± 0.0000 | Valid Power: 0.0008 | Train Power: 0.0008 | patience:  16 | lr: 0.0001953125 | Epoch time: 0.1 |

2024-09-09 04:08:58,520 - INFO -
| Epoch:   1060 | Train loss: 4.7932e-01 | Valid loss: 4.1893e-01 | Train acc: 0.7614 ± 0.0000 | Valid acc: 0.7931 ± 0.0000 | Valid Power: 0.0008 | Train Power: 0.0008 | patience:  26 | lr: 0.0001953125 | Epoch time: 0.1 |

2024-09-09 04:08:59,347 - INFO -
| Epoch:   1070 | Train loss: 4.7910e-01 | Valid loss: 4.1938e-01 | Train acc: 0.7614 ± 0.0000 | Valid acc: 0.7931 ± 0.0000 | Valid Power: 0.0008 | Train Power: 0.0008 | patience:  36 | lr: 0.0001953125 | Epoch time: 0.1 |

2024-09-09 04:09:00,173 - INFO -
| Epoch:   1080 | Train loss: 4.7891e-01 | Valid loss: 4.1983e-01 | Train acc: 0.7614 ± 0.0000 | Valid acc: 0.7931 ± 0.0000 | Valid Power: 0.0008 | Train Power: 0.0008 | patience:  46 | lr: 0.0001953125 | Epoch time: 0.1 |

2024-09-09 04:09:01,000 - INFO -
| Epoch:   1090 | Train loss: 4.7875e-01 | Valid loss: 4.2026e-01 | Train acc: 0.7614 ± 0.0000 | Valid acc: 0.7931 ± 0.0000 | Valid Power: 0.0008 | Train Power: 0.0008 | patience:  56 | lr: 0.0001953125 | Epoch time: 0.1 |

2024-09-09 04:09:01,827 - INFO -
| Epoch:   1100 | Train loss: 4.7856e-01 | Valid loss: 4.2078e-01 | Train acc: 0.7614 ± 0.0000 | Valid acc: 0.7931 ± 0.0000 | Valid Power: 0.0008 | Train Power: 0.0008 | patience:  66 | lr: 0.0001953125 | Epoch time: 0.1 |

2024-09-09 04:09:02,653 - INFO -
| Epoch:   1110 | Train loss: 4.7845e-01 | Valid loss: 4.2116e-01 | Train acc: 0.7614 ± 0.0000 | Valid acc: 0.7931 ± 0.0000 | Valid Power: 0.0008 | Train Power: 0.0008 | patience:  76 | lr: 0.0001953125 | Epoch time: 0.1 |

2024-09-09 04:09:03,479 - INFO -
| Epoch:   1120 | Train loss: 4.7835e-01 | Valid loss: 4.2152e-01 | Train acc: 0.7614 ± 0.0000 | Valid acc: 0.7931 ± 0.0000 | Valid Power: 0.0008 | Train Power: 0.0008 | patience:  86 | lr: 0.0001953125 | Epoch time: 0.1 |

2024-09-09 04:09:04,296 - INFO -
| Epoch:   1130 | Train loss: 4.7827e-01 | Valid loss: 4.2185e-01 | Train acc: 0.7614 ± 0.0000 | Valid acc: 0.7931 ± 0.0000 | Valid Power: 0.0008 | Train Power: 0.0008 | patience:  96 | lr: 0.0001953125 | Epoch time: 0.1 |

2024-09-09 04:09:04,707 - INFO -
load best network to warm start training with lower lr.

2024-09-09 04:09:04,707 - INFO -
lr update to 9.765625e-05.

2024-09-09 04:09:04,707 - INFO -
Early stop.

2024-09-09 04:09:04,715 - INFO -
Training if finished.

2024-09-09 16:19:07,206 - INFO -
Configuration: 
gmin                0.01
gmax                10.0
T                   0.1
m                   0.3
type_nonlinear      normal
act                 tanh
ACT_R1n             12.7865
ACT_R2n             -3.1871
ACT_W1n             -10.4537
ACT_L1n             10.546
ACT_W2n             -5.8496
ACT_L2n             4.2337
S_R1n               -11.7481
S_R2n               -0.3905
S_W1n               -9.169
S_L1n               0.3913
S_W2n               7.2004
S_L2n               15.5558
ReLU_RHn            -1.9557
ReLU_RLn            -20.1581
ReLU_RDn            16.6486
ReLU_RBn            -14.3472
ReLU_Wn             16.655
ReLU_Ln             -21.7591
HS_Rn               -0.3766
HS_Wn               0.5192
HS_Ln               4.6293
NEG_R1n             -7.0846
NEG_R2n             -2.5695
NEG_R3n             16.1542
NEG_W1n             13.8696
NEG_L1n             2.7635
NEG_W2n             1.2674
NEG_L2n             -10.4803
NEG_W3n             -6.4386
NEG_L3n             5.1005
task                normal
DATASET             6
DataPath            ./dataset
InputNoise          0.0
IN_test             0.0
R_train             1
R_test              1
N_time              32
pathnorm            False
hidden              [3]
skipconnection      False
SEED                3
DEVICE              cpu
PATIENCE            500
EPOCH               10000000000
LR                  0.1
PROGRESSIVE         True
LR_PATIENCE         100
LR_DECAY            0.5
LR_MIN              0.0001
metric              acc
SoftEva             True
TIMELIMITATION      71
MODE                nominal
M_train             1
K_train             1
M_test              1
K_test              1
t_test_max          1
integration         MC
N_train             1
e_train             0.0
N_test              100
e_test              0.1
e_fault             2
fault_ratio         0.0
N_fault             50
e_fault_test        0
N_fault_test        50
dropout             0.0
lagrangian_loss     False
rho                 100
powerestimator      none
powerbalance        0.0
estimatorbalance    0.0
pgmin               1e-07
power_ratio         1000
lambda_P            100
areaestimator       none
areabalance         0.0
area_theta          0.15
area_act            30.0
area_neg            22.7
lambda_A            0.001
lnc                 False
projectname         tanh_0_FaultAnalysisNormal
temppath            ./tanh_0_FaultAnalysisNormal/temp/
logfilepath         ./tanh_0_FaultAnalysisNormal/log/
report_freq         10
recording           False
recordpath          ./tanh_0_FaultAnalysisNormal/record/
savepath            ./tanh_0_FaultAnalysisNormal/models/
loglevel            info


2024-09-09 16:19:07,223 - INFO -
Training network on device: cpu.

2024-09-09 16:19:07,223 - INFO -
Training setup: data_06_iris_seed_03_epsilon_0.0_dropout_0.0_fault_ratio_0.0.model.

2024-09-09 16:19:07,223 - INFO -
{'dataname': 'iris', 'N_feature': 4, 'N_class': 3, 'N_train': 88, 'N_valid': 29, 'N_test': 31}

2024-09-09 16:19:07,223 - INFO -
Training was already finished.

2024-09-11 18:17:01,968 - INFO -
Configuration: 
gmin                0.01
gmax                10.0
T                   0.1
m                   0.3
type_nonlinear      normal
act                 tanh
ACT_R1n             12.7865
ACT_R2n             -3.1871
ACT_W1n             -10.4537
ACT_L1n             10.546
ACT_W2n             -5.8496
ACT_L2n             4.2337
S_R1n               -11.7481
S_R2n               -0.3905
S_W1n               -9.169
S_L1n               0.3913
S_W2n               7.2004
S_L2n               15.5558
ReLU_RHn            -1.9557
ReLU_RLn            -20.1581
ReLU_RDn            16.6486
ReLU_RBn            -14.3472
ReLU_Wn             16.655
ReLU_Ln             -21.7591
HS_Rn               -0.3766
HS_Wn               0.5192
HS_Ln               4.6293
NEG_R1n             -7.0846
NEG_R2n             -2.5695
NEG_R3n             16.1542
NEG_W1n             13.8696
NEG_L1n             2.7635
NEG_W2n             1.2674
NEG_L2n             -10.4803
NEG_W3n             -6.4386
NEG_L3n             5.1005
task                normal
DATASET             6
DataPath            ./dataset
InputNoise          0.0
IN_test             0.0
R_train             1
R_test              1
N_time              32
pathnorm            False
hidden              [3]
skipconnection      False
SEED                3
DEVICE              cpu
PATIENCE            500
EPOCH               10000000000
LR                  0.1
PROGRESSIVE         True
LR_PATIENCE         100
LR_DECAY            0.5
LR_MIN              0.0001
metric              acc
SoftEva             True
TIMELIMITATION      71
MODE                nominal
M_train             1
K_train             1
M_test              1
K_test              1
t_test_max          1
integration         MC
N_train             1
e_train             0.0
N_test              100
e_test              0.1
e_fault             2
fault_ratio         0.0
N_fault             50
e_fault_test        0
N_fault_test        50
dropout             0.0
lagrangian_loss     False
rho                 100
powerestimator      none
powerbalance        0.0
estimatorbalance    0.0
pgmin               1e-07
power_ratio         1000
lambda_P            100
areaestimator       none
areabalance         0.0
area_theta          0.15
area_act            30.0
area_neg            22.7
lambda_A            0.001
lnc                 False
projectname         tanh_0_FaultAnalysisNormal
temppath            ./tanh_0_FaultAnalysisNormal/temp/
logfilepath         ./tanh_0_FaultAnalysisNormal/log/
report_freq         10
recording           False
recordpath          ./tanh_0_FaultAnalysisNormal/record/
savepath            ./tanh_0_FaultAnalysisNormal/models/
loglevel            info


2024-09-11 18:17:01,996 - INFO -
Training network on device: cpu.

2024-09-11 18:17:01,996 - INFO -
Training setup: data_06_iris_seed_03_epsilon_0.0_dropout_0.0_fault_ratio_0.0.model.

2024-09-11 18:17:01,996 - INFO -
{'dataname': 'iris', 'N_feature': 4, 'N_class': 3, 'N_train': 88, 'N_valid': 29, 'N_test': 31}

2024-09-11 18:17:02,018 - INFO -
Training was already finished.

2024-09-12 04:38:03,700 - INFO -
Configuration: 
gmin                0.01
gmax                10.0
T                   0.1
m                   0.3
type_nonlinear      normal
act                 tanh
ACT_R1n             12.7865
ACT_R2n             -3.1871
ACT_W1n             -10.4537
ACT_L1n             10.546
ACT_W2n             -5.8496
ACT_L2n             4.2337
S_R1n               -11.7481
S_R2n               -0.3905
S_W1n               -9.169
S_L1n               0.3913
S_W2n               7.2004
S_L2n               15.5558
ReLU_RHn            -1.9557
ReLU_RLn            -20.1581
ReLU_RDn            16.6486
ReLU_RBn            -14.3472
ReLU_Wn             16.655
ReLU_Ln             -21.7591
HS_Rn               -0.3766
HS_Wn               0.5192
HS_Ln               4.6293
NEG_R1n             -7.0846
NEG_R2n             -2.5695
NEG_R3n             16.1542
NEG_W1n             13.8696
NEG_L1n             2.7635
NEG_W2n             1.2674
NEG_L2n             -10.4803
NEG_W3n             -6.4386
NEG_L3n             5.1005
task                normal
DATASET             6
DataPath            ./dataset
InputNoise          0.0
IN_test             0.0
R_train             1
R_test              1
N_time              32
pathnorm            False
hidden              [3]
skipconnection      False
SEED                3
DEVICE              cpu
PATIENCE            500
EPOCH               10000000000
LR                  0.1
PROGRESSIVE         True
LR_PATIENCE         100
LR_DECAY            0.5
LR_MIN              0.0001
metric              acc
SoftEva             True
TIMELIMITATION      71
MODE                nominal
M_train             1
K_train             1
M_test              1
K_test              1
t_test_max          1
integration         MC
N_train             1
e_train             0.0
N_test              100
e_test              0.1
e_fault             2
fault_ratio         0.0
N_fault             50
e_fault_test        0
N_fault_test        50
dropout             0.0
lagrangian_loss     False
rho                 100
powerestimator      none
powerbalance        0.0
estimatorbalance    0.0
pgmin               1e-07
power_ratio         1000
lambda_P            100
areaestimator       none
areabalance         0.0
area_theta          0.15
area_act            30.0
area_neg            22.7
lambda_A            0.001
lnc                 False
projectname         tanh_0_FaultAnalysisNormal
temppath            ./tanh_0_FaultAnalysisNormal/temp/
logfilepath         ./tanh_0_FaultAnalysisNormal/log/
report_freq         10
recording           False
recordpath          ./tanh_0_FaultAnalysisNormal/record/
savepath            ./tanh_0_FaultAnalysisNormal/models/
loglevel            info


2024-09-12 04:38:03,713 - INFO -
Training network on device: cpu.

2024-09-12 04:38:03,714 - INFO -
Training setup: data_06_iris_seed_03_epsilon_0.0_dropout_0.0_fault_ratio_0.0.model.

2024-09-12 04:38:03,714 - INFO -
{'dataname': 'iris', 'N_feature': 4, 'N_class': 3, 'N_train': 88, 'N_valid': 29, 'N_test': 31}

2024-09-12 04:38:03,734 - INFO -
Training was already finished.

