2024-09-09 04:07:29,242 - INFO -
Configuration: 
gmin                0.01
gmax                10.0
T                   0.1
m                   0.3
type_nonlinear      normal
act                 tanh
ACT_R1n             12.7865
ACT_R2n             -3.1871
ACT_W1n             -10.4537
ACT_L1n             10.546
ACT_W2n             -5.8496
ACT_L2n             4.2337
S_R1n               -11.7481
S_R2n               -0.3905
S_W1n               -9.169
S_L1n               0.3913
S_W2n               7.2004
S_L2n               15.5558
ReLU_RHn            -1.9557
ReLU_RLn            -20.1581
ReLU_RDn            16.6486
ReLU_RBn            -14.3472
ReLU_Wn             16.655
ReLU_Ln             -21.7591
HS_Rn               -0.3766
HS_Wn               0.5192
HS_Ln               4.6293
NEG_R1n             -7.0846
NEG_R2n             -2.5695
NEG_R3n             16.1542
NEG_W1n             13.8696
NEG_L1n             2.7635
NEG_W2n             1.2674
NEG_L2n             -10.4803
NEG_W3n             -6.4386
NEG_L3n             5.1005
task                normal
DATASET             4
DataPath            ./dataset
InputNoise          0.0
IN_test             0.0
R_train             1
R_test              1
N_time              32
pathnorm            False
hidden              [3]
skipconnection      False
SEED                5
DEVICE              cpu
PATIENCE            500
EPOCH               10000000000
LR                  0.1
PROGRESSIVE         True
LR_PATIENCE         100
LR_DECAY            0.5
LR_MIN              0.0001
metric              acc
SoftEva             True
TIMELIMITATION      71
MODE                nominal
M_train             1
K_train             1
M_test              1
K_test              1
t_test_max          1
integration         MC
N_train             1
e_train             0.0
N_test              100
e_test              0.1
e_fault             2
fault_ratio         0.0
N_fault             50
e_fault_test        0
N_fault_test        50
dropout             0.0
lagrangian_loss     False
rho                 100
powerestimator      none
powerbalance        0.0
estimatorbalance    0.0
pgmin               1e-07
power_ratio         1000
lambda_P            100
areaestimator       none
areabalance         0.0
area_theta          0.15
area_act            30.0
area_neg            22.7
lambda_A            0.001
lnc                 False
projectname         tanh_0_FaultAnalysisNormal
temppath            ./tanh_0_FaultAnalysisNormal/temp/
logfilepath         ./tanh_0_FaultAnalysisNormal/log/
report_freq         10
recording           False
recordpath          ./tanh_0_FaultAnalysisNormal/record/
savepath            ./tanh_0_FaultAnalysisNormal/models/
loglevel            info


2024-09-09 04:07:29,243 - INFO -
Training network on device: cpu.

2024-09-09 04:07:29,243 - INFO -
Training setup: data_04_energyy1_seed_05_epsilon_0.0_dropout_0.0_fault_ratio_0.0.model.

2024-09-09 04:07:29,243 - INFO -
{'dataname': 'energyy1', 'N_feature': 8, 'N_class': 3, 'N_train': 397, 'N_valid': 127, 'N_test': 79}

2024-09-09 04:07:29,243 - INFO -
Topology of the network: [8, 3, 3].

2024-09-09 04:07:31,182 - INFO -
| Epoch:      0 | Train loss: 1.0987e+00 | Valid loss: 1.0779e+00 | Train acc: 0.3552 ± 0.0000 | Valid acc: 0.4567 ± 0.0000 | Valid Power: 0.0009 | Train Power: 0.0005 | patience:   0 | lr: 0.1 | Epoch time: 0.1 |

2024-09-09 04:07:32,433 - INFO -
| Epoch:     10 | Train loss: 1.0258e+00 | Valid loss: 1.0779e+00 | Train acc: 0.4761 ± 0.0000 | Valid acc: 0.4567 ± 0.0000 | Valid Power: 0.0010 | Train Power: 0.0009 | patience:   8 | lr: 0.1 | Epoch time: 0.1 |

2024-09-09 04:07:33,714 - INFO -
| Epoch:     20 | Train loss: 7.3703e-01 | Valid loss: 7.4545e-01 | Train acc: 0.8186 ± 0.0000 | Valid acc: 0.7874 ± 0.0000 | Valid Power: 0.0009 | Train Power: 0.0009 | patience:   0 | lr: 0.1 | Epoch time: 0.1 |

2024-09-09 04:07:34,998 - INFO -
| Epoch:     30 | Train loss: 6.2030e-01 | Valid loss: 6.5209e-01 | Train acc: 0.8186 ± 0.0000 | Valid acc: 0.7874 ± 0.0000 | Valid Power: 0.0010 | Train Power: 0.0010 | patience:   0 | lr: 0.1 | Epoch time: 0.1 |

2024-09-09 04:07:36,287 - INFO -
| Epoch:     40 | Train loss: 5.8955e-01 | Valid loss: 6.2793e-01 | Train acc: 0.8186 ± 0.0000 | Valid acc: 0.7874 ± 0.0000 | Valid Power: 0.0009 | Train Power: 0.0009 | patience:   0 | lr: 0.1 | Epoch time: 0.1 |

2024-09-09 04:07:37,582 - INFO -
| Epoch:     50 | Train loss: 5.8222e-01 | Valid loss: 6.2126e-01 | Train acc: 0.8186 ± 0.0000 | Valid acc: 0.7874 ± 0.0000 | Valid Power: 0.0009 | Train Power: 0.0009 | patience:   0 | lr: 0.1 | Epoch time: 0.1 |

2024-09-09 04:07:38,994 - INFO -
| Epoch:     60 | Train loss: 5.7879e-01 | Valid loss: 6.1630e-01 | Train acc: 0.8186 ± 0.0000 | Valid acc: 0.7874 ± 0.0000 | Valid Power: 0.0009 | Train Power: 0.0009 | patience:   0 | lr: 0.1 | Epoch time: 0.1 |

2024-09-09 04:07:40,272 - INFO -
| Epoch:     70 | Train loss: 5.7621e-01 | Valid loss: 6.1199e-01 | Train acc: 0.8186 ± 0.0000 | Valid acc: 0.7874 ± 0.0000 | Valid Power: 0.0009 | Train Power: 0.0009 | patience:   0 | lr: 0.1 | Epoch time: 0.1 |

2024-09-09 04:07:41,551 - INFO -
| Epoch:     80 | Train loss: 5.7450e-01 | Valid loss: 6.0932e-01 | Train acc: 0.8186 ± 0.0000 | Valid acc: 0.7874 ± 0.0000 | Valid Power: 0.0009 | Train Power: 0.0009 | patience:   0 | lr: 0.1 | Epoch time: 0.1 |

2024-09-09 04:07:42,831 - INFO -
| Epoch:     90 | Train loss: 5.7288e-01 | Valid loss: 6.0708e-01 | Train acc: 0.8186 ± 0.0000 | Valid acc: 0.7874 ± 0.0000 | Valid Power: 0.0009 | Train Power: 0.0009 | patience:   0 | lr: 0.1 | Epoch time: 0.1 |

2024-09-09 04:07:44,121 - INFO -
| Epoch:    100 | Train loss: 5.7134e-01 | Valid loss: 6.0470e-01 | Train acc: 0.8186 ± 0.0000 | Valid acc: 0.7874 ± 0.0000 | Valid Power: 0.0009 | Train Power: 0.0009 | patience:   0 | lr: 0.1 | Epoch time: 0.1 |

2024-09-09 04:07:45,403 - INFO -
| Epoch:    110 | Train loss: 5.6986e-01 | Valid loss: 6.0227e-01 | Train acc: 0.8186 ± 0.0000 | Valid acc: 0.7874 ± 0.0000 | Valid Power: 0.0009 | Train Power: 0.0009 | patience:   0 | lr: 0.1 | Epoch time: 0.1 |

2024-09-09 04:07:46,689 - INFO -
| Epoch:    120 | Train loss: 5.6846e-01 | Valid loss: 6.0015e-01 | Train acc: 0.8186 ± 0.0000 | Valid acc: 0.7874 ± 0.0000 | Valid Power: 0.0009 | Train Power: 0.0009 | patience:   0 | lr: 0.1 | Epoch time: 0.1 |

2024-09-09 04:07:48,001 - INFO -
| Epoch:    130 | Train loss: 5.6714e-01 | Valid loss: 5.9845e-01 | Train acc: 0.8186 ± 0.0000 | Valid acc: 0.7874 ± 0.0000 | Valid Power: 0.0010 | Train Power: 0.0010 | patience:   0 | lr: 0.1 | Epoch time: 0.1 |

2024-09-09 04:07:49,282 - INFO -
| Epoch:    140 | Train loss: 5.6594e-01 | Valid loss: 5.9687e-01 | Train acc: 0.8186 ± 0.0000 | Valid acc: 0.7874 ± 0.0000 | Valid Power: 0.0013 | Train Power: 0.0014 | patience:   0 | lr: 0.1 | Epoch time: 0.1 |

2024-09-09 04:07:50,545 - INFO -
| Epoch:    150 | Train loss: 5.6489e-01 | Valid loss: 5.9658e-01 | Train acc: 0.8186 ± 0.0000 | Valid acc: 0.7874 ± 0.0000 | Valid Power: 0.0010 | Train Power: 0.0010 | patience:   1 | lr: 0.1 | Epoch time: 0.1 |

2024-09-09 04:07:51,824 - INFO -
| Epoch:    160 | Train loss: 5.6397e-01 | Valid loss: 5.9572e-01 | Train acc: 0.8186 ± 0.0000 | Valid acc: 0.7874 ± 0.0000 | Valid Power: 0.0010 | Train Power: 0.0010 | patience:   0 | lr: 0.1 | Epoch time: 0.1 |

2024-09-09 04:07:53,094 - INFO -
| Epoch:    170 | Train loss: 5.6455e-01 | Valid loss: 6.1125e-01 | Train acc: 0.8186 ± 0.0000 | Valid acc: 0.7874 ± 0.0000 | Valid Power: 0.0010 | Train Power: 0.0010 | patience:   7 | lr: 0.1 | Epoch time: 0.1 |

2024-09-09 04:07:54,345 - INFO -
| Epoch:    180 | Train loss: 6.9877e-01 | Valid loss: 7.2451e-01 | Train acc: 0.8186 ± 0.0000 | Valid acc: 0.7874 ± 0.0000 | Valid Power: 0.0010 | Train Power: 0.0010 | patience:  17 | lr: 0.1 | Epoch time: 0.1 |

2024-09-09 04:07:55,594 - INFO -
| Epoch:    190 | Train loss: 6.9131e-01 | Valid loss: 8.2065e-01 | Train acc: 0.7531 ± 0.0000 | Valid acc: 0.6378 ± 0.0000 | Valid Power: 0.0010 | Train Power: 0.0010 | patience:  27 | lr: 0.1 | Epoch time: 0.1 |

2024-09-09 04:07:56,846 - INFO -
| Epoch:    200 | Train loss: 6.3936e-01 | Valid loss: 6.5397e-01 | Train acc: 0.7607 ± 0.0000 | Valid acc: 0.7402 ± 0.0000 | Valid Power: 0.0010 | Train Power: 0.0010 | patience:  37 | lr: 0.1 | Epoch time: 0.1 |

2024-09-09 04:07:58,194 - INFO -
| Epoch:    210 | Train loss: 6.2334e-01 | Valid loss: 6.3451e-01 | Train acc: 0.8035 ± 0.0000 | Valid acc: 0.7874 ± 0.0000 | Valid Power: 0.0010 | Train Power: 0.0010 | patience:  47 | lr: 0.1 | Epoch time: 0.1 |

2024-09-09 04:07:59,443 - INFO -
| Epoch:    220 | Train loss: 5.8685e-01 | Valid loss: 5.9982e-01 | Train acc: 0.8186 ± 0.0000 | Valid acc: 0.7874 ± 0.0000 | Valid Power: 0.0010 | Train Power: 0.0010 | patience:  57 | lr: 0.1 | Epoch time: 0.1 |

2024-09-09 04:08:00,697 - INFO -
| Epoch:    230 | Train loss: 5.8606e-01 | Valid loss: 5.9314e-01 | Train acc: 0.8186 ± 0.0000 | Valid acc: 0.7874 ± 0.0000 | Valid Power: 0.0010 | Train Power: 0.0010 | patience:   4 | lr: 0.1 | Epoch time: 0.1 |

2024-09-09 04:08:01,950 - INFO -
| Epoch:    240 | Train loss: 5.6761e-01 | Valid loss: 5.8887e-01 | Train acc: 0.8186 ± 0.0000 | Valid acc: 0.7874 ± 0.0000 | Valid Power: 0.0010 | Train Power: 0.0010 | patience:   6 | lr: 0.1 | Epoch time: 0.1 |

2024-09-09 04:08:03,202 - INFO -
| Epoch:    250 | Train loss: 5.6670e-01 | Valid loss: 5.8886e-01 | Train acc: 0.8186 ± 0.0000 | Valid acc: 0.7874 ± 0.0000 | Valid Power: 0.0010 | Train Power: 0.0010 | patience:  16 | lr: 0.1 | Epoch time: 0.1 |

2024-09-09 04:08:04,464 - INFO -
| Epoch:    260 | Train loss: 5.6581e-01 | Valid loss: 5.8858e-01 | Train acc: 0.8186 ± 0.0000 | Valid acc: 0.7874 ± 0.0000 | Valid Power: 0.0010 | Train Power: 0.0010 | patience:  26 | lr: 0.1 | Epoch time: 0.1 |

2024-09-09 04:08:05,715 - INFO -
| Epoch:    270 | Train loss: 5.6524e-01 | Valid loss: 5.8927e-01 | Train acc: 0.8186 ± 0.0000 | Valid acc: 0.7874 ± 0.0000 | Valid Power: 0.0010 | Train Power: 0.0010 | patience:  36 | lr: 0.1 | Epoch time: 0.1 |

2024-09-09 04:08:06,964 - INFO -
| Epoch:    280 | Train loss: 5.6486e-01 | Valid loss: 5.8926e-01 | Train acc: 0.8186 ± 0.0000 | Valid acc: 0.7874 ± 0.0000 | Valid Power: 0.0010 | Train Power: 0.0010 | patience:  46 | lr: 0.1 | Epoch time: 0.1 |

2024-09-09 04:08:08,213 - INFO -
| Epoch:    290 | Train loss: 5.6458e-01 | Valid loss: 5.8984e-01 | Train acc: 0.8186 ± 0.0000 | Valid acc: 0.7874 ± 0.0000 | Valid Power: 0.0010 | Train Power: 0.0010 | patience:  56 | lr: 0.1 | Epoch time: 0.1 |

2024-09-09 04:08:09,556 - INFO -
| Epoch:    300 | Train loss: 5.6438e-01 | Valid loss: 5.8995e-01 | Train acc: 0.8186 ± 0.0000 | Valid acc: 0.7874 ± 0.0000 | Valid Power: 0.0010 | Train Power: 0.0010 | patience:  66 | lr: 0.1 | Epoch time: 0.1 |

2024-09-09 04:08:10,806 - INFO -
| Epoch:    310 | Train loss: 5.6422e-01 | Valid loss: 5.9024e-01 | Train acc: 0.8186 ± 0.0000 | Valid acc: 0.7874 ± 0.0000 | Valid Power: 0.0010 | Train Power: 0.0010 | patience:  76 | lr: 0.1 | Epoch time: 0.1 |

2024-09-09 04:08:12,055 - INFO -
| Epoch:    320 | Train loss: 5.6408e-01 | Valid loss: 5.9028e-01 | Train acc: 0.8186 ± 0.0000 | Valid acc: 0.7874 ± 0.0000 | Valid Power: 0.0010 | Train Power: 0.0010 | patience:  86 | lr: 0.1 | Epoch time: 0.1 |

2024-09-09 04:08:13,304 - INFO -
| Epoch:    330 | Train loss: 5.6396e-01 | Valid loss: 5.9034e-01 | Train acc: 0.8186 ± 0.0000 | Valid acc: 0.7874 ± 0.0000 | Valid Power: 0.0010 | Train Power: 0.0010 | patience:  96 | lr: 0.1 | Epoch time: 0.1 |

2024-09-09 04:08:13,930 - INFO -
load best network to warm start training with lower lr.

2024-09-09 04:08:13,931 - INFO -
lr update to 0.05.

2024-09-09 04:08:14,556 - INFO -
| Epoch:    340 | Train loss: 5.8406e-01 | Valid loss: 5.9440e-01 | Train acc: 0.8186 ± 0.0000 | Valid acc: 0.7874 ± 0.0000 | Valid Power: 0.0010 | Train Power: 0.0010 | patience:   5 | lr: 0.05 | Epoch time: 0.1 |

2024-09-09 04:08:15,808 - INFO -
| Epoch:    350 | Train loss: 5.6683e-01 | Valid loss: 5.9200e-01 | Train acc: 0.8186 ± 0.0000 | Valid acc: 0.7874 ± 0.0000 | Valid Power: 0.0010 | Train Power: 0.0010 | patience:  15 | lr: 0.05 | Epoch time: 0.1 |

2024-09-09 04:08:17,061 - INFO -
| Epoch:    360 | Train loss: 5.6386e-01 | Valid loss: 5.9010e-01 | Train acc: 0.8186 ± 0.0000 | Valid acc: 0.7874 ± 0.0000 | Valid Power: 0.0010 | Train Power: 0.0010 | patience:  25 | lr: 0.05 | Epoch time: 0.1 |

2024-09-09 04:08:18,311 - INFO -
| Epoch:    370 | Train loss: 5.6293e-01 | Valid loss: 5.8973e-01 | Train acc: 0.8186 ± 0.0000 | Valid acc: 0.7874 ± 0.0000 | Valid Power: 0.0010 | Train Power: 0.0010 | patience:  35 | lr: 0.05 | Epoch time: 0.1 |

2024-09-09 04:08:19,573 - INFO -
| Epoch:    380 | Train loss: 5.6210e-01 | Valid loss: 5.9009e-01 | Train acc: 0.8186 ± 0.0000 | Valid acc: 0.7874 ± 0.0000 | Valid Power: 0.0010 | Train Power: 0.0010 | patience:  45 | lr: 0.05 | Epoch time: 0.1 |

2024-09-09 04:08:20,824 - INFO -
| Epoch:    390 | Train loss: 5.6125e-01 | Valid loss: 5.8955e-01 | Train acc: 0.8186 ± 0.0000 | Valid acc: 0.7874 ± 0.0000 | Valid Power: 0.0010 | Train Power: 0.0010 | patience:  55 | lr: 0.05 | Epoch time: 0.1 |

2024-09-09 04:08:22,075 - INFO -
| Epoch:    400 | Train loss: 5.6031e-01 | Valid loss: 5.8874e-01 | Train acc: 0.8186 ± 0.0000 | Valid acc: 0.7874 ± 0.0000 | Valid Power: 0.0010 | Train Power: 0.0010 | patience:  65 | lr: 0.05 | Epoch time: 0.1 |

2024-09-09 04:08:23,325 - INFO -
| Epoch:    410 | Train loss: 5.5936e-01 | Valid loss: 5.8880e-01 | Train acc: 0.8186 ± 0.0000 | Valid acc: 0.7874 ± 0.0000 | Valid Power: 0.0010 | Train Power: 0.0010 | patience:  75 | lr: 0.05 | Epoch time: 0.1 |

2024-09-09 04:08:24,576 - INFO -
| Epoch:    420 | Train loss: 5.5843e-01 | Valid loss: 5.8948e-01 | Train acc: 0.8186 ± 0.0000 | Valid acc: 0.7874 ± 0.0000 | Valid Power: 0.0010 | Train Power: 0.0010 | patience:  85 | lr: 0.05 | Epoch time: 0.1 |

2024-09-09 04:08:25,827 - INFO -
| Epoch:    430 | Train loss: 5.5766e-01 | Valid loss: 5.9009e-01 | Train acc: 0.8186 ± 0.0000 | Valid acc: 0.7874 ± 0.0000 | Valid Power: 0.0010 | Train Power: 0.0010 | patience:  95 | lr: 0.05 | Epoch time: 0.1 |

2024-09-09 04:08:26,581 - INFO -
load best network to warm start training with lower lr.

2024-09-09 04:08:26,581 - INFO -
lr update to 0.025.

2024-09-09 04:08:27,082 - INFO -
| Epoch:    440 | Train loss: 5.8221e-01 | Valid loss: 5.9657e-01 | Train acc: 0.8186 ± 0.0000 | Valid acc: 0.7874 ± 0.0000 | Valid Power: 0.0010 | Train Power: 0.0010 | patience:   4 | lr: 0.025 | Epoch time: 0.1 |

2024-09-09 04:08:28,331 - INFO -
| Epoch:    450 | Train loss: 5.6621e-01 | Valid loss: 5.9073e-01 | Train acc: 0.8186 ± 0.0000 | Valid acc: 0.7874 ± 0.0000 | Valid Power: 0.0010 | Train Power: 0.0010 | patience:  14 | lr: 0.025 | Epoch time: 0.1 |

2024-09-09 04:08:29,582 - INFO -
| Epoch:    460 | Train loss: 5.6623e-01 | Valid loss: 5.9193e-01 | Train acc: 0.8186 ± 0.0000 | Valid acc: 0.7874 ± 0.0000 | Valid Power: 0.0010 | Train Power: 0.0010 | patience:  24 | lr: 0.025 | Epoch time: 0.1 |

2024-09-09 04:08:30,930 - INFO -
| Epoch:    470 | Train loss: 5.6468e-01 | Valid loss: 5.9085e-01 | Train acc: 0.8186 ± 0.0000 | Valid acc: 0.7874 ± 0.0000 | Valid Power: 0.0010 | Train Power: 0.0010 | patience:  34 | lr: 0.025 | Epoch time: 0.2 |

2024-09-09 04:08:32,181 - INFO -
| Epoch:    480 | Train loss: 5.6377e-01 | Valid loss: 5.9078e-01 | Train acc: 0.8186 ± 0.0000 | Valid acc: 0.7874 ± 0.0000 | Valid Power: 0.0010 | Train Power: 0.0010 | patience:  44 | lr: 0.025 | Epoch time: 0.1 |

2024-09-09 04:08:33,433 - INFO -
| Epoch:    490 | Train loss: 5.6319e-01 | Valid loss: 5.9064e-01 | Train acc: 0.8186 ± 0.0000 | Valid acc: 0.7874 ± 0.0000 | Valid Power: 0.0010 | Train Power: 0.0010 | patience:  54 | lr: 0.025 | Epoch time: 0.1 |

2024-09-09 04:08:34,684 - INFO -
| Epoch:    500 | Train loss: 5.6272e-01 | Valid loss: 5.8994e-01 | Train acc: 0.8186 ± 0.0000 | Valid acc: 0.7874 ± 0.0000 | Valid Power: 0.0010 | Train Power: 0.0010 | patience:  64 | lr: 0.025 | Epoch time: 0.1 |

2024-09-09 04:08:35,936 - INFO -
| Epoch:    510 | Train loss: 5.6228e-01 | Valid loss: 5.8970e-01 | Train acc: 0.8186 ± 0.0000 | Valid acc: 0.7874 ± 0.0000 | Valid Power: 0.0010 | Train Power: 0.0010 | patience:  74 | lr: 0.025 | Epoch time: 0.1 |

2024-09-09 04:08:37,187 - INFO -
| Epoch:    520 | Train loss: 5.6182e-01 | Valid loss: 5.8932e-01 | Train acc: 0.8186 ± 0.0000 | Valid acc: 0.7874 ± 0.0000 | Valid Power: 0.0010 | Train Power: 0.0010 | patience:  84 | lr: 0.025 | Epoch time: 0.1 |

2024-09-09 04:08:38,447 - INFO -
| Epoch:    530 | Train loss: 5.6133e-01 | Valid loss: 5.8892e-01 | Train acc: 0.8186 ± 0.0000 | Valid acc: 0.7874 ± 0.0000 | Valid Power: 0.0010 | Train Power: 0.0010 | patience:  94 | lr: 0.025 | Epoch time: 0.1 |

2024-09-09 04:08:39,324 - INFO -
load best network to warm start training with lower lr.

2024-09-09 04:08:39,325 - INFO -
lr update to 0.0125.

2024-09-09 04:08:39,701 - INFO -
| Epoch:    540 | Train loss: 5.8494e-01 | Valid loss: 5.9275e-01 | Train acc: 0.8186 ± 0.0000 | Valid acc: 0.7874 ± 0.0000 | Valid Power: 0.0010 | Train Power: 0.0010 | patience:   3 | lr: 0.0125 | Epoch time: 0.1 |

2024-09-09 04:08:40,953 - INFO -
| Epoch:    550 | Train loss: 5.8262e-01 | Valid loss: 5.9352e-01 | Train acc: 0.8186 ± 0.0000 | Valid acc: 0.7874 ± 0.0000 | Valid Power: 0.0010 | Train Power: 0.0010 | patience:  13 | lr: 0.0125 | Epoch time: 0.1 |

2024-09-09 04:08:42,204 - INFO -
| Epoch:    560 | Train loss: 5.7934e-01 | Valid loss: 5.9366e-01 | Train acc: 0.8186 ± 0.0000 | Valid acc: 0.7874 ± 0.0000 | Valid Power: 0.0010 | Train Power: 0.0010 | patience:  23 | lr: 0.0125 | Epoch time: 0.1 |

2024-09-09 04:08:43,457 - INFO -
| Epoch:    570 | Train loss: 5.7517e-01 | Valid loss: 5.9511e-01 | Train acc: 0.8186 ± 0.0000 | Valid acc: 0.7874 ± 0.0000 | Valid Power: 0.0010 | Train Power: 0.0010 | patience:  33 | lr: 0.0125 | Epoch time: 0.1 |

2024-09-09 04:08:44,708 - INFO -
| Epoch:    580 | Train loss: 5.7176e-01 | Valid loss: 5.9677e-01 | Train acc: 0.8186 ± 0.0000 | Valid acc: 0.7874 ± 0.0000 | Valid Power: 0.0010 | Train Power: 0.0010 | patience:  43 | lr: 0.0125 | Epoch time: 0.1 |

2024-09-09 04:08:45,959 - INFO -
| Epoch:    590 | Train loss: 5.6973e-01 | Valid loss: 5.9830e-01 | Train acc: 0.8186 ± 0.0000 | Valid acc: 0.7874 ± 0.0000 | Valid Power: 0.0010 | Train Power: 0.0010 | patience:  53 | lr: 0.0125 | Epoch time: 0.1 |

2024-09-09 04:08:47,210 - INFO -
| Epoch:    600 | Train loss: 5.6819e-01 | Valid loss: 5.9833e-01 | Train acc: 0.8186 ± 0.0000 | Valid acc: 0.7874 ± 0.0000 | Valid Power: 0.0010 | Train Power: 0.0010 | patience:  63 | lr: 0.0125 | Epoch time: 0.1 |

2024-09-09 04:08:48,461 - INFO -
| Epoch:    610 | Train loss: 5.6643e-01 | Valid loss: 5.9734e-01 | Train acc: 0.8186 ± 0.0000 | Valid acc: 0.7874 ± 0.0000 | Valid Power: 0.0010 | Train Power: 0.0010 | patience:  73 | lr: 0.0125 | Epoch time: 0.1 |

2024-09-09 04:08:49,714 - INFO -
| Epoch:    620 | Train loss: 5.6538e-01 | Valid loss: 5.9580e-01 | Train acc: 0.8186 ± 0.0000 | Valid acc: 0.7874 ± 0.0000 | Valid Power: 0.0010 | Train Power: 0.0010 | patience:  83 | lr: 0.0125 | Epoch time: 0.1 |

2024-09-09 04:08:51,060 - INFO -
| Epoch:    630 | Train loss: 5.6432e-01 | Valid loss: 5.9263e-01 | Train acc: 0.8186 ± 0.0000 | Valid acc: 0.7874 ± 0.0000 | Valid Power: 0.0010 | Train Power: 0.0010 | patience:  93 | lr: 0.0125 | Epoch time: 0.1 |

2024-09-09 04:08:52,064 - INFO -
load best network to warm start training with lower lr.

2024-09-09 04:08:52,064 - INFO -
lr update to 0.00625.

2024-09-09 04:08:52,314 - INFO -
| Epoch:    640 | Train loss: 5.7184e-01 | Valid loss: 5.8795e-01 | Train acc: 0.8186 ± 0.0000 | Valid acc: 0.7874 ± 0.0000 | Valid Power: 0.0010 | Train Power: 0.0010 | patience:   2 | lr: 0.00625 | Epoch time: 0.1 |

2024-09-09 04:08:53,569 - INFO -
| Epoch:    650 | Train loss: 5.6760e-01 | Valid loss: 5.8826e-01 | Train acc: 0.8186 ± 0.0000 | Valid acc: 0.7874 ± 0.0000 | Valid Power: 0.0010 | Train Power: 0.0010 | patience:   9 | lr: 0.00625 | Epoch time: 0.1 |

2024-09-09 04:08:54,819 - INFO -
| Epoch:    660 | Train loss: 5.6694e-01 | Valid loss: 5.8786e-01 | Train acc: 0.8186 ± 0.0000 | Valid acc: 0.7874 ± 0.0000 | Valid Power: 0.0010 | Train Power: 0.0010 | patience:  19 | lr: 0.00625 | Epoch time: 0.1 |

2024-09-09 04:08:56,072 - INFO -
| Epoch:    670 | Train loss: 5.6640e-01 | Valid loss: 5.8802e-01 | Train acc: 0.8186 ± 0.0000 | Valid acc: 0.7874 ± 0.0000 | Valid Power: 0.0010 | Train Power: 0.0010 | patience:  29 | lr: 0.00625 | Epoch time: 0.1 |

2024-09-09 04:08:57,325 - INFO -
| Epoch:    680 | Train loss: 5.6593e-01 | Valid loss: 5.8815e-01 | Train acc: 0.8186 ± 0.0000 | Valid acc: 0.7874 ± 0.0000 | Valid Power: 0.0010 | Train Power: 0.0010 | patience:  39 | lr: 0.00625 | Epoch time: 0.1 |

2024-09-09 04:08:58,578 - INFO -
| Epoch:    690 | Train loss: 5.6552e-01 | Valid loss: 5.8840e-01 | Train acc: 0.8186 ± 0.0000 | Valid acc: 0.7874 ± 0.0000 | Valid Power: 0.0010 | Train Power: 0.0010 | patience:  49 | lr: 0.00625 | Epoch time: 0.1 |

2024-09-09 04:08:59,828 - INFO -
| Epoch:    700 | Train loss: 5.6506e-01 | Valid loss: 5.8867e-01 | Train acc: 0.8186 ± 0.0000 | Valid acc: 0.7874 ± 0.0000 | Valid Power: 0.0010 | Train Power: 0.0010 | patience:  59 | lr: 0.00625 | Epoch time: 0.1 |

2024-09-09 04:09:01,155 - INFO -
| Epoch:    710 | Train loss: 5.6473e-01 | Valid loss: 5.8921e-01 | Train acc: 0.8186 ± 0.0000 | Valid acc: 0.7874 ± 0.0000 | Valid Power: 0.0010 | Train Power: 0.0010 | patience:  69 | lr: 0.00625 | Epoch time: 0.2 |

2024-09-09 04:09:02,405 - INFO -
| Epoch:    720 | Train loss: 5.6445e-01 | Valid loss: 5.8941e-01 | Train acc: 0.8186 ± 0.0000 | Valid acc: 0.7874 ± 0.0000 | Valid Power: 0.0010 | Train Power: 0.0010 | patience:  79 | lr: 0.00625 | Epoch time: 0.1 |

2024-09-09 04:09:03,662 - INFO -
| Epoch:    730 | Train loss: 5.6421e-01 | Valid loss: 5.8973e-01 | Train acc: 0.8186 ± 0.0000 | Valid acc: 0.7874 ± 0.0000 | Valid Power: 0.0010 | Train Power: 0.0010 | patience:  89 | lr: 0.00625 | Epoch time: 0.1 |

2024-09-09 04:09:04,915 - INFO -
| Epoch:    740 | Train loss: 5.6400e-01 | Valid loss: 5.8985e-01 | Train acc: 0.8186 ± 0.0000 | Valid acc: 0.7874 ± 0.0000 | Valid Power: 0.0010 | Train Power: 0.0010 | patience:  99 | lr: 0.00625 | Epoch time: 0.1 |

2024-09-09 04:09:05,170 - INFO -
load best network to warm start training with lower lr.

2024-09-09 04:09:05,170 - INFO -
lr update to 0.003125.

2024-09-09 04:09:06,170 - INFO -
| Epoch:    750 | Train loss: 5.6612e-01 | Valid loss: 5.8991e-01 | Train acc: 0.8186 ± 0.0000 | Valid acc: 0.7874 ± 0.0000 | Valid Power: 0.0010 | Train Power: 0.0010 | patience:   8 | lr: 0.003125 | Epoch time: 0.1 |

2024-09-09 04:09:07,417 - INFO -
| Epoch:    760 | Train loss: 5.6550e-01 | Valid loss: 5.9100e-01 | Train acc: 0.8186 ± 0.0000 | Valid acc: 0.7874 ± 0.0000 | Valid Power: 0.0010 | Train Power: 0.0010 | patience:  18 | lr: 0.003125 | Epoch time: 0.1 |

2024-09-09 04:09:08,663 - INFO -
| Epoch:    770 | Train loss: 5.6522e-01 | Valid loss: 5.9072e-01 | Train acc: 0.8186 ± 0.0000 | Valid acc: 0.7874 ± 0.0000 | Valid Power: 0.0010 | Train Power: 0.0010 | patience:  28 | lr: 0.003125 | Epoch time: 0.1 |

2024-09-09 04:09:09,911 - INFO -
| Epoch:    780 | Train loss: 5.6486e-01 | Valid loss: 5.9025e-01 | Train acc: 0.8186 ± 0.0000 | Valid acc: 0.7874 ± 0.0000 | Valid Power: 0.0010 | Train Power: 0.0010 | patience:  38 | lr: 0.003125 | Epoch time: 0.1 |

2024-09-09 04:09:11,159 - INFO -
| Epoch:    790 | Train loss: 5.6458e-01 | Valid loss: 5.9067e-01 | Train acc: 0.8186 ± 0.0000 | Valid acc: 0.7874 ± 0.0000 | Valid Power: 0.0010 | Train Power: 0.0010 | patience:  48 | lr: 0.003125 | Epoch time: 0.1 |

2024-09-09 04:09:12,407 - INFO -
| Epoch:    800 | Train loss: 5.6423e-01 | Valid loss: 5.9088e-01 | Train acc: 0.8186 ± 0.0000 | Valid acc: 0.7874 ± 0.0000 | Valid Power: 0.0010 | Train Power: 0.0010 | patience:  58 | lr: 0.003125 | Epoch time: 0.1 |

2024-09-09 04:09:13,653 - INFO -
| Epoch:    810 | Train loss: 5.6395e-01 | Valid loss: 5.9096e-01 | Train acc: 0.8186 ± 0.0000 | Valid acc: 0.7874 ± 0.0000 | Valid Power: 0.0010 | Train Power: 0.0010 | patience:  68 | lr: 0.003125 | Epoch time: 0.1 |

2024-09-09 04:09:14,897 - INFO -
| Epoch:    820 | Train loss: 5.6371e-01 | Valid loss: 5.9116e-01 | Train acc: 0.8186 ± 0.0000 | Valid acc: 0.7874 ± 0.0000 | Valid Power: 0.0010 | Train Power: 0.0010 | patience:  78 | lr: 0.003125 | Epoch time: 0.1 |

2024-09-09 04:09:16,141 - INFO -
| Epoch:    830 | Train loss: 5.6350e-01 | Valid loss: 5.9140e-01 | Train acc: 0.8186 ± 0.0000 | Valid acc: 0.7874 ± 0.0000 | Valid Power: 0.0010 | Train Power: 0.0010 | patience:  88 | lr: 0.003125 | Epoch time: 0.1 |

2024-09-09 04:09:17,384 - INFO -
| Epoch:    840 | Train loss: 5.6330e-01 | Valid loss: 5.9158e-01 | Train acc: 0.8186 ± 0.0000 | Valid acc: 0.7874 ± 0.0000 | Valid Power: 0.0010 | Train Power: 0.0010 | patience:  98 | lr: 0.003125 | Epoch time: 0.1 |

2024-09-09 04:09:17,761 - INFO -
load best network to warm start training with lower lr.

2024-09-09 04:09:17,761 - INFO -
lr update to 0.0015625.

2024-09-09 04:09:18,637 - INFO -
| Epoch:    850 | Train loss: 5.6601e-01 | Valid loss: 5.8962e-01 | Train acc: 0.8186 ± 0.0000 | Valid acc: 0.7874 ± 0.0000 | Valid Power: 0.0010 | Train Power: 0.0010 | patience:   6 | lr: 0.0015625 | Epoch time: 0.1 |

2024-09-09 04:09:19,882 - INFO -
| Epoch:    860 | Train loss: 5.6595e-01 | Valid loss: 5.9114e-01 | Train acc: 0.8186 ± 0.0000 | Valid acc: 0.7874 ± 0.0000 | Valid Power: 0.0010 | Train Power: 0.0010 | patience:  16 | lr: 0.0015625 | Epoch time: 0.1 |

2024-09-09 04:09:21,126 - INFO -
| Epoch:    870 | Train loss: 5.6563e-01 | Valid loss: 5.9055e-01 | Train acc: 0.8186 ± 0.0000 | Valid acc: 0.7874 ± 0.0000 | Valid Power: 0.0010 | Train Power: 0.0010 | patience:  26 | lr: 0.0015625 | Epoch time: 0.1 |

2024-09-09 04:09:22,371 - INFO -
| Epoch:    880 | Train loss: 5.6547e-01 | Valid loss: 5.9023e-01 | Train acc: 0.8186 ± 0.0000 | Valid acc: 0.7874 ± 0.0000 | Valid Power: 0.0010 | Train Power: 0.0010 | patience:  36 | lr: 0.0015625 | Epoch time: 0.1 |

2024-09-09 04:09:23,716 - INFO -
| Epoch:    890 | Train loss: 5.6529e-01 | Valid loss: 5.9024e-01 | Train acc: 0.8186 ± 0.0000 | Valid acc: 0.7874 ± 0.0000 | Valid Power: 0.0010 | Train Power: 0.0010 | patience:  46 | lr: 0.0015625 | Epoch time: 0.1 |

2024-09-09 04:09:24,959 - INFO -
| Epoch:    900 | Train loss: 5.6513e-01 | Valid loss: 5.9034e-01 | Train acc: 0.8186 ± 0.0000 | Valid acc: 0.7874 ± 0.0000 | Valid Power: 0.0010 | Train Power: 0.0010 | patience:  56 | lr: 0.0015625 | Epoch time: 0.1 |

2024-09-09 04:09:26,203 - INFO -
| Epoch:    910 | Train loss: 5.6497e-01 | Valid loss: 5.9045e-01 | Train acc: 0.8186 ± 0.0000 | Valid acc: 0.7874 ± 0.0000 | Valid Power: 0.0010 | Train Power: 0.0010 | patience:  66 | lr: 0.0015625 | Epoch time: 0.1 |

2024-09-09 04:09:27,447 - INFO -
| Epoch:    920 | Train loss: 5.6482e-01 | Valid loss: 5.9054e-01 | Train acc: 0.8186 ± 0.0000 | Valid acc: 0.7874 ± 0.0000 | Valid Power: 0.0010 | Train Power: 0.0010 | patience:  76 | lr: 0.0015625 | Epoch time: 0.1 |

2024-09-09 04:09:28,689 - INFO -
| Epoch:    930 | Train loss: 5.6468e-01 | Valid loss: 5.9063e-01 | Train acc: 0.8186 ± 0.0000 | Valid acc: 0.7874 ± 0.0000 | Valid Power: 0.0010 | Train Power: 0.0010 | patience:  86 | lr: 0.0015625 | Epoch time: 0.1 |

2024-09-09 04:09:29,931 - INFO -
| Epoch:    940 | Train loss: 5.6454e-01 | Valid loss: 5.9072e-01 | Train acc: 0.8186 ± 0.0000 | Valid acc: 0.7874 ± 0.0000 | Valid Power: 0.0010 | Train Power: 0.0010 | patience:  96 | lr: 0.0015625 | Epoch time: 0.1 |

2024-09-09 04:09:30,556 - INFO -
load best network to warm start training with lower lr.

2024-09-09 04:09:30,556 - INFO -
lr update to 0.00078125.

2024-09-09 04:09:31,179 - INFO -
| Epoch:    950 | Train loss: 5.6606e-01 | Valid loss: 5.9108e-01 | Train acc: 0.8186 ± 0.0000 | Valid acc: 0.7874 ± 0.0000 | Valid Power: 0.0010 | Train Power: 0.0010 | patience:   5 | lr: 0.00078125 | Epoch time: 0.1 |

2024-09-09 04:09:32,427 - INFO -
| Epoch:    960 | Train loss: 5.6610e-01 | Valid loss: 5.8939e-01 | Train acc: 0.8186 ± 0.0000 | Valid acc: 0.7874 ± 0.0000 | Valid Power: 0.0010 | Train Power: 0.0010 | patience:  15 | lr: 0.00078125 | Epoch time: 0.1 |

2024-09-09 04:09:33,666 - INFO -
| Epoch:    970 | Train loss: 5.6587e-01 | Valid loss: 5.9052e-01 | Train acc: 0.8186 ± 0.0000 | Valid acc: 0.7874 ± 0.0000 | Valid Power: 0.0010 | Train Power: 0.0010 | patience:  25 | lr: 0.00078125 | Epoch time: 0.1 |

2024-09-09 04:09:34,888 - INFO -
| Epoch:    980 | Train loss: 5.6576e-01 | Valid loss: 5.9060e-01 | Train acc: 0.8186 ± 0.0000 | Valid acc: 0.7874 ± 0.0000 | Valid Power: 0.0010 | Train Power: 0.0010 | patience:  35 | lr: 0.00078125 | Epoch time: 0.1 |

2024-09-09 04:09:36,071 - INFO -
| Epoch:    990 | Train loss: 5.6567e-01 | Valid loss: 5.9025e-01 | Train acc: 0.8186 ± 0.0000 | Valid acc: 0.7874 ± 0.0000 | Valid Power: 0.0010 | Train Power: 0.0010 | patience:  45 | lr: 0.00078125 | Epoch time: 0.1 |

2024-09-09 04:09:37,238 - INFO -
| Epoch:   1000 | Train loss: 5.6557e-01 | Valid loss: 5.9037e-01 | Train acc: 0.8186 ± 0.0000 | Valid acc: 0.7874 ± 0.0000 | Valid Power: 0.0010 | Train Power: 0.0010 | patience:  55 | lr: 0.00078125 | Epoch time: 0.1 |

2024-09-09 04:09:38,402 - INFO -
| Epoch:   1010 | Train loss: 5.6548e-01 | Valid loss: 5.9048e-01 | Train acc: 0.8186 ± 0.0000 | Valid acc: 0.7874 ± 0.0000 | Valid Power: 0.0010 | Train Power: 0.0010 | patience:  65 | lr: 0.00078125 | Epoch time: 0.1 |

2024-09-09 04:09:39,573 - INFO -
| Epoch:   1020 | Train loss: 5.6539e-01 | Valid loss: 5.9048e-01 | Train acc: 0.8186 ± 0.0000 | Valid acc: 0.7874 ± 0.0000 | Valid Power: 0.0010 | Train Power: 0.0010 | patience:  75 | lr: 0.00078125 | Epoch time: 0.1 |

2024-09-09 04:09:40,736 - INFO -
| Epoch:   1030 | Train loss: 5.6531e-01 | Valid loss: 5.9047e-01 | Train acc: 0.8186 ± 0.0000 | Valid acc: 0.7874 ± 0.0000 | Valid Power: 0.0010 | Train Power: 0.0010 | patience:  85 | lr: 0.00078125 | Epoch time: 0.1 |

2024-09-09 04:09:41,987 - INFO -
| Epoch:   1040 | Train loss: 5.6522e-01 | Valid loss: 5.9047e-01 | Train acc: 0.8186 ± 0.0000 | Valid acc: 0.7874 ± 0.0000 | Valid Power: 0.0010 | Train Power: 0.0010 | patience:  95 | lr: 0.00078125 | Epoch time: 0.1 |

2024-09-09 04:09:42,690 - INFO -
load best network to warm start training with lower lr.

2024-09-09 04:09:42,690 - INFO -
lr update to 0.000390625.

2024-09-09 04:09:43,155 - INFO -
| Epoch:   1050 | Train loss: 5.6690e-01 | Valid loss: 5.8797e-01 | Train acc: 0.8186 ± 0.0000 | Valid acc: 0.7874 ± 0.0000 | Valid Power: 0.0010 | Train Power: 0.0010 | patience:   4 | lr: 0.000390625 | Epoch time: 0.1 |

2024-09-09 04:09:44,315 - INFO -
| Epoch:   1060 | Train loss: 5.6623e-01 | Valid loss: 5.9108e-01 | Train acc: 0.8186 ± 0.0000 | Valid acc: 0.7874 ± 0.0000 | Valid Power: 0.0010 | Train Power: 0.0010 | patience:  14 | lr: 0.000390625 | Epoch time: 0.1 |

2024-09-09 04:09:45,464 - INFO -
| Epoch:   1070 | Train loss: 5.6605e-01 | Valid loss: 5.8968e-01 | Train acc: 0.8186 ± 0.0000 | Valid acc: 0.7874 ± 0.0000 | Valid Power: 0.0010 | Train Power: 0.0010 | patience:  24 | lr: 0.000390625 | Epoch time: 0.1 |

2024-09-09 04:09:46,617 - INFO -
| Epoch:   1080 | Train loss: 5.6595e-01 | Valid loss: 5.9074e-01 | Train acc: 0.8186 ± 0.0000 | Valid acc: 0.7874 ± 0.0000 | Valid Power: 0.0010 | Train Power: 0.0010 | patience:  34 | lr: 0.000390625 | Epoch time: 0.1 |

2024-09-09 04:09:47,770 - INFO -
| Epoch:   1090 | Train loss: 5.6588e-01 | Valid loss: 5.9018e-01 | Train acc: 0.8186 ± 0.0000 | Valid acc: 0.7874 ± 0.0000 | Valid Power: 0.0010 | Train Power: 0.0010 | patience:  44 | lr: 0.000390625 | Epoch time: 0.1 |

2024-09-09 04:09:48,924 - INFO -
| Epoch:   1100 | Train loss: 5.6583e-01 | Valid loss: 5.9055e-01 | Train acc: 0.8186 ± 0.0000 | Valid acc: 0.7874 ± 0.0000 | Valid Power: 0.0010 | Train Power: 0.0010 | patience:  54 | lr: 0.000390625 | Epoch time: 0.1 |

2024-09-09 04:09:50,079 - INFO -
| Epoch:   1110 | Train loss: 5.6578e-01 | Valid loss: 5.9034e-01 | Train acc: 0.8186 ± 0.0000 | Valid acc: 0.7874 ± 0.0000 | Valid Power: 0.0010 | Train Power: 0.0010 | patience:  64 | lr: 0.000390625 | Epoch time: 0.1 |

2024-09-09 04:09:51,230 - INFO -
| Epoch:   1120 | Train loss: 5.6573e-01 | Valid loss: 5.9046e-01 | Train acc: 0.8186 ± 0.0000 | Valid acc: 0.7874 ± 0.0000 | Valid Power: 0.0010 | Train Power: 0.0010 | patience:  74 | lr: 0.000390625 | Epoch time: 0.1 |

2024-09-09 04:09:52,453 - INFO -
| Epoch:   1130 | Train loss: 5.6568e-01 | Valid loss: 5.9041e-01 | Train acc: 0.8186 ± 0.0000 | Valid acc: 0.7874 ± 0.0000 | Valid Power: 0.0010 | Train Power: 0.0010 | patience:  84 | lr: 0.000390625 | Epoch time: 0.1 |

2024-09-09 04:09:53,605 - INFO -
| Epoch:   1140 | Train loss: 5.6564e-01 | Valid loss: 5.9042e-01 | Train acc: 0.8186 ± 0.0000 | Valid acc: 0.7874 ± 0.0000 | Valid Power: 0.0010 | Train Power: 0.0010 | patience:  94 | lr: 0.000390625 | Epoch time: 0.1 |

2024-09-09 04:09:54,418 - INFO -
load best network to warm start training with lower lr.

2024-09-09 04:09:54,418 - INFO -
lr update to 0.0001953125.

2024-09-09 04:09:54,765 - INFO -
| Epoch:   1150 | Train loss: 5.6726e-01 | Valid loss: 5.8751e-01 | Train acc: 0.8186 ± 0.0000 | Valid acc: 0.7874 ± 0.0000 | Valid Power: 0.0010 | Train Power: 0.0010 | patience:   3 | lr: 0.0001953125 | Epoch time: 0.1 |

2024-09-09 04:09:55,917 - INFO -
| Epoch:   1160 | Train loss: 5.6630e-01 | Valid loss: 5.8923e-01 | Train acc: 0.8186 ± 0.0000 | Valid acc: 0.7874 ± 0.0000 | Valid Power: 0.0010 | Train Power: 0.0010 | patience:  13 | lr: 0.0001953125 | Epoch time: 0.1 |

2024-09-09 04:09:57,071 - INFO -
| Epoch:   1170 | Train loss: 5.6616e-01 | Valid loss: 5.9107e-01 | Train acc: 0.8186 ± 0.0000 | Valid acc: 0.7874 ± 0.0000 | Valid Power: 0.0010 | Train Power: 0.0010 | patience:  23 | lr: 0.0001953125 | Epoch time: 0.1 |

2024-09-09 04:09:58,224 - INFO -
| Epoch:   1180 | Train loss: 5.6601e-01 | Valid loss: 5.9015e-01 | Train acc: 0.8186 ± 0.0000 | Valid acc: 0.7874 ± 0.0000 | Valid Power: 0.0010 | Train Power: 0.0010 | patience:  33 | lr: 0.0001953125 | Epoch time: 0.1 |

2024-09-09 04:09:59,335 - INFO -
| Epoch:   1190 | Train loss: 5.6600e-01 | Valid loss: 5.9020e-01 | Train acc: 0.8186 ± 0.0000 | Valid acc: 0.7874 ± 0.0000 | Valid Power: 0.0010 | Train Power: 0.0010 | patience:  43 | lr: 0.0001953125 | Epoch time: 0.1 |

2024-09-09 04:10:00,425 - INFO -
| Epoch:   1200 | Train loss: 5.6596e-01 | Valid loss: 5.9058e-01 | Train acc: 0.8186 ± 0.0000 | Valid acc: 0.7874 ± 0.0000 | Valid Power: 0.0010 | Train Power: 0.0010 | patience:  53 | lr: 0.0001953125 | Epoch time: 0.1 |

2024-09-09 04:10:01,521 - INFO -
| Epoch:   1210 | Train loss: 5.6593e-01 | Valid loss: 5.9034e-01 | Train acc: 0.8186 ± 0.0000 | Valid acc: 0.7874 ± 0.0000 | Valid Power: 0.0010 | Train Power: 0.0010 | patience:  63 | lr: 0.0001953125 | Epoch time: 0.1 |

2024-09-09 04:10:02,607 - INFO -
| Epoch:   1220 | Train loss: 5.6591e-01 | Valid loss: 5.9042e-01 | Train acc: 0.8186 ± 0.0000 | Valid acc: 0.7874 ± 0.0000 | Valid Power: 0.0010 | Train Power: 0.0010 | patience:  73 | lr: 0.0001953125 | Epoch time: 0.1 |

2024-09-09 04:10:03,664 - INFO -
| Epoch:   1230 | Train loss: 5.6588e-01 | Valid loss: 5.9044e-01 | Train acc: 0.8186 ± 0.0000 | Valid acc: 0.7874 ± 0.0000 | Valid Power: 0.0010 | Train Power: 0.0010 | patience:  83 | lr: 0.0001953125 | Epoch time: 0.1 |

2024-09-09 04:10:04,726 - INFO -
| Epoch:   1240 | Train loss: 5.6586e-01 | Valid loss: 5.9040e-01 | Train acc: 0.8186 ± 0.0000 | Valid acc: 0.7874 ± 0.0000 | Valid Power: 0.0010 | Train Power: 0.0010 | patience:  93 | lr: 0.0001953125 | Epoch time: 0.1 |

2024-09-09 04:10:05,573 - INFO -
load best network to warm start training with lower lr.

2024-09-09 04:10:05,574 - INFO -
lr update to 9.765625e-05.

2024-09-09 04:10:05,574 - INFO -
Early stop.

2024-09-09 04:10:05,581 - INFO -
Training if finished.

2024-09-09 16:19:07,002 - INFO -
Configuration: 
gmin                0.01
gmax                10.0
T                   0.1
m                   0.3
type_nonlinear      normal
act                 tanh
ACT_R1n             12.7865
ACT_R2n             -3.1871
ACT_W1n             -10.4537
ACT_L1n             10.546
ACT_W2n             -5.8496
ACT_L2n             4.2337
S_R1n               -11.7481
S_R2n               -0.3905
S_W1n               -9.169
S_L1n               0.3913
S_W2n               7.2004
S_L2n               15.5558
ReLU_RHn            -1.9557
ReLU_RLn            -20.1581
ReLU_RDn            16.6486
ReLU_RBn            -14.3472
ReLU_Wn             16.655
ReLU_Ln             -21.7591
HS_Rn               -0.3766
HS_Wn               0.5192
HS_Ln               4.6293
NEG_R1n             -7.0846
NEG_R2n             -2.5695
NEG_R3n             16.1542
NEG_W1n             13.8696
NEG_L1n             2.7635
NEG_W2n             1.2674
NEG_L2n             -10.4803
NEG_W3n             -6.4386
NEG_L3n             5.1005
task                normal
DATASET             4
DataPath            ./dataset
InputNoise          0.0
IN_test             0.0
R_train             1
R_test              1
N_time              32
pathnorm            False
hidden              [3]
skipconnection      False
SEED                5
DEVICE              cpu
PATIENCE            500
EPOCH               10000000000
LR                  0.1
PROGRESSIVE         True
LR_PATIENCE         100
LR_DECAY            0.5
LR_MIN              0.0001
metric              acc
SoftEva             True
TIMELIMITATION      71
MODE                nominal
M_train             1
K_train             1
M_test              1
K_test              1
t_test_max          1
integration         MC
N_train             1
e_train             0.0
N_test              100
e_test              0.1
e_fault             2
fault_ratio         0.0
N_fault             50
e_fault_test        0
N_fault_test        50
dropout             0.0
lagrangian_loss     False
rho                 100
powerestimator      none
powerbalance        0.0
estimatorbalance    0.0
pgmin               1e-07
power_ratio         1000
lambda_P            100
areaestimator       none
areabalance         0.0
area_theta          0.15
area_act            30.0
area_neg            22.7
lambda_A            0.001
lnc                 False
projectname         tanh_0_FaultAnalysisNormal
temppath            ./tanh_0_FaultAnalysisNormal/temp/
logfilepath         ./tanh_0_FaultAnalysisNormal/log/
report_freq         10
recording           False
recordpath          ./tanh_0_FaultAnalysisNormal/record/
savepath            ./tanh_0_FaultAnalysisNormal/models/
loglevel            info


2024-09-09 16:19:07,024 - INFO -
Training network on device: cpu.

2024-09-09 16:19:07,025 - INFO -
Training setup: data_04_energyy1_seed_05_epsilon_0.0_dropout_0.0_fault_ratio_0.0.model.

2024-09-09 16:19:07,025 - INFO -
{'dataname': 'energyy1', 'N_feature': 8, 'N_class': 3, 'N_train': 397, 'N_valid': 127, 'N_test': 79}

2024-09-09 16:19:07,025 - INFO -
Training was already finished.

2024-09-11 18:17:00,903 - INFO -
Configuration: 
gmin                0.01
gmax                10.0
T                   0.1
m                   0.3
type_nonlinear      normal
act                 tanh
ACT_R1n             12.7865
ACT_R2n             -3.1871
ACT_W1n             -10.4537
ACT_L1n             10.546
ACT_W2n             -5.8496
ACT_L2n             4.2337
S_R1n               -11.7481
S_R2n               -0.3905
S_W1n               -9.169
S_L1n               0.3913
S_W2n               7.2004
S_L2n               15.5558
ReLU_RHn            -1.9557
ReLU_RLn            -20.1581
ReLU_RDn            16.6486
ReLU_RBn            -14.3472
ReLU_Wn             16.655
ReLU_Ln             -21.7591
HS_Rn               -0.3766
HS_Wn               0.5192
HS_Ln               4.6293
NEG_R1n             -7.0846
NEG_R2n             -2.5695
NEG_R3n             16.1542
NEG_W1n             13.8696
NEG_L1n             2.7635
NEG_W2n             1.2674
NEG_L2n             -10.4803
NEG_W3n             -6.4386
NEG_L3n             5.1005
task                normal
DATASET             4
DataPath            ./dataset
InputNoise          0.0
IN_test             0.0
R_train             1
R_test              1
N_time              32
pathnorm            False
hidden              [3]
skipconnection      False
SEED                5
DEVICE              cpu
PATIENCE            500
EPOCH               10000000000
LR                  0.1
PROGRESSIVE         True
LR_PATIENCE         100
LR_DECAY            0.5
LR_MIN              0.0001
metric              acc
SoftEva             True
TIMELIMITATION      71
MODE                nominal
M_train             1
K_train             1
M_test              1
K_test              1
t_test_max          1
integration         MC
N_train             1
e_train             0.0
N_test              100
e_test              0.1
e_fault             2
fault_ratio         0.0
N_fault             50
e_fault_test        0
N_fault_test        50
dropout             0.0
lagrangian_loss     False
rho                 100
powerestimator      none
powerbalance        0.0
estimatorbalance    0.0
pgmin               1e-07
power_ratio         1000
lambda_P            100
areaestimator       none
areabalance         0.0
area_theta          0.15
area_act            30.0
area_neg            22.7
lambda_A            0.001
lnc                 False
projectname         tanh_0_FaultAnalysisNormal
temppath            ./tanh_0_FaultAnalysisNormal/temp/
logfilepath         ./tanh_0_FaultAnalysisNormal/log/
report_freq         10
recording           False
recordpath          ./tanh_0_FaultAnalysisNormal/record/
savepath            ./tanh_0_FaultAnalysisNormal/models/
loglevel            info


2024-09-11 18:17:00,918 - INFO -
Training network on device: cpu.

2024-09-11 18:17:00,918 - INFO -
Training setup: data_04_energyy1_seed_05_epsilon_0.0_dropout_0.0_fault_ratio_0.0.model.

2024-09-11 18:17:00,918 - INFO -
{'dataname': 'energyy1', 'N_feature': 8, 'N_class': 3, 'N_train': 397, 'N_valid': 127, 'N_test': 79}

2024-09-11 18:17:00,919 - INFO -
Training was already finished.

2024-09-12 04:38:03,934 - INFO -
Configuration: 
gmin                0.01
gmax                10.0
T                   0.1
m                   0.3
type_nonlinear      normal
act                 tanh
ACT_R1n             12.7865
ACT_R2n             -3.1871
ACT_W1n             -10.4537
ACT_L1n             10.546
ACT_W2n             -5.8496
ACT_L2n             4.2337
S_R1n               -11.7481
S_R2n               -0.3905
S_W1n               -9.169
S_L1n               0.3913
S_W2n               7.2004
S_L2n               15.5558
ReLU_RHn            -1.9557
ReLU_RLn            -20.1581
ReLU_RDn            16.6486
ReLU_RBn            -14.3472
ReLU_Wn             16.655
ReLU_Ln             -21.7591
HS_Rn               -0.3766
HS_Wn               0.5192
HS_Ln               4.6293
NEG_R1n             -7.0846
NEG_R2n             -2.5695
NEG_R3n             16.1542
NEG_W1n             13.8696
NEG_L1n             2.7635
NEG_W2n             1.2674
NEG_L2n             -10.4803
NEG_W3n             -6.4386
NEG_L3n             5.1005
task                normal
DATASET             4
DataPath            ./dataset
InputNoise          0.0
IN_test             0.0
R_train             1
R_test              1
N_time              32
pathnorm            False
hidden              [3]
skipconnection      False
SEED                5
DEVICE              cpu
PATIENCE            500
EPOCH               10000000000
LR                  0.1
PROGRESSIVE         True
LR_PATIENCE         100
LR_DECAY            0.5
LR_MIN              0.0001
metric              acc
SoftEva             True
TIMELIMITATION      71
MODE                nominal
M_train             1
K_train             1
M_test              1
K_test              1
t_test_max          1
integration         MC
N_train             1
e_train             0.0
N_test              100
e_test              0.1
e_fault             2
fault_ratio         0.0
N_fault             50
e_fault_test        0
N_fault_test        50
dropout             0.0
lagrangian_loss     False
rho                 100
powerestimator      none
powerbalance        0.0
estimatorbalance    0.0
pgmin               1e-07
power_ratio         1000
lambda_P            100
areaestimator       none
areabalance         0.0
area_theta          0.15
area_act            30.0
area_neg            22.7
lambda_A            0.001
lnc                 False
projectname         tanh_0_FaultAnalysisNormal
temppath            ./tanh_0_FaultAnalysisNormal/temp/
logfilepath         ./tanh_0_FaultAnalysisNormal/log/
report_freq         10
recording           False
recordpath          ./tanh_0_FaultAnalysisNormal/record/
savepath            ./tanh_0_FaultAnalysisNormal/models/
loglevel            info


2024-09-12 04:38:03,946 - INFO -
Training network on device: cpu.

2024-09-12 04:38:03,946 - INFO -
Training setup: data_04_energyy1_seed_05_epsilon_0.0_dropout_0.0_fault_ratio_0.0.model.

2024-09-12 04:38:03,946 - INFO -
{'dataname': 'energyy1', 'N_feature': 8, 'N_class': 3, 'N_train': 397, 'N_valid': 127, 'N_test': 79}

2024-09-12 04:38:03,946 - INFO -
Training was already finished.

