2024-09-09 10:24:12,387 - INFO -
Configuration: 
gmin                0.01
gmax                10.0
T                   0.1
m                   0.3
type_nonlinear      normal
act                 tanh
ACT_R1n             12.7865
ACT_R2n             -3.1871
ACT_W1n             -10.4537
ACT_L1n             10.546
ACT_W2n             -5.8496
ACT_L2n             4.2337
S_R1n               -11.7481
S_R2n               -0.3905
S_W1n               -9.169
S_L1n               0.3913
S_W2n               7.2004
S_L2n               15.5558
ReLU_RHn            -1.9557
ReLU_RLn            -20.1581
ReLU_RDn            16.6486
ReLU_RBn            -14.3472
ReLU_Wn             16.655
ReLU_Ln             -21.7591
HS_Rn               -0.3766
HS_Wn               0.5192
HS_Ln               4.6293
NEG_R1n             -7.0846
NEG_R2n             -2.5695
NEG_R3n             16.1542
NEG_W1n             13.8696
NEG_L1n             2.7635
NEG_W2n             1.2674
NEG_L2n             -10.4803
NEG_W3n             -6.4386
NEG_L3n             5.1005
task                normal
DATASET             1
DataPath            ./dataset
InputNoise          0.0
IN_test             0.0
R_train             1
R_test              1
N_time              32
pathnorm            False
hidden              [3]
skipconnection      False
SEED                7
DEVICE              cpu
PATIENCE            500
EPOCH               10000000000
LR                  0.1
PROGRESSIVE         True
LR_PATIENCE         100
LR_DECAY            0.5
LR_MIN              0.0001
metric              acc
SoftEva             True
TIMELIMITATION      71
MODE                nominal
M_train             1
K_train             1
M_test              1
K_test              1
t_test_max          1
integration         MC
N_train             1
e_train             0.0
N_test              100
e_test              0.1
e_fault             2
fault_ratio         0.0
N_fault             50
e_fault_test        0
N_fault_test        50
dropout             0.0
lagrangian_loss     False
rho                 100
powerestimator      none
powerbalance        0.0
estimatorbalance    0.0
pgmin               1e-07
power_ratio         1000
lambda_P            100
areaestimator       none
areabalance         0.0
area_theta          0.15
area_act            30.0
area_neg            22.7
lambda_A            0.001
lnc                 False
projectname         tanh_0_FaultAnalysisNormal
temppath            ./tanh_0_FaultAnalysisNormal/temp/
logfilepath         ./tanh_0_FaultAnalysisNormal/log/
report_freq         10
recording           False
recordpath          ./tanh_0_FaultAnalysisNormal/record/
savepath            ./tanh_0_FaultAnalysisNormal/models/
loglevel            info


2024-09-09 10:24:12,388 - INFO -
Training network on device: cpu.

2024-09-09 10:24:12,388 - INFO -
Training setup: data_01_balancescale_seed_07_epsilon_0.0_dropout_0.0_fault_ratio_0.0.model.

2024-09-09 10:24:12,388 - INFO -
{'dataname': 'balancescale', 'N_feature': 4, 'N_class': 3, 'N_train': 373, 'N_valid': 124, 'N_test': 79}

2024-09-09 10:24:12,389 - INFO -
Topology of the network: [4, 3, 3].

2024-09-09 10:24:32,114 - INFO -
| Epoch:      0 | Train loss: 1.0987e+00 | Valid loss: 1.0793e+00 | Train acc: 0.0751 ± 0.0000 | Valid acc: 0.4758 ± 0.0000 | Valid Power: 0.0006 | Train Power: 0.0005 | patience:   0 | lr: 0.1 | Epoch time: 1.0 |

2024-09-09 10:24:33,168 - INFO -
| Epoch:     10 | Train loss: 9.1192e-01 | Valid loss: 8.5994e-01 | Train acc: 0.4799 ± 0.0000 | Valid acc: 0.4516 ± 0.0000 | Valid Power: 0.0007 | Train Power: 0.0007 | patience:   0 | lr: 0.1 | Epoch time: 0.1 |

2024-09-09 10:24:34,251 - INFO -
| Epoch:     20 | Train loss: 9.0788e-01 | Valid loss: 8.5027e-01 | Train acc: 0.4799 ± 0.0000 | Valid acc: 0.4516 ± 0.0000 | Valid Power: 0.0007 | Train Power: 0.0007 | patience:   0 | lr: 0.1 | Epoch time: 0.1 |

2024-09-09 10:24:35,317 - INFO -
| Epoch:     30 | Train loss: 9.0723e-01 | Valid loss: 8.5012e-01 | Train acc: 0.4799 ± 0.0000 | Valid acc: 0.4516 ± 0.0000 | Valid Power: 0.0007 | Train Power: 0.0007 | patience:   5 | lr: 0.1 | Epoch time: 0.1 |

2024-09-09 10:24:36,364 - INFO -
| Epoch:     40 | Train loss: 9.0712e-01 | Valid loss: 8.5002e-01 | Train acc: 0.4799 ± 0.0000 | Valid acc: 0.4516 ± 0.0000 | Valid Power: 0.0007 | Train Power: 0.0007 | patience:   0 | lr: 0.1 | Epoch time: 0.1 |

2024-09-09 10:24:37,537 - INFO -
| Epoch:     50 | Train loss: 9.0706e-01 | Valid loss: 8.4953e-01 | Train acc: 0.4799 ± 0.0000 | Valid acc: 0.4516 ± 0.0000 | Valid Power: 0.0007 | Train Power: 0.0007 | patience:   0 | lr: 0.1 | Epoch time: 0.1 |

2024-09-09 10:24:38,612 - INFO -
| Epoch:     60 | Train loss: 9.0698e-01 | Valid loss: 8.4922e-01 | Train acc: 0.4799 ± 0.0000 | Valid acc: 0.4516 ± 0.0000 | Valid Power: 0.0008 | Train Power: 0.0007 | patience:   0 | lr: 0.1 | Epoch time: 0.1 |

2024-09-09 10:24:39,679 - INFO -
| Epoch:     70 | Train loss: 9.0678e-01 | Valid loss: 8.4917e-01 | Train acc: 0.4799 ± 0.0000 | Valid acc: 0.4516 ± 0.0000 | Valid Power: 0.0008 | Train Power: 0.0008 | patience:   3 | lr: 0.1 | Epoch time: 0.1 |

2024-09-09 10:24:40,738 - INFO -
| Epoch:     80 | Train loss: 9.0588e-01 | Valid loss: 8.4899e-01 | Train acc: 0.4799 ± 0.0000 | Valid acc: 0.4516 ± 0.0000 | Valid Power: 0.0007 | Train Power: 0.0007 | patience:   0 | lr: 0.1 | Epoch time: 0.1 |

2024-09-09 10:24:41,823 - INFO -
| Epoch:     90 | Train loss: 8.8180e-01 | Valid loss: 8.1502e-01 | Train acc: 0.6649 ± 0.0000 | Valid acc: 0.7258 ± 0.0000 | Valid Power: 0.0007 | Train Power: 0.0007 | patience:   0 | lr: 0.1 | Epoch time: 0.1 |

2024-09-09 10:24:42,892 - INFO -
| Epoch:    100 | Train loss: 7.8811e-01 | Valid loss: 7.4600e-01 | Train acc: 0.6971 ± 0.0000 | Valid acc: 0.7016 ± 0.0000 | Valid Power: 0.0007 | Train Power: 0.0007 | patience:   1 | lr: 0.1 | Epoch time: 0.1 |

2024-09-09 10:24:43,943 - INFO -
| Epoch:    110 | Train loss: 8.2882e-01 | Valid loss: 8.1524e-01 | Train acc: 0.6595 ± 0.0000 | Valid acc: 0.6694 ± 0.0000 | Valid Power: 0.0007 | Train Power: 0.0007 | patience:  11 | lr: 0.1 | Epoch time: 0.1 |

2024-09-09 10:24:44,986 - INFO -
| Epoch:    120 | Train loss: 8.1561e-01 | Valid loss: 7.6238e-01 | Train acc: 0.6702 ± 0.0000 | Valid acc: 0.6694 ± 0.0000 | Valid Power: 0.0007 | Train Power: 0.0007 | patience:  21 | lr: 0.1 | Epoch time: 0.1 |

2024-09-09 10:24:46,029 - INFO -
| Epoch:    130 | Train loss: 7.9813e-01 | Valid loss: 7.7973e-01 | Train acc: 0.6702 ± 0.0000 | Valid acc: 0.6694 ± 0.0000 | Valid Power: 0.0007 | Train Power: 0.0007 | patience:  31 | lr: 0.1 | Epoch time: 0.1 |

2024-09-09 10:24:47,070 - INFO -
| Epoch:    140 | Train loss: 7.8959e-01 | Valid loss: 7.6019e-01 | Train acc: 0.6729 ± 0.0000 | Valid acc: 0.6694 ± 0.0000 | Valid Power: 0.0007 | Train Power: 0.0007 | patience:  41 | lr: 0.1 | Epoch time: 0.1 |

2024-09-09 10:24:48,112 - INFO -
| Epoch:    150 | Train loss: 7.9093e-01 | Valid loss: 7.5465e-01 | Train acc: 0.6702 ± 0.0000 | Valid acc: 0.6694 ± 0.0000 | Valid Power: 0.0008 | Train Power: 0.0008 | patience:  51 | lr: 0.1 | Epoch time: 0.1 |

2024-09-09 10:24:49,160 - INFO -
| Epoch:    160 | Train loss: 7.8943e-01 | Valid loss: 7.4521e-01 | Train acc: 0.6729 ± 0.0000 | Valid acc: 0.7016 ± 0.0000 | Valid Power: 0.0007 | Train Power: 0.0007 | patience:   7 | lr: 0.1 | Epoch time: 0.1 |

2024-09-09 10:24:50,200 - INFO -
| Epoch:    170 | Train loss: 7.8798e-01 | Valid loss: 7.4603e-01 | Train acc: 0.6729 ± 0.0000 | Valid acc: 0.7016 ± 0.0000 | Valid Power: 0.0007 | Train Power: 0.0007 | patience:  17 | lr: 0.1 | Epoch time: 0.1 |

2024-09-09 10:24:51,250 - INFO -
| Epoch:    180 | Train loss: 7.9217e-01 | Valid loss: 7.3530e-01 | Train acc: 0.6649 ± 0.0000 | Valid acc: 0.7016 ± 0.0000 | Valid Power: 0.0007 | Train Power: 0.0007 | patience:   2 | lr: 0.1 | Epoch time: 0.1 |

2024-09-09 10:24:52,290 - INFO -
| Epoch:    190 | Train loss: 7.8867e-01 | Valid loss: 7.6019e-01 | Train acc: 0.6729 ± 0.0000 | Valid acc: 0.7016 ± 0.0000 | Valid Power: 0.0007 | Train Power: 0.0008 | patience:  12 | lr: 0.1 | Epoch time: 0.1 |

2024-09-09 10:24:53,329 - INFO -
| Epoch:    200 | Train loss: 7.8660e-01 | Valid loss: 7.5308e-01 | Train acc: 0.6676 ± 0.0000 | Valid acc: 0.7016 ± 0.0000 | Valid Power: 0.0008 | Train Power: 0.0007 | patience:  22 | lr: 0.1 | Epoch time: 0.1 |

2024-09-09 10:24:54,370 - INFO -
| Epoch:    210 | Train loss: 7.8310e-01 | Valid loss: 7.4885e-01 | Train acc: 0.6729 ± 0.0000 | Valid acc: 0.7016 ± 0.0000 | Valid Power: 0.0007 | Train Power: 0.0007 | patience:  32 | lr: 0.1 | Epoch time: 0.1 |

2024-09-09 10:24:55,421 - INFO -
| Epoch:    220 | Train loss: 7.8583e-01 | Valid loss: 7.3362e-01 | Train acc: 0.6917 ± 0.0000 | Valid acc: 0.7097 ± 0.0000 | Valid Power: 0.0007 | Train Power: 0.0007 | patience:   5 | lr: 0.1 | Epoch time: 0.1 |

2024-09-09 10:24:56,467 - INFO -
| Epoch:    230 | Train loss: 7.8526e-01 | Valid loss: 7.2501e-01 | Train acc: 0.6917 ± 0.0000 | Valid acc: 0.7258 ± 0.0000 | Valid Power: 0.0008 | Train Power: 0.0007 | patience:   0 | lr: 0.1 | Epoch time: 0.1 |

2024-09-09 10:24:57,507 - INFO -
| Epoch:    240 | Train loss: 7.8918e-01 | Valid loss: 7.5640e-01 | Train acc: 0.6971 ± 0.0000 | Valid acc: 0.7097 ± 0.0000 | Valid Power: 0.0007 | Train Power: 0.0007 | patience:  10 | lr: 0.1 | Epoch time: 0.1 |

2024-09-09 10:24:58,547 - INFO -
| Epoch:    250 | Train loss: 7.8599e-01 | Valid loss: 7.4060e-01 | Train acc: 0.6676 ± 0.0000 | Valid acc: 0.7097 ± 0.0000 | Valid Power: 0.0007 | Train Power: 0.0007 | patience:  20 | lr: 0.1 | Epoch time: 0.1 |

2024-09-09 10:24:59,587 - INFO -
| Epoch:    260 | Train loss: 7.8630e-01 | Valid loss: 7.3722e-01 | Train acc: 0.6971 ± 0.0000 | Valid acc: 0.7097 ± 0.0000 | Valid Power: 0.0007 | Train Power: 0.0007 | patience:  30 | lr: 0.1 | Epoch time: 0.1 |

2024-09-09 10:25:00,625 - INFO -
| Epoch:    270 | Train loss: 7.8515e-01 | Valid loss: 7.3907e-01 | Train acc: 0.6971 ± 0.0000 | Valid acc: 0.7097 ± 0.0000 | Valid Power: 0.0007 | Train Power: 0.0007 | patience:  40 | lr: 0.1 | Epoch time: 0.1 |

2024-09-09 10:25:01,664 - INFO -
| Epoch:    280 | Train loss: 7.8567e-01 | Valid loss: 7.2710e-01 | Train acc: 0.6676 ± 0.0000 | Valid acc: 0.7016 ± 0.0000 | Valid Power: 0.0007 | Train Power: 0.0007 | patience:  50 | lr: 0.1 | Epoch time: 0.1 |

2024-09-09 10:25:02,804 - INFO -
| Epoch:    290 | Train loss: 7.8152e-01 | Valid loss: 7.3894e-01 | Train acc: 0.6917 ± 0.0000 | Valid acc: 0.7097 ± 0.0000 | Valid Power: 0.0007 | Train Power: 0.0007 | patience:  60 | lr: 0.1 | Epoch time: 0.1 |

2024-09-09 10:25:03,845 - INFO -
| Epoch:    300 | Train loss: 7.7942e-01 | Valid loss: 7.3808e-01 | Train acc: 0.7131 ± 0.0000 | Valid acc: 0.7097 ± 0.0000 | Valid Power: 0.0008 | Train Power: 0.0008 | patience:  70 | lr: 0.1 | Epoch time: 0.1 |

2024-09-09 10:25:04,886 - INFO -
| Epoch:    310 | Train loss: 7.8046e-01 | Valid loss: 7.3619e-01 | Train acc: 0.6917 ± 0.0000 | Valid acc: 0.7097 ± 0.0000 | Valid Power: 0.0007 | Train Power: 0.0008 | patience:  80 | lr: 0.1 | Epoch time: 0.1 |

2024-09-09 10:25:05,927 - INFO -
| Epoch:    320 | Train loss: 7.8319e-01 | Valid loss: 7.4179e-01 | Train acc: 0.6917 ± 0.0000 | Valid acc: 0.7097 ± 0.0000 | Valid Power: 0.0007 | Train Power: 0.0007 | patience:  90 | lr: 0.1 | Epoch time: 0.1 |

2024-09-09 10:25:06,965 - INFO -
| Epoch:    330 | Train loss: 7.8199e-01 | Valid loss: 7.4287e-01 | Train acc: 0.6917 ± 0.0000 | Valid acc: 0.7097 ± 0.0000 | Valid Power: 0.0007 | Train Power: 0.0007 | patience: 100 | lr: 0.1 | Epoch time: 0.1 |

2024-09-09 10:25:07,073 - INFO -
load best network to warm start training with lower lr.

2024-09-09 10:25:07,073 - INFO -
lr update to 0.05.

2024-09-09 10:25:08,012 - INFO -
| Epoch:    340 | Train loss: 7.8491e-01 | Valid loss: 7.4076e-01 | Train acc: 0.6917 ± 0.0000 | Valid acc: 0.7097 ± 0.0000 | Valid Power: 0.0007 | Train Power: 0.0007 | patience:   9 | lr: 0.05 | Epoch time: 0.1 |

2024-09-09 10:25:09,054 - INFO -
| Epoch:    350 | Train loss: 7.8298e-01 | Valid loss: 7.4519e-01 | Train acc: 0.6971 ± 0.0000 | Valid acc: 0.7097 ± 0.0000 | Valid Power: 0.0007 | Train Power: 0.0007 | patience:  19 | lr: 0.05 | Epoch time: 0.1 |

2024-09-09 10:25:10,096 - INFO -
| Epoch:    360 | Train loss: 7.7918e-01 | Valid loss: 7.3702e-01 | Train acc: 0.6917 ± 0.0000 | Valid acc: 0.7097 ± 0.0000 | Valid Power: 0.0007 | Train Power: 0.0007 | patience:  29 | lr: 0.05 | Epoch time: 0.1 |

2024-09-09 10:25:11,138 - INFO -
| Epoch:    370 | Train loss: 7.8725e-01 | Valid loss: 7.3036e-01 | Train acc: 0.6917 ± 0.0000 | Valid acc: 0.7097 ± 0.0000 | Valid Power: 0.0007 | Train Power: 0.0007 | patience:  39 | lr: 0.05 | Epoch time: 0.1 |

2024-09-09 10:25:12,179 - INFO -
| Epoch:    380 | Train loss: 7.8249e-01 | Valid loss: 7.3998e-01 | Train acc: 0.6917 ± 0.0000 | Valid acc: 0.7097 ± 0.0000 | Valid Power: 0.0008 | Train Power: 0.0008 | patience:  49 | lr: 0.05 | Epoch time: 0.1 |

2024-09-09 10:25:13,219 - INFO -
| Epoch:    390 | Train loss: 7.8069e-01 | Valid loss: 7.4346e-01 | Train acc: 0.6971 ± 0.0000 | Valid acc: 0.7097 ± 0.0000 | Valid Power: 0.0008 | Train Power: 0.0008 | patience:  59 | lr: 0.05 | Epoch time: 0.1 |

2024-09-09 10:25:14,262 - INFO -
| Epoch:    400 | Train loss: 7.7981e-01 | Valid loss: 7.3958e-01 | Train acc: 0.6997 ± 0.0000 | Valid acc: 0.7097 ± 0.0000 | Valid Power: 0.0008 | Train Power: 0.0008 | patience:  69 | lr: 0.05 | Epoch time: 0.1 |

2024-09-09 10:25:15,304 - INFO -
| Epoch:    410 | Train loss: 7.7952e-01 | Valid loss: 7.3972e-01 | Train acc: 0.6917 ± 0.0000 | Valid acc: 0.7177 ± 0.0000 | Valid Power: 0.0008 | Train Power: 0.0008 | patience:  79 | lr: 0.05 | Epoch time: 0.1 |

2024-09-09 10:25:16,356 - INFO -
| Epoch:    420 | Train loss: 7.7842e-01 | Valid loss: 7.3409e-01 | Train acc: 0.6917 ± 0.0000 | Valid acc: 0.7339 ± 0.0000 | Valid Power: 0.0008 | Train Power: 0.0008 | patience:  89 | lr: 0.05 | Epoch time: 0.1 |

2024-09-09 10:25:17,500 - INFO -
| Epoch:    430 | Train loss: 7.8280e-01 | Valid loss: 7.3981e-01 | Train acc: 0.6917 ± 0.0000 | Valid acc: 0.7097 ± 0.0000 | Valid Power: 0.0007 | Train Power: 0.0007 | patience:  99 | lr: 0.05 | Epoch time: 0.1 |

2024-09-09 10:25:17,711 - INFO -
load best network to warm start training with lower lr.

2024-09-09 10:25:17,711 - INFO -
lr update to 0.025.

2024-09-09 10:25:18,546 - INFO -
| Epoch:    440 | Train loss: 7.8453e-01 | Valid loss: 7.3924e-01 | Train acc: 0.6917 ± 0.0000 | Valid acc: 0.7097 ± 0.0000 | Valid Power: 0.0007 | Train Power: 0.0007 | patience:   8 | lr: 0.025 | Epoch time: 0.1 |

2024-09-09 10:25:19,590 - INFO -
| Epoch:    450 | Train loss: 7.8074e-01 | Valid loss: 7.4091e-01 | Train acc: 0.6917 ± 0.0000 | Valid acc: 0.7097 ± 0.0000 | Valid Power: 0.0007 | Train Power: 0.0007 | patience:  18 | lr: 0.025 | Epoch time: 0.1 |

2024-09-09 10:25:20,632 - INFO -
| Epoch:    460 | Train loss: 7.8110e-01 | Valid loss: 7.3416e-01 | Train acc: 0.6917 ± 0.0000 | Valid acc: 0.7097 ± 0.0000 | Valid Power: 0.0007 | Train Power: 0.0007 | patience:  28 | lr: 0.025 | Epoch time: 0.1 |

2024-09-09 10:25:21,674 - INFO -
| Epoch:    470 | Train loss: 7.8084e-01 | Valid loss: 7.3937e-01 | Train acc: 0.6917 ± 0.0000 | Valid acc: 0.7097 ± 0.0000 | Valid Power: 0.0007 | Train Power: 0.0007 | patience:  38 | lr: 0.025 | Epoch time: 0.1 |

2024-09-09 10:25:22,717 - INFO -
| Epoch:    480 | Train loss: 7.8031e-01 | Valid loss: 7.3590e-01 | Train acc: 0.6917 ± 0.0000 | Valid acc: 0.7097 ± 0.0000 | Valid Power: 0.0007 | Train Power: 0.0007 | patience:  48 | lr: 0.025 | Epoch time: 0.1 |

2024-09-09 10:25:23,759 - INFO -
| Epoch:    490 | Train loss: 7.7993e-01 | Valid loss: 7.3982e-01 | Train acc: 0.6917 ± 0.0000 | Valid acc: 0.7097 ± 0.0000 | Valid Power: 0.0007 | Train Power: 0.0007 | patience:  58 | lr: 0.025 | Epoch time: 0.1 |

2024-09-09 10:25:24,800 - INFO -
| Epoch:    500 | Train loss: 7.7956e-01 | Valid loss: 7.3803e-01 | Train acc: 0.6917 ± 0.0000 | Valid acc: 0.7097 ± 0.0000 | Valid Power: 0.0007 | Train Power: 0.0007 | patience:  68 | lr: 0.025 | Epoch time: 0.1 |

2024-09-09 10:25:25,842 - INFO -
| Epoch:    510 | Train loss: 7.7992e-01 | Valid loss: 7.3425e-01 | Train acc: 0.6917 ± 0.0000 | Valid acc: 0.7097 ± 0.0000 | Valid Power: 0.0007 | Train Power: 0.0007 | patience:  78 | lr: 0.025 | Epoch time: 0.1 |

2024-09-09 10:25:26,888 - INFO -
| Epoch:    520 | Train loss: 7.7803e-01 | Valid loss: 7.3717e-01 | Train acc: 0.6917 ± 0.0000 | Valid acc: 0.7097 ± 0.0000 | Valid Power: 0.0007 | Train Power: 0.0007 | patience:  88 | lr: 0.025 | Epoch time: 0.1 |

2024-09-09 10:25:27,931 - INFO -
| Epoch:    530 | Train loss: 7.7979e-01 | Valid loss: 7.4158e-01 | Train acc: 0.6997 ± 0.0000 | Valid acc: 0.7097 ± 0.0000 | Valid Power: 0.0007 | Train Power: 0.0007 | patience:  98 | lr: 0.025 | Epoch time: 0.1 |

2024-09-09 10:25:28,246 - INFO -
load best network to warm start training with lower lr.

2024-09-09 10:25:28,247 - INFO -
lr update to 0.0125.

2024-09-09 10:25:28,978 - INFO -
| Epoch:    540 | Train loss: 7.8199e-01 | Valid loss: 7.3452e-01 | Train acc: 0.6917 ± 0.0000 | Valid acc: 0.7097 ± 0.0000 | Valid Power: 0.0007 | Train Power: 0.0007 | patience:   7 | lr: 0.0125 | Epoch time: 0.1 |

2024-09-09 10:25:30,022 - INFO -
| Epoch:    550 | Train loss: 7.8067e-01 | Valid loss: 7.3706e-01 | Train acc: 0.6917 ± 0.0000 | Valid acc: 0.7097 ± 0.0000 | Valid Power: 0.0007 | Train Power: 0.0007 | patience:  17 | lr: 0.0125 | Epoch time: 0.1 |

2024-09-09 10:25:31,065 - INFO -
| Epoch:    560 | Train loss: 7.7956e-01 | Valid loss: 7.3053e-01 | Train acc: 0.6917 ± 0.0000 | Valid acc: 0.7097 ± 0.0000 | Valid Power: 0.0007 | Train Power: 0.0007 | patience:  27 | lr: 0.0125 | Epoch time: 0.1 |

2024-09-09 10:25:32,114 - INFO -
| Epoch:    570 | Train loss: 7.7957e-01 | Valid loss: 7.3449e-01 | Train acc: 0.6917 ± 0.0000 | Valid acc: 0.7097 ± 0.0000 | Valid Power: 0.0007 | Train Power: 0.0007 | patience:  37 | lr: 0.0125 | Epoch time: 0.1 |

2024-09-09 10:25:33,169 - INFO -
| Epoch:    580 | Train loss: 7.7929e-01 | Valid loss: 7.3172e-01 | Train acc: 0.6917 ± 0.0000 | Valid acc: 0.7097 ± 0.0000 | Valid Power: 0.0007 | Train Power: 0.0007 | patience:  47 | lr: 0.0125 | Epoch time: 0.1 |

2024-09-09 10:25:34,214 - INFO -
| Epoch:    590 | Train loss: 7.7905e-01 | Valid loss: 7.3050e-01 | Train acc: 0.6702 ± 0.0000 | Valid acc: 0.7339 ± 0.0000 | Valid Power: 0.0007 | Train Power: 0.0007 | patience:  57 | lr: 0.0125 | Epoch time: 0.1 |

2024-09-09 10:25:35,258 - INFO -
| Epoch:    600 | Train loss: 7.7895e-01 | Valid loss: 7.3095e-01 | Train acc: 0.6702 ± 0.0000 | Valid acc: 0.7339 ± 0.0000 | Valid Power: 0.0007 | Train Power: 0.0007 | patience:  67 | lr: 0.0125 | Epoch time: 0.1 |

2024-09-09 10:25:36,302 - INFO -
| Epoch:    610 | Train loss: 7.7888e-01 | Valid loss: 7.3061e-01 | Train acc: 0.6702 ± 0.0000 | Valid acc: 0.7339 ± 0.0000 | Valid Power: 0.0007 | Train Power: 0.0007 | patience:  77 | lr: 0.0125 | Epoch time: 0.1 |

2024-09-09 10:25:37,346 - INFO -
| Epoch:    620 | Train loss: 7.7882e-01 | Valid loss: 7.3089e-01 | Train acc: 0.6702 ± 0.0000 | Valid acc: 0.7339 ± 0.0000 | Valid Power: 0.0007 | Train Power: 0.0007 | patience:  87 | lr: 0.0125 | Epoch time: 0.1 |

2024-09-09 10:25:38,390 - INFO -
| Epoch:    630 | Train loss: 7.7877e-01 | Valid loss: 7.3065e-01 | Train acc: 0.6702 ± 0.0000 | Valid acc: 0.7339 ± 0.0000 | Valid Power: 0.0007 | Train Power: 0.0007 | patience:  97 | lr: 0.0125 | Epoch time: 0.1 |

2024-09-09 10:25:38,809 - INFO -
load best network to warm start training with lower lr.

2024-09-09 10:25:38,809 - INFO -
lr update to 0.00625.

2024-09-09 10:25:39,435 - INFO -
| Epoch:    640 | Train loss: 7.8137e-01 | Valid loss: 7.2836e-01 | Train acc: 0.6702 ± 0.0000 | Valid acc: 0.7097 ± 0.0000 | Valid Power: 0.0008 | Train Power: 0.0008 | patience:   6 | lr: 0.00625 | Epoch time: 0.1 |

2024-09-09 10:25:40,477 - INFO -
| Epoch:    650 | Train loss: 7.8060e-01 | Valid loss: 7.3239e-01 | Train acc: 0.6917 ± 0.0000 | Valid acc: 0.7097 ± 0.0000 | Valid Power: 0.0007 | Train Power: 0.0007 | patience:  16 | lr: 0.00625 | Epoch time: 0.1 |

2024-09-09 10:25:41,520 - INFO -
| Epoch:    660 | Train loss: 7.8006e-01 | Valid loss: 7.3247e-01 | Train acc: 0.6917 ± 0.0000 | Valid acc: 0.7097 ± 0.0000 | Valid Power: 0.0007 | Train Power: 0.0007 | patience:  26 | lr: 0.00625 | Epoch time: 0.1 |

2024-09-09 10:25:42,638 - INFO -
| Epoch:    670 | Train loss: 7.7973e-01 | Valid loss: 7.3235e-01 | Train acc: 0.6917 ± 0.0000 | Valid acc: 0.7097 ± 0.0000 | Valid Power: 0.0007 | Train Power: 0.0007 | patience:  36 | lr: 0.00625 | Epoch time: 0.1 |

2024-09-09 10:25:43,681 - INFO -
| Epoch:    680 | Train loss: 7.7957e-01 | Valid loss: 7.3254e-01 | Train acc: 0.6917 ± 0.0000 | Valid acc: 0.7097 ± 0.0000 | Valid Power: 0.0007 | Train Power: 0.0007 | patience:  46 | lr: 0.00625 | Epoch time: 0.1 |

2024-09-09 10:25:44,725 - INFO -
| Epoch:    690 | Train loss: 7.7944e-01 | Valid loss: 7.3282e-01 | Train acc: 0.6917 ± 0.0000 | Valid acc: 0.7097 ± 0.0000 | Valid Power: 0.0007 | Train Power: 0.0007 | patience:  56 | lr: 0.00625 | Epoch time: 0.1 |

2024-09-09 10:25:45,768 - INFO -
| Epoch:    700 | Train loss: 7.7932e-01 | Valid loss: 7.3199e-01 | Train acc: 0.6917 ± 0.0000 | Valid acc: 0.7097 ± 0.0000 | Valid Power: 0.0007 | Train Power: 0.0007 | patience:  66 | lr: 0.00625 | Epoch time: 0.1 |

2024-09-09 10:25:46,813 - INFO -
| Epoch:    710 | Train loss: 7.7922e-01 | Valid loss: 7.3161e-01 | Train acc: 0.6917 ± 0.0000 | Valid acc: 0.7097 ± 0.0000 | Valid Power: 0.0007 | Train Power: 0.0007 | patience:  76 | lr: 0.00625 | Epoch time: 0.1 |

2024-09-09 10:25:47,857 - INFO -
| Epoch:    720 | Train loss: 7.7913e-01 | Valid loss: 7.3143e-01 | Train acc: 0.6917 ± 0.0000 | Valid acc: 0.7097 ± 0.0000 | Valid Power: 0.0007 | Train Power: 0.0007 | patience:  86 | lr: 0.00625 | Epoch time: 0.1 |

2024-09-09 10:25:48,901 - INFO -
| Epoch:    730 | Train loss: 7.7906e-01 | Valid loss: 7.3118e-01 | Train acc: 0.6971 ± 0.0000 | Valid acc: 0.7339 ± 0.0000 | Valid Power: 0.0007 | Train Power: 0.0007 | patience:  96 | lr: 0.00625 | Epoch time: 0.1 |

2024-09-09 10:25:49,425 - INFO -
load best network to warm start training with lower lr.

2024-09-09 10:25:49,425 - INFO -
lr update to 0.003125.

2024-09-09 10:25:49,952 - INFO -
| Epoch:    740 | Train loss: 7.8230e-01 | Valid loss: 7.2888e-01 | Train acc: 0.6461 ± 0.0000 | Valid acc: 0.7258 ± 0.0000 | Valid Power: 0.0008 | Train Power: 0.0008 | patience:   4 | lr: 0.003125 | Epoch time: 0.1 |

2024-09-09 10:25:50,995 - INFO -
| Epoch:    750 | Train loss: 7.8127e-01 | Valid loss: 7.2877e-01 | Train acc: 0.6917 ± 0.0000 | Valid acc: 0.7097 ± 0.0000 | Valid Power: 0.0008 | Train Power: 0.0008 | patience:  14 | lr: 0.003125 | Epoch time: 0.1 |

2024-09-09 10:25:52,037 - INFO -
| Epoch:    760 | Train loss: 7.8080e-01 | Valid loss: 7.3152e-01 | Train acc: 0.6917 ± 0.0000 | Valid acc: 0.7097 ± 0.0000 | Valid Power: 0.0008 | Train Power: 0.0008 | patience:  24 | lr: 0.003125 | Epoch time: 0.1 |

2024-09-09 10:25:53,081 - INFO -
| Epoch:    770 | Train loss: 7.8043e-01 | Valid loss: 7.3213e-01 | Train acc: 0.6917 ± 0.0000 | Valid acc: 0.7097 ± 0.0000 | Valid Power: 0.0007 | Train Power: 0.0007 | patience:  34 | lr: 0.003125 | Epoch time: 0.1 |

2024-09-09 10:25:54,124 - INFO -
| Epoch:    780 | Train loss: 7.8012e-01 | Valid loss: 7.3186e-01 | Train acc: 0.6917 ± 0.0000 | Valid acc: 0.7097 ± 0.0000 | Valid Power: 0.0007 | Train Power: 0.0007 | patience:  44 | lr: 0.003125 | Epoch time: 0.1 |

2024-09-09 10:25:55,168 - INFO -
| Epoch:    790 | Train loss: 7.7992e-01 | Valid loss: 7.3183e-01 | Train acc: 0.6917 ± 0.0000 | Valid acc: 0.7097 ± 0.0000 | Valid Power: 0.0007 | Train Power: 0.0007 | patience:  54 | lr: 0.003125 | Epoch time: 0.1 |

2024-09-09 10:25:56,212 - INFO -
| Epoch:    800 | Train loss: 7.7979e-01 | Valid loss: 7.3213e-01 | Train acc: 0.6917 ± 0.0000 | Valid acc: 0.7097 ± 0.0000 | Valid Power: 0.0007 | Train Power: 0.0007 | patience:  64 | lr: 0.003125 | Epoch time: 0.1 |

2024-09-09 10:25:57,256 - INFO -
| Epoch:    810 | Train loss: 7.7969e-01 | Valid loss: 7.3245e-01 | Train acc: 0.6917 ± 0.0000 | Valid acc: 0.7097 ± 0.0000 | Valid Power: 0.0007 | Train Power: 0.0007 | patience:  74 | lr: 0.003125 | Epoch time: 0.1 |

2024-09-09 10:25:58,374 - INFO -
| Epoch:    820 | Train loss: 7.7961e-01 | Valid loss: 7.3256e-01 | Train acc: 0.6917 ± 0.0000 | Valid acc: 0.7097 ± 0.0000 | Valid Power: 0.0007 | Train Power: 0.0007 | patience:  84 | lr: 0.003125 | Epoch time: 0.1 |

2024-09-09 10:25:59,419 - INFO -
| Epoch:    830 | Train loss: 7.7954e-01 | Valid loss: 7.3248e-01 | Train acc: 0.6917 ± 0.0000 | Valid acc: 0.7097 ± 0.0000 | Valid Power: 0.0007 | Train Power: 0.0007 | patience:  94 | lr: 0.003125 | Epoch time: 0.1 |

2024-09-09 10:26:00,153 - INFO -
load best network to warm start training with lower lr.

2024-09-09 10:26:00,153 - INFO -
lr update to 0.0015625.

2024-09-09 10:26:00,466 - INFO -
| Epoch:    840 | Train loss: 7.8183e-01 | Valid loss: 7.2686e-01 | Train acc: 0.6461 ± 0.0000 | Valid acc: 0.7258 ± 0.0000 | Valid Power: 0.0008 | Train Power: 0.0008 | patience:   3 | lr: 0.0015625 | Epoch time: 0.1 |

2024-09-09 10:26:01,511 - INFO -
| Epoch:    850 | Train loss: 7.8139e-01 | Valid loss: 7.2703e-01 | Train acc: 0.6702 ± 0.0000 | Valid acc: 0.7339 ± 0.0000 | Valid Power: 0.0009 | Train Power: 0.0009 | patience:  13 | lr: 0.0015625 | Epoch time: 0.1 |

2024-09-09 10:26:02,560 - INFO -
| Epoch:    860 | Train loss: 7.8115e-01 | Valid loss: 7.2911e-01 | Train acc: 0.6702 ± 0.0000 | Valid acc: 0.7339 ± 0.0000 | Valid Power: 0.0011 | Train Power: 0.0011 | patience:  23 | lr: 0.0015625 | Epoch time: 0.1 |

2024-09-09 10:26:03,603 - INFO -
| Epoch:    870 | Train loss: 7.8093e-01 | Valid loss: 7.2938e-01 | Train acc: 0.6917 ± 0.0000 | Valid acc: 0.7097 ± 0.0000 | Valid Power: 0.0009 | Train Power: 0.0009 | patience:  33 | lr: 0.0015625 | Epoch time: 0.1 |

2024-09-09 10:26:04,647 - INFO -
| Epoch:    880 | Train loss: 7.8077e-01 | Valid loss: 7.2993e-01 | Train acc: 0.6917 ± 0.0000 | Valid acc: 0.7097 ± 0.0000 | Valid Power: 0.0009 | Train Power: 0.0009 | patience:  43 | lr: 0.0015625 | Epoch time: 0.1 |

2024-09-09 10:26:05,690 - INFO -
| Epoch:    890 | Train loss: 7.8062e-01 | Valid loss: 7.3016e-01 | Train acc: 0.6917 ± 0.0000 | Valid acc: 0.7097 ± 0.0000 | Valid Power: 0.0009 | Train Power: 0.0009 | patience:  53 | lr: 0.0015625 | Epoch time: 0.1 |

2024-09-09 10:26:06,732 - INFO -
| Epoch:    900 | Train loss: 7.8049e-01 | Valid loss: 7.3007e-01 | Train acc: 0.6917 ± 0.0000 | Valid acc: 0.7097 ± 0.0000 | Valid Power: 0.0009 | Train Power: 0.0009 | patience:  63 | lr: 0.0015625 | Epoch time: 0.1 |

2024-09-09 10:26:07,775 - INFO -
| Epoch:    910 | Train loss: 7.8036e-01 | Valid loss: 7.3011e-01 | Train acc: 0.6917 ± 0.0000 | Valid acc: 0.7097 ± 0.0000 | Valid Power: 0.0009 | Train Power: 0.0009 | patience:  73 | lr: 0.0015625 | Epoch time: 0.1 |

2024-09-09 10:26:08,820 - INFO -
| Epoch:    920 | Train loss: 7.8025e-01 | Valid loss: 7.3025e-01 | Train acc: 0.6917 ± 0.0000 | Valid acc: 0.7097 ± 0.0000 | Valid Power: 0.0009 | Train Power: 0.0009 | patience:  83 | lr: 0.0015625 | Epoch time: 0.1 |

2024-09-09 10:26:09,863 - INFO -
| Epoch:    930 | Train loss: 7.8014e-01 | Valid loss: 7.3040e-01 | Train acc: 0.6917 ± 0.0000 | Valid acc: 0.7097 ± 0.0000 | Valid Power: 0.0009 | Train Power: 0.0009 | patience:  93 | lr: 0.0015625 | Epoch time: 0.1 |

2024-09-09 10:26:10,702 - INFO -
load best network to warm start training with lower lr.

2024-09-09 10:26:10,703 - INFO -
lr update to 0.00078125.

2024-09-09 10:26:10,911 - INFO -
| Epoch:    940 | Train loss: 7.8248e-01 | Valid loss: 7.2510e-01 | Train acc: 0.6461 ± 0.0000 | Valid acc: 0.7258 ± 0.0000 | Valid Power: 0.0008 | Train Power: 0.0008 | patience:   2 | lr: 0.00078125 | Epoch time: 0.1 |

2024-09-09 10:26:11,954 - INFO -
| Epoch:    950 | Train loss: 7.8178e-01 | Valid loss: 7.2736e-01 | Train acc: 0.6461 ± 0.0000 | Valid acc: 0.7258 ± 0.0000 | Valid Power: 0.0008 | Train Power: 0.0008 | patience:  12 | lr: 0.00078125 | Epoch time: 0.1 |

2024-09-09 10:26:12,997 - INFO -
| Epoch:    960 | Train loss: 7.8146e-01 | Valid loss: 7.2684e-01 | Train acc: 0.6702 ± 0.0000 | Valid acc: 0.7339 ± 0.0000 | Valid Power: 0.0008 | Train Power: 0.0008 | patience:  22 | lr: 0.00078125 | Epoch time: 0.1 |

2024-09-09 10:26:14,041 - INFO -
| Epoch:    970 | Train loss: 7.8126e-01 | Valid loss: 7.2805e-01 | Train acc: 0.6702 ± 0.0000 | Valid acc: 0.7339 ± 0.0000 | Valid Power: 0.0009 | Train Power: 0.0009 | patience:  32 | lr: 0.00078125 | Epoch time: 0.1 |

2024-09-09 10:26:15,085 - INFO -
| Epoch:    980 | Train loss: 7.8113e-01 | Valid loss: 7.2822e-01 | Train acc: 0.6702 ± 0.0000 | Valid acc: 0.7339 ± 0.0000 | Valid Power: 0.0009 | Train Power: 0.0009 | patience:  42 | lr: 0.00078125 | Epoch time: 0.1 |

2024-09-09 10:26:16,137 - INFO -
| Epoch:    990 | Train loss: 7.8102e-01 | Valid loss: 7.2882e-01 | Train acc: 0.6971 ± 0.0000 | Valid acc: 0.7339 ± 0.0000 | Valid Power: 0.0009 | Train Power: 0.0009 | patience:  52 | lr: 0.00078125 | Epoch time: 0.1 |

2024-09-09 10:26:17,182 - INFO -
| Epoch:   1000 | Train loss: 7.8094e-01 | Valid loss: 7.2907e-01 | Train acc: 0.6917 ± 0.0000 | Valid acc: 0.7097 ± 0.0000 | Valid Power: 0.0009 | Train Power: 0.0009 | patience:  62 | lr: 0.00078125 | Epoch time: 0.1 |

2024-09-09 10:26:18,226 - INFO -
| Epoch:   1010 | Train loss: 7.8086e-01 | Valid loss: 7.2936e-01 | Train acc: 0.6917 ± 0.0000 | Valid acc: 0.7097 ± 0.0000 | Valid Power: 0.0009 | Train Power: 0.0009 | patience:  72 | lr: 0.00078125 | Epoch time: 0.1 |

2024-09-09 10:26:19,270 - INFO -
| Epoch:   1020 | Train loss: 7.8078e-01 | Valid loss: 7.2950e-01 | Train acc: 0.6917 ± 0.0000 | Valid acc: 0.7097 ± 0.0000 | Valid Power: 0.0009 | Train Power: 0.0009 | patience:  82 | lr: 0.00078125 | Epoch time: 0.1 |

2024-09-09 10:26:20,314 - INFO -
| Epoch:   1030 | Train loss: 7.8071e-01 | Valid loss: 7.2965e-01 | Train acc: 0.6917 ± 0.0000 | Valid acc: 0.7097 ± 0.0000 | Valid Power: 0.0009 | Train Power: 0.0009 | patience:  92 | lr: 0.00078125 | Epoch time: 0.1 |

2024-09-09 10:26:21,258 - INFO -
load best network to warm start training with lower lr.

2024-09-09 10:26:21,258 - INFO -
lr update to 0.000390625.

2024-09-09 10:26:21,363 - INFO -
| Epoch:   1040 | Train loss: 7.8304e-01 | Valid loss: 7.2471e-01 | Train acc: 0.6461 ± 0.0000 | Valid acc: 0.7258 ± 0.0000 | Valid Power: 0.0008 | Train Power: 0.0008 | patience:   1 | lr: 0.000390625 | Epoch time: 0.1 |

2024-09-09 10:26:22,407 - INFO -
| Epoch:   1050 | Train loss: 7.8183e-01 | Valid loss: 7.2647e-01 | Train acc: 0.6461 ± 0.0000 | Valid acc: 0.7258 ± 0.0000 | Valid Power: 0.0008 | Train Power: 0.0008 | patience:  11 | lr: 0.000390625 | Epoch time: 0.1 |

2024-09-09 10:26:23,546 - INFO -
| Epoch:   1060 | Train loss: 7.8169e-01 | Valid loss: 7.2693e-01 | Train acc: 0.6461 ± 0.0000 | Valid acc: 0.7258 ± 0.0000 | Valid Power: 0.0008 | Train Power: 0.0008 | patience:  21 | lr: 0.000390625 | Epoch time: 0.1 |

2024-09-09 10:26:24,591 - INFO -
| Epoch:   1070 | Train loss: 7.8152e-01 | Valid loss: 7.2662e-01 | Train acc: 0.6810 ± 0.0000 | Valid acc: 0.7339 ± 0.0000 | Valid Power: 0.0008 | Train Power: 0.0008 | patience:  31 | lr: 0.000390625 | Epoch time: 0.1 |

2024-09-09 10:26:25,637 - INFO -
| Epoch:   1080 | Train loss: 7.8143e-01 | Valid loss: 7.2702e-01 | Train acc: 0.6702 ± 0.0000 | Valid acc: 0.7339 ± 0.0000 | Valid Power: 0.0008 | Train Power: 0.0008 | patience:  41 | lr: 0.000390625 | Epoch time: 0.1 |

2024-09-09 10:26:26,680 - INFO -
| Epoch:   1090 | Train loss: 7.8134e-01 | Valid loss: 7.2748e-01 | Train acc: 0.6702 ± 0.0000 | Valid acc: 0.7339 ± 0.0000 | Valid Power: 0.0008 | Train Power: 0.0008 | patience:  51 | lr: 0.000390625 | Epoch time: 0.1 |

2024-09-09 10:26:27,725 - INFO -
| Epoch:   1100 | Train loss: 7.8127e-01 | Valid loss: 7.2762e-01 | Train acc: 0.6702 ± 0.0000 | Valid acc: 0.7339 ± 0.0000 | Valid Power: 0.0008 | Train Power: 0.0008 | patience:  61 | lr: 0.000390625 | Epoch time: 0.1 |

2024-09-09 10:26:28,769 - INFO -
| Epoch:   1110 | Train loss: 7.8120e-01 | Valid loss: 7.2789e-01 | Train acc: 0.6702 ± 0.0000 | Valid acc: 0.7339 ± 0.0000 | Valid Power: 0.0008 | Train Power: 0.0008 | patience:  71 | lr: 0.000390625 | Epoch time: 0.1 |

2024-09-09 10:26:29,811 - INFO -
| Epoch:   1120 | Train loss: 7.8114e-01 | Valid loss: 7.2816e-01 | Train acc: 0.6702 ± 0.0000 | Valid acc: 0.7339 ± 0.0000 | Valid Power: 0.0008 | Train Power: 0.0008 | patience:  81 | lr: 0.000390625 | Epoch time: 0.1 |

2024-09-09 10:26:30,853 - INFO -
| Epoch:   1130 | Train loss: 7.8109e-01 | Valid loss: 7.2835e-01 | Train acc: 0.6702 ± 0.0000 | Valid acc: 0.7339 ± 0.0000 | Valid Power: 0.0008 | Train Power: 0.0008 | patience:  91 | lr: 0.000390625 | Epoch time: 0.1 |

2024-09-09 10:26:31,899 - INFO -
load best network to warm start training with lower lr.

2024-09-09 10:26:31,899 - INFO -
lr update to 0.0001953125.

2024-09-09 10:26:31,899 - INFO -
| Epoch:   1140 | Train loss: 7.8104e-01 | Valid loss: 7.2855e-01 | Train acc: 0.6971 ± 0.0000 | Valid acc: 0.7339 ± 0.0000 | Valid Power: 0.0008 | Train Power: 0.0008 | patience:   0 | lr: 0.0001953125 | Epoch time: 0.1 |

2024-09-09 10:26:32,952 - INFO -
| Epoch:   1150 | Train loss: 7.8202e-01 | Valid loss: 7.2528e-01 | Train acc: 0.6461 ± 0.0000 | Valid acc: 0.7258 ± 0.0000 | Valid Power: 0.0008 | Train Power: 0.0008 | patience:  10 | lr: 0.0001953125 | Epoch time: 0.1 |

2024-09-09 10:26:33,995 - INFO -
| Epoch:   1160 | Train loss: 7.8181e-01 | Valid loss: 7.2619e-01 | Train acc: 0.6461 ± 0.0000 | Valid acc: 0.7258 ± 0.0000 | Valid Power: 0.0008 | Train Power: 0.0008 | patience:  20 | lr: 0.0001953125 | Epoch time: 0.1 |

2024-09-09 10:26:35,037 - INFO -
| Epoch:   1170 | Train loss: 7.8171e-01 | Valid loss: 7.2661e-01 | Train acc: 0.6461 ± 0.0000 | Valid acc: 0.7258 ± 0.0000 | Valid Power: 0.0008 | Train Power: 0.0008 | patience:  30 | lr: 0.0001953125 | Epoch time: 0.1 |

2024-09-09 10:26:36,079 - INFO -
| Epoch:   1180 | Train loss: 7.8163e-01 | Valid loss: 7.2655e-01 | Train acc: 0.6461 ± 0.0000 | Valid acc: 0.7258 ± 0.0000 | Valid Power: 0.0008 | Train Power: 0.0008 | patience:  40 | lr: 0.0001953125 | Epoch time: 0.1 |

2024-09-09 10:26:37,122 - INFO -
| Epoch:   1190 | Train loss: 7.8157e-01 | Valid loss: 7.2652e-01 | Train acc: 0.6461 ± 0.0000 | Valid acc: 0.7258 ± 0.0000 | Valid Power: 0.0008 | Train Power: 0.0008 | patience:  50 | lr: 0.0001953125 | Epoch time: 0.1 |

2024-09-09 10:26:38,241 - INFO -
| Epoch:   1200 | Train loss: 7.8152e-01 | Valid loss: 7.2667e-01 | Train acc: 0.6810 ± 0.0000 | Valid acc: 0.7339 ± 0.0000 | Valid Power: 0.0008 | Train Power: 0.0008 | patience:  60 | lr: 0.0001953125 | Epoch time: 0.1 |

2024-09-09 10:26:39,283 - INFO -
| Epoch:   1210 | Train loss: 7.8147e-01 | Valid loss: 7.2689e-01 | Train acc: 0.6729 ± 0.0000 | Valid acc: 0.7339 ± 0.0000 | Valid Power: 0.0008 | Train Power: 0.0008 | patience:  70 | lr: 0.0001953125 | Epoch time: 0.1 |

2024-09-09 10:26:40,326 - INFO -
| Epoch:   1220 | Train loss: 7.8143e-01 | Valid loss: 7.2705e-01 | Train acc: 0.6702 ± 0.0000 | Valid acc: 0.7339 ± 0.0000 | Valid Power: 0.0008 | Train Power: 0.0008 | patience:  80 | lr: 0.0001953125 | Epoch time: 0.1 |

2024-09-09 10:26:41,369 - INFO -
| Epoch:   1230 | Train loss: 7.8138e-01 | Valid loss: 7.2717e-01 | Train acc: 0.6702 ± 0.0000 | Valid acc: 0.7339 ± 0.0000 | Valid Power: 0.0008 | Train Power: 0.0008 | patience:  90 | lr: 0.0001953125 | Epoch time: 0.1 |

2024-09-09 10:26:42,412 - INFO -
| Epoch:   1240 | Train loss: 7.8134e-01 | Valid loss: 7.2730e-01 | Train acc: 0.6702 ± 0.0000 | Valid acc: 0.7339 ± 0.0000 | Valid Power: 0.0008 | Train Power: 0.0008 | patience: 100 | lr: 0.0001953125 | Epoch time: 0.1 |

2024-09-09 10:26:42,521 - INFO -
load best network to warm start training with lower lr.

2024-09-09 10:26:42,521 - INFO -
lr update to 9.765625e-05.

2024-09-09 10:26:42,521 - INFO -
Early stop.

2024-09-09 10:26:42,529 - INFO -
Training if finished.

2024-09-11 15:04:06,604 - INFO -
Configuration: 
gmin                0.01
gmax                10.0
T                   0.1
m                   0.3
type_nonlinear      normal
act                 tanh
ACT_R1n             12.7865
ACT_R2n             -3.1871
ACT_W1n             -10.4537
ACT_L1n             10.546
ACT_W2n             -5.8496
ACT_L2n             4.2337
S_R1n               -11.7481
S_R2n               -0.3905
S_W1n               -9.169
S_L1n               0.3913
S_W2n               7.2004
S_L2n               15.5558
ReLU_RHn            -1.9557
ReLU_RLn            -20.1581
ReLU_RDn            16.6486
ReLU_RBn            -14.3472
ReLU_Wn             16.655
ReLU_Ln             -21.7591
HS_Rn               -0.3766
HS_Wn               0.5192
HS_Ln               4.6293
NEG_R1n             -7.0846
NEG_R2n             -2.5695
NEG_R3n             16.1542
NEG_W1n             13.8696
NEG_L1n             2.7635
NEG_W2n             1.2674
NEG_L2n             -10.4803
NEG_W3n             -6.4386
NEG_L3n             5.1005
task                normal
DATASET             1
DataPath            ./dataset
InputNoise          0.0
IN_test             0.0
R_train             1
R_test              1
N_time              32
pathnorm            False
hidden              [3]
skipconnection      False
SEED                7
DEVICE              cpu
PATIENCE            500
EPOCH               10000000000
LR                  0.1
PROGRESSIVE         True
LR_PATIENCE         100
LR_DECAY            0.5
LR_MIN              0.0001
metric              acc
SoftEva             True
TIMELIMITATION      71
MODE                nominal
M_train             1
K_train             1
M_test              1
K_test              1
t_test_max          1
integration         MC
N_train             1
e_train             0.0
N_test              100
e_test              0.1
e_fault             2
fault_ratio         0.0
N_fault             50
e_fault_test        0
N_fault_test        50
dropout             0.0
lagrangian_loss     False
rho                 100
powerestimator      none
powerbalance        0.0
estimatorbalance    0.0
pgmin               1e-07
power_ratio         1000
lambda_P            100
areaestimator       none
areabalance         0.0
area_theta          0.15
area_act            30.0
area_neg            22.7
lambda_A            0.001
lnc                 False
projectname         tanh_0_FaultAnalysisNormal
temppath            ./tanh_0_FaultAnalysisNormal/temp/
logfilepath         ./tanh_0_FaultAnalysisNormal/log/
report_freq         10
recording           False
recordpath          ./tanh_0_FaultAnalysisNormal/record/
savepath            ./tanh_0_FaultAnalysisNormal/models/
loglevel            info


2024-09-11 15:04:06,637 - INFO -
Training network on device: cpu.

2024-09-11 15:04:06,637 - INFO -
Training setup: data_01_balancescale_seed_07_epsilon_0.0_dropout_0.0_fault_ratio_0.0.model.

2024-09-11 15:04:06,637 - INFO -
{'dataname': 'balancescale', 'N_feature': 4, 'N_class': 3, 'N_train': 373, 'N_valid': 124, 'N_test': 79}

2024-09-11 15:04:06,643 - INFO -
Training was already finished.

2024-09-14 08:36:54,618 - INFO -
Configuration: 
gmin                0.01
gmax                10.0
T                   0.1
m                   0.3
type_nonlinear      normal
act                 tanh
ACT_R1n             12.7865
ACT_R2n             -3.1871
ACT_W1n             -10.4537
ACT_L1n             10.546
ACT_W2n             -5.8496
ACT_L2n             4.2337
S_R1n               -11.7481
S_R2n               -0.3905
S_W1n               -9.169
S_L1n               0.3913
S_W2n               7.2004
S_L2n               15.5558
ReLU_RHn            -1.9557
ReLU_RLn            -20.1581
ReLU_RDn            16.6486
ReLU_RBn            -14.3472
ReLU_Wn             16.655
ReLU_Ln             -21.7591
HS_Rn               -0.3766
HS_Wn               0.5192
HS_Ln               4.6293
NEG_R1n             -7.0846
NEG_R2n             -2.5695
NEG_R3n             16.1542
NEG_W1n             13.8696
NEG_L1n             2.7635
NEG_W2n             1.2674
NEG_L2n             -10.4803
NEG_W3n             -6.4386
NEG_L3n             5.1005
task                normal
DATASET             1
DataPath            ./dataset
InputNoise          0.0
IN_test             0.0
R_train             1
R_test              1
N_time              32
pathnorm            False
hidden              [3]
skipconnection      False
SEED                7
DEVICE              cpu
PATIENCE            500
EPOCH               10000000000
LR                  0.1
PROGRESSIVE         True
LR_PATIENCE         100
LR_DECAY            0.5
LR_MIN              0.0001
metric              acc
SoftEva             True
TIMELIMITATION      71
MODE                nominal
M_train             1
K_train             1
M_test              1
K_test              1
t_test_max          1
integration         MC
N_train             1
e_train             0.0
N_test              100
e_test              0.1
e_fault             2
fault_ratio         0.0
N_fault             50
e_fault_test        0
N_fault_test        50
dropout             0.0
lagrangian_loss     False
rho                 100
powerestimator      none
powerbalance        0.0
estimatorbalance    0.0
pgmin               1e-07
power_ratio         1000
lambda_P            100
areaestimator       none
areabalance         0.0
area_theta          0.15
area_act            30.0
area_neg            22.7
lambda_A            0.001
lnc                 False
projectname         tanh_0_FaultAnalysisNormal
temppath            ./tanh_0_FaultAnalysisNormal/temp/
logfilepath         ./tanh_0_FaultAnalysisNormal/log/
report_freq         10
recording           False
recordpath          ./tanh_0_FaultAnalysisNormal/record/
savepath            ./tanh_0_FaultAnalysisNormal/models/
loglevel            info


2024-09-14 08:36:54,620 - INFO -
Training network on device: cpu.

2024-09-14 08:36:54,621 - INFO -
Training setup: data_01_balancescale_seed_07_epsilon_0.0_dropout_0.0_fault_ratio_0.0.model.

2024-09-14 08:36:54,621 - INFO -
{'dataname': 'balancescale', 'N_feature': 4, 'N_class': 3, 'N_train': 373, 'N_valid': 124, 'N_test': 79}

2024-09-14 08:36:54,625 - INFO -
Training was already finished.

