2024-09-09 10:24:12,398 - INFO -
Configuration: 
gmin                0.01
gmax                10.0
T                   0.1
m                   0.3
type_nonlinear      normal
act                 tanh
ACT_R1n             12.7865
ACT_R2n             -3.1871
ACT_W1n             -10.4537
ACT_L1n             10.546
ACT_W2n             -5.8496
ACT_L2n             4.2337
S_R1n               -11.7481
S_R2n               -0.3905
S_W1n               -9.169
S_L1n               0.3913
S_W2n               7.2004
S_L2n               15.5558
ReLU_RHn            -1.9557
ReLU_RLn            -20.1581
ReLU_RDn            16.6486
ReLU_RBn            -14.3472
ReLU_Wn             16.655
ReLU_Ln             -21.7591
HS_Rn               -0.3766
HS_Wn               0.5192
HS_Ln               4.6293
NEG_R1n             -7.0846
NEG_R2n             -2.5695
NEG_R3n             16.1542
NEG_W1n             13.8696
NEG_L1n             2.7635
NEG_W2n             1.2674
NEG_L2n             -10.4803
NEG_W3n             -6.4386
NEG_L3n             5.1005
task                normal
DATASET             3
DataPath            ./dataset
InputNoise          0.0
IN_test             0.0
R_train             1
R_test              1
N_time              32
pathnorm            False
hidden              [3]
skipconnection      False
SEED                9
DEVICE              cpu
PATIENCE            500
EPOCH               10000000000
LR                  0.1
PROGRESSIVE         True
LR_PATIENCE         100
LR_DECAY            0.5
LR_MIN              0.0001
metric              acc
SoftEva             True
TIMELIMITATION      71
MODE                nominal
M_train             1
K_train             1
M_test              1
K_test              1
t_test_max          1
integration         MC
N_train             1
e_train             0.0
N_test              100
e_test              0.1
e_fault             2
fault_ratio         0.0
N_fault             50
e_fault_test        0
N_fault_test        50
dropout             0.0
lagrangian_loss     False
rho                 100
powerestimator      none
powerbalance        0.0
estimatorbalance    0.0
pgmin               1e-07
power_ratio         1000
lambda_P            100
areaestimator       none
areabalance         0.0
area_theta          0.15
area_act            30.0
area_neg            22.7
lambda_A            0.001
lnc                 False
projectname         tanh_0_FaultAnalysisNormal
temppath            ./tanh_0_FaultAnalysisNormal/temp/
logfilepath         ./tanh_0_FaultAnalysisNormal/log/
report_freq         10
recording           False
recordpath          ./tanh_0_FaultAnalysisNormal/record/
savepath            ./tanh_0_FaultAnalysisNormal/models/
loglevel            info


2024-09-09 10:24:12,399 - INFO -
Training network on device: cpu.

2024-09-09 10:24:12,399 - INFO -
Training setup: data_03_cardiotocography3clases_seed_09_epsilon_0.0_dropout_0.0_fault_ratio_0.0.model.

2024-09-09 10:24:12,399 - INFO -
{'dataname': 'cardiotocography3clases', 'N_feature': 21, 'N_class': 3, 'N_train': 397, 'N_valid': 127, 'N_test': 79}

2024-09-09 10:24:12,399 - INFO -
Topology of the network: [21, 3, 3].

2024-09-09 10:24:32,139 - INFO -
| Epoch:      0 | Train loss: 1.0983e+00 | Valid loss: 9.6756e-01 | Train acc: 0.1310 ± 0.0000 | Valid acc: 0.7402 ± 0.0000 | Valid Power: 0.0016 | Train Power: 0.0005 | patience:   0 | lr: 0.1 | Epoch time: 1.0 |

2024-09-09 10:24:34,051 - INFO -
| Epoch:     10 | Train loss: 6.6582e-01 | Valid loss: 7.5288e-01 | Train acc: 0.7909 ± 0.0000 | Valid acc: 0.7402 ± 0.0000 | Valid Power: 0.0016 | Train Power: 0.0016 | patience:   0 | lr: 0.1 | Epoch time: 0.2 |

2024-09-09 10:24:35,923 - INFO -
| Epoch:     20 | Train loss: 6.6204e-01 | Valid loss: 7.5324e-01 | Train acc: 0.7909 ± 0.0000 | Valid acc: 0.7402 ± 0.0000 | Valid Power: 0.0016 | Train Power: 0.0016 | patience:  10 | lr: 0.1 | Epoch time: 0.2 |

2024-09-09 10:24:37,792 - INFO -
| Epoch:     30 | Train loss: 6.6150e-01 | Valid loss: 7.5341e-01 | Train acc: 0.7909 ± 0.0000 | Valid acc: 0.7402 ± 0.0000 | Valid Power: 0.0021 | Train Power: 0.0054 | patience:  20 | lr: 0.1 | Epoch time: 0.2 |

2024-09-09 10:24:39,649 - INFO -
| Epoch:     40 | Train loss: 6.6133e-01 | Valid loss: 7.5347e-01 | Train acc: 0.7909 ± 0.0000 | Valid acc: 0.7402 ± 0.0000 | Valid Power: 0.0017 | Train Power: 0.0017 | patience:  30 | lr: 0.1 | Epoch time: 0.2 |

2024-09-09 10:24:41,613 - INFO -
| Epoch:     50 | Train loss: 6.6126e-01 | Valid loss: 7.5349e-01 | Train acc: 0.7909 ± 0.0000 | Valid acc: 0.7402 ± 0.0000 | Valid Power: 0.0016 | Train Power: 0.0016 | patience:  40 | lr: 0.1 | Epoch time: 0.2 |

2024-09-09 10:24:43,467 - INFO -
| Epoch:     60 | Train loss: 6.6121e-01 | Valid loss: 7.5350e-01 | Train acc: 0.7909 ± 0.0000 | Valid acc: 0.7402 ± 0.0000 | Valid Power: 0.0016 | Train Power: 0.0016 | patience:  50 | lr: 0.1 | Epoch time: 0.2 |

2024-09-09 10:24:45,330 - INFO -
| Epoch:     70 | Train loss: 6.6118e-01 | Valid loss: 7.5351e-01 | Train acc: 0.7909 ± 0.0000 | Valid acc: 0.7402 ± 0.0000 | Valid Power: 0.0016 | Train Power: 0.0016 | patience:  60 | lr: 0.1 | Epoch time: 0.2 |

2024-09-09 10:24:47,192 - INFO -
| Epoch:     80 | Train loss: 6.6115e-01 | Valid loss: 7.5352e-01 | Train acc: 0.7909 ± 0.0000 | Valid acc: 0.7402 ± 0.0000 | Valid Power: 0.0016 | Train Power: 0.0016 | patience:  70 | lr: 0.1 | Epoch time: 0.2 |

2024-09-09 10:24:49,053 - INFO -
| Epoch:     90 | Train loss: 6.6113e-01 | Valid loss: 7.5352e-01 | Train acc: 0.7909 ± 0.0000 | Valid acc: 0.7402 ± 0.0000 | Valid Power: 0.0016 | Train Power: 0.0016 | patience:  80 | lr: 0.1 | Epoch time: 0.2 |

2024-09-09 10:24:50,925 - INFO -
| Epoch:    100 | Train loss: 6.6110e-01 | Valid loss: 7.5352e-01 | Train acc: 0.7909 ± 0.0000 | Valid acc: 0.7402 ± 0.0000 | Valid Power: 0.0016 | Train Power: 0.0016 | patience:  90 | lr: 0.1 | Epoch time: 0.2 |

2024-09-09 10:24:52,782 - INFO -
| Epoch:    110 | Train loss: 6.6108e-01 | Valid loss: 7.5353e-01 | Train acc: 0.7909 ± 0.0000 | Valid acc: 0.7402 ± 0.0000 | Valid Power: 0.0016 | Train Power: 0.0016 | patience: 100 | lr: 0.1 | Epoch time: 0.2 |

2024-09-09 10:24:52,972 - INFO -
load best network to warm start training with lower lr.

2024-09-09 10:24:52,972 - INFO -
lr update to 0.05.

2024-09-09 10:24:54,670 - INFO -
| Epoch:    120 | Train loss: 6.6141e-01 | Valid loss: 7.5194e-01 | Train acc: 0.7909 ± 0.0000 | Valid acc: 0.7402 ± 0.0000 | Valid Power: 0.0016 | Train Power: 0.0016 | patience:   2 | lr: 0.05 | Epoch time: 0.2 |

2024-09-09 10:24:56,545 - INFO -
| Epoch:    130 | Train loss: 6.6056e-01 | Valid loss: 7.5155e-01 | Train acc: 0.7909 ± 0.0000 | Valid acc: 0.7402 ± 0.0000 | Valid Power: 0.0016 | Train Power: 0.0016 | patience:   0 | lr: 0.05 | Epoch time: 0.2 |

2024-09-09 10:24:58,451 - INFO -
| Epoch:    140 | Train loss: 6.3886e-01 | Valid loss: 7.2553e-01 | Train acc: 0.7909 ± 0.0000 | Valid acc: 0.7402 ± 0.0000 | Valid Power: 0.0017 | Train Power: 0.0017 | patience:   1 | lr: 0.05 | Epoch time: 0.2 |

2024-09-09 10:25:00,342 - INFO -
| Epoch:    150 | Train loss: 5.9938e-01 | Valid loss: 6.6978e-01 | Train acc: 0.7909 ± 0.0000 | Valid acc: 0.7402 ± 0.0000 | Valid Power: 0.0016 | Train Power: 0.0016 | patience:   0 | lr: 0.05 | Epoch time: 0.2 |

2024-09-09 10:25:02,207 - INFO -
| Epoch:    160 | Train loss: 5.7754e-01 | Valid loss: 6.5364e-01 | Train acc: 0.8010 ± 0.0000 | Valid acc: 0.7559 ± 0.0000 | Valid Power: 0.0016 | Train Power: 0.0016 | patience:   0 | lr: 0.05 | Epoch time: 0.2 |

2024-09-09 10:25:04,163 - INFO -
| Epoch:    170 | Train loss: 5.7461e-01 | Valid loss: 6.4206e-01 | Train acc: 0.8136 ± 0.0000 | Valid acc: 0.7559 ± 0.0000 | Valid Power: 0.0016 | Train Power: 0.0016 | patience:   0 | lr: 0.05 | Epoch time: 0.2 |

2024-09-09 10:25:06,025 - INFO -
| Epoch:    180 | Train loss: 5.7853e-01 | Valid loss: 6.3994e-01 | Train acc: 0.8438 ± 0.0000 | Valid acc: 0.7874 ± 0.0000 | Valid Power: 0.0016 | Train Power: 0.0016 | patience:   0 | lr: 0.05 | Epoch time: 0.2 |

2024-09-09 10:25:07,901 - INFO -
| Epoch:    190 | Train loss: 5.7287e-01 | Valid loss: 6.5179e-01 | Train acc: 0.8363 ± 0.0000 | Valid acc: 0.8110 ± 0.0000 | Valid Power: 0.0016 | Train Power: 0.0016 | patience:  10 | lr: 0.05 | Epoch time: 0.2 |

2024-09-09 10:25:09,757 - INFO -
| Epoch:    200 | Train loss: 5.6985e-01 | Valid loss: 6.4938e-01 | Train acc: 0.8136 ± 0.0000 | Valid acc: 0.8031 ± 0.0000 | Valid Power: 0.0016 | Train Power: 0.0017 | patience:  20 | lr: 0.05 | Epoch time: 0.2 |

2024-09-09 10:25:11,613 - INFO -
| Epoch:    210 | Train loss: 5.7095e-01 | Valid loss: 6.7193e-01 | Train acc: 0.8312 ± 0.0000 | Valid acc: 0.7874 ± 0.0000 | Valid Power: 0.0017 | Train Power: 0.0018 | patience:  30 | lr: 0.05 | Epoch time: 0.2 |

2024-09-09 10:25:13,467 - INFO -
| Epoch:    220 | Train loss: 5.6557e-01 | Valid loss: 6.6315e-01 | Train acc: 0.8212 ± 0.0000 | Valid acc: 0.8031 ± 0.0000 | Valid Power: 0.0016 | Train Power: 0.0016 | patience:  40 | lr: 0.05 | Epoch time: 0.2 |

2024-09-09 10:25:15,365 - INFO -
| Epoch:    230 | Train loss: 5.6125e-01 | Valid loss: 6.4929e-01 | Train acc: 0.8262 ± 0.0000 | Valid acc: 0.8031 ± 0.0000 | Valid Power: 0.0016 | Train Power: 0.0016 | patience:  50 | lr: 0.05 | Epoch time: 0.2 |

2024-09-09 10:25:17,227 - INFO -
| Epoch:    240 | Train loss: 5.6153e-01 | Valid loss: 6.5256e-01 | Train acc: 0.8312 ± 0.0000 | Valid acc: 0.8031 ± 0.0000 | Valid Power: 0.0017 | Train Power: 0.0018 | patience:  60 | lr: 0.05 | Epoch time: 0.2 |

2024-09-09 10:25:19,209 - INFO -
| Epoch:    250 | Train loss: 5.5424e-01 | Valid loss: 6.3035e-01 | Train acc: 0.8212 ± 0.0000 | Valid acc: 0.8031 ± 0.0000 | Valid Power: 0.0016 | Train Power: 0.0016 | patience:   0 | lr: 0.05 | Epoch time: 0.2 |

2024-09-09 10:25:21,080 - INFO -
| Epoch:    260 | Train loss: 5.5222e-01 | Valid loss: 6.4226e-01 | Train acc: 0.8262 ± 0.0000 | Valid acc: 0.8031 ± 0.0000 | Valid Power: 0.0016 | Train Power: 0.0016 | patience:   9 | lr: 0.05 | Epoch time: 0.2 |

2024-09-09 10:25:22,952 - INFO -
| Epoch:    270 | Train loss: 5.4810e-01 | Valid loss: 6.2960e-01 | Train acc: 0.8287 ± 0.0000 | Valid acc: 0.8031 ± 0.0000 | Valid Power: 0.0016 | Train Power: 0.0016 | patience:   8 | lr: 0.05 | Epoch time: 0.2 |

2024-09-09 10:25:24,838 - INFO -
| Epoch:    280 | Train loss: 5.4606e-01 | Valid loss: 6.2594e-01 | Train acc: 0.8312 ± 0.0000 | Valid acc: 0.8031 ± 0.0000 | Valid Power: 0.0016 | Train Power: 0.0016 | patience:   0 | lr: 0.05 | Epoch time: 0.2 |

2024-09-09 10:25:26,713 - INFO -
| Epoch:    290 | Train loss: 5.4565e-01 | Valid loss: 6.2625e-01 | Train acc: 0.8312 ± 0.0000 | Valid acc: 0.8031 ± 0.0000 | Valid Power: 0.0016 | Train Power: 0.0016 | patience:   1 | lr: 0.05 | Epoch time: 0.2 |

2024-09-09 10:25:28,590 - INFO -
| Epoch:    300 | Train loss: 5.4484e-01 | Valid loss: 6.2481e-01 | Train acc: 0.8312 ± 0.0000 | Valid acc: 0.8031 ± 0.0000 | Valid Power: 0.0016 | Train Power: 0.0016 | patience:   1 | lr: 0.05 | Epoch time: 0.2 |

2024-09-09 10:25:30,457 - INFO -
| Epoch:    310 | Train loss: 5.4351e-01 | Valid loss: 6.2335e-01 | Train acc: 0.8312 ± 0.0000 | Valid acc: 0.8031 ± 0.0000 | Valid Power: 0.0016 | Train Power: 0.0016 | patience:   8 | lr: 0.05 | Epoch time: 0.2 |

2024-09-09 10:25:32,331 - INFO -
| Epoch:    320 | Train loss: 5.4279e-01 | Valid loss: 6.2216e-01 | Train acc: 0.8338 ± 0.0000 | Valid acc: 0.8031 ± 0.0000 | Valid Power: 0.0016 | Train Power: 0.0016 | patience:   0 | lr: 0.05 | Epoch time: 0.2 |

2024-09-09 10:25:34,216 - INFO -
| Epoch:    330 | Train loss: 5.4234e-01 | Valid loss: 6.2192e-01 | Train acc: 0.8312 ± 0.0000 | Valid acc: 0.8031 ± 0.0000 | Valid Power: 0.0016 | Train Power: 0.0016 | patience:   0 | lr: 0.05 | Epoch time: 0.2 |

2024-09-09 10:25:36,079 - INFO -
| Epoch:    340 | Train loss: 5.4182e-01 | Valid loss: 6.2464e-01 | Train acc: 0.8312 ± 0.0000 | Valid acc: 0.8031 ± 0.0000 | Valid Power: 0.0016 | Train Power: 0.0016 | patience:  10 | lr: 0.05 | Epoch time: 0.2 |

2024-09-09 10:25:37,944 - INFO -
| Epoch:    350 | Train loss: 5.4242e-01 | Valid loss: 6.2152e-01 | Train acc: 0.8312 ± 0.0000 | Valid acc: 0.8031 ± 0.0000 | Valid Power: 0.0017 | Train Power: 0.0017 | patience:   1 | lr: 0.05 | Epoch time: 0.2 |

2024-09-09 10:25:39,804 - INFO -
| Epoch:    360 | Train loss: 5.4115e-01 | Valid loss: 6.2508e-01 | Train acc: 0.8312 ± 0.0000 | Valid acc: 0.8031 ± 0.0000 | Valid Power: 0.0016 | Train Power: 0.0017 | patience:  11 | lr: 0.05 | Epoch time: 0.2 |

2024-09-09 10:25:41,679 - INFO -
| Epoch:    370 | Train loss: 5.4082e-01 | Valid loss: 6.1762e-01 | Train acc: 0.8312 ± 0.0000 | Valid acc: 0.8031 ± 0.0000 | Valid Power: 0.0016 | Train Power: 0.0016 | patience:   0 | lr: 0.05 | Epoch time: 0.2 |

2024-09-09 10:25:43,542 - INFO -
| Epoch:    380 | Train loss: 5.4039e-01 | Valid loss: 6.1786e-01 | Train acc: 0.8312 ± 0.0000 | Valid acc: 0.8031 ± 0.0000 | Valid Power: 0.0016 | Train Power: 0.0016 | patience:  10 | lr: 0.05 | Epoch time: 0.2 |

2024-09-09 10:25:45,401 - INFO -
| Epoch:    390 | Train loss: 5.4010e-01 | Valid loss: 6.2354e-01 | Train acc: 0.8312 ± 0.0000 | Valid acc: 0.7953 ± 0.0000 | Valid Power: 0.0016 | Train Power: 0.0016 | patience:  20 | lr: 0.05 | Epoch time: 0.2 |

2024-09-09 10:25:47,360 - INFO -
| Epoch:    400 | Train loss: 5.4034e-01 | Valid loss: 6.1991e-01 | Train acc: 0.8312 ± 0.0000 | Valid acc: 0.8031 ± 0.0000 | Valid Power: 0.0016 | Train Power: 0.0016 | patience:  30 | lr: 0.05 | Epoch time: 0.2 |

2024-09-09 10:25:49,221 - INFO -
| Epoch:    410 | Train loss: 5.4050e-01 | Valid loss: 6.2405e-01 | Train acc: 0.8312 ± 0.0000 | Valid acc: 0.7953 ± 0.0000 | Valid Power: 0.0016 | Train Power: 0.0016 | patience:  40 | lr: 0.05 | Epoch time: 0.2 |

2024-09-09 10:25:51,081 - INFO -
| Epoch:    420 | Train loss: 5.3989e-01 | Valid loss: 6.2039e-01 | Train acc: 0.8312 ± 0.0000 | Valid acc: 0.8031 ± 0.0000 | Valid Power: 0.0017 | Train Power: 0.0024 | patience:  50 | lr: 0.05 | Epoch time: 0.2 |

2024-09-09 10:25:52,942 - INFO -
| Epoch:    430 | Train loss: 5.3994e-01 | Valid loss: 6.2186e-01 | Train acc: 0.8312 ± 0.0000 | Valid acc: 0.8031 ± 0.0000 | Valid Power: 0.0018 | Train Power: 0.0017 | patience:  60 | lr: 0.05 | Epoch time: 0.2 |

2024-09-09 10:25:54,816 - INFO -
| Epoch:    440 | Train loss: 5.3915e-01 | Valid loss: 6.2496e-01 | Train acc: 0.8312 ± 0.0000 | Valid acc: 0.7953 ± 0.0000 | Valid Power: 0.0017 | Train Power: 0.0021 | patience:  70 | lr: 0.05 | Epoch time: 0.2 |

2024-09-09 10:25:56,684 - INFO -
| Epoch:    450 | Train loss: 5.4023e-01 | Valid loss: 6.1380e-01 | Train acc: 0.8312 ± 0.0000 | Valid acc: 0.8031 ± 0.0000 | Valid Power: 0.0016 | Train Power: 0.0016 | patience:   3 | lr: 0.05 | Epoch time: 0.2 |

2024-09-09 10:25:58,546 - INFO -
| Epoch:    460 | Train loss: 5.4000e-01 | Valid loss: 6.1262e-01 | Train acc: 0.8287 ± 0.0000 | Valid acc: 0.8031 ± 0.0000 | Valid Power: 0.0016 | Train Power: 0.0016 | patience:  13 | lr: 0.05 | Epoch time: 0.2 |

2024-09-09 10:26:00,405 - INFO -
| Epoch:    470 | Train loss: 5.4532e-01 | Valid loss: 6.2644e-01 | Train acc: 0.8312 ± 0.0000 | Valid acc: 0.7953 ± 0.0000 | Valid Power: 0.0016 | Train Power: 0.0016 | patience:  23 | lr: 0.05 | Epoch time: 0.2 |

2024-09-09 10:26:02,265 - INFO -
| Epoch:    480 | Train loss: 5.4197e-01 | Valid loss: 6.0816e-01 | Train acc: 0.8363 ± 0.0000 | Valid acc: 0.8031 ± 0.0000 | Valid Power: 0.0017 | Train Power: 0.0016 | patience:  33 | lr: 0.05 | Epoch time: 0.2 |

2024-09-09 10:26:04,148 - INFO -
| Epoch:    490 | Train loss: 5.3516e-01 | Valid loss: 6.0510e-01 | Train acc: 0.8489 ± 0.0000 | Valid acc: 0.8031 ± 0.0000 | Valid Power: 0.0018 | Train Power: 0.0019 | patience:   2 | lr: 0.05 | Epoch time: 0.2 |

2024-09-09 10:26:06,010 - INFO -
| Epoch:    500 | Train loss: 5.3421e-01 | Valid loss: 6.1251e-01 | Train acc: 0.8463 ± 0.0000 | Valid acc: 0.7874 ± 0.0000 | Valid Power: 0.0016 | Train Power: 0.0016 | patience:  12 | lr: 0.05 | Epoch time: 0.2 |

2024-09-09 10:26:07,871 - INFO -
| Epoch:    510 | Train loss: 5.3214e-01 | Valid loss: 6.1695e-01 | Train acc: 0.8489 ± 0.0000 | Valid acc: 0.7874 ± 0.0000 | Valid Power: 0.0016 | Train Power: 0.0016 | patience:  22 | lr: 0.05 | Epoch time: 0.2 |

2024-09-09 10:26:09,736 - INFO -
| Epoch:    520 | Train loss: 5.2830e-01 | Valid loss: 6.0608e-01 | Train acc: 0.8514 ± 0.0000 | Valid acc: 0.8031 ± 0.0000 | Valid Power: 0.0016 | Train Power: 0.0017 | patience:   3 | lr: 0.05 | Epoch time: 0.2 |

2024-09-09 10:26:11,699 - INFO -
| Epoch:    530 | Train loss: 5.2104e-01 | Valid loss: 5.9807e-01 | Train acc: 0.8589 ± 0.0000 | Valid acc: 0.8110 ± 0.0000 | Valid Power: 0.0017 | Train Power: 0.0016 | patience:   5 | lr: 0.05 | Epoch time: 0.2 |

2024-09-09 10:26:13,559 - INFO -
| Epoch:    540 | Train loss: 5.1656e-01 | Valid loss: 5.9932e-01 | Train acc: 0.8640 ± 0.0000 | Valid acc: 0.8110 ± 0.0000 | Valid Power: 0.0017 | Train Power: 0.0016 | patience:  15 | lr: 0.05 | Epoch time: 0.2 |

2024-09-09 10:26:15,420 - INFO -
| Epoch:    550 | Train loss: 5.3173e-01 | Valid loss: 6.1567e-01 | Train acc: 0.8438 ± 0.0000 | Valid acc: 0.7953 ± 0.0000 | Valid Power: 0.0016 | Train Power: 0.0016 | patience:  25 | lr: 0.05 | Epoch time: 0.2 |

2024-09-09 10:26:17,288 - INFO -
| Epoch:    560 | Train loss: 5.1941e-01 | Valid loss: 6.2252e-01 | Train acc: 0.8615 ± 0.0000 | Valid acc: 0.8031 ± 0.0000 | Valid Power: 0.0016 | Train Power: 0.0016 | patience:  35 | lr: 0.05 | Epoch time: 0.2 |

2024-09-09 10:26:19,163 - INFO -
| Epoch:    570 | Train loss: 5.2317e-01 | Valid loss: 6.2313e-01 | Train acc: 0.8564 ± 0.0000 | Valid acc: 0.7953 ± 0.0000 | Valid Power: 0.0016 | Train Power: 0.0016 | patience:  45 | lr: 0.05 | Epoch time: 0.2 |

2024-09-09 10:26:21,067 - INFO -
| Epoch:    580 | Train loss: 5.2485e-01 | Valid loss: 6.1470e-01 | Train acc: 0.8564 ± 0.0000 | Valid acc: 0.8031 ± 0.0000 | Valid Power: 0.0016 | Train Power: 0.0016 | patience:  55 | lr: 0.05 | Epoch time: 0.2 |

2024-09-09 10:26:22,928 - INFO -
| Epoch:    590 | Train loss: 5.2032e-01 | Valid loss: 6.1080e-01 | Train acc: 0.8564 ± 0.0000 | Valid acc: 0.8031 ± 0.0000 | Valid Power: 0.0016 | Train Power: 0.0016 | patience:  65 | lr: 0.05 | Epoch time: 0.2 |

2024-09-09 10:26:24,796 - INFO -
| Epoch:    600 | Train loss: 5.2323e-01 | Valid loss: 6.1076e-01 | Train acc: 0.8539 ± 0.0000 | Valid acc: 0.8031 ± 0.0000 | Valid Power: 0.0017 | Train Power: 0.0017 | patience:  75 | lr: 0.05 | Epoch time: 0.2 |

2024-09-09 10:26:26,750 - INFO -
| Epoch:    610 | Train loss: 5.2979e-01 | Valid loss: 6.1035e-01 | Train acc: 0.8489 ± 0.0000 | Valid acc: 0.8031 ± 0.0000 | Valid Power: 0.0020 | Train Power: 0.0017 | patience:  85 | lr: 0.05 | Epoch time: 0.2 |

2024-09-09 10:26:28,612 - INFO -
| Epoch:    620 | Train loss: 5.1309e-01 | Valid loss: 6.0593e-01 | Train acc: 0.8615 ± 0.0000 | Valid acc: 0.8031 ± 0.0000 | Valid Power: 0.0016 | Train Power: 0.0016 | patience:  95 | lr: 0.05 | Epoch time: 0.2 |

2024-09-09 10:26:29,732 - INFO -
load best network to warm start training with lower lr.

2024-09-09 10:26:29,732 - INFO -
lr update to 0.025.

2024-09-09 10:26:30,476 - INFO -
| Epoch:    630 | Train loss: 5.2008e-01 | Valid loss: 6.0918e-01 | Train acc: 0.8615 ± 0.0000 | Valid acc: 0.8031 ± 0.0000 | Valid Power: 0.0017 | Train Power: 0.0017 | patience:   4 | lr: 0.025 | Epoch time: 0.2 |

2024-09-09 10:26:32,337 - INFO -
| Epoch:    640 | Train loss: 5.2258e-01 | Valid loss: 5.9921e-01 | Train acc: 0.8589 ± 0.0000 | Valid acc: 0.8031 ± 0.0000 | Valid Power: 0.0017 | Train Power: 0.0017 | patience:   1 | lr: 0.025 | Epoch time: 0.2 |

2024-09-09 10:26:34,198 - INFO -
| Epoch:    650 | Train loss: 5.2644e-01 | Valid loss: 6.0498e-01 | Train acc: 0.8514 ± 0.0000 | Valid acc: 0.8031 ± 0.0000 | Valid Power: 0.0017 | Train Power: 0.0017 | patience:   2 | lr: 0.025 | Epoch time: 0.2 |

2024-09-09 10:26:36,054 - INFO -
| Epoch:    660 | Train loss: 5.2043e-01 | Valid loss: 6.0669e-01 | Train acc: 0.8615 ± 0.0000 | Valid acc: 0.7953 ± 0.0000 | Valid Power: 0.0017 | Train Power: 0.0017 | patience:  12 | lr: 0.025 | Epoch time: 0.2 |

2024-09-09 10:26:37,918 - INFO -
| Epoch:    670 | Train loss: 5.1937e-01 | Valid loss: 6.0730e-01 | Train acc: 0.8640 ± 0.0000 | Valid acc: 0.7953 ± 0.0000 | Valid Power: 0.0017 | Train Power: 0.0017 | patience:   4 | lr: 0.025 | Epoch time: 0.2 |

2024-09-09 10:26:39,774 - INFO -
| Epoch:    680 | Train loss: 5.1708e-01 | Valid loss: 6.0463e-01 | Train acc: 0.8640 ± 0.0000 | Valid acc: 0.7953 ± 0.0000 | Valid Power: 0.0017 | Train Power: 0.0017 | patience:  14 | lr: 0.025 | Epoch time: 0.2 |

2024-09-09 10:26:41,630 - INFO -
| Epoch:    690 | Train loss: 5.1347e-01 | Valid loss: 6.0282e-01 | Train acc: 0.8665 ± 0.0000 | Valid acc: 0.8110 ± 0.0000 | Valid Power: 0.0017 | Train Power: 0.0017 | patience:  24 | lr: 0.025 | Epoch time: 0.2 |

2024-09-09 10:26:43,485 - INFO -
| Epoch:    700 | Train loss: 5.1295e-01 | Valid loss: 6.0101e-01 | Train acc: 0.8665 ± 0.0000 | Valid acc: 0.8110 ± 0.0000 | Valid Power: 0.0017 | Train Power: 0.0017 | patience:  34 | lr: 0.025 | Epoch time: 0.2 |

2024-09-09 10:26:45,339 - INFO -
| Epoch:    710 | Train loss: 5.1223e-01 | Valid loss: 6.0240e-01 | Train acc: 0.8665 ± 0.0000 | Valid acc: 0.8110 ± 0.0000 | Valid Power: 0.0017 | Train Power: 0.0017 | patience:  44 | lr: 0.025 | Epoch time: 0.2 |

2024-09-09 10:26:47,191 - INFO -
| Epoch:    720 | Train loss: 5.1184e-01 | Valid loss: 6.0224e-01 | Train acc: 0.8665 ± 0.0000 | Valid acc: 0.8110 ± 0.0000 | Valid Power: 0.0017 | Train Power: 0.0017 | patience:  54 | lr: 0.025 | Epoch time: 0.2 |

2024-09-09 10:26:49,061 - INFO -
| Epoch:    730 | Train loss: 5.1155e-01 | Valid loss: 6.0297e-01 | Train acc: 0.8665 ± 0.0000 | Valid acc: 0.8110 ± 0.0000 | Valid Power: 0.0017 | Train Power: 0.0017 | patience:  64 | lr: 0.025 | Epoch time: 0.2 |

2024-09-09 10:26:50,901 - INFO -
| Epoch:    740 | Train loss: 5.1139e-01 | Valid loss: 6.0388e-01 | Train acc: 0.8665 ± 0.0000 | Valid acc: 0.8110 ± 0.0000 | Valid Power: 0.0017 | Train Power: 0.0017 | patience:  74 | lr: 0.025 | Epoch time: 0.2 |

2024-09-09 10:26:52,826 - INFO -
| Epoch:    750 | Train loss: 5.1126e-01 | Valid loss: 6.0586e-01 | Train acc: 0.8665 ± 0.0000 | Valid acc: 0.8031 ± 0.0000 | Valid Power: 0.0017 | Train Power: 0.0017 | patience:  84 | lr: 0.025 | Epoch time: 0.2 |

2024-09-09 10:26:54,603 - INFO -
| Epoch:    760 | Train loss: 5.1115e-01 | Valid loss: 6.0716e-01 | Train acc: 0.8665 ± 0.0000 | Valid acc: 0.8031 ± 0.0000 | Valid Power: 0.0018 | Train Power: 0.0032 | patience:  94 | lr: 0.025 | Epoch time: 0.2 |

2024-09-09 10:26:55,848 - INFO -
load best network to warm start training with lower lr.

2024-09-09 10:26:55,848 - INFO -
lr update to 0.0125.

2024-09-09 10:26:56,380 - INFO -
| Epoch:    770 | Train loss: 5.1897e-01 | Valid loss: 5.9711e-01 | Train acc: 0.8640 ± 0.0000 | Valid acc: 0.8110 ± 0.0000 | Valid Power: 0.0017 | Train Power: 0.0017 | patience:   3 | lr: 0.0125 | Epoch time: 0.2 |

2024-09-09 10:26:58,162 - INFO -
| Epoch:    780 | Train loss: 5.1688e-01 | Valid loss: 5.9829e-01 | Train acc: 0.8640 ± 0.0000 | Valid acc: 0.8110 ± 0.0000 | Valid Power: 0.0017 | Train Power: 0.0017 | patience:  13 | lr: 0.0125 | Epoch time: 0.2 |

2024-09-09 10:26:59,937 - INFO -
| Epoch:    790 | Train loss: 5.1691e-01 | Valid loss: 5.9700e-01 | Train acc: 0.8640 ± 0.0000 | Valid acc: 0.8110 ± 0.0000 | Valid Power: 0.0017 | Train Power: 0.0017 | patience:  23 | lr: 0.0125 | Epoch time: 0.2 |

2024-09-09 10:27:01,718 - INFO -
| Epoch:    800 | Train loss: 5.1363e-01 | Valid loss: 5.9988e-01 | Train acc: 0.8665 ± 0.0000 | Valid acc: 0.8110 ± 0.0000 | Valid Power: 0.0017 | Train Power: 0.0017 | patience:  33 | lr: 0.0125 | Epoch time: 0.2 |

2024-09-09 10:27:03,484 - INFO -
| Epoch:    810 | Train loss: 5.1314e-01 | Valid loss: 6.0034e-01 | Train acc: 0.8665 ± 0.0000 | Valid acc: 0.8110 ± 0.0000 | Valid Power: 0.0017 | Train Power: 0.0017 | patience:  43 | lr: 0.0125 | Epoch time: 0.2 |

2024-09-09 10:27:05,235 - INFO -
| Epoch:    820 | Train loss: 5.1278e-01 | Valid loss: 6.0032e-01 | Train acc: 0.8665 ± 0.0000 | Valid acc: 0.8110 ± 0.0000 | Valid Power: 0.0017 | Train Power: 0.0017 | patience:  53 | lr: 0.0125 | Epoch time: 0.2 |

2024-09-09 10:27:06,979 - INFO -
| Epoch:    830 | Train loss: 5.1243e-01 | Valid loss: 6.0120e-01 | Train acc: 0.8665 ± 0.0000 | Valid acc: 0.8110 ± 0.0000 | Valid Power: 0.0017 | Train Power: 0.0017 | patience:  63 | lr: 0.0125 | Epoch time: 0.2 |

2024-09-09 10:27:08,718 - INFO -
| Epoch:    840 | Train loss: 5.1212e-01 | Valid loss: 6.0150e-01 | Train acc: 0.8665 ± 0.0000 | Valid acc: 0.8110 ± 0.0000 | Valid Power: 0.0017 | Train Power: 0.0017 | patience:  73 | lr: 0.0125 | Epoch time: 0.2 |

2024-09-09 10:27:10,455 - INFO -
| Epoch:    850 | Train loss: 5.1186e-01 | Valid loss: 6.0182e-01 | Train acc: 0.8665 ± 0.0000 | Valid acc: 0.8110 ± 0.0000 | Valid Power: 0.0017 | Train Power: 0.0017 | patience:  83 | lr: 0.0125 | Epoch time: 0.2 |

2024-09-09 10:27:12,186 - INFO -
| Epoch:    860 | Train loss: 5.1164e-01 | Valid loss: 6.0236e-01 | Train acc: 0.8665 ± 0.0000 | Valid acc: 0.8110 ± 0.0000 | Valid Power: 0.0017 | Train Power: 0.0017 | patience:  93 | lr: 0.0125 | Epoch time: 0.2 |

2024-09-09 10:27:13,572 - INFO -
load best network to warm start training with lower lr.

2024-09-09 10:27:13,573 - INFO -
lr update to 0.00625.

2024-09-09 10:27:13,919 - INFO -
| Epoch:    870 | Train loss: 5.1977e-01 | Valid loss: 6.0685e-01 | Train acc: 0.8640 ± 0.0000 | Valid acc: 0.7953 ± 0.0000 | Valid Power: 0.0017 | Train Power: 0.0017 | patience:   2 | lr: 0.00625 | Epoch time: 0.2 |

2024-09-09 10:27:15,717 - INFO -
| Epoch:    880 | Train loss: 5.1644e-01 | Valid loss: 5.9609e-01 | Train acc: 0.8640 ± 0.0000 | Valid acc: 0.8110 ± 0.0000 | Valid Power: 0.0017 | Train Power: 0.0017 | patience:  12 | lr: 0.00625 | Epoch time: 0.2 |

2024-09-09 10:27:17,448 - INFO -
| Epoch:    890 | Train loss: 5.1482e-01 | Valid loss: 5.9649e-01 | Train acc: 0.8665 ± 0.0000 | Valid acc: 0.8110 ± 0.0000 | Valid Power: 0.0017 | Train Power: 0.0017 | patience:  22 | lr: 0.00625 | Epoch time: 0.2 |

2024-09-09 10:27:19,197 - INFO -
| Epoch:    900 | Train loss: 5.1412e-01 | Valid loss: 5.9693e-01 | Train acc: 0.8665 ± 0.0000 | Valid acc: 0.8110 ± 0.0000 | Valid Power: 0.0017 | Train Power: 0.0017 | patience:  32 | lr: 0.00625 | Epoch time: 0.2 |

2024-09-09 10:27:20,928 - INFO -
| Epoch:    910 | Train loss: 5.1370e-01 | Valid loss: 5.9748e-01 | Train acc: 0.8665 ± 0.0000 | Valid acc: 0.8110 ± 0.0000 | Valid Power: 0.0017 | Train Power: 0.0017 | patience:  42 | lr: 0.00625 | Epoch time: 0.2 |

2024-09-09 10:27:22,662 - INFO -
| Epoch:    920 | Train loss: 5.1336e-01 | Valid loss: 5.9838e-01 | Train acc: 0.8665 ± 0.0000 | Valid acc: 0.8110 ± 0.0000 | Valid Power: 0.0017 | Train Power: 0.0017 | patience:  52 | lr: 0.00625 | Epoch time: 0.2 |

2024-09-09 10:27:24,397 - INFO -
| Epoch:    930 | Train loss: 5.1307e-01 | Valid loss: 5.9891e-01 | Train acc: 0.8665 ± 0.0000 | Valid acc: 0.8110 ± 0.0000 | Valid Power: 0.0017 | Train Power: 0.0017 | patience:  62 | lr: 0.00625 | Epoch time: 0.2 |

2024-09-09 10:27:26,134 - INFO -
| Epoch:    940 | Train loss: 5.1282e-01 | Valid loss: 5.9930e-01 | Train acc: 0.8665 ± 0.0000 | Valid acc: 0.8110 ± 0.0000 | Valid Power: 0.0017 | Train Power: 0.0017 | patience:  72 | lr: 0.00625 | Epoch time: 0.2 |

2024-09-09 10:27:27,870 - INFO -
| Epoch:    950 | Train loss: 5.1259e-01 | Valid loss: 5.9974e-01 | Train acc: 0.8665 ± 0.0000 | Valid acc: 0.8110 ± 0.0000 | Valid Power: 0.0017 | Train Power: 0.0017 | patience:  82 | lr: 0.00625 | Epoch time: 0.2 |

2024-09-09 10:27:29,697 - INFO -
| Epoch:    960 | Train loss: 5.1236e-01 | Valid loss: 6.0010e-01 | Train acc: 0.8665 ± 0.0000 | Valid acc: 0.8110 ± 0.0000 | Valid Power: 0.0017 | Train Power: 0.0017 | patience:  92 | lr: 0.00625 | Epoch time: 0.2 |

2024-09-09 10:27:31,260 - INFO -
load best network to warm start training with lower lr.

2024-09-09 10:27:31,260 - INFO -
lr update to 0.003125.

2024-09-09 10:27:31,434 - INFO -
| Epoch:    970 | Train loss: 5.1967e-01 | Valid loss: 6.0305e-01 | Train acc: 0.8615 ± 0.0000 | Valid acc: 0.7953 ± 0.0000 | Valid Power: 0.0017 | Train Power: 0.0017 | patience:   1 | lr: 0.003125 | Epoch time: 0.2 |

2024-09-09 10:27:33,165 - INFO -
| Epoch:    980 | Train loss: 5.1803e-01 | Valid loss: 5.9549e-01 | Train acc: 0.8640 ± 0.0000 | Valid acc: 0.8110 ± 0.0000 | Valid Power: 0.0017 | Train Power: 0.0017 | patience:  11 | lr: 0.003125 | Epoch time: 0.2 |

2024-09-09 10:27:34,900 - INFO -
| Epoch:    990 | Train loss: 5.1585e-01 | Valid loss: 5.9566e-01 | Train acc: 0.8665 ± 0.0000 | Valid acc: 0.8110 ± 0.0000 | Valid Power: 0.0017 | Train Power: 0.0017 | patience:  21 | lr: 0.003125 | Epoch time: 0.2 |

2024-09-09 10:27:36,634 - INFO -
| Epoch:   1000 | Train loss: 5.1511e-01 | Valid loss: 5.9566e-01 | Train acc: 0.8665 ± 0.0000 | Valid acc: 0.8110 ± 0.0000 | Valid Power: 0.0017 | Train Power: 0.0017 | patience:  31 | lr: 0.003125 | Epoch time: 0.2 |

2024-09-09 10:27:38,373 - INFO -
| Epoch:   1010 | Train loss: 5.1472e-01 | Valid loss: 5.9615e-01 | Train acc: 0.8665 ± 0.0000 | Valid acc: 0.8110 ± 0.0000 | Valid Power: 0.0017 | Train Power: 0.0017 | patience:  41 | lr: 0.003125 | Epoch time: 0.2 |

2024-09-09 10:27:40,031 - INFO -
| Epoch:   1020 | Train loss: 5.1441e-01 | Valid loss: 5.9641e-01 | Train acc: 0.8665 ± 0.0000 | Valid acc: 0.8110 ± 0.0000 | Valid Power: 0.0017 | Train Power: 0.0017 | patience:  51 | lr: 0.003125 | Epoch time: 0.2 |

2024-09-09 10:27:41,627 - INFO -
| Epoch:   1030 | Train loss: 5.1415e-01 | Valid loss: 5.9673e-01 | Train acc: 0.8665 ± 0.0000 | Valid acc: 0.8110 ± 0.0000 | Valid Power: 0.0017 | Train Power: 0.0017 | patience:  61 | lr: 0.003125 | Epoch time: 0.2 |

2024-09-09 10:27:43,220 - INFO -
| Epoch:   1040 | Train loss: 5.1393e-01 | Valid loss: 5.9714e-01 | Train acc: 0.8665 ± 0.0000 | Valid acc: 0.8110 ± 0.0000 | Valid Power: 0.0017 | Train Power: 0.0017 | patience:  71 | lr: 0.003125 | Epoch time: 0.2 |

2024-09-09 10:27:44,823 - INFO -
| Epoch:   1050 | Train loss: 5.1372e-01 | Valid loss: 5.9742e-01 | Train acc: 0.8665 ± 0.0000 | Valid acc: 0.8110 ± 0.0000 | Valid Power: 0.0017 | Train Power: 0.0017 | patience:  81 | lr: 0.003125 | Epoch time: 0.2 |

2024-09-09 10:27:46,426 - INFO -
| Epoch:   1060 | Train loss: 5.1354e-01 | Valid loss: 5.9773e-01 | Train acc: 0.8665 ± 0.0000 | Valid acc: 0.8110 ± 0.0000 | Valid Power: 0.0017 | Train Power: 0.0017 | patience:  91 | lr: 0.003125 | Epoch time: 0.2 |

2024-09-09 10:27:48,025 - INFO -
load best network to warm start training with lower lr.

2024-09-09 10:27:48,026 - INFO -
lr update to 0.0015625.

2024-09-09 10:27:48,026 - INFO -
| Epoch:   1070 | Train loss: 5.1337e-01 | Valid loss: 5.9803e-01 | Train acc: 0.8665 ± 0.0000 | Valid acc: 0.8110 ± 0.0000 | Valid Power: 0.0017 | Train Power: 0.0017 | patience:   0 | lr: 0.0015625 | Epoch time: 0.2 |

2024-09-09 10:27:49,635 - INFO -
| Epoch:   1080 | Train loss: 5.1859e-01 | Valid loss: 5.9545e-01 | Train acc: 0.8640 ± 0.0000 | Valid acc: 0.8110 ± 0.0000 | Valid Power: 0.0017 | Train Power: 0.0017 | patience:  10 | lr: 0.0015625 | Epoch time: 0.2 |

2024-09-09 10:27:51,216 - INFO -
| Epoch:   1090 | Train loss: 5.1774e-01 | Valid loss: 5.9581e-01 | Train acc: 0.8640 ± 0.0000 | Valid acc: 0.8110 ± 0.0000 | Valid Power: 0.0017 | Train Power: 0.0017 | patience:  20 | lr: 0.0015625 | Epoch time: 0.2 |

2024-09-09 10:27:52,900 - INFO -
| Epoch:   1100 | Train loss: 5.1623e-01 | Valid loss: 5.9556e-01 | Train acc: 0.8665 ± 0.0000 | Valid acc: 0.8110 ± 0.0000 | Valid Power: 0.0017 | Train Power: 0.0017 | patience:  30 | lr: 0.0015625 | Epoch time: 0.2 |

2024-09-09 10:27:54,495 - INFO -
| Epoch:   1110 | Train loss: 5.1555e-01 | Valid loss: 5.9554e-01 | Train acc: 0.8665 ± 0.0000 | Valid acc: 0.8110 ± 0.0000 | Valid Power: 0.0017 | Train Power: 0.0017 | patience:  40 | lr: 0.0015625 | Epoch time: 0.2 |

2024-09-09 10:27:56,086 - INFO -
| Epoch:   1120 | Train loss: 5.1525e-01 | Valid loss: 5.9555e-01 | Train acc: 0.8665 ± 0.0000 | Valid acc: 0.8110 ± 0.0000 | Valid Power: 0.0017 | Train Power: 0.0017 | patience:  50 | lr: 0.0015625 | Epoch time: 0.2 |

2024-09-09 10:27:57,665 - INFO -
| Epoch:   1130 | Train loss: 5.1503e-01 | Valid loss: 5.9571e-01 | Train acc: 0.8665 ± 0.0000 | Valid acc: 0.8110 ± 0.0000 | Valid Power: 0.0017 | Train Power: 0.0017 | patience:  60 | lr: 0.0015625 | Epoch time: 0.2 |

2024-09-09 10:27:59,265 - INFO -
| Epoch:   1140 | Train loss: 5.1484e-01 | Valid loss: 5.9588e-01 | Train acc: 0.8665 ± 0.0000 | Valid acc: 0.8110 ± 0.0000 | Valid Power: 0.0017 | Train Power: 0.0017 | patience:  70 | lr: 0.0015625 | Epoch time: 0.2 |

2024-09-09 10:28:00,862 - INFO -
| Epoch:   1150 | Train loss: 5.1467e-01 | Valid loss: 5.9601e-01 | Train acc: 0.8665 ± 0.0000 | Valid acc: 0.8110 ± 0.0000 | Valid Power: 0.0017 | Train Power: 0.0017 | patience:  80 | lr: 0.0015625 | Epoch time: 0.2 |

2024-09-09 10:28:02,467 - INFO -
| Epoch:   1160 | Train loss: 5.1451e-01 | Valid loss: 5.9619e-01 | Train acc: 0.8665 ± 0.0000 | Valid acc: 0.8110 ± 0.0000 | Valid Power: 0.0017 | Train Power: 0.0017 | patience:  90 | lr: 0.0015625 | Epoch time: 0.2 |

2024-09-09 10:28:04,067 - INFO -
| Epoch:   1170 | Train loss: 5.1437e-01 | Valid loss: 5.9636e-01 | Train acc: 0.8665 ± 0.0000 | Valid acc: 0.8110 ± 0.0000 | Valid Power: 0.0017 | Train Power: 0.0017 | patience: 100 | lr: 0.0015625 | Epoch time: 0.2 |

2024-09-09 10:28:04,231 - INFO -
load best network to warm start training with lower lr.

2024-09-09 10:28:04,231 - INFO -
lr update to 0.00078125.

2024-09-09 10:28:05,680 - INFO -
| Epoch:   1180 | Train loss: 5.1890e-01 | Valid loss: 6.0090e-01 | Train acc: 0.8640 ± 0.0000 | Valid acc: 0.7953 ± 0.0000 | Valid Power: 0.0017 | Train Power: 0.0017 | patience:   9 | lr: 0.00078125 | Epoch time: 0.2 |

2024-09-09 10:28:07,287 - INFO -
| Epoch:   1190 | Train loss: 5.1856e-01 | Valid loss: 5.9537e-01 | Train acc: 0.8640 ± 0.0000 | Valid acc: 0.8110 ± 0.0000 | Valid Power: 0.0017 | Train Power: 0.0017 | patience:  19 | lr: 0.00078125 | Epoch time: 0.2 |

2024-09-09 10:28:08,887 - INFO -
| Epoch:   1200 | Train loss: 5.1829e-01 | Valid loss: 5.9540e-01 | Train acc: 0.8640 ± 0.0000 | Valid acc: 0.8110 ± 0.0000 | Valid Power: 0.0017 | Train Power: 0.0017 | patience:  29 | lr: 0.00078125 | Epoch time: 0.2 |

2024-09-09 10:28:10,483 - INFO -
| Epoch:   1210 | Train loss: 5.1756e-01 | Valid loss: 5.9564e-01 | Train acc: 0.8640 ± 0.0000 | Valid acc: 0.8110 ± 0.0000 | Valid Power: 0.0017 | Train Power: 0.0017 | patience:  39 | lr: 0.00078125 | Epoch time: 0.2 |

2024-09-09 10:28:12,058 - INFO -
| Epoch:   1220 | Train loss: 5.1642e-01 | Valid loss: 5.9559e-01 | Train acc: 0.8665 ± 0.0000 | Valid acc: 0.8110 ± 0.0000 | Valid Power: 0.0017 | Train Power: 0.0017 | patience:  49 | lr: 0.00078125 | Epoch time: 0.2 |

2024-09-09 10:28:13,698 - INFO -
| Epoch:   1230 | Train loss: 5.1587e-01 | Valid loss: 5.9548e-01 | Train acc: 0.8665 ± 0.0000 | Valid acc: 0.8110 ± 0.0000 | Valid Power: 0.0017 | Train Power: 0.0017 | patience:  59 | lr: 0.00078125 | Epoch time: 0.2 |

2024-09-09 10:28:15,255 - INFO -
| Epoch:   1240 | Train loss: 5.1562e-01 | Valid loss: 5.9544e-01 | Train acc: 0.8665 ± 0.0000 | Valid acc: 0.8110 ± 0.0000 | Valid Power: 0.0017 | Train Power: 0.0017 | patience:  69 | lr: 0.00078125 | Epoch time: 0.2 |

2024-09-09 10:28:16,814 - INFO -
| Epoch:   1250 | Train loss: 5.1545e-01 | Valid loss: 5.9546e-01 | Train acc: 0.8665 ± 0.0000 | Valid acc: 0.8110 ± 0.0000 | Valid Power: 0.0017 | Train Power: 0.0017 | patience:  79 | lr: 0.00078125 | Epoch time: 0.2 |

2024-09-09 10:28:18,385 - INFO -
| Epoch:   1260 | Train loss: 5.1532e-01 | Valid loss: 5.9549e-01 | Train acc: 0.8665 ± 0.0000 | Valid acc: 0.8110 ± 0.0000 | Valid Power: 0.0017 | Train Power: 0.0017 | patience:  89 | lr: 0.00078125 | Epoch time: 0.2 |

2024-09-09 10:28:19,949 - INFO -
| Epoch:   1270 | Train loss: 5.1521e-01 | Valid loss: 5.9555e-01 | Train acc: 0.8665 ± 0.0000 | Valid acc: 0.8110 ± 0.0000 | Valid Power: 0.0017 | Train Power: 0.0017 | patience:  99 | lr: 0.00078125 | Epoch time: 0.2 |

2024-09-09 10:28:20,264 - INFO -
load best network to warm start training with lower lr.

2024-09-09 10:28:20,264 - INFO -
lr update to 0.000390625.

2024-09-09 10:28:21,513 - INFO -
| Epoch:   1280 | Train loss: 5.1890e-01 | Valid loss: 6.0023e-01 | Train acc: 0.8640 ± 0.0000 | Valid acc: 0.8031 ± 0.0000 | Valid Power: 0.0017 | Train Power: 0.0017 | patience:   8 | lr: 0.000390625 | Epoch time: 0.2 |

2024-09-09 10:28:23,072 - INFO -
| Epoch:   1290 | Train loss: 5.1879e-01 | Valid loss: 5.9786e-01 | Train acc: 0.8640 ± 0.0000 | Valid acc: 0.8031 ± 0.0000 | Valid Power: 0.0017 | Train Power: 0.0017 | patience:  18 | lr: 0.000390625 | Epoch time: 0.2 |

2024-09-09 10:28:24,635 - INFO -
| Epoch:   1300 | Train loss: 5.1863e-01 | Valid loss: 5.9535e-01 | Train acc: 0.8640 ± 0.0000 | Valid acc: 0.8110 ± 0.0000 | Valid Power: 0.0017 | Train Power: 0.0017 | patience:  28 | lr: 0.000390625 | Epoch time: 0.2 |

2024-09-09 10:28:26,286 - INFO -
| Epoch:   1310 | Train loss: 5.1850e-01 | Valid loss: 5.9548e-01 | Train acc: 0.8640 ± 0.0000 | Valid acc: 0.8110 ± 0.0000 | Valid Power: 0.0017 | Train Power: 0.0017 | patience:  38 | lr: 0.000390625 | Epoch time: 0.2 |

2024-09-09 10:28:27,853 - INFO -
| Epoch:   1320 | Train loss: 5.1838e-01 | Valid loss: 5.9537e-01 | Train acc: 0.8640 ± 0.0000 | Valid acc: 0.8110 ± 0.0000 | Valid Power: 0.0017 | Train Power: 0.0017 | patience:  48 | lr: 0.000390625 | Epoch time: 0.2 |

2024-09-09 10:28:29,419 - INFO -
| Epoch:   1330 | Train loss: 5.1819e-01 | Valid loss: 5.9544e-01 | Train acc: 0.8640 ± 0.0000 | Valid acc: 0.8110 ± 0.0000 | Valid Power: 0.0017 | Train Power: 0.0017 | patience:  58 | lr: 0.000390625 | Epoch time: 0.2 |

2024-09-09 10:28:30,987 - INFO -
| Epoch:   1340 | Train loss: 5.1772e-01 | Valid loss: 5.9563e-01 | Train acc: 0.8640 ± 0.0000 | Valid acc: 0.8110 ± 0.0000 | Valid Power: 0.0017 | Train Power: 0.0017 | patience:  68 | lr: 0.000390625 | Epoch time: 0.2 |

2024-09-09 10:28:32,556 - INFO -
| Epoch:   1350 | Train loss: 5.1696e-01 | Valid loss: 5.9560e-01 | Train acc: 0.8665 ± 0.0000 | Valid acc: 0.8110 ± 0.0000 | Valid Power: 0.0017 | Train Power: 0.0017 | patience:  78 | lr: 0.000390625 | Epoch time: 0.2 |

2024-09-09 10:28:34,072 - INFO -
| Epoch:   1360 | Train loss: 5.1641e-01 | Valid loss: 5.9552e-01 | Train acc: 0.8665 ± 0.0000 | Valid acc: 0.8110 ± 0.0000 | Valid Power: 0.0017 | Train Power: 0.0017 | patience:  88 | lr: 0.000390625 | Epoch time: 0.1 |

2024-09-09 10:28:35,468 - INFO -
| Epoch:   1370 | Train loss: 5.1610e-01 | Valid loss: 5.9546e-01 | Train acc: 0.8665 ± 0.0000 | Valid acc: 0.8110 ± 0.0000 | Valid Power: 0.0017 | Train Power: 0.0017 | patience:  98 | lr: 0.000390625 | Epoch time: 0.1 |

2024-09-09 10:28:35,887 - INFO -
load best network to warm start training with lower lr.

2024-09-09 10:28:35,887 - INFO -
lr update to 0.0001953125.

2024-09-09 10:28:36,862 - INFO -
| Epoch:   1380 | Train loss: 5.1901e-01 | Valid loss: 5.9588e-01 | Train acc: 0.8640 ± 0.0000 | Valid acc: 0.8110 ± 0.0000 | Valid Power: 0.0017 | Train Power: 0.0017 | patience:   6 | lr: 0.0001953125 | Epoch time: 0.1 |

2024-09-09 10:28:38,262 - INFO -
| Epoch:   1390 | Train loss: 5.1889e-01 | Valid loss: 5.9943e-01 | Train acc: 0.8640 ± 0.0000 | Valid acc: 0.8031 ± 0.0000 | Valid Power: 0.0017 | Train Power: 0.0017 | patience:  16 | lr: 0.0001953125 | Epoch time: 0.1 |

2024-09-09 10:28:39,652 - INFO -
| Epoch:   1400 | Train loss: 5.1882e-01 | Valid loss: 5.9802e-01 | Train acc: 0.8640 ± 0.0000 | Valid acc: 0.8031 ± 0.0000 | Valid Power: 0.0017 | Train Power: 0.0017 | patience:  26 | lr: 0.0001953125 | Epoch time: 0.1 |

2024-09-09 10:28:41,048 - INFO -
| Epoch:   1410 | Train loss: 5.1872e-01 | Valid loss: 5.9589e-01 | Train acc: 0.8640 ± 0.0000 | Valid acc: 0.8110 ± 0.0000 | Valid Power: 0.0017 | Train Power: 0.0017 | patience:  36 | lr: 0.0001953125 | Epoch time: 0.1 |

2024-09-09 10:28:42,450 - INFO -
| Epoch:   1420 | Train loss: 5.1866e-01 | Valid loss: 5.9551e-01 | Train acc: 0.8640 ± 0.0000 | Valid acc: 0.8110 ± 0.0000 | Valid Power: 0.0017 | Train Power: 0.0017 | patience:  46 | lr: 0.0001953125 | Epoch time: 0.1 |

2024-09-09 10:28:43,849 - INFO -
| Epoch:   1430 | Train loss: 5.1860e-01 | Valid loss: 5.9556e-01 | Train acc: 0.8640 ± 0.0000 | Valid acc: 0.8110 ± 0.0000 | Valid Power: 0.0017 | Train Power: 0.0017 | patience:  56 | lr: 0.0001953125 | Epoch time: 0.1 |

2024-09-09 10:28:45,240 - INFO -
| Epoch:   1440 | Train loss: 5.1854e-01 | Valid loss: 5.9547e-01 | Train acc: 0.8640 ± 0.0000 | Valid acc: 0.8110 ± 0.0000 | Valid Power: 0.0017 | Train Power: 0.0017 | patience:  66 | lr: 0.0001953125 | Epoch time: 0.1 |

2024-09-09 10:28:46,675 - INFO -
| Epoch:   1450 | Train loss: 5.1848e-01 | Valid loss: 5.9538e-01 | Train acc: 0.8640 ± 0.0000 | Valid acc: 0.8110 ± 0.0000 | Valid Power: 0.0017 | Train Power: 0.0017 | patience:  76 | lr: 0.0001953125 | Epoch time: 0.1 |

2024-09-09 10:28:48,043 - INFO -
| Epoch:   1460 | Train loss: 5.1842e-01 | Valid loss: 5.9535e-01 | Train acc: 0.8640 ± 0.0000 | Valid acc: 0.8110 ± 0.0000 | Valid Power: 0.0017 | Train Power: 0.0017 | patience:  86 | lr: 0.0001953125 | Epoch time: 0.1 |

2024-09-09 10:28:49,427 - INFO -
| Epoch:   1470 | Train loss: 5.1834e-01 | Valid loss: 5.9534e-01 | Train acc: 0.8640 ± 0.0000 | Valid acc: 0.8110 ± 0.0000 | Valid Power: 0.0017 | Train Power: 0.0017 | patience:  96 | lr: 0.0001953125 | Epoch time: 0.1 |

2024-09-09 10:28:50,118 - INFO -
load best network to warm start training with lower lr.

2024-09-09 10:28:50,118 - INFO -
lr update to 9.765625e-05.

2024-09-09 10:28:50,118 - INFO -
Early stop.

2024-09-09 10:28:50,126 - INFO -
Training if finished.

2024-09-11 15:04:06,607 - INFO -
Configuration: 
gmin                0.01
gmax                10.0
T                   0.1
m                   0.3
type_nonlinear      normal
act                 tanh
ACT_R1n             12.7865
ACT_R2n             -3.1871
ACT_W1n             -10.4537
ACT_L1n             10.546
ACT_W2n             -5.8496
ACT_L2n             4.2337
S_R1n               -11.7481
S_R2n               -0.3905
S_W1n               -9.169
S_L1n               0.3913
S_W2n               7.2004
S_L2n               15.5558
ReLU_RHn            -1.9557
ReLU_RLn            -20.1581
ReLU_RDn            16.6486
ReLU_RBn            -14.3472
ReLU_Wn             16.655
ReLU_Ln             -21.7591
HS_Rn               -0.3766
HS_Wn               0.5192
HS_Ln               4.6293
NEG_R1n             -7.0846
NEG_R2n             -2.5695
NEG_R3n             16.1542
NEG_W1n             13.8696
NEG_L1n             2.7635
NEG_W2n             1.2674
NEG_L2n             -10.4803
NEG_W3n             -6.4386
NEG_L3n             5.1005
task                normal
DATASET             3
DataPath            ./dataset
InputNoise          0.0
IN_test             0.0
R_train             1
R_test              1
N_time              32
pathnorm            False
hidden              [3]
skipconnection      False
SEED                9
DEVICE              cpu
PATIENCE            500
EPOCH               10000000000
LR                  0.1
PROGRESSIVE         True
LR_PATIENCE         100
LR_DECAY            0.5
LR_MIN              0.0001
metric              acc
SoftEva             True
TIMELIMITATION      71
MODE                nominal
M_train             1
K_train             1
M_test              1
K_test              1
t_test_max          1
integration         MC
N_train             1
e_train             0.0
N_test              100
e_test              0.1
e_fault             2
fault_ratio         0.0
N_fault             50
e_fault_test        0
N_fault_test        50
dropout             0.0
lagrangian_loss     False
rho                 100
powerestimator      none
powerbalance        0.0
estimatorbalance    0.0
pgmin               1e-07
power_ratio         1000
lambda_P            100
areaestimator       none
areabalance         0.0
area_theta          0.15
area_act            30.0
area_neg            22.7
lambda_A            0.001
lnc                 False
projectname         tanh_0_FaultAnalysisNormal
temppath            ./tanh_0_FaultAnalysisNormal/temp/
logfilepath         ./tanh_0_FaultAnalysisNormal/log/
report_freq         10
recording           False
recordpath          ./tanh_0_FaultAnalysisNormal/record/
savepath            ./tanh_0_FaultAnalysisNormal/models/
loglevel            info


2024-09-11 15:04:06,645 - INFO -
Training network on device: cpu.

2024-09-11 15:04:06,645 - INFO -
Training setup: data_03_cardiotocography3clases_seed_09_epsilon_0.0_dropout_0.0_fault_ratio_0.0.model.

2024-09-11 15:04:06,645 - INFO -
{'dataname': 'cardiotocography3clases', 'N_feature': 21, 'N_class': 3, 'N_train': 397, 'N_valid': 127, 'N_test': 79}

2024-09-11 15:04:06,646 - INFO -
Training was already finished.

2024-09-14 08:36:54,491 - INFO -
Configuration: 
gmin                0.01
gmax                10.0
T                   0.1
m                   0.3
type_nonlinear      normal
act                 tanh
ACT_R1n             12.7865
ACT_R2n             -3.1871
ACT_W1n             -10.4537
ACT_L1n             10.546
ACT_W2n             -5.8496
ACT_L2n             4.2337
S_R1n               -11.7481
S_R2n               -0.3905
S_W1n               -9.169
S_L1n               0.3913
S_W2n               7.2004
S_L2n               15.5558
ReLU_RHn            -1.9557
ReLU_RLn            -20.1581
ReLU_RDn            16.6486
ReLU_RBn            -14.3472
ReLU_Wn             16.655
ReLU_Ln             -21.7591
HS_Rn               -0.3766
HS_Wn               0.5192
HS_Ln               4.6293
NEG_R1n             -7.0846
NEG_R2n             -2.5695
NEG_R3n             16.1542
NEG_W1n             13.8696
NEG_L1n             2.7635
NEG_W2n             1.2674
NEG_L2n             -10.4803
NEG_W3n             -6.4386
NEG_L3n             5.1005
task                normal
DATASET             3
DataPath            ./dataset
InputNoise          0.0
IN_test             0.0
R_train             1
R_test              1
N_time              32
pathnorm            False
hidden              [3]
skipconnection      False
SEED                9
DEVICE              cpu
PATIENCE            500
EPOCH               10000000000
LR                  0.1
PROGRESSIVE         True
LR_PATIENCE         100
LR_DECAY            0.5
LR_MIN              0.0001
metric              acc
SoftEva             True
TIMELIMITATION      71
MODE                nominal
M_train             1
K_train             1
M_test              1
K_test              1
t_test_max          1
integration         MC
N_train             1
e_train             0.0
N_test              100
e_test              0.1
e_fault             2
fault_ratio         0.0
N_fault             50
e_fault_test        0
N_fault_test        50
dropout             0.0
lagrangian_loss     False
rho                 100
powerestimator      none
powerbalance        0.0
estimatorbalance    0.0
pgmin               1e-07
power_ratio         1000
lambda_P            100
areaestimator       none
areabalance         0.0
area_theta          0.15
area_act            30.0
area_neg            22.7
lambda_A            0.001
lnc                 False
projectname         tanh_0_FaultAnalysisNormal
temppath            ./tanh_0_FaultAnalysisNormal/temp/
logfilepath         ./tanh_0_FaultAnalysisNormal/log/
report_freq         10
recording           False
recordpath          ./tanh_0_FaultAnalysisNormal/record/
savepath            ./tanh_0_FaultAnalysisNormal/models/
loglevel            info


2024-09-14 08:36:54,518 - INFO -
Training network on device: cpu.

2024-09-14 08:36:54,518 - INFO -
Training setup: data_03_cardiotocography3clases_seed_09_epsilon_0.0_dropout_0.0_fault_ratio_0.0.model.

2024-09-14 08:36:54,518 - INFO -
{'dataname': 'cardiotocography3clases', 'N_feature': 21, 'N_class': 3, 'N_train': 397, 'N_valid': 127, 'N_test': 79}

2024-09-14 08:36:54,519 - INFO -
Training was already finished.

