2024-09-09 04:07:29,237 - INFO -
Configuration: 
gmin                0.01
gmax                10.0
T                   0.1
m                   0.3
type_nonlinear      normal
act                 tanh
ACT_R1n             12.7865
ACT_R2n             -3.1871
ACT_W1n             -10.4537
ACT_L1n             10.546
ACT_W2n             -5.8496
ACT_L2n             4.2337
S_R1n               -11.7481
S_R2n               -0.3905
S_W1n               -9.169
S_L1n               0.3913
S_W2n               7.2004
S_L2n               15.5558
ReLU_RHn            -1.9557
ReLU_RLn            -20.1581
ReLU_RDn            16.6486
ReLU_RBn            -14.3472
ReLU_Wn             16.655
ReLU_Ln             -21.7591
HS_Rn               -0.3766
HS_Wn               0.5192
HS_Ln               4.6293
NEG_R1n             -7.0846
NEG_R2n             -2.5695
NEG_R3n             16.1542
NEG_W1n             13.8696
NEG_L1n             2.7635
NEG_W2n             1.2674
NEG_L2n             -10.4803
NEG_W3n             -6.4386
NEG_L3n             5.1005
task                normal
DATASET             7
DataPath            ./dataset
InputNoise          0.0
IN_test             0.0
R_train             1
R_test              1
N_time              32
pathnorm            False
hidden              [3]
skipconnection      False
SEED                7
DEVICE              cpu
PATIENCE            500
EPOCH               10000000000
LR                  0.1
PROGRESSIVE         True
LR_PATIENCE         100
LR_DECAY            0.5
LR_MIN              0.0001
metric              acc
SoftEva             True
TIMELIMITATION      71
MODE                nominal
M_train             1
K_train             1
M_test              1
K_test              1
t_test_max          1
integration         MC
N_train             1
e_train             0.0
N_test              100
e_test              0.1
e_fault             2
fault_ratio         0.0
N_fault             50
e_fault_test        0
N_fault_test        50
dropout             0.0
lagrangian_loss     False
rho                 100
powerestimator      none
powerbalance        0.0
estimatorbalance    0.0
pgmin               1e-07
power_ratio         1000
lambda_P            100
areaestimator       none
areabalance         0.0
area_theta          0.15
area_act            30.0
area_neg            22.7
lambda_A            0.001
lnc                 False
projectname         tanh_0_FaultAnalysisNormal
temppath            ./tanh_0_FaultAnalysisNormal/temp/
logfilepath         ./tanh_0_FaultAnalysisNormal/log/
report_freq         10
recording           False
recordpath          ./tanh_0_FaultAnalysisNormal/record/
savepath            ./tanh_0_FaultAnalysisNormal/models/
loglevel            info


2024-09-09 04:07:29,238 - INFO -
Training network on device: cpu.

2024-09-09 04:07:29,238 - INFO -
Training setup: data_07_mammographic_seed_07_epsilon_0.0_dropout_0.0_fault_ratio_0.0.model.

2024-09-09 04:07:29,238 - INFO -
{'dataname': 'mammographic', 'N_feature': 5, 'N_class': 2, 'N_train': 397, 'N_valid': 127, 'N_test': 79}

2024-09-09 04:07:29,238 - INFO -
Topology of the network: [5, 3, 2].

2024-09-09 04:07:31,166 - INFO -
| Epoch:      0 | Train loss: 6.9322e-01 | Valid loss: 6.6620e-01 | Train acc: 0.4408 ± 0.0000 | Valid acc: 0.5354 ± 0.0000 | Valid Power: 0.0007 | Train Power: 0.0004 | patience:   0 | lr: 0.1 | Epoch time: 0.1 |

2024-09-09 04:07:32,279 - INFO -
| Epoch:     10 | Train loss: 5.5645e-01 | Valid loss: 4.9970e-01 | Train acc: 0.7456 ± 0.0000 | Valid acc: 0.8189 ± 0.0000 | Valid Power: 0.0007 | Train Power: 0.0007 | patience:   0 | lr: 0.1 | Epoch time: 0.1 |

2024-09-09 04:07:33,410 - INFO -
| Epoch:     20 | Train loss: 5.1582e-01 | Valid loss: 4.7163e-01 | Train acc: 0.7809 ± 0.0000 | Valid acc: 0.8031 ± 0.0000 | Valid Power: 0.0007 | Train Power: 0.0007 | patience:   0 | lr: 0.1 | Epoch time: 0.1 |

2024-09-09 04:07:34,540 - INFO -
| Epoch:     30 | Train loss: 5.0260e-01 | Valid loss: 4.5351e-01 | Train acc: 0.7809 ± 0.0000 | Valid acc: 0.7953 ± 0.0000 | Valid Power: 0.0004 | Train Power: 0.0004 | patience:   1 | lr: 0.1 | Epoch time: 0.1 |

2024-09-09 04:07:35,646 - INFO -
| Epoch:     40 | Train loss: 4.9744e-01 | Valid loss: 4.4317e-01 | Train acc: 0.7834 ± 0.0000 | Valid acc: 0.8031 ± 0.0000 | Valid Power: 0.0005 | Train Power: 0.0005 | patience:   0 | lr: 0.1 | Epoch time: 0.1 |

2024-09-09 04:07:36,851 - INFO -
| Epoch:     50 | Train loss: 4.9485e-01 | Valid loss: 4.4356e-01 | Train acc: 0.7859 ± 0.0000 | Valid acc: 0.7953 ± 0.0000 | Valid Power: 0.0005 | Train Power: 0.0005 | patience:   4 | lr: 0.1 | Epoch time: 0.1 |

2024-09-09 04:07:37,942 - INFO -
| Epoch:     60 | Train loss: 4.9494e-01 | Valid loss: 4.4984e-01 | Train acc: 0.7884 ± 0.0000 | Valid acc: 0.7953 ± 0.0000 | Valid Power: 0.0005 | Train Power: 0.0005 | patience:  14 | lr: 0.1 | Epoch time: 0.1 |

2024-09-09 04:07:39,034 - INFO -
| Epoch:     70 | Train loss: 4.9292e-01 | Valid loss: 4.4307e-01 | Train acc: 0.7834 ± 0.0000 | Valid acc: 0.7953 ± 0.0000 | Valid Power: 0.0005 | Train Power: 0.0005 | patience:  24 | lr: 0.1 | Epoch time: 0.1 |

2024-09-09 04:07:40,142 - INFO -
| Epoch:     80 | Train loss: 4.9374e-01 | Valid loss: 4.4224e-01 | Train acc: 0.7834 ± 0.0000 | Valid acc: 0.7953 ± 0.0000 | Valid Power: 0.0005 | Train Power: 0.0005 | patience:   2 | lr: 0.1 | Epoch time: 0.1 |

2024-09-09 04:07:41,233 - INFO -
| Epoch:     90 | Train loss: 4.9018e-01 | Valid loss: 4.4150e-01 | Train acc: 0.7859 ± 0.0000 | Valid acc: 0.7953 ± 0.0000 | Valid Power: 0.0005 | Train Power: 0.0005 | patience:   5 | lr: 0.1 | Epoch time: 0.1 |

2024-09-09 04:07:42,328 - INFO -
| Epoch:    100 | Train loss: 4.8841e-01 | Valid loss: 4.3525e-01 | Train acc: 0.7884 ± 0.0000 | Valid acc: 0.8031 ± 0.0000 | Valid Power: 0.0006 | Train Power: 0.0006 | patience:   0 | lr: 0.1 | Epoch time: 0.1 |

2024-09-09 04:07:43,420 - INFO -
| Epoch:    110 | Train loss: 4.8738e-01 | Valid loss: 4.3411e-01 | Train acc: 0.7884 ± 0.0000 | Valid acc: 0.8031 ± 0.0000 | Valid Power: 0.0005 | Train Power: 0.0005 | patience:   0 | lr: 0.1 | Epoch time: 0.1 |

2024-09-09 04:07:44,515 - INFO -
| Epoch:    120 | Train loss: 4.8884e-01 | Valid loss: 4.3919e-01 | Train acc: 0.7834 ± 0.0000 | Valid acc: 0.7953 ± 0.0000 | Valid Power: 0.0006 | Train Power: 0.0006 | patience:   7 | lr: 0.1 | Epoch time: 0.1 |

2024-09-09 04:07:45,615 - INFO -
| Epoch:    130 | Train loss: 4.8719e-01 | Valid loss: 4.3366e-01 | Train acc: 0.7884 ± 0.0000 | Valid acc: 0.8031 ± 0.0000 | Valid Power: 0.0006 | Train Power: 0.0006 | patience:   4 | lr: 0.1 | Epoch time: 0.1 |

2024-09-09 04:07:46,709 - INFO -
| Epoch:    140 | Train loss: 4.8450e-01 | Valid loss: 4.3185e-01 | Train acc: 0.7884 ± 0.0000 | Valid acc: 0.8031 ± 0.0000 | Valid Power: 0.0006 | Train Power: 0.0006 | patience:   3 | lr: 0.1 | Epoch time: 0.1 |

2024-09-09 04:07:47,809 - INFO -
| Epoch:    150 | Train loss: 4.8724e-01 | Valid loss: 4.2959e-01 | Train acc: 0.7884 ± 0.0000 | Valid acc: 0.8031 ± 0.0000 | Valid Power: 0.0005 | Train Power: 0.0005 | patience:   0 | lr: 0.1 | Epoch time: 0.1 |

2024-09-09 04:07:48,908 - INFO -
| Epoch:    160 | Train loss: 4.8692e-01 | Valid loss: 4.3121e-01 | Train acc: 0.7859 ± 0.0000 | Valid acc: 0.8031 ± 0.0000 | Valid Power: 0.0006 | Train Power: 0.0005 | patience:  10 | lr: 0.1 | Epoch time: 0.1 |

2024-09-09 04:07:50,007 - INFO -
| Epoch:    170 | Train loss: 4.8469e-01 | Valid loss: 4.3058e-01 | Train acc: 0.7859 ± 0.0000 | Valid acc: 0.8031 ± 0.0000 | Valid Power: 0.0006 | Train Power: 0.0010 | patience:   1 | lr: 0.1 | Epoch time: 0.1 |

2024-09-09 04:07:51,106 - INFO -
| Epoch:    180 | Train loss: 4.8403e-01 | Valid loss: 4.2657e-01 | Train acc: 0.7859 ± 0.0000 | Valid acc: 0.8031 ± 0.0000 | Valid Power: 0.0006 | Train Power: 0.0006 | patience:   0 | lr: 0.1 | Epoch time: 0.1 |

2024-09-09 04:07:52,199 - INFO -
| Epoch:    190 | Train loss: 4.8426e-01 | Valid loss: 4.3353e-01 | Train acc: 0.7859 ± 0.0000 | Valid acc: 0.7953 ± 0.0000 | Valid Power: 0.0007 | Train Power: 0.0006 | patience:   5 | lr: 0.1 | Epoch time: 0.1 |

2024-09-09 04:07:53,287 - INFO -
| Epoch:    200 | Train loss: 4.8094e-01 | Valid loss: 4.3024e-01 | Train acc: 0.7884 ± 0.0000 | Valid acc: 0.8031 ± 0.0000 | Valid Power: 0.0006 | Train Power: 0.0006 | patience:  15 | lr: 0.1 | Epoch time: 0.1 |

2024-09-09 04:07:54,377 - INFO -
| Epoch:    210 | Train loss: 4.7975e-01 | Valid loss: 4.2710e-01 | Train acc: 0.7884 ± 0.0000 | Valid acc: 0.8031 ± 0.0000 | Valid Power: 0.0006 | Train Power: 0.0006 | patience:  25 | lr: 0.1 | Epoch time: 0.1 |

2024-09-09 04:07:55,472 - INFO -
| Epoch:    220 | Train loss: 4.8370e-01 | Valid loss: 4.3112e-01 | Train acc: 0.7884 ± 0.0000 | Valid acc: 0.8031 ± 0.0000 | Valid Power: 0.0006 | Train Power: 0.0006 | patience:   3 | lr: 0.1 | Epoch time: 0.1 |

2024-09-09 04:07:56,566 - INFO -
| Epoch:    230 | Train loss: 4.8279e-01 | Valid loss: 4.3243e-01 | Train acc: 0.7935 ± 0.0000 | Valid acc: 0.8031 ± 0.0000 | Valid Power: 0.0007 | Train Power: 0.0010 | patience:   6 | lr: 0.1 | Epoch time: 0.1 |

2024-09-09 04:07:57,656 - INFO -
| Epoch:    240 | Train loss: 4.8115e-01 | Valid loss: 4.2429e-01 | Train acc: 0.7909 ± 0.0000 | Valid acc: 0.8031 ± 0.0000 | Valid Power: 0.0006 | Train Power: 0.0006 | patience:  16 | lr: 0.1 | Epoch time: 0.1 |

2024-09-09 04:07:58,743 - INFO -
| Epoch:    250 | Train loss: 4.7770e-01 | Valid loss: 4.2394e-01 | Train acc: 0.7884 ± 0.0000 | Valid acc: 0.8031 ± 0.0000 | Valid Power: 0.0006 | Train Power: 0.0006 | patience:  26 | lr: 0.1 | Epoch time: 0.1 |

2024-09-09 04:07:59,829 - INFO -
| Epoch:    260 | Train loss: 4.7829e-01 | Valid loss: 4.2555e-01 | Train acc: 0.7859 ± 0.0000 | Valid acc: 0.8031 ± 0.0000 | Valid Power: 0.0005 | Train Power: 0.0005 | patience:  36 | lr: 0.1 | Epoch time: 0.1 |

2024-09-09 04:08:00,915 - INFO -
| Epoch:    270 | Train loss: 4.7681e-01 | Valid loss: 4.2341e-01 | Train acc: 0.7935 ± 0.0000 | Valid acc: 0.8031 ± 0.0000 | Valid Power: 0.0006 | Train Power: 0.0006 | patience:  46 | lr: 0.1 | Epoch time: 0.1 |

2024-09-09 04:08:02,002 - INFO -
| Epoch:    280 | Train loss: 4.7497e-01 | Valid loss: 4.2223e-01 | Train acc: 0.7935 ± 0.0000 | Valid acc: 0.8031 ± 0.0000 | Valid Power: 0.0006 | Train Power: 0.0006 | patience:  56 | lr: 0.1 | Epoch time: 0.1 |

2024-09-09 04:08:03,190 - INFO -
| Epoch:    290 | Train loss: 4.7506e-01 | Valid loss: 4.1999e-01 | Train acc: 0.7884 ± 0.0000 | Valid acc: 0.8031 ± 0.0000 | Valid Power: 0.0006 | Train Power: 0.0006 | patience:   0 | lr: 0.1 | Epoch time: 0.1 |

2024-09-09 04:08:04,286 - INFO -
| Epoch:    300 | Train loss: 4.7522e-01 | Valid loss: 4.2186e-01 | Train acc: 0.7859 ± 0.0000 | Valid acc: 0.8031 ± 0.0000 | Valid Power: 0.0006 | Train Power: 0.0006 | patience:   1 | lr: 0.1 | Epoch time: 0.1 |

2024-09-09 04:08:05,386 - INFO -
| Epoch:    310 | Train loss: 4.7445e-01 | Valid loss: 4.2033e-01 | Train acc: 0.7834 ± 0.0000 | Valid acc: 0.8031 ± 0.0000 | Valid Power: 0.0006 | Train Power: 0.0006 | patience:   2 | lr: 0.1 | Epoch time: 0.1 |

2024-09-09 04:08:06,479 - INFO -
| Epoch:    320 | Train loss: 4.7757e-01 | Valid loss: 4.2451e-01 | Train acc: 0.7909 ± 0.0000 | Valid acc: 0.8031 ± 0.0000 | Valid Power: 0.0006 | Train Power: 0.0007 | patience:   3 | lr: 0.1 | Epoch time: 0.1 |

2024-09-09 04:08:07,564 - INFO -
| Epoch:    330 | Train loss: 4.8075e-01 | Valid loss: 4.2422e-01 | Train acc: 0.7859 ± 0.0000 | Valid acc: 0.8031 ± 0.0000 | Valid Power: 0.0006 | Train Power: 0.0006 | patience:  13 | lr: 0.1 | Epoch time: 0.1 |

2024-09-09 04:08:08,650 - INFO -
| Epoch:    340 | Train loss: 4.7940e-01 | Valid loss: 4.4605e-01 | Train acc: 0.7809 ± 0.0000 | Valid acc: 0.8031 ± 0.0000 | Valid Power: 0.0013 | Train Power: 0.0009 | patience:  23 | lr: 0.1 | Epoch time: 0.1 |

2024-09-09 04:08:09,736 - INFO -
| Epoch:    350 | Train loss: 4.7683e-01 | Valid loss: 4.4132e-01 | Train acc: 0.7884 ± 0.0000 | Valid acc: 0.7874 ± 0.0000 | Valid Power: 0.0007 | Train Power: 0.0007 | patience:  33 | lr: 0.1 | Epoch time: 0.1 |

2024-09-09 04:08:10,820 - INFO -
| Epoch:    360 | Train loss: 4.7686e-01 | Valid loss: 4.3390e-01 | Train acc: 0.7909 ± 0.0000 | Valid acc: 0.8031 ± 0.0000 | Valid Power: 0.0006 | Train Power: 0.0006 | patience:  43 | lr: 0.1 | Epoch time: 0.1 |

2024-09-09 04:08:11,907 - INFO -
| Epoch:    370 | Train loss: 4.8160e-01 | Valid loss: 4.2604e-01 | Train acc: 0.7884 ± 0.0000 | Valid acc: 0.8031 ± 0.0000 | Valid Power: 0.0006 | Train Power: 0.0006 | patience:  53 | lr: 0.1 | Epoch time: 0.1 |

2024-09-09 04:08:12,994 - INFO -
| Epoch:    380 | Train loss: 4.7546e-01 | Valid loss: 4.3385e-01 | Train acc: 0.7859 ± 0.0000 | Valid acc: 0.7874 ± 0.0000 | Valid Power: 0.0006 | Train Power: 0.0006 | patience:  63 | lr: 0.1 | Epoch time: 0.1 |

2024-09-09 04:08:14,088 - INFO -
| Epoch:    390 | Train loss: 4.7230e-01 | Valid loss: 4.2527e-01 | Train acc: 0.7834 ± 0.0000 | Valid acc: 0.8189 ± 0.0000 | Valid Power: 0.0005 | Train Power: 0.0006 | patience:   2 | lr: 0.1 | Epoch time: 0.1 |

2024-09-09 04:08:15,176 - INFO -
| Epoch:    400 | Train loss: 4.7310e-01 | Valid loss: 4.2624e-01 | Train acc: 0.7834 ± 0.0000 | Valid acc: 0.8110 ± 0.0000 | Valid Power: 0.0006 | Train Power: 0.0006 | patience:  12 | lr: 0.1 | Epoch time: 0.1 |

2024-09-09 04:08:16,265 - INFO -
| Epoch:    410 | Train loss: 4.6706e-01 | Valid loss: 4.2643e-01 | Train acc: 0.7834 ± 0.0000 | Valid acc: 0.7874 ± 0.0000 | Valid Power: 0.0006 | Train Power: 0.0006 | patience:  22 | lr: 0.1 | Epoch time: 0.1 |

2024-09-09 04:08:17,356 - INFO -
| Epoch:    420 | Train loss: 4.6281e-01 | Valid loss: 4.2960e-01 | Train acc: 0.7834 ± 0.0000 | Valid acc: 0.8031 ± 0.0000 | Valid Power: 0.0006 | Train Power: 0.0006 | patience:  32 | lr: 0.1 | Epoch time: 0.1 |

2024-09-09 04:08:18,516 - INFO -
| Epoch:    430 | Train loss: 4.6401e-01 | Valid loss: 4.3621e-01 | Train acc: 0.7834 ± 0.0000 | Valid acc: 0.8031 ± 0.0000 | Valid Power: 0.0006 | Train Power: 0.0006 | patience:  42 | lr: 0.1 | Epoch time: 0.1 |

2024-09-09 04:08:19,606 - INFO -
| Epoch:    440 | Train loss: 4.6140e-01 | Valid loss: 4.3082e-01 | Train acc: 0.7884 ± 0.0000 | Valid acc: 0.7953 ± 0.0000 | Valid Power: 0.0006 | Train Power: 0.0006 | patience:  52 | lr: 0.1 | Epoch time: 0.1 |

2024-09-09 04:08:20,709 - INFO -
| Epoch:    450 | Train loss: 4.6149e-01 | Valid loss: 4.2698e-01 | Train acc: 0.7935 ± 0.0000 | Valid acc: 0.8031 ± 0.0000 | Valid Power: 0.0006 | Train Power: 0.0006 | patience:  62 | lr: 0.1 | Epoch time: 0.1 |

2024-09-09 04:08:21,799 - INFO -
| Epoch:    460 | Train loss: 4.5983e-01 | Valid loss: 4.3632e-01 | Train acc: 0.7985 ± 0.0000 | Valid acc: 0.7953 ± 0.0000 | Valid Power: 0.0006 | Train Power: 0.0006 | patience:  72 | lr: 0.1 | Epoch time: 0.1 |

2024-09-09 04:08:22,893 - INFO -
| Epoch:    470 | Train loss: 4.6468e-01 | Valid loss: 4.3392e-01 | Train acc: 0.7884 ± 0.0000 | Valid acc: 0.7953 ± 0.0000 | Valid Power: 0.0006 | Train Power: 0.0006 | patience:  82 | lr: 0.1 | Epoch time: 0.1 |

2024-09-09 04:08:23,984 - INFO -
| Epoch:    480 | Train loss: 4.6300e-01 | Valid loss: 4.3230e-01 | Train acc: 0.7884 ± 0.0000 | Valid acc: 0.8031 ± 0.0000 | Valid Power: 0.0007 | Train Power: 0.0007 | patience:  92 | lr: 0.1 | Epoch time: 0.1 |

2024-09-09 04:08:24,969 - INFO -
load best network to warm start training with lower lr.

2024-09-09 04:08:24,969 - INFO -
lr update to 0.05.

2024-09-09 04:08:25,078 - INFO -
| Epoch:    490 | Train loss: 4.7542e-01 | Valid loss: 4.4651e-01 | Train acc: 0.7809 ± 0.0000 | Valid acc: 0.8031 ± 0.0000 | Valid Power: 0.0006 | Train Power: 0.0006 | patience:   1 | lr: 0.05 | Epoch time: 0.1 |

2024-09-09 04:08:26,169 - INFO -
| Epoch:    500 | Train loss: 4.6771e-01 | Valid loss: 4.3088e-01 | Train acc: 0.7960 ± 0.0000 | Valid acc: 0.7953 ± 0.0000 | Valid Power: 0.0006 | Train Power: 0.0006 | patience:  11 | lr: 0.05 | Epoch time: 0.1 |

2024-09-09 04:08:27,263 - INFO -
| Epoch:    510 | Train loss: 4.6476e-01 | Valid loss: 4.3140e-01 | Train acc: 0.7960 ± 0.0000 | Valid acc: 0.8031 ± 0.0000 | Valid Power: 0.0006 | Train Power: 0.0006 | patience:  21 | lr: 0.05 | Epoch time: 0.1 |

2024-09-09 04:08:28,356 - INFO -
| Epoch:    520 | Train loss: 4.6263e-01 | Valid loss: 4.3054e-01 | Train acc: 0.7884 ± 0.0000 | Valid acc: 0.7953 ± 0.0000 | Valid Power: 0.0006 | Train Power: 0.0006 | patience:  31 | lr: 0.05 | Epoch time: 0.1 |

2024-09-09 04:08:29,447 - INFO -
| Epoch:    530 | Train loss: 4.6126e-01 | Valid loss: 4.3115e-01 | Train acc: 0.7935 ± 0.0000 | Valid acc: 0.7953 ± 0.0000 | Valid Power: 0.0006 | Train Power: 0.0006 | patience:  41 | lr: 0.05 | Epoch time: 0.1 |

2024-09-09 04:08:30,539 - INFO -
| Epoch:    540 | Train loss: 4.6081e-01 | Valid loss: 4.2893e-01 | Train acc: 0.7960 ± 0.0000 | Valid acc: 0.7953 ± 0.0000 | Valid Power: 0.0006 | Train Power: 0.0006 | patience:  51 | lr: 0.05 | Epoch time: 0.1 |

2024-09-09 04:08:31,628 - INFO -
| Epoch:    550 | Train loss: 4.6020e-01 | Valid loss: 4.2902e-01 | Train acc: 0.7960 ± 0.0000 | Valid acc: 0.7953 ± 0.0000 | Valid Power: 0.0005 | Train Power: 0.0005 | patience:  61 | lr: 0.05 | Epoch time: 0.1 |

2024-09-09 04:08:32,718 - INFO -
| Epoch:    560 | Train loss: 4.5976e-01 | Valid loss: 4.3029e-01 | Train acc: 0.7960 ± 0.0000 | Valid acc: 0.7953 ± 0.0000 | Valid Power: 0.0005 | Train Power: 0.0005 | patience:  71 | lr: 0.05 | Epoch time: 0.1 |

2024-09-09 04:08:33,807 - INFO -
| Epoch:    570 | Train loss: 4.5929e-01 | Valid loss: 4.3152e-01 | Train acc: 0.7985 ± 0.0000 | Valid acc: 0.7953 ± 0.0000 | Valid Power: 0.0005 | Train Power: 0.0005 | patience:  81 | lr: 0.05 | Epoch time: 0.1 |

2024-09-09 04:08:34,896 - INFO -
| Epoch:    580 | Train loss: 4.5875e-01 | Valid loss: 4.3219e-01 | Train acc: 0.7960 ± 0.0000 | Valid acc: 0.7953 ± 0.0000 | Valid Power: 0.0005 | Train Power: 0.0005 | patience:  91 | lr: 0.05 | Epoch time: 0.1 |

2024-09-09 04:08:35,989 - INFO -
load best network to warm start training with lower lr.

2024-09-09 04:08:35,989 - INFO -
lr update to 0.025.

2024-09-09 04:08:35,989 - INFO -
| Epoch:    590 | Train loss: 4.5802e-01 | Valid loss: 4.3337e-01 | Train acc: 0.7960 ± 0.0000 | Valid acc: 0.7953 ± 0.0000 | Valid Power: 0.0007 | Train Power: 0.0005 | patience:   0 | lr: 0.025 | Epoch time: 0.1 |

2024-09-09 04:08:37,080 - INFO -
| Epoch:    600 | Train loss: 4.6741e-01 | Valid loss: 4.3207e-01 | Train acc: 0.7859 ± 0.0000 | Valid acc: 0.7953 ± 0.0000 | Valid Power: 0.0006 | Train Power: 0.0006 | patience:  10 | lr: 0.025 | Epoch time: 0.1 |

2024-09-09 04:08:38,169 - INFO -
| Epoch:    610 | Train loss: 4.6318e-01 | Valid loss: 4.3743e-01 | Train acc: 0.7935 ± 0.0000 | Valid acc: 0.8031 ± 0.0000 | Valid Power: 0.0006 | Train Power: 0.0006 | patience:  20 | lr: 0.025 | Epoch time: 0.1 |

2024-09-09 04:08:39,264 - INFO -
| Epoch:    620 | Train loss: 4.6068e-01 | Valid loss: 4.3489e-01 | Train acc: 0.7960 ± 0.0000 | Valid acc: 0.7953 ± 0.0000 | Valid Power: 0.0006 | Train Power: 0.0006 | patience:  30 | lr: 0.025 | Epoch time: 0.1 |

2024-09-09 04:08:40,360 - INFO -
| Epoch:    630 | Train loss: 4.5986e-01 | Valid loss: 4.3459e-01 | Train acc: 0.7935 ± 0.0000 | Valid acc: 0.7953 ± 0.0000 | Valid Power: 0.0006 | Train Power: 0.0006 | patience:  40 | lr: 0.025 | Epoch time: 0.1 |

2024-09-09 04:08:41,457 - INFO -
| Epoch:    640 | Train loss: 4.5935e-01 | Valid loss: 4.3572e-01 | Train acc: 0.7935 ± 0.0000 | Valid acc: 0.7953 ± 0.0000 | Valid Power: 0.0006 | Train Power: 0.0006 | patience:  50 | lr: 0.025 | Epoch time: 0.1 |

2024-09-09 04:08:42,549 - INFO -
| Epoch:    650 | Train loss: 4.5908e-01 | Valid loss: 4.3474e-01 | Train acc: 0.7960 ± 0.0000 | Valid acc: 0.7953 ± 0.0000 | Valid Power: 0.0007 | Train Power: 0.0012 | patience:  60 | lr: 0.025 | Epoch time: 0.1 |

2024-09-09 04:08:43,639 - INFO -
| Epoch:    660 | Train loss: 4.5885e-01 | Valid loss: 4.3489e-01 | Train acc: 0.7960 ± 0.0000 | Valid acc: 0.7953 ± 0.0000 | Valid Power: 0.0006 | Train Power: 0.0006 | patience:  70 | lr: 0.025 | Epoch time: 0.1 |

2024-09-09 04:08:44,825 - INFO -
| Epoch:    670 | Train loss: 4.5866e-01 | Valid loss: 4.3525e-01 | Train acc: 0.7935 ± 0.0000 | Valid acc: 0.7953 ± 0.0000 | Valid Power: 0.0006 | Train Power: 0.0006 | patience:  80 | lr: 0.025 | Epoch time: 0.1 |

2024-09-09 04:08:45,915 - INFO -
| Epoch:    680 | Train loss: 4.5832e-01 | Valid loss: 4.3511e-01 | Train acc: 0.7935 ± 0.0000 | Valid acc: 0.7953 ± 0.0000 | Valid Power: 0.0006 | Train Power: 0.0006 | patience:  90 | lr: 0.025 | Epoch time: 0.1 |

2024-09-09 04:08:47,006 - INFO -
| Epoch:    690 | Train loss: 4.5812e-01 | Valid loss: 4.3587e-01 | Train acc: 0.7960 ± 0.0000 | Valid acc: 0.7953 ± 0.0000 | Valid Power: 0.0006 | Train Power: 0.0006 | patience: 100 | lr: 0.025 | Epoch time: 0.1 |

2024-09-09 04:08:47,118 - INFO -
load best network to warm start training with lower lr.

2024-09-09 04:08:47,118 - INFO -
lr update to 0.0125.

2024-09-09 04:08:48,099 - INFO -
| Epoch:    700 | Train loss: 4.6801e-01 | Valid loss: 4.4428e-01 | Train acc: 0.7884 ± 0.0000 | Valid acc: 0.7953 ± 0.0000 | Valid Power: 0.0006 | Train Power: 0.0006 | patience:   9 | lr: 0.0125 | Epoch time: 0.1 |

2024-09-09 04:08:49,189 - INFO -
| Epoch:    710 | Train loss: 4.6487e-01 | Valid loss: 4.3637e-01 | Train acc: 0.7909 ± 0.0000 | Valid acc: 0.7953 ± 0.0000 | Valid Power: 0.0006 | Train Power: 0.0006 | patience:  19 | lr: 0.0125 | Epoch time: 0.1 |

2024-09-09 04:08:50,281 - INFO -
| Epoch:    720 | Train loss: 4.6317e-01 | Valid loss: 4.3565e-01 | Train acc: 0.7909 ± 0.0000 | Valid acc: 0.7953 ± 0.0000 | Valid Power: 0.0006 | Train Power: 0.0006 | patience:  29 | lr: 0.0125 | Epoch time: 0.1 |

2024-09-09 04:08:51,380 - INFO -
| Epoch:    730 | Train loss: 4.6210e-01 | Valid loss: 4.3436e-01 | Train acc: 0.7909 ± 0.0000 | Valid acc: 0.8031 ± 0.0000 | Valid Power: 0.0006 | Train Power: 0.0006 | patience:  39 | lr: 0.0125 | Epoch time: 0.1 |

2024-09-09 04:08:52,470 - INFO -
| Epoch:    740 | Train loss: 4.6183e-01 | Valid loss: 4.3287e-01 | Train acc: 0.7909 ± 0.0000 | Valid acc: 0.8031 ± 0.0000 | Valid Power: 0.0006 | Train Power: 0.0006 | patience:  49 | lr: 0.0125 | Epoch time: 0.1 |

2024-09-09 04:08:53,560 - INFO -
| Epoch:    750 | Train loss: 4.6145e-01 | Valid loss: 4.3448e-01 | Train acc: 0.7909 ± 0.0000 | Valid acc: 0.8031 ± 0.0000 | Valid Power: 0.0006 | Train Power: 0.0008 | patience:  59 | lr: 0.0125 | Epoch time: 0.1 |

2024-09-09 04:08:54,651 - INFO -
| Epoch:    760 | Train loss: 4.6111e-01 | Valid loss: 4.3455e-01 | Train acc: 0.7909 ± 0.0000 | Valid acc: 0.7953 ± 0.0000 | Valid Power: 0.0006 | Train Power: 0.0006 | patience:  69 | lr: 0.0125 | Epoch time: 0.1 |

2024-09-09 04:08:55,738 - INFO -
| Epoch:    770 | Train loss: 4.6014e-01 | Valid loss: 4.3727e-01 | Train acc: 0.7935 ± 0.0000 | Valid acc: 0.7953 ± 0.0000 | Valid Power: 0.0006 | Train Power: 0.0007 | patience:  79 | lr: 0.0125 | Epoch time: 0.1 |

2024-09-09 04:08:56,827 - INFO -
| Epoch:    780 | Train loss: 4.5958e-01 | Valid loss: 4.3528e-01 | Train acc: 0.7960 ± 0.0000 | Valid acc: 0.7953 ± 0.0000 | Valid Power: 0.0006 | Train Power: 0.0006 | patience:  89 | lr: 0.0125 | Epoch time: 0.1 |

2024-09-09 04:08:57,918 - INFO -
| Epoch:    790 | Train loss: 4.5921e-01 | Valid loss: 4.3419e-01 | Train acc: 0.7935 ± 0.0000 | Valid acc: 0.7953 ± 0.0000 | Valid Power: 0.0006 | Train Power: 0.0006 | patience:  99 | lr: 0.0125 | Epoch time: 0.1 |

2024-09-09 04:08:58,139 - INFO -
load best network to warm start training with lower lr.

2024-09-09 04:08:58,139 - INFO -
lr update to 0.00625.

2024-09-09 04:08:59,011 - INFO -
| Epoch:    800 | Train loss: 4.6938e-01 | Valid loss: 4.2953e-01 | Train acc: 0.7834 ± 0.0000 | Valid acc: 0.8110 ± 0.0000 | Valid Power: 0.0006 | Train Power: 0.0006 | patience:   8 | lr: 0.00625 | Epoch time: 0.1 |

2024-09-09 04:09:00,198 - INFO -
| Epoch:    810 | Train loss: 4.6688e-01 | Valid loss: 4.3287e-01 | Train acc: 0.7859 ± 0.0000 | Valid acc: 0.8031 ± 0.0000 | Valid Power: 0.0006 | Train Power: 0.0006 | patience:  18 | lr: 0.00625 | Epoch time: 0.1 |

2024-09-09 04:09:01,288 - INFO -
| Epoch:    820 | Train loss: 4.6528e-01 | Valid loss: 4.3426e-01 | Train acc: 0.7884 ± 0.0000 | Valid acc: 0.7953 ± 0.0000 | Valid Power: 0.0006 | Train Power: 0.0006 | patience:  28 | lr: 0.00625 | Epoch time: 0.1 |

2024-09-09 04:09:02,375 - INFO -
| Epoch:    830 | Train loss: 4.6458e-01 | Valid loss: 4.3545e-01 | Train acc: 0.7935 ± 0.0000 | Valid acc: 0.7953 ± 0.0000 | Valid Power: 0.0006 | Train Power: 0.0006 | patience:  38 | lr: 0.00625 | Epoch time: 0.1 |

2024-09-09 04:09:03,465 - INFO -
| Epoch:    840 | Train loss: 4.6410e-01 | Valid loss: 4.3523e-01 | Train acc: 0.7909 ± 0.0000 | Valid acc: 0.7953 ± 0.0000 | Valid Power: 0.0006 | Train Power: 0.0006 | patience:  48 | lr: 0.00625 | Epoch time: 0.1 |

2024-09-09 04:09:04,553 - INFO -
| Epoch:    850 | Train loss: 4.6374e-01 | Valid loss: 4.3503e-01 | Train acc: 0.7909 ± 0.0000 | Valid acc: 0.7953 ± 0.0000 | Valid Power: 0.0008 | Train Power: 0.0006 | patience:  58 | lr: 0.00625 | Epoch time: 0.1 |

2024-09-09 04:09:05,643 - INFO -
| Epoch:    860 | Train loss: 4.6340e-01 | Valid loss: 4.3525e-01 | Train acc: 0.7909 ± 0.0000 | Valid acc: 0.7953 ± 0.0000 | Valid Power: 0.0006 | Train Power: 0.0006 | patience:  68 | lr: 0.00625 | Epoch time: 0.1 |

2024-09-09 04:09:06,730 - INFO -
| Epoch:    870 | Train loss: 4.6282e-01 | Valid loss: 4.3571e-01 | Train acc: 0.7909 ± 0.0000 | Valid acc: 0.7953 ± 0.0000 | Valid Power: 0.0006 | Train Power: 0.0006 | patience:  78 | lr: 0.00625 | Epoch time: 0.1 |

2024-09-09 04:09:07,815 - INFO -
| Epoch:    880 | Train loss: 4.6183e-01 | Valid loss: 4.3506e-01 | Train acc: 0.7935 ± 0.0000 | Valid acc: 0.7953 ± 0.0000 | Valid Power: 0.0006 | Train Power: 0.0006 | patience:  88 | lr: 0.00625 | Epoch time: 0.1 |

2024-09-09 04:09:08,901 - INFO -
| Epoch:    890 | Train loss: 4.6144e-01 | Valid loss: 4.3537e-01 | Train acc: 0.7960 ± 0.0000 | Valid acc: 0.7953 ± 0.0000 | Valid Power: 0.0006 | Train Power: 0.0006 | patience:  98 | lr: 0.00625 | Epoch time: 0.1 |

2024-09-09 04:09:09,230 - INFO -
load best network to warm start training with lower lr.

2024-09-09 04:09:09,230 - INFO -
lr update to 0.003125.

2024-09-09 04:09:09,990 - INFO -
| Epoch:    900 | Train loss: 4.7101e-01 | Valid loss: 4.2226e-01 | Train acc: 0.7834 ± 0.0000 | Valid acc: 0.8189 ± 0.0000 | Valid Power: 0.0006 | Train Power: 0.0006 | patience:   7 | lr: 0.003125 | Epoch time: 0.1 |

2024-09-09 04:09:11,077 - INFO -
| Epoch:    910 | Train loss: 4.6909e-01 | Valid loss: 4.2946e-01 | Train acc: 0.7834 ± 0.0000 | Valid acc: 0.8110 ± 0.0000 | Valid Power: 0.0006 | Train Power: 0.0006 | patience:  17 | lr: 0.003125 | Epoch time: 0.1 |

2024-09-09 04:09:12,163 - INFO -
| Epoch:    920 | Train loss: 4.6797e-01 | Valid loss: 4.3087e-01 | Train acc: 0.7859 ± 0.0000 | Valid acc: 0.8031 ± 0.0000 | Valid Power: 0.0006 | Train Power: 0.0006 | patience:  27 | lr: 0.003125 | Epoch time: 0.1 |

2024-09-09 04:09:13,250 - INFO -
| Epoch:    930 | Train loss: 4.6623e-01 | Valid loss: 4.3383e-01 | Train acc: 0.7859 ± 0.0000 | Valid acc: 0.8031 ± 0.0000 | Valid Power: 0.0006 | Train Power: 0.0006 | patience:  37 | lr: 0.003125 | Epoch time: 0.1 |

2024-09-09 04:09:14,334 - INFO -
| Epoch:    940 | Train loss: 4.6504e-01 | Valid loss: 4.3388e-01 | Train acc: 0.7884 ± 0.0000 | Valid acc: 0.7953 ± 0.0000 | Valid Power: 0.0006 | Train Power: 0.0006 | patience:  47 | lr: 0.003125 | Epoch time: 0.1 |

2024-09-09 04:09:15,417 - INFO -
| Epoch:    950 | Train loss: 4.6476e-01 | Valid loss: 4.3440e-01 | Train acc: 0.7909 ± 0.0000 | Valid acc: 0.7953 ± 0.0000 | Valid Power: 0.0006 | Train Power: 0.0006 | patience:  57 | lr: 0.003125 | Epoch time: 0.1 |

2024-09-09 04:09:16,501 - INFO -
| Epoch:    960 | Train loss: 4.6446e-01 | Valid loss: 4.3485e-01 | Train acc: 0.7909 ± 0.0000 | Valid acc: 0.7953 ± 0.0000 | Valid Power: 0.0006 | Train Power: 0.0006 | patience:  67 | lr: 0.003125 | Epoch time: 0.1 |

2024-09-09 04:09:17,582 - INFO -
| Epoch:    970 | Train loss: 4.6423e-01 | Valid loss: 4.3485e-01 | Train acc: 0.7909 ± 0.0000 | Valid acc: 0.7953 ± 0.0000 | Valid Power: 0.0006 | Train Power: 0.0006 | patience:  77 | lr: 0.003125 | Epoch time: 0.1 |

2024-09-09 04:09:18,665 - INFO -
| Epoch:    980 | Train loss: 4.6405e-01 | Valid loss: 4.3481e-01 | Train acc: 0.7909 ± 0.0000 | Valid acc: 0.7953 ± 0.0000 | Valid Power: 0.0006 | Train Power: 0.0006 | patience:  87 | lr: 0.003125 | Epoch time: 0.1 |

2024-09-09 04:09:19,747 - INFO -
| Epoch:    990 | Train loss: 4.6387e-01 | Valid loss: 4.3486e-01 | Train acc: 0.7909 ± 0.0000 | Valid acc: 0.7953 ± 0.0000 | Valid Power: 0.0006 | Train Power: 0.0006 | patience:  97 | lr: 0.003125 | Epoch time: 0.1 |

2024-09-09 04:09:20,183 - INFO -
load best network to warm start training with lower lr.

2024-09-09 04:09:20,183 - INFO -
lr update to 0.0015625.

2024-09-09 04:09:20,841 - INFO -
| Epoch:   1000 | Train loss: 4.7270e-01 | Valid loss: 4.1937e-01 | Train acc: 0.7834 ± 0.0000 | Valid acc: 0.8268 ± 0.0000 | Valid Power: 0.0006 | Train Power: 0.0006 | patience:   6 | lr: 0.0015625 | Epoch time: 0.1 |

2024-09-09 04:09:21,925 - INFO -
| Epoch:   1010 | Train loss: 4.7066e-01 | Valid loss: 4.2236e-01 | Train acc: 0.7809 ± 0.0000 | Valid acc: 0.8189 ± 0.0000 | Valid Power: 0.0006 | Train Power: 0.0006 | patience:  16 | lr: 0.0015625 | Epoch time: 0.1 |

2024-09-09 04:09:23,013 - INFO -
| Epoch:   1020 | Train loss: 4.6954e-01 | Valid loss: 4.2502e-01 | Train acc: 0.7783 ± 0.0000 | Valid acc: 0.8189 ± 0.0000 | Valid Power: 0.0006 | Train Power: 0.0006 | patience:  26 | lr: 0.0015625 | Epoch time: 0.1 |

2024-09-09 04:09:24,099 - INFO -
| Epoch:   1030 | Train loss: 4.6888e-01 | Valid loss: 4.2790e-01 | Train acc: 0.7834 ± 0.0000 | Valid acc: 0.8110 ± 0.0000 | Valid Power: 0.0006 | Train Power: 0.0006 | patience:  36 | lr: 0.0015625 | Epoch time: 0.1 |

2024-09-09 04:09:25,182 - INFO -
| Epoch:   1040 | Train loss: 4.6837e-01 | Valid loss: 4.2950e-01 | Train acc: 0.7859 ± 0.0000 | Valid acc: 0.8110 ± 0.0000 | Valid Power: 0.0006 | Train Power: 0.0006 | patience:  46 | lr: 0.0015625 | Epoch time: 0.1 |

2024-09-09 04:09:26,359 - INFO -
| Epoch:   1050 | Train loss: 4.6782e-01 | Valid loss: 4.3035e-01 | Train acc: 0.7859 ± 0.0000 | Valid acc: 0.8031 ± 0.0000 | Valid Power: 0.0006 | Train Power: 0.0006 | patience:  56 | lr: 0.0015625 | Epoch time: 0.1 |

2024-09-09 04:09:27,444 - INFO -
| Epoch:   1060 | Train loss: 4.6670e-01 | Valid loss: 4.3209e-01 | Train acc: 0.7859 ± 0.0000 | Valid acc: 0.8031 ± 0.0000 | Valid Power: 0.0006 | Train Power: 0.0006 | patience:  66 | lr: 0.0015625 | Epoch time: 0.1 |

2024-09-09 04:09:28,526 - INFO -
| Epoch:   1070 | Train loss: 4.6575e-01 | Valid loss: 4.3301e-01 | Train acc: 0.7884 ± 0.0000 | Valid acc: 0.8031 ± 0.0000 | Valid Power: 0.0006 | Train Power: 0.0006 | patience:  76 | lr: 0.0015625 | Epoch time: 0.1 |

2024-09-09 04:09:29,610 - INFO -
| Epoch:   1080 | Train loss: 4.6505e-01 | Valid loss: 4.3377e-01 | Train acc: 0.7884 ± 0.0000 | Valid acc: 0.7953 ± 0.0000 | Valid Power: 0.0006 | Train Power: 0.0006 | patience:  86 | lr: 0.0015625 | Epoch time: 0.1 |

2024-09-09 04:09:30,693 - INFO -
| Epoch:   1090 | Train loss: 4.6485e-01 | Valid loss: 4.3398e-01 | Train acc: 0.7909 ± 0.0000 | Valid acc: 0.7953 ± 0.0000 | Valid Power: 0.0006 | Train Power: 0.0006 | patience:  96 | lr: 0.0015625 | Epoch time: 0.1 |

2024-09-09 04:09:31,236 - INFO -
load best network to warm start training with lower lr.

2024-09-09 04:09:31,236 - INFO -
lr update to 0.00078125.

2024-09-09 04:09:31,777 - INFO -
| Epoch:   1100 | Train loss: 4.7400e-01 | Valid loss: 4.1839e-01 | Train acc: 0.7809 ± 0.0000 | Valid acc: 0.8268 ± 0.0000 | Valid Power: 0.0006 | Train Power: 0.0006 | patience:   5 | lr: 0.00078125 | Epoch time: 0.1 |

2024-09-09 04:09:32,865 - INFO -
| Epoch:   1110 | Train loss: 4.7200e-01 | Valid loss: 4.2036e-01 | Train acc: 0.7834 ± 0.0000 | Valid acc: 0.8268 ± 0.0000 | Valid Power: 0.0006 | Train Power: 0.0006 | patience:  15 | lr: 0.00078125 | Epoch time: 0.1 |

2024-09-09 04:09:33,946 - INFO -
| Epoch:   1120 | Train loss: 4.7068e-01 | Valid loss: 4.2197e-01 | Train acc: 0.7834 ± 0.0000 | Valid acc: 0.8189 ± 0.0000 | Valid Power: 0.0006 | Train Power: 0.0006 | patience:  25 | lr: 0.00078125 | Epoch time: 0.1 |

2024-09-09 04:09:34,993 - INFO -
| Epoch:   1130 | Train loss: 4.7049e-01 | Valid loss: 4.2233e-01 | Train acc: 0.7859 ± 0.0000 | Valid acc: 0.8189 ± 0.0000 | Valid Power: 0.0006 | Train Power: 0.0006 | patience:  35 | lr: 0.00078125 | Epoch time: 0.1 |

2024-09-09 04:09:36,021 - INFO -
| Epoch:   1140 | Train loss: 4.7018e-01 | Valid loss: 4.2257e-01 | Train acc: 0.7834 ± 0.0000 | Valid acc: 0.8189 ± 0.0000 | Valid Power: 0.0006 | Train Power: 0.0006 | patience:  45 | lr: 0.00078125 | Epoch time: 0.1 |

2024-09-09 04:09:37,040 - INFO -
| Epoch:   1150 | Train loss: 4.6976e-01 | Valid loss: 4.2233e-01 | Train acc: 0.7834 ± 0.0000 | Valid acc: 0.8268 ± 0.0000 | Valid Power: 0.0006 | Train Power: 0.0006 | patience:  55 | lr: 0.00078125 | Epoch time: 0.1 |

2024-09-09 04:09:38,053 - INFO -
| Epoch:   1160 | Train loss: 4.6954e-01 | Valid loss: 4.2176e-01 | Train acc: 0.7834 ± 0.0000 | Valid acc: 0.8268 ± 0.0000 | Valid Power: 0.0006 | Train Power: 0.0006 | patience:  65 | lr: 0.00078125 | Epoch time: 0.1 |

2024-09-09 04:09:39,072 - INFO -
| Epoch:   1170 | Train loss: 4.6936e-01 | Valid loss: 4.2218e-01 | Train acc: 0.7834 ± 0.0000 | Valid acc: 0.8268 ± 0.0000 | Valid Power: 0.0006 | Train Power: 0.0006 | patience:  75 | lr: 0.00078125 | Epoch time: 0.1 |

2024-09-09 04:09:40,087 - INFO -
| Epoch:   1180 | Train loss: 4.6920e-01 | Valid loss: 4.2277e-01 | Train acc: 0.7834 ± 0.0000 | Valid acc: 0.8268 ± 0.0000 | Valid Power: 0.0006 | Train Power: 0.0006 | patience:  85 | lr: 0.00078125 | Epoch time: 0.1 |

2024-09-09 04:09:41,166 - INFO -
| Epoch:   1190 | Train loss: 4.6906e-01 | Valid loss: 4.2307e-01 | Train acc: 0.7834 ± 0.0000 | Valid acc: 0.8268 ± 0.0000 | Valid Power: 0.0006 | Train Power: 0.0006 | patience:  95 | lr: 0.00078125 | Epoch time: 0.1 |

2024-09-09 04:09:41,778 - INFO -
load best network to warm start training with lower lr.

2024-09-09 04:09:41,779 - INFO -
lr update to 0.000390625.

2024-09-09 04:09:42,184 - INFO -
| Epoch:   1200 | Train loss: 4.7482e-01 | Valid loss: 4.1785e-01 | Train acc: 0.7809 ± 0.0000 | Valid acc: 0.8346 ± 0.0000 | Valid Power: 0.0006 | Train Power: 0.0006 | patience:   4 | lr: 0.000390625 | Epoch time: 0.1 |

2024-09-09 04:09:43,195 - INFO -
| Epoch:   1210 | Train loss: 4.7329e-01 | Valid loss: 4.1859e-01 | Train acc: 0.7859 ± 0.0000 | Valid acc: 0.8268 ± 0.0000 | Valid Power: 0.0006 | Train Power: 0.0006 | patience:  14 | lr: 0.000390625 | Epoch time: 0.1 |

2024-09-09 04:09:44,203 - INFO -
| Epoch:   1220 | Train loss: 4.7236e-01 | Valid loss: 4.1941e-01 | Train acc: 0.7859 ± 0.0000 | Valid acc: 0.8268 ± 0.0000 | Valid Power: 0.0006 | Train Power: 0.0006 | patience:  24 | lr: 0.000390625 | Epoch time: 0.1 |

2024-09-09 04:09:45,210 - INFO -
| Epoch:   1230 | Train loss: 4.7121e-01 | Valid loss: 4.2102e-01 | Train acc: 0.7859 ± 0.0000 | Valid acc: 0.8268 ± 0.0000 | Valid Power: 0.0006 | Train Power: 0.0006 | patience:  34 | lr: 0.000390625 | Epoch time: 0.1 |

2024-09-09 04:09:46,208 - INFO -
| Epoch:   1240 | Train loss: 4.7064e-01 | Valid loss: 4.2174e-01 | Train acc: 0.7859 ± 0.0000 | Valid acc: 0.8189 ± 0.0000 | Valid Power: 0.0006 | Train Power: 0.0006 | patience:  44 | lr: 0.000390625 | Epoch time: 0.1 |

2024-09-09 04:09:47,207 - INFO -
| Epoch:   1250 | Train loss: 4.7051e-01 | Valid loss: 4.2193e-01 | Train acc: 0.7859 ± 0.0000 | Valid acc: 0.8189 ± 0.0000 | Valid Power: 0.0006 | Train Power: 0.0006 | patience:  54 | lr: 0.000390625 | Epoch time: 0.1 |

2024-09-09 04:09:48,212 - INFO -
| Epoch:   1260 | Train loss: 4.7031e-01 | Valid loss: 4.2197e-01 | Train acc: 0.7834 ± 0.0000 | Valid acc: 0.8268 ± 0.0000 | Valid Power: 0.0006 | Train Power: 0.0006 | patience:  64 | lr: 0.000390625 | Epoch time: 0.1 |

2024-09-09 04:09:49,218 - INFO -
| Epoch:   1270 | Train loss: 4.7011e-01 | Valid loss: 4.2185e-01 | Train acc: 0.7834 ± 0.0000 | Valid acc: 0.8268 ± 0.0000 | Valid Power: 0.0006 | Train Power: 0.0006 | patience:  74 | lr: 0.000390625 | Epoch time: 0.1 |

2024-09-09 04:09:50,223 - INFO -
| Epoch:   1280 | Train loss: 4.6996e-01 | Valid loss: 4.2168e-01 | Train acc: 0.7834 ± 0.0000 | Valid acc: 0.8268 ± 0.0000 | Valid Power: 0.0006 | Train Power: 0.0006 | patience:  84 | lr: 0.000390625 | Epoch time: 0.1 |

2024-09-09 04:09:51,223 - INFO -
| Epoch:   1290 | Train loss: 4.6984e-01 | Valid loss: 4.2170e-01 | Train acc: 0.7834 ± 0.0000 | Valid acc: 0.8268 ± 0.0000 | Valid Power: 0.0006 | Train Power: 0.0006 | patience:  94 | lr: 0.000390625 | Epoch time: 0.1 |

2024-09-09 04:09:51,928 - INFO -
load best network to warm start training with lower lr.

2024-09-09 04:09:51,928 - INFO -
lr update to 0.0001953125.

2024-09-09 04:09:52,231 - INFO -
| Epoch:   1300 | Train loss: 4.7520e-01 | Valid loss: 4.1745e-01 | Train acc: 0.7809 ± 0.0000 | Valid acc: 0.8346 ± 0.0000 | Valid Power: 0.0006 | Train Power: 0.0006 | patience:   3 | lr: 0.0001953125 | Epoch time: 0.1 |

2024-09-09 04:09:53,236 - INFO -
| Epoch:   1310 | Train loss: 4.7432e-01 | Valid loss: 4.1814e-01 | Train acc: 0.7809 ± 0.0000 | Valid acc: 0.8346 ± 0.0000 | Valid Power: 0.0006 | Train Power: 0.0006 | patience:  13 | lr: 0.0001953125 | Epoch time: 0.1 |

2024-09-09 04:09:54,240 - INFO -
| Epoch:   1320 | Train loss: 4.7354e-01 | Valid loss: 4.1847e-01 | Train acc: 0.7834 ± 0.0000 | Valid acc: 0.8268 ± 0.0000 | Valid Power: 0.0006 | Train Power: 0.0006 | patience:  23 | lr: 0.0001953125 | Epoch time: 0.1 |

2024-09-09 04:09:55,244 - INFO -
| Epoch:   1330 | Train loss: 4.7292e-01 | Valid loss: 4.1874e-01 | Train acc: 0.7834 ± 0.0000 | Valid acc: 0.8268 ± 0.0000 | Valid Power: 0.0006 | Train Power: 0.0006 | patience:  33 | lr: 0.0001953125 | Epoch time: 0.1 |

2024-09-09 04:09:56,247 - INFO -
| Epoch:   1340 | Train loss: 4.7247e-01 | Valid loss: 4.1914e-01 | Train acc: 0.7834 ± 0.0000 | Valid acc: 0.8268 ± 0.0000 | Valid Power: 0.0006 | Train Power: 0.0006 | patience:  43 | lr: 0.0001953125 | Epoch time: 0.1 |

2024-09-09 04:09:57,249 - INFO -
| Epoch:   1350 | Train loss: 4.7197e-01 | Valid loss: 4.1980e-01 | Train acc: 0.7859 ± 0.0000 | Valid acc: 0.8268 ± 0.0000 | Valid Power: 0.0006 | Train Power: 0.0006 | patience:  53 | lr: 0.0001953125 | Epoch time: 0.1 |

2024-09-09 04:09:58,256 - INFO -
| Epoch:   1360 | Train loss: 4.7127e-01 | Valid loss: 4.2068e-01 | Train acc: 0.7859 ± 0.0000 | Valid acc: 0.8268 ± 0.0000 | Valid Power: 0.0006 | Train Power: 0.0006 | patience:  63 | lr: 0.0001953125 | Epoch time: 0.1 |

2024-09-09 04:09:59,221 - INFO -
| Epoch:   1370 | Train loss: 4.7075e-01 | Valid loss: 4.2132e-01 | Train acc: 0.7859 ± 0.0000 | Valid acc: 0.8268 ± 0.0000 | Valid Power: 0.0006 | Train Power: 0.0006 | patience:  73 | lr: 0.0001953125 | Epoch time: 0.1 |

2024-09-09 04:10:00,174 - INFO -
| Epoch:   1380 | Train loss: 4.7059e-01 | Valid loss: 4.2157e-01 | Train acc: 0.7859 ± 0.0000 | Valid acc: 0.8268 ± 0.0000 | Valid Power: 0.0006 | Train Power: 0.0006 | patience:  83 | lr: 0.0001953125 | Epoch time: 0.1 |

2024-09-09 04:10:01,131 - INFO -
| Epoch:   1390 | Train loss: 4.7050e-01 | Valid loss: 4.2165e-01 | Train acc: 0.7859 ± 0.0000 | Valid acc: 0.8268 ± 0.0000 | Valid Power: 0.0006 | Train Power: 0.0006 | patience:  93 | lr: 0.0001953125 | Epoch time: 0.1 |

2024-09-09 04:10:01,888 - INFO -
load best network to warm start training with lower lr.

2024-09-09 04:10:01,889 - INFO -
lr update to 9.765625e-05.

2024-09-09 04:10:01,889 - INFO -
Early stop.

2024-09-09 04:10:01,894 - INFO -
Training if finished.

2024-09-09 16:19:07,174 - INFO -
Configuration: 
gmin                0.01
gmax                10.0
T                   0.1
m                   0.3
type_nonlinear      normal
act                 tanh
ACT_R1n             12.7865
ACT_R2n             -3.1871
ACT_W1n             -10.4537
ACT_L1n             10.546
ACT_W2n             -5.8496
ACT_L2n             4.2337
S_R1n               -11.7481
S_R2n               -0.3905
S_W1n               -9.169
S_L1n               0.3913
S_W2n               7.2004
S_L2n               15.5558
ReLU_RHn            -1.9557
ReLU_RLn            -20.1581
ReLU_RDn            16.6486
ReLU_RBn            -14.3472
ReLU_Wn             16.655
ReLU_Ln             -21.7591
HS_Rn               -0.3766
HS_Wn               0.5192
HS_Ln               4.6293
NEG_R1n             -7.0846
NEG_R2n             -2.5695
NEG_R3n             16.1542
NEG_W1n             13.8696
NEG_L1n             2.7635
NEG_W2n             1.2674
NEG_L2n             -10.4803
NEG_W3n             -6.4386
NEG_L3n             5.1005
task                normal
DATASET             7
DataPath            ./dataset
InputNoise          0.0
IN_test             0.0
R_train             1
R_test              1
N_time              32
pathnorm            False
hidden              [3]
skipconnection      False
SEED                7
DEVICE              cpu
PATIENCE            500
EPOCH               10000000000
LR                  0.1
PROGRESSIVE         True
LR_PATIENCE         100
LR_DECAY            0.5
LR_MIN              0.0001
metric              acc
SoftEva             True
TIMELIMITATION      71
MODE                nominal
M_train             1
K_train             1
M_test              1
K_test              1
t_test_max          1
integration         MC
N_train             1
e_train             0.0
N_test              100
e_test              0.1
e_fault             2
fault_ratio         0.0
N_fault             50
e_fault_test        0
N_fault_test        50
dropout             0.0
lagrangian_loss     False
rho                 100
powerestimator      none
powerbalance        0.0
estimatorbalance    0.0
pgmin               1e-07
power_ratio         1000
lambda_P            100
areaestimator       none
areabalance         0.0
area_theta          0.15
area_act            30.0
area_neg            22.7
lambda_A            0.001
lnc                 False
projectname         tanh_0_FaultAnalysisNormal
temppath            ./tanh_0_FaultAnalysisNormal/temp/
logfilepath         ./tanh_0_FaultAnalysisNormal/log/
report_freq         10
recording           False
recordpath          ./tanh_0_FaultAnalysisNormal/record/
savepath            ./tanh_0_FaultAnalysisNormal/models/
loglevel            info


2024-09-09 16:19:07,204 - INFO -
Training network on device: cpu.

2024-09-09 16:19:07,204 - INFO -
Training setup: data_07_mammographic_seed_07_epsilon_0.0_dropout_0.0_fault_ratio_0.0.model.

2024-09-09 16:19:07,204 - INFO -
{'dataname': 'mammographic', 'N_feature': 5, 'N_class': 2, 'N_train': 397, 'N_valid': 127, 'N_test': 79}

2024-09-09 16:19:07,204 - INFO -
Training was already finished.

2024-09-11 18:17:02,134 - INFO -
Configuration: 
gmin                0.01
gmax                10.0
T                   0.1
m                   0.3
type_nonlinear      normal
act                 tanh
ACT_R1n             12.7865
ACT_R2n             -3.1871
ACT_W1n             -10.4537
ACT_L1n             10.546
ACT_W2n             -5.8496
ACT_L2n             4.2337
S_R1n               -11.7481
S_R2n               -0.3905
S_W1n               -9.169
S_L1n               0.3913
S_W2n               7.2004
S_L2n               15.5558
ReLU_RHn            -1.9557
ReLU_RLn            -20.1581
ReLU_RDn            16.6486
ReLU_RBn            -14.3472
ReLU_Wn             16.655
ReLU_Ln             -21.7591
HS_Rn               -0.3766
HS_Wn               0.5192
HS_Ln               4.6293
NEG_R1n             -7.0846
NEG_R2n             -2.5695
NEG_R3n             16.1542
NEG_W1n             13.8696
NEG_L1n             2.7635
NEG_W2n             1.2674
NEG_L2n             -10.4803
NEG_W3n             -6.4386
NEG_L3n             5.1005
task                normal
DATASET             7
DataPath            ./dataset
InputNoise          0.0
IN_test             0.0
R_train             1
R_test              1
N_time              32
pathnorm            False
hidden              [3]
skipconnection      False
SEED                7
DEVICE              cpu
PATIENCE            500
EPOCH               10000000000
LR                  0.1
PROGRESSIVE         True
LR_PATIENCE         100
LR_DECAY            0.5
LR_MIN              0.0001
metric              acc
SoftEva             True
TIMELIMITATION      71
MODE                nominal
M_train             1
K_train             1
M_test              1
K_test              1
t_test_max          1
integration         MC
N_train             1
e_train             0.0
N_test              100
e_test              0.1
e_fault             2
fault_ratio         0.0
N_fault             50
e_fault_test        0
N_fault_test        50
dropout             0.0
lagrangian_loss     False
rho                 100
powerestimator      none
powerbalance        0.0
estimatorbalance    0.0
pgmin               1e-07
power_ratio         1000
lambda_P            100
areaestimator       none
areabalance         0.0
area_theta          0.15
area_act            30.0
area_neg            22.7
lambda_A            0.001
lnc                 False
projectname         tanh_0_FaultAnalysisNormal
temppath            ./tanh_0_FaultAnalysisNormal/temp/
logfilepath         ./tanh_0_FaultAnalysisNormal/log/
report_freq         10
recording           False
recordpath          ./tanh_0_FaultAnalysisNormal/record/
savepath            ./tanh_0_FaultAnalysisNormal/models/
loglevel            info


2024-09-11 18:17:02,143 - INFO -
Training network on device: cpu.

2024-09-11 18:17:02,144 - INFO -
Training setup: data_07_mammographic_seed_07_epsilon_0.0_dropout_0.0_fault_ratio_0.0.model.

2024-09-11 18:17:02,144 - INFO -
{'dataname': 'mammographic', 'N_feature': 5, 'N_class': 2, 'N_train': 397, 'N_valid': 127, 'N_test': 79}

2024-09-11 18:17:02,162 - INFO -
Training was already finished.

2024-09-12 04:38:03,719 - INFO -
Configuration: 
gmin                0.01
gmax                10.0
T                   0.1
m                   0.3
type_nonlinear      normal
act                 tanh
ACT_R1n             12.7865
ACT_R2n             -3.1871
ACT_W1n             -10.4537
ACT_L1n             10.546
ACT_W2n             -5.8496
ACT_L2n             4.2337
S_R1n               -11.7481
S_R2n               -0.3905
S_W1n               -9.169
S_L1n               0.3913
S_W2n               7.2004
S_L2n               15.5558
ReLU_RHn            -1.9557
ReLU_RLn            -20.1581
ReLU_RDn            16.6486
ReLU_RBn            -14.3472
ReLU_Wn             16.655
ReLU_Ln             -21.7591
HS_Rn               -0.3766
HS_Wn               0.5192
HS_Ln               4.6293
NEG_R1n             -7.0846
NEG_R2n             -2.5695
NEG_R3n             16.1542
NEG_W1n             13.8696
NEG_L1n             2.7635
NEG_W2n             1.2674
NEG_L2n             -10.4803
NEG_W3n             -6.4386
NEG_L3n             5.1005
task                normal
DATASET             7
DataPath            ./dataset
InputNoise          0.0
IN_test             0.0
R_train             1
R_test              1
N_time              32
pathnorm            False
hidden              [3]
skipconnection      False
SEED                7
DEVICE              cpu
PATIENCE            500
EPOCH               10000000000
LR                  0.1
PROGRESSIVE         True
LR_PATIENCE         100
LR_DECAY            0.5
LR_MIN              0.0001
metric              acc
SoftEva             True
TIMELIMITATION      71
MODE                nominal
M_train             1
K_train             1
M_test              1
K_test              1
t_test_max          1
integration         MC
N_train             1
e_train             0.0
N_test              100
e_test              0.1
e_fault             2
fault_ratio         0.0
N_fault             50
e_fault_test        0
N_fault_test        50
dropout             0.0
lagrangian_loss     False
rho                 100
powerestimator      none
powerbalance        0.0
estimatorbalance    0.0
pgmin               1e-07
power_ratio         1000
lambda_P            100
areaestimator       none
areabalance         0.0
area_theta          0.15
area_act            30.0
area_neg            22.7
lambda_A            0.001
lnc                 False
projectname         tanh_0_FaultAnalysisNormal
temppath            ./tanh_0_FaultAnalysisNormal/temp/
logfilepath         ./tanh_0_FaultAnalysisNormal/log/
report_freq         10
recording           False
recordpath          ./tanh_0_FaultAnalysisNormal/record/
savepath            ./tanh_0_FaultAnalysisNormal/models/
loglevel            info


2024-09-12 04:38:03,734 - INFO -
Training network on device: cpu.

2024-09-12 04:38:03,735 - INFO -
Training setup: data_07_mammographic_seed_07_epsilon_0.0_dropout_0.0_fault_ratio_0.0.model.

2024-09-12 04:38:03,735 - INFO -
{'dataname': 'mammographic', 'N_feature': 5, 'N_class': 2, 'N_train': 397, 'N_valid': 127, 'N_test': 79}

2024-09-12 04:38:03,735 - INFO -
Training was already finished.

