2024-09-09 23:57:35,074 - INFO -
Configuration: 
gmin                0.01
gmax                10.0
T                   0.1
m                   0.3
type_nonlinear      normal
act                 tanh
ACT_R1n             12.7865
ACT_R2n             -3.1871
ACT_W1n             -10.4537
ACT_L1n             10.546
ACT_W2n             -5.8496
ACT_L2n             4.2337
S_R1n               -11.7481
S_R2n               -0.3905
S_W1n               -9.169
S_L1n               0.3913
S_W2n               7.2004
S_L2n               15.5558
ReLU_RHn            -1.9557
ReLU_RLn            -20.1581
ReLU_RDn            16.6486
ReLU_RBn            -14.3472
ReLU_Wn             16.655
ReLU_Ln             -21.7591
HS_Rn               -0.3766
HS_Wn               0.5192
HS_Ln               4.6293
NEG_R1n             -7.0846
NEG_R2n             -2.5695
NEG_R3n             16.1542
NEG_W1n             13.8696
NEG_L1n             2.7635
NEG_W2n             1.2674
NEG_L2n             -10.4803
NEG_W3n             -6.4386
NEG_L3n             5.1005
task                normal
DATASET             9
DataPath            ./dataset
InputNoise          0.0
IN_test             0.0
R_train             1
R_test              1
N_time              32
pathnorm            False
hidden              [3]
skipconnection      False
SEED                1
DEVICE              cpu
PATIENCE            500
EPOCH               10000000000
LR                  0.1
PROGRESSIVE         True
LR_PATIENCE         100
LR_DECAY            0.5
LR_MIN              0.0001
metric              acc
SoftEva             True
TIMELIMITATION      71
MODE                nominal
M_train             1
K_train             1
M_test              1
K_test              1
t_test_max          1
integration         MC
N_train             1
e_train             0.0
N_test              100
e_test              0.1
e_fault             2
fault_ratio         0.0
N_fault             50
e_fault_test        0
N_fault_test        50
dropout             0.0
lagrangian_loss     False
rho                 100
powerestimator      none
powerbalance        0.0
estimatorbalance    0.0
pgmin               1e-07
power_ratio         1000
lambda_P            100
areaestimator       none
areabalance         0.0
area_theta          0.15
area_act            30.0
area_neg            22.7
lambda_A            0.001
lnc                 False
projectname         tanh_0_FaultAnalysisNormal
temppath            ./tanh_0_FaultAnalysisNormal/temp/
logfilepath         ./tanh_0_FaultAnalysisNormal/log/
report_freq         10
recording           False
recordpath          ./tanh_0_FaultAnalysisNormal/record/
savepath            ./tanh_0_FaultAnalysisNormal/models/
loglevel            info


2024-09-09 23:57:35,075 - INFO -
Training network on device: cpu.

2024-09-09 23:57:35,075 - INFO -
Training setup: data_09_seeds_seed_01_epsilon_0.0_dropout_0.0_fault_ratio_0.0.model.

2024-09-09 23:57:35,075 - INFO -
{'dataname': 'seeds', 'N_feature': 7, 'N_class': 3, 'N_train': 124, 'N_valid': 41, 'N_test': 43}

2024-09-09 23:57:35,076 - INFO -
Topology of the network: [7, 3, 3].

2024-09-09 23:57:36,667 - INFO -
| Epoch:      0 | Train loss: 1.0986e+00 | Valid loss: 1.1179e+00 | Train acc: 0.3548 ± 0.0000 | Valid acc: 0.2439 ± 0.0000 | Valid Power: 0.0009 | Train Power: 0.0005 | patience:   0 | lr: 0.1 | Epoch time: 0.1 |

2024-09-09 23:57:37,631 - INFO -
| Epoch:     10 | Train loss: 8.9372e-01 | Valid loss: 9.2424e-01 | Train acc: 0.7339 ± 0.0000 | Valid acc: 0.5854 ± 0.0000 | Valid Power: 0.0006 | Train Power: 0.0006 | patience:   0 | lr: 0.1 | Epoch time: 0.1 |

2024-09-09 23:57:38,594 - INFO -
| Epoch:     20 | Train loss: 6.9164e-01 | Valid loss: 7.0290e-01 | Train acc: 0.7339 ± 0.0000 | Valid acc: 0.6341 ± 0.0000 | Valid Power: 0.0008 | Train Power: 0.0008 | patience:   0 | lr: 0.1 | Epoch time: 0.1 |

2024-09-09 23:57:39,540 - INFO -
| Epoch:     30 | Train loss: 5.3490e-01 | Valid loss: 5.5961e-01 | Train acc: 0.9113 ± 0.0000 | Valid acc: 0.8293 ± 0.0000 | Valid Power: 0.0007 | Train Power: 0.0007 | patience:   0 | lr: 0.1 | Epoch time: 0.1 |

2024-09-09 23:57:40,477 - INFO -
| Epoch:     40 | Train loss: 4.5274e-01 | Valid loss: 4.7936e-01 | Train acc: 0.9516 ± 0.0000 | Valid acc: 0.9024 ± 0.0000 | Valid Power: 0.0008 | Train Power: 0.0008 | patience:   2 | lr: 0.1 | Epoch time: 0.1 |

2024-09-09 23:57:41,404 - INFO -
| Epoch:     50 | Train loss: 4.0941e-01 | Valid loss: 4.9764e-01 | Train acc: 0.9677 ± 0.0000 | Valid acc: 0.8293 ± 0.0000 | Valid Power: 0.0007 | Train Power: 0.0007 | patience:  12 | lr: 0.1 | Epoch time: 0.1 |

2024-09-09 23:57:42,326 - INFO -
| Epoch:     60 | Train loss: 3.8871e-01 | Valid loss: 4.8831e-01 | Train acc: 0.9677 ± 0.0000 | Valid acc: 0.8537 ± 0.0000 | Valid Power: 0.0008 | Train Power: 0.0007 | patience:  22 | lr: 0.1 | Epoch time: 0.1 |

2024-09-09 23:57:43,253 - INFO -
| Epoch:     70 | Train loss: 3.8330e-01 | Valid loss: 4.7414e-01 | Train acc: 0.9677 ± 0.0000 | Valid acc: 0.8293 ± 0.0000 | Valid Power: 0.0007 | Train Power: 0.0008 | patience:  32 | lr: 0.1 | Epoch time: 0.1 |

2024-09-09 23:57:44,193 - INFO -
| Epoch:     80 | Train loss: 3.6918e-01 | Valid loss: 4.7009e-01 | Train acc: 0.9677 ± 0.0000 | Valid acc: 0.8780 ± 0.0000 | Valid Power: 0.0008 | Train Power: 0.0008 | patience:   4 | lr: 0.1 | Epoch time: 0.1 |

2024-09-09 23:57:45,125 - INFO -
| Epoch:     90 | Train loss: 3.6042e-01 | Valid loss: 4.6309e-01 | Train acc: 0.9677 ± 0.0000 | Valid acc: 0.8537 ± 0.0000 | Valid Power: 0.0008 | Train Power: 0.0008 | patience:  14 | lr: 0.1 | Epoch time: 0.1 |

2024-09-09 23:57:46,059 - INFO -
| Epoch:    100 | Train loss: 3.5392e-01 | Valid loss: 4.5909e-01 | Train acc: 0.9677 ± 0.0000 | Valid acc: 0.9024 ± 0.0000 | Valid Power: 0.0008 | Train Power: 0.0008 | patience:   0 | lr: 0.1 | Epoch time: 0.1 |

2024-09-09 23:57:47,012 - INFO -
| Epoch:    110 | Train loss: 3.4914e-01 | Valid loss: 4.5359e-01 | Train acc: 0.9677 ± 0.0000 | Valid acc: 0.9024 ± 0.0000 | Valid Power: 0.0008 | Train Power: 0.0008 | patience:   0 | lr: 0.1 | Epoch time: 0.1 |

2024-09-09 23:57:47,951 - INFO -
| Epoch:    120 | Train loss: 3.4505e-01 | Valid loss: 4.5336e-01 | Train acc: 0.9758 ± 0.0000 | Valid acc: 0.9024 ± 0.0000 | Valid Power: 0.0008 | Train Power: 0.0008 | patience:   4 | lr: 0.1 | Epoch time: 0.1 |

2024-09-09 23:57:48,894 - INFO -
| Epoch:    130 | Train loss: 3.4148e-01 | Valid loss: 4.5139e-01 | Train acc: 0.9758 ± 0.0000 | Valid acc: 0.9024 ± 0.0000 | Valid Power: 0.0008 | Train Power: 0.0008 | patience:   2 | lr: 0.1 | Epoch time: 0.1 |

2024-09-09 23:57:49,844 - INFO -
| Epoch:    140 | Train loss: 3.3826e-01 | Valid loss: 4.4930e-01 | Train acc: 0.9839 ± 0.0000 | Valid acc: 0.9024 ± 0.0000 | Valid Power: 0.0008 | Train Power: 0.0008 | patience:   0 | lr: 0.1 | Epoch time: 0.1 |

2024-09-09 23:57:50,809 - INFO -
| Epoch:    150 | Train loss: 3.3543e-01 | Valid loss: 4.4770e-01 | Train acc: 0.9839 ± 0.0000 | Valid acc: 0.9024 ± 0.0000 | Valid Power: 0.0009 | Train Power: 0.0009 | patience:   0 | lr: 0.1 | Epoch time: 0.1 |

2024-09-09 23:57:51,875 - INFO -
| Epoch:    160 | Train loss: 3.3301e-01 | Valid loss: 4.4661e-01 | Train acc: 0.9839 ± 0.0000 | Valid acc: 0.9024 ± 0.0000 | Valid Power: 0.0009 | Train Power: 0.0009 | patience:   0 | lr: 0.1 | Epoch time: 0.1 |

2024-09-09 23:57:52,834 - INFO -
| Epoch:    170 | Train loss: 3.3091e-01 | Valid loss: 4.4558e-01 | Train acc: 0.9839 ± 0.0000 | Valid acc: 0.9024 ± 0.0000 | Valid Power: 0.0009 | Train Power: 0.0009 | patience:   0 | lr: 0.1 | Epoch time: 0.1 |

2024-09-09 23:57:53,780 - INFO -
| Epoch:    180 | Train loss: 3.2910e-01 | Valid loss: 4.4288e-01 | Train acc: 0.9839 ± 0.0000 | Valid acc: 0.9024 ± 0.0000 | Valid Power: 0.0013 | Train Power: 0.0015 | patience:   2 | lr: 0.1 | Epoch time: 0.1 |

2024-09-09 23:57:54,722 - INFO -
| Epoch:    190 | Train loss: 3.2779e-01 | Valid loss: 4.4202e-01 | Train acc: 0.9839 ± 0.0000 | Valid acc: 0.9024 ± 0.0000 | Valid Power: 0.0058 | Train Power: 0.0013 | patience:   0 | lr: 0.1 | Epoch time: 0.1 |

2024-09-09 23:57:55,668 - INFO -
| Epoch:    200 | Train loss: 3.2669e-01 | Valid loss: 4.3891e-01 | Train acc: 0.9839 ± 0.0000 | Valid acc: 0.9024 ± 0.0000 | Valid Power: 0.0011 | Train Power: 0.0010 | patience:   0 | lr: 0.1 | Epoch time: 0.1 |

2024-09-09 23:57:56,614 - INFO -
| Epoch:    210 | Train loss: 3.2586e-01 | Valid loss: 4.3665e-01 | Train acc: 0.9839 ± 0.0000 | Valid acc: 0.9024 ± 0.0000 | Valid Power: 0.0010 | Train Power: 0.0010 | patience:   2 | lr: 0.1 | Epoch time: 0.1 |

2024-09-09 23:57:57,535 - INFO -
| Epoch:    220 | Train loss: 3.2524e-01 | Valid loss: 4.3740e-01 | Train acc: 0.9839 ± 0.0000 | Valid acc: 0.9024 ± 0.0000 | Valid Power: 0.0010 | Train Power: 0.0011 | patience:  12 | lr: 0.1 | Epoch time: 0.1 |

2024-09-09 23:57:58,487 - INFO -
| Epoch:    230 | Train loss: 3.2466e-01 | Valid loss: 4.3752e-01 | Train acc: 0.9839 ± 0.0000 | Valid acc: 0.9024 ± 0.0000 | Valid Power: 0.0011 | Train Power: 0.0010 | patience:  22 | lr: 0.1 | Epoch time: 0.1 |

2024-09-09 23:57:59,409 - INFO -
| Epoch:    240 | Train loss: 3.2415e-01 | Valid loss: 4.3695e-01 | Train acc: 0.9839 ± 0.0000 | Valid acc: 0.9024 ± 0.0000 | Valid Power: 0.0010 | Train Power: 0.0010 | patience:  32 | lr: 0.1 | Epoch time: 0.1 |

2024-09-09 23:58:00,333 - INFO -
| Epoch:    250 | Train loss: 3.2362e-01 | Valid loss: 4.3628e-01 | Train acc: 0.9839 ± 0.0000 | Valid acc: 0.9024 ± 0.0000 | Valid Power: 0.0016 | Train Power: 0.0019 | patience:   0 | lr: 0.1 | Epoch time: 0.1 |

2024-09-09 23:58:01,281 - INFO -
| Epoch:    260 | Train loss: 3.2614e-01 | Valid loss: 4.1615e-01 | Train acc: 0.9839 ± 0.0000 | Valid acc: 0.9024 ± 0.0000 | Valid Power: 0.0010 | Train Power: 0.0011 | patience:   0 | lr: 0.1 | Epoch time: 0.1 |

2024-09-09 23:58:02,203 - INFO -
| Epoch:    270 | Train loss: 3.2917e-01 | Valid loss: 4.6257e-01 | Train acc: 0.9677 ± 0.0000 | Valid acc: 0.9024 ± 0.0000 | Valid Power: 0.0010 | Train Power: 0.0010 | patience:   9 | lr: 0.1 | Epoch time: 0.1 |

2024-09-09 23:58:03,123 - INFO -
| Epoch:    280 | Train loss: 3.2876e-01 | Valid loss: 4.6845e-01 | Train acc: 0.9677 ± 0.0000 | Valid acc: 0.8537 ± 0.0000 | Valid Power: 0.0011 | Train Power: 0.0013 | patience:  19 | lr: 0.1 | Epoch time: 0.1 |

2024-09-09 23:58:04,042 - INFO -
| Epoch:    290 | Train loss: 3.3370e-01 | Valid loss: 4.1771e-01 | Train acc: 0.9758 ± 0.0000 | Valid acc: 0.9024 ± 0.0000 | Valid Power: 0.0010 | Train Power: 0.0010 | patience:  29 | lr: 0.1 | Epoch time: 0.1 |

2024-09-09 23:58:04,971 - INFO -
| Epoch:    300 | Train loss: 3.2623e-01 | Valid loss: 4.4573e-01 | Train acc: 0.9677 ± 0.0000 | Valid acc: 0.9024 ± 0.0000 | Valid Power: 0.0009 | Train Power: 0.0009 | patience:   6 | lr: 0.1 | Epoch time: 0.1 |

2024-09-09 23:58:05,894 - INFO -
| Epoch:    310 | Train loss: 3.4192e-01 | Valid loss: 4.4074e-01 | Train acc: 0.9516 ± 0.0000 | Valid acc: 0.9024 ± 0.0000 | Valid Power: 0.0009 | Train Power: 0.0009 | patience:  16 | lr: 0.1 | Epoch time: 0.1 |

2024-09-09 23:58:06,813 - INFO -
| Epoch:    320 | Train loss: 3.4777e-01 | Valid loss: 4.3650e-01 | Train acc: 0.9677 ± 0.0000 | Valid acc: 0.9024 ± 0.0000 | Valid Power: 0.0010 | Train Power: 0.0010 | patience:  26 | lr: 0.1 | Epoch time: 0.1 |

2024-09-09 23:58:07,731 - INFO -
| Epoch:    330 | Train loss: 3.3948e-01 | Valid loss: 4.4549e-01 | Train acc: 0.9597 ± 0.0000 | Valid acc: 0.9024 ± 0.0000 | Valid Power: 0.0010 | Train Power: 0.0010 | patience:  36 | lr: 0.1 | Epoch time: 0.1 |

2024-09-09 23:58:08,650 - INFO -
| Epoch:    340 | Train loss: 3.4117e-01 | Valid loss: 4.2856e-01 | Train acc: 0.9758 ± 0.0000 | Valid acc: 0.9024 ± 0.0000 | Valid Power: 0.0011 | Train Power: 0.0010 | patience:  46 | lr: 0.1 | Epoch time: 0.1 |

2024-09-09 23:58:09,569 - INFO -
| Epoch:    350 | Train loss: 4.1320e-01 | Valid loss: 4.5532e-01 | Train acc: 0.8710 ± 0.0000 | Valid acc: 0.8293 ± 0.0000 | Valid Power: 0.0012 | Train Power: 0.0013 | patience:  56 | lr: 0.1 | Epoch time: 0.1 |

2024-09-09 23:58:10,488 - INFO -
| Epoch:    360 | Train loss: 4.2213e-01 | Valid loss: 5.2302e-01 | Train acc: 0.9355 ± 0.0000 | Valid acc: 0.8537 ± 0.0000 | Valid Power: 0.0009 | Train Power: 0.0009 | patience:  66 | lr: 0.1 | Epoch time: 0.1 |

2024-09-09 23:58:11,406 - INFO -
| Epoch:    370 | Train loss: 3.6567e-01 | Valid loss: 4.6688e-01 | Train acc: 0.9274 ± 0.0000 | Valid acc: 0.8293 ± 0.0000 | Valid Power: 0.0010 | Train Power: 0.0010 | patience:  76 | lr: 0.1 | Epoch time: 0.1 |

2024-09-09 23:58:12,325 - INFO -
| Epoch:    380 | Train loss: 3.4476e-01 | Valid loss: 4.8986e-01 | Train acc: 0.9677 ± 0.0000 | Valid acc: 0.8537 ± 0.0000 | Valid Power: 0.0010 | Train Power: 0.0010 | patience:  86 | lr: 0.1 | Epoch time: 0.1 |

2024-09-09 23:58:13,245 - INFO -
| Epoch:    390 | Train loss: 3.7156e-01 | Valid loss: 4.6717e-01 | Train acc: 0.9113 ± 0.0000 | Valid acc: 0.8293 ± 0.0000 | Valid Power: 0.0011 | Train Power: 0.0022 | patience:  96 | lr: 0.1 | Epoch time: 0.1 |

2024-09-09 23:58:13,707 - INFO -
load best network to warm start training with lower lr.

2024-09-09 23:58:13,708 - INFO -
lr update to 0.05.

2024-09-09 23:58:14,169 - INFO -
| Epoch:    400 | Train loss: 3.2451e-01 | Valid loss: 4.2886e-01 | Train acc: 0.9839 ± 0.0000 | Valid acc: 0.9024 ± 0.0000 | Valid Power: 0.0010 | Train Power: 0.0009 | patience:   5 | lr: 0.05 | Epoch time: 0.1 |

2024-09-09 23:58:15,096 - INFO -
| Epoch:    410 | Train loss: 3.2937e-01 | Valid loss: 4.3231e-01 | Train acc: 0.9758 ± 0.0000 | Valid acc: 0.9024 ± 0.0000 | Valid Power: 0.0010 | Train Power: 0.0010 | patience:  15 | lr: 0.05 | Epoch time: 0.1 |

2024-09-09 23:58:16,017 - INFO -
| Epoch:    420 | Train loss: 3.3998e-01 | Valid loss: 4.6808e-01 | Train acc: 0.9677 ± 0.0000 | Valid acc: 0.8537 ± 0.0000 | Valid Power: 0.0010 | Train Power: 0.0010 | patience:  25 | lr: 0.05 | Epoch time: 0.1 |

2024-09-09 23:58:16,937 - INFO -
| Epoch:    430 | Train loss: 3.2039e-01 | Valid loss: 4.2529e-01 | Train acc: 0.9839 ± 0.0000 | Valid acc: 0.9024 ± 0.0000 | Valid Power: 0.0010 | Train Power: 0.0010 | patience:  35 | lr: 0.05 | Epoch time: 0.1 |

2024-09-09 23:58:17,856 - INFO -
| Epoch:    440 | Train loss: 3.2291e-01 | Valid loss: 4.5925e-01 | Train acc: 0.9758 ± 0.0000 | Valid acc: 0.8537 ± 0.0000 | Valid Power: 0.0011 | Train Power: 0.0011 | patience:  45 | lr: 0.05 | Epoch time: 0.1 |

2024-09-09 23:58:18,777 - INFO -
| Epoch:    450 | Train loss: 3.2135e-01 | Valid loss: 4.2740e-01 | Train acc: 0.9839 ± 0.0000 | Valid acc: 0.9024 ± 0.0000 | Valid Power: 0.0011 | Train Power: 0.0011 | patience:  55 | lr: 0.05 | Epoch time: 0.1 |

2024-09-09 23:58:19,696 - INFO -
| Epoch:    460 | Train loss: 3.1802e-01 | Valid loss: 4.2548e-01 | Train acc: 0.9839 ± 0.0000 | Valid acc: 0.9024 ± 0.0000 | Valid Power: 0.0011 | Train Power: 0.0011 | patience:  65 | lr: 0.05 | Epoch time: 0.1 |

2024-09-09 23:58:20,617 - INFO -
| Epoch:    470 | Train loss: 3.2226e-01 | Valid loss: 4.4669e-01 | Train acc: 0.9758 ± 0.0000 | Valid acc: 0.8780 ± 0.0000 | Valid Power: 0.0011 | Train Power: 0.0011 | patience:  75 | lr: 0.05 | Epoch time: 0.1 |

2024-09-09 23:58:21,537 - INFO -
| Epoch:    480 | Train loss: 3.2197e-01 | Valid loss: 4.4591e-01 | Train acc: 0.9758 ± 0.0000 | Valid acc: 0.8780 ± 0.0000 | Valid Power: 0.0013 | Train Power: 0.0014 | patience:  85 | lr: 0.05 | Epoch time: 0.1 |

2024-09-09 23:58:22,456 - INFO -
| Epoch:    490 | Train loss: 3.2165e-01 | Valid loss: 4.4114e-01 | Train acc: 0.9758 ± 0.0000 | Valid acc: 0.8780 ± 0.0000 | Valid Power: 0.0011 | Train Power: 0.0011 | patience:  95 | lr: 0.05 | Epoch time: 0.1 |

2024-09-09 23:58:23,011 - INFO -
load best network to warm start training with lower lr.

2024-09-09 23:58:23,012 - INFO -
lr update to 0.025.

2024-09-09 23:58:23,379 - INFO -
| Epoch:    500 | Train loss: 3.3308e-01 | Valid loss: 4.2990e-01 | Train acc: 0.9758 ± 0.0000 | Valid acc: 0.9024 ± 0.0000 | Valid Power: 0.0009 | Train Power: 0.0009 | patience:   4 | lr: 0.025 | Epoch time: 0.1 |

2024-09-09 23:58:24,301 - INFO -
| Epoch:    510 | Train loss: 3.2465e-01 | Valid loss: 4.3217e-01 | Train acc: 0.9839 ± 0.0000 | Valid acc: 0.9024 ± 0.0000 | Valid Power: 0.0010 | Train Power: 0.0010 | patience:  14 | lr: 0.025 | Epoch time: 0.1 |

2024-09-09 23:58:25,221 - INFO -
| Epoch:    520 | Train loss: 3.3422e-01 | Valid loss: 4.7290e-01 | Train acc: 0.9758 ± 0.0000 | Valid acc: 0.8537 ± 0.0000 | Valid Power: 0.0011 | Train Power: 0.0012 | patience:  24 | lr: 0.025 | Epoch time: 0.1 |

2024-09-09 23:58:26,149 - INFO -
| Epoch:    530 | Train loss: 3.3114e-01 | Valid loss: 4.4505e-01 | Train acc: 0.9758 ± 0.0000 | Valid acc: 0.8780 ± 0.0000 | Valid Power: 0.0010 | Train Power: 0.0010 | patience:  34 | lr: 0.025 | Epoch time: 0.1 |

2024-09-09 23:58:27,071 - INFO -
| Epoch:    540 | Train loss: 3.2985e-01 | Valid loss: 4.5414e-01 | Train acc: 0.9597 ± 0.0000 | Valid acc: 0.8780 ± 0.0000 | Valid Power: 0.0012 | Train Power: 0.0011 | patience:  44 | lr: 0.025 | Epoch time: 0.1 |

2024-09-09 23:58:27,991 - INFO -
| Epoch:    550 | Train loss: 3.2963e-01 | Valid loss: 4.4246e-01 | Train acc: 0.9677 ± 0.0000 | Valid acc: 0.9024 ± 0.0000 | Valid Power: 0.0012 | Train Power: 0.0011 | patience:  54 | lr: 0.025 | Epoch time: 0.1 |

2024-09-09 23:58:28,912 - INFO -
| Epoch:    560 | Train loss: 3.2919e-01 | Valid loss: 4.3419e-01 | Train acc: 0.9677 ± 0.0000 | Valid acc: 0.9024 ± 0.0000 | Valid Power: 0.0011 | Train Power: 0.0011 | patience:  64 | lr: 0.025 | Epoch time: 0.1 |

2024-09-09 23:58:29,833 - INFO -
| Epoch:    570 | Train loss: 3.2760e-01 | Valid loss: 4.3720e-01 | Train acc: 0.9758 ± 0.0000 | Valid acc: 0.9024 ± 0.0000 | Valid Power: 0.0024 | Train Power: 0.0012 | patience:  74 | lr: 0.025 | Epoch time: 0.1 |

2024-09-09 23:58:30,754 - INFO -
| Epoch:    580 | Train loss: 3.2733e-01 | Valid loss: 4.2519e-01 | Train acc: 0.9758 ± 0.0000 | Valid acc: 0.9024 ± 0.0000 | Valid Power: 0.0012 | Train Power: 0.0011 | patience:  84 | lr: 0.025 | Epoch time: 0.1 |

2024-09-09 23:58:31,674 - INFO -
| Epoch:    590 | Train loss: 3.2642e-01 | Valid loss: 4.3125e-01 | Train acc: 0.9758 ± 0.0000 | Valid acc: 0.9024 ± 0.0000 | Valid Power: 0.0021 | Train Power: 0.0030 | patience:  94 | lr: 0.025 | Epoch time: 0.1 |

2024-09-09 23:58:32,321 - INFO -
load best network to warm start training with lower lr.

2024-09-09 23:58:32,322 - INFO -
lr update to 0.0125.

2024-09-09 23:58:32,599 - INFO -
| Epoch:    600 | Train loss: 3.3597e-01 | Valid loss: 4.1479e-01 | Train acc: 0.9839 ± 0.0000 | Valid acc: 0.9024 ± 0.0000 | Valid Power: 0.0009 | Train Power: 0.0009 | patience:   3 | lr: 0.0125 | Epoch time: 0.1 |

2024-09-09 23:58:33,520 - INFO -
| Epoch:    610 | Train loss: 3.2596e-01 | Valid loss: 4.3101e-01 | Train acc: 0.9758 ± 0.0000 | Valid acc: 0.9024 ± 0.0000 | Valid Power: 0.0009 | Train Power: 0.0009 | patience:  13 | lr: 0.0125 | Epoch time: 0.1 |

2024-09-09 23:58:34,440 - INFO -
| Epoch:    620 | Train loss: 3.2342e-01 | Valid loss: 4.3140e-01 | Train acc: 0.9839 ± 0.0000 | Valid acc: 0.9024 ± 0.0000 | Valid Power: 0.0009 | Train Power: 0.0009 | patience:  23 | lr: 0.0125 | Epoch time: 0.1 |

2024-09-09 23:58:35,360 - INFO -
| Epoch:    630 | Train loss: 3.2232e-01 | Valid loss: 4.3369e-01 | Train acc: 0.9839 ± 0.0000 | Valid acc: 0.9024 ± 0.0000 | Valid Power: 0.0010 | Train Power: 0.0010 | patience:  33 | lr: 0.0125 | Epoch time: 0.1 |

2024-09-09 23:58:36,280 - INFO -
| Epoch:    640 | Train loss: 3.2173e-01 | Valid loss: 4.3121e-01 | Train acc: 0.9839 ± 0.0000 | Valid acc: 0.9024 ± 0.0000 | Valid Power: 0.0010 | Train Power: 0.0010 | patience:  43 | lr: 0.0125 | Epoch time: 0.1 |

2024-09-09 23:58:37,202 - INFO -
| Epoch:    650 | Train loss: 3.2152e-01 | Valid loss: 4.2870e-01 | Train acc: 0.9839 ± 0.0000 | Valid acc: 0.9024 ± 0.0000 | Valid Power: 0.0011 | Train Power: 0.0011 | patience:  53 | lr: 0.0125 | Epoch time: 0.1 |

2024-09-09 23:58:38,122 - INFO -
| Epoch:    660 | Train loss: 3.2141e-01 | Valid loss: 4.2939e-01 | Train acc: 0.9839 ± 0.0000 | Valid acc: 0.9024 ± 0.0000 | Valid Power: 0.0011 | Train Power: 0.0011 | patience:  63 | lr: 0.0125 | Epoch time: 0.1 |

2024-09-09 23:58:39,042 - INFO -
| Epoch:    670 | Train loss: 3.2131e-01 | Valid loss: 4.2881e-01 | Train acc: 0.9839 ± 0.0000 | Valid acc: 0.9024 ± 0.0000 | Valid Power: 0.0011 | Train Power: 0.0011 | patience:  73 | lr: 0.0125 | Epoch time: 0.1 |

2024-09-09 23:58:39,963 - INFO -
| Epoch:    680 | Train loss: 3.2122e-01 | Valid loss: 4.2836e-01 | Train acc: 0.9839 ± 0.0000 | Valid acc: 0.9024 ± 0.0000 | Valid Power: 0.0013 | Train Power: 0.0013 | patience:  83 | lr: 0.0125 | Epoch time: 0.1 |

2024-09-09 23:58:40,883 - INFO -
| Epoch:    690 | Train loss: 3.2113e-01 | Valid loss: 4.2854e-01 | Train acc: 0.9839 ± 0.0000 | Valid acc: 0.9024 ± 0.0000 | Valid Power: 0.0013 | Train Power: 0.0013 | patience:  93 | lr: 0.0125 | Epoch time: 0.1 |

2024-09-09 23:58:41,629 - INFO -
load best network to warm start training with lower lr.

2024-09-09 23:58:41,630 - INFO -
lr update to 0.00625.

2024-09-09 23:58:41,909 - INFO -
| Epoch:    700 | Train loss: 3.4194e-01 | Valid loss: 4.0936e-01 | Train acc: 0.9839 ± 0.0000 | Valid acc: 0.9024 ± 0.0000 | Valid Power: 0.0009 | Train Power: 0.0009 | patience:   2 | lr: 0.00625 | Epoch time: 0.1 |

2024-09-09 23:58:42,830 - INFO -
| Epoch:    710 | Train loss: 3.2667e-01 | Valid loss: 4.1993e-01 | Train acc: 0.9839 ± 0.0000 | Valid acc: 0.9024 ± 0.0000 | Valid Power: 0.0009 | Train Power: 0.0009 | patience:  12 | lr: 0.00625 | Epoch time: 0.1 |

2024-09-09 23:58:43,752 - INFO -
| Epoch:    720 | Train loss: 3.2402e-01 | Valid loss: 4.3147e-01 | Train acc: 0.9839 ± 0.0000 | Valid acc: 0.9024 ± 0.0000 | Valid Power: 0.0009 | Train Power: 0.0009 | patience:  22 | lr: 0.00625 | Epoch time: 0.1 |

2024-09-09 23:58:44,672 - INFO -
| Epoch:    730 | Train loss: 3.2327e-01 | Valid loss: 4.3062e-01 | Train acc: 0.9839 ± 0.0000 | Valid acc: 0.9024 ± 0.0000 | Valid Power: 0.0009 | Train Power: 0.0009 | patience:  32 | lr: 0.00625 | Epoch time: 0.1 |

2024-09-09 23:58:45,593 - INFO -
| Epoch:    740 | Train loss: 3.2243e-01 | Valid loss: 4.3146e-01 | Train acc: 0.9839 ± 0.0000 | Valid acc: 0.9024 ± 0.0000 | Valid Power: 0.0012 | Train Power: 0.0010 | patience:  42 | lr: 0.00625 | Epoch time: 0.1 |

2024-09-09 23:58:46,513 - INFO -
| Epoch:    750 | Train loss: 3.2208e-01 | Valid loss: 4.3068e-01 | Train acc: 0.9839 ± 0.0000 | Valid acc: 0.9024 ± 0.0000 | Valid Power: 0.0010 | Train Power: 0.0010 | patience:  52 | lr: 0.00625 | Epoch time: 0.1 |

2024-09-09 23:58:47,432 - INFO -
| Epoch:    760 | Train loss: 3.2183e-01 | Valid loss: 4.2949e-01 | Train acc: 0.9839 ± 0.0000 | Valid acc: 0.9024 ± 0.0000 | Valid Power: 0.0010 | Train Power: 0.0010 | patience:  62 | lr: 0.00625 | Epoch time: 0.1 |

2024-09-09 23:58:48,352 - INFO -
| Epoch:    770 | Train loss: 3.2162e-01 | Valid loss: 4.2900e-01 | Train acc: 0.9839 ± 0.0000 | Valid acc: 0.9024 ± 0.0000 | Valid Power: 0.0010 | Train Power: 0.0010 | patience:  72 | lr: 0.00625 | Epoch time: 0.1 |

2024-09-09 23:58:49,271 - INFO -
| Epoch:    780 | Train loss: 3.2143e-01 | Valid loss: 4.2904e-01 | Train acc: 0.9839 ± 0.0000 | Valid acc: 0.9024 ± 0.0000 | Valid Power: 0.0011 | Train Power: 0.0012 | patience:  82 | lr: 0.00625 | Epoch time: 0.1 |

2024-09-09 23:58:50,192 - INFO -
| Epoch:    790 | Train loss: 3.2137e-01 | Valid loss: 4.2893e-01 | Train acc: 0.9839 ± 0.0000 | Valid acc: 0.9024 ± 0.0000 | Valid Power: 0.0013 | Train Power: 0.0012 | patience:  92 | lr: 0.00625 | Epoch time: 0.1 |

2024-09-09 23:58:51,024 - INFO -
load best network to warm start training with lower lr.

2024-09-09 23:58:51,024 - INFO -
lr update to 0.003125.

2024-09-09 23:58:51,116 - INFO -
| Epoch:    800 | Train loss: 3.5079e-01 | Valid loss: 4.0781e-01 | Train acc: 0.9758 ± 0.0000 | Valid acc: 0.9024 ± 0.0000 | Valid Power: 0.0009 | Train Power: 0.0009 | patience:   1 | lr: 0.003125 | Epoch time: 0.1 |

2024-09-09 23:58:52,037 - INFO -
| Epoch:    810 | Train loss: 3.3406e-01 | Valid loss: 4.1342e-01 | Train acc: 0.9839 ± 0.0000 | Valid acc: 0.9024 ± 0.0000 | Valid Power: 0.0009 | Train Power: 0.0009 | patience:  11 | lr: 0.003125 | Epoch time: 0.1 |

2024-09-09 23:58:52,958 - INFO -
| Epoch:    820 | Train loss: 3.2686e-01 | Valid loss: 4.1746e-01 | Train acc: 0.9839 ± 0.0000 | Valid acc: 0.9024 ± 0.0000 | Valid Power: 0.0009 | Train Power: 0.0009 | patience:  21 | lr: 0.003125 | Epoch time: 0.1 |

2024-09-09 23:58:53,877 - INFO -
| Epoch:    830 | Train loss: 3.2528e-01 | Valid loss: 4.2286e-01 | Train acc: 0.9839 ± 0.0000 | Valid acc: 0.9024 ± 0.0000 | Valid Power: 0.0009 | Train Power: 0.0009 | patience:  31 | lr: 0.003125 | Epoch time: 0.1 |

2024-09-09 23:58:54,798 - INFO -
| Epoch:    840 | Train loss: 3.2369e-01 | Valid loss: 4.2773e-01 | Train acc: 0.9839 ± 0.0000 | Valid acc: 0.9024 ± 0.0000 | Valid Power: 0.0009 | Train Power: 0.0009 | patience:  41 | lr: 0.003125 | Epoch time: 0.1 |

2024-09-09 23:58:55,718 - INFO -
| Epoch:    850 | Train loss: 3.2317e-01 | Valid loss: 4.2883e-01 | Train acc: 0.9839 ± 0.0000 | Valid acc: 0.9024 ± 0.0000 | Valid Power: 0.0009 | Train Power: 0.0009 | patience:  51 | lr: 0.003125 | Epoch time: 0.1 |

2024-09-09 23:58:56,642 - INFO -
| Epoch:    860 | Train loss: 3.2273e-01 | Valid loss: 4.2934e-01 | Train acc: 0.9839 ± 0.0000 | Valid acc: 0.9024 ± 0.0000 | Valid Power: 0.0009 | Train Power: 0.0009 | patience:  61 | lr: 0.003125 | Epoch time: 0.1 |

2024-09-09 23:58:57,564 - INFO -
| Epoch:    870 | Train loss: 3.2245e-01 | Valid loss: 4.2937e-01 | Train acc: 0.9839 ± 0.0000 | Valid acc: 0.9024 ± 0.0000 | Valid Power: 0.0009 | Train Power: 0.0009 | patience:  71 | lr: 0.003125 | Epoch time: 0.1 |

2024-09-09 23:58:58,484 - INFO -
| Epoch:    880 | Train loss: 3.2222e-01 | Valid loss: 4.2893e-01 | Train acc: 0.9839 ± 0.0000 | Valid acc: 0.9024 ± 0.0000 | Valid Power: 0.0010 | Train Power: 0.0010 | patience:  81 | lr: 0.003125 | Epoch time: 0.1 |

2024-09-09 23:58:59,404 - INFO -
| Epoch:    890 | Train loss: 3.2206e-01 | Valid loss: 4.2878e-01 | Train acc: 0.9839 ± 0.0000 | Valid acc: 0.9024 ± 0.0000 | Valid Power: 0.0010 | Train Power: 0.0010 | patience:  91 | lr: 0.003125 | Epoch time: 0.1 |

2024-09-09 23:59:00,328 - INFO -
load best network to warm start training with lower lr.

2024-09-09 23:59:00,328 - INFO -
lr update to 0.0015625.

2024-09-09 23:59:00,328 - INFO -
| Epoch:    900 | Train loss: 3.2191e-01 | Valid loss: 4.2884e-01 | Train acc: 0.9839 ± 0.0000 | Valid acc: 0.9024 ± 0.0000 | Valid Power: 0.0010 | Train Power: 0.0010 | patience:   0 | lr: 0.0015625 | Epoch time: 0.1 |

2024-09-09 23:59:01,249 - INFO -
| Epoch:    910 | Train loss: 3.3847e-01 | Valid loss: 4.0983e-01 | Train acc: 0.9839 ± 0.0000 | Valid acc: 0.9024 ± 0.0000 | Valid Power: 0.0009 | Train Power: 0.0009 | patience:  10 | lr: 0.0015625 | Epoch time: 0.1 |

2024-09-09 23:59:02,177 - INFO -
| Epoch:    920 | Train loss: 3.3476e-01 | Valid loss: 4.1269e-01 | Train acc: 0.9839 ± 0.0000 | Valid acc: 0.9024 ± 0.0000 | Valid Power: 0.0009 | Train Power: 0.0009 | patience:  20 | lr: 0.0015625 | Epoch time: 0.1 |

2024-09-09 23:59:03,098 - INFO -
| Epoch:    930 | Train loss: 3.2845e-01 | Valid loss: 4.1556e-01 | Train acc: 0.9839 ± 0.0000 | Valid acc: 0.9024 ± 0.0000 | Valid Power: 0.0009 | Train Power: 0.0009 | patience:  30 | lr: 0.0015625 | Epoch time: 0.1 |

2024-09-09 23:59:04,019 - INFO -
| Epoch:    940 | Train loss: 3.2693e-01 | Valid loss: 4.1662e-01 | Train acc: 0.9839 ± 0.0000 | Valid acc: 0.9024 ± 0.0000 | Valid Power: 0.0009 | Train Power: 0.0009 | patience:  40 | lr: 0.0015625 | Epoch time: 0.1 |

2024-09-09 23:59:04,940 - INFO -
| Epoch:    950 | Train loss: 3.2608e-01 | Valid loss: 4.1859e-01 | Train acc: 0.9839 ± 0.0000 | Valid acc: 0.9024 ± 0.0000 | Valid Power: 0.0009 | Train Power: 0.0009 | patience:  50 | lr: 0.0015625 | Epoch time: 0.1 |

2024-09-09 23:59:05,859 - INFO -
| Epoch:    960 | Train loss: 3.2551e-01 | Valid loss: 4.2047e-01 | Train acc: 0.9839 ± 0.0000 | Valid acc: 0.9024 ± 0.0000 | Valid Power: 0.0009 | Train Power: 0.0009 | patience:  60 | lr: 0.0015625 | Epoch time: 0.1 |

2024-09-09 23:59:06,780 - INFO -
| Epoch:    970 | Train loss: 3.2502e-01 | Valid loss: 4.2218e-01 | Train acc: 0.9839 ± 0.0000 | Valid acc: 0.9024 ± 0.0000 | Valid Power: 0.0009 | Train Power: 0.0009 | patience:  70 | lr: 0.0015625 | Epoch time: 0.1 |

2024-09-09 23:59:07,702 - INFO -
| Epoch:    980 | Train loss: 3.2392e-01 | Valid loss: 4.2434e-01 | Train acc: 0.9839 ± 0.0000 | Valid acc: 0.9024 ± 0.0000 | Valid Power: 0.0009 | Train Power: 0.0009 | patience:  80 | lr: 0.0015625 | Epoch time: 0.1 |

2024-09-09 23:59:08,624 - INFO -
| Epoch:    990 | Train loss: 3.2345e-01 | Valid loss: 4.2639e-01 | Train acc: 0.9839 ± 0.0000 | Valid acc: 0.9024 ± 0.0000 | Valid Power: 0.0009 | Train Power: 0.0009 | patience:  90 | lr: 0.0015625 | Epoch time: 0.1 |

2024-09-09 23:59:09,546 - INFO -
| Epoch:   1000 | Train loss: 3.2318e-01 | Valid loss: 4.2755e-01 | Train acc: 0.9839 ± 0.0000 | Valid acc: 0.9024 ± 0.0000 | Valid Power: 0.0009 | Train Power: 0.0009 | patience: 100 | lr: 0.0015625 | Epoch time: 0.1 |

2024-09-09 23:59:09,642 - INFO -
load best network to warm start training with lower lr.

2024-09-09 23:59:09,642 - INFO -
lr update to 0.00078125.

2024-09-09 23:59:10,479 - INFO -
| Epoch:   1010 | Train loss: 3.4380e-01 | Valid loss: 4.0841e-01 | Train acc: 0.9758 ± 0.0000 | Valid acc: 0.9024 ± 0.0000 | Valid Power: 0.0009 | Train Power: 0.0009 | patience:   9 | lr: 0.00078125 | Epoch time: 0.1 |

2024-09-09 23:59:11,403 - INFO -
| Epoch:   1020 | Train loss: 3.3848e-01 | Valid loss: 4.0969e-01 | Train acc: 0.9839 ± 0.0000 | Valid acc: 0.9024 ± 0.0000 | Valid Power: 0.0009 | Train Power: 0.0009 | patience:  19 | lr: 0.00078125 | Epoch time: 0.1 |

2024-09-09 23:59:12,324 - INFO -
| Epoch:   1030 | Train loss: 3.3689e-01 | Valid loss: 4.1096e-01 | Train acc: 0.9839 ± 0.0000 | Valid acc: 0.9024 ± 0.0000 | Valid Power: 0.0009 | Train Power: 0.0009 | patience:  29 | lr: 0.00078125 | Epoch time: 0.1 |

2024-09-09 23:59:13,246 - INFO -
| Epoch:   1040 | Train loss: 3.3486e-01 | Valid loss: 4.1236e-01 | Train acc: 0.9839 ± 0.0000 | Valid acc: 0.9024 ± 0.0000 | Valid Power: 0.0009 | Train Power: 0.0009 | patience:  39 | lr: 0.00078125 | Epoch time: 0.1 |

2024-09-09 23:59:14,167 - INFO -
| Epoch:   1050 | Train loss: 3.2954e-01 | Valid loss: 4.1403e-01 | Train acc: 0.9839 ± 0.0000 | Valid acc: 0.9024 ± 0.0000 | Valid Power: 0.0009 | Train Power: 0.0009 | patience:  49 | lr: 0.00078125 | Epoch time: 0.1 |

2024-09-09 23:59:15,092 - INFO -
| Epoch:   1060 | Train loss: 3.2837e-01 | Valid loss: 4.1534e-01 | Train acc: 0.9839 ± 0.0000 | Valid acc: 0.9024 ± 0.0000 | Valid Power: 0.0009 | Train Power: 0.0009 | patience:  59 | lr: 0.00078125 | Epoch time: 0.1 |

2024-09-09 23:59:16,013 - INFO -
| Epoch:   1070 | Train loss: 3.2761e-01 | Valid loss: 4.1618e-01 | Train acc: 0.9839 ± 0.0000 | Valid acc: 0.9024 ± 0.0000 | Valid Power: 0.0009 | Train Power: 0.0009 | patience:  69 | lr: 0.00078125 | Epoch time: 0.1 |

2024-09-09 23:59:16,930 - INFO -
| Epoch:   1080 | Train loss: 3.2706e-01 | Valid loss: 4.1673e-01 | Train acc: 0.9839 ± 0.0000 | Valid acc: 0.9024 ± 0.0000 | Valid Power: 0.0009 | Train Power: 0.0009 | patience:  79 | lr: 0.00078125 | Epoch time: 0.1 |

2024-09-09 23:59:17,844 - INFO -
| Epoch:   1090 | Train loss: 3.2662e-01 | Valid loss: 4.1714e-01 | Train acc: 0.9839 ± 0.0000 | Valid acc: 0.9024 ± 0.0000 | Valid Power: 0.0009 | Train Power: 0.0009 | patience:  89 | lr: 0.00078125 | Epoch time: 0.1 |

2024-09-09 23:59:18,760 - INFO -
| Epoch:   1100 | Train loss: 3.2625e-01 | Valid loss: 4.1767e-01 | Train acc: 0.9839 ± 0.0000 | Valid acc: 0.9024 ± 0.0000 | Valid Power: 0.0009 | Train Power: 0.0009 | patience:  99 | lr: 0.00078125 | Epoch time: 0.1 |

2024-09-09 23:59:18,945 - INFO -
load best network to warm start training with lower lr.

2024-09-09 23:59:18,945 - INFO -
lr update to 0.000390625.

2024-09-09 23:59:19,676 - INFO -
| Epoch:   1110 | Train loss: 3.4977e-01 | Valid loss: 4.0781e-01 | Train acc: 0.9758 ± 0.0000 | Valid acc: 0.9024 ± 0.0000 | Valid Power: 0.0009 | Train Power: 0.0009 | patience:   8 | lr: 0.000390625 | Epoch time: 0.1 |

2024-09-09 23:59:20,590 - INFO -
| Epoch:   1120 | Train loss: 3.4143e-01 | Valid loss: 4.0843e-01 | Train acc: 0.9839 ± 0.0000 | Valid acc: 0.9024 ± 0.0000 | Valid Power: 0.0009 | Train Power: 0.0009 | patience:  18 | lr: 0.000390625 | Epoch time: 0.1 |

2024-09-09 23:59:21,462 - INFO -
| Epoch:   1130 | Train loss: 3.3922e-01 | Valid loss: 4.0907e-01 | Train acc: 0.9839 ± 0.0000 | Valid acc: 0.9024 ± 0.0000 | Valid Power: 0.0009 | Train Power: 0.0009 | patience:  28 | lr: 0.000390625 | Epoch time: 0.1 |

2024-09-09 23:59:22,332 - INFO -
| Epoch:   1140 | Train loss: 3.3841e-01 | Valid loss: 4.0965e-01 | Train acc: 0.9839 ± 0.0000 | Valid acc: 0.9024 ± 0.0000 | Valid Power: 0.0009 | Train Power: 0.0009 | patience:  38 | lr: 0.000390625 | Epoch time: 0.1 |

2024-09-09 23:59:23,231 - INFO -
| Epoch:   1150 | Train loss: 3.3764e-01 | Valid loss: 4.1022e-01 | Train acc: 0.9839 ± 0.0000 | Valid acc: 0.9024 ± 0.0000 | Valid Power: 0.0009 | Train Power: 0.0009 | patience:  48 | lr: 0.000390625 | Epoch time: 0.1 |

2024-09-09 23:59:24,142 - INFO -
| Epoch:   1160 | Train loss: 3.3687e-01 | Valid loss: 4.1081e-01 | Train acc: 0.9839 ± 0.0000 | Valid acc: 0.9024 ± 0.0000 | Valid Power: 0.0009 | Train Power: 0.0009 | patience:  58 | lr: 0.000390625 | Epoch time: 0.1 |

2024-09-09 23:59:25,055 - INFO -
| Epoch:   1170 | Train loss: 3.3600e-01 | Valid loss: 4.1144e-01 | Train acc: 0.9839 ± 0.0000 | Valid acc: 0.9024 ± 0.0000 | Valid Power: 0.0009 | Train Power: 0.0009 | patience:  68 | lr: 0.000390625 | Epoch time: 0.1 |

2024-09-09 23:59:25,967 - INFO -
| Epoch:   1180 | Train loss: 3.3475e-01 | Valid loss: 4.1216e-01 | Train acc: 0.9839 ± 0.0000 | Valid acc: 0.9024 ± 0.0000 | Valid Power: 0.0009 | Train Power: 0.0009 | patience:  78 | lr: 0.000390625 | Epoch time: 0.1 |

2024-09-09 23:59:26,874 - INFO -
| Epoch:   1190 | Train loss: 3.3191e-01 | Valid loss: 4.1304e-01 | Train acc: 0.9839 ± 0.0000 | Valid acc: 0.9024 ± 0.0000 | Valid Power: 0.0009 | Train Power: 0.0009 | patience:  88 | lr: 0.000390625 | Epoch time: 0.1 |

2024-09-09 23:59:27,751 - INFO -
| Epoch:   1200 | Train loss: 3.2920e-01 | Valid loss: 4.1394e-01 | Train acc: 0.9839 ± 0.0000 | Valid acc: 0.9024 ± 0.0000 | Valid Power: 0.0009 | Train Power: 0.0009 | patience:  98 | lr: 0.000390625 | Epoch time: 0.1 |

2024-09-09 23:59:28,014 - INFO -
load best network to warm start training with lower lr.

2024-09-09 23:59:28,014 - INFO -
lr update to 0.0001953125.

2024-09-09 23:59:28,613 - INFO -
| Epoch:   1210 | Train loss: 3.5040e-01 | Valid loss: 4.0755e-01 | Train acc: 0.9758 ± 0.0000 | Valid acc: 0.9024 ± 0.0000 | Valid Power: 0.0009 | Train Power: 0.0009 | patience:   7 | lr: 0.0001953125 | Epoch time: 0.1 |

2024-09-09 23:59:29,472 - INFO -
| Epoch:   1220 | Train loss: 3.4952e-01 | Valid loss: 4.0784e-01 | Train acc: 0.9758 ± 0.0000 | Valid acc: 0.9024 ± 0.0000 | Valid Power: 0.0009 | Train Power: 0.0009 | patience:  17 | lr: 0.0001953125 | Epoch time: 0.1 |

2024-09-09 23:59:30,424 - INFO -
| Epoch:   1230 | Train loss: 3.4509e-01 | Valid loss: 4.0816e-01 | Train acc: 0.9758 ± 0.0000 | Valid acc: 0.9024 ± 0.0000 | Valid Power: 0.0009 | Train Power: 0.0009 | patience:  27 | lr: 0.0001953125 | Epoch time: 0.1 |

2024-09-09 23:59:31,276 - INFO -
| Epoch:   1240 | Train loss: 3.4022e-01 | Valid loss: 4.0850e-01 | Train acc: 0.9839 ± 0.0000 | Valid acc: 0.9024 ± 0.0000 | Valid Power: 0.0009 | Train Power: 0.0009 | patience:  37 | lr: 0.0001953125 | Epoch time: 0.1 |

2024-09-09 23:59:32,132 - INFO -
| Epoch:   1250 | Train loss: 3.3958e-01 | Valid loss: 4.0881e-01 | Train acc: 0.9839 ± 0.0000 | Valid acc: 0.9024 ± 0.0000 | Valid Power: 0.0009 | Train Power: 0.0009 | patience:  47 | lr: 0.0001953125 | Epoch time: 0.1 |

2024-09-09 23:59:32,985 - INFO -
| Epoch:   1260 | Train loss: 3.3913e-01 | Valid loss: 4.0908e-01 | Train acc: 0.9839 ± 0.0000 | Valid acc: 0.9024 ± 0.0000 | Valid Power: 0.0009 | Train Power: 0.0009 | patience:  57 | lr: 0.0001953125 | Epoch time: 0.1 |

2024-09-09 23:59:33,839 - INFO -
| Epoch:   1270 | Train loss: 3.3873e-01 | Valid loss: 4.0934e-01 | Train acc: 0.9839 ± 0.0000 | Valid acc: 0.9024 ± 0.0000 | Valid Power: 0.0009 | Train Power: 0.0009 | patience:  67 | lr: 0.0001953125 | Epoch time: 0.1 |

2024-09-09 23:59:34,692 - INFO -
| Epoch:   1280 | Train loss: 3.3834e-01 | Valid loss: 4.0960e-01 | Train acc: 0.9839 ± 0.0000 | Valid acc: 0.9024 ± 0.0000 | Valid Power: 0.0009 | Train Power: 0.0009 | patience:  77 | lr: 0.0001953125 | Epoch time: 0.1 |

2024-09-09 23:59:35,545 - INFO -
| Epoch:   1290 | Train loss: 3.3796e-01 | Valid loss: 4.0986e-01 | Train acc: 0.9839 ± 0.0000 | Valid acc: 0.9024 ± 0.0000 | Valid Power: 0.0009 | Train Power: 0.0009 | patience:  87 | lr: 0.0001953125 | Epoch time: 0.1 |

2024-09-09 23:59:36,397 - INFO -
| Epoch:   1300 | Train loss: 3.3758e-01 | Valid loss: 4.1013e-01 | Train acc: 0.9839 ± 0.0000 | Valid acc: 0.9024 ± 0.0000 | Valid Power: 0.0009 | Train Power: 0.0009 | patience:  97 | lr: 0.0001953125 | Epoch time: 0.1 |

2024-09-09 23:59:36,741 - INFO -
load best network to warm start training with lower lr.

2024-09-09 23:59:36,741 - INFO -
lr update to 9.765625e-05.

2024-09-09 23:59:36,742 - INFO -
Early stop.

2024-09-09 23:59:36,755 - INFO -
Training if finished.

2024-09-12 13:58:07,154 - INFO -
Configuration: 
gmin                0.01
gmax                10.0
T                   0.1
m                   0.3
type_nonlinear      normal
act                 tanh
ACT_R1n             12.7865
ACT_R2n             -3.1871
ACT_W1n             -10.4537
ACT_L1n             10.546
ACT_W2n             -5.8496
ACT_L2n             4.2337
S_R1n               -11.7481
S_R2n               -0.3905
S_W1n               -9.169
S_L1n               0.3913
S_W2n               7.2004
S_L2n               15.5558
ReLU_RHn            -1.9557
ReLU_RLn            -20.1581
ReLU_RDn            16.6486
ReLU_RBn            -14.3472
ReLU_Wn             16.655
ReLU_Ln             -21.7591
HS_Rn               -0.3766
HS_Wn               0.5192
HS_Ln               4.6293
NEG_R1n             -7.0846
NEG_R2n             -2.5695
NEG_R3n             16.1542
NEG_W1n             13.8696
NEG_L1n             2.7635
NEG_W2n             1.2674
NEG_L2n             -10.4803
NEG_W3n             -6.4386
NEG_L3n             5.1005
task                normal
DATASET             9
DataPath            ./dataset
InputNoise          0.0
IN_test             0.0
R_train             1
R_test              1
N_time              32
pathnorm            False
hidden              [3]
skipconnection      False
SEED                1
DEVICE              cpu
PATIENCE            500
EPOCH               10000000000
LR                  0.1
PROGRESSIVE         True
LR_PATIENCE         100
LR_DECAY            0.5
LR_MIN              0.0001
metric              acc
SoftEva             True
TIMELIMITATION      71
MODE                nominal
M_train             1
K_train             1
M_test              1
K_test              1
t_test_max          1
integration         MC
N_train             1
e_train             0.0
N_test              100
e_test              0.1
e_fault             2
fault_ratio         0.0
N_fault             50
e_fault_test        0
N_fault_test        50
dropout             0.0
lagrangian_loss     False
rho                 100
powerestimator      none
powerbalance        0.0
estimatorbalance    0.0
pgmin               1e-07
power_ratio         1000
lambda_P            100
areaestimator       none
areabalance         0.0
area_theta          0.15
area_act            30.0
area_neg            22.7
lambda_A            0.001
lnc                 False
projectname         tanh_0_FaultAnalysisNormal
temppath            ./tanh_0_FaultAnalysisNormal/temp/
logfilepath         ./tanh_0_FaultAnalysisNormal/log/
report_freq         10
recording           False
recordpath          ./tanh_0_FaultAnalysisNormal/record/
savepath            ./tanh_0_FaultAnalysisNormal/models/
loglevel            info


2024-09-12 13:58:07,174 - INFO -
Training network on device: cpu.

2024-09-12 13:58:07,174 - INFO -
Training setup: data_09_seeds_seed_01_epsilon_0.0_dropout_0.0_fault_ratio_0.0.model.

2024-09-12 13:58:07,174 - INFO -
{'dataname': 'seeds', 'N_feature': 7, 'N_class': 3, 'N_train': 124, 'N_valid': 41, 'N_test': 43}

2024-09-12 13:58:07,175 - INFO -
Training was already finished.

