2024-09-09 04:07:29,238 - INFO -
Configuration: 
gmin                0.01
gmax                10.0
T                   0.1
m                   0.3
type_nonlinear      normal
act                 tanh
ACT_R1n             12.7865
ACT_R2n             -3.1871
ACT_W1n             -10.4537
ACT_L1n             10.546
ACT_W2n             -5.8496
ACT_L2n             4.2337
S_R1n               -11.7481
S_R2n               -0.3905
S_W1n               -9.169
S_L1n               0.3913
S_W2n               7.2004
S_L2n               15.5558
ReLU_RHn            -1.9557
ReLU_RLn            -20.1581
ReLU_RDn            16.6486
ReLU_RBn            -14.3472
ReLU_Wn             16.655
ReLU_Ln             -21.7591
HS_Rn               -0.3766
HS_Wn               0.5192
HS_Ln               4.6293
NEG_R1n             -7.0846
NEG_R2n             -2.5695
NEG_R3n             16.1542
NEG_W1n             13.8696
NEG_L1n             2.7635
NEG_W2n             1.2674
NEG_L2n             -10.4803
NEG_W3n             -6.4386
NEG_L3n             5.1005
task                normal
DATASET             5
DataPath            ./dataset
InputNoise          0.0
IN_test             0.0
R_train             1
R_test              1
N_time              32
pathnorm            False
hidden              [3]
skipconnection      False
SEED                7
DEVICE              cpu
PATIENCE            500
EPOCH               10000000000
LR                  0.1
PROGRESSIVE         True
LR_PATIENCE         100
LR_DECAY            0.5
LR_MIN              0.0001
metric              acc
SoftEva             True
TIMELIMITATION      71
MODE                nominal
M_train             1
K_train             1
M_test              1
K_test              1
t_test_max          1
integration         MC
N_train             1
e_train             0.0
N_test              100
e_test              0.1
e_fault             2
fault_ratio         0.0
N_fault             50
e_fault_test        0
N_fault_test        50
dropout             0.0
lagrangian_loss     False
rho                 100
powerestimator      none
powerbalance        0.0
estimatorbalance    0.0
pgmin               1e-07
power_ratio         1000
lambda_P            100
areaestimator       none
areabalance         0.0
area_theta          0.15
area_act            30.0
area_neg            22.7
lambda_A            0.001
lnc                 False
projectname         tanh_0_FaultAnalysisNormal
temppath            ./tanh_0_FaultAnalysisNormal/temp/
logfilepath         ./tanh_0_FaultAnalysisNormal/log/
report_freq         10
recording           False
recordpath          ./tanh_0_FaultAnalysisNormal/record/
savepath            ./tanh_0_FaultAnalysisNormal/models/
loglevel            info


2024-09-09 04:07:29,238 - INFO -
Training network on device: cpu.

2024-09-09 04:07:29,238 - INFO -
Training setup: data_05_energyy2_seed_07_epsilon_0.0_dropout_0.0_fault_ratio_0.0.model.

2024-09-09 04:07:29,238 - INFO -
{'dataname': 'energyy2', 'N_feature': 8, 'N_class': 3, 'N_train': 397, 'N_valid': 127, 'N_test': 79}

2024-09-09 04:07:29,238 - INFO -
Topology of the network: [8, 3, 3].

2024-09-09 04:07:31,215 - INFO -
| Epoch:      0 | Train loss: 1.0988e+00 | Valid loss: 1.0898e+00 | Train acc: 0.2494 ± 0.0000 | Valid acc: 0.4882 ± 0.0000 | Valid Power: 0.0009 | Train Power: 0.0005 | patience:   0 | lr: 0.1 | Epoch time: 0.1 |

2024-09-09 04:07:32,503 - INFO -
| Epoch:     10 | Train loss: 8.1100e-01 | Valid loss: 7.9581e-01 | Train acc: 0.7657 ± 0.0000 | Valid acc: 0.7717 ± 0.0000 | Valid Power: 0.0007 | Train Power: 0.0007 | patience:   0 | lr: 0.1 | Epoch time: 0.1 |

2024-09-09 04:07:33,798 - INFO -
| Epoch:     20 | Train loss: 6.2484e-01 | Valid loss: 6.2164e-01 | Train acc: 0.8060 ± 0.0000 | Valid acc: 0.8110 ± 0.0000 | Valid Power: 0.0008 | Train Power: 0.0008 | patience:   0 | lr: 0.1 | Epoch time: 0.1 |

2024-09-09 04:07:35,102 - INFO -
| Epoch:     30 | Train loss: 5.5386e-01 | Valid loss: 5.6074e-01 | Train acc: 0.8539 ± 0.0000 | Valid acc: 0.8346 ± 0.0000 | Valid Power: 0.0008 | Train Power: 0.0008 | patience:   0 | lr: 0.1 | Epoch time: 0.1 |

2024-09-09 04:07:36,386 - INFO -
| Epoch:     40 | Train loss: 5.2598e-01 | Valid loss: 5.5602e-01 | Train acc: 0.8564 ± 0.0000 | Valid acc: 0.8189 ± 0.0000 | Valid Power: 0.0010 | Train Power: 0.0009 | patience:   2 | lr: 0.1 | Epoch time: 0.1 |

2024-09-09 04:07:37,675 - INFO -
| Epoch:     50 | Train loss: 5.1212e-01 | Valid loss: 5.4484e-01 | Train acc: 0.8640 ± 0.0000 | Valid acc: 0.8346 ± 0.0000 | Valid Power: 0.0009 | Train Power: 0.0009 | patience:   0 | lr: 0.1 | Epoch time: 0.1 |

2024-09-09 04:07:39,052 - INFO -
| Epoch:     60 | Train loss: 5.0526e-01 | Valid loss: 5.2596e-01 | Train acc: 0.8514 ± 0.0000 | Valid acc: 0.8425 ± 0.0000 | Valid Power: 0.0010 | Train Power: 0.0017 | patience:   1 | lr: 0.1 | Epoch time: 0.1 |

2024-09-09 04:07:40,308 - INFO -
| Epoch:     70 | Train loss: 5.1015e-01 | Valid loss: 5.2621e-01 | Train acc: 0.8287 ± 0.0000 | Valid acc: 0.8268 ± 0.0000 | Valid Power: 0.0010 | Train Power: 0.0010 | patience:   8 | lr: 0.1 | Epoch time: 0.1 |

2024-09-09 04:07:41,565 - INFO -
| Epoch:     80 | Train loss: 5.2283e-01 | Valid loss: 5.4447e-01 | Train acc: 0.8589 ± 0.0000 | Valid acc: 0.8346 ± 0.0000 | Valid Power: 0.0010 | Train Power: 0.0010 | patience:  18 | lr: 0.1 | Epoch time: 0.1 |

2024-09-09 04:07:42,831 - INFO -
| Epoch:     90 | Train loss: 5.1306e-01 | Valid loss: 5.4030e-01 | Train acc: 0.8615 ± 0.0000 | Valid acc: 0.8346 ± 0.0000 | Valid Power: 0.0009 | Train Power: 0.0009 | patience:  28 | lr: 0.1 | Epoch time: 0.1 |

2024-09-09 04:07:44,100 - INFO -
| Epoch:    100 | Train loss: 5.0808e-01 | Valid loss: 5.0589e-01 | Train acc: 0.8212 ± 0.0000 | Valid acc: 0.8504 ± 0.0000 | Valid Power: 0.0010 | Train Power: 0.0009 | patience:   0 | lr: 0.1 | Epoch time: 0.1 |

2024-09-09 04:07:45,352 - INFO -
| Epoch:    110 | Train loss: 4.9605e-01 | Valid loss: 5.2705e-01 | Train acc: 0.8690 ± 0.0000 | Valid acc: 0.8346 ± 0.0000 | Valid Power: 0.0009 | Train Power: 0.0009 | patience:  10 | lr: 0.1 | Epoch time: 0.1 |

2024-09-09 04:07:46,614 - INFO -
| Epoch:    120 | Train loss: 4.8848e-01 | Valid loss: 5.2566e-01 | Train acc: 0.8489 ± 0.0000 | Valid acc: 0.8346 ± 0.0000 | Valid Power: 0.0009 | Train Power: 0.0009 | patience:  20 | lr: 0.1 | Epoch time: 0.1 |

2024-09-09 04:07:47,868 - INFO -
| Epoch:    130 | Train loss: 4.8781e-01 | Valid loss: 5.1359e-01 | Train acc: 0.8438 ± 0.0000 | Valid acc: 0.8425 ± 0.0000 | Valid Power: 0.0009 | Train Power: 0.0009 | patience:  30 | lr: 0.1 | Epoch time: 0.1 |

2024-09-09 04:07:49,124 - INFO -
| Epoch:    140 | Train loss: 4.9264e-01 | Valid loss: 5.0798e-01 | Train acc: 0.8287 ± 0.0000 | Valid acc: 0.8346 ± 0.0000 | Valid Power: 0.0009 | Train Power: 0.0009 | patience:  40 | lr: 0.1 | Epoch time: 0.1 |

2024-09-09 04:07:50,382 - INFO -
| Epoch:    150 | Train loss: 4.8835e-01 | Valid loss: 5.5116e-01 | Train acc: 0.8539 ± 0.0000 | Valid acc: 0.8268 ± 0.0000 | Valid Power: 0.0009 | Train Power: 0.0010 | patience:  50 | lr: 0.1 | Epoch time: 0.1 |

2024-09-09 04:07:51,645 - INFO -
| Epoch:    160 | Train loss: 4.8089e-01 | Valid loss: 5.2074e-01 | Train acc: 0.8438 ± 0.0000 | Valid acc: 0.8189 ± 0.0000 | Valid Power: 0.0009 | Train Power: 0.0009 | patience:  60 | lr: 0.1 | Epoch time: 0.1 |

2024-09-09 04:07:52,903 - INFO -
| Epoch:    170 | Train loss: 4.9876e-01 | Valid loss: 5.0412e-01 | Train acc: 0.8136 ± 0.0000 | Valid acc: 0.8346 ± 0.0000 | Valid Power: 0.0009 | Train Power: 0.0009 | patience:   9 | lr: 0.1 | Epoch time: 0.1 |

2024-09-09 04:07:54,178 - INFO -
| Epoch:    180 | Train loss: 4.9559e-01 | Valid loss: 5.0107e-01 | Train acc: 0.8212 ± 0.0000 | Valid acc: 0.8346 ± 0.0000 | Valid Power: 0.0010 | Train Power: 0.0010 | patience:   0 | lr: 0.1 | Epoch time: 0.1 |

2024-09-09 04:07:55,433 - INFO -
| Epoch:    190 | Train loss: 4.9965e-01 | Valid loss: 5.0953e-01 | Train acc: 0.8161 ± 0.0000 | Valid acc: 0.8346 ± 0.0000 | Valid Power: 0.0010 | Train Power: 0.0010 | patience:  10 | lr: 0.1 | Epoch time: 0.1 |

2024-09-09 04:07:56,694 - INFO -
| Epoch:    200 | Train loss: 4.9311e-01 | Valid loss: 4.9556e-01 | Train acc: 0.8186 ± 0.0000 | Valid acc: 0.8268 ± 0.0000 | Valid Power: 0.0009 | Train Power: 0.0009 | patience:   0 | lr: 0.1 | Epoch time: 0.1 |

2024-09-09 04:07:58,049 - INFO -
| Epoch:    210 | Train loss: 4.8996e-01 | Valid loss: 5.0774e-01 | Train acc: 0.8413 ± 0.0000 | Valid acc: 0.8268 ± 0.0000 | Valid Power: 0.0009 | Train Power: 0.0009 | patience:  10 | lr: 0.1 | Epoch time: 0.1 |

2024-09-09 04:07:59,312 - INFO -
| Epoch:    220 | Train loss: 4.9956e-01 | Valid loss: 5.3955e-01 | Train acc: 0.8690 ± 0.0000 | Valid acc: 0.8661 ± 0.0000 | Valid Power: 0.0009 | Train Power: 0.0009 | patience:  20 | lr: 0.1 | Epoch time: 0.1 |

2024-09-09 04:08:00,571 - INFO -
| Epoch:    230 | Train loss: 4.8309e-01 | Valid loss: 4.9893e-01 | Train acc: 0.8287 ± 0.0000 | Valid acc: 0.8346 ± 0.0000 | Valid Power: 0.0009 | Train Power: 0.0009 | patience:   1 | lr: 0.1 | Epoch time: 0.1 |

2024-09-09 04:08:01,835 - INFO -
| Epoch:    240 | Train loss: 4.7991e-01 | Valid loss: 5.0932e-01 | Train acc: 0.8312 ± 0.0000 | Valid acc: 0.8346 ± 0.0000 | Valid Power: 0.0009 | Train Power: 0.0009 | patience:   2 | lr: 0.1 | Epoch time: 0.1 |

2024-09-09 04:08:03,096 - INFO -
| Epoch:    250 | Train loss: 5.3934e-01 | Valid loss: 5.5107e-01 | Train acc: 0.8413 ± 0.0000 | Valid acc: 0.8189 ± 0.0000 | Valid Power: 0.0009 | Train Power: 0.0009 | patience:  12 | lr: 0.1 | Epoch time: 0.1 |

2024-09-09 04:08:04,353 - INFO -
| Epoch:    260 | Train loss: 5.0619e-01 | Valid loss: 5.0904e-01 | Train acc: 0.8086 ± 0.0000 | Valid acc: 0.8189 ± 0.0000 | Valid Power: 0.0009 | Train Power: 0.0009 | patience:  22 | lr: 0.1 | Epoch time: 0.1 |

2024-09-09 04:08:05,606 - INFO -
| Epoch:    270 | Train loss: 5.0070e-01 | Valid loss: 5.1050e-01 | Train acc: 0.8237 ± 0.0000 | Valid acc: 0.8425 ± 0.0000 | Valid Power: 0.0009 | Train Power: 0.0009 | patience:  32 | lr: 0.1 | Epoch time: 0.1 |

2024-09-09 04:08:06,860 - INFO -
| Epoch:    280 | Train loss: 4.9567e-01 | Valid loss: 5.0528e-01 | Train acc: 0.8338 ± 0.0000 | Valid acc: 0.8504 ± 0.0000 | Valid Power: 0.0010 | Train Power: 0.0010 | patience:  42 | lr: 0.1 | Epoch time: 0.1 |

2024-09-09 04:08:08,123 - INFO -
| Epoch:    290 | Train loss: 4.9168e-01 | Valid loss: 5.0442e-01 | Train acc: 0.8564 ± 0.0000 | Valid acc: 0.8583 ± 0.0000 | Valid Power: 0.0009 | Train Power: 0.0009 | patience:  52 | lr: 0.1 | Epoch time: 0.1 |

2024-09-09 04:08:09,471 - INFO -
| Epoch:    300 | Train loss: 4.8986e-01 | Valid loss: 5.0166e-01 | Train acc: 0.8564 ± 0.0000 | Valid acc: 0.8583 ± 0.0000 | Valid Power: 0.0009 | Train Power: 0.0010 | patience:  62 | lr: 0.1 | Epoch time: 0.1 |

2024-09-09 04:08:10,726 - INFO -
| Epoch:    310 | Train loss: 4.8724e-01 | Valid loss: 4.9830e-01 | Train acc: 0.8564 ± 0.0000 | Valid acc: 0.8583 ± 0.0000 | Valid Power: 0.0010 | Train Power: 0.0010 | patience:  72 | lr: 0.1 | Epoch time: 0.1 |

2024-09-09 04:08:11,979 - INFO -
| Epoch:    320 | Train loss: 4.8616e-01 | Valid loss: 4.9500e-01 | Train acc: 0.8564 ± 0.0000 | Valid acc: 0.8583 ± 0.0000 | Valid Power: 0.0010 | Train Power: 0.0010 | patience:  82 | lr: 0.1 | Epoch time: 0.1 |

2024-09-09 04:08:13,258 - INFO -
| Epoch:    330 | Train loss: 4.8473e-01 | Valid loss: 4.9122e-01 | Train acc: 0.8564 ± 0.0000 | Valid acc: 0.8583 ± 0.0000 | Valid Power: 0.0010 | Train Power: 0.0010 | patience:   0 | lr: 0.1 | Epoch time: 0.1 |

2024-09-09 04:08:14,531 - INFO -
| Epoch:    340 | Train loss: 4.8015e-01 | Valid loss: 4.8711e-01 | Train acc: 0.8564 ± 0.0000 | Valid acc: 0.8583 ± 0.0000 | Valid Power: 0.0011 | Train Power: 0.0010 | patience:   4 | lr: 0.1 | Epoch time: 0.1 |

2024-09-09 04:08:15,799 - INFO -
| Epoch:    350 | Train loss: 4.7869e-01 | Valid loss: 4.8248e-01 | Train acc: 0.8564 ± 0.0000 | Valid acc: 0.8583 ± 0.0000 | Valid Power: 0.0010 | Train Power: 0.0010 | patience:   4 | lr: 0.1 | Epoch time: 0.1 |

2024-09-09 04:08:17,052 - INFO -
| Epoch:    360 | Train loss: 4.8559e-01 | Valid loss: 4.9327e-01 | Train acc: 0.8741 ± 0.0000 | Valid acc: 0.8346 ± 0.0000 | Valid Power: 0.0013 | Train Power: 0.0012 | patience:   6 | lr: 0.1 | Epoch time: 0.1 |

2024-09-09 04:08:18,301 - INFO -
| Epoch:    370 | Train loss: 4.8192e-01 | Valid loss: 4.8274e-01 | Train acc: 0.8338 ± 0.0000 | Valid acc: 0.8661 ± 0.0000 | Valid Power: 0.0010 | Train Power: 0.0010 | patience:  16 | lr: 0.1 | Epoch time: 0.1 |

2024-09-09 04:08:19,561 - INFO -
| Epoch:    380 | Train loss: 4.8161e-01 | Valid loss: 4.8627e-01 | Train acc: 0.8413 ± 0.0000 | Valid acc: 0.8346 ± 0.0000 | Valid Power: 0.0010 | Train Power: 0.0010 | patience:  26 | lr: 0.1 | Epoch time: 0.1 |

2024-09-09 04:08:20,814 - INFO -
| Epoch:    390 | Train loss: 4.8066e-01 | Valid loss: 4.8362e-01 | Train acc: 0.8312 ± 0.0000 | Valid acc: 0.8583 ± 0.0000 | Valid Power: 0.0010 | Train Power: 0.0010 | patience:  36 | lr: 0.1 | Epoch time: 0.1 |

2024-09-09 04:08:22,066 - INFO -
| Epoch:    400 | Train loss: 4.7764e-01 | Valid loss: 4.7585e-01 | Train acc: 0.8287 ± 0.0000 | Valid acc: 0.8661 ± 0.0000 | Valid Power: 0.0010 | Train Power: 0.0010 | patience:  46 | lr: 0.1 | Epoch time: 0.1 |

2024-09-09 04:08:23,317 - INFO -
| Epoch:    410 | Train loss: 5.5796e-01 | Valid loss: 5.9198e-01 | Train acc: 0.7809 ± 0.0000 | Valid acc: 0.7638 ± 0.0000 | Valid Power: 0.0010 | Train Power: 0.0011 | patience:  56 | lr: 0.1 | Epoch time: 0.1 |

2024-09-09 04:08:24,569 - INFO -
| Epoch:    420 | Train loss: 5.2867e-01 | Valid loss: 5.3642e-01 | Train acc: 0.8287 ± 0.0000 | Valid acc: 0.8504 ± 0.0000 | Valid Power: 0.0009 | Train Power: 0.0009 | patience:  66 | lr: 0.1 | Epoch time: 0.1 |

2024-09-09 04:08:25,821 - INFO -
| Epoch:    430 | Train loss: 5.1179e-01 | Valid loss: 5.1716e-01 | Train acc: 0.8262 ± 0.0000 | Valid acc: 0.8425 ± 0.0000 | Valid Power: 0.0009 | Train Power: 0.0009 | patience:  76 | lr: 0.1 | Epoch time: 0.1 |

2024-09-09 04:08:27,073 - INFO -
| Epoch:    440 | Train loss: 5.0415e-01 | Valid loss: 5.1309e-01 | Train acc: 0.8489 ± 0.0000 | Valid acc: 0.8583 ± 0.0000 | Valid Power: 0.0009 | Train Power: 0.0009 | patience:  86 | lr: 0.1 | Epoch time: 0.1 |

2024-09-09 04:08:28,325 - INFO -
| Epoch:    450 | Train loss: 4.9132e-01 | Valid loss: 4.9998e-01 | Train acc: 0.8589 ± 0.0000 | Valid acc: 0.8268 ± 0.0000 | Valid Power: 0.0010 | Train Power: 0.0010 | patience:  96 | lr: 0.1 | Epoch time: 0.1 |

2024-09-09 04:08:28,954 - INFO -
load best network to warm start training with lower lr.

2024-09-09 04:08:28,954 - INFO -
lr update to 0.05.

2024-09-09 04:08:29,579 - INFO -
| Epoch:    460 | Train loss: 4.7847e-01 | Valid loss: 4.8225e-01 | Train acc: 0.8438 ± 0.0000 | Valid acc: 0.8504 ± 0.0000 | Valid Power: 0.0010 | Train Power: 0.0010 | patience:   5 | lr: 0.05 | Epoch time: 0.1 |

2024-09-09 04:08:30,928 - INFO -
| Epoch:    470 | Train loss: 4.6987e-01 | Valid loss: 4.8370e-01 | Train acc: 0.8690 ± 0.0000 | Valid acc: 0.8583 ± 0.0000 | Valid Power: 0.0010 | Train Power: 0.0010 | patience:  15 | lr: 0.05 | Epoch time: 0.2 |

2024-09-09 04:08:32,178 - INFO -
| Epoch:    480 | Train loss: 4.7806e-01 | Valid loss: 5.0490e-01 | Train acc: 0.8690 ± 0.0000 | Valid acc: 0.8583 ± 0.0000 | Valid Power: 0.0010 | Train Power: 0.0010 | patience:  25 | lr: 0.05 | Epoch time: 0.1 |

2024-09-09 04:08:33,430 - INFO -
| Epoch:    490 | Train loss: 4.7941e-01 | Valid loss: 4.9793e-01 | Train acc: 0.8690 ± 0.0000 | Valid acc: 0.8583 ± 0.0000 | Valid Power: 0.0010 | Train Power: 0.0010 | patience:  35 | lr: 0.05 | Epoch time: 0.1 |

2024-09-09 04:08:34,689 - INFO -
| Epoch:    500 | Train loss: 4.7286e-01 | Valid loss: 5.0822e-01 | Train acc: 0.8741 ± 0.0000 | Valid acc: 0.8425 ± 0.0000 | Valid Power: 0.0010 | Train Power: 0.0010 | patience:  45 | lr: 0.05 | Epoch time: 0.1 |

2024-09-09 04:08:35,945 - INFO -
| Epoch:    510 | Train loss: 4.8064e-01 | Valid loss: 4.9013e-01 | Train acc: 0.8564 ± 0.0000 | Valid acc: 0.8583 ± 0.0000 | Valid Power: 0.0010 | Train Power: 0.0010 | patience:  55 | lr: 0.05 | Epoch time: 0.1 |

2024-09-09 04:08:37,192 - INFO -
| Epoch:    520 | Train loss: 4.7704e-01 | Valid loss: 5.1230e-01 | Train acc: 0.8715 ± 0.0000 | Valid acc: 0.8425 ± 0.0000 | Valid Power: 0.0010 | Train Power: 0.0010 | patience:  65 | lr: 0.05 | Epoch time: 0.1 |

2024-09-09 04:08:38,441 - INFO -
| Epoch:    530 | Train loss: 4.7820e-01 | Valid loss: 4.8940e-01 | Train acc: 0.8564 ± 0.0000 | Valid acc: 0.8583 ± 0.0000 | Valid Power: 0.0010 | Train Power: 0.0010 | patience:  75 | lr: 0.05 | Epoch time: 0.1 |

2024-09-09 04:08:39,692 - INFO -
| Epoch:    540 | Train loss: 4.7737e-01 | Valid loss: 4.9362e-01 | Train acc: 0.8564 ± 0.0000 | Valid acc: 0.8583 ± 0.0000 | Valid Power: 0.0010 | Train Power: 0.0010 | patience:  85 | lr: 0.05 | Epoch time: 0.1 |

2024-09-09 04:08:40,946 - INFO -
| Epoch:    550 | Train loss: 4.9020e-01 | Valid loss: 5.0912e-01 | Train acc: 0.8564 ± 0.0000 | Valid acc: 0.8346 ± 0.0000 | Valid Power: 0.0010 | Train Power: 0.0010 | patience:  95 | lr: 0.05 | Epoch time: 0.1 |

2024-09-09 04:08:41,701 - INFO -
load best network to warm start training with lower lr.

2024-09-09 04:08:41,701 - INFO -
lr update to 0.025.

2024-09-09 04:08:42,202 - INFO -
| Epoch:    560 | Train loss: 4.7634e-01 | Valid loss: 5.0591e-01 | Train acc: 0.8564 ± 0.0000 | Valid acc: 0.8583 ± 0.0000 | Valid Power: 0.0010 | Train Power: 0.0011 | patience:   4 | lr: 0.025 | Epoch time: 0.1 |

2024-09-09 04:08:43,456 - INFO -
| Epoch:    570 | Train loss: 4.7355e-01 | Valid loss: 5.1744e-01 | Train acc: 0.8715 ± 0.0000 | Valid acc: 0.8346 ± 0.0000 | Valid Power: 0.0010 | Train Power: 0.0010 | patience:  14 | lr: 0.025 | Epoch time: 0.1 |

2024-09-09 04:08:44,705 - INFO -
| Epoch:    580 | Train loss: 4.7099e-01 | Valid loss: 4.9330e-01 | Train acc: 0.8690 ± 0.0000 | Valid acc: 0.8346 ± 0.0000 | Valid Power: 0.0010 | Train Power: 0.0010 | patience:  24 | lr: 0.025 | Epoch time: 0.1 |

2024-09-09 04:08:45,953 - INFO -
| Epoch:    590 | Train loss: 4.6508e-01 | Valid loss: 5.0509e-01 | Train acc: 0.8741 ± 0.0000 | Valid acc: 0.8425 ± 0.0000 | Valid Power: 0.0010 | Train Power: 0.0010 | patience:  34 | lr: 0.025 | Epoch time: 0.1 |

2024-09-09 04:08:47,201 - INFO -
| Epoch:    600 | Train loss: 4.6545e-01 | Valid loss: 4.8845e-01 | Train acc: 0.8690 ± 0.0000 | Valid acc: 0.8583 ± 0.0000 | Valid Power: 0.0010 | Train Power: 0.0010 | patience:  44 | lr: 0.025 | Epoch time: 0.1 |

2024-09-09 04:08:48,452 - INFO -
| Epoch:    610 | Train loss: 4.6528e-01 | Valid loss: 4.8375e-01 | Train acc: 0.8690 ± 0.0000 | Valid acc: 0.8583 ± 0.0000 | Valid Power: 0.0010 | Train Power: 0.0010 | patience:  54 | lr: 0.025 | Epoch time: 0.1 |

2024-09-09 04:08:49,799 - INFO -
| Epoch:    620 | Train loss: 4.6504e-01 | Valid loss: 4.8585e-01 | Train acc: 0.8690 ± 0.0000 | Valid acc: 0.8583 ± 0.0000 | Valid Power: 0.0010 | Train Power: 0.0010 | patience:  64 | lr: 0.025 | Epoch time: 0.1 |

2024-09-09 04:08:51,052 - INFO -
| Epoch:    630 | Train loss: 4.6486e-01 | Valid loss: 4.8730e-01 | Train acc: 0.8690 ± 0.0000 | Valid acc: 0.8583 ± 0.0000 | Valid Power: 0.0010 | Train Power: 0.0010 | patience:  74 | lr: 0.025 | Epoch time: 0.1 |

2024-09-09 04:08:52,305 - INFO -
| Epoch:    640 | Train loss: 4.6471e-01 | Valid loss: 4.8616e-01 | Train acc: 0.8690 ± 0.0000 | Valid acc: 0.8583 ± 0.0000 | Valid Power: 0.0010 | Train Power: 0.0010 | patience:  84 | lr: 0.025 | Epoch time: 0.1 |

2024-09-09 04:08:53,564 - INFO -
| Epoch:    650 | Train loss: 4.6461e-01 | Valid loss: 4.9960e-01 | Train acc: 0.8741 ± 0.0000 | Valid acc: 0.8425 ± 0.0000 | Valid Power: 0.0010 | Train Power: 0.0010 | patience:  94 | lr: 0.025 | Epoch time: 0.1 |

2024-09-09 04:08:54,441 - INFO -
load best network to warm start training with lower lr.

2024-09-09 04:08:54,442 - INFO -
lr update to 0.0125.

2024-09-09 04:08:54,817 - INFO -
| Epoch:    660 | Train loss: 4.7284e-01 | Valid loss: 4.8141e-01 | Train acc: 0.8690 ± 0.0000 | Valid acc: 0.8740 ± 0.0000 | Valid Power: 0.0010 | Train Power: 0.0010 | patience:   3 | lr: 0.0125 | Epoch time: 0.1 |

2024-09-09 04:08:56,078 - INFO -
| Epoch:    670 | Train loss: 4.7144e-01 | Valid loss: 4.6393e-01 | Train acc: 0.8640 ± 0.0000 | Valid acc: 0.8819 ± 0.0000 | Valid Power: 0.0010 | Train Power: 0.0010 | patience:   3 | lr: 0.0125 | Epoch time: 0.1 |

2024-09-09 04:08:57,361 - INFO -
| Epoch:    680 | Train loss: 4.7048e-01 | Valid loss: 4.6260e-01 | Train acc: 0.8640 ± 0.0000 | Valid acc: 0.8819 ± 0.0000 | Valid Power: 0.0010 | Train Power: 0.0010 | patience:   0 | lr: 0.0125 | Epoch time: 0.1 |

2024-09-09 04:08:58,619 - INFO -
| Epoch:    690 | Train loss: 4.6967e-01 | Valid loss: 4.6810e-01 | Train acc: 0.8741 ± 0.0000 | Valid acc: 0.8740 ± 0.0000 | Valid Power: 0.0010 | Train Power: 0.0010 | patience:   8 | lr: 0.0125 | Epoch time: 0.1 |

2024-09-09 04:08:59,870 - INFO -
| Epoch:    700 | Train loss: 4.6893e-01 | Valid loss: 4.6649e-01 | Train acc: 0.8715 ± 0.0000 | Valid acc: 0.8740 ± 0.0000 | Valid Power: 0.0010 | Train Power: 0.0010 | patience:  18 | lr: 0.0125 | Epoch time: 0.1 |

2024-09-09 04:09:01,212 - INFO -
| Epoch:    710 | Train loss: 4.6829e-01 | Valid loss: 4.6537e-01 | Train acc: 0.8589 ± 0.0000 | Valid acc: 0.8740 ± 0.0000 | Valid Power: 0.0010 | Train Power: 0.0010 | patience:  28 | lr: 0.0125 | Epoch time: 0.1 |

2024-09-09 04:09:02,459 - INFO -
| Epoch:    720 | Train loss: 4.6758e-01 | Valid loss: 4.6403e-01 | Train acc: 0.8589 ± 0.0000 | Valid acc: 0.8740 ± 0.0000 | Valid Power: 0.0010 | Train Power: 0.0010 | patience:  38 | lr: 0.0125 | Epoch time: 0.1 |

2024-09-09 04:09:03,709 - INFO -
| Epoch:    730 | Train loss: 4.6681e-01 | Valid loss: 4.6306e-01 | Train acc: 0.8413 ± 0.0000 | Valid acc: 0.8583 ± 0.0000 | Valid Power: 0.0011 | Train Power: 0.0010 | patience:  48 | lr: 0.0125 | Epoch time: 0.1 |

2024-09-09 04:09:04,979 - INFO -
| Epoch:    740 | Train loss: 4.6606e-01 | Valid loss: 4.6218e-01 | Train acc: 0.8413 ± 0.0000 | Valid acc: 0.8583 ± 0.0000 | Valid Power: 0.0010 | Train Power: 0.0010 | patience:   0 | lr: 0.0125 | Epoch time: 0.1 |

2024-09-09 04:09:06,269 - INFO -
| Epoch:    750 | Train loss: 4.6525e-01 | Valid loss: 4.6097e-01 | Train acc: 0.8312 ± 0.0000 | Valid acc: 0.8583 ± 0.0000 | Valid Power: 0.0010 | Train Power: 0.0010 | patience:   0 | lr: 0.0125 | Epoch time: 0.1 |

2024-09-09 04:09:07,555 - INFO -
| Epoch:    760 | Train loss: 4.6437e-01 | Valid loss: 4.5978e-01 | Train acc: 0.8287 ± 0.0000 | Valid acc: 0.8504 ± 0.0000 | Valid Power: 0.0010 | Train Power: 0.0010 | patience:   0 | lr: 0.0125 | Epoch time: 0.1 |

2024-09-09 04:09:08,843 - INFO -
| Epoch:    770 | Train loss: 4.6344e-01 | Valid loss: 4.5824e-01 | Train acc: 0.8262 ± 0.0000 | Valid acc: 0.8504 ± 0.0000 | Valid Power: 0.0012 | Train Power: 0.0011 | patience:   0 | lr: 0.0125 | Epoch time: 0.1 |

2024-09-09 04:09:10,121 - INFO -
| Epoch:    780 | Train loss: 4.6245e-01 | Valid loss: 4.5672e-01 | Train acc: 0.8262 ± 0.0000 | Valid acc: 0.8504 ± 0.0000 | Valid Power: 0.0033 | Train Power: 0.0154 | patience:   0 | lr: 0.0125 | Epoch time: 0.1 |

2024-09-09 04:09:11,382 - INFO -
| Epoch:    790 | Train loss: 4.6361e-01 | Valid loss: 4.6375e-01 | Train acc: 0.8514 ± 0.0000 | Valid acc: 0.8740 ± 0.0000 | Valid Power: 0.0013 | Train Power: 0.0013 | patience:   4 | lr: 0.0125 | Epoch time: 0.1 |

2024-09-09 04:09:12,624 - INFO -
| Epoch:    800 | Train loss: 4.6844e-01 | Valid loss: 4.6913e-01 | Train acc: 0.8338 ± 0.0000 | Valid acc: 0.8504 ± 0.0000 | Valid Power: 0.0012 | Train Power: 0.0012 | patience:  14 | lr: 0.0125 | Epoch time: 0.1 |

2024-09-09 04:09:13,865 - INFO -
| Epoch:    810 | Train loss: 4.6276e-01 | Valid loss: 4.5607e-01 | Train acc: 0.8489 ± 0.0000 | Valid acc: 0.8661 ± 0.0000 | Valid Power: 0.0012 | Train Power: 0.0012 | patience:  24 | lr: 0.0125 | Epoch time: 0.1 |

2024-09-09 04:09:15,128 - INFO -
| Epoch:    820 | Train loss: 4.6149e-01 | Valid loss: 4.5368e-01 | Train acc: 0.8262 ± 0.0000 | Valid acc: 0.8504 ± 0.0000 | Valid Power: 0.0012 | Train Power: 0.0012 | patience:   3 | lr: 0.0125 | Epoch time: 0.1 |

2024-09-09 04:09:16,366 - INFO -
| Epoch:    830 | Train loss: 4.6124e-01 | Valid loss: 4.5544e-01 | Train acc: 0.8262 ± 0.0000 | Valid acc: 0.8583 ± 0.0000 | Valid Power: 0.0012 | Train Power: 0.0012 | patience:  13 | lr: 0.0125 | Epoch time: 0.1 |

2024-09-09 04:09:17,616 - INFO -
| Epoch:    840 | Train loss: 4.6073e-01 | Valid loss: 4.5377e-01 | Train acc: 0.8262 ± 0.0000 | Valid acc: 0.8504 ± 0.0000 | Valid Power: 0.0012 | Train Power: 0.0012 | patience:  23 | lr: 0.0125 | Epoch time: 0.1 |

2024-09-09 04:09:18,859 - INFO -
| Epoch:    850 | Train loss: 4.6029e-01 | Valid loss: 4.5428e-01 | Train acc: 0.8186 ± 0.0000 | Valid acc: 0.8504 ± 0.0000 | Valid Power: 0.0012 | Train Power: 0.0012 | patience:  33 | lr: 0.0125 | Epoch time: 0.1 |

2024-09-09 04:09:20,105 - INFO -
| Epoch:    860 | Train loss: 4.5989e-01 | Valid loss: 4.5301e-01 | Train acc: 0.8186 ± 0.0000 | Valid acc: 0.8504 ± 0.0000 | Valid Power: 0.0012 | Train Power: 0.0012 | patience:  43 | lr: 0.0125 | Epoch time: 0.1 |

2024-09-09 04:09:21,351 - INFO -
| Epoch:    870 | Train loss: 4.5951e-01 | Valid loss: 4.5273e-01 | Train acc: 0.8186 ± 0.0000 | Valid acc: 0.8504 ± 0.0000 | Valid Power: 0.0012 | Train Power: 0.0012 | patience:  53 | lr: 0.0125 | Epoch time: 0.1 |

2024-09-09 04:09:22,614 - INFO -
| Epoch:    880 | Train loss: 4.5918e-01 | Valid loss: 4.5247e-01 | Train acc: 0.8186 ± 0.0000 | Valid acc: 0.8504 ± 0.0000 | Valid Power: 0.0012 | Train Power: 0.0012 | patience:   6 | lr: 0.0125 | Epoch time: 0.1 |

2024-09-09 04:09:23,979 - INFO -
| Epoch:    890 | Train loss: 4.5887e-01 | Valid loss: 4.5203e-01 | Train acc: 0.8186 ± 0.0000 | Valid acc: 0.8504 ± 0.0000 | Valid Power: 0.0011 | Train Power: 0.0011 | patience:   0 | lr: 0.0125 | Epoch time: 0.1 |

2024-09-09 04:09:25,256 - INFO -
| Epoch:    900 | Train loss: 4.5859e-01 | Valid loss: 4.5157e-01 | Train acc: 0.8186 ± 0.0000 | Valid acc: 0.8504 ± 0.0000 | Valid Power: 0.0011 | Train Power: 0.0011 | patience:   0 | lr: 0.0125 | Epoch time: 0.1 |

2024-09-09 04:09:26,501 - INFO -
| Epoch:    910 | Train loss: 4.5831e-01 | Valid loss: 4.5116e-01 | Train acc: 0.8186 ± 0.0000 | Valid acc: 0.8504 ± 0.0000 | Valid Power: 0.0011 | Train Power: 0.0011 | patience:   0 | lr: 0.0125 | Epoch time: 0.1 |

2024-09-09 04:09:27,745 - INFO -
| Epoch:    920 | Train loss: 4.5805e-01 | Valid loss: 4.5077e-01 | Train acc: 0.8186 ± 0.0000 | Valid acc: 0.8504 ± 0.0000 | Valid Power: 0.0011 | Train Power: 0.0011 | patience:   0 | lr: 0.0125 | Epoch time: 0.1 |

2024-09-09 04:09:28,988 - INFO -
| Epoch:    930 | Train loss: 4.5780e-01 | Valid loss: 4.5044e-01 | Train acc: 0.8186 ± 0.0000 | Valid acc: 0.8504 ± 0.0000 | Valid Power: 0.0011 | Train Power: 0.0011 | patience:   0 | lr: 0.0125 | Epoch time: 0.1 |

2024-09-09 04:09:30,261 - INFO -
| Epoch:    940 | Train loss: 4.5756e-01 | Valid loss: 4.5013e-01 | Train acc: 0.8186 ± 0.0000 | Valid acc: 0.8504 ± 0.0000 | Valid Power: 0.0011 | Train Power: 0.0011 | patience:   0 | lr: 0.0125 | Epoch time: 0.1 |

2024-09-09 04:09:31,509 - INFO -
| Epoch:    950 | Train loss: 4.5734e-01 | Valid loss: 4.4984e-01 | Train acc: 0.8186 ± 0.0000 | Valid acc: 0.8504 ± 0.0000 | Valid Power: 0.0011 | Train Power: 0.0011 | patience:   0 | lr: 0.0125 | Epoch time: 0.1 |

2024-09-09 04:09:32,748 - INFO -
| Epoch:    960 | Train loss: 4.5714e-01 | Valid loss: 4.4957e-01 | Train acc: 0.8262 ± 0.0000 | Valid acc: 0.8583 ± 0.0000 | Valid Power: 0.0011 | Train Power: 0.0011 | patience:   0 | lr: 0.0125 | Epoch time: 0.1 |

2024-09-09 04:09:33,987 - INFO -
| Epoch:    970 | Train loss: 4.5695e-01 | Valid loss: 4.4934e-01 | Train acc: 0.8262 ± 0.0000 | Valid acc: 0.8583 ± 0.0000 | Valid Power: 0.0011 | Train Power: 0.0011 | patience:   0 | lr: 0.0125 | Epoch time: 0.1 |

2024-09-09 04:09:35,188 - INFO -
| Epoch:    980 | Train loss: 4.5754e-01 | Valid loss: 4.5114e-01 | Train acc: 0.8262 ± 0.0000 | Valid acc: 0.8583 ± 0.0000 | Valid Power: 0.0011 | Train Power: 0.0011 | patience:   8 | lr: 0.0125 | Epoch time: 0.1 |

2024-09-09 04:09:36,390 - INFO -
| Epoch:    990 | Train loss: 4.5667e-01 | Valid loss: 4.4894e-01 | Train acc: 0.8186 ± 0.0000 | Valid acc: 0.8504 ± 0.0000 | Valid Power: 0.0011 | Train Power: 0.0011 | patience:   2 | lr: 0.0125 | Epoch time: 0.1 |

2024-09-09 04:09:37,558 - INFO -
| Epoch:   1000 | Train loss: 4.5607e-01 | Valid loss: 4.4960e-01 | Train acc: 0.8287 ± 0.0000 | Valid acc: 0.8504 ± 0.0000 | Valid Power: 0.0011 | Train Power: 0.0011 | patience:  12 | lr: 0.0125 | Epoch time: 0.1 |

2024-09-09 04:09:38,723 - INFO -
| Epoch:   1010 | Train loss: 4.5475e-01 | Valid loss: 4.5076e-01 | Train acc: 0.8363 ± 0.0000 | Valid acc: 0.8504 ± 0.0000 | Valid Power: 0.0010 | Train Power: 0.0011 | patience:  22 | lr: 0.0125 | Epoch time: 0.1 |

2024-09-09 04:09:39,925 - INFO -
| Epoch:   1020 | Train loss: 4.5404e-01 | Valid loss: 4.5013e-01 | Train acc: 0.8363 ± 0.0000 | Valid acc: 0.8661 ± 0.0000 | Valid Power: 0.0010 | Train Power: 0.0010 | patience:   7 | lr: 0.0125 | Epoch time: 0.1 |

2024-09-09 04:09:41,092 - INFO -
| Epoch:   1030 | Train loss: 4.5371e-01 | Valid loss: 4.4995e-01 | Train acc: 0.8463 ± 0.0000 | Valid acc: 0.8661 ± 0.0000 | Valid Power: 0.0010 | Train Power: 0.0010 | patience:  17 | lr: 0.0125 | Epoch time: 0.1 |

2024-09-09 04:09:42,330 - INFO -
| Epoch:   1040 | Train loss: 4.5349e-01 | Valid loss: 4.4974e-01 | Train acc: 0.8463 ± 0.0000 | Valid acc: 0.8661 ± 0.0000 | Valid Power: 0.0010 | Train Power: 0.0010 | patience:  27 | lr: 0.0125 | Epoch time: 0.1 |

2024-09-09 04:09:43,445 - INFO -
| Epoch:   1050 | Train loss: 4.5330e-01 | Valid loss: 4.4939e-01 | Train acc: 0.8438 ± 0.0000 | Valid acc: 0.8661 ± 0.0000 | Valid Power: 0.0010 | Train Power: 0.0010 | patience:  37 | lr: 0.0125 | Epoch time: 0.1 |

2024-09-09 04:09:44,592 - INFO -
| Epoch:   1060 | Train loss: 4.5316e-01 | Valid loss: 4.4930e-01 | Train acc: 0.8564 ± 0.0000 | Valid acc: 0.8661 ± 0.0000 | Valid Power: 0.0010 | Train Power: 0.0010 | patience:  47 | lr: 0.0125 | Epoch time: 0.1 |

2024-09-09 04:09:45,728 - INFO -
| Epoch:   1070 | Train loss: 4.5306e-01 | Valid loss: 4.4937e-01 | Train acc: 0.8564 ± 0.0000 | Valid acc: 0.8661 ± 0.0000 | Valid Power: 0.0010 | Train Power: 0.0010 | patience:  57 | lr: 0.0125 | Epoch time: 0.1 |

2024-09-09 04:09:46,819 - INFO -
| Epoch:   1080 | Train loss: 4.5298e-01 | Valid loss: 4.4935e-01 | Train acc: 0.8489 ± 0.0000 | Valid acc: 0.8661 ± 0.0000 | Valid Power: 0.0010 | Train Power: 0.0010 | patience:  67 | lr: 0.0125 | Epoch time: 0.1 |

2024-09-09 04:09:47,927 - INFO -
| Epoch:   1090 | Train loss: 4.5292e-01 | Valid loss: 4.4926e-01 | Train acc: 0.8489 ± 0.0000 | Valid acc: 0.8661 ± 0.0000 | Valid Power: 0.0010 | Train Power: 0.0010 | patience:  77 | lr: 0.0125 | Epoch time: 0.1 |

2024-09-09 04:09:49,007 - INFO -
| Epoch:   1100 | Train loss: 4.5286e-01 | Valid loss: 4.4919e-01 | Train acc: 0.8489 ± 0.0000 | Valid acc: 0.8661 ± 0.0000 | Valid Power: 0.0010 | Train Power: 0.0010 | patience:  87 | lr: 0.0125 | Epoch time: 0.1 |

2024-09-09 04:09:50,090 - INFO -
| Epoch:   1110 | Train loss: 4.5281e-01 | Valid loss: 4.4914e-01 | Train acc: 0.8489 ± 0.0000 | Valid acc: 0.8661 ± 0.0000 | Valid Power: 0.0010 | Train Power: 0.0010 | patience:  97 | lr: 0.0125 | Epoch time: 0.1 |

2024-09-09 04:09:50,531 - INFO -
load best network to warm start training with lower lr.

2024-09-09 04:09:50,532 - INFO -
lr update to 0.00625.

2024-09-09 04:09:51,179 - INFO -
| Epoch:   1120 | Train loss: 4.5420e-01 | Valid loss: 4.4904e-01 | Train acc: 0.8363 ± 0.0000 | Valid acc: 0.8661 ± 0.0000 | Valid Power: 0.0010 | Train Power: 0.0010 | patience:   6 | lr: 0.00625 | Epoch time: 0.1 |

2024-09-09 04:09:52,353 - INFO -
| Epoch:   1130 | Train loss: 4.5392e-01 | Valid loss: 4.4958e-01 | Train acc: 0.8463 ± 0.0000 | Valid acc: 0.8661 ± 0.0000 | Valid Power: 0.0010 | Train Power: 0.0010 | patience:  16 | lr: 0.00625 | Epoch time: 0.1 |

2024-09-09 04:09:53,450 - INFO -
| Epoch:   1140 | Train loss: 4.5371e-01 | Valid loss: 4.5001e-01 | Train acc: 0.8463 ± 0.0000 | Valid acc: 0.8661 ± 0.0000 | Valid Power: 0.0010 | Train Power: 0.0010 | patience:  26 | lr: 0.00625 | Epoch time: 0.1 |

2024-09-09 04:09:54,539 - INFO -
| Epoch:   1150 | Train loss: 4.5352e-01 | Valid loss: 4.4991e-01 | Train acc: 0.8463 ± 0.0000 | Valid acc: 0.8661 ± 0.0000 | Valid Power: 0.0010 | Train Power: 0.0010 | patience:  36 | lr: 0.00625 | Epoch time: 0.1 |

2024-09-09 04:09:55,625 - INFO -
| Epoch:   1160 | Train loss: 4.5335e-01 | Valid loss: 4.4957e-01 | Train acc: 0.8463 ± 0.0000 | Valid acc: 0.8661 ± 0.0000 | Valid Power: 0.0010 | Train Power: 0.0010 | patience:  46 | lr: 0.00625 | Epoch time: 0.1 |

2024-09-09 04:09:56,684 - INFO -
| Epoch:   1170 | Train loss: 4.5322e-01 | Valid loss: 4.4926e-01 | Train acc: 0.8438 ± 0.0000 | Valid acc: 0.8661 ± 0.0000 | Valid Power: 0.0010 | Train Power: 0.0010 | patience:  56 | lr: 0.00625 | Epoch time: 0.1 |

2024-09-09 04:09:57,747 - INFO -
| Epoch:   1180 | Train loss: 4.5309e-01 | Valid loss: 4.4897e-01 | Train acc: 0.8564 ± 0.0000 | Valid acc: 0.8661 ± 0.0000 | Valid Power: 0.0010 | Train Power: 0.0010 | patience:  66 | lr: 0.00625 | Epoch time: 0.1 |

2024-09-09 04:09:58,815 - INFO -
| Epoch:   1190 | Train loss: 4.5286e-01 | Valid loss: 4.4825e-01 | Train acc: 0.8438 ± 0.0000 | Valid acc: 0.8661 ± 0.0000 | Valid Power: 0.0010 | Train Power: 0.0010 | patience:   2 | lr: 0.00625 | Epoch time: 0.1 |

2024-09-09 04:09:59,908 - INFO -
| Epoch:   1200 | Train loss: 4.5261e-01 | Valid loss: 4.4766e-01 | Train acc: 0.8438 ± 0.0000 | Valid acc: 0.8661 ± 0.0000 | Valid Power: 0.0010 | Train Power: 0.0010 | patience:   0 | lr: 0.00625 | Epoch time: 0.1 |

2024-09-09 04:10:01,017 - INFO -
| Epoch:   1210 | Train loss: 4.5238e-01 | Valid loss: 4.4707e-01 | Train acc: 0.8363 ± 0.0000 | Valid acc: 0.8661 ± 0.0000 | Valid Power: 0.0010 | Train Power: 0.0010 | patience:   0 | lr: 0.00625 | Epoch time: 0.1 |

2024-09-09 04:10:02,116 - INFO -
| Epoch:   1220 | Train loss: 4.5215e-01 | Valid loss: 4.4659e-01 | Train acc: 0.8363 ± 0.0000 | Valid acc: 0.8661 ± 0.0000 | Valid Power: 0.0010 | Train Power: 0.0010 | patience:   0 | lr: 0.00625 | Epoch time: 0.1 |

2024-09-09 04:10:03,218 - INFO -
| Epoch:   1230 | Train loss: 4.5193e-01 | Valid loss: 4.4613e-01 | Train acc: 0.8363 ± 0.0000 | Valid acc: 0.8661 ± 0.0000 | Valid Power: 0.0010 | Train Power: 0.0010 | patience:   0 | lr: 0.00625 | Epoch time: 0.1 |

2024-09-09 04:10:04,315 - INFO -
| Epoch:   1240 | Train loss: 4.5171e-01 | Valid loss: 4.4571e-01 | Train acc: 0.8363 ± 0.0000 | Valid acc: 0.8661 ± 0.0000 | Valid Power: 0.0010 | Train Power: 0.0010 | patience:   0 | lr: 0.00625 | Epoch time: 0.1 |

2024-09-09 04:10:05,412 - INFO -
| Epoch:   1250 | Train loss: 4.5149e-01 | Valid loss: 4.4528e-01 | Train acc: 0.8489 ± 0.0000 | Valid acc: 0.8661 ± 0.0000 | Valid Power: 0.0010 | Train Power: 0.0010 | patience:   0 | lr: 0.00625 | Epoch time: 0.1 |

2024-09-09 04:10:06,528 - INFO -
| Epoch:   1260 | Train loss: 4.5129e-01 | Valid loss: 4.4486e-01 | Train acc: 0.8489 ± 0.0000 | Valid acc: 0.8661 ± 0.0000 | Valid Power: 0.0010 | Train Power: 0.0010 | patience:   0 | lr: 0.00625 | Epoch time: 0.1 |

2024-09-09 04:10:07,628 - INFO -
| Epoch:   1270 | Train loss: 4.5108e-01 | Valid loss: 4.4444e-01 | Train acc: 0.8489 ± 0.0000 | Valid acc: 0.8661 ± 0.0000 | Valid Power: 0.0010 | Train Power: 0.0010 | patience:   0 | lr: 0.00625 | Epoch time: 0.1 |

2024-09-09 04:10:08,719 - INFO -
| Epoch:   1280 | Train loss: 4.5089e-01 | Valid loss: 4.4405e-01 | Train acc: 0.8489 ± 0.0000 | Valid acc: 0.8661 ± 0.0000 | Valid Power: 0.0010 | Train Power: 0.0010 | patience:   0 | lr: 0.00625 | Epoch time: 0.1 |

2024-09-09 04:10:09,808 - INFO -
| Epoch:   1290 | Train loss: 4.5070e-01 | Valid loss: 4.4366e-01 | Train acc: 0.8489 ± 0.0000 | Valid acc: 0.8661 ± 0.0000 | Valid Power: 0.0010 | Train Power: 0.0010 | patience:   0 | lr: 0.00625 | Epoch time: 0.1 |

2024-09-09 04:10:10,964 - INFO -
| Epoch:   1300 | Train loss: 4.5051e-01 | Valid loss: 4.4329e-01 | Train acc: 0.8489 ± 0.0000 | Valid acc: 0.8661 ± 0.0000 | Valid Power: 0.0010 | Train Power: 0.0010 | patience:   0 | lr: 0.00625 | Epoch time: 0.2 |

2024-09-09 04:10:12,048 - INFO -
| Epoch:   1310 | Train loss: 4.5033e-01 | Valid loss: 4.4284e-01 | Train acc: 0.8489 ± 0.0000 | Valid acc: 0.8661 ± 0.0000 | Valid Power: 0.0010 | Train Power: 0.0010 | patience:   0 | lr: 0.00625 | Epoch time: 0.1 |

2024-09-09 04:10:13,122 - INFO -
| Epoch:   1320 | Train loss: 4.5017e-01 | Valid loss: 4.4249e-01 | Train acc: 0.8489 ± 0.0000 | Valid acc: 0.8661 ± 0.0000 | Valid Power: 0.0010 | Train Power: 0.0010 | patience:   1 | lr: 0.00625 | Epoch time: 0.1 |

2024-09-09 04:10:14,183 - INFO -
| Epoch:   1330 | Train loss: 4.5001e-01 | Valid loss: 4.4232e-01 | Train acc: 0.8489 ± 0.0000 | Valid acc: 0.8661 ± 0.0000 | Valid Power: 0.0011 | Train Power: 0.0011 | patience:   3 | lr: 0.00625 | Epoch time: 0.1 |

2024-09-09 04:10:15,258 - INFO -
| Epoch:   1340 | Train loss: 4.4984e-01 | Valid loss: 4.4191e-01 | Train acc: 0.8489 ± 0.0000 | Valid acc: 0.8661 ± 0.0000 | Valid Power: 0.0012 | Train Power: 0.0012 | patience:   0 | lr: 0.00625 | Epoch time: 0.1 |

2024-09-09 04:10:16,326 - INFO -
| Epoch:   1350 | Train loss: 4.4976e-01 | Valid loss: 4.4175e-01 | Train acc: 0.8489 ± 0.0000 | Valid acc: 0.8740 ± 0.0000 | Valid Power: 0.0013 | Train Power: 0.0016 | patience:   0 | lr: 0.00625 | Epoch time: 0.1 |

2024-09-09 04:10:17,388 - INFO -
| Epoch:   1360 | Train loss: 4.4965e-01 | Valid loss: 4.4148e-01 | Train acc: 0.8489 ± 0.0000 | Valid acc: 0.8740 ± 0.0000 | Valid Power: 0.0014 | Train Power: 0.0016 | patience:   0 | lr: 0.00625 | Epoch time: 0.1 |

2024-09-09 04:10:18,463 - INFO -
| Epoch:   1370 | Train loss: 4.4956e-01 | Valid loss: 4.4135e-01 | Train acc: 0.8489 ± 0.0000 | Valid acc: 0.8740 ± 0.0000 | Valid Power: 0.0014 | Train Power: 0.0014 | patience:   2 | lr: 0.00625 | Epoch time: 0.1 |

2024-09-09 04:10:19,535 - INFO -
| Epoch:   1380 | Train loss: 4.4947e-01 | Valid loss: 4.4113e-01 | Train acc: 0.8489 ± 0.0000 | Valid acc: 0.8740 ± 0.0000 | Valid Power: 0.0014 | Train Power: 0.0014 | patience:   0 | lr: 0.00625 | Epoch time: 0.1 |

2024-09-09 04:10:20,617 - INFO -
| Epoch:   1390 | Train loss: 4.4938e-01 | Valid loss: 4.4093e-01 | Train acc: 0.8489 ± 0.0000 | Valid acc: 0.8740 ± 0.0000 | Valid Power: 0.0014 | Train Power: 0.0014 | patience:   0 | lr: 0.00625 | Epoch time: 0.1 |

2024-09-09 04:10:21,703 - INFO -
| Epoch:   1400 | Train loss: 4.4929e-01 | Valid loss: 4.4075e-01 | Train acc: 0.8514 ± 0.0000 | Valid acc: 0.8819 ± 0.0000 | Valid Power: 0.0013 | Train Power: 0.0014 | patience:   0 | lr: 0.00625 | Epoch time: 0.1 |

2024-09-09 04:10:22,786 - INFO -
| Epoch:   1410 | Train loss: 4.4921e-01 | Valid loss: 4.4057e-01 | Train acc: 0.8514 ± 0.0000 | Valid acc: 0.8819 ± 0.0000 | Valid Power: 0.0013 | Train Power: 0.0014 | patience:   0 | lr: 0.00625 | Epoch time: 0.1 |

2024-09-09 04:10:23,869 - INFO -
| Epoch:   1420 | Train loss: 4.4913e-01 | Valid loss: 4.4053e-01 | Train acc: 0.8514 ± 0.0000 | Valid acc: 0.8819 ± 0.0000 | Valid Power: 0.0013 | Train Power: 0.0014 | patience:   3 | lr: 0.00625 | Epoch time: 0.1 |

2024-09-09 04:10:24,922 - INFO -
| Epoch:   1430 | Train loss: 4.4907e-01 | Valid loss: 4.4039e-01 | Train acc: 0.8514 ± 0.0000 | Valid acc: 0.8819 ± 0.0000 | Valid Power: 0.0013 | Train Power: 0.0014 | patience:   4 | lr: 0.00625 | Epoch time: 0.1 |

2024-09-09 04:10:25,973 - INFO -
| Epoch:   1440 | Train loss: 4.4901e-01 | Valid loss: 4.4004e-01 | Train acc: 0.8514 ± 0.0000 | Valid acc: 0.8819 ± 0.0000 | Valid Power: 0.0013 | Train Power: 0.0014 | patience:   0 | lr: 0.00625 | Epoch time: 0.1 |

2024-09-09 04:10:27,022 - INFO -
| Epoch:   1450 | Train loss: 4.4895e-01 | Valid loss: 4.4013e-01 | Train acc: 0.8514 ± 0.0000 | Valid acc: 0.8819 ± 0.0000 | Valid Power: 0.0013 | Train Power: 0.0013 | patience:   3 | lr: 0.00625 | Epoch time: 0.1 |

2024-09-09 04:10:28,164 - INFO -
| Epoch:   1460 | Train loss: 4.4889e-01 | Valid loss: 4.3988e-01 | Train acc: 0.8514 ± 0.0000 | Valid acc: 0.8819 ± 0.0000 | Valid Power: 0.0013 | Train Power: 0.0013 | patience:   0 | lr: 0.00625 | Epoch time: 0.1 |

2024-09-09 04:10:29,219 - INFO -
| Epoch:   1470 | Train loss: 4.4883e-01 | Valid loss: 4.3983e-01 | Train acc: 0.8514 ± 0.0000 | Valid acc: 0.8819 ± 0.0000 | Valid Power: 0.0013 | Train Power: 0.0013 | patience:   2 | lr: 0.00625 | Epoch time: 0.1 |

2024-09-09 04:10:30,272 - INFO -
| Epoch:   1480 | Train loss: 4.4878e-01 | Valid loss: 4.3989e-01 | Train acc: 0.8514 ± 0.0000 | Valid acc: 0.8819 ± 0.0000 | Valid Power: 0.0013 | Train Power: 0.0013 | patience:   4 | lr: 0.00625 | Epoch time: 0.1 |

2024-09-09 04:10:31,326 - INFO -
| Epoch:   1490 | Train loss: 4.4872e-01 | Valid loss: 4.3944e-01 | Train acc: 0.8514 ± 0.0000 | Valid acc: 0.8819 ± 0.0000 | Valid Power: 0.0013 | Train Power: 0.0013 | patience:   0 | lr: 0.00625 | Epoch time: 0.1 |

2024-09-09 04:10:32,372 - INFO -
| Epoch:   1500 | Train loss: 4.4867e-01 | Valid loss: 4.3951e-01 | Train acc: 0.8514 ± 0.0000 | Valid acc: 0.8819 ± 0.0000 | Valid Power: 0.0013 | Train Power: 0.0013 | patience:   2 | lr: 0.00625 | Epoch time: 0.1 |

2024-09-09 04:10:33,417 - INFO -
| Epoch:   1510 | Train loss: 4.4862e-01 | Valid loss: 4.3940e-01 | Train acc: 0.8514 ± 0.0000 | Valid acc: 0.8819 ± 0.0000 | Valid Power: 0.0013 | Train Power: 0.0013 | patience:   5 | lr: 0.00625 | Epoch time: 0.1 |

2024-09-09 04:10:34,474 - INFO -
| Epoch:   1520 | Train loss: 4.4857e-01 | Valid loss: 4.3925e-01 | Train acc: 0.8514 ± 0.0000 | Valid acc: 0.8819 ± 0.0000 | Valid Power: 0.0013 | Train Power: 0.0013 | patience:   0 | lr: 0.00625 | Epoch time: 0.1 |

2024-09-09 04:10:35,550 - INFO -
| Epoch:   1530 | Train loss: 4.4851e-01 | Valid loss: 4.3916e-01 | Train acc: 0.8514 ± 0.0000 | Valid acc: 0.8819 ± 0.0000 | Valid Power: 0.0013 | Train Power: 0.0013 | patience:   0 | lr: 0.00625 | Epoch time: 0.1 |

2024-09-09 04:10:36,677 - INFO -
| Epoch:   1540 | Train loss: 4.4846e-01 | Valid loss: 4.3907e-01 | Train acc: 0.8514 ± 0.0000 | Valid acc: 0.8819 ± 0.0000 | Valid Power: 0.0013 | Train Power: 0.0013 | patience:   0 | lr: 0.00625 | Epoch time: 0.2 |

2024-09-09 04:10:37,758 - INFO -
| Epoch:   1550 | Train loss: 4.4841e-01 | Valid loss: 4.3889e-01 | Train acc: 0.8514 ± 0.0000 | Valid acc: 0.8740 ± 0.0000 | Valid Power: 0.0013 | Train Power: 0.0013 | patience:   0 | lr: 0.00625 | Epoch time: 0.1 |

2024-09-09 04:10:38,841 - INFO -
| Epoch:   1560 | Train loss: 4.4829e-01 | Valid loss: 4.3828e-01 | Train acc: 0.8489 ± 0.0000 | Valid acc: 0.8740 ± 0.0000 | Valid Power: 0.0013 | Train Power: 0.0013 | patience:   0 | lr: 0.00625 | Epoch time: 0.1 |

2024-09-09 04:10:39,915 - INFO -
| Epoch:   1570 | Train loss: 4.4821e-01 | Valid loss: 4.3730e-01 | Train acc: 0.8489 ± 0.0000 | Valid acc: 0.8740 ± 0.0000 | Valid Power: 0.0013 | Train Power: 0.0013 | patience:   2 | lr: 0.00625 | Epoch time: 0.1 |

2024-09-09 04:10:40,964 - INFO -
| Epoch:   1580 | Train loss: 4.4815e-01 | Valid loss: 4.3714e-01 | Train acc: 0.8489 ± 0.0000 | Valid acc: 0.8740 ± 0.0000 | Valid Power: 0.0013 | Train Power: 0.0013 | patience:   0 | lr: 0.00625 | Epoch time: 0.1 |

2024-09-09 04:10:42,027 - INFO -
| Epoch:   1590 | Train loss: 4.4810e-01 | Valid loss: 4.3698e-01 | Train acc: 0.8489 ± 0.0000 | Valid acc: 0.8740 ± 0.0000 | Valid Power: 0.0013 | Train Power: 0.0013 | patience:   0 | lr: 0.00625 | Epoch time: 0.1 |

2024-09-09 04:10:43,087 - INFO -
| Epoch:   1600 | Train loss: 4.4805e-01 | Valid loss: 4.3694e-01 | Train acc: 0.8489 ± 0.0000 | Valid acc: 0.8740 ± 0.0000 | Valid Power: 0.0013 | Train Power: 0.0013 | patience:   0 | lr: 0.00625 | Epoch time: 0.1 |

2024-09-09 04:10:44,070 - INFO -
| Epoch:   1610 | Train loss: 4.4800e-01 | Valid loss: 4.3682e-01 | Train acc: 0.8489 ± 0.0000 | Valid acc: 0.8740 ± 0.0000 | Valid Power: 0.0013 | Train Power: 0.0013 | patience:   0 | lr: 0.00625 | Epoch time: 0.1 |

2024-09-09 04:10:45,034 - INFO -
| Epoch:   1620 | Train loss: 4.4795e-01 | Valid loss: 4.3674e-01 | Train acc: 0.8489 ± 0.0000 | Valid acc: 0.8740 ± 0.0000 | Valid Power: 0.0013 | Train Power: 0.0013 | patience:   0 | lr: 0.00625 | Epoch time: 0.1 |

2024-09-09 04:10:46,065 - INFO -
| Epoch:   1630 | Train loss: 4.4791e-01 | Valid loss: 4.3671e-01 | Train acc: 0.8489 ± 0.0000 | Valid acc: 0.8740 ± 0.0000 | Valid Power: 0.0013 | Train Power: 0.0013 | patience:   1 | lr: 0.00625 | Epoch time: 0.1 |

2024-09-09 04:10:46,998 - INFO -
| Epoch:   1640 | Train loss: 4.4786e-01 | Valid loss: 4.3660e-01 | Train acc: 0.8489 ± 0.0000 | Valid acc: 0.8740 ± 0.0000 | Valid Power: 0.0013 | Train Power: 0.0013 | patience:   5 | lr: 0.00625 | Epoch time: 0.1 |

2024-09-09 04:10:47,929 - INFO -
| Epoch:   1650 | Train loss: 4.4782e-01 | Valid loss: 4.3653e-01 | Train acc: 0.8489 ± 0.0000 | Valid acc: 0.8740 ± 0.0000 | Valid Power: 0.0013 | Train Power: 0.0013 | patience:   8 | lr: 0.00625 | Epoch time: 0.1 |

2024-09-09 04:10:48,849 - INFO -
| Epoch:   1660 | Train loss: 4.4778e-01 | Valid loss: 4.3641e-01 | Train acc: 0.8489 ± 0.0000 | Valid acc: 0.8740 ± 0.0000 | Valid Power: 0.0013 | Train Power: 0.0013 | patience:  18 | lr: 0.00625 | Epoch time: 0.1 |

2024-09-09 04:10:49,773 - INFO -
| Epoch:   1670 | Train loss: 4.4774e-01 | Valid loss: 4.3641e-01 | Train acc: 0.8489 ± 0.0000 | Valid acc: 0.8740 ± 0.0000 | Valid Power: 0.0013 | Train Power: 0.0013 | patience:   9 | lr: 0.00625 | Epoch time: 0.1 |

2024-09-09 04:10:50,711 - INFO -
| Epoch:   1680 | Train loss: 4.4770e-01 | Valid loss: 4.3650e-01 | Train acc: 0.8489 ± 0.0000 | Valid acc: 0.8740 ± 0.0000 | Valid Power: 0.0016 | Train Power: 0.0015 | patience:   2 | lr: 0.00625 | Epoch time: 0.1 |

2024-09-09 04:10:51,629 - INFO -
| Epoch:   1690 | Train loss: 4.4766e-01 | Valid loss: 4.3617e-01 | Train acc: 0.8489 ± 0.0000 | Valid acc: 0.8740 ± 0.0000 | Valid Power: 0.0014 | Train Power: 0.0014 | patience:  12 | lr: 0.00625 | Epoch time: 0.1 |

2024-09-09 04:10:52,552 - INFO -
| Epoch:   1700 | Train loss: 4.4763e-01 | Valid loss: 4.3631e-01 | Train acc: 0.8489 ± 0.0000 | Valid acc: 0.8740 ± 0.0000 | Valid Power: 0.0014 | Train Power: 0.0014 | patience:  22 | lr: 0.00625 | Epoch time: 0.1 |

2024-09-09 04:10:53,486 - INFO -
| Epoch:   1710 | Train loss: 4.4759e-01 | Valid loss: 4.3605e-01 | Train acc: 0.8489 ± 0.0000 | Valid acc: 0.8740 ± 0.0000 | Valid Power: 0.0013 | Train Power: 0.0013 | patience:   8 | lr: 0.00625 | Epoch time: 0.1 |

2024-09-09 04:10:54,498 - INFO -
| Epoch:   1720 | Train loss: 4.4718e-01 | Valid loss: 4.3575e-01 | Train acc: 0.8489 ± 0.0000 | Valid acc: 0.8740 ± 0.0000 | Valid Power: 0.0013 | Train Power: 0.0013 | patience:   3 | lr: 0.00625 | Epoch time: 0.1 |

2024-09-09 04:10:55,439 - INFO -
| Epoch:   1730 | Train loss: 4.4655e-01 | Valid loss: 4.3544e-01 | Train acc: 0.8489 ± 0.0000 | Valid acc: 0.8740 ± 0.0000 | Valid Power: 0.0013 | Train Power: 0.0013 | patience:   0 | lr: 0.00625 | Epoch time: 0.1 |

2024-09-09 04:10:56,368 - INFO -
| Epoch:   1740 | Train loss: 4.4601e-01 | Valid loss: 4.3522e-01 | Train acc: 0.8489 ± 0.0000 | Valid acc: 0.8740 ± 0.0000 | Valid Power: 0.0013 | Train Power: 0.0013 | patience:   0 | lr: 0.00625 | Epoch time: 0.1 |

2024-09-09 04:10:57,300 - INFO -
| Epoch:   1750 | Train loss: 4.5048e-01 | Valid loss: 4.3596e-01 | Train acc: 0.8489 ± 0.0000 | Valid acc: 0.8740 ± 0.0000 | Valid Power: 0.0013 | Train Power: 0.0013 | patience:   6 | lr: 0.00625 | Epoch time: 0.1 |

2024-09-09 04:10:58,219 - INFO -
| Epoch:   1760 | Train loss: 4.5069e-01 | Valid loss: 4.4649e-01 | Train acc: 0.8489 ± 0.0000 | Valid acc: 0.8819 ± 0.0000 | Valid Power: 0.0013 | Train Power: 0.0013 | patience:  16 | lr: 0.00625 | Epoch time: 0.1 |

2024-09-09 04:10:59,139 - INFO -
| Epoch:   1770 | Train loss: 4.4957e-01 | Valid loss: 4.4290e-01 | Train acc: 0.8489 ± 0.0000 | Valid acc: 0.8819 ± 0.0000 | Valid Power: 0.0013 | Train Power: 0.0013 | patience:  26 | lr: 0.00625 | Epoch time: 0.1 |

2024-09-09 04:11:00,063 - INFO -
| Epoch:   1780 | Train loss: 4.4714e-01 | Valid loss: 4.3781e-01 | Train acc: 0.8463 ± 0.0000 | Valid acc: 0.8819 ± 0.0000 | Valid Power: 0.0013 | Train Power: 0.0013 | patience:  36 | lr: 0.00625 | Epoch time: 0.1 |

2024-09-09 04:11:00,994 - INFO -
| Epoch:   1790 | Train loss: 4.4672e-01 | Valid loss: 4.3541e-01 | Train acc: 0.8489 ± 0.0000 | Valid acc: 0.8819 ± 0.0000 | Valid Power: 0.0013 | Train Power: 0.0013 | patience:  46 | lr: 0.00625 | Epoch time: 0.1 |

2024-09-09 04:11:01,940 - INFO -
| Epoch:   1800 | Train loss: 4.4661e-01 | Valid loss: 4.3494e-01 | Train acc: 0.8489 ± 0.0000 | Valid acc: 0.8819 ± 0.0000 | Valid Power: 0.0013 | Train Power: 0.0014 | patience:   5 | lr: 0.00625 | Epoch time: 0.1 |

2024-09-09 04:11:02,921 - INFO -
| Epoch:   1810 | Train loss: 4.4647e-01 | Valid loss: 4.3504e-01 | Train acc: 0.8489 ± 0.0000 | Valid acc: 0.8819 ± 0.0000 | Valid Power: 0.0013 | Train Power: 0.0014 | patience:  15 | lr: 0.00625 | Epoch time: 0.1 |

2024-09-09 04:11:03,843 - INFO -
| Epoch:   1820 | Train loss: 4.4633e-01 | Valid loss: 4.3535e-01 | Train acc: 0.8489 ± 0.0000 | Valid acc: 0.8819 ± 0.0000 | Valid Power: 0.0013 | Train Power: 0.0014 | patience:  25 | lr: 0.00625 | Epoch time: 0.1 |

2024-09-09 04:11:04,760 - INFO -
| Epoch:   1830 | Train loss: 4.4624e-01 | Valid loss: 4.3576e-01 | Train acc: 0.8489 ± 0.0000 | Valid acc: 0.8819 ± 0.0000 | Valid Power: 0.0013 | Train Power: 0.0014 | patience:  35 | lr: 0.00625 | Epoch time: 0.1 |

2024-09-09 04:11:05,679 - INFO -
| Epoch:   1840 | Train loss: 4.4617e-01 | Valid loss: 4.3605e-01 | Train acc: 0.8489 ± 0.0000 | Valid acc: 0.8819 ± 0.0000 | Valid Power: 0.0013 | Train Power: 0.0014 | patience:  45 | lr: 0.00625 | Epoch time: 0.1 |

2024-09-09 04:11:06,598 - INFO -
| Epoch:   1850 | Train loss: 4.4611e-01 | Valid loss: 4.3616e-01 | Train acc: 0.8489 ± 0.0000 | Valid acc: 0.8819 ± 0.0000 | Valid Power: 0.0013 | Train Power: 0.0014 | patience:  55 | lr: 0.00625 | Epoch time: 0.1 |

2024-09-09 04:11:07,517 - INFO -
| Epoch:   1860 | Train loss: 4.4606e-01 | Valid loss: 4.3617e-01 | Train acc: 0.8489 ± 0.0000 | Valid acc: 0.8819 ± 0.0000 | Valid Power: 0.0013 | Train Power: 0.0014 | patience:  65 | lr: 0.00625 | Epoch time: 0.1 |

2024-09-09 04:11:08,436 - INFO -
| Epoch:   1870 | Train loss: 4.4600e-01 | Valid loss: 4.3615e-01 | Train acc: 0.8489 ± 0.0000 | Valid acc: 0.8819 ± 0.0000 | Valid Power: 0.0013 | Train Power: 0.0014 | patience:  75 | lr: 0.00625 | Epoch time: 0.1 |

2024-09-09 04:11:09,363 - INFO -
| Epoch:   1880 | Train loss: 4.4595e-01 | Valid loss: 4.3615e-01 | Train acc: 0.8489 ± 0.0000 | Valid acc: 0.8819 ± 0.0000 | Valid Power: 0.0013 | Train Power: 0.0014 | patience:  85 | lr: 0.00625 | Epoch time: 0.1 |

2024-09-09 04:11:10,279 - INFO -
| Epoch:   1890 | Train loss: 4.4591e-01 | Valid loss: 4.3618e-01 | Train acc: 0.8489 ± 0.0000 | Valid acc: 0.8819 ± 0.0000 | Valid Power: 0.0013 | Train Power: 0.0014 | patience:  95 | lr: 0.00625 | Epoch time: 0.1 |

2024-09-09 04:11:10,831 - INFO -
load best network to warm start training with lower lr.

2024-09-09 04:11:10,831 - INFO -
lr update to 0.003125.

2024-09-09 04:11:11,201 - INFO -
| Epoch:   1900 | Train loss: 4.4658e-01 | Valid loss: 4.3472e-01 | Train acc: 0.8489 ± 0.0000 | Valid acc: 0.8819 ± 0.0000 | Valid Power: 0.0013 | Train Power: 0.0014 | patience:   3 | lr: 0.003125 | Epoch time: 0.1 |

2024-09-09 04:11:12,128 - INFO -
| Epoch:   1910 | Train loss: 4.4638e-01 | Valid loss: 4.3481e-01 | Train acc: 0.8489 ± 0.0000 | Valid acc: 0.8819 ± 0.0000 | Valid Power: 0.0013 | Train Power: 0.0014 | patience:   5 | lr: 0.003125 | Epoch time: 0.1 |

2024-09-09 04:11:13,047 - INFO -
| Epoch:   1920 | Train loss: 4.4619e-01 | Valid loss: 4.3493e-01 | Train acc: 0.8489 ± 0.0000 | Valid acc: 0.8819 ± 0.0000 | Valid Power: 0.0013 | Train Power: 0.0014 | patience:  15 | lr: 0.003125 | Epoch time: 0.1 |

2024-09-09 04:11:13,964 - INFO -
| Epoch:   1930 | Train loss: 4.4602e-01 | Valid loss: 4.3518e-01 | Train acc: 0.8489 ± 0.0000 | Valid acc: 0.8819 ± 0.0000 | Valid Power: 0.0013 | Train Power: 0.0014 | patience:  25 | lr: 0.003125 | Epoch time: 0.1 |

2024-09-09 04:11:14,882 - INFO -
| Epoch:   1940 | Train loss: 4.4587e-01 | Valid loss: 4.3538e-01 | Train acc: 0.8489 ± 0.0000 | Valid acc: 0.8819 ± 0.0000 | Valid Power: 0.0013 | Train Power: 0.0014 | patience:  35 | lr: 0.003125 | Epoch time: 0.1 |

2024-09-09 04:11:15,799 - INFO -
| Epoch:   1950 | Train loss: 4.4573e-01 | Valid loss: 4.3554e-01 | Train acc: 0.8489 ± 0.0000 | Valid acc: 0.8819 ± 0.0000 | Valid Power: 0.0013 | Train Power: 0.0014 | patience:  45 | lr: 0.003125 | Epoch time: 0.1 |

2024-09-09 04:11:16,715 - INFO -
| Epoch:   1960 | Train loss: 4.4560e-01 | Valid loss: 4.3569e-01 | Train acc: 0.8514 ± 0.0000 | Valid acc: 0.8819 ± 0.0000 | Valid Power: 0.0013 | Train Power: 0.0014 | patience:  55 | lr: 0.003125 | Epoch time: 0.1 |

2024-09-09 04:11:17,628 - INFO -
| Epoch:   1970 | Train loss: 4.4547e-01 | Valid loss: 4.3580e-01 | Train acc: 0.8514 ± 0.0000 | Valid acc: 0.8819 ± 0.0000 | Valid Power: 0.0013 | Train Power: 0.0014 | patience:  65 | lr: 0.003125 | Epoch time: 0.1 |

2024-09-09 04:11:18,548 - INFO -
| Epoch:   1980 | Train loss: 4.4536e-01 | Valid loss: 4.3588e-01 | Train acc: 0.8514 ± 0.0000 | Valid acc: 0.8819 ± 0.0000 | Valid Power: 0.0013 | Train Power: 0.0014 | patience:  75 | lr: 0.003125 | Epoch time: 0.1 |

2024-09-09 04:11:19,544 - INFO -
| Epoch:   1990 | Train loss: 4.4524e-01 | Valid loss: 4.3594e-01 | Train acc: 0.8514 ± 0.0000 | Valid acc: 0.8819 ± 0.0000 | Valid Power: 0.0014 | Train Power: 0.0014 | patience:  85 | lr: 0.003125 | Epoch time: 0.1 |

2024-09-09 04:11:20,457 - INFO -
| Epoch:   2000 | Train loss: 4.4513e-01 | Valid loss: 4.3599e-01 | Train acc: 0.8514 ± 0.0000 | Valid acc: 0.8819 ± 0.0000 | Valid Power: 0.0014 | Train Power: 0.0014 | patience:  95 | lr: 0.003125 | Epoch time: 0.1 |

2024-09-09 04:11:21,007 - INFO -
load best network to warm start training with lower lr.

2024-09-09 04:11:21,008 - INFO -
lr update to 0.0015625.

2024-09-09 04:11:21,374 - INFO -
| Epoch:   2010 | Train loss: 4.4642e-01 | Valid loss: 4.3462e-01 | Train acc: 0.8489 ± 0.0000 | Valid acc: 0.8819 ± 0.0000 | Valid Power: 0.0013 | Train Power: 0.0014 | patience:   4 | lr: 0.0015625 | Epoch time: 0.1 |

2024-09-09 04:11:22,301 - INFO -
| Epoch:   2020 | Train loss: 4.4632e-01 | Valid loss: 4.3469e-01 | Train acc: 0.8489 ± 0.0000 | Valid acc: 0.8819 ± 0.0000 | Valid Power: 0.0013 | Train Power: 0.0014 | patience:  14 | lr: 0.0015625 | Epoch time: 0.1 |

2024-09-09 04:11:23,208 - INFO -
| Epoch:   2030 | Train loss: 4.4622e-01 | Valid loss: 4.3486e-01 | Train acc: 0.8489 ± 0.0000 | Valid acc: 0.8819 ± 0.0000 | Valid Power: 0.0013 | Train Power: 0.0014 | patience:  24 | lr: 0.0015625 | Epoch time: 0.1 |

2024-09-09 04:11:24,118 - INFO -
| Epoch:   2040 | Train loss: 4.4613e-01 | Valid loss: 4.3499e-01 | Train acc: 0.8489 ± 0.0000 | Valid acc: 0.8819 ± 0.0000 | Valid Power: 0.0013 | Train Power: 0.0014 | patience:  34 | lr: 0.0015625 | Epoch time: 0.1 |

2024-09-09 04:11:25,021 - INFO -
| Epoch:   2050 | Train loss: 4.4604e-01 | Valid loss: 4.3533e-01 | Train acc: 0.8489 ± 0.0000 | Valid acc: 0.8819 ± 0.0000 | Valid Power: 0.0013 | Train Power: 0.0014 | patience:  44 | lr: 0.0015625 | Epoch time: 0.1 |

2024-09-09 04:11:25,925 - INFO -
| Epoch:   2060 | Train loss: 4.4596e-01 | Valid loss: 4.3515e-01 | Train acc: 0.8489 ± 0.0000 | Valid acc: 0.8819 ± 0.0000 | Valid Power: 0.0013 | Train Power: 0.0014 | patience:  54 | lr: 0.0015625 | Epoch time: 0.1 |

2024-09-09 04:11:26,828 - INFO -
| Epoch:   2070 | Train loss: 4.4588e-01 | Valid loss: 4.3536e-01 | Train acc: 0.8489 ± 0.0000 | Valid acc: 0.8819 ± 0.0000 | Valid Power: 0.0013 | Train Power: 0.0014 | patience:  64 | lr: 0.0015625 | Epoch time: 0.1 |

2024-09-09 04:11:27,737 - INFO -
| Epoch:   2080 | Train loss: 4.4580e-01 | Valid loss: 4.3545e-01 | Train acc: 0.8489 ± 0.0000 | Valid acc: 0.8819 ± 0.0000 | Valid Power: 0.0013 | Train Power: 0.0014 | patience:  74 | lr: 0.0015625 | Epoch time: 0.1 |

2024-09-09 04:11:28,643 - INFO -
| Epoch:   2090 | Train loss: 4.4573e-01 | Valid loss: 4.3550e-01 | Train acc: 0.8489 ± 0.0000 | Valid acc: 0.8819 ± 0.0000 | Valid Power: 0.0013 | Train Power: 0.0014 | patience:  84 | lr: 0.0015625 | Epoch time: 0.1 |

2024-09-09 04:11:29,495 - INFO -
| Epoch:   2100 | Train loss: 4.4566e-01 | Valid loss: 4.3561e-01 | Train acc: 0.8514 ± 0.0000 | Valid acc: 0.8819 ± 0.0000 | Valid Power: 0.0013 | Train Power: 0.0014 | patience:  94 | lr: 0.0015625 | Epoch time: 0.1 |

2024-09-09 04:11:30,097 - INFO -
load best network to warm start training with lower lr.

2024-09-09 04:11:30,097 - INFO -
lr update to 0.00078125.

2024-09-09 04:11:30,356 - INFO -
| Epoch:   2110 | Train loss: 4.4644e-01 | Valid loss: 4.3470e-01 | Train acc: 0.8489 ± 0.0000 | Valid acc: 0.8819 ± 0.0000 | Valid Power: 0.0013 | Train Power: 0.0014 | patience:   3 | lr: 0.00078125 | Epoch time: 0.1 |

2024-09-09 04:11:31,217 - INFO -
| Epoch:   2120 | Train loss: 4.4639e-01 | Valid loss: 4.3467e-01 | Train acc: 0.8489 ± 0.0000 | Valid acc: 0.8819 ± 0.0000 | Valid Power: 0.0013 | Train Power: 0.0014 | patience:  13 | lr: 0.00078125 | Epoch time: 0.1 |

2024-09-09 04:11:32,134 - INFO -
| Epoch:   2130 | Train loss: 4.4634e-01 | Valid loss: 4.3468e-01 | Train acc: 0.8489 ± 0.0000 | Valid acc: 0.8819 ± 0.0000 | Valid Power: 0.0013 | Train Power: 0.0014 | patience:  23 | lr: 0.00078125 | Epoch time: 0.1 |

2024-09-09 04:11:32,986 - INFO -
| Epoch:   2140 | Train loss: 4.4629e-01 | Valid loss: 4.3476e-01 | Train acc: 0.8489 ± 0.0000 | Valid acc: 0.8819 ± 0.0000 | Valid Power: 0.0013 | Train Power: 0.0014 | patience:  33 | lr: 0.00078125 | Epoch time: 0.1 |

2024-09-09 04:11:33,831 - INFO -
| Epoch:   2150 | Train loss: 4.4624e-01 | Valid loss: 4.3484e-01 | Train acc: 0.8489 ± 0.0000 | Valid acc: 0.8819 ± 0.0000 | Valid Power: 0.0013 | Train Power: 0.0014 | patience:  43 | lr: 0.00078125 | Epoch time: 0.1 |

2024-09-09 04:11:34,670 - INFO -
| Epoch:   2160 | Train loss: 4.4620e-01 | Valid loss: 4.3512e-01 | Train acc: 0.8489 ± 0.0000 | Valid acc: 0.8819 ± 0.0000 | Valid Power: 0.0013 | Train Power: 0.0014 | patience:  53 | lr: 0.00078125 | Epoch time: 0.1 |

2024-09-09 04:11:35,512 - INFO -
| Epoch:   2170 | Train loss: 4.4615e-01 | Valid loss: 4.3485e-01 | Train acc: 0.8489 ± 0.0000 | Valid acc: 0.8819 ± 0.0000 | Valid Power: 0.0013 | Train Power: 0.0014 | patience:  63 | lr: 0.00078125 | Epoch time: 0.1 |

2024-09-09 04:11:36,351 - INFO -
| Epoch:   2180 | Train loss: 4.4610e-01 | Valid loss: 4.3506e-01 | Train acc: 0.8489 ± 0.0000 | Valid acc: 0.8819 ± 0.0000 | Valid Power: 0.0013 | Train Power: 0.0014 | patience:  73 | lr: 0.00078125 | Epoch time: 0.1 |

2024-09-09 04:11:37,186 - INFO -
| Epoch:   2190 | Train loss: 4.4606e-01 | Valid loss: 4.3506e-01 | Train acc: 0.8489 ± 0.0000 | Valid acc: 0.8819 ± 0.0000 | Valid Power: 0.0013 | Train Power: 0.0014 | patience:  83 | lr: 0.00078125 | Epoch time: 0.1 |

2024-09-09 04:11:38,027 - INFO -
| Epoch:   2200 | Train loss: 4.4601e-01 | Valid loss: 4.3514e-01 | Train acc: 0.8489 ± 0.0000 | Valid acc: 0.8819 ± 0.0000 | Valid Power: 0.0013 | Train Power: 0.0014 | patience:  93 | lr: 0.00078125 | Epoch time: 0.1 |

2024-09-09 04:11:38,700 - INFO -
load best network to warm start training with lower lr.

2024-09-09 04:11:38,700 - INFO -
lr update to 0.000390625.

2024-09-09 04:11:38,864 - INFO -
| Epoch:   2210 | Train loss: 4.4645e-01 | Valid loss: 4.3458e-01 | Train acc: 0.8489 ± 0.0000 | Valid acc: 0.8819 ± 0.0000 | Valid Power: 0.0013 | Train Power: 0.0014 | patience:   2 | lr: 0.000390625 | Epoch time: 0.1 |

2024-09-09 04:11:39,747 - INFO -
| Epoch:   2220 | Train loss: 4.4642e-01 | Valid loss: 4.3461e-01 | Train acc: 0.8463 ± 0.0000 | Valid acc: 0.8819 ± 0.0000 | Valid Power: 0.0013 | Train Power: 0.0014 | patience:  12 | lr: 0.000390625 | Epoch time: 0.1 |

2024-09-09 04:11:40,565 - INFO -
| Epoch:   2230 | Train loss: 4.4640e-01 | Valid loss: 4.3466e-01 | Train acc: 0.8489 ± 0.0000 | Valid acc: 0.8819 ± 0.0000 | Valid Power: 0.0013 | Train Power: 0.0014 | patience:  22 | lr: 0.000390625 | Epoch time: 0.1 |

2024-09-09 04:11:41,384 - INFO -
| Epoch:   2240 | Train loss: 4.4637e-01 | Valid loss: 4.3465e-01 | Train acc: 0.8489 ± 0.0000 | Valid acc: 0.8819 ± 0.0000 | Valid Power: 0.0013 | Train Power: 0.0014 | patience:  32 | lr: 0.000390625 | Epoch time: 0.1 |

2024-09-09 04:11:42,204 - INFO -
| Epoch:   2250 | Train loss: 4.4635e-01 | Valid loss: 4.3470e-01 | Train acc: 0.8489 ± 0.0000 | Valid acc: 0.8819 ± 0.0000 | Valid Power: 0.0013 | Train Power: 0.0014 | patience:  42 | lr: 0.000390625 | Epoch time: 0.1 |

2024-09-09 04:11:43,032 - INFO -
| Epoch:   2260 | Train loss: 4.4632e-01 | Valid loss: 4.3472e-01 | Train acc: 0.8489 ± 0.0000 | Valid acc: 0.8819 ± 0.0000 | Valid Power: 0.0013 | Train Power: 0.0014 | patience:  52 | lr: 0.000390625 | Epoch time: 0.1 |

2024-09-09 04:11:43,852 - INFO -
| Epoch:   2270 | Train loss: 4.4629e-01 | Valid loss: 4.3475e-01 | Train acc: 0.8489 ± 0.0000 | Valid acc: 0.8819 ± 0.0000 | Valid Power: 0.0013 | Train Power: 0.0014 | patience:  62 | lr: 0.000390625 | Epoch time: 0.1 |

2024-09-09 04:11:44,676 - INFO -
| Epoch:   2280 | Train loss: 4.4627e-01 | Valid loss: 4.3479e-01 | Train acc: 0.8489 ± 0.0000 | Valid acc: 0.8819 ± 0.0000 | Valid Power: 0.0013 | Train Power: 0.0014 | patience:  72 | lr: 0.000390625 | Epoch time: 0.1 |

2024-09-09 04:11:45,505 - INFO -
| Epoch:   2290 | Train loss: 4.4625e-01 | Valid loss: 4.3502e-01 | Train acc: 0.8489 ± 0.0000 | Valid acc: 0.8819 ± 0.0000 | Valid Power: 0.0013 | Train Power: 0.0014 | patience:  82 | lr: 0.000390625 | Epoch time: 0.1 |

2024-09-09 04:11:46,331 - INFO -
| Epoch:   2300 | Train loss: 4.4622e-01 | Valid loss: 4.3479e-01 | Train acc: 0.8489 ± 0.0000 | Valid acc: 0.8819 ± 0.0000 | Valid Power: 0.0013 | Train Power: 0.0014 | patience:  92 | lr: 0.000390625 | Epoch time: 0.1 |

2024-09-09 04:11:47,071 - INFO -
load best network to warm start training with lower lr.

2024-09-09 04:11:47,071 - INFO -
lr update to 0.0001953125.

2024-09-09 04:11:47,153 - INFO -
| Epoch:   2310 | Train loss: 4.4646e-01 | Valid loss: 4.3449e-01 | Train acc: 0.8463 ± 0.0000 | Valid acc: 0.8819 ± 0.0000 | Valid Power: 0.0013 | Train Power: 0.0014 | patience:   1 | lr: 0.0001953125 | Epoch time: 0.1 |

2024-09-09 04:11:47,973 - INFO -
| Epoch:   2320 | Train loss: 4.4644e-01 | Valid loss: 4.3465e-01 | Train acc: 0.8489 ± 0.0000 | Valid acc: 0.8819 ± 0.0000 | Valid Power: 0.0013 | Train Power: 0.0014 | patience:  11 | lr: 0.0001953125 | Epoch time: 0.1 |

2024-09-09 04:11:48,802 - INFO -
| Epoch:   2330 | Train loss: 4.4643e-01 | Valid loss: 4.3461e-01 | Train acc: 0.8489 ± 0.0000 | Valid acc: 0.8819 ± 0.0000 | Valid Power: 0.0013 | Train Power: 0.0014 | patience:  21 | lr: 0.0001953125 | Epoch time: 0.1 |

2024-09-09 04:11:49,630 - INFO -
| Epoch:   2340 | Train loss: 4.4641e-01 | Valid loss: 4.3464e-01 | Train acc: 0.8489 ± 0.0000 | Valid acc: 0.8819 ± 0.0000 | Valid Power: 0.0013 | Train Power: 0.0014 | patience:  31 | lr: 0.0001953125 | Epoch time: 0.1 |

2024-09-09 04:11:50,447 - INFO -
| Epoch:   2350 | Train loss: 4.4640e-01 | Valid loss: 4.3464e-01 | Train acc: 0.8489 ± 0.0000 | Valid acc: 0.8819 ± 0.0000 | Valid Power: 0.0013 | Train Power: 0.0014 | patience:  41 | lr: 0.0001953125 | Epoch time: 0.1 |

2024-09-09 04:11:51,249 - INFO -
| Epoch:   2360 | Train loss: 4.4639e-01 | Valid loss: 4.3465e-01 | Train acc: 0.8489 ± 0.0000 | Valid acc: 0.8819 ± 0.0000 | Valid Power: 0.0013 | Train Power: 0.0014 | patience:  51 | lr: 0.0001953125 | Epoch time: 0.1 |

2024-09-09 04:11:52,025 - INFO -
| Epoch:   2370 | Train loss: 4.4637e-01 | Valid loss: 4.3467e-01 | Train acc: 0.8489 ± 0.0000 | Valid acc: 0.8819 ± 0.0000 | Valid Power: 0.0013 | Train Power: 0.0014 | patience:  61 | lr: 0.0001953125 | Epoch time: 0.1 |

2024-09-09 04:11:52,801 - INFO -
| Epoch:   2380 | Train loss: 4.4636e-01 | Valid loss: 4.3468e-01 | Train acc: 0.8489 ± 0.0000 | Valid acc: 0.8819 ± 0.0000 | Valid Power: 0.0013 | Train Power: 0.0014 | patience:  71 | lr: 0.0001953125 | Epoch time: 0.1 |

2024-09-09 04:11:53,578 - INFO -
| Epoch:   2390 | Train loss: 4.4635e-01 | Valid loss: 4.3469e-01 | Train acc: 0.8489 ± 0.0000 | Valid acc: 0.8819 ± 0.0000 | Valid Power: 0.0013 | Train Power: 0.0014 | patience:  81 | lr: 0.0001953125 | Epoch time: 0.1 |

2024-09-09 04:11:54,431 - INFO -
| Epoch:   2400 | Train loss: 4.4633e-01 | Valid loss: 4.3470e-01 | Train acc: 0.8489 ± 0.0000 | Valid acc: 0.8819 ± 0.0000 | Valid Power: 0.0013 | Train Power: 0.0014 | patience:  91 | lr: 0.0001953125 | Epoch time: 0.1 |

2024-09-09 04:11:55,210 - INFO -
load best network to warm start training with lower lr.

2024-09-09 04:11:55,211 - INFO -
lr update to 9.765625e-05.

2024-09-09 04:11:55,211 - INFO -
Early stop.

2024-09-09 04:11:55,216 - INFO -
Training if finished.

2024-09-09 16:19:07,226 - INFO -
Configuration: 
gmin                0.01
gmax                10.0
T                   0.1
m                   0.3
type_nonlinear      normal
act                 tanh
ACT_R1n             12.7865
ACT_R2n             -3.1871
ACT_W1n             -10.4537
ACT_L1n             10.546
ACT_W2n             -5.8496
ACT_L2n             4.2337
S_R1n               -11.7481
S_R2n               -0.3905
S_W1n               -9.169
S_L1n               0.3913
S_W2n               7.2004
S_L2n               15.5558
ReLU_RHn            -1.9557
ReLU_RLn            -20.1581
ReLU_RDn            16.6486
ReLU_RBn            -14.3472
ReLU_Wn             16.655
ReLU_Ln             -21.7591
HS_Rn               -0.3766
HS_Wn               0.5192
HS_Ln               4.6293
NEG_R1n             -7.0846
NEG_R2n             -2.5695
NEG_R3n             16.1542
NEG_W1n             13.8696
NEG_L1n             2.7635
NEG_W2n             1.2674
NEG_L2n             -10.4803
NEG_W3n             -6.4386
NEG_L3n             5.1005
task                normal
DATASET             5
DataPath            ./dataset
InputNoise          0.0
IN_test             0.0
R_train             1
R_test              1
N_time              32
pathnorm            False
hidden              [3]
skipconnection      False
SEED                7
DEVICE              cpu
PATIENCE            500
EPOCH               10000000000
LR                  0.1
PROGRESSIVE         True
LR_PATIENCE         100
LR_DECAY            0.5
LR_MIN              0.0001
metric              acc
SoftEva             True
TIMELIMITATION      71
MODE                nominal
M_train             1
K_train             1
M_test              1
K_test              1
t_test_max          1
integration         MC
N_train             1
e_train             0.0
N_test              100
e_test              0.1
e_fault             2
fault_ratio         0.0
N_fault             50
e_fault_test        0
N_fault_test        50
dropout             0.0
lagrangian_loss     False
rho                 100
powerestimator      none
powerbalance        0.0
estimatorbalance    0.0
pgmin               1e-07
power_ratio         1000
lambda_P            100
areaestimator       none
areabalance         0.0
area_theta          0.15
area_act            30.0
area_neg            22.7
lambda_A            0.001
lnc                 False
projectname         tanh_0_FaultAnalysisNormal
temppath            ./tanh_0_FaultAnalysisNormal/temp/
logfilepath         ./tanh_0_FaultAnalysisNormal/log/
report_freq         10
recording           False
recordpath          ./tanh_0_FaultAnalysisNormal/record/
savepath            ./tanh_0_FaultAnalysisNormal/models/
loglevel            info


2024-09-09 16:19:07,247 - INFO -
Training network on device: cpu.

2024-09-09 16:19:07,247 - INFO -
Training setup: data_05_energyy2_seed_07_epsilon_0.0_dropout_0.0_fault_ratio_0.0.model.

2024-09-09 16:19:07,247 - INFO -
{'dataname': 'energyy2', 'N_feature': 8, 'N_class': 3, 'N_train': 397, 'N_valid': 127, 'N_test': 79}

2024-09-09 16:19:07,247 - INFO -
Training was already finished.

2024-09-11 18:17:02,191 - INFO -
Configuration: 
gmin                0.01
gmax                10.0
T                   0.1
m                   0.3
type_nonlinear      normal
act                 tanh
ACT_R1n             12.7865
ACT_R2n             -3.1871
ACT_W1n             -10.4537
ACT_L1n             10.546
ACT_W2n             -5.8496
ACT_L2n             4.2337
S_R1n               -11.7481
S_R2n               -0.3905
S_W1n               -9.169
S_L1n               0.3913
S_W2n               7.2004
S_L2n               15.5558
ReLU_RHn            -1.9557
ReLU_RLn            -20.1581
ReLU_RDn            16.6486
ReLU_RBn            -14.3472
ReLU_Wn             16.655
ReLU_Ln             -21.7591
HS_Rn               -0.3766
HS_Wn               0.5192
HS_Ln               4.6293
NEG_R1n             -7.0846
NEG_R2n             -2.5695
NEG_R3n             16.1542
NEG_W1n             13.8696
NEG_L1n             2.7635
NEG_W2n             1.2674
NEG_L2n             -10.4803
NEG_W3n             -6.4386
NEG_L3n             5.1005
task                normal
DATASET             5
DataPath            ./dataset
InputNoise          0.0
IN_test             0.0
R_train             1
R_test              1
N_time              32
pathnorm            False
hidden              [3]
skipconnection      False
SEED                7
DEVICE              cpu
PATIENCE            500
EPOCH               10000000000
LR                  0.1
PROGRESSIVE         True
LR_PATIENCE         100
LR_DECAY            0.5
LR_MIN              0.0001
metric              acc
SoftEva             True
TIMELIMITATION      71
MODE                nominal
M_train             1
K_train             1
M_test              1
K_test              1
t_test_max          1
integration         MC
N_train             1
e_train             0.0
N_test              100
e_test              0.1
e_fault             2
fault_ratio         0.0
N_fault             50
e_fault_test        0
N_fault_test        50
dropout             0.0
lagrangian_loss     False
rho                 100
powerestimator      none
powerbalance        0.0
estimatorbalance    0.0
pgmin               1e-07
power_ratio         1000
lambda_P            100
areaestimator       none
areabalance         0.0
area_theta          0.15
area_act            30.0
area_neg            22.7
lambda_A            0.001
lnc                 False
projectname         tanh_0_FaultAnalysisNormal
temppath            ./tanh_0_FaultAnalysisNormal/temp/
logfilepath         ./tanh_0_FaultAnalysisNormal/log/
report_freq         10
recording           False
recordpath          ./tanh_0_FaultAnalysisNormal/record/
savepath            ./tanh_0_FaultAnalysisNormal/models/
loglevel            info


2024-09-11 18:17:02,207 - INFO -
Training network on device: cpu.

2024-09-11 18:17:02,207 - INFO -
Training setup: data_05_energyy2_seed_07_epsilon_0.0_dropout_0.0_fault_ratio_0.0.model.

2024-09-11 18:17:02,208 - INFO -
{'dataname': 'energyy2', 'N_feature': 8, 'N_class': 3, 'N_train': 397, 'N_valid': 127, 'N_test': 79}

2024-09-11 18:17:02,208 - INFO -
Training was already finished.

2024-09-12 04:38:03,423 - INFO -
Configuration: 
gmin                0.01
gmax                10.0
T                   0.1
m                   0.3
type_nonlinear      normal
act                 tanh
ACT_R1n             12.7865
ACT_R2n             -3.1871
ACT_W1n             -10.4537
ACT_L1n             10.546
ACT_W2n             -5.8496
ACT_L2n             4.2337
S_R1n               -11.7481
S_R2n               -0.3905
S_W1n               -9.169
S_L1n               0.3913
S_W2n               7.2004
S_L2n               15.5558
ReLU_RHn            -1.9557
ReLU_RLn            -20.1581
ReLU_RDn            16.6486
ReLU_RBn            -14.3472
ReLU_Wn             16.655
ReLU_Ln             -21.7591
HS_Rn               -0.3766
HS_Wn               0.5192
HS_Ln               4.6293
NEG_R1n             -7.0846
NEG_R2n             -2.5695
NEG_R3n             16.1542
NEG_W1n             13.8696
NEG_L1n             2.7635
NEG_W2n             1.2674
NEG_L2n             -10.4803
NEG_W3n             -6.4386
NEG_L3n             5.1005
task                normal
DATASET             5
DataPath            ./dataset
InputNoise          0.0
IN_test             0.0
R_train             1
R_test              1
N_time              32
pathnorm            False
hidden              [3]
skipconnection      False
SEED                7
DEVICE              cpu
PATIENCE            500
EPOCH               10000000000
LR                  0.1
PROGRESSIVE         True
LR_PATIENCE         100
LR_DECAY            0.5
LR_MIN              0.0001
metric              acc
SoftEva             True
TIMELIMITATION      71
MODE                nominal
M_train             1
K_train             1
M_test              1
K_test              1
t_test_max          1
integration         MC
N_train             1
e_train             0.0
N_test              100
e_test              0.1
e_fault             2
fault_ratio         0.0
N_fault             50
e_fault_test        0
N_fault_test        50
dropout             0.0
lagrangian_loss     False
rho                 100
powerestimator      none
powerbalance        0.0
estimatorbalance    0.0
pgmin               1e-07
power_ratio         1000
lambda_P            100
areaestimator       none
areabalance         0.0
area_theta          0.15
area_act            30.0
area_neg            22.7
lambda_A            0.001
lnc                 False
projectname         tanh_0_FaultAnalysisNormal
temppath            ./tanh_0_FaultAnalysisNormal/temp/
logfilepath         ./tanh_0_FaultAnalysisNormal/log/
report_freq         10
recording           False
recordpath          ./tanh_0_FaultAnalysisNormal/record/
savepath            ./tanh_0_FaultAnalysisNormal/models/
loglevel            info


2024-09-12 04:38:03,440 - INFO -
Training network on device: cpu.

2024-09-12 04:38:03,440 - INFO -
Training setup: data_05_energyy2_seed_07_epsilon_0.0_dropout_0.0_fault_ratio_0.0.model.

2024-09-12 04:38:03,440 - INFO -
{'dataname': 'energyy2', 'N_feature': 8, 'N_class': 3, 'N_train': 397, 'N_valid': 127, 'N_test': 79}

2024-09-12 04:38:03,441 - INFO -
Training was already finished.

