2024-09-09 04:07:29,238 - INFO -
Configuration: 
gmin                0.01
gmax                10.0
T                   0.1
m                   0.3
type_nonlinear      normal
act                 tanh
ACT_R1n             12.7865
ACT_R2n             -3.1871
ACT_W1n             -10.4537
ACT_L1n             10.546
ACT_W2n             -5.8496
ACT_L2n             4.2337
S_R1n               -11.7481
S_R2n               -0.3905
S_W1n               -9.169
S_L1n               0.3913
S_W2n               7.2004
S_L2n               15.5558
ReLU_RHn            -1.9557
ReLU_RLn            -20.1581
ReLU_RDn            16.6486
ReLU_RBn            -14.3472
ReLU_Wn             16.655
ReLU_Ln             -21.7591
HS_Rn               -0.3766
HS_Wn               0.5192
HS_Ln               4.6293
NEG_R1n             -7.0846
NEG_R2n             -2.5695
NEG_R3n             16.1542
NEG_W1n             13.8696
NEG_L1n             2.7635
NEG_W2n             1.2674
NEG_L2n             -10.4803
NEG_W3n             -6.4386
NEG_L3n             5.1005
task                normal
DATASET             6
DataPath            ./dataset
InputNoise          0.0
IN_test             0.0
R_train             1
R_test              1
N_time              32
pathnorm            False
hidden              [3]
skipconnection      False
SEED                6
DEVICE              cpu
PATIENCE            500
EPOCH               10000000000
LR                  0.1
PROGRESSIVE         True
LR_PATIENCE         100
LR_DECAY            0.5
LR_MIN              0.0001
metric              acc
SoftEva             True
TIMELIMITATION      71
MODE                nominal
M_train             1
K_train             1
M_test              1
K_test              1
t_test_max          1
integration         MC
N_train             1
e_train             0.0
N_test              100
e_test              0.1
e_fault             2
fault_ratio         0.0
N_fault             50
e_fault_test        0
N_fault_test        50
dropout             0.0
lagrangian_loss     False
rho                 100
powerestimator      none
powerbalance        0.0
estimatorbalance    0.0
pgmin               1e-07
power_ratio         1000
lambda_P            100
areaestimator       none
areabalance         0.0
area_theta          0.15
area_act            30.0
area_neg            22.7
lambda_A            0.001
lnc                 False
projectname         tanh_0_FaultAnalysisNormal
temppath            ./tanh_0_FaultAnalysisNormal/temp/
logfilepath         ./tanh_0_FaultAnalysisNormal/log/
report_freq         10
recording           False
recordpath          ./tanh_0_FaultAnalysisNormal/record/
savepath            ./tanh_0_FaultAnalysisNormal/models/
loglevel            info


2024-09-09 04:07:29,239 - INFO -
Training network on device: cpu.

2024-09-09 04:07:29,239 - INFO -
Training setup: data_06_iris_seed_06_epsilon_0.0_dropout_0.0_fault_ratio_0.0.model.

2024-09-09 04:07:29,239 - INFO -
{'dataname': 'iris', 'N_feature': 4, 'N_class': 3, 'N_train': 88, 'N_valid': 29, 'N_test': 31}

2024-09-09 04:07:29,239 - INFO -
Topology of the network: [4, 3, 3].

2024-09-09 04:07:31,127 - INFO -
| Epoch:      0 | Train loss: 1.0986e+00 | Valid loss: 1.1200e+00 | Train acc: 0.3523 ± 0.0000 | Valid acc: 0.3103 ± 0.0000 | Valid Power: 0.0007 | Train Power: 0.0005 | patience:   0 | lr: 0.1 | Epoch time: 0.1 |

2024-09-09 04:07:31,941 - INFO -
| Epoch:     10 | Train loss: 1.0968e+00 | Valid loss: 1.1187e+00 | Train acc: 0.3523 ± 0.0000 | Valid acc: 0.2414 ± 0.0000 | Valid Power: 0.0007 | Train Power: 0.0007 | patience:   0 | lr: 0.1 | Epoch time: 0.1 |

2024-09-09 04:07:32,770 - INFO -
| Epoch:     20 | Train loss: 1.0816e+00 | Valid loss: 1.0797e+00 | Train acc: 0.0909 ± 0.0000 | Valid acc: 0.1724 ± 0.0000 | Valid Power: 0.0007 | Train Power: 0.0007 | patience:   0 | lr: 0.1 | Epoch time: 0.1 |

2024-09-09 04:07:33,613 - INFO -
| Epoch:     30 | Train loss: 9.9660e-01 | Valid loss: 9.5773e-01 | Train acc: 0.4545 ± 0.0000 | Valid acc: 0.5172 ± 0.0000 | Valid Power: 0.0007 | Train Power: 0.0007 | patience:   1 | lr: 0.1 | Epoch time: 0.1 |

2024-09-09 04:07:34,457 - INFO -
| Epoch:     40 | Train loss: 7.9355e-01 | Valid loss: 6.8483e-01 | Train acc: 0.6477 ± 0.0000 | Valid acc: 0.7586 ± 0.0000 | Valid Power: 0.0007 | Train Power: 0.0007 | patience:   0 | lr: 0.1 | Epoch time: 0.1 |

2024-09-09 04:07:35,293 - INFO -
| Epoch:     50 | Train loss: 6.4372e-01 | Valid loss: 5.7852e-01 | Train acc: 0.7159 ± 0.0000 | Valid acc: 0.7586 ± 0.0000 | Valid Power: 0.0007 | Train Power: 0.0007 | patience:   1 | lr: 0.1 | Epoch time: 0.1 |

2024-09-09 04:07:36,109 - INFO -
| Epoch:     60 | Train loss: 6.3278e-01 | Valid loss: 5.6919e-01 | Train acc: 0.6023 ± 0.0000 | Valid acc: 0.7241 ± 0.0000 | Valid Power: 0.0007 | Train Power: 0.0007 | patience:  11 | lr: 0.1 | Epoch time: 0.1 |

2024-09-09 04:07:36,949 - INFO -
| Epoch:     70 | Train loss: 5.9884e-01 | Valid loss: 5.3601e-01 | Train acc: 0.6136 ± 0.0000 | Valid acc: 0.7241 ± 0.0000 | Valid Power: 0.0007 | Train Power: 0.0007 | patience:   0 | lr: 0.1 | Epoch time: 0.1 |

2024-09-09 04:07:37,786 - INFO -
| Epoch:     80 | Train loss: 5.8260e-01 | Valid loss: 5.2588e-01 | Train acc: 0.6250 ± 0.0000 | Valid acc: 0.7241 ± 0.0000 | Valid Power: 0.0007 | Train Power: 0.0007 | patience:   2 | lr: 0.1 | Epoch time: 0.1 |

2024-09-09 04:07:38,628 - INFO -
| Epoch:     90 | Train loss: 5.8474e-01 | Valid loss: 5.0471e-01 | Train acc: 0.6477 ± 0.0000 | Valid acc: 0.7586 ± 0.0000 | Valid Power: 0.0007 | Train Power: 0.0007 | patience:   0 | lr: 0.1 | Epoch time: 0.1 |

2024-09-09 04:07:39,504 - INFO -
| Epoch:    100 | Train loss: 5.5524e-01 | Valid loss: 5.0349e-01 | Train acc: 0.6477 ± 0.0000 | Valid acc: 0.7241 ± 0.0000 | Valid Power: 0.0007 | Train Power: 0.0007 | patience:   1 | lr: 0.1 | Epoch time: 0.1 |

2024-09-09 04:07:40,319 - INFO -
| Epoch:    110 | Train loss: 5.5662e-01 | Valid loss: 4.8456e-01 | Train acc: 0.6136 ± 0.0000 | Valid acc: 0.7241 ± 0.0000 | Valid Power: 0.0007 | Train Power: 0.0007 | patience:  11 | lr: 0.1 | Epoch time: 0.1 |

2024-09-09 04:07:41,149 - INFO -
| Epoch:    120 | Train loss: 5.4575e-01 | Valid loss: 4.8890e-01 | Train acc: 0.5909 ± 0.0000 | Valid acc: 0.6897 ± 0.0000 | Valid Power: 0.0007 | Train Power: 0.0007 | patience:   4 | lr: 0.1 | Epoch time: 0.1 |

2024-09-09 04:07:41,963 - INFO -
| Epoch:    130 | Train loss: 5.4974e-01 | Valid loss: 4.8404e-01 | Train acc: 0.6136 ± 0.0000 | Valid acc: 0.7241 ± 0.0000 | Valid Power: 0.0007 | Train Power: 0.0007 | patience:  14 | lr: 0.1 | Epoch time: 0.1 |

2024-09-09 04:07:42,799 - INFO -
| Epoch:    140 | Train loss: 5.3101e-01 | Valid loss: 4.6460e-01 | Train acc: 0.6136 ± 0.0000 | Valid acc: 0.7241 ± 0.0000 | Valid Power: 0.0007 | Train Power: 0.0007 | patience:   2 | lr: 0.1 | Epoch time: 0.1 |

2024-09-09 04:07:43,637 - INFO -
| Epoch:    150 | Train loss: 5.2540e-01 | Valid loss: 4.5735e-01 | Train acc: 0.6136 ± 0.0000 | Valid acc: 0.7241 ± 0.0000 | Valid Power: 0.0007 | Train Power: 0.0007 | patience:   0 | lr: 0.1 | Epoch time: 0.1 |

2024-09-09 04:07:44,455 - INFO -
| Epoch:    160 | Train loss: 5.3134e-01 | Valid loss: 4.6540e-01 | Train acc: 0.6136 ± 0.0000 | Valid acc: 0.7241 ± 0.0000 | Valid Power: 0.0007 | Train Power: 0.0007 | patience:   8 | lr: 0.1 | Epoch time: 0.1 |

2024-09-09 04:07:45,282 - INFO -
| Epoch:    170 | Train loss: 5.3045e-01 | Valid loss: 4.7380e-01 | Train acc: 0.5909 ± 0.0000 | Valid acc: 0.6897 ± 0.0000 | Valid Power: 0.0007 | Train Power: 0.0007 | patience:   5 | lr: 0.1 | Epoch time: 0.1 |

2024-09-09 04:07:46,097 - INFO -
| Epoch:    180 | Train loss: 5.2457e-01 | Valid loss: 4.7153e-01 | Train acc: 0.5909 ± 0.0000 | Valid acc: 0.6897 ± 0.0000 | Valid Power: 0.0007 | Train Power: 0.0007 | patience:  15 | lr: 0.1 | Epoch time: 0.1 |

2024-09-09 04:07:46,912 - INFO -
| Epoch:    190 | Train loss: 5.2234e-01 | Valid loss: 4.6417e-01 | Train acc: 0.5909 ± 0.0000 | Valid acc: 0.6897 ± 0.0000 | Valid Power: 0.0007 | Train Power: 0.0007 | patience:  25 | lr: 0.1 | Epoch time: 0.1 |

2024-09-09 04:07:47,727 - INFO -
| Epoch:    200 | Train loss: 5.2202e-01 | Valid loss: 4.6319e-01 | Train acc: 0.5909 ± 0.0000 | Valid acc: 0.6897 ± 0.0000 | Valid Power: 0.0034 | Train Power: 0.0010 | patience:  35 | lr: 0.1 | Epoch time: 0.1 |

2024-09-09 04:07:48,542 - INFO -
| Epoch:    210 | Train loss: 5.2160e-01 | Valid loss: 4.6597e-01 | Train acc: 0.5909 ± 0.0000 | Valid acc: 0.6897 ± 0.0000 | Valid Power: 0.0008 | Train Power: 0.0008 | patience:  45 | lr: 0.1 | Epoch time: 0.1 |

2024-09-09 04:07:49,363 - INFO -
| Epoch:    220 | Train loss: 5.2171e-01 | Valid loss: 4.6347e-01 | Train acc: 0.5909 ± 0.0000 | Valid acc: 0.6897 ± 0.0000 | Valid Power: 0.0009 | Train Power: 0.0008 | patience:  55 | lr: 0.1 | Epoch time: 0.1 |

2024-09-09 04:07:50,183 - INFO -
| Epoch:    230 | Train loss: 5.1387e-01 | Valid loss: 4.5856e-01 | Train acc: 0.6136 ± 0.0000 | Valid acc: 0.7241 ± 0.0000 | Valid Power: 0.0009 | Train Power: 0.0009 | patience:   2 | lr: 0.1 | Epoch time: 0.1 |

2024-09-09 04:07:51,000 - INFO -
| Epoch:    240 | Train loss: 5.2381e-01 | Valid loss: 4.4620e-01 | Train acc: 0.6477 ± 0.0000 | Valid acc: 0.7586 ± 0.0000 | Valid Power: 0.0010 | Train Power: 0.0011 | patience:   6 | lr: 0.1 | Epoch time: 0.1 |

2024-09-09 04:07:51,828 - INFO -
| Epoch:    250 | Train loss: 5.1886e-01 | Valid loss: 4.5287e-01 | Train acc: 0.6136 ± 0.0000 | Valid acc: 0.7241 ± 0.0000 | Valid Power: 0.0082 | Train Power: 0.0012 | patience:   6 | lr: 0.1 | Epoch time: 0.1 |

2024-09-09 04:07:52,644 - INFO -
| Epoch:    260 | Train loss: 5.1193e-01 | Valid loss: 4.5001e-01 | Train acc: 0.6136 ± 0.0000 | Valid acc: 0.7241 ± 0.0000 | Valid Power: 0.0012 | Train Power: 0.0013 | patience:  16 | lr: 0.1 | Epoch time: 0.1 |

2024-09-09 04:07:53,459 - INFO -
| Epoch:    270 | Train loss: 5.1744e-01 | Valid loss: 4.4906e-01 | Train acc: 0.6136 ± 0.0000 | Valid acc: 0.7241 ± 0.0000 | Valid Power: 0.0012 | Train Power: 0.0013 | patience:  26 | lr: 0.1 | Epoch time: 0.1 |

2024-09-09 04:07:54,274 - INFO -
| Epoch:    280 | Train loss: 5.2707e-01 | Valid loss: 4.4937e-01 | Train acc: 0.6477 ± 0.0000 | Valid acc: 0.7586 ± 0.0000 | Valid Power: 0.0012 | Train Power: 0.0012 | patience:  36 | lr: 0.1 | Epoch time: 0.1 |

2024-09-09 04:07:55,093 - INFO -
| Epoch:    290 | Train loss: 5.2299e-01 | Valid loss: 4.6162e-01 | Train acc: 0.6136 ± 0.0000 | Valid acc: 0.7241 ± 0.0000 | Valid Power: 0.0012 | Train Power: 0.0012 | patience:   7 | lr: 0.1 | Epoch time: 0.1 |

2024-09-09 04:07:55,952 - INFO -
| Epoch:    300 | Train loss: 5.2257e-01 | Valid loss: 4.4793e-01 | Train acc: 0.6136 ± 0.0000 | Valid acc: 0.7241 ± 0.0000 | Valid Power: 0.0012 | Train Power: 0.0013 | patience:  17 | lr: 0.1 | Epoch time: 0.1 |

2024-09-09 04:07:56,770 - INFO -
| Epoch:    310 | Train loss: 5.1838e-01 | Valid loss: 4.4796e-01 | Train acc: 0.6136 ± 0.0000 | Valid acc: 0.7241 ± 0.0000 | Valid Power: 0.0012 | Train Power: 0.0012 | patience:  27 | lr: 0.1 | Epoch time: 0.1 |

2024-09-09 04:07:57,590 - INFO -
| Epoch:    320 | Train loss: 5.1815e-01 | Valid loss: 4.6244e-01 | Train acc: 0.6023 ± 0.0000 | Valid acc: 0.7241 ± 0.0000 | Valid Power: 0.0013 | Train Power: 0.0012 | patience:  37 | lr: 0.1 | Epoch time: 0.1 |

2024-09-09 04:07:58,445 - INFO -
| Epoch:    330 | Train loss: 5.2340e-01 | Valid loss: 4.5166e-01 | Train acc: 0.6250 ± 0.0000 | Valid acc: 0.7241 ± 0.0000 | Valid Power: 0.0012 | Train Power: 0.0012 | patience:  47 | lr: 0.1 | Epoch time: 0.1 |

2024-09-09 04:07:59,302 - INFO -
| Epoch:    340 | Train loss: 5.1374e-01 | Valid loss: 4.3918e-01 | Train acc: 0.6477 ± 0.0000 | Valid acc: 0.7586 ± 0.0000 | Valid Power: 0.0012 | Train Power: 0.0012 | patience:  57 | lr: 0.1 | Epoch time: 0.1 |

2024-09-09 04:08:00,119 - INFO -
| Epoch:    350 | Train loss: 5.1428e-01 | Valid loss: 4.3610e-01 | Train acc: 0.6477 ± 0.0000 | Valid acc: 0.7586 ± 0.0000 | Valid Power: 0.0012 | Train Power: 0.0013 | patience:   2 | lr: 0.1 | Epoch time: 0.1 |

2024-09-09 04:08:00,934 - INFO -
| Epoch:    360 | Train loss: 5.3201e-01 | Valid loss: 4.5650e-01 | Train acc: 0.6477 ± 0.0000 | Valid acc: 0.7586 ± 0.0000 | Valid Power: 0.0012 | Train Power: 0.0012 | patience:  12 | lr: 0.1 | Epoch time: 0.1 |

2024-09-09 04:08:01,750 - INFO -
| Epoch:    370 | Train loss: 5.1367e-01 | Valid loss: 4.3794e-01 | Train acc: 0.6477 ± 0.0000 | Valid acc: 0.7586 ± 0.0000 | Valid Power: 0.0012 | Train Power: 0.0012 | patience:  22 | lr: 0.1 | Epoch time: 0.1 |

2024-09-09 04:08:02,565 - INFO -
| Epoch:    380 | Train loss: 5.3851e-01 | Valid loss: 4.5647e-01 | Train acc: 0.6477 ± 0.0000 | Valid acc: 0.7586 ± 0.0000 | Valid Power: 0.0012 | Train Power: 0.0013 | patience:  32 | lr: 0.1 | Epoch time: 0.1 |

2024-09-09 04:08:03,383 - INFO -
| Epoch:    390 | Train loss: 5.2299e-01 | Valid loss: 4.4319e-01 | Train acc: 0.6477 ± 0.0000 | Valid acc: 0.7586 ± 0.0000 | Valid Power: 0.0012 | Train Power: 0.0012 | patience:  42 | lr: 0.1 | Epoch time: 0.1 |

2024-09-09 04:08:04,197 - INFO -
| Epoch:    400 | Train loss: 5.1877e-01 | Valid loss: 4.4892e-01 | Train acc: 0.6136 ± 0.0000 | Valid acc: 0.7241 ± 0.0000 | Valid Power: 0.0012 | Train Power: 0.0012 | patience:  52 | lr: 0.1 | Epoch time: 0.1 |

2024-09-09 04:08:05,012 - INFO -
| Epoch:    410 | Train loss: 5.1243e-01 | Valid loss: 4.4692e-01 | Train acc: 0.6136 ± 0.0000 | Valid acc: 0.7241 ± 0.0000 | Valid Power: 0.0012 | Train Power: 0.0012 | patience:  62 | lr: 0.1 | Epoch time: 0.1 |

2024-09-09 04:08:05,827 - INFO -
| Epoch:    420 | Train loss: 5.1393e-01 | Valid loss: 4.4576e-01 | Train acc: 0.6136 ± 0.0000 | Valid acc: 0.7241 ± 0.0000 | Valid Power: 0.0013 | Train Power: 0.0012 | patience:  72 | lr: 0.1 | Epoch time: 0.1 |

2024-09-09 04:08:06,648 - INFO -
| Epoch:    430 | Train loss: 5.2054e-01 | Valid loss: 4.5317e-01 | Train acc: 0.6477 ± 0.0000 | Valid acc: 0.7586 ± 0.0000 | Valid Power: 0.0011 | Train Power: 0.0012 | patience:  82 | lr: 0.1 | Epoch time: 0.1 |

2024-09-09 04:08:07,464 - INFO -
| Epoch:    440 | Train loss: 5.4392e-01 | Valid loss: 4.6426e-01 | Train acc: 0.6477 ± 0.0000 | Valid acc: 0.7586 ± 0.0000 | Valid Power: 0.0012 | Train Power: 0.0017 | patience:  92 | lr: 0.1 | Epoch time: 0.1 |

2024-09-09 04:08:08,204 - INFO -
load best network to warm start training with lower lr.

2024-09-09 04:08:08,204 - INFO -
lr update to 0.05.

2024-09-09 04:08:08,287 - INFO -
| Epoch:    450 | Train loss: 5.1092e-01 | Valid loss: 4.5072e-01 | Train acc: 0.6477 ± 0.0000 | Valid acc: 0.7241 ± 0.0000 | Valid Power: 0.0013 | Train Power: 0.0014 | patience:   1 | lr: 0.05 | Epoch time: 0.1 |

2024-09-09 04:08:09,107 - INFO -
| Epoch:    460 | Train loss: 5.1258e-01 | Valid loss: 4.4852e-01 | Train acc: 0.6136 ± 0.0000 | Valid acc: 0.7241 ± 0.0000 | Valid Power: 0.0024 | Train Power: 0.0013 | patience:  11 | lr: 0.05 | Epoch time: 0.1 |

2024-09-09 04:08:09,924 - INFO -
| Epoch:    470 | Train loss: 5.1522e-01 | Valid loss: 4.4589e-01 | Train acc: 0.6136 ± 0.0000 | Valid acc: 0.7241 ± 0.0000 | Valid Power: 0.0013 | Train Power: 0.0013 | patience:  21 | lr: 0.05 | Epoch time: 0.1 |

2024-09-09 04:08:10,742 - INFO -
| Epoch:    480 | Train loss: 5.1304e-01 | Valid loss: 4.4671e-01 | Train acc: 0.6136 ± 0.0000 | Valid acc: 0.7241 ± 0.0000 | Valid Power: 0.0015 | Train Power: 0.0023 | patience:  31 | lr: 0.05 | Epoch time: 0.1 |

2024-09-09 04:08:11,560 - INFO -
| Epoch:    490 | Train loss: 5.1118e-01 | Valid loss: 4.4931e-01 | Train acc: 0.6136 ± 0.0000 | Valid acc: 0.7241 ± 0.0000 | Valid Power: 0.0013 | Train Power: 0.0013 | patience:  41 | lr: 0.05 | Epoch time: 0.1 |

2024-09-09 04:08:12,378 - INFO -
| Epoch:    500 | Train loss: 5.1391e-01 | Valid loss: 4.4833e-01 | Train acc: 0.6136 ± 0.0000 | Valid acc: 0.7241 ± 0.0000 | Valid Power: 0.0012 | Train Power: 0.0013 | patience:  51 | lr: 0.05 | Epoch time: 0.1 |

2024-09-09 04:08:13,196 - INFO -
| Epoch:    510 | Train loss: 5.1336e-01 | Valid loss: 4.4591e-01 | Train acc: 0.6136 ± 0.0000 | Valid acc: 0.7241 ± 0.0000 | Valid Power: 0.0013 | Train Power: 0.0014 | patience:  61 | lr: 0.05 | Epoch time: 0.1 |

2024-09-09 04:08:14,013 - INFO -
| Epoch:    520 | Train loss: 5.1140e-01 | Valid loss: 4.4880e-01 | Train acc: 0.6136 ± 0.0000 | Valid acc: 0.7241 ± 0.0000 | Valid Power: 0.0012 | Train Power: 0.0013 | patience:  71 | lr: 0.05 | Epoch time: 0.1 |

2024-09-09 04:08:14,831 - INFO -
| Epoch:    530 | Train loss: 5.1570e-01 | Valid loss: 4.4709e-01 | Train acc: 0.6136 ± 0.0000 | Valid acc: 0.7241 ± 0.0000 | Valid Power: 0.0013 | Train Power: 0.0013 | patience:  81 | lr: 0.05 | Epoch time: 0.1 |

2024-09-09 04:08:15,646 - INFO -
| Epoch:    540 | Train loss: 5.1486e-01 | Valid loss: 4.4516e-01 | Train acc: 0.6136 ± 0.0000 | Valid acc: 0.7241 ± 0.0000 | Valid Power: 0.0012 | Train Power: 0.0013 | patience:  91 | lr: 0.05 | Epoch time: 0.1 |

2024-09-09 04:08:16,466 - INFO -
load best network to warm start training with lower lr.

2024-09-09 04:08:16,466 - INFO -
lr update to 0.025.

2024-09-09 04:08:16,466 - INFO -
| Epoch:    550 | Train loss: 5.1241e-01 | Valid loss: 4.5044e-01 | Train acc: 0.6136 ± 0.0000 | Valid acc: 0.7241 ± 0.0000 | Valid Power: 0.0013 | Train Power: 0.0013 | patience:   0 | lr: 0.025 | Epoch time: 0.1 |

2024-09-09 04:08:17,285 - INFO -
| Epoch:    560 | Train loss: 5.1586e-01 | Valid loss: 4.4795e-01 | Train acc: 0.6136 ± 0.0000 | Valid acc: 0.7241 ± 0.0000 | Valid Power: 0.0015 | Train Power: 0.0014 | patience:  10 | lr: 0.025 | Epoch time: 0.1 |

2024-09-09 04:08:18,102 - INFO -
| Epoch:    570 | Train loss: 5.1170e-01 | Valid loss: 4.5051e-01 | Train acc: 0.6136 ± 0.0000 | Valid acc: 0.7241 ± 0.0000 | Valid Power: 0.0015 | Train Power: 0.0018 | patience:  20 | lr: 0.025 | Epoch time: 0.1 |

2024-09-09 04:08:18,920 - INFO -
| Epoch:    580 | Train loss: 5.1552e-01 | Valid loss: 4.4531e-01 | Train acc: 0.6136 ± 0.0000 | Valid acc: 0.7241 ± 0.0000 | Valid Power: 0.0013 | Train Power: 0.0014 | patience:  30 | lr: 0.025 | Epoch time: 0.1 |

2024-09-09 04:08:19,744 - INFO -
| Epoch:    590 | Train loss: 5.1192e-01 | Valid loss: 4.4766e-01 | Train acc: 0.6136 ± 0.0000 | Valid acc: 0.7241 ± 0.0000 | Valid Power: 0.0013 | Train Power: 0.0017 | patience:  40 | lr: 0.025 | Epoch time: 0.1 |

2024-09-09 04:08:20,561 - INFO -
| Epoch:    600 | Train loss: 5.1135e-01 | Valid loss: 4.4654e-01 | Train acc: 0.6136 ± 0.0000 | Valid acc: 0.7241 ± 0.0000 | Valid Power: 0.0012 | Train Power: 0.0013 | patience:  50 | lr: 0.025 | Epoch time: 0.1 |

2024-09-09 04:08:21,379 - INFO -
| Epoch:    610 | Train loss: 5.1109e-01 | Valid loss: 4.4578e-01 | Train acc: 0.6136 ± 0.0000 | Valid acc: 0.7241 ± 0.0000 | Valid Power: 0.0016 | Train Power: 0.0015 | patience:  60 | lr: 0.025 | Epoch time: 0.1 |

2024-09-09 04:08:22,197 - INFO -
| Epoch:    620 | Train loss: 5.1084e-01 | Valid loss: 4.4744e-01 | Train acc: 0.6136 ± 0.0000 | Valid acc: 0.7241 ± 0.0000 | Valid Power: 0.0012 | Train Power: 0.0013 | patience:  70 | lr: 0.025 | Epoch time: 0.1 |

2024-09-09 04:08:23,015 - INFO -
| Epoch:    630 | Train loss: 5.1076e-01 | Valid loss: 4.4609e-01 | Train acc: 0.6136 ± 0.0000 | Valid acc: 0.7241 ± 0.0000 | Valid Power: 0.0389 | Train Power: 0.0015 | patience:  80 | lr: 0.025 | Epoch time: 0.1 |

2024-09-09 04:08:23,832 - INFO -
| Epoch:    640 | Train loss: 5.1073e-01 | Valid loss: 4.4658e-01 | Train acc: 0.6136 ± 0.0000 | Valid acc: 0.7241 ± 0.0000 | Valid Power: 0.0012 | Train Power: 0.0013 | patience:  90 | lr: 0.025 | Epoch time: 0.1 |

2024-09-09 04:08:24,650 - INFO -
| Epoch:    650 | Train loss: 5.1072e-01 | Valid loss: 4.4682e-01 | Train acc: 0.6136 ± 0.0000 | Valid acc: 0.7241 ± 0.0000 | Valid Power: 0.0031 | Train Power: 0.0013 | patience: 100 | lr: 0.025 | Epoch time: 0.1 |

2024-09-09 04:08:24,735 - INFO -
load best network to warm start training with lower lr.

2024-09-09 04:08:24,736 - INFO -
lr update to 0.0125.

2024-09-09 04:08:25,479 - INFO -
| Epoch:    660 | Train loss: 5.0591e-01 | Valid loss: 4.3486e-01 | Train acc: 0.6477 ± 0.0000 | Valid acc: 0.7586 ± 0.0000 | Valid Power: 0.0020 | Train Power: 0.0023 | patience:   7 | lr: 0.0125 | Epoch time: 0.1 |

2024-09-09 04:08:26,297 - INFO -
| Epoch:    670 | Train loss: 5.0513e-01 | Valid loss: 4.3414e-01 | Train acc: 0.6477 ± 0.0000 | Valid acc: 0.7586 ± 0.0000 | Valid Power: 0.0014 | Train Power: 0.0014 | patience:  17 | lr: 0.0125 | Epoch time: 0.1 |

2024-09-09 04:08:27,115 - INFO -
| Epoch:    680 | Train loss: 5.0430e-01 | Valid loss: 4.3204e-01 | Train acc: 0.6477 ± 0.0000 | Valid acc: 0.7586 ± 0.0000 | Valid Power: 0.0013 | Train Power: 0.0014 | patience:  27 | lr: 0.0125 | Epoch time: 0.1 |

2024-09-09 04:08:27,932 - INFO -
| Epoch:    690 | Train loss: 5.0405e-01 | Valid loss: 4.3280e-01 | Train acc: 0.6477 ± 0.0000 | Valid acc: 0.7586 ± 0.0000 | Valid Power: 0.0013 | Train Power: 0.0014 | patience:  37 | lr: 0.0125 | Epoch time: 0.1 |

2024-09-09 04:08:28,749 - INFO -
| Epoch:    700 | Train loss: 5.0383e-01 | Valid loss: 4.3243e-01 | Train acc: 0.6477 ± 0.0000 | Valid acc: 0.7586 ± 0.0000 | Valid Power: 0.0013 | Train Power: 0.0014 | patience:  47 | lr: 0.0125 | Epoch time: 0.1 |

2024-09-09 04:08:29,566 - INFO -
| Epoch:    710 | Train loss: 5.0355e-01 | Valid loss: 4.3207e-01 | Train acc: 0.6477 ± 0.0000 | Valid acc: 0.7586 ± 0.0000 | Valid Power: 0.0013 | Train Power: 0.0014 | patience:  57 | lr: 0.0125 | Epoch time: 0.1 |

2024-09-09 04:08:30,384 - INFO -
| Epoch:    720 | Train loss: 5.0335e-01 | Valid loss: 4.3209e-01 | Train acc: 0.6477 ± 0.0000 | Valid acc: 0.7586 ± 0.0000 | Valid Power: 0.0013 | Train Power: 0.0014 | patience:  67 | lr: 0.0125 | Epoch time: 0.1 |

2024-09-09 04:08:31,204 - INFO -
| Epoch:    730 | Train loss: 5.0318e-01 | Valid loss: 4.3190e-01 | Train acc: 0.6477 ± 0.0000 | Valid acc: 0.7586 ± 0.0000 | Valid Power: 0.0014 | Train Power: 0.0015 | patience:  77 | lr: 0.0125 | Epoch time: 0.1 |

2024-09-09 04:08:32,020 - INFO -
| Epoch:    740 | Train loss: 5.0304e-01 | Valid loss: 4.3177e-01 | Train acc: 0.6477 ± 0.0000 | Valid acc: 0.7586 ± 0.0000 | Valid Power: 0.0013 | Train Power: 0.0014 | patience:  87 | lr: 0.0125 | Epoch time: 0.1 |

2024-09-09 04:08:32,838 - INFO -
| Epoch:    750 | Train loss: 5.0290e-01 | Valid loss: 4.3167e-01 | Train acc: 0.6477 ± 0.0000 | Valid acc: 0.7586 ± 0.0000 | Valid Power: 0.0013 | Train Power: 0.0014 | patience:  97 | lr: 0.0125 | Epoch time: 0.1 |

2024-09-09 04:08:33,169 - INFO -
load best network to warm start training with lower lr.

2024-09-09 04:08:33,169 - INFO -
lr update to 0.00625.

2024-09-09 04:08:33,660 - INFO -
| Epoch:    760 | Train loss: 5.0649e-01 | Valid loss: 4.3263e-01 | Train acc: 0.6477 ± 0.0000 | Valid acc: 0.7586 ± 0.0000 | Valid Power: 0.0013 | Train Power: 0.0014 | patience:   6 | lr: 0.00625 | Epoch time: 0.1 |

2024-09-09 04:08:34,478 - INFO -
| Epoch:    770 | Train loss: 5.0502e-01 | Valid loss: 4.3474e-01 | Train acc: 0.6477 ± 0.0000 | Valid acc: 0.7586 ± 0.0000 | Valid Power: 0.0014 | Train Power: 0.0014 | patience:  16 | lr: 0.00625 | Epoch time: 0.1 |

2024-09-09 04:08:35,297 - INFO -
| Epoch:    780 | Train loss: 5.0476e-01 | Valid loss: 4.3360e-01 | Train acc: 0.6477 ± 0.0000 | Valid acc: 0.7586 ± 0.0000 | Valid Power: 0.0014 | Train Power: 0.0015 | patience:  26 | lr: 0.00625 | Epoch time: 0.1 |

2024-09-09 04:08:36,122 - INFO -
| Epoch:    790 | Train loss: 5.0454e-01 | Valid loss: 4.3254e-01 | Train acc: 0.6477 ± 0.0000 | Valid acc: 0.7586 ± 0.0000 | Valid Power: 0.0015 | Train Power: 0.0015 | patience:  36 | lr: 0.00625 | Epoch time: 0.1 |

2024-09-09 04:08:36,941 - INFO -
| Epoch:    800 | Train loss: 5.0430e-01 | Valid loss: 4.3274e-01 | Train acc: 0.6477 ± 0.0000 | Valid acc: 0.7586 ± 0.0000 | Valid Power: 0.0015 | Train Power: 0.0015 | patience:  46 | lr: 0.00625 | Epoch time: 0.1 |

2024-09-09 04:08:37,760 - INFO -
| Epoch:    810 | Train loss: 5.0413e-01 | Valid loss: 4.3283e-01 | Train acc: 0.6477 ± 0.0000 | Valid acc: 0.7586 ± 0.0000 | Valid Power: 0.0015 | Train Power: 0.0015 | patience:  56 | lr: 0.00625 | Epoch time: 0.1 |

2024-09-09 04:08:38,578 - INFO -
| Epoch:    820 | Train loss: 5.0396e-01 | Valid loss: 4.3246e-01 | Train acc: 0.6477 ± 0.0000 | Valid acc: 0.7586 ± 0.0000 | Valid Power: 0.0015 | Train Power: 0.0015 | patience:  66 | lr: 0.00625 | Epoch time: 0.1 |

2024-09-09 04:08:39,396 - INFO -
| Epoch:    830 | Train loss: 5.0380e-01 | Valid loss: 4.3237e-01 | Train acc: 0.6477 ± 0.0000 | Valid acc: 0.7586 ± 0.0000 | Valid Power: 0.0015 | Train Power: 0.0015 | patience:  76 | lr: 0.00625 | Epoch time: 0.1 |

2024-09-09 04:08:40,215 - INFO -
| Epoch:    840 | Train loss: 5.0365e-01 | Valid loss: 4.3231e-01 | Train acc: 0.6477 ± 0.0000 | Valid acc: 0.7586 ± 0.0000 | Valid Power: 0.0015 | Train Power: 0.0015 | patience:  86 | lr: 0.00625 | Epoch time: 0.1 |

2024-09-09 04:08:41,059 - INFO -
| Epoch:    850 | Train loss: 5.0351e-01 | Valid loss: 4.3214e-01 | Train acc: 0.6477 ± 0.0000 | Valid acc: 0.7586 ± 0.0000 | Valid Power: 0.0015 | Train Power: 0.0015 | patience:  96 | lr: 0.00625 | Epoch time: 0.1 |

2024-09-09 04:08:41,502 - INFO -
load best network to warm start training with lower lr.

2024-09-09 04:08:41,502 - INFO -
lr update to 0.003125.

2024-09-09 04:08:41,910 - INFO -
| Epoch:    860 | Train loss: 5.0665e-01 | Valid loss: 4.3198e-01 | Train acc: 0.6477 ± 0.0000 | Valid acc: 0.7586 ± 0.0000 | Valid Power: 0.0018 | Train Power: 0.0015 | patience:   5 | lr: 0.003125 | Epoch time: 0.1 |

2024-09-09 04:08:42,728 - INFO -
| Epoch:    870 | Train loss: 5.0508e-01 | Valid loss: 4.3264e-01 | Train acc: 0.6477 ± 0.0000 | Valid acc: 0.7586 ± 0.0000 | Valid Power: 0.0014 | Train Power: 0.0014 | patience:  15 | lr: 0.003125 | Epoch time: 0.1 |

2024-09-09 04:08:43,546 - INFO -
| Epoch:    880 | Train loss: 5.0482e-01 | Valid loss: 4.3374e-01 | Train acc: 0.6477 ± 0.0000 | Valid acc: 0.7586 ± 0.0000 | Valid Power: 0.0014 | Train Power: 0.0014 | patience:  25 | lr: 0.003125 | Epoch time: 0.1 |

2024-09-09 04:08:44,363 - INFO -
| Epoch:    890 | Train loss: 5.0475e-01 | Valid loss: 4.3378e-01 | Train acc: 0.6477 ± 0.0000 | Valid acc: 0.7586 ± 0.0000 | Valid Power: 0.0013 | Train Power: 0.0014 | patience:  35 | lr: 0.003125 | Epoch time: 0.1 |

2024-09-09 04:08:45,180 - INFO -
| Epoch:    900 | Train loss: 5.0460e-01 | Valid loss: 4.3322e-01 | Train acc: 0.6477 ± 0.0000 | Valid acc: 0.7586 ± 0.0000 | Valid Power: 0.0013 | Train Power: 0.0014 | patience:  45 | lr: 0.003125 | Epoch time: 0.1 |

2024-09-09 04:08:45,998 - INFO -
| Epoch:    910 | Train loss: 5.0449e-01 | Valid loss: 4.3285e-01 | Train acc: 0.6477 ± 0.0000 | Valid acc: 0.7586 ± 0.0000 | Valid Power: 0.0013 | Train Power: 0.0014 | patience:  55 | lr: 0.003125 | Epoch time: 0.1 |

2024-09-09 04:08:46,817 - INFO -
| Epoch:    920 | Train loss: 5.0438e-01 | Valid loss: 4.3280e-01 | Train acc: 0.6477 ± 0.0000 | Valid acc: 0.7586 ± 0.0000 | Valid Power: 0.0013 | Train Power: 0.0014 | patience:  65 | lr: 0.003125 | Epoch time: 0.1 |

2024-09-09 04:08:47,635 - INFO -
| Epoch:    930 | Train loss: 5.0428e-01 | Valid loss: 4.3283e-01 | Train acc: 0.6477 ± 0.0000 | Valid acc: 0.7586 ± 0.0000 | Valid Power: 0.0013 | Train Power: 0.0014 | patience:  75 | lr: 0.003125 | Epoch time: 0.1 |

2024-09-09 04:08:48,452 - INFO -
| Epoch:    940 | Train loss: 5.0418e-01 | Valid loss: 4.3276e-01 | Train acc: 0.6477 ± 0.0000 | Valid acc: 0.7586 ± 0.0000 | Valid Power: 0.0013 | Train Power: 0.0014 | patience:  85 | lr: 0.003125 | Epoch time: 0.1 |

2024-09-09 04:08:49,270 - INFO -
| Epoch:    950 | Train loss: 5.0407e-01 | Valid loss: 4.3263e-01 | Train acc: 0.6477 ± 0.0000 | Valid acc: 0.7586 ± 0.0000 | Valid Power: 0.0013 | Train Power: 0.0014 | patience:  95 | lr: 0.003125 | Epoch time: 0.1 |

2024-09-09 04:08:49,766 - INFO -
load best network to warm start training with lower lr.

2024-09-09 04:08:49,766 - INFO -
lr update to 0.0015625.

2024-09-09 04:08:50,094 - INFO -
| Epoch:    960 | Train loss: 5.0672e-01 | Valid loss: 4.3178e-01 | Train acc: 0.6477 ± 0.0000 | Valid acc: 0.7586 ± 0.0000 | Valid Power: 0.0014 | Train Power: 0.0014 | patience:   4 | lr: 0.0015625 | Epoch time: 0.1 |

2024-09-09 04:08:50,912 - INFO -
| Epoch:    970 | Train loss: 5.0574e-01 | Valid loss: 4.3178e-01 | Train acc: 0.6477 ± 0.0000 | Valid acc: 0.7586 ± 0.0000 | Valid Power: 0.0014 | Train Power: 0.0015 | patience:  14 | lr: 0.0015625 | Epoch time: 0.1 |

2024-09-09 04:08:51,729 - INFO -
| Epoch:    980 | Train loss: 5.0520e-01 | Valid loss: 4.3225e-01 | Train acc: 0.6477 ± 0.0000 | Valid acc: 0.7586 ± 0.0000 | Valid Power: 0.0016 | Train Power: 0.0016 | patience:  24 | lr: 0.0015625 | Epoch time: 0.1 |

2024-09-09 04:08:52,547 - INFO -
| Epoch:    990 | Train loss: 5.0490e-01 | Valid loss: 4.3275e-01 | Train acc: 0.6477 ± 0.0000 | Valid acc: 0.7586 ± 0.0000 | Valid Power: 0.0017 | Train Power: 0.0016 | patience:  34 | lr: 0.0015625 | Epoch time: 0.1 |

2024-09-09 04:08:53,365 - INFO -
| Epoch:   1000 | Train loss: 5.0477e-01 | Valid loss: 4.3316e-01 | Train acc: 0.6477 ± 0.0000 | Valid acc: 0.7586 ± 0.0000 | Valid Power: 0.0018 | Train Power: 0.0017 | patience:  44 | lr: 0.0015625 | Epoch time: 0.1 |

2024-09-09 04:08:54,183 - INFO -
| Epoch:   1010 | Train loss: 5.0472e-01 | Valid loss: 4.3335e-01 | Train acc: 0.6477 ± 0.0000 | Valid acc: 0.7586 ± 0.0000 | Valid Power: 0.0018 | Train Power: 0.0017 | patience:  54 | lr: 0.0015625 | Epoch time: 0.1 |

2024-09-09 04:08:55,000 - INFO -
| Epoch:   1020 | Train loss: 5.0466e-01 | Valid loss: 4.3334e-01 | Train acc: 0.6477 ± 0.0000 | Valid acc: 0.7586 ± 0.0000 | Valid Power: 0.0018 | Train Power: 0.0017 | patience:  64 | lr: 0.0015625 | Epoch time: 0.1 |

2024-09-09 04:08:55,825 - INFO -
| Epoch:   1030 | Train loss: 5.0460e-01 | Valid loss: 4.3322e-01 | Train acc: 0.6477 ± 0.0000 | Valid acc: 0.7586 ± 0.0000 | Valid Power: 0.0018 | Train Power: 0.0017 | patience:  74 | lr: 0.0015625 | Epoch time: 0.1 |

2024-09-09 04:08:56,643 - INFO -
| Epoch:   1040 | Train loss: 5.0454e-01 | Valid loss: 4.3309e-01 | Train acc: 0.6477 ± 0.0000 | Valid acc: 0.7586 ± 0.0000 | Valid Power: 0.0018 | Train Power: 0.0017 | patience:  84 | lr: 0.0015625 | Epoch time: 0.1 |

2024-09-09 04:08:57,463 - INFO -
| Epoch:   1050 | Train loss: 5.0448e-01 | Valid loss: 4.3299e-01 | Train acc: 0.6477 ± 0.0000 | Valid acc: 0.7586 ± 0.0000 | Valid Power: 0.0018 | Train Power: 0.0017 | patience:  94 | lr: 0.0015625 | Epoch time: 0.1 |

2024-09-09 04:08:58,039 - INFO -
load best network to warm start training with lower lr.

2024-09-09 04:08:58,040 - INFO -
lr update to 0.00078125.

2024-09-09 04:08:58,284 - INFO -
| Epoch:   1060 | Train loss: 5.0677e-01 | Valid loss: 4.3165e-01 | Train acc: 0.6477 ± 0.0000 | Valid acc: 0.7586 ± 0.0000 | Valid Power: 0.0013 | Train Power: 0.0014 | patience:   3 | lr: 0.00078125 | Epoch time: 0.1 |

2024-09-09 04:08:59,102 - INFO -
| Epoch:   1070 | Train loss: 5.0634e-01 | Valid loss: 4.3169e-01 | Train acc: 0.6477 ± 0.0000 | Valid acc: 0.7586 ± 0.0000 | Valid Power: 0.0013 | Train Power: 0.0014 | patience:  13 | lr: 0.00078125 | Epoch time: 0.1 |

2024-09-09 04:08:59,921 - INFO -
| Epoch:   1080 | Train loss: 5.0589e-01 | Valid loss: 4.3171e-01 | Train acc: 0.6477 ± 0.0000 | Valid acc: 0.7586 ± 0.0000 | Valid Power: 0.0014 | Train Power: 0.0014 | patience:  23 | lr: 0.00078125 | Epoch time: 0.1 |

2024-09-09 04:09:00,740 - INFO -
| Epoch:   1090 | Train loss: 5.0553e-01 | Valid loss: 4.3189e-01 | Train acc: 0.6477 ± 0.0000 | Valid acc: 0.7586 ± 0.0000 | Valid Power: 0.0014 | Train Power: 0.0014 | patience:  33 | lr: 0.00078125 | Epoch time: 0.1 |

2024-09-09 04:09:01,559 - INFO -
| Epoch:   1100 | Train loss: 5.0526e-01 | Valid loss: 4.3207e-01 | Train acc: 0.6477 ± 0.0000 | Valid acc: 0.7586 ± 0.0000 | Valid Power: 0.0014 | Train Power: 0.0014 | patience:  43 | lr: 0.00078125 | Epoch time: 0.1 |

2024-09-09 04:09:02,376 - INFO -
| Epoch:   1110 | Train loss: 5.0507e-01 | Valid loss: 4.3229e-01 | Train acc: 0.6477 ± 0.0000 | Valid acc: 0.7586 ± 0.0000 | Valid Power: 0.0014 | Train Power: 0.0014 | patience:  53 | lr: 0.00078125 | Epoch time: 0.1 |

2024-09-09 04:09:03,192 - INFO -
| Epoch:   1120 | Train loss: 5.0493e-01 | Valid loss: 4.3250e-01 | Train acc: 0.6477 ± 0.0000 | Valid acc: 0.7586 ± 0.0000 | Valid Power: 0.0014 | Train Power: 0.0014 | patience:  63 | lr: 0.00078125 | Epoch time: 0.1 |

2024-09-09 04:09:04,008 - INFO -
| Epoch:   1130 | Train loss: 5.0484e-01 | Valid loss: 4.3270e-01 | Train acc: 0.6477 ± 0.0000 | Valid acc: 0.7586 ± 0.0000 | Valid Power: 0.0014 | Train Power: 0.0014 | patience:  73 | lr: 0.00078125 | Epoch time: 0.1 |

2024-09-09 04:09:04,827 - INFO -
| Epoch:   1140 | Train loss: 5.0477e-01 | Valid loss: 4.3286e-01 | Train acc: 0.6477 ± 0.0000 | Valid acc: 0.7586 ± 0.0000 | Valid Power: 0.0014 | Train Power: 0.0014 | patience:  83 | lr: 0.00078125 | Epoch time: 0.1 |

2024-09-09 04:09:05,644 - INFO -
| Epoch:   1150 | Train loss: 5.0473e-01 | Valid loss: 4.3298e-01 | Train acc: 0.6477 ± 0.0000 | Valid acc: 0.7586 ± 0.0000 | Valid Power: 0.0014 | Train Power: 0.0014 | patience:  93 | lr: 0.00078125 | Epoch time: 0.1 |

2024-09-09 04:09:06,300 - INFO -
load best network to warm start training with lower lr.

2024-09-09 04:09:06,300 - INFO -
lr update to 0.000390625.

2024-09-09 04:09:06,463 - INFO -
| Epoch:   1160 | Train loss: 5.0705e-01 | Valid loss: 4.3157e-01 | Train acc: 0.6477 ± 0.0000 | Valid acc: 0.7586 ± 0.0000 | Valid Power: 0.0013 | Train Power: 0.0014 | patience:   2 | lr: 0.000390625 | Epoch time: 0.1 |

2024-09-09 04:09:07,278 - INFO -
| Epoch:   1170 | Train loss: 5.0664e-01 | Valid loss: 4.3169e-01 | Train acc: 0.6477 ± 0.0000 | Valid acc: 0.7586 ± 0.0000 | Valid Power: 0.0013 | Train Power: 0.0014 | patience:  12 | lr: 0.000390625 | Epoch time: 0.1 |

2024-09-09 04:09:08,093 - INFO -
| Epoch:   1180 | Train loss: 5.0636e-01 | Valid loss: 4.3165e-01 | Train acc: 0.6477 ± 0.0000 | Valid acc: 0.7586 ± 0.0000 | Valid Power: 0.0013 | Train Power: 0.0014 | patience:  22 | lr: 0.000390625 | Epoch time: 0.1 |

2024-09-09 04:09:08,906 - INFO -
| Epoch:   1190 | Train loss: 5.0613e-01 | Valid loss: 4.3164e-01 | Train acc: 0.6477 ± 0.0000 | Valid acc: 0.7586 ± 0.0000 | Valid Power: 0.0013 | Train Power: 0.0014 | patience:  32 | lr: 0.000390625 | Epoch time: 0.1 |

2024-09-09 04:09:09,721 - INFO -
| Epoch:   1200 | Train loss: 5.0592e-01 | Valid loss: 4.3171e-01 | Train acc: 0.6477 ± 0.0000 | Valid acc: 0.7586 ± 0.0000 | Valid Power: 0.0013 | Train Power: 0.0014 | patience:  42 | lr: 0.000390625 | Epoch time: 0.1 |

2024-09-09 04:09:10,534 - INFO -
| Epoch:   1210 | Train loss: 5.0574e-01 | Valid loss: 4.3176e-01 | Train acc: 0.6477 ± 0.0000 | Valid acc: 0.7586 ± 0.0000 | Valid Power: 0.0013 | Train Power: 0.0014 | patience:  52 | lr: 0.000390625 | Epoch time: 0.1 |

2024-09-09 04:09:11,349 - INFO -
| Epoch:   1220 | Train loss: 5.0558e-01 | Valid loss: 4.3183e-01 | Train acc: 0.6477 ± 0.0000 | Valid acc: 0.7586 ± 0.0000 | Valid Power: 0.0013 | Train Power: 0.0014 | patience:  62 | lr: 0.000390625 | Epoch time: 0.1 |

2024-09-09 04:09:12,165 - INFO -
| Epoch:   1230 | Train loss: 5.0543e-01 | Valid loss: 4.3191e-01 | Train acc: 0.6477 ± 0.0000 | Valid acc: 0.7586 ± 0.0000 | Valid Power: 0.0013 | Train Power: 0.0014 | patience:  72 | lr: 0.000390625 | Epoch time: 0.1 |

2024-09-09 04:09:12,978 - INFO -
| Epoch:   1240 | Train loss: 5.0531e-01 | Valid loss: 4.3200e-01 | Train acc: 0.6477 ± 0.0000 | Valid acc: 0.7586 ± 0.0000 | Valid Power: 0.0013 | Train Power: 0.0014 | patience:  82 | lr: 0.000390625 | Epoch time: 0.1 |

2024-09-09 04:09:13,792 - INFO -
| Epoch:   1250 | Train loss: 5.0520e-01 | Valid loss: 4.3209e-01 | Train acc: 0.6477 ± 0.0000 | Valid acc: 0.7586 ± 0.0000 | Valid Power: 0.0013 | Train Power: 0.0014 | patience:  92 | lr: 0.000390625 | Epoch time: 0.1 |

2024-09-09 04:09:14,526 - INFO -
load best network to warm start training with lower lr.

2024-09-09 04:09:14,526 - INFO -
lr update to 0.0001953125.

2024-09-09 04:09:14,608 - INFO -
| Epoch:   1260 | Train loss: 5.0732e-01 | Valid loss: 4.3154e-01 | Train acc: 0.6477 ± 0.0000 | Valid acc: 0.7586 ± 0.0000 | Valid Power: 0.0013 | Train Power: 0.0014 | patience:   1 | lr: 0.0001953125 | Epoch time: 0.1 |

2024-09-09 04:09:15,419 - INFO -
| Epoch:   1270 | Train loss: 5.0674e-01 | Valid loss: 4.3163e-01 | Train acc: 0.6477 ± 0.0000 | Valid acc: 0.7586 ± 0.0000 | Valid Power: 0.0013 | Train Power: 0.0014 | patience:  11 | lr: 0.0001953125 | Epoch time: 0.1 |

2024-09-09 04:09:16,231 - INFO -
| Epoch:   1280 | Train loss: 5.0663e-01 | Valid loss: 4.3166e-01 | Train acc: 0.6477 ± 0.0000 | Valid acc: 0.7586 ± 0.0000 | Valid Power: 0.0013 | Train Power: 0.0014 | patience:  21 | lr: 0.0001953125 | Epoch time: 0.1 |

2024-09-09 04:09:17,041 - INFO -
| Epoch:   1290 | Train loss: 5.0650e-01 | Valid loss: 4.3164e-01 | Train acc: 0.6477 ± 0.0000 | Valid acc: 0.7586 ± 0.0000 | Valid Power: 0.0013 | Train Power: 0.0014 | patience:  31 | lr: 0.0001953125 | Epoch time: 0.1 |

2024-09-09 04:09:17,852 - INFO -
| Epoch:   1300 | Train loss: 5.0637e-01 | Valid loss: 4.3162e-01 | Train acc: 0.6477 ± 0.0000 | Valid acc: 0.7586 ± 0.0000 | Valid Power: 0.0013 | Train Power: 0.0014 | patience:  41 | lr: 0.0001953125 | Epoch time: 0.1 |

2024-09-09 04:09:18,663 - INFO -
| Epoch:   1310 | Train loss: 5.0625e-01 | Valid loss: 4.3163e-01 | Train acc: 0.6477 ± 0.0000 | Valid acc: 0.7586 ± 0.0000 | Valid Power: 0.0013 | Train Power: 0.0014 | patience:  51 | lr: 0.0001953125 | Epoch time: 0.1 |

2024-09-09 04:09:19,475 - INFO -
| Epoch:   1320 | Train loss: 5.0614e-01 | Valid loss: 4.3165e-01 | Train acc: 0.6477 ± 0.0000 | Valid acc: 0.7586 ± 0.0000 | Valid Power: 0.0013 | Train Power: 0.0014 | patience:  61 | lr: 0.0001953125 | Epoch time: 0.1 |

2024-09-09 04:09:20,286 - INFO -
| Epoch:   1330 | Train loss: 5.0604e-01 | Valid loss: 4.3167e-01 | Train acc: 0.6477 ± 0.0000 | Valid acc: 0.7586 ± 0.0000 | Valid Power: 0.0013 | Train Power: 0.0014 | patience:  71 | lr: 0.0001953125 | Epoch time: 0.1 |

2024-09-09 04:09:21,099 - INFO -
| Epoch:   1340 | Train loss: 5.0594e-01 | Valid loss: 4.3169e-01 | Train acc: 0.6477 ± 0.0000 | Valid acc: 0.7586 ± 0.0000 | Valid Power: 0.0013 | Train Power: 0.0014 | patience:  81 | lr: 0.0001953125 | Epoch time: 0.1 |

2024-09-09 04:09:21,915 - INFO -
| Epoch:   1350 | Train loss: 5.0585e-01 | Valid loss: 4.3171e-01 | Train acc: 0.6477 ± 0.0000 | Valid acc: 0.7586 ± 0.0000 | Valid Power: 0.0013 | Train Power: 0.0014 | patience:  91 | lr: 0.0001953125 | Epoch time: 0.1 |

2024-09-09 04:09:22,732 - INFO -
load best network to warm start training with lower lr.

2024-09-09 04:09:22,732 - INFO -
lr update to 9.765625e-05.

2024-09-09 04:09:22,733 - INFO -
Early stop.

2024-09-09 04:09:22,740 - INFO -
Training if finished.

2024-09-09 16:19:07,084 - INFO -
Configuration: 
gmin                0.01
gmax                10.0
T                   0.1
m                   0.3
type_nonlinear      normal
act                 tanh
ACT_R1n             12.7865
ACT_R2n             -3.1871
ACT_W1n             -10.4537
ACT_L1n             10.546
ACT_W2n             -5.8496
ACT_L2n             4.2337
S_R1n               -11.7481
S_R2n               -0.3905
S_W1n               -9.169
S_L1n               0.3913
S_W2n               7.2004
S_L2n               15.5558
ReLU_RHn            -1.9557
ReLU_RLn            -20.1581
ReLU_RDn            16.6486
ReLU_RBn            -14.3472
ReLU_Wn             16.655
ReLU_Ln             -21.7591
HS_Rn               -0.3766
HS_Wn               0.5192
HS_Ln               4.6293
NEG_R1n             -7.0846
NEG_R2n             -2.5695
NEG_R3n             16.1542
NEG_W1n             13.8696
NEG_L1n             2.7635
NEG_W2n             1.2674
NEG_L2n             -10.4803
NEG_W3n             -6.4386
NEG_L3n             5.1005
task                normal
DATASET             6
DataPath            ./dataset
InputNoise          0.0
IN_test             0.0
R_train             1
R_test              1
N_time              32
pathnorm            False
hidden              [3]
skipconnection      False
SEED                6
DEVICE              cpu
PATIENCE            500
EPOCH               10000000000
LR                  0.1
PROGRESSIVE         True
LR_PATIENCE         100
LR_DECAY            0.5
LR_MIN              0.0001
metric              acc
SoftEva             True
TIMELIMITATION      71
MODE                nominal
M_train             1
K_train             1
M_test              1
K_test              1
t_test_max          1
integration         MC
N_train             1
e_train             0.0
N_test              100
e_test              0.1
e_fault             2
fault_ratio         0.0
N_fault             50
e_fault_test        0
N_fault_test        50
dropout             0.0
lagrangian_loss     False
rho                 100
powerestimator      none
powerbalance        0.0
estimatorbalance    0.0
pgmin               1e-07
power_ratio         1000
lambda_P            100
areaestimator       none
areabalance         0.0
area_theta          0.15
area_act            30.0
area_neg            22.7
lambda_A            0.001
lnc                 False
projectname         tanh_0_FaultAnalysisNormal
temppath            ./tanh_0_FaultAnalysisNormal/temp/
logfilepath         ./tanh_0_FaultAnalysisNormal/log/
report_freq         10
recording           False
recordpath          ./tanh_0_FaultAnalysisNormal/record/
savepath            ./tanh_0_FaultAnalysisNormal/models/
loglevel            info


2024-09-09 16:19:07,094 - INFO -
Training network on device: cpu.

2024-09-09 16:19:07,094 - INFO -
Training setup: data_06_iris_seed_06_epsilon_0.0_dropout_0.0_fault_ratio_0.0.model.

2024-09-09 16:19:07,095 - INFO -
{'dataname': 'iris', 'N_feature': 4, 'N_class': 3, 'N_train': 88, 'N_valid': 29, 'N_test': 31}

2024-09-09 16:19:07,095 - INFO -
Training was already finished.

2024-09-11 18:17:02,188 - INFO -
Configuration: 
gmin                0.01
gmax                10.0
T                   0.1
m                   0.3
type_nonlinear      normal
act                 tanh
ACT_R1n             12.7865
ACT_R2n             -3.1871
ACT_W1n             -10.4537
ACT_L1n             10.546
ACT_W2n             -5.8496
ACT_L2n             4.2337
S_R1n               -11.7481
S_R2n               -0.3905
S_W1n               -9.169
S_L1n               0.3913
S_W2n               7.2004
S_L2n               15.5558
ReLU_RHn            -1.9557
ReLU_RLn            -20.1581
ReLU_RDn            16.6486
ReLU_RBn            -14.3472
ReLU_Wn             16.655
ReLU_Ln             -21.7591
HS_Rn               -0.3766
HS_Wn               0.5192
HS_Ln               4.6293
NEG_R1n             -7.0846
NEG_R2n             -2.5695
NEG_R3n             16.1542
NEG_W1n             13.8696
NEG_L1n             2.7635
NEG_W2n             1.2674
NEG_L2n             -10.4803
NEG_W3n             -6.4386
NEG_L3n             5.1005
task                normal
DATASET             6
DataPath            ./dataset
InputNoise          0.0
IN_test             0.0
R_train             1
R_test              1
N_time              32
pathnorm            False
hidden              [3]
skipconnection      False
SEED                6
DEVICE              cpu
PATIENCE            500
EPOCH               10000000000
LR                  0.1
PROGRESSIVE         True
LR_PATIENCE         100
LR_DECAY            0.5
LR_MIN              0.0001
metric              acc
SoftEva             True
TIMELIMITATION      71
MODE                nominal
M_train             1
K_train             1
M_test              1
K_test              1
t_test_max          1
integration         MC
N_train             1
e_train             0.0
N_test              100
e_test              0.1
e_fault             2
fault_ratio         0.0
N_fault             50
e_fault_test        0
N_fault_test        50
dropout             0.0
lagrangian_loss     False
rho                 100
powerestimator      none
powerbalance        0.0
estimatorbalance    0.0
pgmin               1e-07
power_ratio         1000
lambda_P            100
areaestimator       none
areabalance         0.0
area_theta          0.15
area_act            30.0
area_neg            22.7
lambda_A            0.001
lnc                 False
projectname         tanh_0_FaultAnalysisNormal
temppath            ./tanh_0_FaultAnalysisNormal/temp/
logfilepath         ./tanh_0_FaultAnalysisNormal/log/
report_freq         10
recording           False
recordpath          ./tanh_0_FaultAnalysisNormal/record/
savepath            ./tanh_0_FaultAnalysisNormal/models/
loglevel            info


2024-09-11 18:17:02,199 - INFO -
Training network on device: cpu.

2024-09-11 18:17:02,199 - INFO -
Training setup: data_06_iris_seed_06_epsilon_0.0_dropout_0.0_fault_ratio_0.0.model.

2024-09-11 18:17:02,199 - INFO -
{'dataname': 'iris', 'N_feature': 4, 'N_class': 3, 'N_train': 88, 'N_valid': 29, 'N_test': 31}

2024-09-11 18:17:02,207 - INFO -
Training was already finished.

2024-09-12 04:38:03,419 - INFO -
Configuration: 
gmin                0.01
gmax                10.0
T                   0.1
m                   0.3
type_nonlinear      normal
act                 tanh
ACT_R1n             12.7865
ACT_R2n             -3.1871
ACT_W1n             -10.4537
ACT_L1n             10.546
ACT_W2n             -5.8496
ACT_L2n             4.2337
S_R1n               -11.7481
S_R2n               -0.3905
S_W1n               -9.169
S_L1n               0.3913
S_W2n               7.2004
S_L2n               15.5558
ReLU_RHn            -1.9557
ReLU_RLn            -20.1581
ReLU_RDn            16.6486
ReLU_RBn            -14.3472
ReLU_Wn             16.655
ReLU_Ln             -21.7591
HS_Rn               -0.3766
HS_Wn               0.5192
HS_Ln               4.6293
NEG_R1n             -7.0846
NEG_R2n             -2.5695
NEG_R3n             16.1542
NEG_W1n             13.8696
NEG_L1n             2.7635
NEG_W2n             1.2674
NEG_L2n             -10.4803
NEG_W3n             -6.4386
NEG_L3n             5.1005
task                normal
DATASET             6
DataPath            ./dataset
InputNoise          0.0
IN_test             0.0
R_train             1
R_test              1
N_time              32
pathnorm            False
hidden              [3]
skipconnection      False
SEED                6
DEVICE              cpu
PATIENCE            500
EPOCH               10000000000
LR                  0.1
PROGRESSIVE         True
LR_PATIENCE         100
LR_DECAY            0.5
LR_MIN              0.0001
metric              acc
SoftEva             True
TIMELIMITATION      71
MODE                nominal
M_train             1
K_train             1
M_test              1
K_test              1
t_test_max          1
integration         MC
N_train             1
e_train             0.0
N_test              100
e_test              0.1
e_fault             2
fault_ratio         0.0
N_fault             50
e_fault_test        0
N_fault_test        50
dropout             0.0
lagrangian_loss     False
rho                 100
powerestimator      none
powerbalance        0.0
estimatorbalance    0.0
pgmin               1e-07
power_ratio         1000
lambda_P            100
areaestimator       none
areabalance         0.0
area_theta          0.15
area_act            30.0
area_neg            22.7
lambda_A            0.001
lnc                 False
projectname         tanh_0_FaultAnalysisNormal
temppath            ./tanh_0_FaultAnalysisNormal/temp/
logfilepath         ./tanh_0_FaultAnalysisNormal/log/
report_freq         10
recording           False
recordpath          ./tanh_0_FaultAnalysisNormal/record/
savepath            ./tanh_0_FaultAnalysisNormal/models/
loglevel            info


2024-09-12 04:38:03,441 - INFO -
Training network on device: cpu.

2024-09-12 04:38:03,441 - INFO -
Training setup: data_06_iris_seed_06_epsilon_0.0_dropout_0.0_fault_ratio_0.0.model.

2024-09-12 04:38:03,441 - INFO -
{'dataname': 'iris', 'N_feature': 4, 'N_class': 3, 'N_train': 88, 'N_valid': 29, 'N_test': 31}

2024-09-12 04:38:03,445 - INFO -
Training was already finished.

