2024-09-09 04:07:29,241 - INFO -
Configuration: 
gmin                0.01
gmax                10.0
T                   0.1
m                   0.3
type_nonlinear      normal
act                 tanh
ACT_R1n             12.7865
ACT_R2n             -3.1871
ACT_W1n             -10.4537
ACT_L1n             10.546
ACT_W2n             -5.8496
ACT_L2n             4.2337
S_R1n               -11.7481
S_R2n               -0.3905
S_W1n               -9.169
S_L1n               0.3913
S_W2n               7.2004
S_L2n               15.5558
ReLU_RHn            -1.9557
ReLU_RLn            -20.1581
ReLU_RDn            16.6486
ReLU_RBn            -14.3472
ReLU_Wn             16.655
ReLU_Ln             -21.7591
HS_Rn               -0.3766
HS_Wn               0.5192
HS_Ln               4.6293
NEG_R1n             -7.0846
NEG_R2n             -2.5695
NEG_R3n             16.1542
NEG_W1n             13.8696
NEG_L1n             2.7635
NEG_W2n             1.2674
NEG_L2n             -10.4803
NEG_W3n             -6.4386
NEG_L3n             5.1005
task                normal
DATASET             5
DataPath            ./dataset
InputNoise          0.0
IN_test             0.0
R_train             1
R_test              1
N_time              32
pathnorm            False
hidden              [3]
skipconnection      False
SEED                6
DEVICE              cpu
PATIENCE            500
EPOCH               10000000000
LR                  0.1
PROGRESSIVE         True
LR_PATIENCE         100
LR_DECAY            0.5
LR_MIN              0.0001
metric              acc
SoftEva             True
TIMELIMITATION      71
MODE                nominal
M_train             1
K_train             1
M_test              1
K_test              1
t_test_max          1
integration         MC
N_train             1
e_train             0.0
N_test              100
e_test              0.1
e_fault             2
fault_ratio         0.0
N_fault             50
e_fault_test        0
N_fault_test        50
dropout             0.0
lagrangian_loss     False
rho                 100
powerestimator      none
powerbalance        0.0
estimatorbalance    0.0
pgmin               1e-07
power_ratio         1000
lambda_P            100
areaestimator       none
areabalance         0.0
area_theta          0.15
area_act            30.0
area_neg            22.7
lambda_A            0.001
lnc                 False
projectname         tanh_0_FaultAnalysisNormal
temppath            ./tanh_0_FaultAnalysisNormal/temp/
logfilepath         ./tanh_0_FaultAnalysisNormal/log/
report_freq         10
recording           False
recordpath          ./tanh_0_FaultAnalysisNormal/record/
savepath            ./tanh_0_FaultAnalysisNormal/models/
loglevel            info


2024-09-09 04:07:29,241 - INFO -
Training network on device: cpu.

2024-09-09 04:07:29,241 - INFO -
Training setup: data_05_energyy2_seed_06_epsilon_0.0_dropout_0.0_fault_ratio_0.0.model.

2024-09-09 04:07:29,241 - INFO -
{'dataname': 'energyy2', 'N_feature': 8, 'N_class': 3, 'N_train': 397, 'N_valid': 127, 'N_test': 79}

2024-09-09 04:07:29,242 - INFO -
Topology of the network: [8, 3, 3].

2024-09-09 04:07:31,213 - INFO -
| Epoch:      0 | Train loss: 1.0986e+00 | Valid loss: 1.0714e+00 | Train acc: 0.4332 ± 0.0000 | Valid acc: 0.4882 ± 0.0000 | Valid Power: 0.0009 | Train Power: 0.0005 | patience:   0 | lr: 0.1 | Epoch time: 0.2 |

2024-09-09 04:07:32,994 - INFO -
| Epoch:     10 | Train loss: 7.5194e-01 | Valid loss: 7.3950e-01 | Train acc: 0.7305 ± 0.0000 | Valid acc: 0.7559 ± 0.0000 | Valid Power: 0.0009 | Train Power: 0.0009 | patience:   0 | lr: 0.1 | Epoch time: 0.2 |

2024-09-09 04:07:34,754 - INFO -
| Epoch:     20 | Train loss: 6.1660e-01 | Valid loss: 6.1765e-01 | Train acc: 0.7154 ± 0.0000 | Valid acc: 0.7008 ± 0.0000 | Valid Power: 0.0009 | Train Power: 0.0010 | patience:   0 | lr: 0.1 | Epoch time: 0.2 |

2024-09-09 04:07:36,541 - INFO -
| Epoch:     30 | Train loss: 5.9178e-01 | Valid loss: 5.9569e-01 | Train acc: 0.7305 ± 0.0000 | Valid acc: 0.7480 ± 0.0000 | Valid Power: 0.0011 | Train Power: 0.0011 | patience:   0 | lr: 0.1 | Epoch time: 0.2 |

2024-09-09 04:07:38,302 - INFO -
| Epoch:     40 | Train loss: 5.8215e-01 | Valid loss: 5.8776e-01 | Train acc: 0.7305 ± 0.0000 | Valid acc: 0.7480 ± 0.0000 | Valid Power: 0.0010 | Train Power: 0.0010 | patience:   0 | lr: 0.1 | Epoch time: 0.2 |

2024-09-09 04:07:40,070 - INFO -
| Epoch:     50 | Train loss: 5.7879e-01 | Valid loss: 5.8508e-01 | Train acc: 0.7305 ± 0.0000 | Valid acc: 0.7480 ± 0.0000 | Valid Power: 0.0010 | Train Power: 0.0010 | patience:   0 | lr: 0.1 | Epoch time: 0.2 |

2024-09-09 04:07:41,925 - INFO -
| Epoch:     60 | Train loss: 5.7726e-01 | Valid loss: 5.8382e-01 | Train acc: 0.7305 ± 0.0000 | Valid acc: 0.7480 ± 0.0000 | Valid Power: 0.0010 | Train Power: 0.0010 | patience:   0 | lr: 0.1 | Epoch time: 0.2 |

2024-09-09 04:07:43,695 - INFO -
| Epoch:     70 | Train loss: 5.7636e-01 | Valid loss: 5.8306e-01 | Train acc: 0.7305 ± 0.0000 | Valid acc: 0.7480 ± 0.0000 | Valid Power: 0.0010 | Train Power: 0.0010 | patience:   0 | lr: 0.1 | Epoch time: 0.2 |

2024-09-09 04:07:45,456 - INFO -
| Epoch:     80 | Train loss: 5.7575e-01 | Valid loss: 5.8250e-01 | Train acc: 0.7305 ± 0.0000 | Valid acc: 0.7480 ± 0.0000 | Valid Power: 0.0010 | Train Power: 0.0010 | patience:   0 | lr: 0.1 | Epoch time: 0.2 |

2024-09-09 04:07:47,217 - INFO -
| Epoch:     90 | Train loss: 5.7529e-01 | Valid loss: 5.8207e-01 | Train acc: 0.7305 ± 0.0000 | Valid acc: 0.7480 ± 0.0000 | Valid Power: 0.0010 | Train Power: 0.0010 | patience:   0 | lr: 0.1 | Epoch time: 0.2 |

2024-09-09 04:07:48,777 - INFO -
| Epoch:    100 | Train loss: 5.7491e-01 | Valid loss: 5.8173e-01 | Train acc: 0.7305 ± 0.0000 | Valid acc: 0.7480 ± 0.0000 | Valid Power: 0.0010 | Train Power: 0.0011 | patience:   0 | lr: 0.1 | Epoch time: 0.1 |

2024-09-09 04:07:50,074 - INFO -
| Epoch:    110 | Train loss: 5.7461e-01 | Valid loss: 5.8145e-01 | Train acc: 0.7305 ± 0.0000 | Valid acc: 0.7480 ± 0.0000 | Valid Power: 0.0011 | Train Power: 0.0010 | patience:   0 | lr: 0.1 | Epoch time: 0.1 |

2024-09-09 04:07:51,814 - INFO -
| Epoch:    120 | Train loss: 5.7434e-01 | Valid loss: 5.8121e-01 | Train acc: 0.7305 ± 0.0000 | Valid acc: 0.7480 ± 0.0000 | Valid Power: 0.0013 | Train Power: 0.0012 | patience:   0 | lr: 0.1 | Epoch time: 0.2 |

2024-09-09 04:07:53,600 - INFO -
| Epoch:    130 | Train loss: 5.7412e-01 | Valid loss: 5.8100e-01 | Train acc: 0.7305 ± 0.0000 | Valid acc: 0.7480 ± 0.0000 | Valid Power: 0.0012 | Train Power: 0.0013 | patience:   0 | lr: 0.1 | Epoch time: 0.2 |

2024-09-09 04:07:55,361 - INFO -
| Epoch:    140 | Train loss: 5.7392e-01 | Valid loss: 5.8081e-01 | Train acc: 0.7305 ± 0.0000 | Valid acc: 0.7480 ± 0.0000 | Valid Power: 0.0011 | Train Power: 0.0012 | patience:   0 | lr: 0.1 | Epoch time: 0.2 |

2024-09-09 04:07:57,133 - INFO -
| Epoch:    150 | Train loss: 5.7375e-01 | Valid loss: 5.8065e-01 | Train acc: 0.7305 ± 0.0000 | Valid acc: 0.7480 ± 0.0000 | Valid Power: 0.0011 | Train Power: 0.0011 | patience:   0 | lr: 0.1 | Epoch time: 0.2 |

2024-09-09 04:07:58,896 - INFO -
| Epoch:    160 | Train loss: 5.7359e-01 | Valid loss: 5.8051e-01 | Train acc: 0.7305 ± 0.0000 | Valid acc: 0.7480 ± 0.0000 | Valid Power: 0.0011 | Train Power: 0.0011 | patience:   0 | lr: 0.1 | Epoch time: 0.2 |

2024-09-09 04:08:00,656 - INFO -
| Epoch:    170 | Train loss: 5.7346e-01 | Valid loss: 5.8038e-01 | Train acc: 0.7305 ± 0.0000 | Valid acc: 0.7480 ± 0.0000 | Valid Power: 0.0011 | Train Power: 0.0011 | patience:   0 | lr: 0.1 | Epoch time: 0.2 |

2024-09-09 04:08:02,447 - INFO -
| Epoch:    180 | Train loss: 5.7333e-01 | Valid loss: 5.8026e-01 | Train acc: 0.7305 ± 0.0000 | Valid acc: 0.7480 ± 0.0000 | Valid Power: 0.0011 | Train Power: 0.0011 | patience:   0 | lr: 0.1 | Epoch time: 0.2 |

2024-09-09 04:08:04,211 - INFO -
| Epoch:    190 | Train loss: 5.7322e-01 | Valid loss: 5.8016e-01 | Train acc: 0.7305 ± 0.0000 | Valid acc: 0.7480 ± 0.0000 | Valid Power: 0.0011 | Train Power: 0.0011 | patience:   0 | lr: 0.1 | Epoch time: 0.2 |

2024-09-09 04:08:05,975 - INFO -
| Epoch:    200 | Train loss: 5.7312e-01 | Valid loss: 5.8006e-01 | Train acc: 0.7305 ± 0.0000 | Valid acc: 0.7480 ± 0.0000 | Valid Power: 0.0011 | Train Power: 0.0011 | patience:   0 | lr: 0.1 | Epoch time: 0.2 |

2024-09-09 04:08:07,838 - INFO -
| Epoch:    210 | Train loss: 5.7302e-01 | Valid loss: 5.7996e-01 | Train acc: 0.7305 ± 0.0000 | Valid acc: 0.7480 ± 0.0000 | Valid Power: 0.0011 | Train Power: 0.0011 | patience:   0 | lr: 0.1 | Epoch time: 0.2 |

2024-09-09 04:08:09,602 - INFO -
| Epoch:    220 | Train loss: 5.7293e-01 | Valid loss: 5.7988e-01 | Train acc: 0.7305 ± 0.0000 | Valid acc: 0.7480 ± 0.0000 | Valid Power: 0.0011 | Train Power: 0.0011 | patience:   0 | lr: 0.1 | Epoch time: 0.2 |

2024-09-09 04:08:11,365 - INFO -
| Epoch:    230 | Train loss: 5.7285e-01 | Valid loss: 5.7979e-01 | Train acc: 0.7305 ± 0.0000 | Valid acc: 0.7480 ± 0.0000 | Valid Power: 0.0011 | Train Power: 0.0011 | patience:   0 | lr: 0.1 | Epoch time: 0.2 |

2024-09-09 04:08:13,128 - INFO -
| Epoch:    240 | Train loss: 5.7276e-01 | Valid loss: 5.7970e-01 | Train acc: 0.7305 ± 0.0000 | Valid acc: 0.7480 ± 0.0000 | Valid Power: 0.0011 | Train Power: 0.0011 | patience:   0 | lr: 0.1 | Epoch time: 0.2 |

2024-09-09 04:08:14,893 - INFO -
| Epoch:    250 | Train loss: 5.7267e-01 | Valid loss: 5.7960e-01 | Train acc: 0.7305 ± 0.0000 | Valid acc: 0.7480 ± 0.0000 | Valid Power: 0.0011 | Train Power: 0.0011 | patience:   0 | lr: 0.1 | Epoch time: 0.2 |

2024-09-09 04:08:16,653 - INFO -
| Epoch:    260 | Train loss: 5.7257e-01 | Valid loss: 5.7949e-01 | Train acc: 0.7305 ± 0.0000 | Valid acc: 0.7480 ± 0.0000 | Valid Power: 0.0011 | Train Power: 0.0011 | patience:   0 | lr: 0.1 | Epoch time: 0.2 |

2024-09-09 04:08:18,413 - INFO -
| Epoch:    270 | Train loss: 5.7245e-01 | Valid loss: 5.7935e-01 | Train acc: 0.7305 ± 0.0000 | Valid acc: 0.7480 ± 0.0000 | Valid Power: 0.0011 | Train Power: 0.0012 | patience:   0 | lr: 0.1 | Epoch time: 0.2 |

2024-09-09 04:08:20,188 - INFO -
| Epoch:    280 | Train loss: 5.7227e-01 | Valid loss: 5.7914e-01 | Train acc: 0.7305 ± 0.0000 | Valid acc: 0.7480 ± 0.0000 | Valid Power: 0.0012 | Train Power: 0.0012 | patience:   0 | lr: 0.1 | Epoch time: 0.2 |

2024-09-09 04:08:21,952 - INFO -
| Epoch:    290 | Train loss: 5.7194e-01 | Valid loss: 5.7875e-01 | Train acc: 0.7305 ± 0.0000 | Valid acc: 0.7480 ± 0.0000 | Valid Power: 0.0012 | Train Power: 0.0012 | patience:   0 | lr: 0.1 | Epoch time: 0.2 |

2024-09-09 04:08:23,805 - INFO -
| Epoch:    300 | Train loss: 5.7109e-01 | Valid loss: 5.7768e-01 | Train acc: 0.7305 ± 0.0000 | Valid acc: 0.7480 ± 0.0000 | Valid Power: 0.0012 | Train Power: 0.0012 | patience:   0 | lr: 0.1 | Epoch time: 0.2 |

2024-09-09 04:08:25,564 - INFO -
| Epoch:    310 | Train loss: 5.6707e-01 | Valid loss: 5.7233e-01 | Train acc: 0.7305 ± 0.0000 | Valid acc: 0.7480 ± 0.0000 | Valid Power: 0.0012 | Train Power: 0.0012 | patience:   0 | lr: 0.1 | Epoch time: 0.2 |

2024-09-09 04:08:27,323 - INFO -
| Epoch:    320 | Train loss: 5.5511e-01 | Valid loss: 5.5856e-01 | Train acc: 0.7305 ± 0.0000 | Valid acc: 0.7480 ± 0.0000 | Valid Power: 0.0012 | Train Power: 0.0012 | patience:   0 | lr: 0.1 | Epoch time: 0.2 |

2024-09-09 04:08:29,071 - INFO -
| Epoch:    330 | Train loss: 5.4038e-01 | Valid loss: 5.4404e-01 | Train acc: 0.7305 ± 0.0000 | Valid acc: 0.7480 ± 0.0000 | Valid Power: 0.0012 | Train Power: 0.0012 | patience:   0 | lr: 0.1 | Epoch time: 0.2 |

2024-09-09 04:08:30,818 - INFO -
| Epoch:    340 | Train loss: 5.3489e-01 | Valid loss: 5.3187e-01 | Train acc: 0.7305 ± 0.0000 | Valid acc: 0.7480 ± 0.0000 | Valid Power: 0.0012 | Train Power: 0.0012 | patience:   2 | lr: 0.1 | Epoch time: 0.2 |

2024-09-09 04:08:32,558 - INFO -
| Epoch:    350 | Train loss: 5.2002e-01 | Valid loss: 5.4393e-01 | Train acc: 0.7305 ± 0.0000 | Valid acc: 0.7480 ± 0.0000 | Valid Power: 0.0012 | Train Power: 0.0012 | patience:   1 | lr: 0.1 | Epoch time: 0.2 |

2024-09-09 04:08:34,286 - INFO -
| Epoch:    360 | Train loss: 5.3795e-01 | Valid loss: 5.4505e-01 | Train acc: 0.7305 ± 0.0000 | Valid acc: 0.7480 ± 0.0000 | Valid Power: 0.0012 | Train Power: 0.0012 | patience:  11 | lr: 0.1 | Epoch time: 0.2 |

2024-09-09 04:08:36,018 - INFO -
| Epoch:    370 | Train loss: 5.2026e-01 | Valid loss: 5.5049e-01 | Train acc: 0.7305 ± 0.0000 | Valid acc: 0.7480 ± 0.0000 | Valid Power: 0.0012 | Train Power: 0.0012 | patience:  21 | lr: 0.1 | Epoch time: 0.2 |

2024-09-09 04:08:37,747 - INFO -
| Epoch:    380 | Train loss: 5.2641e-01 | Valid loss: 5.3691e-01 | Train acc: 0.7305 ± 0.0000 | Valid acc: 0.7480 ± 0.0000 | Valid Power: 0.0012 | Train Power: 0.0012 | patience:  31 | lr: 0.1 | Epoch time: 0.2 |

2024-09-09 04:08:39,473 - INFO -
| Epoch:    390 | Train loss: 5.1869e-01 | Valid loss: 5.3034e-01 | Train acc: 0.7305 ± 0.0000 | Valid acc: 0.7480 ± 0.0000 | Valid Power: 0.0012 | Train Power: 0.0012 | patience:  41 | lr: 0.1 | Epoch time: 0.2 |

2024-09-09 04:08:41,206 - INFO -
| Epoch:    400 | Train loss: 5.5527e-01 | Valid loss: 5.6669e-01 | Train acc: 0.7305 ± 0.0000 | Valid acc: 0.7480 ± 0.0000 | Valid Power: 0.0012 | Train Power: 0.0012 | patience:   5 | lr: 0.1 | Epoch time: 0.2 |

2024-09-09 04:08:42,930 - INFO -
| Epoch:    410 | Train loss: 5.4074e-01 | Valid loss: 5.3645e-01 | Train acc: 0.7305 ± 0.0000 | Valid acc: 0.7480 ± 0.0000 | Valid Power: 0.0012 | Train Power: 0.0012 | patience:  15 | lr: 0.1 | Epoch time: 0.2 |

2024-09-09 04:08:44,660 - INFO -
| Epoch:    420 | Train loss: 5.2377e-01 | Valid loss: 5.4881e-01 | Train acc: 0.7305 ± 0.0000 | Valid acc: 0.7480 ± 0.0000 | Valid Power: 0.0012 | Train Power: 0.0012 | patience:  25 | lr: 0.1 | Epoch time: 0.2 |

2024-09-09 04:08:46,385 - INFO -
| Epoch:    430 | Train loss: 5.3848e-01 | Valid loss: 5.5364e-01 | Train acc: 0.7557 ± 0.0000 | Valid acc: 0.7638 ± 0.0000 | Valid Power: 0.0012 | Train Power: 0.0012 | patience:  35 | lr: 0.1 | Epoch time: 0.2 |

2024-09-09 04:08:48,111 - INFO -
| Epoch:    440 | Train loss: 5.2759e-01 | Valid loss: 5.4031e-01 | Train acc: 0.7305 ± 0.0000 | Valid acc: 0.7480 ± 0.0000 | Valid Power: 0.0013 | Train Power: 0.0012 | patience:  45 | lr: 0.1 | Epoch time: 0.2 |

2024-09-09 04:08:49,838 - INFO -
| Epoch:    450 | Train loss: 5.2335e-01 | Valid loss: 5.3862e-01 | Train acc: 0.7305 ± 0.0000 | Valid acc: 0.7480 ± 0.0000 | Valid Power: 0.0012 | Train Power: 0.0012 | patience:  55 | lr: 0.1 | Epoch time: 0.2 |

2024-09-09 04:08:51,570 - INFO -
| Epoch:    460 | Train loss: 5.2258e-01 | Valid loss: 5.3490e-01 | Train acc: 0.7305 ± 0.0000 | Valid acc: 0.7480 ± 0.0000 | Valid Power: 0.0012 | Train Power: 0.0012 | patience:  65 | lr: 0.1 | Epoch time: 0.2 |

2024-09-09 04:08:53,390 - INFO -
| Epoch:    470 | Train loss: 5.1907e-01 | Valid loss: 5.2945e-01 | Train acc: 0.7305 ± 0.0000 | Valid acc: 0.7480 ± 0.0000 | Valid Power: 0.0012 | Train Power: 0.0012 | patience:  75 | lr: 0.1 | Epoch time: 0.3 |

2024-09-09 04:08:55,115 - INFO -
| Epoch:    480 | Train loss: 5.1959e-01 | Valid loss: 5.2900e-01 | Train acc: 0.7305 ± 0.0000 | Valid acc: 0.7480 ± 0.0000 | Valid Power: 0.0012 | Train Power: 0.0012 | patience:  85 | lr: 0.1 | Epoch time: 0.2 |

2024-09-09 04:08:56,875 - INFO -
| Epoch:    490 | Train loss: 5.1684e-01 | Valid loss: 5.2044e-01 | Train acc: 0.7305 ± 0.0000 | Valid acc: 0.7480 ± 0.0000 | Valid Power: 0.0012 | Train Power: 0.0012 | patience:   0 | lr: 0.1 | Epoch time: 0.2 |

2024-09-09 04:08:58,615 - INFO -
| Epoch:    500 | Train loss: 5.1447e-01 | Valid loss: 5.1830e-01 | Train acc: 0.7305 ± 0.0000 | Valid acc: 0.7480 ± 0.0000 | Valid Power: 0.0015 | Train Power: 0.0013 | patience:   0 | lr: 0.1 | Epoch time: 0.2 |

2024-09-09 04:09:00,360 - INFO -
| Epoch:    510 | Train loss: 5.1381e-01 | Valid loss: 5.1676e-01 | Train acc: 0.7305 ± 0.0000 | Valid acc: 0.7480 ± 0.0000 | Valid Power: 0.0020 | Train Power: 0.0016 | patience:   4 | lr: 0.1 | Epoch time: 0.2 |

2024-09-09 04:09:02,127 - INFO -
| Epoch:    520 | Train loss: 5.1327e-01 | Valid loss: 5.1406e-01 | Train acc: 0.7305 ± 0.0000 | Valid acc: 0.7480 ± 0.0000 | Valid Power: 0.0013 | Train Power: 0.0013 | patience:   0 | lr: 0.1 | Epoch time: 0.2 |

2024-09-09 04:09:03,878 - INFO -
| Epoch:    530 | Train loss: 5.1284e-01 | Valid loss: 5.1310e-01 | Train acc: 0.7305 ± 0.0000 | Valid acc: 0.7480 ± 0.0000 | Valid Power: 0.0017 | Train Power: 0.0016 | patience:   0 | lr: 0.1 | Epoch time: 0.2 |

2024-09-09 04:09:05,635 - INFO -
| Epoch:    540 | Train loss: 5.1254e-01 | Valid loss: 5.1220e-01 | Train acc: 0.7305 ± 0.0000 | Valid acc: 0.7480 ± 0.0000 | Valid Power: 0.0018 | Train Power: 0.0019 | patience:   0 | lr: 0.1 | Epoch time: 0.2 |

2024-09-09 04:09:07,393 - INFO -
| Epoch:    550 | Train loss: 5.1229e-01 | Valid loss: 5.1150e-01 | Train acc: 0.7305 ± 0.0000 | Valid acc: 0.7480 ± 0.0000 | Valid Power: 0.0015 | Train Power: 0.0015 | patience:   0 | lr: 0.1 | Epoch time: 0.2 |

2024-09-09 04:09:09,077 - INFO -
| Epoch:    560 | Train loss: 5.1207e-01 | Valid loss: 5.1119e-01 | Train acc: 0.7305 ± 0.0000 | Valid acc: 0.7480 ± 0.0000 | Valid Power: 0.0015 | Train Power: 0.0015 | patience:   2 | lr: 0.1 | Epoch time: 0.1 |

2024-09-09 04:09:10,367 - INFO -
| Epoch:    570 | Train loss: 5.1186e-01 | Valid loss: 5.1105e-01 | Train acc: 0.7305 ± 0.0000 | Valid acc: 0.7480 ± 0.0000 | Valid Power: 0.0015 | Train Power: 0.0015 | patience:   2 | lr: 0.1 | Epoch time: 0.1 |

2024-09-09 04:09:11,671 - INFO -
| Epoch:    580 | Train loss: 5.1167e-01 | Valid loss: 5.1087e-01 | Train acc: 0.7305 ± 0.0000 | Valid acc: 0.7480 ± 0.0000 | Valid Power: 0.0015 | Train Power: 0.0015 | patience:   0 | lr: 0.1 | Epoch time: 0.1 |

2024-09-09 04:09:13,001 - INFO -
| Epoch:    590 | Train loss: 5.1150e-01 | Valid loss: 5.1070e-01 | Train acc: 0.7305 ± 0.0000 | Valid acc: 0.7480 ± 0.0000 | Valid Power: 0.0015 | Train Power: 0.0015 | patience:   0 | lr: 0.1 | Epoch time: 0.2 |

2024-09-09 04:09:14,758 - INFO -
| Epoch:    600 | Train loss: 5.1133e-01 | Valid loss: 5.1055e-01 | Train acc: 0.7380 ± 0.0000 | Valid acc: 0.7638 ± 0.0000 | Valid Power: 0.0015 | Train Power: 0.0015 | patience:   0 | lr: 0.1 | Epoch time: 0.2 |

2024-09-09 04:09:16,528 - INFO -
| Epoch:    610 | Train loss: 5.1118e-01 | Valid loss: 5.1040e-01 | Train acc: 0.7557 ± 0.0000 | Valid acc: 0.7638 ± 0.0000 | Valid Power: 0.0015 | Train Power: 0.0015 | patience:   0 | lr: 0.1 | Epoch time: 0.2 |

2024-09-09 04:09:18,296 - INFO -
| Epoch:    620 | Train loss: 5.1103e-01 | Valid loss: 5.1026e-01 | Train acc: 0.7607 ± 0.0000 | Valid acc: 0.7795 ± 0.0000 | Valid Power: 0.0015 | Train Power: 0.0015 | patience:   0 | lr: 0.1 | Epoch time: 0.2 |

2024-09-09 04:09:19,681 - INFO -
| Epoch:    630 | Train loss: 5.1089e-01 | Valid loss: 5.1012e-01 | Train acc: 0.7859 ± 0.0000 | Valid acc: 0.7874 ± 0.0000 | Valid Power: 0.0015 | Train Power: 0.0015 | patience:   0 | lr: 0.1 | Epoch time: 0.1 |

2024-09-09 04:09:20,960 - INFO -
| Epoch:    640 | Train loss: 5.1078e-01 | Valid loss: 5.1006e-01 | Train acc: 0.7859 ± 0.0000 | Valid acc: 0.7874 ± 0.0000 | Valid Power: 0.0015 | Train Power: 0.0015 | patience:   2 | lr: 0.1 | Epoch time: 0.1 |

2024-09-09 04:09:22,222 - INFO -
| Epoch:    650 | Train loss: 5.1074e-01 | Valid loss: 5.1010e-01 | Train acc: 0.7859 ± 0.0000 | Valid acc: 0.7874 ± 0.0000 | Valid Power: 0.0015 | Train Power: 0.0015 | patience:  12 | lr: 0.1 | Epoch time: 0.1 |

2024-09-09 04:09:23,476 - INFO -
| Epoch:    660 | Train loss: 5.1071e-01 | Valid loss: 5.1014e-01 | Train acc: 0.7859 ± 0.0000 | Valid acc: 0.7874 ± 0.0000 | Valid Power: 0.0015 | Train Power: 0.0015 | patience:  22 | lr: 0.1 | Epoch time: 0.1 |

2024-09-09 04:09:24,740 - INFO -
| Epoch:    670 | Train loss: 5.1070e-01 | Valid loss: 5.1012e-01 | Train acc: 0.7859 ± 0.0000 | Valid acc: 0.7874 ± 0.0000 | Valid Power: 0.0016 | Train Power: 0.0020 | patience:  32 | lr: 0.1 | Epoch time: 0.1 |

2024-09-09 04:09:25,956 - INFO -
| Epoch:    680 | Train loss: 5.1069e-01 | Valid loss: 5.1013e-01 | Train acc: 0.7859 ± 0.0000 | Valid acc: 0.7874 ± 0.0000 | Valid Power: 0.0015 | Train Power: 0.0017 | patience:  42 | lr: 0.1 | Epoch time: 0.1 |

2024-09-09 04:09:27,176 - INFO -
| Epoch:    690 | Train loss: 5.1068e-01 | Valid loss: 5.1017e-01 | Train acc: 0.7859 ± 0.0000 | Valid acc: 0.7874 ± 0.0000 | Valid Power: 0.0015 | Train Power: 0.0015 | patience:  52 | lr: 0.1 | Epoch time: 0.1 |

2024-09-09 04:09:28,384 - INFO -
| Epoch:    700 | Train loss: 5.1067e-01 | Valid loss: 5.1018e-01 | Train acc: 0.7859 ± 0.0000 | Valid acc: 0.7874 ± 0.0000 | Valid Power: 0.0024 | Train Power: 0.0024 | patience:  62 | lr: 0.1 | Epoch time: 0.1 |

2024-09-09 04:09:29,681 - INFO -
| Epoch:    710 | Train loss: 5.1066e-01 | Valid loss: 5.1019e-01 | Train acc: 0.7783 ± 0.0000 | Valid acc: 0.7795 ± 0.0000 | Valid Power: 0.0015 | Train Power: 0.0015 | patience:  72 | lr: 0.1 | Epoch time: 0.2 |

2024-09-09 04:09:30,890 - INFO -
| Epoch:    720 | Train loss: 5.1066e-01 | Valid loss: 5.1019e-01 | Train acc: 0.7783 ± 0.0000 | Valid acc: 0.7795 ± 0.0000 | Valid Power: 0.0015 | Train Power: 0.0015 | patience:  82 | lr: 0.1 | Epoch time: 0.1 |

2024-09-09 04:09:32,102 - INFO -
| Epoch:    730 | Train loss: 5.1065e-01 | Valid loss: 5.1019e-01 | Train acc: 0.7683 ± 0.0000 | Valid acc: 0.7795 ± 0.0000 | Valid Power: 0.0015 | Train Power: 0.0015 | patience:  92 | lr: 0.1 | Epoch time: 0.1 |

2024-09-09 04:09:33,191 - INFO -
load best network to warm start training with lower lr.

2024-09-09 04:09:33,191 - INFO -
lr update to 0.05.

2024-09-09 04:09:33,309 - INFO -
| Epoch:    740 | Train loss: 5.1079e-01 | Valid loss: 5.2086e-01 | Train acc: 0.7859 ± 0.0000 | Valid acc: 0.7874 ± 0.0000 | Valid Power: 0.0014 | Train Power: 0.0015 | patience:   1 | lr: 0.05 | Epoch time: 0.1 |

2024-09-09 04:09:34,514 - INFO -
| Epoch:    750 | Train loss: 5.2851e-01 | Valid loss: 5.3328e-01 | Train acc: 0.7557 ± 0.0000 | Valid acc: 0.7638 ± 0.0000 | Valid Power: 0.0014 | Train Power: 0.0015 | patience:   9 | lr: 0.05 | Epoch time: 0.1 |

2024-09-09 04:09:35,711 - INFO -
| Epoch:    760 | Train loss: 5.2222e-01 | Valid loss: 5.2528e-01 | Train acc: 0.7557 ± 0.0000 | Valid acc: 0.7638 ± 0.0000 | Valid Power: 0.0015 | Train Power: 0.0015 | patience:  19 | lr: 0.05 | Epoch time: 0.1 |

2024-09-09 04:09:36,907 - INFO -
| Epoch:    770 | Train loss: 5.2013e-01 | Valid loss: 5.2872e-01 | Train acc: 0.7305 ± 0.0000 | Valid acc: 0.7480 ± 0.0000 | Valid Power: 0.0014 | Train Power: 0.0014 | patience:  29 | lr: 0.05 | Epoch time: 0.1 |

2024-09-09 04:09:38,083 - INFO -
| Epoch:    780 | Train loss: 5.1990e-01 | Valid loss: 5.2004e-01 | Train acc: 0.7305 ± 0.0000 | Valid acc: 0.7480 ± 0.0000 | Valid Power: 0.0014 | Train Power: 0.0015 | patience:  39 | lr: 0.05 | Epoch time: 0.1 |

2024-09-09 04:09:39,255 - INFO -
| Epoch:    790 | Train loss: 5.1664e-01 | Valid loss: 5.1979e-01 | Train acc: 0.7305 ± 0.0000 | Valid acc: 0.7480 ± 0.0000 | Valid Power: 0.0014 | Train Power: 0.0014 | patience:  49 | lr: 0.05 | Epoch time: 0.1 |

2024-09-09 04:09:40,430 - INFO -
| Epoch:    800 | Train loss: 5.1700e-01 | Valid loss: 5.1856e-01 | Train acc: 0.7305 ± 0.0000 | Valid acc: 0.7480 ± 0.0000 | Valid Power: 0.0014 | Train Power: 0.0014 | patience:  59 | lr: 0.05 | Epoch time: 0.1 |

2024-09-09 04:09:41,597 - INFO -
| Epoch:    810 | Train loss: 5.1396e-01 | Valid loss: 5.1376e-01 | Train acc: 0.7305 ± 0.0000 | Valid acc: 0.7480 ± 0.0000 | Valid Power: 0.0014 | Train Power: 0.0015 | patience:  69 | lr: 0.05 | Epoch time: 0.1 |

2024-09-09 04:09:42,754 - INFO -
| Epoch:    820 | Train loss: 5.1151e-01 | Valid loss: 5.1237e-01 | Train acc: 0.7305 ± 0.0000 | Valid acc: 0.7480 ± 0.0000 | Valid Power: 0.0014 | Train Power: 0.0015 | patience:  79 | lr: 0.05 | Epoch time: 0.1 |

2024-09-09 04:09:43,873 - INFO -
| Epoch:    830 | Train loss: 5.1103e-01 | Valid loss: 5.1033e-01 | Train acc: 0.7305 ± 0.0000 | Valid acc: 0.7480 ± 0.0000 | Valid Power: 0.0014 | Train Power: 0.0015 | patience:  89 | lr: 0.05 | Epoch time: 0.1 |

2024-09-09 04:09:45,041 - INFO -
| Epoch:    840 | Train loss: 5.1089e-01 | Valid loss: 5.1008e-01 | Train acc: 0.7305 ± 0.0000 | Valid acc: 0.7480 ± 0.0000 | Valid Power: 0.0014 | Train Power: 0.0015 | patience:  99 | lr: 0.05 | Epoch time: 0.1 |

2024-09-09 04:09:45,279 - INFO -
load best network to warm start training with lower lr.

2024-09-09 04:09:45,279 - INFO -
lr update to 0.025.

2024-09-09 04:09:46,159 - INFO -
| Epoch:    850 | Train loss: 5.1214e-01 | Valid loss: 5.1380e-01 | Train acc: 0.7557 ± 0.0000 | Valid acc: 0.7638 ± 0.0000 | Valid Power: 0.0015 | Train Power: 0.0015 | patience:   8 | lr: 0.025 | Epoch time: 0.1 |

2024-09-09 04:09:47,280 - INFO -
| Epoch:    860 | Train loss: 5.1137e-01 | Valid loss: 5.0767e-01 | Train acc: 0.7305 ± 0.0000 | Valid acc: 0.7480 ± 0.0000 | Valid Power: 0.0017 | Train Power: 0.0015 | patience:   1 | lr: 0.025 | Epoch time: 0.1 |

2024-09-09 04:09:48,374 - INFO -
| Epoch:    870 | Train loss: 5.1098e-01 | Valid loss: 5.1141e-01 | Train acc: 0.7305 ± 0.0000 | Valid acc: 0.7480 ± 0.0000 | Valid Power: 0.0015 | Train Power: 0.0015 | patience:  11 | lr: 0.025 | Epoch time: 0.1 |

2024-09-09 04:09:49,461 - INFO -
| Epoch:    880 | Train loss: 5.1082e-01 | Valid loss: 5.0992e-01 | Train acc: 0.7305 ± 0.0000 | Valid acc: 0.7480 ± 0.0000 | Valid Power: 0.0015 | Train Power: 0.0019 | patience:  21 | lr: 0.025 | Epoch time: 0.1 |

2024-09-09 04:09:50,634 - INFO -
| Epoch:    890 | Train loss: 5.1060e-01 | Valid loss: 5.1005e-01 | Train acc: 0.7305 ± 0.0000 | Valid acc: 0.7480 ± 0.0000 | Valid Power: 0.0016 | Train Power: 0.0015 | patience:  31 | lr: 0.025 | Epoch time: 0.1 |

2024-09-09 04:09:51,723 - INFO -
| Epoch:    900 | Train loss: 5.1051e-01 | Valid loss: 5.0974e-01 | Train acc: 0.7305 ± 0.0000 | Valid acc: 0.7480 ± 0.0000 | Valid Power: 0.0015 | Train Power: 0.0015 | patience:  41 | lr: 0.025 | Epoch time: 0.1 |

2024-09-09 04:09:52,816 - INFO -
| Epoch:    910 | Train loss: 5.1043e-01 | Valid loss: 5.1046e-01 | Train acc: 0.7305 ± 0.0000 | Valid acc: 0.7480 ± 0.0000 | Valid Power: 0.0015 | Train Power: 0.0015 | patience:  51 | lr: 0.025 | Epoch time: 0.1 |

2024-09-09 04:09:53,918 - INFO -
| Epoch:    920 | Train loss: 5.1036e-01 | Valid loss: 5.1015e-01 | Train acc: 0.7305 ± 0.0000 | Valid acc: 0.7480 ± 0.0000 | Valid Power: 0.0015 | Train Power: 0.0015 | patience:  61 | lr: 0.025 | Epoch time: 0.1 |

2024-09-09 04:09:55,012 - INFO -
| Epoch:    930 | Train loss: 5.1031e-01 | Valid loss: 5.0976e-01 | Train acc: 0.7557 ± 0.0000 | Valid acc: 0.7638 ± 0.0000 | Valid Power: 0.0015 | Train Power: 0.0015 | patience:  71 | lr: 0.025 | Epoch time: 0.1 |

2024-09-09 04:09:56,085 - INFO -
| Epoch:    940 | Train loss: 5.1029e-01 | Valid loss: 5.0974e-01 | Train acc: 0.7557 ± 0.0000 | Valid acc: 0.7638 ± 0.0000 | Valid Power: 0.0015 | Train Power: 0.0015 | patience:  81 | lr: 0.025 | Epoch time: 0.1 |

2024-09-09 04:09:57,151 - INFO -
| Epoch:    950 | Train loss: 5.1028e-01 | Valid loss: 5.0977e-01 | Train acc: 0.7557 ± 0.0000 | Valid acc: 0.7638 ± 0.0000 | Valid Power: 0.0015 | Train Power: 0.0015 | patience:  91 | lr: 0.025 | Epoch time: 0.1 |

2024-09-09 04:09:58,228 - INFO -
load best network to warm start training with lower lr.

2024-09-09 04:09:58,228 - INFO -
lr update to 0.0125.

2024-09-09 04:09:58,228 - INFO -
| Epoch:    960 | Train loss: 5.1026e-01 | Valid loss: 5.0982e-01 | Train acc: 0.7557 ± 0.0000 | Valid acc: 0.7638 ± 0.0000 | Valid Power: 0.0015 | Train Power: 0.0015 | patience:   0 | lr: 0.0125 | Epoch time: 0.1 |

2024-09-09 04:09:59,289 - INFO -
| Epoch:    970 | Train loss: 5.1086e-01 | Valid loss: 5.0918e-01 | Train acc: 0.7305 ± 0.0000 | Valid acc: 0.7480 ± 0.0000 | Valid Power: 0.0015 | Train Power: 0.0015 | patience:  10 | lr: 0.0125 | Epoch time: 0.1 |

2024-09-09 04:10:00,352 - INFO -
| Epoch:    980 | Train loss: 5.1058e-01 | Valid loss: 5.0953e-01 | Train acc: 0.7305 ± 0.0000 | Valid acc: 0.7480 ± 0.0000 | Valid Power: 0.0015 | Train Power: 0.0015 | patience:  20 | lr: 0.0125 | Epoch time: 0.1 |

2024-09-09 04:10:01,424 - INFO -
| Epoch:    990 | Train loss: 5.1049e-01 | Valid loss: 5.1006e-01 | Train acc: 0.7305 ± 0.0000 | Valid acc: 0.7480 ± 0.0000 | Valid Power: 0.0016 | Train Power: 0.0016 | patience:  30 | lr: 0.0125 | Epoch time: 0.1 |

2024-09-09 04:10:02,489 - INFO -
| Epoch:   1000 | Train loss: 5.1040e-01 | Valid loss: 5.1028e-01 | Train acc: 0.7305 ± 0.0000 | Valid acc: 0.7480 ± 0.0000 | Valid Power: 0.0015 | Train Power: 0.0015 | patience:  40 | lr: 0.0125 | Epoch time: 0.1 |

2024-09-09 04:10:03,551 - INFO -
| Epoch:   1010 | Train loss: 5.1032e-01 | Valid loss: 5.1012e-01 | Train acc: 0.7305 ± 0.0000 | Valid acc: 0.7480 ± 0.0000 | Valid Power: 0.0015 | Train Power: 0.0015 | patience:  50 | lr: 0.0125 | Epoch time: 0.1 |

2024-09-09 04:10:04,620 - INFO -
| Epoch:   1020 | Train loss: 5.1027e-01 | Valid loss: 5.1003e-01 | Train acc: 0.7305 ± 0.0000 | Valid acc: 0.7480 ± 0.0000 | Valid Power: 0.0015 | Train Power: 0.0015 | patience:  60 | lr: 0.0125 | Epoch time: 0.1 |

2024-09-09 04:10:05,687 - INFO -
| Epoch:   1030 | Train loss: 5.1025e-01 | Valid loss: 5.0978e-01 | Train acc: 0.7305 ± 0.0000 | Valid acc: 0.7480 ± 0.0000 | Valid Power: 0.0015 | Train Power: 0.0015 | patience:  70 | lr: 0.0125 | Epoch time: 0.1 |

2024-09-09 04:10:06,831 - INFO -
| Epoch:   1040 | Train loss: 5.1023e-01 | Valid loss: 5.0960e-01 | Train acc: 0.7305 ± 0.0000 | Valid acc: 0.7480 ± 0.0000 | Valid Power: 0.0015 | Train Power: 0.0015 | patience:  80 | lr: 0.0125 | Epoch time: 0.1 |

2024-09-09 04:10:07,888 - INFO -
| Epoch:   1050 | Train loss: 5.1021e-01 | Valid loss: 5.0975e-01 | Train acc: 0.7305 ± 0.0000 | Valid acc: 0.7480 ± 0.0000 | Valid Power: 0.0015 | Train Power: 0.0015 | patience:  90 | lr: 0.0125 | Epoch time: 0.1 |

2024-09-09 04:10:08,939 - INFO -
| Epoch:   1060 | Train loss: 5.1019e-01 | Valid loss: 5.0976e-01 | Train acc: 0.7305 ± 0.0000 | Valid acc: 0.7480 ± 0.0000 | Valid Power: 0.0015 | Train Power: 0.0015 | patience: 100 | lr: 0.0125 | Epoch time: 0.1 |

2024-09-09 04:10:09,048 - INFO -
load best network to warm start training with lower lr.

2024-09-09 04:10:09,048 - INFO -
lr update to 0.00625.

2024-09-09 04:10:09,995 - INFO -
| Epoch:   1070 | Train loss: 5.1085e-01 | Valid loss: 5.0905e-01 | Train acc: 0.7305 ± 0.0000 | Valid acc: 0.7480 ± 0.0000 | Valid Power: 0.0015 | Train Power: 0.0015 | patience:   9 | lr: 0.00625 | Epoch time: 0.1 |

2024-09-09 04:10:11,050 - INFO -
| Epoch:   1080 | Train loss: 5.1069e-01 | Valid loss: 5.0959e-01 | Train acc: 0.7305 ± 0.0000 | Valid acc: 0.7480 ± 0.0000 | Valid Power: 0.0015 | Train Power: 0.0016 | patience:  19 | lr: 0.00625 | Epoch time: 0.1 |

2024-09-09 04:10:12,101 - INFO -
| Epoch:   1090 | Train loss: 5.1060e-01 | Valid loss: 5.0969e-01 | Train acc: 0.7305 ± 0.0000 | Valid acc: 0.7480 ± 0.0000 | Valid Power: 0.0014 | Train Power: 0.0015 | patience:  29 | lr: 0.00625 | Epoch time: 0.1 |

2024-09-09 04:10:13,157 - INFO -
| Epoch:   1100 | Train loss: 5.1053e-01 | Valid loss: 5.0992e-01 | Train acc: 0.7305 ± 0.0000 | Valid acc: 0.7480 ± 0.0000 | Valid Power: 0.0014 | Train Power: 0.0015 | patience:  39 | lr: 0.00625 | Epoch time: 0.1 |

2024-09-09 04:10:14,205 - INFO -
| Epoch:   1110 | Train loss: 5.1047e-01 | Valid loss: 5.1017e-01 | Train acc: 0.7305 ± 0.0000 | Valid acc: 0.7480 ± 0.0000 | Valid Power: 0.0014 | Train Power: 0.0015 | patience:  49 | lr: 0.00625 | Epoch time: 0.1 |

2024-09-09 04:10:15,262 - INFO -
| Epoch:   1120 | Train loss: 5.1042e-01 | Valid loss: 5.1019e-01 | Train acc: 0.7305 ± 0.0000 | Valid acc: 0.7480 ± 0.0000 | Valid Power: 0.0014 | Train Power: 0.0014 | patience:  59 | lr: 0.00625 | Epoch time: 0.1 |

2024-09-09 04:10:16,375 - INFO -
| Epoch:   1130 | Train loss: 5.1037e-01 | Valid loss: 5.1011e-01 | Train acc: 0.7305 ± 0.0000 | Valid acc: 0.7480 ± 0.0000 | Valid Power: 0.0015 | Train Power: 0.0015 | patience:  69 | lr: 0.00625 | Epoch time: 0.1 |

2024-09-09 04:10:17,422 - INFO -
| Epoch:   1140 | Train loss: 5.1034e-01 | Valid loss: 5.0993e-01 | Train acc: 0.7305 ± 0.0000 | Valid acc: 0.7480 ± 0.0000 | Valid Power: 0.0015 | Train Power: 0.0015 | patience:  79 | lr: 0.00625 | Epoch time: 0.1 |

2024-09-09 04:10:18,477 - INFO -
| Epoch:   1150 | Train loss: 5.1031e-01 | Valid loss: 5.0983e-01 | Train acc: 0.7305 ± 0.0000 | Valid acc: 0.7480 ± 0.0000 | Valid Power: 0.0015 | Train Power: 0.0015 | patience:  89 | lr: 0.00625 | Epoch time: 0.1 |

2024-09-09 04:10:19,526 - INFO -
| Epoch:   1160 | Train loss: 5.1029e-01 | Valid loss: 5.0984e-01 | Train acc: 0.7305 ± 0.0000 | Valid acc: 0.7480 ± 0.0000 | Valid Power: 0.0015 | Train Power: 0.0015 | patience:  99 | lr: 0.00625 | Epoch time: 0.1 |

2024-09-09 04:10:19,738 - INFO -
load best network to warm start training with lower lr.

2024-09-09 04:10:19,738 - INFO -
lr update to 0.003125.

2024-09-09 04:10:20,578 - INFO -
| Epoch:   1170 | Train loss: 5.1096e-01 | Valid loss: 5.0972e-01 | Train acc: 0.7305 ± 0.0000 | Valid acc: 0.7480 ± 0.0000 | Valid Power: 0.0017 | Train Power: 0.0021 | patience:   8 | lr: 0.003125 | Epoch time: 0.1 |

2024-09-09 04:10:21,629 - INFO -
| Epoch:   1180 | Train loss: 5.1082e-01 | Valid loss: 5.0870e-01 | Train acc: 0.7305 ± 0.0000 | Valid acc: 0.7480 ± 0.0000 | Valid Power: 0.0015 | Train Power: 0.0015 | patience:  18 | lr: 0.003125 | Epoch time: 0.1 |

2024-09-09 04:10:22,681 - INFO -
| Epoch:   1190 | Train loss: 5.1072e-01 | Valid loss: 5.0941e-01 | Train acc: 0.7305 ± 0.0000 | Valid acc: 0.7480 ± 0.0000 | Valid Power: 0.0015 | Train Power: 0.0015 | patience:  28 | lr: 0.003125 | Epoch time: 0.1 |

2024-09-09 04:10:23,738 - INFO -
| Epoch:   1200 | Train loss: 5.1066e-01 | Valid loss: 5.0940e-01 | Train acc: 0.7305 ± 0.0000 | Valid acc: 0.7480 ± 0.0000 | Valid Power: 0.0015 | Train Power: 0.0015 | patience:  38 | lr: 0.003125 | Epoch time: 0.1 |

2024-09-09 04:10:24,787 - INFO -
| Epoch:   1210 | Train loss: 5.1061e-01 | Valid loss: 5.0970e-01 | Train acc: 0.7305 ± 0.0000 | Valid acc: 0.7480 ± 0.0000 | Valid Power: 0.0015 | Train Power: 0.0015 | patience:  48 | lr: 0.003125 | Epoch time: 0.1 |

2024-09-09 04:10:25,835 - INFO -
| Epoch:   1220 | Train loss: 5.1056e-01 | Valid loss: 5.0990e-01 | Train acc: 0.7305 ± 0.0000 | Valid acc: 0.7480 ± 0.0000 | Valid Power: 0.0014 | Train Power: 0.0015 | patience:  58 | lr: 0.003125 | Epoch time: 0.1 |

2024-09-09 04:10:26,885 - INFO -
| Epoch:   1230 | Train loss: 5.1052e-01 | Valid loss: 5.1004e-01 | Train acc: 0.7305 ± 0.0000 | Valid acc: 0.7480 ± 0.0000 | Valid Power: 0.0014 | Train Power: 0.0015 | patience:  68 | lr: 0.003125 | Epoch time: 0.1 |

2024-09-09 04:10:27,933 - INFO -
| Epoch:   1240 | Train loss: 5.1048e-01 | Valid loss: 5.1009e-01 | Train acc: 0.7305 ± 0.0000 | Valid acc: 0.7480 ± 0.0000 | Valid Power: 0.0014 | Train Power: 0.0015 | patience:  78 | lr: 0.003125 | Epoch time: 0.1 |

2024-09-09 04:10:28,975 - INFO -
| Epoch:   1250 | Train loss: 5.1046e-01 | Valid loss: 5.1008e-01 | Train acc: 0.7305 ± 0.0000 | Valid acc: 0.7480 ± 0.0000 | Valid Power: 0.0014 | Train Power: 0.0015 | patience:  88 | lr: 0.003125 | Epoch time: 0.1 |

2024-09-09 04:10:30,029 - INFO -
| Epoch:   1260 | Train loss: 5.1043e-01 | Valid loss: 5.1003e-01 | Train acc: 0.7305 ± 0.0000 | Valid acc: 0.7480 ± 0.0000 | Valid Power: 0.0014 | Train Power: 0.0014 | patience:  98 | lr: 0.003125 | Epoch time: 0.1 |

2024-09-09 04:10:30,343 - INFO -
load best network to warm start training with lower lr.

2024-09-09 04:10:30,344 - INFO -
lr update to 0.0015625.

2024-09-09 04:10:31,078 - INFO -
| Epoch:   1270 | Train loss: 5.1091e-01 | Valid loss: 5.0858e-01 | Train acc: 0.7305 ± 0.0000 | Valid acc: 0.7480 ± 0.0000 | Valid Power: 0.0015 | Train Power: 0.0015 | patience:   7 | lr: 0.0015625 | Epoch time: 0.1 |

2024-09-09 04:10:32,114 - INFO -
| Epoch:   1280 | Train loss: 5.1092e-01 | Valid loss: 5.0937e-01 | Train acc: 0.7305 ± 0.0000 | Valid acc: 0.7480 ± 0.0000 | Valid Power: 0.0015 | Train Power: 0.0016 | patience:  17 | lr: 0.0015625 | Epoch time: 0.1 |

2024-09-09 04:10:33,152 - INFO -
| Epoch:   1290 | Train loss: 5.1083e-01 | Valid loss: 5.0881e-01 | Train acc: 0.7305 ± 0.0000 | Valid acc: 0.7480 ± 0.0000 | Valid Power: 0.0016 | Train Power: 0.0017 | patience:  27 | lr: 0.0015625 | Epoch time: 0.1 |

2024-09-09 04:10:34,263 - INFO -
| Epoch:   1300 | Train loss: 5.1077e-01 | Valid loss: 5.0881e-01 | Train acc: 0.7305 ± 0.0000 | Valid acc: 0.7480 ± 0.0000 | Valid Power: 0.0017 | Train Power: 0.0017 | patience:  37 | lr: 0.0015625 | Epoch time: 0.2 |

2024-09-09 04:10:35,302 - INFO -
| Epoch:   1310 | Train loss: 5.1072e-01 | Valid loss: 5.0919e-01 | Train acc: 0.7305 ± 0.0000 | Valid acc: 0.7480 ± 0.0000 | Valid Power: 0.0018 | Train Power: 0.0018 | patience:  47 | lr: 0.0015625 | Epoch time: 0.1 |

2024-09-09 04:10:36,342 - INFO -
| Epoch:   1320 | Train loss: 5.1069e-01 | Valid loss: 5.0924e-01 | Train acc: 0.7305 ± 0.0000 | Valid acc: 0.7480 ± 0.0000 | Valid Power: 0.0018 | Train Power: 0.0018 | patience:  57 | lr: 0.0015625 | Epoch time: 0.1 |

2024-09-09 04:10:37,387 - INFO -
| Epoch:   1330 | Train loss: 5.1066e-01 | Valid loss: 5.0949e-01 | Train acc: 0.7305 ± 0.0000 | Valid acc: 0.7480 ± 0.0000 | Valid Power: 0.0018 | Train Power: 0.0018 | patience:  67 | lr: 0.0015625 | Epoch time: 0.1 |

2024-09-09 04:10:38,428 - INFO -
| Epoch:   1340 | Train loss: 5.1063e-01 | Valid loss: 5.0957e-01 | Train acc: 0.7305 ± 0.0000 | Valid acc: 0.7480 ± 0.0000 | Valid Power: 0.0018 | Train Power: 0.0018 | patience:  77 | lr: 0.0015625 | Epoch time: 0.1 |

2024-09-09 04:10:39,471 - INFO -
| Epoch:   1350 | Train loss: 5.1061e-01 | Valid loss: 5.0972e-01 | Train acc: 0.7305 ± 0.0000 | Valid acc: 0.7480 ± 0.0000 | Valid Power: 0.0018 | Train Power: 0.0018 | patience:  87 | lr: 0.0015625 | Epoch time: 0.1 |

2024-09-09 04:10:40,508 - INFO -
| Epoch:   1360 | Train loss: 5.1058e-01 | Valid loss: 5.0978e-01 | Train acc: 0.7305 ± 0.0000 | Valid acc: 0.7480 ± 0.0000 | Valid Power: 0.0018 | Train Power: 0.0018 | patience:  97 | lr: 0.0015625 | Epoch time: 0.1 |

2024-09-09 04:10:40,924 - INFO -
load best network to warm start training with lower lr.

2024-09-09 04:10:40,925 - INFO -
lr update to 0.00078125.

2024-09-09 04:10:41,546 - INFO -
| Epoch:   1370 | Train loss: 5.1107e-01 | Valid loss: 5.0790e-01 | Train acc: 0.7305 ± 0.0000 | Valid acc: 0.7480 ± 0.0000 | Valid Power: 0.0015 | Train Power: 0.0015 | patience:   6 | lr: 0.00078125 | Epoch time: 0.1 |

2024-09-09 04:10:42,588 - INFO -
| Epoch:   1380 | Train loss: 5.1090e-01 | Valid loss: 5.0865e-01 | Train acc: 0.7305 ± 0.0000 | Valid acc: 0.7480 ± 0.0000 | Valid Power: 0.0015 | Train Power: 0.0015 | patience:  16 | lr: 0.00078125 | Epoch time: 0.1 |

2024-09-09 04:10:43,575 - INFO -
| Epoch:   1390 | Train loss: 5.1089e-01 | Valid loss: 5.0898e-01 | Train acc: 0.7305 ± 0.0000 | Valid acc: 0.7480 ± 0.0000 | Valid Power: 0.0015 | Train Power: 0.0015 | patience:  26 | lr: 0.00078125 | Epoch time: 0.1 |

2024-09-09 04:10:44,498 - INFO -
| Epoch:   1400 | Train loss: 5.1086e-01 | Valid loss: 5.0883e-01 | Train acc: 0.7305 ± 0.0000 | Valid acc: 0.7480 ± 0.0000 | Valid Power: 0.0015 | Train Power: 0.0015 | patience:  36 | lr: 0.00078125 | Epoch time: 0.1 |

2024-09-09 04:10:45,414 - INFO -
| Epoch:   1410 | Train loss: 5.1081e-01 | Valid loss: 5.0852e-01 | Train acc: 0.7305 ± 0.0000 | Valid acc: 0.7480 ± 0.0000 | Valid Power: 0.0015 | Train Power: 0.0015 | patience:  46 | lr: 0.00078125 | Epoch time: 0.1 |

2024-09-09 04:10:46,324 - INFO -
| Epoch:   1420 | Train loss: 5.1078e-01 | Valid loss: 5.0874e-01 | Train acc: 0.7305 ± 0.0000 | Valid acc: 0.7480 ± 0.0000 | Valid Power: 0.0015 | Train Power: 0.0015 | patience:  56 | lr: 0.00078125 | Epoch time: 0.1 |

2024-09-09 04:10:47,235 - INFO -
| Epoch:   1430 | Train loss: 5.1076e-01 | Valid loss: 5.0895e-01 | Train acc: 0.7305 ± 0.0000 | Valid acc: 0.7480 ± 0.0000 | Valid Power: 0.0015 | Train Power: 0.0015 | patience:  66 | lr: 0.00078125 | Epoch time: 0.1 |

2024-09-09 04:10:48,143 - INFO -
| Epoch:   1440 | Train loss: 5.1074e-01 | Valid loss: 5.0895e-01 | Train acc: 0.7305 ± 0.0000 | Valid acc: 0.7480 ± 0.0000 | Valid Power: 0.0015 | Train Power: 0.0015 | patience:  76 | lr: 0.00078125 | Epoch time: 0.1 |

2024-09-09 04:10:49,127 - INFO -
| Epoch:   1450 | Train loss: 5.1072e-01 | Valid loss: 5.0907e-01 | Train acc: 0.7305 ± 0.0000 | Valid acc: 0.7480 ± 0.0000 | Valid Power: 0.0015 | Train Power: 0.0015 | patience:  86 | lr: 0.00078125 | Epoch time: 0.1 |

2024-09-09 04:10:50,037 - INFO -
| Epoch:   1460 | Train loss: 5.1070e-01 | Valid loss: 5.0918e-01 | Train acc: 0.7305 ± 0.0000 | Valid acc: 0.7480 ± 0.0000 | Valid Power: 0.0015 | Train Power: 0.0015 | patience:  96 | lr: 0.00078125 | Epoch time: 0.1 |

2024-09-09 04:10:50,496 - INFO -
load best network to warm start training with lower lr.

2024-09-09 04:10:50,496 - INFO -
lr update to 0.000390625.

2024-09-09 04:10:50,951 - INFO -
| Epoch:   1470 | Train loss: 5.1124e-01 | Valid loss: 5.0768e-01 | Train acc: 0.7305 ± 0.0000 | Valid acc: 0.7480 ± 0.0000 | Valid Power: 0.0015 | Train Power: 0.0015 | patience:   5 | lr: 0.000390625 | Epoch time: 0.1 |

2024-09-09 04:10:51,859 - INFO -
| Epoch:   1480 | Train loss: 5.1099e-01 | Valid loss: 5.0800e-01 | Train acc: 0.7305 ± 0.0000 | Valid acc: 0.7480 ± 0.0000 | Valid Power: 0.0015 | Train Power: 0.0015 | patience:  15 | lr: 0.000390625 | Epoch time: 0.1 |

2024-09-09 04:10:52,774 - INFO -
| Epoch:   1490 | Train loss: 5.1091e-01 | Valid loss: 5.0837e-01 | Train acc: 0.7305 ± 0.0000 | Valid acc: 0.7480 ± 0.0000 | Valid Power: 0.0015 | Train Power: 0.0015 | patience:  25 | lr: 0.000390625 | Epoch time: 0.1 |

2024-09-09 04:10:53,685 - INFO -
| Epoch:   1500 | Train loss: 5.1089e-01 | Valid loss: 5.0856e-01 | Train acc: 0.7305 ± 0.0000 | Valid acc: 0.7480 ± 0.0000 | Valid Power: 0.0015 | Train Power: 0.0015 | patience:  35 | lr: 0.000390625 | Epoch time: 0.1 |

2024-09-09 04:10:54,596 - INFO -
| Epoch:   1510 | Train loss: 5.1087e-01 | Valid loss: 5.0860e-01 | Train acc: 0.7305 ± 0.0000 | Valid acc: 0.7480 ± 0.0000 | Valid Power: 0.0015 | Train Power: 0.0015 | patience:  45 | lr: 0.000390625 | Epoch time: 0.1 |

2024-09-09 04:10:55,510 - INFO -
| Epoch:   1520 | Train loss: 5.1084e-01 | Valid loss: 5.0852e-01 | Train acc: 0.7305 ± 0.0000 | Valid acc: 0.7480 ± 0.0000 | Valid Power: 0.0015 | Train Power: 0.0015 | patience:  55 | lr: 0.000390625 | Epoch time: 0.1 |

2024-09-09 04:10:56,421 - INFO -
| Epoch:   1530 | Train loss: 5.1082e-01 | Valid loss: 5.0848e-01 | Train acc: 0.7305 ± 0.0000 | Valid acc: 0.7480 ± 0.0000 | Valid Power: 0.0015 | Train Power: 0.0015 | patience:  65 | lr: 0.000390625 | Epoch time: 0.1 |

2024-09-09 04:10:57,392 - INFO -
| Epoch:   1540 | Train loss: 5.1081e-01 | Valid loss: 5.0855e-01 | Train acc: 0.7305 ± 0.0000 | Valid acc: 0.7480 ± 0.0000 | Valid Power: 0.0015 | Train Power: 0.0015 | patience:  75 | lr: 0.000390625 | Epoch time: 0.1 |

2024-09-09 04:10:58,303 - INFO -
| Epoch:   1550 | Train loss: 5.1080e-01 | Valid loss: 5.0865e-01 | Train acc: 0.7305 ± 0.0000 | Valid acc: 0.7480 ± 0.0000 | Valid Power: 0.0015 | Train Power: 0.0015 | patience:  85 | lr: 0.000390625 | Epoch time: 0.1 |

2024-09-09 04:10:59,214 - INFO -
| Epoch:   1560 | Train loss: 5.1079e-01 | Valid loss: 5.0871e-01 | Train acc: 0.7305 ± 0.0000 | Valid acc: 0.7480 ± 0.0000 | Valid Power: 0.0015 | Train Power: 0.0015 | patience:  95 | lr: 0.000390625 | Epoch time: 0.1 |

2024-09-09 04:10:59,766 - INFO -
load best network to warm start training with lower lr.

2024-09-09 04:10:59,766 - INFO -
lr update to 0.0001953125.

2024-09-09 04:11:00,130 - INFO -
| Epoch:   1570 | Train loss: 5.1132e-01 | Valid loss: 5.0760e-01 | Train acc: 0.7305 ± 0.0000 | Valid acc: 0.7480 ± 0.0000 | Valid Power: 0.0015 | Train Power: 0.0015 | patience:   4 | lr: 0.0001953125 | Epoch time: 0.1 |

2024-09-09 04:11:01,061 - INFO -
| Epoch:   1580 | Train loss: 5.1117e-01 | Valid loss: 5.0773e-01 | Train acc: 0.7305 ± 0.0000 | Valid acc: 0.7480 ± 0.0000 | Valid Power: 0.0015 | Train Power: 0.0015 | patience:  14 | lr: 0.0001953125 | Epoch time: 0.1 |

2024-09-09 04:11:01,979 - INFO -
| Epoch:   1590 | Train loss: 5.1104e-01 | Valid loss: 5.0789e-01 | Train acc: 0.7305 ± 0.0000 | Valid acc: 0.7480 ± 0.0000 | Valid Power: 0.0015 | Train Power: 0.0015 | patience:  24 | lr: 0.0001953125 | Epoch time: 0.1 |

2024-09-09 04:11:02,887 - INFO -
| Epoch:   1600 | Train loss: 5.1096e-01 | Valid loss: 5.0806e-01 | Train acc: 0.7305 ± 0.0000 | Valid acc: 0.7480 ± 0.0000 | Valid Power: 0.0015 | Train Power: 0.0015 | patience:  34 | lr: 0.0001953125 | Epoch time: 0.1 |

2024-09-09 04:11:03,797 - INFO -
| Epoch:   1610 | Train loss: 5.1092e-01 | Valid loss: 5.0822e-01 | Train acc: 0.7305 ± 0.0000 | Valid acc: 0.7480 ± 0.0000 | Valid Power: 0.0015 | Train Power: 0.0015 | patience:  44 | lr: 0.0001953125 | Epoch time: 0.1 |

2024-09-09 04:11:04,706 - INFO -
| Epoch:   1620 | Train loss: 5.1091e-01 | Valid loss: 5.0833e-01 | Train acc: 0.7305 ± 0.0000 | Valid acc: 0.7480 ± 0.0000 | Valid Power: 0.0015 | Train Power: 0.0015 | patience:  54 | lr: 0.0001953125 | Epoch time: 0.1 |

2024-09-09 04:11:05,613 - INFO -
| Epoch:   1630 | Train loss: 5.1089e-01 | Valid loss: 5.0839e-01 | Train acc: 0.7305 ± 0.0000 | Valid acc: 0.7480 ± 0.0000 | Valid Power: 0.0015 | Train Power: 0.0015 | patience:  64 | lr: 0.0001953125 | Epoch time: 0.1 |

2024-09-09 04:11:06,521 - INFO -
| Epoch:   1640 | Train loss: 5.1088e-01 | Valid loss: 5.0842e-01 | Train acc: 0.7305 ± 0.0000 | Valid acc: 0.7480 ± 0.0000 | Valid Power: 0.0015 | Train Power: 0.0015 | patience:  74 | lr: 0.0001953125 | Epoch time: 0.1 |

2024-09-09 04:11:07,426 - INFO -
| Epoch:   1650 | Train loss: 5.1087e-01 | Valid loss: 5.0843e-01 | Train acc: 0.7305 ± 0.0000 | Valid acc: 0.7480 ± 0.0000 | Valid Power: 0.0015 | Train Power: 0.0015 | patience:  84 | lr: 0.0001953125 | Epoch time: 0.1 |

2024-09-09 04:11:08,331 - INFO -
| Epoch:   1660 | Train loss: 5.1085e-01 | Valid loss: 5.0844e-01 | Train acc: 0.7305 ± 0.0000 | Valid acc: 0.7480 ± 0.0000 | Valid Power: 0.0015 | Train Power: 0.0015 | patience:  94 | lr: 0.0001953125 | Epoch time: 0.1 |

2024-09-09 04:11:08,977 - INFO -
load best network to warm start training with lower lr.

2024-09-09 04:11:08,977 - INFO -
lr update to 9.765625e-05.

2024-09-09 04:11:08,977 - INFO -
Early stop.

2024-09-09 04:11:08,983 - INFO -
Training if finished.

2024-09-09 16:19:06,785 - INFO -
Configuration: 
gmin                0.01
gmax                10.0
T                   0.1
m                   0.3
type_nonlinear      normal
act                 tanh
ACT_R1n             12.7865
ACT_R2n             -3.1871
ACT_W1n             -10.4537
ACT_L1n             10.546
ACT_W2n             -5.8496
ACT_L2n             4.2337
S_R1n               -11.7481
S_R2n               -0.3905
S_W1n               -9.169
S_L1n               0.3913
S_W2n               7.2004
S_L2n               15.5558
ReLU_RHn            -1.9557
ReLU_RLn            -20.1581
ReLU_RDn            16.6486
ReLU_RBn            -14.3472
ReLU_Wn             16.655
ReLU_Ln             -21.7591
HS_Rn               -0.3766
HS_Wn               0.5192
HS_Ln               4.6293
NEG_R1n             -7.0846
NEG_R2n             -2.5695
NEG_R3n             16.1542
NEG_W1n             13.8696
NEG_L1n             2.7635
NEG_W2n             1.2674
NEG_L2n             -10.4803
NEG_W3n             -6.4386
NEG_L3n             5.1005
task                normal
DATASET             5
DataPath            ./dataset
InputNoise          0.0
IN_test             0.0
R_train             1
R_test              1
N_time              32
pathnorm            False
hidden              [3]
skipconnection      False
SEED                6
DEVICE              cpu
PATIENCE            500
EPOCH               10000000000
LR                  0.1
PROGRESSIVE         True
LR_PATIENCE         100
LR_DECAY            0.5
LR_MIN              0.0001
metric              acc
SoftEva             True
TIMELIMITATION      71
MODE                nominal
M_train             1
K_train             1
M_test              1
K_test              1
t_test_max          1
integration         MC
N_train             1
e_train             0.0
N_test              100
e_test              0.1
e_fault             2
fault_ratio         0.0
N_fault             50
e_fault_test        0
N_fault_test        50
dropout             0.0
lagrangian_loss     False
rho                 100
powerestimator      none
powerbalance        0.0
estimatorbalance    0.0
pgmin               1e-07
power_ratio         1000
lambda_P            100
areaestimator       none
areabalance         0.0
area_theta          0.15
area_act            30.0
area_neg            22.7
lambda_A            0.001
lnc                 False
projectname         tanh_0_FaultAnalysisNormal
temppath            ./tanh_0_FaultAnalysisNormal/temp/
logfilepath         ./tanh_0_FaultAnalysisNormal/log/
report_freq         10
recording           False
recordpath          ./tanh_0_FaultAnalysisNormal/record/
savepath            ./tanh_0_FaultAnalysisNormal/models/
loglevel            info


2024-09-09 16:19:06,813 - INFO -
Training network on device: cpu.

2024-09-09 16:19:06,813 - INFO -
Training setup: data_05_energyy2_seed_06_epsilon_0.0_dropout_0.0_fault_ratio_0.0.model.

2024-09-09 16:19:06,813 - INFO -
{'dataname': 'energyy2', 'N_feature': 8, 'N_class': 3, 'N_train': 397, 'N_valid': 127, 'N_test': 79}

2024-09-09 16:19:06,813 - INFO -
Training was already finished.

2024-09-11 18:17:02,105 - INFO -
Configuration: 
gmin                0.01
gmax                10.0
T                   0.1
m                   0.3
type_nonlinear      normal
act                 tanh
ACT_R1n             12.7865
ACT_R2n             -3.1871
ACT_W1n             -10.4537
ACT_L1n             10.546
ACT_W2n             -5.8496
ACT_L2n             4.2337
S_R1n               -11.7481
S_R2n               -0.3905
S_W1n               -9.169
S_L1n               0.3913
S_W2n               7.2004
S_L2n               15.5558
ReLU_RHn            -1.9557
ReLU_RLn            -20.1581
ReLU_RDn            16.6486
ReLU_RBn            -14.3472
ReLU_Wn             16.655
ReLU_Ln             -21.7591
HS_Rn               -0.3766
HS_Wn               0.5192
HS_Ln               4.6293
NEG_R1n             -7.0846
NEG_R2n             -2.5695
NEG_R3n             16.1542
NEG_W1n             13.8696
NEG_L1n             2.7635
NEG_W2n             1.2674
NEG_L2n             -10.4803
NEG_W3n             -6.4386
NEG_L3n             5.1005
task                normal
DATASET             5
DataPath            ./dataset
InputNoise          0.0
IN_test             0.0
R_train             1
R_test              1
N_time              32
pathnorm            False
hidden              [3]
skipconnection      False
SEED                6
DEVICE              cpu
PATIENCE            500
EPOCH               10000000000
LR                  0.1
PROGRESSIVE         True
LR_PATIENCE         100
LR_DECAY            0.5
LR_MIN              0.0001
metric              acc
SoftEva             True
TIMELIMITATION      71
MODE                nominal
M_train             1
K_train             1
M_test              1
K_test              1
t_test_max          1
integration         MC
N_train             1
e_train             0.0
N_test              100
e_test              0.1
e_fault             2
fault_ratio         0.0
N_fault             50
e_fault_test        0
N_fault_test        50
dropout             0.0
lagrangian_loss     False
rho                 100
powerestimator      none
powerbalance        0.0
estimatorbalance    0.0
pgmin               1e-07
power_ratio         1000
lambda_P            100
areaestimator       none
areabalance         0.0
area_theta          0.15
area_act            30.0
area_neg            22.7
lambda_A            0.001
lnc                 False
projectname         tanh_0_FaultAnalysisNormal
temppath            ./tanh_0_FaultAnalysisNormal/temp/
logfilepath         ./tanh_0_FaultAnalysisNormal/log/
report_freq         10
recording           False
recordpath          ./tanh_0_FaultAnalysisNormal/record/
savepath            ./tanh_0_FaultAnalysisNormal/models/
loglevel            info


2024-09-11 18:17:02,131 - INFO -
Training network on device: cpu.

2024-09-11 18:17:02,131 - INFO -
Training setup: data_05_energyy2_seed_06_epsilon_0.0_dropout_0.0_fault_ratio_0.0.model.

2024-09-11 18:17:02,131 - INFO -
{'dataname': 'energyy2', 'N_feature': 8, 'N_class': 3, 'N_train': 397, 'N_valid': 127, 'N_test': 79}

2024-09-11 18:17:02,132 - INFO -
Training was already finished.

2024-09-12 04:38:03,627 - INFO -
Configuration: 
gmin                0.01
gmax                10.0
T                   0.1
m                   0.3
type_nonlinear      normal
act                 tanh
ACT_R1n             12.7865
ACT_R2n             -3.1871
ACT_W1n             -10.4537
ACT_L1n             10.546
ACT_W2n             -5.8496
ACT_L2n             4.2337
S_R1n               -11.7481
S_R2n               -0.3905
S_W1n               -9.169
S_L1n               0.3913
S_W2n               7.2004
S_L2n               15.5558
ReLU_RHn            -1.9557
ReLU_RLn            -20.1581
ReLU_RDn            16.6486
ReLU_RBn            -14.3472
ReLU_Wn             16.655
ReLU_Ln             -21.7591
HS_Rn               -0.3766
HS_Wn               0.5192
HS_Ln               4.6293
NEG_R1n             -7.0846
NEG_R2n             -2.5695
NEG_R3n             16.1542
NEG_W1n             13.8696
NEG_L1n             2.7635
NEG_W2n             1.2674
NEG_L2n             -10.4803
NEG_W3n             -6.4386
NEG_L3n             5.1005
task                normal
DATASET             5
DataPath            ./dataset
InputNoise          0.0
IN_test             0.0
R_train             1
R_test              1
N_time              32
pathnorm            False
hidden              [3]
skipconnection      False
SEED                6
DEVICE              cpu
PATIENCE            500
EPOCH               10000000000
LR                  0.1
PROGRESSIVE         True
LR_PATIENCE         100
LR_DECAY            0.5
LR_MIN              0.0001
metric              acc
SoftEva             True
TIMELIMITATION      71
MODE                nominal
M_train             1
K_train             1
M_test              1
K_test              1
t_test_max          1
integration         MC
N_train             1
e_train             0.0
N_test              100
e_test              0.1
e_fault             2
fault_ratio         0.0
N_fault             50
e_fault_test        0
N_fault_test        50
dropout             0.0
lagrangian_loss     False
rho                 100
powerestimator      none
powerbalance        0.0
estimatorbalance    0.0
pgmin               1e-07
power_ratio         1000
lambda_P            100
areaestimator       none
areabalance         0.0
area_theta          0.15
area_act            30.0
area_neg            22.7
lambda_A            0.001
lnc                 False
projectname         tanh_0_FaultAnalysisNormal
temppath            ./tanh_0_FaultAnalysisNormal/temp/
logfilepath         ./tanh_0_FaultAnalysisNormal/log/
report_freq         10
recording           False
recordpath          ./tanh_0_FaultAnalysisNormal/record/
savepath            ./tanh_0_FaultAnalysisNormal/models/
loglevel            info


2024-09-12 04:38:03,645 - INFO -
Training network on device: cpu.

2024-09-12 04:38:03,645 - INFO -
Training setup: data_05_energyy2_seed_06_epsilon_0.0_dropout_0.0_fault_ratio_0.0.model.

2024-09-12 04:38:03,645 - INFO -
{'dataname': 'energyy2', 'N_feature': 8, 'N_class': 3, 'N_train': 397, 'N_valid': 127, 'N_test': 79}

2024-09-12 04:38:03,646 - INFO -
Training was already finished.

