2024-09-10 07:05:21,390 - INFO -
Configuration: 
gmin                0.01
gmax                10.0
T                   0.1
m                   0.3
type_nonlinear      normal
act                 tanh
ACT_R1n             12.7865
ACT_R2n             -3.1871
ACT_W1n             -10.4537
ACT_L1n             10.546
ACT_W2n             -5.8496
ACT_L2n             4.2337
S_R1n               -11.7481
S_R2n               -0.3905
S_W1n               -9.169
S_L1n               0.3913
S_W2n               7.2004
S_L2n               15.5558
ReLU_RHn            -1.9557
ReLU_RLn            -20.1581
ReLU_RDn            16.6486
ReLU_RBn            -14.3472
ReLU_Wn             16.655
ReLU_Ln             -21.7591
HS_Rn               -0.3766
HS_Wn               0.5192
HS_Ln               4.6293
NEG_R1n             -7.0846
NEG_R2n             -2.5695
NEG_R3n             16.1542
NEG_W1n             13.8696
NEG_L1n             2.7635
NEG_W2n             1.2674
NEG_L2n             -10.4803
NEG_W3n             -6.4386
NEG_L3n             5.1005
task                normal
DATASET             12
DataPath            ./dataset
InputNoise          0.0
IN_test             0.0
R_train             1
R_test              1
N_time              32
pathnorm            False
hidden              [3]
skipconnection      False
SEED                1
DEVICE              cpu
PATIENCE            500
EPOCH               10000000000
LR                  0.1
PROGRESSIVE         True
LR_PATIENCE         100
LR_DECAY            0.5
LR_MIN              0.0001
metric              acc
SoftEva             True
TIMELIMITATION      71
MODE                nominal
M_train             1
K_train             1
M_test              1
K_test              1
t_test_max          1
integration         MC
N_train             1
e_train             0.0
N_test              100
e_test              0.1
e_fault             2
fault_ratio         0.0
N_fault             50
e_fault_test        0
N_fault_test        50
dropout             0.0
lagrangian_loss     False
rho                 100
powerestimator      none
powerbalance        0.0
estimatorbalance    0.0
pgmin               1e-07
power_ratio         1000
lambda_P            100
areaestimator       none
areabalance         0.0
area_theta          0.15
area_act            30.0
area_neg            22.7
lambda_A            0.001
lnc                 False
projectname         tanh_0_FaultAnalysisNormal
temppath            ./tanh_0_FaultAnalysisNormal/temp/
logfilepath         ./tanh_0_FaultAnalysisNormal/log/
report_freq         10
recording           False
recordpath          ./tanh_0_FaultAnalysisNormal/record/
savepath            ./tanh_0_FaultAnalysisNormal/models/
loglevel            info


2024-09-10 07:05:21,390 - INFO -
Training network on device: cpu.

2024-09-10 07:05:21,390 - INFO -
Training setup: data_12_vertebralcolumn3clases_seed_01_epsilon_0.0_dropout_0.0_fault_ratio_0.0.model.

2024-09-10 07:05:21,390 - INFO -
{'dataname': 'vertebralcolumn3clases', 'N_feature': 6, 'N_class': 3, 'N_train': 184, 'N_valid': 61, 'N_test': 63}

2024-09-10 07:05:21,390 - INFO -
Topology of the network: [6, 3, 3].

2024-09-10 07:05:22,369 - INFO -
| Epoch:      0 | Train loss: 1.0986e+00 | Valid loss: 1.1091e+00 | Train acc: 0.5326 ± 0.0000 | Valid acc: 0.1475 ± 0.0000 | Valid Power: 0.0006 | Train Power: 0.0005 | patience:   0 | lr: 0.1 | Epoch time: 0.1 |

2024-09-10 07:05:23,196 - INFO -
| Epoch:     10 | Train loss: 1.0464e+00 | Valid loss: 1.0032e+00 | Train acc: 0.4783 ± 0.0000 | Valid acc: 0.5246 ± 0.0000 | Valid Power: 0.0007 | Train Power: 0.0007 | patience:   4 | lr: 0.1 | Epoch time: 0.1 |

2024-09-10 07:05:23,976 - INFO -
| Epoch:     20 | Train loss: 1.0462e+00 | Valid loss: 1.0021e+00 | Train acc: 0.4783 ± 0.0000 | Valid acc: 0.5246 ± 0.0000 | Valid Power: 0.0007 | Train Power: 0.0007 | patience:  14 | lr: 0.1 | Epoch time: 0.1 |

2024-09-10 07:05:24,788 - INFO -
| Epoch:     30 | Train loss: 1.0460e+00 | Valid loss: 1.0005e+00 | Train acc: 0.4783 ± 0.0000 | Valid acc: 0.5246 ± 0.0000 | Valid Power: 0.0007 | Train Power: 0.0007 | patience:   2 | lr: 0.1 | Epoch time: 0.1 |

2024-09-10 07:05:25,568 - INFO -
| Epoch:     40 | Train loss: 1.0448e+00 | Valid loss: 9.9996e-01 | Train acc: 0.4783 ± 0.0000 | Valid acc: 0.5246 ± 0.0000 | Valid Power: 0.0007 | Train Power: 0.0007 | patience:  12 | lr: 0.1 | Epoch time: 0.1 |

2024-09-10 07:05:26,373 - INFO -
| Epoch:     50 | Train loss: 1.0251e+00 | Valid loss: 9.5786e-01 | Train acc: 0.4783 ± 0.0000 | Valid acc: 0.5246 ± 0.0000 | Valid Power: 0.0008 | Train Power: 0.0008 | patience:   0 | lr: 0.1 | Epoch time: 0.1 |

2024-09-10 07:05:27,148 - INFO -
| Epoch:     60 | Train loss: 9.9948e-01 | Valid loss: 9.5151e-01 | Train acc: 0.4783 ± 0.0000 | Valid acc: 0.5246 ± 0.0000 | Valid Power: 0.0009 | Train Power: 0.0007 | patience:   4 | lr: 0.1 | Epoch time: 0.1 |

2024-09-10 07:05:27,926 - INFO -
| Epoch:     70 | Train loss: 9.8871e-01 | Valid loss: 9.4213e-01 | Train acc: 0.4891 ± 0.0000 | Valid acc: 0.5574 ± 0.0000 | Valid Power: 0.0008 | Train Power: 0.0008 | patience:   8 | lr: 0.1 | Epoch time: 0.1 |

2024-09-10 07:05:28,712 - INFO -
| Epoch:     80 | Train loss: 9.1477e-01 | Valid loss: 8.6471e-01 | Train acc: 0.4946 ± 0.0000 | Valid acc: 0.5738 ± 0.0000 | Valid Power: 0.0008 | Train Power: 0.0008 | patience:   0 | lr: 0.1 | Epoch time: 0.1 |

2024-09-10 07:05:29,514 - INFO -
| Epoch:     90 | Train loss: 8.5294e-01 | Valid loss: 7.8071e-01 | Train acc: 0.6576 ± 0.0000 | Valid acc: 0.7213 ± 0.0000 | Valid Power: 0.0008 | Train Power: 0.0008 | patience:   1 | lr: 0.1 | Epoch time: 0.1 |

2024-09-10 07:05:30,284 - INFO -
| Epoch:    100 | Train loss: 8.1821e-01 | Valid loss: 7.9459e-01 | Train acc: 0.6685 ± 0.0000 | Valid acc: 0.7541 ± 0.0000 | Valid Power: 0.0008 | Train Power: 0.0008 | patience:  11 | lr: 0.1 | Epoch time: 0.1 |

2024-09-10 07:05:31,056 - INFO -
| Epoch:    110 | Train loss: 8.0763e-01 | Valid loss: 7.8383e-01 | Train acc: 0.6685 ± 0.0000 | Valid acc: 0.6721 ± 0.0000 | Valid Power: 0.0009 | Train Power: 0.0008 | patience:  21 | lr: 0.1 | Epoch time: 0.1 |

2024-09-10 07:05:31,833 - INFO -
| Epoch:    120 | Train loss: 7.9728e-01 | Valid loss: 7.7579e-01 | Train acc: 0.6685 ± 0.0000 | Valid acc: 0.6885 ± 0.0000 | Valid Power: 0.0008 | Train Power: 0.0008 | patience:   0 | lr: 0.1 | Epoch time: 0.1 |

2024-09-10 07:05:32,629 - INFO -
| Epoch:    130 | Train loss: 7.8626e-01 | Valid loss: 7.6330e-01 | Train acc: 0.6685 ± 0.0000 | Valid acc: 0.6885 ± 0.0000 | Valid Power: 0.0009 | Train Power: 0.0009 | patience:   0 | lr: 0.1 | Epoch time: 0.1 |

2024-09-10 07:05:33,520 - INFO -
| Epoch:    140 | Train loss: 7.8103e-01 | Valid loss: 7.6477e-01 | Train acc: 0.6739 ± 0.0000 | Valid acc: 0.7213 ± 0.0000 | Valid Power: 0.0008 | Train Power: 0.0009 | patience:   2 | lr: 0.1 | Epoch time: 0.1 |

2024-09-10 07:05:34,325 - INFO -
| Epoch:    150 | Train loss: 7.7365e-01 | Valid loss: 7.5282e-01 | Train acc: 0.6739 ± 0.0000 | Valid acc: 0.7541 ± 0.0000 | Valid Power: 0.0010 | Train Power: 0.0009 | patience:   0 | lr: 0.1 | Epoch time: 0.1 |

2024-09-10 07:05:35,135 - INFO -
| Epoch:    160 | Train loss: 7.6811e-01 | Valid loss: 7.4233e-01 | Train acc: 0.6848 ± 0.0000 | Valid acc: 0.7541 ± 0.0000 | Valid Power: 0.0015 | Train Power: 0.0009 | patience:   2 | lr: 0.1 | Epoch time: 0.1 |

2024-09-10 07:05:35,928 - INFO -
| Epoch:    170 | Train loss: 7.6425e-01 | Valid loss: 7.2829e-01 | Train acc: 0.7011 ± 0.0000 | Valid acc: 0.7541 ± 0.0000 | Valid Power: 0.0009 | Train Power: 0.0009 | patience:   1 | lr: 0.1 | Epoch time: 0.1 |

2024-09-10 07:05:36,700 - INFO -
| Epoch:    180 | Train loss: 7.5363e-01 | Valid loss: 7.1916e-01 | Train acc: 0.6902 ± 0.0000 | Valid acc: 0.7541 ± 0.0000 | Valid Power: 0.0009 | Train Power: 0.0009 | patience:  11 | lr: 0.1 | Epoch time: 0.1 |

2024-09-10 07:05:37,491 - INFO -
| Epoch:    190 | Train loss: 7.4970e-01 | Valid loss: 7.0536e-01 | Train acc: 0.6957 ± 0.0000 | Valid acc: 0.7541 ± 0.0000 | Valid Power: 0.0008 | Train Power: 0.0008 | patience:   1 | lr: 0.1 | Epoch time: 0.1 |

2024-09-10 07:05:38,280 - INFO -
| Epoch:    200 | Train loss: 7.3134e-01 | Valid loss: 6.8029e-01 | Train acc: 0.7228 ± 0.0000 | Valid acc: 0.8033 ± 0.0000 | Valid Power: 0.0010 | Train Power: 0.0009 | patience:   0 | lr: 0.1 | Epoch time: 0.1 |

2024-09-10 07:05:39,063 - INFO -
| Epoch:    210 | Train loss: 7.5737e-01 | Valid loss: 6.2672e-01 | Train acc: 0.6957 ± 0.0000 | Valid acc: 0.8361 ± 0.0000 | Valid Power: 0.0010 | Train Power: 0.0009 | patience:   3 | lr: 0.1 | Epoch time: 0.1 |

2024-09-10 07:05:39,838 - INFO -
| Epoch:    220 | Train loss: 7.2558e-01 | Valid loss: 6.4620e-01 | Train acc: 0.7283 ± 0.0000 | Valid acc: 0.8197 ± 0.0000 | Valid Power: 0.0009 | Train Power: 0.0009 | patience:  13 | lr: 0.1 | Epoch time: 0.1 |

2024-09-10 07:05:40,609 - INFO -
| Epoch:    230 | Train loss: 7.1347e-01 | Valid loss: 6.1716e-01 | Train acc: 0.7500 ± 0.0000 | Valid acc: 0.8197 ± 0.0000 | Valid Power: 0.0009 | Train Power: 0.0009 | patience:  23 | lr: 0.1 | Epoch time: 0.1 |

2024-09-10 07:05:41,387 - INFO -
| Epoch:    240 | Train loss: 7.1392e-01 | Valid loss: 6.1533e-01 | Train acc: 0.7446 ± 0.0000 | Valid acc: 0.8361 ± 0.0000 | Valid Power: 0.0009 | Train Power: 0.0009 | patience:   8 | lr: 0.1 | Epoch time: 0.1 |

2024-09-10 07:05:42,157 - INFO -
| Epoch:    250 | Train loss: 7.1768e-01 | Valid loss: 6.1547e-01 | Train acc: 0.7500 ± 0.0000 | Valid acc: 0.8361 ± 0.0000 | Valid Power: 0.0008 | Train Power: 0.0008 | patience:  18 | lr: 0.1 | Epoch time: 0.1 |

2024-09-10 07:05:42,932 - INFO -
| Epoch:    260 | Train loss: 7.0367e-01 | Valid loss: 6.1171e-01 | Train acc: 0.7554 ± 0.0000 | Valid acc: 0.8525 ± 0.0000 | Valid Power: 0.0009 | Train Power: 0.0009 | patience:   5 | lr: 0.1 | Epoch time: 0.1 |

2024-09-10 07:05:43,705 - INFO -
| Epoch:    270 | Train loss: 6.9610e-01 | Valid loss: 5.9469e-01 | Train acc: 0.7609 ± 0.0000 | Valid acc: 0.8525 ± 0.0000 | Valid Power: 0.0009 | Train Power: 0.0009 | patience:   0 | lr: 0.1 | Epoch time: 0.1 |

2024-09-10 07:05:44,477 - INFO -
| Epoch:    280 | Train loss: 6.9893e-01 | Valid loss: 6.0857e-01 | Train acc: 0.7554 ± 0.0000 | Valid acc: 0.8361 ± 0.0000 | Valid Power: 0.0009 | Train Power: 0.0010 | patience:   7 | lr: 0.1 | Epoch time: 0.1 |

2024-09-10 07:05:45,258 - INFO -
| Epoch:    290 | Train loss: 6.8034e-01 | Valid loss: 5.8626e-01 | Train acc: 0.7663 ± 0.0000 | Valid acc: 0.8525 ± 0.0000 | Valid Power: 0.0009 | Train Power: 0.0009 | patience:   0 | lr: 0.1 | Epoch time: 0.1 |

2024-09-10 07:05:46,040 - INFO -
| Epoch:    300 | Train loss: 6.0391e-01 | Valid loss: 5.5221e-01 | Train acc: 0.7011 ± 0.0000 | Valid acc: 0.7377 ± 0.0000 | Valid Power: 0.0010 | Train Power: 0.0009 | patience:   0 | lr: 0.1 | Epoch time: 0.1 |

2024-09-10 07:05:46,812 - INFO -
| Epoch:    310 | Train loss: 5.9879e-01 | Valid loss: 5.5349e-01 | Train acc: 0.7500 ± 0.0000 | Valid acc: 0.8525 ± 0.0000 | Valid Power: 0.0008 | Train Power: 0.0008 | patience:   5 | lr: 0.1 | Epoch time: 0.1 |

2024-09-10 07:05:47,582 - INFO -
| Epoch:    320 | Train loss: 6.0119e-01 | Valid loss: 5.9826e-01 | Train acc: 0.7500 ± 0.0000 | Valid acc: 0.7869 ± 0.0000 | Valid Power: 0.0008 | Train Power: 0.0008 | patience:  15 | lr: 0.1 | Epoch time: 0.1 |

2024-09-10 07:05:48,352 - INFO -
| Epoch:    330 | Train loss: 7.4668e-01 | Valid loss: 7.5643e-01 | Train acc: 0.6848 ± 0.0000 | Valid acc: 0.7541 ± 0.0000 | Valid Power: 0.0009 | Train Power: 0.0011 | patience:  25 | lr: 0.1 | Epoch time: 0.1 |

2024-09-10 07:05:49,122 - INFO -
| Epoch:    340 | Train loss: 6.2383e-01 | Valid loss: 5.9514e-01 | Train acc: 0.7065 ± 0.0000 | Valid acc: 0.7869 ± 0.0000 | Valid Power: 0.0013 | Train Power: 0.0009 | patience:  35 | lr: 0.1 | Epoch time: 0.1 |

2024-09-10 07:05:49,890 - INFO -
| Epoch:    350 | Train loss: 6.4222e-01 | Valid loss: 5.9229e-01 | Train acc: 0.7174 ± 0.0000 | Valid acc: 0.7869 ± 0.0000 | Valid Power: 0.0009 | Train Power: 0.0009 | patience:  45 | lr: 0.1 | Epoch time: 0.1 |

2024-09-10 07:05:50,657 - INFO -
| Epoch:    360 | Train loss: 5.9872e-01 | Valid loss: 5.8286e-01 | Train acc: 0.7391 ± 0.0000 | Valid acc: 0.8033 ± 0.0000 | Valid Power: 0.0030 | Train Power: 0.0015 | patience:  55 | lr: 0.1 | Epoch time: 0.1 |

2024-09-10 07:05:51,426 - INFO -
| Epoch:    370 | Train loss: 6.0314e-01 | Valid loss: 5.9355e-01 | Train acc: 0.7283 ± 0.0000 | Valid acc: 0.7869 ± 0.0000 | Valid Power: 0.0009 | Train Power: 0.0009 | patience:  65 | lr: 0.1 | Epoch time: 0.1 |

2024-09-10 07:05:52,202 - INFO -
| Epoch:    380 | Train loss: 6.0547e-01 | Valid loss: 5.8318e-01 | Train acc: 0.7065 ± 0.0000 | Valid acc: 0.7705 ± 0.0000 | Valid Power: 0.0009 | Train Power: 0.0009 | patience:  75 | lr: 0.1 | Epoch time: 0.1 |

2024-09-10 07:05:52,972 - INFO -
| Epoch:    390 | Train loss: 5.9463e-01 | Valid loss: 5.5069e-01 | Train acc: 0.7500 ± 0.0000 | Valid acc: 0.8197 ± 0.0000 | Valid Power: 0.0009 | Train Power: 0.0009 | patience:  85 | lr: 0.1 | Epoch time: 0.1 |

2024-09-10 07:05:53,752 - INFO -
| Epoch:    400 | Train loss: 5.8399e-01 | Valid loss: 5.3549e-01 | Train acc: 0.7500 ± 0.0000 | Valid acc: 0.8361 ± 0.0000 | Valid Power: 0.0009 | Train Power: 0.0009 | patience:   0 | lr: 0.1 | Epoch time: 0.1 |

2024-09-10 07:05:54,536 - INFO -
| Epoch:    410 | Train loss: 5.7877e-01 | Valid loss: 5.2895e-01 | Train acc: 0.7609 ± 0.0000 | Valid acc: 0.8361 ± 0.0000 | Valid Power: 0.0010 | Train Power: 0.0022 | patience:   1 | lr: 0.1 | Epoch time: 0.1 |

2024-09-10 07:05:55,305 - INFO -
| Epoch:    420 | Train loss: 5.7893e-01 | Valid loss: 5.3212e-01 | Train acc: 0.7609 ± 0.0000 | Valid acc: 0.8361 ± 0.0000 | Valid Power: 0.0009 | Train Power: 0.0009 | patience:  11 | lr: 0.1 | Epoch time: 0.1 |

2024-09-10 07:05:56,073 - INFO -
| Epoch:    430 | Train loss: 5.8240e-01 | Valid loss: 5.5919e-01 | Train acc: 0.7500 ± 0.0000 | Valid acc: 0.8197 ± 0.0000 | Valid Power: 0.0009 | Train Power: 0.0009 | patience:  21 | lr: 0.1 | Epoch time: 0.1 |

2024-09-10 07:05:56,843 - INFO -
| Epoch:    440 | Train loss: 5.7909e-01 | Valid loss: 5.3124e-01 | Train acc: 0.7500 ± 0.0000 | Valid acc: 0.8361 ± 0.0000 | Valid Power: 0.0009 | Train Power: 0.0009 | patience:  31 | lr: 0.1 | Epoch time: 0.1 |

2024-09-10 07:05:57,611 - INFO -
| Epoch:    450 | Train loss: 5.7953e-01 | Valid loss: 5.4158e-01 | Train acc: 0.7446 ± 0.0000 | Valid acc: 0.8197 ± 0.0000 | Valid Power: 0.0009 | Train Power: 0.0009 | patience:  41 | lr: 0.1 | Epoch time: 0.1 |

2024-09-10 07:05:58,378 - INFO -
| Epoch:    460 | Train loss: 5.7495e-01 | Valid loss: 5.3049e-01 | Train acc: 0.7500 ± 0.0000 | Valid acc: 0.8361 ± 0.0000 | Valid Power: 0.0009 | Train Power: 0.0010 | patience:  51 | lr: 0.1 | Epoch time: 0.1 |

2024-09-10 07:05:59,146 - INFO -
| Epoch:    470 | Train loss: 5.6910e-01 | Valid loss: 5.2578e-01 | Train acc: 0.7609 ± 0.0000 | Valid acc: 0.8361 ± 0.0000 | Valid Power: 0.0009 | Train Power: 0.0009 | patience:  61 | lr: 0.1 | Epoch time: 0.1 |

2024-09-10 07:05:59,917 - INFO -
| Epoch:    480 | Train loss: 5.8014e-01 | Valid loss: 5.6080e-01 | Train acc: 0.7500 ± 0.0000 | Valid acc: 0.8197 ± 0.0000 | Valid Power: 0.0009 | Train Power: 0.0009 | patience:  71 | lr: 0.1 | Epoch time: 0.1 |

2024-09-10 07:06:00,683 - INFO -
| Epoch:    490 | Train loss: 6.0224e-01 | Valid loss: 5.4676e-01 | Train acc: 0.7337 ± 0.0000 | Valid acc: 0.8197 ± 0.0000 | Valid Power: 0.0009 | Train Power: 0.0009 | patience:  81 | lr: 0.1 | Epoch time: 0.1 |

2024-09-10 07:06:01,451 - INFO -
| Epoch:    500 | Train loss: 5.9835e-01 | Valid loss: 5.3744e-01 | Train acc: 0.7391 ± 0.0000 | Valid acc: 0.8525 ± 0.0000 | Valid Power: 0.0009 | Train Power: 0.0009 | patience:  91 | lr: 0.1 | Epoch time: 0.1 |

2024-09-10 07:06:02,223 - INFO -
load best network to warm start training with lower lr.

2024-09-10 07:06:02,223 - INFO -
lr update to 0.05.

2024-09-10 07:06:02,224 - INFO -
| Epoch:    510 | Train loss: 5.7791e-01 | Valid loss: 5.4704e-01 | Train acc: 0.7500 ± 0.0000 | Valid acc: 0.8197 ± 0.0000 | Valid Power: 0.0010 | Train Power: 0.0010 | patience:   0 | lr: 0.05 | Epoch time: 0.1 |

2024-09-10 07:06:02,993 - INFO -
| Epoch:    520 | Train loss: 5.7895e-01 | Valid loss: 5.3934e-01 | Train acc: 0.7500 ± 0.0000 | Valid acc: 0.8361 ± 0.0000 | Valid Power: 0.0022 | Train Power: 0.0022 | patience:  10 | lr: 0.05 | Epoch time: 0.1 |

2024-09-10 07:06:03,761 - INFO -
| Epoch:    530 | Train loss: 5.8041e-01 | Valid loss: 5.4622e-01 | Train acc: 0.7446 ± 0.0000 | Valid acc: 0.8197 ± 0.0000 | Valid Power: 0.0022 | Train Power: 0.0022 | patience:  20 | lr: 0.05 | Epoch time: 0.1 |

2024-09-10 07:06:04,540 - INFO -
| Epoch:    540 | Train loss: 5.7755e-01 | Valid loss: 5.3541e-01 | Train acc: 0.7446 ± 0.0000 | Valid acc: 0.8197 ± 0.0000 | Valid Power: 0.0022 | Train Power: 0.0022 | patience:  30 | lr: 0.05 | Epoch time: 0.1 |

2024-09-10 07:06:05,309 - INFO -
| Epoch:    550 | Train loss: 5.7664e-01 | Valid loss: 5.3363e-01 | Train acc: 0.7446 ± 0.0000 | Valid acc: 0.8197 ± 0.0000 | Valid Power: 0.0022 | Train Power: 0.0021 | patience:  40 | lr: 0.05 | Epoch time: 0.1 |

2024-09-10 07:06:06,078 - INFO -
| Epoch:    560 | Train loss: 5.7455e-01 | Valid loss: 5.4834e-01 | Train acc: 0.7446 ± 0.0000 | Valid acc: 0.8033 ± 0.0000 | Valid Power: 0.0022 | Train Power: 0.0021 | patience:  50 | lr: 0.05 | Epoch time: 0.1 |

2024-09-10 07:06:06,847 - INFO -
| Epoch:    570 | Train loss: 5.7555e-01 | Valid loss: 5.2202e-01 | Train acc: 0.7446 ± 0.0000 | Valid acc: 0.8361 ± 0.0000 | Valid Power: 0.0021 | Train Power: 0.0023 | patience:  60 | lr: 0.05 | Epoch time: 0.1 |

2024-09-10 07:06:07,617 - INFO -
| Epoch:    580 | Train loss: 5.6360e-01 | Valid loss: 5.1517e-01 | Train acc: 0.7663 ± 0.0000 | Valid acc: 0.8525 ± 0.0000 | Valid Power: 0.0021 | Train Power: 0.0021 | patience:  70 | lr: 0.05 | Epoch time: 0.1 |

2024-09-10 07:06:08,389 - INFO -
| Epoch:    590 | Train loss: 5.6271e-01 | Valid loss: 5.1500e-01 | Train acc: 0.7663 ± 0.0000 | Valid acc: 0.8525 ± 0.0000 | Valid Power: 0.0022 | Train Power: 0.0022 | patience:   4 | lr: 0.05 | Epoch time: 0.1 |

2024-09-10 07:06:09,160 - INFO -
| Epoch:    600 | Train loss: 5.7119e-01 | Valid loss: 5.2242e-01 | Train acc: 0.7609 ± 0.0000 | Valid acc: 0.8361 ± 0.0000 | Valid Power: 0.0024 | Train Power: 0.0028 | patience:  14 | lr: 0.05 | Epoch time: 0.1 |

2024-09-10 07:06:10,014 - INFO -
| Epoch:    610 | Train loss: 5.6398e-01 | Valid loss: 5.1482e-01 | Train acc: 0.7663 ± 0.0000 | Valid acc: 0.8525 ± 0.0000 | Valid Power: 0.0024 | Train Power: 0.0025 | patience:  24 | lr: 0.05 | Epoch time: 0.1 |

2024-09-10 07:06:10,788 - INFO -
| Epoch:    620 | Train loss: 5.7104e-01 | Valid loss: 5.2124e-01 | Train acc: 0.7609 ± 0.0000 | Valid acc: 0.8361 ± 0.0000 | Valid Power: 0.0022 | Train Power: 0.0021 | patience:  34 | lr: 0.05 | Epoch time: 0.1 |

2024-09-10 07:06:11,556 - INFO -
| Epoch:    630 | Train loss: 5.6796e-01 | Valid loss: 5.1388e-01 | Train acc: 0.7609 ± 0.0000 | Valid acc: 0.8525 ± 0.0000 | Valid Power: 0.0021 | Train Power: 0.0021 | patience:  44 | lr: 0.05 | Epoch time: 0.1 |

2024-09-10 07:06:12,324 - INFO -
| Epoch:    640 | Train loss: 5.7024e-01 | Valid loss: 5.2204e-01 | Train acc: 0.7609 ± 0.0000 | Valid acc: 0.8361 ± 0.0000 | Valid Power: 0.0022 | Train Power: 0.0021 | patience:  54 | lr: 0.05 | Epoch time: 0.1 |

2024-09-10 07:06:13,090 - INFO -
| Epoch:    650 | Train loss: 5.7186e-01 | Valid loss: 5.2183e-01 | Train acc: 0.7609 ± 0.0000 | Valid acc: 0.8361 ± 0.0000 | Valid Power: 0.0021 | Train Power: 0.0021 | patience:  64 | lr: 0.05 | Epoch time: 0.1 |

2024-09-10 07:06:13,858 - INFO -
| Epoch:    660 | Train loss: 5.7112e-01 | Valid loss: 5.0507e-01 | Train acc: 0.7609 ± 0.0000 | Valid acc: 0.8525 ± 0.0000 | Valid Power: 0.0021 | Train Power: 0.0022 | patience:  74 | lr: 0.05 | Epoch time: 0.1 |

2024-09-10 07:06:14,626 - INFO -
| Epoch:    670 | Train loss: 5.6215e-01 | Valid loss: 5.0920e-01 | Train acc: 0.7663 ± 0.0000 | Valid acc: 0.8525 ± 0.0000 | Valid Power: 0.0021 | Train Power: 0.0021 | patience:  84 | lr: 0.05 | Epoch time: 0.1 |

2024-09-10 07:06:15,398 - INFO -
| Epoch:    680 | Train loss: 5.7265e-01 | Valid loss: 5.3469e-01 | Train acc: 0.7500 ± 0.0000 | Valid acc: 0.8361 ± 0.0000 | Valid Power: 0.0021 | Train Power: 0.0022 | patience:  94 | lr: 0.05 | Epoch time: 0.1 |

2024-09-10 07:06:15,940 - INFO -
load best network to warm start training with lower lr.

2024-09-10 07:06:15,940 - INFO -
lr update to 0.025.

2024-09-10 07:06:16,171 - INFO -
| Epoch:    690 | Train loss: 5.6183e-01 | Valid loss: 5.1419e-01 | Train acc: 0.7663 ± 0.0000 | Valid acc: 0.8525 ± 0.0000 | Valid Power: 0.0043 | Train Power: 0.0042 | patience:   3 | lr: 0.025 | Epoch time: 0.1 |

2024-09-10 07:06:16,944 - INFO -
| Epoch:    700 | Train loss: 5.6558e-01 | Valid loss: 5.1368e-01 | Train acc: 0.7609 ± 0.0000 | Valid acc: 0.8525 ± 0.0000 | Valid Power: 0.0042 | Train Power: 0.0042 | patience:  13 | lr: 0.025 | Epoch time: 0.1 |

2024-09-10 07:06:17,713 - INFO -
| Epoch:    710 | Train loss: 5.6290e-01 | Valid loss: 5.1324e-01 | Train acc: 0.7663 ± 0.0000 | Valid acc: 0.8525 ± 0.0000 | Valid Power: 0.0042 | Train Power: 0.0042 | patience:  23 | lr: 0.025 | Epoch time: 0.1 |

2024-09-10 07:06:18,483 - INFO -
| Epoch:    720 | Train loss: 5.6245e-01 | Valid loss: 5.1247e-01 | Train acc: 0.7663 ± 0.0000 | Valid acc: 0.8525 ± 0.0000 | Valid Power: 0.0042 | Train Power: 0.0042 | patience:  33 | lr: 0.025 | Epoch time: 0.1 |

2024-09-10 07:06:19,253 - INFO -
| Epoch:    730 | Train loss: 5.6083e-01 | Valid loss: 5.1264e-01 | Train acc: 0.7663 ± 0.0000 | Valid acc: 0.8525 ± 0.0000 | Valid Power: 0.0042 | Train Power: 0.0042 | patience:  43 | lr: 0.025 | Epoch time: 0.1 |

2024-09-10 07:06:20,021 - INFO -
| Epoch:    740 | Train loss: 5.6073e-01 | Valid loss: 5.1270e-01 | Train acc: 0.7663 ± 0.0000 | Valid acc: 0.8525 ± 0.0000 | Valid Power: 0.0041 | Train Power: 0.0042 | patience:  53 | lr: 0.025 | Epoch time: 0.1 |

2024-09-10 07:06:20,789 - INFO -
| Epoch:    750 | Train loss: 5.6059e-01 | Valid loss: 5.1276e-01 | Train acc: 0.7663 ± 0.0000 | Valid acc: 0.8525 ± 0.0000 | Valid Power: 0.0042 | Train Power: 0.0042 | patience:  63 | lr: 0.025 | Epoch time: 0.1 |

2024-09-10 07:06:21,557 - INFO -
| Epoch:    760 | Train loss: 5.6050e-01 | Valid loss: 5.1289e-01 | Train acc: 0.7663 ± 0.0000 | Valid acc: 0.8525 ± 0.0000 | Valid Power: 0.0042 | Train Power: 0.0042 | patience:  73 | lr: 0.025 | Epoch time: 0.1 |

2024-09-10 07:06:22,327 - INFO -
| Epoch:    770 | Train loss: 5.6036e-01 | Valid loss: 5.1276e-01 | Train acc: 0.7663 ± 0.0000 | Valid acc: 0.8525 ± 0.0000 | Valid Power: 0.0044 | Train Power: 0.0045 | patience:  83 | lr: 0.025 | Epoch time: 0.1 |

2024-09-10 07:06:23,094 - INFO -
| Epoch:    780 | Train loss: 5.6021e-01 | Valid loss: 5.1242e-01 | Train acc: 0.7663 ± 0.0000 | Valid acc: 0.8525 ± 0.0000 | Valid Power: 0.0042 | Train Power: 0.0042 | patience:  93 | lr: 0.025 | Epoch time: 0.1 |

2024-09-10 07:06:23,711 - INFO -
load best network to warm start training with lower lr.

2024-09-10 07:06:23,712 - INFO -
lr update to 0.0125.

2024-09-10 07:06:23,865 - INFO -
| Epoch:    790 | Train loss: 5.6315e-01 | Valid loss: 5.1411e-01 | Train acc: 0.7663 ± 0.0000 | Valid acc: 0.8525 ± 0.0000 | Valid Power: 0.0042 | Train Power: 0.0042 | patience:   2 | lr: 0.0125 | Epoch time: 0.1 |

2024-09-10 07:06:24,635 - INFO -
| Epoch:    800 | Train loss: 5.6343e-01 | Valid loss: 5.0938e-01 | Train acc: 0.7663 ± 0.0000 | Valid acc: 0.8525 ± 0.0000 | Valid Power: 0.0042 | Train Power: 0.0042 | patience:  12 | lr: 0.0125 | Epoch time: 0.1 |

2024-09-10 07:06:25,409 - INFO -
| Epoch:    810 | Train loss: 5.6245e-01 | Valid loss: 5.1257e-01 | Train acc: 0.7663 ± 0.0000 | Valid acc: 0.8525 ± 0.0000 | Valid Power: 0.0042 | Train Power: 0.0043 | patience:  22 | lr: 0.0125 | Epoch time: 0.1 |

2024-09-10 07:06:26,178 - INFO -
| Epoch:    820 | Train loss: 5.6154e-01 | Valid loss: 5.1271e-01 | Train acc: 0.7663 ± 0.0000 | Valid acc: 0.8525 ± 0.0000 | Valid Power: 0.0042 | Train Power: 0.0042 | patience:  32 | lr: 0.0125 | Epoch time: 0.1 |

2024-09-10 07:06:26,946 - INFO -
| Epoch:    830 | Train loss: 5.6107e-01 | Valid loss: 5.1298e-01 | Train acc: 0.7663 ± 0.0000 | Valid acc: 0.8525 ± 0.0000 | Valid Power: 0.0042 | Train Power: 0.0042 | patience:  42 | lr: 0.0125 | Epoch time: 0.1 |

2024-09-10 07:06:27,715 - INFO -
| Epoch:    840 | Train loss: 5.6099e-01 | Valid loss: 5.1273e-01 | Train acc: 0.7663 ± 0.0000 | Valid acc: 0.8525 ± 0.0000 | Valid Power: 0.0051 | Train Power: 0.0047 | patience:  52 | lr: 0.0125 | Epoch time: 0.1 |

2024-09-10 07:06:28,484 - INFO -
| Epoch:    850 | Train loss: 5.6091e-01 | Valid loss: 5.1268e-01 | Train acc: 0.7663 ± 0.0000 | Valid acc: 0.8525 ± 0.0000 | Valid Power: 0.0047 | Train Power: 0.0048 | patience:  62 | lr: 0.0125 | Epoch time: 0.1 |

2024-09-10 07:06:29,253 - INFO -
| Epoch:    860 | Train loss: 5.6082e-01 | Valid loss: 5.1277e-01 | Train acc: 0.7663 ± 0.0000 | Valid acc: 0.8525 ± 0.0000 | Valid Power: 0.0045 | Train Power: 0.0045 | patience:  72 | lr: 0.0125 | Epoch time: 0.1 |

2024-09-10 07:06:30,021 - INFO -
| Epoch:    870 | Train loss: 5.6076e-01 | Valid loss: 5.1276e-01 | Train acc: 0.7663 ± 0.0000 | Valid acc: 0.8525 ± 0.0000 | Valid Power: 0.0044 | Train Power: 0.0044 | patience:  82 | lr: 0.0125 | Epoch time: 0.1 |

2024-09-10 07:06:30,788 - INFO -
| Epoch:    880 | Train loss: 5.6069e-01 | Valid loss: 5.1272e-01 | Train acc: 0.7663 ± 0.0000 | Valid acc: 0.8525 ± 0.0000 | Valid Power: 0.0044 | Train Power: 0.0044 | patience:  92 | lr: 0.0125 | Epoch time: 0.1 |

2024-09-10 07:06:31,482 - INFO -
load best network to warm start training with lower lr.

2024-09-10 07:06:31,482 - INFO -
lr update to 0.00625.

2024-09-10 07:06:31,559 - INFO -
| Epoch:    890 | Train loss: 5.6794e-01 | Valid loss: 5.0887e-01 | Train acc: 0.7609 ± 0.0000 | Valid acc: 0.8525 ± 0.0000 | Valid Power: 0.0042 | Train Power: 0.0042 | patience:   1 | lr: 0.00625 | Epoch time: 0.1 |

2024-09-10 07:06:32,327 - INFO -
| Epoch:    900 | Train loss: 5.6197e-01 | Valid loss: 5.1318e-01 | Train acc: 0.7663 ± 0.0000 | Valid acc: 0.8525 ± 0.0000 | Valid Power: 0.0045 | Train Power: 0.0044 | patience:  11 | lr: 0.00625 | Epoch time: 0.1 |

2024-09-10 07:06:33,095 - INFO -
| Epoch:    910 | Train loss: 5.6123e-01 | Valid loss: 5.1320e-01 | Train acc: 0.7663 ± 0.0000 | Valid acc: 0.8525 ± 0.0000 | Valid Power: 0.0042 | Train Power: 0.0042 | patience:  21 | lr: 0.00625 | Epoch time: 0.1 |

2024-09-10 07:06:33,863 - INFO -
| Epoch:    920 | Train loss: 5.6124e-01 | Valid loss: 5.1274e-01 | Train acc: 0.7663 ± 0.0000 | Valid acc: 0.8525 ± 0.0000 | Valid Power: 0.0042 | Train Power: 0.0042 | patience:  31 | lr: 0.00625 | Epoch time: 0.1 |

2024-09-10 07:06:34,640 - INFO -
| Epoch:    930 | Train loss: 5.6118e-01 | Valid loss: 5.1304e-01 | Train acc: 0.7663 ± 0.0000 | Valid acc: 0.8525 ± 0.0000 | Valid Power: 0.0043 | Train Power: 0.0042 | patience:  41 | lr: 0.00625 | Epoch time: 0.1 |

2024-09-10 07:06:35,409 - INFO -
| Epoch:    940 | Train loss: 5.6111e-01 | Valid loss: 5.1291e-01 | Train acc: 0.7663 ± 0.0000 | Valid acc: 0.8525 ± 0.0000 | Valid Power: 0.0060 | Train Power: 0.0203 | patience:  51 | lr: 0.00625 | Epoch time: 0.1 |

2024-09-10 07:06:36,177 - INFO -
| Epoch:    950 | Train loss: 5.6106e-01 | Valid loss: 5.1301e-01 | Train acc: 0.7663 ± 0.0000 | Valid acc: 0.8525 ± 0.0000 | Valid Power: 0.0044 | Train Power: 0.0044 | patience:  61 | lr: 0.00625 | Epoch time: 0.1 |

2024-09-10 07:06:36,946 - INFO -
| Epoch:    960 | Train loss: 5.6101e-01 | Valid loss: 5.1288e-01 | Train acc: 0.7663 ± 0.0000 | Valid acc: 0.8525 ± 0.0000 | Valid Power: 0.0043 | Train Power: 0.0043 | patience:  71 | lr: 0.00625 | Epoch time: 0.1 |

2024-09-10 07:06:37,717 - INFO -
| Epoch:    970 | Train loss: 5.6096e-01 | Valid loss: 5.1291e-01 | Train acc: 0.7663 ± 0.0000 | Valid acc: 0.8525 ± 0.0000 | Valid Power: 0.0043 | Train Power: 0.0043 | patience:  81 | lr: 0.00625 | Epoch time: 0.1 |

2024-09-10 07:06:38,486 - INFO -
| Epoch:    980 | Train loss: 5.6092e-01 | Valid loss: 5.1290e-01 | Train acc: 0.7663 ± 0.0000 | Valid acc: 0.8525 ± 0.0000 | Valid Power: 0.0043 | Train Power: 0.0043 | patience:  91 | lr: 0.00625 | Epoch time: 0.1 |

2024-09-10 07:06:39,257 - INFO -
load best network to warm start training with lower lr.

2024-09-10 07:06:39,258 - INFO -
lr update to 0.003125.

2024-09-10 07:06:39,258 - INFO -
| Epoch:    990 | Train loss: 5.6088e-01 | Valid loss: 5.1287e-01 | Train acc: 0.7663 ± 0.0000 | Valid acc: 0.8525 ± 0.0000 | Valid Power: 0.0043 | Train Power: 0.0043 | patience:   0 | lr: 0.003125 | Epoch time: 0.1 |

2024-09-10 07:06:40,024 - INFO -
| Epoch:   1000 | Train loss: 5.6195e-01 | Valid loss: 5.1385e-01 | Train acc: 0.7663 ± 0.0000 | Valid acc: 0.8525 ± 0.0000 | Valid Power: 0.0042 | Train Power: 0.0042 | patience:  10 | lr: 0.003125 | Epoch time: 0.1 |

2024-09-10 07:06:40,796 - INFO -
| Epoch:   1010 | Train loss: 5.6153e-01 | Valid loss: 5.1337e-01 | Train acc: 0.7663 ± 0.0000 | Valid acc: 0.8525 ± 0.0000 | Valid Power: 0.0043 | Train Power: 0.0042 | patience:  20 | lr: 0.003125 | Epoch time: 0.1 |

2024-09-10 07:06:41,565 - INFO -
| Epoch:   1020 | Train loss: 5.6130e-01 | Valid loss: 5.1288e-01 | Train acc: 0.7663 ± 0.0000 | Valid acc: 0.8525 ± 0.0000 | Valid Power: 0.0042 | Train Power: 0.0043 | patience:  30 | lr: 0.003125 | Epoch time: 0.1 |

2024-09-10 07:06:42,307 - INFO -
| Epoch:   1030 | Train loss: 5.6128e-01 | Valid loss: 5.1319e-01 | Train acc: 0.7663 ± 0.0000 | Valid acc: 0.8525 ± 0.0000 | Valid Power: 0.0043 | Train Power: 0.0043 | patience:  40 | lr: 0.003125 | Epoch time: 0.1 |

2024-09-10 07:06:43,001 - INFO -
| Epoch:   1040 | Train loss: 5.6121e-01 | Valid loss: 5.1283e-01 | Train acc: 0.7663 ± 0.0000 | Valid acc: 0.8525 ± 0.0000 | Valid Power: 0.1102 | Train Power: 0.0074 | patience:  50 | lr: 0.003125 | Epoch time: 0.1 |

2024-09-10 07:06:43,704 - INFO -
| Epoch:   1050 | Train loss: 5.6117e-01 | Valid loss: 5.1299e-01 | Train acc: 0.7663 ± 0.0000 | Valid acc: 0.8525 ± 0.0000 | Valid Power: 0.0047 | Train Power: 0.0047 | patience:  60 | lr: 0.003125 | Epoch time: 0.1 |

2024-09-10 07:06:44,482 - INFO -
| Epoch:   1060 | Train loss: 5.6115e-01 | Valid loss: 5.1296e-01 | Train acc: 0.7663 ± 0.0000 | Valid acc: 0.8525 ± 0.0000 | Valid Power: 0.0045 | Train Power: 0.0045 | patience:  70 | lr: 0.003125 | Epoch time: 0.1 |

2024-09-10 07:06:45,180 - INFO -
| Epoch:   1070 | Train loss: 5.6112e-01 | Valid loss: 5.1299e-01 | Train acc: 0.7663 ± 0.0000 | Valid acc: 0.8525 ± 0.0000 | Valid Power: 0.0045 | Train Power: 0.0045 | patience:  80 | lr: 0.003125 | Epoch time: 0.1 |

2024-09-10 07:06:45,870 - INFO -
| Epoch:   1080 | Train loss: 5.6110e-01 | Valid loss: 5.1295e-01 | Train acc: 0.7663 ± 0.0000 | Valid acc: 0.8525 ± 0.0000 | Valid Power: 0.0045 | Train Power: 0.0045 | patience:  90 | lr: 0.003125 | Epoch time: 0.1 |

2024-09-10 07:06:46,566 - INFO -
| Epoch:   1090 | Train loss: 5.6107e-01 | Valid loss: 5.1295e-01 | Train acc: 0.7663 ± 0.0000 | Valid acc: 0.8525 ± 0.0000 | Valid Power: 0.0045 | Train Power: 0.0045 | patience: 100 | lr: 0.003125 | Epoch time: 0.1 |

2024-09-10 07:06:46,638 - INFO -
load best network to warm start training with lower lr.

2024-09-10 07:06:46,638 - INFO -
lr update to 0.0015625.

2024-09-10 07:06:47,265 - INFO -
| Epoch:   1100 | Train loss: 5.6329e-01 | Valid loss: 5.1285e-01 | Train acc: 0.7663 ± 0.0000 | Valid acc: 0.8525 ± 0.0000 | Valid Power: 0.0042 | Train Power: 0.0042 | patience:   9 | lr: 0.0015625 | Epoch time: 0.1 |

2024-09-10 07:06:47,957 - INFO -
| Epoch:   1110 | Train loss: 5.6230e-01 | Valid loss: 5.1358e-01 | Train acc: 0.7663 ± 0.0000 | Valid acc: 0.8525 ± 0.0000 | Valid Power: 0.0042 | Train Power: 0.0042 | patience:  19 | lr: 0.0015625 | Epoch time: 0.1 |

2024-09-10 07:06:48,652 - INFO -
| Epoch:   1120 | Train loss: 5.6174e-01 | Valid loss: 5.1336e-01 | Train acc: 0.7663 ± 0.0000 | Valid acc: 0.8525 ± 0.0000 | Valid Power: 0.0042 | Train Power: 0.0042 | patience:  29 | lr: 0.0015625 | Epoch time: 0.1 |

2024-09-10 07:06:49,352 - INFO -
| Epoch:   1130 | Train loss: 5.6141e-01 | Valid loss: 5.1336e-01 | Train acc: 0.7663 ± 0.0000 | Valid acc: 0.8525 ± 0.0000 | Valid Power: 0.0043 | Train Power: 0.0043 | patience:  39 | lr: 0.0015625 | Epoch time: 0.1 |

2024-09-10 07:06:50,046 - INFO -
| Epoch:   1140 | Train loss: 5.6127e-01 | Valid loss: 5.1313e-01 | Train acc: 0.7663 ± 0.0000 | Valid acc: 0.8525 ± 0.0000 | Valid Power: 0.0044 | Train Power: 0.0044 | patience:  49 | lr: 0.0015625 | Epoch time: 0.1 |

2024-09-10 07:06:50,758 - INFO -
| Epoch:   1150 | Train loss: 5.6124e-01 | Valid loss: 5.1309e-01 | Train acc: 0.7663 ± 0.0000 | Valid acc: 0.8525 ± 0.0000 | Valid Power: 0.0042 | Train Power: 0.0042 | patience:  59 | lr: 0.0015625 | Epoch time: 0.1 |

2024-09-10 07:06:51,438 - INFO -
| Epoch:   1160 | Train loss: 5.6123e-01 | Valid loss: 5.1303e-01 | Train acc: 0.7663 ± 0.0000 | Valid acc: 0.8525 ± 0.0000 | Valid Power: 0.0042 | Train Power: 0.0042 | patience:  69 | lr: 0.0015625 | Epoch time: 0.1 |

2024-09-10 07:06:52,120 - INFO -
| Epoch:   1170 | Train loss: 5.6121e-01 | Valid loss: 5.1299e-01 | Train acc: 0.7663 ± 0.0000 | Valid acc: 0.8525 ± 0.0000 | Valid Power: 0.0042 | Train Power: 0.0042 | patience:  79 | lr: 0.0015625 | Epoch time: 0.1 |

2024-09-10 07:06:52,796 - INFO -
| Epoch:   1180 | Train loss: 5.6120e-01 | Valid loss: 5.1298e-01 | Train acc: 0.7663 ± 0.0000 | Valid acc: 0.8525 ± 0.0000 | Valid Power: 0.0042 | Train Power: 0.0042 | patience:  89 | lr: 0.0015625 | Epoch time: 0.1 |

2024-09-10 07:06:53,471 - INFO -
| Epoch:   1190 | Train loss: 5.6119e-01 | Valid loss: 5.1298e-01 | Train acc: 0.7663 ± 0.0000 | Valid acc: 0.8525 ± 0.0000 | Valid Power: 0.0042 | Train Power: 0.0042 | patience:  99 | lr: 0.0015625 | Epoch time: 0.1 |

2024-09-10 07:06:53,608 - INFO -
load best network to warm start training with lower lr.

2024-09-10 07:06:53,608 - INFO -
lr update to 0.00078125.

2024-09-10 07:06:54,150 - INFO -
| Epoch:   1200 | Train loss: 5.6388e-01 | Valid loss: 5.0849e-01 | Train acc: 0.7663 ± 0.0000 | Valid acc: 0.8525 ± 0.0000 | Valid Power: 0.0042 | Train Power: 0.0042 | patience:   8 | lr: 0.00078125 | Epoch time: 0.1 |

2024-09-10 07:06:54,829 - INFO -
| Epoch:   1210 | Train loss: 5.6330e-01 | Valid loss: 5.1289e-01 | Train acc: 0.7663 ± 0.0000 | Valid acc: 0.8525 ± 0.0000 | Valid Power: 0.0042 | Train Power: 0.0042 | patience:  18 | lr: 0.00078125 | Epoch time: 0.1 |

2024-09-10 07:06:55,510 - INFO -
| Epoch:   1220 | Train loss: 5.6307e-01 | Valid loss: 5.1313e-01 | Train acc: 0.7663 ± 0.0000 | Valid acc: 0.8525 ± 0.0000 | Valid Power: 0.0042 | Train Power: 0.0042 | patience:  28 | lr: 0.00078125 | Epoch time: 0.1 |

2024-09-10 07:06:56,191 - INFO -
| Epoch:   1230 | Train loss: 5.6277e-01 | Valid loss: 5.1324e-01 | Train acc: 0.7663 ± 0.0000 | Valid acc: 0.8525 ± 0.0000 | Valid Power: 0.0042 | Train Power: 0.0042 | patience:  38 | lr: 0.00078125 | Epoch time: 0.1 |

2024-09-10 07:06:56,872 - INFO -
| Epoch:   1240 | Train loss: 5.6207e-01 | Valid loss: 5.1314e-01 | Train acc: 0.7663 ± 0.0000 | Valid acc: 0.8525 ± 0.0000 | Valid Power: 0.0042 | Train Power: 0.0042 | patience:  48 | lr: 0.00078125 | Epoch time: 0.1 |

2024-09-10 07:06:57,553 - INFO -
| Epoch:   1250 | Train loss: 5.6136e-01 | Valid loss: 5.1309e-01 | Train acc: 0.7663 ± 0.0000 | Valid acc: 0.8525 ± 0.0000 | Valid Power: 0.0042 | Train Power: 0.0042 | patience:  58 | lr: 0.00078125 | Epoch time: 0.1 |

2024-09-10 07:06:58,239 - INFO -
| Epoch:   1260 | Train loss: 5.6135e-01 | Valid loss: 5.1331e-01 | Train acc: 0.7663 ± 0.0000 | Valid acc: 0.8525 ± 0.0000 | Valid Power: 0.0042 | Train Power: 0.0042 | patience:  68 | lr: 0.00078125 | Epoch time: 0.1 |

2024-09-10 07:06:58,921 - INFO -
| Epoch:   1270 | Train loss: 5.6131e-01 | Valid loss: 5.1339e-01 | Train acc: 0.7663 ± 0.0000 | Valid acc: 0.8525 ± 0.0000 | Valid Power: 0.0042 | Train Power: 0.0042 | patience:  78 | lr: 0.00078125 | Epoch time: 0.1 |

2024-09-10 07:06:59,598 - INFO -
| Epoch:   1280 | Train loss: 5.6127e-01 | Valid loss: 5.1324e-01 | Train acc: 0.7663 ± 0.0000 | Valid acc: 0.8525 ± 0.0000 | Valid Power: 0.0043 | Train Power: 0.0043 | patience:  88 | lr: 0.00078125 | Epoch time: 0.1 |

2024-09-10 07:07:00,275 - INFO -
| Epoch:   1290 | Train loss: 5.6126e-01 | Valid loss: 5.1311e-01 | Train acc: 0.7663 ± 0.0000 | Valid acc: 0.8525 ± 0.0000 | Valid Power: 0.0045 | Train Power: 0.0045 | patience:  98 | lr: 0.00078125 | Epoch time: 0.1 |

2024-09-10 07:07:00,481 - INFO -
load best network to warm start training with lower lr.

2024-09-10 07:07:00,481 - INFO -
lr update to 0.000390625.

2024-09-10 07:07:00,953 - INFO -
| Epoch:   1300 | Train loss: 5.6614e-01 | Valid loss: 5.0341e-01 | Train acc: 0.7609 ± 0.0000 | Valid acc: 0.8525 ± 0.0000 | Valid Power: 0.0042 | Train Power: 0.0042 | patience:   7 | lr: 0.000390625 | Epoch time: 0.1 |

2024-09-10 07:07:01,624 - INFO -
| Epoch:   1310 | Train loss: 5.6372e-01 | Valid loss: 5.0922e-01 | Train acc: 0.7663 ± 0.0000 | Valid acc: 0.8525 ± 0.0000 | Valid Power: 0.0042 | Train Power: 0.0042 | patience:  17 | lr: 0.000390625 | Epoch time: 0.1 |

2024-09-10 07:07:02,294 - INFO -
| Epoch:   1320 | Train loss: 5.6345e-01 | Valid loss: 5.1287e-01 | Train acc: 0.7663 ± 0.0000 | Valid acc: 0.8525 ± 0.0000 | Valid Power: 0.0042 | Train Power: 0.0042 | patience:  27 | lr: 0.000390625 | Epoch time: 0.1 |

2024-09-10 07:07:02,966 - INFO -
| Epoch:   1330 | Train loss: 5.6335e-01 | Valid loss: 5.1309e-01 | Train acc: 0.7663 ± 0.0000 | Valid acc: 0.8525 ± 0.0000 | Valid Power: 0.0042 | Train Power: 0.0042 | patience:  37 | lr: 0.000390625 | Epoch time: 0.1 |

2024-09-10 07:07:03,637 - INFO -
| Epoch:   1340 | Train loss: 5.6329e-01 | Valid loss: 5.1298e-01 | Train acc: 0.7663 ± 0.0000 | Valid acc: 0.8525 ± 0.0000 | Valid Power: 0.0042 | Train Power: 0.0042 | patience:  47 | lr: 0.000390625 | Epoch time: 0.1 |

2024-09-10 07:07:04,326 - INFO -
| Epoch:   1350 | Train loss: 5.6323e-01 | Valid loss: 5.1292e-01 | Train acc: 0.7663 ± 0.0000 | Valid acc: 0.8525 ± 0.0000 | Valid Power: 0.0042 | Train Power: 0.0042 | patience:  57 | lr: 0.000390625 | Epoch time: 0.1 |

2024-09-10 07:07:05,001 - INFO -
| Epoch:   1360 | Train loss: 5.6316e-01 | Valid loss: 5.1290e-01 | Train acc: 0.7663 ± 0.0000 | Valid acc: 0.8525 ± 0.0000 | Valid Power: 0.0042 | Train Power: 0.0042 | patience:  67 | lr: 0.000390625 | Epoch time: 0.1 |

2024-09-10 07:07:05,672 - INFO -
| Epoch:   1370 | Train loss: 5.6309e-01 | Valid loss: 5.1291e-01 | Train acc: 0.7663 ± 0.0000 | Valid acc: 0.8525 ± 0.0000 | Valid Power: 0.0042 | Train Power: 0.0042 | patience:  77 | lr: 0.000390625 | Epoch time: 0.1 |

2024-09-10 07:07:06,343 - INFO -
| Epoch:   1380 | Train loss: 5.6299e-01 | Valid loss: 5.1293e-01 | Train acc: 0.7663 ± 0.0000 | Valid acc: 0.8525 ± 0.0000 | Valid Power: 0.0042 | Train Power: 0.0042 | patience:  87 | lr: 0.000390625 | Epoch time: 0.1 |

2024-09-10 07:07:07,020 - INFO -
| Epoch:   1390 | Train loss: 5.6284e-01 | Valid loss: 5.1296e-01 | Train acc: 0.7663 ± 0.0000 | Valid acc: 0.8525 ± 0.0000 | Valid Power: 0.0042 | Train Power: 0.0042 | patience:  97 | lr: 0.000390625 | Epoch time: 0.1 |

2024-09-10 07:07:07,295 - INFO -
load best network to warm start training with lower lr.

2024-09-10 07:07:07,295 - INFO -
lr update to 0.0001953125.

2024-09-10 07:07:07,699 - INFO -
| Epoch:   1400 | Train loss: 5.6740e-01 | Valid loss: 5.0262e-01 | Train acc: 0.7609 ± 0.0000 | Valid acc: 0.8525 ± 0.0000 | Valid Power: 0.0042 | Train Power: 0.0042 | patience:   6 | lr: 0.0001953125 | Epoch time: 0.1 |

2024-09-10 07:07:08,370 - INFO -
| Epoch:   1410 | Train loss: 5.6539e-01 | Valid loss: 5.0380e-01 | Train acc: 0.7663 ± 0.0000 | Valid acc: 0.8525 ± 0.0000 | Valid Power: 0.0042 | Train Power: 0.0042 | patience:  16 | lr: 0.0001953125 | Epoch time: 0.1 |

2024-09-10 07:07:09,042 - INFO -
| Epoch:   1420 | Train loss: 5.6400e-01 | Valid loss: 5.0653e-01 | Train acc: 0.7663 ± 0.0000 | Valid acc: 0.8525 ± 0.0000 | Valid Power: 0.0042 | Train Power: 0.0042 | patience:  26 | lr: 0.0001953125 | Epoch time: 0.1 |

2024-09-10 07:07:09,720 - INFO -
| Epoch:   1430 | Train loss: 5.6367e-01 | Valid loss: 5.0942e-01 | Train acc: 0.7663 ± 0.0000 | Valid acc: 0.8525 ± 0.0000 | Valid Power: 0.0042 | Train Power: 0.0042 | patience:  36 | lr: 0.0001953125 | Epoch time: 0.1 |

2024-09-10 07:07:10,401 - INFO -
| Epoch:   1440 | Train loss: 5.6356e-01 | Valid loss: 5.1117e-01 | Train acc: 0.7663 ± 0.0000 | Valid acc: 0.8525 ± 0.0000 | Valid Power: 0.0042 | Train Power: 0.0042 | patience:  46 | lr: 0.0001953125 | Epoch time: 0.1 |

2024-09-10 07:07:11,066 - INFO -
| Epoch:   1450 | Train loss: 5.6350e-01 | Valid loss: 5.1209e-01 | Train acc: 0.7663 ± 0.0000 | Valid acc: 0.8525 ± 0.0000 | Valid Power: 0.0042 | Train Power: 0.0042 | patience:  56 | lr: 0.0001953125 | Epoch time: 0.1 |

2024-09-10 07:07:11,728 - INFO -
| Epoch:   1460 | Train loss: 5.6346e-01 | Valid loss: 5.1261e-01 | Train acc: 0.7663 ± 0.0000 | Valid acc: 0.8525 ± 0.0000 | Valid Power: 0.0042 | Train Power: 0.0042 | patience:  66 | lr: 0.0001953125 | Epoch time: 0.1 |

2024-09-10 07:07:12,391 - INFO -
| Epoch:   1470 | Train loss: 5.6343e-01 | Valid loss: 5.1292e-01 | Train acc: 0.7663 ± 0.0000 | Valid acc: 0.8525 ± 0.0000 | Valid Power: 0.0042 | Train Power: 0.0042 | patience:  76 | lr: 0.0001953125 | Epoch time: 0.1 |

2024-09-10 07:07:13,054 - INFO -
| Epoch:   1480 | Train loss: 5.6340e-01 | Valid loss: 5.1309e-01 | Train acc: 0.7663 ± 0.0000 | Valid acc: 0.8525 ± 0.0000 | Valid Power: 0.0042 | Train Power: 0.0042 | patience:  86 | lr: 0.0001953125 | Epoch time: 0.1 |

2024-09-10 07:07:13,718 - INFO -
| Epoch:   1490 | Train loss: 5.6337e-01 | Valid loss: 5.1316e-01 | Train acc: 0.7663 ± 0.0000 | Valid acc: 0.8525 ± 0.0000 | Valid Power: 0.0042 | Train Power: 0.0042 | patience:  96 | lr: 0.0001953125 | Epoch time: 0.1 |

2024-09-10 07:07:14,052 - INFO -
load best network to warm start training with lower lr.

2024-09-10 07:07:14,052 - INFO -
lr update to 9.765625e-05.

2024-09-10 07:07:14,052 - INFO -
Early stop.

2024-09-10 07:07:14,057 - INFO -
Training if finished.

2024-09-12 20:25:13,080 - INFO -
Configuration: 
gmin                0.01
gmax                10.0
T                   0.1
m                   0.3
type_nonlinear      normal
act                 tanh
ACT_R1n             12.7865
ACT_R2n             -3.1871
ACT_W1n             -10.4537
ACT_L1n             10.546
ACT_W2n             -5.8496
ACT_L2n             4.2337
S_R1n               -11.7481
S_R2n               -0.3905
S_W1n               -9.169
S_L1n               0.3913
S_W2n               7.2004
S_L2n               15.5558
ReLU_RHn            -1.9557
ReLU_RLn            -20.1581
ReLU_RDn            16.6486
ReLU_RBn            -14.3472
ReLU_Wn             16.655
ReLU_Ln             -21.7591
HS_Rn               -0.3766
HS_Wn               0.5192
HS_Ln               4.6293
NEG_R1n             -7.0846
NEG_R2n             -2.5695
NEG_R3n             16.1542
NEG_W1n             13.8696
NEG_L1n             2.7635
NEG_W2n             1.2674
NEG_L2n             -10.4803
NEG_W3n             -6.4386
NEG_L3n             5.1005
task                normal
DATASET             12
DataPath            ./dataset
InputNoise          0.0
IN_test             0.0
R_train             1
R_test              1
N_time              32
pathnorm            False
hidden              [3]
skipconnection      False
SEED                1
DEVICE              cpu
PATIENCE            500
EPOCH               10000000000
LR                  0.1
PROGRESSIVE         True
LR_PATIENCE         100
LR_DECAY            0.5
LR_MIN              0.0001
metric              acc
SoftEva             True
TIMELIMITATION      71
MODE                nominal
M_train             1
K_train             1
M_test              1
K_test              1
t_test_max          1
integration         MC
N_train             1
e_train             0.0
N_test              100
e_test              0.1
e_fault             2
fault_ratio         0.0
N_fault             50
e_fault_test        0
N_fault_test        50
dropout             0.0
lagrangian_loss     False
rho                 100
powerestimator      none
powerbalance        0.0
estimatorbalance    0.0
pgmin               1e-07
power_ratio         1000
lambda_P            100
areaestimator       none
areabalance         0.0
area_theta          0.15
area_act            30.0
area_neg            22.7
lambda_A            0.001
lnc                 False
projectname         tanh_0_FaultAnalysisNormal
temppath            ./tanh_0_FaultAnalysisNormal/temp/
logfilepath         ./tanh_0_FaultAnalysisNormal/log/
report_freq         10
recording           False
recordpath          ./tanh_0_FaultAnalysisNormal/record/
savepath            ./tanh_0_FaultAnalysisNormal/models/
loglevel            info


2024-09-12 20:25:13,112 - INFO -
Training network on device: cpu.

2024-09-12 20:25:13,112 - INFO -
Training setup: data_12_vertebralcolumn3clases_seed_01_epsilon_0.0_dropout_0.0_fault_ratio_0.0.model.

2024-09-12 20:25:13,112 - INFO -
{'dataname': 'vertebralcolumn3clases', 'N_feature': 6, 'N_class': 3, 'N_train': 184, 'N_valid': 61, 'N_test': 63}

2024-09-12 20:25:13,113 - INFO -
Training was already finished.

