2024-09-10 07:05:21,483 - INFO -
Configuration: 
gmin                0.01
gmax                10.0
T                   0.1
m                   0.3
type_nonlinear      normal
act                 tanh
ACT_R1n             12.7865
ACT_R2n             -3.1871
ACT_W1n             -10.4537
ACT_L1n             10.546
ACT_W2n             -5.8496
ACT_L2n             4.2337
S_R1n               -11.7481
S_R2n               -0.3905
S_W1n               -9.169
S_L1n               0.3913
S_W2n               7.2004
S_L2n               15.5558
ReLU_RHn            -1.9557
ReLU_RLn            -20.1581
ReLU_RDn            16.6486
ReLU_RBn            -14.3472
ReLU_Wn             16.655
ReLU_Ln             -21.7591
HS_Rn               -0.3766
HS_Wn               0.5192
HS_Ln               4.6293
NEG_R1n             -7.0846
NEG_R2n             -2.5695
NEG_R3n             16.1542
NEG_W1n             13.8696
NEG_L1n             2.7635
NEG_W2n             1.2674
NEG_L2n             -10.4803
NEG_W3n             -6.4386
NEG_L3n             5.1005
task                normal
DATASET             12
DataPath            ./dataset
InputNoise          0.0
IN_test             0.0
R_train             1
R_test              1
N_time              32
pathnorm            False
hidden              [3]
skipconnection      False
SEED                2
DEVICE              cpu
PATIENCE            500
EPOCH               10000000000
LR                  0.1
PROGRESSIVE         True
LR_PATIENCE         100
LR_DECAY            0.5
LR_MIN              0.0001
metric              acc
SoftEva             True
TIMELIMITATION      71
MODE                nominal
M_train             1
K_train             1
M_test              1
K_test              1
t_test_max          1
integration         MC
N_train             1
e_train             0.0
N_test              100
e_test              0.1
e_fault             2
fault_ratio         0.0
N_fault             50
e_fault_test        0
N_fault_test        50
dropout             0.0
lagrangian_loss     False
rho                 100
powerestimator      none
powerbalance        0.0
estimatorbalance    0.0
pgmin               1e-07
power_ratio         1000
lambda_P            100
areaestimator       none
areabalance         0.0
area_theta          0.15
area_act            30.0
area_neg            22.7
lambda_A            0.001
lnc                 False
projectname         tanh_0_FaultAnalysisNormal
temppath            ./tanh_0_FaultAnalysisNormal/temp/
logfilepath         ./tanh_0_FaultAnalysisNormal/log/
report_freq         10
recording           False
recordpath          ./tanh_0_FaultAnalysisNormal/record/
savepath            ./tanh_0_FaultAnalysisNormal/models/
loglevel            info


2024-09-10 07:05:21,484 - INFO -
Training network on device: cpu.

2024-09-10 07:05:21,484 - INFO -
Training setup: data_12_vertebralcolumn3clases_seed_02_epsilon_0.0_dropout_0.0_fault_ratio_0.0.model.

2024-09-10 07:05:21,484 - INFO -
{'dataname': 'vertebralcolumn3clases', 'N_feature': 6, 'N_class': 3, 'N_train': 184, 'N_valid': 61, 'N_test': 63}

2024-09-10 07:05:21,484 - INFO -
Topology of the network: [6, 3, 3].

2024-09-10 07:05:22,486 - INFO -
| Epoch:      0 | Train loss: 1.0986e+00 | Valid loss: 1.0866e+00 | Train acc: 0.2174 ± 0.0000 | Valid acc: 0.5246 ± 0.0000 | Valid Power: 0.0008 | Train Power: 0.0005 | patience:   0 | lr: 0.1 | Epoch time: 0.1 |

2024-09-10 07:05:23,306 - INFO -
| Epoch:     10 | Train loss: 1.0474e+00 | Valid loss: 1.0027e+00 | Train acc: 0.4783 ± 0.0000 | Valid acc: 0.5246 ± 0.0000 | Valid Power: 0.0007 | Train Power: 0.0007 | patience:   5 | lr: 0.1 | Epoch time: 0.1 |

2024-09-10 07:05:24,096 - INFO -
| Epoch:     20 | Train loss: 1.0468e+00 | Valid loss: 1.0013e+00 | Train acc: 0.4783 ± 0.0000 | Valid acc: 0.5246 ± 0.0000 | Valid Power: 0.0007 | Train Power: 0.0007 | patience:  15 | lr: 0.1 | Epoch time: 0.1 |

2024-09-10 07:05:24,897 - INFO -
| Epoch:     30 | Train loss: 1.0466e+00 | Valid loss: 1.0026e+00 | Train acc: 0.4783 ± 0.0000 | Valid acc: 0.5246 ± 0.0000 | Valid Power: 0.0007 | Train Power: 0.0007 | patience:  25 | lr: 0.1 | Epoch time: 0.1 |

2024-09-10 07:05:25,692 - INFO -
| Epoch:     40 | Train loss: 1.0466e+00 | Valid loss: 1.0021e+00 | Train acc: 0.4783 ± 0.0000 | Valid acc: 0.5246 ± 0.0000 | Valid Power: 0.0007 | Train Power: 0.0007 | patience:  35 | lr: 0.1 | Epoch time: 0.1 |

2024-09-10 07:05:26,484 - INFO -
| Epoch:     50 | Train loss: 1.0465e+00 | Valid loss: 1.0021e+00 | Train acc: 0.4783 ± 0.0000 | Valid acc: 0.5246 ± 0.0000 | Valid Power: 0.0007 | Train Power: 0.0007 | patience:  45 | lr: 0.1 | Epoch time: 0.1 |

2024-09-10 07:05:27,266 - INFO -
| Epoch:     60 | Train loss: 1.0465e+00 | Valid loss: 1.0019e+00 | Train acc: 0.4783 ± 0.0000 | Valid acc: 0.5246 ± 0.0000 | Valid Power: 0.0007 | Train Power: 0.0007 | patience:  55 | lr: 0.1 | Epoch time: 0.1 |

2024-09-10 07:05:28,056 - INFO -
| Epoch:     70 | Train loss: 1.0464e+00 | Valid loss: 1.0020e+00 | Train acc: 0.4783 ± 0.0000 | Valid acc: 0.5246 ± 0.0000 | Valid Power: 0.0007 | Train Power: 0.0007 | patience:  65 | lr: 0.1 | Epoch time: 0.1 |

2024-09-10 07:05:28,844 - INFO -
| Epoch:     80 | Train loss: 1.0457e+00 | Valid loss: 1.0031e+00 | Train acc: 0.4783 ± 0.0000 | Valid acc: 0.5082 ± 0.0000 | Valid Power: 0.0007 | Train Power: 0.0007 | patience:  75 | lr: 0.1 | Epoch time: 0.1 |

2024-09-10 07:05:29,636 - INFO -
| Epoch:     90 | Train loss: 1.0454e+00 | Valid loss: 1.0004e+00 | Train acc: 0.4783 ± 0.0000 | Valid acc: 0.5246 ± 0.0000 | Valid Power: 0.0008 | Train Power: 0.0008 | patience:  85 | lr: 0.1 | Epoch time: 0.1 |

2024-09-10 07:05:30,418 - INFO -
| Epoch:    100 | Train loss: 1.0445e+00 | Valid loss: 9.9795e-01 | Train acc: 0.4783 ± 0.0000 | Valid acc: 0.5246 ± 0.0000 | Valid Power: 0.0008 | Train Power: 0.0008 | patience:  95 | lr: 0.1 | Epoch time: 0.1 |

2024-09-10 07:05:30,892 - INFO -
load best network to warm start training with lower lr.

2024-09-10 07:05:30,892 - INFO -
lr update to 0.05.

2024-09-10 07:05:31,207 - INFO -
| Epoch:    110 | Train loss: 1.0478e+00 | Valid loss: 1.0113e+00 | Train acc: 0.4783 ± 0.0000 | Valid acc: 0.5246 ± 0.0000 | Valid Power: 0.0007 | Train Power: 0.0007 | patience:   4 | lr: 0.05 | Epoch time: 0.1 |

2024-09-10 07:05:31,999 - INFO -
| Epoch:    120 | Train loss: 1.0463e+00 | Valid loss: 1.0021e+00 | Train acc: 0.4783 ± 0.0000 | Valid acc: 0.5246 ± 0.0000 | Valid Power: 0.0009 | Train Power: 0.0008 | patience:  14 | lr: 0.05 | Epoch time: 0.1 |

2024-09-10 07:05:32,886 - INFO -
| Epoch:    130 | Train loss: 1.0236e+00 | Valid loss: 9.9350e-01 | Train acc: 0.4783 ± 0.0000 | Valid acc: 0.5246 ± 0.0000 | Valid Power: 0.0008 | Train Power: 0.0008 | patience:   2 | lr: 0.05 | Epoch time: 0.1 |

2024-09-10 07:05:33,689 - INFO -
| Epoch:    140 | Train loss: 1.0212e+00 | Valid loss: 9.6823e-01 | Train acc: 0.4783 ± 0.0000 | Valid acc: 0.5246 ± 0.0000 | Valid Power: 0.0010 | Train Power: 0.0008 | patience:   4 | lr: 0.05 | Epoch time: 0.1 |

2024-09-10 07:05:34,499 - INFO -
| Epoch:    150 | Train loss: 1.0670e+00 | Valid loss: 1.0551e+00 | Train acc: 0.3641 ± 0.0000 | Valid acc: 0.3443 ± 0.0000 | Valid Power: 0.0008 | Train Power: 0.0008 | patience:   4 | lr: 0.05 | Epoch time: 0.1 |

2024-09-10 07:05:35,299 - INFO -
| Epoch:    160 | Train loss: 9.9856e-01 | Valid loss: 9.5518e-01 | Train acc: 0.4783 ± 0.0000 | Valid acc: 0.5246 ± 0.0000 | Valid Power: 0.0008 | Train Power: 0.0008 | patience:   4 | lr: 0.05 | Epoch time: 0.1 |

2024-09-10 07:05:36,088 - INFO -
| Epoch:    170 | Train loss: 9.9814e-01 | Valid loss: 9.6018e-01 | Train acc: 0.4783 ± 0.0000 | Valid acc: 0.5082 ± 0.0000 | Valid Power: 0.0008 | Train Power: 0.0009 | patience:  14 | lr: 0.05 | Epoch time: 0.1 |

2024-09-10 07:05:36,879 - INFO -
| Epoch:    180 | Train loss: 1.0129e+00 | Valid loss: 9.5270e-01 | Train acc: 0.4783 ± 0.0000 | Valid acc: 0.5082 ± 0.0000 | Valid Power: 0.0008 | Train Power: 0.0008 | patience:   9 | lr: 0.05 | Epoch time: 0.1 |

2024-09-10 07:05:37,672 - INFO -
| Epoch:    190 | Train loss: 9.9882e-01 | Valid loss: 9.5307e-01 | Train acc: 0.4728 ± 0.0000 | Valid acc: 0.5082 ± 0.0000 | Valid Power: 0.0009 | Train Power: 0.0009 | patience:  19 | lr: 0.05 | Epoch time: 0.1 |

2024-09-10 07:05:38,474 - INFO -
| Epoch:    200 | Train loss: 9.8188e-01 | Valid loss: 9.5463e-01 | Train acc: 0.5870 ± 0.0000 | Valid acc: 0.6393 ± 0.0000 | Valid Power: 0.0009 | Train Power: 0.0009 | patience:   2 | lr: 0.05 | Epoch time: 0.1 |

2024-09-10 07:05:39,276 - INFO -
| Epoch:    210 | Train loss: 9.2463e-01 | Valid loss: 8.9309e-01 | Train acc: 0.6413 ± 0.0000 | Valid acc: 0.6393 ± 0.0000 | Valid Power: 0.0009 | Train Power: 0.0009 | patience:   1 | lr: 0.05 | Epoch time: 0.1 |

2024-09-10 07:05:40,068 - INFO -
| Epoch:    220 | Train loss: 9.0884e-01 | Valid loss: 8.4937e-01 | Train acc: 0.6359 ± 0.0000 | Valid acc: 0.7049 ± 0.0000 | Valid Power: 0.0010 | Train Power: 0.0010 | patience:   0 | lr: 0.05 | Epoch time: 0.1 |

2024-09-10 07:05:40,853 - INFO -
| Epoch:    230 | Train loss: 8.5635e-01 | Valid loss: 8.6183e-01 | Train acc: 0.6902 ± 0.0000 | Valid acc: 0.6885 ± 0.0000 | Valid Power: 0.0009 | Train Power: 0.0009 | patience:  10 | lr: 0.05 | Epoch time: 0.1 |

2024-09-10 07:05:41,644 - INFO -
| Epoch:    240 | Train loss: 8.1786e-01 | Valid loss: 8.3876e-01 | Train acc: 0.6957 ± 0.0000 | Valid acc: 0.7213 ± 0.0000 | Valid Power: 0.0009 | Train Power: 0.0009 | patience:   1 | lr: 0.05 | Epoch time: 0.1 |

2024-09-10 07:05:42,427 - INFO -
| Epoch:    250 | Train loss: 7.8186e-01 | Valid loss: 8.3358e-01 | Train acc: 0.7283 ± 0.0000 | Valid acc: 0.7213 ± 0.0000 | Valid Power: 0.0009 | Train Power: 0.0009 | patience:  11 | lr: 0.05 | Epoch time: 0.1 |

2024-09-10 07:05:43,236 - INFO -
| Epoch:    260 | Train loss: 7.5746e-01 | Valid loss: 8.0016e-01 | Train acc: 0.7500 ± 0.0000 | Valid acc: 0.7049 ± 0.0000 | Valid Power: 0.0010 | Train Power: 0.0010 | patience:   3 | lr: 0.05 | Epoch time: 0.1 |

2024-09-10 07:05:44,018 - INFO -
| Epoch:    270 | Train loss: 7.2736e-01 | Valid loss: 7.9852e-01 | Train acc: 0.7391 ± 0.0000 | Valid acc: 0.6721 ± 0.0000 | Valid Power: 0.0009 | Train Power: 0.0009 | patience:  13 | lr: 0.05 | Epoch time: 0.1 |

2024-09-10 07:05:44,812 - INFO -
| Epoch:    280 | Train loss: 7.1809e-01 | Valid loss: 7.6027e-01 | Train acc: 0.7283 ± 0.0000 | Valid acc: 0.6721 ± 0.0000 | Valid Power: 0.0009 | Train Power: 0.0009 | patience:   6 | lr: 0.05 | Epoch time: 0.1 |

2024-09-10 07:05:45,606 - INFO -
| Epoch:    290 | Train loss: 6.9856e-01 | Valid loss: 7.4893e-01 | Train acc: 0.7446 ± 0.0000 | Valid acc: 0.6885 ± 0.0000 | Valid Power: 0.0009 | Train Power: 0.0009 | patience:   1 | lr: 0.05 | Epoch time: 0.1 |

2024-09-10 07:05:46,398 - INFO -
| Epoch:    300 | Train loss: 6.8752e-01 | Valid loss: 7.5481e-01 | Train acc: 0.7554 ± 0.0000 | Valid acc: 0.6885 ± 0.0000 | Valid Power: 0.0009 | Train Power: 0.0009 | patience:   5 | lr: 0.05 | Epoch time: 0.1 |

2024-09-10 07:05:47,187 - INFO -
| Epoch:    310 | Train loss: 6.8885e-01 | Valid loss: 7.3002e-01 | Train acc: 0.7446 ± 0.0000 | Valid acc: 0.7213 ± 0.0000 | Valid Power: 0.0009 | Train Power: 0.0009 | patience:   5 | lr: 0.05 | Epoch time: 0.1 |

2024-09-10 07:05:47,984 - INFO -
| Epoch:    320 | Train loss: 6.7316e-01 | Valid loss: 7.1323e-01 | Train acc: 0.7609 ± 0.0000 | Valid acc: 0.7213 ± 0.0000 | Valid Power: 0.0010 | Train Power: 0.0010 | patience:   5 | lr: 0.05 | Epoch time: 0.1 |

2024-09-10 07:05:48,772 - INFO -
| Epoch:    330 | Train loss: 6.8018e-01 | Valid loss: 7.0713e-01 | Train acc: 0.7391 ± 0.0000 | Valid acc: 0.7213 ± 0.0000 | Valid Power: 0.0010 | Train Power: 0.0010 | patience:   7 | lr: 0.05 | Epoch time: 0.1 |

2024-09-10 07:05:49,565 - INFO -
| Epoch:    340 | Train loss: 7.1185e-01 | Valid loss: 7.6102e-01 | Train acc: 0.6793 ± 0.0000 | Valid acc: 0.6066 ± 0.0000 | Valid Power: 0.0009 | Train Power: 0.0009 | patience:   7 | lr: 0.05 | Epoch time: 0.1 |

2024-09-10 07:05:50,346 - INFO -
| Epoch:    350 | Train loss: 6.8695e-01 | Valid loss: 7.1892e-01 | Train acc: 0.6793 ± 0.0000 | Valid acc: 0.6230 ± 0.0000 | Valid Power: 0.0009 | Train Power: 0.0009 | patience:  17 | lr: 0.05 | Epoch time: 0.1 |

2024-09-10 07:05:51,139 - INFO -
| Epoch:    360 | Train loss: 6.7332e-01 | Valid loss: 6.7533e-01 | Train acc: 0.7826 ± 0.0000 | Valid acc: 0.7869 ± 0.0000 | Valid Power: 0.0009 | Train Power: 0.0009 | patience:   0 | lr: 0.05 | Epoch time: 0.1 |

2024-09-10 07:05:51,938 - INFO -
| Epoch:    370 | Train loss: 6.7034e-01 | Valid loss: 6.6918e-01 | Train acc: 0.7826 ± 0.0000 | Valid acc: 0.7705 ± 0.0000 | Valid Power: 0.0009 | Train Power: 0.0009 | patience:   0 | lr: 0.05 | Epoch time: 0.1 |

2024-09-10 07:05:52,740 - INFO -
| Epoch:    380 | Train loss: 6.5121e-01 | Valid loss: 6.6634e-01 | Train acc: 0.7500 ± 0.0000 | Valid acc: 0.7049 ± 0.0000 | Valid Power: 0.0009 | Train Power: 0.0009 | patience:   1 | lr: 0.05 | Epoch time: 0.1 |

2024-09-10 07:05:53,542 - INFO -
| Epoch:    390 | Train loss: 6.3187e-01 | Valid loss: 6.4962e-01 | Train acc: 0.7228 ± 0.0000 | Valid acc: 0.6885 ± 0.0000 | Valid Power: 0.0010 | Train Power: 0.0010 | patience:   0 | lr: 0.05 | Epoch time: 0.1 |

2024-09-10 07:05:54,347 - INFO -
| Epoch:    400 | Train loss: 6.3092e-01 | Valid loss: 6.5106e-01 | Train acc: 0.7228 ± 0.0000 | Valid acc: 0.6721 ± 0.0000 | Valid Power: 0.0010 | Train Power: 0.0010 | patience:   1 | lr: 0.05 | Epoch time: 0.1 |

2024-09-10 07:05:55,136 - INFO -
| Epoch:    410 | Train loss: 6.3708e-01 | Valid loss: 6.6729e-01 | Train acc: 0.7011 ± 0.0000 | Valid acc: 0.6393 ± 0.0000 | Valid Power: 0.0010 | Train Power: 0.0010 | patience:   6 | lr: 0.05 | Epoch time: 0.1 |

2024-09-10 07:05:55,918 - INFO -
| Epoch:    420 | Train loss: 6.3574e-01 | Valid loss: 6.6151e-01 | Train acc: 0.7446 ± 0.0000 | Valid acc: 0.7705 ± 0.0000 | Valid Power: 0.0010 | Train Power: 0.0010 | patience:  16 | lr: 0.05 | Epoch time: 0.1 |

2024-09-10 07:05:56,720 - INFO -
| Epoch:    430 | Train loss: 6.2474e-01 | Valid loss: 6.2662e-01 | Train acc: 0.7609 ± 0.0000 | Valid acc: 0.8033 ± 0.0000 | Valid Power: 0.0010 | Train Power: 0.0010 | patience:   2 | lr: 0.05 | Epoch time: 0.1 |

2024-09-10 07:05:57,508 - INFO -
| Epoch:    440 | Train loss: 6.5229e-01 | Valid loss: 5.9109e-01 | Train acc: 0.7663 ± 0.0000 | Valid acc: 0.8197 ± 0.0000 | Valid Power: 0.0010 | Train Power: 0.0010 | patience:   8 | lr: 0.05 | Epoch time: 0.1 |

2024-09-10 07:05:58,288 - INFO -
| Epoch:    450 | Train loss: 6.4479e-01 | Valid loss: 5.7538e-01 | Train acc: 0.7065 ± 0.0000 | Valid acc: 0.7541 ± 0.0000 | Valid Power: 0.0010 | Train Power: 0.0010 | patience:  18 | lr: 0.05 | Epoch time: 0.1 |

2024-09-10 07:05:59,070 - INFO -
| Epoch:    460 | Train loss: 6.2430e-01 | Valid loss: 6.5956e-01 | Train acc: 0.7120 ± 0.0000 | Valid acc: 0.6557 ± 0.0000 | Valid Power: 0.0010 | Train Power: 0.0010 | patience:  28 | lr: 0.05 | Epoch time: 0.1 |

2024-09-10 07:05:59,853 - INFO -
| Epoch:    470 | Train loss: 6.1547e-01 | Valid loss: 6.3292e-01 | Train acc: 0.7228 ± 0.0000 | Valid acc: 0.7049 ± 0.0000 | Valid Power: 0.0010 | Train Power: 0.0010 | patience:  38 | lr: 0.05 | Epoch time: 0.1 |

2024-09-10 07:06:00,636 - INFO -
| Epoch:    480 | Train loss: 6.1962e-01 | Valid loss: 6.0753e-01 | Train acc: 0.7446 ± 0.0000 | Valid acc: 0.8197 ± 0.0000 | Valid Power: 0.0012 | Train Power: 0.0067 | patience:  48 | lr: 0.05 | Epoch time: 0.1 |

2024-09-10 07:06:01,420 - INFO -
| Epoch:    490 | Train loss: 6.1136e-01 | Valid loss: 6.2862e-01 | Train acc: 0.8043 ± 0.0000 | Valid acc: 0.7869 ± 0.0000 | Valid Power: 0.0010 | Train Power: 0.0010 | patience:  58 | lr: 0.05 | Epoch time: 0.1 |

2024-09-10 07:06:02,204 - INFO -
| Epoch:    500 | Train loss: 5.9601e-01 | Valid loss: 5.7844e-01 | Train acc: 0.8098 ± 0.0000 | Valid acc: 0.8197 ± 0.0000 | Valid Power: 0.0010 | Train Power: 0.0010 | patience:  68 | lr: 0.05 | Epoch time: 0.1 |

2024-09-10 07:06:02,990 - INFO -
| Epoch:    510 | Train loss: 6.0364e-01 | Valid loss: 5.9510e-01 | Train acc: 0.7120 ± 0.0000 | Valid acc: 0.6885 ± 0.0000 | Valid Power: 0.0010 | Train Power: 0.0011 | patience:   4 | lr: 0.05 | Epoch time: 0.1 |

2024-09-10 07:06:03,772 - INFO -
| Epoch:    520 | Train loss: 6.0827e-01 | Valid loss: 6.0932e-01 | Train acc: 0.7120 ± 0.0000 | Valid acc: 0.6557 ± 0.0000 | Valid Power: 0.0010 | Train Power: 0.0010 | patience:  14 | lr: 0.05 | Epoch time: 0.1 |

2024-09-10 07:06:04,565 - INFO -
| Epoch:    530 | Train loss: 6.0047e-01 | Valid loss: 5.8977e-01 | Train acc: 0.7717 ± 0.0000 | Valid acc: 0.8197 ± 0.0000 | Valid Power: 0.0010 | Train Power: 0.0010 | patience:  24 | lr: 0.05 | Epoch time: 0.1 |

2024-09-10 07:06:05,353 - INFO -
| Epoch:    540 | Train loss: 5.8646e-01 | Valid loss: 5.5722e-01 | Train acc: 0.7554 ± 0.0000 | Valid acc: 0.8033 ± 0.0000 | Valid Power: 0.0010 | Train Power: 0.0010 | patience:   4 | lr: 0.05 | Epoch time: 0.1 |

2024-09-10 07:06:06,134 - INFO -
| Epoch:    550 | Train loss: 5.7644e-01 | Valid loss: 5.3726e-01 | Train acc: 0.7717 ± 0.0000 | Valid acc: 0.8197 ± 0.0000 | Valid Power: 0.0011 | Train Power: 0.0011 | patience:  14 | lr: 0.05 | Epoch time: 0.1 |

2024-09-10 07:06:06,916 - INFO -
| Epoch:    560 | Train loss: 5.8980e-01 | Valid loss: 5.5367e-01 | Train acc: 0.8043 ± 0.0000 | Valid acc: 0.7869 ± 0.0000 | Valid Power: 0.0026 | Train Power: 0.0238 | patience:  24 | lr: 0.05 | Epoch time: 0.1 |

2024-09-10 07:06:07,700 - INFO -
| Epoch:    570 | Train loss: 5.8377e-01 | Valid loss: 5.4421e-01 | Train acc: 0.7989 ± 0.0000 | Valid acc: 0.8197 ± 0.0000 | Valid Power: 0.0012 | Train Power: 0.0012 | patience:  34 | lr: 0.05 | Epoch time: 0.1 |

2024-09-10 07:06:08,485 - INFO -
| Epoch:    580 | Train loss: 5.8002e-01 | Valid loss: 5.2647e-01 | Train acc: 0.7935 ± 0.0000 | Valid acc: 0.8033 ± 0.0000 | Valid Power: 0.0011 | Train Power: 0.0012 | patience:   0 | lr: 0.05 | Epoch time: 0.1 |

2024-09-10 07:06:09,278 - INFO -
| Epoch:    590 | Train loss: 5.8087e-01 | Valid loss: 5.4901e-01 | Train acc: 0.8043 ± 0.0000 | Valid acc: 0.8033 ± 0.0000 | Valid Power: 0.0011 | Train Power: 0.0011 | patience:   6 | lr: 0.05 | Epoch time: 0.1 |

2024-09-10 07:06:10,149 - INFO -
| Epoch:    600 | Train loss: 5.8051e-01 | Valid loss: 5.4811e-01 | Train acc: 0.7935 ± 0.0000 | Valid acc: 0.8033 ± 0.0000 | Valid Power: 0.0012 | Train Power: 0.0011 | patience:  16 | lr: 0.05 | Epoch time: 0.1 |

2024-09-10 07:06:10,935 - INFO -
| Epoch:    610 | Train loss: 5.7903e-01 | Valid loss: 5.5749e-01 | Train acc: 0.7935 ± 0.0000 | Valid acc: 0.8033 ± 0.0000 | Valid Power: 0.0012 | Train Power: 0.0013 | patience:  26 | lr: 0.05 | Epoch time: 0.1 |

2024-09-10 07:06:11,718 - INFO -
| Epoch:    620 | Train loss: 5.9772e-01 | Valid loss: 6.0055e-01 | Train acc: 0.7228 ± 0.0000 | Valid acc: 0.6885 ± 0.0000 | Valid Power: 0.0011 | Train Power: 0.0011 | patience:  36 | lr: 0.05 | Epoch time: 0.1 |

2024-09-10 07:06:12,500 - INFO -
| Epoch:    630 | Train loss: 5.9568e-01 | Valid loss: 5.9684e-01 | Train acc: 0.7174 ± 0.0000 | Valid acc: 0.6721 ± 0.0000 | Valid Power: 0.0011 | Train Power: 0.0011 | patience:  46 | lr: 0.05 | Epoch time: 0.1 |

2024-09-10 07:06:13,280 - INFO -
| Epoch:    640 | Train loss: 5.9367e-01 | Valid loss: 5.8534e-01 | Train acc: 0.7174 ± 0.0000 | Valid acc: 0.6721 ± 0.0000 | Valid Power: 0.0011 | Train Power: 0.0011 | patience:  56 | lr: 0.05 | Epoch time: 0.1 |

2024-09-10 07:06:14,063 - INFO -
| Epoch:    650 | Train loss: 5.9308e-01 | Valid loss: 5.8890e-01 | Train acc: 0.7120 ± 0.0000 | Valid acc: 0.6721 ± 0.0000 | Valid Power: 0.0011 | Train Power: 0.0011 | patience:  66 | lr: 0.05 | Epoch time: 0.1 |

2024-09-10 07:06:14,845 - INFO -
| Epoch:    660 | Train loss: 5.9264e-01 | Valid loss: 5.8611e-01 | Train acc: 0.7120 ± 0.0000 | Valid acc: 0.6721 ± 0.0000 | Valid Power: 0.0011 | Train Power: 0.0011 | patience:  76 | lr: 0.05 | Epoch time: 0.1 |

2024-09-10 07:06:15,630 - INFO -
| Epoch:    670 | Train loss: 5.9217e-01 | Valid loss: 5.8411e-01 | Train acc: 0.7120 ± 0.0000 | Valid acc: 0.6721 ± 0.0000 | Valid Power: 0.0012 | Train Power: 0.0012 | patience:  86 | lr: 0.05 | Epoch time: 0.1 |

2024-09-10 07:06:16,415 - INFO -
| Epoch:    680 | Train loss: 5.9171e-01 | Valid loss: 5.8336e-01 | Train acc: 0.7120 ± 0.0000 | Valid acc: 0.6885 ± 0.0000 | Valid Power: 0.0011 | Train Power: 0.0011 | patience:  96 | lr: 0.05 | Epoch time: 0.1 |

2024-09-10 07:06:16,810 - INFO -
load best network to warm start training with lower lr.

2024-09-10 07:06:16,810 - INFO -
lr update to 0.025.

2024-09-10 07:06:17,202 - INFO -
| Epoch:    690 | Train loss: 5.8909e-01 | Valid loss: 5.2271e-01 | Train acc: 0.8098 ± 0.0000 | Valid acc: 0.8361 ± 0.0000 | Valid Power: 0.0011 | Train Power: 0.0011 | patience:   5 | lr: 0.025 | Epoch time: 0.1 |

2024-09-10 07:06:17,991 - INFO -
| Epoch:    700 | Train loss: 5.7969e-01 | Valid loss: 5.4692e-01 | Train acc: 0.8043 ± 0.0000 | Valid acc: 0.8197 ± 0.0000 | Valid Power: 0.0011 | Train Power: 0.0012 | patience:   4 | lr: 0.025 | Epoch time: 0.1 |

2024-09-10 07:06:18,772 - INFO -
| Epoch:    710 | Train loss: 5.8226e-01 | Valid loss: 5.4189e-01 | Train acc: 0.8261 ± 0.0000 | Valid acc: 0.8361 ± 0.0000 | Valid Power: 0.0012 | Train Power: 0.0012 | patience:  14 | lr: 0.025 | Epoch time: 0.1 |

2024-09-10 07:06:19,554 - INFO -
| Epoch:    720 | Train loss: 5.8227e-01 | Valid loss: 5.7050e-01 | Train acc: 0.7880 ± 0.0000 | Valid acc: 0.7869 ± 0.0000 | Valid Power: 0.0012 | Train Power: 0.0011 | patience:  24 | lr: 0.025 | Epoch time: 0.1 |

2024-09-10 07:06:20,336 - INFO -
| Epoch:    730 | Train loss: 5.7348e-01 | Valid loss: 5.5432e-01 | Train acc: 0.7935 ± 0.0000 | Valid acc: 0.8033 ± 0.0000 | Valid Power: 0.0011 | Train Power: 0.0011 | patience:  34 | lr: 0.025 | Epoch time: 0.1 |

2024-09-10 07:06:21,118 - INFO -
| Epoch:    740 | Train loss: 5.7128e-01 | Valid loss: 5.3778e-01 | Train acc: 0.7880 ± 0.0000 | Valid acc: 0.7869 ± 0.0000 | Valid Power: 0.0011 | Train Power: 0.0011 | patience:  44 | lr: 0.025 | Epoch time: 0.1 |

2024-09-10 07:06:21,900 - INFO -
| Epoch:    750 | Train loss: 5.6987e-01 | Valid loss: 5.3750e-01 | Train acc: 0.7989 ± 0.0000 | Valid acc: 0.8033 ± 0.0000 | Valid Power: 0.0011 | Train Power: 0.0012 | patience:  54 | lr: 0.025 | Epoch time: 0.1 |

2024-09-10 07:06:22,683 - INFO -
| Epoch:    760 | Train loss: 5.7195e-01 | Valid loss: 5.3680e-01 | Train acc: 0.7935 ± 0.0000 | Valid acc: 0.7869 ± 0.0000 | Valid Power: 0.0011 | Train Power: 0.0011 | patience:  64 | lr: 0.025 | Epoch time: 0.1 |

2024-09-10 07:06:23,464 - INFO -
| Epoch:    770 | Train loss: 5.7544e-01 | Valid loss: 5.4292e-01 | Train acc: 0.7826 ± 0.0000 | Valid acc: 0.8033 ± 0.0000 | Valid Power: 0.0011 | Train Power: 0.0011 | patience:  74 | lr: 0.025 | Epoch time: 0.1 |

2024-09-10 07:06:24,246 - INFO -
| Epoch:    780 | Train loss: 5.7860e-01 | Valid loss: 5.3361e-01 | Train acc: 0.7772 ± 0.0000 | Valid acc: 0.8033 ± 0.0000 | Valid Power: 0.0017 | Train Power: 0.0017 | patience:  84 | lr: 0.025 | Epoch time: 0.1 |

2024-09-10 07:06:25,033 - INFO -
| Epoch:    790 | Train loss: 5.7514e-01 | Valid loss: 5.5074e-01 | Train acc: 0.7935 ± 0.0000 | Valid acc: 0.8033 ± 0.0000 | Valid Power: 0.0011 | Train Power: 0.0011 | patience:  94 | lr: 0.025 | Epoch time: 0.1 |

2024-09-10 07:06:25,584 - INFO -
load best network to warm start training with lower lr.

2024-09-10 07:06:25,584 - INFO -
lr update to 0.0125.

2024-09-10 07:06:25,819 - INFO -
| Epoch:    800 | Train loss: 5.8572e-01 | Valid loss: 5.3222e-01 | Train acc: 0.8207 ± 0.0000 | Valid acc: 0.8361 ± 0.0000 | Valid Power: 0.0011 | Train Power: 0.0011 | patience:   3 | lr: 0.0125 | Epoch time: 0.1 |

2024-09-10 07:06:26,601 - INFO -
| Epoch:    810 | Train loss: 5.7225e-01 | Valid loss: 5.6153e-01 | Train acc: 0.8207 ± 0.0000 | Valid acc: 0.8033 ± 0.0000 | Valid Power: 0.0013 | Train Power: 0.0011 | patience:  13 | lr: 0.0125 | Epoch time: 0.1 |

2024-09-10 07:06:27,383 - INFO -
| Epoch:    820 | Train loss: 5.7074e-01 | Valid loss: 5.5880e-01 | Train acc: 0.8152 ± 0.0000 | Valid acc: 0.8033 ± 0.0000 | Valid Power: 0.0012 | Train Power: 0.0011 | patience:  23 | lr: 0.0125 | Epoch time: 0.1 |

2024-09-10 07:06:28,164 - INFO -
| Epoch:    830 | Train loss: 5.6861e-01 | Valid loss: 5.5926e-01 | Train acc: 0.8207 ± 0.0000 | Valid acc: 0.8033 ± 0.0000 | Valid Power: 0.0012 | Train Power: 0.0012 | patience:  33 | lr: 0.0125 | Epoch time: 0.1 |

2024-09-10 07:06:28,946 - INFO -
| Epoch:    840 | Train loss: 5.6819e-01 | Valid loss: 5.6369e-01 | Train acc: 0.8207 ± 0.0000 | Valid acc: 0.8033 ± 0.0000 | Valid Power: 0.0011 | Train Power: 0.0011 | patience:  43 | lr: 0.0125 | Epoch time: 0.1 |

2024-09-10 07:06:29,727 - INFO -
| Epoch:    850 | Train loss: 5.6763e-01 | Valid loss: 5.6050e-01 | Train acc: 0.8207 ± 0.0000 | Valid acc: 0.8033 ± 0.0000 | Valid Power: 0.0011 | Train Power: 0.0011 | patience:  53 | lr: 0.0125 | Epoch time: 0.1 |

2024-09-10 07:06:30,507 - INFO -
| Epoch:    860 | Train loss: 5.6715e-01 | Valid loss: 5.5802e-01 | Train acc: 0.8207 ± 0.0000 | Valid acc: 0.8033 ± 0.0000 | Valid Power: 0.0012 | Train Power: 0.0012 | patience:  63 | lr: 0.0125 | Epoch time: 0.1 |

2024-09-10 07:06:31,288 - INFO -
| Epoch:    870 | Train loss: 5.6742e-01 | Valid loss: 5.4369e-01 | Train acc: 0.8207 ± 0.0000 | Valid acc: 0.8197 ± 0.0000 | Valid Power: 0.0012 | Train Power: 0.0012 | patience:  73 | lr: 0.0125 | Epoch time: 0.1 |

2024-09-10 07:06:32,068 - INFO -
| Epoch:    880 | Train loss: 5.6670e-01 | Valid loss: 5.5503e-01 | Train acc: 0.8207 ± 0.0000 | Valid acc: 0.8033 ± 0.0000 | Valid Power: 0.0018 | Train Power: 0.0015 | patience:  83 | lr: 0.0125 | Epoch time: 0.1 |

2024-09-10 07:06:32,850 - INFO -
| Epoch:    890 | Train loss: 5.6620e-01 | Valid loss: 5.5164e-01 | Train acc: 0.8207 ± 0.0000 | Valid acc: 0.8033 ± 0.0000 | Valid Power: 0.0015 | Train Power: 0.0015 | patience:  93 | lr: 0.0125 | Epoch time: 0.1 |

2024-09-10 07:06:33,477 - INFO -
load best network to warm start training with lower lr.

2024-09-10 07:06:33,477 - INFO -
lr update to 0.00625.

2024-09-10 07:06:33,634 - INFO -
| Epoch:    900 | Train loss: 5.7835e-01 | Valid loss: 5.3408e-01 | Train acc: 0.8043 ± 0.0000 | Valid acc: 0.8197 ± 0.0000 | Valid Power: 0.0011 | Train Power: 0.0012 | patience:   2 | lr: 0.00625 | Epoch time: 0.1 |

2024-09-10 07:06:34,424 - INFO -
| Epoch:    910 | Train loss: 5.7638e-01 | Valid loss: 5.5753e-01 | Train acc: 0.8098 ± 0.0000 | Valid acc: 0.8033 ± 0.0000 | Valid Power: 0.0013 | Train Power: 0.0038 | patience:  12 | lr: 0.00625 | Epoch time: 0.1 |

2024-09-10 07:06:35,205 - INFO -
| Epoch:    920 | Train loss: 5.7353e-01 | Valid loss: 5.5904e-01 | Train acc: 0.8152 ± 0.0000 | Valid acc: 0.8033 ± 0.0000 | Valid Power: 0.0012 | Train Power: 0.0012 | patience:  22 | lr: 0.00625 | Epoch time: 0.1 |

2024-09-10 07:06:35,987 - INFO -
| Epoch:    930 | Train loss: 5.7102e-01 | Valid loss: 5.5792e-01 | Train acc: 0.8207 ± 0.0000 | Valid acc: 0.8033 ± 0.0000 | Valid Power: 0.0017 | Train Power: 0.0014 | patience:  32 | lr: 0.00625 | Epoch time: 0.1 |

2024-09-10 07:06:36,768 - INFO -
| Epoch:    940 | Train loss: 5.6960e-01 | Valid loss: 5.5752e-01 | Train acc: 0.8152 ± 0.0000 | Valid acc: 0.8033 ± 0.0000 | Valid Power: 0.0015 | Train Power: 0.0013 | patience:  42 | lr: 0.00625 | Epoch time: 0.1 |

2024-09-10 07:06:37,553 - INFO -
| Epoch:    950 | Train loss: 5.6907e-01 | Valid loss: 5.5731e-01 | Train acc: 0.8152 ± 0.0000 | Valid acc: 0.8033 ± 0.0000 | Valid Power: 0.0013 | Train Power: 0.0014 | patience:  52 | lr: 0.00625 | Epoch time: 0.1 |

2024-09-10 07:06:38,334 - INFO -
| Epoch:    960 | Train loss: 5.6860e-01 | Valid loss: 5.5936e-01 | Train acc: 0.8207 ± 0.0000 | Valid acc: 0.8033 ± 0.0000 | Valid Power: 0.0011 | Train Power: 0.0011 | patience:  62 | lr: 0.00625 | Epoch time: 0.1 |

2024-09-10 07:06:39,115 - INFO -
| Epoch:    970 | Train loss: 5.6827e-01 | Valid loss: 5.6346e-01 | Train acc: 0.8207 ± 0.0000 | Valid acc: 0.8033 ± 0.0000 | Valid Power: 0.0011 | Train Power: 0.0011 | patience:  72 | lr: 0.00625 | Epoch time: 0.1 |

2024-09-10 07:06:39,895 - INFO -
| Epoch:    980 | Train loss: 5.6800e-01 | Valid loss: 5.6408e-01 | Train acc: 0.8207 ± 0.0000 | Valid acc: 0.8033 ± 0.0000 | Valid Power: 0.0012 | Train Power: 0.0012 | patience:  82 | lr: 0.00625 | Epoch time: 0.1 |

2024-09-10 07:06:40,680 - INFO -
| Epoch:    990 | Train loss: 5.6775e-01 | Valid loss: 5.6222e-01 | Train acc: 0.8207 ± 0.0000 | Valid acc: 0.8033 ± 0.0000 | Valid Power: 0.0012 | Train Power: 0.0012 | patience:  92 | lr: 0.00625 | Epoch time: 0.1 |

2024-09-10 07:06:41,385 - INFO -
load best network to warm start training with lower lr.

2024-09-10 07:06:41,385 - INFO -
lr update to 0.003125.

2024-09-10 07:06:41,463 - INFO -
| Epoch:   1000 | Train loss: 5.8004e-01 | Valid loss: 5.2393e-01 | Train acc: 0.7989 ± 0.0000 | Valid acc: 0.8197 ± 0.0000 | Valid Power: 0.0012 | Train Power: 0.0012 | patience:   1 | lr: 0.003125 | Epoch time: 0.1 |

2024-09-10 07:06:42,228 - INFO -
| Epoch:   1010 | Train loss: 5.7770e-01 | Valid loss: 5.3875e-01 | Train acc: 0.7935 ± 0.0000 | Valid acc: 0.8197 ± 0.0000 | Valid Power: 0.0011 | Train Power: 0.0011 | patience:  11 | lr: 0.003125 | Epoch time: 0.1 |

2024-09-10 07:06:42,935 - INFO -
| Epoch:   1020 | Train loss: 5.7684e-01 | Valid loss: 5.5561e-01 | Train acc: 0.7935 ± 0.0000 | Valid acc: 0.8033 ± 0.0000 | Valid Power: 0.0011 | Train Power: 0.0011 | patience:  21 | lr: 0.003125 | Epoch time: 0.1 |

2024-09-10 07:06:43,649 - INFO -
| Epoch:   1030 | Train loss: 5.7614e-01 | Valid loss: 5.5175e-01 | Train acc: 0.7935 ± 0.0000 | Valid acc: 0.8033 ± 0.0000 | Valid Power: 0.0011 | Train Power: 0.0011 | patience:  31 | lr: 0.003125 | Epoch time: 0.1 |

2024-09-10 07:06:44,357 - INFO -
| Epoch:   1040 | Train loss: 5.7563e-01 | Valid loss: 5.5443e-01 | Train acc: 0.7935 ± 0.0000 | Valid acc: 0.8033 ± 0.0000 | Valid Power: 0.0012 | Train Power: 0.0012 | patience:  41 | lr: 0.003125 | Epoch time: 0.1 |

2024-09-10 07:06:45,151 - INFO -
| Epoch:   1050 | Train loss: 5.7523e-01 | Valid loss: 5.6002e-01 | Train acc: 0.7935 ± 0.0000 | Valid acc: 0.8033 ± 0.0000 | Valid Power: 0.0022 | Train Power: 0.0100 | patience:  51 | lr: 0.003125 | Epoch time: 0.1 |

2024-09-10 07:06:45,856 - INFO -
| Epoch:   1060 | Train loss: 5.7485e-01 | Valid loss: 5.5875e-01 | Train acc: 0.7935 ± 0.0000 | Valid acc: 0.8033 ± 0.0000 | Valid Power: 0.0013 | Train Power: 0.0013 | patience:  61 | lr: 0.003125 | Epoch time: 0.1 |

2024-09-10 07:06:46,564 - INFO -
| Epoch:   1070 | Train loss: 5.7451e-01 | Valid loss: 5.5539e-01 | Train acc: 0.7935 ± 0.0000 | Valid acc: 0.8033 ± 0.0000 | Valid Power: 0.0012 | Train Power: 0.0012 | patience:  71 | lr: 0.003125 | Epoch time: 0.1 |

2024-09-10 07:06:47,272 - INFO -
| Epoch:   1080 | Train loss: 5.7420e-01 | Valid loss: 5.5362e-01 | Train acc: 0.7935 ± 0.0000 | Valid acc: 0.8033 ± 0.0000 | Valid Power: 0.0012 | Train Power: 0.0012 | patience:  81 | lr: 0.003125 | Epoch time: 0.1 |

2024-09-10 07:06:47,978 - INFO -
| Epoch:   1090 | Train loss: 5.7392e-01 | Valid loss: 5.5217e-01 | Train acc: 0.7935 ± 0.0000 | Valid acc: 0.8033 ± 0.0000 | Valid Power: 0.0012 | Train Power: 0.0012 | patience:  91 | lr: 0.003125 | Epoch time: 0.1 |

2024-09-10 07:06:48,687 - INFO -
load best network to warm start training with lower lr.

2024-09-10 07:06:48,687 - INFO -
lr update to 0.0015625.

2024-09-10 07:06:48,687 - INFO -
| Epoch:   1100 | Train loss: 5.7366e-01 | Valid loss: 5.4608e-01 | Train acc: 0.7935 ± 0.0000 | Valid acc: 0.8033 ± 0.0000 | Valid Power: 0.0012 | Train Power: 0.0012 | patience:   0 | lr: 0.0015625 | Epoch time: 0.1 |

2024-09-10 07:06:49,399 - INFO -
| Epoch:   1110 | Train loss: 5.7842e-01 | Valid loss: 5.3453e-01 | Train acc: 0.7989 ± 0.0000 | Valid acc: 0.8197 ± 0.0000 | Valid Power: 0.0011 | Train Power: 0.0011 | patience:  10 | lr: 0.0015625 | Epoch time: 0.1 |

2024-09-10 07:06:50,106 - INFO -
| Epoch:   1120 | Train loss: 5.7781e-01 | Valid loss: 5.3647e-01 | Train acc: 0.7935 ± 0.0000 | Valid acc: 0.8197 ± 0.0000 | Valid Power: 0.0011 | Train Power: 0.0011 | patience:  20 | lr: 0.0015625 | Epoch time: 0.1 |

2024-09-10 07:06:50,827 - INFO -
| Epoch:   1130 | Train loss: 5.7729e-01 | Valid loss: 5.4127e-01 | Train acc: 0.7935 ± 0.0000 | Valid acc: 0.8197 ± 0.0000 | Valid Power: 0.0011 | Train Power: 0.0011 | patience:  30 | lr: 0.0015625 | Epoch time: 0.1 |

2024-09-10 07:06:51,520 - INFO -
| Epoch:   1140 | Train loss: 5.7678e-01 | Valid loss: 5.5145e-01 | Train acc: 0.7935 ± 0.0000 | Valid acc: 0.8033 ± 0.0000 | Valid Power: 0.0011 | Train Power: 0.0011 | patience:  40 | lr: 0.0015625 | Epoch time: 0.1 |

2024-09-10 07:06:52,215 - INFO -
| Epoch:   1150 | Train loss: 5.7640e-01 | Valid loss: 5.5217e-01 | Train acc: 0.7935 ± 0.0000 | Valid acc: 0.8033 ± 0.0000 | Valid Power: 0.0011 | Train Power: 0.0011 | patience:  50 | lr: 0.0015625 | Epoch time: 0.1 |

2024-09-10 07:06:52,903 - INFO -
| Epoch:   1160 | Train loss: 5.7609e-01 | Valid loss: 5.5246e-01 | Train acc: 0.7935 ± 0.0000 | Valid acc: 0.8033 ± 0.0000 | Valid Power: 0.0012 | Train Power: 0.0011 | patience:  60 | lr: 0.0015625 | Epoch time: 0.1 |

2024-09-10 07:06:53,589 - INFO -
| Epoch:   1170 | Train loss: 5.7583e-01 | Valid loss: 5.5477e-01 | Train acc: 0.7935 ± 0.0000 | Valid acc: 0.8033 ± 0.0000 | Valid Power: 0.0012 | Train Power: 0.0012 | patience:  70 | lr: 0.0015625 | Epoch time: 0.1 |

2024-09-10 07:06:54,278 - INFO -
| Epoch:   1180 | Train loss: 5.7560e-01 | Valid loss: 5.5693e-01 | Train acc: 0.7935 ± 0.0000 | Valid acc: 0.8033 ± 0.0000 | Valid Power: 0.0012 | Train Power: 0.0012 | patience:  80 | lr: 0.0015625 | Epoch time: 0.1 |

2024-09-10 07:06:54,970 - INFO -
| Epoch:   1190 | Train loss: 5.7537e-01 | Valid loss: 5.5723e-01 | Train acc: 0.7935 ± 0.0000 | Valid acc: 0.8033 ± 0.0000 | Valid Power: 0.0012 | Train Power: 0.0012 | patience:  90 | lr: 0.0015625 | Epoch time: 0.1 |

2024-09-10 07:06:55,661 - INFO -
| Epoch:   1200 | Train loss: 5.7516e-01 | Valid loss: 5.5623e-01 | Train acc: 0.7935 ± 0.0000 | Valid acc: 0.8033 ± 0.0000 | Valid Power: 0.0012 | Train Power: 0.0012 | patience: 100 | lr: 0.0015625 | Epoch time: 0.1 |

2024-09-10 07:06:55,733 - INFO -
load best network to warm start training with lower lr.

2024-09-10 07:06:55,734 - INFO -
lr update to 0.00078125.

2024-09-10 07:06:56,359 - INFO -
| Epoch:   1210 | Train loss: 5.7857e-01 | Valid loss: 5.3133e-01 | Train acc: 0.8043 ± 0.0000 | Valid acc: 0.8197 ± 0.0000 | Valid Power: 0.0012 | Train Power: 0.0012 | patience:   9 | lr: 0.00078125 | Epoch time: 0.1 |

2024-09-10 07:06:57,049 - INFO -
| Epoch:   1220 | Train loss: 5.7815e-01 | Valid loss: 5.3397e-01 | Train acc: 0.7935 ± 0.0000 | Valid acc: 0.8197 ± 0.0000 | Valid Power: 0.0011 | Train Power: 0.0011 | patience:  19 | lr: 0.00078125 | Epoch time: 0.1 |

2024-09-10 07:06:57,742 - INFO -
| Epoch:   1230 | Train loss: 5.7795e-01 | Valid loss: 5.3448e-01 | Train acc: 0.7935 ± 0.0000 | Valid acc: 0.8197 ± 0.0000 | Valid Power: 0.0011 | Train Power: 0.0011 | patience:  29 | lr: 0.00078125 | Epoch time: 0.1 |

2024-09-10 07:06:58,445 - INFO -
| Epoch:   1240 | Train loss: 5.7773e-01 | Valid loss: 5.3563e-01 | Train acc: 0.7935 ± 0.0000 | Valid acc: 0.8197 ± 0.0000 | Valid Power: 0.0011 | Train Power: 0.0011 | patience:  39 | lr: 0.00078125 | Epoch time: 0.1 |

2024-09-10 07:06:59,134 - INFO -
| Epoch:   1250 | Train loss: 5.7749e-01 | Valid loss: 5.3888e-01 | Train acc: 0.7935 ± 0.0000 | Valid acc: 0.8197 ± 0.0000 | Valid Power: 0.0011 | Train Power: 0.0011 | patience:  49 | lr: 0.00078125 | Epoch time: 0.1 |

2024-09-10 07:06:59,822 - INFO -
| Epoch:   1260 | Train loss: 5.7722e-01 | Valid loss: 5.4698e-01 | Train acc: 0.7935 ± 0.0000 | Valid acc: 0.8033 ± 0.0000 | Valid Power: 0.0011 | Train Power: 0.0011 | patience:  59 | lr: 0.00078125 | Epoch time: 0.1 |

2024-09-10 07:07:00,510 - INFO -
| Epoch:   1270 | Train loss: 5.7695e-01 | Valid loss: 5.5309e-01 | Train acc: 0.7935 ± 0.0000 | Valid acc: 0.8033 ± 0.0000 | Valid Power: 0.0011 | Train Power: 0.0011 | patience:  69 | lr: 0.00078125 | Epoch time: 0.1 |

2024-09-10 07:07:01,197 - INFO -
| Epoch:   1280 | Train loss: 5.7672e-01 | Valid loss: 5.5022e-01 | Train acc: 0.7935 ± 0.0000 | Valid acc: 0.8033 ± 0.0000 | Valid Power: 0.0011 | Train Power: 0.0011 | patience:  79 | lr: 0.00078125 | Epoch time: 0.1 |

2024-09-10 07:07:01,879 - INFO -
| Epoch:   1290 | Train loss: 5.7653e-01 | Valid loss: 5.5021e-01 | Train acc: 0.7935 ± 0.0000 | Valid acc: 0.8033 ± 0.0000 | Valid Power: 0.0011 | Train Power: 0.0011 | patience:  89 | lr: 0.00078125 | Epoch time: 0.1 |

2024-09-10 07:07:02,562 - INFO -
| Epoch:   1300 | Train loss: 5.7636e-01 | Valid loss: 5.5141e-01 | Train acc: 0.7935 ± 0.0000 | Valid acc: 0.8033 ± 0.0000 | Valid Power: 0.0011 | Train Power: 0.0011 | patience:  99 | lr: 0.00078125 | Epoch time: 0.1 |

2024-09-10 07:07:02,702 - INFO -
load best network to warm start training with lower lr.

2024-09-10 07:07:02,702 - INFO -
lr update to 0.000390625.

2024-09-10 07:07:03,249 - INFO -
| Epoch:   1310 | Train loss: 5.7857e-01 | Valid loss: 5.2367e-01 | Train acc: 0.7989 ± 0.0000 | Valid acc: 0.8197 ± 0.0000 | Valid Power: 0.0012 | Train Power: 0.0012 | patience:   8 | lr: 0.000390625 | Epoch time: 0.1 |

2024-09-10 07:07:03,931 - INFO -
| Epoch:   1320 | Train loss: 5.7836e-01 | Valid loss: 5.3089e-01 | Train acc: 0.7935 ± 0.0000 | Valid acc: 0.8197 ± 0.0000 | Valid Power: 0.0012 | Train Power: 0.0012 | patience:  18 | lr: 0.000390625 | Epoch time: 0.1 |

2024-09-10 07:07:04,639 - INFO -
| Epoch:   1330 | Train loss: 5.7826e-01 | Valid loss: 5.3263e-01 | Train acc: 0.7935 ± 0.0000 | Valid acc: 0.8197 ± 0.0000 | Valid Power: 0.0011 | Train Power: 0.0011 | patience:  28 | lr: 0.000390625 | Epoch time: 0.1 |

2024-09-10 07:07:05,322 - INFO -
| Epoch:   1340 | Train loss: 5.7814e-01 | Valid loss: 5.3330e-01 | Train acc: 0.7935 ± 0.0000 | Valid acc: 0.8197 ± 0.0000 | Valid Power: 0.0011 | Train Power: 0.0011 | patience:  38 | lr: 0.000390625 | Epoch time: 0.1 |

2024-09-10 07:07:06,005 - INFO -
| Epoch:   1350 | Train loss: 5.7802e-01 | Valid loss: 5.3354e-01 | Train acc: 0.7935 ± 0.0000 | Valid acc: 0.8197 ± 0.0000 | Valid Power: 0.0011 | Train Power: 0.0011 | patience:  48 | lr: 0.000390625 | Epoch time: 0.1 |

2024-09-10 07:07:06,688 - INFO -
| Epoch:   1360 | Train loss: 5.7791e-01 | Valid loss: 5.3398e-01 | Train acc: 0.7935 ± 0.0000 | Valid acc: 0.8197 ± 0.0000 | Valid Power: 0.0011 | Train Power: 0.0011 | patience:  58 | lr: 0.000390625 | Epoch time: 0.1 |

2024-09-10 07:07:07,382 - INFO -
| Epoch:   1370 | Train loss: 5.7780e-01 | Valid loss: 5.3464e-01 | Train acc: 0.7935 ± 0.0000 | Valid acc: 0.8197 ± 0.0000 | Valid Power: 0.0011 | Train Power: 0.0011 | patience:  68 | lr: 0.000390625 | Epoch time: 0.1 |

2024-09-10 07:07:08,066 - INFO -
| Epoch:   1380 | Train loss: 5.7769e-01 | Valid loss: 5.3586e-01 | Train acc: 0.7935 ± 0.0000 | Valid acc: 0.8197 ± 0.0000 | Valid Power: 0.0011 | Train Power: 0.0011 | patience:  78 | lr: 0.000390625 | Epoch time: 0.1 |

2024-09-10 07:07:08,749 - INFO -
| Epoch:   1390 | Train loss: 5.7757e-01 | Valid loss: 5.3769e-01 | Train acc: 0.7935 ± 0.0000 | Valid acc: 0.8197 ± 0.0000 | Valid Power: 0.0011 | Train Power: 0.0011 | patience:  88 | lr: 0.000390625 | Epoch time: 0.1 |

2024-09-10 07:07:09,434 - INFO -
| Epoch:   1400 | Train loss: 5.7745e-01 | Valid loss: 5.3976e-01 | Train acc: 0.7935 ± 0.0000 | Valid acc: 0.8197 ± 0.0000 | Valid Power: 0.0011 | Train Power: 0.0011 | patience:  98 | lr: 0.000390625 | Epoch time: 0.1 |

2024-09-10 07:07:09,642 - INFO -
load best network to warm start training with lower lr.

2024-09-10 07:07:09,642 - INFO -
lr update to 0.0001953125.

2024-09-10 07:07:10,138 - INFO -
| Epoch:   1410 | Train loss: 5.7897e-01 | Valid loss: 5.1620e-01 | Train acc: 0.7989 ± 0.0000 | Valid acc: 0.8361 ± 0.0000 | Valid Power: 0.0012 | Train Power: 0.0012 | patience:   7 | lr: 0.0001953125 | Epoch time: 0.1 |

2024-09-10 07:07:10,813 - INFO -
| Epoch:   1420 | Train loss: 5.7858e-01 | Valid loss: 5.2411e-01 | Train acc: 0.7989 ± 0.0000 | Valid acc: 0.8197 ± 0.0000 | Valid Power: 0.0012 | Train Power: 0.0012 | patience:  17 | lr: 0.0001953125 | Epoch time: 0.1 |

2024-09-10 07:07:11,488 - INFO -
| Epoch:   1430 | Train loss: 5.7844e-01 | Valid loss: 5.2862e-01 | Train acc: 0.7935 ± 0.0000 | Valid acc: 0.8197 ± 0.0000 | Valid Power: 0.0012 | Train Power: 0.0012 | patience:  27 | lr: 0.0001953125 | Epoch time: 0.1 |

2024-09-10 07:07:12,162 - INFO -
| Epoch:   1440 | Train loss: 5.7837e-01 | Valid loss: 5.3051e-01 | Train acc: 0.7935 ± 0.0000 | Valid acc: 0.8197 ± 0.0000 | Valid Power: 0.0012 | Train Power: 0.0012 | patience:  37 | lr: 0.0001953125 | Epoch time: 0.1 |

2024-09-10 07:07:12,837 - INFO -
| Epoch:   1450 | Train loss: 5.7829e-01 | Valid loss: 5.3165e-01 | Train acc: 0.7935 ± 0.0000 | Valid acc: 0.8197 ± 0.0000 | Valid Power: 0.0012 | Train Power: 0.0011 | patience:  47 | lr: 0.0001953125 | Epoch time: 0.1 |

2024-09-10 07:07:13,510 - INFO -
| Epoch:   1460 | Train loss: 5.7823e-01 | Valid loss: 5.3225e-01 | Train acc: 0.7935 ± 0.0000 | Valid acc: 0.8197 ± 0.0000 | Valid Power: 0.0011 | Train Power: 0.0011 | patience:  57 | lr: 0.0001953125 | Epoch time: 0.1 |

2024-09-10 07:07:14,193 - INFO -
| Epoch:   1470 | Train loss: 5.7817e-01 | Valid loss: 5.3258e-01 | Train acc: 0.7935 ± 0.0000 | Valid acc: 0.8197 ± 0.0000 | Valid Power: 0.0011 | Train Power: 0.0011 | patience:  67 | lr: 0.0001953125 | Epoch time: 0.1 |

2024-09-10 07:07:14,864 - INFO -
| Epoch:   1480 | Train loss: 5.7811e-01 | Valid loss: 5.3287e-01 | Train acc: 0.7935 ± 0.0000 | Valid acc: 0.8197 ± 0.0000 | Valid Power: 0.0011 | Train Power: 0.0011 | patience:  77 | lr: 0.0001953125 | Epoch time: 0.1 |

2024-09-10 07:07:15,496 - INFO -
| Epoch:   1490 | Train loss: 5.7806e-01 | Valid loss: 5.3311e-01 | Train acc: 0.7935 ± 0.0000 | Valid acc: 0.8197 ± 0.0000 | Valid Power: 0.0011 | Train Power: 0.0011 | patience:  87 | lr: 0.0001953125 | Epoch time: 0.1 |

2024-09-10 07:07:16,129 - INFO -
| Epoch:   1500 | Train loss: 5.7800e-01 | Valid loss: 5.3334e-01 | Train acc: 0.7935 ± 0.0000 | Valid acc: 0.8197 ± 0.0000 | Valid Power: 0.0011 | Train Power: 0.0011 | patience:  97 | lr: 0.0001953125 | Epoch time: 0.1 |

2024-09-10 07:07:16,464 - INFO -
load best network to warm start training with lower lr.

2024-09-10 07:07:16,464 - INFO -
lr update to 9.765625e-05.

2024-09-10 07:07:16,464 - INFO -
Early stop.

2024-09-10 07:07:16,469 - INFO -
Training if finished.

2024-09-12 20:25:13,079 - INFO -
Configuration: 
gmin                0.01
gmax                10.0
T                   0.1
m                   0.3
type_nonlinear      normal
act                 tanh
ACT_R1n             12.7865
ACT_R2n             -3.1871
ACT_W1n             -10.4537
ACT_L1n             10.546
ACT_W2n             -5.8496
ACT_L2n             4.2337
S_R1n               -11.7481
S_R2n               -0.3905
S_W1n               -9.169
S_L1n               0.3913
S_W2n               7.2004
S_L2n               15.5558
ReLU_RHn            -1.9557
ReLU_RLn            -20.1581
ReLU_RDn            16.6486
ReLU_RBn            -14.3472
ReLU_Wn             16.655
ReLU_Ln             -21.7591
HS_Rn               -0.3766
HS_Wn               0.5192
HS_Ln               4.6293
NEG_R1n             -7.0846
NEG_R2n             -2.5695
NEG_R3n             16.1542
NEG_W1n             13.8696
NEG_L1n             2.7635
NEG_W2n             1.2674
NEG_L2n             -10.4803
NEG_W3n             -6.4386
NEG_L3n             5.1005
task                normal
DATASET             12
DataPath            ./dataset
InputNoise          0.0
IN_test             0.0
R_train             1
R_test              1
N_time              32
pathnorm            False
hidden              [3]
skipconnection      False
SEED                2
DEVICE              cpu
PATIENCE            500
EPOCH               10000000000
LR                  0.1
PROGRESSIVE         True
LR_PATIENCE         100
LR_DECAY            0.5
LR_MIN              0.0001
metric              acc
SoftEva             True
TIMELIMITATION      71
MODE                nominal
M_train             1
K_train             1
M_test              1
K_test              1
t_test_max          1
integration         MC
N_train             1
e_train             0.0
N_test              100
e_test              0.1
e_fault             2
fault_ratio         0.0
N_fault             50
e_fault_test        0
N_fault_test        50
dropout             0.0
lagrangian_loss     False
rho                 100
powerestimator      none
powerbalance        0.0
estimatorbalance    0.0
pgmin               1e-07
power_ratio         1000
lambda_P            100
areaestimator       none
areabalance         0.0
area_theta          0.15
area_act            30.0
area_neg            22.7
lambda_A            0.001
lnc                 False
projectname         tanh_0_FaultAnalysisNormal
temppath            ./tanh_0_FaultAnalysisNormal/temp/
logfilepath         ./tanh_0_FaultAnalysisNormal/log/
report_freq         10
recording           False
recordpath          ./tanh_0_FaultAnalysisNormal/record/
savepath            ./tanh_0_FaultAnalysisNormal/models/
loglevel            info


2024-09-12 20:25:13,106 - INFO -
Training network on device: cpu.

2024-09-12 20:25:13,107 - INFO -
Training setup: data_12_vertebralcolumn3clases_seed_02_epsilon_0.0_dropout_0.0_fault_ratio_0.0.model.

2024-09-12 20:25:13,107 - INFO -
{'dataname': 'vertebralcolumn3clases', 'N_feature': 6, 'N_class': 3, 'N_train': 184, 'N_valid': 61, 'N_test': 63}

2024-09-12 20:25:13,118 - INFO -
Training was already finished.

