2024-09-09 04:07:29,233 - INFO -
Configuration: 
gmin                0.01
gmax                10.0
T                   0.1
m                   0.3
type_nonlinear      normal
act                 tanh
ACT_R1n             12.7865
ACT_R2n             -3.1871
ACT_W1n             -10.4537
ACT_L1n             10.546
ACT_W2n             -5.8496
ACT_L2n             4.2337
S_R1n               -11.7481
S_R2n               -0.3905
S_W1n               -9.169
S_L1n               0.3913
S_W2n               7.2004
S_L2n               15.5558
ReLU_RHn            -1.9557
ReLU_RLn            -20.1581
ReLU_RDn            16.6486
ReLU_RBn            -14.3472
ReLU_Wn             16.655
ReLU_Ln             -21.7591
HS_Rn               -0.3766
HS_Wn               0.5192
HS_Ln               4.6293
NEG_R1n             -7.0846
NEG_R2n             -2.5695
NEG_R3n             16.1542
NEG_W1n             13.8696
NEG_L1n             2.7635
NEG_W2n             1.2674
NEG_L2n             -10.4803
NEG_W3n             -6.4386
NEG_L3n             5.1005
task                normal
DATASET             4
DataPath            ./dataset
InputNoise          0.0
IN_test             0.0
R_train             1
R_test              1
N_time              32
pathnorm            False
hidden              [3]
skipconnection      False
SEED                9
DEVICE              cpu
PATIENCE            500
EPOCH               10000000000
LR                  0.1
PROGRESSIVE         True
LR_PATIENCE         100
LR_DECAY            0.5
LR_MIN              0.0001
metric              acc
SoftEva             True
TIMELIMITATION      71
MODE                nominal
M_train             1
K_train             1
M_test              1
K_test              1
t_test_max          1
integration         MC
N_train             1
e_train             0.0
N_test              100
e_test              0.1
e_fault             2
fault_ratio         0.0
N_fault             50
e_fault_test        0
N_fault_test        50
dropout             0.0
lagrangian_loss     False
rho                 100
powerestimator      none
powerbalance        0.0
estimatorbalance    0.0
pgmin               1e-07
power_ratio         1000
lambda_P            100
areaestimator       none
areabalance         0.0
area_theta          0.15
area_act            30.0
area_neg            22.7
lambda_A            0.001
lnc                 False
projectname         tanh_0_FaultAnalysisNormal
temppath            ./tanh_0_FaultAnalysisNormal/temp/
logfilepath         ./tanh_0_FaultAnalysisNormal/log/
report_freq         10
recording           False
recordpath          ./tanh_0_FaultAnalysisNormal/record/
savepath            ./tanh_0_FaultAnalysisNormal/models/
loglevel            info


2024-09-09 04:07:29,233 - INFO -
Training network on device: cpu.

2024-09-09 04:07:29,233 - INFO -
Training setup: data_04_energyy1_seed_09_epsilon_0.0_dropout_0.0_fault_ratio_0.0.model.

2024-09-09 04:07:29,233 - INFO -
{'dataname': 'energyy1', 'N_feature': 8, 'N_class': 3, 'N_train': 397, 'N_valid': 127, 'N_test': 79}

2024-09-09 04:07:29,233 - INFO -
Topology of the network: [8, 3, 3].

2024-09-09 04:07:31,174 - INFO -
| Epoch:      0 | Train loss: 1.0986e+00 | Valid loss: 1.0820e+00 | Train acc: 0.4761 ± 0.0000 | Valid acc: 0.6850 ± 0.0000 | Valid Power: 0.0009 | Train Power: 0.0005 | patience:   0 | lr: 0.1 | Epoch time: 0.1 |

2024-09-09 04:07:32,449 - INFO -
| Epoch:     10 | Train loss: 8.4729e-01 | Valid loss: 8.7168e-01 | Train acc: 0.8186 ± 0.0000 | Valid acc: 0.7874 ± 0.0000 | Valid Power: 0.0009 | Train Power: 0.0009 | patience:   0 | lr: 0.1 | Epoch time: 0.1 |

2024-09-09 04:07:33,723 - INFO -
| Epoch:     20 | Train loss: 6.9219e-01 | Valid loss: 7.1591e-01 | Train acc: 0.8186 ± 0.0000 | Valid acc: 0.7874 ± 0.0000 | Valid Power: 0.0010 | Train Power: 0.0010 | patience:   0 | lr: 0.1 | Epoch time: 0.1 |

2024-09-09 04:07:35,005 - INFO -
| Epoch:     30 | Train loss: 6.0473e-01 | Valid loss: 6.4287e-01 | Train acc: 0.8186 ± 0.0000 | Valid acc: 0.7874 ± 0.0000 | Valid Power: 0.0009 | Train Power: 0.0009 | patience:   0 | lr: 0.1 | Epoch time: 0.1 |

2024-09-09 04:07:36,270 - INFO -
| Epoch:     40 | Train loss: 5.8337e-01 | Valid loss: 6.1907e-01 | Train acc: 0.8186 ± 0.0000 | Valid acc: 0.7874 ± 0.0000 | Valid Power: 0.0009 | Train Power: 0.0009 | patience:   0 | lr: 0.1 | Epoch time: 0.1 |

2024-09-09 04:07:37,534 - INFO -
| Epoch:     50 | Train loss: 5.7768e-01 | Valid loss: 6.1583e-01 | Train acc: 0.8186 ± 0.0000 | Valid acc: 0.7874 ± 0.0000 | Valid Power: 0.0010 | Train Power: 0.0009 | patience:   0 | lr: 0.1 | Epoch time: 0.1 |

2024-09-09 04:07:38,933 - INFO -
| Epoch:     60 | Train loss: 5.7502e-01 | Valid loss: 6.1075e-01 | Train acc: 0.8186 ± 0.0000 | Valid acc: 0.7874 ± 0.0000 | Valid Power: 0.0009 | Train Power: 0.0009 | patience:   0 | lr: 0.1 | Epoch time: 0.1 |

2024-09-09 04:07:40,197 - INFO -
| Epoch:     70 | Train loss: 5.7335e-01 | Valid loss: 6.0781e-01 | Train acc: 0.8186 ± 0.0000 | Valid acc: 0.7874 ± 0.0000 | Valid Power: 0.0009 | Train Power: 0.0009 | patience:   0 | lr: 0.1 | Epoch time: 0.1 |

2024-09-09 04:07:41,461 - INFO -
| Epoch:     80 | Train loss: 5.7221e-01 | Valid loss: 6.0515e-01 | Train acc: 0.8186 ± 0.0000 | Valid acc: 0.7874 ± 0.0000 | Valid Power: 0.0009 | Train Power: 0.0009 | patience:   0 | lr: 0.1 | Epoch time: 0.1 |

2024-09-09 04:07:42,729 - INFO -
| Epoch:     90 | Train loss: 5.7134e-01 | Valid loss: 6.0301e-01 | Train acc: 0.8186 ± 0.0000 | Valid acc: 0.7874 ± 0.0000 | Valid Power: 0.0009 | Train Power: 0.0009 | patience:   0 | lr: 0.1 | Epoch time: 0.1 |

2024-09-09 04:07:43,999 - INFO -
| Epoch:    100 | Train loss: 5.7070e-01 | Valid loss: 6.0163e-01 | Train acc: 0.8186 ± 0.0000 | Valid acc: 0.7874 ± 0.0000 | Valid Power: 0.0009 | Train Power: 0.0009 | patience:   0 | lr: 0.1 | Epoch time: 0.1 |

2024-09-09 04:07:45,261 - INFO -
| Epoch:    110 | Train loss: 5.7016e-01 | Valid loss: 6.0068e-01 | Train acc: 0.8186 ± 0.0000 | Valid acc: 0.7874 ± 0.0000 | Valid Power: 0.0009 | Train Power: 0.0009 | patience:   0 | lr: 0.1 | Epoch time: 0.1 |

2024-09-09 04:07:46,535 - INFO -
| Epoch:    120 | Train loss: 5.6970e-01 | Valid loss: 5.9972e-01 | Train acc: 0.8186 ± 0.0000 | Valid acc: 0.7874 ± 0.0000 | Valid Power: 0.0009 | Train Power: 0.0009 | patience:   0 | lr: 0.1 | Epoch time: 0.1 |

2024-09-09 04:07:47,797 - INFO -
| Epoch:    130 | Train loss: 5.6930e-01 | Valid loss: 5.9879e-01 | Train acc: 0.8186 ± 0.0000 | Valid acc: 0.7874 ± 0.0000 | Valid Power: 0.0010 | Train Power: 0.0010 | patience:   0 | lr: 0.1 | Epoch time: 0.1 |

2024-09-09 04:07:49,058 - INFO -
| Epoch:    140 | Train loss: 5.6893e-01 | Valid loss: 5.9800e-01 | Train acc: 0.8186 ± 0.0000 | Valid acc: 0.7874 ± 0.0000 | Valid Power: 0.0010 | Train Power: 0.0010 | patience:   0 | lr: 0.1 | Epoch time: 0.1 |

2024-09-09 04:07:50,319 - INFO -
| Epoch:    150 | Train loss: 5.6858e-01 | Valid loss: 5.9733e-01 | Train acc: 0.8186 ± 0.0000 | Valid acc: 0.7874 ± 0.0000 | Valid Power: 0.0010 | Train Power: 0.0010 | patience:   0 | lr: 0.1 | Epoch time: 0.1 |

2024-09-09 04:07:51,580 - INFO -
| Epoch:    160 | Train loss: 5.6825e-01 | Valid loss: 5.9672e-01 | Train acc: 0.8186 ± 0.0000 | Valid acc: 0.7874 ± 0.0000 | Valid Power: 0.0010 | Train Power: 0.0010 | patience:   0 | lr: 0.1 | Epoch time: 0.1 |

2024-09-09 04:07:52,852 - INFO -
| Epoch:    170 | Train loss: 5.6793e-01 | Valid loss: 5.9614e-01 | Train acc: 0.8186 ± 0.0000 | Valid acc: 0.7874 ± 0.0000 | Valid Power: 0.0010 | Train Power: 0.0010 | patience:   0 | lr: 0.1 | Epoch time: 0.1 |

2024-09-09 04:07:54,202 - INFO -
| Epoch:    180 | Train loss: 5.6763e-01 | Valid loss: 5.9560e-01 | Train acc: 0.8186 ± 0.0000 | Valid acc: 0.7874 ± 0.0000 | Valid Power: 0.0010 | Train Power: 0.0010 | patience:   0 | lr: 0.1 | Epoch time: 0.1 |

2024-09-09 04:07:55,468 - INFO -
| Epoch:    190 | Train loss: 5.6733e-01 | Valid loss: 5.9508e-01 | Train acc: 0.8186 ± 0.0000 | Valid acc: 0.7874 ± 0.0000 | Valid Power: 0.0010 | Train Power: 0.0010 | patience:   0 | lr: 0.1 | Epoch time: 0.1 |

2024-09-09 04:07:56,738 - INFO -
| Epoch:    200 | Train loss: 5.6703e-01 | Valid loss: 5.9457e-01 | Train acc: 0.8186 ± 0.0000 | Valid acc: 0.7874 ± 0.0000 | Valid Power: 0.0010 | Train Power: 0.0010 | patience:   0 | lr: 0.1 | Epoch time: 0.1 |

2024-09-09 04:07:58,102 - INFO -
| Epoch:    210 | Train loss: 5.6673e-01 | Valid loss: 5.9408e-01 | Train acc: 0.8186 ± 0.0000 | Valid acc: 0.7874 ± 0.0000 | Valid Power: 0.0010 | Train Power: 0.0010 | patience:   0 | lr: 0.1 | Epoch time: 0.1 |

2024-09-09 04:07:59,369 - INFO -
| Epoch:    220 | Train loss: 5.6644e-01 | Valid loss: 5.9360e-01 | Train acc: 0.8186 ± 0.0000 | Valid acc: 0.7874 ± 0.0000 | Valid Power: 0.0010 | Train Power: 0.0010 | patience:   0 | lr: 0.1 | Epoch time: 0.1 |

2024-09-09 04:08:00,638 - INFO -
| Epoch:    230 | Train loss: 5.6614e-01 | Valid loss: 5.9313e-01 | Train acc: 0.8186 ± 0.0000 | Valid acc: 0.7874 ± 0.0000 | Valid Power: 0.0010 | Train Power: 0.0010 | patience:   0 | lr: 0.1 | Epoch time: 0.1 |

2024-09-09 04:08:01,945 - INFO -
| Epoch:    240 | Train loss: 5.6584e-01 | Valid loss: 5.9266e-01 | Train acc: 0.8186 ± 0.0000 | Valid acc: 0.7874 ± 0.0000 | Valid Power: 0.0010 | Train Power: 0.0010 | patience:   0 | lr: 0.1 | Epoch time: 0.1 |

2024-09-09 04:08:03,224 - INFO -
| Epoch:    250 | Train loss: 5.6553e-01 | Valid loss: 5.9219e-01 | Train acc: 0.8186 ± 0.0000 | Valid acc: 0.7874 ± 0.0000 | Valid Power: 0.0010 | Train Power: 0.0010 | patience:   0 | lr: 0.1 | Epoch time: 0.1 |

2024-09-09 04:08:04,494 - INFO -
| Epoch:    260 | Train loss: 5.6521e-01 | Valid loss: 5.9172e-01 | Train acc: 0.8186 ± 0.0000 | Valid acc: 0.7874 ± 0.0000 | Valid Power: 0.0010 | Train Power: 0.0010 | patience:   0 | lr: 0.1 | Epoch time: 0.1 |

2024-09-09 04:08:05,762 - INFO -
| Epoch:    270 | Train loss: 5.6488e-01 | Valid loss: 5.9124e-01 | Train acc: 0.8186 ± 0.0000 | Valid acc: 0.7874 ± 0.0000 | Valid Power: 0.0010 | Train Power: 0.0010 | patience:   0 | lr: 0.1 | Epoch time: 0.1 |

2024-09-09 04:08:07,030 - INFO -
| Epoch:    280 | Train loss: 5.6452e-01 | Valid loss: 5.9075e-01 | Train acc: 0.8186 ± 0.0000 | Valid acc: 0.7874 ± 0.0000 | Valid Power: 0.0010 | Train Power: 0.0010 | patience:   0 | lr: 0.1 | Epoch time: 0.1 |

2024-09-09 04:08:08,296 - INFO -
| Epoch:    290 | Train loss: 5.6414e-01 | Valid loss: 5.9023e-01 | Train acc: 0.8186 ± 0.0000 | Valid acc: 0.7874 ± 0.0000 | Valid Power: 0.0010 | Train Power: 0.0010 | patience:   0 | lr: 0.1 | Epoch time: 0.1 |

2024-09-09 04:08:09,655 - INFO -
| Epoch:    300 | Train loss: 5.6372e-01 | Valid loss: 5.8968e-01 | Train acc: 0.8186 ± 0.0000 | Valid acc: 0.7874 ± 0.0000 | Valid Power: 0.0010 | Train Power: 0.0010 | patience:   0 | lr: 0.1 | Epoch time: 0.1 |

2024-09-09 04:08:10,961 - INFO -
| Epoch:    310 | Train loss: 5.6323e-01 | Valid loss: 5.8909e-01 | Train acc: 0.8186 ± 0.0000 | Valid acc: 0.7874 ± 0.0000 | Valid Power: 0.0010 | Train Power: 0.0010 | patience:   0 | lr: 0.1 | Epoch time: 0.1 |

2024-09-09 04:08:12,233 - INFO -
| Epoch:    320 | Train loss: 5.6266e-01 | Valid loss: 5.8842e-01 | Train acc: 0.8186 ± 0.0000 | Valid acc: 0.7874 ± 0.0000 | Valid Power: 0.0010 | Train Power: 0.0010 | patience:   0 | lr: 0.1 | Epoch time: 0.1 |

2024-09-09 04:08:13,508 - INFO -
| Epoch:    330 | Train loss: 5.6205e-01 | Valid loss: 5.8776e-01 | Train acc: 0.8186 ± 0.0000 | Valid acc: 0.7874 ± 0.0000 | Valid Power: 0.0010 | Train Power: 0.0010 | patience:   0 | lr: 0.1 | Epoch time: 0.1 |

2024-09-09 04:08:14,781 - INFO -
| Epoch:    340 | Train loss: 5.6146e-01 | Valid loss: 5.8715e-01 | Train acc: 0.8186 ± 0.0000 | Valid acc: 0.7874 ± 0.0000 | Valid Power: 0.0010 | Train Power: 0.0010 | patience:   0 | lr: 0.1 | Epoch time: 0.1 |

2024-09-09 04:08:16,046 - INFO -
| Epoch:    350 | Train loss: 5.6076e-01 | Valid loss: 5.8633e-01 | Train acc: 0.8186 ± 0.0000 | Valid acc: 0.7874 ± 0.0000 | Valid Power: 0.0011 | Train Power: 0.0011 | patience:   0 | lr: 0.1 | Epoch time: 0.1 |

2024-09-09 04:08:17,307 - INFO -
| Epoch:    360 | Train loss: 5.5988e-01 | Valid loss: 5.8528e-01 | Train acc: 0.8186 ± 0.0000 | Valid acc: 0.7874 ± 0.0000 | Valid Power: 0.0011 | Train Power: 0.0011 | patience:   0 | lr: 0.1 | Epoch time: 0.1 |

2024-09-09 04:08:18,570 - INFO -
| Epoch:    370 | Train loss: 5.5874e-01 | Valid loss: 5.8398e-01 | Train acc: 0.8186 ± 0.0000 | Valid acc: 0.7874 ± 0.0000 | Valid Power: 0.0012 | Train Power: 0.0012 | patience:   0 | lr: 0.1 | Epoch time: 0.1 |

2024-09-09 04:08:19,821 - INFO -
| Epoch:    380 | Train loss: 5.6854e-01 | Valid loss: 5.8607e-01 | Train acc: 0.8186 ± 0.0000 | Valid acc: 0.7874 ± 0.0000 | Valid Power: 0.0012 | Train Power: 0.0012 | patience:   3 | lr: 0.1 | Epoch time: 0.1 |

2024-09-09 04:08:21,054 - INFO -
| Epoch:    390 | Train loss: 5.5723e-01 | Valid loss: 5.8984e-01 | Train acc: 0.8186 ± 0.0000 | Valid acc: 0.7874 ± 0.0000 | Valid Power: 0.0012 | Train Power: 0.0012 | patience:   1 | lr: 0.1 | Epoch time: 0.1 |

2024-09-09 04:08:22,291 - INFO -
| Epoch:    400 | Train loss: 5.5750e-01 | Valid loss: 5.8529e-01 | Train acc: 0.8186 ± 0.0000 | Valid acc: 0.7874 ± 0.0000 | Valid Power: 0.0012 | Train Power: 0.0012 | patience:   4 | lr: 0.1 | Epoch time: 0.1 |

2024-09-09 04:08:23,521 - INFO -
| Epoch:    410 | Train loss: 5.6264e-01 | Valid loss: 6.0128e-01 | Train acc: 0.8186 ± 0.0000 | Valid acc: 0.7874 ± 0.0000 | Valid Power: 0.0013 | Train Power: 0.0012 | patience:  14 | lr: 0.1 | Epoch time: 0.1 |

2024-09-09 04:08:24,752 - INFO -
| Epoch:    420 | Train loss: 5.6962e-01 | Valid loss: 5.9509e-01 | Train acc: 0.8186 ± 0.0000 | Valid acc: 0.7874 ± 0.0000 | Valid Power: 0.0013 | Train Power: 0.0013 | patience:  24 | lr: 0.1 | Epoch time: 0.1 |

2024-09-09 04:08:25,981 - INFO -
| Epoch:    430 | Train loss: 5.6389e-01 | Valid loss: 5.9129e-01 | Train acc: 0.8186 ± 0.0000 | Valid acc: 0.7874 ± 0.0000 | Valid Power: 0.0013 | Train Power: 0.0013 | patience:  34 | lr: 0.1 | Epoch time: 0.1 |

2024-09-09 04:08:27,211 - INFO -
| Epoch:    440 | Train loss: 5.6117e-01 | Valid loss: 5.8573e-01 | Train acc: 0.8186 ± 0.0000 | Valid acc: 0.7874 ± 0.0000 | Valid Power: 0.0013 | Train Power: 0.0013 | patience:  44 | lr: 0.1 | Epoch time: 0.1 |

2024-09-09 04:08:28,441 - INFO -
| Epoch:    450 | Train loss: 5.6084e-01 | Valid loss: 5.8553e-01 | Train acc: 0.8186 ± 0.0000 | Valid acc: 0.7874 ± 0.0000 | Valid Power: 0.0013 | Train Power: 0.0013 | patience:  54 | lr: 0.1 | Epoch time: 0.1 |

2024-09-09 04:08:29,672 - INFO -
| Epoch:    460 | Train loss: 5.6038e-01 | Valid loss: 5.8641e-01 | Train acc: 0.8186 ± 0.0000 | Valid acc: 0.7874 ± 0.0000 | Valid Power: 0.0012 | Train Power: 0.0013 | patience:  64 | lr: 0.1 | Epoch time: 0.1 |

2024-09-09 04:08:30,976 - INFO -
| Epoch:    470 | Train loss: 5.6001e-01 | Valid loss: 5.8602e-01 | Train acc: 0.8186 ± 0.0000 | Valid acc: 0.7874 ± 0.0000 | Valid Power: 0.0012 | Train Power: 0.0012 | patience:  74 | lr: 0.1 | Epoch time: 0.2 |

2024-09-09 04:08:32,205 - INFO -
| Epoch:    480 | Train loss: 5.5969e-01 | Valid loss: 5.8494e-01 | Train acc: 0.8186 ± 0.0000 | Valid acc: 0.7874 ± 0.0000 | Valid Power: 0.0012 | Train Power: 0.0012 | patience:  84 | lr: 0.1 | Epoch time: 0.1 |

2024-09-09 04:08:33,443 - INFO -
| Epoch:    490 | Train loss: 5.5935e-01 | Valid loss: 5.8419e-01 | Train acc: 0.8186 ± 0.0000 | Valid acc: 0.7874 ± 0.0000 | Valid Power: 0.0012 | Train Power: 0.0012 | patience:  94 | lr: 0.1 | Epoch time: 0.1 |

2024-09-09 04:08:34,308 - INFO -
load best network to warm start training with lower lr.

2024-09-09 04:08:34,308 - INFO -
lr update to 0.05.

2024-09-09 04:08:34,678 - INFO -
| Epoch:    500 | Train loss: 5.6081e-01 | Valid loss: 5.8344e-01 | Train acc: 0.8186 ± 0.0000 | Valid acc: 0.7874 ± 0.0000 | Valid Power: 0.0013 | Train Power: 0.0013 | patience:   3 | lr: 0.05 | Epoch time: 0.1 |

2024-09-09 04:08:35,908 - INFO -
| Epoch:    510 | Train loss: 5.5854e-01 | Valid loss: 5.8946e-01 | Train acc: 0.8186 ± 0.0000 | Valid acc: 0.7874 ± 0.0000 | Valid Power: 0.0013 | Train Power: 0.0013 | patience:  13 | lr: 0.05 | Epoch time: 0.1 |

2024-09-09 04:08:37,136 - INFO -
| Epoch:    520 | Train loss: 5.5851e-01 | Valid loss: 5.8760e-01 | Train acc: 0.8186 ± 0.0000 | Valid acc: 0.7874 ± 0.0000 | Valid Power: 0.0013 | Train Power: 0.0013 | patience:  23 | lr: 0.05 | Epoch time: 0.1 |

2024-09-09 04:08:38,376 - INFO -
| Epoch:    530 | Train loss: 5.5623e-01 | Valid loss: 5.8013e-01 | Train acc: 0.8186 ± 0.0000 | Valid acc: 0.7874 ± 0.0000 | Valid Power: 0.0013 | Train Power: 0.0013 | patience:   0 | lr: 0.05 | Epoch time: 0.1 |

2024-09-09 04:08:39,617 - INFO -
| Epoch:    540 | Train loss: 5.5679e-01 | Valid loss: 5.8302e-01 | Train acc: 0.8186 ± 0.0000 | Valid acc: 0.7874 ± 0.0000 | Valid Power: 0.0013 | Train Power: 0.0013 | patience:   8 | lr: 0.05 | Epoch time: 0.1 |

2024-09-09 04:08:40,852 - INFO -
| Epoch:    550 | Train loss: 5.5550e-01 | Valid loss: 5.8146e-01 | Train acc: 0.8186 ± 0.0000 | Valid acc: 0.7874 ± 0.0000 | Valid Power: 0.0013 | Train Power: 0.0014 | patience:  18 | lr: 0.05 | Epoch time: 0.1 |

2024-09-09 04:08:42,102 - INFO -
| Epoch:    560 | Train loss: 5.5566e-01 | Valid loss: 5.7826e-01 | Train acc: 0.8186 ± 0.0000 | Valid acc: 0.7874 ± 0.0000 | Valid Power: 0.0013 | Train Power: 0.0014 | patience:   0 | lr: 0.05 | Epoch time: 0.1 |

2024-09-09 04:08:43,350 - INFO -
| Epoch:    570 | Train loss: 5.5581e-01 | Valid loss: 5.7816e-01 | Train acc: 0.8186 ± 0.0000 | Valid acc: 0.7874 ± 0.0000 | Valid Power: 0.0014 | Train Power: 0.0014 | patience:   7 | lr: 0.05 | Epoch time: 0.1 |

2024-09-09 04:08:44,586 - INFO -
| Epoch:    580 | Train loss: 5.5570e-01 | Valid loss: 5.7824e-01 | Train acc: 0.8186 ± 0.0000 | Valid acc: 0.7874 ± 0.0000 | Valid Power: 0.0014 | Train Power: 0.0015 | patience:  17 | lr: 0.05 | Epoch time: 0.1 |

2024-09-09 04:08:45,843 - INFO -
| Epoch:    590 | Train loss: 5.5546e-01 | Valid loss: 5.7767e-01 | Train acc: 0.8186 ± 0.0000 | Valid acc: 0.7874 ± 0.0000 | Valid Power: 0.0016 | Train Power: 0.0023 | patience:   0 | lr: 0.05 | Epoch time: 0.1 |

2024-09-09 04:08:47,115 - INFO -
| Epoch:    600 | Train loss: 5.5518e-01 | Valid loss: 5.7694e-01 | Train acc: 0.8186 ± 0.0000 | Valid acc: 0.7874 ± 0.0000 | Valid Power: 0.0014 | Train Power: 0.0014 | patience:   0 | lr: 0.05 | Epoch time: 0.1 |

2024-09-09 04:08:48,384 - INFO -
| Epoch:    610 | Train loss: 5.5491e-01 | Valid loss: 5.7643e-01 | Train acc: 0.8186 ± 0.0000 | Valid acc: 0.7874 ± 0.0000 | Valid Power: 0.0014 | Train Power: 0.0014 | patience:   0 | lr: 0.05 | Epoch time: 0.1 |

2024-09-09 04:08:49,643 - INFO -
| Epoch:    620 | Train loss: 5.5466e-01 | Valid loss: 5.7615e-01 | Train acc: 0.8186 ± 0.0000 | Valid acc: 0.7874 ± 0.0000 | Valid Power: 0.0022 | Train Power: 0.0031 | patience:   2 | lr: 0.05 | Epoch time: 0.1 |

2024-09-09 04:08:50,998 - INFO -
| Epoch:    630 | Train loss: 5.5442e-01 | Valid loss: 5.7601e-01 | Train acc: 0.8186 ± 0.0000 | Valid acc: 0.7874 ± 0.0000 | Valid Power: 0.0014 | Train Power: 0.0014 | patience:   0 | lr: 0.05 | Epoch time: 0.1 |

2024-09-09 04:08:52,253 - INFO -
| Epoch:    640 | Train loss: 5.5419e-01 | Valid loss: 5.7597e-01 | Train acc: 0.8186 ± 0.0000 | Valid acc: 0.7874 ± 0.0000 | Valid Power: 0.0014 | Train Power: 0.0015 | patience:   3 | lr: 0.05 | Epoch time: 0.1 |

2024-09-09 04:08:53,488 - INFO -
| Epoch:    650 | Train loss: 5.5405e-01 | Valid loss: 5.7592e-01 | Train acc: 0.8186 ± 0.0000 | Valid acc: 0.7874 ± 0.0000 | Valid Power: 0.0014 | Train Power: 0.0014 | patience:   8 | lr: 0.05 | Epoch time: 0.1 |

2024-09-09 04:08:54,717 - INFO -
| Epoch:    660 | Train loss: 5.5392e-01 | Valid loss: 5.7599e-01 | Train acc: 0.8186 ± 0.0000 | Valid acc: 0.7874 ± 0.0000 | Valid Power: 0.0014 | Train Power: 0.0014 | patience:  18 | lr: 0.05 | Epoch time: 0.1 |

2024-09-09 04:08:55,949 - INFO -
| Epoch:    670 | Train loss: 5.5380e-01 | Valid loss: 5.7592e-01 | Train acc: 0.8186 ± 0.0000 | Valid acc: 0.7874 ± 0.0000 | Valid Power: 0.0014 | Train Power: 0.0014 | patience:  28 | lr: 0.05 | Epoch time: 0.1 |

2024-09-09 04:08:57,199 - INFO -
| Epoch:    680 | Train loss: 5.5368e-01 | Valid loss: 5.7580e-01 | Train acc: 0.8186 ± 0.0000 | Valid acc: 0.7874 ± 0.0000 | Valid Power: 0.0014 | Train Power: 0.0014 | patience:   0 | lr: 0.05 | Epoch time: 0.1 |

2024-09-09 04:08:58,470 - INFO -
| Epoch:    690 | Train loss: 5.5357e-01 | Valid loss: 5.7572e-01 | Train acc: 0.8186 ± 0.0000 | Valid acc: 0.7874 ± 0.0000 | Valid Power: 0.0014 | Train Power: 0.0014 | patience:   0 | lr: 0.05 | Epoch time: 0.1 |

2024-09-09 04:08:59,743 - INFO -
| Epoch:    700 | Train loss: 5.5346e-01 | Valid loss: 5.7565e-01 | Train acc: 0.8186 ± 0.0000 | Valid acc: 0.7874 ± 0.0000 | Valid Power: 0.0014 | Train Power: 0.0014 | patience:   0 | lr: 0.05 | Epoch time: 0.1 |

2024-09-09 04:09:01,089 - INFO -
| Epoch:    710 | Train loss: 5.5336e-01 | Valid loss: 5.7555e-01 | Train acc: 0.8186 ± 0.0000 | Valid acc: 0.7874 ± 0.0000 | Valid Power: 0.0014 | Train Power: 0.0014 | patience:   0 | lr: 0.05 | Epoch time: 0.2 |

2024-09-09 04:09:02,359 - INFO -
| Epoch:    720 | Train loss: 5.5326e-01 | Valid loss: 5.7545e-01 | Train acc: 0.8186 ± 0.0000 | Valid acc: 0.7874 ± 0.0000 | Valid Power: 0.0014 | Train Power: 0.0014 | patience:   0 | lr: 0.05 | Epoch time: 0.1 |

2024-09-09 04:09:03,636 - INFO -
| Epoch:    730 | Train loss: 5.5316e-01 | Valid loss: 5.7536e-01 | Train acc: 0.8186 ± 0.0000 | Valid acc: 0.7874 ± 0.0000 | Valid Power: 0.0014 | Train Power: 0.0014 | patience:   0 | lr: 0.05 | Epoch time: 0.1 |

2024-09-09 04:09:04,904 - INFO -
| Epoch:    740 | Train loss: 5.5305e-01 | Valid loss: 5.7526e-01 | Train acc: 0.8186 ± 0.0000 | Valid acc: 0.7874 ± 0.0000 | Valid Power: 0.0014 | Train Power: 0.0014 | patience:   0 | lr: 0.05 | Epoch time: 0.1 |

2024-09-09 04:09:06,173 - INFO -
| Epoch:    750 | Train loss: 5.5295e-01 | Valid loss: 5.7517e-01 | Train acc: 0.8186 ± 0.0000 | Valid acc: 0.7874 ± 0.0000 | Valid Power: 0.0013 | Train Power: 0.0014 | patience:   0 | lr: 0.05 | Epoch time: 0.1 |

2024-09-09 04:09:07,441 - INFO -
| Epoch:    760 | Train loss: 5.5285e-01 | Valid loss: 5.7502e-01 | Train acc: 0.8186 ± 0.0000 | Valid acc: 0.7874 ± 0.0000 | Valid Power: 0.0013 | Train Power: 0.0014 | patience:   1 | lr: 0.05 | Epoch time: 0.1 |

2024-09-09 04:09:08,676 - INFO -
| Epoch:    770 | Train loss: 5.5277e-01 | Valid loss: 5.7526e-01 | Train acc: 0.8186 ± 0.0000 | Valid acc: 0.7874 ± 0.0000 | Valid Power: 0.0015 | Train Power: 0.0015 | patience:  11 | lr: 0.05 | Epoch time: 0.1 |

2024-09-09 04:09:09,923 - INFO -
| Epoch:    780 | Train loss: 5.5275e-01 | Valid loss: 5.7462e-01 | Train acc: 0.8186 ± 0.0000 | Valid acc: 0.7874 ± 0.0000 | Valid Power: 0.0032 | Train Power: 0.0028 | patience:   0 | lr: 0.05 | Epoch time: 0.1 |

2024-09-09 04:09:11,176 - INFO -
| Epoch:    790 | Train loss: 5.5273e-01 | Valid loss: 5.7449e-01 | Train acc: 0.8186 ± 0.0000 | Valid acc: 0.7874 ± 0.0000 | Valid Power: 0.0026 | Train Power: 0.0029 | patience:   3 | lr: 0.05 | Epoch time: 0.1 |

2024-09-09 04:09:12,498 - INFO -
| Epoch:    800 | Train loss: 5.5271e-01 | Valid loss: 5.7469e-01 | Train acc: 0.8186 ± 0.0000 | Valid acc: 0.7874 ± 0.0000 | Valid Power: 0.0022 | Train Power: 0.0023 | patience:  13 | lr: 0.05 | Epoch time: 0.1 |

2024-09-09 04:09:13,725 - INFO -
| Epoch:    810 | Train loss: 5.5269e-01 | Valid loss: 5.7457e-01 | Train acc: 0.8186 ± 0.0000 | Valid acc: 0.7874 ± 0.0000 | Valid Power: 0.0021 | Train Power: 0.0022 | patience:  23 | lr: 0.05 | Epoch time: 0.1 |

2024-09-09 04:09:14,949 - INFO -
| Epoch:    820 | Train loss: 5.5267e-01 | Valid loss: 5.7448e-01 | Train acc: 0.8186 ± 0.0000 | Valid acc: 0.7874 ± 0.0000 | Valid Power: 0.0021 | Train Power: 0.0021 | patience:  33 | lr: 0.05 | Epoch time: 0.1 |

2024-09-09 04:09:16,170 - INFO -
| Epoch:    830 | Train loss: 5.5265e-01 | Valid loss: 5.7449e-01 | Train acc: 0.8186 ± 0.0000 | Valid acc: 0.7874 ± 0.0000 | Valid Power: 0.0021 | Train Power: 0.0021 | patience:  43 | lr: 0.05 | Epoch time: 0.1 |

2024-09-09 04:09:17,405 - INFO -
| Epoch:    840 | Train loss: 5.5264e-01 | Valid loss: 5.7444e-01 | Train acc: 0.8186 ± 0.0000 | Valid acc: 0.7874 ± 0.0000 | Valid Power: 0.0021 | Train Power: 0.0021 | patience:   0 | lr: 0.05 | Epoch time: 0.1 |

2024-09-09 04:09:18,663 - INFO -
| Epoch:    850 | Train loss: 5.5262e-01 | Valid loss: 5.7438e-01 | Train acc: 0.8186 ± 0.0000 | Valid acc: 0.7874 ± 0.0000 | Valid Power: 0.0021 | Train Power: 0.0021 | patience:   0 | lr: 0.05 | Epoch time: 0.1 |

2024-09-09 04:09:19,922 - INFO -
| Epoch:    860 | Train loss: 5.5260e-01 | Valid loss: 5.7434e-01 | Train acc: 0.8186 ± 0.0000 | Valid acc: 0.7874 ± 0.0000 | Valid Power: 0.0021 | Train Power: 0.0022 | patience:   0 | lr: 0.05 | Epoch time: 0.1 |

2024-09-09 04:09:21,181 - INFO -
| Epoch:    870 | Train loss: 5.5258e-01 | Valid loss: 5.7430e-01 | Train acc: 0.8186 ± 0.0000 | Valid acc: 0.7874 ± 0.0000 | Valid Power: 0.0021 | Train Power: 0.0022 | patience:   0 | lr: 0.05 | Epoch time: 0.1 |

2024-09-09 04:09:22,440 - INFO -
| Epoch:    880 | Train loss: 5.5256e-01 | Valid loss: 5.7425e-01 | Train acc: 0.8186 ± 0.0000 | Valid acc: 0.7874 ± 0.0000 | Valid Power: 0.0021 | Train Power: 0.0022 | patience:   0 | lr: 0.05 | Epoch time: 0.1 |

2024-09-09 04:09:23,702 - INFO -
| Epoch:    890 | Train loss: 5.5255e-01 | Valid loss: 5.7421e-01 | Train acc: 0.8186 ± 0.0000 | Valid acc: 0.7874 ± 0.0000 | Valid Power: 0.0021 | Train Power: 0.0022 | patience:   0 | lr: 0.05 | Epoch time: 0.1 |

2024-09-09 04:09:24,959 - INFO -
| Epoch:    900 | Train loss: 5.5253e-01 | Valid loss: 5.7416e-01 | Train acc: 0.8186 ± 0.0000 | Valid acc: 0.7874 ± 0.0000 | Valid Power: 0.0021 | Train Power: 0.0022 | patience:   0 | lr: 0.05 | Epoch time: 0.1 |

2024-09-09 04:09:26,176 - INFO -
| Epoch:    910 | Train loss: 5.5251e-01 | Valid loss: 5.7411e-01 | Train acc: 0.8186 ± 0.0000 | Valid acc: 0.7874 ± 0.0000 | Valid Power: 0.0021 | Train Power: 0.0022 | patience:   0 | lr: 0.05 | Epoch time: 0.1 |

2024-09-09 04:09:27,393 - INFO -
| Epoch:    920 | Train loss: 5.5249e-01 | Valid loss: 5.7407e-01 | Train acc: 0.8186 ± 0.0000 | Valid acc: 0.7874 ± 0.0000 | Valid Power: 0.0021 | Train Power: 0.0022 | patience:   0 | lr: 0.05 | Epoch time: 0.1 |

2024-09-09 04:09:28,612 - INFO -
| Epoch:    930 | Train loss: 5.5247e-01 | Valid loss: 5.7402e-01 | Train acc: 0.8186 ± 0.0000 | Valid acc: 0.7874 ± 0.0000 | Valid Power: 0.0021 | Train Power: 0.0022 | patience:   0 | lr: 0.05 | Epoch time: 0.1 |

2024-09-09 04:09:29,829 - INFO -
| Epoch:    940 | Train loss: 5.5245e-01 | Valid loss: 5.7397e-01 | Train acc: 0.8186 ± 0.0000 | Valid acc: 0.7874 ± 0.0000 | Valid Power: 0.0022 | Train Power: 0.0022 | patience:   0 | lr: 0.05 | Epoch time: 0.1 |

2024-09-09 04:09:31,063 - INFO -
| Epoch:    950 | Train loss: 5.5244e-01 | Valid loss: 5.7393e-01 | Train acc: 0.8186 ± 0.0000 | Valid acc: 0.7874 ± 0.0000 | Valid Power: 0.0022 | Train Power: 0.0022 | patience:   0 | lr: 0.05 | Epoch time: 0.1 |

2024-09-09 04:09:32,291 - INFO -
| Epoch:    960 | Train loss: 5.5242e-01 | Valid loss: 5.7388e-01 | Train acc: 0.8186 ± 0.0000 | Valid acc: 0.7874 ± 0.0000 | Valid Power: 0.0022 | Train Power: 0.0022 | patience:   0 | lr: 0.05 | Epoch time: 0.1 |

2024-09-09 04:09:33,496 - INFO -
| Epoch:    970 | Train loss: 5.5240e-01 | Valid loss: 5.7380e-01 | Train acc: 0.8186 ± 0.0000 | Valid acc: 0.7874 ± 0.0000 | Valid Power: 0.0022 | Train Power: 0.0022 | patience:   0 | lr: 0.05 | Epoch time: 0.1 |

2024-09-09 04:09:34,785 - INFO -
| Epoch:    980 | Train loss: 5.5238e-01 | Valid loss: 5.7376e-01 | Train acc: 0.8186 ± 0.0000 | Valid acc: 0.7874 ± 0.0000 | Valid Power: 0.0022 | Train Power: 0.0022 | patience:   3 | lr: 0.05 | Epoch time: 0.1 |

2024-09-09 04:09:35,965 - INFO -
| Epoch:    990 | Train loss: 5.5236e-01 | Valid loss: 5.7374e-01 | Train acc: 0.8186 ± 0.0000 | Valid acc: 0.7874 ± 0.0000 | Valid Power: 0.0022 | Train Power: 0.0022 | patience:  13 | lr: 0.05 | Epoch time: 0.1 |

2024-09-09 04:09:37,152 - INFO -
| Epoch:   1000 | Train loss: 5.5234e-01 | Valid loss: 5.7366e-01 | Train acc: 0.8186 ± 0.0000 | Valid acc: 0.7874 ± 0.0000 | Valid Power: 0.0022 | Train Power: 0.0022 | patience:   0 | lr: 0.05 | Epoch time: 0.1 |

2024-09-09 04:09:38,335 - INFO -
| Epoch:   1010 | Train loss: 5.5232e-01 | Valid loss: 5.7362e-01 | Train acc: 0.8186 ± 0.0000 | Valid acc: 0.7874 ± 0.0000 | Valid Power: 0.0022 | Train Power: 0.0022 | patience:   0 | lr: 0.05 | Epoch time: 0.1 |

2024-09-09 04:09:39,520 - INFO -
| Epoch:   1020 | Train loss: 5.5230e-01 | Valid loss: 5.7357e-01 | Train acc: 0.8186 ± 0.0000 | Valid acc: 0.7874 ± 0.0000 | Valid Power: 0.0022 | Train Power: 0.0022 | patience:   0 | lr: 0.05 | Epoch time: 0.1 |

2024-09-09 04:09:40,704 - INFO -
| Epoch:   1030 | Train loss: 5.5228e-01 | Valid loss: 5.7351e-01 | Train acc: 0.8186 ± 0.0000 | Valid acc: 0.7874 ± 0.0000 | Valid Power: 0.0022 | Train Power: 0.0022 | patience:   0 | lr: 0.05 | Epoch time: 0.1 |

2024-09-09 04:09:41,883 - INFO -
| Epoch:   1040 | Train loss: 5.5226e-01 | Valid loss: 5.7345e-01 | Train acc: 0.8186 ± 0.0000 | Valid acc: 0.7874 ± 0.0000 | Valid Power: 0.0022 | Train Power: 0.0023 | patience:   0 | lr: 0.05 | Epoch time: 0.1 |

2024-09-09 04:09:43,046 - INFO -
| Epoch:   1050 | Train loss: 5.5223e-01 | Valid loss: 5.7340e-01 | Train acc: 0.8186 ± 0.0000 | Valid acc: 0.7874 ± 0.0000 | Valid Power: 0.0022 | Train Power: 0.0023 | patience:   0 | lr: 0.05 | Epoch time: 0.1 |

2024-09-09 04:09:44,178 - INFO -
| Epoch:   1060 | Train loss: 5.5221e-01 | Valid loss: 5.7334e-01 | Train acc: 0.8186 ± 0.0000 | Valid acc: 0.7874 ± 0.0000 | Valid Power: 0.0022 | Train Power: 0.0023 | patience:   0 | lr: 0.05 | Epoch time: 0.1 |

2024-09-09 04:09:45,357 - INFO -
| Epoch:   1070 | Train loss: 5.5219e-01 | Valid loss: 5.7328e-01 | Train acc: 0.8186 ± 0.0000 | Valid acc: 0.7874 ± 0.0000 | Valid Power: 0.0022 | Train Power: 0.0023 | patience:   0 | lr: 0.05 | Epoch time: 0.1 |

2024-09-09 04:09:46,460 - INFO -
| Epoch:   1080 | Train loss: 5.5217e-01 | Valid loss: 5.7322e-01 | Train acc: 0.8186 ± 0.0000 | Valid acc: 0.7874 ± 0.0000 | Valid Power: 0.0022 | Train Power: 0.0023 | patience:   0 | lr: 0.05 | Epoch time: 0.1 |

2024-09-09 04:09:47,575 - INFO -
| Epoch:   1090 | Train loss: 5.5214e-01 | Valid loss: 5.7316e-01 | Train acc: 0.8186 ± 0.0000 | Valid acc: 0.7874 ± 0.0000 | Valid Power: 0.0022 | Train Power: 0.0023 | patience:   0 | lr: 0.05 | Epoch time: 0.1 |

2024-09-09 04:09:48,644 - INFO -
| Epoch:   1100 | Train loss: 5.5214e-01 | Valid loss: 5.7342e-01 | Train acc: 0.8186 ± 0.0000 | Valid acc: 0.7874 ± 0.0000 | Valid Power: 0.0022 | Train Power: 0.0023 | patience:   9 | lr: 0.05 | Epoch time: 0.1 |

2024-09-09 04:09:49,716 - INFO -
| Epoch:   1110 | Train loss: 5.5214e-01 | Valid loss: 5.7321e-01 | Train acc: 0.8186 ± 0.0000 | Valid acc: 0.7874 ± 0.0000 | Valid Power: 0.0022 | Train Power: 0.0023 | patience:   5 | lr: 0.05 | Epoch time: 0.1 |

2024-09-09 04:09:50,784 - INFO -
| Epoch:   1120 | Train loss: 5.5214e-01 | Valid loss: 5.7328e-01 | Train acc: 0.8186 ± 0.0000 | Valid acc: 0.7874 ± 0.0000 | Valid Power: 0.0022 | Train Power: 0.0023 | patience:  15 | lr: 0.05 | Epoch time: 0.1 |

2024-09-09 04:09:51,920 - INFO -
| Epoch:   1130 | Train loss: 5.5214e-01 | Valid loss: 5.7326e-01 | Train acc: 0.8186 ± 0.0000 | Valid acc: 0.7874 ± 0.0000 | Valid Power: 0.0022 | Train Power: 0.0023 | patience:  25 | lr: 0.05 | Epoch time: 0.1 |

2024-09-09 04:09:52,997 - INFO -
| Epoch:   1140 | Train loss: 5.5214e-01 | Valid loss: 5.7325e-01 | Train acc: 0.8186 ± 0.0000 | Valid acc: 0.7874 ± 0.0000 | Valid Power: 0.0022 | Train Power: 0.0023 | patience:  35 | lr: 0.05 | Epoch time: 0.1 |

2024-09-09 04:09:54,065 - INFO -
| Epoch:   1150 | Train loss: 5.5214e-01 | Valid loss: 5.7335e-01 | Train acc: 0.8186 ± 0.0000 | Valid acc: 0.7874 ± 0.0000 | Valid Power: 0.0023 | Train Power: 0.0023 | patience:  45 | lr: 0.05 | Epoch time: 0.1 |

2024-09-09 04:09:55,145 - INFO -
| Epoch:   1160 | Train loss: 5.5214e-01 | Valid loss: 5.7318e-01 | Train acc: 0.8186 ± 0.0000 | Valid acc: 0.7874 ± 0.0000 | Valid Power: 0.0041 | Train Power: 0.0052 | patience:  55 | lr: 0.05 | Epoch time: 0.1 |

2024-09-09 04:09:56,194 - INFO -
| Epoch:   1170 | Train loss: 5.5214e-01 | Valid loss: 5.7328e-01 | Train acc: 0.8186 ± 0.0000 | Valid acc: 0.7874 ± 0.0000 | Valid Power: 0.0025 | Train Power: 0.0026 | patience:  65 | lr: 0.05 | Epoch time: 0.1 |

2024-09-09 04:09:57,237 - INFO -
| Epoch:   1180 | Train loss: 5.5214e-01 | Valid loss: 5.7325e-01 | Train acc: 0.8186 ± 0.0000 | Valid acc: 0.7874 ± 0.0000 | Valid Power: 0.0023 | Train Power: 0.0024 | patience:  75 | lr: 0.05 | Epoch time: 0.1 |

2024-09-09 04:09:58,277 - INFO -
| Epoch:   1190 | Train loss: 5.5214e-01 | Valid loss: 5.7324e-01 | Train acc: 0.8186 ± 0.0000 | Valid acc: 0.7874 ± 0.0000 | Valid Power: 0.0022 | Train Power: 0.0023 | patience:  85 | lr: 0.05 | Epoch time: 0.1 |

2024-09-09 04:09:59,319 - INFO -
| Epoch:   1200 | Train loss: 5.5214e-01 | Valid loss: 5.7326e-01 | Train acc: 0.8186 ± 0.0000 | Valid acc: 0.7874 ± 0.0000 | Valid Power: 0.0022 | Train Power: 0.0023 | patience:  95 | lr: 0.05 | Epoch time: 0.1 |

2024-09-09 04:09:59,947 - INFO -
load best network to warm start training with lower lr.

2024-09-09 04:09:59,947 - INFO -
lr update to 0.025.

2024-09-09 04:10:00,364 - INFO -
| Epoch:   1210 | Train loss: 5.5256e-01 | Valid loss: 5.7499e-01 | Train acc: 0.8186 ± 0.0000 | Valid acc: 0.7874 ± 0.0000 | Valid Power: 0.0022 | Train Power: 0.0027 | patience:   4 | lr: 0.025 | Epoch time: 0.1 |

2024-09-09 04:10:01,483 - INFO -
| Epoch:   1220 | Train loss: 5.5224e-01 | Valid loss: 5.7411e-01 | Train acc: 0.8186 ± 0.0000 | Valid acc: 0.7874 ± 0.0000 | Valid Power: 0.0022 | Train Power: 0.0022 | patience:  14 | lr: 0.025 | Epoch time: 0.1 |

2024-09-09 04:10:02,529 - INFO -
| Epoch:   1230 | Train loss: 5.5216e-01 | Valid loss: 5.7327e-01 | Train acc: 0.8186 ± 0.0000 | Valid acc: 0.7874 ± 0.0000 | Valid Power: 0.0021 | Train Power: 0.0022 | patience:  24 | lr: 0.025 | Epoch time: 0.1 |

2024-09-09 04:10:03,587 - INFO -
| Epoch:   1240 | Train loss: 5.5213e-01 | Valid loss: 5.7287e-01 | Train acc: 0.8186 ± 0.0000 | Valid acc: 0.7874 ± 0.0000 | Valid Power: 0.0021 | Train Power: 0.0022 | patience:   0 | lr: 0.025 | Epoch time: 0.1 |

2024-09-09 04:10:04,629 - INFO -
| Epoch:   1250 | Train loss: 5.5214e-01 | Valid loss: 5.7298e-01 | Train acc: 0.8186 ± 0.0000 | Valid acc: 0.7874 ± 0.0000 | Valid Power: 0.0027 | Train Power: 0.0023 | patience:  10 | lr: 0.025 | Epoch time: 0.1 |

2024-09-09 04:10:05,672 - INFO -
| Epoch:   1260 | Train loss: 5.5214e-01 | Valid loss: 5.7311e-01 | Train acc: 0.8186 ± 0.0000 | Valid acc: 0.7874 ± 0.0000 | Valid Power: 0.0021 | Train Power: 0.0021 | patience:  20 | lr: 0.025 | Epoch time: 0.1 |

2024-09-09 04:10:06,715 - INFO -
| Epoch:   1270 | Train loss: 5.5213e-01 | Valid loss: 5.7324e-01 | Train acc: 0.8186 ± 0.0000 | Valid acc: 0.7874 ± 0.0000 | Valid Power: 0.0021 | Train Power: 0.0021 | patience:  30 | lr: 0.025 | Epoch time: 0.1 |

2024-09-09 04:10:07,752 - INFO -
| Epoch:   1280 | Train loss: 5.5213e-01 | Valid loss: 5.7330e-01 | Train acc: 0.8186 ± 0.0000 | Valid acc: 0.7874 ± 0.0000 | Valid Power: 0.0021 | Train Power: 0.0021 | patience:  40 | lr: 0.025 | Epoch time: 0.1 |

2024-09-09 04:10:08,785 - INFO -
| Epoch:   1290 | Train loss: 5.5213e-01 | Valid loss: 5.7328e-01 | Train acc: 0.8186 ± 0.0000 | Valid acc: 0.7874 ± 0.0000 | Valid Power: 0.0021 | Train Power: 0.0021 | patience:  50 | lr: 0.025 | Epoch time: 0.1 |

2024-09-09 04:10:09,817 - INFO -
| Epoch:   1300 | Train loss: 5.5213e-01 | Valid loss: 5.7323e-01 | Train acc: 0.8186 ± 0.0000 | Valid acc: 0.7874 ± 0.0000 | Valid Power: 0.0020 | Train Power: 0.0021 | patience:  60 | lr: 0.025 | Epoch time: 0.1 |

2024-09-09 04:10:10,852 - INFO -
| Epoch:   1310 | Train loss: 5.5213e-01 | Valid loss: 5.7323e-01 | Train acc: 0.8186 ± 0.0000 | Valid acc: 0.7874 ± 0.0000 | Valid Power: 0.0020 | Train Power: 0.0021 | patience:  70 | lr: 0.025 | Epoch time: 0.1 |

2024-09-09 04:10:11,882 - INFO -
| Epoch:   1320 | Train loss: 5.5213e-01 | Valid loss: 5.7325e-01 | Train acc: 0.8186 ± 0.0000 | Valid acc: 0.7874 ± 0.0000 | Valid Power: 0.0021 | Train Power: 0.0038 | patience:  80 | lr: 0.025 | Epoch time: 0.1 |

2024-09-09 04:10:12,915 - INFO -
| Epoch:   1330 | Train loss: 5.5213e-01 | Valid loss: 5.7325e-01 | Train acc: 0.8186 ± 0.0000 | Valid acc: 0.7874 ± 0.0000 | Valid Power: 0.0020 | Train Power: 0.0021 | patience:  90 | lr: 0.025 | Epoch time: 0.1 |

2024-09-09 04:10:13,946 - INFO -
| Epoch:   1340 | Train loss: 5.5213e-01 | Valid loss: 5.7325e-01 | Train acc: 0.8186 ± 0.0000 | Valid acc: 0.7874 ± 0.0000 | Valid Power: 0.0024 | Train Power: 0.0205 | patience: 100 | lr: 0.025 | Epoch time: 0.1 |

2024-09-09 04:10:14,052 - INFO -
load best network to warm start training with lower lr.

2024-09-09 04:10:14,052 - INFO -
lr update to 0.0125.

2024-09-09 04:10:14,985 - INFO -
| Epoch:   1350 | Train loss: 5.5217e-01 | Valid loss: 5.7362e-01 | Train acc: 0.8186 ± 0.0000 | Valid acc: 0.7874 ± 0.0000 | Valid Power: 0.0021 | Train Power: 0.0021 | patience:   9 | lr: 0.0125 | Epoch time: 0.1 |

2024-09-09 04:10:16,012 - INFO -
| Epoch:   1360 | Train loss: 5.5214e-01 | Valid loss: 5.7353e-01 | Train acc: 0.8186 ± 0.0000 | Valid acc: 0.7874 ± 0.0000 | Valid Power: 0.0021 | Train Power: 0.0021 | patience:  19 | lr: 0.0125 | Epoch time: 0.1 |

2024-09-09 04:10:17,036 - INFO -
| Epoch:   1370 | Train loss: 5.5213e-01 | Valid loss: 5.7343e-01 | Train acc: 0.8186 ± 0.0000 | Valid acc: 0.7874 ± 0.0000 | Valid Power: 0.0020 | Train Power: 0.0022 | patience:  29 | lr: 0.0125 | Epoch time: 0.1 |

2024-09-09 04:10:18,061 - INFO -
| Epoch:   1380 | Train loss: 5.5213e-01 | Valid loss: 5.7334e-01 | Train acc: 0.8186 ± 0.0000 | Valid acc: 0.7874 ± 0.0000 | Valid Power: 0.0020 | Train Power: 0.0021 | patience:  39 | lr: 0.0125 | Epoch time: 0.1 |

2024-09-09 04:10:19,087 - INFO -
| Epoch:   1390 | Train loss: 5.5213e-01 | Valid loss: 5.7326e-01 | Train acc: 0.8186 ± 0.0000 | Valid acc: 0.7874 ± 0.0000 | Valid Power: 0.0020 | Train Power: 0.0021 | patience:  49 | lr: 0.0125 | Epoch time: 0.1 |

2024-09-09 04:10:20,199 - INFO -
| Epoch:   1400 | Train loss: 5.5213e-01 | Valid loss: 5.7323e-01 | Train acc: 0.8186 ± 0.0000 | Valid acc: 0.7874 ± 0.0000 | Valid Power: 0.0020 | Train Power: 0.0021 | patience:  59 | lr: 0.0125 | Epoch time: 0.1 |

2024-09-09 04:10:21,226 - INFO -
| Epoch:   1410 | Train loss: 5.5213e-01 | Valid loss: 5.7322e-01 | Train acc: 0.8186 ± 0.0000 | Valid acc: 0.7874 ± 0.0000 | Valid Power: 0.0020 | Train Power: 0.0020 | patience:  69 | lr: 0.0125 | Epoch time: 0.1 |

2024-09-09 04:10:22,253 - INFO -
| Epoch:   1420 | Train loss: 5.5213e-01 | Valid loss: 5.7325e-01 | Train acc: 0.8186 ± 0.0000 | Valid acc: 0.7874 ± 0.0000 | Valid Power: 0.0020 | Train Power: 0.0020 | patience:  79 | lr: 0.0125 | Epoch time: 0.1 |

2024-09-09 04:10:23,289 - INFO -
| Epoch:   1430 | Train loss: 5.5213e-01 | Valid loss: 5.7325e-01 | Train acc: 0.8186 ± 0.0000 | Valid acc: 0.7874 ± 0.0000 | Valid Power: 0.0020 | Train Power: 0.0020 | patience:  89 | lr: 0.0125 | Epoch time: 0.1 |

2024-09-09 04:10:24,315 - INFO -
| Epoch:   1440 | Train loss: 5.5213e-01 | Valid loss: 5.7324e-01 | Train acc: 0.8186 ± 0.0000 | Valid acc: 0.7874 ± 0.0000 | Valid Power: 0.0023 | Train Power: 0.0022 | patience:  99 | lr: 0.0125 | Epoch time: 0.1 |

2024-09-09 04:10:24,524 - INFO -
load best network to warm start training with lower lr.

2024-09-09 04:10:24,524 - INFO -
lr update to 0.00625.

2024-09-09 04:10:25,344 - INFO -
| Epoch:   1450 | Train loss: 5.5216e-01 | Valid loss: 5.7320e-01 | Train acc: 0.8186 ± 0.0000 | Valid acc: 0.7874 ± 0.0000 | Valid Power: 0.0021 | Train Power: 0.0022 | patience:   8 | lr: 0.00625 | Epoch time: 0.1 |

2024-09-09 04:10:26,371 - INFO -
| Epoch:   1460 | Train loss: 5.5213e-01 | Valid loss: 5.7322e-01 | Train acc: 0.8186 ± 0.0000 | Valid acc: 0.7874 ± 0.0000 | Valid Power: 0.0027 | Train Power: 0.0024 | patience:  18 | lr: 0.00625 | Epoch time: 0.1 |

2024-09-09 04:10:27,396 - INFO -
| Epoch:   1470 | Train loss: 5.5213e-01 | Valid loss: 5.7326e-01 | Train acc: 0.8186 ± 0.0000 | Valid acc: 0.7874 ± 0.0000 | Valid Power: 0.0021 | Train Power: 0.0021 | patience:  28 | lr: 0.00625 | Epoch time: 0.1 |

2024-09-09 04:10:28,420 - INFO -
| Epoch:   1480 | Train loss: 5.5213e-01 | Valid loss: 5.7326e-01 | Train acc: 0.8186 ± 0.0000 | Valid acc: 0.7874 ± 0.0000 | Valid Power: 0.0021 | Train Power: 0.0021 | patience:  38 | lr: 0.00625 | Epoch time: 0.1 |

2024-09-09 04:10:29,443 - INFO -
| Epoch:   1490 | Train loss: 5.5213e-01 | Valid loss: 5.7325e-01 | Train acc: 0.8186 ± 0.0000 | Valid acc: 0.7874 ± 0.0000 | Valid Power: 0.0021 | Train Power: 0.0021 | patience:  48 | lr: 0.00625 | Epoch time: 0.1 |

2024-09-09 04:10:30,468 - INFO -
| Epoch:   1500 | Train loss: 5.5213e-01 | Valid loss: 5.7320e-01 | Train acc: 0.8186 ± 0.0000 | Valid acc: 0.7874 ± 0.0000 | Valid Power: 0.0020 | Train Power: 0.0021 | patience:  58 | lr: 0.00625 | Epoch time: 0.1 |

2024-09-09 04:10:31,498 - INFO -
| Epoch:   1510 | Train loss: 5.5213e-01 | Valid loss: 5.7324e-01 | Train acc: 0.8186 ± 0.0000 | Valid acc: 0.7874 ± 0.0000 | Valid Power: 0.0022 | Train Power: 0.0022 | patience:  68 | lr: 0.00625 | Epoch time: 0.1 |

2024-09-09 04:10:32,521 - INFO -
| Epoch:   1520 | Train loss: 5.5213e-01 | Valid loss: 5.7326e-01 | Train acc: 0.8186 ± 0.0000 | Valid acc: 0.7874 ± 0.0000 | Valid Power: 0.0022 | Train Power: 0.0023 | patience:  78 | lr: 0.00625 | Epoch time: 0.1 |

2024-09-09 04:10:33,543 - INFO -
| Epoch:   1530 | Train loss: 5.5213e-01 | Valid loss: 5.7324e-01 | Train acc: 0.8186 ± 0.0000 | Valid acc: 0.7874 ± 0.0000 | Valid Power: 0.0021 | Train Power: 0.0022 | patience:  88 | lr: 0.00625 | Epoch time: 0.1 |

2024-09-09 04:10:34,659 - INFO -
| Epoch:   1540 | Train loss: 5.5213e-01 | Valid loss: 5.7324e-01 | Train acc: 0.8186 ± 0.0000 | Valid acc: 0.7874 ± 0.0000 | Valid Power: 0.0021 | Train Power: 0.0022 | patience:  98 | lr: 0.00625 | Epoch time: 0.2 |

2024-09-09 04:10:34,969 - INFO -
load best network to warm start training with lower lr.

2024-09-09 04:10:34,969 - INFO -
lr update to 0.003125.

2024-09-09 04:10:35,686 - INFO -
| Epoch:   1550 | Train loss: 5.5213e-01 | Valid loss: 5.7312e-01 | Train acc: 0.8186 ± 0.0000 | Valid acc: 0.7874 ± 0.0000 | Valid Power: 0.0026 | Train Power: 0.0025 | patience:   7 | lr: 0.003125 | Epoch time: 0.1 |

2024-09-09 04:10:36,711 - INFO -
| Epoch:   1560 | Train loss: 5.5214e-01 | Valid loss: 5.7327e-01 | Train acc: 0.8186 ± 0.0000 | Valid acc: 0.7874 ± 0.0000 | Valid Power: 0.0021 | Train Power: 0.0022 | patience:  17 | lr: 0.003125 | Epoch time: 0.1 |

2024-09-09 04:10:37,735 - INFO -
| Epoch:   1570 | Train loss: 5.5213e-01 | Valid loss: 5.7325e-01 | Train acc: 0.8186 ± 0.0000 | Valid acc: 0.7874 ± 0.0000 | Valid Power: 0.0021 | Train Power: 0.0021 | patience:  27 | lr: 0.003125 | Epoch time: 0.1 |

2024-09-09 04:10:38,760 - INFO -
| Epoch:   1580 | Train loss: 5.5213e-01 | Valid loss: 5.7323e-01 | Train acc: 0.8186 ± 0.0000 | Valid acc: 0.7874 ± 0.0000 | Valid Power: 0.0021 | Train Power: 0.0021 | patience:  37 | lr: 0.003125 | Epoch time: 0.1 |

2024-09-09 04:10:39,783 - INFO -
| Epoch:   1590 | Train loss: 5.5213e-01 | Valid loss: 5.7324e-01 | Train acc: 0.8186 ± 0.0000 | Valid acc: 0.7874 ± 0.0000 | Valid Power: 0.0021 | Train Power: 0.0021 | patience:  47 | lr: 0.003125 | Epoch time: 0.1 |

2024-09-09 04:10:40,806 - INFO -
| Epoch:   1600 | Train loss: 5.5213e-01 | Valid loss: 5.7325e-01 | Train acc: 0.8186 ± 0.0000 | Valid acc: 0.7874 ± 0.0000 | Valid Power: 0.0021 | Train Power: 0.0021 | patience:  57 | lr: 0.003125 | Epoch time: 0.1 |

2024-09-09 04:10:41,829 - INFO -
| Epoch:   1610 | Train loss: 5.5213e-01 | Valid loss: 5.7325e-01 | Train acc: 0.8186 ± 0.0000 | Valid acc: 0.7874 ± 0.0000 | Valid Power: 0.0021 | Train Power: 0.0021 | patience:  67 | lr: 0.003125 | Epoch time: 0.1 |

2024-09-09 04:10:42,861 - INFO -
| Epoch:   1620 | Train loss: 5.5213e-01 | Valid loss: 5.7325e-01 | Train acc: 0.8186 ± 0.0000 | Valid acc: 0.7874 ± 0.0000 | Valid Power: 0.0021 | Train Power: 0.0021 | patience:  77 | lr: 0.003125 | Epoch time: 0.1 |

2024-09-09 04:10:43,863 - INFO -
| Epoch:   1630 | Train loss: 5.5213e-01 | Valid loss: 5.7324e-01 | Train acc: 0.8186 ± 0.0000 | Valid acc: 0.7874 ± 0.0000 | Valid Power: 0.0021 | Train Power: 0.0021 | patience:  87 | lr: 0.003125 | Epoch time: 0.1 |

2024-09-09 04:10:44,774 - INFO -
| Epoch:   1640 | Train loss: 5.5213e-01 | Valid loss: 5.7324e-01 | Train acc: 0.8186 ± 0.0000 | Valid acc: 0.7874 ± 0.0000 | Valid Power: 0.0021 | Train Power: 0.0021 | patience:  97 | lr: 0.003125 | Epoch time: 0.1 |

2024-09-09 04:10:45,140 - INFO -
load best network to warm start training with lower lr.

2024-09-09 04:10:45,141 - INFO -
lr update to 0.0015625.

2024-09-09 04:10:45,685 - INFO -
| Epoch:   1650 | Train loss: 5.5214e-01 | Valid loss: 5.7326e-01 | Train acc: 0.8186 ± 0.0000 | Valid acc: 0.7874 ± 0.0000 | Valid Power: 0.0021 | Train Power: 0.0022 | patience:   6 | lr: 0.0015625 | Epoch time: 0.1 |

2024-09-09 04:10:46,589 - INFO -
| Epoch:   1660 | Train loss: 5.5214e-01 | Valid loss: 5.7310e-01 | Train acc: 0.8186 ± 0.0000 | Valid acc: 0.7874 ± 0.0000 | Valid Power: 0.0021 | Train Power: 0.0022 | patience:  16 | lr: 0.0015625 | Epoch time: 0.1 |

2024-09-09 04:10:47,492 - INFO -
| Epoch:   1670 | Train loss: 5.5213e-01 | Valid loss: 5.7322e-01 | Train acc: 0.8186 ± 0.0000 | Valid acc: 0.7874 ± 0.0000 | Valid Power: 0.0021 | Train Power: 0.0022 | patience:  26 | lr: 0.0015625 | Epoch time: 0.1 |

2024-09-09 04:10:48,393 - INFO -
| Epoch:   1680 | Train loss: 5.5213e-01 | Valid loss: 5.7320e-01 | Train acc: 0.8186 ± 0.0000 | Valid acc: 0.7874 ± 0.0000 | Valid Power: 0.0022 | Train Power: 0.0022 | patience:  36 | lr: 0.0015625 | Epoch time: 0.1 |

2024-09-09 04:10:49,298 - INFO -
| Epoch:   1690 | Train loss: 5.5213e-01 | Valid loss: 5.7323e-01 | Train acc: 0.8186 ± 0.0000 | Valid acc: 0.7874 ± 0.0000 | Valid Power: 0.0022 | Train Power: 0.0022 | patience:  46 | lr: 0.0015625 | Epoch time: 0.1 |

2024-09-09 04:10:50,200 - INFO -
| Epoch:   1700 | Train loss: 5.5213e-01 | Valid loss: 5.7325e-01 | Train acc: 0.8186 ± 0.0000 | Valid acc: 0.7874 ± 0.0000 | Valid Power: 0.0022 | Train Power: 0.0022 | patience:  56 | lr: 0.0015625 | Epoch time: 0.1 |

2024-09-09 04:10:51,104 - INFO -
| Epoch:   1710 | Train loss: 5.5213e-01 | Valid loss: 5.7324e-01 | Train acc: 0.8186 ± 0.0000 | Valid acc: 0.7874 ± 0.0000 | Valid Power: 0.0022 | Train Power: 0.0022 | patience:  66 | lr: 0.0015625 | Epoch time: 0.1 |

2024-09-09 04:10:52,006 - INFO -
| Epoch:   1720 | Train loss: 5.5213e-01 | Valid loss: 5.7325e-01 | Train acc: 0.8186 ± 0.0000 | Valid acc: 0.7874 ± 0.0000 | Valid Power: 0.0022 | Train Power: 0.0022 | patience:  76 | lr: 0.0015625 | Epoch time: 0.1 |

2024-09-09 04:10:52,915 - INFO -
| Epoch:   1730 | Train loss: 5.5213e-01 | Valid loss: 5.7325e-01 | Train acc: 0.8186 ± 0.0000 | Valid acc: 0.7874 ± 0.0000 | Valid Power: 0.0022 | Train Power: 0.0022 | patience:  86 | lr: 0.0015625 | Epoch time: 0.1 |

2024-09-09 04:10:53,817 - INFO -
| Epoch:   1740 | Train loss: 5.5213e-01 | Valid loss: 5.7325e-01 | Train acc: 0.8186 ± 0.0000 | Valid acc: 0.7874 ± 0.0000 | Valid Power: 0.0022 | Train Power: 0.0022 | patience:  96 | lr: 0.0015625 | Epoch time: 0.1 |

2024-09-09 04:10:54,275 - INFO -
load best network to warm start training with lower lr.

2024-09-09 04:10:54,275 - INFO -
lr update to 0.00078125.

2024-09-09 04:10:54,728 - INFO -
| Epoch:   1750 | Train loss: 5.5213e-01 | Valid loss: 5.7313e-01 | Train acc: 0.8186 ± 0.0000 | Valid acc: 0.7874 ± 0.0000 | Valid Power: 0.0021 | Train Power: 0.0022 | patience:   5 | lr: 0.00078125 | Epoch time: 0.1 |

2024-09-09 04:10:55,635 - INFO -
| Epoch:   1760 | Train loss: 5.5213e-01 | Valid loss: 5.7318e-01 | Train acc: 0.8186 ± 0.0000 | Valid acc: 0.7874 ± 0.0000 | Valid Power: 0.0021 | Train Power: 0.0022 | patience:  15 | lr: 0.00078125 | Epoch time: 0.1 |

2024-09-09 04:10:56,540 - INFO -
| Epoch:   1770 | Train loss: 5.5213e-01 | Valid loss: 5.7311e-01 | Train acc: 0.8186 ± 0.0000 | Valid acc: 0.7874 ± 0.0000 | Valid Power: 0.0021 | Train Power: 0.0022 | patience:  25 | lr: 0.00078125 | Epoch time: 0.1 |

2024-09-09 04:10:57,441 - INFO -
| Epoch:   1780 | Train loss: 5.5213e-01 | Valid loss: 5.7319e-01 | Train acc: 0.8186 ± 0.0000 | Valid acc: 0.7874 ± 0.0000 | Valid Power: 0.0021 | Train Power: 0.0022 | patience:  35 | lr: 0.00078125 | Epoch time: 0.1 |

2024-09-09 04:10:58,344 - INFO -
| Epoch:   1790 | Train loss: 5.5213e-01 | Valid loss: 5.7318e-01 | Train acc: 0.8186 ± 0.0000 | Valid acc: 0.7874 ± 0.0000 | Valid Power: 0.0021 | Train Power: 0.0022 | patience:  45 | lr: 0.00078125 | Epoch time: 0.1 |

2024-09-09 04:10:59,247 - INFO -
| Epoch:   1800 | Train loss: 5.5213e-01 | Valid loss: 5.7320e-01 | Train acc: 0.8186 ± 0.0000 | Valid acc: 0.7874 ± 0.0000 | Valid Power: 0.0021 | Train Power: 0.0022 | patience:  55 | lr: 0.00078125 | Epoch time: 0.1 |

2024-09-09 04:11:00,218 - INFO -
| Epoch:   1810 | Train loss: 5.5213e-01 | Valid loss: 5.7321e-01 | Train acc: 0.8186 ± 0.0000 | Valid acc: 0.7874 ± 0.0000 | Valid Power: 0.0021 | Train Power: 0.0022 | patience:  65 | lr: 0.00078125 | Epoch time: 0.1 |

2024-09-09 04:11:01,138 - INFO -
| Epoch:   1820 | Train loss: 5.5213e-01 | Valid loss: 5.7322e-01 | Train acc: 0.8186 ± 0.0000 | Valid acc: 0.7874 ± 0.0000 | Valid Power: 0.0021 | Train Power: 0.0022 | patience:  75 | lr: 0.00078125 | Epoch time: 0.1 |

2024-09-09 04:11:02,049 - INFO -
| Epoch:   1830 | Train loss: 5.5213e-01 | Valid loss: 5.7323e-01 | Train acc: 0.8186 ± 0.0000 | Valid acc: 0.7874 ± 0.0000 | Valid Power: 0.0021 | Train Power: 0.0022 | patience:  85 | lr: 0.00078125 | Epoch time: 0.1 |

2024-09-09 04:11:02,952 - INFO -
| Epoch:   1840 | Train loss: 5.5213e-01 | Valid loss: 5.7323e-01 | Train acc: 0.8186 ± 0.0000 | Valid acc: 0.7874 ± 0.0000 | Valid Power: 0.0021 | Train Power: 0.0022 | patience:  95 | lr: 0.00078125 | Epoch time: 0.1 |

2024-09-09 04:11:03,495 - INFO -
load best network to warm start training with lower lr.

2024-09-09 04:11:03,496 - INFO -
lr update to 0.000390625.

2024-09-09 04:11:03,863 - INFO -
| Epoch:   1850 | Train loss: 5.5215e-01 | Valid loss: 5.7303e-01 | Train acc: 0.8186 ± 0.0000 | Valid acc: 0.7874 ± 0.0000 | Valid Power: 0.0021 | Train Power: 0.0022 | patience:   4 | lr: 0.000390625 | Epoch time: 0.1 |

2024-09-09 04:11:04,767 - INFO -
| Epoch:   1860 | Train loss: 5.5213e-01 | Valid loss: 5.7317e-01 | Train acc: 0.8186 ± 0.0000 | Valid acc: 0.7874 ± 0.0000 | Valid Power: 0.0021 | Train Power: 0.0022 | patience:  14 | lr: 0.000390625 | Epoch time: 0.1 |

2024-09-09 04:11:05,668 - INFO -
| Epoch:   1870 | Train loss: 5.5213e-01 | Valid loss: 5.7317e-01 | Train acc: 0.8186 ± 0.0000 | Valid acc: 0.7874 ± 0.0000 | Valid Power: 0.0021 | Train Power: 0.0022 | patience:  24 | lr: 0.000390625 | Epoch time: 0.1 |

2024-09-09 04:11:06,569 - INFO -
| Epoch:   1880 | Train loss: 5.5213e-01 | Valid loss: 5.7313e-01 | Train acc: 0.8186 ± 0.0000 | Valid acc: 0.7874 ± 0.0000 | Valid Power: 0.0021 | Train Power: 0.0022 | patience:  34 | lr: 0.000390625 | Epoch time: 0.1 |

2024-09-09 04:11:07,470 - INFO -
| Epoch:   1890 | Train loss: 5.5213e-01 | Valid loss: 5.7314e-01 | Train acc: 0.8186 ± 0.0000 | Valid acc: 0.7874 ± 0.0000 | Valid Power: 0.0021 | Train Power: 0.0022 | patience:  44 | lr: 0.000390625 | Epoch time: 0.1 |

2024-09-09 04:11:08,370 - INFO -
| Epoch:   1900 | Train loss: 5.5213e-01 | Valid loss: 5.7316e-01 | Train acc: 0.8186 ± 0.0000 | Valid acc: 0.7874 ± 0.0000 | Valid Power: 0.0021 | Train Power: 0.0022 | patience:  54 | lr: 0.000390625 | Epoch time: 0.1 |

2024-09-09 04:11:09,280 - INFO -
| Epoch:   1910 | Train loss: 5.5213e-01 | Valid loss: 5.7317e-01 | Train acc: 0.8186 ± 0.0000 | Valid acc: 0.7874 ± 0.0000 | Valid Power: 0.0021 | Train Power: 0.0022 | patience:  64 | lr: 0.000390625 | Epoch time: 0.1 |

2024-09-09 04:11:10,179 - INFO -
| Epoch:   1920 | Train loss: 5.5213e-01 | Valid loss: 5.7317e-01 | Train acc: 0.8186 ± 0.0000 | Valid acc: 0.7874 ± 0.0000 | Valid Power: 0.0021 | Train Power: 0.0022 | patience:  74 | lr: 0.000390625 | Epoch time: 0.1 |

2024-09-09 04:11:11,077 - INFO -
| Epoch:   1930 | Train loss: 5.5213e-01 | Valid loss: 5.7318e-01 | Train acc: 0.8186 ± 0.0000 | Valid acc: 0.7874 ± 0.0000 | Valid Power: 0.0021 | Train Power: 0.0022 | patience:  84 | lr: 0.000390625 | Epoch time: 0.1 |

2024-09-09 04:11:11,979 - INFO -
| Epoch:   1940 | Train loss: 5.5213e-01 | Valid loss: 5.7319e-01 | Train acc: 0.8186 ± 0.0000 | Valid acc: 0.7874 ± 0.0000 | Valid Power: 0.0021 | Train Power: 0.0022 | patience:  94 | lr: 0.000390625 | Epoch time: 0.1 |

2024-09-09 04:11:12,610 - INFO -
load best network to warm start training with lower lr.

2024-09-09 04:11:12,610 - INFO -
lr update to 0.0001953125.

2024-09-09 04:11:12,881 - INFO -
| Epoch:   1950 | Train loss: 5.5220e-01 | Valid loss: 5.7289e-01 | Train acc: 0.8186 ± 0.0000 | Valid acc: 0.7874 ± 0.0000 | Valid Power: 0.0021 | Train Power: 0.0022 | patience:   3 | lr: 0.0001953125 | Epoch time: 0.1 |

2024-09-09 04:11:13,863 - INFO -
| Epoch:   1960 | Train loss: 5.5214e-01 | Valid loss: 5.7307e-01 | Train acc: 0.8186 ± 0.0000 | Valid acc: 0.7874 ± 0.0000 | Valid Power: 0.0021 | Train Power: 0.0022 | patience:  13 | lr: 0.0001953125 | Epoch time: 0.1 |

2024-09-09 04:11:14,764 - INFO -
| Epoch:   1970 | Train loss: 5.5213e-01 | Valid loss: 5.7313e-01 | Train acc: 0.8186 ± 0.0000 | Valid acc: 0.7874 ± 0.0000 | Valid Power: 0.0021 | Train Power: 0.0022 | patience:  23 | lr: 0.0001953125 | Epoch time: 0.1 |

2024-09-09 04:11:15,663 - INFO -
| Epoch:   1980 | Train loss: 5.5213e-01 | Valid loss: 5.7315e-01 | Train acc: 0.8186 ± 0.0000 | Valid acc: 0.7874 ± 0.0000 | Valid Power: 0.0021 | Train Power: 0.0022 | patience:  33 | lr: 0.0001953125 | Epoch time: 0.1 |

2024-09-09 04:11:16,561 - INFO -
| Epoch:   1990 | Train loss: 5.5213e-01 | Valid loss: 5.7315e-01 | Train acc: 0.8186 ± 0.0000 | Valid acc: 0.7874 ± 0.0000 | Valid Power: 0.0021 | Train Power: 0.0022 | patience:  43 | lr: 0.0001953125 | Epoch time: 0.1 |

2024-09-09 04:11:17,460 - INFO -
| Epoch:   2000 | Train loss: 5.5213e-01 | Valid loss: 5.7314e-01 | Train acc: 0.8186 ± 0.0000 | Valid acc: 0.7874 ± 0.0000 | Valid Power: 0.0021 | Train Power: 0.0022 | patience:  53 | lr: 0.0001953125 | Epoch time: 0.1 |

2024-09-09 04:11:18,358 - INFO -
| Epoch:   2010 | Train loss: 5.5213e-01 | Valid loss: 5.7313e-01 | Train acc: 0.8186 ± 0.0000 | Valid acc: 0.7874 ± 0.0000 | Valid Power: 0.0021 | Train Power: 0.0022 | patience:  63 | lr: 0.0001953125 | Epoch time: 0.1 |

2024-09-09 04:11:19,257 - INFO -
| Epoch:   2020 | Train loss: 5.5213e-01 | Valid loss: 5.7314e-01 | Train acc: 0.8186 ± 0.0000 | Valid acc: 0.7874 ± 0.0000 | Valid Power: 0.0021 | Train Power: 0.0022 | patience:  73 | lr: 0.0001953125 | Epoch time: 0.1 |

2024-09-09 04:11:20,153 - INFO -
| Epoch:   2030 | Train loss: 5.5213e-01 | Valid loss: 5.7315e-01 | Train acc: 0.8186 ± 0.0000 | Valid acc: 0.7874 ± 0.0000 | Valid Power: 0.0021 | Train Power: 0.0022 | patience:  83 | lr: 0.0001953125 | Epoch time: 0.1 |

2024-09-09 04:11:21,048 - INFO -
| Epoch:   2040 | Train loss: 5.5213e-01 | Valid loss: 5.7315e-01 | Train acc: 0.8186 ± 0.0000 | Valid acc: 0.7874 ± 0.0000 | Valid Power: 0.0021 | Train Power: 0.0022 | patience:  93 | lr: 0.0001953125 | Epoch time: 0.1 |

2024-09-09 04:11:21,832 - INFO -
load best network to warm start training with lower lr.

2024-09-09 04:11:21,832 - INFO -
lr update to 9.765625e-05.

2024-09-09 04:11:21,833 - INFO -
Early stop.

2024-09-09 04:11:21,838 - INFO -
Training if finished.

2024-09-09 16:19:07,245 - INFO -
Configuration: 
gmin                0.01
gmax                10.0
T                   0.1
m                   0.3
type_nonlinear      normal
act                 tanh
ACT_R1n             12.7865
ACT_R2n             -3.1871
ACT_W1n             -10.4537
ACT_L1n             10.546
ACT_W2n             -5.8496
ACT_L2n             4.2337
S_R1n               -11.7481
S_R2n               -0.3905
S_W1n               -9.169
S_L1n               0.3913
S_W2n               7.2004
S_L2n               15.5558
ReLU_RHn            -1.9557
ReLU_RLn            -20.1581
ReLU_RDn            16.6486
ReLU_RBn            -14.3472
ReLU_Wn             16.655
ReLU_Ln             -21.7591
HS_Rn               -0.3766
HS_Wn               0.5192
HS_Ln               4.6293
NEG_R1n             -7.0846
NEG_R2n             -2.5695
NEG_R3n             16.1542
NEG_W1n             13.8696
NEG_L1n             2.7635
NEG_W2n             1.2674
NEG_L2n             -10.4803
NEG_W3n             -6.4386
NEG_L3n             5.1005
task                normal
DATASET             4
DataPath            ./dataset
InputNoise          0.0
IN_test             0.0
R_train             1
R_test              1
N_time              32
pathnorm            False
hidden              [3]
skipconnection      False
SEED                9
DEVICE              cpu
PATIENCE            500
EPOCH               10000000000
LR                  0.1
PROGRESSIVE         True
LR_PATIENCE         100
LR_DECAY            0.5
LR_MIN              0.0001
metric              acc
SoftEva             True
TIMELIMITATION      71
MODE                nominal
M_train             1
K_train             1
M_test              1
K_test              1
t_test_max          1
integration         MC
N_train             1
e_train             0.0
N_test              100
e_test              0.1
e_fault             2
fault_ratio         0.0
N_fault             50
e_fault_test        0
N_fault_test        50
dropout             0.0
lagrangian_loss     False
rho                 100
powerestimator      none
powerbalance        0.0
estimatorbalance    0.0
pgmin               1e-07
power_ratio         1000
lambda_P            100
areaestimator       none
areabalance         0.0
area_theta          0.15
area_act            30.0
area_neg            22.7
lambda_A            0.001
lnc                 False
projectname         tanh_0_FaultAnalysisNormal
temppath            ./tanh_0_FaultAnalysisNormal/temp/
logfilepath         ./tanh_0_FaultAnalysisNormal/log/
report_freq         10
recording           False
recordpath          ./tanh_0_FaultAnalysisNormal/record/
savepath            ./tanh_0_FaultAnalysisNormal/models/
loglevel            info


2024-09-09 16:19:07,260 - INFO -
Training network on device: cpu.

2024-09-09 16:19:07,260 - INFO -
Training setup: data_04_energyy1_seed_09_epsilon_0.0_dropout_0.0_fault_ratio_0.0.model.

2024-09-09 16:19:07,260 - INFO -
{'dataname': 'energyy1', 'N_feature': 8, 'N_class': 3, 'N_train': 397, 'N_valid': 127, 'N_test': 79}

2024-09-09 16:19:07,261 - INFO -
Training was already finished.

2024-09-11 18:17:01,831 - INFO -
Configuration: 
gmin                0.01
gmax                10.0
T                   0.1
m                   0.3
type_nonlinear      normal
act                 tanh
ACT_R1n             12.7865
ACT_R2n             -3.1871
ACT_W1n             -10.4537
ACT_L1n             10.546
ACT_W2n             -5.8496
ACT_L2n             4.2337
S_R1n               -11.7481
S_R2n               -0.3905
S_W1n               -9.169
S_L1n               0.3913
S_W2n               7.2004
S_L2n               15.5558
ReLU_RHn            -1.9557
ReLU_RLn            -20.1581
ReLU_RDn            16.6486
ReLU_RBn            -14.3472
ReLU_Wn             16.655
ReLU_Ln             -21.7591
HS_Rn               -0.3766
HS_Wn               0.5192
HS_Ln               4.6293
NEG_R1n             -7.0846
NEG_R2n             -2.5695
NEG_R3n             16.1542
NEG_W1n             13.8696
NEG_L1n             2.7635
NEG_W2n             1.2674
NEG_L2n             -10.4803
NEG_W3n             -6.4386
NEG_L3n             5.1005
task                normal
DATASET             4
DataPath            ./dataset
InputNoise          0.0
IN_test             0.0
R_train             1
R_test              1
N_time              32
pathnorm            False
hidden              [3]
skipconnection      False
SEED                9
DEVICE              cpu
PATIENCE            500
EPOCH               10000000000
LR                  0.1
PROGRESSIVE         True
LR_PATIENCE         100
LR_DECAY            0.5
LR_MIN              0.0001
metric              acc
SoftEva             True
TIMELIMITATION      71
MODE                nominal
M_train             1
K_train             1
M_test              1
K_test              1
t_test_max          1
integration         MC
N_train             1
e_train             0.0
N_test              100
e_test              0.1
e_fault             2
fault_ratio         0.0
N_fault             50
e_fault_test        0
N_fault_test        50
dropout             0.0
lagrangian_loss     False
rho                 100
powerestimator      none
powerbalance        0.0
estimatorbalance    0.0
pgmin               1e-07
power_ratio         1000
lambda_P            100
areaestimator       none
areabalance         0.0
area_theta          0.15
area_act            30.0
area_neg            22.7
lambda_A            0.001
lnc                 False
projectname         tanh_0_FaultAnalysisNormal
temppath            ./tanh_0_FaultAnalysisNormal/temp/
logfilepath         ./tanh_0_FaultAnalysisNormal/log/
report_freq         10
recording           False
recordpath          ./tanh_0_FaultAnalysisNormal/record/
savepath            ./tanh_0_FaultAnalysisNormal/models/
loglevel            info


2024-09-11 18:17:01,852 - INFO -
Training network on device: cpu.

2024-09-11 18:17:01,852 - INFO -
Training setup: data_04_energyy1_seed_09_epsilon_0.0_dropout_0.0_fault_ratio_0.0.model.

2024-09-11 18:17:01,852 - INFO -
{'dataname': 'energyy1', 'N_feature': 8, 'N_class': 3, 'N_train': 397, 'N_valid': 127, 'N_test': 79}

2024-09-11 18:17:01,853 - INFO -
Training was already finished.

2024-09-12 04:38:03,731 - INFO -
Configuration: 
gmin                0.01
gmax                10.0
T                   0.1
m                   0.3
type_nonlinear      normal
act                 tanh
ACT_R1n             12.7865
ACT_R2n             -3.1871
ACT_W1n             -10.4537
ACT_L1n             10.546
ACT_W2n             -5.8496
ACT_L2n             4.2337
S_R1n               -11.7481
S_R2n               -0.3905
S_W1n               -9.169
S_L1n               0.3913
S_W2n               7.2004
S_L2n               15.5558
ReLU_RHn            -1.9557
ReLU_RLn            -20.1581
ReLU_RDn            16.6486
ReLU_RBn            -14.3472
ReLU_Wn             16.655
ReLU_Ln             -21.7591
HS_Rn               -0.3766
HS_Wn               0.5192
HS_Ln               4.6293
NEG_R1n             -7.0846
NEG_R2n             -2.5695
NEG_R3n             16.1542
NEG_W1n             13.8696
NEG_L1n             2.7635
NEG_W2n             1.2674
NEG_L2n             -10.4803
NEG_W3n             -6.4386
NEG_L3n             5.1005
task                normal
DATASET             4
DataPath            ./dataset
InputNoise          0.0
IN_test             0.0
R_train             1
R_test              1
N_time              32
pathnorm            False
hidden              [3]
skipconnection      False
SEED                9
DEVICE              cpu
PATIENCE            500
EPOCH               10000000000
LR                  0.1
PROGRESSIVE         True
LR_PATIENCE         100
LR_DECAY            0.5
LR_MIN              0.0001
metric              acc
SoftEva             True
TIMELIMITATION      71
MODE                nominal
M_train             1
K_train             1
M_test              1
K_test              1
t_test_max          1
integration         MC
N_train             1
e_train             0.0
N_test              100
e_test              0.1
e_fault             2
fault_ratio         0.0
N_fault             50
e_fault_test        0
N_fault_test        50
dropout             0.0
lagrangian_loss     False
rho                 100
powerestimator      none
powerbalance        0.0
estimatorbalance    0.0
pgmin               1e-07
power_ratio         1000
lambda_P            100
areaestimator       none
areabalance         0.0
area_theta          0.15
area_act            30.0
area_neg            22.7
lambda_A            0.001
lnc                 False
projectname         tanh_0_FaultAnalysisNormal
temppath            ./tanh_0_FaultAnalysisNormal/temp/
logfilepath         ./tanh_0_FaultAnalysisNormal/log/
report_freq         10
recording           False
recordpath          ./tanh_0_FaultAnalysisNormal/record/
savepath            ./tanh_0_FaultAnalysisNormal/models/
loglevel            info


2024-09-12 04:38:03,749 - INFO -
Training network on device: cpu.

2024-09-12 04:38:03,749 - INFO -
Training setup: data_04_energyy1_seed_09_epsilon_0.0_dropout_0.0_fault_ratio_0.0.model.

2024-09-12 04:38:03,749 - INFO -
{'dataname': 'energyy1', 'N_feature': 8, 'N_class': 3, 'N_train': 397, 'N_valid': 127, 'N_test': 79}

2024-09-12 04:38:03,762 - INFO -
Training was already finished.

