2024-09-10 07:05:21,395 - INFO -
Configuration: 
gmin                0.01
gmax                10.0
T                   0.1
m                   0.3
type_nonlinear      normal
act                 tanh
ACT_R1n             12.7865
ACT_R2n             -3.1871
ACT_W1n             -10.4537
ACT_L1n             10.546
ACT_W2n             -5.8496
ACT_L2n             4.2337
S_R1n               -11.7481
S_R2n               -0.3905
S_W1n               -9.169
S_L1n               0.3913
S_W2n               7.2004
S_L2n               15.5558
ReLU_RHn            -1.9557
ReLU_RLn            -20.1581
ReLU_RDn            16.6486
ReLU_RBn            -14.3472
ReLU_Wn             16.655
ReLU_Ln             -21.7591
HS_Rn               -0.3766
HS_Wn               0.5192
HS_Ln               4.6293
NEG_R1n             -7.0846
NEG_R2n             -2.5695
NEG_R3n             16.1542
NEG_W1n             13.8696
NEG_L1n             2.7635
NEG_W2n             1.2674
NEG_L2n             -10.4803
NEG_W3n             -6.4386
NEG_L3n             5.1005
task                normal
DATASET             12
DataPath            ./dataset
InputNoise          0.0
IN_test             0.0
R_train             1
R_test              1
N_time              32
pathnorm            False
hidden              [3]
skipconnection      False
SEED                8
DEVICE              cpu
PATIENCE            500
EPOCH               10000000000
LR                  0.1
PROGRESSIVE         True
LR_PATIENCE         100
LR_DECAY            0.5
LR_MIN              0.0001
metric              acc
SoftEva             True
TIMELIMITATION      71
MODE                nominal
M_train             1
K_train             1
M_test              1
K_test              1
t_test_max          1
integration         MC
N_train             1
e_train             0.0
N_test              100
e_test              0.1
e_fault             2
fault_ratio         0.0
N_fault             50
e_fault_test        0
N_fault_test        50
dropout             0.0
lagrangian_loss     False
rho                 100
powerestimator      none
powerbalance        0.0
estimatorbalance    0.0
pgmin               1e-07
power_ratio         1000
lambda_P            100
areaestimator       none
areabalance         0.0
area_theta          0.15
area_act            30.0
area_neg            22.7
lambda_A            0.001
lnc                 False
projectname         tanh_0_FaultAnalysisNormal
temppath            ./tanh_0_FaultAnalysisNormal/temp/
logfilepath         ./tanh_0_FaultAnalysisNormal/log/
report_freq         10
recording           False
recordpath          ./tanh_0_FaultAnalysisNormal/record/
savepath            ./tanh_0_FaultAnalysisNormal/models/
loglevel            info


2024-09-10 07:05:21,395 - INFO -
Training network on device: cpu.

2024-09-10 07:05:21,395 - INFO -
Training setup: data_12_vertebralcolumn3clases_seed_08_epsilon_0.0_dropout_0.0_fault_ratio_0.0.model.

2024-09-10 07:05:21,395 - INFO -
{'dataname': 'vertebralcolumn3clases', 'N_feature': 6, 'N_class': 3, 'N_train': 184, 'N_valid': 61, 'N_test': 63}

2024-09-10 07:05:21,395 - INFO -
Topology of the network: [6, 3, 3].

2024-09-10 07:05:22,376 - INFO -
| Epoch:      0 | Train loss: 1.0988e+00 | Valid loss: 1.0468e+00 | Train acc: 0.3043 ± 0.0000 | Valid acc: 0.5246 ± 0.0000 | Valid Power: 0.0008 | Train Power: 0.0005 | patience:   0 | lr: 0.1 | Epoch time: 0.1 |

2024-09-10 07:05:23,191 - INFO -
| Epoch:     10 | Train loss: 1.0427e+00 | Valid loss: 1.0083e+00 | Train acc: 0.4783 ± 0.0000 | Valid acc: 0.5246 ± 0.0000 | Valid Power: 0.0009 | Train Power: 0.0009 | patience:   6 | lr: 0.1 | Epoch time: 0.1 |

2024-09-10 07:05:23,978 - INFO -
| Epoch:     20 | Train loss: 1.0400e+00 | Valid loss: 1.0111e+00 | Train acc: 0.4946 ± 0.0000 | Valid acc: 0.5738 ± 0.0000 | Valid Power: 0.0024 | Train Power: 0.0009 | patience:   2 | lr: 0.1 | Epoch time: 0.1 |

2024-09-10 07:05:24,786 - INFO -
| Epoch:     30 | Train loss: 1.0031e+00 | Valid loss: 9.4990e-01 | Train acc: 0.4674 ± 0.0000 | Valid acc: 0.4918 ± 0.0000 | Valid Power: 0.0011 | Train Power: 0.0011 | patience:   0 | lr: 0.1 | Epoch time: 0.1 |

2024-09-10 07:05:25,580 - INFO -
| Epoch:     40 | Train loss: 9.9488e-01 | Valid loss: 9.6890e-01 | Train acc: 0.4783 ± 0.0000 | Valid acc: 0.5738 ± 0.0000 | Valid Power: 0.0008 | Train Power: 0.0008 | patience:   6 | lr: 0.1 | Epoch time: 0.1 |

2024-09-10 07:05:26,366 - INFO -
| Epoch:     50 | Train loss: 9.9904e-01 | Valid loss: 9.3497e-01 | Train acc: 0.4783 ± 0.0000 | Valid acc: 0.5574 ± 0.0000 | Valid Power: 0.0009 | Train Power: 0.0041 | patience:  16 | lr: 0.1 | Epoch time: 0.1 |

2024-09-10 07:05:27,155 - INFO -
| Epoch:     60 | Train loss: 9.9365e-01 | Valid loss: 9.5230e-01 | Train acc: 0.4674 ± 0.0000 | Valid acc: 0.5082 ± 0.0000 | Valid Power: 0.0010 | Train Power: 0.0009 | patience:   3 | lr: 0.1 | Epoch time: 0.1 |

2024-09-10 07:05:27,940 - INFO -
| Epoch:     70 | Train loss: 9.7006e-01 | Valid loss: 9.4919e-01 | Train acc: 0.5326 ± 0.0000 | Valid acc: 0.5574 ± 0.0000 | Valid Power: 0.0009 | Train Power: 0.0009 | patience:  13 | lr: 0.1 | Epoch time: 0.1 |

2024-09-10 07:05:28,722 - INFO -
| Epoch:     80 | Train loss: 9.8648e-01 | Valid loss: 9.2756e-01 | Train acc: 0.5000 ± 0.0000 | Valid acc: 0.5902 ± 0.0000 | Valid Power: 0.0011 | Train Power: 0.0013 | patience:  23 | lr: 0.1 | Epoch time: 0.1 |

2024-09-10 07:05:29,507 - INFO -
| Epoch:     90 | Train loss: 1.0012e+00 | Valid loss: 9.2537e-01 | Train acc: 0.5054 ± 0.0000 | Valid acc: 0.5410 ± 0.0000 | Valid Power: 0.0014 | Train Power: 0.0052 | patience:  33 | lr: 0.1 | Epoch time: 0.1 |

2024-09-10 07:05:30,289 - INFO -
| Epoch:    100 | Train loss: 9.7119e-01 | Valid loss: 9.2598e-01 | Train acc: 0.5163 ± 0.0000 | Valid acc: 0.5738 ± 0.0000 | Valid Power: 0.0009 | Train Power: 0.0009 | patience:   8 | lr: 0.1 | Epoch time: 0.1 |

2024-09-10 07:05:31,068 - INFO -
| Epoch:    110 | Train loss: 9.6518e-01 | Valid loss: 9.1590e-01 | Train acc: 0.5380 ± 0.0000 | Valid acc: 0.5738 ± 0.0000 | Valid Power: 0.0009 | Train Power: 0.0009 | patience:  18 | lr: 0.1 | Epoch time: 0.1 |

2024-09-10 07:05:31,849 - INFO -
| Epoch:    120 | Train loss: 9.6953e-01 | Valid loss: 1.0220e+00 | Train acc: 0.5380 ± 0.0000 | Valid acc: 0.4590 ± 0.0000 | Valid Power: 0.0010 | Train Power: 0.0009 | patience:   4 | lr: 0.1 | Epoch time: 0.1 |

2024-09-10 07:05:32,644 - INFO -
| Epoch:    130 | Train loss: 9.6197e-01 | Valid loss: 9.2092e-01 | Train acc: 0.5652 ± 0.0000 | Valid acc: 0.5738 ± 0.0000 | Valid Power: 0.0009 | Train Power: 0.0009 | patience:   8 | lr: 0.1 | Epoch time: 0.1 |

2024-09-10 07:05:33,526 - INFO -
| Epoch:    140 | Train loss: 9.8139e-01 | Valid loss: 9.3245e-01 | Train acc: 0.5217 ± 0.0000 | Valid acc: 0.5082 ± 0.0000 | Valid Power: 0.0011 | Train Power: 0.0008 | patience:  18 | lr: 0.1 | Epoch time: 0.1 |

2024-09-10 07:05:34,328 - INFO -
| Epoch:    150 | Train loss: 9.6250e-01 | Valid loss: 9.2476e-01 | Train acc: 0.5326 ± 0.0000 | Valid acc: 0.5738 ± 0.0000 | Valid Power: 0.0009 | Train Power: 0.0009 | patience:  28 | lr: 0.1 | Epoch time: 0.1 |

2024-09-10 07:05:35,121 - INFO -
| Epoch:    160 | Train loss: 9.6638e-01 | Valid loss: 9.1251e-01 | Train acc: 0.5489 ± 0.0000 | Valid acc: 0.5738 ± 0.0000 | Valid Power: 0.0009 | Train Power: 0.0009 | patience:  38 | lr: 0.1 | Epoch time: 0.1 |

2024-09-10 07:05:35,903 - INFO -
| Epoch:    170 | Train loss: 9.6135e-01 | Valid loss: 9.2622e-01 | Train acc: 0.5489 ± 0.0000 | Valid acc: 0.5738 ± 0.0000 | Valid Power: 0.0009 | Train Power: 0.0011 | patience:  48 | lr: 0.1 | Epoch time: 0.1 |

2024-09-10 07:05:36,681 - INFO -
| Epoch:    180 | Train loss: 9.6155e-01 | Valid loss: 9.0954e-01 | Train acc: 0.5380 ± 0.0000 | Valid acc: 0.5738 ± 0.0000 | Valid Power: 0.0009 | Train Power: 0.0008 | patience:  58 | lr: 0.1 | Epoch time: 0.1 |

2024-09-10 07:05:37,465 - INFO -
| Epoch:    190 | Train loss: 9.5788e-01 | Valid loss: 9.1785e-01 | Train acc: 0.5435 ± 0.0000 | Valid acc: 0.5738 ± 0.0000 | Valid Power: 0.0008 | Train Power: 0.0009 | patience:  68 | lr: 0.1 | Epoch time: 0.1 |

2024-09-10 07:05:38,246 - INFO -
| Epoch:    200 | Train loss: 9.5527e-01 | Valid loss: 9.1932e-01 | Train acc: 0.5598 ± 0.0000 | Valid acc: 0.5738 ± 0.0000 | Valid Power: 0.0008 | Train Power: 0.0008 | patience:  78 | lr: 0.1 | Epoch time: 0.1 |

2024-09-10 07:05:39,025 - INFO -
| Epoch:    210 | Train loss: 9.5310e-01 | Valid loss: 9.0702e-01 | Train acc: 0.5543 ± 0.0000 | Valid acc: 0.5902 ± 0.0000 | Valid Power: 0.0009 | Train Power: 0.0008 | patience:  88 | lr: 0.1 | Epoch time: 0.1 |

2024-09-10 07:05:39,807 - INFO -
| Epoch:    220 | Train loss: 9.5754e-01 | Valid loss: 9.2232e-01 | Train acc: 0.5489 ± 0.0000 | Valid acc: 0.5738 ± 0.0000 | Valid Power: 0.0009 | Train Power: 0.0009 | patience:  98 | lr: 0.1 | Epoch time: 0.1 |

2024-09-10 07:05:40,045 - INFO -
load best network to warm start training with lower lr.

2024-09-10 07:05:40,045 - INFO -
lr update to 0.05.

2024-09-10 07:05:40,589 - INFO -
| Epoch:    230 | Train loss: 9.6156e-01 | Valid loss: 9.1792e-01 | Train acc: 0.5435 ± 0.0000 | Valid acc: 0.5738 ± 0.0000 | Valid Power: 0.0008 | Train Power: 0.0009 | patience:   7 | lr: 0.05 | Epoch time: 0.1 |

2024-09-10 07:05:41,368 - INFO -
| Epoch:    240 | Train loss: 9.5910e-01 | Valid loss: 9.1951e-01 | Train acc: 0.5489 ± 0.0000 | Valid acc: 0.5738 ± 0.0000 | Valid Power: 0.0009 | Train Power: 0.0009 | patience:  17 | lr: 0.05 | Epoch time: 0.1 |

2024-09-10 07:05:42,145 - INFO -
| Epoch:    250 | Train loss: 9.5290e-01 | Valid loss: 9.1232e-01 | Train acc: 0.5652 ± 0.0000 | Valid acc: 0.5902 ± 0.0000 | Valid Power: 0.0009 | Train Power: 0.0009 | patience:  27 | lr: 0.05 | Epoch time: 0.1 |

2024-09-10 07:05:42,924 - INFO -
| Epoch:    260 | Train loss: 9.5923e-01 | Valid loss: 9.2186e-01 | Train acc: 0.5598 ± 0.0000 | Valid acc: 0.5738 ± 0.0000 | Valid Power: 0.0011 | Train Power: 0.0009 | patience:  37 | lr: 0.05 | Epoch time: 0.1 |

2024-09-10 07:05:43,702 - INFO -
| Epoch:    270 | Train loss: 9.5350e-01 | Valid loss: 9.1147e-01 | Train acc: 0.5598 ± 0.0000 | Valid acc: 0.5738 ± 0.0000 | Valid Power: 0.0009 | Train Power: 0.0009 | patience:  47 | lr: 0.05 | Epoch time: 0.1 |

2024-09-10 07:05:44,478 - INFO -
| Epoch:    280 | Train loss: 9.5578e-01 | Valid loss: 9.1689e-01 | Train acc: 0.5435 ± 0.0000 | Valid acc: 0.5738 ± 0.0000 | Valid Power: 0.0009 | Train Power: 0.0009 | patience:  57 | lr: 0.05 | Epoch time: 0.1 |

2024-09-10 07:05:45,261 - INFO -
| Epoch:    290 | Train loss: 9.5615e-01 | Valid loss: 9.1588e-01 | Train acc: 0.5435 ± 0.0000 | Valid acc: 0.5738 ± 0.0000 | Valid Power: 0.0009 | Train Power: 0.0009 | patience:  67 | lr: 0.05 | Epoch time: 0.1 |

2024-09-10 07:05:46,042 - INFO -
| Epoch:    300 | Train loss: 9.5685e-01 | Valid loss: 9.2205e-01 | Train acc: 0.5543 ± 0.0000 | Valid acc: 0.5738 ± 0.0000 | Valid Power: 0.0009 | Train Power: 0.0009 | patience:  77 | lr: 0.05 | Epoch time: 0.1 |

2024-09-10 07:05:46,820 - INFO -
| Epoch:    310 | Train loss: 9.5826e-01 | Valid loss: 9.1596e-01 | Train acc: 0.5543 ± 0.0000 | Valid acc: 0.5902 ± 0.0000 | Valid Power: 0.0009 | Train Power: 0.0010 | patience:  87 | lr: 0.05 | Epoch time: 0.1 |

2024-09-10 07:05:47,598 - INFO -
| Epoch:    320 | Train loss: 9.5527e-01 | Valid loss: 9.2285e-01 | Train acc: 0.5435 ± 0.0000 | Valid acc: 0.5738 ± 0.0000 | Valid Power: 0.0009 | Train Power: 0.0009 | patience:  97 | lr: 0.05 | Epoch time: 0.1 |

2024-09-10 07:05:47,911 - INFO -
load best network to warm start training with lower lr.

2024-09-10 07:05:47,911 - INFO -
lr update to 0.025.

2024-09-10 07:05:48,377 - INFO -
| Epoch:    330 | Train loss: 9.5966e-01 | Valid loss: 9.2102e-01 | Train acc: 0.5326 ± 0.0000 | Valid acc: 0.5574 ± 0.0000 | Valid Power: 0.0009 | Train Power: 0.0012 | patience:   6 | lr: 0.025 | Epoch time: 0.1 |

2024-09-10 07:05:49,157 - INFO -
| Epoch:    340 | Train loss: 9.5628e-01 | Valid loss: 9.1380e-01 | Train acc: 0.5543 ± 0.0000 | Valid acc: 0.5738 ± 0.0000 | Valid Power: 0.0009 | Train Power: 0.0009 | patience:  16 | lr: 0.025 | Epoch time: 0.1 |

2024-09-10 07:05:49,933 - INFO -
| Epoch:    350 | Train loss: 9.5655e-01 | Valid loss: 9.1963e-01 | Train acc: 0.5598 ± 0.0000 | Valid acc: 0.5738 ± 0.0000 | Valid Power: 0.0012 | Train Power: 0.0013 | patience:  26 | lr: 0.025 | Epoch time: 0.1 |

2024-09-10 07:05:50,710 - INFO -
| Epoch:    360 | Train loss: 9.5211e-01 | Valid loss: 9.2525e-01 | Train acc: 0.5598 ± 0.0000 | Valid acc: 0.5738 ± 0.0000 | Valid Power: 0.0010 | Train Power: 0.0010 | patience:  36 | lr: 0.025 | Epoch time: 0.1 |

2024-09-10 07:05:51,489 - INFO -
| Epoch:    370 | Train loss: 9.5239e-01 | Valid loss: 9.1218e-01 | Train acc: 0.5543 ± 0.0000 | Valid acc: 0.5738 ± 0.0000 | Valid Power: 0.0010 | Train Power: 0.0010 | patience:  46 | lr: 0.025 | Epoch time: 0.1 |

2024-09-10 07:05:52,270 - INFO -
| Epoch:    380 | Train loss: 9.5065e-01 | Valid loss: 9.1753e-01 | Train acc: 0.5652 ± 0.0000 | Valid acc: 0.5738 ± 0.0000 | Valid Power: 0.0010 | Train Power: 0.0010 | patience:  56 | lr: 0.025 | Epoch time: 0.1 |

2024-09-10 07:05:53,049 - INFO -
| Epoch:    390 | Train loss: 9.4974e-01 | Valid loss: 9.1572e-01 | Train acc: 0.5598 ± 0.0000 | Valid acc: 0.5738 ± 0.0000 | Valid Power: 0.0012 | Train Power: 0.0023 | patience:  66 | lr: 0.025 | Epoch time: 0.1 |

2024-09-10 07:05:53,830 - INFO -
| Epoch:    400 | Train loss: 9.4906e-01 | Valid loss: 9.1631e-01 | Train acc: 0.5598 ± 0.0000 | Valid acc: 0.5738 ± 0.0000 | Valid Power: 0.0010 | Train Power: 0.0010 | patience:  76 | lr: 0.025 | Epoch time: 0.1 |

2024-09-10 07:05:54,611 - INFO -
| Epoch:    410 | Train loss: 9.4846e-01 | Valid loss: 9.1502e-01 | Train acc: 0.5598 ± 0.0000 | Valid acc: 0.5738 ± 0.0000 | Valid Power: 0.0011 | Train Power: 0.0010 | patience:  86 | lr: 0.025 | Epoch time: 0.1 |

2024-09-10 07:05:55,387 - INFO -
| Epoch:    420 | Train loss: 9.4804e-01 | Valid loss: 9.1578e-01 | Train acc: 0.5652 ± 0.0000 | Valid acc: 0.5738 ± 0.0000 | Valid Power: 0.0010 | Train Power: 0.0010 | patience:  96 | lr: 0.025 | Epoch time: 0.1 |

2024-09-10 07:05:55,777 - INFO -
load best network to warm start training with lower lr.

2024-09-10 07:05:55,777 - INFO -
lr update to 0.0125.

2024-09-10 07:05:56,166 - INFO -
| Epoch:    430 | Train loss: 9.6075e-01 | Valid loss: 9.1220e-01 | Train acc: 0.5489 ± 0.0000 | Valid acc: 0.5738 ± 0.0000 | Valid Power: 0.0009 | Train Power: 0.0008 | patience:   5 | lr: 0.0125 | Epoch time: 0.1 |

2024-09-10 07:05:56,944 - INFO -
| Epoch:    440 | Train loss: 9.5666e-01 | Valid loss: 9.1995e-01 | Train acc: 0.5598 ± 0.0000 | Valid acc: 0.5738 ± 0.0000 | Valid Power: 0.0011 | Train Power: 0.0012 | patience:  15 | lr: 0.0125 | Epoch time: 0.1 |

2024-09-10 07:05:57,719 - INFO -
| Epoch:    450 | Train loss: 9.5412e-01 | Valid loss: 9.1425e-01 | Train acc: 0.5489 ± 0.0000 | Valid acc: 0.5738 ± 0.0000 | Valid Power: 0.0018 | Train Power: 0.0012 | patience:  25 | lr: 0.0125 | Epoch time: 0.1 |

2024-09-10 07:05:58,494 - INFO -
| Epoch:    460 | Train loss: 9.5274e-01 | Valid loss: 9.1619e-01 | Train acc: 0.5598 ± 0.0000 | Valid acc: 0.5738 ± 0.0000 | Valid Power: 0.0013 | Train Power: 0.0011 | patience:  35 | lr: 0.0125 | Epoch time: 0.1 |

2024-09-10 07:05:59,271 - INFO -
| Epoch:    470 | Train loss: 9.5174e-01 | Valid loss: 9.1623e-01 | Train acc: 0.5598 ± 0.0000 | Valid acc: 0.5738 ± 0.0000 | Valid Power: 0.0012 | Train Power: 0.0016 | patience:  45 | lr: 0.0125 | Epoch time: 0.1 |

2024-09-10 07:06:00,050 - INFO -
| Epoch:    480 | Train loss: 9.5172e-01 | Valid loss: 9.1374e-01 | Train acc: 0.5598 ± 0.0000 | Valid acc: 0.5738 ± 0.0000 | Valid Power: 0.0011 | Train Power: 0.0015 | patience:  55 | lr: 0.0125 | Epoch time: 0.1 |

2024-09-10 07:06:00,825 - INFO -
| Epoch:    490 | Train loss: 9.5059e-01 | Valid loss: 9.1452e-01 | Train acc: 0.5598 ± 0.0000 | Valid acc: 0.5738 ± 0.0000 | Valid Power: 0.0018 | Train Power: 0.0012 | patience:  65 | lr: 0.0125 | Epoch time: 0.1 |

2024-09-10 07:06:01,602 - INFO -
| Epoch:    500 | Train loss: 9.4970e-01 | Valid loss: 9.1473e-01 | Train acc: 0.5598 ± 0.0000 | Valid acc: 0.5738 ± 0.0000 | Valid Power: 0.0010 | Train Power: 0.0010 | patience:  75 | lr: 0.0125 | Epoch time: 0.1 |

2024-09-10 07:06:02,381 - INFO -
| Epoch:    510 | Train loss: 9.4948e-01 | Valid loss: 9.1444e-01 | Train acc: 0.5598 ± 0.0000 | Valid acc: 0.5738 ± 0.0000 | Valid Power: 0.0010 | Train Power: 0.0010 | patience:  85 | lr: 0.0125 | Epoch time: 0.1 |

2024-09-10 07:06:03,156 - INFO -
| Epoch:    520 | Train loss: 9.4852e-01 | Valid loss: 9.1455e-01 | Train acc: 0.5598 ± 0.0000 | Valid acc: 0.5738 ± 0.0000 | Valid Power: 0.0014 | Train Power: 0.0042 | patience:  95 | lr: 0.0125 | Epoch time: 0.1 |

2024-09-10 07:06:03,623 - INFO -
load best network to warm start training with lower lr.

2024-09-10 07:06:03,623 - INFO -
lr update to 0.00625.

2024-09-10 07:06:03,938 - INFO -
| Epoch:    530 | Train loss: 9.6256e-01 | Valid loss: 9.0671e-01 | Train acc: 0.5489 ± 0.0000 | Valid acc: 0.5738 ± 0.0000 | Valid Power: 0.0008 | Train Power: 0.0008 | patience:   3 | lr: 0.00625 | Epoch time: 0.1 |

2024-09-10 07:06:04,725 - INFO -
| Epoch:    540 | Train loss: 9.5848e-01 | Valid loss: 9.1329e-01 | Train acc: 0.5598 ± 0.0000 | Valid acc: 0.5738 ± 0.0000 | Valid Power: 0.0009 | Train Power: 0.0011 | patience:  13 | lr: 0.00625 | Epoch time: 0.1 |

2024-09-10 07:06:05,502 - INFO -
| Epoch:    550 | Train loss: 9.5649e-01 | Valid loss: 9.1486e-01 | Train acc: 0.5598 ± 0.0000 | Valid acc: 0.5738 ± 0.0000 | Valid Power: 0.0009 | Train Power: 0.0009 | patience:  23 | lr: 0.00625 | Epoch time: 0.1 |

2024-09-10 07:06:06,277 - INFO -
| Epoch:    560 | Train loss: 9.5486e-01 | Valid loss: 9.1122e-01 | Train acc: 0.5598 ± 0.0000 | Valid acc: 0.5738 ± 0.0000 | Valid Power: 0.0010 | Train Power: 0.0010 | patience:  33 | lr: 0.00625 | Epoch time: 0.1 |

2024-09-10 07:06:07,055 - INFO -
| Epoch:    570 | Train loss: 9.5360e-01 | Valid loss: 9.1110e-01 | Train acc: 0.5598 ± 0.0000 | Valid acc: 0.5738 ± 0.0000 | Valid Power: 0.0011 | Train Power: 0.0011 | patience:  43 | lr: 0.00625 | Epoch time: 0.1 |

2024-09-10 07:06:07,831 - INFO -
| Epoch:    580 | Train loss: 9.5261e-01 | Valid loss: 9.1258e-01 | Train acc: 0.5598 ± 0.0000 | Valid acc: 0.5738 ± 0.0000 | Valid Power: 0.0012 | Train Power: 0.0012 | patience:  53 | lr: 0.00625 | Epoch time: 0.1 |

2024-09-10 07:06:08,607 - INFO -
| Epoch:    590 | Train loss: 9.5217e-01 | Valid loss: 9.1271e-01 | Train acc: 0.5598 ± 0.0000 | Valid acc: 0.5738 ± 0.0000 | Valid Power: 0.0013 | Train Power: 0.0012 | patience:  63 | lr: 0.00625 | Epoch time: 0.1 |

2024-09-10 07:06:09,477 - INFO -
| Epoch:    600 | Train loss: 9.5171e-01 | Valid loss: 9.1306e-01 | Train acc: 0.5598 ± 0.0000 | Valid acc: 0.5738 ± 0.0000 | Valid Power: 0.0012 | Train Power: 0.0012 | patience:  73 | lr: 0.00625 | Epoch time: 0.1 |

2024-09-10 07:06:10,255 - INFO -
| Epoch:    610 | Train loss: 9.5128e-01 | Valid loss: 9.1310e-01 | Train acc: 0.5598 ± 0.0000 | Valid acc: 0.5738 ± 0.0000 | Valid Power: 0.0012 | Train Power: 0.0012 | patience:  83 | lr: 0.00625 | Epoch time: 0.1 |

2024-09-10 07:06:11,035 - INFO -
| Epoch:    620 | Train loss: 9.5087e-01 | Valid loss: 9.1313e-01 | Train acc: 0.5598 ± 0.0000 | Valid acc: 0.5738 ± 0.0000 | Valid Power: 0.0012 | Train Power: 0.0012 | patience:  93 | lr: 0.00625 | Epoch time: 0.1 |

2024-09-10 07:06:11,660 - INFO -
load best network to warm start training with lower lr.

2024-09-10 07:06:11,661 - INFO -
lr update to 0.003125.

2024-09-10 07:06:11,816 - INFO -
| Epoch:    630 | Train loss: 9.6346e-01 | Valid loss: 9.0409e-01 | Train acc: 0.5489 ± 0.0000 | Valid acc: 0.5738 ± 0.0000 | Valid Power: 0.0008 | Train Power: 0.0008 | patience:   2 | lr: 0.003125 | Epoch time: 0.1 |

2024-09-10 07:06:12,590 - INFO -
| Epoch:    640 | Train loss: 9.6063e-01 | Valid loss: 9.0648e-01 | Train acc: 0.5543 ± 0.0000 | Valid acc: 0.5738 ± 0.0000 | Valid Power: 0.0008 | Train Power: 0.0008 | patience:  12 | lr: 0.003125 | Epoch time: 0.1 |

2024-09-10 07:06:13,363 - INFO -
| Epoch:    650 | Train loss: 9.5872e-01 | Valid loss: 9.1053e-01 | Train acc: 0.5598 ± 0.0000 | Valid acc: 0.5738 ± 0.0000 | Valid Power: 0.0010 | Train Power: 0.0011 | patience:  22 | lr: 0.003125 | Epoch time: 0.1 |

2024-09-10 07:06:14,139 - INFO -
| Epoch:    660 | Train loss: 9.5759e-01 | Valid loss: 9.1320e-01 | Train acc: 0.5652 ± 0.0000 | Valid acc: 0.5738 ± 0.0000 | Valid Power: 0.0009 | Train Power: 0.0009 | patience:  32 | lr: 0.003125 | Epoch time: 0.1 |

2024-09-10 07:06:14,914 - INFO -
| Epoch:    670 | Train loss: 9.5656e-01 | Valid loss: 9.1174e-01 | Train acc: 0.5652 ± 0.0000 | Valid acc: 0.5738 ± 0.0000 | Valid Power: 0.0014 | Train Power: 0.0012 | patience:  42 | lr: 0.003125 | Epoch time: 0.1 |

2024-09-10 07:06:15,693 - INFO -
| Epoch:    680 | Train loss: 9.5571e-01 | Valid loss: 9.1058e-01 | Train acc: 0.5598 ± 0.0000 | Valid acc: 0.5738 ± 0.0000 | Valid Power: 0.0011 | Train Power: 0.0012 | patience:  52 | lr: 0.003125 | Epoch time: 0.1 |

2024-09-10 07:06:16,472 - INFO -
| Epoch:    690 | Train loss: 9.5499e-01 | Valid loss: 9.1133e-01 | Train acc: 0.5598 ± 0.0000 | Valid acc: 0.5738 ± 0.0000 | Valid Power: 0.0010 | Train Power: 0.0010 | patience:  62 | lr: 0.003125 | Epoch time: 0.1 |

2024-09-10 07:06:17,249 - INFO -
| Epoch:    700 | Train loss: 9.5434e-01 | Valid loss: 9.1160e-01 | Train acc: 0.5598 ± 0.0000 | Valid acc: 0.5738 ± 0.0000 | Valid Power: 0.0011 | Train Power: 0.0010 | patience:  72 | lr: 0.003125 | Epoch time: 0.1 |

2024-09-10 07:06:18,026 - INFO -
| Epoch:    710 | Train loss: 9.5375e-01 | Valid loss: 9.1234e-01 | Train acc: 0.5598 ± 0.0000 | Valid acc: 0.5738 ± 0.0000 | Valid Power: 0.0010 | Train Power: 0.0010 | patience:  82 | lr: 0.003125 | Epoch time: 0.1 |

2024-09-10 07:06:18,802 - INFO -
| Epoch:    720 | Train loss: 9.5318e-01 | Valid loss: 9.1265e-01 | Train acc: 0.5598 ± 0.0000 | Valid acc: 0.5738 ± 0.0000 | Valid Power: 0.0010 | Train Power: 0.0010 | patience:  92 | lr: 0.003125 | Epoch time: 0.1 |

2024-09-10 07:06:19,502 - INFO -
load best network to warm start training with lower lr.

2024-09-10 07:06:19,502 - INFO -
lr update to 0.0015625.

2024-09-10 07:06:19,588 - INFO -
| Epoch:    730 | Train loss: 9.6434e-01 | Valid loss: 9.0201e-01 | Train acc: 0.5543 ± 0.0000 | Valid acc: 0.5738 ± 0.0000 | Valid Power: 0.0008 | Train Power: 0.0008 | patience:   0 | lr: 0.0015625 | Epoch time: 0.1 |

2024-09-10 07:06:20,363 - INFO -
| Epoch:    740 | Train loss: 9.6218e-01 | Valid loss: 9.0628e-01 | Train acc: 0.5489 ± 0.0000 | Valid acc: 0.5738 ± 0.0000 | Valid Power: 0.0008 | Train Power: 0.0008 | patience:  10 | lr: 0.0015625 | Epoch time: 0.1 |

2024-09-10 07:06:21,139 - INFO -
| Epoch:    750 | Train loss: 9.6079e-01 | Valid loss: 9.0659e-01 | Train acc: 0.5543 ± 0.0000 | Valid acc: 0.5738 ± 0.0000 | Valid Power: 0.0008 | Train Power: 0.0008 | patience:  20 | lr: 0.0015625 | Epoch time: 0.1 |

2024-09-10 07:06:21,914 - INFO -
| Epoch:    760 | Train loss: 9.5958e-01 | Valid loss: 9.0874e-01 | Train acc: 0.5598 ± 0.0000 | Valid acc: 0.5738 ± 0.0000 | Valid Power: 0.0009 | Train Power: 0.0009 | patience:  30 | lr: 0.0015625 | Epoch time: 0.1 |

2024-09-10 07:06:22,692 - INFO -
| Epoch:    770 | Train loss: 9.5881e-01 | Valid loss: 9.0976e-01 | Train acc: 0.5598 ± 0.0000 | Valid acc: 0.5738 ± 0.0000 | Valid Power: 0.0010 | Train Power: 0.0010 | patience:  40 | lr: 0.0015625 | Epoch time: 0.1 |

2024-09-10 07:06:23,466 - INFO -
| Epoch:    780 | Train loss: 9.5816e-01 | Valid loss: 9.1055e-01 | Train acc: 0.5598 ± 0.0000 | Valid acc: 0.5738 ± 0.0000 | Valid Power: 0.0009 | Train Power: 0.0009 | patience:  50 | lr: 0.0015625 | Epoch time: 0.1 |

2024-09-10 07:06:24,243 - INFO -
| Epoch:    790 | Train loss: 9.5759e-01 | Valid loss: 9.1092e-01 | Train acc: 0.5598 ± 0.0000 | Valid acc: 0.5738 ± 0.0000 | Valid Power: 0.0009 | Train Power: 0.0009 | patience:  60 | lr: 0.0015625 | Epoch time: 0.1 |

2024-09-10 07:06:25,023 - INFO -
| Epoch:    800 | Train loss: 9.5703e-01 | Valid loss: 9.1090e-01 | Train acc: 0.5598 ± 0.0000 | Valid acc: 0.5738 ± 0.0000 | Valid Power: 0.0009 | Train Power: 0.0009 | patience:  70 | lr: 0.0015625 | Epoch time: 0.1 |

2024-09-10 07:06:25,800 - INFO -
| Epoch:    810 | Train loss: 9.5660e-01 | Valid loss: 9.1094e-01 | Train acc: 0.5598 ± 0.0000 | Valid acc: 0.5738 ± 0.0000 | Valid Power: 0.0013 | Train Power: 0.0177 | patience:  80 | lr: 0.0015625 | Epoch time: 0.1 |

2024-09-10 07:06:26,576 - INFO -
| Epoch:    820 | Train loss: 9.5619e-01 | Valid loss: 9.1090e-01 | Train acc: 0.5598 ± 0.0000 | Valid acc: 0.5738 ± 0.0000 | Valid Power: 0.0010 | Train Power: 0.0010 | patience:  90 | lr: 0.0015625 | Epoch time: 0.1 |

2024-09-10 07:06:27,351 - INFO -
| Epoch:    830 | Train loss: 9.5581e-01 | Valid loss: 9.1098e-01 | Train acc: 0.5598 ± 0.0000 | Valid acc: 0.5738 ± 0.0000 | Valid Power: 0.0009 | Train Power: 0.0009 | patience: 100 | lr: 0.0015625 | Epoch time: 0.1 |

2024-09-10 07:06:27,433 - INFO -
load best network to warm start training with lower lr.

2024-09-10 07:06:27,433 - INFO -
lr update to 0.00078125.

2024-09-10 07:06:28,130 - INFO -
| Epoch:    840 | Train loss: 9.6287e-01 | Valid loss: 9.0516e-01 | Train acc: 0.5489 ± 0.0000 | Valid acc: 0.5738 ± 0.0000 | Valid Power: 0.0008 | Train Power: 0.0008 | patience:   9 | lr: 0.00078125 | Epoch time: 0.1 |

2024-09-10 07:06:28,904 - INFO -
| Epoch:    850 | Train loss: 9.6208e-01 | Valid loss: 9.0506e-01 | Train acc: 0.5489 ± 0.0000 | Valid acc: 0.5738 ± 0.0000 | Valid Power: 0.0008 | Train Power: 0.0008 | patience:  19 | lr: 0.00078125 | Epoch time: 0.1 |

2024-09-10 07:06:29,678 - INFO -
| Epoch:    860 | Train loss: 9.6135e-01 | Valid loss: 9.0605e-01 | Train acc: 0.5489 ± 0.0000 | Valid acc: 0.5738 ± 0.0000 | Valid Power: 0.0008 | Train Power: 0.0008 | patience:  29 | lr: 0.00078125 | Epoch time: 0.1 |

2024-09-10 07:06:30,452 - INFO -
| Epoch:    870 | Train loss: 9.6067e-01 | Valid loss: 9.0699e-01 | Train acc: 0.5489 ± 0.0000 | Valid acc: 0.5738 ± 0.0000 | Valid Power: 0.0009 | Train Power: 0.0009 | patience:  39 | lr: 0.00078125 | Epoch time: 0.1 |

2024-09-10 07:06:31,227 - INFO -
| Epoch:    880 | Train loss: 9.6003e-01 | Valid loss: 9.0738e-01 | Train acc: 0.5543 ± 0.0000 | Valid acc: 0.5738 ± 0.0000 | Valid Power: 0.0009 | Train Power: 0.0009 | patience:  49 | lr: 0.00078125 | Epoch time: 0.1 |

2024-09-10 07:06:32,002 - INFO -
| Epoch:    890 | Train loss: 9.5957e-01 | Valid loss: 9.0822e-01 | Train acc: 0.5598 ± 0.0000 | Valid acc: 0.5738 ± 0.0000 | Valid Power: 0.0012 | Train Power: 0.0012 | patience:  59 | lr: 0.00078125 | Epoch time: 0.1 |

2024-09-10 07:06:32,777 - INFO -
| Epoch:    900 | Train loss: 9.5916e-01 | Valid loss: 9.0877e-01 | Train acc: 0.5598 ± 0.0000 | Valid acc: 0.5738 ± 0.0000 | Valid Power: 0.0025 | Train Power: 0.0022 | patience:  69 | lr: 0.00078125 | Epoch time: 0.1 |

2024-09-10 07:06:33,552 - INFO -
| Epoch:    910 | Train loss: 9.5880e-01 | Valid loss: 9.0931e-01 | Train acc: 0.5598 ± 0.0000 | Valid acc: 0.5738 ± 0.0000 | Valid Power: 0.0089 | Train Power: 0.0136 | patience:  79 | lr: 0.00078125 | Epoch time: 0.1 |

2024-09-10 07:06:34,335 - INFO -
| Epoch:    920 | Train loss: 9.5846e-01 | Valid loss: 9.0963e-01 | Train acc: 0.5598 ± 0.0000 | Valid acc: 0.5738 ± 0.0000 | Valid Power: 0.0033 | Train Power: 0.0035 | patience:  89 | lr: 0.00078125 | Epoch time: 0.1 |

2024-09-10 07:06:35,110 - INFO -
| Epoch:    930 | Train loss: 9.5815e-01 | Valid loss: 9.0992e-01 | Train acc: 0.5598 ± 0.0000 | Valid acc: 0.5738 ± 0.0000 | Valid Power: 0.0028 | Train Power: 0.0029 | patience:  99 | lr: 0.00078125 | Epoch time: 0.1 |

2024-09-10 07:06:35,268 - INFO -
load best network to warm start training with lower lr.

2024-09-10 07:06:35,269 - INFO -
lr update to 0.000390625.

2024-09-10 07:06:35,889 - INFO -
| Epoch:    940 | Train loss: 9.6327e-01 | Valid loss: 9.0331e-01 | Train acc: 0.5489 ± 0.0000 | Valid acc: 0.5738 ± 0.0000 | Valid Power: 0.0008 | Train Power: 0.0008 | patience:   8 | lr: 0.000390625 | Epoch time: 0.1 |

2024-09-10 07:06:36,664 - INFO -
| Epoch:    950 | Train loss: 9.6283e-01 | Valid loss: 9.0496e-01 | Train acc: 0.5489 ± 0.0000 | Valid acc: 0.5738 ± 0.0000 | Valid Power: 0.0008 | Train Power: 0.0008 | patience:  18 | lr: 0.000390625 | Epoch time: 0.1 |

2024-09-10 07:06:37,440 - INFO -
| Epoch:    960 | Train loss: 9.6243e-01 | Valid loss: 9.0501e-01 | Train acc: 0.5489 ± 0.0000 | Valid acc: 0.5738 ± 0.0000 | Valid Power: 0.0008 | Train Power: 0.0008 | patience:  28 | lr: 0.000390625 | Epoch time: 0.1 |

2024-09-10 07:06:38,215 - INFO -
| Epoch:    970 | Train loss: 9.6204e-01 | Valid loss: 9.0511e-01 | Train acc: 0.5489 ± 0.0000 | Valid acc: 0.5738 ± 0.0000 | Valid Power: 0.0008 | Train Power: 0.0008 | patience:  38 | lr: 0.000390625 | Epoch time: 0.1 |

2024-09-10 07:06:38,989 - INFO -
| Epoch:    980 | Train loss: 9.6167e-01 | Valid loss: 9.0570e-01 | Train acc: 0.5489 ± 0.0000 | Valid acc: 0.5738 ± 0.0000 | Valid Power: 0.0008 | Train Power: 0.0008 | patience:  48 | lr: 0.000390625 | Epoch time: 0.1 |

2024-09-10 07:06:39,765 - INFO -
| Epoch:    990 | Train loss: 9.6131e-01 | Valid loss: 9.0614e-01 | Train acc: 0.5543 ± 0.0000 | Valid acc: 0.5738 ± 0.0000 | Valid Power: 0.0008 | Train Power: 0.0008 | patience:  58 | lr: 0.000390625 | Epoch time: 0.1 |

2024-09-10 07:06:40,542 - INFO -
| Epoch:   1000 | Train loss: 9.6096e-01 | Valid loss: 9.0637e-01 | Train acc: 0.5489 ± 0.0000 | Valid acc: 0.5738 ± 0.0000 | Valid Power: 0.0009 | Train Power: 0.0009 | patience:  68 | lr: 0.000390625 | Epoch time: 0.1 |

2024-09-10 07:06:41,318 - INFO -
| Epoch:   1010 | Train loss: 9.6055e-01 | Valid loss: 9.0659e-01 | Train acc: 0.5489 ± 0.0000 | Valid acc: 0.5738 ± 0.0000 | Valid Power: 0.0009 | Train Power: 0.0009 | patience:  78 | lr: 0.000390625 | Epoch time: 0.1 |

2024-09-10 07:06:42,091 - INFO -
| Epoch:   1020 | Train loss: 9.6028e-01 | Valid loss: 9.0696e-01 | Train acc: 0.5543 ± 0.0000 | Valid acc: 0.5738 ± 0.0000 | Valid Power: 0.0009 | Train Power: 0.0009 | patience:  88 | lr: 0.000390625 | Epoch time: 0.1 |

2024-09-10 07:06:42,792 - INFO -
| Epoch:   1030 | Train loss: 9.6003e-01 | Valid loss: 9.0728e-01 | Train acc: 0.5543 ± 0.0000 | Valid acc: 0.5738 ± 0.0000 | Valid Power: 0.0009 | Train Power: 0.0009 | patience:  98 | lr: 0.000390625 | Epoch time: 0.1 |

2024-09-10 07:06:43,005 - INFO -
load best network to warm start training with lower lr.

2024-09-10 07:06:43,005 - INFO -
lr update to 0.0001953125.

2024-09-10 07:06:43,504 - INFO -
| Epoch:   1040 | Train loss: 9.6352e-01 | Valid loss: 9.0230e-01 | Train acc: 0.5489 ± 0.0000 | Valid acc: 0.5738 ± 0.0000 | Valid Power: 0.0008 | Train Power: 0.0008 | patience:   7 | lr: 0.0001953125 | Epoch time: 0.1 |

2024-09-10 07:06:44,289 - INFO -
| Epoch:   1050 | Train loss: 9.6321e-01 | Valid loss: 9.0343e-01 | Train acc: 0.5489 ± 0.0000 | Valid acc: 0.5738 ± 0.0000 | Valid Power: 0.0008 | Train Power: 0.0008 | patience:  17 | lr: 0.0001953125 | Epoch time: 0.1 |

2024-09-10 07:06:44,996 - INFO -
| Epoch:   1060 | Train loss: 9.6298e-01 | Valid loss: 9.0436e-01 | Train acc: 0.5489 ± 0.0000 | Valid acc: 0.5738 ± 0.0000 | Valid Power: 0.0008 | Train Power: 0.0008 | patience:  27 | lr: 0.0001953125 | Epoch time: 0.1 |

2024-09-10 07:06:45,703 - INFO -
| Epoch:   1070 | Train loss: 9.6278e-01 | Valid loss: 9.0473e-01 | Train acc: 0.5489 ± 0.0000 | Valid acc: 0.5738 ± 0.0000 | Valid Power: 0.0008 | Train Power: 0.0008 | patience:  37 | lr: 0.0001953125 | Epoch time: 0.1 |

2024-09-10 07:06:46,407 - INFO -
| Epoch:   1080 | Train loss: 9.6258e-01 | Valid loss: 9.0485e-01 | Train acc: 0.5489 ± 0.0000 | Valid acc: 0.5738 ± 0.0000 | Valid Power: 0.0008 | Train Power: 0.0008 | patience:  47 | lr: 0.0001953125 | Epoch time: 0.1 |

2024-09-10 07:06:47,115 - INFO -
| Epoch:   1090 | Train loss: 9.6238e-01 | Valid loss: 9.0490e-01 | Train acc: 0.5489 ± 0.0000 | Valid acc: 0.5738 ± 0.0000 | Valid Power: 0.0008 | Train Power: 0.0008 | patience:  57 | lr: 0.0001953125 | Epoch time: 0.1 |

2024-09-10 07:06:47,821 - INFO -
| Epoch:   1100 | Train loss: 9.6219e-01 | Valid loss: 9.0504e-01 | Train acc: 0.5489 ± 0.0000 | Valid acc: 0.5738 ± 0.0000 | Valid Power: 0.0008 | Train Power: 0.0008 | patience:  67 | lr: 0.0001953125 | Epoch time: 0.1 |

2024-09-10 07:06:48,523 - INFO -
| Epoch:   1110 | Train loss: 9.6200e-01 | Valid loss: 9.0529e-01 | Train acc: 0.5489 ± 0.0000 | Valid acc: 0.5738 ± 0.0000 | Valid Power: 0.0008 | Train Power: 0.0008 | patience:  77 | lr: 0.0001953125 | Epoch time: 0.1 |

2024-09-10 07:06:49,229 - INFO -
| Epoch:   1120 | Train loss: 9.6182e-01 | Valid loss: 9.0551e-01 | Train acc: 0.5489 ± 0.0000 | Valid acc: 0.5738 ± 0.0000 | Valid Power: 0.0008 | Train Power: 0.0008 | patience:  87 | lr: 0.0001953125 | Epoch time: 0.1 |

2024-09-10 07:06:49,930 - INFO -
| Epoch:   1130 | Train loss: 9.6163e-01 | Valid loss: 9.0568e-01 | Train acc: 0.5489 ± 0.0000 | Valid acc: 0.5738 ± 0.0000 | Valid Power: 0.0008 | Train Power: 0.0008 | patience:  97 | lr: 0.0001953125 | Epoch time: 0.1 |

2024-09-10 07:06:50,213 - INFO -
load best network to warm start training with lower lr.

2024-09-10 07:06:50,214 - INFO -
lr update to 9.765625e-05.

2024-09-10 07:06:50,214 - INFO -
Early stop.

2024-09-10 07:06:50,221 - INFO -
Training if finished.

2024-09-12 20:25:13,080 - INFO -
Configuration: 
gmin                0.01
gmax                10.0
T                   0.1
m                   0.3
type_nonlinear      normal
act                 tanh
ACT_R1n             12.7865
ACT_R2n             -3.1871
ACT_W1n             -10.4537
ACT_L1n             10.546
ACT_W2n             -5.8496
ACT_L2n             4.2337
S_R1n               -11.7481
S_R2n               -0.3905
S_W1n               -9.169
S_L1n               0.3913
S_W2n               7.2004
S_L2n               15.5558
ReLU_RHn            -1.9557
ReLU_RLn            -20.1581
ReLU_RDn            16.6486
ReLU_RBn            -14.3472
ReLU_Wn             16.655
ReLU_Ln             -21.7591
HS_Rn               -0.3766
HS_Wn               0.5192
HS_Ln               4.6293
NEG_R1n             -7.0846
NEG_R2n             -2.5695
NEG_R3n             16.1542
NEG_W1n             13.8696
NEG_L1n             2.7635
NEG_W2n             1.2674
NEG_L2n             -10.4803
NEG_W3n             -6.4386
NEG_L3n             5.1005
task                normal
DATASET             12
DataPath            ./dataset
InputNoise          0.0
IN_test             0.0
R_train             1
R_test              1
N_time              32
pathnorm            False
hidden              [3]
skipconnection      False
SEED                8
DEVICE              cpu
PATIENCE            500
EPOCH               10000000000
LR                  0.1
PROGRESSIVE         True
LR_PATIENCE         100
LR_DECAY            0.5
LR_MIN              0.0001
metric              acc
SoftEva             True
TIMELIMITATION      71
MODE                nominal
M_train             1
K_train             1
M_test              1
K_test              1
t_test_max          1
integration         MC
N_train             1
e_train             0.0
N_test              100
e_test              0.1
e_fault             2
fault_ratio         0.0
N_fault             50
e_fault_test        0
N_fault_test        50
dropout             0.0
lagrangian_loss     False
rho                 100
powerestimator      none
powerbalance        0.0
estimatorbalance    0.0
pgmin               1e-07
power_ratio         1000
lambda_P            100
areaestimator       none
areabalance         0.0
area_theta          0.15
area_act            30.0
area_neg            22.7
lambda_A            0.001
lnc                 False
projectname         tanh_0_FaultAnalysisNormal
temppath            ./tanh_0_FaultAnalysisNormal/temp/
logfilepath         ./tanh_0_FaultAnalysisNormal/log/
report_freq         10
recording           False
recordpath          ./tanh_0_FaultAnalysisNormal/record/
savepath            ./tanh_0_FaultAnalysisNormal/models/
loglevel            info


2024-09-12 20:25:13,153 - INFO -
Training network on device: cpu.

2024-09-12 20:25:13,154 - INFO -
Training setup: data_12_vertebralcolumn3clases_seed_08_epsilon_0.0_dropout_0.0_fault_ratio_0.0.model.

2024-09-12 20:25:13,154 - INFO -
{'dataname': 'vertebralcolumn3clases', 'N_feature': 6, 'N_class': 3, 'N_train': 184, 'N_valid': 61, 'N_test': 63}

2024-09-12 20:25:13,155 - INFO -
Training was already finished.

