2024-09-09 23:57:34,443 - INFO -
Configuration: 
gmin                0.01
gmax                10.0
T                   0.1
m                   0.3
type_nonlinear      normal
act                 tanh
ACT_R1n             12.7865
ACT_R2n             -3.1871
ACT_W1n             -10.4537
ACT_L1n             10.546
ACT_W2n             -5.8496
ACT_L2n             4.2337
S_R1n               -11.7481
S_R2n               -0.3905
S_W1n               -9.169
S_L1n               0.3913
S_W2n               7.2004
S_L2n               15.5558
ReLU_RHn            -1.9557
ReLU_RLn            -20.1581
ReLU_RDn            16.6486
ReLU_RBn            -14.3472
ReLU_Wn             16.655
ReLU_Ln             -21.7591
HS_Rn               -0.3766
HS_Wn               0.5192
HS_Ln               4.6293
NEG_R1n             -7.0846
NEG_R2n             -2.5695
NEG_R3n             16.1542
NEG_W1n             13.8696
NEG_L1n             2.7635
NEG_W2n             1.2674
NEG_L2n             -10.4803
NEG_W3n             -6.4386
NEG_L3n             5.1005
task                normal
DATASET             9
DataPath            ./dataset
InputNoise          0.0
IN_test             0.0
R_train             1
R_test              1
N_time              32
pathnorm            False
hidden              [3]
skipconnection      False
SEED                0
DEVICE              cpu
PATIENCE            500
EPOCH               10000000000
LR                  0.1
PROGRESSIVE         True
LR_PATIENCE         100
LR_DECAY            0.5
LR_MIN              0.0001
metric              acc
SoftEva             True
TIMELIMITATION      71
MODE                nominal
M_train             1
K_train             1
M_test              1
K_test              1
t_test_max          1
integration         MC
N_train             1
e_train             0.0
N_test              100
e_test              0.1
e_fault             2
fault_ratio         0.0
N_fault             50
e_fault_test        0
N_fault_test        50
dropout             0.0
lagrangian_loss     False
rho                 100
powerestimator      none
powerbalance        0.0
estimatorbalance    0.0
pgmin               1e-07
power_ratio         1000
lambda_P            100
areaestimator       none
areabalance         0.0
area_theta          0.15
area_act            30.0
area_neg            22.7
lambda_A            0.001
lnc                 False
projectname         tanh_0_FaultAnalysisNormal
temppath            ./tanh_0_FaultAnalysisNormal/temp/
logfilepath         ./tanh_0_FaultAnalysisNormal/log/
report_freq         10
recording           False
recordpath          ./tanh_0_FaultAnalysisNormal/record/
savepath            ./tanh_0_FaultAnalysisNormal/models/
loglevel            info


2024-09-09 23:57:34,444 - INFO -
Training network on device: cpu.

2024-09-09 23:57:34,444 - INFO -
Training setup: data_09_seeds_seed_00_epsilon_0.0_dropout_0.0_fault_ratio_0.0.model.

2024-09-09 23:57:34,444 - INFO -
{'dataname': 'seeds', 'N_feature': 7, 'N_class': 3, 'N_train': 124, 'N_valid': 41, 'N_test': 43}

2024-09-09 23:57:34,444 - INFO -
Topology of the network: [7, 3, 3].

2024-09-09 23:57:36,248 - INFO -
| Epoch:      0 | Train loss: 1.0985e+00 | Valid loss: 1.0995e+00 | Train acc: 0.4032 ± 0.0000 | Valid acc: 0.4146 ± 0.0000 | Valid Power: 0.0009 | Train Power: 0.0005 | patience:   0 | lr: 0.1 | Epoch time: 0.1 |

2024-09-09 23:57:37,214 - INFO -
| Epoch:     10 | Train loss: 8.6747e-01 | Valid loss: 8.7677e-01 | Train acc: 0.5968 ± 0.0000 | Valid acc: 0.7561 ± 0.0000 | Valid Power: 0.0009 | Train Power: 0.0009 | patience:   0 | lr: 0.1 | Epoch time: 0.1 |

2024-09-09 23:57:38,191 - INFO -
| Epoch:     20 | Train loss: 6.7211e-01 | Valid loss: 6.5708e-01 | Train acc: 0.8790 ± 0.0000 | Valid acc: 0.9024 ± 0.0000 | Valid Power: 0.0009 | Train Power: 0.0009 | patience:   0 | lr: 0.1 | Epoch time: 0.1 |

2024-09-09 23:57:39,157 - INFO -
| Epoch:     30 | Train loss: 5.4893e-01 | Valid loss: 5.6748e-01 | Train acc: 0.8952 ± 0.0000 | Valid acc: 0.9024 ± 0.0000 | Valid Power: 0.0009 | Train Power: 0.0009 | patience:   0 | lr: 0.1 | Epoch time: 0.1 |

2024-09-09 23:57:40,124 - INFO -
| Epoch:     40 | Train loss: 4.9577e-01 | Valid loss: 5.9635e-01 | Train acc: 0.9113 ± 0.0000 | Valid acc: 0.8293 ± 0.0000 | Valid Power: 0.0009 | Train Power: 0.0009 | patience:   3 | lr: 0.1 | Epoch time: 0.1 |

2024-09-09 23:57:41,076 - INFO -
| Epoch:     50 | Train loss: 4.8149e-01 | Valid loss: 5.4111e-01 | Train acc: 0.9113 ± 0.0000 | Valid acc: 0.8780 ± 0.0000 | Valid Power: 0.0010 | Train Power: 0.0009 | patience:   4 | lr: 0.1 | Epoch time: 0.1 |

2024-09-09 23:57:42,046 - INFO -
| Epoch:     60 | Train loss: 4.7872e-01 | Valid loss: 5.0522e-01 | Train acc: 0.9032 ± 0.0000 | Valid acc: 0.9024 ± 0.0000 | Valid Power: 0.0010 | Train Power: 0.0016 | patience:   0 | lr: 0.1 | Epoch time: 0.1 |

2024-09-09 23:57:43,002 - INFO -
| Epoch:     70 | Train loss: 4.6856e-01 | Valid loss: 5.0606e-01 | Train acc: 0.9032 ± 0.0000 | Valid acc: 0.8780 ± 0.0000 | Valid Power: 0.0009 | Train Power: 0.0009 | patience:   1 | lr: 0.1 | Epoch time: 0.1 |

2024-09-09 23:57:43,946 - INFO -
| Epoch:     80 | Train loss: 4.5317e-01 | Valid loss: 5.1647e-01 | Train acc: 0.8952 ± 0.0000 | Valid acc: 0.8780 ± 0.0000 | Valid Power: 0.0009 | Train Power: 0.0009 | patience:   3 | lr: 0.1 | Epoch time: 0.1 |

2024-09-09 23:57:44,885 - INFO -
| Epoch:     90 | Train loss: 4.3746e-01 | Valid loss: 5.2083e-01 | Train acc: 0.9194 ± 0.0000 | Valid acc: 0.8537 ± 0.0000 | Valid Power: 0.0009 | Train Power: 0.0009 | patience:  13 | lr: 0.1 | Epoch time: 0.1 |

2024-09-09 23:57:45,823 - INFO -
| Epoch:    100 | Train loss: 4.1735e-01 | Valid loss: 5.0519e-01 | Train acc: 0.9274 ± 0.0000 | Valid acc: 0.8537 ± 0.0000 | Valid Power: 0.0009 | Train Power: 0.0009 | patience:  23 | lr: 0.1 | Epoch time: 0.1 |

2024-09-09 23:57:46,764 - INFO -
| Epoch:    110 | Train loss: 4.2178e-01 | Valid loss: 5.1140e-01 | Train acc: 0.9194 ± 0.0000 | Valid acc: 0.8537 ± 0.0000 | Valid Power: 0.0010 | Train Power: 0.0011 | patience:  33 | lr: 0.1 | Epoch time: 0.1 |

2024-09-09 23:57:47,703 - INFO -
| Epoch:    120 | Train loss: 4.5104e-01 | Valid loss: 5.3973e-01 | Train acc: 0.8790 ± 0.0000 | Valid acc: 0.8293 ± 0.0000 | Valid Power: 0.0009 | Train Power: 0.0009 | patience:  43 | lr: 0.1 | Epoch time: 0.1 |

2024-09-09 23:57:48,649 - INFO -
| Epoch:    130 | Train loss: 4.6407e-01 | Valid loss: 4.6748e-01 | Train acc: 0.8548 ± 0.0000 | Valid acc: 0.8780 ± 0.0000 | Valid Power: 0.0010 | Train Power: 0.0010 | patience:   0 | lr: 0.1 | Epoch time: 0.1 |

2024-09-09 23:57:49,591 - INFO -
| Epoch:    140 | Train loss: 4.1939e-01 | Valid loss: 4.8840e-01 | Train acc: 0.9194 ± 0.0000 | Valid acc: 0.8537 ± 0.0000 | Valid Power: 0.0012 | Train Power: 0.0013 | patience:  10 | lr: 0.1 | Epoch time: 0.1 |

2024-09-09 23:57:50,532 - INFO -
| Epoch:    150 | Train loss: 4.1377e-01 | Valid loss: 4.7897e-01 | Train acc: 0.9032 ± 0.0000 | Valid acc: 0.8780 ± 0.0000 | Valid Power: 0.0010 | Train Power: 0.0010 | patience:  20 | lr: 0.1 | Epoch time: 0.1 |

2024-09-09 23:57:51,564 - INFO -
| Epoch:    160 | Train loss: 4.0323e-01 | Valid loss: 4.9332e-01 | Train acc: 0.9194 ± 0.0000 | Valid acc: 0.8537 ± 0.0000 | Valid Power: 0.0010 | Train Power: 0.0010 | patience:  30 | lr: 0.1 | Epoch time: 0.1 |

2024-09-09 23:57:52,513 - INFO -
| Epoch:    170 | Train loss: 4.3253e-01 | Valid loss: 4.3911e-01 | Train acc: 0.8952 ± 0.0000 | Valid acc: 0.9024 ± 0.0000 | Valid Power: 0.0010 | Train Power: 0.0010 | patience:   0 | lr: 0.1 | Epoch time: 0.1 |

2024-09-09 23:57:53,449 - INFO -
| Epoch:    180 | Train loss: 4.2511e-01 | Valid loss: 4.4891e-01 | Train acc: 0.8952 ± 0.0000 | Valid acc: 0.9024 ± 0.0000 | Valid Power: 0.0010 | Train Power: 0.0010 | patience:  10 | lr: 0.1 | Epoch time: 0.1 |

2024-09-09 23:57:54,384 - INFO -
| Epoch:    190 | Train loss: 4.3189e-01 | Valid loss: 5.6784e-01 | Train acc: 0.9194 ± 0.0000 | Valid acc: 0.8293 ± 0.0000 | Valid Power: 0.0009 | Train Power: 0.0009 | patience:  20 | lr: 0.1 | Epoch time: 0.1 |

2024-09-09 23:57:55,319 - INFO -
| Epoch:    200 | Train loss: 4.5396e-01 | Valid loss: 5.1712e-01 | Train acc: 0.8952 ± 0.0000 | Valid acc: 0.8537 ± 0.0000 | Valid Power: 0.0011 | Train Power: 0.0013 | patience:  30 | lr: 0.1 | Epoch time: 0.1 |

2024-09-09 23:57:56,257 - INFO -
| Epoch:    210 | Train loss: 4.4820e-01 | Valid loss: 4.7416e-01 | Train acc: 0.8952 ± 0.0000 | Valid acc: 0.8780 ± 0.0000 | Valid Power: 0.0010 | Train Power: 0.0011 | patience:  40 | lr: 0.1 | Epoch time: 0.1 |

2024-09-09 23:57:57,194 - INFO -
| Epoch:    220 | Train loss: 4.0057e-01 | Valid loss: 5.0940e-01 | Train acc: 0.9274 ± 0.0000 | Valid acc: 0.8537 ± 0.0000 | Valid Power: 0.0010 | Train Power: 0.0010 | patience:  50 | lr: 0.1 | Epoch time: 0.1 |

2024-09-09 23:57:58,131 - INFO -
| Epoch:    230 | Train loss: 4.1320e-01 | Valid loss: 4.7865e-01 | Train acc: 0.9113 ± 0.0000 | Valid acc: 0.8780 ± 0.0000 | Valid Power: 0.0020 | Train Power: 0.0040 | patience:  60 | lr: 0.1 | Epoch time: 0.1 |

2024-09-09 23:57:59,074 - INFO -
| Epoch:    240 | Train loss: 4.2657e-01 | Valid loss: 5.0419e-01 | Train acc: 0.9032 ± 0.0000 | Valid acc: 0.8537 ± 0.0000 | Valid Power: 0.0012 | Train Power: 0.0012 | patience:  70 | lr: 0.1 | Epoch time: 0.1 |

2024-09-09 23:58:00,012 - INFO -
| Epoch:    250 | Train loss: 4.1895e-01 | Valid loss: 4.7554e-01 | Train acc: 0.9113 ± 0.0000 | Valid acc: 0.8780 ± 0.0000 | Valid Power: 0.0011 | Train Power: 0.0011 | patience:  80 | lr: 0.1 | Epoch time: 0.1 |

2024-09-09 23:58:00,951 - INFO -
| Epoch:    260 | Train loss: 4.0526e-01 | Valid loss: 4.6564e-01 | Train acc: 0.9194 ± 0.0000 | Valid acc: 0.8780 ± 0.0000 | Valid Power: 0.0012 | Train Power: 0.0011 | patience:  90 | lr: 0.1 | Epoch time: 0.1 |

2024-09-09 23:58:01,931 - INFO -
| Epoch:    270 | Train loss: 3.9670e-01 | Valid loss: 4.8859e-01 | Train acc: 0.9194 ± 0.0000 | Valid acc: 0.8780 ± 0.0000 | Valid Power: 0.0018 | Train Power: 0.0012 | patience: 100 | lr: 0.1 | Epoch time: 0.1 |

2024-09-09 23:58:02,029 - INFO -
load best network to warm start training with lower lr.

2024-09-09 23:58:02,029 - INFO -
lr update to 0.05.

2024-09-09 23:58:02,878 - INFO -
| Epoch:    280 | Train loss: 3.8813e-01 | Valid loss: 4.7446e-01 | Train acc: 0.9355 ± 0.0000 | Valid acc: 0.8780 ± 0.0000 | Valid Power: 0.0010 | Train Power: 0.0010 | patience:   9 | lr: 0.05 | Epoch time: 0.1 |

2024-09-09 23:58:03,816 - INFO -
| Epoch:    290 | Train loss: 3.9516e-01 | Valid loss: 4.7406e-01 | Train acc: 0.9274 ± 0.0000 | Valid acc: 0.8780 ± 0.0000 | Valid Power: 0.0010 | Train Power: 0.0010 | patience:  19 | lr: 0.05 | Epoch time: 0.1 |

2024-09-09 23:58:04,754 - INFO -
| Epoch:    300 | Train loss: 3.9284e-01 | Valid loss: 4.8387e-01 | Train acc: 0.9274 ± 0.0000 | Valid acc: 0.8780 ± 0.0000 | Valid Power: 0.0010 | Train Power: 0.0010 | patience:  29 | lr: 0.05 | Epoch time: 0.1 |

2024-09-09 23:58:05,693 - INFO -
| Epoch:    310 | Train loss: 3.9100e-01 | Valid loss: 4.7538e-01 | Train acc: 0.9274 ± 0.0000 | Valid acc: 0.8780 ± 0.0000 | Valid Power: 0.0012 | Train Power: 0.0011 | patience:  39 | lr: 0.05 | Epoch time: 0.1 |

2024-09-09 23:58:06,632 - INFO -
| Epoch:    320 | Train loss: 3.8946e-01 | Valid loss: 4.7650e-01 | Train acc: 0.9274 ± 0.0000 | Valid acc: 0.8780 ± 0.0000 | Valid Power: 0.0011 | Train Power: 0.0011 | patience:  49 | lr: 0.05 | Epoch time: 0.1 |

2024-09-09 23:58:07,570 - INFO -
| Epoch:    330 | Train loss: 3.8825e-01 | Valid loss: 4.7850e-01 | Train acc: 0.9274 ± 0.0000 | Valid acc: 0.8780 ± 0.0000 | Valid Power: 0.0013 | Train Power: 0.0012 | patience:  59 | lr: 0.05 | Epoch time: 0.1 |

2024-09-09 23:58:08,510 - INFO -
| Epoch:    340 | Train loss: 3.8728e-01 | Valid loss: 4.7829e-01 | Train acc: 0.9274 ± 0.0000 | Valid acc: 0.8780 ± 0.0000 | Valid Power: 0.0012 | Train Power: 0.0012 | patience:  69 | lr: 0.05 | Epoch time: 0.1 |

2024-09-09 23:58:09,450 - INFO -
| Epoch:    350 | Train loss: 3.9151e-01 | Valid loss: 4.7753e-01 | Train acc: 0.9194 ± 0.0000 | Valid acc: 0.8780 ± 0.0000 | Valid Power: 0.0011 | Train Power: 0.0012 | patience:  79 | lr: 0.05 | Epoch time: 0.1 |

2024-09-09 23:58:10,398 - INFO -
| Epoch:    360 | Train loss: 3.9206e-01 | Valid loss: 4.7708e-01 | Train acc: 0.9194 ± 0.0000 | Valid acc: 0.8780 ± 0.0000 | Valid Power: 0.0011 | Train Power: 0.0011 | patience:  89 | lr: 0.05 | Epoch time: 0.1 |

2024-09-09 23:58:11,338 - INFO -
| Epoch:    370 | Train loss: 3.9111e-01 | Valid loss: 4.7649e-01 | Train acc: 0.9194 ± 0.0000 | Valid acc: 0.8780 ± 0.0000 | Valid Power: 0.0011 | Train Power: 0.0011 | patience:  99 | lr: 0.05 | Epoch time: 0.1 |

2024-09-09 23:58:11,528 - INFO -
load best network to warm start training with lower lr.

2024-09-09 23:58:11,528 - INFO -
lr update to 0.025.

2024-09-09 23:58:12,280 - INFO -
| Epoch:    380 | Train loss: 3.9354e-01 | Valid loss: 4.8953e-01 | Train acc: 0.9274 ± 0.0000 | Valid acc: 0.8537 ± 0.0000 | Valid Power: 0.0011 | Train Power: 0.0015 | patience:   8 | lr: 0.025 | Epoch time: 0.1 |

2024-09-09 23:58:13,220 - INFO -
| Epoch:    390 | Train loss: 3.9370e-01 | Valid loss: 4.7659e-01 | Train acc: 0.9274 ± 0.0000 | Valid acc: 0.8780 ± 0.0000 | Valid Power: 0.0009 | Train Power: 0.0009 | patience:  18 | lr: 0.025 | Epoch time: 0.1 |

2024-09-09 23:58:14,162 - INFO -
| Epoch:    400 | Train loss: 3.9142e-01 | Valid loss: 5.0080e-01 | Train acc: 0.9274 ± 0.0000 | Valid acc: 0.8537 ± 0.0000 | Valid Power: 0.0045 | Train Power: 0.0012 | patience:  28 | lr: 0.025 | Epoch time: 0.1 |

2024-09-09 23:58:15,101 - INFO -
| Epoch:    410 | Train loss: 3.8950e-01 | Valid loss: 4.9526e-01 | Train acc: 0.9274 ± 0.0000 | Valid acc: 0.8537 ± 0.0000 | Valid Power: 0.0010 | Train Power: 0.0010 | patience:  38 | lr: 0.025 | Epoch time: 0.1 |

2024-09-09 23:58:16,045 - INFO -
| Epoch:    420 | Train loss: 3.8871e-01 | Valid loss: 4.9445e-01 | Train acc: 0.9274 ± 0.0000 | Valid acc: 0.8537 ± 0.0000 | Valid Power: 0.0011 | Train Power: 0.0011 | patience:  48 | lr: 0.025 | Epoch time: 0.1 |

2024-09-09 23:58:16,997 - INFO -
| Epoch:    430 | Train loss: 3.8769e-01 | Valid loss: 4.9567e-01 | Train acc: 0.9274 ± 0.0000 | Valid acc: 0.8537 ± 0.0000 | Valid Power: 0.0017 | Train Power: 0.0016 | patience:  58 | lr: 0.025 | Epoch time: 0.1 |

2024-09-09 23:58:17,949 - INFO -
| Epoch:    440 | Train loss: 3.9153e-01 | Valid loss: 4.9341e-01 | Train acc: 0.9194 ± 0.0000 | Valid acc: 0.8537 ± 0.0000 | Valid Power: 0.0065 | Train Power: 0.0132 | patience:  68 | lr: 0.025 | Epoch time: 0.1 |

2024-09-09 23:58:18,896 - INFO -
| Epoch:    450 | Train loss: 3.9091e-01 | Valid loss: 4.7586e-01 | Train acc: 0.9194 ± 0.0000 | Valid acc: 0.8780 ± 0.0000 | Valid Power: 0.0022 | Train Power: 0.0023 | patience:  78 | lr: 0.025 | Epoch time: 0.1 |

2024-09-09 23:58:19,836 - INFO -
| Epoch:    460 | Train loss: 3.9972e-01 | Valid loss: 5.0463e-01 | Train acc: 0.9113 ± 0.0000 | Valid acc: 0.8537 ± 0.0000 | Valid Power: 0.0020 | Train Power: 0.0020 | patience:  88 | lr: 0.025 | Epoch time: 0.1 |

2024-09-09 23:58:20,773 - INFO -
| Epoch:    470 | Train loss: 3.9173e-01 | Valid loss: 4.8900e-01 | Train acc: 0.9194 ± 0.0000 | Valid acc: 0.8537 ± 0.0000 | Valid Power: 0.0019 | Train Power: 0.0019 | patience:  98 | lr: 0.025 | Epoch time: 0.1 |

2024-09-09 23:58:21,058 - INFO -
load best network to warm start training with lower lr.

2024-09-09 23:58:21,058 - INFO -
lr update to 0.0125.

2024-09-09 23:58:21,716 - INFO -
| Epoch:    480 | Train loss: 4.1144e-01 | Valid loss: 4.7896e-01 | Train acc: 0.9113 ± 0.0000 | Valid acc: 0.8780 ± 0.0000 | Valid Power: 0.0011 | Train Power: 0.0012 | patience:   7 | lr: 0.0125 | Epoch time: 0.1 |

2024-09-09 23:58:22,652 - INFO -
| Epoch:    490 | Train loss: 3.9992e-01 | Valid loss: 5.0602e-01 | Train acc: 0.9194 ± 0.0000 | Valid acc: 0.8537 ± 0.0000 | Valid Power: 0.0011 | Train Power: 0.0010 | patience:  17 | lr: 0.0125 | Epoch time: 0.1 |

2024-09-09 23:58:23,594 - INFO -
| Epoch:    500 | Train loss: 3.9391e-01 | Valid loss: 4.8003e-01 | Train acc: 0.9274 ± 0.0000 | Valid acc: 0.8780 ± 0.0000 | Valid Power: 0.0015 | Train Power: 0.0018 | patience:  27 | lr: 0.0125 | Epoch time: 0.1 |

2024-09-09 23:58:24,533 - INFO -
| Epoch:    510 | Train loss: 3.8612e-01 | Valid loss: 4.8189e-01 | Train acc: 0.9355 ± 0.0000 | Valid acc: 0.8780 ± 0.0000 | Valid Power: 0.0012 | Train Power: 0.0012 | patience:  37 | lr: 0.0125 | Epoch time: 0.1 |

2024-09-09 23:58:25,477 - INFO -
| Epoch:    520 | Train loss: 3.8557e-01 | Valid loss: 4.7732e-01 | Train acc: 0.9355 ± 0.0000 | Valid acc: 0.8780 ± 0.0000 | Valid Power: 0.0011 | Train Power: 0.0011 | patience:  47 | lr: 0.0125 | Epoch time: 0.1 |

2024-09-09 23:58:26,414 - INFO -
| Epoch:    530 | Train loss: 3.8510e-01 | Valid loss: 4.7757e-01 | Train acc: 0.9355 ± 0.0000 | Valid acc: 0.8780 ± 0.0000 | Valid Power: 0.0011 | Train Power: 0.0011 | patience:  57 | lr: 0.0125 | Epoch time: 0.1 |

2024-09-09 23:58:27,353 - INFO -
| Epoch:    540 | Train loss: 3.8470e-01 | Valid loss: 4.7765e-01 | Train acc: 0.9355 ± 0.0000 | Valid acc: 0.8780 ± 0.0000 | Valid Power: 0.0011 | Train Power: 0.0011 | patience:  67 | lr: 0.0125 | Epoch time: 0.1 |

2024-09-09 23:58:28,292 - INFO -
| Epoch:    550 | Train loss: 3.8427e-01 | Valid loss: 4.7801e-01 | Train acc: 0.9355 ± 0.0000 | Valid acc: 0.8780 ± 0.0000 | Valid Power: 0.0011 | Train Power: 0.0011 | patience:  77 | lr: 0.0125 | Epoch time: 0.1 |

2024-09-09 23:58:29,230 - INFO -
| Epoch:    560 | Train loss: 3.8383e-01 | Valid loss: 4.7746e-01 | Train acc: 0.9355 ± 0.0000 | Valid acc: 0.8780 ± 0.0000 | Valid Power: 0.0011 | Train Power: 0.0011 | patience:  87 | lr: 0.0125 | Epoch time: 0.1 |

2024-09-09 23:58:30,169 - INFO -
| Epoch:    570 | Train loss: 3.8337e-01 | Valid loss: 4.7765e-01 | Train acc: 0.9355 ± 0.0000 | Valid acc: 0.8780 ± 0.0000 | Valid Power: 0.0011 | Train Power: 0.0011 | patience:  97 | lr: 0.0125 | Epoch time: 0.1 |

2024-09-09 23:58:30,548 - INFO -
load best network to warm start training with lower lr.

2024-09-09 23:58:30,548 - INFO -
lr update to 0.00625.

2024-09-09 23:58:31,113 - INFO -
| Epoch:    580 | Train loss: 4.2851e-01 | Valid loss: 4.7519e-01 | Train acc: 0.8952 ± 0.0000 | Valid acc: 0.8780 ± 0.0000 | Valid Power: 0.0010 | Train Power: 0.0010 | patience:   6 | lr: 0.00625 | Epoch time: 0.1 |

2024-09-09 23:58:32,054 - INFO -
| Epoch:    590 | Train loss: 4.1103e-01 | Valid loss: 4.7713e-01 | Train acc: 0.9113 ± 0.0000 | Valid acc: 0.8780 ± 0.0000 | Valid Power: 0.0011 | Train Power: 0.0011 | patience:  16 | lr: 0.00625 | Epoch time: 0.1 |

2024-09-09 23:58:32,995 - INFO -
| Epoch:    600 | Train loss: 4.0926e-01 | Valid loss: 4.7825e-01 | Train acc: 0.9113 ± 0.0000 | Valid acc: 0.8780 ± 0.0000 | Valid Power: 0.0010 | Train Power: 0.0010 | patience:  26 | lr: 0.00625 | Epoch time: 0.1 |

2024-09-09 23:58:33,934 - INFO -
| Epoch:    610 | Train loss: 4.0038e-01 | Valid loss: 4.8216e-01 | Train acc: 0.9194 ± 0.0000 | Valid acc: 0.8780 ± 0.0000 | Valid Power: 0.0011 | Train Power: 0.0015 | patience:  36 | lr: 0.00625 | Epoch time: 0.1 |

2024-09-09 23:58:34,874 - INFO -
| Epoch:    620 | Train loss: 4.0004e-01 | Valid loss: 4.8267e-01 | Train acc: 0.9194 ± 0.0000 | Valid acc: 0.8780 ± 0.0000 | Valid Power: 0.0014 | Train Power: 0.0012 | patience:  46 | lr: 0.00625 | Epoch time: 0.1 |

2024-09-09 23:58:35,812 - INFO -
| Epoch:    630 | Train loss: 3.9949e-01 | Valid loss: 4.8151e-01 | Train acc: 0.9194 ± 0.0000 | Valid acc: 0.8780 ± 0.0000 | Valid Power: 0.0010 | Train Power: 0.0010 | patience:  56 | lr: 0.00625 | Epoch time: 0.1 |

2024-09-09 23:58:36,753 - INFO -
| Epoch:    640 | Train loss: 3.9478e-01 | Valid loss: 4.8114e-01 | Train acc: 0.9274 ± 0.0000 | Valid acc: 0.8780 ± 0.0000 | Valid Power: 0.0011 | Train Power: 0.0011 | patience:  66 | lr: 0.00625 | Epoch time: 0.1 |

2024-09-09 23:58:37,692 - INFO -
| Epoch:    650 | Train loss: 3.9444e-01 | Valid loss: 4.7980e-01 | Train acc: 0.9274 ± 0.0000 | Valid acc: 0.8780 ± 0.0000 | Valid Power: 0.0011 | Train Power: 0.0011 | patience:  76 | lr: 0.00625 | Epoch time: 0.1 |

2024-09-09 23:58:38,630 - INFO -
| Epoch:    660 | Train loss: 3.9426e-01 | Valid loss: 4.7963e-01 | Train acc: 0.9274 ± 0.0000 | Valid acc: 0.8780 ± 0.0000 | Valid Power: 0.0012 | Train Power: 0.0017 | patience:  86 | lr: 0.00625 | Epoch time: 0.1 |

2024-09-09 23:58:39,567 - INFO -
| Epoch:    670 | Train loss: 3.9395e-01 | Valid loss: 4.8042e-01 | Train acc: 0.9274 ± 0.0000 | Valid acc: 0.8780 ± 0.0000 | Valid Power: 0.0011 | Train Power: 0.0011 | patience:  96 | lr: 0.00625 | Epoch time: 0.1 |

2024-09-09 23:58:40,041 - INFO -
load best network to warm start training with lower lr.

2024-09-09 23:58:40,042 - INFO -
lr update to 0.003125.

2024-09-09 23:58:40,512 - INFO -
| Epoch:    680 | Train loss: 4.3054e-01 | Valid loss: 4.5570e-01 | Train acc: 0.8952 ± 0.0000 | Valid acc: 0.8780 ± 0.0000 | Valid Power: 0.0010 | Train Power: 0.0010 | patience:   5 | lr: 0.003125 | Epoch time: 0.1 |

2024-09-09 23:58:41,543 - INFO -
| Epoch:    690 | Train loss: 4.2713e-01 | Valid loss: 4.7589e-01 | Train acc: 0.8952 ± 0.0000 | Valid acc: 0.8780 ± 0.0000 | Valid Power: 0.0010 | Train Power: 0.0010 | patience:  15 | lr: 0.003125 | Epoch time: 0.1 |

2024-09-09 23:58:42,482 - INFO -
| Epoch:    700 | Train loss: 4.1172e-01 | Valid loss: 4.7624e-01 | Train acc: 0.9113 ± 0.0000 | Valid acc: 0.8780 ± 0.0000 | Valid Power: 0.0010 | Train Power: 0.0011 | patience:  25 | lr: 0.003125 | Epoch time: 0.1 |

2024-09-09 23:58:43,421 - INFO -
| Epoch:    710 | Train loss: 4.1072e-01 | Valid loss: 4.7646e-01 | Train acc: 0.9113 ± 0.0000 | Valid acc: 0.8780 ± 0.0000 | Valid Power: 0.0012 | Train Power: 0.0012 | patience:  35 | lr: 0.003125 | Epoch time: 0.1 |

2024-09-09 23:58:44,366 - INFO -
| Epoch:    720 | Train loss: 4.1007e-01 | Valid loss: 4.7774e-01 | Train acc: 0.9113 ± 0.0000 | Valid acc: 0.8780 ± 0.0000 | Valid Power: 0.0015 | Train Power: 0.0014 | patience:  45 | lr: 0.003125 | Epoch time: 0.1 |

2024-09-09 23:58:45,306 - INFO -
| Epoch:    730 | Train loss: 4.0959e-01 | Valid loss: 4.7845e-01 | Train acc: 0.9113 ± 0.0000 | Valid acc: 0.8780 ± 0.0000 | Valid Power: 0.0019 | Train Power: 0.0018 | patience:  55 | lr: 0.003125 | Epoch time: 0.1 |

2024-09-09 23:58:46,244 - INFO -
| Epoch:    740 | Train loss: 4.0893e-01 | Valid loss: 4.7903e-01 | Train acc: 0.9113 ± 0.0000 | Valid acc: 0.8780 ± 0.0000 | Valid Power: 0.0043 | Train Power: 0.0025 | patience:  65 | lr: 0.003125 | Epoch time: 0.1 |

2024-09-09 23:58:47,182 - INFO -
| Epoch:    750 | Train loss: 4.0023e-01 | Valid loss: 4.8091e-01 | Train acc: 0.9194 ± 0.0000 | Valid acc: 0.8780 ± 0.0000 | Valid Power: 0.0026 | Train Power: 0.0024 | patience:  75 | lr: 0.003125 | Epoch time: 0.1 |

2024-09-09 23:58:48,118 - INFO -
| Epoch:    760 | Train loss: 4.0016e-01 | Valid loss: 4.8190e-01 | Train acc: 0.9194 ± 0.0000 | Valid acc: 0.8780 ± 0.0000 | Valid Power: 0.0027 | Train Power: 0.0025 | patience:  85 | lr: 0.003125 | Epoch time: 0.1 |

2024-09-09 23:58:49,055 - INFO -
| Epoch:    770 | Train loss: 3.9984e-01 | Valid loss: 4.8183e-01 | Train acc: 0.9194 ± 0.0000 | Valid acc: 0.8780 ± 0.0000 | Valid Power: 0.0053 | Train Power: 0.0029 | patience:  95 | lr: 0.003125 | Epoch time: 0.1 |

2024-09-09 23:58:49,621 - INFO -
load best network to warm start training with lower lr.

2024-09-09 23:58:49,622 - INFO -
lr update to 0.0015625.

2024-09-09 23:58:49,998 - INFO -
| Epoch:    780 | Train loss: 4.3142e-01 | Valid loss: 4.4006e-01 | Train acc: 0.8952 ± 0.0000 | Valid acc: 0.9024 ± 0.0000 | Valid Power: 0.0010 | Train Power: 0.0010 | patience:   4 | lr: 0.0015625 | Epoch time: 0.1 |

2024-09-09 23:58:50,936 - INFO -
| Epoch:    790 | Train loss: 4.2968e-01 | Valid loss: 4.7169e-01 | Train acc: 0.8952 ± 0.0000 | Valid acc: 0.8780 ± 0.0000 | Valid Power: 0.0010 | Train Power: 0.0010 | patience:  14 | lr: 0.0015625 | Epoch time: 0.1 |

2024-09-09 23:58:51,873 - INFO -
| Epoch:    800 | Train loss: 4.2799e-01 | Valid loss: 4.7451e-01 | Train acc: 0.8952 ± 0.0000 | Valid acc: 0.8780 ± 0.0000 | Valid Power: 0.0010 | Train Power: 0.0010 | patience:  24 | lr: 0.0015625 | Epoch time: 0.1 |

2024-09-09 23:58:52,812 - INFO -
| Epoch:    810 | Train loss: 4.2481e-01 | Valid loss: 4.7537e-01 | Train acc: 0.9032 ± 0.0000 | Valid acc: 0.8780 ± 0.0000 | Valid Power: 0.0010 | Train Power: 0.0010 | patience:  34 | lr: 0.0015625 | Epoch time: 0.1 |

2024-09-09 23:58:53,750 - INFO -
| Epoch:    820 | Train loss: 4.1190e-01 | Valid loss: 4.7593e-01 | Train acc: 0.9113 ± 0.0000 | Valid acc: 0.8780 ± 0.0000 | Valid Power: 0.0010 | Train Power: 0.0010 | patience:  44 | lr: 0.0015625 | Epoch time: 0.1 |

2024-09-09 23:58:54,689 - INFO -
| Epoch:    830 | Train loss: 4.1130e-01 | Valid loss: 4.7628e-01 | Train acc: 0.9113 ± 0.0000 | Valid acc: 0.8780 ± 0.0000 | Valid Power: 0.0011 | Train Power: 0.0012 | patience:  54 | lr: 0.0015625 | Epoch time: 0.1 |

2024-09-09 23:58:55,629 - INFO -
| Epoch:    840 | Train loss: 4.1091e-01 | Valid loss: 4.7652e-01 | Train acc: 0.9113 ± 0.0000 | Valid acc: 0.8780 ± 0.0000 | Valid Power: 0.0010 | Train Power: 0.0010 | patience:  64 | lr: 0.0015625 | Epoch time: 0.1 |

2024-09-09 23:58:56,571 - INFO -
| Epoch:    850 | Train loss: 4.1060e-01 | Valid loss: 4.7679e-01 | Train acc: 0.9113 ± 0.0000 | Valid acc: 0.8780 ± 0.0000 | Valid Power: 0.0010 | Train Power: 0.0010 | patience:  74 | lr: 0.0015625 | Epoch time: 0.1 |

2024-09-09 23:58:57,511 - INFO -
| Epoch:    860 | Train loss: 4.1034e-01 | Valid loss: 4.7711e-01 | Train acc: 0.9113 ± 0.0000 | Valid acc: 0.8780 ± 0.0000 | Valid Power: 0.0010 | Train Power: 0.0010 | patience:  84 | lr: 0.0015625 | Epoch time: 0.1 |

2024-09-09 23:58:58,448 - INFO -
| Epoch:    870 | Train loss: 4.1010e-01 | Valid loss: 4.7745e-01 | Train acc: 0.9113 ± 0.0000 | Valid acc: 0.8780 ± 0.0000 | Valid Power: 0.0010 | Train Power: 0.0010 | patience:  94 | lr: 0.0015625 | Epoch time: 0.1 |

2024-09-09 23:58:59,107 - INFO -
load best network to warm start training with lower lr.

2024-09-09 23:58:59,108 - INFO -
lr update to 0.00078125.

2024-09-09 23:58:59,390 - INFO -
| Epoch:    880 | Train loss: 4.3179e-01 | Valid loss: 4.3941e-01 | Train acc: 0.8952 ± 0.0000 | Valid acc: 0.9024 ± 0.0000 | Valid Power: 0.0010 | Train Power: 0.0010 | patience:   3 | lr: 0.00078125 | Epoch time: 0.1 |

2024-09-09 23:59:00,330 - INFO -
| Epoch:    890 | Train loss: 4.3089e-01 | Valid loss: 4.4134e-01 | Train acc: 0.8952 ± 0.0000 | Valid acc: 0.8780 ± 0.0000 | Valid Power: 0.0010 | Train Power: 0.0010 | patience:  13 | lr: 0.00078125 | Epoch time: 0.1 |

2024-09-09 23:59:01,269 - INFO -
| Epoch:    900 | Train loss: 4.3002e-01 | Valid loss: 4.6252e-01 | Train acc: 0.8952 ± 0.0000 | Valid acc: 0.8780 ± 0.0000 | Valid Power: 0.0010 | Train Power: 0.0010 | patience:  23 | lr: 0.00078125 | Epoch time: 0.1 |

2024-09-09 23:59:02,209 - INFO -
| Epoch:    910 | Train loss: 4.2916e-01 | Valid loss: 4.7285e-01 | Train acc: 0.8952 ± 0.0000 | Valid acc: 0.8780 ± 0.0000 | Valid Power: 0.0010 | Train Power: 0.0010 | patience:  33 | lr: 0.00078125 | Epoch time: 0.1 |

2024-09-09 23:59:03,149 - INFO -
| Epoch:    920 | Train loss: 4.2831e-01 | Valid loss: 4.7386e-01 | Train acc: 0.8952 ± 0.0000 | Valid acc: 0.8780 ± 0.0000 | Valid Power: 0.0010 | Train Power: 0.0010 | patience:  43 | lr: 0.00078125 | Epoch time: 0.1 |

2024-09-09 23:59:04,088 - INFO -
| Epoch:    930 | Train loss: 4.2746e-01 | Valid loss: 4.7435e-01 | Train acc: 0.8952 ± 0.0000 | Valid acc: 0.8780 ± 0.0000 | Valid Power: 0.0010 | Train Power: 0.0010 | patience:  53 | lr: 0.00078125 | Epoch time: 0.1 |

2024-09-09 23:59:05,027 - INFO -
| Epoch:    940 | Train loss: 4.2581e-01 | Valid loss: 4.7488e-01 | Train acc: 0.9032 ± 0.0000 | Valid acc: 0.8780 ± 0.0000 | Valid Power: 0.0010 | Train Power: 0.0010 | patience:  63 | lr: 0.00078125 | Epoch time: 0.1 |

2024-09-09 23:59:05,965 - INFO -
| Epoch:    950 | Train loss: 4.1299e-01 | Valid loss: 4.7541e-01 | Train acc: 0.9113 ± 0.0000 | Valid acc: 0.8780 ± 0.0000 | Valid Power: 0.0010 | Train Power: 0.0010 | patience:  73 | lr: 0.00078125 | Epoch time: 0.1 |

2024-09-09 23:59:06,907 - INFO -
| Epoch:    960 | Train loss: 4.1195e-01 | Valid loss: 4.7582e-01 | Train acc: 0.9113 ± 0.0000 | Valid acc: 0.8780 ± 0.0000 | Valid Power: 0.0010 | Train Power: 0.0010 | patience:  83 | lr: 0.00078125 | Epoch time: 0.1 |

2024-09-09 23:59:07,845 - INFO -
| Epoch:    970 | Train loss: 4.1165e-01 | Valid loss: 4.7594e-01 | Train acc: 0.9113 ± 0.0000 | Valid acc: 0.8780 ± 0.0000 | Valid Power: 0.0011 | Train Power: 0.0011 | patience:  93 | lr: 0.00078125 | Epoch time: 0.1 |

2024-09-09 23:59:08,598 - INFO -
load best network to warm start training with lower lr.

2024-09-09 23:59:08,598 - INFO -
lr update to 0.000390625.

2024-09-09 23:59:08,786 - INFO -
| Epoch:    980 | Train loss: 4.3193e-01 | Valid loss: 4.3920e-01 | Train acc: 0.8952 ± 0.0000 | Valid acc: 0.9024 ± 0.0000 | Valid Power: 0.0010 | Train Power: 0.0010 | patience:   2 | lr: 0.000390625 | Epoch time: 0.1 |

2024-09-09 23:59:09,730 - INFO -
| Epoch:    990 | Train loss: 4.3147e-01 | Valid loss: 4.3976e-01 | Train acc: 0.8952 ± 0.0000 | Valid acc: 0.9024 ± 0.0000 | Valid Power: 0.0010 | Train Power: 0.0010 | patience:  12 | lr: 0.000390625 | Epoch time: 0.1 |

2024-09-09 23:59:10,671 - INFO -
| Epoch:   1000 | Train loss: 4.3102e-01 | Valid loss: 4.4059e-01 | Train acc: 0.8952 ± 0.0000 | Valid acc: 0.9024 ± 0.0000 | Valid Power: 0.0010 | Train Power: 0.0010 | patience:  22 | lr: 0.000390625 | Epoch time: 0.1 |

2024-09-09 23:59:11,610 - INFO -
| Epoch:   1010 | Train loss: 4.3058e-01 | Valid loss: 4.4317e-01 | Train acc: 0.8952 ± 0.0000 | Valid acc: 0.8780 ± 0.0000 | Valid Power: 0.0010 | Train Power: 0.0010 | patience:  32 | lr: 0.000390625 | Epoch time: 0.1 |

2024-09-09 23:59:12,549 - INFO -
| Epoch:   1020 | Train loss: 4.3015e-01 | Valid loss: 4.5349e-01 | Train acc: 0.8952 ± 0.0000 | Valid acc: 0.8780 ± 0.0000 | Valid Power: 0.0010 | Train Power: 0.0010 | patience:  42 | lr: 0.000390625 | Epoch time: 0.1 |

2024-09-09 23:59:13,488 - INFO -
| Epoch:   1030 | Train loss: 4.2972e-01 | Valid loss: 4.6689e-01 | Train acc: 0.8952 ± 0.0000 | Valid acc: 0.8780 ± 0.0000 | Valid Power: 0.0010 | Train Power: 0.0010 | patience:  52 | lr: 0.000390625 | Epoch time: 0.1 |

2024-09-09 23:59:14,429 - INFO -
| Epoch:   1040 | Train loss: 4.2929e-01 | Valid loss: 4.7167e-01 | Train acc: 0.8952 ± 0.0000 | Valid acc: 0.8780 ± 0.0000 | Valid Power: 0.0010 | Train Power: 0.0010 | patience:  62 | lr: 0.000390625 | Epoch time: 0.1 |

2024-09-09 23:59:15,368 - INFO -
| Epoch:   1050 | Train loss: 4.2886e-01 | Valid loss: 4.7295e-01 | Train acc: 0.8952 ± 0.0000 | Valid acc: 0.8780 ± 0.0000 | Valid Power: 0.0010 | Train Power: 0.0010 | patience:  72 | lr: 0.000390625 | Epoch time: 0.1 |

2024-09-09 23:59:16,302 - INFO -
| Epoch:   1060 | Train loss: 4.2843e-01 | Valid loss: 4.7345e-01 | Train acc: 0.8952 ± 0.0000 | Valid acc: 0.8780 ± 0.0000 | Valid Power: 0.0010 | Train Power: 0.0010 | patience:  82 | lr: 0.000390625 | Epoch time: 0.1 |

2024-09-09 23:59:17,238 - INFO -
| Epoch:   1070 | Train loss: 4.2801e-01 | Valid loss: 4.7377e-01 | Train acc: 0.8952 ± 0.0000 | Valid acc: 0.8780 ± 0.0000 | Valid Power: 0.0010 | Train Power: 0.0010 | patience:  92 | lr: 0.000390625 | Epoch time: 0.1 |

2024-09-09 23:59:18,083 - INFO -
load best network to warm start training with lower lr.

2024-09-09 23:59:18,083 - INFO -
lr update to 0.0001953125.

2024-09-09 23:59:18,178 - INFO -
| Epoch:   1080 | Train loss: 4.3198e-01 | Valid loss: 4.3913e-01 | Train acc: 0.8952 ± 0.0000 | Valid acc: 0.9024 ± 0.0000 | Valid Power: 0.0010 | Train Power: 0.0010 | patience:   1 | lr: 0.0001953125 | Epoch time: 0.1 |

2024-09-09 23:59:19,116 - INFO -
| Epoch:   1090 | Train loss: 4.3175e-01 | Valid loss: 4.3939e-01 | Train acc: 0.8952 ± 0.0000 | Valid acc: 0.9024 ± 0.0000 | Valid Power: 0.0010 | Train Power: 0.0010 | patience:  11 | lr: 0.0001953125 | Epoch time: 0.1 |

2024-09-09 23:59:20,050 - INFO -
| Epoch:   1100 | Train loss: 4.3152e-01 | Valid loss: 4.3966e-01 | Train acc: 0.8952 ± 0.0000 | Valid acc: 0.9024 ± 0.0000 | Valid Power: 0.0010 | Train Power: 0.0010 | patience:  21 | lr: 0.0001953125 | Epoch time: 0.1 |

2024-09-09 23:59:20,967 - INFO -
| Epoch:   1110 | Train loss: 4.3129e-01 | Valid loss: 4.3998e-01 | Train acc: 0.8952 ± 0.0000 | Valid acc: 0.9024 ± 0.0000 | Valid Power: 0.0010 | Train Power: 0.0010 | patience:  31 | lr: 0.0001953125 | Epoch time: 0.1 |

2024-09-09 23:59:21,849 - INFO -
| Epoch:   1120 | Train loss: 4.3107e-01 | Valid loss: 4.4037e-01 | Train acc: 0.8952 ± 0.0000 | Valid acc: 0.9024 ± 0.0000 | Valid Power: 0.0010 | Train Power: 0.0010 | patience:  41 | lr: 0.0001953125 | Epoch time: 0.1 |

2024-09-09 23:59:22,744 - INFO -
| Epoch:   1130 | Train loss: 4.3085e-01 | Valid loss: 4.4097e-01 | Train acc: 0.8952 ± 0.0000 | Valid acc: 0.8780 ± 0.0000 | Valid Power: 0.0010 | Train Power: 0.0010 | patience:  51 | lr: 0.0001953125 | Epoch time: 0.1 |

2024-09-09 23:59:23,677 - INFO -
| Epoch:   1140 | Train loss: 4.3063e-01 | Valid loss: 4.4212e-01 | Train acc: 0.8952 ± 0.0000 | Valid acc: 0.8780 ± 0.0000 | Valid Power: 0.0010 | Train Power: 0.0010 | patience:  61 | lr: 0.0001953125 | Epoch time: 0.1 |

2024-09-09 23:59:24,606 - INFO -
| Epoch:   1150 | Train loss: 4.3041e-01 | Valid loss: 4.4459e-01 | Train acc: 0.8952 ± 0.0000 | Valid acc: 0.8780 ± 0.0000 | Valid Power: 0.0010 | Train Power: 0.0010 | patience:  71 | lr: 0.0001953125 | Epoch time: 0.1 |

2024-09-09 23:59:25,536 - INFO -
| Epoch:   1160 | Train loss: 4.3019e-01 | Valid loss: 4.4952e-01 | Train acc: 0.8952 ± 0.0000 | Valid acc: 0.8780 ± 0.0000 | Valid Power: 0.0010 | Train Power: 0.0010 | patience:  81 | lr: 0.0001953125 | Epoch time: 0.1 |

2024-09-09 23:59:26,471 - INFO -
| Epoch:   1170 | Train loss: 4.2997e-01 | Valid loss: 4.5693e-01 | Train acc: 0.8952 ± 0.0000 | Valid acc: 0.8780 ± 0.0000 | Valid Power: 0.0010 | Train Power: 0.0010 | patience:  91 | lr: 0.0001953125 | Epoch time: 0.1 |

2024-09-09 23:59:27,382 - INFO -
load best network to warm start training with lower lr.

2024-09-09 23:59:27,382 - INFO -
lr update to 9.765625e-05.

2024-09-09 23:59:27,382 - INFO -
Early stop.

2024-09-09 23:59:27,388 - INFO -
Training if finished.

2024-09-12 13:58:07,457 - INFO -
Configuration: 
gmin                0.01
gmax                10.0
T                   0.1
m                   0.3
type_nonlinear      normal
act                 tanh
ACT_R1n             12.7865
ACT_R2n             -3.1871
ACT_W1n             -10.4537
ACT_L1n             10.546
ACT_W2n             -5.8496
ACT_L2n             4.2337
S_R1n               -11.7481
S_R2n               -0.3905
S_W1n               -9.169
S_L1n               0.3913
S_W2n               7.2004
S_L2n               15.5558
ReLU_RHn            -1.9557
ReLU_RLn            -20.1581
ReLU_RDn            16.6486
ReLU_RBn            -14.3472
ReLU_Wn             16.655
ReLU_Ln             -21.7591
HS_Rn               -0.3766
HS_Wn               0.5192
HS_Ln               4.6293
NEG_R1n             -7.0846
NEG_R2n             -2.5695
NEG_R3n             16.1542
NEG_W1n             13.8696
NEG_L1n             2.7635
NEG_W2n             1.2674
NEG_L2n             -10.4803
NEG_W3n             -6.4386
NEG_L3n             5.1005
task                normal
DATASET             9
DataPath            ./dataset
InputNoise          0.0
IN_test             0.0
R_train             1
R_test              1
N_time              32
pathnorm            False
hidden              [3]
skipconnection      False
SEED                0
DEVICE              cpu
PATIENCE            500
EPOCH               10000000000
LR                  0.1
PROGRESSIVE         True
LR_PATIENCE         100
LR_DECAY            0.5
LR_MIN              0.0001
metric              acc
SoftEva             True
TIMELIMITATION      71
MODE                nominal
M_train             1
K_train             1
M_test              1
K_test              1
t_test_max          1
integration         MC
N_train             1
e_train             0.0
N_test              100
e_test              0.1
e_fault             2
fault_ratio         0.0
N_fault             50
e_fault_test        0
N_fault_test        50
dropout             0.0
lagrangian_loss     False
rho                 100
powerestimator      none
powerbalance        0.0
estimatorbalance    0.0
pgmin               1e-07
power_ratio         1000
lambda_P            100
areaestimator       none
areabalance         0.0
area_theta          0.15
area_act            30.0
area_neg            22.7
lambda_A            0.001
lnc                 False
projectname         tanh_0_FaultAnalysisNormal
temppath            ./tanh_0_FaultAnalysisNormal/temp/
logfilepath         ./tanh_0_FaultAnalysisNormal/log/
report_freq         10
recording           False
recordpath          ./tanh_0_FaultAnalysisNormal/record/
savepath            ./tanh_0_FaultAnalysisNormal/models/
loglevel            info


2024-09-12 13:58:07,472 - INFO -
Training network on device: cpu.

2024-09-12 13:58:07,472 - INFO -
Training setup: data_09_seeds_seed_00_epsilon_0.0_dropout_0.0_fault_ratio_0.0.model.

2024-09-12 13:58:07,472 - INFO -
{'dataname': 'seeds', 'N_feature': 7, 'N_class': 3, 'N_train': 124, 'N_valid': 41, 'N_test': 43}

2024-09-12 13:58:07,472 - INFO -
Training was already finished.

