2024-09-09 23:57:35,111 - INFO -
Configuration: 
gmin                0.01
gmax                10.0
T                   0.1
m                   0.3
type_nonlinear      normal
act                 tanh
ACT_R1n             12.7865
ACT_R2n             -3.1871
ACT_W1n             -10.4537
ACT_L1n             10.546
ACT_W2n             -5.8496
ACT_L2n             4.2337
S_R1n               -11.7481
S_R2n               -0.3905
S_W1n               -9.169
S_L1n               0.3913
S_W2n               7.2004
S_L2n               15.5558
ReLU_RHn            -1.9557
ReLU_RLn            -20.1581
ReLU_RDn            16.6486
ReLU_RBn            -14.3472
ReLU_Wn             16.655
ReLU_Ln             -21.7591
HS_Rn               -0.3766
HS_Wn               0.5192
HS_Ln               4.6293
NEG_R1n             -7.0846
NEG_R2n             -2.5695
NEG_R3n             16.1542
NEG_W1n             13.8696
NEG_L1n             2.7635
NEG_W2n             1.2674
NEG_L2n             -10.4803
NEG_W3n             -6.4386
NEG_L3n             5.1005
task                normal
DATASET             8
DataPath            ./dataset
InputNoise          0.0
IN_test             0.0
R_train             1
R_test              1
N_time              32
pathnorm            False
hidden              [3]
skipconnection      False
SEED                4
DEVICE              cpu
PATIENCE            500
EPOCH               10000000000
LR                  0.1
PROGRESSIVE         True
LR_PATIENCE         100
LR_DECAY            0.5
LR_MIN              0.0001
metric              acc
SoftEva             True
TIMELIMITATION      71
MODE                nominal
M_train             1
K_train             1
M_test              1
K_test              1
t_test_max          1
integration         MC
N_train             1
e_train             0.0
N_test              100
e_test              0.1
e_fault             2
fault_ratio         0.0
N_fault             50
e_fault_test        0
N_fault_test        50
dropout             0.0
lagrangian_loss     False
rho                 100
powerestimator      none
powerbalance        0.0
estimatorbalance    0.0
pgmin               1e-07
power_ratio         1000
lambda_P            100
areaestimator       none
areabalance         0.0
area_theta          0.15
area_act            30.0
area_neg            22.7
lambda_A            0.001
lnc                 False
projectname         tanh_0_FaultAnalysisNormal
temppath            ./tanh_0_FaultAnalysisNormal/temp/
logfilepath         ./tanh_0_FaultAnalysisNormal/log/
report_freq         10
recording           False
recordpath          ./tanh_0_FaultAnalysisNormal/record/
savepath            ./tanh_0_FaultAnalysisNormal/models/
loglevel            info


2024-09-09 23:57:35,111 - INFO -
Training network on device: cpu.

2024-09-09 23:57:35,112 - INFO -
Training setup: data_08_pendigits_seed_04_epsilon_0.0_dropout_0.0_fault_ratio_0.0.model.

2024-09-09 23:57:35,112 - INFO -
{'dataname': 'pendigits', 'N_feature': 16, 'N_class': 10, 'N_train': 397, 'N_valid': 127, 'N_test': 79}

2024-09-09 23:57:35,112 - INFO -
Topology of the network: [16, 3, 10].

2024-09-09 23:57:36,812 - INFO -
| Epoch:      0 | Train loss: 2.3026e+00 | Valid loss: 2.3185e+00 | Train acc: 0.0806 ± 0.0000 | Valid acc: 0.1496 ± 0.0000 | Valid Power: 0.0017 | Train Power: 0.0010 | patience:   0 | lr: 0.1 | Epoch time: 0.2 |

2024-09-09 23:57:38,800 - INFO -
| Epoch:     10 | Train loss: 2.1750e+00 | Valid loss: 2.1168e+00 | Train acc: 0.2292 ± 0.0000 | Valid acc: 0.1575 ± 0.0000 | Valid Power: 0.0018 | Train Power: 0.0029 | patience:   0 | lr: 0.1 | Epoch time: 0.2 |

2024-09-09 23:57:40,784 - INFO -
| Epoch:     20 | Train loss: 1.8625e+00 | Valid loss: 1.9276e+00 | Train acc: 0.4282 ± 0.0000 | Valid acc: 0.3465 ± 0.0000 | Valid Power: 0.0072 | Train Power: 0.0020 | patience:   3 | lr: 0.1 | Epoch time: 0.2 |

2024-09-09 23:57:42,879 - INFO -
| Epoch:     30 | Train loss: 1.7643e+00 | Valid loss: 1.8231e+00 | Train acc: 0.3652 ± 0.0000 | Valid acc: 0.3228 ± 0.0000 | Valid Power: 0.0018 | Train Power: 0.0018 | patience:   4 | lr: 0.1 | Epoch time: 0.2 |

2024-09-09 23:57:44,844 - INFO -
| Epoch:     40 | Train loss: 1.6912e+00 | Valid loss: 1.7715e+00 | Train acc: 0.4081 ± 0.0000 | Valid acc: 0.3228 ± 0.0000 | Valid Power: 0.0030 | Train Power: 0.0018 | patience:   6 | lr: 0.1 | Epoch time: 0.2 |

2024-09-09 23:57:46,805 - INFO -
| Epoch:     50 | Train loss: 1.6565e+00 | Valid loss: 1.7497e+00 | Train acc: 0.4635 ± 0.0000 | Valid acc: 0.3465 ± 0.0000 | Valid Power: 0.0019 | Train Power: 0.0021 | patience:   2 | lr: 0.1 | Epoch time: 0.2 |

2024-09-09 23:57:48,780 - INFO -
| Epoch:     60 | Train loss: 1.6024e+00 | Valid loss: 1.7170e+00 | Train acc: 0.4610 ± 0.0000 | Valid acc: 0.3465 ± 0.0000 | Valid Power: 0.0017 | Train Power: 0.0017 | patience:   1 | lr: 0.1 | Epoch time: 0.2 |

2024-09-09 23:57:50,753 - INFO -
| Epoch:     70 | Train loss: 1.5777e+00 | Valid loss: 1.6747e+00 | Train acc: 0.4534 ± 0.0000 | Valid acc: 0.3465 ± 0.0000 | Valid Power: 0.0018 | Train Power: 0.0018 | patience:   0 | lr: 0.1 | Epoch time: 0.2 |

2024-09-09 23:57:52,714 - INFO -
| Epoch:     80 | Train loss: 1.5529e+00 | Valid loss: 1.6529e+00 | Train acc: 0.4534 ± 0.0000 | Valid acc: 0.3780 ± 0.0000 | Valid Power: 0.0018 | Train Power: 0.0020 | patience:   2 | lr: 0.1 | Epoch time: 0.2 |

2024-09-09 23:57:54,659 - INFO -
| Epoch:     90 | Train loss: 1.5611e+00 | Valid loss: 1.6711e+00 | Train acc: 0.5416 ± 0.0000 | Valid acc: 0.4173 ± 0.0000 | Valid Power: 0.0019 | Train Power: 0.0019 | patience:   3 | lr: 0.1 | Epoch time: 0.2 |

2024-09-09 23:57:56,705 - INFO -
| Epoch:    100 | Train loss: 1.5378e+00 | Valid loss: 1.6618e+00 | Train acc: 0.4736 ± 0.0000 | Valid acc: 0.3307 ± 0.0000 | Valid Power: 0.0020 | Train Power: 0.0024 | patience:   6 | lr: 0.1 | Epoch time: 0.2 |

2024-09-09 23:57:58,668 - INFO -
| Epoch:    110 | Train loss: 1.5257e+00 | Valid loss: 1.6241e+00 | Train acc: 0.5013 ± 0.0000 | Valid acc: 0.4094 ± 0.0000 | Valid Power: 0.0022 | Train Power: 0.0021 | patience:   0 | lr: 0.1 | Epoch time: 0.2 |

2024-09-09 23:58:00,614 - INFO -
| Epoch:    120 | Train loss: 1.5163e+00 | Valid loss: 1.6224e+00 | Train acc: 0.5038 ± 0.0000 | Valid acc: 0.3937 ± 0.0000 | Valid Power: 0.0023 | Train Power: 0.0024 | patience:   1 | lr: 0.1 | Epoch time: 0.2 |

2024-09-09 23:58:02,579 - INFO -
| Epoch:    130 | Train loss: 1.5119e+00 | Valid loss: 1.6260e+00 | Train acc: 0.5441 ± 0.0000 | Valid acc: 0.4252 ± 0.0000 | Valid Power: 0.0023 | Train Power: 0.0030 | patience:   3 | lr: 0.1 | Epoch time: 0.2 |

2024-09-09 23:58:04,526 - INFO -
| Epoch:    140 | Train loss: 1.4941e+00 | Valid loss: 1.6066e+00 | Train acc: 0.5088 ± 0.0000 | Valid acc: 0.3937 ± 0.0000 | Valid Power: 0.0072 | Train Power: 0.0037 | patience:  13 | lr: 0.1 | Epoch time: 0.2 |

2024-09-09 23:58:06,473 - INFO -
| Epoch:    150 | Train loss: 1.4972e+00 | Valid loss: 1.6089e+00 | Train acc: 0.5088 ± 0.0000 | Valid acc: 0.3780 ± 0.0000 | Valid Power: 0.0025 | Train Power: 0.0026 | patience:  23 | lr: 0.1 | Epoch time: 0.2 |

2024-09-09 23:58:08,417 - INFO -
| Epoch:    160 | Train loss: 1.5520e+00 | Valid loss: 1.6194e+00 | Train acc: 0.5189 ± 0.0000 | Valid acc: 0.4409 ± 0.0000 | Valid Power: 0.0027 | Train Power: 0.0026 | patience:  33 | lr: 0.1 | Epoch time: 0.2 |

2024-09-09 23:58:10,373 - INFO -
| Epoch:    170 | Train loss: 1.5167e+00 | Valid loss: 1.6288e+00 | Train acc: 0.4736 ± 0.0000 | Valid acc: 0.3780 ± 0.0000 | Valid Power: 0.0024 | Train Power: 0.0024 | patience:  43 | lr: 0.1 | Epoch time: 0.2 |

2024-09-09 23:58:12,321 - INFO -
| Epoch:    180 | Train loss: 1.5128e+00 | Valid loss: 1.5875e+00 | Train acc: 0.4710 ± 0.0000 | Valid acc: 0.3858 ± 0.0000 | Valid Power: 0.0029 | Train Power: 0.0025 | patience:   4 | lr: 0.1 | Epoch time: 0.2 |

2024-09-09 23:58:14,372 - INFO -
| Epoch:    190 | Train loss: 1.4833e+00 | Valid loss: 1.5857e+00 | Train acc: 0.5038 ± 0.0000 | Valid acc: 0.4094 ± 0.0000 | Valid Power: 0.0024 | Train Power: 0.0024 | patience:   6 | lr: 0.1 | Epoch time: 0.2 |

2024-09-09 23:58:16,318 - INFO -
| Epoch:    200 | Train loss: 1.4834e+00 | Valid loss: 1.5629e+00 | Train acc: 0.5340 ± 0.0000 | Valid acc: 0.4409 ± 0.0000 | Valid Power: 0.0026 | Train Power: 0.0027 | patience:   0 | lr: 0.1 | Epoch time: 0.2 |

2024-09-09 23:58:18,261 - INFO -
| Epoch:    210 | Train loss: 1.4699e+00 | Valid loss: 1.5652e+00 | Train acc: 0.5290 ± 0.0000 | Valid acc: 0.4331 ± 0.0000 | Valid Power: 0.0027 | Train Power: 0.0027 | patience:  10 | lr: 0.1 | Epoch time: 0.2 |

2024-09-09 23:58:20,203 - INFO -
| Epoch:    220 | Train loss: 1.4726e+00 | Valid loss: 1.5874e+00 | Train acc: 0.5063 ± 0.0000 | Valid acc: 0.4016 ± 0.0000 | Valid Power: 0.0037 | Train Power: 0.0045 | patience:  20 | lr: 0.1 | Epoch time: 0.2 |

2024-09-09 23:58:22,143 - INFO -
| Epoch:    230 | Train loss: 1.4592e+00 | Valid loss: 1.5659e+00 | Train acc: 0.5466 ± 0.0000 | Valid acc: 0.4488 ± 0.0000 | Valid Power: 0.0055 | Train Power: 0.0058 | patience:  30 | lr: 0.1 | Epoch time: 0.2 |

2024-09-09 23:58:24,164 - INFO -
| Epoch:    240 | Train loss: 1.4730e+00 | Valid loss: 1.5716e+00 | Train acc: 0.5441 ± 0.0000 | Valid acc: 0.4646 ± 0.0000 | Valid Power: 0.0037 | Train Power: 0.0037 | patience:   2 | lr: 0.1 | Epoch time: 0.2 |

2024-09-09 23:58:26,130 - INFO -
| Epoch:    250 | Train loss: 1.4837e+00 | Valid loss: 1.5799e+00 | Train acc: 0.4962 ± 0.0000 | Valid acc: 0.4094 ± 0.0000 | Valid Power: 0.0034 | Train Power: 0.0035 | patience:   6 | lr: 0.1 | Epoch time: 0.2 |

2024-09-09 23:58:28,072 - INFO -
| Epoch:    260 | Train loss: 1.4741e+00 | Valid loss: 1.5802e+00 | Train acc: 0.4786 ± 0.0000 | Valid acc: 0.3622 ± 0.0000 | Valid Power: 0.0034 | Train Power: 0.0109 | patience:  16 | lr: 0.1 | Epoch time: 0.2 |

2024-09-09 23:58:30,020 - INFO -
| Epoch:    270 | Train loss: 1.4691e+00 | Valid loss: 1.5870e+00 | Train acc: 0.4761 ± 0.0000 | Valid acc: 0.4173 ± 0.0000 | Valid Power: 0.0034 | Train Power: 0.0034 | patience:   2 | lr: 0.1 | Epoch time: 0.2 |

2024-09-09 23:58:31,971 - INFO -
| Epoch:    280 | Train loss: 1.4750e+00 | Valid loss: 1.5447e+00 | Train acc: 0.4534 ± 0.0000 | Valid acc: 0.4094 ± 0.0000 | Valid Power: 0.0033 | Train Power: 0.0033 | patience:   0 | lr: 0.1 | Epoch time: 0.2 |

2024-09-09 23:58:33,913 - INFO -
| Epoch:    290 | Train loss: 1.4551e+00 | Valid loss: 1.5730e+00 | Train acc: 0.4912 ± 0.0000 | Valid acc: 0.3858 ± 0.0000 | Valid Power: 0.0034 | Train Power: 0.0034 | patience:  10 | lr: 0.1 | Epoch time: 0.2 |

2024-09-09 23:58:35,856 - INFO -
| Epoch:    300 | Train loss: 1.4606e+00 | Valid loss: 1.5601e+00 | Train acc: 0.4861 ± 0.0000 | Valid acc: 0.4173 ± 0.0000 | Valid Power: 0.0042 | Train Power: 0.0035 | patience:  20 | lr: 0.1 | Epoch time: 0.2 |

2024-09-09 23:58:37,799 - INFO -
| Epoch:    310 | Train loss: 1.4584e+00 | Valid loss: 1.5707e+00 | Train acc: 0.5139 ± 0.0000 | Valid acc: 0.4173 ± 0.0000 | Valid Power: 0.0036 | Train Power: 0.0036 | patience:  30 | lr: 0.1 | Epoch time: 0.2 |

2024-09-09 23:58:39,742 - INFO -
| Epoch:    320 | Train loss: 1.4632e+00 | Valid loss: 1.5980e+00 | Train acc: 0.4912 ± 0.0000 | Valid acc: 0.3858 ± 0.0000 | Valid Power: 0.0039 | Train Power: 0.0035 | patience:  40 | lr: 0.1 | Epoch time: 0.2 |

2024-09-09 23:58:41,688 - INFO -
| Epoch:    330 | Train loss: 1.4460e+00 | Valid loss: 1.5625e+00 | Train acc: 0.4836 ± 0.0000 | Valid acc: 0.4094 ± 0.0000 | Valid Power: 0.0039 | Train Power: 0.0036 | patience:  50 | lr: 0.1 | Epoch time: 0.2 |

2024-09-09 23:58:43,729 - INFO -
| Epoch:    340 | Train loss: 1.4424e+00 | Valid loss: 1.5733e+00 | Train acc: 0.4811 ± 0.0000 | Valid acc: 0.3780 ± 0.0000 | Valid Power: 0.0044 | Train Power: 0.0037 | patience:  60 | lr: 0.1 | Epoch time: 0.2 |

2024-09-09 23:58:45,685 - INFO -
| Epoch:    350 | Train loss: 1.4960e+00 | Valid loss: 1.5719e+00 | Train acc: 0.4106 ± 0.0000 | Valid acc: 0.3858 ± 0.0000 | Valid Power: 0.0036 | Train Power: 0.0037 | patience:  70 | lr: 0.1 | Epoch time: 0.2 |

2024-09-09 23:58:47,626 - INFO -
| Epoch:    360 | Train loss: 1.4730e+00 | Valid loss: 1.5759e+00 | Train acc: 0.4458 ± 0.0000 | Valid acc: 0.3622 ± 0.0000 | Valid Power: 0.0036 | Train Power: 0.0035 | patience:  80 | lr: 0.1 | Epoch time: 0.2 |

2024-09-09 23:58:49,569 - INFO -
| Epoch:    370 | Train loss: 1.4932e+00 | Valid loss: 1.6072e+00 | Train acc: 0.5013 ± 0.0000 | Valid acc: 0.4803 ± 0.0000 | Valid Power: 0.0034 | Train Power: 0.0034 | patience:  90 | lr: 0.1 | Epoch time: 0.2 |

2024-09-09 23:58:51,514 - INFO -
| Epoch:    380 | Train loss: 1.4583e+00 | Valid loss: 1.5579e+00 | Train acc: 0.5315 ± 0.0000 | Valid acc: 0.4646 ± 0.0000 | Valid Power: 0.0037 | Train Power: 0.0035 | patience: 100 | lr: 0.1 | Epoch time: 0.2 |

2024-09-09 23:58:53,472 - INFO -
| Epoch:    390 | Train loss: 1.4485e+00 | Valid loss: 1.5385e+00 | Train acc: 0.5567 ± 0.0000 | Valid acc: 0.5118 ± 0.0000 | Valid Power: 0.0036 | Train Power: 0.0035 | patience:   4 | lr: 0.1 | Epoch time: 0.2 |

2024-09-09 23:58:55,414 - INFO -
| Epoch:    400 | Train loss: 1.4460e+00 | Valid loss: 1.5600e+00 | Train acc: 0.4836 ± 0.0000 | Valid acc: 0.3543 ± 0.0000 | Valid Power: 0.0036 | Train Power: 0.0037 | patience:  14 | lr: 0.1 | Epoch time: 0.2 |

2024-09-09 23:58:57,456 - INFO -
| Epoch:    410 | Train loss: 1.4572e+00 | Valid loss: 1.5754e+00 | Train acc: 0.5264 ± 0.0000 | Valid acc: 0.4803 ± 0.0000 | Valid Power: 0.0038 | Train Power: 0.0038 | patience:  24 | lr: 0.1 | Epoch time: 0.2 |

2024-09-09 23:58:59,402 - INFO -
| Epoch:    420 | Train loss: 1.4633e+00 | Valid loss: 1.5837e+00 | Train acc: 0.4836 ± 0.0000 | Valid acc: 0.3858 ± 0.0000 | Valid Power: 0.0037 | Train Power: 0.0037 | patience:  34 | lr: 0.1 | Epoch time: 0.2 |

2024-09-09 23:59:01,346 - INFO -
| Epoch:    430 | Train loss: 1.4743e+00 | Valid loss: 1.5733e+00 | Train acc: 0.4156 ± 0.0000 | Valid acc: 0.3543 ± 0.0000 | Valid Power: 0.0037 | Train Power: 0.0037 | patience:  44 | lr: 0.1 | Epoch time: 0.2 |

2024-09-09 23:59:03,290 - INFO -
| Epoch:    440 | Train loss: 1.4566e+00 | Valid loss: 1.6014e+00 | Train acc: 0.4811 ± 0.0000 | Valid acc: 0.3780 ± 0.0000 | Valid Power: 0.0037 | Train Power: 0.0037 | patience:  54 | lr: 0.1 | Epoch time: 0.2 |

2024-09-09 23:59:05,235 - INFO -
| Epoch:    450 | Train loss: 1.4593e+00 | Valid loss: 1.5678e+00 | Train acc: 0.4484 ± 0.0000 | Valid acc: 0.3858 ± 0.0000 | Valid Power: 0.0037 | Train Power: 0.0037 | patience:  64 | lr: 0.1 | Epoch time: 0.2 |

2024-09-09 23:59:07,181 - INFO -
| Epoch:    460 | Train loss: 1.4508e+00 | Valid loss: 1.5521e+00 | Train acc: 0.4484 ± 0.0000 | Valid acc: 0.3780 ± 0.0000 | Valid Power: 0.0038 | Train Power: 0.0037 | patience:  74 | lr: 0.1 | Epoch time: 0.2 |

2024-09-09 23:59:09,125 - INFO -
| Epoch:    470 | Train loss: 1.4573e+00 | Valid loss: 1.5752e+00 | Train acc: 0.4861 ± 0.0000 | Valid acc: 0.4173 ± 0.0000 | Valid Power: 0.0038 | Train Power: 0.0042 | patience:  84 | lr: 0.1 | Epoch time: 0.2 |

2024-09-09 23:59:11,085 - INFO -
| Epoch:    480 | Train loss: 1.4535e+00 | Valid loss: 1.5464e+00 | Train acc: 0.4433 ± 0.0000 | Valid acc: 0.3780 ± 0.0000 | Valid Power: 0.0038 | Train Power: 0.0038 | patience:  94 | lr: 0.1 | Epoch time: 0.2 |

2024-09-09 23:59:12,567 - INFO -
load best network to warm start training with lower lr.

2024-09-09 23:59:12,567 - INFO -
lr update to 0.05.

2024-09-09 23:59:13,152 - INFO -
| Epoch:    490 | Train loss: 1.4830e+00 | Valid loss: 1.6094e+00 | Train acc: 0.5491 ± 0.0000 | Valid acc: 0.4488 ± 0.0000 | Valid Power: 0.0033 | Train Power: 0.0034 | patience:   3 | lr: 0.05 | Epoch time: 0.2 |

2024-09-09 23:59:15,100 - INFO -
| Epoch:    500 | Train loss: 1.4441e+00 | Valid loss: 1.5560e+00 | Train acc: 0.5542 ± 0.0000 | Valid acc: 0.4803 ± 0.0000 | Valid Power: 0.0037 | Train Power: 0.0036 | patience:  13 | lr: 0.05 | Epoch time: 0.2 |

2024-09-09 23:59:17,052 - INFO -
| Epoch:    510 | Train loss: 1.4463e+00 | Valid loss: 1.5662e+00 | Train acc: 0.5013 ± 0.0000 | Valid acc: 0.3937 ± 0.0000 | Valid Power: 0.0036 | Train Power: 0.0035 | patience:  23 | lr: 0.05 | Epoch time: 0.2 |

2024-09-09 23:59:18,987 - INFO -
| Epoch:    520 | Train loss: 1.4464e+00 | Valid loss: 1.5575e+00 | Train acc: 0.5088 ± 0.0000 | Valid acc: 0.4094 ± 0.0000 | Valid Power: 0.0038 | Train Power: 0.0038 | patience:  33 | lr: 0.05 | Epoch time: 0.2 |

2024-09-09 23:59:20,811 - INFO -
| Epoch:    530 | Train loss: 1.4427e+00 | Valid loss: 1.5462e+00 | Train acc: 0.4811 ± 0.0000 | Valid acc: 0.3780 ± 0.0000 | Valid Power: 0.0072 | Train Power: 0.0037 | patience:  43 | lr: 0.05 | Epoch time: 0.2 |

2024-09-09 23:59:22,711 - INFO -
| Epoch:    540 | Train loss: 1.4384e+00 | Valid loss: 1.5480e+00 | Train acc: 0.4861 ± 0.0000 | Valid acc: 0.3780 ± 0.0000 | Valid Power: 0.0037 | Train Power: 0.0060 | patience:  53 | lr: 0.05 | Epoch time: 0.2 |

2024-09-09 23:59:24,548 - INFO -
| Epoch:    550 | Train loss: 1.4463e+00 | Valid loss: 1.5679e+00 | Train acc: 0.5088 ± 0.0000 | Valid acc: 0.4094 ± 0.0000 | Valid Power: 0.0036 | Train Power: 0.0037 | patience:  63 | lr: 0.05 | Epoch time: 0.2 |

2024-09-09 23:59:26,360 - INFO -
| Epoch:    560 | Train loss: 1.4315e+00 | Valid loss: 1.5530e+00 | Train acc: 0.4937 ± 0.0000 | Valid acc: 0.3937 ± 0.0000 | Valid Power: 0.0037 | Train Power: 0.0040 | patience:  73 | lr: 0.05 | Epoch time: 0.2 |

2024-09-09 23:59:28,169 - INFO -
| Epoch:    570 | Train loss: 1.4348e+00 | Valid loss: 1.5375e+00 | Train acc: 0.4811 ± 0.0000 | Valid acc: 0.3858 ± 0.0000 | Valid Power: 0.0044 | Train Power: 0.0039 | patience:  83 | lr: 0.05 | Epoch time: 0.2 |

2024-09-09 23:59:29,974 - INFO -
| Epoch:    580 | Train loss: 1.4360e+00 | Valid loss: 1.5486e+00 | Train acc: 0.4736 ± 0.0000 | Valid acc: 0.3937 ± 0.0000 | Valid Power: 0.0039 | Train Power: 0.0042 | patience:  93 | lr: 0.05 | Epoch time: 0.2 |

2024-09-09 23:59:31,421 - INFO -
load best network to warm start training with lower lr.

2024-09-09 23:59:31,421 - INFO -
lr update to 0.025.

2024-09-09 23:59:31,783 - INFO -
| Epoch:    590 | Train loss: 1.4492e+00 | Valid loss: 1.5664e+00 | Train acc: 0.5441 ± 0.0000 | Valid acc: 0.4803 ± 0.0000 | Valid Power: 0.0035 | Train Power: 0.0036 | patience:   2 | lr: 0.025 | Epoch time: 0.2 |

2024-09-09 23:59:33,495 - INFO -
| Epoch:    600 | Train loss: 1.4489e+00 | Valid loss: 1.5661e+00 | Train acc: 0.5290 ± 0.0000 | Valid acc: 0.3937 ± 0.0000 | Valid Power: 0.0035 | Train Power: 0.0035 | patience:  12 | lr: 0.025 | Epoch time: 0.2 |

2024-09-09 23:59:35,151 - INFO -
| Epoch:    610 | Train loss: 1.4435e+00 | Valid loss: 1.5614e+00 | Train acc: 0.4786 ± 0.0000 | Valid acc: 0.3780 ± 0.0000 | Valid Power: 0.0040 | Train Power: 0.0036 | patience:  22 | lr: 0.025 | Epoch time: 0.2 |

2024-09-09 23:59:36,814 - INFO -
| Epoch:    620 | Train loss: 1.4401e+00 | Valid loss: 1.5584e+00 | Train acc: 0.5063 ± 0.0000 | Valid acc: 0.4016 ± 0.0000 | Valid Power: 0.0041 | Train Power: 0.0038 | patience:  32 | lr: 0.025 | Epoch time: 0.2 |

2024-09-09 23:59:38,478 - INFO -
| Epoch:    630 | Train loss: 1.4400e+00 | Valid loss: 1.5607e+00 | Train acc: 0.4937 ± 0.0000 | Valid acc: 0.3858 ± 0.0000 | Valid Power: 0.0046 | Train Power: 0.0037 | patience:  42 | lr: 0.025 | Epoch time: 0.2 |

2024-09-09 23:59:40,195 - INFO -
| Epoch:    640 | Train loss: 1.4368e+00 | Valid loss: 1.5545e+00 | Train acc: 0.5038 ± 0.0000 | Valid acc: 0.4016 ± 0.0000 | Valid Power: 0.0039 | Train Power: 0.0037 | patience:  52 | lr: 0.025 | Epoch time: 0.2 |

2024-09-09 23:59:41,824 - INFO -
| Epoch:    650 | Train loss: 1.4356e+00 | Valid loss: 1.5580e+00 | Train acc: 0.5013 ± 0.0000 | Valid acc: 0.3858 ± 0.0000 | Valid Power: 0.0048 | Train Power: 0.0048 | patience:  62 | lr: 0.025 | Epoch time: 0.2 |

2024-09-09 23:59:43,458 - INFO -
| Epoch:    660 | Train loss: 1.4342e+00 | Valid loss: 1.5577e+00 | Train acc: 0.5013 ± 0.0000 | Valid acc: 0.3858 ± 0.0000 | Valid Power: 0.0114 | Train Power: 0.0051 | patience:  72 | lr: 0.025 | Epoch time: 0.2 |

2024-09-09 23:59:45,085 - INFO -
| Epoch:    670 | Train loss: 1.4321e+00 | Valid loss: 1.5547e+00 | Train acc: 0.4987 ± 0.0000 | Valid acc: 0.3937 ± 0.0000 | Valid Power: 0.0516 | Train Power: 0.0048 | patience:  82 | lr: 0.025 | Epoch time: 0.2 |

2024-09-09 23:59:46,712 - INFO -
| Epoch:    680 | Train loss: 1.4315e+00 | Valid loss: 1.5533e+00 | Train acc: 0.4962 ± 0.0000 | Valid acc: 0.3858 ± 0.0000 | Valid Power: 0.0049 | Train Power: 0.0060 | patience:  92 | lr: 0.025 | Epoch time: 0.2 |

2024-09-09 23:59:48,181 - INFO -
load best network to warm start training with lower lr.

2024-09-09 23:59:48,181 - INFO -
lr update to 0.0125.

2024-09-09 23:59:48,344 - INFO -
| Epoch:    690 | Train loss: 1.4601e+00 | Valid loss: 1.5269e+00 | Train acc: 0.5214 ± 0.0000 | Valid acc: 0.4803 ± 0.0000 | Valid Power: 0.0036 | Train Power: 0.0035 | patience:   1 | lr: 0.0125 | Epoch time: 0.2 |

2024-09-09 23:59:49,975 - INFO -
| Epoch:    700 | Train loss: 1.4498e+00 | Valid loss: 1.5587e+00 | Train acc: 0.5617 ± 0.0000 | Valid acc: 0.4961 ± 0.0000 | Valid Power: 0.0037 | Train Power: 0.0036 | patience:  11 | lr: 0.0125 | Epoch time: 0.2 |

2024-09-09 23:59:51,686 - INFO -
| Epoch:    710 | Train loss: 1.4439e+00 | Valid loss: 1.5611e+00 | Train acc: 0.5290 ± 0.0000 | Valid acc: 0.4488 ± 0.0000 | Valid Power: 0.0037 | Train Power: 0.0037 | patience:  21 | lr: 0.0125 | Epoch time: 0.2 |

2024-09-09 23:59:53,315 - INFO -
| Epoch:    720 | Train loss: 1.4408e+00 | Valid loss: 1.5580e+00 | Train acc: 0.4987 ± 0.0000 | Valid acc: 0.3937 ± 0.0000 | Valid Power: 0.0036 | Train Power: 0.0037 | patience:  31 | lr: 0.0125 | Epoch time: 0.2 |

2024-09-09 23:59:54,940 - INFO -
| Epoch:    730 | Train loss: 1.4374e+00 | Valid loss: 1.5550e+00 | Train acc: 0.4937 ± 0.0000 | Valid acc: 0.3937 ± 0.0000 | Valid Power: 0.0057 | Train Power: 0.0642 | patience:  41 | lr: 0.0125 | Epoch time: 0.2 |

2024-09-09 23:59:56,569 - INFO -
| Epoch:    740 | Train loss: 1.4352e+00 | Valid loss: 1.5523e+00 | Train acc: 0.4912 ± 0.0000 | Valid acc: 0.3858 ± 0.0000 | Valid Power: 0.0042 | Train Power: 0.0054 | patience:  51 | lr: 0.0125 | Epoch time: 0.2 |

2024-09-09 23:59:58,195 - INFO -
| Epoch:    750 | Train loss: 1.4352e+00 | Valid loss: 1.5526e+00 | Train acc: 0.4987 ± 0.0000 | Valid acc: 0.3858 ± 0.0000 | Valid Power: 0.0041 | Train Power: 0.0043 | patience:  61 | lr: 0.0125 | Epoch time: 0.2 |

2024-09-09 23:59:59,820 - INFO -
| Epoch:    760 | Train loss: 1.4334e+00 | Valid loss: 1.5535e+00 | Train acc: 0.4912 ± 0.0000 | Valid acc: 0.3858 ± 0.0000 | Valid Power: 0.0053 | Train Power: 0.0851 | patience:  71 | lr: 0.0125 | Epoch time: 0.2 |

2024-09-10 00:00:01,448 - INFO -
| Epoch:    770 | Train loss: 1.4315e+00 | Valid loss: 1.5544e+00 | Train acc: 0.4987 ± 0.0000 | Valid acc: 0.3858 ± 0.0000 | Valid Power: 0.0054 | Train Power: 0.0045 | patience:  81 | lr: 0.0125 | Epoch time: 0.2 |

2024-09-10 00:00:03,075 - INFO -
| Epoch:    780 | Train loss: 1.4312e+00 | Valid loss: 1.5559e+00 | Train acc: 0.4962 ± 0.0000 | Valid acc: 0.3858 ± 0.0000 | Valid Power: 0.0060 | Train Power: 0.0054 | patience:  91 | lr: 0.0125 | Epoch time: 0.2 |

2024-09-10 00:00:04,776 - INFO -
load best network to warm start training with lower lr.

2024-09-10 00:00:04,777 - INFO -
lr update to 0.00625.

2024-09-10 00:00:04,777 - INFO -
| Epoch:    790 | Train loss: 1.4297e+00 | Valid loss: 1.5556e+00 | Train acc: 0.4912 ± 0.0000 | Valid acc: 0.3858 ± 0.0000 | Valid Power: 0.0067 | Train Power: 0.0065 | patience:   0 | lr: 0.00625 | Epoch time: 0.2 |

2024-09-10 00:00:06,402 - INFO -
| Epoch:    800 | Train loss: 1.4397e+00 | Valid loss: 1.5437e+00 | Train acc: 0.5542 ± 0.0000 | Valid acc: 0.4803 ± 0.0000 | Valid Power: 0.0036 | Train Power: 0.0036 | patience:  10 | lr: 0.00625 | Epoch time: 0.2 |

2024-09-10 00:00:08,031 - INFO -
| Epoch:    810 | Train loss: 1.4392e+00 | Valid loss: 1.5430e+00 | Train acc: 0.5542 ± 0.0000 | Valid acc: 0.4882 ± 0.0000 | Valid Power: 0.0038 | Train Power: 0.0038 | patience:  20 | lr: 0.00625 | Epoch time: 0.2 |

2024-09-10 00:00:09,659 - INFO -
| Epoch:    820 | Train loss: 1.4372e+00 | Valid loss: 1.5553e+00 | Train acc: 0.5516 ± 0.0000 | Valid acc: 0.4803 ± 0.0000 | Valid Power: 0.0036 | Train Power: 0.0036 | patience:  30 | lr: 0.00625 | Epoch time: 0.2 |

2024-09-10 00:00:11,298 - INFO -
| Epoch:    830 | Train loss: 1.4352e+00 | Valid loss: 1.5425e+00 | Train acc: 0.5567 ± 0.0000 | Valid acc: 0.4961 ± 0.0000 | Valid Power: 0.0039 | Train Power: 0.0041 | patience:  40 | lr: 0.00625 | Epoch time: 0.2 |

2024-09-10 00:00:12,816 - INFO -
| Epoch:    840 | Train loss: 1.4344e+00 | Valid loss: 1.5404e+00 | Train acc: 0.5567 ± 0.0000 | Valid acc: 0.4961 ± 0.0000 | Valid Power: 0.0043 | Train Power: 0.0069 | patience:  50 | lr: 0.00625 | Epoch time: 0.2 |

2024-09-10 00:00:14,392 - INFO -
| Epoch:    850 | Train loss: 1.4336e+00 | Valid loss: 1.5447e+00 | Train acc: 0.5567 ± 0.0000 | Valid acc: 0.4882 ± 0.0000 | Valid Power: 0.0045 | Train Power: 0.0044 | patience:  60 | lr: 0.00625 | Epoch time: 0.1 |

2024-09-10 00:00:15,858 - INFO -
| Epoch:    860 | Train loss: 1.4324e+00 | Valid loss: 1.5503e+00 | Train acc: 0.5542 ± 0.0000 | Valid acc: 0.4882 ± 0.0000 | Valid Power: 0.0053 | Train Power: 0.0058 | patience:  70 | lr: 0.00625 | Epoch time: 0.1 |

2024-09-10 00:00:17,289 - INFO -
| Epoch:    870 | Train loss: 1.4317e+00 | Valid loss: 1.5494e+00 | Train acc: 0.5642 ± 0.0000 | Valid acc: 0.4882 ± 0.0000 | Valid Power: 0.0049 | Train Power: 0.0048 | patience:  80 | lr: 0.00625 | Epoch time: 0.1 |

2024-09-10 00:00:18,717 - INFO -
| Epoch:    880 | Train loss: 1.4312e+00 | Valid loss: 1.5478e+00 | Train acc: 0.5642 ± 0.0000 | Valid acc: 0.4882 ± 0.0000 | Valid Power: 0.0057 | Train Power: 0.0055 | patience:  90 | lr: 0.00625 | Epoch time: 0.1 |

2024-09-10 00:00:20,149 - INFO -
| Epoch:    890 | Train loss: 1.4309e+00 | Valid loss: 1.5460e+00 | Train acc: 0.5642 ± 0.0000 | Valid acc: 0.4803 ± 0.0000 | Valid Power: 0.0098 | Train Power: 0.0078 | patience: 100 | lr: 0.00625 | Epoch time: 0.1 |

2024-09-10 00:00:20,294 - INFO -
load best network to warm start training with lower lr.

2024-09-10 00:00:20,294 - INFO -
lr update to 0.003125.

2024-09-10 00:00:21,571 - INFO -
| Epoch:    900 | Train loss: 1.4464e+00 | Valid loss: 1.5307e+00 | Train acc: 0.5416 ± 0.0000 | Valid acc: 0.4803 ± 0.0000 | Valid Power: 0.0039 | Train Power: 0.0047 | patience:   9 | lr: 0.003125 | Epoch time: 0.1 |

2024-09-10 00:00:22,988 - INFO -
| Epoch:    910 | Train loss: 1.4417e+00 | Valid loss: 1.5457e+00 | Train acc: 0.5567 ± 0.0000 | Valid acc: 0.5118 ± 0.0000 | Valid Power: 0.0036 | Train Power: 0.0036 | patience:  19 | lr: 0.003125 | Epoch time: 0.1 |

2024-09-10 00:00:24,403 - INFO -
| Epoch:    920 | Train loss: 1.4391e+00 | Valid loss: 1.5560e+00 | Train acc: 0.5592 ± 0.0000 | Valid acc: 0.4882 ± 0.0000 | Valid Power: 0.0037 | Train Power: 0.0036 | patience:  29 | lr: 0.003125 | Epoch time: 0.1 |

2024-09-10 00:00:25,818 - INFO -
| Epoch:    930 | Train loss: 1.4379e+00 | Valid loss: 1.5454e+00 | Train acc: 0.5516 ± 0.0000 | Valid acc: 0.4882 ± 0.0000 | Valid Power: 0.0041 | Train Power: 0.0039 | patience:  39 | lr: 0.003125 | Epoch time: 0.1 |

2024-09-10 00:00:27,298 - INFO -
| Epoch:    940 | Train loss: 1.4371e+00 | Valid loss: 1.5443e+00 | Train acc: 0.5542 ± 0.0000 | Valid acc: 0.4882 ± 0.0000 | Valid Power: 0.0039 | Train Power: 0.0038 | patience:  49 | lr: 0.003125 | Epoch time: 0.1 |

2024-09-10 00:00:28,715 - INFO -
| Epoch:    950 | Train loss: 1.4366e+00 | Valid loss: 1.5445e+00 | Train acc: 0.5542 ± 0.0000 | Valid acc: 0.4882 ± 0.0000 | Valid Power: 0.0039 | Train Power: 0.0039 | patience:  59 | lr: 0.003125 | Epoch time: 0.1 |

2024-09-10 00:00:30,129 - INFO -
| Epoch:    960 | Train loss: 1.4361e+00 | Valid loss: 1.5430e+00 | Train acc: 0.5516 ± 0.0000 | Valid acc: 0.4882 ± 0.0000 | Valid Power: 0.0040 | Train Power: 0.0040 | patience:  69 | lr: 0.003125 | Epoch time: 0.1 |

2024-09-10 00:00:31,547 - INFO -
| Epoch:    970 | Train loss: 1.4356e+00 | Valid loss: 1.5433e+00 | Train acc: 0.5516 ± 0.0000 | Valid acc: 0.4803 ± 0.0000 | Valid Power: 0.0041 | Train Power: 0.0040 | patience:  79 | lr: 0.003125 | Epoch time: 0.1 |

2024-09-10 00:00:32,962 - INFO -
| Epoch:    980 | Train loss: 1.4352e+00 | Valid loss: 1.5428e+00 | Train acc: 0.5516 ± 0.0000 | Valid acc: 0.4803 ± 0.0000 | Valid Power: 0.0042 | Train Power: 0.0041 | patience:  89 | lr: 0.003125 | Epoch time: 0.1 |

2024-09-10 00:00:34,373 - INFO -
| Epoch:    990 | Train loss: 1.4335e+00 | Valid loss: 1.5433e+00 | Train acc: 0.5516 ± 0.0000 | Valid acc: 0.4803 ± 0.0000 | Valid Power: 0.0048 | Train Power: 0.0068 | patience:  99 | lr: 0.003125 | Epoch time: 0.1 |

2024-09-10 00:00:34,661 - INFO -
load best network to warm start training with lower lr.

2024-09-10 00:00:34,661 - INFO -
lr update to 0.0015625.

2024-09-10 00:00:35,785 - INFO -
| Epoch:   1000 | Train loss: 1.4498e+00 | Valid loss: 1.5283e+00 | Train acc: 0.5315 ± 0.0000 | Valid acc: 0.4803 ± 0.0000 | Valid Power: 0.0036 | Train Power: 0.0036 | patience:   8 | lr: 0.0015625 | Epoch time: 0.1 |

2024-09-10 00:00:37,255 - INFO -
| Epoch:   1010 | Train loss: 1.4471e+00 | Valid loss: 1.5321e+00 | Train acc: 0.5365 ± 0.0000 | Valid acc: 0.4724 ± 0.0000 | Valid Power: 0.0124 | Train Power: 0.0051 | patience:  18 | lr: 0.0015625 | Epoch time: 0.1 |

2024-09-10 00:00:38,659 - INFO -
| Epoch:   1020 | Train loss: 1.4415e+00 | Valid loss: 1.5435e+00 | Train acc: 0.5491 ± 0.0000 | Valid acc: 0.4882 ± 0.0000 | Valid Power: 0.0038 | Train Power: 0.0038 | patience:  28 | lr: 0.0015625 | Epoch time: 0.1 |

2024-09-10 00:00:40,074 - INFO -
| Epoch:   1030 | Train loss: 1.4399e+00 | Valid loss: 1.5492e+00 | Train acc: 0.5567 ± 0.0000 | Valid acc: 0.4961 ± 0.0000 | Valid Power: 0.0037 | Train Power: 0.0037 | patience:  38 | lr: 0.0015625 | Epoch time: 0.1 |

2024-09-10 00:00:41,485 - INFO -
| Epoch:   1040 | Train loss: 1.4378e+00 | Valid loss: 1.5443e+00 | Train acc: 0.5542 ± 0.0000 | Valid acc: 0.4961 ± 0.0000 | Valid Power: 0.0037 | Train Power: 0.0037 | patience:  48 | lr: 0.0015625 | Epoch time: 0.1 |

2024-09-10 00:00:42,900 - INFO -
| Epoch:   1050 | Train loss: 1.4372e+00 | Valid loss: 1.5444e+00 | Train acc: 0.5491 ± 0.0000 | Valid acc: 0.4961 ± 0.0000 | Valid Power: 0.0037 | Train Power: 0.0037 | patience:  58 | lr: 0.0015625 | Epoch time: 0.1 |

2024-09-10 00:00:44,300 - INFO -
| Epoch:   1060 | Train loss: 1.4368e+00 | Valid loss: 1.5442e+00 | Train acc: 0.5516 ± 0.0000 | Valid acc: 0.4882 ± 0.0000 | Valid Power: 0.0038 | Train Power: 0.0037 | patience:  68 | lr: 0.0015625 | Epoch time: 0.1 |

2024-09-10 00:00:45,702 - INFO -
| Epoch:   1070 | Train loss: 1.4364e+00 | Valid loss: 1.5434e+00 | Train acc: 0.5516 ± 0.0000 | Valid acc: 0.4882 ± 0.0000 | Valid Power: 0.0040 | Train Power: 0.0039 | patience:  78 | lr: 0.0015625 | Epoch time: 0.1 |

2024-09-10 00:00:47,105 - INFO -
| Epoch:   1080 | Train loss: 1.4361e+00 | Valid loss: 1.5435e+00 | Train acc: 0.5441 ± 0.0000 | Valid acc: 0.4882 ± 0.0000 | Valid Power: 0.0043 | Train Power: 0.0043 | patience:  88 | lr: 0.0015625 | Epoch time: 0.1 |

2024-09-10 00:00:48,508 - INFO -
| Epoch:   1090 | Train loss: 1.4358e+00 | Valid loss: 1.5430e+00 | Train acc: 0.5441 ± 0.0000 | Valid acc: 0.4803 ± 0.0000 | Valid Power: 0.0040 | Train Power: 0.0040 | patience:  98 | lr: 0.0015625 | Epoch time: 0.1 |

2024-09-10 00:00:49,016 - INFO -
load best network to warm start training with lower lr.

2024-09-10 00:00:49,016 - INFO -
lr update to 0.00078125.

2024-09-10 00:00:50,000 - INFO -
| Epoch:   1100 | Train loss: 1.4532e+00 | Valid loss: 1.5269e+00 | Train acc: 0.5290 ± 0.0000 | Valid acc: 0.4803 ± 0.0000 | Valid Power: 0.0036 | Train Power: 0.0035 | patience:   7 | lr: 0.00078125 | Epoch time: 0.1 |

2024-09-10 00:00:51,407 - INFO -
| Epoch:   1110 | Train loss: 1.4498e+00 | Valid loss: 1.5283e+00 | Train acc: 0.5315 ± 0.0000 | Valid acc: 0.4803 ± 0.0000 | Valid Power: 0.0036 | Train Power: 0.0036 | patience:  17 | lr: 0.00078125 | Epoch time: 0.1 |

2024-09-10 00:00:52,813 - INFO -
| Epoch:   1120 | Train loss: 1.4486e+00 | Valid loss: 1.5332e+00 | Train acc: 0.5340 ± 0.0000 | Valid acc: 0.4724 ± 0.0000 | Valid Power: 0.0037 | Train Power: 0.0037 | patience:  27 | lr: 0.00078125 | Epoch time: 0.1 |

2024-09-10 00:00:54,219 - INFO -
| Epoch:   1130 | Train loss: 1.4479e+00 | Valid loss: 1.5302e+00 | Train acc: 0.5340 ± 0.0000 | Valid acc: 0.4724 ± 0.0000 | Valid Power: 0.0039 | Train Power: 0.0038 | patience:  37 | lr: 0.00078125 | Epoch time: 0.1 |

2024-09-10 00:00:55,624 - INFO -
| Epoch:   1140 | Train loss: 1.4463e+00 | Valid loss: 1.5321e+00 | Train acc: 0.5315 ± 0.0000 | Valid acc: 0.4724 ± 0.0000 | Valid Power: 0.0040 | Train Power: 0.0039 | patience:  47 | lr: 0.00078125 | Epoch time: 0.1 |

2024-09-10 00:00:57,092 - INFO -
| Epoch:   1150 | Train loss: 1.4412e+00 | Valid loss: 1.5365e+00 | Train acc: 0.5491 ± 0.0000 | Valid acc: 0.4724 ± 0.0000 | Valid Power: 0.0040 | Train Power: 0.0040 | patience:  57 | lr: 0.00078125 | Epoch time: 0.1 |

2024-09-10 00:00:58,496 - INFO -
| Epoch:   1160 | Train loss: 1.4407e+00 | Valid loss: 1.5434e+00 | Train acc: 0.5516 ± 0.0000 | Valid acc: 0.4803 ± 0.0000 | Valid Power: 0.0041 | Train Power: 0.0040 | patience:  67 | lr: 0.00078125 | Epoch time: 0.1 |

2024-09-10 00:00:59,901 - INFO -
| Epoch:   1170 | Train loss: 1.4394e+00 | Valid loss: 1.5445e+00 | Train acc: 0.5542 ± 0.0000 | Valid acc: 0.4882 ± 0.0000 | Valid Power: 0.0041 | Train Power: 0.0040 | patience:  77 | lr: 0.00078125 | Epoch time: 0.1 |

2024-09-10 00:01:01,308 - INFO -
| Epoch:   1180 | Train loss: 1.4382e+00 | Valid loss: 1.5446e+00 | Train acc: 0.5516 ± 0.0000 | Valid acc: 0.4961 ± 0.0000 | Valid Power: 0.0041 | Train Power: 0.0041 | patience:  87 | lr: 0.00078125 | Epoch time: 0.1 |

2024-09-10 00:01:02,716 - INFO -
| Epoch:   1190 | Train loss: 1.4376e+00 | Valid loss: 1.5444e+00 | Train acc: 0.5516 ± 0.0000 | Valid acc: 0.4961 ± 0.0000 | Valid Power: 0.0041 | Train Power: 0.0041 | patience:  97 | lr: 0.00078125 | Epoch time: 0.1 |

2024-09-10 00:01:03,281 - INFO -
load best network to warm start training with lower lr.

2024-09-10 00:01:03,281 - INFO -
lr update to 0.000390625.

2024-09-10 00:01:04,124 - INFO -
| Epoch:   1200 | Train loss: 1.4570e+00 | Valid loss: 1.5264e+00 | Train acc: 0.5264 ± 0.0000 | Valid acc: 0.4803 ± 0.0000 | Valid Power: 0.0035 | Train Power: 0.0035 | patience:   6 | lr: 0.000390625 | Epoch time: 0.1 |

2024-09-10 00:01:05,529 - INFO -
| Epoch:   1210 | Train loss: 1.4520e+00 | Valid loss: 1.5271e+00 | Train acc: 0.5264 ± 0.0000 | Valid acc: 0.4803 ± 0.0000 | Valid Power: 0.0036 | Train Power: 0.0035 | patience:  16 | lr: 0.000390625 | Epoch time: 0.1 |

2024-09-10 00:01:06,933 - INFO -
| Epoch:   1220 | Train loss: 1.4503e+00 | Valid loss: 1.5277e+00 | Train acc: 0.5315 ± 0.0000 | Valid acc: 0.4803 ± 0.0000 | Valid Power: 0.0036 | Train Power: 0.0036 | patience:  26 | lr: 0.000390625 | Epoch time: 0.1 |

2024-09-10 00:01:08,339 - INFO -
| Epoch:   1230 | Train loss: 1.4498e+00 | Valid loss: 1.5283e+00 | Train acc: 0.5315 ± 0.0000 | Valid acc: 0.4803 ± 0.0000 | Valid Power: 0.0036 | Train Power: 0.0036 | patience:  36 | lr: 0.000390625 | Epoch time: 0.1 |

2024-09-10 00:01:09,743 - INFO -
| Epoch:   1240 | Train loss: 1.4492e+00 | Valid loss: 1.5287e+00 | Train acc: 0.5315 ± 0.0000 | Valid acc: 0.4724 ± 0.0000 | Valid Power: 0.0036 | Train Power: 0.0036 | patience:  46 | lr: 0.000390625 | Epoch time: 0.1 |

2024-09-10 00:01:11,224 - INFO -
| Epoch:   1250 | Train loss: 1.4487e+00 | Valid loss: 1.5294e+00 | Train acc: 0.5315 ± 0.0000 | Valid acc: 0.4724 ± 0.0000 | Valid Power: 0.0036 | Train Power: 0.0036 | patience:  56 | lr: 0.000390625 | Epoch time: 0.1 |

2024-09-10 00:01:12,638 - INFO -
| Epoch:   1260 | Train loss: 1.4482e+00 | Valid loss: 1.5286e+00 | Train acc: 0.5315 ± 0.0000 | Valid acc: 0.4724 ± 0.0000 | Valid Power: 0.0036 | Train Power: 0.0036 | patience:  66 | lr: 0.000390625 | Epoch time: 0.1 |

2024-09-10 00:01:14,043 - INFO -
| Epoch:   1270 | Train loss: 1.4480e+00 | Valid loss: 1.5288e+00 | Train acc: 0.5340 ± 0.0000 | Valid acc: 0.4724 ± 0.0000 | Valid Power: 0.0037 | Train Power: 0.0036 | patience:  76 | lr: 0.000390625 | Epoch time: 0.1 |

2024-09-10 00:01:15,447 - INFO -
| Epoch:   1280 | Train loss: 1.4478e+00 | Valid loss: 1.5294e+00 | Train acc: 0.5340 ± 0.0000 | Valid acc: 0.4724 ± 0.0000 | Valid Power: 0.0037 | Train Power: 0.0036 | patience:  86 | lr: 0.000390625 | Epoch time: 0.1 |

2024-09-10 00:01:16,794 - INFO -
| Epoch:   1290 | Train loss: 1.4476e+00 | Valid loss: 1.5294e+00 | Train acc: 0.5315 ± 0.0000 | Valid acc: 0.4724 ± 0.0000 | Valid Power: 0.0037 | Train Power: 0.0036 | patience:  96 | lr: 0.000390625 | Epoch time: 0.1 |

2024-09-10 00:01:17,446 - INFO -
load best network to warm start training with lower lr.

2024-09-10 00:01:17,446 - INFO -
lr update to 0.0001953125.

2024-09-10 00:01:18,097 - INFO -
| Epoch:   1300 | Train loss: 1.4590e+00 | Valid loss: 1.5257e+00 | Train acc: 0.5214 ± 0.0000 | Valid acc: 0.4803 ± 0.0000 | Valid Power: 0.0035 | Train Power: 0.0035 | patience:   5 | lr: 0.0001953125 | Epoch time: 0.1 |

2024-09-10 00:01:19,389 - INFO -
| Epoch:   1310 | Train loss: 1.4558e+00 | Valid loss: 1.5265e+00 | Train acc: 0.5264 ± 0.0000 | Valid acc: 0.4803 ± 0.0000 | Valid Power: 0.0035 | Train Power: 0.0035 | patience:  15 | lr: 0.0001953125 | Epoch time: 0.1 |

2024-09-10 00:01:20,738 - INFO -
| Epoch:   1320 | Train loss: 1.4531e+00 | Valid loss: 1.5267e+00 | Train acc: 0.5290 ± 0.0000 | Valid acc: 0.4803 ± 0.0000 | Valid Power: 0.0036 | Train Power: 0.0035 | patience:  25 | lr: 0.0001953125 | Epoch time: 0.1 |

2024-09-10 00:01:22,010 - INFO -
| Epoch:   1330 | Train loss: 1.4516e+00 | Valid loss: 1.5272e+00 | Train acc: 0.5239 ± 0.0000 | Valid acc: 0.4803 ± 0.0000 | Valid Power: 0.0036 | Train Power: 0.0035 | patience:  35 | lr: 0.0001953125 | Epoch time: 0.1 |

2024-09-10 00:01:23,244 - INFO -
| Epoch:   1340 | Train loss: 1.4511e+00 | Valid loss: 1.5274e+00 | Train acc: 0.5264 ± 0.0000 | Valid acc: 0.4803 ± 0.0000 | Valid Power: 0.0036 | Train Power: 0.0036 | patience:  45 | lr: 0.0001953125 | Epoch time: 0.1 |

2024-09-10 00:01:24,463 - INFO -
| Epoch:   1350 | Train loss: 1.4505e+00 | Valid loss: 1.5277e+00 | Train acc: 0.5290 ± 0.0000 | Valid acc: 0.4803 ± 0.0000 | Valid Power: 0.0036 | Train Power: 0.0036 | patience:  55 | lr: 0.0001953125 | Epoch time: 0.1 |

2024-09-10 00:01:25,681 - INFO -
| Epoch:   1360 | Train loss: 1.4497e+00 | Valid loss: 1.5280e+00 | Train acc: 0.5315 ± 0.0000 | Valid acc: 0.4724 ± 0.0000 | Valid Power: 0.0036 | Train Power: 0.0036 | patience:  65 | lr: 0.0001953125 | Epoch time: 0.1 |

2024-09-10 00:01:26,900 - INFO -
| Epoch:   1370 | Train loss: 1.4496e+00 | Valid loss: 1.5282e+00 | Train acc: 0.5315 ± 0.0000 | Valid acc: 0.4724 ± 0.0000 | Valid Power: 0.0036 | Train Power: 0.0036 | patience:  75 | lr: 0.0001953125 | Epoch time: 0.1 |

2024-09-10 00:01:28,118 - INFO -
| Epoch:   1380 | Train loss: 1.4495e+00 | Valid loss: 1.5282e+00 | Train acc: 0.5315 ± 0.0000 | Valid acc: 0.4724 ± 0.0000 | Valid Power: 0.0036 | Train Power: 0.0036 | patience:  85 | lr: 0.0001953125 | Epoch time: 0.1 |

2024-09-10 00:01:29,334 - INFO -
| Epoch:   1390 | Train loss: 1.4493e+00 | Valid loss: 1.5282e+00 | Train acc: 0.5290 ± 0.0000 | Valid acc: 0.4724 ± 0.0000 | Valid Power: 0.0036 | Train Power: 0.0036 | patience:  95 | lr: 0.0001953125 | Epoch time: 0.1 |

2024-09-10 00:01:30,066 - INFO -
load best network to warm start training with lower lr.

2024-09-10 00:01:30,066 - INFO -
lr update to 9.765625e-05.

2024-09-10 00:01:30,066 - INFO -
Early stop.

2024-09-10 00:01:30,080 - INFO -
Training if finished.

2024-09-12 13:58:07,411 - INFO -
Configuration: 
gmin                0.01
gmax                10.0
T                   0.1
m                   0.3
type_nonlinear      normal
act                 tanh
ACT_R1n             12.7865
ACT_R2n             -3.1871
ACT_W1n             -10.4537
ACT_L1n             10.546
ACT_W2n             -5.8496
ACT_L2n             4.2337
S_R1n               -11.7481
S_R2n               -0.3905
S_W1n               -9.169
S_L1n               0.3913
S_W2n               7.2004
S_L2n               15.5558
ReLU_RHn            -1.9557
ReLU_RLn            -20.1581
ReLU_RDn            16.6486
ReLU_RBn            -14.3472
ReLU_Wn             16.655
ReLU_Ln             -21.7591
HS_Rn               -0.3766
HS_Wn               0.5192
HS_Ln               4.6293
NEG_R1n             -7.0846
NEG_R2n             -2.5695
NEG_R3n             16.1542
NEG_W1n             13.8696
NEG_L1n             2.7635
NEG_W2n             1.2674
NEG_L2n             -10.4803
NEG_W3n             -6.4386
NEG_L3n             5.1005
task                normal
DATASET             8
DataPath            ./dataset
InputNoise          0.0
IN_test             0.0
R_train             1
R_test              1
N_time              32
pathnorm            False
hidden              [3]
skipconnection      False
SEED                4
DEVICE              cpu
PATIENCE            500
EPOCH               10000000000
LR                  0.1
PROGRESSIVE         True
LR_PATIENCE         100
LR_DECAY            0.5
LR_MIN              0.0001
metric              acc
SoftEva             True
TIMELIMITATION      71
MODE                nominal
M_train             1
K_train             1
M_test              1
K_test              1
t_test_max          1
integration         MC
N_train             1
e_train             0.0
N_test              100
e_test              0.1
e_fault             2
fault_ratio         0.0
N_fault             50
e_fault_test        0
N_fault_test        50
dropout             0.0
lagrangian_loss     False
rho                 100
powerestimator      none
powerbalance        0.0
estimatorbalance    0.0
pgmin               1e-07
power_ratio         1000
lambda_P            100
areaestimator       none
areabalance         0.0
area_theta          0.15
area_act            30.0
area_neg            22.7
lambda_A            0.001
lnc                 False
projectname         tanh_0_FaultAnalysisNormal
temppath            ./tanh_0_FaultAnalysisNormal/temp/
logfilepath         ./tanh_0_FaultAnalysisNormal/log/
report_freq         10
recording           False
recordpath          ./tanh_0_FaultAnalysisNormal/record/
savepath            ./tanh_0_FaultAnalysisNormal/models/
loglevel            info


2024-09-12 13:58:07,436 - INFO -
Training network on device: cpu.

2024-09-12 13:58:07,436 - INFO -
Training setup: data_08_pendigits_seed_04_epsilon_0.0_dropout_0.0_fault_ratio_0.0.model.

2024-09-12 13:58:07,436 - INFO -
{'dataname': 'pendigits', 'N_feature': 16, 'N_class': 10, 'N_train': 397, 'N_valid': 127, 'N_test': 79}

2024-09-12 13:58:07,437 - INFO -
Training was already finished.

