2024-09-10 07:05:21,414 - INFO -
Configuration: 
gmin                0.01
gmax                10.0
T                   0.1
m                   0.3
type_nonlinear      normal
act                 tanh
ACT_R1n             12.7865
ACT_R2n             -3.1871
ACT_W1n             -10.4537
ACT_L1n             10.546
ACT_W2n             -5.8496
ACT_L2n             4.2337
S_R1n               -11.7481
S_R2n               -0.3905
S_W1n               -9.169
S_L1n               0.3913
S_W2n               7.2004
S_L2n               15.5558
ReLU_RHn            -1.9557
ReLU_RLn            -20.1581
ReLU_RDn            16.6486
ReLU_RBn            -14.3472
ReLU_Wn             16.655
ReLU_Ln             -21.7591
HS_Rn               -0.3766
HS_Wn               0.5192
HS_Ln               4.6293
NEG_R1n             -7.0846
NEG_R2n             -2.5695
NEG_R3n             16.1542
NEG_W1n             13.8696
NEG_L1n             2.7635
NEG_W2n             1.2674
NEG_L2n             -10.4803
NEG_W3n             -6.4386
NEG_L3n             5.1005
task                normal
DATASET             12
DataPath            ./dataset
InputNoise          0.0
IN_test             0.0
R_train             1
R_test              1
N_time              32
pathnorm            False
hidden              [3]
skipconnection      False
SEED                4
DEVICE              cpu
PATIENCE            500
EPOCH               10000000000
LR                  0.1
PROGRESSIVE         True
LR_PATIENCE         100
LR_DECAY            0.5
LR_MIN              0.0001
metric              acc
SoftEva             True
TIMELIMITATION      71
MODE                nominal
M_train             1
K_train             1
M_test              1
K_test              1
t_test_max          1
integration         MC
N_train             1
e_train             0.0
N_test              100
e_test              0.1
e_fault             2
fault_ratio         0.0
N_fault             50
e_fault_test        0
N_fault_test        50
dropout             0.0
lagrangian_loss     False
rho                 100
powerestimator      none
powerbalance        0.0
estimatorbalance    0.0
pgmin               1e-07
power_ratio         1000
lambda_P            100
areaestimator       none
areabalance         0.0
area_theta          0.15
area_act            30.0
area_neg            22.7
lambda_A            0.001
lnc                 False
projectname         tanh_0_FaultAnalysisNormal
temppath            ./tanh_0_FaultAnalysisNormal/temp/
logfilepath         ./tanh_0_FaultAnalysisNormal/log/
report_freq         10
recording           False
recordpath          ./tanh_0_FaultAnalysisNormal/record/
savepath            ./tanh_0_FaultAnalysisNormal/models/
loglevel            info


2024-09-10 07:05:21,414 - INFO -
Training network on device: cpu.

2024-09-10 07:05:21,414 - INFO -
Training setup: data_12_vertebralcolumn3clases_seed_04_epsilon_0.0_dropout_0.0_fault_ratio_0.0.model.

2024-09-10 07:05:21,414 - INFO -
{'dataname': 'vertebralcolumn3clases', 'N_feature': 6, 'N_class': 3, 'N_train': 184, 'N_valid': 61, 'N_test': 63}

2024-09-10 07:05:21,414 - INFO -
Topology of the network: [6, 3, 3].

2024-09-10 07:05:22,388 - INFO -
| Epoch:      0 | Train loss: 1.0986e+00 | Valid loss: 1.0463e+00 | Train acc: 0.3043 ± 0.0000 | Valid acc: 0.5246 ± 0.0000 | Valid Power: 0.0008 | Train Power: 0.0005 | patience:   0 | lr: 0.1 | Epoch time: 0.1 |

2024-09-10 07:05:23,216 - INFO -
| Epoch:     10 | Train loss: 1.0470e+00 | Valid loss: 1.0125e+00 | Train acc: 0.4783 ± 0.0000 | Valid acc: 0.5246 ± 0.0000 | Valid Power: 0.0008 | Train Power: 0.0009 | patience:   6 | lr: 0.1 | Epoch time: 0.1 |

2024-09-10 07:05:23,998 - INFO -
| Epoch:     20 | Train loss: 1.0478e+00 | Valid loss: 9.9528e-01 | Train acc: 0.4783 ± 0.0000 | Valid acc: 0.5246 ± 0.0000 | Valid Power: 0.0008 | Train Power: 0.0008 | patience:  16 | lr: 0.1 | Epoch time: 0.1 |

2024-09-10 07:05:24,794 - INFO -
| Epoch:     30 | Train loss: 1.0466e+00 | Valid loss: 9.9936e-01 | Train acc: 0.4783 ± 0.0000 | Valid acc: 0.5246 ± 0.0000 | Valid Power: 0.0008 | Train Power: 0.0009 | patience:  26 | lr: 0.1 | Epoch time: 0.1 |

2024-09-10 07:05:25,580 - INFO -
| Epoch:     40 | Train loss: 1.0467e+00 | Valid loss: 1.0037e+00 | Train acc: 0.4783 ± 0.0000 | Valid acc: 0.5246 ± 0.0000 | Valid Power: 0.0008 | Train Power: 0.0008 | patience:  36 | lr: 0.1 | Epoch time: 0.1 |

2024-09-10 07:05:26,361 - INFO -
| Epoch:     50 | Train loss: 1.0466e+00 | Valid loss: 1.0042e+00 | Train acc: 0.4783 ± 0.0000 | Valid acc: 0.5246 ± 0.0000 | Valid Power: 0.0008 | Train Power: 0.0008 | patience:  46 | lr: 0.1 | Epoch time: 0.1 |

2024-09-10 07:05:27,137 - INFO -
| Epoch:     60 | Train loss: 1.0466e+00 | Valid loss: 1.0030e+00 | Train acc: 0.4783 ± 0.0000 | Valid acc: 0.5246 ± 0.0000 | Valid Power: 0.0008 | Train Power: 0.0008 | patience:  56 | lr: 0.1 | Epoch time: 0.1 |

2024-09-10 07:05:27,915 - INFO -
| Epoch:     70 | Train loss: 1.0466e+00 | Valid loss: 1.0024e+00 | Train acc: 0.4783 ± 0.0000 | Valid acc: 0.5246 ± 0.0000 | Valid Power: 0.0008 | Train Power: 0.0008 | patience:  66 | lr: 0.1 | Epoch time: 0.1 |

2024-09-10 07:05:28,695 - INFO -
| Epoch:     80 | Train loss: 1.0466e+00 | Valid loss: 1.0023e+00 | Train acc: 0.4783 ± 0.0000 | Valid acc: 0.5246 ± 0.0000 | Valid Power: 0.0008 | Train Power: 0.0008 | patience:  76 | lr: 0.1 | Epoch time: 0.1 |

2024-09-10 07:05:29,475 - INFO -
| Epoch:     90 | Train loss: 1.0466e+00 | Valid loss: 1.0022e+00 | Train acc: 0.4783 ± 0.0000 | Valid acc: 0.5246 ± 0.0000 | Valid Power: 0.0008 | Train Power: 0.0008 | patience:  86 | lr: 0.1 | Epoch time: 0.1 |

2024-09-10 07:05:30,251 - INFO -
| Epoch:    100 | Train loss: 1.0466e+00 | Valid loss: 1.0022e+00 | Train acc: 0.4783 ± 0.0000 | Valid acc: 0.5246 ± 0.0000 | Valid Power: 0.0008 | Train Power: 0.0008 | patience:  96 | lr: 0.1 | Epoch time: 0.1 |

2024-09-10 07:05:30,643 - INFO -
load best network to warm start training with lower lr.

2024-09-10 07:05:30,643 - INFO -
lr update to 0.05.

2024-09-10 07:05:31,038 - INFO -
| Epoch:    110 | Train loss: 1.0505e+00 | Valid loss: 1.0183e+00 | Train acc: 0.4783 ± 0.0000 | Valid acc: 0.5246 ± 0.0000 | Valid Power: 0.0008 | Train Power: 0.0008 | patience:   5 | lr: 0.05 | Epoch time: 0.1 |

2024-09-10 07:05:31,817 - INFO -
| Epoch:    120 | Train loss: 1.0469e+00 | Valid loss: 1.0012e+00 | Train acc: 0.4783 ± 0.0000 | Valid acc: 0.5246 ± 0.0000 | Valid Power: 0.0022 | Train Power: 0.0016 | patience:  15 | lr: 0.05 | Epoch time: 0.1 |

2024-09-10 07:05:32,719 - INFO -
| Epoch:    130 | Train loss: 1.0467e+00 | Valid loss: 9.9872e-01 | Train acc: 0.4783 ± 0.0000 | Valid acc: 0.5246 ± 0.0000 | Valid Power: 0.0009 | Train Power: 0.0009 | patience:  25 | lr: 0.05 | Epoch time: 0.1 |

2024-09-10 07:05:33,506 - INFO -
| Epoch:    140 | Train loss: 1.0467e+00 | Valid loss: 1.0043e+00 | Train acc: 0.4783 ± 0.0000 | Valid acc: 0.5246 ± 0.0000 | Valid Power: 0.0016 | Train Power: 0.0011 | patience:  35 | lr: 0.05 | Epoch time: 0.1 |

2024-09-10 07:05:34,300 - INFO -
| Epoch:    150 | Train loss: 1.0466e+00 | Valid loss: 1.0027e+00 | Train acc: 0.4783 ± 0.0000 | Valid acc: 0.5246 ± 0.0000 | Valid Power: 0.0009 | Train Power: 0.0009 | patience:  45 | lr: 0.05 | Epoch time: 0.1 |

2024-09-10 07:05:35,087 - INFO -
| Epoch:    160 | Train loss: 1.0466e+00 | Valid loss: 1.0013e+00 | Train acc: 0.4783 ± 0.0000 | Valid acc: 0.5246 ± 0.0000 | Valid Power: 0.0009 | Train Power: 0.0009 | patience:  55 | lr: 0.05 | Epoch time: 0.1 |

2024-09-10 07:05:35,868 - INFO -
| Epoch:    170 | Train loss: 1.0466e+00 | Valid loss: 1.0017e+00 | Train acc: 0.4783 ± 0.0000 | Valid acc: 0.5246 ± 0.0000 | Valid Power: 0.0011 | Train Power: 0.0010 | patience:  65 | lr: 0.05 | Epoch time: 0.1 |

2024-09-10 07:05:36,649 - INFO -
| Epoch:    180 | Train loss: 1.0466e+00 | Valid loss: 1.0023e+00 | Train acc: 0.4783 ± 0.0000 | Valid acc: 0.5246 ± 0.0000 | Valid Power: 0.0009 | Train Power: 0.0009 | patience:  75 | lr: 0.05 | Epoch time: 0.1 |

2024-09-10 07:05:37,434 - INFO -
| Epoch:    190 | Train loss: 1.0466e+00 | Valid loss: 1.0024e+00 | Train acc: 0.4783 ± 0.0000 | Valid acc: 0.5246 ± 0.0000 | Valid Power: 0.0012 | Train Power: 0.0011 | patience:  85 | lr: 0.05 | Epoch time: 0.1 |

2024-09-10 07:05:38,216 - INFO -
| Epoch:    200 | Train loss: 1.0466e+00 | Valid loss: 1.0023e+00 | Train acc: 0.4783 ± 0.0000 | Valid acc: 0.5246 ± 0.0000 | Valid Power: 0.0010 | Train Power: 0.0010 | patience:  95 | lr: 0.05 | Epoch time: 0.1 |

2024-09-10 07:05:38,686 - INFO -
load best network to warm start training with lower lr.

2024-09-10 07:05:38,686 - INFO -
lr update to 0.025.

2024-09-10 07:05:38,997 - INFO -
| Epoch:    210 | Train loss: 1.0480e+00 | Valid loss: 1.0002e+00 | Train acc: 0.4783 ± 0.0000 | Valid acc: 0.5246 ± 0.0000 | Valid Power: 0.0009 | Train Power: 0.0018 | patience:   4 | lr: 0.025 | Epoch time: 0.1 |

2024-09-10 07:05:39,775 - INFO -
| Epoch:    220 | Train loss: 1.0466e+00 | Valid loss: 1.0003e+00 | Train acc: 0.4783 ± 0.0000 | Valid acc: 0.5246 ± 0.0000 | Valid Power: 0.0008 | Train Power: 0.0008 | patience:  14 | lr: 0.025 | Epoch time: 0.1 |

2024-09-10 07:05:40,553 - INFO -
| Epoch:    230 | Train loss: 1.0466e+00 | Valid loss: 1.0015e+00 | Train acc: 0.4783 ± 0.0000 | Valid acc: 0.5246 ± 0.0000 | Valid Power: 0.0086 | Train Power: 0.0012 | patience:  24 | lr: 0.025 | Epoch time: 0.1 |

2024-09-10 07:05:41,338 - INFO -
| Epoch:    240 | Train loss: 1.0466e+00 | Valid loss: 1.0028e+00 | Train acc: 0.4783 ± 0.0000 | Valid acc: 0.5246 ± 0.0000 | Valid Power: 0.0009 | Train Power: 0.0010 | patience:  34 | lr: 0.025 | Epoch time: 0.1 |

2024-09-10 07:05:42,115 - INFO -
| Epoch:    250 | Train loss: 1.0466e+00 | Valid loss: 1.0016e+00 | Train acc: 0.4783 ± 0.0000 | Valid acc: 0.5246 ± 0.0000 | Valid Power: 0.0009 | Train Power: 0.0009 | patience:  44 | lr: 0.025 | Epoch time: 0.1 |

2024-09-10 07:05:42,893 - INFO -
| Epoch:    260 | Train loss: 1.0466e+00 | Valid loss: 1.0022e+00 | Train acc: 0.4783 ± 0.0000 | Valid acc: 0.5246 ± 0.0000 | Valid Power: 0.0009 | Train Power: 0.0009 | patience:  54 | lr: 0.025 | Epoch time: 0.1 |

2024-09-10 07:05:43,670 - INFO -
| Epoch:    270 | Train loss: 1.0466e+00 | Valid loss: 1.0022e+00 | Train acc: 0.4783 ± 0.0000 | Valid acc: 0.5246 ± 0.0000 | Valid Power: 0.0009 | Train Power: 0.0009 | patience:  64 | lr: 0.025 | Epoch time: 0.1 |

2024-09-10 07:05:44,447 - INFO -
| Epoch:    280 | Train loss: 1.0466e+00 | Valid loss: 1.0019e+00 | Train acc: 0.4783 ± 0.0000 | Valid acc: 0.5246 ± 0.0000 | Valid Power: 0.0009 | Train Power: 0.0009 | patience:  74 | lr: 0.025 | Epoch time: 0.1 |

2024-09-10 07:05:45,223 - INFO -
| Epoch:    290 | Train loss: 1.0466e+00 | Valid loss: 1.0023e+00 | Train acc: 0.4783 ± 0.0000 | Valid acc: 0.5246 ± 0.0000 | Valid Power: 0.0009 | Train Power: 0.0009 | patience:  84 | lr: 0.025 | Epoch time: 0.1 |

2024-09-10 07:05:46,003 - INFO -
| Epoch:    300 | Train loss: 1.0466e+00 | Valid loss: 1.0020e+00 | Train acc: 0.4783 ± 0.0000 | Valid acc: 0.5246 ± 0.0000 | Valid Power: 0.0009 | Train Power: 0.0009 | patience:  94 | lr: 0.025 | Epoch time: 0.1 |

2024-09-10 07:05:46,550 - INFO -
load best network to warm start training with lower lr.

2024-09-10 07:05:46,550 - INFO -
lr update to 0.0125.

2024-09-10 07:05:46,783 - INFO -
| Epoch:    310 | Train loss: 1.0537e+00 | Valid loss: 9.8956e-01 | Train acc: 0.4783 ± 0.0000 | Valid acc: 0.5246 ± 0.0000 | Valid Power: 0.0009 | Train Power: 0.0011 | patience:   3 | lr: 0.0125 | Epoch time: 0.1 |

2024-09-10 07:05:47,561 - INFO -
| Epoch:    320 | Train loss: 1.0474e+00 | Valid loss: 1.0112e+00 | Train acc: 0.4783 ± 0.0000 | Valid acc: 0.5246 ± 0.0000 | Valid Power: 0.0009 | Train Power: 0.0009 | patience:  13 | lr: 0.0125 | Epoch time: 0.1 |

2024-09-10 07:05:48,337 - INFO -
| Epoch:    330 | Train loss: 1.0466e+00 | Valid loss: 1.0021e+00 | Train acc: 0.4783 ± 0.0000 | Valid acc: 0.5246 ± 0.0000 | Valid Power: 0.0008 | Train Power: 0.0008 | patience:  23 | lr: 0.0125 | Epoch time: 0.1 |

2024-09-10 07:05:49,116 - INFO -
| Epoch:    340 | Train loss: 1.0468e+00 | Valid loss: 9.9921e-01 | Train acc: 0.4783 ± 0.0000 | Valid acc: 0.5246 ± 0.0000 | Valid Power: 0.0009 | Train Power: 0.0009 | patience:  33 | lr: 0.0125 | Epoch time: 0.1 |

2024-09-10 07:05:49,891 - INFO -
| Epoch:    350 | Train loss: 1.0466e+00 | Valid loss: 1.0040e+00 | Train acc: 0.4783 ± 0.0000 | Valid acc: 0.5246 ± 0.0000 | Valid Power: 0.0009 | Train Power: 0.0009 | patience:  43 | lr: 0.0125 | Epoch time: 0.1 |

2024-09-10 07:05:50,666 - INFO -
| Epoch:    360 | Train loss: 1.0466e+00 | Valid loss: 1.0018e+00 | Train acc: 0.4783 ± 0.0000 | Valid acc: 0.5246 ± 0.0000 | Valid Power: 0.0009 | Train Power: 0.0009 | patience:  53 | lr: 0.0125 | Epoch time: 0.1 |

2024-09-10 07:05:51,443 - INFO -
| Epoch:    370 | Train loss: 1.0466e+00 | Valid loss: 1.0017e+00 | Train acc: 0.4783 ± 0.0000 | Valid acc: 0.5246 ± 0.0000 | Valid Power: 0.0009 | Train Power: 0.0009 | patience:  63 | lr: 0.0125 | Epoch time: 0.1 |

2024-09-10 07:05:52,227 - INFO -
| Epoch:    380 | Train loss: 1.0466e+00 | Valid loss: 1.0025e+00 | Train acc: 0.4783 ± 0.0000 | Valid acc: 0.5246 ± 0.0000 | Valid Power: 0.0009 | Train Power: 0.0009 | patience:  73 | lr: 0.0125 | Epoch time: 0.1 |

2024-09-10 07:05:53,005 - INFO -
| Epoch:    390 | Train loss: 1.0466e+00 | Valid loss: 1.0018e+00 | Train acc: 0.4783 ± 0.0000 | Valid acc: 0.5246 ± 0.0000 | Valid Power: 0.0009 | Train Power: 0.0009 | patience:  83 | lr: 0.0125 | Epoch time: 0.1 |

2024-09-10 07:05:53,784 - INFO -
| Epoch:    400 | Train loss: 1.0466e+00 | Valid loss: 1.0022e+00 | Train acc: 0.4783 ± 0.0000 | Valid acc: 0.5246 ± 0.0000 | Valid Power: 0.0009 | Train Power: 0.0009 | patience:  93 | lr: 0.0125 | Epoch time: 0.1 |

2024-09-10 07:05:54,411 - INFO -
load best network to warm start training with lower lr.

2024-09-10 07:05:54,411 - INFO -
lr update to 0.00625.

2024-09-10 07:05:54,567 - INFO -
| Epoch:    410 | Train loss: 1.0569e+00 | Valid loss: 9.8754e-01 | Train acc: 0.4783 ± 0.0000 | Valid acc: 0.5246 ± 0.0000 | Valid Power: 0.0009 | Train Power: 0.0008 | patience:   2 | lr: 0.00625 | Epoch time: 0.1 |

2024-09-10 07:05:55,343 - INFO -
| Epoch:    420 | Train loss: 1.0485e+00 | Valid loss: 9.9474e-01 | Train acc: 0.4783 ± 0.0000 | Valid acc: 0.5246 ± 0.0000 | Valid Power: 0.0010 | Train Power: 0.0009 | patience:  12 | lr: 0.00625 | Epoch time: 0.1 |

2024-09-10 07:05:56,118 - INFO -
| Epoch:    430 | Train loss: 1.0467e+00 | Valid loss: 1.0056e+00 | Train acc: 0.4783 ± 0.0000 | Valid acc: 0.5246 ± 0.0000 | Valid Power: 0.0015 | Train Power: 0.0023 | patience:  22 | lr: 0.00625 | Epoch time: 0.1 |

2024-09-10 07:05:56,895 - INFO -
| Epoch:    440 | Train loss: 1.0469e+00 | Valid loss: 1.0064e+00 | Train acc: 0.4783 ± 0.0000 | Valid acc: 0.5246 ± 0.0000 | Valid Power: 0.0009 | Train Power: 0.0009 | patience:  32 | lr: 0.00625 | Epoch time: 0.1 |

2024-09-10 07:05:57,670 - INFO -
| Epoch:    450 | Train loss: 1.0466e+00 | Valid loss: 1.0013e+00 | Train acc: 0.4783 ± 0.0000 | Valid acc: 0.5246 ± 0.0000 | Valid Power: 0.0009 | Train Power: 0.0009 | patience:  42 | lr: 0.00625 | Epoch time: 0.1 |

2024-09-10 07:05:58,444 - INFO -
| Epoch:    460 | Train loss: 1.0466e+00 | Valid loss: 1.0006e+00 | Train acc: 0.4783 ± 0.0000 | Valid acc: 0.5246 ± 0.0000 | Valid Power: 0.0009 | Train Power: 0.0009 | patience:  52 | lr: 0.00625 | Epoch time: 0.1 |

2024-09-10 07:05:59,221 - INFO -
| Epoch:    470 | Train loss: 1.0466e+00 | Valid loss: 1.0021e+00 | Train acc: 0.4783 ± 0.0000 | Valid acc: 0.5246 ± 0.0000 | Valid Power: 0.0008 | Train Power: 0.0008 | patience:  62 | lr: 0.00625 | Epoch time: 0.1 |

2024-09-10 07:05:59,995 - INFO -
| Epoch:    480 | Train loss: 1.0466e+00 | Valid loss: 1.0026e+00 | Train acc: 0.4783 ± 0.0000 | Valid acc: 0.5246 ± 0.0000 | Valid Power: 0.0008 | Train Power: 0.0008 | patience:  72 | lr: 0.00625 | Epoch time: 0.1 |

2024-09-10 07:06:00,769 - INFO -
| Epoch:    490 | Train loss: 1.0466e+00 | Valid loss: 1.0020e+00 | Train acc: 0.4783 ± 0.0000 | Valid acc: 0.5246 ± 0.0000 | Valid Power: 0.0009 | Train Power: 0.0009 | patience:  82 | lr: 0.00625 | Epoch time: 0.1 |

2024-09-10 07:06:01,547 - INFO -
| Epoch:    500 | Train loss: 1.0466e+00 | Valid loss: 1.0020e+00 | Train acc: 0.4783 ± 0.0000 | Valid acc: 0.5246 ± 0.0000 | Valid Power: 0.0009 | Train Power: 0.0009 | patience:  92 | lr: 0.00625 | Epoch time: 0.1 |

2024-09-10 07:06:02,249 - INFO -
load best network to warm start training with lower lr.

2024-09-10 07:06:02,249 - INFO -
lr update to 0.003125.

2024-09-10 07:06:02,327 - INFO -
| Epoch:    510 | Train loss: 1.0580e+00 | Valid loss: 9.8708e-01 | Train acc: 0.4783 ± 0.0000 | Valid acc: 0.5246 ± 0.0000 | Valid Power: 0.0008 | Train Power: 0.0008 | patience:   1 | lr: 0.003125 | Epoch time: 0.1 |

2024-09-10 07:06:03,102 - INFO -
| Epoch:    520 | Train loss: 1.0528e+00 | Valid loss: 9.8922e-01 | Train acc: 0.4783 ± 0.0000 | Valid acc: 0.5246 ± 0.0000 | Valid Power: 0.0009 | Train Power: 0.0010 | patience:  11 | lr: 0.003125 | Epoch time: 0.1 |

2024-09-10 07:06:03,877 - INFO -
| Epoch:    530 | Train loss: 1.0491e+00 | Valid loss: 9.9300e-01 | Train acc: 0.4783 ± 0.0000 | Valid acc: 0.5246 ± 0.0000 | Valid Power: 0.0009 | Train Power: 0.0009 | patience:  21 | lr: 0.003125 | Epoch time: 0.1 |

2024-09-10 07:06:04,664 - INFO -
| Epoch:    540 | Train loss: 1.0471e+00 | Valid loss: 9.9779e-01 | Train acc: 0.4783 ± 0.0000 | Valid acc: 0.5246 ± 0.0000 | Valid Power: 0.0010 | Train Power: 0.0011 | patience:  31 | lr: 0.003125 | Epoch time: 0.1 |

2024-09-10 07:06:05,441 - INFO -
| Epoch:    550 | Train loss: 1.0466e+00 | Valid loss: 1.0021e+00 | Train acc: 0.4783 ± 0.0000 | Valid acc: 0.5246 ± 0.0000 | Valid Power: 0.0008 | Train Power: 0.0008 | patience:  41 | lr: 0.003125 | Epoch time: 0.1 |

2024-09-10 07:06:06,216 - INFO -
| Epoch:    560 | Train loss: 1.0466e+00 | Valid loss: 1.0041e+00 | Train acc: 0.4783 ± 0.0000 | Valid acc: 0.5246 ± 0.0000 | Valid Power: 0.0010 | Train Power: 0.0009 | patience:  51 | lr: 0.003125 | Epoch time: 0.1 |

2024-09-10 07:06:06,992 - INFO -
| Epoch:    570 | Train loss: 1.0466e+00 | Valid loss: 1.0034e+00 | Train acc: 0.4783 ± 0.0000 | Valid acc: 0.5246 ± 0.0000 | Valid Power: 0.0009 | Train Power: 0.0010 | patience:  61 | lr: 0.003125 | Epoch time: 0.1 |

2024-09-10 07:06:07,853 - INFO -
| Epoch:    580 | Train loss: 1.0466e+00 | Valid loss: 1.0023e+00 | Train acc: 0.4783 ± 0.0000 | Valid acc: 0.5246 ± 0.0000 | Valid Power: 0.0010 | Train Power: 0.0010 | patience:  71 | lr: 0.003125 | Epoch time: 0.1 |

2024-09-10 07:06:08,629 - INFO -
| Epoch:    590 | Train loss: 1.0466e+00 | Valid loss: 1.0018e+00 | Train acc: 0.4783 ± 0.0000 | Valid acc: 0.5246 ± 0.0000 | Valid Power: 0.0010 | Train Power: 0.0010 | patience:  81 | lr: 0.003125 | Epoch time: 0.1 |

2024-09-10 07:06:09,407 - INFO -
| Epoch:    600 | Train loss: 1.0466e+00 | Valid loss: 1.0018e+00 | Train acc: 0.4783 ± 0.0000 | Valid acc: 0.5246 ± 0.0000 | Valid Power: 0.0010 | Train Power: 0.0010 | patience:  91 | lr: 0.003125 | Epoch time: 0.1 |

2024-09-10 07:06:10,186 - INFO -
load best network to warm start training with lower lr.

2024-09-10 07:06:10,187 - INFO -
lr update to 0.0015625.

2024-09-10 07:06:10,187 - INFO -
| Epoch:    610 | Train loss: 1.0466e+00 | Valid loss: 1.0020e+00 | Train acc: 0.4783 ± 0.0000 | Valid acc: 0.5246 ± 0.0000 | Valid Power: 0.0010 | Train Power: 0.0010 | patience:   0 | lr: 0.0015625 | Epoch time: 0.1 |

2024-09-10 07:06:10,961 - INFO -
| Epoch:    620 | Train loss: 1.0555e+00 | Valid loss: 9.8773e-01 | Train acc: 0.4783 ± 0.0000 | Valid acc: 0.5246 ± 0.0000 | Valid Power: 0.0009 | Train Power: 0.0009 | patience:  10 | lr: 0.0015625 | Epoch time: 0.1 |

2024-09-10 07:06:11,738 - INFO -
| Epoch:    630 | Train loss: 1.0531e+00 | Valid loss: 9.8892e-01 | Train acc: 0.4783 ± 0.0000 | Valid acc: 0.5246 ± 0.0000 | Valid Power: 0.0030 | Train Power: 0.0012 | patience:  20 | lr: 0.0015625 | Epoch time: 0.1 |

2024-09-10 07:06:12,514 - INFO -
| Epoch:    640 | Train loss: 1.0510e+00 | Valid loss: 9.9047e-01 | Train acc: 0.4783 ± 0.0000 | Valid acc: 0.5246 ± 0.0000 | Valid Power: 0.0009 | Train Power: 0.0009 | patience:  30 | lr: 0.0015625 | Epoch time: 0.1 |

2024-09-10 07:06:13,287 - INFO -
| Epoch:    650 | Train loss: 1.0493e+00 | Valid loss: 9.9236e-01 | Train acc: 0.4783 ± 0.0000 | Valid acc: 0.5246 ± 0.0000 | Valid Power: 0.0009 | Train Power: 0.0009 | patience:  40 | lr: 0.0015625 | Epoch time: 0.1 |

2024-09-10 07:06:14,064 - INFO -
| Epoch:    660 | Train loss: 1.0481e+00 | Valid loss: 9.9463e-01 | Train acc: 0.4783 ± 0.0000 | Valid acc: 0.5246 ± 0.0000 | Valid Power: 0.0009 | Train Power: 0.0009 | patience:  50 | lr: 0.0015625 | Epoch time: 0.1 |

2024-09-10 07:06:14,840 - INFO -
| Epoch:    670 | Train loss: 1.0473e+00 | Valid loss: 9.9666e-01 | Train acc: 0.4783 ± 0.0000 | Valid acc: 0.5246 ± 0.0000 | Valid Power: 0.0009 | Train Power: 0.0009 | patience:  60 | lr: 0.0015625 | Epoch time: 0.1 |

2024-09-10 07:06:15,618 - INFO -
| Epoch:    680 | Train loss: 1.0468e+00 | Valid loss: 9.9857e-01 | Train acc: 0.4783 ± 0.0000 | Valid acc: 0.5246 ± 0.0000 | Valid Power: 0.0010 | Train Power: 0.0010 | patience:  70 | lr: 0.0015625 | Epoch time: 0.1 |

2024-09-10 07:06:16,397 - INFO -
| Epoch:    690 | Train loss: 1.0466e+00 | Valid loss: 1.0002e+00 | Train acc: 0.4783 ± 0.0000 | Valid acc: 0.5246 ± 0.0000 | Valid Power: 0.0010 | Train Power: 0.0010 | patience:  80 | lr: 0.0015625 | Epoch time: 0.1 |

2024-09-10 07:06:17,173 - INFO -
| Epoch:    700 | Train loss: 1.0466e+00 | Valid loss: 1.0014e+00 | Train acc: 0.4783 ± 0.0000 | Valid acc: 0.5246 ± 0.0000 | Valid Power: 0.0009 | Train Power: 0.0009 | patience:  90 | lr: 0.0015625 | Epoch time: 0.1 |

2024-09-10 07:06:17,949 - INFO -
| Epoch:    710 | Train loss: 1.0466e+00 | Valid loss: 1.0020e+00 | Train acc: 0.4783 ± 0.0000 | Valid acc: 0.5246 ± 0.0000 | Valid Power: 0.0009 | Train Power: 0.0009 | patience: 100 | lr: 0.0015625 | Epoch time: 0.1 |

2024-09-10 07:06:18,029 - INFO -
load best network to warm start training with lower lr.

2024-09-10 07:06:18,030 - INFO -
lr update to 0.00078125.

2024-09-10 07:06:18,729 - INFO -
| Epoch:    720 | Train loss: 1.0569e+00 | Valid loss: 9.8726e-01 | Train acc: 0.4783 ± 0.0000 | Valid acc: 0.5246 ± 0.0000 | Valid Power: 0.0008 | Train Power: 0.0008 | patience:   9 | lr: 0.00078125 | Epoch time: 0.1 |

2024-09-10 07:06:19,505 - INFO -
| Epoch:    730 | Train loss: 1.0555e+00 | Valid loss: 9.8768e-01 | Train acc: 0.4783 ± 0.0000 | Valid acc: 0.5246 ± 0.0000 | Valid Power: 0.0009 | Train Power: 0.0009 | patience:  19 | lr: 0.00078125 | Epoch time: 0.1 |

2024-09-10 07:06:20,282 - INFO -
| Epoch:    740 | Train loss: 1.0542e+00 | Valid loss: 9.8821e-01 | Train acc: 0.4783 ± 0.0000 | Valid acc: 0.5246 ± 0.0000 | Valid Power: 0.0009 | Train Power: 0.0009 | patience:  29 | lr: 0.00078125 | Epoch time: 0.1 |

2024-09-10 07:06:21,059 - INFO -
| Epoch:    750 | Train loss: 1.0531e+00 | Valid loss: 9.8883e-01 | Train acc: 0.4783 ± 0.0000 | Valid acc: 0.5246 ± 0.0000 | Valid Power: 0.0009 | Train Power: 0.0009 | patience:  39 | lr: 0.00078125 | Epoch time: 0.1 |

2024-09-10 07:06:21,833 - INFO -
| Epoch:    760 | Train loss: 1.0520e+00 | Valid loss: 9.8952e-01 | Train acc: 0.4783 ± 0.0000 | Valid acc: 0.5246 ± 0.0000 | Valid Power: 0.0010 | Train Power: 0.0010 | patience:  49 | lr: 0.00078125 | Epoch time: 0.1 |

2024-09-10 07:06:22,610 - INFO -
| Epoch:    770 | Train loss: 1.0511e+00 | Valid loss: 9.9030e-01 | Train acc: 0.4783 ± 0.0000 | Valid acc: 0.5246 ± 0.0000 | Valid Power: 0.0010 | Train Power: 0.0010 | patience:  59 | lr: 0.00078125 | Epoch time: 0.1 |

2024-09-10 07:06:23,385 - INFO -
| Epoch:    780 | Train loss: 1.0502e+00 | Valid loss: 9.9115e-01 | Train acc: 0.4783 ± 0.0000 | Valid acc: 0.5246 ± 0.0000 | Valid Power: 0.0010 | Train Power: 0.0010 | patience:  69 | lr: 0.00078125 | Epoch time: 0.1 |

2024-09-10 07:06:24,161 - INFO -
| Epoch:    790 | Train loss: 1.0495e+00 | Valid loss: 9.9206e-01 | Train acc: 0.4783 ± 0.0000 | Valid acc: 0.5246 ± 0.0000 | Valid Power: 0.0010 | Train Power: 0.0010 | patience:  79 | lr: 0.00078125 | Epoch time: 0.1 |

2024-09-10 07:06:24,936 - INFO -
| Epoch:    800 | Train loss: 1.0488e+00 | Valid loss: 9.9302e-01 | Train acc: 0.4783 ± 0.0000 | Valid acc: 0.5246 ± 0.0000 | Valid Power: 0.0010 | Train Power: 0.0010 | patience:  89 | lr: 0.00078125 | Epoch time: 0.1 |

2024-09-10 07:06:25,713 - INFO -
| Epoch:    810 | Train loss: 1.0483e+00 | Valid loss: 9.9400e-01 | Train acc: 0.4783 ± 0.0000 | Valid acc: 0.5246 ± 0.0000 | Valid Power: 0.0010 | Train Power: 0.0010 | patience:  99 | lr: 0.00078125 | Epoch time: 0.1 |

2024-09-10 07:06:25,871 - INFO -
load best network to warm start training with lower lr.

2024-09-10 07:06:25,871 - INFO -
lr update to 0.000390625.

2024-09-10 07:06:26,491 - INFO -
| Epoch:    820 | Train loss: 1.0575e+00 | Valid loss: 9.8708e-01 | Train acc: 0.4783 ± 0.0000 | Valid acc: 0.5246 ± 0.0000 | Valid Power: 0.0008 | Train Power: 0.0008 | patience:   8 | lr: 0.000390625 | Epoch time: 0.1 |

2024-09-10 07:06:27,267 - INFO -
| Epoch:    830 | Train loss: 1.0568e+00 | Valid loss: 9.8726e-01 | Train acc: 0.4783 ± 0.0000 | Valid acc: 0.5246 ± 0.0000 | Valid Power: 0.0008 | Train Power: 0.0008 | patience:  18 | lr: 0.000390625 | Epoch time: 0.1 |

2024-09-10 07:06:28,043 - INFO -
| Epoch:    840 | Train loss: 1.0561e+00 | Valid loss: 9.8745e-01 | Train acc: 0.4783 ± 0.0000 | Valid acc: 0.5246 ± 0.0000 | Valid Power: 0.0009 | Train Power: 0.0009 | patience:  28 | lr: 0.000390625 | Epoch time: 0.1 |

2024-09-10 07:06:28,819 - INFO -
| Epoch:    850 | Train loss: 1.0555e+00 | Valid loss: 9.8768e-01 | Train acc: 0.4783 ± 0.0000 | Valid acc: 0.5246 ± 0.0000 | Valid Power: 0.0009 | Train Power: 0.0009 | patience:  38 | lr: 0.000390625 | Epoch time: 0.1 |

2024-09-10 07:06:29,595 - INFO -
| Epoch:    860 | Train loss: 1.0548e+00 | Valid loss: 9.8793e-01 | Train acc: 0.4783 ± 0.0000 | Valid acc: 0.5246 ± 0.0000 | Valid Power: 0.0009 | Train Power: 0.0009 | patience:  48 | lr: 0.000390625 | Epoch time: 0.1 |

2024-09-10 07:06:30,369 - INFO -
| Epoch:    870 | Train loss: 1.0542e+00 | Valid loss: 9.8820e-01 | Train acc: 0.4783 ± 0.0000 | Valid acc: 0.5246 ± 0.0000 | Valid Power: 0.0009 | Train Power: 0.0009 | patience:  58 | lr: 0.000390625 | Epoch time: 0.1 |

2024-09-10 07:06:31,144 - INFO -
| Epoch:    880 | Train loss: 1.0536e+00 | Valid loss: 9.8849e-01 | Train acc: 0.4783 ± 0.0000 | Valid acc: 0.5246 ± 0.0000 | Valid Power: 0.0009 | Train Power: 0.0009 | patience:  68 | lr: 0.000390625 | Epoch time: 0.1 |

2024-09-10 07:06:31,919 - INFO -
| Epoch:    890 | Train loss: 1.0531e+00 | Valid loss: 9.8880e-01 | Train acc: 0.4783 ± 0.0000 | Valid acc: 0.5246 ± 0.0000 | Valid Power: 0.0009 | Train Power: 0.0009 | patience:  78 | lr: 0.000390625 | Epoch time: 0.1 |

2024-09-10 07:06:32,694 - INFO -
| Epoch:    900 | Train loss: 1.0525e+00 | Valid loss: 9.8913e-01 | Train acc: 0.4783 ± 0.0000 | Valid acc: 0.5246 ± 0.0000 | Valid Power: 0.0009 | Train Power: 0.0009 | patience:  88 | lr: 0.000390625 | Epoch time: 0.1 |

2024-09-10 07:06:33,472 - INFO -
| Epoch:    910 | Train loss: 1.0520e+00 | Valid loss: 9.8948e-01 | Train acc: 0.4783 ± 0.0000 | Valid acc: 0.5246 ± 0.0000 | Valid Power: 0.0009 | Train Power: 0.0009 | patience:  98 | lr: 0.000390625 | Epoch time: 0.1 |

2024-09-10 07:06:33,710 - INFO -
load best network to warm start training with lower lr.

2024-09-10 07:06:33,710 - INFO -
lr update to 0.0001953125.

2024-09-10 07:06:34,262 - INFO -
| Epoch:    920 | Train loss: 1.0578e+00 | Valid loss: 9.8701e-01 | Train acc: 0.4783 ± 0.0000 | Valid acc: 0.5246 ± 0.0000 | Valid Power: 0.0008 | Train Power: 0.0008 | patience:   7 | lr: 0.0001953125 | Epoch time: 0.1 |

2024-09-10 07:06:35,036 - INFO -
| Epoch:    930 | Train loss: 1.0574e+00 | Valid loss: 9.8708e-01 | Train acc: 0.4783 ± 0.0000 | Valid acc: 0.5246 ± 0.0000 | Valid Power: 0.0008 | Train Power: 0.0008 | patience:  17 | lr: 0.0001953125 | Epoch time: 0.1 |

2024-09-10 07:06:35,812 - INFO -
| Epoch:    940 | Train loss: 1.0571e+00 | Valid loss: 9.8717e-01 | Train acc: 0.4783 ± 0.0000 | Valid acc: 0.5246 ± 0.0000 | Valid Power: 0.0008 | Train Power: 0.0008 | patience:  27 | lr: 0.0001953125 | Epoch time: 0.1 |

2024-09-10 07:06:36,588 - INFO -
| Epoch:    950 | Train loss: 1.0567e+00 | Valid loss: 9.8726e-01 | Train acc: 0.4783 ± 0.0000 | Valid acc: 0.5246 ± 0.0000 | Valid Power: 0.0009 | Train Power: 0.0008 | patience:  37 | lr: 0.0001953125 | Epoch time: 0.1 |

2024-09-10 07:06:37,365 - INFO -
| Epoch:    960 | Train loss: 1.0564e+00 | Valid loss: 9.8736e-01 | Train acc: 0.4783 ± 0.0000 | Valid acc: 0.5246 ± 0.0000 | Valid Power: 0.0009 | Train Power: 0.0009 | patience:  47 | lr: 0.0001953125 | Epoch time: 0.1 |

2024-09-10 07:06:38,141 - INFO -
| Epoch:    970 | Train loss: 1.0561e+00 | Valid loss: 9.8746e-01 | Train acc: 0.4783 ± 0.0000 | Valid acc: 0.5246 ± 0.0000 | Valid Power: 0.0009 | Train Power: 0.0009 | patience:  57 | lr: 0.0001953125 | Epoch time: 0.1 |

2024-09-10 07:06:38,916 - INFO -
| Epoch:    980 | Train loss: 1.0557e+00 | Valid loss: 9.8757e-01 | Train acc: 0.4783 ± 0.0000 | Valid acc: 0.5246 ± 0.0000 | Valid Power: 0.0009 | Train Power: 0.0009 | patience:  67 | lr: 0.0001953125 | Epoch time: 0.1 |

2024-09-10 07:06:39,691 - INFO -
| Epoch:    990 | Train loss: 1.0554e+00 | Valid loss: 9.8768e-01 | Train acc: 0.4783 ± 0.0000 | Valid acc: 0.5246 ± 0.0000 | Valid Power: 0.0009 | Train Power: 0.0009 | patience:  77 | lr: 0.0001953125 | Epoch time: 0.1 |

2024-09-10 07:06:40,470 - INFO -
| Epoch:   1000 | Train loss: 1.0551e+00 | Valid loss: 9.8781e-01 | Train acc: 0.4783 ± 0.0000 | Valid acc: 0.5246 ± 0.0000 | Valid Power: 0.0009 | Train Power: 0.0009 | patience:  87 | lr: 0.0001953125 | Epoch time: 0.1 |

2024-09-10 07:06:41,250 - INFO -
| Epoch:   1010 | Train loss: 1.0548e+00 | Valid loss: 9.8794e-01 | Train acc: 0.4783 ± 0.0000 | Valid acc: 0.5246 ± 0.0000 | Valid Power: 0.0009 | Train Power: 0.0009 | patience:  97 | lr: 0.0001953125 | Epoch time: 0.1 |

2024-09-10 07:06:41,561 - INFO -
load best network to warm start training with lower lr.

2024-09-10 07:06:41,561 - INFO -
lr update to 9.765625e-05.

2024-09-10 07:06:41,561 - INFO -
Early stop.

2024-09-10 07:06:41,567 - INFO -
Training if finished.

2024-09-12 20:25:13,081 - INFO -
Configuration: 
gmin                0.01
gmax                10.0
T                   0.1
m                   0.3
type_nonlinear      normal
act                 tanh
ACT_R1n             12.7865
ACT_R2n             -3.1871
ACT_W1n             -10.4537
ACT_L1n             10.546
ACT_W2n             -5.8496
ACT_L2n             4.2337
S_R1n               -11.7481
S_R2n               -0.3905
S_W1n               -9.169
S_L1n               0.3913
S_W2n               7.2004
S_L2n               15.5558
ReLU_RHn            -1.9557
ReLU_RLn            -20.1581
ReLU_RDn            16.6486
ReLU_RBn            -14.3472
ReLU_Wn             16.655
ReLU_Ln             -21.7591
HS_Rn               -0.3766
HS_Wn               0.5192
HS_Ln               4.6293
NEG_R1n             -7.0846
NEG_R2n             -2.5695
NEG_R3n             16.1542
NEG_W1n             13.8696
NEG_L1n             2.7635
NEG_W2n             1.2674
NEG_L2n             -10.4803
NEG_W3n             -6.4386
NEG_L3n             5.1005
task                normal
DATASET             12
DataPath            ./dataset
InputNoise          0.0
IN_test             0.0
R_train             1
R_test              1
N_time              32
pathnorm            False
hidden              [3]
skipconnection      False
SEED                4
DEVICE              cpu
PATIENCE            500
EPOCH               10000000000
LR                  0.1
PROGRESSIVE         True
LR_PATIENCE         100
LR_DECAY            0.5
LR_MIN              0.0001
metric              acc
SoftEva             True
TIMELIMITATION      71
MODE                nominal
M_train             1
K_train             1
M_test              1
K_test              1
t_test_max          1
integration         MC
N_train             1
e_train             0.0
N_test              100
e_test              0.1
e_fault             2
fault_ratio         0.0
N_fault             50
e_fault_test        0
N_fault_test        50
dropout             0.0
lagrangian_loss     False
rho                 100
powerestimator      none
powerbalance        0.0
estimatorbalance    0.0
pgmin               1e-07
power_ratio         1000
lambda_P            100
areaestimator       none
areabalance         0.0
area_theta          0.15
area_act            30.0
area_neg            22.7
lambda_A            0.001
lnc                 False
projectname         tanh_0_FaultAnalysisNormal
temppath            ./tanh_0_FaultAnalysisNormal/temp/
logfilepath         ./tanh_0_FaultAnalysisNormal/log/
report_freq         10
recording           False
recordpath          ./tanh_0_FaultAnalysisNormal/record/
savepath            ./tanh_0_FaultAnalysisNormal/models/
loglevel            info


2024-09-12 20:25:13,151 - INFO -
Training network on device: cpu.

2024-09-12 20:25:13,151 - INFO -
Training setup: data_12_vertebralcolumn3clases_seed_04_epsilon_0.0_dropout_0.0_fault_ratio_0.0.model.

2024-09-12 20:25:13,151 - INFO -
{'dataname': 'vertebralcolumn3clases', 'N_feature': 6, 'N_class': 3, 'N_train': 184, 'N_valid': 61, 'N_test': 63}

2024-09-12 20:25:13,151 - INFO -
Training was already finished.

