2024-09-09 10:24:12,382 - INFO -
Configuration: 
gmin                0.01
gmax                10.0
T                   0.1
m                   0.3
type_nonlinear      normal
act                 tanh
ACT_R1n             12.7865
ACT_R2n             -3.1871
ACT_W1n             -10.4537
ACT_L1n             10.546
ACT_W2n             -5.8496
ACT_L2n             4.2337
S_R1n               -11.7481
S_R2n               -0.3905
S_W1n               -9.169
S_L1n               0.3913
S_W2n               7.2004
S_L2n               15.5558
ReLU_RHn            -1.9557
ReLU_RLn            -20.1581
ReLU_RDn            16.6486
ReLU_RBn            -14.3472
ReLU_Wn             16.655
ReLU_Ln             -21.7591
HS_Rn               -0.3766
HS_Wn               0.5192
HS_Ln               4.6293
NEG_R1n             -7.0846
NEG_R2n             -2.5695
NEG_R3n             16.1542
NEG_W1n             13.8696
NEG_L1n             2.7635
NEG_W2n             1.2674
NEG_L2n             -10.4803
NEG_W3n             -6.4386
NEG_L3n             5.1005
task                normal
DATASET             3
DataPath            ./dataset
InputNoise          0.0
IN_test             0.0
R_train             1
R_test              1
N_time              32
pathnorm            False
hidden              [3]
skipconnection      False
SEED                5
DEVICE              cpu
PATIENCE            500
EPOCH               10000000000
LR                  0.1
PROGRESSIVE         True
LR_PATIENCE         100
LR_DECAY            0.5
LR_MIN              0.0001
metric              acc
SoftEva             True
TIMELIMITATION      71
MODE                nominal
M_train             1
K_train             1
M_test              1
K_test              1
t_test_max          1
integration         MC
N_train             1
e_train             0.0
N_test              100
e_test              0.1
e_fault             2
fault_ratio         0.0
N_fault             50
e_fault_test        0
N_fault_test        50
dropout             0.0
lagrangian_loss     False
rho                 100
powerestimator      none
powerbalance        0.0
estimatorbalance    0.0
pgmin               1e-07
power_ratio         1000
lambda_P            100
areaestimator       none
areabalance         0.0
area_theta          0.15
area_act            30.0
area_neg            22.7
lambda_A            0.001
lnc                 False
projectname         tanh_0_FaultAnalysisNormal
temppath            ./tanh_0_FaultAnalysisNormal/temp/
logfilepath         ./tanh_0_FaultAnalysisNormal/log/
report_freq         10
recording           False
recordpath          ./tanh_0_FaultAnalysisNormal/record/
savepath            ./tanh_0_FaultAnalysisNormal/models/
loglevel            info


2024-09-09 10:24:12,383 - INFO -
Training network on device: cpu.

2024-09-09 10:24:12,383 - INFO -
Training setup: data_03_cardiotocography3clases_seed_05_epsilon_0.0_dropout_0.0_fault_ratio_0.0.model.

2024-09-09 10:24:12,383 - INFO -
{'dataname': 'cardiotocography3clases', 'N_feature': 21, 'N_class': 3, 'N_train': 397, 'N_valid': 127, 'N_test': 79}

2024-09-09 10:24:12,383 - INFO -
Topology of the network: [21, 3, 3].

2024-09-09 10:24:32,135 - INFO -
| Epoch:      0 | Train loss: 1.0990e+00 | Valid loss: 9.6804e-01 | Train acc: 0.0781 ± 0.0000 | Valid acc: 0.7402 ± 0.0000 | Valid Power: 0.0015 | Train Power: 0.0005 | patience:   0 | lr: 0.1 | Epoch time: 1.0 |

2024-09-09 10:24:34,003 - INFO -
| Epoch:     10 | Train loss: 6.6579e-01 | Valid loss: 7.5288e-01 | Train acc: 0.7909 ± 0.0000 | Valid acc: 0.7402 ± 0.0000 | Valid Power: 0.0016 | Train Power: 0.0016 | patience:   0 | lr: 0.1 | Epoch time: 0.2 |

2024-09-09 10:24:35,874 - INFO -
| Epoch:     20 | Train loss: 6.6203e-01 | Valid loss: 7.5324e-01 | Train acc: 0.7909 ± 0.0000 | Valid acc: 0.7402 ± 0.0000 | Valid Power: 0.0017 | Train Power: 0.0019 | patience:  10 | lr: 0.1 | Epoch time: 0.2 |

2024-09-09 10:24:37,728 - INFO -
| Epoch:     30 | Train loss: 6.6149e-01 | Valid loss: 7.5341e-01 | Train acc: 0.7909 ± 0.0000 | Valid acc: 0.7402 ± 0.0000 | Valid Power: 0.0016 | Train Power: 0.0016 | patience:  20 | lr: 0.1 | Epoch time: 0.2 |

2024-09-09 10:24:39,597 - INFO -
| Epoch:     40 | Train loss: 6.6132e-01 | Valid loss: 7.5347e-01 | Train acc: 0.7909 ± 0.0000 | Valid acc: 0.7402 ± 0.0000 | Valid Power: 0.0016 | Train Power: 0.0016 | patience:  30 | lr: 0.1 | Epoch time: 0.2 |

2024-09-09 10:24:41,557 - INFO -
| Epoch:     50 | Train loss: 6.6125e-01 | Valid loss: 7.5349e-01 | Train acc: 0.7909 ± 0.0000 | Valid acc: 0.7402 ± 0.0000 | Valid Power: 0.0016 | Train Power: 0.0016 | patience:  40 | lr: 0.1 | Epoch time: 0.2 |

2024-09-09 10:24:43,428 - INFO -
| Epoch:     60 | Train loss: 6.6121e-01 | Valid loss: 7.5351e-01 | Train acc: 0.7909 ± 0.0000 | Valid acc: 0.7402 ± 0.0000 | Valid Power: 0.0016 | Train Power: 0.0016 | patience:  50 | lr: 0.1 | Epoch time: 0.2 |

2024-09-09 10:24:45,284 - INFO -
| Epoch:     70 | Train loss: 6.6118e-01 | Valid loss: 7.5351e-01 | Train acc: 0.7909 ± 0.0000 | Valid acc: 0.7402 ± 0.0000 | Valid Power: 0.0016 | Train Power: 0.0016 | patience:  60 | lr: 0.1 | Epoch time: 0.2 |

2024-09-09 10:24:47,134 - INFO -
| Epoch:     80 | Train loss: 6.6115e-01 | Valid loss: 7.5352e-01 | Train acc: 0.7909 ± 0.0000 | Valid acc: 0.7402 ± 0.0000 | Valid Power: 0.0016 | Train Power: 0.0016 | patience:  70 | lr: 0.1 | Epoch time: 0.2 |

2024-09-09 10:24:48,986 - INFO -
| Epoch:     90 | Train loss: 6.6112e-01 | Valid loss: 7.5352e-01 | Train acc: 0.7909 ± 0.0000 | Valid acc: 0.7402 ± 0.0000 | Valid Power: 0.0016 | Train Power: 0.0016 | patience:  80 | lr: 0.1 | Epoch time: 0.2 |

2024-09-09 10:24:50,851 - INFO -
| Epoch:    100 | Train loss: 6.6110e-01 | Valid loss: 7.5353e-01 | Train acc: 0.7909 ± 0.0000 | Valid acc: 0.7402 ± 0.0000 | Valid Power: 0.0016 | Train Power: 0.0016 | patience:  90 | lr: 0.1 | Epoch time: 0.2 |

2024-09-09 10:24:52,702 - INFO -
| Epoch:    110 | Train loss: 6.6108e-01 | Valid loss: 7.5353e-01 | Train acc: 0.7909 ± 0.0000 | Valid acc: 0.7402 ± 0.0000 | Valid Power: 0.0016 | Train Power: 0.0016 | patience: 100 | lr: 0.1 | Epoch time: 0.2 |

2024-09-09 10:24:52,891 - INFO -
load best network to warm start training with lower lr.

2024-09-09 10:24:52,891 - INFO -
lr update to 0.05.

2024-09-09 10:24:54,586 - INFO -
| Epoch:    120 | Train loss: 6.6140e-01 | Valid loss: 7.5192e-01 | Train acc: 0.7909 ± 0.0000 | Valid acc: 0.7402 ± 0.0000 | Valid Power: 0.0016 | Train Power: 0.0016 | patience:   1 | lr: 0.05 | Epoch time: 0.2 |

2024-09-09 10:24:56,458 - INFO -
| Epoch:    130 | Train loss: 6.6055e-01 | Valid loss: 7.5151e-01 | Train acc: 0.7909 ± 0.0000 | Valid acc: 0.7402 ± 0.0000 | Valid Power: 0.0017 | Train Power: 0.0017 | patience:   0 | lr: 0.05 | Epoch time: 0.2 |

2024-09-09 10:24:58,364 - INFO -
| Epoch:    140 | Train loss: 6.1239e-01 | Valid loss: 6.6168e-01 | Train acc: 0.8086 ± 0.0000 | Valid acc: 0.7953 ± 0.0000 | Valid Power: 0.0052 | Train Power: 0.0021 | patience:   0 | lr: 0.05 | Epoch time: 0.2 |

2024-09-09 10:25:00,219 - INFO -
| Epoch:    150 | Train loss: 6.4898e-01 | Valid loss: 7.3405e-01 | Train acc: 0.7909 ± 0.0000 | Valid acc: 0.7402 ± 0.0000 | Valid Power: 0.0017 | Train Power: 0.0016 | patience:   6 | lr: 0.05 | Epoch time: 0.2 |

2024-09-09 10:25:02,075 - INFO -
| Epoch:    160 | Train loss: 6.1610e-01 | Valid loss: 6.8259e-01 | Train acc: 0.8010 ± 0.0000 | Valid acc: 0.7559 ± 0.0000 | Valid Power: 0.0018 | Train Power: 0.0016 | patience:  16 | lr: 0.05 | Epoch time: 0.2 |

2024-09-09 10:25:04,043 - INFO -
| Epoch:    170 | Train loss: 5.8283e-01 | Valid loss: 6.4035e-01 | Train acc: 0.8262 ± 0.0000 | Valid acc: 0.7953 ± 0.0000 | Valid Power: 0.0016 | Train Power: 0.0016 | patience:   0 | lr: 0.05 | Epoch time: 0.2 |

2024-09-09 10:25:05,906 - INFO -
| Epoch:    180 | Train loss: 5.6496e-01 | Valid loss: 6.3501e-01 | Train acc: 0.8237 ± 0.0000 | Valid acc: 0.7874 ± 0.0000 | Valid Power: 0.0017 | Train Power: 0.0018 | patience:   7 | lr: 0.05 | Epoch time: 0.2 |

2024-09-09 10:25:07,762 - INFO -
| Epoch:    190 | Train loss: 5.8064e-01 | Valid loss: 6.4786e-01 | Train acc: 0.8086 ± 0.0000 | Valid acc: 0.7638 ± 0.0000 | Valid Power: 0.0018 | Train Power: 0.0017 | patience:   8 | lr: 0.05 | Epoch time: 0.2 |

2024-09-09 10:25:09,629 - INFO -
| Epoch:    200 | Train loss: 5.6859e-01 | Valid loss: 6.3100e-01 | Train acc: 0.8010 ± 0.0000 | Valid acc: 0.7638 ± 0.0000 | Valid Power: 0.0018 | Train Power: 0.0019 | patience:  18 | lr: 0.05 | Epoch time: 0.2 |

2024-09-09 10:25:11,485 - INFO -
| Epoch:    210 | Train loss: 5.6894e-01 | Valid loss: 6.2673e-01 | Train acc: 0.8086 ± 0.0000 | Valid acc: 0.7795 ± 0.0000 | Valid Power: 0.0017 | Train Power: 0.0027 | patience:  28 | lr: 0.05 | Epoch time: 0.2 |

2024-09-09 10:25:13,350 - INFO -
| Epoch:    220 | Train loss: 5.4955e-01 | Valid loss: 6.1454e-01 | Train acc: 0.8413 ± 0.0000 | Valid acc: 0.8189 ± 0.0000 | Valid Power: 0.0017 | Train Power: 0.0017 | patience:   3 | lr: 0.05 | Epoch time: 0.2 |

2024-09-09 10:25:15,225 - INFO -
| Epoch:    230 | Train loss: 5.3764e-01 | Valid loss: 6.0648e-01 | Train acc: 0.8463 ± 0.0000 | Valid acc: 0.8031 ± 0.0000 | Valid Power: 0.0017 | Train Power: 0.0017 | patience:   0 | lr: 0.05 | Epoch time: 0.2 |

2024-09-09 10:25:17,109 - INFO -
| Epoch:    240 | Train loss: 5.3121e-01 | Valid loss: 5.9924e-01 | Train acc: 0.8539 ± 0.0000 | Valid acc: 0.8110 ± 0.0000 | Valid Power: 0.0017 | Train Power: 0.0017 | patience:   0 | lr: 0.05 | Epoch time: 0.2 |

2024-09-09 10:25:19,063 - INFO -
| Epoch:    250 | Train loss: 5.4123e-01 | Valid loss: 6.3663e-01 | Train acc: 0.8463 ± 0.0000 | Valid acc: 0.7795 ± 0.0000 | Valid Power: 0.0017 | Train Power: 0.0017 | patience:  10 | lr: 0.05 | Epoch time: 0.2 |

2024-09-09 10:25:20,921 - INFO -
| Epoch:    260 | Train loss: 5.3237e-01 | Valid loss: 6.1321e-01 | Train acc: 0.8463 ± 0.0000 | Valid acc: 0.8031 ± 0.0000 | Valid Power: 0.0017 | Train Power: 0.0017 | patience:  20 | lr: 0.05 | Epoch time: 0.2 |

2024-09-09 10:25:22,790 - INFO -
| Epoch:    270 | Train loss: 5.3025e-01 | Valid loss: 6.1887e-01 | Train acc: 0.8514 ± 0.0000 | Valid acc: 0.7717 ± 0.0000 | Valid Power: 0.0017 | Train Power: 0.0020 | patience:  30 | lr: 0.05 | Epoch time: 0.2 |

2024-09-09 10:25:24,645 - INFO -
| Epoch:    280 | Train loss: 5.4221e-01 | Valid loss: 6.1454e-01 | Train acc: 0.8564 ± 0.0000 | Valid acc: 0.7874 ± 0.0000 | Valid Power: 0.0017 | Train Power: 0.0063 | patience:  40 | lr: 0.05 | Epoch time: 0.2 |

2024-09-09 10:25:26,499 - INFO -
| Epoch:    290 | Train loss: 5.3246e-01 | Valid loss: 6.1293e-01 | Train acc: 0.8564 ± 0.0000 | Valid acc: 0.8031 ± 0.0000 | Valid Power: 0.0017 | Train Power: 0.0017 | patience:  50 | lr: 0.05 | Epoch time: 0.2 |

2024-09-09 10:25:28,361 - INFO -
| Epoch:    300 | Train loss: 5.2642e-01 | Valid loss: 6.1205e-01 | Train acc: 0.8539 ± 0.0000 | Valid acc: 0.8031 ± 0.0000 | Valid Power: 0.0017 | Train Power: 0.0017 | patience:   7 | lr: 0.05 | Epoch time: 0.2 |

2024-09-09 10:25:30,215 - INFO -
| Epoch:    310 | Train loss: 5.3279e-01 | Valid loss: 6.0502e-01 | Train acc: 0.8438 ± 0.0000 | Valid acc: 0.7953 ± 0.0000 | Valid Power: 0.0017 | Train Power: 0.0017 | patience:  17 | lr: 0.05 | Epoch time: 0.2 |

2024-09-09 10:25:32,069 - INFO -
| Epoch:    320 | Train loss: 5.2935e-01 | Valid loss: 6.2854e-01 | Train acc: 0.8539 ± 0.0000 | Valid acc: 0.7874 ± 0.0000 | Valid Power: 0.0017 | Train Power: 0.0017 | patience:  27 | lr: 0.05 | Epoch time: 0.2 |

2024-09-09 10:25:33,926 - INFO -
| Epoch:    330 | Train loss: 5.1640e-01 | Valid loss: 5.9950e-01 | Train acc: 0.8589 ± 0.0000 | Valid acc: 0.8031 ± 0.0000 | Valid Power: 0.0024 | Train Power: 0.0022 | patience:  37 | lr: 0.05 | Epoch time: 0.2 |

2024-09-09 10:25:35,794 - INFO -
| Epoch:    340 | Train loss: 5.1437e-01 | Valid loss: 6.0055e-01 | Train acc: 0.8589 ± 0.0000 | Valid acc: 0.8031 ± 0.0000 | Valid Power: 0.0018 | Train Power: 0.0018 | patience:   7 | lr: 0.05 | Epoch time: 0.2 |

2024-09-09 10:25:37,645 - INFO -
| Epoch:    350 | Train loss: 5.1134e-01 | Valid loss: 6.0101e-01 | Train acc: 0.8615 ± 0.0000 | Valid acc: 0.8031 ± 0.0000 | Valid Power: 0.0020 | Train Power: 0.0020 | patience:  17 | lr: 0.05 | Epoch time: 0.2 |

2024-09-09 10:25:39,497 - INFO -
| Epoch:    360 | Train loss: 5.1056e-01 | Valid loss: 6.0206e-01 | Train acc: 0.8615 ± 0.0000 | Valid acc: 0.8031 ± 0.0000 | Valid Power: 0.0029 | Train Power: 0.0028 | patience:  27 | lr: 0.05 | Epoch time: 0.2 |

2024-09-09 10:25:41,365 - INFO -
| Epoch:    370 | Train loss: 5.0962e-01 | Valid loss: 6.0293e-01 | Train acc: 0.8615 ± 0.0000 | Valid acc: 0.8031 ± 0.0000 | Valid Power: 0.0212 | Train Power: 0.0122 | patience:  37 | lr: 0.05 | Epoch time: 0.2 |

2024-09-09 10:25:43,223 - INFO -
| Epoch:    380 | Train loss: 5.0861e-01 | Valid loss: 6.0422e-01 | Train acc: 0.8615 ± 0.0000 | Valid acc: 0.8031 ± 0.0000 | Valid Power: 0.0063 | Train Power: 0.0067 | patience:  47 | lr: 0.05 | Epoch time: 0.2 |

2024-09-09 10:25:45,077 - INFO -
| Epoch:    390 | Train loss: 5.0787e-01 | Valid loss: 6.0456e-01 | Train acc: 0.8615 ± 0.0000 | Valid acc: 0.8031 ± 0.0000 | Valid Power: 0.0048 | Train Power: 0.0049 | patience:  57 | lr: 0.05 | Epoch time: 0.2 |

2024-09-09 10:25:47,024 - INFO -
| Epoch:    400 | Train loss: 5.0709e-01 | Valid loss: 6.0492e-01 | Train acc: 0.8615 ± 0.0000 | Valid acc: 0.8031 ± 0.0000 | Valid Power: 0.0045 | Train Power: 0.0046 | patience:  67 | lr: 0.05 | Epoch time: 0.2 |

2024-09-09 10:25:48,877 - INFO -
| Epoch:    410 | Train loss: 5.0636e-01 | Valid loss: 6.0520e-01 | Train acc: 0.8615 ± 0.0000 | Valid acc: 0.8031 ± 0.0000 | Valid Power: 0.0058 | Train Power: 0.0052 | patience:  77 | lr: 0.05 | Epoch time: 0.2 |

2024-09-09 10:25:50,728 - INFO -
| Epoch:    420 | Train loss: 5.0635e-01 | Valid loss: 6.0525e-01 | Train acc: 0.8615 ± 0.0000 | Valid acc: 0.8031 ± 0.0000 | Valid Power: 0.0048 | Train Power: 0.0049 | patience:  87 | lr: 0.05 | Epoch time: 0.2 |

2024-09-09 10:25:52,581 - INFO -
| Epoch:    430 | Train loss: 5.0946e-01 | Valid loss: 6.1142e-01 | Train acc: 0.8589 ± 0.0000 | Valid acc: 0.7953 ± 0.0000 | Valid Power: 0.0046 | Train Power: 0.0046 | patience:  97 | lr: 0.05 | Epoch time: 0.2 |

2024-09-09 10:25:53,326 - INFO -
load best network to warm start training with lower lr.

2024-09-09 10:25:53,326 - INFO -
lr update to 0.025.

2024-09-09 10:25:54,441 - INFO -
| Epoch:    440 | Train loss: 5.1724e-01 | Valid loss: 6.0725e-01 | Train acc: 0.8564 ± 0.0000 | Valid acc: 0.7953 ± 0.0000 | Valid Power: 0.0017 | Train Power: 0.0017 | patience:   5 | lr: 0.025 | Epoch time: 0.2 |

2024-09-09 10:25:56,294 - INFO -
| Epoch:    450 | Train loss: 5.1339e-01 | Valid loss: 6.0876e-01 | Train acc: 0.8589 ± 0.0000 | Valid acc: 0.7953 ± 0.0000 | Valid Power: 0.0030 | Train Power: 0.0020 | patience:  15 | lr: 0.025 | Epoch time: 0.2 |

2024-09-09 10:25:58,150 - INFO -
| Epoch:    460 | Train loss: 5.1034e-01 | Valid loss: 6.0303e-01 | Train acc: 0.8615 ± 0.0000 | Valid acc: 0.8031 ± 0.0000 | Valid Power: 0.0018 | Train Power: 0.0017 | patience:  25 | lr: 0.025 | Epoch time: 0.2 |

2024-09-09 10:26:00,005 - INFO -
| Epoch:    470 | Train loss: 5.1152e-01 | Valid loss: 6.0739e-01 | Train acc: 0.8615 ± 0.0000 | Valid acc: 0.7953 ± 0.0000 | Valid Power: 0.0018 | Train Power: 0.0019 | patience:  35 | lr: 0.025 | Epoch time: 0.2 |

2024-09-09 10:26:01,859 - INFO -
| Epoch:    480 | Train loss: 5.0907e-01 | Valid loss: 6.1000e-01 | Train acc: 0.8615 ± 0.0000 | Valid acc: 0.7953 ± 0.0000 | Valid Power: 0.0037 | Train Power: 0.0144 | patience:  45 | lr: 0.025 | Epoch time: 0.2 |

2024-09-09 10:26:03,712 - INFO -
| Epoch:    490 | Train loss: 5.0742e-01 | Valid loss: 6.0489e-01 | Train acc: 0.8615 ± 0.0000 | Valid acc: 0.8031 ± 0.0000 | Valid Power: 0.0020 | Train Power: 0.0020 | patience:  55 | lr: 0.025 | Epoch time: 0.2 |

2024-09-09 10:26:05,578 - INFO -
| Epoch:    500 | Train loss: 5.0633e-01 | Valid loss: 6.0728e-01 | Train acc: 0.8615 ± 0.0000 | Valid acc: 0.8031 ± 0.0000 | Valid Power: 0.0020 | Train Power: 0.0019 | patience:  65 | lr: 0.025 | Epoch time: 0.2 |

2024-09-09 10:26:07,428 - INFO -
| Epoch:    510 | Train loss: 5.0510e-01 | Valid loss: 6.0875e-01 | Train acc: 0.8615 ± 0.0000 | Valid acc: 0.8031 ± 0.0000 | Valid Power: 0.0026 | Train Power: 0.0029 | patience:  75 | lr: 0.025 | Epoch time: 0.2 |

2024-09-09 10:26:09,278 - INFO -
| Epoch:    520 | Train loss: 5.0405e-01 | Valid loss: 6.0974e-01 | Train acc: 0.8615 ± 0.0000 | Valid acc: 0.8031 ± 0.0000 | Valid Power: 0.0020 | Train Power: 0.0020 | patience:  85 | lr: 0.025 | Epoch time: 0.2 |

2024-09-09 10:26:11,227 - INFO -
| Epoch:    530 | Train loss: 5.0337e-01 | Valid loss: 6.0971e-01 | Train acc: 0.8615 ± 0.0000 | Valid acc: 0.8031 ± 0.0000 | Valid Power: 0.0021 | Train Power: 0.0020 | patience:  95 | lr: 0.025 | Epoch time: 0.2 |

2024-09-09 10:26:12,339 - INFO -
load best network to warm start training with lower lr.

2024-09-09 10:26:12,339 - INFO -
lr update to 0.0125.

2024-09-09 10:26:13,080 - INFO -
| Epoch:    540 | Train loss: 5.1401e-01 | Valid loss: 6.0222e-01 | Train acc: 0.8589 ± 0.0000 | Valid acc: 0.8031 ± 0.0000 | Valid Power: 0.0017 | Train Power: 0.0017 | patience:   4 | lr: 0.0125 | Epoch time: 0.2 |

2024-09-09 10:26:14,931 - INFO -
| Epoch:    550 | Train loss: 5.1123e-01 | Valid loss: 6.0060e-01 | Train acc: 0.8615 ± 0.0000 | Valid acc: 0.8031 ± 0.0000 | Valid Power: 0.0017 | Train Power: 0.0017 | patience:  14 | lr: 0.0125 | Epoch time: 0.2 |

2024-09-09 10:26:16,781 - INFO -
| Epoch:    560 | Train loss: 5.1048e-01 | Valid loss: 6.0195e-01 | Train acc: 0.8615 ± 0.0000 | Valid acc: 0.8031 ± 0.0000 | Valid Power: 0.0017 | Train Power: 0.0017 | patience:  24 | lr: 0.0125 | Epoch time: 0.2 |

2024-09-09 10:26:18,635 - INFO -
| Epoch:    570 | Train loss: 5.0961e-01 | Valid loss: 6.0264e-01 | Train acc: 0.8615 ± 0.0000 | Valid acc: 0.8031 ± 0.0000 | Valid Power: 0.0017 | Train Power: 0.0017 | patience:  34 | lr: 0.0125 | Epoch time: 0.2 |

2024-09-09 10:26:20,485 - INFO -
| Epoch:    580 | Train loss: 5.0880e-01 | Valid loss: 6.0366e-01 | Train acc: 0.8615 ± 0.0000 | Valid acc: 0.8031 ± 0.0000 | Valid Power: 0.0019 | Train Power: 0.0018 | patience:  44 | lr: 0.0125 | Epoch time: 0.2 |

2024-09-09 10:26:22,337 - INFO -
| Epoch:    590 | Train loss: 5.0804e-01 | Valid loss: 6.0434e-01 | Train acc: 0.8615 ± 0.0000 | Valid acc: 0.8031 ± 0.0000 | Valid Power: 0.0026 | Train Power: 0.0032 | patience:  54 | lr: 0.0125 | Epoch time: 0.2 |

2024-09-09 10:26:24,190 - INFO -
| Epoch:    600 | Train loss: 5.0735e-01 | Valid loss: 6.0517e-01 | Train acc: 0.8615 ± 0.0000 | Valid acc: 0.8031 ± 0.0000 | Valid Power: 0.0020 | Train Power: 0.0020 | patience:  64 | lr: 0.0125 | Epoch time: 0.2 |

2024-09-09 10:26:26,116 - INFO -
| Epoch:    610 | Train loss: 5.0669e-01 | Valid loss: 6.0609e-01 | Train acc: 0.8615 ± 0.0000 | Valid acc: 0.8031 ± 0.0000 | Valid Power: 0.0019 | Train Power: 0.0027 | patience:  74 | lr: 0.0125 | Epoch time: 0.2 |

2024-09-09 10:26:27,970 - INFO -
| Epoch:    620 | Train loss: 5.0607e-01 | Valid loss: 6.0674e-01 | Train acc: 0.8615 ± 0.0000 | Valid acc: 0.8031 ± 0.0000 | Valid Power: 0.0019 | Train Power: 0.0019 | patience:  84 | lr: 0.0125 | Epoch time: 0.2 |

2024-09-09 10:26:29,821 - INFO -
| Epoch:    630 | Train loss: 5.0550e-01 | Valid loss: 6.0748e-01 | Train acc: 0.8615 ± 0.0000 | Valid acc: 0.8031 ± 0.0000 | Valid Power: 0.0019 | Train Power: 0.0019 | patience:  94 | lr: 0.0125 | Epoch time: 0.2 |

2024-09-09 10:26:31,119 - INFO -
load best network to warm start training with lower lr.

2024-09-09 10:26:31,120 - INFO -
lr update to 0.00625.

2024-09-09 10:26:31,675 - INFO -
| Epoch:    640 | Train loss: 5.1675e-01 | Valid loss: 6.0380e-01 | Train acc: 0.8589 ± 0.0000 | Valid acc: 0.8031 ± 0.0000 | Valid Power: 0.0017 | Train Power: 0.0017 | patience:   3 | lr: 0.00625 | Epoch time: 0.2 |

2024-09-09 10:26:33,546 - INFO -
| Epoch:    650 | Train loss: 5.1200e-01 | Valid loss: 5.9904e-01 | Train acc: 0.8615 ± 0.0000 | Valid acc: 0.8031 ± 0.0000 | Valid Power: 0.0017 | Train Power: 0.0017 | patience:  13 | lr: 0.00625 | Epoch time: 0.2 |

2024-09-09 10:26:35,399 - INFO -
| Epoch:    660 | Train loss: 5.1139e-01 | Valid loss: 6.0123e-01 | Train acc: 0.8615 ± 0.0000 | Valid acc: 0.8031 ± 0.0000 | Valid Power: 0.0017 | Train Power: 0.0017 | patience:  23 | lr: 0.00625 | Epoch time: 0.2 |

2024-09-09 10:26:37,251 - INFO -
| Epoch:    670 | Train loss: 5.1091e-01 | Valid loss: 6.0029e-01 | Train acc: 0.8615 ± 0.0000 | Valid acc: 0.8031 ± 0.0000 | Valid Power: 0.0017 | Train Power: 0.0017 | patience:  33 | lr: 0.00625 | Epoch time: 0.2 |

2024-09-09 10:26:39,104 - INFO -
| Epoch:    680 | Train loss: 5.1042e-01 | Valid loss: 6.0183e-01 | Train acc: 0.8615 ± 0.0000 | Valid acc: 0.8031 ± 0.0000 | Valid Power: 0.0017 | Train Power: 0.0018 | patience:  43 | lr: 0.00625 | Epoch time: 0.2 |

2024-09-09 10:26:40,955 - INFO -
| Epoch:    690 | Train loss: 5.0999e-01 | Valid loss: 6.0180e-01 | Train acc: 0.8615 ± 0.0000 | Valid acc: 0.8031 ± 0.0000 | Valid Power: 0.0019 | Train Power: 0.0019 | patience:  53 | lr: 0.00625 | Epoch time: 0.2 |

2024-09-09 10:26:42,811 - INFO -
| Epoch:    700 | Train loss: 5.0955e-01 | Valid loss: 6.0286e-01 | Train acc: 0.8615 ± 0.0000 | Valid acc: 0.8031 ± 0.0000 | Valid Power: 0.0023 | Train Power: 0.0026 | patience:  63 | lr: 0.00625 | Epoch time: 0.2 |

2024-09-09 10:26:44,665 - INFO -
| Epoch:    710 | Train loss: 5.0913e-01 | Valid loss: 6.0312e-01 | Train acc: 0.8615 ± 0.0000 | Valid acc: 0.8031 ± 0.0000 | Valid Power: 0.0019 | Train Power: 0.0020 | patience:  73 | lr: 0.00625 | Epoch time: 0.2 |

2024-09-09 10:26:46,519 - INFO -
| Epoch:    720 | Train loss: 5.0873e-01 | Valid loss: 6.0343e-01 | Train acc: 0.8615 ± 0.0000 | Valid acc: 0.8031 ± 0.0000 | Valid Power: 0.0019 | Train Power: 0.0019 | patience:  83 | lr: 0.00625 | Epoch time: 0.2 |

2024-09-09 10:26:48,375 - INFO -
| Epoch:    730 | Train loss: 5.0834e-01 | Valid loss: 6.0384e-01 | Train acc: 0.8615 ± 0.0000 | Valid acc: 0.8031 ± 0.0000 | Valid Power: 0.0019 | Train Power: 0.0019 | patience:  93 | lr: 0.00625 | Epoch time: 0.2 |

2024-09-09 10:26:49,861 - INFO -
load best network to warm start training with lower lr.

2024-09-09 10:26:49,861 - INFO -
lr update to 0.003125.

2024-09-09 10:26:50,232 - INFO -
| Epoch:    740 | Train loss: 5.2494e-01 | Valid loss: 6.0472e-01 | Train acc: 0.8489 ± 0.0000 | Valid acc: 0.7953 ± 0.0000 | Valid Power: 0.0017 | Train Power: 0.0017 | patience:   2 | lr: 0.003125 | Epoch time: 0.2 |

2024-09-09 10:26:52,181 - INFO -
| Epoch:    750 | Train loss: 5.1485e-01 | Valid loss: 6.0291e-01 | Train acc: 0.8589 ± 0.0000 | Valid acc: 0.8031 ± 0.0000 | Valid Power: 0.0017 | Train Power: 0.0017 | patience:  12 | lr: 0.003125 | Epoch time: 0.2 |

2024-09-09 10:26:54,034 - INFO -
| Epoch:    760 | Train loss: 5.1201e-01 | Valid loss: 5.9899e-01 | Train acc: 0.8615 ± 0.0000 | Valid acc: 0.8031 ± 0.0000 | Valid Power: 0.0017 | Train Power: 0.0017 | patience:  22 | lr: 0.003125 | Epoch time: 0.2 |

2024-09-09 10:26:55,887 - INFO -
| Epoch:    770 | Train loss: 5.1177e-01 | Valid loss: 5.9972e-01 | Train acc: 0.8615 ± 0.0000 | Valid acc: 0.8031 ± 0.0000 | Valid Power: 0.0017 | Train Power: 0.0017 | patience:  32 | lr: 0.003125 | Epoch time: 0.2 |

2024-09-09 10:26:57,741 - INFO -
| Epoch:    780 | Train loss: 5.1132e-01 | Valid loss: 6.0032e-01 | Train acc: 0.8615 ± 0.0000 | Valid acc: 0.8031 ± 0.0000 | Valid Power: 0.0017 | Train Power: 0.0017 | patience:  42 | lr: 0.003125 | Epoch time: 0.2 |

2024-09-09 10:26:59,582 - INFO -
| Epoch:    790 | Train loss: 5.1106e-01 | Valid loss: 6.0062e-01 | Train acc: 0.8615 ± 0.0000 | Valid acc: 0.8031 ± 0.0000 | Valid Power: 0.0017 | Train Power: 0.0017 | patience:  52 | lr: 0.003125 | Epoch time: 0.2 |

2024-09-09 10:27:01,395 - INFO -
| Epoch:    800 | Train loss: 5.1082e-01 | Valid loss: 6.0124e-01 | Train acc: 0.8615 ± 0.0000 | Valid acc: 0.8031 ± 0.0000 | Valid Power: 0.0017 | Train Power: 0.0017 | patience:  62 | lr: 0.003125 | Epoch time: 0.2 |

2024-09-09 10:27:03,185 - INFO -
| Epoch:    810 | Train loss: 5.1057e-01 | Valid loss: 6.0113e-01 | Train acc: 0.8615 ± 0.0000 | Valid acc: 0.8031 ± 0.0000 | Valid Power: 0.0019 | Train Power: 0.0018 | patience:  72 | lr: 0.003125 | Epoch time: 0.2 |

2024-09-09 10:27:04,951 - INFO -
| Epoch:    820 | Train loss: 5.1034e-01 | Valid loss: 6.0152e-01 | Train acc: 0.8615 ± 0.0000 | Valid acc: 0.8031 ± 0.0000 | Valid Power: 0.0020 | Train Power: 0.0021 | patience:  82 | lr: 0.003125 | Epoch time: 0.2 |

2024-09-09 10:27:06,706 - INFO -
| Epoch:    830 | Train loss: 5.1011e-01 | Valid loss: 6.0169e-01 | Train acc: 0.8615 ± 0.0000 | Valid acc: 0.8031 ± 0.0000 | Valid Power: 0.0018 | Train Power: 0.0018 | patience:  92 | lr: 0.003125 | Epoch time: 0.2 |

2024-09-09 10:27:08,291 - INFO -
load best network to warm start training with lower lr.

2024-09-09 10:27:08,291 - INFO -
lr update to 0.0015625.

2024-09-09 10:27:08,466 - INFO -
| Epoch:    840 | Train loss: 5.2671e-01 | Valid loss: 6.0060e-01 | Train acc: 0.8463 ± 0.0000 | Valid acc: 0.7953 ± 0.0000 | Valid Power: 0.0017 | Train Power: 0.0017 | patience:   1 | lr: 0.0015625 | Epoch time: 0.2 |

2024-09-09 10:27:10,222 - INFO -
| Epoch:    850 | Train loss: 5.1357e-01 | Valid loss: 6.0316e-01 | Train acc: 0.8615 ± 0.0000 | Valid acc: 0.8031 ± 0.0000 | Valid Power: 0.0017 | Train Power: 0.0017 | patience:  11 | lr: 0.0015625 | Epoch time: 0.2 |

2024-09-09 10:27:11,975 - INFO -
| Epoch:    860 | Train loss: 5.1332e-01 | Valid loss: 6.0249e-01 | Train acc: 0.8615 ± 0.0000 | Valid acc: 0.8031 ± 0.0000 | Valid Power: 0.0017 | Train Power: 0.0017 | patience:  21 | lr: 0.0015625 | Epoch time: 0.2 |

2024-09-09 10:27:13,717 - INFO -
| Epoch:    870 | Train loss: 5.1187e-01 | Valid loss: 5.9995e-01 | Train acc: 0.8615 ± 0.0000 | Valid acc: 0.8031 ± 0.0000 | Valid Power: 0.0017 | Train Power: 0.0017 | patience:  31 | lr: 0.0015625 | Epoch time: 0.2 |

2024-09-09 10:27:15,553 - INFO -
| Epoch:    880 | Train loss: 5.1194e-01 | Valid loss: 5.9923e-01 | Train acc: 0.8615 ± 0.0000 | Valid acc: 0.8031 ± 0.0000 | Valid Power: 0.0017 | Train Power: 0.0017 | patience:  41 | lr: 0.0015625 | Epoch time: 0.2 |

2024-09-09 10:27:17,298 - INFO -
| Epoch:    890 | Train loss: 5.1166e-01 | Valid loss: 5.9994e-01 | Train acc: 0.8615 ± 0.0000 | Valid acc: 0.8031 ± 0.0000 | Valid Power: 0.0017 | Train Power: 0.0017 | patience:  51 | lr: 0.0015625 | Epoch time: 0.2 |

2024-09-09 10:27:19,045 - INFO -
| Epoch:    900 | Train loss: 5.1150e-01 | Valid loss: 6.0028e-01 | Train acc: 0.8615 ± 0.0000 | Valid acc: 0.8031 ± 0.0000 | Valid Power: 0.0017 | Train Power: 0.0017 | patience:  61 | lr: 0.0015625 | Epoch time: 0.2 |

2024-09-09 10:27:20,788 - INFO -
| Epoch:    910 | Train loss: 5.1136e-01 | Valid loss: 6.0026e-01 | Train acc: 0.8615 ± 0.0000 | Valid acc: 0.8031 ± 0.0000 | Valid Power: 0.0017 | Train Power: 0.0017 | patience:  71 | lr: 0.0015625 | Epoch time: 0.2 |

2024-09-09 10:27:22,528 - INFO -
| Epoch:    920 | Train loss: 5.1123e-01 | Valid loss: 6.0059e-01 | Train acc: 0.8615 ± 0.0000 | Valid acc: 0.8031 ± 0.0000 | Valid Power: 0.0017 | Train Power: 0.0017 | patience:  81 | lr: 0.0015625 | Epoch time: 0.2 |

2024-09-09 10:27:24,269 - INFO -
| Epoch:    930 | Train loss: 5.1110e-01 | Valid loss: 6.0064e-01 | Train acc: 0.8615 ± 0.0000 | Valid acc: 0.8031 ± 0.0000 | Valid Power: 0.0017 | Train Power: 0.0017 | patience:  91 | lr: 0.0015625 | Epoch time: 0.2 |

2024-09-09 10:27:26,015 - INFO -
load best network to warm start training with lower lr.

2024-09-09 10:27:26,015 - INFO -
lr update to 0.00078125.

2024-09-09 10:27:26,015 - INFO -
| Epoch:    940 | Train loss: 5.1097e-01 | Valid loss: 6.0073e-01 | Train acc: 0.8615 ± 0.0000 | Valid acc: 0.8031 ± 0.0000 | Valid Power: 0.0017 | Train Power: 0.0017 | patience:   0 | lr: 0.00078125 | Epoch time: 0.2 |

2024-09-09 10:27:27,757 - INFO -
| Epoch:    950 | Train loss: 5.2129e-01 | Valid loss: 6.0725e-01 | Train acc: 0.8514 ± 0.0000 | Valid acc: 0.7953 ± 0.0000 | Valid Power: 0.0017 | Train Power: 0.0017 | patience:  10 | lr: 0.00078125 | Epoch time: 0.2 |

2024-09-09 10:27:29,575 - INFO -
| Epoch:    960 | Train loss: 5.1370e-01 | Valid loss: 6.0275e-01 | Train acc: 0.8615 ± 0.0000 | Valid acc: 0.8031 ± 0.0000 | Valid Power: 0.0017 | Train Power: 0.0017 | patience:  20 | lr: 0.00078125 | Epoch time: 0.2 |

2024-09-09 10:27:31,316 - INFO -
| Epoch:    970 | Train loss: 5.1286e-01 | Valid loss: 6.0254e-01 | Train acc: 0.8615 ± 0.0000 | Valid acc: 0.8031 ± 0.0000 | Valid Power: 0.0017 | Train Power: 0.0017 | patience:  30 | lr: 0.00078125 | Epoch time: 0.2 |

2024-09-09 10:27:33,073 - INFO -
| Epoch:    980 | Train loss: 5.1264e-01 | Valid loss: 6.0162e-01 | Train acc: 0.8615 ± 0.0000 | Valid acc: 0.8031 ± 0.0000 | Valid Power: 0.0017 | Train Power: 0.0017 | patience:  40 | lr: 0.00078125 | Epoch time: 0.2 |

2024-09-09 10:27:34,812 - INFO -
| Epoch:    990 | Train loss: 5.1210e-01 | Valid loss: 6.0041e-01 | Train acc: 0.8615 ± 0.0000 | Valid acc: 0.8031 ± 0.0000 | Valid Power: 0.0017 | Train Power: 0.0017 | patience:  50 | lr: 0.00078125 | Epoch time: 0.2 |

2024-09-09 10:27:36,552 - INFO -
| Epoch:   1000 | Train loss: 5.1189e-01 | Valid loss: 5.9956e-01 | Train acc: 0.8615 ± 0.0000 | Valid acc: 0.8031 ± 0.0000 | Valid Power: 0.0017 | Train Power: 0.0017 | patience:  60 | lr: 0.00078125 | Epoch time: 0.2 |

2024-09-09 10:27:38,301 - INFO -
| Epoch:   1010 | Train loss: 5.1183e-01 | Valid loss: 5.9961e-01 | Train acc: 0.8615 ± 0.0000 | Valid acc: 0.8031 ± 0.0000 | Valid Power: 0.0017 | Train Power: 0.0017 | patience:  70 | lr: 0.00078125 | Epoch time: 0.2 |

2024-09-09 10:27:40,049 - INFO -
| Epoch:   1020 | Train loss: 5.1171e-01 | Valid loss: 5.9999e-01 | Train acc: 0.8615 ± 0.0000 | Valid acc: 0.8031 ± 0.0000 | Valid Power: 0.0017 | Train Power: 0.0017 | patience:  80 | lr: 0.00078125 | Epoch time: 0.2 |

2024-09-09 10:27:41,792 - INFO -
| Epoch:   1030 | Train loss: 5.1164e-01 | Valid loss: 6.0022e-01 | Train acc: 0.8615 ± 0.0000 | Valid acc: 0.8031 ± 0.0000 | Valid Power: 0.0017 | Train Power: 0.0017 | patience:  90 | lr: 0.00078125 | Epoch time: 0.2 |

2024-09-09 10:27:43,532 - INFO -
| Epoch:   1040 | Train loss: 5.1157e-01 | Valid loss: 6.0014e-01 | Train acc: 0.8615 ± 0.0000 | Valid acc: 0.8031 ± 0.0000 | Valid Power: 0.0017 | Train Power: 0.0017 | patience: 100 | lr: 0.00078125 | Epoch time: 0.2 |

2024-09-09 10:27:43,712 - INFO -
load best network to warm start training with lower lr.

2024-09-09 10:27:43,712 - INFO -
lr update to 0.000390625.

2024-09-09 10:27:45,283 - INFO -
| Epoch:   1050 | Train loss: 5.2490e-01 | Valid loss: 6.0157e-01 | Train acc: 0.8489 ± 0.0000 | Valid acc: 0.7953 ± 0.0000 | Valid Power: 0.0017 | Train Power: 0.0017 | patience:   9 | lr: 0.000390625 | Epoch time: 0.2 |

2024-09-09 10:27:47,020 - INFO -
| Epoch:   1060 | Train loss: 5.2096e-01 | Valid loss: 6.0718e-01 | Train acc: 0.8514 ± 0.0000 | Valid acc: 0.7953 ± 0.0000 | Valid Power: 0.0017 | Train Power: 0.0017 | patience:  19 | lr: 0.000390625 | Epoch time: 0.2 |

2024-09-09 10:27:48,718 - INFO -
| Epoch:   1070 | Train loss: 5.1801e-01 | Valid loss: 6.0340e-01 | Train acc: 0.8539 ± 0.0000 | Valid acc: 0.8031 ± 0.0000 | Valid Power: 0.0017 | Train Power: 0.0017 | patience:  29 | lr: 0.000390625 | Epoch time: 0.2 |

2024-09-09 10:27:50,410 - INFO -
| Epoch:   1080 | Train loss: 5.1329e-01 | Valid loss: 6.0238e-01 | Train acc: 0.8615 ± 0.0000 | Valid acc: 0.8031 ± 0.0000 | Valid Power: 0.0017 | Train Power: 0.0017 | patience:  39 | lr: 0.000390625 | Epoch time: 0.2 |

2024-09-09 10:27:52,109 - INFO -
| Epoch:   1090 | Train loss: 5.1284e-01 | Valid loss: 6.0219e-01 | Train acc: 0.8615 ± 0.0000 | Valid acc: 0.8031 ± 0.0000 | Valid Power: 0.0017 | Train Power: 0.0017 | patience:  49 | lr: 0.000390625 | Epoch time: 0.2 |

2024-09-09 10:27:53,896 - INFO -
| Epoch:   1100 | Train loss: 5.1270e-01 | Valid loss: 6.0176e-01 | Train acc: 0.8615 ± 0.0000 | Valid acc: 0.8031 ± 0.0000 | Valid Power: 0.0017 | Train Power: 0.0017 | patience:  59 | lr: 0.000390625 | Epoch time: 0.3 |

2024-09-09 10:27:55,594 - INFO -
| Epoch:   1110 | Train loss: 5.1258e-01 | Valid loss: 6.0132e-01 | Train acc: 0.8615 ± 0.0000 | Valid acc: 0.8031 ± 0.0000 | Valid Power: 0.0017 | Train Power: 0.0017 | patience:  69 | lr: 0.000390625 | Epoch time: 0.2 |

2024-09-09 10:27:57,284 - INFO -
| Epoch:   1120 | Train loss: 5.1239e-01 | Valid loss: 6.0081e-01 | Train acc: 0.8615 ± 0.0000 | Valid acc: 0.8031 ± 0.0000 | Valid Power: 0.0017 | Train Power: 0.0017 | patience:  79 | lr: 0.000390625 | Epoch time: 0.2 |

2024-09-09 10:27:58,981 - INFO -
| Epoch:   1130 | Train loss: 5.1202e-01 | Valid loss: 6.0011e-01 | Train acc: 0.8615 ± 0.0000 | Valid acc: 0.8031 ± 0.0000 | Valid Power: 0.0017 | Train Power: 0.0017 | patience:  89 | lr: 0.000390625 | Epoch time: 0.2 |

2024-09-09 10:28:00,675 - INFO -
| Epoch:   1140 | Train loss: 5.1191e-01 | Valid loss: 5.9967e-01 | Train acc: 0.8615 ± 0.0000 | Valid acc: 0.8031 ± 0.0000 | Valid Power: 0.0017 | Train Power: 0.0017 | patience:  99 | lr: 0.000390625 | Epoch time: 0.2 |

2024-09-09 10:28:01,017 - INFO -
load best network to warm start training with lower lr.

2024-09-09 10:28:01,017 - INFO -
lr update to 0.0001953125.

2024-09-09 10:28:02,381 - INFO -
| Epoch:   1150 | Train loss: 5.2627e-01 | Valid loss: 6.0061e-01 | Train acc: 0.8463 ± 0.0000 | Valid acc: 0.7953 ± 0.0000 | Valid Power: 0.0017 | Train Power: 0.0017 | patience:   8 | lr: 0.0001953125 | Epoch time: 0.2 |

2024-09-09 10:28:04,100 - INFO -
| Epoch:   1160 | Train loss: 5.2452e-01 | Valid loss: 6.0166e-01 | Train acc: 0.8489 ± 0.0000 | Valid acc: 0.7953 ± 0.0000 | Valid Power: 0.0017 | Train Power: 0.0017 | patience:  18 | lr: 0.0001953125 | Epoch time: 0.2 |

2024-09-09 10:28:05,802 - INFO -
| Epoch:   1170 | Train loss: 5.2261e-01 | Valid loss: 6.0487e-01 | Train acc: 0.8514 ± 0.0000 | Valid acc: 0.7953 ± 0.0000 | Valid Power: 0.0017 | Train Power: 0.0017 | patience:  28 | lr: 0.0001953125 | Epoch time: 0.2 |

2024-09-09 10:28:07,514 - INFO -
| Epoch:   1180 | Train loss: 5.1994e-01 | Valid loss: 6.0719e-01 | Train acc: 0.8539 ± 0.0000 | Valid acc: 0.7953 ± 0.0000 | Valid Power: 0.0017 | Train Power: 0.0017 | patience:  38 | lr: 0.0001953125 | Epoch time: 0.2 |

2024-09-09 10:28:09,222 - INFO -
| Epoch:   1190 | Train loss: 5.1821e-01 | Valid loss: 6.0576e-01 | Train acc: 0.8539 ± 0.0000 | Valid acc: 0.8031 ± 0.0000 | Valid Power: 0.0017 | Train Power: 0.0017 | patience:  48 | lr: 0.0001953125 | Epoch time: 0.2 |

2024-09-09 10:28:10,917 - INFO -
| Epoch:   1200 | Train loss: 5.1796e-01 | Valid loss: 6.0361e-01 | Train acc: 0.8539 ± 0.0000 | Valid acc: 0.8031 ± 0.0000 | Valid Power: 0.0017 | Train Power: 0.0017 | patience:  58 | lr: 0.0001953125 | Epoch time: 0.2 |

2024-09-09 10:28:12,555 - INFO -
| Epoch:   1210 | Train loss: 5.1529e-01 | Valid loss: 6.0204e-01 | Train acc: 0.8615 ± 0.0000 | Valid acc: 0.8031 ± 0.0000 | Valid Power: 0.0017 | Train Power: 0.0017 | patience:  68 | lr: 0.0001953125 | Epoch time: 0.2 |

2024-09-09 10:28:14,161 - INFO -
| Epoch:   1220 | Train loss: 5.1312e-01 | Valid loss: 6.0201e-01 | Train acc: 0.8615 ± 0.0000 | Valid acc: 0.8031 ± 0.0000 | Valid Power: 0.0017 | Train Power: 0.0017 | patience:  78 | lr: 0.0001953125 | Epoch time: 0.2 |

2024-09-09 10:28:15,849 - INFO -
| Epoch:   1230 | Train loss: 5.1284e-01 | Valid loss: 6.0189e-01 | Train acc: 0.8615 ± 0.0000 | Valid acc: 0.8031 ± 0.0000 | Valid Power: 0.0017 | Train Power: 0.0017 | patience:  88 | lr: 0.0001953125 | Epoch time: 0.2 |

2024-09-09 10:28:17,456 - INFO -
| Epoch:   1240 | Train loss: 5.1276e-01 | Valid loss: 6.0170e-01 | Train acc: 0.8615 ± 0.0000 | Valid acc: 0.8031 ± 0.0000 | Valid Power: 0.0017 | Train Power: 0.0017 | patience:  98 | lr: 0.0001953125 | Epoch time: 0.2 |

2024-09-09 10:28:17,949 - INFO -
load best network to warm start training with lower lr.

2024-09-09 10:28:17,950 - INFO -
lr update to 9.765625e-05.

2024-09-09 10:28:17,950 - INFO -
Early stop.

2024-09-09 10:28:17,957 - INFO -
Training if finished.

2024-09-11 15:04:06,608 - INFO -
Configuration: 
gmin                0.01
gmax                10.0
T                   0.1
m                   0.3
type_nonlinear      normal
act                 tanh
ACT_R1n             12.7865
ACT_R2n             -3.1871
ACT_W1n             -10.4537
ACT_L1n             10.546
ACT_W2n             -5.8496
ACT_L2n             4.2337
S_R1n               -11.7481
S_R2n               -0.3905
S_W1n               -9.169
S_L1n               0.3913
S_W2n               7.2004
S_L2n               15.5558
ReLU_RHn            -1.9557
ReLU_RLn            -20.1581
ReLU_RDn            16.6486
ReLU_RBn            -14.3472
ReLU_Wn             16.655
ReLU_Ln             -21.7591
HS_Rn               -0.3766
HS_Wn               0.5192
HS_Ln               4.6293
NEG_R1n             -7.0846
NEG_R2n             -2.5695
NEG_R3n             16.1542
NEG_W1n             13.8696
NEG_L1n             2.7635
NEG_W2n             1.2674
NEG_L2n             -10.4803
NEG_W3n             -6.4386
NEG_L3n             5.1005
task                normal
DATASET             3
DataPath            ./dataset
InputNoise          0.0
IN_test             0.0
R_train             1
R_test              1
N_time              32
pathnorm            False
hidden              [3]
skipconnection      False
SEED                5
DEVICE              cpu
PATIENCE            500
EPOCH               10000000000
LR                  0.1
PROGRESSIVE         True
LR_PATIENCE         100
LR_DECAY            0.5
LR_MIN              0.0001
metric              acc
SoftEva             True
TIMELIMITATION      71
MODE                nominal
M_train             1
K_train             1
M_test              1
K_test              1
t_test_max          1
integration         MC
N_train             1
e_train             0.0
N_test              100
e_test              0.1
e_fault             2
fault_ratio         0.0
N_fault             50
e_fault_test        0
N_fault_test        50
dropout             0.0
lagrangian_loss     False
rho                 100
powerestimator      none
powerbalance        0.0
estimatorbalance    0.0
pgmin               1e-07
power_ratio         1000
lambda_P            100
areaestimator       none
areabalance         0.0
area_theta          0.15
area_act            30.0
area_neg            22.7
lambda_A            0.001
lnc                 False
projectname         tanh_0_FaultAnalysisNormal
temppath            ./tanh_0_FaultAnalysisNormal/temp/
logfilepath         ./tanh_0_FaultAnalysisNormal/log/
report_freq         10
recording           False
recordpath          ./tanh_0_FaultAnalysisNormal/record/
savepath            ./tanh_0_FaultAnalysisNormal/models/
loglevel            info


2024-09-11 15:04:06,632 - INFO -
Training network on device: cpu.

2024-09-11 15:04:06,632 - INFO -
Training setup: data_03_cardiotocography3clases_seed_05_epsilon_0.0_dropout_0.0_fault_ratio_0.0.model.

2024-09-11 15:04:06,632 - INFO -
{'dataname': 'cardiotocography3clases', 'N_feature': 21, 'N_class': 3, 'N_train': 397, 'N_valid': 127, 'N_test': 79}

2024-09-11 15:04:06,633 - INFO -
Training was already finished.

2024-09-14 08:36:54,702 - INFO -
Configuration: 
gmin                0.01
gmax                10.0
T                   0.1
m                   0.3
type_nonlinear      normal
act                 tanh
ACT_R1n             12.7865
ACT_R2n             -3.1871
ACT_W1n             -10.4537
ACT_L1n             10.546
ACT_W2n             -5.8496
ACT_L2n             4.2337
S_R1n               -11.7481
S_R2n               -0.3905
S_W1n               -9.169
S_L1n               0.3913
S_W2n               7.2004
S_L2n               15.5558
ReLU_RHn            -1.9557
ReLU_RLn            -20.1581
ReLU_RDn            16.6486
ReLU_RBn            -14.3472
ReLU_Wn             16.655
ReLU_Ln             -21.7591
HS_Rn               -0.3766
HS_Wn               0.5192
HS_Ln               4.6293
NEG_R1n             -7.0846
NEG_R2n             -2.5695
NEG_R3n             16.1542
NEG_W1n             13.8696
NEG_L1n             2.7635
NEG_W2n             1.2674
NEG_L2n             -10.4803
NEG_W3n             -6.4386
NEG_L3n             5.1005
task                normal
DATASET             3
DataPath            ./dataset
InputNoise          0.0
IN_test             0.0
R_train             1
R_test              1
N_time              32
pathnorm            False
hidden              [3]
skipconnection      False
SEED                5
DEVICE              cpu
PATIENCE            500
EPOCH               10000000000
LR                  0.1
PROGRESSIVE         True
LR_PATIENCE         100
LR_DECAY            0.5
LR_MIN              0.0001
metric              acc
SoftEva             True
TIMELIMITATION      71
MODE                nominal
M_train             1
K_train             1
M_test              1
K_test              1
t_test_max          1
integration         MC
N_train             1
e_train             0.0
N_test              100
e_test              0.1
e_fault             2
fault_ratio         0.0
N_fault             50
e_fault_test        0
N_fault_test        50
dropout             0.0
lagrangian_loss     False
rho                 100
powerestimator      none
powerbalance        0.0
estimatorbalance    0.0
pgmin               1e-07
power_ratio         1000
lambda_P            100
areaestimator       none
areabalance         0.0
area_theta          0.15
area_act            30.0
area_neg            22.7
lambda_A            0.001
lnc                 False
projectname         tanh_0_FaultAnalysisNormal
temppath            ./tanh_0_FaultAnalysisNormal/temp/
logfilepath         ./tanh_0_FaultAnalysisNormal/log/
report_freq         10
recording           False
recordpath          ./tanh_0_FaultAnalysisNormal/record/
savepath            ./tanh_0_FaultAnalysisNormal/models/
loglevel            info


2024-09-14 08:36:54,713 - INFO -
Training network on device: cpu.

2024-09-14 08:36:54,714 - INFO -
Training setup: data_03_cardiotocography3clases_seed_05_epsilon_0.0_dropout_0.0_fault_ratio_0.0.model.

2024-09-14 08:36:54,714 - INFO -
{'dataname': 'cardiotocography3clases', 'N_feature': 21, 'N_class': 3, 'N_train': 397, 'N_valid': 127, 'N_test': 79}

2024-09-14 08:36:54,714 - INFO -
Training was already finished.

