2024-09-09 10:24:12,379 - INFO -
Configuration: 
gmin                0.01
gmax                10.0
T                   0.1
m                   0.3
type_nonlinear      normal
act                 tanh
ACT_R1n             12.7865
ACT_R2n             -3.1871
ACT_W1n             -10.4537
ACT_L1n             10.546
ACT_W2n             -5.8496
ACT_L2n             4.2337
S_R1n               -11.7481
S_R2n               -0.3905
S_W1n               -9.169
S_L1n               0.3913
S_W2n               7.2004
S_L2n               15.5558
ReLU_RHn            -1.9557
ReLU_RLn            -20.1581
ReLU_RDn            16.6486
ReLU_RBn            -14.3472
ReLU_Wn             16.655
ReLU_Ln             -21.7591
HS_Rn               -0.3766
HS_Wn               0.5192
HS_Ln               4.6293
NEG_R1n             -7.0846
NEG_R2n             -2.5695
NEG_R3n             16.1542
NEG_W1n             13.8696
NEG_L1n             2.7635
NEG_W2n             1.2674
NEG_L2n             -10.4803
NEG_W3n             -6.4386
NEG_L3n             5.1005
task                normal
DATASET             1
DataPath            ./dataset
InputNoise          0.0
IN_test             0.0
R_train             1
R_test              1
N_time              32
pathnorm            False
hidden              [3]
skipconnection      False
SEED                4
DEVICE              cpu
PATIENCE            500
EPOCH               10000000000
LR                  0.1
PROGRESSIVE         True
LR_PATIENCE         100
LR_DECAY            0.5
LR_MIN              0.0001
metric              acc
SoftEva             True
TIMELIMITATION      71
MODE                nominal
M_train             1
K_train             1
M_test              1
K_test              1
t_test_max          1
integration         MC
N_train             1
e_train             0.0
N_test              100
e_test              0.1
e_fault             2
fault_ratio         0.0
N_fault             50
e_fault_test        0
N_fault_test        50
dropout             0.0
lagrangian_loss     False
rho                 100
powerestimator      none
powerbalance        0.0
estimatorbalance    0.0
pgmin               1e-07
power_ratio         1000
lambda_P            100
areaestimator       none
areabalance         0.0
area_theta          0.15
area_act            30.0
area_neg            22.7
lambda_A            0.001
lnc                 False
projectname         tanh_0_FaultAnalysisNormal
temppath            ./tanh_0_FaultAnalysisNormal/temp/
logfilepath         ./tanh_0_FaultAnalysisNormal/log/
report_freq         10
recording           False
recordpath          ./tanh_0_FaultAnalysisNormal/record/
savepath            ./tanh_0_FaultAnalysisNormal/models/
loglevel            info


2024-09-09 10:24:12,379 - INFO -
Training network on device: cpu.

2024-09-09 10:24:12,379 - INFO -
Training setup: data_01_balancescale_seed_04_epsilon_0.0_dropout_0.0_fault_ratio_0.0.model.

2024-09-09 10:24:12,379 - INFO -
{'dataname': 'balancescale', 'N_feature': 4, 'N_class': 3, 'N_train': 373, 'N_valid': 124, 'N_test': 79}

2024-09-09 10:24:12,380 - INFO -
Topology of the network: [4, 3, 3].

2024-09-09 10:24:32,116 - INFO -
| Epoch:      0 | Train loss: 1.0987e+00 | Valid loss: 1.0496e+00 | Train acc: 0.0751 ± 0.0000 | Valid acc: 0.5323 ± 0.0000 | Valid Power: 0.0007 | Train Power: 0.0005 | patience:   0 | lr: 0.1 | Epoch time: 1.0 |

2024-09-09 10:24:33,210 - INFO -
| Epoch:     10 | Train loss: 9.0944e-01 | Valid loss: 8.5514e-01 | Train acc: 0.4799 ± 0.0000 | Valid acc: 0.4516 ± 0.0000 | Valid Power: 0.0007 | Train Power: 0.0007 | patience:   0 | lr: 0.1 | Epoch time: 0.1 |

2024-09-09 10:24:34,289 - INFO -
| Epoch:     20 | Train loss: 9.0747e-01 | Valid loss: 8.4968e-01 | Train acc: 0.4799 ± 0.0000 | Valid acc: 0.4516 ± 0.0000 | Valid Power: 0.0007 | Train Power: 0.0007 | patience:   0 | lr: 0.1 | Epoch time: 0.1 |

2024-09-09 10:24:35,365 - INFO -
| Epoch:     30 | Train loss: 9.0722e-01 | Valid loss: 8.4910e-01 | Train acc: 0.4799 ± 0.0000 | Valid acc: 0.4516 ± 0.0000 | Valid Power: 0.0007 | Train Power: 0.0007 | patience:   0 | lr: 0.1 | Epoch time: 0.1 |

2024-09-09 10:24:36,415 - INFO -
| Epoch:     40 | Train loss: 9.0715e-01 | Valid loss: 8.4914e-01 | Train acc: 0.4799 ± 0.0000 | Valid acc: 0.4516 ± 0.0000 | Valid Power: 0.0007 | Train Power: 0.0007 | patience:   8 | lr: 0.1 | Epoch time: 0.1 |

2024-09-09 10:24:37,569 - INFO -
| Epoch:     50 | Train loss: 9.0713e-01 | Valid loss: 8.4916e-01 | Train acc: 0.4799 ± 0.0000 | Valid acc: 0.4516 ± 0.0000 | Valid Power: 0.0007 | Train Power: 0.0007 | patience:  18 | lr: 0.1 | Epoch time: 0.1 |

2024-09-09 10:24:38,635 - INFO -
| Epoch:     60 | Train loss: 9.0712e-01 | Valid loss: 8.4904e-01 | Train acc: 0.4799 ± 0.0000 | Valid acc: 0.4516 ± 0.0000 | Valid Power: 0.0007 | Train Power: 0.0007 | patience:   0 | lr: 0.1 | Epoch time: 0.1 |

2024-09-09 10:24:39,712 - INFO -
| Epoch:     70 | Train loss: 9.0711e-01 | Valid loss: 8.4890e-01 | Train acc: 0.4799 ± 0.0000 | Valid acc: 0.4516 ± 0.0000 | Valid Power: 0.0007 | Train Power: 0.0007 | patience:   0 | lr: 0.1 | Epoch time: 0.1 |

2024-09-09 10:24:40,787 - INFO -
| Epoch:     80 | Train loss: 9.0710e-01 | Valid loss: 8.4881e-01 | Train acc: 0.4799 ± 0.0000 | Valid acc: 0.4516 ± 0.0000 | Valid Power: 0.0007 | Train Power: 0.0007 | patience:   0 | lr: 0.1 | Epoch time: 0.1 |

2024-09-09 10:24:41,861 - INFO -
| Epoch:     90 | Train loss: 9.0710e-01 | Valid loss: 8.4877e-01 | Train acc: 0.4799 ± 0.0000 | Valid acc: 0.4516 ± 0.0000 | Valid Power: 0.0007 | Train Power: 0.0007 | patience:   0 | lr: 0.1 | Epoch time: 0.1 |

2024-09-09 10:24:42,934 - INFO -
| Epoch:    100 | Train loss: 9.0709e-01 | Valid loss: 8.4874e-01 | Train acc: 0.4799 ± 0.0000 | Valid acc: 0.4516 ± 0.0000 | Valid Power: 0.0007 | Train Power: 0.0007 | patience:   0 | lr: 0.1 | Epoch time: 0.1 |

2024-09-09 10:24:44,008 - INFO -
| Epoch:    110 | Train loss: 9.0709e-01 | Valid loss: 8.4871e-01 | Train acc: 0.4799 ± 0.0000 | Valid acc: 0.4516 ± 0.0000 | Valid Power: 0.0007 | Train Power: 0.0007 | patience:   0 | lr: 0.1 | Epoch time: 0.1 |

2024-09-09 10:24:45,091 - INFO -
| Epoch:    120 | Train loss: 9.0709e-01 | Valid loss: 8.4867e-01 | Train acc: 0.4799 ± 0.0000 | Valid acc: 0.4516 ± 0.0000 | Valid Power: 0.0007 | Train Power: 0.0007 | patience:   0 | lr: 0.1 | Epoch time: 0.1 |

2024-09-09 10:24:46,159 - INFO -
| Epoch:    130 | Train loss: 9.0708e-01 | Valid loss: 8.4864e-01 | Train acc: 0.4799 ± 0.0000 | Valid acc: 0.4516 ± 0.0000 | Valid Power: 0.0007 | Train Power: 0.0007 | patience:   0 | lr: 0.1 | Epoch time: 0.1 |

2024-09-09 10:24:47,232 - INFO -
| Epoch:    140 | Train loss: 9.0708e-01 | Valid loss: 8.4858e-01 | Train acc: 0.4799 ± 0.0000 | Valid acc: 0.4516 ± 0.0000 | Valid Power: 0.0010 | Train Power: 0.0009 | patience:   0 | lr: 0.1 | Epoch time: 0.1 |

2024-09-09 10:24:48,305 - INFO -
| Epoch:    150 | Train loss: 9.0708e-01 | Valid loss: 8.4856e-01 | Train acc: 0.4799 ± 0.0000 | Valid acc: 0.4516 ± 0.0000 | Valid Power: 0.0010 | Train Power: 0.0010 | patience:   0 | lr: 0.1 | Epoch time: 0.1 |

2024-09-09 10:24:49,379 - INFO -
| Epoch:    160 | Train loss: 9.0708e-01 | Valid loss: 8.4855e-01 | Train acc: 0.4799 ± 0.0000 | Valid acc: 0.4516 ± 0.0000 | Valid Power: 0.0008 | Train Power: 0.0008 | patience:   0 | lr: 0.1 | Epoch time: 0.1 |

2024-09-09 10:24:50,453 - INFO -
| Epoch:    170 | Train loss: 9.0708e-01 | Valid loss: 8.4854e-01 | Train acc: 0.4799 ± 0.0000 | Valid acc: 0.4516 ± 0.0000 | Valid Power: 0.0008 | Train Power: 0.0008 | patience:   0 | lr: 0.1 | Epoch time: 0.1 |

2024-09-09 10:24:51,774 - INFO -
| Epoch:    180 | Train loss: 9.0707e-01 | Valid loss: 8.4853e-01 | Train acc: 0.4799 ± 0.0000 | Valid acc: 0.4516 ± 0.0000 | Valid Power: 0.0008 | Train Power: 0.0008 | patience:   0 | lr: 0.1 | Epoch time: 0.2 |

2024-09-09 10:24:52,865 - INFO -
| Epoch:    190 | Train loss: 9.0707e-01 | Valid loss: 8.4851e-01 | Train acc: 0.4799 ± 0.0000 | Valid acc: 0.4516 ± 0.0000 | Valid Power: 0.0008 | Train Power: 0.0008 | patience:   0 | lr: 0.1 | Epoch time: 0.1 |

2024-09-09 10:24:54,003 - INFO -
| Epoch:    200 | Train loss: 9.0707e-01 | Valid loss: 8.4850e-01 | Train acc: 0.4799 ± 0.0000 | Valid acc: 0.4516 ± 0.0000 | Valid Power: 0.0008 | Train Power: 0.0008 | patience:   0 | lr: 0.1 | Epoch time: 0.1 |

2024-09-09 10:24:55,087 - INFO -
| Epoch:    210 | Train loss: 9.0707e-01 | Valid loss: 8.4848e-01 | Train acc: 0.4799 ± 0.0000 | Valid acc: 0.4516 ± 0.0000 | Valid Power: 0.0008 | Train Power: 0.0008 | patience:   0 | lr: 0.1 | Epoch time: 0.1 |

2024-09-09 10:24:56,170 - INFO -
| Epoch:    220 | Train loss: 9.0707e-01 | Valid loss: 8.4847e-01 | Train acc: 0.4799 ± 0.0000 | Valid acc: 0.4516 ± 0.0000 | Valid Power: 0.0008 | Train Power: 0.0008 | patience:   0 | lr: 0.1 | Epoch time: 0.1 |

2024-09-09 10:24:57,252 - INFO -
| Epoch:    230 | Train loss: 9.0707e-01 | Valid loss: 8.4846e-01 | Train acc: 0.4799 ± 0.0000 | Valid acc: 0.4516 ± 0.0000 | Valid Power: 0.0008 | Train Power: 0.0008 | patience:   0 | lr: 0.1 | Epoch time: 0.1 |

2024-09-09 10:24:58,336 - INFO -
| Epoch:    240 | Train loss: 9.0707e-01 | Valid loss: 8.4844e-01 | Train acc: 0.4799 ± 0.0000 | Valid acc: 0.4516 ± 0.0000 | Valid Power: 0.0008 | Train Power: 0.0008 | patience:   0 | lr: 0.1 | Epoch time: 0.1 |

2024-09-09 10:24:59,418 - INFO -
| Epoch:    250 | Train loss: 9.0707e-01 | Valid loss: 8.4843e-01 | Train acc: 0.4799 ± 0.0000 | Valid acc: 0.4516 ± 0.0000 | Valid Power: 0.0008 | Train Power: 0.0008 | patience:   0 | lr: 0.1 | Epoch time: 0.1 |

2024-09-09 10:25:00,503 - INFO -
| Epoch:    260 | Train loss: 9.0706e-01 | Valid loss: 8.4842e-01 | Train acc: 0.4799 ± 0.0000 | Valid acc: 0.4516 ± 0.0000 | Valid Power: 0.0008 | Train Power: 0.0008 | patience:   0 | lr: 0.1 | Epoch time: 0.1 |

2024-09-09 10:25:01,586 - INFO -
| Epoch:    270 | Train loss: 9.0706e-01 | Valid loss: 8.4841e-01 | Train acc: 0.4799 ± 0.0000 | Valid acc: 0.4516 ± 0.0000 | Valid Power: 0.0008 | Train Power: 0.0008 | patience:   0 | lr: 0.1 | Epoch time: 0.1 |

2024-09-09 10:25:02,668 - INFO -
| Epoch:    280 | Train loss: 9.0706e-01 | Valid loss: 8.4840e-01 | Train acc: 0.4799 ± 0.0000 | Valid acc: 0.4516 ± 0.0000 | Valid Power: 0.0008 | Train Power: 0.0008 | patience:   0 | lr: 0.1 | Epoch time: 0.1 |

2024-09-09 10:25:03,850 - INFO -
| Epoch:    290 | Train loss: 9.0706e-01 | Valid loss: 8.4839e-01 | Train acc: 0.4799 ± 0.0000 | Valid acc: 0.4516 ± 0.0000 | Valid Power: 0.0008 | Train Power: 0.0008 | patience:   0 | lr: 0.1 | Epoch time: 0.1 |

2024-09-09 10:25:04,931 - INFO -
| Epoch:    300 | Train loss: 9.0706e-01 | Valid loss: 8.4838e-01 | Train acc: 0.4799 ± 0.0000 | Valid acc: 0.4516 ± 0.0000 | Valid Power: 0.0008 | Train Power: 0.0008 | patience:   0 | lr: 0.1 | Epoch time: 0.1 |

2024-09-09 10:25:06,018 - INFO -
| Epoch:    310 | Train loss: 9.0706e-01 | Valid loss: 8.4837e-01 | Train acc: 0.4799 ± 0.0000 | Valid acc: 0.4516 ± 0.0000 | Valid Power: 0.0008 | Train Power: 0.0008 | patience:   0 | lr: 0.1 | Epoch time: 0.1 |

2024-09-09 10:25:07,093 - INFO -
| Epoch:    320 | Train loss: 9.0706e-01 | Valid loss: 8.4836e-01 | Train acc: 0.4799 ± 0.0000 | Valid acc: 0.4516 ± 0.0000 | Valid Power: 0.0008 | Train Power: 0.0008 | patience:   0 | lr: 0.1 | Epoch time: 0.1 |

2024-09-09 10:25:08,175 - INFO -
| Epoch:    330 | Train loss: 9.0706e-01 | Valid loss: 8.4835e-01 | Train acc: 0.4799 ± 0.0000 | Valid acc: 0.4516 ± 0.0000 | Valid Power: 0.0008 | Train Power: 0.0008 | patience:   0 | lr: 0.1 | Epoch time: 0.1 |

2024-09-09 10:25:09,255 - INFO -
| Epoch:    340 | Train loss: 9.0706e-01 | Valid loss: 8.4834e-01 | Train acc: 0.4799 ± 0.0000 | Valid acc: 0.4516 ± 0.0000 | Valid Power: 0.0008 | Train Power: 0.0008 | patience:   0 | lr: 0.1 | Epoch time: 0.1 |

2024-09-09 10:25:10,332 - INFO -
| Epoch:    350 | Train loss: 9.0706e-01 | Valid loss: 8.4833e-01 | Train acc: 0.4799 ± 0.0000 | Valid acc: 0.4516 ± 0.0000 | Valid Power: 0.0008 | Train Power: 0.0008 | patience:   0 | lr: 0.1 | Epoch time: 0.1 |

2024-09-09 10:25:11,409 - INFO -
| Epoch:    360 | Train loss: 9.0706e-01 | Valid loss: 8.4832e-01 | Train acc: 0.4799 ± 0.0000 | Valid acc: 0.4516 ± 0.0000 | Valid Power: 0.0008 | Train Power: 0.0008 | patience:   0 | lr: 0.1 | Epoch time: 0.1 |

2024-09-09 10:25:12,485 - INFO -
| Epoch:    370 | Train loss: 9.0705e-01 | Valid loss: 8.4831e-01 | Train acc: 0.4799 ± 0.0000 | Valid acc: 0.4516 ± 0.0000 | Valid Power: 0.0008 | Train Power: 0.0008 | patience:   0 | lr: 0.1 | Epoch time: 0.1 |

2024-09-09 10:25:13,567 - INFO -
| Epoch:    380 | Train loss: 9.0705e-01 | Valid loss: 8.4830e-01 | Train acc: 0.4799 ± 0.0000 | Valid acc: 0.4516 ± 0.0000 | Valid Power: 0.0008 | Train Power: 0.0008 | patience:   0 | lr: 0.1 | Epoch time: 0.1 |

2024-09-09 10:25:14,647 - INFO -
| Epoch:    390 | Train loss: 9.0705e-01 | Valid loss: 8.4829e-01 | Train acc: 0.4799 ± 0.0000 | Valid acc: 0.4516 ± 0.0000 | Valid Power: 0.0008 | Train Power: 0.0008 | patience:   0 | lr: 0.1 | Epoch time: 0.1 |

2024-09-09 10:25:15,730 - INFO -
| Epoch:    400 | Train loss: 9.0705e-01 | Valid loss: 8.4828e-01 | Train acc: 0.4799 ± 0.0000 | Valid acc: 0.4516 ± 0.0000 | Valid Power: 0.0008 | Train Power: 0.0008 | patience:   0 | lr: 0.1 | Epoch time: 0.1 |

2024-09-09 10:25:16,813 - INFO -
| Epoch:    410 | Train loss: 9.0705e-01 | Valid loss: 8.4828e-01 | Train acc: 0.4799 ± 0.0000 | Valid acc: 0.4516 ± 0.0000 | Valid Power: 0.0008 | Train Power: 0.0008 | patience:   0 | lr: 0.1 | Epoch time: 0.1 |

2024-09-09 10:25:17,902 - INFO -
| Epoch:    420 | Train loss: 9.0705e-01 | Valid loss: 8.4827e-01 | Train acc: 0.4799 ± 0.0000 | Valid acc: 0.4516 ± 0.0000 | Valid Power: 0.0008 | Train Power: 0.0008 | patience:   0 | lr: 0.1 | Epoch time: 0.1 |

2024-09-09 10:25:19,076 - INFO -
| Epoch:    430 | Train loss: 9.0705e-01 | Valid loss: 8.4826e-01 | Train acc: 0.4799 ± 0.0000 | Valid acc: 0.4516 ± 0.0000 | Valid Power: 0.0008 | Train Power: 0.0008 | patience:   0 | lr: 0.1 | Epoch time: 0.1 |

2024-09-09 10:25:20,153 - INFO -
| Epoch:    440 | Train loss: 9.0705e-01 | Valid loss: 8.4825e-01 | Train acc: 0.4799 ± 0.0000 | Valid acc: 0.4516 ± 0.0000 | Valid Power: 0.0008 | Train Power: 0.0008 | patience:   0 | lr: 0.1 | Epoch time: 0.1 |

2024-09-09 10:25:21,231 - INFO -
| Epoch:    450 | Train loss: 9.0705e-01 | Valid loss: 8.4825e-01 | Train acc: 0.4799 ± 0.0000 | Valid acc: 0.4516 ± 0.0000 | Valid Power: 0.0008 | Train Power: 0.0008 | patience:   0 | lr: 0.1 | Epoch time: 0.1 |

2024-09-09 10:25:22,311 - INFO -
| Epoch:    460 | Train loss: 9.0705e-01 | Valid loss: 8.4824e-01 | Train acc: 0.4799 ± 0.0000 | Valid acc: 0.4516 ± 0.0000 | Valid Power: 0.0008 | Train Power: 0.0008 | patience:   0 | lr: 0.1 | Epoch time: 0.1 |

2024-09-09 10:25:23,391 - INFO -
| Epoch:    470 | Train loss: 9.0705e-01 | Valid loss: 8.4823e-01 | Train acc: 0.4799 ± 0.0000 | Valid acc: 0.4516 ± 0.0000 | Valid Power: 0.0008 | Train Power: 0.0008 | patience:   0 | lr: 0.1 | Epoch time: 0.1 |

2024-09-09 10:25:24,478 - INFO -
| Epoch:    480 | Train loss: 9.0705e-01 | Valid loss: 8.4823e-01 | Train acc: 0.4799 ± 0.0000 | Valid acc: 0.4516 ± 0.0000 | Valid Power: 0.0008 | Train Power: 0.0008 | patience:   0 | lr: 0.1 | Epoch time: 0.1 |

2024-09-09 10:25:25,557 - INFO -
| Epoch:    490 | Train loss: 9.0705e-01 | Valid loss: 8.4822e-01 | Train acc: 0.4799 ± 0.0000 | Valid acc: 0.4516 ± 0.0000 | Valid Power: 0.0008 | Train Power: 0.0008 | patience:   0 | lr: 0.1 | Epoch time: 0.1 |

2024-09-09 10:25:26,635 - INFO -
| Epoch:    500 | Train loss: 9.0705e-01 | Valid loss: 8.4821e-01 | Train acc: 0.4799 ± 0.0000 | Valid acc: 0.4516 ± 0.0000 | Valid Power: 0.0008 | Train Power: 0.0008 | patience:   0 | lr: 0.1 | Epoch time: 0.1 |

2024-09-09 10:25:27,711 - INFO -
| Epoch:    510 | Train loss: 9.0705e-01 | Valid loss: 8.4821e-01 | Train acc: 0.4799 ± 0.0000 | Valid acc: 0.4516 ± 0.0000 | Valid Power: 0.0008 | Train Power: 0.0008 | patience:   0 | lr: 0.1 | Epoch time: 0.1 |

2024-09-09 10:25:28,795 - INFO -
| Epoch:    520 | Train loss: 9.0705e-01 | Valid loss: 8.4820e-01 | Train acc: 0.4799 ± 0.0000 | Valid acc: 0.4516 ± 0.0000 | Valid Power: 0.0008 | Train Power: 0.0008 | patience:   0 | lr: 0.1 | Epoch time: 0.1 |

2024-09-09 10:25:29,873 - INFO -
| Epoch:    530 | Train loss: 9.0705e-01 | Valid loss: 8.4819e-01 | Train acc: 0.4799 ± 0.0000 | Valid acc: 0.4516 ± 0.0000 | Valid Power: 0.0008 | Train Power: 0.0008 | patience:   0 | lr: 0.1 | Epoch time: 0.1 |

2024-09-09 10:25:30,952 - INFO -
| Epoch:    540 | Train loss: 9.0705e-01 | Valid loss: 8.4819e-01 | Train acc: 0.4799 ± 0.0000 | Valid acc: 0.4516 ± 0.0000 | Valid Power: 0.0008 | Train Power: 0.0008 | patience:   0 | lr: 0.1 | Epoch time: 0.1 |

2024-09-09 10:25:32,028 - INFO -
| Epoch:    550 | Train loss: 9.0704e-01 | Valid loss: 8.4818e-01 | Train acc: 0.4799 ± 0.0000 | Valid acc: 0.4516 ± 0.0000 | Valid Power: 0.0008 | Train Power: 0.0008 | patience:   0 | lr: 0.1 | Epoch time: 0.1 |

2024-09-09 10:25:33,110 - INFO -
| Epoch:    560 | Train loss: 9.0704e-01 | Valid loss: 8.4818e-01 | Train acc: 0.4799 ± 0.0000 | Valid acc: 0.4516 ± 0.0000 | Valid Power: 0.0008 | Train Power: 0.0008 | patience:   0 | lr: 0.1 | Epoch time: 0.1 |

2024-09-09 10:25:34,188 - INFO -
| Epoch:    570 | Train loss: 9.0704e-01 | Valid loss: 8.4817e-01 | Train acc: 0.4799 ± 0.0000 | Valid acc: 0.4516 ± 0.0000 | Valid Power: 0.0008 | Train Power: 0.0008 | patience:   0 | lr: 0.1 | Epoch time: 0.1 |

2024-09-09 10:25:35,266 - INFO -
| Epoch:    580 | Train loss: 9.0704e-01 | Valid loss: 8.4817e-01 | Train acc: 0.4799 ± 0.0000 | Valid acc: 0.4516 ± 0.0000 | Valid Power: 0.0008 | Train Power: 0.0008 | patience:   0 | lr: 0.1 | Epoch time: 0.1 |

2024-09-09 10:25:36,343 - INFO -
| Epoch:    590 | Train loss: 9.0704e-01 | Valid loss: 8.4816e-01 | Train acc: 0.4799 ± 0.0000 | Valid acc: 0.4516 ± 0.0000 | Valid Power: 0.0008 | Train Power: 0.0008 | patience:   0 | lr: 0.1 | Epoch time: 0.1 |

2024-09-09 10:25:37,421 - INFO -
| Epoch:    600 | Train loss: 9.0704e-01 | Valid loss: 8.4816e-01 | Train acc: 0.4799 ± 0.0000 | Valid acc: 0.4516 ± 0.0000 | Valid Power: 0.0008 | Train Power: 0.0008 | patience:   0 | lr: 0.1 | Epoch time: 0.1 |

2024-09-09 10:25:38,498 - INFO -
| Epoch:    610 | Train loss: 9.0704e-01 | Valid loss: 8.4815e-01 | Train acc: 0.4799 ± 0.0000 | Valid acc: 0.4516 ± 0.0000 | Valid Power: 0.0008 | Train Power: 0.0008 | patience:   0 | lr: 0.1 | Epoch time: 0.1 |

2024-09-09 10:25:39,575 - INFO -
| Epoch:    620 | Train loss: 9.0704e-01 | Valid loss: 8.4815e-01 | Train acc: 0.4799 ± 0.0000 | Valid acc: 0.4516 ± 0.0000 | Valid Power: 0.0008 | Train Power: 0.0008 | patience:   0 | lr: 0.1 | Epoch time: 0.1 |

2024-09-09 10:25:40,652 - INFO -
| Epoch:    630 | Train loss: 9.0704e-01 | Valid loss: 8.4814e-01 | Train acc: 0.4799 ± 0.0000 | Valid acc: 0.4516 ± 0.0000 | Valid Power: 0.0008 | Train Power: 0.0008 | patience:   0 | lr: 0.1 | Epoch time: 0.1 |

2024-09-09 10:25:41,728 - INFO -
| Epoch:    640 | Train loss: 9.0704e-01 | Valid loss: 8.4814e-01 | Train acc: 0.4799 ± 0.0000 | Valid acc: 0.4516 ± 0.0000 | Valid Power: 0.0008 | Train Power: 0.0008 | patience:   0 | lr: 0.1 | Epoch time: 0.1 |

2024-09-09 10:25:42,803 - INFO -
| Epoch:    650 | Train loss: 9.0704e-01 | Valid loss: 8.4813e-01 | Train acc: 0.4799 ± 0.0000 | Valid acc: 0.4516 ± 0.0000 | Valid Power: 0.0008 | Train Power: 0.0008 | patience:   0 | lr: 0.1 | Epoch time: 0.1 |

2024-09-09 10:25:43,880 - INFO -
| Epoch:    660 | Train loss: 9.0704e-01 | Valid loss: 8.4813e-01 | Train acc: 0.4799 ± 0.0000 | Valid acc: 0.4516 ± 0.0000 | Valid Power: 0.0008 | Train Power: 0.0008 | patience:   0 | lr: 0.1 | Epoch time: 0.1 |

2024-09-09 10:25:45,030 - INFO -
| Epoch:    670 | Train loss: 9.0704e-01 | Valid loss: 8.4812e-01 | Train acc: 0.4799 ± 0.0000 | Valid acc: 0.4516 ± 0.0000 | Valid Power: 0.0008 | Train Power: 0.0008 | patience:   0 | lr: 0.1 | Epoch time: 0.1 |

2024-09-09 10:25:46,109 - INFO -
| Epoch:    680 | Train loss: 9.0704e-01 | Valid loss: 8.4812e-01 | Train acc: 0.4799 ± 0.0000 | Valid acc: 0.4516 ± 0.0000 | Valid Power: 0.0008 | Train Power: 0.0008 | patience:   0 | lr: 0.1 | Epoch time: 0.1 |

2024-09-09 10:25:47,186 - INFO -
| Epoch:    690 | Train loss: 9.0704e-01 | Valid loss: 8.4812e-01 | Train acc: 0.4799 ± 0.0000 | Valid acc: 0.4516 ± 0.0000 | Valid Power: 0.0008 | Train Power: 0.0008 | patience:   0 | lr: 0.1 | Epoch time: 0.1 |

2024-09-09 10:25:48,272 - INFO -
| Epoch:    700 | Train loss: 9.0704e-01 | Valid loss: 8.4811e-01 | Train acc: 0.4799 ± 0.0000 | Valid acc: 0.4516 ± 0.0000 | Valid Power: 0.0008 | Train Power: 0.0008 | patience:   0 | lr: 0.1 | Epoch time: 0.1 |

2024-09-09 10:25:49,349 - INFO -
| Epoch:    710 | Train loss: 9.0704e-01 | Valid loss: 8.4811e-01 | Train acc: 0.4799 ± 0.0000 | Valid acc: 0.4516 ± 0.0000 | Valid Power: 0.0008 | Train Power: 0.0008 | patience:   0 | lr: 0.1 | Epoch time: 0.1 |

2024-09-09 10:25:50,427 - INFO -
| Epoch:    720 | Train loss: 9.0704e-01 | Valid loss: 8.4810e-01 | Train acc: 0.4799 ± 0.0000 | Valid acc: 0.4516 ± 0.0000 | Valid Power: 0.0008 | Train Power: 0.0008 | patience:   0 | lr: 0.1 | Epoch time: 0.1 |

2024-09-09 10:25:51,504 - INFO -
| Epoch:    730 | Train loss: 9.0704e-01 | Valid loss: 8.4810e-01 | Train acc: 0.4799 ± 0.0000 | Valid acc: 0.4516 ± 0.0000 | Valid Power: 0.0008 | Train Power: 0.0008 | patience:   0 | lr: 0.1 | Epoch time: 0.1 |

2024-09-09 10:25:52,581 - INFO -
| Epoch:    740 | Train loss: 9.0704e-01 | Valid loss: 8.4810e-01 | Train acc: 0.4799 ± 0.0000 | Valid acc: 0.4516 ± 0.0000 | Valid Power: 0.0008 | Train Power: 0.0008 | patience:   0 | lr: 0.1 | Epoch time: 0.1 |

2024-09-09 10:25:53,657 - INFO -
| Epoch:    750 | Train loss: 9.0704e-01 | Valid loss: 8.4809e-01 | Train acc: 0.4799 ± 0.0000 | Valid acc: 0.4516 ± 0.0000 | Valid Power: 0.0008 | Train Power: 0.0008 | patience:   0 | lr: 0.1 | Epoch time: 0.1 |

2024-09-09 10:25:54,732 - INFO -
| Epoch:    760 | Train loss: 9.0704e-01 | Valid loss: 8.4809e-01 | Train acc: 0.4799 ± 0.0000 | Valid acc: 0.4516 ± 0.0000 | Valid Power: 0.0008 | Train Power: 0.0008 | patience:   0 | lr: 0.1 | Epoch time: 0.1 |

2024-09-09 10:25:55,803 - INFO -
| Epoch:    770 | Train loss: 9.0704e-01 | Valid loss: 8.4809e-01 | Train acc: 0.4799 ± 0.0000 | Valid acc: 0.4516 ± 0.0000 | Valid Power: 0.0008 | Train Power: 0.0008 | patience:   0 | lr: 0.1 | Epoch time: 0.1 |

2024-09-09 10:25:56,875 - INFO -
| Epoch:    780 | Train loss: 9.0704e-01 | Valid loss: 8.4808e-01 | Train acc: 0.4799 ± 0.0000 | Valid acc: 0.4516 ± 0.0000 | Valid Power: 0.0008 | Train Power: 0.0008 | patience:   0 | lr: 0.1 | Epoch time: 0.1 |

2024-09-09 10:25:57,950 - INFO -
| Epoch:    790 | Train loss: 9.0704e-01 | Valid loss: 8.4808e-01 | Train acc: 0.4799 ± 0.0000 | Valid acc: 0.4516 ± 0.0000 | Valid Power: 0.0008 | Train Power: 0.0008 | patience:   0 | lr: 0.1 | Epoch time: 0.1 |

2024-09-09 10:25:59,025 - INFO -
| Epoch:    800 | Train loss: 9.0704e-01 | Valid loss: 8.4808e-01 | Train acc: 0.4799 ± 0.0000 | Valid acc: 0.4516 ± 0.0000 | Valid Power: 0.0008 | Train Power: 0.0008 | patience:   0 | lr: 0.1 | Epoch time: 0.1 |

2024-09-09 10:26:00,101 - INFO -
| Epoch:    810 | Train loss: 9.0704e-01 | Valid loss: 8.4807e-01 | Train acc: 0.4799 ± 0.0000 | Valid acc: 0.4516 ± 0.0000 | Valid Power: 0.0008 | Train Power: 0.0008 | patience:   0 | lr: 0.1 | Epoch time: 0.1 |

2024-09-09 10:26:01,271 - INFO -
| Epoch:    820 | Train loss: 9.0704e-01 | Valid loss: 8.4807e-01 | Train acc: 0.4799 ± 0.0000 | Valid acc: 0.4516 ± 0.0000 | Valid Power: 0.0008 | Train Power: 0.0008 | patience:   0 | lr: 0.1 | Epoch time: 0.1 |

2024-09-09 10:26:02,347 - INFO -
| Epoch:    830 | Train loss: 9.0704e-01 | Valid loss: 8.4807e-01 | Train acc: 0.4799 ± 0.0000 | Valid acc: 0.4516 ± 0.0000 | Valid Power: 0.0008 | Train Power: 0.0008 | patience:   0 | lr: 0.1 | Epoch time: 0.1 |

2024-09-09 10:26:03,424 - INFO -
| Epoch:    840 | Train loss: 9.0704e-01 | Valid loss: 8.4806e-01 | Train acc: 0.4799 ± 0.0000 | Valid acc: 0.4516 ± 0.0000 | Valid Power: 0.0008 | Train Power: 0.0008 | patience:   0 | lr: 0.1 | Epoch time: 0.1 |

2024-09-09 10:26:04,500 - INFO -
| Epoch:    850 | Train loss: 9.0704e-01 | Valid loss: 8.4806e-01 | Train acc: 0.4799 ± 0.0000 | Valid acc: 0.4516 ± 0.0000 | Valid Power: 0.0008 | Train Power: 0.0008 | patience:   0 | lr: 0.1 | Epoch time: 0.1 |

2024-09-09 10:26:05,578 - INFO -
| Epoch:    860 | Train loss: 9.0704e-01 | Valid loss: 8.4806e-01 | Train acc: 0.4799 ± 0.0000 | Valid acc: 0.4516 ± 0.0000 | Valid Power: 0.0008 | Train Power: 0.0008 | patience:   0 | lr: 0.1 | Epoch time: 0.1 |

2024-09-09 10:26:06,655 - INFO -
| Epoch:    870 | Train loss: 9.0704e-01 | Valid loss: 8.4805e-01 | Train acc: 0.4799 ± 0.0000 | Valid acc: 0.4516 ± 0.0000 | Valid Power: 0.0008 | Train Power: 0.0008 | patience:   0 | lr: 0.1 | Epoch time: 0.1 |

2024-09-09 10:26:07,737 - INFO -
| Epoch:    880 | Train loss: 9.0704e-01 | Valid loss: 8.4805e-01 | Train acc: 0.4799 ± 0.0000 | Valid acc: 0.4516 ± 0.0000 | Valid Power: 0.0008 | Train Power: 0.0008 | patience:   0 | lr: 0.1 | Epoch time: 0.1 |

2024-09-09 10:26:08,817 - INFO -
| Epoch:    890 | Train loss: 9.0704e-01 | Valid loss: 8.4805e-01 | Train acc: 0.4799 ± 0.0000 | Valid acc: 0.4516 ± 0.0000 | Valid Power: 0.0008 | Train Power: 0.0008 | patience:   0 | lr: 0.1 | Epoch time: 0.1 |

2024-09-09 10:26:09,937 - INFO -
| Epoch:    900 | Train loss: 9.0703e-01 | Valid loss: 8.4805e-01 | Train acc: 0.4799 ± 0.0000 | Valid acc: 0.4516 ± 0.0000 | Valid Power: 0.0008 | Train Power: 0.0008 | patience:   0 | lr: 0.1 | Epoch time: 0.1 |

2024-09-09 10:26:11,010 - INFO -
| Epoch:    910 | Train loss: 9.0703e-01 | Valid loss: 8.4804e-01 | Train acc: 0.4799 ± 0.0000 | Valid acc: 0.4516 ± 0.0000 | Valid Power: 0.0008 | Train Power: 0.0008 | patience:   0 | lr: 0.1 | Epoch time: 0.1 |

2024-09-09 10:26:12,085 - INFO -
| Epoch:    920 | Train loss: 9.0703e-01 | Valid loss: 8.4804e-01 | Train acc: 0.4799 ± 0.0000 | Valid acc: 0.4516 ± 0.0000 | Valid Power: 0.0008 | Train Power: 0.0008 | patience:   0 | lr: 0.1 | Epoch time: 0.1 |

2024-09-09 10:26:13,162 - INFO -
| Epoch:    930 | Train loss: 9.0703e-01 | Valid loss: 8.4804e-01 | Train acc: 0.4799 ± 0.0000 | Valid acc: 0.4516 ± 0.0000 | Valid Power: 0.0008 | Train Power: 0.0008 | patience:   0 | lr: 0.1 | Epoch time: 0.1 |

2024-09-09 10:26:14,241 - INFO -
| Epoch:    940 | Train loss: 9.0703e-01 | Valid loss: 8.4804e-01 | Train acc: 0.4799 ± 0.0000 | Valid acc: 0.4516 ± 0.0000 | Valid Power: 0.0008 | Train Power: 0.0008 | patience:   0 | lr: 0.1 | Epoch time: 0.1 |

2024-09-09 10:26:15,319 - INFO -
| Epoch:    950 | Train loss: 9.0703e-01 | Valid loss: 8.4803e-01 | Train acc: 0.4799 ± 0.0000 | Valid acc: 0.4516 ± 0.0000 | Valid Power: 0.0008 | Train Power: 0.0008 | patience:   0 | lr: 0.1 | Epoch time: 0.1 |

2024-09-09 10:26:16,394 - INFO -
| Epoch:    960 | Train loss: 9.0703e-01 | Valid loss: 8.4803e-01 | Train acc: 0.4799 ± 0.0000 | Valid acc: 0.4516 ± 0.0000 | Valid Power: 0.0008 | Train Power: 0.0008 | patience:   0 | lr: 0.1 | Epoch time: 0.1 |

2024-09-09 10:26:17,467 - INFO -
| Epoch:    970 | Train loss: 9.0703e-01 | Valid loss: 8.4803e-01 | Train acc: 0.4799 ± 0.0000 | Valid acc: 0.4516 ± 0.0000 | Valid Power: 0.0008 | Train Power: 0.0008 | patience:   0 | lr: 0.1 | Epoch time: 0.1 |

2024-09-09 10:26:18,541 - INFO -
| Epoch:    980 | Train loss: 9.0703e-01 | Valid loss: 8.4802e-01 | Train acc: 0.4799 ± 0.0000 | Valid acc: 0.4516 ± 0.0000 | Valid Power: 0.0008 | Train Power: 0.0008 | patience:   0 | lr: 0.1 | Epoch time: 0.1 |

2024-09-09 10:26:19,616 - INFO -
| Epoch:    990 | Train loss: 9.0703e-01 | Valid loss: 8.4802e-01 | Train acc: 0.4799 ± 0.0000 | Valid acc: 0.4516 ± 0.0000 | Valid Power: 0.0008 | Train Power: 0.0008 | patience:   0 | lr: 0.1 | Epoch time: 0.1 |

2024-09-09 10:26:20,693 - INFO -
| Epoch:   1000 | Train loss: 9.0703e-01 | Valid loss: 8.4802e-01 | Train acc: 0.4799 ± 0.0000 | Valid acc: 0.4516 ± 0.0000 | Valid Power: 0.0008 | Train Power: 0.0008 | patience:   0 | lr: 0.1 | Epoch time: 0.1 |

2024-09-09 10:26:21,765 - INFO -
| Epoch:   1010 | Train loss: 9.0703e-01 | Valid loss: 8.4802e-01 | Train acc: 0.4799 ± 0.0000 | Valid acc: 0.4516 ± 0.0000 | Valid Power: 0.0008 | Train Power: 0.0008 | patience:   0 | lr: 0.1 | Epoch time: 0.1 |

2024-09-09 10:26:22,840 - INFO -
| Epoch:   1020 | Train loss: 9.0703e-01 | Valid loss: 8.4802e-01 | Train acc: 0.4799 ± 0.0000 | Valid acc: 0.4516 ± 0.0000 | Valid Power: 0.0008 | Train Power: 0.0008 | patience:   0 | lr: 0.1 | Epoch time: 0.1 |

2024-09-09 10:26:23,918 - INFO -
| Epoch:   1030 | Train loss: 9.0703e-01 | Valid loss: 8.4801e-01 | Train acc: 0.4799 ± 0.0000 | Valid acc: 0.4516 ± 0.0000 | Valid Power: 0.0008 | Train Power: 0.0008 | patience:   0 | lr: 0.1 | Epoch time: 0.1 |

2024-09-09 10:26:24,996 - INFO -
| Epoch:   1040 | Train loss: 9.0703e-01 | Valid loss: 8.4801e-01 | Train acc: 0.4799 ± 0.0000 | Valid acc: 0.4516 ± 0.0000 | Valid Power: 0.0008 | Train Power: 0.0008 | patience:   0 | lr: 0.1 | Epoch time: 0.1 |

2024-09-09 10:26:26,074 - INFO -
| Epoch:   1050 | Train loss: 9.0703e-01 | Valid loss: 8.4801e-01 | Train acc: 0.4799 ± 0.0000 | Valid acc: 0.4516 ± 0.0000 | Valid Power: 0.0008 | Train Power: 0.0008 | patience:   0 | lr: 0.1 | Epoch time: 0.1 |

2024-09-09 10:26:27,229 - INFO -
| Epoch:   1060 | Train loss: 9.0703e-01 | Valid loss: 8.4801e-01 | Train acc: 0.4799 ± 0.0000 | Valid acc: 0.4516 ± 0.0000 | Valid Power: 0.0008 | Train Power: 0.0008 | patience:   0 | lr: 0.1 | Epoch time: 0.1 |

2024-09-09 10:26:28,317 - INFO -
| Epoch:   1070 | Train loss: 9.0703e-01 | Valid loss: 8.4800e-01 | Train acc: 0.4799 ± 0.0000 | Valid acc: 0.4516 ± 0.0000 | Valid Power: 0.0008 | Train Power: 0.0008 | patience:   0 | lr: 0.1 | Epoch time: 0.1 |

2024-09-09 10:26:29,405 - INFO -
| Epoch:   1080 | Train loss: 9.0703e-01 | Valid loss: 8.4800e-01 | Train acc: 0.4799 ± 0.0000 | Valid acc: 0.4516 ± 0.0000 | Valid Power: 0.0008 | Train Power: 0.0008 | patience:   0 | lr: 0.1 | Epoch time: 0.1 |

2024-09-09 10:26:30,493 - INFO -
| Epoch:   1090 | Train loss: 9.0703e-01 | Valid loss: 8.4800e-01 | Train acc: 0.4799 ± 0.0000 | Valid acc: 0.4516 ± 0.0000 | Valid Power: 0.0008 | Train Power: 0.0008 | patience:   0 | lr: 0.1 | Epoch time: 0.1 |

2024-09-09 10:26:31,580 - INFO -
| Epoch:   1100 | Train loss: 9.0703e-01 | Valid loss: 8.4800e-01 | Train acc: 0.4799 ± 0.0000 | Valid acc: 0.4516 ± 0.0000 | Valid Power: 0.0008 | Train Power: 0.0008 | patience:   0 | lr: 0.1 | Epoch time: 0.1 |

2024-09-09 10:26:32,667 - INFO -
| Epoch:   1110 | Train loss: 9.0703e-01 | Valid loss: 8.4800e-01 | Train acc: 0.4799 ± 0.0000 | Valid acc: 0.4516 ± 0.0000 | Valid Power: 0.0008 | Train Power: 0.0008 | patience:   0 | lr: 0.1 | Epoch time: 0.1 |

2024-09-09 10:26:33,793 - INFO -
| Epoch:   1120 | Train loss: 9.0703e-01 | Valid loss: 8.4799e-01 | Train acc: 0.4799 ± 0.0000 | Valid acc: 0.4516 ± 0.0000 | Valid Power: 0.0008 | Train Power: 0.0008 | patience:   0 | lr: 0.1 | Epoch time: 0.1 |

2024-09-09 10:26:34,868 - INFO -
| Epoch:   1130 | Train loss: 9.0703e-01 | Valid loss: 8.4799e-01 | Train acc: 0.4799 ± 0.0000 | Valid acc: 0.4516 ± 0.0000 | Valid Power: 0.0008 | Train Power: 0.0008 | patience:   0 | lr: 0.1 | Epoch time: 0.1 |

2024-09-09 10:26:35,941 - INFO -
| Epoch:   1140 | Train loss: 9.0703e-01 | Valid loss: 8.4799e-01 | Train acc: 0.4799 ± 0.0000 | Valid acc: 0.4516 ± 0.0000 | Valid Power: 0.0008 | Train Power: 0.0008 | patience:   0 | lr: 0.1 | Epoch time: 0.1 |

2024-09-09 10:26:37,015 - INFO -
| Epoch:   1150 | Train loss: 9.0703e-01 | Valid loss: 8.4799e-01 | Train acc: 0.4799 ± 0.0000 | Valid acc: 0.4516 ± 0.0000 | Valid Power: 0.0008 | Train Power: 0.0008 | patience:   0 | lr: 0.1 | Epoch time: 0.1 |

2024-09-09 10:26:38,090 - INFO -
| Epoch:   1160 | Train loss: 9.0703e-01 | Valid loss: 8.4799e-01 | Train acc: 0.4799 ± 0.0000 | Valid acc: 0.4516 ± 0.0000 | Valid Power: 0.0008 | Train Power: 0.0008 | patience:   0 | lr: 0.1 | Epoch time: 0.1 |

2024-09-09 10:26:39,164 - INFO -
| Epoch:   1170 | Train loss: 9.0703e-01 | Valid loss: 8.4798e-01 | Train acc: 0.4799 ± 0.0000 | Valid acc: 0.4516 ± 0.0000 | Valid Power: 0.0008 | Train Power: 0.0008 | patience:   0 | lr: 0.1 | Epoch time: 0.1 |

2024-09-09 10:26:40,290 - INFO -
| Epoch:   1180 | Train loss: 9.0703e-01 | Valid loss: 8.4798e-01 | Train acc: 0.4799 ± 0.0000 | Valid acc: 0.4516 ± 0.0000 | Valid Power: 0.0008 | Train Power: 0.0008 | patience:   0 | lr: 0.1 | Epoch time: 0.1 |

2024-09-09 10:26:41,382 - INFO -
| Epoch:   1190 | Train loss: 9.0703e-01 | Valid loss: 8.4798e-01 | Train acc: 0.4799 ± 0.0000 | Valid acc: 0.4516 ± 0.0000 | Valid Power: 0.0008 | Train Power: 0.0008 | patience:   0 | lr: 0.1 | Epoch time: 0.1 |

2024-09-09 10:26:42,533 - INFO -
| Epoch:   1200 | Train loss: 9.0703e-01 | Valid loss: 8.4798e-01 | Train acc: 0.4799 ± 0.0000 | Valid acc: 0.4516 ± 0.0000 | Valid Power: 0.0008 | Train Power: 0.0008 | patience:   1 | lr: 0.1 | Epoch time: 0.1 |

2024-09-09 10:26:43,608 - INFO -
| Epoch:   1210 | Train loss: 9.0703e-01 | Valid loss: 8.4798e-01 | Train acc: 0.4799 ± 0.0000 | Valid acc: 0.4516 ± 0.0000 | Valid Power: 0.0008 | Train Power: 0.0008 | patience:   0 | lr: 0.1 | Epoch time: 0.1 |

2024-09-09 10:26:44,711 - INFO -
| Epoch:   1220 | Train loss: 9.0703e-01 | Valid loss: 8.4798e-01 | Train acc: 0.4799 ± 0.0000 | Valid acc: 0.4516 ± 0.0000 | Valid Power: 0.0008 | Train Power: 0.0008 | patience:   0 | lr: 0.1 | Epoch time: 0.1 |

2024-09-09 10:26:45,784 - INFO -
| Epoch:   1230 | Train loss: 9.0703e-01 | Valid loss: 8.4797e-01 | Train acc: 0.4799 ± 0.0000 | Valid acc: 0.4516 ± 0.0000 | Valid Power: 0.0008 | Train Power: 0.0008 | patience:   0 | lr: 0.1 | Epoch time: 0.1 |

2024-09-09 10:26:46,858 - INFO -
| Epoch:   1240 | Train loss: 9.0703e-01 | Valid loss: 8.4797e-01 | Train acc: 0.4799 ± 0.0000 | Valid acc: 0.4516 ± 0.0000 | Valid Power: 0.0008 | Train Power: 0.0008 | patience:   0 | lr: 0.1 | Epoch time: 0.1 |

2024-09-09 10:26:47,935 - INFO -
| Epoch:   1250 | Train loss: 9.0703e-01 | Valid loss: 8.4797e-01 | Train acc: 0.4799 ± 0.0000 | Valid acc: 0.4516 ± 0.0000 | Valid Power: 0.0008 | Train Power: 0.0008 | patience:   0 | lr: 0.1 | Epoch time: 0.1 |

2024-09-09 10:26:49,023 - INFO -
| Epoch:   1260 | Train loss: 9.0703e-01 | Valid loss: 8.4797e-01 | Train acc: 0.4799 ± 0.0000 | Valid acc: 0.4516 ± 0.0000 | Valid Power: 0.0008 | Train Power: 0.0008 | patience:   0 | lr: 0.1 | Epoch time: 0.1 |

2024-09-09 10:26:50,103 - INFO -
| Epoch:   1270 | Train loss: 9.0703e-01 | Valid loss: 8.4797e-01 | Train acc: 0.4799 ± 0.0000 | Valid acc: 0.4516 ± 0.0000 | Valid Power: 0.0008 | Train Power: 0.0008 | patience:   0 | lr: 0.1 | Epoch time: 0.1 |

2024-09-09 10:26:51,156 - INFO -
| Epoch:   1280 | Train loss: 9.0703e-01 | Valid loss: 8.4797e-01 | Train acc: 0.4799 ± 0.0000 | Valid acc: 0.4516 ± 0.0000 | Valid Power: 0.0008 | Train Power: 0.0008 | patience:   0 | lr: 0.1 | Epoch time: 0.1 |

2024-09-09 10:26:52,224 - INFO -
| Epoch:   1290 | Train loss: 9.0703e-01 | Valid loss: 8.4796e-01 | Train acc: 0.4799 ± 0.0000 | Valid acc: 0.4516 ± 0.0000 | Valid Power: 0.0008 | Train Power: 0.0008 | patience:   0 | lr: 0.1 | Epoch time: 0.1 |

2024-09-09 10:26:53,259 - INFO -
| Epoch:   1300 | Train loss: 9.0703e-01 | Valid loss: 8.4796e-01 | Train acc: 0.4799 ± 0.0000 | Valid acc: 0.4516 ± 0.0000 | Valid Power: 0.0008 | Train Power: 0.0008 | patience:   0 | lr: 0.1 | Epoch time: 0.1 |

2024-09-09 10:26:54,289 - INFO -
| Epoch:   1310 | Train loss: 9.0703e-01 | Valid loss: 8.4796e-01 | Train acc: 0.4799 ± 0.0000 | Valid acc: 0.4516 ± 0.0000 | Valid Power: 0.0008 | Train Power: 0.0008 | patience:   0 | lr: 0.1 | Epoch time: 0.1 |

2024-09-09 10:26:55,318 - INFO -
| Epoch:   1320 | Train loss: 9.0703e-01 | Valid loss: 8.4796e-01 | Train acc: 0.4799 ± 0.0000 | Valid acc: 0.4516 ± 0.0000 | Valid Power: 0.0008 | Train Power: 0.0008 | patience:   0 | lr: 0.1 | Epoch time: 0.1 |

2024-09-09 10:26:56,350 - INFO -
| Epoch:   1330 | Train loss: 9.0703e-01 | Valid loss: 8.4796e-01 | Train acc: 0.4799 ± 0.0000 | Valid acc: 0.4516 ± 0.0000 | Valid Power: 0.0008 | Train Power: 0.0008 | patience:   0 | lr: 0.1 | Epoch time: 0.1 |

2024-09-09 10:26:57,381 - INFO -
| Epoch:   1340 | Train loss: 9.0703e-01 | Valid loss: 8.4796e-01 | Train acc: 0.4799 ± 0.0000 | Valid acc: 0.4516 ± 0.0000 | Valid Power: 0.0008 | Train Power: 0.0008 | patience:   0 | lr: 0.1 | Epoch time: 0.1 |

2024-09-09 10:26:58,411 - INFO -
| Epoch:   1350 | Train loss: 9.0703e-01 | Valid loss: 8.4796e-01 | Train acc: 0.4799 ± 0.0000 | Valid acc: 0.4516 ± 0.0000 | Valid Power: 0.0008 | Train Power: 0.0008 | patience:   0 | lr: 0.1 | Epoch time: 0.1 |

2024-09-09 10:26:59,443 - INFO -
| Epoch:   1360 | Train loss: 9.0703e-01 | Valid loss: 8.4795e-01 | Train acc: 0.4799 ± 0.0000 | Valid acc: 0.4516 ± 0.0000 | Valid Power: 0.0008 | Train Power: 0.0008 | patience:   0 | lr: 0.1 | Epoch time: 0.1 |

2024-09-09 10:27:00,474 - INFO -
| Epoch:   1370 | Train loss: 9.0703e-01 | Valid loss: 8.4795e-01 | Train acc: 0.4799 ± 0.0000 | Valid acc: 0.4516 ± 0.0000 | Valid Power: 0.0008 | Train Power: 0.0008 | patience:   0 | lr: 0.1 | Epoch time: 0.1 |

2024-09-09 10:27:01,506 - INFO -
| Epoch:   1380 | Train loss: 9.0703e-01 | Valid loss: 8.4795e-01 | Train acc: 0.4799 ± 0.0000 | Valid acc: 0.4516 ± 0.0000 | Valid Power: 0.0008 | Train Power: 0.0008 | patience:   0 | lr: 0.1 | Epoch time: 0.1 |

2024-09-09 10:27:02,537 - INFO -
| Epoch:   1390 | Train loss: 9.0703e-01 | Valid loss: 8.4795e-01 | Train acc: 0.4799 ± 0.0000 | Valid acc: 0.4516 ± 0.0000 | Valid Power: 0.0008 | Train Power: 0.0008 | patience:   0 | lr: 0.1 | Epoch time: 0.1 |

2024-09-09 10:27:03,549 - INFO -
| Epoch:   1400 | Train loss: 9.0703e-01 | Valid loss: 8.4795e-01 | Train acc: 0.4799 ± 0.0000 | Valid acc: 0.4516 ± 0.0000 | Valid Power: 0.0008 | Train Power: 0.0008 | patience:   0 | lr: 0.1 | Epoch time: 0.1 |

2024-09-09 10:27:04,564 - INFO -
| Epoch:   1410 | Train loss: 9.0703e-01 | Valid loss: 8.4795e-01 | Train acc: 0.4799 ± 0.0000 | Valid acc: 0.4516 ± 0.0000 | Valid Power: 0.0008 | Train Power: 0.0008 | patience:   0 | lr: 0.1 | Epoch time: 0.1 |

2024-09-09 10:27:05,576 - INFO -
| Epoch:   1420 | Train loss: 9.0703e-01 | Valid loss: 8.4795e-01 | Train acc: 0.4799 ± 0.0000 | Valid acc: 0.4516 ± 0.0000 | Valid Power: 0.0008 | Train Power: 0.0008 | patience:   0 | lr: 0.1 | Epoch time: 0.1 |

2024-09-09 10:27:06,594 - INFO -
| Epoch:   1430 | Train loss: 9.0703e-01 | Valid loss: 8.4794e-01 | Train acc: 0.4799 ± 0.0000 | Valid acc: 0.4516 ± 0.0000 | Valid Power: 0.0008 | Train Power: 0.0008 | patience:   0 | lr: 0.1 | Epoch time: 0.1 |

2024-09-09 10:27:07,691 - INFO -
| Epoch:   1440 | Train loss: 9.0703e-01 | Valid loss: 8.4794e-01 | Train acc: 0.4799 ± 0.0000 | Valid acc: 0.4516 ± 0.0000 | Valid Power: 0.0008 | Train Power: 0.0008 | patience:   0 | lr: 0.1 | Epoch time: 0.1 |

2024-09-09 10:27:08,698 - INFO -
| Epoch:   1450 | Train loss: 9.0703e-01 | Valid loss: 8.4794e-01 | Train acc: 0.4799 ± 0.0000 | Valid acc: 0.4516 ± 0.0000 | Valid Power: 0.0008 | Train Power: 0.0008 | patience:   0 | lr: 0.1 | Epoch time: 0.1 |

2024-09-09 10:27:09,702 - INFO -
| Epoch:   1460 | Train loss: 9.0703e-01 | Valid loss: 8.4794e-01 | Train acc: 0.4799 ± 0.0000 | Valid acc: 0.4516 ± 0.0000 | Valid Power: 0.0008 | Train Power: 0.0008 | patience:   0 | lr: 0.1 | Epoch time: 0.1 |

2024-09-09 10:27:10,706 - INFO -
| Epoch:   1470 | Train loss: 9.0703e-01 | Valid loss: 8.4794e-01 | Train acc: 0.4799 ± 0.0000 | Valid acc: 0.4516 ± 0.0000 | Valid Power: 0.0008 | Train Power: 0.0008 | patience:   1 | lr: 0.1 | Epoch time: 0.1 |

2024-09-09 10:27:11,712 - INFO -
| Epoch:   1480 | Train loss: 9.0703e-01 | Valid loss: 8.4794e-01 | Train acc: 0.4799 ± 0.0000 | Valid acc: 0.4516 ± 0.0000 | Valid Power: 0.0008 | Train Power: 0.0008 | patience:   0 | lr: 0.1 | Epoch time: 0.1 |

2024-09-09 10:27:12,717 - INFO -
| Epoch:   1490 | Train loss: 9.0703e-01 | Valid loss: 8.4794e-01 | Train acc: 0.4799 ± 0.0000 | Valid acc: 0.4516 ± 0.0000 | Valid Power: 0.0008 | Train Power: 0.0008 | patience:   0 | lr: 0.1 | Epoch time: 0.1 |

2024-09-09 10:27:13,712 - INFO -
| Epoch:   1500 | Train loss: 9.0703e-01 | Valid loss: 8.4794e-01 | Train acc: 0.4799 ± 0.0000 | Valid acc: 0.4516 ± 0.0000 | Valid Power: 0.0008 | Train Power: 0.0008 | patience:   1 | lr: 0.1 | Epoch time: 0.1 |

2024-09-09 10:27:14,718 - INFO -
| Epoch:   1510 | Train loss: 9.0703e-01 | Valid loss: 8.4793e-01 | Train acc: 0.4799 ± 0.0000 | Valid acc: 0.4516 ± 0.0000 | Valid Power: 0.0008 | Train Power: 0.0008 | patience:   0 | lr: 0.1 | Epoch time: 0.1 |

2024-09-09 10:27:15,719 - INFO -
| Epoch:   1520 | Train loss: 9.0703e-01 | Valid loss: 8.4793e-01 | Train acc: 0.4799 ± 0.0000 | Valid acc: 0.4516 ± 0.0000 | Valid Power: 0.0008 | Train Power: 0.0008 | patience:   0 | lr: 0.1 | Epoch time: 0.1 |

2024-09-09 10:27:16,724 - INFO -
| Epoch:   1530 | Train loss: 9.0703e-01 | Valid loss: 8.4793e-01 | Train acc: 0.4799 ± 0.0000 | Valid acc: 0.4516 ± 0.0000 | Valid Power: 0.0008 | Train Power: 0.0008 | patience:   0 | lr: 0.1 | Epoch time: 0.1 |

2024-09-09 10:27:17,730 - INFO -
| Epoch:   1540 | Train loss: 9.0703e-01 | Valid loss: 8.4793e-01 | Train acc: 0.4799 ± 0.0000 | Valid acc: 0.4516 ± 0.0000 | Valid Power: 0.0008 | Train Power: 0.0008 | patience:   0 | lr: 0.1 | Epoch time: 0.1 |

2024-09-09 10:27:18,728 - INFO -
| Epoch:   1550 | Train loss: 9.0703e-01 | Valid loss: 8.4793e-01 | Train acc: 0.4799 ± 0.0000 | Valid acc: 0.4516 ± 0.0000 | Valid Power: 0.0008 | Train Power: 0.0008 | patience:   2 | lr: 0.1 | Epoch time: 0.1 |

2024-09-09 10:27:19,745 - INFO -
| Epoch:   1560 | Train loss: 9.0703e-01 | Valid loss: 8.4793e-01 | Train acc: 0.4799 ± 0.0000 | Valid acc: 0.4516 ± 0.0000 | Valid Power: 0.0008 | Train Power: 0.0008 | patience:   0 | lr: 0.1 | Epoch time: 0.1 |

2024-09-09 10:27:20,749 - INFO -
| Epoch:   1570 | Train loss: 9.0703e-01 | Valid loss: 8.4793e-01 | Train acc: 0.4799 ± 0.0000 | Valid acc: 0.4516 ± 0.0000 | Valid Power: 0.0008 | Train Power: 0.0008 | patience:   1 | lr: 0.1 | Epoch time: 0.1 |

2024-09-09 10:27:21,750 - INFO -
| Epoch:   1580 | Train loss: 9.0703e-01 | Valid loss: 8.4793e-01 | Train acc: 0.4799 ± 0.0000 | Valid acc: 0.4516 ± 0.0000 | Valid Power: 0.0008 | Train Power: 0.0008 | patience:   0 | lr: 0.1 | Epoch time: 0.1 |

2024-09-09 10:27:22,844 - INFO -
| Epoch:   1590 | Train loss: 9.0703e-01 | Valid loss: 8.4792e-01 | Train acc: 0.4799 ± 0.0000 | Valid acc: 0.4516 ± 0.0000 | Valid Power: 0.0008 | Train Power: 0.0008 | patience:   0 | lr: 0.1 | Epoch time: 0.1 |

2024-09-09 10:27:23,846 - INFO -
| Epoch:   1600 | Train loss: 9.0703e-01 | Valid loss: 8.4792e-01 | Train acc: 0.4799 ± 0.0000 | Valid acc: 0.4516 ± 0.0000 | Valid Power: 0.0008 | Train Power: 0.0008 | patience:   0 | lr: 0.1 | Epoch time: 0.1 |

2024-09-09 10:27:24,852 - INFO -
| Epoch:   1610 | Train loss: 9.0703e-01 | Valid loss: 8.4792e-01 | Train acc: 0.4799 ± 0.0000 | Valid acc: 0.4516 ± 0.0000 | Valid Power: 0.0008 | Train Power: 0.0008 | patience:   0 | lr: 0.1 | Epoch time: 0.1 |

2024-09-09 10:27:25,856 - INFO -
| Epoch:   1620 | Train loss: 9.0703e-01 | Valid loss: 8.4792e-01 | Train acc: 0.4799 ± 0.0000 | Valid acc: 0.4516 ± 0.0000 | Valid Power: 0.0008 | Train Power: 0.0008 | patience:   0 | lr: 0.1 | Epoch time: 0.1 |

2024-09-09 10:27:26,861 - INFO -
| Epoch:   1630 | Train loss: 9.0703e-01 | Valid loss: 8.4792e-01 | Train acc: 0.4799 ± 0.0000 | Valid acc: 0.4516 ± 0.0000 | Valid Power: 0.0008 | Train Power: 0.0008 | patience:   0 | lr: 0.1 | Epoch time: 0.1 |

2024-09-09 10:27:27,866 - INFO -
| Epoch:   1640 | Train loss: 9.0703e-01 | Valid loss: 8.4792e-01 | Train acc: 0.4799 ± 0.0000 | Valid acc: 0.4516 ± 0.0000 | Valid Power: 0.0008 | Train Power: 0.0008 | patience:   1 | lr: 0.1 | Epoch time: 0.1 |

2024-09-09 10:27:28,870 - INFO -
| Epoch:   1650 | Train loss: 9.0703e-01 | Valid loss: 8.4792e-01 | Train acc: 0.4799 ± 0.0000 | Valid acc: 0.4516 ± 0.0000 | Valid Power: 0.0008 | Train Power: 0.0008 | patience:   0 | lr: 0.1 | Epoch time: 0.1 |

2024-09-09 10:27:29,872 - INFO -
| Epoch:   1660 | Train loss: 9.0703e-01 | Valid loss: 8.4792e-01 | Train acc: 0.4799 ± 0.0000 | Valid acc: 0.4516 ± 0.0000 | Valid Power: 0.0008 | Train Power: 0.0008 | patience:   1 | lr: 0.1 | Epoch time: 0.1 |

2024-09-09 10:27:30,877 - INFO -
| Epoch:   1670 | Train loss: 9.0703e-01 | Valid loss: 8.4792e-01 | Train acc: 0.4799 ± 0.0000 | Valid acc: 0.4516 ± 0.0000 | Valid Power: 0.0008 | Train Power: 0.0008 | patience:   0 | lr: 0.1 | Epoch time: 0.1 |

2024-09-09 10:27:31,881 - INFO -
| Epoch:   1680 | Train loss: 9.0703e-01 | Valid loss: 8.4792e-01 | Train acc: 0.4799 ± 0.0000 | Valid acc: 0.4516 ± 0.0000 | Valid Power: 0.0008 | Train Power: 0.0008 | patience:   0 | lr: 0.1 | Epoch time: 0.1 |

2024-09-09 10:27:32,881 - INFO -
| Epoch:   1690 | Train loss: 9.0703e-01 | Valid loss: 8.4791e-01 | Train acc: 0.4799 ± 0.0000 | Valid acc: 0.4516 ± 0.0000 | Valid Power: 0.0008 | Train Power: 0.0008 | patience:   1 | lr: 0.1 | Epoch time: 0.1 |

2024-09-09 10:27:33,888 - INFO -
| Epoch:   1700 | Train loss: 9.0703e-01 | Valid loss: 8.4791e-01 | Train acc: 0.4799 ± 0.0000 | Valid acc: 0.4516 ± 0.0000 | Valid Power: 0.0008 | Train Power: 0.0008 | patience:   0 | lr: 0.1 | Epoch time: 0.1 |

2024-09-09 10:27:34,891 - INFO -
| Epoch:   1710 | Train loss: 9.0703e-01 | Valid loss: 8.4791e-01 | Train acc: 0.4799 ± 0.0000 | Valid acc: 0.4516 ± 0.0000 | Valid Power: 0.0008 | Train Power: 0.0008 | patience:   0 | lr: 0.1 | Epoch time: 0.1 |

2024-09-09 10:27:35,885 - INFO -
| Epoch:   1720 | Train loss: 9.0703e-01 | Valid loss: 8.4791e-01 | Train acc: 0.4799 ± 0.0000 | Valid acc: 0.4516 ± 0.0000 | Valid Power: 0.0008 | Train Power: 0.0008 | patience:   0 | lr: 0.1 | Epoch time: 0.1 |

2024-09-09 10:27:36,889 - INFO -
| Epoch:   1730 | Train loss: 9.0703e-01 | Valid loss: 8.4791e-01 | Train acc: 0.4799 ± 0.0000 | Valid acc: 0.4516 ± 0.0000 | Valid Power: 0.0008 | Train Power: 0.0008 | patience:   0 | lr: 0.1 | Epoch time: 0.1 |

2024-09-09 10:27:37,890 - INFO -
| Epoch:   1740 | Train loss: 9.0703e-01 | Valid loss: 8.4791e-01 | Train acc: 0.4799 ± 0.0000 | Valid acc: 0.4516 ± 0.0000 | Valid Power: 0.0008 | Train Power: 0.0008 | patience:   0 | lr: 0.1 | Epoch time: 0.1 |

2024-09-09 10:27:38,901 - INFO -
| Epoch:   1750 | Train loss: 9.0703e-01 | Valid loss: 8.4791e-01 | Train acc: 0.4799 ± 0.0000 | Valid acc: 0.4516 ± 0.0000 | Valid Power: 0.0008 | Train Power: 0.0008 | patience:   0 | lr: 0.1 | Epoch time: 0.1 |

2024-09-09 10:27:39,834 - INFO -
| Epoch:   1760 | Train loss: 9.0703e-01 | Valid loss: 8.4791e-01 | Train acc: 0.4799 ± 0.0000 | Valid acc: 0.4516 ± 0.0000 | Valid Power: 0.0008 | Train Power: 0.0008 | patience:   0 | lr: 0.1 | Epoch time: 0.1 |

2024-09-09 10:27:40,756 - INFO -
| Epoch:   1770 | Train loss: 9.0703e-01 | Valid loss: 8.4791e-01 | Train acc: 0.4799 ± 0.0000 | Valid acc: 0.4516 ± 0.0000 | Valid Power: 0.0008 | Train Power: 0.0008 | patience:   0 | lr: 0.1 | Epoch time: 0.1 |

2024-09-09 10:27:41,685 - INFO -
| Epoch:   1780 | Train loss: 9.0703e-01 | Valid loss: 8.4791e-01 | Train acc: 0.4799 ± 0.0000 | Valid acc: 0.4516 ± 0.0000 | Valid Power: 0.0008 | Train Power: 0.0008 | patience:   0 | lr: 0.1 | Epoch time: 0.1 |

2024-09-09 10:27:42,602 - INFO -
| Epoch:   1790 | Train loss: 9.0703e-01 | Valid loss: 8.4791e-01 | Train acc: 0.4799 ± 0.0000 | Valid acc: 0.4516 ± 0.0000 | Valid Power: 0.0008 | Train Power: 0.0008 | patience:   1 | lr: 0.1 | Epoch time: 0.1 |

2024-09-09 10:27:43,520 - INFO -
| Epoch:   1800 | Train loss: 9.0703e-01 | Valid loss: 8.4790e-01 | Train acc: 0.4799 ± 0.0000 | Valid acc: 0.4516 ± 0.0000 | Valid Power: 0.0008 | Train Power: 0.0008 | patience:   1 | lr: 0.1 | Epoch time: 0.1 |

2024-09-09 10:27:44,440 - INFO -
| Epoch:   1810 | Train loss: 9.0703e-01 | Valid loss: 8.4790e-01 | Train acc: 0.4799 ± 0.0000 | Valid acc: 0.4516 ± 0.0000 | Valid Power: 0.0008 | Train Power: 0.0008 | patience:   1 | lr: 0.1 | Epoch time: 0.1 |

2024-09-09 10:27:45,366 - INFO -
| Epoch:   1820 | Train loss: 9.0703e-01 | Valid loss: 8.4790e-01 | Train acc: 0.4799 ± 0.0000 | Valid acc: 0.4516 ± 0.0000 | Valid Power: 0.0008 | Train Power: 0.0008 | patience:   2 | lr: 0.1 | Epoch time: 0.1 |

2024-09-09 10:27:46,355 - INFO -
| Epoch:   1830 | Train loss: 9.0703e-01 | Valid loss: 8.4790e-01 | Train acc: 0.4799 ± 0.0000 | Valid acc: 0.4516 ± 0.0000 | Valid Power: 0.0008 | Train Power: 0.0008 | patience:   1 | lr: 0.1 | Epoch time: 0.1 |

2024-09-09 10:27:47,277 - INFO -
| Epoch:   1840 | Train loss: 9.0703e-01 | Valid loss: 8.4790e-01 | Train acc: 0.4799 ± 0.0000 | Valid acc: 0.4516 ± 0.0000 | Valid Power: 0.0008 | Train Power: 0.0008 | patience:   0 | lr: 0.1 | Epoch time: 0.1 |

2024-09-09 10:27:48,195 - INFO -
| Epoch:   1850 | Train loss: 9.0703e-01 | Valid loss: 8.4790e-01 | Train acc: 0.4799 ± 0.0000 | Valid acc: 0.4516 ± 0.0000 | Valid Power: 0.0008 | Train Power: 0.0008 | patience:   0 | lr: 0.1 | Epoch time: 0.1 |

2024-09-09 10:27:49,116 - INFO -
| Epoch:   1860 | Train loss: 9.0703e-01 | Valid loss: 8.4790e-01 | Train acc: 0.4799 ± 0.0000 | Valid acc: 0.4516 ± 0.0000 | Valid Power: 0.0008 | Train Power: 0.0008 | patience:   0 | lr: 0.1 | Epoch time: 0.1 |

2024-09-09 10:27:50,041 - INFO -
| Epoch:   1870 | Train loss: 9.0703e-01 | Valid loss: 8.4790e-01 | Train acc: 0.4799 ± 0.0000 | Valid acc: 0.4516 ± 0.0000 | Valid Power: 0.0008 | Train Power: 0.0008 | patience:   0 | lr: 0.1 | Epoch time: 0.1 |

2024-09-09 10:27:50,945 - INFO -
| Epoch:   1880 | Train loss: 9.0703e-01 | Valid loss: 8.4790e-01 | Train acc: 0.4799 ± 0.0000 | Valid acc: 0.4516 ± 0.0000 | Valid Power: 0.0008 | Train Power: 0.0008 | patience:   1 | lr: 0.1 | Epoch time: 0.1 |

2024-09-09 10:27:51,864 - INFO -
| Epoch:   1890 | Train loss: 9.0703e-01 | Valid loss: 8.4790e-01 | Train acc: 0.4799 ± 0.0000 | Valid acc: 0.4516 ± 0.0000 | Valid Power: 0.0008 | Train Power: 0.0008 | patience:   1 | lr: 0.1 | Epoch time: 0.1 |

2024-09-09 10:27:52,782 - INFO -
| Epoch:   1900 | Train loss: 9.0703e-01 | Valid loss: 8.4790e-01 | Train acc: 0.4799 ± 0.0000 | Valid acc: 0.4516 ± 0.0000 | Valid Power: 0.0008 | Train Power: 0.0008 | patience:   0 | lr: 0.1 | Epoch time: 0.1 |

2024-09-09 10:27:53,700 - INFO -
| Epoch:   1910 | Train loss: 9.0703e-01 | Valid loss: 8.4790e-01 | Train acc: 0.4799 ± 0.0000 | Valid acc: 0.4516 ± 0.0000 | Valid Power: 0.0008 | Train Power: 0.0008 | patience:   1 | lr: 0.1 | Epoch time: 0.1 |

2024-09-09 10:27:54,623 - INFO -
| Epoch:   1920 | Train loss: 9.0703e-01 | Valid loss: 8.4789e-01 | Train acc: 0.4799 ± 0.0000 | Valid acc: 0.4516 ± 0.0000 | Valid Power: 0.0008 | Train Power: 0.0008 | patience:   0 | lr: 0.1 | Epoch time: 0.1 |

2024-09-09 10:27:55,533 - INFO -
| Epoch:   1930 | Train loss: 9.0703e-01 | Valid loss: 8.4789e-01 | Train acc: 0.4799 ± 0.0000 | Valid acc: 0.4516 ± 0.0000 | Valid Power: 0.0008 | Train Power: 0.0008 | patience:   0 | lr: 0.1 | Epoch time: 0.1 |

2024-09-09 10:27:56,444 - INFO -
| Epoch:   1940 | Train loss: 9.0703e-01 | Valid loss: 8.4789e-01 | Train acc: 0.4799 ± 0.0000 | Valid acc: 0.4516 ± 0.0000 | Valid Power: 0.0008 | Train Power: 0.0008 | patience:   1 | lr: 0.1 | Epoch time: 0.1 |

2024-09-09 10:27:57,349 - INFO -
| Epoch:   1950 | Train loss: 9.0703e-01 | Valid loss: 8.4789e-01 | Train acc: 0.4799 ± 0.0000 | Valid acc: 0.4516 ± 0.0000 | Valid Power: 0.0008 | Train Power: 0.0008 | patience:   2 | lr: 0.1 | Epoch time: 0.1 |

2024-09-09 10:27:58,276 - INFO -
| Epoch:   1960 | Train loss: 9.0703e-01 | Valid loss: 8.4789e-01 | Train acc: 0.4799 ± 0.0000 | Valid acc: 0.4516 ± 0.0000 | Valid Power: 0.0008 | Train Power: 0.0008 | patience:   0 | lr: 0.1 | Epoch time: 0.1 |

2024-09-09 10:27:59,275 - INFO -
| Epoch:   1970 | Train loss: 9.0703e-01 | Valid loss: 8.4789e-01 | Train acc: 0.4799 ± 0.0000 | Valid acc: 0.4516 ± 0.0000 | Valid Power: 0.0008 | Train Power: 0.0008 | patience:   2 | lr: 0.1 | Epoch time: 0.1 |

2024-09-09 10:28:00,197 - INFO -
| Epoch:   1980 | Train loss: 9.0703e-01 | Valid loss: 8.4789e-01 | Train acc: 0.4799 ± 0.0000 | Valid acc: 0.4516 ± 0.0000 | Valid Power: 0.0008 | Train Power: 0.0008 | patience:   0 | lr: 0.1 | Epoch time: 0.1 |

2024-09-09 10:28:01,121 - INFO -
| Epoch:   1990 | Train loss: 9.0703e-01 | Valid loss: 8.4789e-01 | Train acc: 0.4799 ± 0.0000 | Valid acc: 0.4516 ± 0.0000 | Valid Power: 0.0008 | Train Power: 0.0008 | patience:   0 | lr: 0.1 | Epoch time: 0.1 |

2024-09-09 10:28:02,048 - INFO -
| Epoch:   2000 | Train loss: 9.0703e-01 | Valid loss: 8.4789e-01 | Train acc: 0.4799 ± 0.0000 | Valid acc: 0.4516 ± 0.0000 | Valid Power: 0.0008 | Train Power: 0.0008 | patience:   0 | lr: 0.1 | Epoch time: 0.1 |

2024-09-09 10:28:02,970 - INFO -
| Epoch:   2010 | Train loss: 9.0703e-01 | Valid loss: 8.4789e-01 | Train acc: 0.4799 ± 0.0000 | Valid acc: 0.4516 ± 0.0000 | Valid Power: 0.0008 | Train Power: 0.0008 | patience:   1 | lr: 0.1 | Epoch time: 0.1 |

2024-09-09 10:28:03,888 - INFO -
| Epoch:   2020 | Train loss: 9.0703e-01 | Valid loss: 8.4789e-01 | Train acc: 0.4799 ± 0.0000 | Valid acc: 0.4516 ± 0.0000 | Valid Power: 0.0008 | Train Power: 0.0008 | patience:   0 | lr: 0.1 | Epoch time: 0.1 |

2024-09-09 10:28:04,814 - INFO -
| Epoch:   2030 | Train loss: 9.0703e-01 | Valid loss: 8.4789e-01 | Train acc: 0.4799 ± 0.0000 | Valid acc: 0.4516 ± 0.0000 | Valid Power: 0.0008 | Train Power: 0.0008 | patience:   0 | lr: 0.1 | Epoch time: 0.1 |

2024-09-09 10:28:05,747 - INFO -
| Epoch:   2040 | Train loss: 9.0703e-01 | Valid loss: 8.4789e-01 | Train acc: 0.4799 ± 0.0000 | Valid acc: 0.4516 ± 0.0000 | Valid Power: 0.0008 | Train Power: 0.0008 | patience:   0 | lr: 0.1 | Epoch time: 0.1 |

2024-09-09 10:28:06,680 - INFO -
| Epoch:   2050 | Train loss: 9.0703e-01 | Valid loss: 8.4789e-01 | Train acc: 0.4799 ± 0.0000 | Valid acc: 0.4516 ± 0.0000 | Valid Power: 0.0008 | Train Power: 0.0008 | patience:   0 | lr: 0.1 | Epoch time: 0.1 |

2024-09-09 10:28:07,600 - INFO -
| Epoch:   2060 | Train loss: 9.0703e-01 | Valid loss: 8.4788e-01 | Train acc: 0.4799 ± 0.0000 | Valid acc: 0.4516 ± 0.0000 | Valid Power: 0.0008 | Train Power: 0.0008 | patience:   1 | lr: 0.1 | Epoch time: 0.1 |

2024-09-09 10:28:08,521 - INFO -
| Epoch:   2070 | Train loss: 9.0703e-01 | Valid loss: 8.4788e-01 | Train acc: 0.4799 ± 0.0000 | Valid acc: 0.4516 ± 0.0000 | Valid Power: 0.0008 | Train Power: 0.0008 | patience:   0 | lr: 0.1 | Epoch time: 0.1 |

2024-09-09 10:28:09,447 - INFO -
| Epoch:   2080 | Train loss: 9.0703e-01 | Valid loss: 8.4788e-01 | Train acc: 0.4799 ± 0.0000 | Valid acc: 0.4516 ± 0.0000 | Valid Power: 0.0008 | Train Power: 0.0008 | patience:   0 | lr: 0.1 | Epoch time: 0.1 |

2024-09-09 10:28:10,356 - INFO -
| Epoch:   2090 | Train loss: 9.0703e-01 | Valid loss: 8.4788e-01 | Train acc: 0.4799 ± 0.0000 | Valid acc: 0.4516 ± 0.0000 | Valid Power: 0.0008 | Train Power: 0.0008 | patience:   1 | lr: 0.1 | Epoch time: 0.1 |

2024-09-09 10:28:11,272 - INFO -
| Epoch:   2100 | Train loss: 9.0703e-01 | Valid loss: 8.4788e-01 | Train acc: 0.4799 ± 0.0000 | Valid acc: 0.4516 ± 0.0000 | Valid Power: 0.0008 | Train Power: 0.0008 | patience:   0 | lr: 0.1 | Epoch time: 0.1 |

2024-09-09 10:28:12,178 - INFO -
| Epoch:   2110 | Train loss: 9.0703e-01 | Valid loss: 8.4788e-01 | Train acc: 0.4799 ± 0.0000 | Valid acc: 0.4516 ± 0.0000 | Valid Power: 0.0008 | Train Power: 0.0008 | patience:   0 | lr: 0.1 | Epoch time: 0.1 |

2024-09-09 10:28:13,084 - INFO -
| Epoch:   2120 | Train loss: 9.0703e-01 | Valid loss: 8.4788e-01 | Train acc: 0.4799 ± 0.0000 | Valid acc: 0.4516 ± 0.0000 | Valid Power: 0.0008 | Train Power: 0.0008 | patience:   0 | lr: 0.1 | Epoch time: 0.1 |

2024-09-09 10:28:13,990 - INFO -
| Epoch:   2130 | Train loss: 9.0703e-01 | Valid loss: 8.4788e-01 | Train acc: 0.4799 ± 0.0000 | Valid acc: 0.4516 ± 0.0000 | Valid Power: 0.0008 | Train Power: 0.0008 | patience:   2 | lr: 0.1 | Epoch time: 0.1 |

2024-09-09 10:28:14,888 - INFO -
| Epoch:   2140 | Train loss: 9.0703e-01 | Valid loss: 8.4788e-01 | Train acc: 0.4799 ± 0.0000 | Valid acc: 0.4516 ± 0.0000 | Valid Power: 0.0008 | Train Power: 0.0008 | patience:   1 | lr: 0.1 | Epoch time: 0.1 |

2024-09-09 10:28:15,783 - INFO -
| Epoch:   2150 | Train loss: 9.0703e-01 | Valid loss: 8.4788e-01 | Train acc: 0.4799 ± 0.0000 | Valid acc: 0.4516 ± 0.0000 | Valid Power: 0.0008 | Train Power: 0.0008 | patience:   3 | lr: 0.1 | Epoch time: 0.1 |

2024-09-09 10:28:16,688 - INFO -
| Epoch:   2160 | Train loss: 9.0703e-01 | Valid loss: 8.4788e-01 | Train acc: 0.4799 ± 0.0000 | Valid acc: 0.4516 ± 0.0000 | Valid Power: 0.0008 | Train Power: 0.0008 | patience:   1 | lr: 0.1 | Epoch time: 0.1 |

2024-09-09 10:28:17,587 - INFO -
| Epoch:   2170 | Train loss: 9.0702e-01 | Valid loss: 8.4788e-01 | Train acc: 0.4799 ± 0.0000 | Valid acc: 0.4516 ± 0.0000 | Valid Power: 0.0008 | Train Power: 0.0008 | patience:   0 | lr: 0.1 | Epoch time: 0.1 |

2024-09-09 10:28:18,493 - INFO -
| Epoch:   2180 | Train loss: 9.0702e-01 | Valid loss: 8.4788e-01 | Train acc: 0.4799 ± 0.0000 | Valid acc: 0.4516 ± 0.0000 | Valid Power: 0.0008 | Train Power: 0.0008 | patience:   0 | lr: 0.1 | Epoch time: 0.1 |

2024-09-09 10:28:19,399 - INFO -
| Epoch:   2190 | Train loss: 9.0702e-01 | Valid loss: 8.4788e-01 | Train acc: 0.4799 ± 0.0000 | Valid acc: 0.4516 ± 0.0000 | Valid Power: 0.0008 | Train Power: 0.0008 | patience:   0 | lr: 0.1 | Epoch time: 0.1 |

2024-09-09 10:28:20,296 - INFO -
| Epoch:   2200 | Train loss: 9.0702e-01 | Valid loss: 8.4788e-01 | Train acc: 0.4799 ± 0.0000 | Valid acc: 0.4516 ± 0.0000 | Valid Power: 0.0008 | Train Power: 0.0008 | patience:   0 | lr: 0.1 | Epoch time: 0.1 |

2024-09-09 10:28:21,260 - INFO -
| Epoch:   2210 | Train loss: 9.0702e-01 | Valid loss: 8.4788e-01 | Train acc: 0.4799 ± 0.0000 | Valid acc: 0.4516 ± 0.0000 | Valid Power: 0.0008 | Train Power: 0.0008 | patience:   0 | lr: 0.1 | Epoch time: 0.1 |

2024-09-09 10:28:22,159 - INFO -
| Epoch:   2220 | Train loss: 9.0702e-01 | Valid loss: 8.4787e-01 | Train acc: 0.4799 ± 0.0000 | Valid acc: 0.4516 ± 0.0000 | Valid Power: 0.0008 | Train Power: 0.0008 | patience:   0 | lr: 0.1 | Epoch time: 0.1 |

2024-09-09 10:28:23,053 - INFO -
| Epoch:   2230 | Train loss: 9.0702e-01 | Valid loss: 8.4787e-01 | Train acc: 0.4799 ± 0.0000 | Valid acc: 0.4516 ± 0.0000 | Valid Power: 0.0008 | Train Power: 0.0008 | patience:   1 | lr: 0.1 | Epoch time: 0.1 |

2024-09-09 10:28:23,947 - INFO -
| Epoch:   2240 | Train loss: 9.0702e-01 | Valid loss: 8.4787e-01 | Train acc: 0.4799 ± 0.0000 | Valid acc: 0.4516 ± 0.0000 | Valid Power: 0.0008 | Train Power: 0.0008 | patience:   2 | lr: 0.1 | Epoch time: 0.1 |

2024-09-09 10:28:24,843 - INFO -
| Epoch:   2250 | Train loss: 9.0702e-01 | Valid loss: 8.4787e-01 | Train acc: 0.4799 ± 0.0000 | Valid acc: 0.4516 ± 0.0000 | Valid Power: 0.0008 | Train Power: 0.0008 | patience:   3 | lr: 0.1 | Epoch time: 0.1 |

2024-09-09 10:28:25,749 - INFO -
| Epoch:   2260 | Train loss: 9.0702e-01 | Valid loss: 8.4787e-01 | Train acc: 0.4799 ± 0.0000 | Valid acc: 0.4516 ± 0.0000 | Valid Power: 0.0008 | Train Power: 0.0008 | patience:   0 | lr: 0.1 | Epoch time: 0.1 |

2024-09-09 10:28:26,648 - INFO -
| Epoch:   2270 | Train loss: 9.0702e-01 | Valid loss: 8.4787e-01 | Train acc: 0.4799 ± 0.0000 | Valid acc: 0.4516 ± 0.0000 | Valid Power: 0.0008 | Train Power: 0.0008 | patience:   2 | lr: 0.1 | Epoch time: 0.1 |

2024-09-09 10:28:27,545 - INFO -
| Epoch:   2280 | Train loss: 9.0702e-01 | Valid loss: 8.4787e-01 | Train acc: 0.4799 ± 0.0000 | Valid acc: 0.4516 ± 0.0000 | Valid Power: 0.0008 | Train Power: 0.0008 | patience:   0 | lr: 0.1 | Epoch time: 0.1 |

2024-09-09 10:28:28,441 - INFO -
| Epoch:   2290 | Train loss: 9.0702e-01 | Valid loss: 8.4787e-01 | Train acc: 0.4799 ± 0.0000 | Valid acc: 0.4516 ± 0.0000 | Valid Power: 0.0008 | Train Power: 0.0008 | patience:   1 | lr: 0.1 | Epoch time: 0.1 |

2024-09-09 10:28:29,339 - INFO -
| Epoch:   2300 | Train loss: 9.0702e-01 | Valid loss: 8.4787e-01 | Train acc: 0.4799 ± 0.0000 | Valid acc: 0.4516 ± 0.0000 | Valid Power: 0.0008 | Train Power: 0.0008 | patience:   1 | lr: 0.1 | Epoch time: 0.1 |

2024-09-09 10:28:30,235 - INFO -
| Epoch:   2310 | Train loss: 9.0702e-01 | Valid loss: 8.4787e-01 | Train acc: 0.4799 ± 0.0000 | Valid acc: 0.4516 ± 0.0000 | Valid Power: 0.0008 | Train Power: 0.0008 | patience:   1 | lr: 0.1 | Epoch time: 0.1 |

2024-09-09 10:28:31,130 - INFO -
| Epoch:   2320 | Train loss: 9.0702e-01 | Valid loss: 8.4787e-01 | Train acc: 0.4799 ± 0.0000 | Valid acc: 0.4516 ± 0.0000 | Valid Power: 0.0008 | Train Power: 0.0008 | patience:   0 | lr: 0.1 | Epoch time: 0.1 |

2024-09-09 10:28:32,025 - INFO -
| Epoch:   2330 | Train loss: 9.0702e-01 | Valid loss: 8.4787e-01 | Train acc: 0.4799 ± 0.0000 | Valid acc: 0.4516 ± 0.0000 | Valid Power: 0.0008 | Train Power: 0.0008 | patience:   1 | lr: 0.1 | Epoch time: 0.1 |

2024-09-09 10:28:32,921 - INFO -
| Epoch:   2340 | Train loss: 9.0702e-01 | Valid loss: 8.4787e-01 | Train acc: 0.4799 ± 0.0000 | Valid acc: 0.4516 ± 0.0000 | Valid Power: 0.0008 | Train Power: 0.0008 | patience:   2 | lr: 0.1 | Epoch time: 0.1 |

2024-09-09 10:28:33,787 - INFO -
| Epoch:   2350 | Train loss: 9.0702e-01 | Valid loss: 8.4787e-01 | Train acc: 0.4799 ± 0.0000 | Valid acc: 0.4516 ± 0.0000 | Valid Power: 0.0008 | Train Power: 0.0008 | patience:   1 | lr: 0.1 | Epoch time: 0.1 |

2024-09-09 10:28:34,796 - INFO -
| Epoch:   2360 | Train loss: 9.0702e-01 | Valid loss: 8.4787e-01 | Train acc: 0.4799 ± 0.0000 | Valid acc: 0.4516 ± 0.0000 | Valid Power: 0.0008 | Train Power: 0.0008 | patience:   0 | lr: 0.1 | Epoch time: 0.1 |

2024-09-09 10:28:35,920 - INFO -
| Epoch:   2370 | Train loss: 9.0702e-01 | Valid loss: 8.4787e-01 | Train acc: 0.4799 ± 0.0000 | Valid acc: 0.4516 ± 0.0000 | Valid Power: 0.0008 | Train Power: 0.0008 | patience:   3 | lr: 0.1 | Epoch time: 0.1 |

2024-09-09 10:28:37,058 - INFO -
| Epoch:   2380 | Train loss: 9.0702e-01 | Valid loss: 8.4787e-01 | Train acc: 0.4799 ± 0.0000 | Valid acc: 0.4516 ± 0.0000 | Valid Power: 0.0008 | Train Power: 0.0008 | patience:   4 | lr: 0.1 | Epoch time: 0.1 |

2024-09-09 10:28:38,166 - INFO -
| Epoch:   2390 | Train loss: 9.0702e-01 | Valid loss: 8.4787e-01 | Train acc: 0.4799 ± 0.0000 | Valid acc: 0.4516 ± 0.0000 | Valid Power: 0.0008 | Train Power: 0.0008 | patience:  14 | lr: 0.1 | Epoch time: 0.1 |

2024-09-09 10:28:39,269 - INFO -
| Epoch:   2400 | Train loss: 9.0702e-01 | Valid loss: 8.4787e-01 | Train acc: 0.4799 ± 0.0000 | Valid acc: 0.4516 ± 0.0000 | Valid Power: 0.0008 | Train Power: 0.0008 | patience:  24 | lr: 0.1 | Epoch time: 0.1 |

2024-09-09 10:28:40,271 - INFO -
| Epoch:   2410 | Train loss: 9.0702e-01 | Valid loss: 8.4787e-01 | Train acc: 0.4799 ± 0.0000 | Valid acc: 0.4516 ± 0.0000 | Valid Power: 0.0008 | Train Power: 0.0008 | patience:  34 | lr: 0.1 | Epoch time: 0.1 |

2024-09-09 10:28:41,078 - INFO -
| Epoch:   2420 | Train loss: 9.0702e-01 | Valid loss: 8.4787e-01 | Train acc: 0.4799 ± 0.0000 | Valid acc: 0.4516 ± 0.0000 | Valid Power: 0.0008 | Train Power: 0.0008 | patience:  44 | lr: 0.1 | Epoch time: 0.1 |

2024-09-09 10:28:41,876 - INFO -
| Epoch:   2430 | Train loss: 9.0702e-01 | Valid loss: 8.4787e-01 | Train acc: 0.4799 ± 0.0000 | Valid acc: 0.4516 ± 0.0000 | Valid Power: 0.0008 | Train Power: 0.0008 | patience:  54 | lr: 0.1 | Epoch time: 0.1 |

2024-09-09 10:28:42,676 - INFO -
| Epoch:   2440 | Train loss: 9.0702e-01 | Valid loss: 8.4787e-01 | Train acc: 0.4799 ± 0.0000 | Valid acc: 0.4516 ± 0.0000 | Valid Power: 0.0008 | Train Power: 0.0008 | patience:  64 | lr: 0.1 | Epoch time: 0.1 |

2024-09-09 10:28:43,471 - INFO -
| Epoch:   2450 | Train loss: 9.0702e-01 | Valid loss: 8.4787e-01 | Train acc: 0.4799 ± 0.0000 | Valid acc: 0.4516 ± 0.0000 | Valid Power: 0.0008 | Train Power: 0.0008 | patience:  74 | lr: 0.1 | Epoch time: 0.1 |

2024-09-09 10:28:44,266 - INFO -
| Epoch:   2460 | Train loss: 9.0702e-01 | Valid loss: 8.4787e-01 | Train acc: 0.4799 ± 0.0000 | Valid acc: 0.4516 ± 0.0000 | Valid Power: 0.0008 | Train Power: 0.0008 | patience:  84 | lr: 0.1 | Epoch time: 0.1 |

2024-09-09 10:28:45,087 - INFO -
| Epoch:   2470 | Train loss: 9.0702e-01 | Valid loss: 8.4788e-01 | Train acc: 0.4799 ± 0.0000 | Valid acc: 0.4516 ± 0.0000 | Valid Power: 0.0008 | Train Power: 0.0008 | patience:  94 | lr: 0.1 | Epoch time: 0.1 |

2024-09-09 10:28:45,632 - INFO -
load best network to warm start training with lower lr.

2024-09-09 10:28:45,632 - INFO -
lr update to 0.05.

2024-09-09 10:28:45,866 - INFO -
| Epoch:   2480 | Train loss: 9.0703e-01 | Valid loss: 8.4796e-01 | Train acc: 0.4799 ± 0.0000 | Valid acc: 0.4516 ± 0.0000 | Valid Power: 0.0008 | Train Power: 0.0008 | patience:   2 | lr: 0.05 | Epoch time: 0.1 |

2024-09-09 10:28:46,647 - INFO -
| Epoch:   2490 | Train loss: 9.0679e-01 | Valid loss: 8.4810e-01 | Train acc: 0.4799 ± 0.0000 | Valid acc: 0.4516 ± 0.0000 | Valid Power: 0.0008 | Train Power: 0.0008 | patience:   8 | lr: 0.05 | Epoch time: 0.1 |

2024-09-09 10:28:47,435 - INFO -
| Epoch:   2500 | Train loss: 8.9988e-01 | Valid loss: 8.4554e-01 | Train acc: 0.4799 ± 0.0000 | Valid acc: 0.4516 ± 0.0000 | Valid Power: 0.0008 | Train Power: 0.0008 | patience:   0 | lr: 0.05 | Epoch time: 0.1 |

2024-09-09 10:28:48,227 - INFO -
| Epoch:   2510 | Train loss: 8.7556e-01 | Valid loss: 8.2944e-01 | Train acc: 0.4799 ± 0.0000 | Valid acc: 0.4516 ± 0.0000 | Valid Power: 0.0008 | Train Power: 0.0008 | patience:   0 | lr: 0.05 | Epoch time: 0.1 |

2024-09-09 10:28:49,039 - INFO -
| Epoch:   2520 | Train loss: 8.4595e-01 | Valid loss: 8.0269e-01 | Train acc: 0.4799 ± 0.0000 | Valid acc: 0.4516 ± 0.0000 | Valid Power: 0.0008 | Train Power: 0.0008 | patience:   0 | lr: 0.05 | Epoch time: 0.1 |

2024-09-09 10:28:49,850 - INFO -
| Epoch:   2530 | Train loss: 8.2124e-01 | Valid loss: 7.7489e-01 | Train acc: 0.6944 ± 0.0000 | Valid acc: 0.7016 ± 0.0000 | Valid Power: 0.0008 | Train Power: 0.0008 | patience:   0 | lr: 0.05 | Epoch time: 0.1 |

2024-09-09 10:28:50,642 - INFO -
| Epoch:   2540 | Train loss: 8.0746e-01 | Valid loss: 7.6447e-01 | Train acc: 0.6971 ± 0.0000 | Valid acc: 0.7097 ± 0.0000 | Valid Power: 0.0008 | Train Power: 0.0008 | patience:   0 | lr: 0.05 | Epoch time: 0.1 |

2024-09-09 10:28:51,415 - INFO -
| Epoch:   2550 | Train loss: 8.0528e-01 | Valid loss: 7.6586e-01 | Train acc: 0.6971 ± 0.0000 | Valid acc: 0.7097 ± 0.0000 | Valid Power: 0.0008 | Train Power: 0.0008 | patience:   9 | lr: 0.05 | Epoch time: 0.1 |

2024-09-09 10:28:52,194 - INFO -
| Epoch:   2560 | Train loss: 8.0414e-01 | Valid loss: 7.6903e-01 | Train acc: 0.6971 ± 0.0000 | Valid acc: 0.7097 ± 0.0000 | Valid Power: 0.0008 | Train Power: 0.0008 | patience:  19 | lr: 0.05 | Epoch time: 0.1 |

2024-09-09 10:28:52,973 - INFO -
| Epoch:   2570 | Train loss: 8.0366e-01 | Valid loss: 7.6740e-01 | Train acc: 0.6971 ± 0.0000 | Valid acc: 0.7097 ± 0.0000 | Valid Power: 0.0008 | Train Power: 0.0008 | patience:  29 | lr: 0.05 | Epoch time: 0.1 |

2024-09-09 10:28:53,753 - INFO -
| Epoch:   2580 | Train loss: 8.0338e-01 | Valid loss: 7.6818e-01 | Train acc: 0.6971 ± 0.0000 | Valid acc: 0.7097 ± 0.0000 | Valid Power: 0.0008 | Train Power: 0.0008 | patience:  39 | lr: 0.05 | Epoch time: 0.1 |

2024-09-09 10:28:54,529 - INFO -
| Epoch:   2590 | Train loss: 8.0320e-01 | Valid loss: 7.6747e-01 | Train acc: 0.6971 ± 0.0000 | Valid acc: 0.7097 ± 0.0000 | Valid Power: 0.0008 | Train Power: 0.0008 | patience:  49 | lr: 0.05 | Epoch time: 0.1 |

2024-09-09 10:28:55,397 - INFO -
| Epoch:   2600 | Train loss: 8.0306e-01 | Valid loss: 7.6787e-01 | Train acc: 0.6971 ± 0.0000 | Valid acc: 0.7097 ± 0.0000 | Valid Power: 0.0008 | Train Power: 0.0008 | patience:  59 | lr: 0.05 | Epoch time: 0.1 |

2024-09-09 10:28:56,165 - INFO -
| Epoch:   2610 | Train loss: 8.0295e-01 | Valid loss: 7.6779e-01 | Train acc: 0.6971 ± 0.0000 | Valid acc: 0.7097 ± 0.0000 | Valid Power: 0.0008 | Train Power: 0.0008 | patience:  69 | lr: 0.05 | Epoch time: 0.1 |

2024-09-09 10:28:56,932 - INFO -
| Epoch:   2620 | Train loss: 8.0284e-01 | Valid loss: 7.6766e-01 | Train acc: 0.6971 ± 0.0000 | Valid acc: 0.7097 ± 0.0000 | Valid Power: 0.0008 | Train Power: 0.0008 | patience:  79 | lr: 0.05 | Epoch time: 0.1 |

2024-09-09 10:28:57,700 - INFO -
| Epoch:   2630 | Train loss: 8.0274e-01 | Valid loss: 7.6771e-01 | Train acc: 0.6971 ± 0.0000 | Valid acc: 0.7097 ± 0.0000 | Valid Power: 0.0008 | Train Power: 0.0008 | patience:  89 | lr: 0.05 | Epoch time: 0.1 |

2024-09-09 10:28:58,469 - INFO -
| Epoch:   2640 | Train loss: 8.0265e-01 | Valid loss: 7.6763e-01 | Train acc: 0.6971 ± 0.0000 | Valid acc: 0.7097 ± 0.0000 | Valid Power: 0.0008 | Train Power: 0.0008 | patience:  99 | lr: 0.05 | Epoch time: 0.1 |

2024-09-09 10:28:58,626 - INFO -
load best network to warm start training with lower lr.

2024-09-09 10:28:58,626 - INFO -
lr update to 0.025.

2024-09-09 10:28:59,241 - INFO -
| Epoch:   2650 | Train loss: 8.0510e-01 | Valid loss: 7.7048e-01 | Train acc: 0.6971 ± 0.0000 | Valid acc: 0.7097 ± 0.0000 | Valid Power: 0.0008 | Train Power: 0.0008 | patience:   8 | lr: 0.025 | Epoch time: 0.1 |

2024-09-09 10:29:00,012 - INFO -
| Epoch:   2660 | Train loss: 8.0424e-01 | Valid loss: 7.6923e-01 | Train acc: 0.6971 ± 0.0000 | Valid acc: 0.7097 ± 0.0000 | Valid Power: 0.0008 | Train Power: 0.0008 | patience:  18 | lr: 0.025 | Epoch time: 0.1 |

2024-09-09 10:29:00,786 - INFO -
| Epoch:   2670 | Train loss: 8.0369e-01 | Valid loss: 7.6834e-01 | Train acc: 0.6971 ± 0.0000 | Valid acc: 0.7097 ± 0.0000 | Valid Power: 0.0008 | Train Power: 0.0008 | patience:  28 | lr: 0.025 | Epoch time: 0.1 |

2024-09-09 10:29:01,567 - INFO -
| Epoch:   2680 | Train loss: 8.0338e-01 | Valid loss: 7.6768e-01 | Train acc: 0.6971 ± 0.0000 | Valid acc: 0.7097 ± 0.0000 | Valid Power: 0.0008 | Train Power: 0.0008 | patience:  38 | lr: 0.025 | Epoch time: 0.1 |

2024-09-09 10:29:02,340 - INFO -
| Epoch:   2690 | Train loss: 8.0318e-01 | Valid loss: 7.6759e-01 | Train acc: 0.6971 ± 0.0000 | Valid acc: 0.7097 ± 0.0000 | Valid Power: 0.0008 | Train Power: 0.0008 | patience:  48 | lr: 0.025 | Epoch time: 0.1 |

2024-09-09 10:29:03,114 - INFO -
| Epoch:   2700 | Train loss: 8.0304e-01 | Valid loss: 7.6766e-01 | Train acc: 0.6971 ± 0.0000 | Valid acc: 0.7097 ± 0.0000 | Valid Power: 0.0008 | Train Power: 0.0008 | patience:  58 | lr: 0.025 | Epoch time: 0.1 |

2024-09-09 10:29:03,887 - INFO -
| Epoch:   2710 | Train loss: 8.0293e-01 | Valid loss: 7.6788e-01 | Train acc: 0.6971 ± 0.0000 | Valid acc: 0.7097 ± 0.0000 | Valid Power: 0.0008 | Train Power: 0.0008 | patience:  68 | lr: 0.025 | Epoch time: 0.1 |

2024-09-09 10:29:04,662 - INFO -
| Epoch:   2720 | Train loss: 8.0284e-01 | Valid loss: 7.6778e-01 | Train acc: 0.6971 ± 0.0000 | Valid acc: 0.7097 ± 0.0000 | Valid Power: 0.0008 | Train Power: 0.0008 | patience:  78 | lr: 0.025 | Epoch time: 0.1 |

2024-09-09 10:29:05,438 - INFO -
| Epoch:   2730 | Train loss: 8.0276e-01 | Valid loss: 7.6766e-01 | Train acc: 0.6971 ± 0.0000 | Valid acc: 0.7097 ± 0.0000 | Valid Power: 0.0008 | Train Power: 0.0008 | patience:  88 | lr: 0.025 | Epoch time: 0.1 |

2024-09-09 10:29:06,295 - INFO -
| Epoch:   2740 | Train loss: 8.0268e-01 | Valid loss: 7.6770e-01 | Train acc: 0.6971 ± 0.0000 | Valid acc: 0.7097 ± 0.0000 | Valid Power: 0.0008 | Train Power: 0.0008 | patience:  98 | lr: 0.025 | Epoch time: 0.1 |

2024-09-09 10:29:06,530 - INFO -
load best network to warm start training with lower lr.

2024-09-09 10:29:06,530 - INFO -
lr update to 0.0125.

2024-09-09 10:29:07,073 - INFO -
| Epoch:   2750 | Train loss: 8.0559e-01 | Valid loss: 7.6624e-01 | Train acc: 0.6971 ± 0.0000 | Valid acc: 0.7097 ± 0.0000 | Valid Power: 0.0008 | Train Power: 0.0008 | patience:   7 | lr: 0.0125 | Epoch time: 0.1 |

2024-09-09 10:29:07,850 - INFO -
| Epoch:   2760 | Train loss: 8.0488e-01 | Valid loss: 7.6717e-01 | Train acc: 0.6971 ± 0.0000 | Valid acc: 0.7097 ± 0.0000 | Valid Power: 0.0008 | Train Power: 0.0008 | patience:  17 | lr: 0.0125 | Epoch time: 0.1 |

2024-09-09 10:29:08,623 - INFO -
| Epoch:   2770 | Train loss: 8.0441e-01 | Valid loss: 7.6799e-01 | Train acc: 0.6971 ± 0.0000 | Valid acc: 0.7097 ± 0.0000 | Valid Power: 0.0008 | Train Power: 0.0008 | patience:  27 | lr: 0.0125 | Epoch time: 0.1 |

2024-09-09 10:29:09,399 - INFO -
| Epoch:   2780 | Train loss: 8.0405e-01 | Valid loss: 7.6754e-01 | Train acc: 0.6971 ± 0.0000 | Valid acc: 0.7097 ± 0.0000 | Valid Power: 0.0008 | Train Power: 0.0008 | patience:  37 | lr: 0.0125 | Epoch time: 0.1 |

2024-09-09 10:29:10,173 - INFO -
| Epoch:   2790 | Train loss: 8.0379e-01 | Valid loss: 7.6754e-01 | Train acc: 0.6971 ± 0.0000 | Valid acc: 0.7097 ± 0.0000 | Valid Power: 0.0008 | Train Power: 0.0008 | patience:  47 | lr: 0.0125 | Epoch time: 0.1 |

2024-09-09 10:29:10,949 - INFO -
| Epoch:   2800 | Train loss: 8.0359e-01 | Valid loss: 7.6757e-01 | Train acc: 0.6971 ± 0.0000 | Valid acc: 0.7097 ± 0.0000 | Valid Power: 0.0008 | Train Power: 0.0008 | patience:  57 | lr: 0.0125 | Epoch time: 0.1 |

2024-09-09 10:29:11,722 - INFO -
| Epoch:   2810 | Train loss: 8.0343e-01 | Valid loss: 7.6752e-01 | Train acc: 0.6971 ± 0.0000 | Valid acc: 0.7097 ± 0.0000 | Valid Power: 0.0008 | Train Power: 0.0008 | patience:  67 | lr: 0.0125 | Epoch time: 0.1 |

2024-09-09 10:29:12,496 - INFO -
| Epoch:   2820 | Train loss: 8.0330e-01 | Valid loss: 7.6758e-01 | Train acc: 0.6971 ± 0.0000 | Valid acc: 0.7097 ± 0.0000 | Valid Power: 0.0008 | Train Power: 0.0008 | patience:  77 | lr: 0.0125 | Epoch time: 0.1 |

2024-09-09 10:29:13,271 - INFO -
| Epoch:   2830 | Train loss: 8.0319e-01 | Valid loss: 7.6762e-01 | Train acc: 0.6971 ± 0.0000 | Valid acc: 0.7097 ± 0.0000 | Valid Power: 0.0008 | Train Power: 0.0008 | patience:  87 | lr: 0.0125 | Epoch time: 0.1 |

2024-09-09 10:29:14,044 - INFO -
| Epoch:   2840 | Train loss: 8.0309e-01 | Valid loss: 7.6761e-01 | Train acc: 0.6971 ± 0.0000 | Valid acc: 0.7097 ± 0.0000 | Valid Power: 0.0008 | Train Power: 0.0008 | patience:  97 | lr: 0.0125 | Epoch time: 0.1 |

2024-09-09 10:29:14,355 - INFO -
load best network to warm start training with lower lr.

2024-09-09 10:29:14,355 - INFO -
lr update to 0.00625.

2024-09-09 10:29:14,823 - INFO -
| Epoch:   2850 | Train loss: 8.0586e-01 | Valid loss: 7.6649e-01 | Train acc: 0.6971 ± 0.0000 | Valid acc: 0.7097 ± 0.0000 | Valid Power: 0.0008 | Train Power: 0.0008 | patience:   6 | lr: 0.00625 | Epoch time: 0.1 |

2024-09-09 10:29:15,595 - INFO -
| Epoch:   2860 | Train loss: 8.0541e-01 | Valid loss: 7.6730e-01 | Train acc: 0.6971 ± 0.0000 | Valid acc: 0.7097 ± 0.0000 | Valid Power: 0.0008 | Train Power: 0.0008 | patience:  16 | lr: 0.00625 | Epoch time: 0.1 |

2024-09-09 10:29:16,368 - INFO -
| Epoch:   2870 | Train loss: 8.0506e-01 | Valid loss: 7.6733e-01 | Train acc: 0.6971 ± 0.0000 | Valid acc: 0.7097 ± 0.0000 | Valid Power: 0.0008 | Train Power: 0.0008 | patience:  26 | lr: 0.00625 | Epoch time: 0.1 |

2024-09-09 10:29:17,141 - INFO -
| Epoch:   2880 | Train loss: 8.0478e-01 | Valid loss: 7.6758e-01 | Train acc: 0.6971 ± 0.0000 | Valid acc: 0.7097 ± 0.0000 | Valid Power: 0.0008 | Train Power: 0.0008 | patience:  36 | lr: 0.00625 | Epoch time: 0.1 |

2024-09-09 10:29:17,915 - INFO -
| Epoch:   2890 | Train loss: 8.0455e-01 | Valid loss: 7.6741e-01 | Train acc: 0.6971 ± 0.0000 | Valid acc: 0.7097 ± 0.0000 | Valid Power: 0.0008 | Train Power: 0.0008 | patience:  46 | lr: 0.00625 | Epoch time: 0.1 |

2024-09-09 10:29:18,687 - INFO -
| Epoch:   2900 | Train loss: 8.0435e-01 | Valid loss: 7.6744e-01 | Train acc: 0.6971 ± 0.0000 | Valid acc: 0.7097 ± 0.0000 | Valid Power: 0.0008 | Train Power: 0.0008 | patience:  56 | lr: 0.00625 | Epoch time: 0.1 |

2024-09-09 10:29:19,460 - INFO -
| Epoch:   2910 | Train loss: 8.0417e-01 | Valid loss: 7.6732e-01 | Train acc: 0.6971 ± 0.0000 | Valid acc: 0.7097 ± 0.0000 | Valid Power: 0.0008 | Train Power: 0.0008 | patience:  66 | lr: 0.00625 | Epoch time: 0.1 |

2024-09-09 10:29:20,232 - INFO -
| Epoch:   2920 | Train loss: 8.0402e-01 | Valid loss: 7.6737e-01 | Train acc: 0.6971 ± 0.0000 | Valid acc: 0.7097 ± 0.0000 | Valid Power: 0.0008 | Train Power: 0.0008 | patience:  76 | lr: 0.00625 | Epoch time: 0.1 |

2024-09-09 10:29:21,007 - INFO -
| Epoch:   2930 | Train loss: 8.0389e-01 | Valid loss: 7.6739e-01 | Train acc: 0.6971 ± 0.0000 | Valid acc: 0.7097 ± 0.0000 | Valid Power: 0.0008 | Train Power: 0.0008 | patience:  86 | lr: 0.00625 | Epoch time: 0.1 |

2024-09-09 10:29:21,780 - INFO -
| Epoch:   2940 | Train loss: 8.0378e-01 | Valid loss: 7.6744e-01 | Train acc: 0.6971 ± 0.0000 | Valid acc: 0.7097 ± 0.0000 | Valid Power: 0.0008 | Train Power: 0.0008 | patience:  96 | lr: 0.00625 | Epoch time: 0.1 |

2024-09-09 10:29:22,169 - INFO -
load best network to warm start training with lower lr.

2024-09-09 10:29:22,170 - INFO -
lr update to 0.003125.

2024-09-09 10:29:22,555 - INFO -
| Epoch:   2950 | Train loss: 8.0603e-01 | Valid loss: 7.6622e-01 | Train acc: 0.6971 ± 0.0000 | Valid acc: 0.7097 ± 0.0000 | Valid Power: 0.0008 | Train Power: 0.0008 | patience:   5 | lr: 0.003125 | Epoch time: 0.1 |

2024-09-09 10:29:23,327 - INFO -
| Epoch:   2960 | Train loss: 8.0576e-01 | Valid loss: 7.6602e-01 | Train acc: 0.6971 ± 0.0000 | Valid acc: 0.7097 ± 0.0000 | Valid Power: 0.0008 | Train Power: 0.0008 | patience:  15 | lr: 0.003125 | Epoch time: 0.1 |

2024-09-09 10:29:24,094 - INFO -
| Epoch:   2970 | Train loss: 8.0553e-01 | Valid loss: 7.6678e-01 | Train acc: 0.6971 ± 0.0000 | Valid acc: 0.7097 ± 0.0000 | Valid Power: 0.0008 | Train Power: 0.0008 | patience:  25 | lr: 0.003125 | Epoch time: 0.1 |

2024-09-09 10:29:24,928 - INFO -
| Epoch:   2980 | Train loss: 8.0533e-01 | Valid loss: 7.6653e-01 | Train acc: 0.6971 ± 0.0000 | Valid acc: 0.7097 ± 0.0000 | Valid Power: 0.0008 | Train Power: 0.0008 | patience:  35 | lr: 0.003125 | Epoch time: 0.1 |

2024-09-09 10:29:25,702 - INFO -
| Epoch:   2990 | Train loss: 8.0515e-01 | Valid loss: 7.6704e-01 | Train acc: 0.6971 ± 0.0000 | Valid acc: 0.7097 ± 0.0000 | Valid Power: 0.0008 | Train Power: 0.0008 | patience:  45 | lr: 0.003125 | Epoch time: 0.1 |

2024-09-09 10:29:26,472 - INFO -
| Epoch:   3000 | Train loss: 8.0500e-01 | Valid loss: 7.6727e-01 | Train acc: 0.6971 ± 0.0000 | Valid acc: 0.7097 ± 0.0000 | Valid Power: 0.0008 | Train Power: 0.0008 | patience:  55 | lr: 0.003125 | Epoch time: 0.1 |

2024-09-09 10:29:27,246 - INFO -
| Epoch:   3010 | Train loss: 8.0486e-01 | Valid loss: 7.6726e-01 | Train acc: 0.6971 ± 0.0000 | Valid acc: 0.7097 ± 0.0000 | Valid Power: 0.0008 | Train Power: 0.0008 | patience:  65 | lr: 0.003125 | Epoch time: 0.1 |

2024-09-09 10:29:28,021 - INFO -
| Epoch:   3020 | Train loss: 8.0473e-01 | Valid loss: 7.6738e-01 | Train acc: 0.6971 ± 0.0000 | Valid acc: 0.7097 ± 0.0000 | Valid Power: 0.0008 | Train Power: 0.0008 | patience:  75 | lr: 0.003125 | Epoch time: 0.1 |

2024-09-09 10:29:28,795 - INFO -
| Epoch:   3030 | Train loss: 8.0462e-01 | Valid loss: 7.6742e-01 | Train acc: 0.6971 ± 0.0000 | Valid acc: 0.7097 ± 0.0000 | Valid Power: 0.0008 | Train Power: 0.0008 | patience:  85 | lr: 0.003125 | Epoch time: 0.1 |

2024-09-09 10:29:29,572 - INFO -
| Epoch:   3040 | Train loss: 8.0451e-01 | Valid loss: 7.6741e-01 | Train acc: 0.6971 ± 0.0000 | Valid acc: 0.7097 ± 0.0000 | Valid Power: 0.0008 | Train Power: 0.0008 | patience:  95 | lr: 0.003125 | Epoch time: 0.1 |

2024-09-09 10:29:30,037 - INFO -
load best network to warm start training with lower lr.

2024-09-09 10:29:30,037 - INFO -
lr update to 0.0015625.

2024-09-09 10:29:30,347 - INFO -
| Epoch:   3050 | Train loss: 8.0613e-01 | Valid loss: 7.6465e-01 | Train acc: 0.6971 ± 0.0000 | Valid acc: 0.7097 ± 0.0000 | Valid Power: 0.0008 | Train Power: 0.0008 | patience:   4 | lr: 0.0015625 | Epoch time: 0.1 |

2024-09-09 10:29:31,122 - INFO -
| Epoch:   3060 | Train loss: 8.0594e-01 | Valid loss: 7.6623e-01 | Train acc: 0.6971 ± 0.0000 | Valid acc: 0.7097 ± 0.0000 | Valid Power: 0.0008 | Train Power: 0.0008 | patience:  14 | lr: 0.0015625 | Epoch time: 0.1 |

2024-09-09 10:29:31,894 - INFO -
| Epoch:   3070 | Train loss: 8.0581e-01 | Valid loss: 7.6605e-01 | Train acc: 0.6971 ± 0.0000 | Valid acc: 0.7097 ± 0.0000 | Valid Power: 0.0008 | Train Power: 0.0008 | patience:  24 | lr: 0.0015625 | Epoch time: 0.1 |

2024-09-09 10:29:32,668 - INFO -
| Epoch:   3080 | Train loss: 8.0569e-01 | Valid loss: 7.6644e-01 | Train acc: 0.6971 ± 0.0000 | Valid acc: 0.7097 ± 0.0000 | Valid Power: 0.0008 | Train Power: 0.0008 | patience:  34 | lr: 0.0015625 | Epoch time: 0.1 |

2024-09-09 10:29:33,448 - INFO -
| Epoch:   3090 | Train loss: 8.0557e-01 | Valid loss: 7.6630e-01 | Train acc: 0.6971 ± 0.0000 | Valid acc: 0.7097 ± 0.0000 | Valid Power: 0.0008 | Train Power: 0.0008 | patience:  44 | lr: 0.0015625 | Epoch time: 0.1 |

2024-09-09 10:29:34,215 - INFO -
| Epoch:   3100 | Train loss: 8.0547e-01 | Valid loss: 7.6643e-01 | Train acc: 0.6971 ± 0.0000 | Valid acc: 0.7097 ± 0.0000 | Valid Power: 0.0008 | Train Power: 0.0008 | patience:  54 | lr: 0.0015625 | Epoch time: 0.1 |

2024-09-09 10:29:34,984 - INFO -
| Epoch:   3110 | Train loss: 8.0537e-01 | Valid loss: 7.6666e-01 | Train acc: 0.6971 ± 0.0000 | Valid acc: 0.7097 ± 0.0000 | Valid Power: 0.0008 | Train Power: 0.0008 | patience:  64 | lr: 0.0015625 | Epoch time: 0.1 |

2024-09-09 10:29:35,754 - INFO -
| Epoch:   3120 | Train loss: 8.0528e-01 | Valid loss: 7.6676e-01 | Train acc: 0.6971 ± 0.0000 | Valid acc: 0.7097 ± 0.0000 | Valid Power: 0.0008 | Train Power: 0.0008 | patience:  74 | lr: 0.0015625 | Epoch time: 0.1 |

2024-09-09 10:29:36,607 - INFO -
| Epoch:   3130 | Train loss: 8.0519e-01 | Valid loss: 7.6686e-01 | Train acc: 0.6971 ± 0.0000 | Valid acc: 0.7097 ± 0.0000 | Valid Power: 0.0008 | Train Power: 0.0008 | patience:  84 | lr: 0.0015625 | Epoch time: 0.1 |

2024-09-09 10:29:37,379 - INFO -
| Epoch:   3140 | Train loss: 8.0511e-01 | Valid loss: 7.6695e-01 | Train acc: 0.6971 ± 0.0000 | Valid acc: 0.7097 ± 0.0000 | Valid Power: 0.0008 | Train Power: 0.0008 | patience:  94 | lr: 0.0015625 | Epoch time: 0.1 |

2024-09-09 10:29:37,920 - INFO -
load best network to warm start training with lower lr.

2024-09-09 10:29:37,920 - INFO -
lr update to 0.00078125.

2024-09-09 10:29:38,151 - INFO -
| Epoch:   3150 | Train loss: 8.0620e-01 | Valid loss: 7.6370e-01 | Train acc: 0.6971 ± 0.0000 | Valid acc: 0.7097 ± 0.0000 | Valid Power: 0.0008 | Train Power: 0.0008 | patience:   3 | lr: 0.00078125 | Epoch time: 0.1 |

2024-09-09 10:29:38,921 - INFO -
| Epoch:   3160 | Train loss: 8.0606e-01 | Valid loss: 7.6528e-01 | Train acc: 0.6971 ± 0.0000 | Valid acc: 0.7097 ± 0.0000 | Valid Power: 0.0008 | Train Power: 0.0008 | patience:  13 | lr: 0.00078125 | Epoch time: 0.1 |

2024-09-09 10:29:39,691 - INFO -
| Epoch:   3170 | Train loss: 8.0596e-01 | Valid loss: 7.6583e-01 | Train acc: 0.6971 ± 0.0000 | Valid acc: 0.7097 ± 0.0000 | Valid Power: 0.0008 | Train Power: 0.0008 | patience:  23 | lr: 0.00078125 | Epoch time: 0.1 |

2024-09-09 10:29:40,459 - INFO -
| Epoch:   3180 | Train loss: 8.0589e-01 | Valid loss: 7.6590e-01 | Train acc: 0.6971 ± 0.0000 | Valid acc: 0.7097 ± 0.0000 | Valid Power: 0.0008 | Train Power: 0.0008 | patience:  33 | lr: 0.00078125 | Epoch time: 0.1 |

2024-09-09 10:29:41,231 - INFO -
| Epoch:   3190 | Train loss: 8.0583e-01 | Valid loss: 7.6606e-01 | Train acc: 0.6971 ± 0.0000 | Valid acc: 0.7097 ± 0.0000 | Valid Power: 0.0008 | Train Power: 0.0008 | patience:  43 | lr: 0.00078125 | Epoch time: 0.1 |

2024-09-09 10:29:41,999 - INFO -
| Epoch:   3200 | Train loss: 8.0577e-01 | Valid loss: 7.6621e-01 | Train acc: 0.6971 ± 0.0000 | Valid acc: 0.7097 ± 0.0000 | Valid Power: 0.0008 | Train Power: 0.0008 | patience:  53 | lr: 0.00078125 | Epoch time: 0.1 |

2024-09-09 10:29:42,772 - INFO -
| Epoch:   3210 | Train loss: 8.0571e-01 | Valid loss: 7.6619e-01 | Train acc: 0.6971 ± 0.0000 | Valid acc: 0.7097 ± 0.0000 | Valid Power: 0.0008 | Train Power: 0.0008 | patience:  63 | lr: 0.00078125 | Epoch time: 0.1 |

2024-09-09 10:29:43,542 - INFO -
| Epoch:   3220 | Train loss: 8.0565e-01 | Valid loss: 7.6618e-01 | Train acc: 0.6971 ± 0.0000 | Valid acc: 0.7097 ± 0.0000 | Valid Power: 0.0008 | Train Power: 0.0008 | patience:  73 | lr: 0.00078125 | Epoch time: 0.1 |

2024-09-09 10:29:44,313 - INFO -
| Epoch:   3230 | Train loss: 8.0559e-01 | Valid loss: 7.6628e-01 | Train acc: 0.6971 ± 0.0000 | Valid acc: 0.7097 ± 0.0000 | Valid Power: 0.0008 | Train Power: 0.0008 | patience:  83 | lr: 0.00078125 | Epoch time: 0.1 |

2024-09-09 10:29:45,083 - INFO -
| Epoch:   3240 | Train loss: 8.0554e-01 | Valid loss: 7.6636e-01 | Train acc: 0.6971 ± 0.0000 | Valid acc: 0.7097 ± 0.0000 | Valid Power: 0.0008 | Train Power: 0.0008 | patience:  93 | lr: 0.00078125 | Epoch time: 0.1 |

2024-09-09 10:29:45,703 - INFO -
load best network to warm start training with lower lr.

2024-09-09 10:29:45,703 - INFO -
lr update to 0.000390625.

2024-09-09 10:29:45,859 - INFO -
| Epoch:   3250 | Train loss: 8.0624e-01 | Valid loss: 7.6331e-01 | Train acc: 0.6971 ± 0.0000 | Valid acc: 0.7097 ± 0.0000 | Valid Power: 0.0008 | Train Power: 0.0008 | patience:   2 | lr: 0.000390625 | Epoch time: 0.1 |

2024-09-09 10:29:46,628 - INFO -
| Epoch:   3260 | Train loss: 8.0613e-01 | Valid loss: 7.6426e-01 | Train acc: 0.6971 ± 0.0000 | Valid acc: 0.7097 ± 0.0000 | Valid Power: 0.0008 | Train Power: 0.0008 | patience:  12 | lr: 0.000390625 | Epoch time: 0.1 |

2024-09-09 10:29:47,400 - INFO -
| Epoch:   3270 | Train loss: 8.0607e-01 | Valid loss: 7.6495e-01 | Train acc: 0.6971 ± 0.0000 | Valid acc: 0.7097 ± 0.0000 | Valid Power: 0.0008 | Train Power: 0.0008 | patience:  22 | lr: 0.000390625 | Epoch time: 0.1 |

2024-09-09 10:29:48,170 - INFO -
| Epoch:   3280 | Train loss: 8.0602e-01 | Valid loss: 7.6532e-01 | Train acc: 0.6971 ± 0.0000 | Valid acc: 0.7097 ± 0.0000 | Valid Power: 0.0008 | Train Power: 0.0008 | patience:  32 | lr: 0.000390625 | Epoch time: 0.1 |

2024-09-09 10:29:48,942 - INFO -
| Epoch:   3290 | Train loss: 8.0597e-01 | Valid loss: 7.6550e-01 | Train acc: 0.6971 ± 0.0000 | Valid acc: 0.7097 ± 0.0000 | Valid Power: 0.0008 | Train Power: 0.0008 | patience:  42 | lr: 0.000390625 | Epoch time: 0.1 |

2024-09-09 10:29:49,712 - INFO -
| Epoch:   3300 | Train loss: 8.0594e-01 | Valid loss: 7.6564e-01 | Train acc: 0.6971 ± 0.0000 | Valid acc: 0.7097 ± 0.0000 | Valid Power: 0.0008 | Train Power: 0.0008 | patience:  52 | lr: 0.000390625 | Epoch time: 0.1 |

2024-09-09 10:29:50,481 - INFO -
| Epoch:   3310 | Train loss: 8.0590e-01 | Valid loss: 7.6578e-01 | Train acc: 0.6971 ± 0.0000 | Valid acc: 0.7097 ± 0.0000 | Valid Power: 0.0008 | Train Power: 0.0008 | patience:  62 | lr: 0.000390625 | Epoch time: 0.1 |

2024-09-09 10:29:51,252 - INFO -
| Epoch:   3320 | Train loss: 8.0587e-01 | Valid loss: 7.6591e-01 | Train acc: 0.6971 ± 0.0000 | Valid acc: 0.7097 ± 0.0000 | Valid Power: 0.0008 | Train Power: 0.0008 | patience:  72 | lr: 0.000390625 | Epoch time: 0.1 |

2024-09-09 10:29:52,022 - INFO -
| Epoch:   3330 | Train loss: 8.0584e-01 | Valid loss: 7.6599e-01 | Train acc: 0.6971 ± 0.0000 | Valid acc: 0.7097 ± 0.0000 | Valid Power: 0.0008 | Train Power: 0.0008 | patience:  82 | lr: 0.000390625 | Epoch time: 0.1 |

2024-09-09 10:29:52,794 - INFO -
| Epoch:   3340 | Train loss: 8.0581e-01 | Valid loss: 7.6603e-01 | Train acc: 0.6971 ± 0.0000 | Valid acc: 0.7097 ± 0.0000 | Valid Power: 0.0008 | Train Power: 0.0008 | patience:  92 | lr: 0.000390625 | Epoch time: 0.1 |

2024-09-09 10:29:53,493 - INFO -
load best network to warm start training with lower lr.

2024-09-09 10:29:53,493 - INFO -
lr update to 0.0001953125.

2024-09-09 10:29:53,571 - INFO -
| Epoch:   3350 | Train loss: 8.0625e-01 | Valid loss: 7.6317e-01 | Train acc: 0.6971 ± 0.0000 | Valid acc: 0.7097 ± 0.0000 | Valid Power: 0.0008 | Train Power: 0.0008 | patience:   1 | lr: 0.0001953125 | Epoch time: 0.1 |

2024-09-09 10:29:54,341 - INFO -
| Epoch:   3360 | Train loss: 8.0619e-01 | Valid loss: 7.6365e-01 | Train acc: 0.6971 ± 0.0000 | Valid acc: 0.7097 ± 0.0000 | Valid Power: 0.0008 | Train Power: 0.0008 | patience:  11 | lr: 0.0001953125 | Epoch time: 0.1 |

2024-09-09 10:29:55,178 - INFO -
| Epoch:   3370 | Train loss: 8.0614e-01 | Valid loss: 7.6410e-01 | Train acc: 0.6971 ± 0.0000 | Valid acc: 0.7097 ± 0.0000 | Valid Power: 0.0008 | Train Power: 0.0008 | patience:  21 | lr: 0.0001953125 | Epoch time: 0.1 |

2024-09-09 10:29:55,949 - INFO -
| Epoch:   3380 | Train loss: 8.0611e-01 | Valid loss: 7.6448e-01 | Train acc: 0.6971 ± 0.0000 | Valid acc: 0.7097 ± 0.0000 | Valid Power: 0.0008 | Train Power: 0.0008 | patience:  31 | lr: 0.0001953125 | Epoch time: 0.1 |

2024-09-09 10:29:56,717 - INFO -
| Epoch:   3390 | Train loss: 8.0608e-01 | Valid loss: 7.6475e-01 | Train acc: 0.6971 ± 0.0000 | Valid acc: 0.7097 ± 0.0000 | Valid Power: 0.0008 | Train Power: 0.0008 | patience:  41 | lr: 0.0001953125 | Epoch time: 0.1 |

2024-09-09 10:29:57,489 - INFO -
| Epoch:   3400 | Train loss: 8.0605e-01 | Valid loss: 7.6494e-01 | Train acc: 0.6971 ± 0.0000 | Valid acc: 0.7097 ± 0.0000 | Valid Power: 0.0008 | Train Power: 0.0008 | patience:  51 | lr: 0.0001953125 | Epoch time: 0.1 |

2024-09-09 10:29:58,260 - INFO -
| Epoch:   3410 | Train loss: 8.0602e-01 | Valid loss: 7.6509e-01 | Train acc: 0.6971 ± 0.0000 | Valid acc: 0.7097 ± 0.0000 | Valid Power: 0.0008 | Train Power: 0.0008 | patience:  61 | lr: 0.0001953125 | Epoch time: 0.1 |

2024-09-09 10:29:59,032 - INFO -
| Epoch:   3420 | Train loss: 8.0600e-01 | Valid loss: 7.6521e-01 | Train acc: 0.6971 ± 0.0000 | Valid acc: 0.7097 ± 0.0000 | Valid Power: 0.0008 | Train Power: 0.0008 | patience:  71 | lr: 0.0001953125 | Epoch time: 0.1 |

2024-09-09 10:29:59,804 - INFO -
| Epoch:   3430 | Train loss: 8.0598e-01 | Valid loss: 7.6533e-01 | Train acc: 0.6971 ± 0.0000 | Valid acc: 0.7097 ± 0.0000 | Valid Power: 0.0008 | Train Power: 0.0008 | patience:  81 | lr: 0.0001953125 | Epoch time: 0.1 |

2024-09-09 10:30:00,575 - INFO -
| Epoch:   3440 | Train loss: 8.0596e-01 | Valid loss: 7.6543e-01 | Train acc: 0.6971 ± 0.0000 | Valid acc: 0.7097 ± 0.0000 | Valid Power: 0.0008 | Train Power: 0.0008 | patience:  91 | lr: 0.0001953125 | Epoch time: 0.1 |

2024-09-09 10:30:01,348 - INFO -
load best network to warm start training with lower lr.

2024-09-09 10:30:01,349 - INFO -
lr update to 9.765625e-05.

2024-09-09 10:30:01,349 - INFO -
Early stop.

2024-09-09 10:30:01,354 - INFO -
Training if finished.

2024-09-11 15:04:06,606 - INFO -
Configuration: 
gmin                0.01
gmax                10.0
T                   0.1
m                   0.3
type_nonlinear      normal
act                 tanh
ACT_R1n             12.7865
ACT_R2n             -3.1871
ACT_W1n             -10.4537
ACT_L1n             10.546
ACT_W2n             -5.8496
ACT_L2n             4.2337
S_R1n               -11.7481
S_R2n               -0.3905
S_W1n               -9.169
S_L1n               0.3913
S_W2n               7.2004
S_L2n               15.5558
ReLU_RHn            -1.9557
ReLU_RLn            -20.1581
ReLU_RDn            16.6486
ReLU_RBn            -14.3472
ReLU_Wn             16.655
ReLU_Ln             -21.7591
HS_Rn               -0.3766
HS_Wn               0.5192
HS_Ln               4.6293
NEG_R1n             -7.0846
NEG_R2n             -2.5695
NEG_R3n             16.1542
NEG_W1n             13.8696
NEG_L1n             2.7635
NEG_W2n             1.2674
NEG_L2n             -10.4803
NEG_W3n             -6.4386
NEG_L3n             5.1005
task                normal
DATASET             1
DataPath            ./dataset
InputNoise          0.0
IN_test             0.0
R_train             1
R_test              1
N_time              32
pathnorm            False
hidden              [3]
skipconnection      False
SEED                4
DEVICE              cpu
PATIENCE            500
EPOCH               10000000000
LR                  0.1
PROGRESSIVE         True
LR_PATIENCE         100
LR_DECAY            0.5
LR_MIN              0.0001
metric              acc
SoftEva             True
TIMELIMITATION      71
MODE                nominal
M_train             1
K_train             1
M_test              1
K_test              1
t_test_max          1
integration         MC
N_train             1
e_train             0.0
N_test              100
e_test              0.1
e_fault             2
fault_ratio         0.0
N_fault             50
e_fault_test        0
N_fault_test        50
dropout             0.0
lagrangian_loss     False
rho                 100
powerestimator      none
powerbalance        0.0
estimatorbalance    0.0
pgmin               1e-07
power_ratio         1000
lambda_P            100
areaestimator       none
areabalance         0.0
area_theta          0.15
area_act            30.0
area_neg            22.7
lambda_A            0.001
lnc                 False
projectname         tanh_0_FaultAnalysisNormal
temppath            ./tanh_0_FaultAnalysisNormal/temp/
logfilepath         ./tanh_0_FaultAnalysisNormal/log/
report_freq         10
recording           False
recordpath          ./tanh_0_FaultAnalysisNormal/record/
savepath            ./tanh_0_FaultAnalysisNormal/models/
loglevel            info


2024-09-11 15:04:06,644 - INFO -
Training network on device: cpu.

2024-09-11 15:04:06,644 - INFO -
Training setup: data_01_balancescale_seed_04_epsilon_0.0_dropout_0.0_fault_ratio_0.0.model.

2024-09-11 15:04:06,644 - INFO -
{'dataname': 'balancescale', 'N_feature': 4, 'N_class': 3, 'N_train': 373, 'N_valid': 124, 'N_test': 79}

2024-09-11 15:04:06,655 - INFO -
Training was already finished.

2024-09-14 08:36:54,464 - INFO -
Configuration: 
gmin                0.01
gmax                10.0
T                   0.1
m                   0.3
type_nonlinear      normal
act                 tanh
ACT_R1n             12.7865
ACT_R2n             -3.1871
ACT_W1n             -10.4537
ACT_L1n             10.546
ACT_W2n             -5.8496
ACT_L2n             4.2337
S_R1n               -11.7481
S_R2n               -0.3905
S_W1n               -9.169
S_L1n               0.3913
S_W2n               7.2004
S_L2n               15.5558
ReLU_RHn            -1.9557
ReLU_RLn            -20.1581
ReLU_RDn            16.6486
ReLU_RBn            -14.3472
ReLU_Wn             16.655
ReLU_Ln             -21.7591
HS_Rn               -0.3766
HS_Wn               0.5192
HS_Ln               4.6293
NEG_R1n             -7.0846
NEG_R2n             -2.5695
NEG_R3n             16.1542
NEG_W1n             13.8696
NEG_L1n             2.7635
NEG_W2n             1.2674
NEG_L2n             -10.4803
NEG_W3n             -6.4386
NEG_L3n             5.1005
task                normal
DATASET             1
DataPath            ./dataset
InputNoise          0.0
IN_test             0.0
R_train             1
R_test              1
N_time              32
pathnorm            False
hidden              [3]
skipconnection      False
SEED                4
DEVICE              cpu
PATIENCE            500
EPOCH               10000000000
LR                  0.1
PROGRESSIVE         True
LR_PATIENCE         100
LR_DECAY            0.5
LR_MIN              0.0001
metric              acc
SoftEva             True
TIMELIMITATION      71
MODE                nominal
M_train             1
K_train             1
M_test              1
K_test              1
t_test_max          1
integration         MC
N_train             1
e_train             0.0
N_test              100
e_test              0.1
e_fault             2
fault_ratio         0.0
N_fault             50
e_fault_test        0
N_fault_test        50
dropout             0.0
lagrangian_loss     False
rho                 100
powerestimator      none
powerbalance        0.0
estimatorbalance    0.0
pgmin               1e-07
power_ratio         1000
lambda_P            100
areaestimator       none
areabalance         0.0
area_theta          0.15
area_act            30.0
area_neg            22.7
lambda_A            0.001
lnc                 False
projectname         tanh_0_FaultAnalysisNormal
temppath            ./tanh_0_FaultAnalysisNormal/temp/
logfilepath         ./tanh_0_FaultAnalysisNormal/log/
report_freq         10
recording           False
recordpath          ./tanh_0_FaultAnalysisNormal/record/
savepath            ./tanh_0_FaultAnalysisNormal/models/
loglevel            info


2024-09-14 08:36:54,479 - INFO -
Training network on device: cpu.

2024-09-14 08:36:54,479 - INFO -
Training setup: data_01_balancescale_seed_04_epsilon_0.0_dropout_0.0_fault_ratio_0.0.model.

2024-09-14 08:36:54,479 - INFO -
{'dataname': 'balancescale', 'N_feature': 4, 'N_class': 3, 'N_train': 373, 'N_valid': 124, 'N_test': 79}

2024-09-14 08:36:54,496 - INFO -
Training was already finished.

