2024-09-09 23:57:35,067 - INFO -
Configuration: 
gmin                0.01
gmax                10.0
T                   0.1
m                   0.3
type_nonlinear      normal
act                 tanh
ACT_R1n             12.7865
ACT_R2n             -3.1871
ACT_W1n             -10.4537
ACT_L1n             10.546
ACT_W2n             -5.8496
ACT_L2n             4.2337
S_R1n               -11.7481
S_R2n               -0.3905
S_W1n               -9.169
S_L1n               0.3913
S_W2n               7.2004
S_L2n               15.5558
ReLU_RHn            -1.9557
ReLU_RLn            -20.1581
ReLU_RDn            16.6486
ReLU_RBn            -14.3472
ReLU_Wn             16.655
ReLU_Ln             -21.7591
HS_Rn               -0.3766
HS_Wn               0.5192
HS_Ln               4.6293
NEG_R1n             -7.0846
NEG_R2n             -2.5695
NEG_R3n             16.1542
NEG_W1n             13.8696
NEG_L1n             2.7635
NEG_W2n             1.2674
NEG_L2n             -10.4803
NEG_W3n             -6.4386
NEG_L3n             5.1005
task                normal
DATASET             10
DataPath            ./dataset
InputNoise          0.0
IN_test             0.0
R_train             1
R_test              1
N_time              32
pathnorm            False
hidden              [3]
skipconnection      False
SEED                9
DEVICE              cpu
PATIENCE            500
EPOCH               10000000000
LR                  0.1
PROGRESSIVE         True
LR_PATIENCE         100
LR_DECAY            0.5
LR_MIN              0.0001
metric              acc
SoftEva             True
TIMELIMITATION      71
MODE                nominal
M_train             1
K_train             1
M_test              1
K_test              1
t_test_max          1
integration         MC
N_train             1
e_train             0.0
N_test              100
e_test              0.1
e_fault             2
fault_ratio         0.0
N_fault             50
e_fault_test        0
N_fault_test        50
dropout             0.0
lagrangian_loss     False
rho                 100
powerestimator      none
powerbalance        0.0
estimatorbalance    0.0
pgmin               1e-07
power_ratio         1000
lambda_P            100
areaestimator       none
areabalance         0.0
area_theta          0.15
area_act            30.0
area_neg            22.7
lambda_A            0.001
lnc                 False
projectname         tanh_0_FaultAnalysisNormal
temppath            ./tanh_0_FaultAnalysisNormal/temp/
logfilepath         ./tanh_0_FaultAnalysisNormal/log/
report_freq         10
recording           False
recordpath          ./tanh_0_FaultAnalysisNormal/record/
savepath            ./tanh_0_FaultAnalysisNormal/models/
loglevel            info


2024-09-09 23:57:35,067 - INFO -
Training network on device: cpu.

2024-09-09 23:57:35,067 - INFO -
Training setup: data_10_tictactoe_seed_09_epsilon_0.0_dropout_0.0_fault_ratio_0.0.model.

2024-09-09 23:57:35,067 - INFO -
{'dataname': 'tictactoe', 'N_feature': 9, 'N_class': 2, 'N_train': 397, 'N_valid': 127, 'N_test': 79}

2024-09-09 23:57:35,068 - INFO -
Topology of the network: [9, 3, 2].

2024-09-09 23:57:36,635 - INFO -
| Epoch:      0 | Train loss: 6.9302e-01 | Valid loss: 6.4870e-01 | Train acc: 0.6348 ± 0.0000 | Valid acc: 0.7323 ± 0.0000 | Valid Power: 0.0009 | Train Power: 0.0004 | patience:   0 | lr: 0.1 | Epoch time: 0.1 |

2024-09-09 23:57:37,933 - INFO -
| Epoch:     10 | Train loss: 5.9920e-01 | Valid loss: 5.4332e-01 | Train acc: 0.6952 ± 0.0000 | Valid acc: 0.7323 ± 0.0000 | Valid Power: 0.0007 | Train Power: 0.0010 | patience:   1 | lr: 0.1 | Epoch time: 0.1 |

2024-09-09 23:57:39,219 - INFO -
| Epoch:     20 | Train loss: 5.6148e-01 | Valid loss: 5.0899e-01 | Train acc: 0.7431 ± 0.0000 | Valid acc: 0.8031 ± 0.0000 | Valid Power: 0.0011 | Train Power: 0.0009 | patience:   1 | lr: 0.1 | Epoch time: 0.1 |

2024-09-09 23:57:40,494 - INFO -
| Epoch:     30 | Train loss: 5.3483e-01 | Valid loss: 4.9524e-01 | Train acc: 0.7431 ± 0.0000 | Valid acc: 0.7953 ± 0.0000 | Valid Power: 0.0008 | Train Power: 0.0008 | patience:   4 | lr: 0.1 | Epoch time: 0.1 |

2024-09-09 23:57:41,771 - INFO -
| Epoch:     40 | Train loss: 5.1708e-01 | Valid loss: 4.4248e-01 | Train acc: 0.7557 ± 0.0000 | Valid acc: 0.8268 ± 0.0000 | Valid Power: 0.0008 | Train Power: 0.0008 | patience:   0 | lr: 0.1 | Epoch time: 0.1 |

2024-09-09 23:57:43,035 - INFO -
| Epoch:     50 | Train loss: 5.0755e-01 | Valid loss: 4.7976e-01 | Train acc: 0.7708 ± 0.0000 | Valid acc: 0.7795 ± 0.0000 | Valid Power: 0.0008 | Train Power: 0.0008 | patience:   9 | lr: 0.1 | Epoch time: 0.1 |

2024-09-09 23:57:44,391 - INFO -
| Epoch:     60 | Train loss: 5.1634e-01 | Valid loss: 4.7158e-01 | Train acc: 0.7607 ± 0.0000 | Valid acc: 0.7953 ± 0.0000 | Valid Power: 0.0008 | Train Power: 0.0008 | patience:  19 | lr: 0.1 | Epoch time: 0.1 |

2024-09-09 23:57:45,647 - INFO -
| Epoch:     70 | Train loss: 4.9900e-01 | Valid loss: 4.5877e-01 | Train acc: 0.7607 ± 0.0000 | Valid acc: 0.7874 ± 0.0000 | Valid Power: 0.0008 | Train Power: 0.0008 | patience:  29 | lr: 0.1 | Epoch time: 0.1 |

2024-09-09 23:57:46,914 - INFO -
| Epoch:     80 | Train loss: 4.9704e-01 | Valid loss: 4.4535e-01 | Train acc: 0.7708 ± 0.0000 | Valid acc: 0.7795 ± 0.0000 | Valid Power: 0.0008 | Train Power: 0.0008 | patience:  39 | lr: 0.1 | Epoch time: 0.1 |

2024-09-09 23:57:48,172 - INFO -
| Epoch:     90 | Train loss: 4.8143e-01 | Valid loss: 4.7124e-01 | Train acc: 0.7607 ± 0.0000 | Valid acc: 0.7953 ± 0.0000 | Valid Power: 0.0008 | Train Power: 0.0008 | patience:  49 | lr: 0.1 | Epoch time: 0.1 |

2024-09-09 23:57:49,429 - INFO -
| Epoch:    100 | Train loss: 4.8772e-01 | Valid loss: 4.5307e-01 | Train acc: 0.7607 ± 0.0000 | Valid acc: 0.7953 ± 0.0000 | Valid Power: 0.0008 | Train Power: 0.0008 | patience:  59 | lr: 0.1 | Epoch time: 0.1 |

2024-09-09 23:57:50,686 - INFO -
| Epoch:    110 | Train loss: 4.8462e-01 | Valid loss: 4.7216e-01 | Train acc: 0.7506 ± 0.0000 | Valid acc: 0.7717 ± 0.0000 | Valid Power: 0.0008 | Train Power: 0.0008 | patience:  69 | lr: 0.1 | Epoch time: 0.1 |

2024-09-09 23:57:51,944 - INFO -
| Epoch:    120 | Train loss: 4.8134e-01 | Valid loss: 4.6722e-01 | Train acc: 0.7783 ± 0.0000 | Valid acc: 0.7874 ± 0.0000 | Valid Power: 0.0008 | Train Power: 0.0008 | patience:  79 | lr: 0.1 | Epoch time: 0.1 |

2024-09-09 23:57:53,199 - INFO -
| Epoch:    130 | Train loss: 4.7164e-01 | Valid loss: 4.5194e-01 | Train acc: 0.7657 ± 0.0000 | Valid acc: 0.7953 ± 0.0000 | Valid Power: 0.0008 | Train Power: 0.0008 | patience:  89 | lr: 0.1 | Epoch time: 0.1 |

2024-09-09 23:57:54,453 - INFO -
| Epoch:    140 | Train loss: 4.7646e-01 | Valid loss: 4.5941e-01 | Train acc: 0.7506 ± 0.0000 | Valid acc: 0.8110 ± 0.0000 | Valid Power: 0.0008 | Train Power: 0.0008 | patience:  99 | lr: 0.1 | Epoch time: 0.1 |

2024-09-09 23:57:54,708 - INFO -
load best network to warm start training with lower lr.

2024-09-09 23:57:54,708 - INFO -
lr update to 0.05.

2024-09-09 23:57:55,718 - INFO -
| Epoch:    150 | Train loss: 5.1796e-01 | Valid loss: 4.4462e-01 | Train acc: 0.7531 ± 0.0000 | Valid acc: 0.8346 ± 0.0000 | Valid Power: 0.0008 | Train Power: 0.0008 | patience:   2 | lr: 0.05 | Epoch time: 0.1 |

2024-09-09 23:57:56,975 - INFO -
| Epoch:    160 | Train loss: 5.0048e-01 | Valid loss: 4.7837e-01 | Train acc: 0.7380 ± 0.0000 | Valid acc: 0.8031 ± 0.0000 | Valid Power: 0.0008 | Train Power: 0.0008 | patience:  12 | lr: 0.05 | Epoch time: 0.1 |

2024-09-09 23:57:58,230 - INFO -
| Epoch:    170 | Train loss: 5.0577e-01 | Valid loss: 4.6527e-01 | Train acc: 0.7582 ± 0.0000 | Valid acc: 0.7953 ± 0.0000 | Valid Power: 0.0008 | Train Power: 0.0008 | patience:  22 | lr: 0.05 | Epoch time: 0.1 |

2024-09-09 23:57:59,485 - INFO -
| Epoch:    180 | Train loss: 4.8989e-01 | Valid loss: 4.5904e-01 | Train acc: 0.7657 ± 0.0000 | Valid acc: 0.8031 ± 0.0000 | Valid Power: 0.0008 | Train Power: 0.0008 | patience:  32 | lr: 0.05 | Epoch time: 0.1 |

2024-09-09 23:58:00,742 - INFO -
| Epoch:    190 | Train loss: 4.8314e-01 | Valid loss: 4.6272e-01 | Train acc: 0.7506 ± 0.0000 | Valid acc: 0.7874 ± 0.0000 | Valid Power: 0.0008 | Train Power: 0.0008 | patience:  42 | lr: 0.05 | Epoch time: 0.1 |

2024-09-09 23:58:01,997 - INFO -
| Epoch:    200 | Train loss: 4.7952e-01 | Valid loss: 4.6204e-01 | Train acc: 0.7582 ± 0.0000 | Valid acc: 0.8031 ± 0.0000 | Valid Power: 0.0008 | Train Power: 0.0008 | patience:  52 | lr: 0.05 | Epoch time: 0.1 |

2024-09-09 23:58:03,359 - INFO -
| Epoch:    210 | Train loss: 4.7500e-01 | Valid loss: 4.5300e-01 | Train acc: 0.7582 ± 0.0000 | Valid acc: 0.8031 ± 0.0000 | Valid Power: 0.0008 | Train Power: 0.0008 | patience:  62 | lr: 0.05 | Epoch time: 0.1 |

2024-09-09 23:58:04,613 - INFO -
| Epoch:    220 | Train loss: 4.7183e-01 | Valid loss: 4.4667e-01 | Train acc: 0.7607 ± 0.0000 | Valid acc: 0.7953 ± 0.0000 | Valid Power: 0.0008 | Train Power: 0.0008 | patience:  72 | lr: 0.05 | Epoch time: 0.1 |

2024-09-09 23:58:05,870 - INFO -
| Epoch:    230 | Train loss: 4.6858e-01 | Valid loss: 4.5419e-01 | Train acc: 0.7582 ± 0.0000 | Valid acc: 0.8031 ± 0.0000 | Valid Power: 0.0008 | Train Power: 0.0008 | patience:  82 | lr: 0.05 | Epoch time: 0.1 |

2024-09-09 23:58:07,137 - INFO -
| Epoch:    240 | Train loss: 4.6392e-01 | Valid loss: 4.4086e-01 | Train acc: 0.7531 ± 0.0000 | Valid acc: 0.8189 ± 0.0000 | Valid Power: 0.0008 | Train Power: 0.0008 | patience:   2 | lr: 0.05 | Epoch time: 0.1 |

2024-09-09 23:58:08,395 - INFO -
| Epoch:    250 | Train loss: 4.7062e-01 | Valid loss: 4.4311e-01 | Train acc: 0.7683 ± 0.0000 | Valid acc: 0.8110 ± 0.0000 | Valid Power: 0.0008 | Train Power: 0.0008 | patience:  12 | lr: 0.05 | Epoch time: 0.1 |

2024-09-09 23:58:09,655 - INFO -
| Epoch:    260 | Train loss: 4.6472e-01 | Valid loss: 4.5214e-01 | Train acc: 0.7683 ± 0.0000 | Valid acc: 0.8189 ± 0.0000 | Valid Power: 0.0008 | Train Power: 0.0008 | patience:  22 | lr: 0.05 | Epoch time: 0.1 |

2024-09-09 23:58:10,912 - INFO -
| Epoch:    270 | Train loss: 4.6039e-01 | Valid loss: 4.5223e-01 | Train acc: 0.7607 ± 0.0000 | Valid acc: 0.7953 ± 0.0000 | Valid Power: 0.0008 | Train Power: 0.0008 | patience:  32 | lr: 0.05 | Epoch time: 0.1 |

2024-09-09 23:58:12,168 - INFO -
| Epoch:    280 | Train loss: 4.6460e-01 | Valid loss: 4.4381e-01 | Train acc: 0.7708 ± 0.0000 | Valid acc: 0.7795 ± 0.0000 | Valid Power: 0.0008 | Train Power: 0.0008 | patience:  42 | lr: 0.05 | Epoch time: 0.1 |

2024-09-09 23:58:13,424 - INFO -
| Epoch:    290 | Train loss: 4.5758e-01 | Valid loss: 4.5648e-01 | Train acc: 0.7657 ± 0.0000 | Valid acc: 0.7953 ± 0.0000 | Valid Power: 0.0008 | Train Power: 0.0008 | patience:  52 | lr: 0.05 | Epoch time: 0.1 |

2024-09-09 23:58:14,776 - INFO -
| Epoch:    300 | Train loss: 4.5861e-01 | Valid loss: 4.6169e-01 | Train acc: 0.7657 ± 0.0000 | Valid acc: 0.7953 ± 0.0000 | Valid Power: 0.0008 | Train Power: 0.0008 | patience:  62 | lr: 0.05 | Epoch time: 0.1 |

2024-09-09 23:58:16,034 - INFO -
| Epoch:    310 | Train loss: 4.5571e-01 | Valid loss: 4.5396e-01 | Train acc: 0.7733 ± 0.0000 | Valid acc: 0.7795 ± 0.0000 | Valid Power: 0.0008 | Train Power: 0.0008 | patience:  72 | lr: 0.05 | Epoch time: 0.1 |

2024-09-09 23:58:17,292 - INFO -
| Epoch:    320 | Train loss: 4.5485e-01 | Valid loss: 4.5899e-01 | Train acc: 0.7708 ± 0.0000 | Valid acc: 0.7953 ± 0.0000 | Valid Power: 0.0008 | Train Power: 0.0008 | patience:  82 | lr: 0.05 | Epoch time: 0.1 |

2024-09-09 23:58:18,549 - INFO -
| Epoch:    330 | Train loss: 4.5439e-01 | Valid loss: 4.4915e-01 | Train acc: 0.7708 ± 0.0000 | Valid acc: 0.7874 ± 0.0000 | Valid Power: 0.0008 | Train Power: 0.0008 | patience:  92 | lr: 0.05 | Epoch time: 0.1 |

2024-09-09 23:58:19,683 - INFO -
load best network to warm start training with lower lr.

2024-09-09 23:58:19,683 - INFO -
lr update to 0.025.

2024-09-09 23:58:19,810 - INFO -
| Epoch:    340 | Train loss: 4.6521e-01 | Valid loss: 4.5649e-01 | Train acc: 0.7531 ± 0.0000 | Valid acc: 0.8110 ± 0.0000 | Valid Power: 0.0008 | Train Power: 0.0008 | patience:   1 | lr: 0.025 | Epoch time: 0.1 |

2024-09-09 23:58:21,074 - INFO -
| Epoch:    350 | Train loss: 4.6995e-01 | Valid loss: 4.4526e-01 | Train acc: 0.7582 ± 0.0000 | Valid acc: 0.8031 ± 0.0000 | Valid Power: 0.0008 | Train Power: 0.0008 | patience:   4 | lr: 0.025 | Epoch time: 0.1 |

2024-09-09 23:58:22,332 - INFO -
| Epoch:    360 | Train loss: 4.6420e-01 | Valid loss: 4.2461e-01 | Train acc: 0.7607 ± 0.0000 | Valid acc: 0.8110 ± 0.0000 | Valid Power: 0.0008 | Train Power: 0.0008 | patience:   2 | lr: 0.025 | Epoch time: 0.1 |

2024-09-09 23:58:23,590 - INFO -
| Epoch:    370 | Train loss: 4.6072e-01 | Valid loss: 4.5029e-01 | Train acc: 0.7632 ± 0.0000 | Valid acc: 0.8110 ± 0.0000 | Valid Power: 0.0008 | Train Power: 0.0008 | patience:  12 | lr: 0.025 | Epoch time: 0.1 |

2024-09-09 23:58:24,848 - INFO -
| Epoch:    380 | Train loss: 4.5893e-01 | Valid loss: 4.5103e-01 | Train acc: 0.7657 ± 0.0000 | Valid acc: 0.8110 ± 0.0000 | Valid Power: 0.0008 | Train Power: 0.0008 | patience:  22 | lr: 0.025 | Epoch time: 0.1 |

2024-09-09 23:58:26,104 - INFO -
| Epoch:    390 | Train loss: 4.5823e-01 | Valid loss: 4.4016e-01 | Train acc: 0.7708 ± 0.0000 | Valid acc: 0.8031 ± 0.0000 | Valid Power: 0.0008 | Train Power: 0.0008 | patience:  32 | lr: 0.025 | Epoch time: 0.1 |

2024-09-09 23:58:27,360 - INFO -
| Epoch:    400 | Train loss: 4.5732e-01 | Valid loss: 4.2836e-01 | Train acc: 0.7683 ± 0.0000 | Valid acc: 0.8031 ± 0.0000 | Valid Power: 0.0008 | Train Power: 0.0008 | patience:  42 | lr: 0.025 | Epoch time: 0.1 |

2024-09-09 23:58:28,619 - INFO -
| Epoch:    410 | Train loss: 4.5667e-01 | Valid loss: 4.2205e-01 | Train acc: 0.7733 ± 0.0000 | Valid acc: 0.8031 ± 0.0000 | Valid Power: 0.0008 | Train Power: 0.0008 | patience:   0 | lr: 0.025 | Epoch time: 0.1 |

2024-09-09 23:58:29,879 - INFO -
| Epoch:    420 | Train loss: 4.5610e-01 | Valid loss: 4.2482e-01 | Train acc: 0.7733 ± 0.0000 | Valid acc: 0.8031 ± 0.0000 | Valid Power: 0.0008 | Train Power: 0.0008 | patience:   9 | lr: 0.025 | Epoch time: 0.1 |

2024-09-09 23:58:31,134 - INFO -
| Epoch:    430 | Train loss: 4.5562e-01 | Valid loss: 4.2573e-01 | Train acc: 0.7733 ± 0.0000 | Valid acc: 0.8031 ± 0.0000 | Valid Power: 0.0008 | Train Power: 0.0008 | patience:  19 | lr: 0.025 | Epoch time: 0.1 |

2024-09-09 23:58:32,387 - INFO -
| Epoch:    440 | Train loss: 4.5516e-01 | Valid loss: 4.2562e-01 | Train acc: 0.7758 ± 0.0000 | Valid acc: 0.8031 ± 0.0000 | Valid Power: 0.0008 | Train Power: 0.0008 | patience:  29 | lr: 0.025 | Epoch time: 0.1 |

2024-09-09 23:58:33,641 - INFO -
| Epoch:    450 | Train loss: 4.5406e-01 | Valid loss: 4.3038e-01 | Train acc: 0.7733 ± 0.0000 | Valid acc: 0.7953 ± 0.0000 | Valid Power: 0.0008 | Train Power: 0.0008 | patience:  39 | lr: 0.025 | Epoch time: 0.1 |

2024-09-09 23:58:34,893 - INFO -
| Epoch:    460 | Train loss: 4.5338e-01 | Valid loss: 4.2894e-01 | Train acc: 0.7758 ± 0.0000 | Valid acc: 0.7953 ± 0.0000 | Valid Power: 0.0008 | Train Power: 0.0008 | patience:  49 | lr: 0.025 | Epoch time: 0.1 |

2024-09-09 23:58:36,147 - INFO -
| Epoch:    470 | Train loss: 4.5315e-01 | Valid loss: 4.2828e-01 | Train acc: 0.7758 ± 0.0000 | Valid acc: 0.8031 ± 0.0000 | Valid Power: 0.0008 | Train Power: 0.0008 | patience:  59 | lr: 0.025 | Epoch time: 0.1 |

2024-09-09 23:58:37,475 - INFO -
| Epoch:    480 | Train loss: 4.5292e-01 | Valid loss: 4.2886e-01 | Train acc: 0.7758 ± 0.0000 | Valid acc: 0.7953 ± 0.0000 | Valid Power: 0.0008 | Train Power: 0.0008 | patience:  69 | lr: 0.025 | Epoch time: 0.1 |

2024-09-09 23:58:38,728 - INFO -
| Epoch:    490 | Train loss: 4.5270e-01 | Valid loss: 4.2893e-01 | Train acc: 0.7758 ± 0.0000 | Valid acc: 0.7953 ± 0.0000 | Valid Power: 0.0008 | Train Power: 0.0008 | patience:  79 | lr: 0.025 | Epoch time: 0.1 |

2024-09-09 23:58:39,982 - INFO -
| Epoch:    500 | Train loss: 4.5249e-01 | Valid loss: 4.2875e-01 | Train acc: 0.7758 ± 0.0000 | Valid acc: 0.8031 ± 0.0000 | Valid Power: 0.0008 | Train Power: 0.0008 | patience:  89 | lr: 0.025 | Epoch time: 0.1 |

2024-09-09 23:58:41,236 - INFO -
| Epoch:    510 | Train loss: 4.5229e-01 | Valid loss: 4.2871e-01 | Train acc: 0.7758 ± 0.0000 | Valid acc: 0.8031 ± 0.0000 | Valid Power: 0.0008 | Train Power: 0.0008 | patience:  99 | lr: 0.025 | Epoch time: 0.1 |

2024-09-09 23:58:41,490 - INFO -
load best network to warm start training with lower lr.

2024-09-09 23:58:41,490 - INFO -
lr update to 0.0125.

2024-09-09 23:58:42,495 - INFO -
| Epoch:    520 | Train loss: 4.5705e-01 | Valid loss: 4.2883e-01 | Train acc: 0.7708 ± 0.0000 | Valid acc: 0.8031 ± 0.0000 | Valid Power: 0.0008 | Train Power: 0.0008 | patience:   8 | lr: 0.0125 | Epoch time: 0.1 |

2024-09-09 23:58:43,757 - INFO -
| Epoch:    530 | Train loss: 4.5594e-01 | Valid loss: 4.3911e-01 | Train acc: 0.7683 ± 0.0000 | Valid acc: 0.8031 ± 0.0000 | Valid Power: 0.0008 | Train Power: 0.0008 | patience:   5 | lr: 0.0125 | Epoch time: 0.1 |

2024-09-09 23:58:45,008 - INFO -
| Epoch:    540 | Train loss: 4.5525e-01 | Valid loss: 4.3038e-01 | Train acc: 0.7683 ± 0.0000 | Valid acc: 0.8031 ± 0.0000 | Valid Power: 0.0008 | Train Power: 0.0008 | patience:  15 | lr: 0.0125 | Epoch time: 0.1 |

2024-09-09 23:58:46,259 - INFO -
| Epoch:    550 | Train loss: 4.5475e-01 | Valid loss: 4.2193e-01 | Train acc: 0.7683 ± 0.0000 | Valid acc: 0.8031 ± 0.0000 | Valid Power: 0.0008 | Train Power: 0.0008 | patience:  25 | lr: 0.0125 | Epoch time: 0.1 |

2024-09-09 23:58:47,519 - INFO -
| Epoch:    560 | Train loss: 4.5434e-01 | Valid loss: 4.2420e-01 | Train acc: 0.7683 ± 0.0000 | Valid acc: 0.8031 ± 0.0000 | Valid Power: 0.0008 | Train Power: 0.0008 | patience:   8 | lr: 0.0125 | Epoch time: 0.1 |

2024-09-09 23:58:48,792 - INFO -
| Epoch:    570 | Train loss: 4.5392e-01 | Valid loss: 4.1943e-01 | Train acc: 0.7708 ± 0.0000 | Valid acc: 0.8031 ± 0.0000 | Valid Power: 0.0008 | Train Power: 0.0008 | patience:   2 | lr: 0.0125 | Epoch time: 0.1 |

2024-09-09 23:58:50,045 - INFO -
| Epoch:    580 | Train loss: 4.5352e-01 | Valid loss: 4.1944e-01 | Train acc: 0.7708 ± 0.0000 | Valid acc: 0.8031 ± 0.0000 | Valid Power: 0.0008 | Train Power: 0.0008 | patience:  12 | lr: 0.0125 | Epoch time: 0.1 |

2024-09-09 23:58:51,297 - INFO -
| Epoch:    590 | Train loss: 4.5318e-01 | Valid loss: 4.1926e-01 | Train acc: 0.7708 ± 0.0000 | Valid acc: 0.8031 ± 0.0000 | Valid Power: 0.0008 | Train Power: 0.0008 | patience:  22 | lr: 0.0125 | Epoch time: 0.1 |

2024-09-09 23:58:52,549 - INFO -
| Epoch:    600 | Train loss: 4.5288e-01 | Valid loss: 4.1951e-01 | Train acc: 0.7708 ± 0.0000 | Valid acc: 0.8031 ± 0.0000 | Valid Power: 0.0008 | Train Power: 0.0008 | patience:  32 | lr: 0.0125 | Epoch time: 0.1 |

2024-09-09 23:58:53,805 - INFO -
| Epoch:    610 | Train loss: 4.5260e-01 | Valid loss: 4.2138e-01 | Train acc: 0.7708 ± 0.0000 | Valid acc: 0.8031 ± 0.0000 | Valid Power: 0.0014 | Train Power: 0.0010 | patience:  42 | lr: 0.0125 | Epoch time: 0.1 |

2024-09-09 23:58:55,063 - INFO -
| Epoch:    620 | Train loss: 4.5235e-01 | Valid loss: 4.2220e-01 | Train acc: 0.7708 ± 0.0000 | Valid acc: 0.8031 ± 0.0000 | Valid Power: 0.0008 | Train Power: 0.0008 | patience:  52 | lr: 0.0125 | Epoch time: 0.1 |

2024-09-09 23:58:56,404 - INFO -
| Epoch:    630 | Train loss: 4.5211e-01 | Valid loss: 4.2160e-01 | Train acc: 0.7708 ± 0.0000 | Valid acc: 0.8031 ± 0.0000 | Valid Power: 0.0008 | Train Power: 0.0008 | patience:  62 | lr: 0.0125 | Epoch time: 0.1 |

2024-09-09 23:58:57,658 - INFO -
| Epoch:    640 | Train loss: 4.5188e-01 | Valid loss: 4.2113e-01 | Train acc: 0.7708 ± 0.0000 | Valid acc: 0.8031 ± 0.0000 | Valid Power: 0.0008 | Train Power: 0.0008 | patience:  72 | lr: 0.0125 | Epoch time: 0.1 |

2024-09-09 23:58:58,912 - INFO -
| Epoch:    650 | Train loss: 4.5166e-01 | Valid loss: 4.2099e-01 | Train acc: 0.7708 ± 0.0000 | Valid acc: 0.8031 ± 0.0000 | Valid Power: 0.0008 | Train Power: 0.0008 | patience:  82 | lr: 0.0125 | Epoch time: 0.1 |

2024-09-09 23:59:00,167 - INFO -
| Epoch:    660 | Train loss: 4.5144e-01 | Valid loss: 4.2087e-01 | Train acc: 0.7708 ± 0.0000 | Valid acc: 0.8031 ± 0.0000 | Valid Power: 0.0008 | Train Power: 0.0008 | patience:  92 | lr: 0.0125 | Epoch time: 0.1 |

2024-09-09 23:59:01,297 - INFO -
load best network to warm start training with lower lr.

2024-09-09 23:59:01,297 - INFO -
lr update to 0.00625.

2024-09-09 23:59:01,422 - INFO -
| Epoch:    670 | Train loss: 4.5396e-01 | Valid loss: 4.4230e-01 | Train acc: 0.7708 ± 0.0000 | Valid acc: 0.8031 ± 0.0000 | Valid Power: 0.0008 | Train Power: 0.0008 | patience:   1 | lr: 0.00625 | Epoch time: 0.1 |

2024-09-09 23:59:02,683 - INFO -
| Epoch:    680 | Train loss: 4.5383e-01 | Valid loss: 4.2265e-01 | Train acc: 0.7708 ± 0.0000 | Valid acc: 0.8031 ± 0.0000 | Valid Power: 0.0008 | Train Power: 0.0008 | patience:   7 | lr: 0.00625 | Epoch time: 0.1 |

2024-09-09 23:59:03,944 - INFO -
| Epoch:    690 | Train loss: 4.5357e-01 | Valid loss: 4.2634e-01 | Train acc: 0.7708 ± 0.0000 | Valid acc: 0.8031 ± 0.0000 | Valid Power: 0.0008 | Train Power: 0.0008 | patience:  17 | lr: 0.00625 | Epoch time: 0.1 |

2024-09-09 23:59:05,198 - INFO -
| Epoch:    700 | Train loss: 4.5325e-01 | Valid loss: 4.2862e-01 | Train acc: 0.7708 ± 0.0000 | Valid acc: 0.8031 ± 0.0000 | Valid Power: 0.0008 | Train Power: 0.0008 | patience:  27 | lr: 0.00625 | Epoch time: 0.1 |

2024-09-09 23:59:06,450 - INFO -
| Epoch:    710 | Train loss: 4.5301e-01 | Valid loss: 4.2258e-01 | Train acc: 0.7708 ± 0.0000 | Valid acc: 0.8031 ± 0.0000 | Valid Power: 0.0008 | Train Power: 0.0008 | patience:  37 | lr: 0.00625 | Epoch time: 0.1 |

2024-09-09 23:59:07,801 - INFO -
| Epoch:    720 | Train loss: 4.5280e-01 | Valid loss: 4.2138e-01 | Train acc: 0.7708 ± 0.0000 | Valid acc: 0.8031 ± 0.0000 | Valid Power: 0.0008 | Train Power: 0.0008 | patience:  47 | lr: 0.00625 | Epoch time: 0.1 |

2024-09-09 23:59:09,054 - INFO -
| Epoch:    730 | Train loss: 4.5262e-01 | Valid loss: 4.2078e-01 | Train acc: 0.7708 ± 0.0000 | Valid acc: 0.8031 ± 0.0000 | Valid Power: 0.0008 | Train Power: 0.0008 | patience:  57 | lr: 0.00625 | Epoch time: 0.1 |

2024-09-09 23:59:10,308 - INFO -
| Epoch:    740 | Train loss: 4.5245e-01 | Valid loss: 4.2144e-01 | Train acc: 0.7708 ± 0.0000 | Valid acc: 0.8031 ± 0.0000 | Valid Power: 0.0008 | Train Power: 0.0008 | patience:  67 | lr: 0.00625 | Epoch time: 0.1 |

2024-09-09 23:59:11,561 - INFO -
| Epoch:    750 | Train loss: 4.5228e-01 | Valid loss: 4.2144e-01 | Train acc: 0.7708 ± 0.0000 | Valid acc: 0.8031 ± 0.0000 | Valid Power: 0.0008 | Train Power: 0.0008 | patience:  77 | lr: 0.00625 | Epoch time: 0.1 |

2024-09-09 23:59:12,815 - INFO -
| Epoch:    760 | Train loss: 4.5212e-01 | Valid loss: 4.2100e-01 | Train acc: 0.7708 ± 0.0000 | Valid acc: 0.8031 ± 0.0000 | Valid Power: 0.0008 | Train Power: 0.0008 | patience:  87 | lr: 0.00625 | Epoch time: 0.1 |

2024-09-09 23:59:14,066 - INFO -
| Epoch:    770 | Train loss: 4.5197e-01 | Valid loss: 4.2072e-01 | Train acc: 0.7708 ± 0.0000 | Valid acc: 0.8031 ± 0.0000 | Valid Power: 0.0008 | Train Power: 0.0008 | patience:  97 | lr: 0.00625 | Epoch time: 0.1 |

2024-09-09 23:59:14,571 - INFO -
load best network to warm start training with lower lr.

2024-09-09 23:59:14,571 - INFO -
lr update to 0.003125.

2024-09-09 23:59:15,327 - INFO -
| Epoch:    780 | Train loss: 4.5382e-01 | Valid loss: 4.1699e-01 | Train acc: 0.7708 ± 0.0000 | Valid acc: 0.8031 ± 0.0000 | Valid Power: 0.0008 | Train Power: 0.0008 | patience:   6 | lr: 0.003125 | Epoch time: 0.1 |

2024-09-09 23:59:16,575 - INFO -
| Epoch:    790 | Train loss: 4.5364e-01 | Valid loss: 4.2191e-01 | Train acc: 0.7708 ± 0.0000 | Valid acc: 0.8031 ± 0.0000 | Valid Power: 0.0008 | Train Power: 0.0008 | patience:  16 | lr: 0.003125 | Epoch time: 0.1 |

2024-09-09 23:59:17,822 - INFO -
| Epoch:    800 | Train loss: 4.5341e-01 | Valid loss: 4.2253e-01 | Train acc: 0.7708 ± 0.0000 | Valid acc: 0.8031 ± 0.0000 | Valid Power: 0.0008 | Train Power: 0.0008 | patience:  26 | lr: 0.003125 | Epoch time: 0.1 |

2024-09-09 23:59:19,068 - INFO -
| Epoch:    810 | Train loss: 4.5329e-01 | Valid loss: 4.2154e-01 | Train acc: 0.7708 ± 0.0000 | Valid acc: 0.8031 ± 0.0000 | Valid Power: 0.0009 | Train Power: 0.0010 | patience:  36 | lr: 0.003125 | Epoch time: 0.1 |

2024-09-09 23:59:20,313 - INFO -
| Epoch:    820 | Train loss: 4.5318e-01 | Valid loss: 4.2140e-01 | Train acc: 0.7708 ± 0.0000 | Valid acc: 0.8031 ± 0.0000 | Valid Power: 0.0008 | Train Power: 0.0008 | patience:  46 | lr: 0.003125 | Epoch time: 0.1 |

2024-09-09 23:59:21,513 - INFO -
| Epoch:    830 | Train loss: 4.5307e-01 | Valid loss: 4.2132e-01 | Train acc: 0.7708 ± 0.0000 | Valid acc: 0.8031 ± 0.0000 | Valid Power: 0.0008 | Train Power: 0.0008 | patience:  56 | lr: 0.003125 | Epoch time: 0.1 |

2024-09-09 23:59:22,701 - INFO -
| Epoch:    840 | Train loss: 4.5296e-01 | Valid loss: 4.2109e-01 | Train acc: 0.7708 ± 0.0000 | Valid acc: 0.8031 ± 0.0000 | Valid Power: 0.0009 | Train Power: 0.0009 | patience:  66 | lr: 0.003125 | Epoch time: 0.1 |

2024-09-09 23:59:23,943 - INFO -
| Epoch:    850 | Train loss: 4.5285e-01 | Valid loss: 4.2113e-01 | Train acc: 0.7708 ± 0.0000 | Valid acc: 0.8031 ± 0.0000 | Valid Power: 0.0012 | Train Power: 0.0012 | patience:  76 | lr: 0.003125 | Epoch time: 0.1 |

2024-09-09 23:59:25,186 - INFO -
| Epoch:    860 | Train loss: 4.5275e-01 | Valid loss: 4.2109e-01 | Train acc: 0.7708 ± 0.0000 | Valid acc: 0.8031 ± 0.0000 | Valid Power: 0.0020 | Train Power: 0.0019 | patience:  86 | lr: 0.003125 | Epoch time: 0.1 |

2024-09-09 23:59:26,428 - INFO -
| Epoch:    870 | Train loss: 4.5265e-01 | Valid loss: 4.2104e-01 | Train acc: 0.7708 ± 0.0000 | Valid acc: 0.8031 ± 0.0000 | Valid Power: 0.0039 | Train Power: 0.0037 | patience:  96 | lr: 0.003125 | Epoch time: 0.1 |

2024-09-09 23:59:27,040 - INFO -
load best network to warm start training with lower lr.

2024-09-09 23:59:27,040 - INFO -
lr update to 0.0015625.

2024-09-09 23:59:27,631 - INFO -
| Epoch:    880 | Train loss: 4.5397e-01 | Valid loss: 4.2422e-01 | Train acc: 0.7708 ± 0.0000 | Valid acc: 0.8031 ± 0.0000 | Valid Power: 0.0008 | Train Power: 0.0008 | patience:   5 | lr: 0.0015625 | Epoch time: 0.1 |

2024-09-09 23:59:28,804 - INFO -
| Epoch:    890 | Train loss: 4.5375e-01 | Valid loss: 4.2070e-01 | Train acc: 0.7708 ± 0.0000 | Valid acc: 0.8031 ± 0.0000 | Valid Power: 0.0008 | Train Power: 0.0008 | patience:  15 | lr: 0.0015625 | Epoch time: 0.1 |

2024-09-09 23:59:30,048 - INFO -
| Epoch:    900 | Train loss: 4.5359e-01 | Valid loss: 4.2166e-01 | Train acc: 0.7708 ± 0.0000 | Valid acc: 0.8031 ± 0.0000 | Valid Power: 0.0008 | Train Power: 0.0008 | patience:  25 | lr: 0.0015625 | Epoch time: 0.1 |

2024-09-09 23:59:31,214 - INFO -
| Epoch:    910 | Train loss: 4.5349e-01 | Valid loss: 4.2085e-01 | Train acc: 0.7708 ± 0.0000 | Valid acc: 0.8031 ± 0.0000 | Valid Power: 0.0008 | Train Power: 0.0008 | patience:  35 | lr: 0.0015625 | Epoch time: 0.1 |

2024-09-09 23:59:32,380 - INFO -
| Epoch:    920 | Train loss: 4.5341e-01 | Valid loss: 4.2032e-01 | Train acc: 0.7708 ± 0.0000 | Valid acc: 0.8031 ± 0.0000 | Valid Power: 0.0008 | Train Power: 0.0008 | patience:  45 | lr: 0.0015625 | Epoch time: 0.1 |

2024-09-09 23:59:33,550 - INFO -
| Epoch:    930 | Train loss: 4.5335e-01 | Valid loss: 4.2152e-01 | Train acc: 0.7708 ± 0.0000 | Valid acc: 0.8031 ± 0.0000 | Valid Power: 0.0008 | Train Power: 0.0008 | patience:  55 | lr: 0.0015625 | Epoch time: 0.1 |

2024-09-09 23:59:34,714 - INFO -
| Epoch:    940 | Train loss: 4.5328e-01 | Valid loss: 4.2143e-01 | Train acc: 0.7708 ± 0.0000 | Valid acc: 0.8031 ± 0.0000 | Valid Power: 0.0008 | Train Power: 0.0008 | patience:  65 | lr: 0.0015625 | Epoch time: 0.1 |

2024-09-09 23:59:35,878 - INFO -
| Epoch:    950 | Train loss: 4.5322e-01 | Valid loss: 4.2117e-01 | Train acc: 0.7708 ± 0.0000 | Valid acc: 0.8031 ± 0.0000 | Valid Power: 0.0008 | Train Power: 0.0008 | patience:  75 | lr: 0.0015625 | Epoch time: 0.1 |

2024-09-09 23:59:37,045 - INFO -
| Epoch:    960 | Train loss: 4.5316e-01 | Valid loss: 4.2109e-01 | Train acc: 0.7708 ± 0.0000 | Valid acc: 0.8031 ± 0.0000 | Valid Power: 0.0008 | Train Power: 0.0008 | patience:  85 | lr: 0.0015625 | Epoch time: 0.1 |

2024-09-09 23:59:38,205 - INFO -
| Epoch:    970 | Train loss: 4.5310e-01 | Valid loss: 4.2106e-01 | Train acc: 0.7708 ± 0.0000 | Valid acc: 0.8031 ± 0.0000 | Valid Power: 0.0008 | Train Power: 0.0008 | patience:  95 | lr: 0.0015625 | Epoch time: 0.1 |

2024-09-09 23:59:38,903 - INFO -
load best network to warm start training with lower lr.

2024-09-09 23:59:38,904 - INFO -
lr update to 0.00078125.

2024-09-09 23:59:39,365 - INFO -
| Epoch:    980 | Train loss: 4.5387e-01 | Valid loss: 4.2372e-01 | Train acc: 0.7708 ± 0.0000 | Valid acc: 0.8031 ± 0.0000 | Valid Power: 0.0008 | Train Power: 0.0008 | patience:   4 | lr: 0.00078125 | Epoch time: 0.1 |

2024-09-09 23:59:40,471 - INFO -
| Epoch:    990 | Train loss: 4.5381e-01 | Valid loss: 4.1829e-01 | Train acc: 0.7708 ± 0.0000 | Valid acc: 0.8031 ± 0.0000 | Valid Power: 0.0008 | Train Power: 0.0008 | patience:  14 | lr: 0.00078125 | Epoch time: 0.1 |

2024-09-09 23:59:41,532 - INFO -
| Epoch:   1000 | Train loss: 4.5372e-01 | Valid loss: 4.1901e-01 | Train acc: 0.7708 ± 0.0000 | Valid acc: 0.8031 ± 0.0000 | Valid Power: 0.0008 | Train Power: 0.0008 | patience:  24 | lr: 0.00078125 | Epoch time: 0.1 |

2024-09-09 23:59:42,599 - INFO -
| Epoch:   1010 | Train loss: 4.5365e-01 | Valid loss: 4.1974e-01 | Train acc: 0.7708 ± 0.0000 | Valid acc: 0.8031 ± 0.0000 | Valid Power: 0.0008 | Train Power: 0.0008 | patience:  34 | lr: 0.00078125 | Epoch time: 0.1 |

2024-09-09 23:59:43,657 - INFO -
| Epoch:   1020 | Train loss: 4.5359e-01 | Valid loss: 4.1915e-01 | Train acc: 0.7708 ± 0.0000 | Valid acc: 0.8031 ± 0.0000 | Valid Power: 0.0008 | Train Power: 0.0008 | patience:  44 | lr: 0.00078125 | Epoch time: 0.1 |

2024-09-09 23:59:44,716 - INFO -
| Epoch:   1030 | Train loss: 4.5354e-01 | Valid loss: 4.1948e-01 | Train acc: 0.7708 ± 0.0000 | Valid acc: 0.8031 ± 0.0000 | Valid Power: 0.0008 | Train Power: 0.0008 | patience:  54 | lr: 0.00078125 | Epoch time: 0.1 |

2024-09-09 23:59:45,760 - INFO -
| Epoch:   1040 | Train loss: 4.5349e-01 | Valid loss: 4.1973e-01 | Train acc: 0.7708 ± 0.0000 | Valid acc: 0.8031 ± 0.0000 | Valid Power: 0.0008 | Train Power: 0.0008 | patience:  64 | lr: 0.00078125 | Epoch time: 0.1 |

2024-09-09 23:59:46,889 - INFO -
| Epoch:   1050 | Train loss: 4.5345e-01 | Valid loss: 4.2041e-01 | Train acc: 0.7708 ± 0.0000 | Valid acc: 0.8031 ± 0.0000 | Valid Power: 0.0008 | Train Power: 0.0008 | patience:  74 | lr: 0.00078125 | Epoch time: 0.1 |

2024-09-09 23:59:47,935 - INFO -
| Epoch:   1060 | Train loss: 4.5341e-01 | Valid loss: 4.2086e-01 | Train acc: 0.7708 ± 0.0000 | Valid acc: 0.8031 ± 0.0000 | Valid Power: 0.0008 | Train Power: 0.0008 | patience:  84 | lr: 0.00078125 | Epoch time: 0.1 |

2024-09-09 23:59:48,976 - INFO -
| Epoch:   1070 | Train loss: 4.5338e-01 | Valid loss: 4.2109e-01 | Train acc: 0.7708 ± 0.0000 | Valid acc: 0.8031 ± 0.0000 | Valid Power: 0.0008 | Train Power: 0.0008 | patience:  94 | lr: 0.00078125 | Epoch time: 0.1 |

2024-09-09 23:59:49,706 - INFO -
load best network to warm start training with lower lr.

2024-09-09 23:59:49,706 - INFO -
lr update to 0.000390625.

2024-09-09 23:59:50,017 - INFO -
| Epoch:   1080 | Train loss: 4.5411e-01 | Valid loss: 4.1858e-01 | Train acc: 0.7708 ± 0.0000 | Valid acc: 0.8031 ± 0.0000 | Valid Power: 0.0008 | Train Power: 0.0008 | patience:   3 | lr: 0.000390625 | Epoch time: 0.1 |

2024-09-09 23:59:51,055 - INFO -
| Epoch:   1090 | Train loss: 4.5384e-01 | Valid loss: 4.2167e-01 | Train acc: 0.7708 ± 0.0000 | Valid acc: 0.8031 ± 0.0000 | Valid Power: 0.0008 | Train Power: 0.0008 | patience:  13 | lr: 0.000390625 | Epoch time: 0.1 |

2024-09-09 23:59:52,093 - INFO -
| Epoch:   1100 | Train loss: 4.5380e-01 | Valid loss: 4.1846e-01 | Train acc: 0.7708 ± 0.0000 | Valid acc: 0.8031 ± 0.0000 | Valid Power: 0.0008 | Train Power: 0.0008 | patience:  23 | lr: 0.000390625 | Epoch time: 0.1 |

2024-09-09 23:59:53,134 - INFO -
| Epoch:   1110 | Train loss: 4.5374e-01 | Valid loss: 4.1867e-01 | Train acc: 0.7708 ± 0.0000 | Valid acc: 0.8031 ± 0.0000 | Valid Power: 0.0008 | Train Power: 0.0008 | patience:  33 | lr: 0.000390625 | Epoch time: 0.1 |

2024-09-09 23:59:54,178 - INFO -
| Epoch:   1120 | Train loss: 4.5371e-01 | Valid loss: 4.1813e-01 | Train acc: 0.7708 ± 0.0000 | Valid acc: 0.8031 ± 0.0000 | Valid Power: 0.0008 | Train Power: 0.0008 | patience:  43 | lr: 0.000390625 | Epoch time: 0.1 |

2024-09-09 23:59:55,221 - INFO -
| Epoch:   1130 | Train loss: 4.5367e-01 | Valid loss: 4.1868e-01 | Train acc: 0.7708 ± 0.0000 | Valid acc: 0.8031 ± 0.0000 | Valid Power: 0.0008 | Train Power: 0.0008 | patience:  53 | lr: 0.000390625 | Epoch time: 0.1 |

2024-09-09 23:59:56,327 - INFO -
| Epoch:   1140 | Train loss: 4.5364e-01 | Valid loss: 4.1843e-01 | Train acc: 0.7708 ± 0.0000 | Valid acc: 0.8031 ± 0.0000 | Valid Power: 0.0008 | Train Power: 0.0008 | patience:  63 | lr: 0.000390625 | Epoch time: 0.1 |

2024-09-09 23:59:57,367 - INFO -
| Epoch:   1150 | Train loss: 4.5361e-01 | Valid loss: 4.1867e-01 | Train acc: 0.7708 ± 0.0000 | Valid acc: 0.8031 ± 0.0000 | Valid Power: 0.0008 | Train Power: 0.0008 | patience:  73 | lr: 0.000390625 | Epoch time: 0.1 |

2024-09-09 23:59:58,413 - INFO -
| Epoch:   1160 | Train loss: 4.5359e-01 | Valid loss: 4.1882e-01 | Train acc: 0.7708 ± 0.0000 | Valid acc: 0.8031 ± 0.0000 | Valid Power: 0.0008 | Train Power: 0.0008 | patience:  83 | lr: 0.000390625 | Epoch time: 0.1 |

2024-09-09 23:59:59,456 - INFO -
| Epoch:   1170 | Train loss: 4.5356e-01 | Valid loss: 4.1894e-01 | Train acc: 0.7708 ± 0.0000 | Valid acc: 0.8031 ± 0.0000 | Valid Power: 0.0008 | Train Power: 0.0008 | patience:  93 | lr: 0.000390625 | Epoch time: 0.1 |

2024-09-10 00:00:00,297 - INFO -
load best network to warm start training with lower lr.

2024-09-10 00:00:00,297 - INFO -
lr update to 0.0001953125.

2024-09-10 00:00:00,506 - INFO -
| Epoch:   1180 | Train loss: 4.5433e-01 | Valid loss: 4.1703e-01 | Train acc: 0.7708 ± 0.0000 | Valid acc: 0.8031 ± 0.0000 | Valid Power: 0.0008 | Train Power: 0.0008 | patience:   2 | lr: 0.0001953125 | Epoch time: 0.1 |

2024-09-10 00:00:01,553 - INFO -
| Epoch:   1190 | Train loss: 4.5389e-01 | Valid loss: 4.2082e-01 | Train acc: 0.7708 ± 0.0000 | Valid acc: 0.8031 ± 0.0000 | Valid Power: 0.0008 | Train Power: 0.0008 | patience:  12 | lr: 0.0001953125 | Epoch time: 0.1 |

2024-09-10 00:00:02,588 - INFO -
| Epoch:   1200 | Train loss: 4.5383e-01 | Valid loss: 4.2056e-01 | Train acc: 0.7708 ± 0.0000 | Valid acc: 0.8031 ± 0.0000 | Valid Power: 0.0008 | Train Power: 0.0008 | patience:  22 | lr: 0.0001953125 | Epoch time: 0.1 |

2024-09-10 00:00:03,623 - INFO -
| Epoch:   1210 | Train loss: 4.5381e-01 | Valid loss: 4.1893e-01 | Train acc: 0.7708 ± 0.0000 | Valid acc: 0.8031 ± 0.0000 | Valid Power: 0.0008 | Train Power: 0.0008 | patience:  32 | lr: 0.0001953125 | Epoch time: 0.1 |

2024-09-10 00:00:04,667 - INFO -
| Epoch:   1220 | Train loss: 4.5378e-01 | Valid loss: 4.1858e-01 | Train acc: 0.7708 ± 0.0000 | Valid acc: 0.8031 ± 0.0000 | Valid Power: 0.0008 | Train Power: 0.0008 | patience:  42 | lr: 0.0001953125 | Epoch time: 0.1 |

2024-09-10 00:00:05,705 - INFO -
| Epoch:   1230 | Train loss: 4.5376e-01 | Valid loss: 4.1839e-01 | Train acc: 0.7708 ± 0.0000 | Valid acc: 0.8031 ± 0.0000 | Valid Power: 0.0008 | Train Power: 0.0008 | patience:  52 | lr: 0.0001953125 | Epoch time: 0.1 |

2024-09-10 00:00:06,741 - INFO -
| Epoch:   1240 | Train loss: 4.5374e-01 | Valid loss: 4.1799e-01 | Train acc: 0.7708 ± 0.0000 | Valid acc: 0.8031 ± 0.0000 | Valid Power: 0.0008 | Train Power: 0.0008 | patience:  62 | lr: 0.0001953125 | Epoch time: 0.1 |

2024-09-10 00:00:07,779 - INFO -
| Epoch:   1250 | Train loss: 4.5372e-01 | Valid loss: 4.1800e-01 | Train acc: 0.7708 ± 0.0000 | Valid acc: 0.8031 ± 0.0000 | Valid Power: 0.0008 | Train Power: 0.0008 | patience:  72 | lr: 0.0001953125 | Epoch time: 0.1 |

2024-09-10 00:00:08,816 - INFO -
| Epoch:   1260 | Train loss: 4.5371e-01 | Valid loss: 4.1802e-01 | Train acc: 0.7708 ± 0.0000 | Valid acc: 0.8031 ± 0.0000 | Valid Power: 0.0008 | Train Power: 0.0008 | patience:  82 | lr: 0.0001953125 | Epoch time: 0.1 |

2024-09-10 00:00:09,861 - INFO -
| Epoch:   1270 | Train loss: 4.5369e-01 | Valid loss: 4.1798e-01 | Train acc: 0.7708 ± 0.0000 | Valid acc: 0.8031 ± 0.0000 | Valid Power: 0.0008 | Train Power: 0.0008 | patience:  92 | lr: 0.0001953125 | Epoch time: 0.1 |

2024-09-10 00:00:10,797 - INFO -
load best network to warm start training with lower lr.

2024-09-10 00:00:10,798 - INFO -
lr update to 9.765625e-05.

2024-09-10 00:00:10,798 - INFO -
Early stop.

2024-09-10 00:00:10,806 - INFO -
Training if finished.

2024-09-12 13:58:07,457 - INFO -
Configuration: 
gmin                0.01
gmax                10.0
T                   0.1
m                   0.3
type_nonlinear      normal
act                 tanh
ACT_R1n             12.7865
ACT_R2n             -3.1871
ACT_W1n             -10.4537
ACT_L1n             10.546
ACT_W2n             -5.8496
ACT_L2n             4.2337
S_R1n               -11.7481
S_R2n               -0.3905
S_W1n               -9.169
S_L1n               0.3913
S_W2n               7.2004
S_L2n               15.5558
ReLU_RHn            -1.9557
ReLU_RLn            -20.1581
ReLU_RDn            16.6486
ReLU_RBn            -14.3472
ReLU_Wn             16.655
ReLU_Ln             -21.7591
HS_Rn               -0.3766
HS_Wn               0.5192
HS_Ln               4.6293
NEG_R1n             -7.0846
NEG_R2n             -2.5695
NEG_R3n             16.1542
NEG_W1n             13.8696
NEG_L1n             2.7635
NEG_W2n             1.2674
NEG_L2n             -10.4803
NEG_W3n             -6.4386
NEG_L3n             5.1005
task                normal
DATASET             10
DataPath            ./dataset
InputNoise          0.0
IN_test             0.0
R_train             1
R_test              1
N_time              32
pathnorm            False
hidden              [3]
skipconnection      False
SEED                9
DEVICE              cpu
PATIENCE            500
EPOCH               10000000000
LR                  0.1
PROGRESSIVE         True
LR_PATIENCE         100
LR_DECAY            0.5
LR_MIN              0.0001
metric              acc
SoftEva             True
TIMELIMITATION      71
MODE                nominal
M_train             1
K_train             1
M_test              1
K_test              1
t_test_max          1
integration         MC
N_train             1
e_train             0.0
N_test              100
e_test              0.1
e_fault             2
fault_ratio         0.0
N_fault             50
e_fault_test        0
N_fault_test        50
dropout             0.0
lagrangian_loss     False
rho                 100
powerestimator      none
powerbalance        0.0
estimatorbalance    0.0
pgmin               1e-07
power_ratio         1000
lambda_P            100
areaestimator       none
areabalance         0.0
area_theta          0.15
area_act            30.0
area_neg            22.7
lambda_A            0.001
lnc                 False
projectname         tanh_0_FaultAnalysisNormal
temppath            ./tanh_0_FaultAnalysisNormal/temp/
logfilepath         ./tanh_0_FaultAnalysisNormal/log/
report_freq         10
recording           False
recordpath          ./tanh_0_FaultAnalysisNormal/record/
savepath            ./tanh_0_FaultAnalysisNormal/models/
loglevel            info


2024-09-12 13:58:07,484 - INFO -
Training network on device: cpu.

2024-09-12 13:58:07,484 - INFO -
Training setup: data_10_tictactoe_seed_09_epsilon_0.0_dropout_0.0_fault_ratio_0.0.model.

2024-09-12 13:58:07,484 - INFO -
{'dataname': 'tictactoe', 'N_feature': 9, 'N_class': 2, 'N_train': 397, 'N_valid': 127, 'N_test': 79}

2024-09-12 13:58:07,485 - INFO -
Training was already finished.

