2024-09-09 04:07:29,236 - INFO -
Configuration: 
gmin                0.01
gmax                10.0
T                   0.1
m                   0.3
type_nonlinear      normal
act                 tanh
ACT_R1n             12.7865
ACT_R2n             -3.1871
ACT_W1n             -10.4537
ACT_L1n             10.546
ACT_W2n             -5.8496
ACT_L2n             4.2337
S_R1n               -11.7481
S_R2n               -0.3905
S_W1n               -9.169
S_L1n               0.3913
S_W2n               7.2004
S_L2n               15.5558
ReLU_RHn            -1.9557
ReLU_RLn            -20.1581
ReLU_RDn            16.6486
ReLU_RBn            -14.3472
ReLU_Wn             16.655
ReLU_Ln             -21.7591
HS_Rn               -0.3766
HS_Wn               0.5192
HS_Ln               4.6293
NEG_R1n             -7.0846
NEG_R2n             -2.5695
NEG_R3n             16.1542
NEG_W1n             13.8696
NEG_L1n             2.7635
NEG_W2n             1.2674
NEG_L2n             -10.4803
NEG_W3n             -6.4386
NEG_L3n             5.1005
task                normal
DATASET             7
DataPath            ./dataset
InputNoise          0.0
IN_test             0.0
R_train             1
R_test              1
N_time              32
pathnorm            False
hidden              [3]
skipconnection      False
SEED                3
DEVICE              cpu
PATIENCE            500
EPOCH               10000000000
LR                  0.1
PROGRESSIVE         True
LR_PATIENCE         100
LR_DECAY            0.5
LR_MIN              0.0001
metric              acc
SoftEva             True
TIMELIMITATION      71
MODE                nominal
M_train             1
K_train             1
M_test              1
K_test              1
t_test_max          1
integration         MC
N_train             1
e_train             0.0
N_test              100
e_test              0.1
e_fault             2
fault_ratio         0.0
N_fault             50
e_fault_test        0
N_fault_test        50
dropout             0.0
lagrangian_loss     False
rho                 100
powerestimator      none
powerbalance        0.0
estimatorbalance    0.0
pgmin               1e-07
power_ratio         1000
lambda_P            100
areaestimator       none
areabalance         0.0
area_theta          0.15
area_act            30.0
area_neg            22.7
lambda_A            0.001
lnc                 False
projectname         tanh_0_FaultAnalysisNormal
temppath            ./tanh_0_FaultAnalysisNormal/temp/
logfilepath         ./tanh_0_FaultAnalysisNormal/log/
report_freq         10
recording           False
recordpath          ./tanh_0_FaultAnalysisNormal/record/
savepath            ./tanh_0_FaultAnalysisNormal/models/
loglevel            info


2024-09-09 04:07:29,236 - INFO -
Training network on device: cpu.

2024-09-09 04:07:29,236 - INFO -
Training setup: data_07_mammographic_seed_03_epsilon_0.0_dropout_0.0_fault_ratio_0.0.model.

2024-09-09 04:07:29,236 - INFO -
{'dataname': 'mammographic', 'N_feature': 5, 'N_class': 2, 'N_train': 397, 'N_valid': 127, 'N_test': 79}

2024-09-09 04:07:29,236 - INFO -
Topology of the network: [5, 3, 2].

2024-09-09 04:07:31,152 - INFO -
| Epoch:      0 | Train loss: 6.9318e-01 | Valid loss: 6.5336e-01 | Train acc: 0.4408 ± 0.0000 | Valid acc: 0.7480 ± 0.0000 | Valid Power: 0.0005 | Train Power: 0.0004 | patience:   0 | lr: 0.1 | Epoch time: 0.1 |

2024-09-09 04:07:32,259 - INFO -
| Epoch:     10 | Train loss: 5.4570e-01 | Valid loss: 4.7420e-01 | Train acc: 0.7582 ± 0.0000 | Valid acc: 0.8189 ± 0.0000 | Valid Power: 0.0005 | Train Power: 0.0005 | patience:   0 | lr: 0.1 | Epoch time: 0.1 |

2024-09-09 04:07:33,359 - INFO -
| Epoch:     20 | Train loss: 5.1160e-01 | Valid loss: 4.4620e-01 | Train acc: 0.7783 ± 0.0000 | Valid acc: 0.8268 ± 0.0000 | Valid Power: 0.0005 | Train Power: 0.0005 | patience:   0 | lr: 0.1 | Epoch time: 0.1 |

2024-09-09 04:07:34,460 - INFO -
| Epoch:     30 | Train loss: 5.0399e-01 | Valid loss: 4.4990e-01 | Train acc: 0.7809 ± 0.0000 | Valid acc: 0.8031 ± 0.0000 | Valid Power: 0.0005 | Train Power: 0.0005 | patience:   3 | lr: 0.1 | Epoch time: 0.1 |

2024-09-09 04:07:35,544 - INFO -
| Epoch:     40 | Train loss: 4.9712e-01 | Valid loss: 4.4111e-01 | Train acc: 0.7859 ± 0.0000 | Valid acc: 0.8031 ± 0.0000 | Valid Power: 0.0005 | Train Power: 0.0005 | patience:  13 | lr: 0.1 | Epoch time: 0.1 |

2024-09-09 04:07:36,744 - INFO -
| Epoch:     50 | Train loss: 4.9427e-01 | Valid loss: 4.3697e-01 | Train acc: 0.7859 ± 0.0000 | Valid acc: 0.8031 ± 0.0000 | Valid Power: 0.0005 | Train Power: 0.0005 | patience:   0 | lr: 0.1 | Epoch time: 0.1 |

2024-09-09 04:07:37,836 - INFO -
| Epoch:     60 | Train loss: 4.9225e-01 | Valid loss: 4.3972e-01 | Train acc: 0.7909 ± 0.0000 | Valid acc: 0.8031 ± 0.0000 | Valid Power: 0.0005 | Train Power: 0.0005 | patience:   8 | lr: 0.1 | Epoch time: 0.1 |

2024-09-09 04:07:38,941 - INFO -
| Epoch:     70 | Train loss: 4.9008e-01 | Valid loss: 4.3437e-01 | Train acc: 0.7884 ± 0.0000 | Valid acc: 0.8031 ± 0.0000 | Valid Power: 0.0005 | Train Power: 0.0005 | patience:   2 | lr: 0.1 | Epoch time: 0.1 |

2024-09-09 04:07:40,046 - INFO -
| Epoch:     80 | Train loss: 4.8735e-01 | Valid loss: 4.3219e-01 | Train acc: 0.7884 ± 0.0000 | Valid acc: 0.8031 ± 0.0000 | Valid Power: 0.0005 | Train Power: 0.0005 | patience:   0 | lr: 0.1 | Epoch time: 0.1 |

2024-09-09 04:07:41,131 - INFO -
| Epoch:     90 | Train loss: 4.9326e-01 | Valid loss: 4.4740e-01 | Train acc: 0.7834 ± 0.0000 | Valid acc: 0.7874 ± 0.0000 | Valid Power: 0.0005 | Train Power: 0.0005 | patience:   5 | lr: 0.1 | Epoch time: 0.1 |

2024-09-09 04:07:42,213 - INFO -
| Epoch:    100 | Train loss: 4.8481e-01 | Valid loss: 4.3041e-01 | Train acc: 0.7909 ± 0.0000 | Valid acc: 0.8031 ± 0.0000 | Valid Power: 0.0005 | Train Power: 0.0005 | patience:   6 | lr: 0.1 | Epoch time: 0.1 |

2024-09-09 04:07:43,289 - INFO -
| Epoch:    110 | Train loss: 4.8517e-01 | Valid loss: 4.3423e-01 | Train acc: 0.7884 ± 0.0000 | Valid acc: 0.7953 ± 0.0000 | Valid Power: 0.0005 | Train Power: 0.0005 | patience:  16 | lr: 0.1 | Epoch time: 0.1 |

2024-09-09 04:07:44,374 - INFO -
| Epoch:    120 | Train loss: 4.8342e-01 | Valid loss: 4.3071e-01 | Train acc: 0.7884 ± 0.0000 | Valid acc: 0.7953 ± 0.0000 | Valid Power: 0.0005 | Train Power: 0.0005 | patience:  26 | lr: 0.1 | Epoch time: 0.1 |

2024-09-09 04:07:45,472 - INFO -
| Epoch:    130 | Train loss: 4.8195e-01 | Valid loss: 4.2893e-01 | Train acc: 0.7834 ± 0.0000 | Valid acc: 0.8031 ± 0.0000 | Valid Power: 0.0005 | Train Power: 0.0005 | patience:   0 | lr: 0.1 | Epoch time: 0.1 |

2024-09-09 04:07:46,577 - INFO -
| Epoch:    140 | Train loss: 4.8200e-01 | Valid loss: 4.2684e-01 | Train acc: 0.7834 ± 0.0000 | Valid acc: 0.8031 ± 0.0000 | Valid Power: 0.0005 | Train Power: 0.0005 | patience:   0 | lr: 0.1 | Epoch time: 0.1 |

2024-09-09 04:07:47,669 - INFO -
| Epoch:    150 | Train loss: 4.8303e-01 | Valid loss: 4.2162e-01 | Train acc: 0.7809 ± 0.0000 | Valid acc: 0.8110 ± 0.0000 | Valid Power: 0.0005 | Train Power: 0.0005 | patience:   2 | lr: 0.1 | Epoch time: 0.1 |

2024-09-09 04:07:48,750 - INFO -
| Epoch:    160 | Train loss: 4.8128e-01 | Valid loss: 4.2366e-01 | Train acc: 0.7859 ± 0.0000 | Valid acc: 0.8110 ± 0.0000 | Valid Power: 0.0005 | Train Power: 0.0005 | patience:   4 | lr: 0.1 | Epoch time: 0.1 |

2024-09-09 04:07:49,834 - INFO -
| Epoch:    170 | Train loss: 4.7648e-01 | Valid loss: 4.1906e-01 | Train acc: 0.7834 ± 0.0000 | Valid acc: 0.8268 ± 0.0000 | Valid Power: 0.0005 | Train Power: 0.0005 | patience:   0 | lr: 0.1 | Epoch time: 0.1 |

2024-09-09 04:07:50,916 - INFO -
| Epoch:    180 | Train loss: 4.7719e-01 | Valid loss: 4.2572e-01 | Train acc: 0.7935 ± 0.0000 | Valid acc: 0.8189 ± 0.0000 | Valid Power: 0.0005 | Train Power: 0.0005 | patience:  10 | lr: 0.1 | Epoch time: 0.1 |

2024-09-09 04:07:51,997 - INFO -
| Epoch:    190 | Train loss: 4.7686e-01 | Valid loss: 4.3073e-01 | Train acc: 0.7884 ± 0.0000 | Valid acc: 0.8110 ± 0.0000 | Valid Power: 0.0005 | Train Power: 0.0005 | patience:  20 | lr: 0.1 | Epoch time: 0.1 |

2024-09-09 04:07:53,095 - INFO -
| Epoch:    200 | Train loss: 4.7701e-01 | Valid loss: 4.3461e-01 | Train acc: 0.7859 ± 0.0000 | Valid acc: 0.8110 ± 0.0000 | Valid Power: 0.0005 | Train Power: 0.0005 | patience:   3 | lr: 0.1 | Epoch time: 0.1 |

2024-09-09 04:07:54,179 - INFO -
| Epoch:    210 | Train loss: 4.7724e-01 | Valid loss: 4.3197e-01 | Train acc: 0.7733 ± 0.0000 | Valid acc: 0.8110 ± 0.0000 | Valid Power: 0.0005 | Train Power: 0.0005 | patience:   2 | lr: 0.1 | Epoch time: 0.1 |

2024-09-09 04:07:55,259 - INFO -
| Epoch:    220 | Train loss: 4.7332e-01 | Valid loss: 4.3795e-01 | Train acc: 0.7884 ± 0.0000 | Valid acc: 0.7953 ± 0.0000 | Valid Power: 0.0006 | Train Power: 0.0006 | patience:  12 | lr: 0.1 | Epoch time: 0.1 |

2024-09-09 04:07:56,338 - INFO -
| Epoch:    230 | Train loss: 4.7550e-01 | Valid loss: 4.3286e-01 | Train acc: 0.8111 ± 0.0000 | Valid acc: 0.8110 ± 0.0000 | Valid Power: 0.0005 | Train Power: 0.0005 | patience:  22 | lr: 0.1 | Epoch time: 0.1 |

2024-09-09 04:07:57,418 - INFO -
| Epoch:    240 | Train loss: 4.7352e-01 | Valid loss: 4.3743e-01 | Train acc: 0.7884 ± 0.0000 | Valid acc: 0.7874 ± 0.0000 | Valid Power: 0.0005 | Train Power: 0.0005 | patience:  32 | lr: 0.1 | Epoch time: 0.1 |

2024-09-09 04:07:58,498 - INFO -
| Epoch:    250 | Train loss: 4.7802e-01 | Valid loss: 4.3952e-01 | Train acc: 0.7834 ± 0.0000 | Valid acc: 0.7953 ± 0.0000 | Valid Power: 0.0005 | Train Power: 0.0005 | patience:  42 | lr: 0.1 | Epoch time: 0.1 |

2024-09-09 04:07:59,583 - INFO -
| Epoch:    260 | Train loss: 4.7187e-01 | Valid loss: 4.2511e-01 | Train acc: 0.7884 ± 0.0000 | Valid acc: 0.8031 ± 0.0000 | Valid Power: 0.0005 | Train Power: 0.0005 | patience:   5 | lr: 0.1 | Epoch time: 0.1 |

2024-09-09 04:08:00,681 - INFO -
| Epoch:    270 | Train loss: 4.6964e-01 | Valid loss: 4.2586e-01 | Train acc: 0.7834 ± 0.0000 | Valid acc: 0.8110 ± 0.0000 | Valid Power: 0.0005 | Train Power: 0.0005 | patience:  15 | lr: 0.1 | Epoch time: 0.1 |

2024-09-09 04:08:01,781 - INFO -
| Epoch:    280 | Train loss: 4.6755e-01 | Valid loss: 4.3604e-01 | Train acc: 0.7909 ± 0.0000 | Valid acc: 0.7874 ± 0.0000 | Valid Power: 0.0006 | Train Power: 0.0006 | patience:  25 | lr: 0.1 | Epoch time: 0.1 |

2024-09-09 04:08:02,952 - INFO -
| Epoch:    290 | Train loss: 4.6752e-01 | Valid loss: 4.3877e-01 | Train acc: 0.7909 ± 0.0000 | Valid acc: 0.8031 ± 0.0000 | Valid Power: 0.0005 | Train Power: 0.0005 | patience:  35 | lr: 0.1 | Epoch time: 0.1 |

2024-09-09 04:08:04,036 - INFO -
| Epoch:    300 | Train loss: 4.6937e-01 | Valid loss: 4.2998e-01 | Train acc: 0.7909 ± 0.0000 | Valid acc: 0.7953 ± 0.0000 | Valid Power: 0.0006 | Train Power: 0.0006 | patience:  45 | lr: 0.1 | Epoch time: 0.1 |

2024-09-09 04:08:05,111 - INFO -
| Epoch:    310 | Train loss: 4.7909e-01 | Valid loss: 4.2166e-01 | Train acc: 0.7960 ± 0.0000 | Valid acc: 0.7953 ± 0.0000 | Valid Power: 0.0005 | Train Power: 0.0005 | patience:  55 | lr: 0.1 | Epoch time: 0.1 |

2024-09-09 04:08:06,184 - INFO -
| Epoch:    320 | Train loss: 4.7819e-01 | Valid loss: 4.3190e-01 | Train acc: 0.7859 ± 0.0000 | Valid acc: 0.7953 ± 0.0000 | Valid Power: 0.0005 | Train Power: 0.0005 | patience:  65 | lr: 0.1 | Epoch time: 0.1 |

2024-09-09 04:08:07,260 - INFO -
| Epoch:    330 | Train loss: 4.7788e-01 | Valid loss: 4.3493e-01 | Train acc: 0.7859 ± 0.0000 | Valid acc: 0.8110 ± 0.0000 | Valid Power: 0.0005 | Train Power: 0.0005 | patience:  75 | lr: 0.1 | Epoch time: 0.1 |

2024-09-09 04:08:08,340 - INFO -
| Epoch:    340 | Train loss: 4.7230e-01 | Valid loss: 4.2630e-01 | Train acc: 0.7884 ± 0.0000 | Valid acc: 0.8268 ± 0.0000 | Valid Power: 0.0006 | Train Power: 0.0006 | patience:   9 | lr: 0.1 | Epoch time: 0.1 |

2024-09-09 04:08:09,422 - INFO -
| Epoch:    350 | Train loss: 4.6687e-01 | Valid loss: 4.4330e-01 | Train acc: 0.7985 ± 0.0000 | Valid acc: 0.8110 ± 0.0000 | Valid Power: 0.0005 | Train Power: 0.0005 | patience:  19 | lr: 0.1 | Epoch time: 0.1 |

2024-09-09 04:08:10,498 - INFO -
| Epoch:    360 | Train loss: 4.7328e-01 | Valid loss: 4.3669e-01 | Train acc: 0.7884 ± 0.0000 | Valid acc: 0.8110 ± 0.0000 | Valid Power: 0.0006 | Train Power: 0.0006 | patience:  29 | lr: 0.1 | Epoch time: 0.1 |

2024-09-09 04:08:11,577 - INFO -
| Epoch:    370 | Train loss: 4.7056e-01 | Valid loss: 4.3644e-01 | Train acc: 0.7909 ± 0.0000 | Valid acc: 0.8110 ± 0.0000 | Valid Power: 0.0006 | Train Power: 0.0006 | patience:  39 | lr: 0.1 | Epoch time: 0.1 |

2024-09-09 04:08:12,656 - INFO -
| Epoch:    380 | Train loss: 4.6926e-01 | Valid loss: 4.3590e-01 | Train acc: 0.7809 ± 0.0000 | Valid acc: 0.7874 ± 0.0000 | Valid Power: 0.0012 | Train Power: 0.0006 | patience:  49 | lr: 0.1 | Epoch time: 0.1 |

2024-09-09 04:08:13,735 - INFO -
| Epoch:    390 | Train loss: 4.6817e-01 | Valid loss: 4.4761e-01 | Train acc: 0.7859 ± 0.0000 | Valid acc: 0.7953 ± 0.0000 | Valid Power: 0.0010 | Train Power: 0.0007 | patience:  59 | lr: 0.1 | Epoch time: 0.1 |

2024-09-09 04:08:14,816 - INFO -
| Epoch:    400 | Train loss: 4.6562e-01 | Valid loss: 4.4685e-01 | Train acc: 0.7783 ± 0.0000 | Valid acc: 0.7953 ± 0.0000 | Valid Power: 0.0006 | Train Power: 0.0006 | patience:  69 | lr: 0.1 | Epoch time: 0.1 |

2024-09-09 04:08:15,895 - INFO -
| Epoch:    410 | Train loss: 4.6651e-01 | Valid loss: 4.3660e-01 | Train acc: 0.7909 ± 0.0000 | Valid acc: 0.8031 ± 0.0000 | Valid Power: 0.0006 | Train Power: 0.0006 | patience:  79 | lr: 0.1 | Epoch time: 0.1 |

2024-09-09 04:08:16,972 - INFO -
| Epoch:    420 | Train loss: 4.6426e-01 | Valid loss: 4.4296e-01 | Train acc: 0.7935 ± 0.0000 | Valid acc: 0.8110 ± 0.0000 | Valid Power: 0.0006 | Train Power: 0.0006 | patience:  89 | lr: 0.1 | Epoch time: 0.1 |

2024-09-09 04:08:18,140 - INFO -
| Epoch:    430 | Train loss: 4.7868e-01 | Valid loss: 4.5178e-01 | Train acc: 0.7859 ± 0.0000 | Valid acc: 0.7953 ± 0.0000 | Valid Power: 0.0006 | Train Power: 0.0006 | patience:  99 | lr: 0.1 | Epoch time: 0.1 |

2024-09-09 04:08:18,357 - INFO -
load best network to warm start training with lower lr.

2024-09-09 04:08:18,357 - INFO -
lr update to 0.05.

2024-09-09 04:08:19,233 - INFO -
| Epoch:    440 | Train loss: 4.7014e-01 | Valid loss: 4.3214e-01 | Train acc: 0.7909 ± 0.0000 | Valid acc: 0.8189 ± 0.0000 | Valid Power: 0.0006 | Train Power: 0.0006 | patience:   2 | lr: 0.05 | Epoch time: 0.1 |

2024-09-09 04:08:20,313 - INFO -
| Epoch:    450 | Train loss: 4.7243e-01 | Valid loss: 4.2018e-01 | Train acc: 0.7834 ± 0.0000 | Valid acc: 0.8031 ± 0.0000 | Valid Power: 0.0006 | Train Power: 0.0006 | patience:  12 | lr: 0.05 | Epoch time: 0.1 |

2024-09-09 04:08:21,388 - INFO -
| Epoch:    460 | Train loss: 4.6743e-01 | Valid loss: 4.2903e-01 | Train acc: 0.8010 ± 0.0000 | Valid acc: 0.8268 ± 0.0000 | Valid Power: 0.0006 | Train Power: 0.0006 | patience:  22 | lr: 0.05 | Epoch time: 0.1 |

2024-09-09 04:08:22,464 - INFO -
| Epoch:    470 | Train loss: 4.6705e-01 | Valid loss: 4.4208e-01 | Train acc: 0.8035 ± 0.0000 | Valid acc: 0.8110 ± 0.0000 | Valid Power: 0.0006 | Train Power: 0.0006 | patience:  32 | lr: 0.05 | Epoch time: 0.1 |

2024-09-09 04:08:23,538 - INFO -
| Epoch:    480 | Train loss: 4.6977e-01 | Valid loss: 4.3003e-01 | Train acc: 0.7909 ± 0.0000 | Valid acc: 0.8189 ± 0.0000 | Valid Power: 0.0006 | Train Power: 0.0006 | patience:  42 | lr: 0.05 | Epoch time: 0.1 |

2024-09-09 04:08:24,616 - INFO -
| Epoch:    490 | Train loss: 4.6791e-01 | Valid loss: 4.4181e-01 | Train acc: 0.7960 ± 0.0000 | Valid acc: 0.8031 ± 0.0000 | Valid Power: 0.0006 | Train Power: 0.0006 | patience:  52 | lr: 0.05 | Epoch time: 0.1 |

2024-09-09 04:08:25,691 - INFO -
| Epoch:    500 | Train loss: 4.6557e-01 | Valid loss: 4.2801e-01 | Train acc: 0.7960 ± 0.0000 | Valid acc: 0.8189 ± 0.0000 | Valid Power: 0.0006 | Train Power: 0.0006 | patience:  62 | lr: 0.05 | Epoch time: 0.1 |

2024-09-09 04:08:26,764 - INFO -
| Epoch:    510 | Train loss: 4.6533e-01 | Valid loss: 4.2967e-01 | Train acc: 0.7884 ± 0.0000 | Valid acc: 0.7953 ± 0.0000 | Valid Power: 0.0006 | Train Power: 0.0006 | patience:  72 | lr: 0.05 | Epoch time: 0.1 |

2024-09-09 04:08:27,840 - INFO -
| Epoch:    520 | Train loss: 4.6406e-01 | Valid loss: 4.3374e-01 | Train acc: 0.7935 ± 0.0000 | Valid acc: 0.8110 ± 0.0000 | Valid Power: 0.0006 | Train Power: 0.0006 | patience:  82 | lr: 0.05 | Epoch time: 0.1 |

2024-09-09 04:08:28,915 - INFO -
| Epoch:    530 | Train loss: 4.6307e-01 | Valid loss: 4.3539e-01 | Train acc: 0.7935 ± 0.0000 | Valid acc: 0.8110 ± 0.0000 | Valid Power: 0.0006 | Train Power: 0.0006 | patience:  92 | lr: 0.05 | Epoch time: 0.1 |

2024-09-09 04:08:29,886 - INFO -
load best network to warm start training with lower lr.

2024-09-09 04:08:29,886 - INFO -
lr update to 0.025.

2024-09-09 04:08:29,994 - INFO -
| Epoch:    540 | Train loss: 4.7522e-01 | Valid loss: 4.2991e-01 | Train acc: 0.7935 ± 0.0000 | Valid acc: 0.8110 ± 0.0000 | Valid Power: 0.0006 | Train Power: 0.0006 | patience:   1 | lr: 0.025 | Epoch time: 0.1 |

2024-09-09 04:08:31,089 - INFO -
| Epoch:    550 | Train loss: 4.6914e-01 | Valid loss: 4.1926e-01 | Train acc: 0.7960 ± 0.0000 | Valid acc: 0.8346 ± 0.0000 | Valid Power: 0.0006 | Train Power: 0.0007 | patience:  11 | lr: 0.025 | Epoch time: 0.1 |

2024-09-09 04:08:32,165 - INFO -
| Epoch:    560 | Train loss: 4.6849e-01 | Valid loss: 4.3374e-01 | Train acc: 0.7985 ± 0.0000 | Valid acc: 0.8031 ± 0.0000 | Valid Power: 0.0006 | Train Power: 0.0006 | patience:  21 | lr: 0.025 | Epoch time: 0.1 |

2024-09-09 04:08:33,239 - INFO -
| Epoch:    570 | Train loss: 4.6801e-01 | Valid loss: 4.1878e-01 | Train acc: 0.7935 ± 0.0000 | Valid acc: 0.8425 ± 0.0000 | Valid Power: 0.0006 | Train Power: 0.0006 | patience:  31 | lr: 0.025 | Epoch time: 0.1 |

2024-09-09 04:08:34,315 - INFO -
| Epoch:    580 | Train loss: 4.6642e-01 | Valid loss: 4.3484e-01 | Train acc: 0.7960 ± 0.0000 | Valid acc: 0.8189 ± 0.0000 | Valid Power: 0.0007 | Train Power: 0.0025 | patience:  41 | lr: 0.025 | Epoch time: 0.1 |

2024-09-09 04:08:35,392 - INFO -
| Epoch:    590 | Train loss: 4.6578e-01 | Valid loss: 4.3451e-01 | Train acc: 0.7985 ± 0.0000 | Valid acc: 0.8189 ± 0.0000 | Valid Power: 0.0006 | Train Power: 0.0006 | patience:  51 | lr: 0.025 | Epoch time: 0.1 |

2024-09-09 04:08:36,468 - INFO -
| Epoch:    600 | Train loss: 4.6541e-01 | Valid loss: 4.3369e-01 | Train acc: 0.7985 ± 0.0000 | Valid acc: 0.8189 ± 0.0000 | Valid Power: 0.0008 | Train Power: 0.0007 | patience:  61 | lr: 0.025 | Epoch time: 0.1 |

2024-09-09 04:08:37,546 - INFO -
| Epoch:    610 | Train loss: 4.6510e-01 | Valid loss: 4.3362e-01 | Train acc: 0.7985 ± 0.0000 | Valid acc: 0.8189 ± 0.0000 | Valid Power: 0.0007 | Train Power: 0.0017 | patience:  71 | lr: 0.025 | Epoch time: 0.1 |

2024-09-09 04:08:38,629 - INFO -
| Epoch:    620 | Train loss: 4.6509e-01 | Valid loss: 4.3287e-01 | Train acc: 0.7985 ± 0.0000 | Valid acc: 0.8189 ± 0.0000 | Valid Power: 0.0007 | Train Power: 0.0013 | patience:  81 | lr: 0.025 | Epoch time: 0.1 |

2024-09-09 04:08:39,707 - INFO -
| Epoch:    630 | Train loss: 4.6451e-01 | Valid loss: 4.3241e-01 | Train acc: 0.7985 ± 0.0000 | Valid acc: 0.8189 ± 0.0000 | Valid Power: 0.0006 | Train Power: 0.0007 | patience:  91 | lr: 0.025 | Epoch time: 0.1 |

2024-09-09 04:08:40,787 - INFO -
load best network to warm start training with lower lr.

2024-09-09 04:08:40,787 - INFO -
lr update to 0.0125.

2024-09-09 04:08:40,787 - INFO -
| Epoch:    640 | Train loss: 4.6423e-01 | Valid loss: 4.3169e-01 | Train acc: 0.7935 ± 0.0000 | Valid acc: 0.8189 ± 0.0000 | Valid Power: 0.0021 | Train Power: 0.0008 | patience:   0 | lr: 0.0125 | Epoch time: 0.1 |

2024-09-09 04:08:41,863 - INFO -
| Epoch:    650 | Train loss: 4.6779e-01 | Valid loss: 4.3675e-01 | Train acc: 0.7935 ± 0.0000 | Valid acc: 0.8110 ± 0.0000 | Valid Power: 0.0006 | Train Power: 0.0006 | patience:  10 | lr: 0.0125 | Epoch time: 0.1 |

2024-09-09 04:08:42,939 - INFO -
| Epoch:    660 | Train loss: 4.6652e-01 | Valid loss: 4.4108e-01 | Train acc: 0.7985 ± 0.0000 | Valid acc: 0.8110 ± 0.0000 | Valid Power: 0.0006 | Train Power: 0.0006 | patience:  20 | lr: 0.0125 | Epoch time: 0.1 |

2024-09-09 04:08:44,108 - INFO -
| Epoch:    670 | Train loss: 4.6583e-01 | Valid loss: 4.3691e-01 | Train acc: 0.7884 ± 0.0000 | Valid acc: 0.7874 ± 0.0000 | Valid Power: 0.0006 | Train Power: 0.0006 | patience:  30 | lr: 0.0125 | Epoch time: 0.1 |

2024-09-09 04:08:45,182 - INFO -
| Epoch:    680 | Train loss: 4.6537e-01 | Valid loss: 4.3575e-01 | Train acc: 0.7909 ± 0.0000 | Valid acc: 0.7953 ± 0.0000 | Valid Power: 0.0006 | Train Power: 0.0006 | patience:  40 | lr: 0.0125 | Epoch time: 0.1 |

2024-09-09 04:08:46,261 - INFO -
| Epoch:    690 | Train loss: 4.6527e-01 | Valid loss: 4.3550e-01 | Train acc: 0.7909 ± 0.0000 | Valid acc: 0.8031 ± 0.0000 | Valid Power: 0.0006 | Train Power: 0.0006 | patience:  50 | lr: 0.0125 | Epoch time: 0.1 |

2024-09-09 04:08:47,341 - INFO -
| Epoch:    700 | Train loss: 4.6515e-01 | Valid loss: 4.3569e-01 | Train acc: 0.7909 ± 0.0000 | Valid acc: 0.7953 ± 0.0000 | Valid Power: 0.0006 | Train Power: 0.0006 | patience:  60 | lr: 0.0125 | Epoch time: 0.1 |

2024-09-09 04:08:48,421 - INFO -
| Epoch:    710 | Train loss: 4.6501e-01 | Valid loss: 4.3656e-01 | Train acc: 0.7909 ± 0.0000 | Valid acc: 0.7953 ± 0.0000 | Valid Power: 0.0006 | Train Power: 0.0006 | patience:  70 | lr: 0.0125 | Epoch time: 0.1 |

2024-09-09 04:08:49,500 - INFO -
| Epoch:    720 | Train loss: 4.6487e-01 | Valid loss: 4.3728e-01 | Train acc: 0.7909 ± 0.0000 | Valid acc: 0.7953 ± 0.0000 | Valid Power: 0.0008 | Train Power: 0.0006 | patience:  80 | lr: 0.0125 | Epoch time: 0.1 |

2024-09-09 04:08:50,577 - INFO -
| Epoch:    730 | Train loss: 4.6474e-01 | Valid loss: 4.3824e-01 | Train acc: 0.7909 ± 0.0000 | Valid acc: 0.7953 ± 0.0000 | Valid Power: 0.0006 | Train Power: 0.0006 | patience:  90 | lr: 0.0125 | Epoch time: 0.1 |

2024-09-09 04:08:51,653 - INFO -
| Epoch:    740 | Train loss: 4.6458e-01 | Valid loss: 4.3825e-01 | Train acc: 0.7909 ± 0.0000 | Valid acc: 0.7953 ± 0.0000 | Valid Power: 0.0016 | Train Power: 0.0011 | patience: 100 | lr: 0.0125 | Epoch time: 0.1 |

2024-09-09 04:08:51,763 - INFO -
load best network to warm start training with lower lr.

2024-09-09 04:08:51,763 - INFO -
lr update to 0.00625.

2024-09-09 04:08:52,729 - INFO -
| Epoch:    750 | Train loss: 4.6954e-01 | Valid loss: 4.3580e-01 | Train acc: 0.7935 ± 0.0000 | Valid acc: 0.8189 ± 0.0000 | Valid Power: 0.0006 | Train Power: 0.0006 | patience:   9 | lr: 0.00625 | Epoch time: 0.1 |

2024-09-09 04:08:53,810 - INFO -
| Epoch:    760 | Train loss: 4.6871e-01 | Valid loss: 4.3456e-01 | Train acc: 0.7935 ± 0.0000 | Valid acc: 0.8189 ± 0.0000 | Valid Power: 0.0006 | Train Power: 0.0006 | patience:  19 | lr: 0.00625 | Epoch time: 0.1 |

2024-09-09 04:08:54,889 - INFO -
| Epoch:    770 | Train loss: 4.6693e-01 | Valid loss: 4.3291e-01 | Train acc: 0.8010 ± 0.0000 | Valid acc: 0.8189 ± 0.0000 | Valid Power: 0.0006 | Train Power: 0.0006 | patience:  29 | lr: 0.00625 | Epoch time: 0.1 |

2024-09-09 04:08:55,966 - INFO -
| Epoch:    780 | Train loss: 4.6638e-01 | Valid loss: 4.3533e-01 | Train acc: 0.7909 ± 0.0000 | Valid acc: 0.8189 ± 0.0000 | Valid Power: 0.0006 | Train Power: 0.0006 | patience:  39 | lr: 0.00625 | Epoch time: 0.1 |

2024-09-09 04:08:57,041 - INFO -
| Epoch:    790 | Train loss: 4.6584e-01 | Valid loss: 4.3832e-01 | Train acc: 0.7909 ± 0.0000 | Valid acc: 0.7953 ± 0.0000 | Valid Power: 0.0006 | Train Power: 0.0006 | patience:  49 | lr: 0.00625 | Epoch time: 0.1 |

2024-09-09 04:08:58,113 - INFO -
| Epoch:    800 | Train loss: 4.6552e-01 | Valid loss: 4.3780e-01 | Train acc: 0.7909 ± 0.0000 | Valid acc: 0.7953 ± 0.0000 | Valid Power: 0.0006 | Train Power: 0.0006 | patience:  59 | lr: 0.00625 | Epoch time: 0.1 |

2024-09-09 04:08:59,260 - INFO -
| Epoch:    810 | Train loss: 4.6534e-01 | Valid loss: 4.3596e-01 | Train acc: 0.7909 ± 0.0000 | Valid acc: 0.7953 ± 0.0000 | Valid Power: 0.0006 | Train Power: 0.0006 | patience:  69 | lr: 0.00625 | Epoch time: 0.1 |

2024-09-09 04:09:00,333 - INFO -
| Epoch:    820 | Train loss: 4.6527e-01 | Valid loss: 4.3543e-01 | Train acc: 0.7909 ± 0.0000 | Valid acc: 0.7953 ± 0.0000 | Valid Power: 0.0006 | Train Power: 0.0006 | patience:  79 | lr: 0.00625 | Epoch time: 0.1 |

2024-09-09 04:09:01,408 - INFO -
| Epoch:    830 | Train loss: 4.6519e-01 | Valid loss: 4.3607e-01 | Train acc: 0.7909 ± 0.0000 | Valid acc: 0.7953 ± 0.0000 | Valid Power: 0.0006 | Train Power: 0.0006 | patience:  89 | lr: 0.00625 | Epoch time: 0.1 |

2024-09-09 04:09:02,481 - INFO -
| Epoch:    840 | Train loss: 4.6510e-01 | Valid loss: 4.3649e-01 | Train acc: 0.7909 ± 0.0000 | Valid acc: 0.7953 ± 0.0000 | Valid Power: 0.0007 | Train Power: 0.0006 | patience:  99 | lr: 0.00625 | Epoch time: 0.1 |

2024-09-09 04:09:02,699 - INFO -
load best network to warm start training with lower lr.

2024-09-09 04:09:02,699 - INFO -
lr update to 0.003125.

2024-09-09 04:09:03,571 - INFO -
| Epoch:    850 | Train loss: 4.7005e-01 | Valid loss: 4.2350e-01 | Train acc: 0.7909 ± 0.0000 | Valid acc: 0.8189 ± 0.0000 | Valid Power: 0.0006 | Train Power: 0.0006 | patience:   7 | lr: 0.003125 | Epoch time: 0.1 |

2024-09-09 04:09:04,651 - INFO -
| Epoch:    860 | Train loss: 4.6884e-01 | Valid loss: 4.2606e-01 | Train acc: 0.7935 ± 0.0000 | Valid acc: 0.8268 ± 0.0000 | Valid Power: 0.0008 | Train Power: 0.0006 | patience:  17 | lr: 0.003125 | Epoch time: 0.1 |

2024-09-09 04:09:05,734 - INFO -
| Epoch:    870 | Train loss: 4.6721e-01 | Valid loss: 4.2171e-01 | Train acc: 0.7960 ± 0.0000 | Valid acc: 0.8268 ± 0.0000 | Valid Power: 0.0006 | Train Power: 0.0006 | patience:  27 | lr: 0.003125 | Epoch time: 0.1 |

2024-09-09 04:09:06,807 - INFO -
| Epoch:    880 | Train loss: 4.6711e-01 | Valid loss: 4.2359e-01 | Train acc: 0.7985 ± 0.0000 | Valid acc: 0.8268 ± 0.0000 | Valid Power: 0.0006 | Train Power: 0.0006 | patience:  37 | lr: 0.003125 | Epoch time: 0.1 |

2024-09-09 04:09:07,879 - INFO -
| Epoch:    890 | Train loss: 4.6689e-01 | Valid loss: 4.2577e-01 | Train acc: 0.7985 ± 0.0000 | Valid acc: 0.8189 ± 0.0000 | Valid Power: 0.0006 | Train Power: 0.0006 | patience:  47 | lr: 0.003125 | Epoch time: 0.1 |

2024-09-09 04:09:08,955 - INFO -
| Epoch:    900 | Train loss: 4.6677e-01 | Valid loss: 4.2669e-01 | Train acc: 0.8010 ± 0.0000 | Valid acc: 0.8189 ± 0.0000 | Valid Power: 0.0010 | Train Power: 0.0009 | patience:  57 | lr: 0.003125 | Epoch time: 0.1 |

2024-09-09 04:09:10,025 - INFO -
| Epoch:    910 | Train loss: 4.6665e-01 | Valid loss: 4.3000e-01 | Train acc: 0.8010 ± 0.0000 | Valid acc: 0.8110 ± 0.0000 | Valid Power: 0.0013 | Train Power: 0.0015 | patience:  67 | lr: 0.003125 | Epoch time: 0.1 |

2024-09-09 04:09:11,095 - INFO -
| Epoch:    920 | Train loss: 4.6657e-01 | Valid loss: 4.3082e-01 | Train acc: 0.8010 ± 0.0000 | Valid acc: 0.8110 ± 0.0000 | Valid Power: 0.0009 | Train Power: 0.0009 | patience:  77 | lr: 0.003125 | Epoch time: 0.1 |

2024-09-09 04:09:12,165 - INFO -
| Epoch:    930 | Train loss: 4.6650e-01 | Valid loss: 4.3141e-01 | Train acc: 0.8010 ± 0.0000 | Valid acc: 0.8110 ± 0.0000 | Valid Power: 0.0009 | Train Power: 0.0009 | patience:  87 | lr: 0.003125 | Epoch time: 0.1 |

2024-09-09 04:09:13,235 - INFO -
| Epoch:    940 | Train loss: 4.6637e-01 | Valid loss: 4.3198e-01 | Train acc: 0.8010 ± 0.0000 | Valid acc: 0.8110 ± 0.0000 | Valid Power: 0.0008 | Train Power: 0.0009 | patience:  97 | lr: 0.003125 | Epoch time: 0.1 |

2024-09-09 04:09:13,668 - INFO -
load best network to warm start training with lower lr.

2024-09-09 04:09:13,668 - INFO -
lr update to 0.0015625.

2024-09-09 04:09:14,310 - INFO -
| Epoch:    950 | Train loss: 4.7014e-01 | Valid loss: 4.1621e-01 | Train acc: 0.7960 ± 0.0000 | Valid acc: 0.8268 ± 0.0000 | Valid Power: 0.0006 | Train Power: 0.0006 | patience:   6 | lr: 0.0015625 | Epoch time: 0.1 |

2024-09-09 04:09:15,382 - INFO -
| Epoch:    960 | Train loss: 4.6898e-01 | Valid loss: 4.1791e-01 | Train acc: 0.7935 ± 0.0000 | Valid acc: 0.8268 ± 0.0000 | Valid Power: 0.0006 | Train Power: 0.0006 | patience:  16 | lr: 0.0015625 | Epoch time: 0.1 |

2024-09-09 04:09:16,453 - INFO -
| Epoch:    970 | Train loss: 4.6766e-01 | Valid loss: 4.2103e-01 | Train acc: 0.7960 ± 0.0000 | Valid acc: 0.8268 ± 0.0000 | Valid Power: 0.0007 | Train Power: 0.0006 | patience:  26 | lr: 0.0015625 | Epoch time: 0.1 |

2024-09-09 04:09:17,526 - INFO -
| Epoch:    980 | Train loss: 4.6752e-01 | Valid loss: 4.2263e-01 | Train acc: 0.7960 ± 0.0000 | Valid acc: 0.8268 ± 0.0000 | Valid Power: 0.0006 | Train Power: 0.0007 | patience:  36 | lr: 0.0015625 | Epoch time: 0.1 |

2024-09-09 04:09:18,599 - INFO -
| Epoch:    990 | Train loss: 4.6725e-01 | Valid loss: 4.2125e-01 | Train acc: 0.7960 ± 0.0000 | Valid acc: 0.8268 ± 0.0000 | Valid Power: 0.0006 | Train Power: 0.0006 | patience:  46 | lr: 0.0015625 | Epoch time: 0.1 |

2024-09-09 04:09:19,672 - INFO -
| Epoch:   1000 | Train loss: 4.6711e-01 | Valid loss: 4.2282e-01 | Train acc: 0.7985 ± 0.0000 | Valid acc: 0.8268 ± 0.0000 | Valid Power: 0.0006 | Train Power: 0.0006 | patience:  56 | lr: 0.0015625 | Epoch time: 0.1 |

2024-09-09 04:09:20,747 - INFO -
| Epoch:   1010 | Train loss: 4.6701e-01 | Valid loss: 4.2260e-01 | Train acc: 0.7985 ± 0.0000 | Valid acc: 0.8268 ± 0.0000 | Valid Power: 0.0006 | Train Power: 0.0006 | patience:  66 | lr: 0.0015625 | Epoch time: 0.1 |

2024-09-09 04:09:21,822 - INFO -
| Epoch:   1020 | Train loss: 4.6694e-01 | Valid loss: 4.2323e-01 | Train acc: 0.7985 ± 0.0000 | Valid acc: 0.8268 ± 0.0000 | Valid Power: 0.0006 | Train Power: 0.0006 | patience:  76 | lr: 0.0015625 | Epoch time: 0.1 |

2024-09-09 04:09:22,895 - INFO -
| Epoch:   1030 | Train loss: 4.6688e-01 | Valid loss: 4.2370e-01 | Train acc: 0.7985 ± 0.0000 | Valid acc: 0.8189 ± 0.0000 | Valid Power: 0.0006 | Train Power: 0.0006 | patience:  86 | lr: 0.0015625 | Epoch time: 0.1 |

2024-09-09 04:09:23,969 - INFO -
| Epoch:   1040 | Train loss: 4.6683e-01 | Valid loss: 4.2422e-01 | Train acc: 0.8010 ± 0.0000 | Valid acc: 0.8189 ± 0.0000 | Valid Power: 0.0006 | Train Power: 0.0006 | patience:  96 | lr: 0.0015625 | Epoch time: 0.1 |

2024-09-09 04:09:24,513 - INFO -
load best network to warm start training with lower lr.

2024-09-09 04:09:24,513 - INFO -
lr update to 0.00078125.

2024-09-09 04:09:25,134 - INFO -
| Epoch:   1050 | Train loss: 4.7127e-01 | Valid loss: 4.1156e-01 | Train acc: 0.7909 ± 0.0000 | Valid acc: 0.8346 ± 0.0000 | Valid Power: 0.0006 | Train Power: 0.0006 | patience:   5 | lr: 0.00078125 | Epoch time: 0.1 |

2024-09-09 04:09:26,175 - INFO -
| Epoch:   1060 | Train loss: 4.7012e-01 | Valid loss: 4.1672e-01 | Train acc: 0.7960 ± 0.0000 | Valid acc: 0.8268 ± 0.0000 | Valid Power: 0.0006 | Train Power: 0.0006 | patience:  15 | lr: 0.00078125 | Epoch time: 0.1 |

2024-09-09 04:09:27,214 - INFO -
| Epoch:   1070 | Train loss: 4.6912e-01 | Valid loss: 4.1663e-01 | Train acc: 0.7935 ± 0.0000 | Valid acc: 0.8268 ± 0.0000 | Valid Power: 0.0006 | Train Power: 0.0006 | patience:  25 | lr: 0.00078125 | Epoch time: 0.1 |

2024-09-09 04:09:28,252 - INFO -
| Epoch:   1080 | Train loss: 4.6890e-01 | Valid loss: 4.1710e-01 | Train acc: 0.7935 ± 0.0000 | Valid acc: 0.8268 ± 0.0000 | Valid Power: 0.0006 | Train Power: 0.0006 | patience:  35 | lr: 0.00078125 | Epoch time: 0.1 |

2024-09-09 04:09:29,285 - INFO -
| Epoch:   1090 | Train loss: 4.6818e-01 | Valid loss: 4.1969e-01 | Train acc: 0.7935 ± 0.0000 | Valid acc: 0.8268 ± 0.0000 | Valid Power: 0.0006 | Train Power: 0.0006 | patience:  45 | lr: 0.00078125 | Epoch time: 0.1 |

2024-09-09 04:09:30,318 - INFO -
| Epoch:   1100 | Train loss: 4.6762e-01 | Valid loss: 4.2154e-01 | Train acc: 0.7960 ± 0.0000 | Valid acc: 0.8268 ± 0.0000 | Valid Power: 0.0009 | Train Power: 0.0009 | patience:  55 | lr: 0.00078125 | Epoch time: 0.1 |

2024-09-09 04:09:31,361 - INFO -
| Epoch:   1110 | Train loss: 4.6743e-01 | Valid loss: 4.2082e-01 | Train acc: 0.7960 ± 0.0000 | Valid acc: 0.8268 ± 0.0000 | Valid Power: 0.0085 | Train Power: 0.0236 | patience:  65 | lr: 0.00078125 | Epoch time: 0.1 |

2024-09-09 04:09:32,394 - INFO -
| Epoch:   1120 | Train loss: 4.6733e-01 | Valid loss: 4.2073e-01 | Train acc: 0.7960 ± 0.0000 | Valid acc: 0.8268 ± 0.0000 | Valid Power: 0.0014 | Train Power: 0.0015 | patience:  75 | lr: 0.00078125 | Epoch time: 0.1 |

2024-09-09 04:09:33,426 - INFO -
| Epoch:   1130 | Train loss: 4.6722e-01 | Valid loss: 4.2138e-01 | Train acc: 0.7960 ± 0.0000 | Valid acc: 0.8268 ± 0.0000 | Valid Power: 0.0012 | Train Power: 0.0012 | patience:  85 | lr: 0.00078125 | Epoch time: 0.1 |

2024-09-09 04:09:34,466 - INFO -
| Epoch:   1140 | Train loss: 4.6714e-01 | Valid loss: 4.2129e-01 | Train acc: 0.7985 ± 0.0000 | Valid acc: 0.8268 ± 0.0000 | Valid Power: 0.0011 | Train Power: 0.0012 | patience:  95 | lr: 0.00078125 | Epoch time: 0.1 |

2024-09-09 04:09:35,084 - INFO -
load best network to warm start training with lower lr.

2024-09-09 04:09:35,084 - INFO -
lr update to 0.000390625.

2024-09-09 04:09:35,494 - INFO -
| Epoch:   1150 | Train loss: 4.7245e-01 | Valid loss: 4.1083e-01 | Train acc: 0.7935 ± 0.0000 | Valid acc: 0.8346 ± 0.0000 | Valid Power: 0.0006 | Train Power: 0.0006 | patience:   4 | lr: 0.000390625 | Epoch time: 0.1 |

2024-09-09 04:09:36,520 - INFO -
| Epoch:   1160 | Train loss: 4.7038e-01 | Valid loss: 4.1258e-01 | Train acc: 0.7909 ± 0.0000 | Valid acc: 0.8346 ± 0.0000 | Valid Power: 0.0006 | Train Power: 0.0006 | patience:  14 | lr: 0.000390625 | Epoch time: 0.1 |

2024-09-09 04:09:37,525 - INFO -
| Epoch:   1170 | Train loss: 4.7007e-01 | Valid loss: 4.1533e-01 | Train acc: 0.7960 ± 0.0000 | Valid acc: 0.8268 ± 0.0000 | Valid Power: 0.0006 | Train Power: 0.0006 | patience:  24 | lr: 0.000390625 | Epoch time: 0.1 |

2024-09-09 04:09:38,530 - INFO -
| Epoch:   1180 | Train loss: 4.6979e-01 | Valid loss: 4.1558e-01 | Train acc: 0.7960 ± 0.0000 | Valid acc: 0.8268 ± 0.0000 | Valid Power: 0.0006 | Train Power: 0.0006 | patience:  34 | lr: 0.000390625 | Epoch time: 0.1 |

2024-09-09 04:09:39,625 - INFO -
| Epoch:   1190 | Train loss: 4.6946e-01 | Valid loss: 4.1535e-01 | Train acc: 0.7960 ± 0.0000 | Valid acc: 0.8268 ± 0.0000 | Valid Power: 0.0006 | Train Power: 0.0006 | patience:  44 | lr: 0.000390625 | Epoch time: 0.1 |

2024-09-09 04:09:40,633 - INFO -
| Epoch:   1200 | Train loss: 4.6899e-01 | Valid loss: 4.1641e-01 | Train acc: 0.7935 ± 0.0000 | Valid acc: 0.8268 ± 0.0000 | Valid Power: 0.0006 | Train Power: 0.0006 | patience:  54 | lr: 0.000390625 | Epoch time: 0.1 |

2024-09-09 04:09:41,635 - INFO -
| Epoch:   1210 | Train loss: 4.6885e-01 | Valid loss: 4.1752e-01 | Train acc: 0.7935 ± 0.0000 | Valid acc: 0.8268 ± 0.0000 | Valid Power: 0.0006 | Train Power: 0.0006 | patience:  64 | lr: 0.000390625 | Epoch time: 0.1 |

2024-09-09 04:09:42,638 - INFO -
| Epoch:   1220 | Train loss: 4.6879e-01 | Valid loss: 4.1783e-01 | Train acc: 0.7935 ± 0.0000 | Valid acc: 0.8268 ± 0.0000 | Valid Power: 0.0006 | Train Power: 0.0006 | patience:  74 | lr: 0.000390625 | Epoch time: 0.1 |

2024-09-09 04:09:43,580 - INFO -
| Epoch:   1230 | Train loss: 4.6869e-01 | Valid loss: 4.1772e-01 | Train acc: 0.7935 ± 0.0000 | Valid acc: 0.8268 ± 0.0000 | Valid Power: 0.0006 | Train Power: 0.0006 | patience:  84 | lr: 0.000390625 | Epoch time: 0.1 |

2024-09-09 04:09:44,578 - INFO -
| Epoch:   1240 | Train loss: 4.6861e-01 | Valid loss: 4.1768e-01 | Train acc: 0.7935 ± 0.0000 | Valid acc: 0.8268 ± 0.0000 | Valid Power: 0.0006 | Train Power: 0.0006 | patience:  94 | lr: 0.000390625 | Epoch time: 0.1 |

2024-09-09 04:09:45,283 - INFO -
load best network to warm start training with lower lr.

2024-09-09 04:09:45,283 - INFO -
lr update to 0.0001953125.

2024-09-09 04:09:45,571 - INFO -
| Epoch:   1250 | Train loss: 4.7294e-01 | Valid loss: 4.1067e-01 | Train acc: 0.7935 ± 0.0000 | Valid acc: 0.8346 ± 0.0000 | Valid Power: 0.0006 | Train Power: 0.0006 | patience:   3 | lr: 0.0001953125 | Epoch time: 0.1 |

2024-09-09 04:09:46,507 - INFO -
| Epoch:   1260 | Train loss: 4.7174e-01 | Valid loss: 4.1106e-01 | Train acc: 0.7909 ± 0.0000 | Valid acc: 0.8346 ± 0.0000 | Valid Power: 0.0006 | Train Power: 0.0006 | patience:  13 | lr: 0.0001953125 | Epoch time: 0.1 |

2024-09-09 04:09:47,453 - INFO -
| Epoch:   1270 | Train loss: 4.7067e-01 | Valid loss: 4.1186e-01 | Train acc: 0.7909 ± 0.0000 | Valid acc: 0.8346 ± 0.0000 | Valid Power: 0.0006 | Train Power: 0.0006 | patience:  23 | lr: 0.0001953125 | Epoch time: 0.1 |

2024-09-09 04:09:48,390 - INFO -
| Epoch:   1280 | Train loss: 4.7016e-01 | Valid loss: 4.1327e-01 | Train acc: 0.7935 ± 0.0000 | Valid acc: 0.8346 ± 0.0000 | Valid Power: 0.0006 | Train Power: 0.0006 | patience:  33 | lr: 0.0001953125 | Epoch time: 0.1 |

2024-09-09 04:09:49,324 - INFO -
| Epoch:   1290 | Train loss: 4.7005e-01 | Valid loss: 4.1434e-01 | Train acc: 0.7960 ± 0.0000 | Valid acc: 0.8268 ± 0.0000 | Valid Power: 0.0006 | Train Power: 0.0006 | patience:  43 | lr: 0.0001953125 | Epoch time: 0.1 |

2024-09-09 04:09:50,258 - INFO -
| Epoch:   1300 | Train loss: 4.6995e-01 | Valid loss: 4.1468e-01 | Train acc: 0.7960 ± 0.0000 | Valid acc: 0.8268 ± 0.0000 | Valid Power: 0.0006 | Train Power: 0.0006 | patience:  53 | lr: 0.0001953125 | Epoch time: 0.1 |

2024-09-09 04:09:51,190 - INFO -
| Epoch:   1310 | Train loss: 4.6983e-01 | Valid loss: 4.1471e-01 | Train acc: 0.7960 ± 0.0000 | Valid acc: 0.8268 ± 0.0000 | Valid Power: 0.0006 | Train Power: 0.0006 | patience:  63 | lr: 0.0001953125 | Epoch time: 0.1 |

2024-09-09 04:09:52,125 - INFO -
| Epoch:   1320 | Train loss: 4.6971e-01 | Valid loss: 4.1478e-01 | Train acc: 0.7960 ± 0.0000 | Valid acc: 0.8346 ± 0.0000 | Valid Power: 0.0006 | Train Power: 0.0006 | patience:  73 | lr: 0.0001953125 | Epoch time: 0.1 |

2024-09-09 04:09:53,067 - INFO -
| Epoch:   1330 | Train loss: 4.6960e-01 | Valid loss: 4.1505e-01 | Train acc: 0.7960 ± 0.0000 | Valid acc: 0.8268 ± 0.0000 | Valid Power: 0.0006 | Train Power: 0.0006 | patience:  83 | lr: 0.0001953125 | Epoch time: 0.1 |

2024-09-09 04:09:54,003 - INFO -
| Epoch:   1340 | Train loss: 4.6946e-01 | Valid loss: 4.1550e-01 | Train acc: 0.7960 ± 0.0000 | Valid acc: 0.8268 ± 0.0000 | Valid Power: 0.0006 | Train Power: 0.0006 | patience:  93 | lr: 0.0001953125 | Epoch time: 0.1 |

2024-09-09 04:09:54,759 - INFO -
load best network to warm start training with lower lr.

2024-09-09 04:09:54,759 - INFO -
lr update to 9.765625e-05.

2024-09-09 04:09:54,759 - INFO -
Early stop.

2024-09-09 04:09:54,768 - INFO -
Training if finished.

2024-09-09 16:19:07,222 - INFO -
Configuration: 
gmin                0.01
gmax                10.0
T                   0.1
m                   0.3
type_nonlinear      normal
act                 tanh
ACT_R1n             12.7865
ACT_R2n             -3.1871
ACT_W1n             -10.4537
ACT_L1n             10.546
ACT_W2n             -5.8496
ACT_L2n             4.2337
S_R1n               -11.7481
S_R2n               -0.3905
S_W1n               -9.169
S_L1n               0.3913
S_W2n               7.2004
S_L2n               15.5558
ReLU_RHn            -1.9557
ReLU_RLn            -20.1581
ReLU_RDn            16.6486
ReLU_RBn            -14.3472
ReLU_Wn             16.655
ReLU_Ln             -21.7591
HS_Rn               -0.3766
HS_Wn               0.5192
HS_Ln               4.6293
NEG_R1n             -7.0846
NEG_R2n             -2.5695
NEG_R3n             16.1542
NEG_W1n             13.8696
NEG_L1n             2.7635
NEG_W2n             1.2674
NEG_L2n             -10.4803
NEG_W3n             -6.4386
NEG_L3n             5.1005
task                normal
DATASET             7
DataPath            ./dataset
InputNoise          0.0
IN_test             0.0
R_train             1
R_test              1
N_time              32
pathnorm            False
hidden              [3]
skipconnection      False
SEED                3
DEVICE              cpu
PATIENCE            500
EPOCH               10000000000
LR                  0.1
PROGRESSIVE         True
LR_PATIENCE         100
LR_DECAY            0.5
LR_MIN              0.0001
metric              acc
SoftEva             True
TIMELIMITATION      71
MODE                nominal
M_train             1
K_train             1
M_test              1
K_test              1
t_test_max          1
integration         MC
N_train             1
e_train             0.0
N_test              100
e_test              0.1
e_fault             2
fault_ratio         0.0
N_fault             50
e_fault_test        0
N_fault_test        50
dropout             0.0
lagrangian_loss     False
rho                 100
powerestimator      none
powerbalance        0.0
estimatorbalance    0.0
pgmin               1e-07
power_ratio         1000
lambda_P            100
areaestimator       none
areabalance         0.0
area_theta          0.15
area_act            30.0
area_neg            22.7
lambda_A            0.001
lnc                 False
projectname         tanh_0_FaultAnalysisNormal
temppath            ./tanh_0_FaultAnalysisNormal/temp/
logfilepath         ./tanh_0_FaultAnalysisNormal/log/
report_freq         10
recording           False
recordpath          ./tanh_0_FaultAnalysisNormal/record/
savepath            ./tanh_0_FaultAnalysisNormal/models/
loglevel            info


2024-09-09 16:19:07,234 - INFO -
Training network on device: cpu.

2024-09-09 16:19:07,234 - INFO -
Training setup: data_07_mammographic_seed_03_epsilon_0.0_dropout_0.0_fault_ratio_0.0.model.

2024-09-09 16:19:07,234 - INFO -
{'dataname': 'mammographic', 'N_feature': 5, 'N_class': 2, 'N_train': 397, 'N_valid': 127, 'N_test': 79}

2024-09-09 16:19:07,235 - INFO -
Training was already finished.

2024-09-11 18:17:02,164 - INFO -
Configuration: 
gmin                0.01
gmax                10.0
T                   0.1
m                   0.3
type_nonlinear      normal
act                 tanh
ACT_R1n             12.7865
ACT_R2n             -3.1871
ACT_W1n             -10.4537
ACT_L1n             10.546
ACT_W2n             -5.8496
ACT_L2n             4.2337
S_R1n               -11.7481
S_R2n               -0.3905
S_W1n               -9.169
S_L1n               0.3913
S_W2n               7.2004
S_L2n               15.5558
ReLU_RHn            -1.9557
ReLU_RLn            -20.1581
ReLU_RDn            16.6486
ReLU_RBn            -14.3472
ReLU_Wn             16.655
ReLU_Ln             -21.7591
HS_Rn               -0.3766
HS_Wn               0.5192
HS_Ln               4.6293
NEG_R1n             -7.0846
NEG_R2n             -2.5695
NEG_R3n             16.1542
NEG_W1n             13.8696
NEG_L1n             2.7635
NEG_W2n             1.2674
NEG_L2n             -10.4803
NEG_W3n             -6.4386
NEG_L3n             5.1005
task                normal
DATASET             7
DataPath            ./dataset
InputNoise          0.0
IN_test             0.0
R_train             1
R_test              1
N_time              32
pathnorm            False
hidden              [3]
skipconnection      False
SEED                3
DEVICE              cpu
PATIENCE            500
EPOCH               10000000000
LR                  0.1
PROGRESSIVE         True
LR_PATIENCE         100
LR_DECAY            0.5
LR_MIN              0.0001
metric              acc
SoftEva             True
TIMELIMITATION      71
MODE                nominal
M_train             1
K_train             1
M_test              1
K_test              1
t_test_max          1
integration         MC
N_train             1
e_train             0.0
N_test              100
e_test              0.1
e_fault             2
fault_ratio         0.0
N_fault             50
e_fault_test        0
N_fault_test        50
dropout             0.0
lagrangian_loss     False
rho                 100
powerestimator      none
powerbalance        0.0
estimatorbalance    0.0
pgmin               1e-07
power_ratio         1000
lambda_P            100
areaestimator       none
areabalance         0.0
area_theta          0.15
area_act            30.0
area_neg            22.7
lambda_A            0.001
lnc                 False
projectname         tanh_0_FaultAnalysisNormal
temppath            ./tanh_0_FaultAnalysisNormal/temp/
logfilepath         ./tanh_0_FaultAnalysisNormal/log/
report_freq         10
recording           False
recordpath          ./tanh_0_FaultAnalysisNormal/record/
savepath            ./tanh_0_FaultAnalysisNormal/models/
loglevel            info


2024-09-11 18:17:02,178 - INFO -
Training network on device: cpu.

2024-09-11 18:17:02,178 - INFO -
Training setup: data_07_mammographic_seed_03_epsilon_0.0_dropout_0.0_fault_ratio_0.0.model.

2024-09-11 18:17:02,178 - INFO -
{'dataname': 'mammographic', 'N_feature': 5, 'N_class': 2, 'N_train': 397, 'N_valid': 127, 'N_test': 79}

2024-09-11 18:17:02,178 - INFO -
Training was already finished.

2024-09-12 04:38:04,078 - INFO -
Configuration: 
gmin                0.01
gmax                10.0
T                   0.1
m                   0.3
type_nonlinear      normal
act                 tanh
ACT_R1n             12.7865
ACT_R2n             -3.1871
ACT_W1n             -10.4537
ACT_L1n             10.546
ACT_W2n             -5.8496
ACT_L2n             4.2337
S_R1n               -11.7481
S_R2n               -0.3905
S_W1n               -9.169
S_L1n               0.3913
S_W2n               7.2004
S_L2n               15.5558
ReLU_RHn            -1.9557
ReLU_RLn            -20.1581
ReLU_RDn            16.6486
ReLU_RBn            -14.3472
ReLU_Wn             16.655
ReLU_Ln             -21.7591
HS_Rn               -0.3766
HS_Wn               0.5192
HS_Ln               4.6293
NEG_R1n             -7.0846
NEG_R2n             -2.5695
NEG_R3n             16.1542
NEG_W1n             13.8696
NEG_L1n             2.7635
NEG_W2n             1.2674
NEG_L2n             -10.4803
NEG_W3n             -6.4386
NEG_L3n             5.1005
task                normal
DATASET             7
DataPath            ./dataset
InputNoise          0.0
IN_test             0.0
R_train             1
R_test              1
N_time              32
pathnorm            False
hidden              [3]
skipconnection      False
SEED                3
DEVICE              cpu
PATIENCE            500
EPOCH               10000000000
LR                  0.1
PROGRESSIVE         True
LR_PATIENCE         100
LR_DECAY            0.5
LR_MIN              0.0001
metric              acc
SoftEva             True
TIMELIMITATION      71
MODE                nominal
M_train             1
K_train             1
M_test              1
K_test              1
t_test_max          1
integration         MC
N_train             1
e_train             0.0
N_test              100
e_test              0.1
e_fault             2
fault_ratio         0.0
N_fault             50
e_fault_test        0
N_fault_test        50
dropout             0.0
lagrangian_loss     False
rho                 100
powerestimator      none
powerbalance        0.0
estimatorbalance    0.0
pgmin               1e-07
power_ratio         1000
lambda_P            100
areaestimator       none
areabalance         0.0
area_theta          0.15
area_act            30.0
area_neg            22.7
lambda_A            0.001
lnc                 False
projectname         tanh_0_FaultAnalysisNormal
temppath            ./tanh_0_FaultAnalysisNormal/temp/
logfilepath         ./tanh_0_FaultAnalysisNormal/log/
report_freq         10
recording           False
recordpath          ./tanh_0_FaultAnalysisNormal/record/
savepath            ./tanh_0_FaultAnalysisNormal/models/
loglevel            info


2024-09-12 04:38:04,087 - INFO -
Training network on device: cpu.

2024-09-12 04:38:04,088 - INFO -
Training setup: data_07_mammographic_seed_03_epsilon_0.0_dropout_0.0_fault_ratio_0.0.model.

2024-09-12 04:38:04,088 - INFO -
{'dataname': 'mammographic', 'N_feature': 5, 'N_class': 2, 'N_train': 397, 'N_valid': 127, 'N_test': 79}

2024-09-12 04:38:04,088 - INFO -
Training was already finished.

