2024-09-09 04:07:29,237 - INFO -
Configuration: 
gmin                0.01
gmax                10.0
T                   0.1
m                   0.3
type_nonlinear      normal
act                 tanh
ACT_R1n             12.7865
ACT_R2n             -3.1871
ACT_W1n             -10.4537
ACT_L1n             10.546
ACT_W2n             -5.8496
ACT_L2n             4.2337
S_R1n               -11.7481
S_R2n               -0.3905
S_W1n               -9.169
S_L1n               0.3913
S_W2n               7.2004
S_L2n               15.5558
ReLU_RHn            -1.9557
ReLU_RLn            -20.1581
ReLU_RDn            16.6486
ReLU_RBn            -14.3472
ReLU_Wn             16.655
ReLU_Ln             -21.7591
HS_Rn               -0.3766
HS_Wn               0.5192
HS_Ln               4.6293
NEG_R1n             -7.0846
NEG_R2n             -2.5695
NEG_R3n             16.1542
NEG_W1n             13.8696
NEG_L1n             2.7635
NEG_W2n             1.2674
NEG_L2n             -10.4803
NEG_W3n             -6.4386
NEG_L3n             5.1005
task                normal
DATASET             6
DataPath            ./dataset
InputNoise          0.0
IN_test             0.0
R_train             1
R_test              1
N_time              32
pathnorm            False
hidden              [3]
skipconnection      False
SEED                5
DEVICE              cpu
PATIENCE            500
EPOCH               10000000000
LR                  0.1
PROGRESSIVE         True
LR_PATIENCE         100
LR_DECAY            0.5
LR_MIN              0.0001
metric              acc
SoftEva             True
TIMELIMITATION      71
MODE                nominal
M_train             1
K_train             1
M_test              1
K_test              1
t_test_max          1
integration         MC
N_train             1
e_train             0.0
N_test              100
e_test              0.1
e_fault             2
fault_ratio         0.0
N_fault             50
e_fault_test        0
N_fault_test        50
dropout             0.0
lagrangian_loss     False
rho                 100
powerestimator      none
powerbalance        0.0
estimatorbalance    0.0
pgmin               1e-07
power_ratio         1000
lambda_P            100
areaestimator       none
areabalance         0.0
area_theta          0.15
area_act            30.0
area_neg            22.7
lambda_A            0.001
lnc                 False
projectname         tanh_0_FaultAnalysisNormal
temppath            ./tanh_0_FaultAnalysisNormal/temp/
logfilepath         ./tanh_0_FaultAnalysisNormal/log/
report_freq         10
recording           False
recordpath          ./tanh_0_FaultAnalysisNormal/record/
savepath            ./tanh_0_FaultAnalysisNormal/models/
loglevel            info


2024-09-09 04:07:29,237 - INFO -
Training network on device: cpu.

2024-09-09 04:07:29,237 - INFO -
Training setup: data_06_iris_seed_05_epsilon_0.0_dropout_0.0_fault_ratio_0.0.model.

2024-09-09 04:07:29,237 - INFO -
{'dataname': 'iris', 'N_feature': 4, 'N_class': 3, 'N_train': 88, 'N_valid': 29, 'N_test': 31}

2024-09-09 04:07:29,237 - INFO -
Topology of the network: [4, 3, 3].

2024-09-09 04:07:31,128 - INFO -
| Epoch:      0 | Train loss: 1.0986e+00 | Valid loss: 1.1149e+00 | Train acc: 0.3523 ± 0.0000 | Valid acc: 0.2414 ± 0.0000 | Valid Power: 0.0007 | Train Power: 0.0005 | patience:   0 | lr: 0.1 | Epoch time: 0.1 |

2024-09-09 04:07:31,958 - INFO -
| Epoch:     10 | Train loss: 9.1416e-01 | Valid loss: 8.8078e-01 | Train acc: 0.6591 ± 0.0000 | Valid acc: 0.6897 ± 0.0000 | Valid Power: 0.0006 | Train Power: 0.0006 | patience:   0 | lr: 0.1 | Epoch time: 0.1 |

2024-09-09 04:07:32,803 - INFO -
| Epoch:     20 | Train loss: 7.3490e-01 | Valid loss: 6.9901e-01 | Train acc: 0.8409 ± 0.0000 | Valid acc: 0.8966 ± 0.0000 | Valid Power: 0.0006 | Train Power: 0.0008 | patience:   0 | lr: 0.1 | Epoch time: 0.1 |

2024-09-09 04:07:33,643 - INFO -
| Epoch:     30 | Train loss: 6.6374e-01 | Valid loss: 6.3005e-01 | Train acc: 0.8636 ± 0.0000 | Valid acc: 0.8621 ± 0.0000 | Valid Power: 0.0006 | Train Power: 0.0006 | patience:   0 | lr: 0.1 | Epoch time: 0.1 |

2024-09-09 04:07:34,488 - INFO -
| Epoch:     40 | Train loss: 6.2366e-01 | Valid loss: 5.8664e-01 | Train acc: 0.8750 ± 0.0000 | Valid acc: 0.8621 ± 0.0000 | Valid Power: 0.0006 | Train Power: 0.0006 | patience:   0 | lr: 0.1 | Epoch time: 0.1 |

2024-09-09 04:07:35,326 - INFO -
| Epoch:     50 | Train loss: 5.9019e-01 | Valid loss: 5.5208e-01 | Train acc: 0.8295 ± 0.0000 | Valid acc: 0.7931 ± 0.0000 | Valid Power: 0.0005 | Train Power: 0.0005 | patience:   0 | lr: 0.1 | Epoch time: 0.1 |

2024-09-09 04:07:36,165 - INFO -
| Epoch:     60 | Train loss: 5.6188e-01 | Valid loss: 5.1530e-01 | Train acc: 0.6932 ± 0.0000 | Valid acc: 0.7241 ± 0.0000 | Valid Power: 0.0006 | Train Power: 0.0010 | patience:   0 | lr: 0.1 | Epoch time: 0.1 |

2024-09-09 04:07:37,001 - INFO -
| Epoch:     70 | Train loss: 5.4037e-01 | Valid loss: 4.9213e-01 | Train acc: 0.6250 ± 0.0000 | Valid acc: 0.7241 ± 0.0000 | Valid Power: 0.0007 | Train Power: 0.0007 | patience:   0 | lr: 0.1 | Epoch time: 0.1 |

2024-09-09 04:07:37,831 - INFO -
| Epoch:     80 | Train loss: 5.2510e-01 | Valid loss: 4.7386e-01 | Train acc: 0.6250 ± 0.0000 | Valid acc: 0.7241 ± 0.0000 | Valid Power: 0.0007 | Train Power: 0.0007 | patience:   1 | lr: 0.1 | Epoch time: 0.1 |

2024-09-09 04:07:38,678 - INFO -
| Epoch:     90 | Train loss: 5.0085e-01 | Valid loss: 4.3750e-01 | Train acc: 0.6477 ± 0.0000 | Valid acc: 0.7586 ± 0.0000 | Valid Power: 0.0007 | Train Power: 0.0007 | patience:   0 | lr: 0.1 | Epoch time: 0.1 |

2024-09-09 04:07:39,512 - INFO -
| Epoch:    100 | Train loss: 4.9417e-01 | Valid loss: 4.3390e-01 | Train acc: 0.6477 ± 0.0000 | Valid acc: 0.7586 ± 0.0000 | Valid Power: 0.0007 | Train Power: 0.0007 | patience:   1 | lr: 0.1 | Epoch time: 0.1 |

2024-09-09 04:07:40,336 - INFO -
| Epoch:    110 | Train loss: 4.8876e-01 | Valid loss: 4.2948e-01 | Train acc: 0.6477 ± 0.0000 | Valid acc: 0.7586 ± 0.0000 | Valid Power: 0.0007 | Train Power: 0.0007 | patience:   0 | lr: 0.1 | Epoch time: 0.1 |

2024-09-09 04:07:41,154 - INFO -
| Epoch:    120 | Train loss: 4.8432e-01 | Valid loss: 4.2820e-01 | Train acc: 0.6477 ± 0.0000 | Valid acc: 0.7586 ± 0.0000 | Valid Power: 0.0008 | Train Power: 0.0008 | patience:   1 | lr: 0.1 | Epoch time: 0.1 |

2024-09-09 04:07:41,978 - INFO -
| Epoch:    130 | Train loss: 4.8104e-01 | Valid loss: 4.2691e-01 | Train acc: 0.6477 ± 0.0000 | Valid acc: 0.7586 ± 0.0000 | Valid Power: 0.0007 | Train Power: 0.0007 | patience:   1 | lr: 0.1 | Epoch time: 0.1 |

2024-09-09 04:07:42,793 - INFO -
| Epoch:    140 | Train loss: 4.7858e-01 | Valid loss: 4.2725e-01 | Train acc: 0.6477 ± 0.0000 | Valid acc: 0.7586 ± 0.0000 | Valid Power: 0.0007 | Train Power: 0.0007 | patience:   4 | lr: 0.1 | Epoch time: 0.1 |

2024-09-09 04:07:43,603 - INFO -
| Epoch:    150 | Train loss: 4.7715e-01 | Valid loss: 4.2726e-01 | Train acc: 0.6477 ± 0.0000 | Valid acc: 0.7586 ± 0.0000 | Valid Power: 0.0012 | Train Power: 0.0010 | patience:  14 | lr: 0.1 | Epoch time: 0.1 |

2024-09-09 04:07:44,418 - INFO -
| Epoch:    160 | Train loss: 4.7613e-01 | Valid loss: 4.2716e-01 | Train acc: 0.6477 ± 0.0000 | Valid acc: 0.7586 ± 0.0000 | Valid Power: 0.0011 | Train Power: 0.0011 | patience:  24 | lr: 0.1 | Epoch time: 0.1 |

2024-09-09 04:07:45,263 - INFO -
| Epoch:    170 | Train loss: 4.7519e-01 | Valid loss: 4.2816e-01 | Train acc: 0.6477 ± 0.0000 | Valid acc: 0.7586 ± 0.0000 | Valid Power: 0.0010 | Train Power: 0.0009 | patience:  34 | lr: 0.1 | Epoch time: 0.1 |

2024-09-09 04:07:46,076 - INFO -
| Epoch:    180 | Train loss: 4.7442e-01 | Valid loss: 4.2827e-01 | Train acc: 0.6477 ± 0.0000 | Valid acc: 0.7586 ± 0.0000 | Valid Power: 0.0009 | Train Power: 0.0009 | patience:  44 | lr: 0.1 | Epoch time: 0.1 |

2024-09-09 04:07:46,887 - INFO -
| Epoch:    190 | Train loss: 4.7376e-01 | Valid loss: 4.2840e-01 | Train acc: 0.6477 ± 0.0000 | Valid acc: 0.7586 ± 0.0000 | Valid Power: 0.0009 | Train Power: 0.0008 | patience:  54 | lr: 0.1 | Epoch time: 0.1 |

2024-09-09 04:07:47,699 - INFO -
| Epoch:    200 | Train loss: 4.7313e-01 | Valid loss: 4.2909e-01 | Train acc: 0.6477 ± 0.0000 | Valid acc: 0.7586 ± 0.0000 | Valid Power: 0.0009 | Train Power: 0.0008 | patience:  64 | lr: 0.1 | Epoch time: 0.1 |

2024-09-09 04:07:48,511 - INFO -
| Epoch:    210 | Train loss: 4.7258e-01 | Valid loss: 4.2887e-01 | Train acc: 0.6477 ± 0.0000 | Valid acc: 0.7586 ± 0.0000 | Valid Power: 0.0009 | Train Power: 0.0008 | patience:  74 | lr: 0.1 | Epoch time: 0.1 |

2024-09-09 04:07:49,326 - INFO -
| Epoch:    220 | Train loss: 4.7207e-01 | Valid loss: 4.2955e-01 | Train acc: 0.6477 ± 0.0000 | Valid acc: 0.7586 ± 0.0000 | Valid Power: 0.0009 | Train Power: 0.0008 | patience:  84 | lr: 0.1 | Epoch time: 0.1 |

2024-09-09 04:07:50,141 - INFO -
| Epoch:    230 | Train loss: 4.7159e-01 | Valid loss: 4.2976e-01 | Train acc: 0.6477 ± 0.0000 | Valid acc: 0.7586 ± 0.0000 | Valid Power: 0.0015 | Train Power: 0.0009 | patience:  94 | lr: 0.1 | Epoch time: 0.1 |

2024-09-09 04:07:50,714 - INFO -
load best network to warm start training with lower lr.

2024-09-09 04:07:50,714 - INFO -
lr update to 0.05.

2024-09-09 04:07:50,963 - INFO -
| Epoch:    240 | Train loss: 4.7892e-01 | Valid loss: 4.1821e-01 | Train acc: 0.6477 ± 0.0000 | Valid acc: 0.7586 ± 0.0000 | Valid Power: 0.0007 | Train Power: 0.0007 | patience:   0 | lr: 0.05 | Epoch time: 0.1 |

2024-09-09 04:07:51,781 - INFO -
| Epoch:    250 | Train loss: 4.7719e-01 | Valid loss: 4.2048e-01 | Train acc: 0.6477 ± 0.0000 | Valid acc: 0.7586 ± 0.0000 | Valid Power: 0.0007 | Train Power: 0.0007 | patience:   9 | lr: 0.05 | Epoch time: 0.1 |

2024-09-09 04:07:52,597 - INFO -
| Epoch:    260 | Train loss: 4.7642e-01 | Valid loss: 4.2442e-01 | Train acc: 0.6477 ± 0.0000 | Valid acc: 0.7586 ± 0.0000 | Valid Power: 0.0007 | Train Power: 0.0007 | patience:  19 | lr: 0.05 | Epoch time: 0.1 |

2024-09-09 04:07:53,411 - INFO -
| Epoch:    270 | Train loss: 4.7566e-01 | Valid loss: 4.2505e-01 | Train acc: 0.6477 ± 0.0000 | Valid acc: 0.7586 ± 0.0000 | Valid Power: 0.0007 | Train Power: 0.0007 | patience:  29 | lr: 0.05 | Epoch time: 0.1 |

2024-09-09 04:07:54,225 - INFO -
| Epoch:    280 | Train loss: 4.7490e-01 | Valid loss: 4.2500e-01 | Train acc: 0.6477 ± 0.0000 | Valid acc: 0.7586 ± 0.0000 | Valid Power: 0.0007 | Train Power: 0.0007 | patience:  39 | lr: 0.05 | Epoch time: 0.1 |

2024-09-09 04:07:55,039 - INFO -
| Epoch:    290 | Train loss: 4.7435e-01 | Valid loss: 4.2461e-01 | Train acc: 0.6477 ± 0.0000 | Valid acc: 0.7586 ± 0.0000 | Valid Power: 0.0007 | Train Power: 0.0007 | patience:  49 | lr: 0.05 | Epoch time: 0.1 |

2024-09-09 04:07:55,849 - INFO -
| Epoch:    300 | Train loss: 4.7397e-01 | Valid loss: 4.2430e-01 | Train acc: 0.6477 ± 0.0000 | Valid acc: 0.7586 ± 0.0000 | Valid Power: 0.0010 | Train Power: 0.0034 | patience:  59 | lr: 0.05 | Epoch time: 0.1 |

2024-09-09 04:07:56,661 - INFO -
| Epoch:    310 | Train loss: 4.7364e-01 | Valid loss: 4.2454e-01 | Train acc: 0.6477 ± 0.0000 | Valid acc: 0.7586 ± 0.0000 | Valid Power: 0.0007 | Train Power: 0.0007 | patience:  69 | lr: 0.05 | Epoch time: 0.1 |

2024-09-09 04:07:57,472 - INFO -
| Epoch:    320 | Train loss: 4.7331e-01 | Valid loss: 4.2505e-01 | Train acc: 0.6477 ± 0.0000 | Valid acc: 0.7586 ± 0.0000 | Valid Power: 0.0007 | Train Power: 0.0007 | patience:  79 | lr: 0.05 | Epoch time: 0.1 |

2024-09-09 04:07:58,283 - INFO -
| Epoch:    330 | Train loss: 4.7299e-01 | Valid loss: 4.2569e-01 | Train acc: 0.6477 ± 0.0000 | Valid acc: 0.7586 ± 0.0000 | Valid Power: 0.0008 | Train Power: 0.0008 | patience:  89 | lr: 0.05 | Epoch time: 0.1 |

2024-09-09 04:07:59,094 - INFO -
| Epoch:    340 | Train loss: 4.7267e-01 | Valid loss: 4.2602e-01 | Train acc: 0.6477 ± 0.0000 | Valid acc: 0.7586 ± 0.0000 | Valid Power: 0.0007 | Train Power: 0.0007 | patience:  99 | lr: 0.05 | Epoch time: 0.1 |

2024-09-09 04:07:59,260 - INFO -
load best network to warm start training with lower lr.

2024-09-09 04:07:59,261 - INFO -
lr update to 0.025.

2024-09-09 04:07:59,908 - INFO -
| Epoch:    350 | Train loss: 4.7772e-01 | Valid loss: 4.2051e-01 | Train acc: 0.6477 ± 0.0000 | Valid acc: 0.7586 ± 0.0000 | Valid Power: 0.0007 | Train Power: 0.0007 | patience:   8 | lr: 0.025 | Epoch time: 0.1 |

2024-09-09 04:08:00,720 - INFO -
| Epoch:    360 | Train loss: 4.7716e-01 | Valid loss: 4.2672e-01 | Train acc: 0.6477 ± 0.0000 | Valid acc: 0.7586 ± 0.0000 | Valid Power: 0.0007 | Train Power: 0.0007 | patience:  18 | lr: 0.025 | Epoch time: 0.1 |

2024-09-09 04:08:01,534 - INFO -
| Epoch:    370 | Train loss: 4.7629e-01 | Valid loss: 4.2628e-01 | Train acc: 0.6477 ± 0.0000 | Valid acc: 0.7586 ± 0.0000 | Valid Power: 0.0007 | Train Power: 0.0007 | patience:  28 | lr: 0.025 | Epoch time: 0.1 |

2024-09-09 04:08:02,344 - INFO -
| Epoch:    380 | Train loss: 4.7571e-01 | Valid loss: 4.2411e-01 | Train acc: 0.6477 ± 0.0000 | Valid acc: 0.7586 ± 0.0000 | Valid Power: 0.0008 | Train Power: 0.0007 | patience:  38 | lr: 0.025 | Epoch time: 0.1 |

2024-09-09 04:08:03,159 - INFO -
| Epoch:    390 | Train loss: 4.7523e-01 | Valid loss: 4.2349e-01 | Train acc: 0.6477 ± 0.0000 | Valid acc: 0.7586 ± 0.0000 | Valid Power: 0.0007 | Train Power: 0.0011 | patience:  48 | lr: 0.025 | Epoch time: 0.1 |

2024-09-09 04:08:03,975 - INFO -
| Epoch:    400 | Train loss: 4.7479e-01 | Valid loss: 4.2387e-01 | Train acc: 0.6477 ± 0.0000 | Valid acc: 0.7586 ± 0.0000 | Valid Power: 0.0007 | Train Power: 0.0007 | patience:  58 | lr: 0.025 | Epoch time: 0.1 |

2024-09-09 04:08:04,791 - INFO -
| Epoch:    410 | Train loss: 4.7440e-01 | Valid loss: 4.2417e-01 | Train acc: 0.6477 ± 0.0000 | Valid acc: 0.7586 ± 0.0000 | Valid Power: 0.0013 | Train Power: 0.0010 | patience:  68 | lr: 0.025 | Epoch time: 0.1 |

2024-09-09 04:08:05,606 - INFO -
| Epoch:    420 | Train loss: 4.7406e-01 | Valid loss: 4.2452e-01 | Train acc: 0.6477 ± 0.0000 | Valid acc: 0.7586 ± 0.0000 | Valid Power: 0.0007 | Train Power: 0.0007 | patience:  78 | lr: 0.025 | Epoch time: 0.1 |

2024-09-09 04:08:06,419 - INFO -
| Epoch:    430 | Train loss: 4.7381e-01 | Valid loss: 4.2483e-01 | Train acc: 0.6477 ± 0.0000 | Valid acc: 0.7586 ± 0.0000 | Valid Power: 0.0008 | Train Power: 0.0008 | patience:  88 | lr: 0.025 | Epoch time: 0.1 |

2024-09-09 04:08:07,234 - INFO -
| Epoch:    440 | Train loss: 4.7356e-01 | Valid loss: 4.2513e-01 | Train acc: 0.6477 ± 0.0000 | Valid acc: 0.7586 ± 0.0000 | Valid Power: 0.0009 | Train Power: 0.0009 | patience:  98 | lr: 0.025 | Epoch time: 0.1 |

2024-09-09 04:08:07,481 - INFO -
load best network to warm start training with lower lr.

2024-09-09 04:08:07,481 - INFO -
lr update to 0.0125.

2024-09-09 04:08:08,052 - INFO -
| Epoch:    450 | Train loss: 4.7931e-01 | Valid loss: 4.3258e-01 | Train acc: 0.6477 ± 0.0000 | Valid acc: 0.7586 ± 0.0000 | Valid Power: 0.0007 | Train Power: 0.0007 | patience:   7 | lr: 0.0125 | Epoch time: 0.1 |

2024-09-09 04:08:08,864 - INFO -
| Epoch:    460 | Train loss: 4.7787e-01 | Valid loss: 4.2156e-01 | Train acc: 0.6477 ± 0.0000 | Valid acc: 0.7586 ± 0.0000 | Valid Power: 0.0007 | Train Power: 0.0007 | patience:  17 | lr: 0.0125 | Epoch time: 0.1 |

2024-09-09 04:08:09,674 - INFO -
| Epoch:    470 | Train loss: 4.7712e-01 | Valid loss: 4.2636e-01 | Train acc: 0.6477 ± 0.0000 | Valid acc: 0.7586 ± 0.0000 | Valid Power: 0.0007 | Train Power: 0.0007 | patience:  27 | lr: 0.0125 | Epoch time: 0.1 |

2024-09-09 04:08:10,520 - INFO -
| Epoch:    480 | Train loss: 4.7665e-01 | Valid loss: 4.2405e-01 | Train acc: 0.6477 ± 0.0000 | Valid acc: 0.7586 ± 0.0000 | Valid Power: 0.0007 | Train Power: 0.0007 | patience:  37 | lr: 0.0125 | Epoch time: 0.1 |

2024-09-09 04:08:11,328 - INFO -
| Epoch:    490 | Train loss: 4.7627e-01 | Valid loss: 4.2424e-01 | Train acc: 0.6477 ± 0.0000 | Valid acc: 0.7586 ± 0.0000 | Valid Power: 0.0007 | Train Power: 0.0007 | patience:  47 | lr: 0.0125 | Epoch time: 0.1 |

2024-09-09 04:08:12,138 - INFO -
| Epoch:    500 | Train loss: 4.7596e-01 | Valid loss: 4.2480e-01 | Train acc: 0.6477 ± 0.0000 | Valid acc: 0.7586 ± 0.0000 | Valid Power: 0.0010 | Train Power: 0.0007 | patience:  57 | lr: 0.0125 | Epoch time: 0.1 |

2024-09-09 04:08:12,948 - INFO -
| Epoch:    510 | Train loss: 4.7567e-01 | Valid loss: 4.2411e-01 | Train acc: 0.6477 ± 0.0000 | Valid acc: 0.7586 ± 0.0000 | Valid Power: 0.0007 | Train Power: 0.0007 | patience:  67 | lr: 0.0125 | Epoch time: 0.1 |

2024-09-09 04:08:13,759 - INFO -
| Epoch:    520 | Train loss: 4.7539e-01 | Valid loss: 4.2438e-01 | Train acc: 0.6477 ± 0.0000 | Valid acc: 0.7586 ± 0.0000 | Valid Power: 0.0008 | Train Power: 0.0008 | patience:  77 | lr: 0.0125 | Epoch time: 0.1 |

2024-09-09 04:08:14,569 - INFO -
| Epoch:    530 | Train loss: 4.7513e-01 | Valid loss: 4.2456e-01 | Train acc: 0.6477 ± 0.0000 | Valid acc: 0.7586 ± 0.0000 | Valid Power: 0.0007 | Train Power: 0.0007 | patience:  87 | lr: 0.0125 | Epoch time: 0.1 |

2024-09-09 04:08:15,378 - INFO -
| Epoch:    540 | Train loss: 4.7488e-01 | Valid loss: 4.2451e-01 | Train acc: 0.6477 ± 0.0000 | Valid acc: 0.7586 ± 0.0000 | Valid Power: 0.0007 | Train Power: 0.0007 | patience:  97 | lr: 0.0125 | Epoch time: 0.1 |

2024-09-09 04:08:15,705 - INFO -
load best network to warm start training with lower lr.

2024-09-09 04:08:15,705 - INFO -
lr update to 0.00625.

2024-09-09 04:08:16,191 - INFO -
| Epoch:    550 | Train loss: 4.7828e-01 | Valid loss: 4.2586e-01 | Train acc: 0.6477 ± 0.0000 | Valid acc: 0.7586 ± 0.0000 | Valid Power: 0.0007 | Train Power: 0.0007 | patience:   6 | lr: 0.00625 | Epoch time: 0.1 |

2024-09-09 04:08:17,000 - INFO -
| Epoch:    560 | Train loss: 4.7825e-01 | Valid loss: 4.2828e-01 | Train acc: 0.6477 ± 0.0000 | Valid acc: 0.7586 ± 0.0000 | Valid Power: 0.0007 | Train Power: 0.0007 | patience:  16 | lr: 0.00625 | Epoch time: 0.1 |

2024-09-09 04:08:17,809 - INFO -
| Epoch:    570 | Train loss: 4.7777e-01 | Valid loss: 4.2266e-01 | Train acc: 0.6477 ± 0.0000 | Valid acc: 0.7586 ± 0.0000 | Valid Power: 0.0007 | Train Power: 0.0007 | patience:  26 | lr: 0.00625 | Epoch time: 0.1 |

2024-09-09 04:08:18,620 - INFO -
| Epoch:    580 | Train loss: 4.7736e-01 | Valid loss: 4.2637e-01 | Train acc: 0.6477 ± 0.0000 | Valid acc: 0.7586 ± 0.0000 | Valid Power: 0.0007 | Train Power: 0.0007 | patience:  36 | lr: 0.00625 | Epoch time: 0.1 |

2024-09-09 04:08:19,430 - INFO -
| Epoch:    590 | Train loss: 4.7707e-01 | Valid loss: 4.2450e-01 | Train acc: 0.6477 ± 0.0000 | Valid acc: 0.7586 ± 0.0000 | Valid Power: 0.0007 | Train Power: 0.0007 | patience:  46 | lr: 0.00625 | Epoch time: 0.1 |

2024-09-09 04:08:20,241 - INFO -
| Epoch:    600 | Train loss: 4.7683e-01 | Valid loss: 4.2471e-01 | Train acc: 0.6477 ± 0.0000 | Valid acc: 0.7586 ± 0.0000 | Valid Power: 0.0007 | Train Power: 0.0007 | patience:  56 | lr: 0.00625 | Epoch time: 0.1 |

2024-09-09 04:08:21,052 - INFO -
| Epoch:    610 | Train loss: 4.7664e-01 | Valid loss: 4.2481e-01 | Train acc: 0.6477 ± 0.0000 | Valid acc: 0.7586 ± 0.0000 | Valid Power: 0.0007 | Train Power: 0.0007 | patience:  66 | lr: 0.00625 | Epoch time: 0.1 |

2024-09-09 04:08:21,862 - INFO -
| Epoch:    620 | Train loss: 4.7645e-01 | Valid loss: 4.2448e-01 | Train acc: 0.6477 ± 0.0000 | Valid acc: 0.7586 ± 0.0000 | Valid Power: 0.0008 | Train Power: 0.0007 | patience:  76 | lr: 0.00625 | Epoch time: 0.1 |

2024-09-09 04:08:22,673 - INFO -
| Epoch:    630 | Train loss: 4.7627e-01 | Valid loss: 4.2467e-01 | Train acc: 0.6477 ± 0.0000 | Valid acc: 0.7586 ± 0.0000 | Valid Power: 0.0007 | Train Power: 0.0007 | patience:  86 | lr: 0.00625 | Epoch time: 0.1 |

2024-09-09 04:08:23,486 - INFO -
| Epoch:    640 | Train loss: 4.7610e-01 | Valid loss: 4.2451e-01 | Train acc: 0.6477 ± 0.0000 | Valid acc: 0.7586 ± 0.0000 | Valid Power: 0.0007 | Train Power: 0.0007 | patience:  96 | lr: 0.00625 | Epoch time: 0.1 |

2024-09-09 04:08:23,895 - INFO -
load best network to warm start training with lower lr.

2024-09-09 04:08:23,895 - INFO -
lr update to 0.003125.

2024-09-09 04:08:24,301 - INFO -
| Epoch:    650 | Train loss: 4.8026e-01 | Valid loss: 4.1904e-01 | Train acc: 0.6477 ± 0.0000 | Valid acc: 0.7586 ± 0.0000 | Valid Power: 0.0007 | Train Power: 0.0007 | patience:   5 | lr: 0.003125 | Epoch time: 0.1 |

2024-09-09 04:08:25,114 - INFO -
| Epoch:    660 | Train loss: 4.7819e-01 | Valid loss: 4.2760e-01 | Train acc: 0.6477 ± 0.0000 | Valid acc: 0.7586 ± 0.0000 | Valid Power: 0.0007 | Train Power: 0.0007 | patience:  15 | lr: 0.003125 | Epoch time: 0.1 |

2024-09-09 04:08:25,927 - INFO -
| Epoch:    670 | Train loss: 4.7822e-01 | Valid loss: 4.2830e-01 | Train acc: 0.6477 ± 0.0000 | Valid acc: 0.7586 ± 0.0000 | Valid Power: 0.0007 | Train Power: 0.0007 | patience:  25 | lr: 0.003125 | Epoch time: 0.1 |

2024-09-09 04:08:26,745 - INFO -
| Epoch:    680 | Train loss: 4.7782e-01 | Valid loss: 4.2480e-01 | Train acc: 0.6477 ± 0.0000 | Valid acc: 0.7586 ± 0.0000 | Valid Power: 0.0007 | Train Power: 0.0007 | patience:  35 | lr: 0.003125 | Epoch time: 0.1 |

2024-09-09 04:08:27,558 - INFO -
| Epoch:    690 | Train loss: 4.7768e-01 | Valid loss: 4.2425e-01 | Train acc: 0.6477 ± 0.0000 | Valid acc: 0.7586 ± 0.0000 | Valid Power: 0.0007 | Train Power: 0.0007 | patience:  45 | lr: 0.003125 | Epoch time: 0.1 |

2024-09-09 04:08:28,372 - INFO -
| Epoch:    700 | Train loss: 4.7749e-01 | Valid loss: 4.2553e-01 | Train acc: 0.6477 ± 0.0000 | Valid acc: 0.7586 ± 0.0000 | Valid Power: 0.0007 | Train Power: 0.0008 | patience:  55 | lr: 0.003125 | Epoch time: 0.1 |

2024-09-09 04:08:29,184 - INFO -
| Epoch:    710 | Train loss: 4.7736e-01 | Valid loss: 4.2540e-01 | Train acc: 0.6477 ± 0.0000 | Valid acc: 0.7586 ± 0.0000 | Valid Power: 0.0007 | Train Power: 0.0007 | patience:  65 | lr: 0.003125 | Epoch time: 0.1 |

2024-09-09 04:08:29,995 - INFO -
| Epoch:    720 | Train loss: 4.7722e-01 | Valid loss: 4.2477e-01 | Train acc: 0.6477 ± 0.0000 | Valid acc: 0.7586 ± 0.0000 | Valid Power: 0.0007 | Train Power: 0.0007 | patience:  75 | lr: 0.003125 | Epoch time: 0.1 |

2024-09-09 04:08:30,811 - INFO -
| Epoch:    730 | Train loss: 4.7709e-01 | Valid loss: 4.2495e-01 | Train acc: 0.6477 ± 0.0000 | Valid acc: 0.7586 ± 0.0000 | Valid Power: 0.0007 | Train Power: 0.0007 | patience:  85 | lr: 0.003125 | Epoch time: 0.1 |

2024-09-09 04:08:31,626 - INFO -
| Epoch:    740 | Train loss: 4.7697e-01 | Valid loss: 4.2499e-01 | Train acc: 0.6477 ± 0.0000 | Valid acc: 0.7586 ± 0.0000 | Valid Power: 0.0007 | Train Power: 0.0007 | patience:  95 | lr: 0.003125 | Epoch time: 0.1 |

2024-09-09 04:08:32,118 - INFO -
load best network to warm start training with lower lr.

2024-09-09 04:08:32,118 - INFO -
lr update to 0.0015625.

2024-09-09 04:08:32,479 - INFO -
| Epoch:    750 | Train loss: 4.8188e-01 | Valid loss: 4.1675e-01 | Train acc: 0.6477 ± 0.0000 | Valid acc: 0.7586 ± 0.0000 | Valid Power: 0.0007 | Train Power: 0.0007 | patience:   4 | lr: 0.0015625 | Epoch time: 0.1 |

2024-09-09 04:08:33,291 - INFO -
| Epoch:    760 | Train loss: 4.7915e-01 | Valid loss: 4.2075e-01 | Train acc: 0.6477 ± 0.0000 | Valid acc: 0.7586 ± 0.0000 | Valid Power: 0.0007 | Train Power: 0.0007 | patience:  14 | lr: 0.0015625 | Epoch time: 0.1 |

2024-09-09 04:08:34,105 - INFO -
| Epoch:    770 | Train loss: 4.7821e-01 | Valid loss: 4.2484e-01 | Train acc: 0.6477 ± 0.0000 | Valid acc: 0.7586 ± 0.0000 | Valid Power: 0.0007 | Train Power: 0.0007 | patience:  24 | lr: 0.0015625 | Epoch time: 0.1 |

2024-09-09 04:08:34,917 - INFO -
| Epoch:    780 | Train loss: 4.7814e-01 | Valid loss: 4.2695e-01 | Train acc: 0.6477 ± 0.0000 | Valid acc: 0.7586 ± 0.0000 | Valid Power: 0.0007 | Train Power: 0.0007 | patience:  34 | lr: 0.0015625 | Epoch time: 0.1 |

2024-09-09 04:08:35,730 - INFO -
| Epoch:    790 | Train loss: 4.7806e-01 | Valid loss: 4.2683e-01 | Train acc: 0.6477 ± 0.0000 | Valid acc: 0.7586 ± 0.0000 | Valid Power: 0.0007 | Train Power: 0.0007 | patience:  44 | lr: 0.0015625 | Epoch time: 0.1 |

2024-09-09 04:08:36,541 - INFO -
| Epoch:    800 | Train loss: 4.7792e-01 | Valid loss: 4.2582e-01 | Train acc: 0.6477 ± 0.0000 | Valid acc: 0.7586 ± 0.0000 | Valid Power: 0.0007 | Train Power: 0.0007 | patience:  54 | lr: 0.0015625 | Epoch time: 0.1 |

2024-09-09 04:08:37,352 - INFO -
| Epoch:    810 | Train loss: 4.7783e-01 | Valid loss: 4.2512e-01 | Train acc: 0.6477 ± 0.0000 | Valid acc: 0.7586 ± 0.0000 | Valid Power: 0.0007 | Train Power: 0.0007 | patience:  64 | lr: 0.0015625 | Epoch time: 0.1 |

2024-09-09 04:08:38,162 - INFO -
| Epoch:    820 | Train loss: 4.7774e-01 | Valid loss: 4.2503e-01 | Train acc: 0.6477 ± 0.0000 | Valid acc: 0.7586 ± 0.0000 | Valid Power: 0.0007 | Train Power: 0.0007 | patience:  74 | lr: 0.0015625 | Epoch time: 0.1 |

2024-09-09 04:08:38,973 - INFO -
| Epoch:    830 | Train loss: 4.7765e-01 | Valid loss: 4.2515e-01 | Train acc: 0.6477 ± 0.0000 | Valid acc: 0.7586 ± 0.0000 | Valid Power: 0.0007 | Train Power: 0.0007 | patience:  84 | lr: 0.0015625 | Epoch time: 0.1 |

2024-09-09 04:08:39,784 - INFO -
| Epoch:    840 | Train loss: 4.7757e-01 | Valid loss: 4.2533e-01 | Train acc: 0.6477 ± 0.0000 | Valid acc: 0.7586 ± 0.0000 | Valid Power: 0.0008 | Train Power: 0.0008 | patience:  94 | lr: 0.0015625 | Epoch time: 0.1 |

2024-09-09 04:08:40,351 - INFO -
load best network to warm start training with lower lr.

2024-09-09 04:08:40,352 - INFO -
lr update to 0.00078125.

2024-09-09 04:08:40,593 - INFO -
| Epoch:    850 | Train loss: 4.8265e-01 | Valid loss: 4.1600e-01 | Train acc: 0.6477 ± 0.0000 | Valid acc: 0.7586 ± 0.0000 | Valid Power: 0.0007 | Train Power: 0.0007 | patience:   3 | lr: 0.00078125 | Epoch time: 0.1 |

2024-09-09 04:08:41,400 - INFO -
| Epoch:    860 | Train loss: 4.8087e-01 | Valid loss: 4.1761e-01 | Train acc: 0.6477 ± 0.0000 | Valid acc: 0.7586 ± 0.0000 | Valid Power: 0.0007 | Train Power: 0.0007 | patience:  13 | lr: 0.00078125 | Epoch time: 0.1 |

2024-09-09 04:08:42,208 - INFO -
| Epoch:    870 | Train loss: 4.7958e-01 | Valid loss: 4.1956e-01 | Train acc: 0.6477 ± 0.0000 | Valid acc: 0.7586 ± 0.0000 | Valid Power: 0.0007 | Train Power: 0.0007 | patience:  23 | lr: 0.00078125 | Epoch time: 0.1 |

2024-09-09 04:08:43,016 - INFO -
| Epoch:    880 | Train loss: 4.7877e-01 | Valid loss: 4.2157e-01 | Train acc: 0.6477 ± 0.0000 | Valid acc: 0.7586 ± 0.0000 | Valid Power: 0.0007 | Train Power: 0.0007 | patience:  33 | lr: 0.00078125 | Epoch time: 0.1 |

2024-09-09 04:08:43,827 - INFO -
| Epoch:    890 | Train loss: 4.7836e-01 | Valid loss: 4.2331e-01 | Train acc: 0.6477 ± 0.0000 | Valid acc: 0.7586 ± 0.0000 | Valid Power: 0.0007 | Train Power: 0.0007 | patience:  43 | lr: 0.00078125 | Epoch time: 0.1 |

2024-09-09 04:08:44,636 - INFO -
| Epoch:    900 | Train loss: 4.7818e-01 | Valid loss: 4.2459e-01 | Train acc: 0.6477 ± 0.0000 | Valid acc: 0.7586 ± 0.0000 | Valid Power: 0.0007 | Train Power: 0.0007 | patience:  53 | lr: 0.00078125 | Epoch time: 0.1 |

2024-09-09 04:08:45,453 - INFO -
| Epoch:    910 | Train loss: 4.7811e-01 | Valid loss: 4.2535e-01 | Train acc: 0.6477 ± 0.0000 | Valid acc: 0.7586 ± 0.0000 | Valid Power: 0.0007 | Train Power: 0.0007 | patience:  63 | lr: 0.00078125 | Epoch time: 0.1 |

2024-09-09 04:08:46,264 - INFO -
| Epoch:    920 | Train loss: 4.7806e-01 | Valid loss: 4.2567e-01 | Train acc: 0.6477 ± 0.0000 | Valid acc: 0.7586 ± 0.0000 | Valid Power: 0.0007 | Train Power: 0.0007 | patience:  73 | lr: 0.00078125 | Epoch time: 0.1 |

2024-09-09 04:08:47,075 - INFO -
| Epoch:    930 | Train loss: 4.7802e-01 | Valid loss: 4.2572e-01 | Train acc: 0.6477 ± 0.0000 | Valid acc: 0.7586 ± 0.0000 | Valid Power: 0.0007 | Train Power: 0.0007 | patience:  83 | lr: 0.00078125 | Epoch time: 0.1 |

2024-09-09 04:08:47,883 - INFO -
| Epoch:    940 | Train loss: 4.7797e-01 | Valid loss: 4.2564e-01 | Train acc: 0.6477 ± 0.0000 | Valid acc: 0.7586 ± 0.0000 | Valid Power: 0.0007 | Train Power: 0.0007 | patience:  93 | lr: 0.00078125 | Epoch time: 0.1 |

2024-09-09 04:08:48,531 - INFO -
load best network to warm start training with lower lr.

2024-09-09 04:08:48,532 - INFO -
lr update to 0.000390625.

2024-09-09 04:08:48,693 - INFO -
| Epoch:    950 | Train loss: 4.8295e-01 | Valid loss: 4.1573e-01 | Train acc: 0.6477 ± 0.0000 | Valid acc: 0.7586 ± 0.0000 | Valid Power: 0.0007 | Train Power: 0.0007 | patience:   2 | lr: 0.000390625 | Epoch time: 0.1 |

2024-09-09 04:08:49,501 - INFO -
| Epoch:    960 | Train loss: 4.8198e-01 | Valid loss: 4.1643e-01 | Train acc: 0.6477 ± 0.0000 | Valid acc: 0.7586 ± 0.0000 | Valid Power: 0.0007 | Train Power: 0.0007 | patience:  12 | lr: 0.000390625 | Epoch time: 0.1 |

2024-09-09 04:08:50,309 - INFO -
| Epoch:    970 | Train loss: 4.8111e-01 | Valid loss: 4.1724e-01 | Train acc: 0.6477 ± 0.0000 | Valid acc: 0.7586 ± 0.0000 | Valid Power: 0.0007 | Train Power: 0.0007 | patience:  22 | lr: 0.000390625 | Epoch time: 0.1 |

2024-09-09 04:08:51,116 - INFO -
| Epoch:    980 | Train loss: 4.8039e-01 | Valid loss: 4.1813e-01 | Train acc: 0.6477 ± 0.0000 | Valid acc: 0.7586 ± 0.0000 | Valid Power: 0.0007 | Train Power: 0.0007 | patience:  32 | lr: 0.000390625 | Epoch time: 0.1 |

2024-09-09 04:08:51,924 - INFO -
| Epoch:    990 | Train loss: 4.7979e-01 | Valid loss: 4.1906e-01 | Train acc: 0.6477 ± 0.0000 | Valid acc: 0.7586 ± 0.0000 | Valid Power: 0.0007 | Train Power: 0.0007 | patience:  42 | lr: 0.000390625 | Epoch time: 0.1 |

2024-09-09 04:08:52,734 - INFO -
| Epoch:   1000 | Train loss: 4.7932e-01 | Valid loss: 4.1999e-01 | Train acc: 0.6477 ± 0.0000 | Valid acc: 0.7586 ± 0.0000 | Valid Power: 0.0007 | Train Power: 0.0007 | patience:  52 | lr: 0.000390625 | Epoch time: 0.1 |

2024-09-09 04:08:53,544 - INFO -
| Epoch:   1010 | Train loss: 4.7896e-01 | Valid loss: 4.2088e-01 | Train acc: 0.6477 ± 0.0000 | Valid acc: 0.7586 ± 0.0000 | Valid Power: 0.0007 | Train Power: 0.0007 | patience:  62 | lr: 0.000390625 | Epoch time: 0.1 |

2024-09-09 04:08:54,353 - INFO -
| Epoch:   1020 | Train loss: 4.7869e-01 | Valid loss: 4.2172e-01 | Train acc: 0.6477 ± 0.0000 | Valid acc: 0.7586 ± 0.0000 | Valid Power: 0.0007 | Train Power: 0.0007 | patience:  72 | lr: 0.000390625 | Epoch time: 0.1 |

2024-09-09 04:08:55,162 - INFO -
| Epoch:   1030 | Train loss: 4.7849e-01 | Valid loss: 4.2247e-01 | Train acc: 0.6477 ± 0.0000 | Valid acc: 0.7586 ± 0.0000 | Valid Power: 0.0007 | Train Power: 0.0007 | patience:  82 | lr: 0.000390625 | Epoch time: 0.1 |

2024-09-09 04:08:55,969 - INFO -
| Epoch:   1040 | Train loss: 4.7836e-01 | Valid loss: 4.2312e-01 | Train acc: 0.6477 ± 0.0000 | Valid acc: 0.7586 ± 0.0000 | Valid Power: 0.0007 | Train Power: 0.0007 | patience:  92 | lr: 0.000390625 | Epoch time: 0.1 |

2024-09-09 04:08:56,699 - INFO -
load best network to warm start training with lower lr.

2024-09-09 04:08:56,699 - INFO -
lr update to 0.0001953125.

2024-09-09 04:08:56,780 - INFO -
| Epoch:   1050 | Train loss: 4.8306e-01 | Valid loss: 4.1564e-01 | Train acc: 0.6477 ± 0.0000 | Valid acc: 0.7586 ± 0.0000 | Valid Power: 0.0007 | Train Power: 0.0007 | patience:   1 | lr: 0.0001953125 | Epoch time: 0.1 |

2024-09-09 04:08:57,587 - INFO -
| Epoch:   1060 | Train loss: 4.8255e-01 | Valid loss: 4.1596e-01 | Train acc: 0.6477 ± 0.0000 | Valid acc: 0.7586 ± 0.0000 | Valid Power: 0.0007 | Train Power: 0.0007 | patience:  11 | lr: 0.0001953125 | Epoch time: 0.1 |

2024-09-09 04:08:58,395 - INFO -
| Epoch:   1070 | Train loss: 4.8207e-01 | Valid loss: 4.1631e-01 | Train acc: 0.6477 ± 0.0000 | Valid acc: 0.7586 ± 0.0000 | Valid Power: 0.0007 | Train Power: 0.0007 | patience:  21 | lr: 0.0001953125 | Epoch time: 0.1 |

2024-09-09 04:08:59,205 - INFO -
| Epoch:   1080 | Train loss: 4.8162e-01 | Valid loss: 4.1670e-01 | Train acc: 0.6477 ± 0.0000 | Valid acc: 0.7586 ± 0.0000 | Valid Power: 0.0007 | Train Power: 0.0007 | patience:  31 | lr: 0.0001953125 | Epoch time: 0.1 |

2024-09-09 04:09:00,012 - INFO -
| Epoch:   1090 | Train loss: 4.8121e-01 | Valid loss: 4.1710e-01 | Train acc: 0.6477 ± 0.0000 | Valid acc: 0.7586 ± 0.0000 | Valid Power: 0.0007 | Train Power: 0.0007 | patience:  41 | lr: 0.0001953125 | Epoch time: 0.1 |

2024-09-09 04:09:00,822 - INFO -
| Epoch:   1100 | Train loss: 4.8083e-01 | Valid loss: 4.1752e-01 | Train acc: 0.6477 ± 0.0000 | Valid acc: 0.7586 ± 0.0000 | Valid Power: 0.0007 | Train Power: 0.0007 | patience:  51 | lr: 0.0001953125 | Epoch time: 0.1 |

2024-09-09 04:09:01,632 - INFO -
| Epoch:   1110 | Train loss: 4.8049e-01 | Valid loss: 4.1794e-01 | Train acc: 0.6477 ± 0.0000 | Valid acc: 0.7586 ± 0.0000 | Valid Power: 0.0007 | Train Power: 0.0007 | patience:  61 | lr: 0.0001953125 | Epoch time: 0.1 |

2024-09-09 04:09:02,442 - INFO -
| Epoch:   1120 | Train loss: 4.8018e-01 | Valid loss: 4.1838e-01 | Train acc: 0.6477 ± 0.0000 | Valid acc: 0.7586 ± 0.0000 | Valid Power: 0.0007 | Train Power: 0.0007 | patience:  71 | lr: 0.0001953125 | Epoch time: 0.1 |

2024-09-09 04:09:03,254 - INFO -
| Epoch:   1130 | Train loss: 4.7990e-01 | Valid loss: 4.1882e-01 | Train acc: 0.6477 ± 0.0000 | Valid acc: 0.7586 ± 0.0000 | Valid Power: 0.0007 | Train Power: 0.0007 | patience:  81 | lr: 0.0001953125 | Epoch time: 0.1 |

2024-09-09 04:09:04,062 - INFO -
| Epoch:   1140 | Train loss: 4.7965e-01 | Valid loss: 4.1926e-01 | Train acc: 0.6477 ± 0.0000 | Valid acc: 0.7586 ± 0.0000 | Valid Power: 0.0007 | Train Power: 0.0007 | patience:  91 | lr: 0.0001953125 | Epoch time: 0.1 |

2024-09-09 04:09:04,874 - INFO -
load best network to warm start training with lower lr.

2024-09-09 04:09:04,874 - INFO -
lr update to 9.765625e-05.

2024-09-09 04:09:04,874 - INFO -
Early stop.

2024-09-09 04:09:04,881 - INFO -
Training if finished.

2024-09-09 16:19:06,802 - INFO -
Configuration: 
gmin                0.01
gmax                10.0
T                   0.1
m                   0.3
type_nonlinear      normal
act                 tanh
ACT_R1n             12.7865
ACT_R2n             -3.1871
ACT_W1n             -10.4537
ACT_L1n             10.546
ACT_W2n             -5.8496
ACT_L2n             4.2337
S_R1n               -11.7481
S_R2n               -0.3905
S_W1n               -9.169
S_L1n               0.3913
S_W2n               7.2004
S_L2n               15.5558
ReLU_RHn            -1.9557
ReLU_RLn            -20.1581
ReLU_RDn            16.6486
ReLU_RBn            -14.3472
ReLU_Wn             16.655
ReLU_Ln             -21.7591
HS_Rn               -0.3766
HS_Wn               0.5192
HS_Ln               4.6293
NEG_R1n             -7.0846
NEG_R2n             -2.5695
NEG_R3n             16.1542
NEG_W1n             13.8696
NEG_L1n             2.7635
NEG_W2n             1.2674
NEG_L2n             -10.4803
NEG_W3n             -6.4386
NEG_L3n             5.1005
task                normal
DATASET             6
DataPath            ./dataset
InputNoise          0.0
IN_test             0.0
R_train             1
R_test              1
N_time              32
pathnorm            False
hidden              [3]
skipconnection      False
SEED                5
DEVICE              cpu
PATIENCE            500
EPOCH               10000000000
LR                  0.1
PROGRESSIVE         True
LR_PATIENCE         100
LR_DECAY            0.5
LR_MIN              0.0001
metric              acc
SoftEva             True
TIMELIMITATION      71
MODE                nominal
M_train             1
K_train             1
M_test              1
K_test              1
t_test_max          1
integration         MC
N_train             1
e_train             0.0
N_test              100
e_test              0.1
e_fault             2
fault_ratio         0.0
N_fault             50
e_fault_test        0
N_fault_test        50
dropout             0.0
lagrangian_loss     False
rho                 100
powerestimator      none
powerbalance        0.0
estimatorbalance    0.0
pgmin               1e-07
power_ratio         1000
lambda_P            100
areaestimator       none
areabalance         0.0
area_theta          0.15
area_act            30.0
area_neg            22.7
lambda_A            0.001
lnc                 False
projectname         tanh_0_FaultAnalysisNormal
temppath            ./tanh_0_FaultAnalysisNormal/temp/
logfilepath         ./tanh_0_FaultAnalysisNormal/log/
report_freq         10
recording           False
recordpath          ./tanh_0_FaultAnalysisNormal/record/
savepath            ./tanh_0_FaultAnalysisNormal/models/
loglevel            info


2024-09-09 16:19:06,822 - INFO -
Training network on device: cpu.

2024-09-09 16:19:06,822 - INFO -
Training setup: data_06_iris_seed_05_epsilon_0.0_dropout_0.0_fault_ratio_0.0.model.

2024-09-09 16:19:06,822 - INFO -
{'dataname': 'iris', 'N_feature': 4, 'N_class': 3, 'N_train': 88, 'N_valid': 29, 'N_test': 31}

2024-09-09 16:19:06,835 - INFO -
Training was already finished.

2024-09-11 18:17:02,088 - INFO -
Configuration: 
gmin                0.01
gmax                10.0
T                   0.1
m                   0.3
type_nonlinear      normal
act                 tanh
ACT_R1n             12.7865
ACT_R2n             -3.1871
ACT_W1n             -10.4537
ACT_L1n             10.546
ACT_W2n             -5.8496
ACT_L2n             4.2337
S_R1n               -11.7481
S_R2n               -0.3905
S_W1n               -9.169
S_L1n               0.3913
S_W2n               7.2004
S_L2n               15.5558
ReLU_RHn            -1.9557
ReLU_RLn            -20.1581
ReLU_RDn            16.6486
ReLU_RBn            -14.3472
ReLU_Wn             16.655
ReLU_Ln             -21.7591
HS_Rn               -0.3766
HS_Wn               0.5192
HS_Ln               4.6293
NEG_R1n             -7.0846
NEG_R2n             -2.5695
NEG_R3n             16.1542
NEG_W1n             13.8696
NEG_L1n             2.7635
NEG_W2n             1.2674
NEG_L2n             -10.4803
NEG_W3n             -6.4386
NEG_L3n             5.1005
task                normal
DATASET             6
DataPath            ./dataset
InputNoise          0.0
IN_test             0.0
R_train             1
R_test              1
N_time              32
pathnorm            False
hidden              [3]
skipconnection      False
SEED                5
DEVICE              cpu
PATIENCE            500
EPOCH               10000000000
LR                  0.1
PROGRESSIVE         True
LR_PATIENCE         100
LR_DECAY            0.5
LR_MIN              0.0001
metric              acc
SoftEva             True
TIMELIMITATION      71
MODE                nominal
M_train             1
K_train             1
M_test              1
K_test              1
t_test_max          1
integration         MC
N_train             1
e_train             0.0
N_test              100
e_test              0.1
e_fault             2
fault_ratio         0.0
N_fault             50
e_fault_test        0
N_fault_test        50
dropout             0.0
lagrangian_loss     False
rho                 100
powerestimator      none
powerbalance        0.0
estimatorbalance    0.0
pgmin               1e-07
power_ratio         1000
lambda_P            100
areaestimator       none
areabalance         0.0
area_theta          0.15
area_act            30.0
area_neg            22.7
lambda_A            0.001
lnc                 False
projectname         tanh_0_FaultAnalysisNormal
temppath            ./tanh_0_FaultAnalysisNormal/temp/
logfilepath         ./tanh_0_FaultAnalysisNormal/log/
report_freq         10
recording           False
recordpath          ./tanh_0_FaultAnalysisNormal/record/
savepath            ./tanh_0_FaultAnalysisNormal/models/
loglevel            info


2024-09-11 18:17:02,113 - INFO -
Training network on device: cpu.

2024-09-11 18:17:02,114 - INFO -
Training setup: data_06_iris_seed_05_epsilon_0.0_dropout_0.0_fault_ratio_0.0.model.

2024-09-11 18:17:02,114 - INFO -
{'dataname': 'iris', 'N_feature': 4, 'N_class': 3, 'N_train': 88, 'N_valid': 29, 'N_test': 31}

2024-09-11 18:17:02,114 - INFO -
Training was already finished.

2024-09-12 04:38:03,791 - INFO -
Configuration: 
gmin                0.01
gmax                10.0
T                   0.1
m                   0.3
type_nonlinear      normal
act                 tanh
ACT_R1n             12.7865
ACT_R2n             -3.1871
ACT_W1n             -10.4537
ACT_L1n             10.546
ACT_W2n             -5.8496
ACT_L2n             4.2337
S_R1n               -11.7481
S_R2n               -0.3905
S_W1n               -9.169
S_L1n               0.3913
S_W2n               7.2004
S_L2n               15.5558
ReLU_RHn            -1.9557
ReLU_RLn            -20.1581
ReLU_RDn            16.6486
ReLU_RBn            -14.3472
ReLU_Wn             16.655
ReLU_Ln             -21.7591
HS_Rn               -0.3766
HS_Wn               0.5192
HS_Ln               4.6293
NEG_R1n             -7.0846
NEG_R2n             -2.5695
NEG_R3n             16.1542
NEG_W1n             13.8696
NEG_L1n             2.7635
NEG_W2n             1.2674
NEG_L2n             -10.4803
NEG_W3n             -6.4386
NEG_L3n             5.1005
task                normal
DATASET             6
DataPath            ./dataset
InputNoise          0.0
IN_test             0.0
R_train             1
R_test              1
N_time              32
pathnorm            False
hidden              [3]
skipconnection      False
SEED                5
DEVICE              cpu
PATIENCE            500
EPOCH               10000000000
LR                  0.1
PROGRESSIVE         True
LR_PATIENCE         100
LR_DECAY            0.5
LR_MIN              0.0001
metric              acc
SoftEva             True
TIMELIMITATION      71
MODE                nominal
M_train             1
K_train             1
M_test              1
K_test              1
t_test_max          1
integration         MC
N_train             1
e_train             0.0
N_test              100
e_test              0.1
e_fault             2
fault_ratio         0.0
N_fault             50
e_fault_test        0
N_fault_test        50
dropout             0.0
lagrangian_loss     False
rho                 100
powerestimator      none
powerbalance        0.0
estimatorbalance    0.0
pgmin               1e-07
power_ratio         1000
lambda_P            100
areaestimator       none
areabalance         0.0
area_theta          0.15
area_act            30.0
area_neg            22.7
lambda_A            0.001
lnc                 False
projectname         tanh_0_FaultAnalysisNormal
temppath            ./tanh_0_FaultAnalysisNormal/temp/
logfilepath         ./tanh_0_FaultAnalysisNormal/log/
report_freq         10
recording           False
recordpath          ./tanh_0_FaultAnalysisNormal/record/
savepath            ./tanh_0_FaultAnalysisNormal/models/
loglevel            info


2024-09-12 04:38:03,808 - INFO -
Training network on device: cpu.

2024-09-12 04:38:03,808 - INFO -
Training setup: data_06_iris_seed_05_epsilon_0.0_dropout_0.0_fault_ratio_0.0.model.

2024-09-12 04:38:03,808 - INFO -
{'dataname': 'iris', 'N_feature': 4, 'N_class': 3, 'N_train': 88, 'N_valid': 29, 'N_test': 31}

2024-09-12 04:38:03,829 - INFO -
Training was already finished.

