2024-09-09 23:57:34,657 - INFO -
Configuration: 
gmin                0.01
gmax                10.0
T                   0.1
m                   0.3
type_nonlinear      normal
act                 tanh
ACT_R1n             12.7865
ACT_R2n             -3.1871
ACT_W1n             -10.4537
ACT_L1n             10.546
ACT_W2n             -5.8496
ACT_L2n             4.2337
S_R1n               -11.7481
S_R2n               -0.3905
S_W1n               -9.169
S_L1n               0.3913
S_W2n               7.2004
S_L2n               15.5558
ReLU_RHn            -1.9557
ReLU_RLn            -20.1581
ReLU_RDn            16.6486
ReLU_RBn            -14.3472
ReLU_Wn             16.655
ReLU_Ln             -21.7591
HS_Rn               -0.3766
HS_Wn               0.5192
HS_Ln               4.6293
NEG_R1n             -7.0846
NEG_R2n             -2.5695
NEG_R3n             16.1542
NEG_W1n             13.8696
NEG_L1n             2.7635
NEG_W2n             1.2674
NEG_L2n             -10.4803
NEG_W3n             -6.4386
NEG_L3n             5.1005
task                normal
DATASET             11
DataPath            ./dataset
InputNoise          0.0
IN_test             0.0
R_train             1
R_test              1
N_time              32
pathnorm            False
hidden              [3]
skipconnection      False
SEED                8
DEVICE              cpu
PATIENCE            500
EPOCH               10000000000
LR                  0.1
PROGRESSIVE         True
LR_PATIENCE         100
LR_DECAY            0.5
LR_MIN              0.0001
metric              acc
SoftEva             True
TIMELIMITATION      71
MODE                nominal
M_train             1
K_train             1
M_test              1
K_test              1
t_test_max          1
integration         MC
N_train             1
e_train             0.0
N_test              100
e_test              0.1
e_fault             2
fault_ratio         0.0
N_fault             50
e_fault_test        0
N_fault_test        50
dropout             0.0
lagrangian_loss     False
rho                 100
powerestimator      none
powerbalance        0.0
estimatorbalance    0.0
pgmin               1e-07
power_ratio         1000
lambda_P            100
areaestimator       none
areabalance         0.0
area_theta          0.15
area_act            30.0
area_neg            22.7
lambda_A            0.001
lnc                 False
projectname         tanh_0_FaultAnalysisNormal
temppath            ./tanh_0_FaultAnalysisNormal/temp/
logfilepath         ./tanh_0_FaultAnalysisNormal/log/
report_freq         10
recording           False
recordpath          ./tanh_0_FaultAnalysisNormal/record/
savepath            ./tanh_0_FaultAnalysisNormal/models/
loglevel            info


2024-09-09 23:57:34,657 - INFO -
Training network on device: cpu.

2024-09-09 23:57:34,657 - INFO -
Training setup: data_11_vertebralcolumn2clases_seed_08_epsilon_0.0_dropout_0.0_fault_ratio_0.0.model.

2024-09-09 23:57:34,658 - INFO -
{'dataname': 'vertebralcolumn2clases', 'N_feature': 6, 'N_class': 2, 'N_train': 184, 'N_valid': 61, 'N_test': 63}

2024-09-09 23:57:34,658 - INFO -
Topology of the network: [6, 3, 2].

2024-09-09 23:57:36,465 - INFO -
| Epoch:      0 | Train loss: 6.9319e-01 | Valid loss: 6.8004e-01 | Train acc: 0.3043 ± 0.0000 | Valid acc: 0.6721 ± 0.0000 | Valid Power: 0.0008 | Train Power: 0.0004 | patience:   0 | lr: 0.1 | Epoch time: 0.1 |

2024-09-09 23:57:37,370 - INFO -
| Epoch:     10 | Train loss: 6.1629e-01 | Valid loss: 6.3587e-01 | Train acc: 0.6957 ± 0.0000 | Valid acc: 0.6721 ± 0.0000 | Valid Power: 0.0007 | Train Power: 0.0007 | patience:   8 | lr: 0.1 | Epoch time: 0.1 |

2024-09-09 23:57:38,280 - INFO -
| Epoch:     20 | Train loss: 6.1504e-01 | Valid loss: 6.3363e-01 | Train acc: 0.6957 ± 0.0000 | Valid acc: 0.6721 ± 0.0000 | Valid Power: 0.0007 | Train Power: 0.0007 | patience:  18 | lr: 0.1 | Epoch time: 0.1 |

2024-09-09 23:57:39,173 - INFO -
| Epoch:     30 | Train loss: 6.1469e-01 | Valid loss: 6.3425e-01 | Train acc: 0.6957 ± 0.0000 | Valid acc: 0.6721 ± 0.0000 | Valid Power: 0.0007 | Train Power: 0.0007 | patience:  28 | lr: 0.1 | Epoch time: 0.1 |

2024-09-09 23:57:40,074 - INFO -
| Epoch:     40 | Train loss: 6.1456e-01 | Valid loss: 6.3409e-01 | Train acc: 0.6957 ± 0.0000 | Valid acc: 0.6721 ± 0.0000 | Valid Power: 0.0007 | Train Power: 0.0007 | patience:  38 | lr: 0.1 | Epoch time: 0.1 |

2024-09-09 23:57:40,967 - INFO -
| Epoch:     50 | Train loss: 6.1453e-01 | Valid loss: 6.3371e-01 | Train acc: 0.6957 ± 0.0000 | Valid acc: 0.6721 ± 0.0000 | Valid Power: 0.0007 | Train Power: 0.0007 | patience:  48 | lr: 0.1 | Epoch time: 0.1 |

2024-09-09 23:57:41,861 - INFO -
| Epoch:     60 | Train loss: 6.1454e-01 | Valid loss: 6.3431e-01 | Train acc: 0.6957 ± 0.0000 | Valid acc: 0.6721 ± 0.0000 | Valid Power: 0.0007 | Train Power: 0.0007 | patience:  58 | lr: 0.1 | Epoch time: 0.1 |

2024-09-09 23:57:42,758 - INFO -
| Epoch:     70 | Train loss: 6.1453e-01 | Valid loss: 6.3376e-01 | Train acc: 0.6957 ± 0.0000 | Valid acc: 0.6721 ± 0.0000 | Valid Power: 0.0007 | Train Power: 0.0007 | patience:  68 | lr: 0.1 | Epoch time: 0.1 |

2024-09-09 23:57:43,654 - INFO -
| Epoch:     80 | Train loss: 6.1452e-01 | Valid loss: 6.3402e-01 | Train acc: 0.6957 ± 0.0000 | Valid acc: 0.6721 ± 0.0000 | Valid Power: 0.0007 | Train Power: 0.0007 | patience:  78 | lr: 0.1 | Epoch time: 0.1 |

2024-09-09 23:57:44,547 - INFO -
| Epoch:     90 | Train loss: 6.1451e-01 | Valid loss: 6.3400e-01 | Train acc: 0.6957 ± 0.0000 | Valid acc: 0.6721 ± 0.0000 | Valid Power: 0.0007 | Train Power: 0.0007 | patience:  88 | lr: 0.1 | Epoch time: 0.1 |

2024-09-09 23:57:45,440 - INFO -
| Epoch:    100 | Train loss: 6.1451e-01 | Valid loss: 6.3391e-01 | Train acc: 0.6957 ± 0.0000 | Valid acc: 0.6721 ± 0.0000 | Valid Power: 0.0007 | Train Power: 0.0007 | patience:  98 | lr: 0.1 | Epoch time: 0.1 |

2024-09-09 23:57:45,713 - INFO -
load best network to warm start training with lower lr.

2024-09-09 23:57:45,713 - INFO -
lr update to 0.05.

2024-09-09 23:57:46,350 - INFO -
| Epoch:    110 | Train loss: 6.1398e-01 | Valid loss: 6.3070e-01 | Train acc: 0.6957 ± 0.0000 | Valid acc: 0.6721 ± 0.0000 | Valid Power: 0.0007 | Train Power: 0.0007 | patience:   0 | lr: 0.05 | Epoch time: 0.1 |

2024-09-09 23:57:47,258 - INFO -
| Epoch:    120 | Train loss: 6.0337e-01 | Valid loss: 6.1830e-01 | Train acc: 0.6957 ± 0.0000 | Valid acc: 0.6721 ± 0.0000 | Valid Power: 0.0011 | Train Power: 0.0008 | patience:   2 | lr: 0.05 | Epoch time: 0.1 |

2024-09-09 23:57:48,191 - INFO -
| Epoch:    130 | Train loss: 5.6871e-01 | Valid loss: 5.8177e-01 | Train acc: 0.6957 ± 0.0000 | Valid acc: 0.6721 ± 0.0000 | Valid Power: 0.0010 | Train Power: 0.0012 | patience:   0 | lr: 0.05 | Epoch time: 0.1 |

2024-09-09 23:57:49,197 - INFO -
| Epoch:    140 | Train loss: 5.6323e-01 | Valid loss: 5.6682e-01 | Train acc: 0.6902 ± 0.0000 | Valid acc: 0.6557 ± 0.0000 | Valid Power: 0.0009 | Train Power: 0.0008 | patience:   0 | lr: 0.05 | Epoch time: 0.1 |

2024-09-09 23:57:50,101 - INFO -
| Epoch:    150 | Train loss: 5.6248e-01 | Valid loss: 5.5368e-01 | Train acc: 0.7120 ± 0.0000 | Valid acc: 0.7213 ± 0.0000 | Valid Power: 0.0008 | Train Power: 0.0009 | patience:   0 | lr: 0.05 | Epoch time: 0.1 |

2024-09-09 23:57:50,996 - INFO -
| Epoch:    160 | Train loss: 5.3990e-01 | Valid loss: 5.7810e-01 | Train acc: 0.6902 ± 0.0000 | Valid acc: 0.6721 ± 0.0000 | Valid Power: 0.0008 | Train Power: 0.0008 | patience:  10 | lr: 0.05 | Epoch time: 0.1 |

2024-09-09 23:57:51,891 - INFO -
| Epoch:    170 | Train loss: 5.5396e-01 | Valid loss: 5.6856e-01 | Train acc: 0.6902 ± 0.0000 | Valid acc: 0.6557 ± 0.0000 | Valid Power: 0.0008 | Train Power: 0.0008 | patience:  20 | lr: 0.05 | Epoch time: 0.1 |

2024-09-09 23:57:52,794 - INFO -
| Epoch:    180 | Train loss: 5.4520e-01 | Valid loss: 5.5297e-01 | Train acc: 0.6902 ± 0.0000 | Valid acc: 0.6557 ± 0.0000 | Valid Power: 0.0008 | Train Power: 0.0008 | patience:   1 | lr: 0.05 | Epoch time: 0.1 |

2024-09-09 23:57:53,688 - INFO -
| Epoch:    190 | Train loss: 5.4905e-01 | Valid loss: 5.7950e-01 | Train acc: 0.6739 ± 0.0000 | Valid acc: 0.7049 ± 0.0000 | Valid Power: 0.0008 | Train Power: 0.0008 | patience:  11 | lr: 0.05 | Epoch time: 0.1 |

2024-09-09 23:57:54,582 - INFO -
| Epoch:    200 | Train loss: 5.3970e-01 | Valid loss: 5.6756e-01 | Train acc: 0.7228 ± 0.0000 | Valid acc: 0.6885 ± 0.0000 | Valid Power: 0.0008 | Train Power: 0.0008 | patience:  21 | lr: 0.05 | Epoch time: 0.1 |

2024-09-09 23:57:55,477 - INFO -
| Epoch:    210 | Train loss: 5.3614e-01 | Valid loss: 5.6856e-01 | Train acc: 0.7174 ± 0.0000 | Valid acc: 0.6885 ± 0.0000 | Valid Power: 0.0008 | Train Power: 0.0009 | patience:  31 | lr: 0.05 | Epoch time: 0.1 |

2024-09-09 23:57:56,379 - INFO -
| Epoch:    220 | Train loss: 5.6831e-01 | Valid loss: 6.0269e-01 | Train acc: 0.6848 ± 0.0000 | Valid acc: 0.6721 ± 0.0000 | Valid Power: 0.0008 | Train Power: 0.0008 | patience:  41 | lr: 0.05 | Epoch time: 0.1 |

2024-09-09 23:57:57,274 - INFO -
| Epoch:    230 | Train loss: 5.4358e-01 | Valid loss: 5.6111e-01 | Train acc: 0.6848 ± 0.0000 | Valid acc: 0.6393 ± 0.0000 | Valid Power: 0.0007 | Train Power: 0.0007 | patience:  51 | lr: 0.05 | Epoch time: 0.1 |

2024-09-09 23:57:58,170 - INFO -
| Epoch:    240 | Train loss: 5.6997e-01 | Valid loss: 5.6439e-01 | Train acc: 0.7120 ± 0.0000 | Valid acc: 0.7705 ± 0.0000 | Valid Power: 0.0007 | Train Power: 0.0007 | patience:  61 | lr: 0.05 | Epoch time: 0.1 |

2024-09-09 23:57:59,064 - INFO -
| Epoch:    250 | Train loss: 6.5154e-01 | Valid loss: 6.8714e-01 | Train acc: 0.6848 ± 0.0000 | Valid acc: 0.6557 ± 0.0000 | Valid Power: 0.0007 | Train Power: 0.0007 | patience:  71 | lr: 0.05 | Epoch time: 0.1 |

2024-09-09 23:57:59,959 - INFO -
| Epoch:    260 | Train loss: 5.9873e-01 | Valid loss: 6.2083e-01 | Train acc: 0.6848 ± 0.0000 | Valid acc: 0.6557 ± 0.0000 | Valid Power: 0.0007 | Train Power: 0.0007 | patience:  81 | lr: 0.05 | Epoch time: 0.1 |

2024-09-09 23:58:00,855 - INFO -
| Epoch:    270 | Train loss: 6.0689e-01 | Valid loss: 6.3736e-01 | Train acc: 0.6957 ± 0.0000 | Valid acc: 0.6557 ± 0.0000 | Valid Power: 0.0007 | Train Power: 0.0007 | patience:  91 | lr: 0.05 | Epoch time: 0.1 |

2024-09-09 23:58:01,753 - INFO -
load best network to warm start training with lower lr.

2024-09-09 23:58:01,753 - INFO -
lr update to 0.025.

2024-09-09 23:58:01,753 - INFO -
| Epoch:    280 | Train loss: 6.0308e-01 | Valid loss: 6.2903e-01 | Train acc: 0.6902 ± 0.0000 | Valid acc: 0.6557 ± 0.0000 | Valid Power: 0.0008 | Train Power: 0.0008 | patience:   0 | lr: 0.025 | Epoch time: 0.1 |

2024-09-09 23:58:02,652 - INFO -
| Epoch:    290 | Train loss: 5.3766e-01 | Valid loss: 5.5715e-01 | Train acc: 0.6793 ± 0.0000 | Valid acc: 0.6557 ± 0.0000 | Valid Power: 0.0008 | Train Power: 0.0008 | patience:   4 | lr: 0.025 | Epoch time: 0.1 |

2024-09-09 23:58:03,547 - INFO -
| Epoch:    300 | Train loss: 5.3710e-01 | Valid loss: 5.5727e-01 | Train acc: 0.6902 ± 0.0000 | Valid acc: 0.6557 ± 0.0000 | Valid Power: 0.0008 | Train Power: 0.0008 | patience:  14 | lr: 0.025 | Epoch time: 0.1 |

2024-09-09 23:58:04,442 - INFO -
| Epoch:    310 | Train loss: 5.3284e-01 | Valid loss: 5.6914e-01 | Train acc: 0.6685 ± 0.0000 | Valid acc: 0.6885 ± 0.0000 | Valid Power: 0.0008 | Train Power: 0.0008 | patience:  24 | lr: 0.025 | Epoch time: 0.1 |

2024-09-09 23:58:05,336 - INFO -
| Epoch:    320 | Train loss: 5.3211e-01 | Valid loss: 5.5471e-01 | Train acc: 0.6902 ± 0.0000 | Valid acc: 0.7541 ± 0.0000 | Valid Power: 0.0008 | Train Power: 0.0008 | patience:  34 | lr: 0.025 | Epoch time: 0.1 |

2024-09-09 23:58:06,230 - INFO -
| Epoch:    330 | Train loss: 5.3040e-01 | Valid loss: 5.6988e-01 | Train acc: 0.7174 ± 0.0000 | Valid acc: 0.6885 ± 0.0000 | Valid Power: 0.0008 | Train Power: 0.0008 | patience:  44 | lr: 0.025 | Epoch time: 0.1 |

2024-09-09 23:58:07,125 - INFO -
| Epoch:    340 | Train loss: 5.2983e-01 | Valid loss: 5.5948e-01 | Train acc: 0.7174 ± 0.0000 | Valid acc: 0.6885 ± 0.0000 | Valid Power: 0.0008 | Train Power: 0.0008 | patience:  54 | lr: 0.025 | Epoch time: 0.1 |

2024-09-09 23:58:08,019 - INFO -
| Epoch:    350 | Train loss: 5.2988e-01 | Valid loss: 5.6974e-01 | Train acc: 0.7174 ± 0.0000 | Valid acc: 0.6885 ± 0.0000 | Valid Power: 0.0008 | Train Power: 0.0008 | patience:  64 | lr: 0.025 | Epoch time: 0.1 |

2024-09-09 23:58:08,912 - INFO -
| Epoch:    360 | Train loss: 5.3038e-01 | Valid loss: 5.6580e-01 | Train acc: 0.7228 ± 0.0000 | Valid acc: 0.6885 ± 0.0000 | Valid Power: 0.0008 | Train Power: 0.0008 | patience:  74 | lr: 0.025 | Epoch time: 0.1 |

2024-09-09 23:58:09,806 - INFO -
| Epoch:    370 | Train loss: 5.2958e-01 | Valid loss: 5.6294e-01 | Train acc: 0.7228 ± 0.0000 | Valid acc: 0.6885 ± 0.0000 | Valid Power: 0.0008 | Train Power: 0.0008 | patience:  84 | lr: 0.025 | Epoch time: 0.1 |

2024-09-09 23:58:10,701 - INFO -
| Epoch:    380 | Train loss: 5.2916e-01 | Valid loss: 5.6832e-01 | Train acc: 0.7228 ± 0.0000 | Valid acc: 0.6885 ± 0.0000 | Valid Power: 0.0008 | Train Power: 0.0008 | patience:  94 | lr: 0.025 | Epoch time: 0.1 |

2024-09-09 23:58:11,330 - INFO -
load best network to warm start training with lower lr.

2024-09-09 23:58:11,330 - INFO -
lr update to 0.0125.

2024-09-09 23:58:11,598 - INFO -
| Epoch:    390 | Train loss: 5.4863e-01 | Valid loss: 5.6493e-01 | Train acc: 0.6902 ± 0.0000 | Valid acc: 0.6557 ± 0.0000 | Valid Power: 0.0008 | Train Power: 0.0008 | patience:   3 | lr: 0.0125 | Epoch time: 0.1 |

2024-09-09 23:58:12,494 - INFO -
| Epoch:    400 | Train loss: 5.3915e-01 | Valid loss: 5.6689e-01 | Train acc: 0.6848 ± 0.0000 | Valid acc: 0.6393 ± 0.0000 | Valid Power: 0.0008 | Train Power: 0.0008 | patience:  13 | lr: 0.0125 | Epoch time: 0.1 |

2024-09-09 23:58:13,388 - INFO -
| Epoch:    410 | Train loss: 5.3910e-01 | Valid loss: 5.6938e-01 | Train acc: 0.6902 ± 0.0000 | Valid acc: 0.6557 ± 0.0000 | Valid Power: 0.0008 | Train Power: 0.0008 | patience:  23 | lr: 0.0125 | Epoch time: 0.1 |

2024-09-09 23:58:14,283 - INFO -
| Epoch:    420 | Train loss: 5.3661e-01 | Valid loss: 5.7583e-01 | Train acc: 0.7228 ± 0.0000 | Valid acc: 0.6885 ± 0.0000 | Valid Power: 0.0008 | Train Power: 0.0008 | patience:  33 | lr: 0.0125 | Epoch time: 0.1 |

2024-09-09 23:58:15,179 - INFO -
| Epoch:    430 | Train loss: 5.3361e-01 | Valid loss: 5.6829e-01 | Train acc: 0.7228 ± 0.0000 | Valid acc: 0.6885 ± 0.0000 | Valid Power: 0.0008 | Train Power: 0.0008 | patience:  43 | lr: 0.0125 | Epoch time: 0.1 |

2024-09-09 23:58:16,073 - INFO -
| Epoch:    440 | Train loss: 5.3113e-01 | Valid loss: 5.6502e-01 | Train acc: 0.7228 ± 0.0000 | Valid acc: 0.6885 ± 0.0000 | Valid Power: 0.0008 | Train Power: 0.0008 | patience:  53 | lr: 0.0125 | Epoch time: 0.1 |

2024-09-09 23:58:16,966 - INFO -
| Epoch:    450 | Train loss: 5.3039e-01 | Valid loss: 5.6590e-01 | Train acc: 0.7174 ± 0.0000 | Valid acc: 0.6885 ± 0.0000 | Valid Power: 0.0008 | Train Power: 0.0008 | patience:  63 | lr: 0.0125 | Epoch time: 0.1 |

2024-09-09 23:58:17,862 - INFO -
| Epoch:    460 | Train loss: 5.2975e-01 | Valid loss: 5.6475e-01 | Train acc: 0.7228 ± 0.0000 | Valid acc: 0.6885 ± 0.0000 | Valid Power: 0.0008 | Train Power: 0.0008 | patience:  73 | lr: 0.0125 | Epoch time: 0.1 |

2024-09-09 23:58:18,756 - INFO -
| Epoch:    470 | Train loss: 5.2943e-01 | Valid loss: 5.6691e-01 | Train acc: 0.7174 ± 0.0000 | Valid acc: 0.6885 ± 0.0000 | Valid Power: 0.0008 | Train Power: 0.0008 | patience:  83 | lr: 0.0125 | Epoch time: 0.1 |

2024-09-09 23:58:19,649 - INFO -
| Epoch:    480 | Train loss: 5.2918e-01 | Valid loss: 5.6733e-01 | Train acc: 0.7174 ± 0.0000 | Valid acc: 0.6885 ± 0.0000 | Valid Power: 0.0008 | Train Power: 0.0008 | patience:  93 | lr: 0.0125 | Epoch time: 0.1 |

2024-09-09 23:58:20,368 - INFO -
load best network to warm start training with lower lr.

2024-09-09 23:58:20,368 - INFO -
lr update to 0.00625.

2024-09-09 23:58:20,547 - INFO -
| Epoch:    490 | Train loss: 5.3830e-01 | Valid loss: 5.6618e-01 | Train acc: 0.6848 ± 0.0000 | Valid acc: 0.6557 ± 0.0000 | Valid Power: 0.0008 | Train Power: 0.0008 | patience:   2 | lr: 0.00625 | Epoch time: 0.1 |

2024-09-09 23:58:21,441 - INFO -
| Epoch:    500 | Train loss: 5.3478e-01 | Valid loss: 5.8471e-01 | Train acc: 0.6848 ± 0.0000 | Valid acc: 0.6393 ± 0.0000 | Valid Power: 0.0008 | Train Power: 0.0008 | patience:  12 | lr: 0.00625 | Epoch time: 0.1 |

2024-09-09 23:58:22,334 - INFO -
| Epoch:    510 | Train loss: 5.3369e-01 | Valid loss: 5.8393e-01 | Train acc: 0.6739 ± 0.0000 | Valid acc: 0.7049 ± 0.0000 | Valid Power: 0.0008 | Train Power: 0.0008 | patience:  22 | lr: 0.00625 | Epoch time: 0.1 |

2024-09-09 23:58:23,228 - INFO -
| Epoch:    520 | Train loss: 5.3371e-01 | Valid loss: 5.8185e-01 | Train acc: 0.7120 ± 0.0000 | Valid acc: 0.6885 ± 0.0000 | Valid Power: 0.0009 | Train Power: 0.0008 | patience:  32 | lr: 0.00625 | Epoch time: 0.1 |

2024-09-09 23:58:24,122 - INFO -
| Epoch:    530 | Train loss: 5.3291e-01 | Valid loss: 5.7966e-01 | Train acc: 0.7174 ± 0.0000 | Valid acc: 0.6885 ± 0.0000 | Valid Power: 0.0008 | Train Power: 0.0009 | patience:  42 | lr: 0.00625 | Epoch time: 0.1 |

2024-09-09 23:58:25,016 - INFO -
| Epoch:    540 | Train loss: 5.3243e-01 | Valid loss: 5.8127e-01 | Train acc: 0.7174 ± 0.0000 | Valid acc: 0.6885 ± 0.0000 | Valid Power: 0.0008 | Train Power: 0.0008 | patience:  52 | lr: 0.00625 | Epoch time: 0.1 |

2024-09-09 23:58:25,910 - INFO -
| Epoch:    550 | Train loss: 5.3212e-01 | Valid loss: 5.8177e-01 | Train acc: 0.7174 ± 0.0000 | Valid acc: 0.6885 ± 0.0000 | Valid Power: 0.0008 | Train Power: 0.0008 | patience:  62 | lr: 0.00625 | Epoch time: 0.1 |

2024-09-09 23:58:26,807 - INFO -
| Epoch:    560 | Train loss: 5.3195e-01 | Valid loss: 5.8139e-01 | Train acc: 0.7228 ± 0.0000 | Valid acc: 0.6885 ± 0.0000 | Valid Power: 0.0008 | Train Power: 0.0008 | patience:  72 | lr: 0.00625 | Epoch time: 0.1 |

2024-09-09 23:58:27,703 - INFO -
| Epoch:    570 | Train loss: 5.3178e-01 | Valid loss: 5.8148e-01 | Train acc: 0.7228 ± 0.0000 | Valid acc: 0.6885 ± 0.0000 | Valid Power: 0.0008 | Train Power: 0.0008 | patience:  82 | lr: 0.00625 | Epoch time: 0.1 |

2024-09-09 23:58:28,603 - INFO -
| Epoch:    580 | Train loss: 5.3163e-01 | Valid loss: 5.8171e-01 | Train acc: 0.7228 ± 0.0000 | Valid acc: 0.6885 ± 0.0000 | Valid Power: 0.0008 | Train Power: 0.0008 | patience:  92 | lr: 0.00625 | Epoch time: 0.1 |

2024-09-09 23:58:29,411 - INFO -
load best network to warm start training with lower lr.

2024-09-09 23:58:29,412 - INFO -
lr update to 0.003125.

2024-09-09 23:58:29,506 - INFO -
| Epoch:    590 | Train loss: 5.4600e-01 | Valid loss: 5.4982e-01 | Train acc: 0.6685 ± 0.0000 | Valid acc: 0.6557 ± 0.0000 | Valid Power: 0.0008 | Train Power: 0.0008 | patience:   0 | lr: 0.003125 | Epoch time: 0.1 |

2024-09-09 23:58:30,401 - INFO -
| Epoch:    600 | Train loss: 5.3629e-01 | Valid loss: 5.5726e-01 | Train acc: 0.6848 ± 0.0000 | Valid acc: 0.6557 ± 0.0000 | Valid Power: 0.0008 | Train Power: 0.0008 | patience:  10 | lr: 0.003125 | Epoch time: 0.1 |

2024-09-09 23:58:31,390 - INFO -
| Epoch:    610 | Train loss: 5.3417e-01 | Valid loss: 5.6152e-01 | Train acc: 0.6685 ± 0.0000 | Valid acc: 0.6721 ± 0.0000 | Valid Power: 0.0008 | Train Power: 0.0008 | patience:  20 | lr: 0.003125 | Epoch time: 0.1 |

2024-09-09 23:58:32,284 - INFO -
| Epoch:    620 | Train loss: 5.3285e-01 | Valid loss: 5.6544e-01 | Train acc: 0.6685 ± 0.0000 | Valid acc: 0.7213 ± 0.0000 | Valid Power: 0.0008 | Train Power: 0.0008 | patience:  30 | lr: 0.003125 | Epoch time: 0.1 |

2024-09-09 23:58:33,178 - INFO -
| Epoch:    630 | Train loss: 5.3205e-01 | Valid loss: 5.6734e-01 | Train acc: 0.7174 ± 0.0000 | Valid acc: 0.7541 ± 0.0000 | Valid Power: 0.0008 | Train Power: 0.0008 | patience:  40 | lr: 0.003125 | Epoch time: 0.1 |

2024-09-09 23:58:34,072 - INFO -
| Epoch:    640 | Train loss: 5.3147e-01 | Valid loss: 5.6769e-01 | Train acc: 0.7228 ± 0.0000 | Valid acc: 0.6885 ± 0.0000 | Valid Power: 0.0008 | Train Power: 0.0008 | patience:  50 | lr: 0.003125 | Epoch time: 0.1 |

2024-09-09 23:58:34,965 - INFO -
| Epoch:    650 | Train loss: 5.3115e-01 | Valid loss: 5.6742e-01 | Train acc: 0.7228 ± 0.0000 | Valid acc: 0.6885 ± 0.0000 | Valid Power: 0.0008 | Train Power: 0.0008 | patience:  60 | lr: 0.003125 | Epoch time: 0.1 |

2024-09-09 23:58:35,859 - INFO -
| Epoch:    660 | Train loss: 5.3089e-01 | Valid loss: 5.6646e-01 | Train acc: 0.7174 ± 0.0000 | Valid acc: 0.6885 ± 0.0000 | Valid Power: 0.0008 | Train Power: 0.0008 | patience:  70 | lr: 0.003125 | Epoch time: 0.1 |

2024-09-09 23:58:36,753 - INFO -
| Epoch:    670 | Train loss: 5.3068e-01 | Valid loss: 5.6656e-01 | Train acc: 0.7174 ± 0.0000 | Valid acc: 0.6885 ± 0.0000 | Valid Power: 0.0008 | Train Power: 0.0008 | patience:  80 | lr: 0.003125 | Epoch time: 0.1 |

2024-09-09 23:58:37,648 - INFO -
| Epoch:    680 | Train loss: 5.3051e-01 | Valid loss: 5.6633e-01 | Train acc: 0.7174 ± 0.0000 | Valid acc: 0.6885 ± 0.0000 | Valid Power: 0.0008 | Train Power: 0.0008 | patience:  90 | lr: 0.003125 | Epoch time: 0.1 |

2024-09-09 23:58:38,542 - INFO -
| Epoch:    690 | Train loss: 5.3035e-01 | Valid loss: 5.6632e-01 | Train acc: 0.7174 ± 0.0000 | Valid acc: 0.6885 ± 0.0000 | Valid Power: 0.0008 | Train Power: 0.0008 | patience: 100 | lr: 0.003125 | Epoch time: 0.1 |

2024-09-09 23:58:38,636 - INFO -
load best network to warm start training with lower lr.

2024-09-09 23:58:38,636 - INFO -
lr update to 0.0015625.

2024-09-09 23:58:39,440 - INFO -
| Epoch:    700 | Train loss: 5.3506e-01 | Valid loss: 5.5921e-01 | Train acc: 0.6902 ± 0.0000 | Valid acc: 0.6557 ± 0.0000 | Valid Power: 0.0008 | Train Power: 0.0008 | patience:   9 | lr: 0.0015625 | Epoch time: 0.1 |

2024-09-09 23:58:40,335 - INFO -
| Epoch:    710 | Train loss: 5.3473e-01 | Valid loss: 5.6494e-01 | Train acc: 0.6739 ± 0.0000 | Valid acc: 0.6557 ± 0.0000 | Valid Power: 0.0008 | Train Power: 0.0008 | patience:  19 | lr: 0.0015625 | Epoch time: 0.1 |

2024-09-09 23:58:41,230 - INFO -
| Epoch:    720 | Train loss: 5.3395e-01 | Valid loss: 5.6559e-01 | Train acc: 0.6685 ± 0.0000 | Valid acc: 0.6721 ± 0.0000 | Valid Power: 0.0008 | Train Power: 0.0008 | patience:  29 | lr: 0.0015625 | Epoch time: 0.1 |

2024-09-09 23:58:42,125 - INFO -
| Epoch:    730 | Train loss: 5.3341e-01 | Valid loss: 5.6544e-01 | Train acc: 0.6739 ± 0.0000 | Valid acc: 0.7049 ± 0.0000 | Valid Power: 0.0008 | Train Power: 0.0008 | patience:  39 | lr: 0.0015625 | Epoch time: 0.1 |

2024-09-09 23:58:43,020 - INFO -
| Epoch:    740 | Train loss: 5.3287e-01 | Valid loss: 5.6678e-01 | Train acc: 0.6902 ± 0.0000 | Valid acc: 0.7377 ± 0.0000 | Valid Power: 0.0008 | Train Power: 0.0008 | patience:  49 | lr: 0.0015625 | Epoch time: 0.1 |

2024-09-09 23:58:43,914 - INFO -
| Epoch:    750 | Train loss: 5.3238e-01 | Valid loss: 5.6750e-01 | Train acc: 0.7120 ± 0.0000 | Valid acc: 0.7705 ± 0.0000 | Valid Power: 0.0008 | Train Power: 0.0008 | patience:  59 | lr: 0.0015625 | Epoch time: 0.1 |

2024-09-09 23:58:44,808 - INFO -
| Epoch:    760 | Train loss: 5.3200e-01 | Valid loss: 5.6772e-01 | Train acc: 0.7283 ± 0.0000 | Valid acc: 0.7377 ± 0.0000 | Valid Power: 0.0008 | Train Power: 0.0008 | patience:  69 | lr: 0.0015625 | Epoch time: 0.1 |

2024-09-09 23:58:45,701 - INFO -
| Epoch:    770 | Train loss: 5.3170e-01 | Valid loss: 5.6767e-01 | Train acc: 0.7174 ± 0.0000 | Valid acc: 0.6885 ± 0.0000 | Valid Power: 0.0008 | Train Power: 0.0008 | patience:  79 | lr: 0.0015625 | Epoch time: 0.1 |

2024-09-09 23:58:46,595 - INFO -
| Epoch:    780 | Train loss: 5.3146e-01 | Valid loss: 5.6747e-01 | Train acc: 0.7174 ± 0.0000 | Valid acc: 0.6885 ± 0.0000 | Valid Power: 0.0008 | Train Power: 0.0008 | patience:  89 | lr: 0.0015625 | Epoch time: 0.1 |

2024-09-09 23:58:47,488 - INFO -
| Epoch:    790 | Train loss: 5.3127e-01 | Valid loss: 5.6727e-01 | Train acc: 0.7228 ± 0.0000 | Valid acc: 0.6885 ± 0.0000 | Valid Power: 0.0008 | Train Power: 0.0008 | patience:  99 | lr: 0.0015625 | Epoch time: 0.1 |

2024-09-09 23:58:47,671 - INFO -
load best network to warm start training with lower lr.

2024-09-09 23:58:47,671 - INFO -
lr update to 0.00078125.

2024-09-09 23:58:48,386 - INFO -
| Epoch:    800 | Train loss: 5.3539e-01 | Valid loss: 5.6632e-01 | Train acc: 0.6848 ± 0.0000 | Valid acc: 0.6721 ± 0.0000 | Valid Power: 0.0008 | Train Power: 0.0008 | patience:   8 | lr: 0.00078125 | Epoch time: 0.1 |

2024-09-09 23:58:49,280 - INFO -
| Epoch:    810 | Train loss: 5.3503e-01 | Valid loss: 5.6089e-01 | Train acc: 0.6957 ± 0.0000 | Valid acc: 0.6557 ± 0.0000 | Valid Power: 0.0008 | Train Power: 0.0008 | patience:  18 | lr: 0.00078125 | Epoch time: 0.1 |

2024-09-09 23:58:50,175 - INFO -
| Epoch:    820 | Train loss: 5.3461e-01 | Valid loss: 5.6440e-01 | Train acc: 0.6848 ± 0.0000 | Valid acc: 0.6557 ± 0.0000 | Valid Power: 0.0008 | Train Power: 0.0008 | patience:  28 | lr: 0.00078125 | Epoch time: 0.1 |

2024-09-09 23:58:51,067 - INFO -
| Epoch:    830 | Train loss: 5.3428e-01 | Valid loss: 5.6377e-01 | Train acc: 0.6685 ± 0.0000 | Valid acc: 0.6721 ± 0.0000 | Valid Power: 0.0008 | Train Power: 0.0008 | patience:  38 | lr: 0.00078125 | Epoch time: 0.1 |

2024-09-09 23:58:51,961 - INFO -
| Epoch:    840 | Train loss: 5.3403e-01 | Valid loss: 5.6364e-01 | Train acc: 0.6685 ± 0.0000 | Valid acc: 0.6721 ± 0.0000 | Valid Power: 0.0008 | Train Power: 0.0008 | patience:  48 | lr: 0.00078125 | Epoch time: 0.1 |

2024-09-09 23:58:52,854 - INFO -
| Epoch:    850 | Train loss: 5.3377e-01 | Valid loss: 5.6488e-01 | Train acc: 0.6793 ± 0.0000 | Valid acc: 0.7049 ± 0.0000 | Valid Power: 0.0008 | Train Power: 0.0008 | patience:  58 | lr: 0.00078125 | Epoch time: 0.1 |

2024-09-09 23:58:53,748 - INFO -
| Epoch:    860 | Train loss: 5.3347e-01 | Valid loss: 5.6531e-01 | Train acc: 0.6739 ± 0.0000 | Valid acc: 0.7049 ± 0.0000 | Valid Power: 0.0008 | Train Power: 0.0008 | patience:  68 | lr: 0.00078125 | Epoch time: 0.1 |

2024-09-09 23:58:54,642 - INFO -
| Epoch:    870 | Train loss: 5.3317e-01 | Valid loss: 5.6596e-01 | Train acc: 0.6685 ± 0.0000 | Valid acc: 0.7213 ± 0.0000 | Valid Power: 0.0008 | Train Power: 0.0008 | patience:  78 | lr: 0.00078125 | Epoch time: 0.1 |

2024-09-09 23:58:55,536 - INFO -
| Epoch:    880 | Train loss: 5.3288e-01 | Valid loss: 5.6655e-01 | Train acc: 0.6902 ± 0.0000 | Valid acc: 0.7049 ± 0.0000 | Valid Power: 0.0008 | Train Power: 0.0008 | patience:  88 | lr: 0.00078125 | Epoch time: 0.1 |

2024-09-09 23:58:56,432 - INFO -
| Epoch:    890 | Train loss: 5.3262e-01 | Valid loss: 5.6707e-01 | Train acc: 0.6902 ± 0.0000 | Valid acc: 0.7541 ± 0.0000 | Valid Power: 0.0008 | Train Power: 0.0008 | patience:  98 | lr: 0.00078125 | Epoch time: 0.1 |

2024-09-09 23:58:56,704 - INFO -
load best network to warm start training with lower lr.

2024-09-09 23:58:56,705 - INFO -
lr update to 0.000390625.

2024-09-09 23:58:57,331 - INFO -
| Epoch:    900 | Train loss: 5.3642e-01 | Valid loss: 5.5769e-01 | Train acc: 0.6848 ± 0.0000 | Valid acc: 0.6393 ± 0.0000 | Valid Power: 0.0008 | Train Power: 0.0008 | patience:   7 | lr: 0.000390625 | Epoch time: 0.1 |

2024-09-09 23:58:58,225 - INFO -
| Epoch:    910 | Train loss: 5.3535e-01 | Valid loss: 5.6532e-01 | Train acc: 0.6848 ± 0.0000 | Valid acc: 0.6557 ± 0.0000 | Valid Power: 0.0008 | Train Power: 0.0008 | patience:  17 | lr: 0.000390625 | Epoch time: 0.1 |

2024-09-09 23:58:59,119 - INFO -
| Epoch:    920 | Train loss: 5.3484e-01 | Valid loss: 5.6193e-01 | Train acc: 0.6902 ± 0.0000 | Valid acc: 0.6393 ± 0.0000 | Valid Power: 0.0008 | Train Power: 0.0008 | patience:  27 | lr: 0.000390625 | Epoch time: 0.1 |

2024-09-09 23:59:00,014 - INFO -
| Epoch:    930 | Train loss: 5.3460e-01 | Valid loss: 5.6418e-01 | Train acc: 0.6902 ± 0.0000 | Valid acc: 0.6557 ± 0.0000 | Valid Power: 0.0008 | Train Power: 0.0008 | patience:  37 | lr: 0.000390625 | Epoch time: 0.1 |

2024-09-09 23:59:00,907 - INFO -
| Epoch:    940 | Train loss: 5.3450e-01 | Valid loss: 5.6332e-01 | Train acc: 0.6739 ± 0.0000 | Valid acc: 0.6557 ± 0.0000 | Valid Power: 0.0008 | Train Power: 0.0008 | patience:  47 | lr: 0.000390625 | Epoch time: 0.1 |

2024-09-09 23:59:01,801 - INFO -
| Epoch:    950 | Train loss: 5.3439e-01 | Valid loss: 5.6383e-01 | Train acc: 0.6685 ± 0.0000 | Valid acc: 0.6557 ± 0.0000 | Valid Power: 0.0008 | Train Power: 0.0008 | patience:  57 | lr: 0.000390625 | Epoch time: 0.1 |

2024-09-09 23:59:02,695 - INFO -
| Epoch:    960 | Train loss: 5.3428e-01 | Valid loss: 5.6361e-01 | Train acc: 0.6685 ± 0.0000 | Valid acc: 0.6721 ± 0.0000 | Valid Power: 0.0008 | Train Power: 0.0008 | patience:  67 | lr: 0.000390625 | Epoch time: 0.1 |

2024-09-09 23:59:03,588 - INFO -
| Epoch:    970 | Train loss: 5.3416e-01 | Valid loss: 5.6396e-01 | Train acc: 0.6685 ± 0.0000 | Valid acc: 0.6721 ± 0.0000 | Valid Power: 0.0008 | Train Power: 0.0008 | patience:  77 | lr: 0.000390625 | Epoch time: 0.1 |

2024-09-09 23:59:04,483 - INFO -
| Epoch:    980 | Train loss: 5.3404e-01 | Valid loss: 5.6400e-01 | Train acc: 0.6685 ± 0.0000 | Valid acc: 0.6721 ± 0.0000 | Valid Power: 0.0008 | Train Power: 0.0008 | patience:  87 | lr: 0.000390625 | Epoch time: 0.1 |

2024-09-09 23:59:05,377 - INFO -
| Epoch:    990 | Train loss: 5.3390e-01 | Valid loss: 5.6437e-01 | Train acc: 0.6685 ± 0.0000 | Valid acc: 0.6885 ± 0.0000 | Valid Power: 0.0008 | Train Power: 0.0008 | patience:  97 | lr: 0.000390625 | Epoch time: 0.1 |

2024-09-09 23:59:05,737 - INFO -
load best network to warm start training with lower lr.

2024-09-09 23:59:05,737 - INFO -
lr update to 0.0001953125.

2024-09-09 23:59:06,273 - INFO -
| Epoch:   1000 | Train loss: 5.3770e-01 | Valid loss: 5.5322e-01 | Train acc: 0.6957 ± 0.0000 | Valid acc: 0.6393 ± 0.0000 | Valid Power: 0.0008 | Train Power: 0.0008 | patience:   6 | lr: 0.0001953125 | Epoch time: 0.1 |

2024-09-09 23:59:07,167 - INFO -
| Epoch:   1010 | Train loss: 5.3588e-01 | Valid loss: 5.5887e-01 | Train acc: 0.6848 ± 0.0000 | Valid acc: 0.6393 ± 0.0000 | Valid Power: 0.0008 | Train Power: 0.0008 | patience:  16 | lr: 0.0001953125 | Epoch time: 0.1 |

2024-09-09 23:59:08,062 - INFO -
| Epoch:   1020 | Train loss: 5.3484e-01 | Valid loss: 5.6453e-01 | Train acc: 0.6848 ± 0.0000 | Valid acc: 0.6557 ± 0.0000 | Valid Power: 0.0008 | Train Power: 0.0008 | patience:  26 | lr: 0.0001953125 | Epoch time: 0.1 |

2024-09-09 23:59:08,956 - INFO -
| Epoch:   1030 | Train loss: 5.3485e-01 | Valid loss: 5.6414e-01 | Train acc: 0.6848 ± 0.0000 | Valid acc: 0.6393 ± 0.0000 | Valid Power: 0.0008 | Train Power: 0.0008 | patience:  36 | lr: 0.0001953125 | Epoch time: 0.1 |

2024-09-09 23:59:09,851 - INFO -
| Epoch:   1040 | Train loss: 5.3474e-01 | Valid loss: 5.6288e-01 | Train acc: 0.6902 ± 0.0000 | Valid acc: 0.6393 ± 0.0000 | Valid Power: 0.0008 | Train Power: 0.0008 | patience:  46 | lr: 0.0001953125 | Epoch time: 0.1 |

2024-09-09 23:59:10,745 - INFO -
| Epoch:   1050 | Train loss: 5.3465e-01 | Valid loss: 5.6370e-01 | Train acc: 0.6957 ± 0.0000 | Valid acc: 0.6557 ± 0.0000 | Valid Power: 0.0008 | Train Power: 0.0008 | patience:  56 | lr: 0.0001953125 | Epoch time: 0.1 |

2024-09-09 23:59:11,639 - INFO -
| Epoch:   1060 | Train loss: 5.3460e-01 | Valid loss: 5.6376e-01 | Train acc: 0.6848 ± 0.0000 | Valid acc: 0.6557 ± 0.0000 | Valid Power: 0.0008 | Train Power: 0.0008 | patience:  66 | lr: 0.0001953125 | Epoch time: 0.1 |

2024-09-09 23:59:12,533 - INFO -
| Epoch:   1070 | Train loss: 5.3454e-01 | Valid loss: 5.6345e-01 | Train acc: 0.6848 ± 0.0000 | Valid acc: 0.6557 ± 0.0000 | Valid Power: 0.0008 | Train Power: 0.0008 | patience:  76 | lr: 0.0001953125 | Epoch time: 0.1 |

2024-09-09 23:59:13,428 - INFO -
| Epoch:   1080 | Train loss: 5.3448e-01 | Valid loss: 5.6367e-01 | Train acc: 0.6739 ± 0.0000 | Valid acc: 0.6557 ± 0.0000 | Valid Power: 0.0008 | Train Power: 0.0008 | patience:  86 | lr: 0.0001953125 | Epoch time: 0.1 |

2024-09-09 23:59:14,396 - INFO -
| Epoch:   1090 | Train loss: 5.3443e-01 | Valid loss: 5.6361e-01 | Train acc: 0.6685 ± 0.0000 | Valid acc: 0.6557 ± 0.0000 | Valid Power: 0.0008 | Train Power: 0.0008 | patience:  96 | lr: 0.0001953125 | Epoch time: 0.1 |

2024-09-09 23:59:14,847 - INFO -
load best network to warm start training with lower lr.

2024-09-09 23:59:14,847 - INFO -
lr update to 9.765625e-05.

2024-09-09 23:59:14,847 - INFO -
Early stop.

2024-09-09 23:59:14,855 - INFO -
Training if finished.

2024-09-12 13:58:07,437 - INFO -
Configuration: 
gmin                0.01
gmax                10.0
T                   0.1
m                   0.3
type_nonlinear      normal
act                 tanh
ACT_R1n             12.7865
ACT_R2n             -3.1871
ACT_W1n             -10.4537
ACT_L1n             10.546
ACT_W2n             -5.8496
ACT_L2n             4.2337
S_R1n               -11.7481
S_R2n               -0.3905
S_W1n               -9.169
S_L1n               0.3913
S_W2n               7.2004
S_L2n               15.5558
ReLU_RHn            -1.9557
ReLU_RLn            -20.1581
ReLU_RDn            16.6486
ReLU_RBn            -14.3472
ReLU_Wn             16.655
ReLU_Ln             -21.7591
HS_Rn               -0.3766
HS_Wn               0.5192
HS_Ln               4.6293
NEG_R1n             -7.0846
NEG_R2n             -2.5695
NEG_R3n             16.1542
NEG_W1n             13.8696
NEG_L1n             2.7635
NEG_W2n             1.2674
NEG_L2n             -10.4803
NEG_W3n             -6.4386
NEG_L3n             5.1005
task                normal
DATASET             11
DataPath            ./dataset
InputNoise          0.0
IN_test             0.0
R_train             1
R_test              1
N_time              32
pathnorm            False
hidden              [3]
skipconnection      False
SEED                8
DEVICE              cpu
PATIENCE            500
EPOCH               10000000000
LR                  0.1
PROGRESSIVE         True
LR_PATIENCE         100
LR_DECAY            0.5
LR_MIN              0.0001
metric              acc
SoftEva             True
TIMELIMITATION      71
MODE                nominal
M_train             1
K_train             1
M_test              1
K_test              1
t_test_max          1
integration         MC
N_train             1
e_train             0.0
N_test              100
e_test              0.1
e_fault             2
fault_ratio         0.0
N_fault             50
e_fault_test        0
N_fault_test        50
dropout             0.0
lagrangian_loss     False
rho                 100
powerestimator      none
powerbalance        0.0
estimatorbalance    0.0
pgmin               1e-07
power_ratio         1000
lambda_P            100
areaestimator       none
areabalance         0.0
area_theta          0.15
area_act            30.0
area_neg            22.7
lambda_A            0.001
lnc                 False
projectname         tanh_0_FaultAnalysisNormal
temppath            ./tanh_0_FaultAnalysisNormal/temp/
logfilepath         ./tanh_0_FaultAnalysisNormal/log/
report_freq         10
recording           False
recordpath          ./tanh_0_FaultAnalysisNormal/record/
savepath            ./tanh_0_FaultAnalysisNormal/models/
loglevel            info


2024-09-12 13:58:07,453 - INFO -
Training network on device: cpu.

2024-09-12 13:58:07,453 - INFO -
Training setup: data_11_vertebralcolumn2clases_seed_08_epsilon_0.0_dropout_0.0_fault_ratio_0.0.model.

2024-09-12 13:58:07,453 - INFO -
{'dataname': 'vertebralcolumn2clases', 'N_feature': 6, 'N_class': 2, 'N_train': 184, 'N_valid': 61, 'N_test': 63}

2024-09-12 13:58:07,473 - INFO -
Training was already finished.

