2024-09-09 23:57:35,054 - INFO -
Configuration: 
gmin                0.01
gmax                10.0
T                   0.1
m                   0.3
type_nonlinear      normal
act                 tanh
ACT_R1n             12.7865
ACT_R2n             -3.1871
ACT_W1n             -10.4537
ACT_L1n             10.546
ACT_W2n             -5.8496
ACT_L2n             4.2337
S_R1n               -11.7481
S_R2n               -0.3905
S_W1n               -9.169
S_L1n               0.3913
S_W2n               7.2004
S_L2n               15.5558
ReLU_RHn            -1.9557
ReLU_RLn            -20.1581
ReLU_RDn            16.6486
ReLU_RBn            -14.3472
ReLU_Wn             16.655
ReLU_Ln             -21.7591
HS_Rn               -0.3766
HS_Wn               0.5192
HS_Ln               4.6293
NEG_R1n             -7.0846
NEG_R2n             -2.5695
NEG_R3n             16.1542
NEG_W1n             13.8696
NEG_L1n             2.7635
NEG_W2n             1.2674
NEG_L2n             -10.4803
NEG_W3n             -6.4386
NEG_L3n             5.1005
task                normal
DATASET             10
DataPath            ./dataset
InputNoise          0.0
IN_test             0.0
R_train             1
R_test              1
N_time              32
pathnorm            False
hidden              [3]
skipconnection      False
SEED                7
DEVICE              cpu
PATIENCE            500
EPOCH               10000000000
LR                  0.1
PROGRESSIVE         True
LR_PATIENCE         100
LR_DECAY            0.5
LR_MIN              0.0001
metric              acc
SoftEva             True
TIMELIMITATION      71
MODE                nominal
M_train             1
K_train             1
M_test              1
K_test              1
t_test_max          1
integration         MC
N_train             1
e_train             0.0
N_test              100
e_test              0.1
e_fault             2
fault_ratio         0.0
N_fault             50
e_fault_test        0
N_fault_test        50
dropout             0.0
lagrangian_loss     False
rho                 100
powerestimator      none
powerbalance        0.0
estimatorbalance    0.0
pgmin               1e-07
power_ratio         1000
lambda_P            100
areaestimator       none
areabalance         0.0
area_theta          0.15
area_act            30.0
area_neg            22.7
lambda_A            0.001
lnc                 False
projectname         tanh_0_FaultAnalysisNormal
temppath            ./tanh_0_FaultAnalysisNormal/temp/
logfilepath         ./tanh_0_FaultAnalysisNormal/log/
report_freq         10
recording           False
recordpath          ./tanh_0_FaultAnalysisNormal/record/
savepath            ./tanh_0_FaultAnalysisNormal/models/
loglevel            info


2024-09-09 23:57:35,054 - INFO -
Training network on device: cpu.

2024-09-09 23:57:35,055 - INFO -
Training setup: data_10_tictactoe_seed_07_epsilon_0.0_dropout_0.0_fault_ratio_0.0.model.

2024-09-09 23:57:35,055 - INFO -
{'dataname': 'tictactoe', 'N_feature': 9, 'N_class': 2, 'N_train': 397, 'N_valid': 127, 'N_test': 79}

2024-09-09 23:57:35,055 - INFO -
Topology of the network: [9, 3, 2].

2024-09-09 23:57:36,687 - INFO -
| Epoch:      0 | Train loss: 6.9317e-01 | Valid loss: 6.7570e-01 | Train acc: 0.3652 ± 0.0000 | Valid acc: 0.7323 ± 0.0000 | Valid Power: 0.0009 | Train Power: 0.0004 | patience:   0 | lr: 0.1 | Epoch time: 0.1 |

2024-09-09 23:57:37,955 - INFO -
| Epoch:     10 | Train loss: 6.1984e-01 | Valid loss: 5.7296e-01 | Train acc: 0.7204 ± 0.0000 | Valid acc: 0.7795 ± 0.0000 | Valid Power: 0.0007 | Train Power: 0.0007 | patience:   4 | lr: 0.1 | Epoch time: 0.1 |

2024-09-09 23:57:39,224 - INFO -
| Epoch:     20 | Train loss: 5.6724e-01 | Valid loss: 4.9683e-01 | Train acc: 0.7053 ± 0.0000 | Valid acc: 0.7874 ± 0.0000 | Valid Power: 0.0007 | Train Power: 0.0007 | patience:   0 | lr: 0.1 | Epoch time: 0.1 |

2024-09-09 23:57:40,496 - INFO -
| Epoch:     30 | Train loss: 5.6308e-01 | Valid loss: 4.5570e-01 | Train acc: 0.6877 ± 0.0000 | Valid acc: 0.8110 ± 0.0000 | Valid Power: 0.0007 | Train Power: 0.0010 | patience:   0 | lr: 0.1 | Epoch time: 0.1 |

2024-09-09 23:57:41,743 - INFO -
| Epoch:     40 | Train loss: 5.4468e-01 | Valid loss: 4.6254e-01 | Train acc: 0.7406 ± 0.0000 | Valid acc: 0.8110 ± 0.0000 | Valid Power: 0.0008 | Train Power: 0.0008 | patience:  10 | lr: 0.1 | Epoch time: 0.1 |

2024-09-09 23:57:42,993 - INFO -
| Epoch:     50 | Train loss: 5.2183e-01 | Valid loss: 4.6255e-01 | Train acc: 0.7708 ± 0.0000 | Valid acc: 0.8110 ± 0.0000 | Valid Power: 0.0008 | Train Power: 0.0008 | patience:  20 | lr: 0.1 | Epoch time: 0.1 |

2024-09-09 23:57:44,351 - INFO -
| Epoch:     60 | Train loss: 4.8138e-01 | Valid loss: 4.4106e-01 | Train acc: 0.7909 ± 0.0000 | Valid acc: 0.8110 ± 0.0000 | Valid Power: 0.0008 | Train Power: 0.0008 | patience:   0 | lr: 0.1 | Epoch time: 0.1 |

2024-09-09 23:57:45,608 - INFO -
| Epoch:     70 | Train loss: 4.5032e-01 | Valid loss: 4.6346e-01 | Train acc: 0.8388 ± 0.0000 | Valid acc: 0.8031 ± 0.0000 | Valid Power: 0.0008 | Train Power: 0.0008 | patience:   7 | lr: 0.1 | Epoch time: 0.1 |

2024-09-09 23:57:46,875 - INFO -
| Epoch:     80 | Train loss: 4.2256e-01 | Valid loss: 4.1227e-01 | Train acc: 0.8690 ± 0.0000 | Valid acc: 0.8346 ± 0.0000 | Valid Power: 0.0008 | Train Power: 0.0008 | patience:   0 | lr: 0.1 | Epoch time: 0.1 |

2024-09-09 23:57:48,148 - INFO -
| Epoch:     90 | Train loss: 3.8104e-01 | Valid loss: 3.7081e-01 | Train acc: 0.8791 ± 0.0000 | Valid acc: 0.8740 ± 0.0000 | Valid Power: 0.0008 | Train Power: 0.0008 | patience:   0 | lr: 0.1 | Epoch time: 0.1 |

2024-09-09 23:57:49,501 - INFO -
| Epoch:    100 | Train loss: 3.5428e-01 | Valid loss: 3.2666e-01 | Train acc: 0.8917 ± 0.0000 | Valid acc: 0.9134 ± 0.0000 | Valid Power: 0.0008 | Train Power: 0.0008 | patience:   0 | lr: 0.1 | Epoch time: 0.1 |

2024-09-09 23:57:50,776 - INFO -
| Epoch:    110 | Train loss: 3.3757e-01 | Valid loss: 3.2389e-01 | Train acc: 0.8892 ± 0.0000 | Valid acc: 0.8740 ± 0.0000 | Valid Power: 0.0008 | Train Power: 0.0008 | patience:   3 | lr: 0.1 | Epoch time: 0.1 |

2024-09-09 23:57:52,047 - INFO -
| Epoch:    120 | Train loss: 3.2239e-01 | Valid loss: 2.9857e-01 | Train acc: 0.8967 ± 0.0000 | Valid acc: 0.9055 ± 0.0000 | Valid Power: 0.0008 | Train Power: 0.0008 | patience:   0 | lr: 0.1 | Epoch time: 0.1 |

2024-09-09 23:57:53,304 - INFO -
| Epoch:    130 | Train loss: 2.9837e-01 | Valid loss: 2.7743e-01 | Train acc: 0.9118 ± 0.0000 | Valid acc: 0.9134 ± 0.0000 | Valid Power: 0.0008 | Train Power: 0.0008 | patience:   0 | lr: 0.1 | Epoch time: 0.1 |

2024-09-09 23:57:54,555 - INFO -
| Epoch:    140 | Train loss: 2.8841e-01 | Valid loss: 2.7769e-01 | Train acc: 0.9169 ± 0.0000 | Valid acc: 0.9134 ± 0.0000 | Valid Power: 0.0008 | Train Power: 0.0008 | patience:   6 | lr: 0.1 | Epoch time: 0.1 |

2024-09-09 23:57:55,803 - INFO -
| Epoch:    150 | Train loss: 2.8106e-01 | Valid loss: 2.8454e-01 | Train acc: 0.9144 ± 0.0000 | Valid acc: 0.8976 ± 0.0000 | Valid Power: 0.0008 | Train Power: 0.0008 | patience:   7 | lr: 0.1 | Epoch time: 0.1 |

2024-09-09 23:57:57,059 - INFO -
| Epoch:    160 | Train loss: 2.8198e-01 | Valid loss: 2.6783e-01 | Train acc: 0.9093 ± 0.0000 | Valid acc: 0.9055 ± 0.0000 | Valid Power: 0.0008 | Train Power: 0.0008 | patience:   0 | lr: 0.1 | Epoch time: 0.1 |

2024-09-09 23:57:58,302 - INFO -
| Epoch:    170 | Train loss: 2.7915e-01 | Valid loss: 2.9804e-01 | Train acc: 0.9018 ± 0.0000 | Valid acc: 0.8740 ± 0.0000 | Valid Power: 0.0008 | Train Power: 0.0008 | patience:  10 | lr: 0.1 | Epoch time: 0.1 |

2024-09-09 23:57:59,549 - INFO -
| Epoch:    180 | Train loss: 2.6853e-01 | Valid loss: 2.6671e-01 | Train acc: 0.9144 ± 0.0000 | Valid acc: 0.9055 ± 0.0000 | Valid Power: 0.0008 | Train Power: 0.0008 | patience:   0 | lr: 0.1 | Epoch time: 0.1 |

2024-09-09 23:58:00,812 - INFO -
| Epoch:    190 | Train loss: 2.6232e-01 | Valid loss: 2.5430e-01 | Train acc: 0.9194 ± 0.0000 | Valid acc: 0.9055 ± 0.0000 | Valid Power: 0.0008 | Train Power: 0.0008 | patience:   0 | lr: 0.1 | Epoch time: 0.1 |

2024-09-09 23:58:02,062 - INFO -
| Epoch:    200 | Train loss: 2.6598e-01 | Valid loss: 2.4878e-01 | Train acc: 0.9118 ± 0.0000 | Valid acc: 0.9213 ± 0.0000 | Valid Power: 0.0008 | Train Power: 0.0008 | patience:   5 | lr: 0.1 | Epoch time: 0.1 |

2024-09-09 23:58:03,403 - INFO -
| Epoch:    210 | Train loss: 2.5434e-01 | Valid loss: 2.4811e-01 | Train acc: 0.9194 ± 0.0000 | Valid acc: 0.9055 ± 0.0000 | Valid Power: 0.0008 | Train Power: 0.0008 | patience:   1 | lr: 0.1 | Epoch time: 0.1 |

2024-09-09 23:58:04,656 - INFO -
| Epoch:    220 | Train loss: 2.6148e-01 | Valid loss: 2.3268e-01 | Train acc: 0.9144 ± 0.0000 | Valid acc: 0.9291 ± 0.0000 | Valid Power: 0.0008 | Train Power: 0.0008 | patience:   0 | lr: 0.1 | Epoch time: 0.1 |

2024-09-09 23:58:05,903 - INFO -
| Epoch:    230 | Train loss: 2.5002e-01 | Valid loss: 2.3635e-01 | Train acc: 0.9219 ± 0.0000 | Valid acc: 0.9291 ± 0.0000 | Valid Power: 0.0008 | Train Power: 0.0008 | patience:   4 | lr: 0.1 | Epoch time: 0.1 |

2024-09-09 23:58:07,161 - INFO -
| Epoch:    240 | Train loss: 2.4511e-01 | Valid loss: 2.2396e-01 | Train acc: 0.9295 ± 0.0000 | Valid acc: 0.9370 ± 0.0000 | Valid Power: 0.0008 | Train Power: 0.0008 | patience:   0 | lr: 0.1 | Epoch time: 0.1 |

2024-09-09 23:58:08,447 - INFO -
| Epoch:    250 | Train loss: 2.4360e-01 | Valid loss: 2.3131e-01 | Train acc: 0.9295 ± 0.0000 | Valid acc: 0.9370 ± 0.0000 | Valid Power: 0.0008 | Train Power: 0.0008 | patience:   8 | lr: 0.1 | Epoch time: 0.1 |

2024-09-09 23:58:09,704 - INFO -
| Epoch:    260 | Train loss: 2.3928e-01 | Valid loss: 2.3258e-01 | Train acc: 0.9345 ± 0.0000 | Valid acc: 0.9291 ± 0.0000 | Valid Power: 0.0008 | Train Power: 0.0008 | patience:  18 | lr: 0.1 | Epoch time: 0.1 |

2024-09-09 23:58:10,969 - INFO -
| Epoch:    270 | Train loss: 2.3787e-01 | Valid loss: 2.2344e-01 | Train acc: 0.9345 ± 0.0000 | Valid acc: 0.9449 ± 0.0000 | Valid Power: 0.0009 | Train Power: 0.0040 | patience:   4 | lr: 0.1 | Epoch time: 0.1 |

2024-09-09 23:58:12,235 - INFO -
| Epoch:    280 | Train loss: 2.2203e-01 | Valid loss: 1.9840e-01 | Train acc: 0.9647 ± 0.0000 | Valid acc: 0.9843 ± 0.0000 | Valid Power: 0.0008 | Train Power: 0.0008 | patience:   0 | lr: 0.1 | Epoch time: 0.1 |

2024-09-09 23:58:13,513 - INFO -
| Epoch:    290 | Train loss: 2.1657e-01 | Valid loss: 1.9546e-01 | Train acc: 0.9748 ± 0.0000 | Valid acc: 0.9843 ± 0.0000 | Valid Power: 0.0008 | Train Power: 0.0008 | patience:   0 | lr: 0.1 | Epoch time: 0.1 |

2024-09-09 23:58:14,831 - INFO -
| Epoch:    300 | Train loss: 2.1539e-01 | Valid loss: 1.9683e-01 | Train acc: 0.9748 ± 0.0000 | Valid acc: 0.9843 ± 0.0000 | Valid Power: 0.0008 | Train Power: 0.0008 | patience:   9 | lr: 0.1 | Epoch time: 0.1 |

2024-09-09 23:58:16,075 - INFO -
| Epoch:    310 | Train loss: 2.1970e-01 | Valid loss: 1.9742e-01 | Train acc: 0.9748 ± 0.0000 | Valid acc: 0.9843 ± 0.0000 | Valid Power: 0.0008 | Train Power: 0.0008 | patience:  19 | lr: 0.1 | Epoch time: 0.1 |

2024-09-09 23:58:17,318 - INFO -
| Epoch:    320 | Train loss: 2.1793e-01 | Valid loss: 2.1078e-01 | Train acc: 0.9748 ± 0.0000 | Valid acc: 0.9685 ± 0.0000 | Valid Power: 0.0008 | Train Power: 0.0008 | patience:  29 | lr: 0.1 | Epoch time: 0.1 |

2024-09-09 23:58:18,568 - INFO -
| Epoch:    330 | Train loss: 2.1361e-01 | Valid loss: 1.8830e-01 | Train acc: 0.9773 ± 0.0000 | Valid acc: 0.9921 ± 0.0000 | Valid Power: 0.0008 | Train Power: 0.0008 | patience:   0 | lr: 0.1 | Epoch time: 0.1 |

2024-09-09 23:58:19,810 - INFO -
| Epoch:    340 | Train loss: 2.1537e-01 | Valid loss: 1.9475e-01 | Train acc: 0.9748 ± 0.0000 | Valid acc: 0.9843 ± 0.0000 | Valid Power: 0.0008 | Train Power: 0.0008 | patience:  10 | lr: 0.1 | Epoch time: 0.1 |

2024-09-09 23:58:21,054 - INFO -
| Epoch:    350 | Train loss: 2.1290e-01 | Valid loss: 1.9366e-01 | Train acc: 0.9748 ± 0.0000 | Valid acc: 0.9843 ± 0.0000 | Valid Power: 0.0008 | Train Power: 0.0008 | patience:  20 | lr: 0.1 | Epoch time: 0.1 |

2024-09-09 23:58:22,299 - INFO -
| Epoch:    360 | Train loss: 2.1123e-01 | Valid loss: 1.9268e-01 | Train acc: 0.9748 ± 0.0000 | Valid acc: 0.9843 ± 0.0000 | Valid Power: 0.0008 | Train Power: 0.0008 | patience:  30 | lr: 0.1 | Epoch time: 0.1 |

2024-09-09 23:58:23,544 - INFO -
| Epoch:    370 | Train loss: 2.1477e-01 | Valid loss: 1.9819e-01 | Train acc: 0.9748 ± 0.0000 | Valid acc: 0.9843 ± 0.0000 | Valid Power: 0.0008 | Train Power: 0.0008 | patience:  40 | lr: 0.1 | Epoch time: 0.1 |

2024-09-09 23:58:24,794 - INFO -
| Epoch:    380 | Train loss: 2.1238e-01 | Valid loss: 1.9496e-01 | Train acc: 0.9748 ± 0.0000 | Valid acc: 0.9843 ± 0.0000 | Valid Power: 0.0008 | Train Power: 0.0008 | patience:  50 | lr: 0.1 | Epoch time: 0.1 |

2024-09-09 23:58:26,036 - INFO -
| Epoch:    390 | Train loss: 2.1137e-01 | Valid loss: 1.9324e-01 | Train acc: 0.9748 ± 0.0000 | Valid acc: 0.9843 ± 0.0000 | Valid Power: 0.0008 | Train Power: 0.0008 | patience:  60 | lr: 0.1 | Epoch time: 0.1 |

2024-09-09 23:58:27,284 - INFO -
| Epoch:    400 | Train loss: 2.0980e-01 | Valid loss: 1.8422e-01 | Train acc: 0.9748 ± 0.0000 | Valid acc: 0.9921 ± 0.0000 | Valid Power: 0.0009 | Train Power: 0.0009 | patience:   0 | lr: 0.1 | Epoch time: 0.1 |

2024-09-09 23:58:28,535 - INFO -
| Epoch:    410 | Train loss: 2.0248e-01 | Valid loss: 1.8463e-01 | Train acc: 0.9798 ± 0.0000 | Valid acc: 0.9843 ± 0.0000 | Valid Power: 0.0008 | Train Power: 0.0008 | patience:   2 | lr: 0.1 | Epoch time: 0.1 |

2024-09-09 23:58:29,778 - INFO -
| Epoch:    420 | Train loss: 2.1683e-01 | Valid loss: 2.2422e-01 | Train acc: 0.9647 ± 0.0000 | Valid acc: 0.9449 ± 0.0000 | Valid Power: 0.0008 | Train Power: 0.0009 | patience:  12 | lr: 0.1 | Epoch time: 0.1 |

2024-09-09 23:58:31,022 - INFO -
| Epoch:    430 | Train loss: 2.2730e-01 | Valid loss: 1.9902e-01 | Train acc: 0.9723 ± 0.0000 | Valid acc: 0.9843 ± 0.0000 | Valid Power: 0.0009 | Train Power: 0.0009 | patience:  22 | lr: 0.1 | Epoch time: 0.1 |

2024-09-09 23:58:32,264 - INFO -
| Epoch:    440 | Train loss: 2.2432e-01 | Valid loss: 2.1120e-01 | Train acc: 0.9748 ± 0.0000 | Valid acc: 0.9843 ± 0.0000 | Valid Power: 0.0009 | Train Power: 0.0009 | patience:  32 | lr: 0.1 | Epoch time: 0.1 |

2024-09-09 23:58:33,508 - INFO -
| Epoch:    450 | Train loss: 2.1564e-01 | Valid loss: 2.0087e-01 | Train acc: 0.9748 ± 0.0000 | Valid acc: 0.9843 ± 0.0000 | Valid Power: 0.0009 | Train Power: 0.0009 | patience:  42 | lr: 0.1 | Epoch time: 0.1 |

2024-09-09 23:58:34,752 - INFO -
| Epoch:    460 | Train loss: 2.1172e-01 | Valid loss: 1.9251e-01 | Train acc: 0.9748 ± 0.0000 | Valid acc: 0.9843 ± 0.0000 | Valid Power: 0.0009 | Train Power: 0.0009 | patience:  52 | lr: 0.1 | Epoch time: 0.1 |

2024-09-09 23:58:35,994 - INFO -
| Epoch:    470 | Train loss: 2.0950e-01 | Valid loss: 1.9122e-01 | Train acc: 0.9748 ± 0.0000 | Valid acc: 0.9843 ± 0.0000 | Valid Power: 0.0009 | Train Power: 0.0009 | patience:  62 | lr: 0.1 | Epoch time: 0.1 |

2024-09-09 23:58:37,330 - INFO -
| Epoch:    480 | Train loss: 2.0876e-01 | Valid loss: 1.9119e-01 | Train acc: 0.9748 ± 0.0000 | Valid acc: 0.9843 ± 0.0000 | Valid Power: 0.0009 | Train Power: 0.0009 | patience:  72 | lr: 0.1 | Epoch time: 0.1 |

2024-09-09 23:58:38,575 - INFO -
| Epoch:    490 | Train loss: 2.2852e-01 | Valid loss: 2.1518e-01 | Train acc: 0.9597 ± 0.0000 | Valid acc: 0.9685 ± 0.0000 | Valid Power: 0.0009 | Train Power: 0.0009 | patience:  82 | lr: 0.1 | Epoch time: 0.1 |

2024-09-09 23:58:39,820 - INFO -
| Epoch:    500 | Train loss: 2.1093e-01 | Valid loss: 2.1021e-01 | Train acc: 0.9773 ± 0.0000 | Valid acc: 0.9685 ± 0.0000 | Valid Power: 0.0009 | Train Power: 0.0025 | patience:  92 | lr: 0.1 | Epoch time: 0.1 |

2024-09-09 23:58:40,942 - INFO -
load best network to warm start training with lower lr.

2024-09-09 23:58:40,943 - INFO -
lr update to 0.05.

2024-09-09 23:58:41,068 - INFO -
| Epoch:    510 | Train loss: 2.0706e-01 | Valid loss: 2.1857e-01 | Train acc: 0.9773 ± 0.0000 | Valid acc: 0.9449 ± 0.0000 | Valid Power: 0.0008 | Train Power: 0.0008 | patience:   1 | lr: 0.05 | Epoch time: 0.1 |

2024-09-09 23:58:42,314 - INFO -
| Epoch:    520 | Train loss: 2.1043e-01 | Valid loss: 1.9526e-01 | Train acc: 0.9773 ± 0.0000 | Valid acc: 0.9843 ± 0.0000 | Valid Power: 0.0005 | Train Power: 0.0005 | patience:  11 | lr: 0.05 | Epoch time: 0.1 |

2024-09-09 23:58:43,558 - INFO -
| Epoch:    530 | Train loss: 2.0984e-01 | Valid loss: 1.8286e-01 | Train acc: 0.9773 ± 0.0000 | Valid acc: 0.9921 ± 0.0000 | Valid Power: 0.0006 | Train Power: 0.0006 | patience:  21 | lr: 0.05 | Epoch time: 0.1 |

2024-09-09 23:58:44,802 - INFO -
| Epoch:    540 | Train loss: 2.0794e-01 | Valid loss: 1.8275e-01 | Train acc: 0.9773 ± 0.0000 | Valid acc: 0.9921 ± 0.0000 | Valid Power: 0.0006 | Train Power: 0.0006 | patience:  31 | lr: 0.05 | Epoch time: 0.1 |

2024-09-09 23:58:46,045 - INFO -
| Epoch:    550 | Train loss: 2.0670e-01 | Valid loss: 1.9115e-01 | Train acc: 0.9773 ± 0.0000 | Valid acc: 0.9843 ± 0.0000 | Valid Power: 0.0007 | Train Power: 0.0007 | patience:  41 | lr: 0.05 | Epoch time: 0.1 |

2024-09-09 23:58:47,288 - INFO -
| Epoch:    560 | Train loss: 2.0567e-01 | Valid loss: 1.8857e-01 | Train acc: 0.9773 ± 0.0000 | Valid acc: 0.9843 ± 0.0000 | Valid Power: 0.0006 | Train Power: 0.0006 | patience:  51 | lr: 0.05 | Epoch time: 0.1 |

2024-09-09 23:58:48,532 - INFO -
| Epoch:    570 | Train loss: 2.0500e-01 | Valid loss: 1.8707e-01 | Train acc: 0.9773 ± 0.0000 | Valid acc: 0.9843 ± 0.0000 | Valid Power: 0.0006 | Train Power: 0.0006 | patience:  61 | lr: 0.05 | Epoch time: 0.1 |

2024-09-09 23:58:49,783 - INFO -
| Epoch:    580 | Train loss: 2.0450e-01 | Valid loss: 1.8378e-01 | Train acc: 0.9773 ± 0.0000 | Valid acc: 0.9843 ± 0.0000 | Valid Power: 0.0007 | Train Power: 0.0006 | patience:   7 | lr: 0.05 | Epoch time: 0.1 |

2024-09-09 23:58:51,026 - INFO -
| Epoch:    590 | Train loss: 2.0403e-01 | Valid loss: 1.8225e-01 | Train acc: 0.9773 ± 0.0000 | Valid acc: 0.9843 ± 0.0000 | Valid Power: 0.0008 | Train Power: 0.0007 | patience:  17 | lr: 0.05 | Epoch time: 0.1 |

2024-09-09 23:58:52,270 - INFO -
| Epoch:    600 | Train loss: 2.1278e-01 | Valid loss: 1.9543e-01 | Train acc: 0.9748 ± 0.0000 | Valid acc: 0.9843 ± 0.0000 | Valid Power: 0.0006 | Train Power: 0.0006 | patience:  27 | lr: 0.05 | Epoch time: 0.1 |

2024-09-09 23:58:53,515 - INFO -
| Epoch:    610 | Train loss: 2.1166e-01 | Valid loss: 1.9248e-01 | Train acc: 0.9748 ± 0.0000 | Valid acc: 0.9843 ± 0.0000 | Valid Power: 0.0006 | Train Power: 0.0006 | patience:  37 | lr: 0.05 | Epoch time: 0.1 |

2024-09-09 23:58:54,760 - INFO -
| Epoch:    620 | Train loss: 2.1060e-01 | Valid loss: 1.9143e-01 | Train acc: 0.9748 ± 0.0000 | Valid acc: 0.9843 ± 0.0000 | Valid Power: 0.0006 | Train Power: 0.0006 | patience:  47 | lr: 0.05 | Epoch time: 0.1 |

2024-09-09 23:58:56,081 - INFO -
| Epoch:    630 | Train loss: 2.0308e-01 | Valid loss: 2.0294e-01 | Train acc: 0.9824 ± 0.0000 | Valid acc: 0.9843 ± 0.0000 | Valid Power: 0.0007 | Train Power: 0.0008 | patience:  57 | lr: 0.05 | Epoch time: 0.1 |

2024-09-09 23:58:57,324 - INFO -
| Epoch:    640 | Train loss: 2.2732e-01 | Valid loss: 2.3336e-01 | Train acc: 0.9572 ± 0.0000 | Valid acc: 0.9449 ± 0.0000 | Valid Power: 0.0007 | Train Power: 0.0007 | patience:  67 | lr: 0.05 | Epoch time: 0.1 |

2024-09-09 23:58:58,569 - INFO -
| Epoch:    650 | Train loss: 2.0564e-01 | Valid loss: 2.0057e-01 | Train acc: 0.9824 ± 0.0000 | Valid acc: 0.9764 ± 0.0000 | Valid Power: 0.0007 | Train Power: 0.0007 | patience:  77 | lr: 0.05 | Epoch time: 0.1 |

2024-09-09 23:58:59,813 - INFO -
| Epoch:    660 | Train loss: 2.0384e-01 | Valid loss: 1.9799e-01 | Train acc: 0.9824 ± 0.0000 | Valid acc: 0.9764 ± 0.0000 | Valid Power: 0.0007 | Train Power: 0.0007 | patience:  87 | lr: 0.05 | Epoch time: 0.1 |

2024-09-09 23:59:01,056 - INFO -
| Epoch:    670 | Train loss: 2.0104e-01 | Valid loss: 2.0039e-01 | Train acc: 0.9824 ± 0.0000 | Valid acc: 0.9764 ± 0.0000 | Valid Power: 0.0007 | Train Power: 0.0007 | patience:  97 | lr: 0.05 | Epoch time: 0.1 |

2024-09-09 23:59:01,557 - INFO -
load best network to warm start training with lower lr.

2024-09-09 23:59:01,557 - INFO -
lr update to 0.025.

2024-09-09 23:59:02,305 - INFO -
| Epoch:    680 | Train loss: 2.0793e-01 | Valid loss: 1.9141e-01 | Train acc: 0.9748 ± 0.0000 | Valid acc: 0.9843 ± 0.0000 | Valid Power: 0.0006 | Train Power: 0.0006 | patience:   6 | lr: 0.025 | Epoch time: 0.1 |

2024-09-09 23:59:03,551 - INFO -
| Epoch:    690 | Train loss: 1.9675e-01 | Valid loss: 2.0187e-01 | Train acc: 0.9849 ± 0.0000 | Valid acc: 0.9685 ± 0.0000 | Valid Power: 0.0006 | Train Power: 0.0006 | patience:  16 | lr: 0.025 | Epoch time: 0.1 |

2024-09-09 23:59:04,795 - INFO -
| Epoch:    700 | Train loss: 1.9637e-01 | Valid loss: 2.0810e-01 | Train acc: 0.9849 ± 0.0000 | Valid acc: 0.9606 ± 0.0000 | Valid Power: 0.0006 | Train Power: 0.0006 | patience:  26 | lr: 0.025 | Epoch time: 0.1 |

2024-09-09 23:59:06,040 - INFO -
| Epoch:    710 | Train loss: 1.9641e-01 | Valid loss: 2.0819e-01 | Train acc: 0.9849 ± 0.0000 | Valid acc: 0.9606 ± 0.0000 | Valid Power: 0.0007 | Train Power: 0.0007 | patience:  36 | lr: 0.025 | Epoch time: 0.1 |

2024-09-09 23:59:07,358 - INFO -
| Epoch:    720 | Train loss: 1.9603e-01 | Valid loss: 2.0600e-01 | Train acc: 0.9849 ± 0.0000 | Valid acc: 0.9606 ± 0.0000 | Valid Power: 0.0007 | Train Power: 0.0007 | patience:  46 | lr: 0.025 | Epoch time: 0.1 |

2024-09-09 23:59:08,602 - INFO -
| Epoch:    730 | Train loss: 1.9564e-01 | Valid loss: 2.0460e-01 | Train acc: 0.9849 ± 0.0000 | Valid acc: 0.9685 ± 0.0000 | Valid Power: 0.0007 | Train Power: 0.0007 | patience:  56 | lr: 0.025 | Epoch time: 0.1 |

2024-09-09 23:59:09,846 - INFO -
| Epoch:    740 | Train loss: 1.9525e-01 | Valid loss: 2.0296e-01 | Train acc: 0.9849 ± 0.0000 | Valid acc: 0.9685 ± 0.0000 | Valid Power: 0.0007 | Train Power: 0.0007 | patience:  66 | lr: 0.025 | Epoch time: 0.1 |

2024-09-09 23:59:11,092 - INFO -
| Epoch:    750 | Train loss: 1.9488e-01 | Valid loss: 1.9981e-01 | Train acc: 0.9849 ± 0.0000 | Valid acc: 0.9764 ± 0.0000 | Valid Power: 0.0007 | Train Power: 0.0007 | patience:  76 | lr: 0.025 | Epoch time: 0.1 |

2024-09-09 23:59:12,337 - INFO -
| Epoch:    760 | Train loss: 1.9456e-01 | Valid loss: 1.9819e-01 | Train acc: 0.9849 ± 0.0000 | Valid acc: 0.9764 ± 0.0000 | Valid Power: 0.0009 | Train Power: 0.0011 | patience:  86 | lr: 0.025 | Epoch time: 0.1 |

2024-09-09 23:59:13,584 - INFO -
| Epoch:    770 | Train loss: 1.9429e-01 | Valid loss: 1.9813e-01 | Train acc: 0.9849 ± 0.0000 | Valid acc: 0.9843 ± 0.0000 | Valid Power: 0.0007 | Train Power: 0.0007 | patience:  96 | lr: 0.025 | Epoch time: 0.1 |

2024-09-09 23:59:14,212 - INFO -
load best network to warm start training with lower lr.

2024-09-09 23:59:14,212 - INFO -
lr update to 0.0125.

2024-09-09 23:59:14,836 - INFO -
| Epoch:    780 | Train loss: 2.0780e-01 | Valid loss: 1.9155e-01 | Train acc: 0.9748 ± 0.0000 | Valid acc: 0.9843 ± 0.0000 | Valid Power: 0.0006 | Train Power: 0.0006 | patience:   5 | lr: 0.0125 | Epoch time: 0.1 |

2024-09-09 23:59:16,079 - INFO -
| Epoch:    790 | Train loss: 2.0190e-01 | Valid loss: 1.8358e-01 | Train acc: 0.9798 ± 0.0000 | Valid acc: 0.9921 ± 0.0000 | Valid Power: 0.0006 | Train Power: 0.0030 | patience:  15 | lr: 0.0125 | Epoch time: 0.1 |

2024-09-09 23:59:17,321 - INFO -
| Epoch:    800 | Train loss: 2.0178e-01 | Valid loss: 1.8248e-01 | Train acc: 0.9798 ± 0.0000 | Valid acc: 0.9921 ± 0.0000 | Valid Power: 0.0006 | Train Power: 0.0006 | patience:  25 | lr: 0.0125 | Epoch time: 0.1 |

2024-09-09 23:59:18,568 - INFO -
| Epoch:    810 | Train loss: 1.9881e-01 | Valid loss: 1.9118e-01 | Train acc: 0.9824 ± 0.0000 | Valid acc: 0.9843 ± 0.0000 | Valid Power: 0.0006 | Train Power: 0.0006 | patience:  35 | lr: 0.0125 | Epoch time: 0.1 |

2024-09-09 23:59:19,808 - INFO -
| Epoch:    820 | Train loss: 1.9884e-01 | Valid loss: 1.9148e-01 | Train acc: 0.9824 ± 0.0000 | Valid acc: 0.9843 ± 0.0000 | Valid Power: 0.0006 | Train Power: 0.0006 | patience:  45 | lr: 0.0125 | Epoch time: 0.1 |

2024-09-09 23:59:21,027 - INFO -
| Epoch:    830 | Train loss: 1.9848e-01 | Valid loss: 1.8513e-01 | Train acc: 0.9824 ± 0.0000 | Valid acc: 0.9843 ± 0.0000 | Valid Power: 0.0007 | Train Power: 0.0006 | patience:  55 | lr: 0.0125 | Epoch time: 0.1 |

2024-09-09 23:59:22,203 - INFO -
| Epoch:    840 | Train loss: 1.9819e-01 | Valid loss: 1.8225e-01 | Train acc: 0.9824 ± 0.0000 | Valid acc: 0.9921 ± 0.0000 | Valid Power: 0.0006 | Train Power: 0.0007 | patience:  65 | lr: 0.0125 | Epoch time: 0.1 |

2024-09-09 23:59:23,419 - INFO -
| Epoch:    850 | Train loss: 1.9797e-01 | Valid loss: 1.8520e-01 | Train acc: 0.9824 ± 0.0000 | Valid acc: 0.9843 ± 0.0000 | Valid Power: 0.0006 | Train Power: 0.0006 | patience:  75 | lr: 0.0125 | Epoch time: 0.1 |

2024-09-09 23:59:24,665 - INFO -
| Epoch:    860 | Train loss: 1.9780e-01 | Valid loss: 1.8656e-01 | Train acc: 0.9824 ± 0.0000 | Valid acc: 0.9843 ± 0.0000 | Valid Power: 0.0006 | Train Power: 0.0006 | patience:  85 | lr: 0.0125 | Epoch time: 0.1 |

2024-09-09 23:59:25,901 - INFO -
| Epoch:    870 | Train loss: 1.9768e-01 | Valid loss: 1.8904e-01 | Train acc: 0.9824 ± 0.0000 | Valid acc: 0.9843 ± 0.0000 | Valid Power: 0.0007 | Train Power: 0.0008 | patience:  95 | lr: 0.0125 | Epoch time: 0.1 |

2024-09-09 23:59:26,650 - INFO -
load best network to warm start training with lower lr.

2024-09-09 23:59:26,650 - INFO -
lr update to 0.00625.

2024-09-09 23:59:27,132 - INFO -
| Epoch:    880 | Train loss: 2.0483e-01 | Valid loss: 1.8181e-01 | Train acc: 0.9773 ± 0.0000 | Valid acc: 0.9921 ± 0.0000 | Valid Power: 0.0006 | Train Power: 0.0006 | patience:   4 | lr: 0.00625 | Epoch time: 0.1 |

2024-09-09 23:59:28,310 - INFO -
| Epoch:    890 | Train loss: 2.0495e-01 | Valid loss: 1.8978e-01 | Train acc: 0.9773 ± 0.0000 | Valid acc: 0.9843 ± 0.0000 | Valid Power: 0.0007 | Train Power: 0.0006 | patience:  14 | lr: 0.00625 | Epoch time: 0.1 |

2024-09-09 23:59:29,571 - INFO -
| Epoch:    900 | Train loss: 2.0479e-01 | Valid loss: 1.9138e-01 | Train acc: 0.9773 ± 0.0000 | Valid acc: 0.9843 ± 0.0000 | Valid Power: 0.0006 | Train Power: 0.0006 | patience:  24 | lr: 0.00625 | Epoch time: 0.1 |

2024-09-09 23:59:30,730 - INFO -
| Epoch:    910 | Train loss: 2.0455e-01 | Valid loss: 1.9143e-01 | Train acc: 0.9773 ± 0.0000 | Valid acc: 0.9843 ± 0.0000 | Valid Power: 0.0009 | Train Power: 0.0008 | patience:  34 | lr: 0.00625 | Epoch time: 0.1 |

2024-09-09 23:59:31,885 - INFO -
| Epoch:    920 | Train loss: 2.0434e-01 | Valid loss: 1.9068e-01 | Train acc: 0.9773 ± 0.0000 | Valid acc: 0.9843 ± 0.0000 | Valid Power: 0.0016 | Train Power: 0.0021 | patience:  44 | lr: 0.00625 | Epoch time: 0.1 |

2024-09-09 23:59:33,043 - INFO -
| Epoch:    930 | Train loss: 2.0419e-01 | Valid loss: 1.9014e-01 | Train acc: 0.9773 ± 0.0000 | Valid acc: 0.9843 ± 0.0000 | Valid Power: 0.0009 | Train Power: 0.0010 | patience:  54 | lr: 0.00625 | Epoch time: 0.1 |

2024-09-09 23:59:34,198 - INFO -
| Epoch:    940 | Train loss: 2.0408e-01 | Valid loss: 1.8978e-01 | Train acc: 0.9773 ± 0.0000 | Valid acc: 0.9843 ± 0.0000 | Valid Power: 0.0008 | Train Power: 0.0009 | patience:  64 | lr: 0.00625 | Epoch time: 0.1 |

2024-09-09 23:59:35,352 - INFO -
| Epoch:    950 | Train loss: 2.0398e-01 | Valid loss: 1.8650e-01 | Train acc: 0.9773 ± 0.0000 | Valid acc: 0.9843 ± 0.0000 | Valid Power: 0.0008 | Train Power: 0.0008 | patience:  74 | lr: 0.00625 | Epoch time: 0.1 |

2024-09-09 23:59:36,506 - INFO -
| Epoch:    960 | Train loss: 1.9870e-01 | Valid loss: 1.9360e-01 | Train acc: 0.9798 ± 0.0000 | Valid acc: 0.9843 ± 0.0000 | Valid Power: 0.0008 | Train Power: 0.0008 | patience:  84 | lr: 0.00625 | Epoch time: 0.1 |

2024-09-09 23:59:37,662 - INFO -
| Epoch:    970 | Train loss: 1.9565e-01 | Valid loss: 1.9735e-01 | Train acc: 0.9849 ± 0.0000 | Valid acc: 0.9764 ± 0.0000 | Valid Power: 0.0008 | Train Power: 0.0008 | patience:  94 | lr: 0.00625 | Epoch time: 0.1 |

2024-09-09 23:59:38,468 - INFO -
load best network to warm start training with lower lr.

2024-09-09 23:59:38,468 - INFO -
lr update to 0.003125.

2024-09-09 23:59:38,814 - INFO -
| Epoch:    980 | Train loss: 2.0478e-01 | Valid loss: 1.8872e-01 | Train acc: 0.9773 ± 0.0000 | Valid acc: 0.9843 ± 0.0000 | Valid Power: 0.0006 | Train Power: 0.0006 | patience:   3 | lr: 0.003125 | Epoch time: 0.1 |

2024-09-09 23:59:39,958 - INFO -
| Epoch:    990 | Train loss: 2.0454e-01 | Valid loss: 1.9034e-01 | Train acc: 0.9773 ± 0.0000 | Valid acc: 0.9843 ± 0.0000 | Valid Power: 0.0039 | Train Power: 0.0010 | patience:  13 | lr: 0.003125 | Epoch time: 0.1 |

2024-09-09 23:59:41,022 - INFO -
| Epoch:   1000 | Train loss: 2.0438e-01 | Valid loss: 1.9067e-01 | Train acc: 0.9773 ± 0.0000 | Valid acc: 0.9843 ± 0.0000 | Valid Power: 0.0005 | Train Power: 0.0006 | patience:  23 | lr: 0.003125 | Epoch time: 0.1 |

2024-09-09 23:59:42,082 - INFO -
| Epoch:   1010 | Train loss: 2.0426e-01 | Valid loss: 1.9084e-01 | Train acc: 0.9773 ± 0.0000 | Valid acc: 0.9843 ± 0.0000 | Valid Power: 0.0006 | Train Power: 0.0007 | patience:  33 | lr: 0.003125 | Epoch time: 0.1 |

2024-09-09 23:59:43,144 - INFO -
| Epoch:   1020 | Train loss: 1.9937e-01 | Valid loss: 1.8360e-01 | Train acc: 0.9798 ± 0.0000 | Valid acc: 0.9921 ± 0.0000 | Valid Power: 0.0006 | Train Power: 0.0006 | patience:  43 | lr: 0.003125 | Epoch time: 0.1 |

2024-09-09 23:59:44,202 - INFO -
| Epoch:   1030 | Train loss: 1.9833e-01 | Valid loss: 1.9189e-01 | Train acc: 0.9824 ± 0.0000 | Valid acc: 0.9843 ± 0.0000 | Valid Power: 0.0008 | Train Power: 0.0008 | patience:  53 | lr: 0.003125 | Epoch time: 0.1 |

2024-09-09 23:59:45,248 - INFO -
| Epoch:   1040 | Train loss: 1.9825e-01 | Valid loss: 1.9577e-01 | Train acc: 0.9824 ± 0.0000 | Valid acc: 0.9764 ± 0.0000 | Valid Power: 0.0009 | Train Power: 0.0009 | patience:  63 | lr: 0.003125 | Epoch time: 0.1 |

2024-09-09 23:59:46,363 - INFO -
| Epoch:   1050 | Train loss: 1.9815e-01 | Valid loss: 1.9595e-01 | Train acc: 0.9824 ± 0.0000 | Valid acc: 0.9764 ± 0.0000 | Valid Power: 0.0009 | Train Power: 0.0010 | patience:  73 | lr: 0.003125 | Epoch time: 0.1 |

2024-09-09 23:59:47,411 - INFO -
| Epoch:   1060 | Train loss: 1.9803e-01 | Valid loss: 1.9505e-01 | Train acc: 0.9824 ± 0.0000 | Valid acc: 0.9843 ± 0.0000 | Valid Power: 0.0010 | Train Power: 0.0010 | patience:  83 | lr: 0.003125 | Epoch time: 0.1 |

2024-09-09 23:59:48,460 - INFO -
| Epoch:   1070 | Train loss: 1.9794e-01 | Valid loss: 1.9446e-01 | Train acc: 0.9824 ± 0.0000 | Valid acc: 0.9843 ± 0.0000 | Valid Power: 0.0010 | Train Power: 0.0010 | patience:  93 | lr: 0.003125 | Epoch time: 0.1 |

2024-09-09 23:59:49,292 - INFO -
load best network to warm start training with lower lr.

2024-09-09 23:59:49,293 - INFO -
lr update to 0.0015625.

2024-09-09 23:59:49,501 - INFO -
| Epoch:   1080 | Train loss: 2.0476e-01 | Valid loss: 1.8467e-01 | Train acc: 0.9773 ± 0.0000 | Valid acc: 0.9843 ± 0.0000 | Valid Power: 0.0006 | Train Power: 0.0006 | patience:   2 | lr: 0.0015625 | Epoch time: 0.1 |

2024-09-09 23:59:50,542 - INFO -
| Epoch:   1090 | Train loss: 2.0465e-01 | Valid loss: 1.8730e-01 | Train acc: 0.9773 ± 0.0000 | Valid acc: 0.9843 ± 0.0000 | Valid Power: 0.0006 | Train Power: 0.0006 | patience:  12 | lr: 0.0015625 | Epoch time: 0.1 |

2024-09-09 23:59:51,581 - INFO -
| Epoch:   1100 | Train loss: 2.0454e-01 | Valid loss: 1.8965e-01 | Train acc: 0.9773 ± 0.0000 | Valid acc: 0.9843 ± 0.0000 | Valid Power: 0.0012 | Train Power: 0.0009 | patience:  22 | lr: 0.0015625 | Epoch time: 0.1 |

2024-09-09 23:59:52,622 - INFO -
| Epoch:   1110 | Train loss: 2.0445e-01 | Valid loss: 1.9040e-01 | Train acc: 0.9773 ± 0.0000 | Valid acc: 0.9843 ± 0.0000 | Valid Power: 0.0010 | Train Power: 0.0012 | patience:  32 | lr: 0.0015625 | Epoch time: 0.1 |

2024-09-09 23:59:53,671 - INFO -
| Epoch:   1120 | Train loss: 2.0438e-01 | Valid loss: 1.9074e-01 | Train acc: 0.9773 ± 0.0000 | Valid acc: 0.9843 ± 0.0000 | Valid Power: 0.0007 | Train Power: 0.0008 | patience:  42 | lr: 0.0015625 | Epoch time: 0.1 |

2024-09-09 23:59:54,724 - INFO -
| Epoch:   1130 | Train loss: 2.0431e-01 | Valid loss: 1.9072e-01 | Train acc: 0.9773 ± 0.0000 | Valid acc: 0.9843 ± 0.0000 | Valid Power: 0.0007 | Train Power: 0.0007 | patience:  52 | lr: 0.0015625 | Epoch time: 0.1 |

2024-09-09 23:59:55,855 - INFO -
| Epoch:   1140 | Train loss: 2.0424e-01 | Valid loss: 1.9043e-01 | Train acc: 0.9773 ± 0.0000 | Valid acc: 0.9843 ± 0.0000 | Valid Power: 0.0007 | Train Power: 0.0007 | patience:  62 | lr: 0.0015625 | Epoch time: 0.1 |

2024-09-09 23:59:56,895 - INFO -
| Epoch:   1150 | Train loss: 1.9843e-01 | Valid loss: 1.8253e-01 | Train acc: 0.9824 ± 0.0000 | Valid acc: 0.9843 ± 0.0000 | Valid Power: 0.0007 | Train Power: 0.0007 | patience:  72 | lr: 0.0015625 | Epoch time: 0.1 |

2024-09-09 23:59:57,942 - INFO -
| Epoch:   1160 | Train loss: 1.9827e-01 | Valid loss: 1.9162e-01 | Train acc: 0.9824 ± 0.0000 | Valid acc: 0.9843 ± 0.0000 | Valid Power: 0.0007 | Train Power: 0.0007 | patience:  82 | lr: 0.0015625 | Epoch time: 0.1 |

2024-09-09 23:59:58,990 - INFO -
| Epoch:   1170 | Train loss: 1.9829e-01 | Valid loss: 1.9375e-01 | Train acc: 0.9824 ± 0.0000 | Valid acc: 0.9843 ± 0.0000 | Valid Power: 0.0007 | Train Power: 0.0007 | patience:  92 | lr: 0.0015625 | Epoch time: 0.1 |

2024-09-09 23:59:59,937 - INFO -
load best network to warm start training with lower lr.

2024-09-09 23:59:59,937 - INFO -
lr update to 0.00078125.

2024-09-10 00:00:00,042 - INFO -
| Epoch:   1180 | Train loss: 2.0479e-01 | Valid loss: 1.8170e-01 | Train acc: 0.9773 ± 0.0000 | Valid acc: 0.9921 ± 0.0000 | Valid Power: 0.0006 | Train Power: 0.0006 | patience:   1 | lr: 0.00078125 | Epoch time: 0.1 |

2024-09-10 00:00:01,098 - INFO -
| Epoch:   1190 | Train loss: 2.0470e-01 | Valid loss: 1.8467e-01 | Train acc: 0.9773 ± 0.0000 | Valid acc: 0.9843 ± 0.0000 | Valid Power: 0.0006 | Train Power: 0.0006 | patience:  11 | lr: 0.00078125 | Epoch time: 0.1 |

2024-09-10 00:00:02,133 - INFO -
| Epoch:   1200 | Train loss: 2.0465e-01 | Valid loss: 1.8869e-01 | Train acc: 0.9773 ± 0.0000 | Valid acc: 0.9843 ± 0.0000 | Valid Power: 0.0006 | Train Power: 0.0006 | patience:  21 | lr: 0.00078125 | Epoch time: 0.1 |

2024-09-10 00:00:03,170 - INFO -
| Epoch:   1210 | Train loss: 2.0459e-01 | Valid loss: 1.8854e-01 | Train acc: 0.9773 ± 0.0000 | Valid acc: 0.9843 ± 0.0000 | Valid Power: 0.0006 | Train Power: 0.0006 | patience:  31 | lr: 0.00078125 | Epoch time: 0.1 |

2024-09-10 00:00:04,206 - INFO -
| Epoch:   1220 | Train loss: 2.0454e-01 | Valid loss: 1.8957e-01 | Train acc: 0.9773 ± 0.0000 | Valid acc: 0.9843 ± 0.0000 | Valid Power: 0.0007 | Train Power: 0.0007 | patience:  41 | lr: 0.00078125 | Epoch time: 0.1 |

2024-09-10 00:00:05,241 - INFO -
| Epoch:   1230 | Train loss: 2.0449e-01 | Valid loss: 1.9011e-01 | Train acc: 0.9773 ± 0.0000 | Valid acc: 0.9843 ± 0.0000 | Valid Power: 0.0007 | Train Power: 0.0007 | patience:  51 | lr: 0.00078125 | Epoch time: 0.1 |

2024-09-10 00:00:06,278 - INFO -
| Epoch:   1240 | Train loss: 2.0445e-01 | Valid loss: 1.9051e-01 | Train acc: 0.9773 ± 0.0000 | Valid acc: 0.9843 ± 0.0000 | Valid Power: 0.0007 | Train Power: 0.0008 | patience:  61 | lr: 0.00078125 | Epoch time: 0.1 |

2024-09-10 00:00:07,316 - INFO -
| Epoch:   1250 | Train loss: 2.0441e-01 | Valid loss: 1.9068e-01 | Train acc: 0.9773 ± 0.0000 | Valid acc: 0.9843 ± 0.0000 | Valid Power: 0.0008 | Train Power: 0.0008 | patience:  71 | lr: 0.00078125 | Epoch time: 0.1 |

2024-09-10 00:00:08,353 - INFO -
| Epoch:   1260 | Train loss: 2.0437e-01 | Valid loss: 1.9071e-01 | Train acc: 0.9773 ± 0.0000 | Valid acc: 0.9843 ± 0.0000 | Valid Power: 0.0008 | Train Power: 0.0008 | patience:  81 | lr: 0.00078125 | Epoch time: 0.1 |

2024-09-10 00:00:09,389 - INFO -
| Epoch:   1270 | Train loss: 2.0433e-01 | Valid loss: 1.9066e-01 | Train acc: 0.9773 ± 0.0000 | Valid acc: 0.9843 ± 0.0000 | Valid Power: 0.0008 | Train Power: 0.0008 | patience:  91 | lr: 0.00078125 | Epoch time: 0.1 |

2024-09-10 00:00:10,437 - INFO -
load best network to warm start training with lower lr.

2024-09-10 00:00:10,437 - INFO -
lr update to 0.000390625.

2024-09-10 00:00:10,437 - INFO -
| Epoch:   1280 | Train loss: 2.0430e-01 | Valid loss: 1.9043e-01 | Train acc: 0.9773 ± 0.0000 | Valid acc: 0.9843 ± 0.0000 | Valid Power: 0.0008 | Train Power: 0.0008 | patience:   0 | lr: 0.000390625 | Epoch time: 0.1 |

2024-09-10 00:00:11,479 - INFO -
| Epoch:   1290 | Train loss: 2.0474e-01 | Valid loss: 1.8411e-01 | Train acc: 0.9773 ± 0.0000 | Valid acc: 0.9843 ± 0.0000 | Valid Power: 0.0006 | Train Power: 0.0006 | patience:  10 | lr: 0.000390625 | Epoch time: 0.1 |

2024-09-10 00:00:12,517 - INFO -
| Epoch:   1300 | Train loss: 2.0470e-01 | Valid loss: 1.8425e-01 | Train acc: 0.9773 ± 0.0000 | Valid acc: 0.9843 ± 0.0000 | Valid Power: 0.0006 | Train Power: 0.0006 | patience:  20 | lr: 0.000390625 | Epoch time: 0.1 |

2024-09-10 00:00:13,557 - INFO -
| Epoch:   1310 | Train loss: 2.0467e-01 | Valid loss: 1.8722e-01 | Train acc: 0.9773 ± 0.0000 | Valid acc: 0.9843 ± 0.0000 | Valid Power: 0.0006 | Train Power: 0.0006 | patience:  30 | lr: 0.000390625 | Epoch time: 0.1 |

2024-09-10 00:00:14,655 - INFO -
| Epoch:   1320 | Train loss: 2.0464e-01 | Valid loss: 1.8806e-01 | Train acc: 0.9773 ± 0.0000 | Valid acc: 0.9843 ± 0.0000 | Valid Power: 0.0006 | Train Power: 0.0006 | patience:  40 | lr: 0.000390625 | Epoch time: 0.1 |

2024-09-10 00:00:15,692 - INFO -
| Epoch:   1330 | Train loss: 2.0461e-01 | Valid loss: 1.8822e-01 | Train acc: 0.9773 ± 0.0000 | Valid acc: 0.9843 ± 0.0000 | Valid Power: 0.0006 | Train Power: 0.0006 | patience:  50 | lr: 0.000390625 | Epoch time: 0.1 |

2024-09-10 00:00:16,725 - INFO -
| Epoch:   1340 | Train loss: 2.0458e-01 | Valid loss: 1.8859e-01 | Train acc: 0.9773 ± 0.0000 | Valid acc: 0.9843 ± 0.0000 | Valid Power: 0.0006 | Train Power: 0.0006 | patience:  60 | lr: 0.000390625 | Epoch time: 0.1 |

2024-09-10 00:00:17,757 - INFO -
| Epoch:   1350 | Train loss: 2.0456e-01 | Valid loss: 1.8913e-01 | Train acc: 0.9773 ± 0.0000 | Valid acc: 0.9843 ± 0.0000 | Valid Power: 0.0006 | Train Power: 0.0006 | patience:  70 | lr: 0.000390625 | Epoch time: 0.1 |

2024-09-10 00:00:18,775 - INFO -
| Epoch:   1360 | Train loss: 2.0453e-01 | Valid loss: 1.8957e-01 | Train acc: 0.9773 ± 0.0000 | Valid acc: 0.9843 ± 0.0000 | Valid Power: 0.0006 | Train Power: 0.0006 | patience:  80 | lr: 0.000390625 | Epoch time: 0.1 |

2024-09-10 00:00:19,698 - INFO -
| Epoch:   1370 | Train loss: 2.0451e-01 | Valid loss: 1.8998e-01 | Train acc: 0.9773 ± 0.0000 | Valid acc: 0.9843 ± 0.0000 | Valid Power: 0.0006 | Train Power: 0.0006 | patience:  90 | lr: 0.000390625 | Epoch time: 0.1 |

2024-09-10 00:00:20,619 - INFO -
| Epoch:   1380 | Train loss: 2.0448e-01 | Valid loss: 1.9026e-01 | Train acc: 0.9773 ± 0.0000 | Valid acc: 0.9843 ± 0.0000 | Valid Power: 0.0006 | Train Power: 0.0006 | patience: 100 | lr: 0.000390625 | Epoch time: 0.1 |

2024-09-10 00:00:20,713 - INFO -
load best network to warm start training with lower lr.

2024-09-10 00:00:20,713 - INFO -
lr update to 0.0001953125.

2024-09-10 00:00:21,535 - INFO -
| Epoch:   1390 | Train loss: 2.0475e-01 | Valid loss: 1.8230e-01 | Train acc: 0.9773 ± 0.0000 | Valid acc: 0.9843 ± 0.0000 | Valid Power: 0.0006 | Train Power: 0.0006 | patience:   9 | lr: 0.0001953125 | Epoch time: 0.1 |

2024-09-10 00:00:22,456 - INFO -
| Epoch:   1400 | Train loss: 2.0474e-01 | Valid loss: 1.8345e-01 | Train acc: 0.9773 ± 0.0000 | Valid acc: 0.9843 ± 0.0000 | Valid Power: 0.0006 | Train Power: 0.0006 | patience:  19 | lr: 0.0001953125 | Epoch time: 0.1 |

2024-09-10 00:00:23,382 - INFO -
| Epoch:   1410 | Train loss: 2.0472e-01 | Valid loss: 1.8369e-01 | Train acc: 0.9773 ± 0.0000 | Valid acc: 0.9843 ± 0.0000 | Valid Power: 0.0006 | Train Power: 0.0006 | patience:  29 | lr: 0.0001953125 | Epoch time: 0.1 |

2024-09-10 00:00:24,313 - INFO -
| Epoch:   1420 | Train loss: 2.0470e-01 | Valid loss: 1.8468e-01 | Train acc: 0.9773 ± 0.0000 | Valid acc: 0.9843 ± 0.0000 | Valid Power: 0.0006 | Train Power: 0.0006 | patience:  39 | lr: 0.0001953125 | Epoch time: 0.1 |

2024-09-10 00:00:25,254 - INFO -
| Epoch:   1430 | Train loss: 2.0469e-01 | Valid loss: 1.8631e-01 | Train acc: 0.9773 ± 0.0000 | Valid acc: 0.9843 ± 0.0000 | Valid Power: 0.0006 | Train Power: 0.0006 | patience:  49 | lr: 0.0001953125 | Epoch time: 0.1 |

2024-09-10 00:00:26,207 - INFO -
| Epoch:   1440 | Train loss: 2.0467e-01 | Valid loss: 1.8699e-01 | Train acc: 0.9773 ± 0.0000 | Valid acc: 0.9843 ± 0.0000 | Valid Power: 0.0006 | Train Power: 0.0006 | patience:  59 | lr: 0.0001953125 | Epoch time: 0.1 |

2024-09-10 00:00:27,125 - INFO -
| Epoch:   1450 | Train loss: 2.0466e-01 | Valid loss: 1.8729e-01 | Train acc: 0.9773 ± 0.0000 | Valid acc: 0.9843 ± 0.0000 | Valid Power: 0.0006 | Train Power: 0.0006 | patience:  69 | lr: 0.0001953125 | Epoch time: 0.1 |

2024-09-10 00:00:28,042 - INFO -
| Epoch:   1460 | Train loss: 2.0464e-01 | Valid loss: 1.8767e-01 | Train acc: 0.9773 ± 0.0000 | Valid acc: 0.9843 ± 0.0000 | Valid Power: 0.0006 | Train Power: 0.0006 | patience:  79 | lr: 0.0001953125 | Epoch time: 0.1 |

2024-09-10 00:00:29,047 - INFO -
| Epoch:   1470 | Train loss: 2.0463e-01 | Valid loss: 1.8793e-01 | Train acc: 0.9773 ± 0.0000 | Valid acc: 0.9843 ± 0.0000 | Valid Power: 0.0006 | Train Power: 0.0006 | patience:  89 | lr: 0.0001953125 | Epoch time: 0.1 |

2024-09-10 00:00:29,976 - INFO -
| Epoch:   1480 | Train loss: 2.0461e-01 | Valid loss: 1.8821e-01 | Train acc: 0.9773 ± 0.0000 | Valid acc: 0.9843 ± 0.0000 | Valid Power: 0.0006 | Train Power: 0.0006 | patience:  99 | lr: 0.0001953125 | Epoch time: 0.1 |

2024-09-10 00:00:30,163 - INFO -
load best network to warm start training with lower lr.

2024-09-10 00:00:30,163 - INFO -
lr update to 9.765625e-05.

2024-09-10 00:00:30,163 - INFO -
Early stop.

2024-09-10 00:00:30,170 - INFO -
Training if finished.

2024-09-12 13:58:07,466 - INFO -
Configuration: 
gmin                0.01
gmax                10.0
T                   0.1
m                   0.3
type_nonlinear      normal
act                 tanh
ACT_R1n             12.7865
ACT_R2n             -3.1871
ACT_W1n             -10.4537
ACT_L1n             10.546
ACT_W2n             -5.8496
ACT_L2n             4.2337
S_R1n               -11.7481
S_R2n               -0.3905
S_W1n               -9.169
S_L1n               0.3913
S_W2n               7.2004
S_L2n               15.5558
ReLU_RHn            -1.9557
ReLU_RLn            -20.1581
ReLU_RDn            16.6486
ReLU_RBn            -14.3472
ReLU_Wn             16.655
ReLU_Ln             -21.7591
HS_Rn               -0.3766
HS_Wn               0.5192
HS_Ln               4.6293
NEG_R1n             -7.0846
NEG_R2n             -2.5695
NEG_R3n             16.1542
NEG_W1n             13.8696
NEG_L1n             2.7635
NEG_W2n             1.2674
NEG_L2n             -10.4803
NEG_W3n             -6.4386
NEG_L3n             5.1005
task                normal
DATASET             10
DataPath            ./dataset
InputNoise          0.0
IN_test             0.0
R_train             1
R_test              1
N_time              32
pathnorm            False
hidden              [3]
skipconnection      False
SEED                7
DEVICE              cpu
PATIENCE            500
EPOCH               10000000000
LR                  0.1
PROGRESSIVE         True
LR_PATIENCE         100
LR_DECAY            0.5
LR_MIN              0.0001
metric              acc
SoftEva             True
TIMELIMITATION      71
MODE                nominal
M_train             1
K_train             1
M_test              1
K_test              1
t_test_max          1
integration         MC
N_train             1
e_train             0.0
N_test              100
e_test              0.1
e_fault             2
fault_ratio         0.0
N_fault             50
e_fault_test        0
N_fault_test        50
dropout             0.0
lagrangian_loss     False
rho                 100
powerestimator      none
powerbalance        0.0
estimatorbalance    0.0
pgmin               1e-07
power_ratio         1000
lambda_P            100
areaestimator       none
areabalance         0.0
area_theta          0.15
area_act            30.0
area_neg            22.7
lambda_A            0.001
lnc                 False
projectname         tanh_0_FaultAnalysisNormal
temppath            ./tanh_0_FaultAnalysisNormal/temp/
logfilepath         ./tanh_0_FaultAnalysisNormal/log/
report_freq         10
recording           False
recordpath          ./tanh_0_FaultAnalysisNormal/record/
savepath            ./tanh_0_FaultAnalysisNormal/models/
loglevel            info


2024-09-12 13:58:07,477 - INFO -
Training network on device: cpu.

2024-09-12 13:58:07,477 - INFO -
Training setup: data_10_tictactoe_seed_07_epsilon_0.0_dropout_0.0_fault_ratio_0.0.model.

2024-09-12 13:58:07,477 - INFO -
{'dataname': 'tictactoe', 'N_feature': 9, 'N_class': 2, 'N_train': 397, 'N_valid': 127, 'N_test': 79}

2024-09-12 13:58:07,492 - INFO -
Training was already finished.

