2024-09-09 23:57:34,784 - INFO -
Configuration: 
gmin                0.01
gmax                10.0
T                   0.1
m                   0.3
type_nonlinear      normal
act                 tanh
ACT_R1n             12.7865
ACT_R2n             -3.1871
ACT_W1n             -10.4537
ACT_L1n             10.546
ACT_W2n             -5.8496
ACT_L2n             4.2337
S_R1n               -11.7481
S_R2n               -0.3905
S_W1n               -9.169
S_L1n               0.3913
S_W2n               7.2004
S_L2n               15.5558
ReLU_RHn            -1.9557
ReLU_RLn            -20.1581
ReLU_RDn            16.6486
ReLU_RBn            -14.3472
ReLU_Wn             16.655
ReLU_Ln             -21.7591
HS_Rn               -0.3766
HS_Wn               0.5192
HS_Ln               4.6293
NEG_R1n             -7.0846
NEG_R2n             -2.5695
NEG_R3n             16.1542
NEG_W1n             13.8696
NEG_L1n             2.7635
NEG_W2n             1.2674
NEG_L2n             -10.4803
NEG_W3n             -6.4386
NEG_L3n             5.1005
task                normal
DATASET             9
DataPath            ./dataset
InputNoise          0.0
IN_test             0.0
R_train             1
R_test              1
N_time              32
pathnorm            False
hidden              [3]
skipconnection      False
SEED                4
DEVICE              cpu
PATIENCE            500
EPOCH               10000000000
LR                  0.1
PROGRESSIVE         True
LR_PATIENCE         100
LR_DECAY            0.5
LR_MIN              0.0001
metric              acc
SoftEva             True
TIMELIMITATION      71
MODE                nominal
M_train             1
K_train             1
M_test              1
K_test              1
t_test_max          1
integration         MC
N_train             1
e_train             0.0
N_test              100
e_test              0.1
e_fault             2
fault_ratio         0.0
N_fault             50
e_fault_test        0
N_fault_test        50
dropout             0.0
lagrangian_loss     False
rho                 100
powerestimator      none
powerbalance        0.0
estimatorbalance    0.0
pgmin               1e-07
power_ratio         1000
lambda_P            100
areaestimator       none
areabalance         0.0
area_theta          0.15
area_act            30.0
area_neg            22.7
lambda_A            0.001
lnc                 False
projectname         tanh_0_FaultAnalysisNormal
temppath            ./tanh_0_FaultAnalysisNormal/temp/
logfilepath         ./tanh_0_FaultAnalysisNormal/log/
report_freq         10
recording           False
recordpath          ./tanh_0_FaultAnalysisNormal/record/
savepath            ./tanh_0_FaultAnalysisNormal/models/
loglevel            info


2024-09-09 23:57:34,784 - INFO -
Training network on device: cpu.

2024-09-09 23:57:34,784 - INFO -
Training setup: data_09_seeds_seed_04_epsilon_0.0_dropout_0.0_fault_ratio_0.0.model.

2024-09-09 23:57:34,784 - INFO -
{'dataname': 'seeds', 'N_feature': 7, 'N_class': 3, 'N_train': 124, 'N_valid': 41, 'N_test': 43}

2024-09-09 23:57:34,785 - INFO -
Topology of the network: [7, 3, 3].

2024-09-09 23:57:36,577 - INFO -
| Epoch:      0 | Train loss: 1.0985e+00 | Valid loss: 1.0856e+00 | Train acc: 0.3548 ± 0.0000 | Valid acc: 0.4146 ± 0.0000 | Valid Power: 0.0006 | Train Power: 0.0005 | patience:   0 | lr: 0.1 | Epoch time: 0.1 |

2024-09-09 23:57:37,829 - INFO -
| Epoch:     10 | Train loss: 7.5308e-01 | Valid loss: 7.5311e-01 | Train acc: 0.8871 ± 0.0000 | Valid acc: 0.8537 ± 0.0000 | Valid Power: 0.0006 | Train Power: 0.0006 | patience:   0 | lr: 0.1 | Epoch time: 0.1 |

2024-09-09 23:57:38,797 - INFO -
| Epoch:     20 | Train loss: 5.9280e-01 | Valid loss: 6.2886e-01 | Train acc: 0.8871 ± 0.0000 | Valid acc: 0.8293 ± 0.0000 | Valid Power: 0.0006 | Train Power: 0.0006 | patience:   1 | lr: 0.1 | Epoch time: 0.1 |

2024-09-09 23:57:39,744 - INFO -
| Epoch:     30 | Train loss: 5.5206e-01 | Valid loss: 6.0812e-01 | Train acc: 0.8790 ± 0.0000 | Valid acc: 0.8049 ± 0.0000 | Valid Power: 0.0006 | Train Power: 0.0006 | patience:   3 | lr: 0.1 | Epoch time: 0.1 |

2024-09-09 23:57:40,675 - INFO -
| Epoch:     40 | Train loss: 5.2980e-01 | Valid loss: 6.3280e-01 | Train acc: 0.8548 ± 0.0000 | Valid acc: 0.8049 ± 0.0000 | Valid Power: 0.0007 | Train Power: 0.0007 | patience:  13 | lr: 0.1 | Epoch time: 0.1 |

2024-09-09 23:57:41,614 - INFO -
| Epoch:     50 | Train loss: 4.8171e-01 | Valid loss: 5.1525e-01 | Train acc: 0.9032 ± 0.0000 | Valid acc: 0.8780 ± 0.0000 | Valid Power: 0.0007 | Train Power: 0.0007 | patience:   0 | lr: 0.1 | Epoch time: 0.1 |

2024-09-09 23:57:42,559 - INFO -
| Epoch:     60 | Train loss: 4.7388e-01 | Valid loss: 5.6113e-01 | Train acc: 0.8790 ± 0.0000 | Valid acc: 0.8049 ± 0.0000 | Valid Power: 0.0007 | Train Power: 0.0007 | patience:   7 | lr: 0.1 | Epoch time: 0.1 |

2024-09-09 23:57:43,505 - INFO -
| Epoch:     70 | Train loss: 4.5269e-01 | Valid loss: 5.0319e-01 | Train acc: 0.9032 ± 0.0000 | Valid acc: 0.8780 ± 0.0000 | Valid Power: 0.0007 | Train Power: 0.0007 | patience:   3 | lr: 0.1 | Epoch time: 0.1 |

2024-09-09 23:57:44,434 - INFO -
| Epoch:     80 | Train loss: 4.3670e-01 | Valid loss: 5.5074e-01 | Train acc: 0.9113 ± 0.0000 | Valid acc: 0.8049 ± 0.0000 | Valid Power: 0.0007 | Train Power: 0.0007 | patience:  13 | lr: 0.1 | Epoch time: 0.1 |

2024-09-09 23:57:45,362 - INFO -
| Epoch:     90 | Train loss: 4.4068e-01 | Valid loss: 5.4921e-01 | Train acc: 0.8952 ± 0.0000 | Valid acc: 0.8049 ± 0.0000 | Valid Power: 0.0007 | Train Power: 0.0007 | patience:  23 | lr: 0.1 | Epoch time: 0.1 |

2024-09-09 23:57:46,291 - INFO -
| Epoch:    100 | Train loss: 4.3533e-01 | Valid loss: 5.4267e-01 | Train acc: 0.8790 ± 0.0000 | Valid acc: 0.8049 ± 0.0000 | Valid Power: 0.0007 | Train Power: 0.0007 | patience:  33 | lr: 0.1 | Epoch time: 0.1 |

2024-09-09 23:57:47,222 - INFO -
| Epoch:    110 | Train loss: 4.1720e-01 | Valid loss: 4.9013e-01 | Train acc: 0.9113 ± 0.0000 | Valid acc: 0.8537 ± 0.0000 | Valid Power: 0.0007 | Train Power: 0.0007 | patience:   0 | lr: 0.1 | Epoch time: 0.1 |

2024-09-09 23:57:48,163 - INFO -
| Epoch:    120 | Train loss: 4.1025e-01 | Valid loss: 5.3771e-01 | Train acc: 0.9194 ± 0.0000 | Valid acc: 0.8049 ± 0.0000 | Valid Power: 0.0007 | Train Power: 0.0007 | patience:   6 | lr: 0.1 | Epoch time: 0.1 |

2024-09-09 23:57:49,090 - INFO -
| Epoch:    130 | Train loss: 4.4175e-01 | Valid loss: 5.4647e-01 | Train acc: 0.8710 ± 0.0000 | Valid acc: 0.8049 ± 0.0000 | Valid Power: 0.0007 | Train Power: 0.0007 | patience:  16 | lr: 0.1 | Epoch time: 0.1 |

2024-09-09 23:57:50,109 - INFO -
| Epoch:    140 | Train loss: 4.2275e-01 | Valid loss: 4.7189e-01 | Train acc: 0.9113 ± 0.0000 | Valid acc: 0.8780 ± 0.0000 | Valid Power: 0.0007 | Train Power: 0.0007 | patience:   1 | lr: 0.1 | Epoch time: 0.1 |

2024-09-09 23:57:51,034 - INFO -
| Epoch:    150 | Train loss: 4.3190e-01 | Valid loss: 5.3288e-01 | Train acc: 0.8790 ± 0.0000 | Valid acc: 0.8049 ± 0.0000 | Valid Power: 0.0007 | Train Power: 0.0007 | patience:  11 | lr: 0.1 | Epoch time: 0.1 |

2024-09-09 23:57:52,124 - INFO -
| Epoch:    160 | Train loss: 4.2141e-01 | Valid loss: 4.5149e-01 | Train acc: 0.9113 ± 0.0000 | Valid acc: 0.8780 ± 0.0000 | Valid Power: 0.0007 | Train Power: 0.0007 | patience:   0 | lr: 0.1 | Epoch time: 0.1 |

2024-09-09 23:57:53,061 - INFO -
| Epoch:    170 | Train loss: 4.1641e-01 | Valid loss: 4.8205e-01 | Train acc: 0.9113 ± 0.0000 | Valid acc: 0.8780 ± 0.0000 | Valid Power: 0.0038 | Train Power: 0.0012 | patience:   9 | lr: 0.1 | Epoch time: 0.1 |

2024-09-09 23:57:53,985 - INFO -
| Epoch:    180 | Train loss: 4.0859e-01 | Valid loss: 4.7886e-01 | Train acc: 0.9194 ± 0.0000 | Valid acc: 0.8780 ± 0.0000 | Valid Power: 0.0008 | Train Power: 0.0008 | patience:  19 | lr: 0.1 | Epoch time: 0.1 |

2024-09-09 23:57:54,910 - INFO -
| Epoch:    190 | Train loss: 4.0869e-01 | Valid loss: 4.9114e-01 | Train acc: 0.9194 ± 0.0000 | Valid acc: 0.8780 ± 0.0000 | Valid Power: 0.0007 | Train Power: 0.0007 | patience:  29 | lr: 0.1 | Epoch time: 0.1 |

2024-09-09 23:57:55,838 - INFO -
| Epoch:    200 | Train loss: 4.2223e-01 | Valid loss: 4.6058e-01 | Train acc: 0.9113 ± 0.0000 | Valid acc: 0.8780 ± 0.0000 | Valid Power: 0.0007 | Train Power: 0.0007 | patience:  39 | lr: 0.1 | Epoch time: 0.1 |

2024-09-09 23:57:56,765 - INFO -
| Epoch:    210 | Train loss: 4.1237e-01 | Valid loss: 4.7713e-01 | Train acc: 0.9113 ± 0.0000 | Valid acc: 0.8780 ± 0.0000 | Valid Power: 0.0007 | Train Power: 0.0007 | patience:  49 | lr: 0.1 | Epoch time: 0.1 |

2024-09-09 23:57:57,689 - INFO -
| Epoch:    220 | Train loss: 4.1086e-01 | Valid loss: 4.7550e-01 | Train acc: 0.9113 ± 0.0000 | Valid acc: 0.8780 ± 0.0000 | Valid Power: 0.0007 | Train Power: 0.0007 | patience:  59 | lr: 0.1 | Epoch time: 0.1 |

2024-09-09 23:57:58,614 - INFO -
| Epoch:    230 | Train loss: 4.0958e-01 | Valid loss: 4.9187e-01 | Train acc: 0.9113 ± 0.0000 | Valid acc: 0.8780 ± 0.0000 | Valid Power: 0.0007 | Train Power: 0.0007 | patience:  69 | lr: 0.1 | Epoch time: 0.1 |

2024-09-09 23:57:59,539 - INFO -
| Epoch:    240 | Train loss: 4.0323e-01 | Valid loss: 4.7747e-01 | Train acc: 0.9113 ± 0.0000 | Valid acc: 0.8780 ± 0.0000 | Valid Power: 0.0007 | Train Power: 0.0007 | patience:  79 | lr: 0.1 | Epoch time: 0.1 |

2024-09-09 23:58:00,554 - INFO -
| Epoch:    250 | Train loss: 4.0251e-01 | Valid loss: 4.8813e-01 | Train acc: 0.9194 ± 0.0000 | Valid acc: 0.8780 ± 0.0000 | Valid Power: 0.0007 | Train Power: 0.0007 | patience:  89 | lr: 0.1 | Epoch time: 0.1 |

2024-09-09 23:58:01,480 - INFO -
| Epoch:    260 | Train loss: 4.0056e-01 | Valid loss: 4.7899e-01 | Train acc: 0.9194 ± 0.0000 | Valid acc: 0.8780 ± 0.0000 | Valid Power: 0.0007 | Train Power: 0.0007 | patience:  99 | lr: 0.1 | Epoch time: 0.1 |

2024-09-09 23:58:01,669 - INFO -
load best network to warm start training with lower lr.

2024-09-09 23:58:01,669 - INFO -
lr update to 0.05.

2024-09-09 23:58:02,411 - INFO -
| Epoch:    270 | Train loss: 4.0299e-01 | Valid loss: 5.3993e-01 | Train acc: 0.9194 ± 0.0000 | Valid acc: 0.8049 ± 0.0000 | Valid Power: 0.0007 | Train Power: 0.0007 | patience:   8 | lr: 0.05 | Epoch time: 0.1 |

2024-09-09 23:58:03,344 - INFO -
| Epoch:    280 | Train loss: 4.0576e-01 | Valid loss: 5.3174e-01 | Train acc: 0.9113 ± 0.0000 | Valid acc: 0.8049 ± 0.0000 | Valid Power: 0.0007 | Train Power: 0.0007 | patience:  18 | lr: 0.05 | Epoch time: 0.1 |

2024-09-09 23:58:04,270 - INFO -
| Epoch:    290 | Train loss: 3.9925e-01 | Valid loss: 4.7476e-01 | Train acc: 0.9194 ± 0.0000 | Valid acc: 0.8780 ± 0.0000 | Valid Power: 0.0007 | Train Power: 0.0007 | patience:  28 | lr: 0.05 | Epoch time: 0.1 |

2024-09-09 23:58:05,196 - INFO -
| Epoch:    300 | Train loss: 3.9623e-01 | Valid loss: 4.7712e-01 | Train acc: 0.9194 ± 0.0000 | Valid acc: 0.8780 ± 0.0000 | Valid Power: 0.0007 | Train Power: 0.0007 | patience:  38 | lr: 0.05 | Epoch time: 0.1 |

2024-09-09 23:58:06,123 - INFO -
| Epoch:    310 | Train loss: 3.9439e-01 | Valid loss: 4.8108e-01 | Train acc: 0.9194 ± 0.0000 | Valid acc: 0.8780 ± 0.0000 | Valid Power: 0.0007 | Train Power: 0.0007 | patience:  48 | lr: 0.05 | Epoch time: 0.1 |

2024-09-09 23:58:07,050 - INFO -
| Epoch:    320 | Train loss: 3.9201e-01 | Valid loss: 4.7898e-01 | Train acc: 0.9194 ± 0.0000 | Valid acc: 0.8780 ± 0.0000 | Valid Power: 0.0007 | Train Power: 0.0007 | patience:  58 | lr: 0.05 | Epoch time: 0.1 |

2024-09-09 23:58:07,977 - INFO -
| Epoch:    330 | Train loss: 3.9061e-01 | Valid loss: 4.7516e-01 | Train acc: 0.9274 ± 0.0000 | Valid acc: 0.8780 ± 0.0000 | Valid Power: 0.0007 | Train Power: 0.0008 | patience:  68 | lr: 0.05 | Epoch time: 0.1 |

2024-09-09 23:58:08,903 - INFO -
| Epoch:    340 | Train loss: 3.9814e-01 | Valid loss: 4.7354e-01 | Train acc: 0.9194 ± 0.0000 | Valid acc: 0.8780 ± 0.0000 | Valid Power: 0.0008 | Train Power: 0.0007 | patience:  78 | lr: 0.05 | Epoch time: 0.1 |

2024-09-09 23:58:09,897 - INFO -
| Epoch:    350 | Train loss: 3.9655e-01 | Valid loss: 5.2133e-01 | Train acc: 0.9194 ± 0.0000 | Valid acc: 0.8049 ± 0.0000 | Valid Power: 0.0007 | Train Power: 0.0007 | patience:  88 | lr: 0.05 | Epoch time: 0.1 |

2024-09-09 23:58:10,848 - INFO -
| Epoch:    360 | Train loss: 3.9188e-01 | Valid loss: 4.6930e-01 | Train acc: 0.9274 ± 0.0000 | Valid acc: 0.8780 ± 0.0000 | Valid Power: 0.0011 | Train Power: 0.0007 | patience:  98 | lr: 0.05 | Epoch time: 0.1 |

2024-09-09 23:58:11,133 - INFO -
load best network to warm start training with lower lr.

2024-09-09 23:58:11,133 - INFO -
lr update to 0.025.

2024-09-09 23:58:11,787 - INFO -
| Epoch:    370 | Train loss: 4.0188e-01 | Valid loss: 5.3660e-01 | Train acc: 0.9194 ± 0.0000 | Valid acc: 0.8049 ± 0.0000 | Valid Power: 0.0007 | Train Power: 0.0008 | patience:   7 | lr: 0.025 | Epoch time: 0.1 |

2024-09-09 23:58:12,716 - INFO -
| Epoch:    380 | Train loss: 4.0196e-01 | Valid loss: 4.7878e-01 | Train acc: 0.9194 ± 0.0000 | Valid acc: 0.8780 ± 0.0000 | Valid Power: 0.0042 | Train Power: 0.0008 | patience:  17 | lr: 0.025 | Epoch time: 0.1 |

2024-09-09 23:58:13,644 - INFO -
| Epoch:    390 | Train loss: 4.0032e-01 | Valid loss: 5.3473e-01 | Train acc: 0.9194 ± 0.0000 | Valid acc: 0.8049 ± 0.0000 | Valid Power: 0.0007 | Train Power: 0.0007 | patience:  27 | lr: 0.025 | Epoch time: 0.1 |

2024-09-09 23:58:14,571 - INFO -
| Epoch:    400 | Train loss: 3.9911e-01 | Valid loss: 5.2782e-01 | Train acc: 0.9194 ± 0.0000 | Valid acc: 0.8049 ± 0.0000 | Valid Power: 0.0007 | Train Power: 0.0007 | patience:  37 | lr: 0.025 | Epoch time: 0.1 |

2024-09-09 23:58:15,497 - INFO -
| Epoch:    410 | Train loss: 3.9804e-01 | Valid loss: 5.2254e-01 | Train acc: 0.9194 ± 0.0000 | Valid acc: 0.8049 ± 0.0000 | Valid Power: 0.0007 | Train Power: 0.0007 | patience:  47 | lr: 0.025 | Epoch time: 0.1 |

2024-09-09 23:58:16,425 - INFO -
| Epoch:    420 | Train loss: 3.9685e-01 | Valid loss: 5.0887e-01 | Train acc: 0.9194 ± 0.0000 | Valid acc: 0.8293 ± 0.0000 | Valid Power: 0.0007 | Train Power: 0.0007 | patience:  57 | lr: 0.025 | Epoch time: 0.1 |

2024-09-09 23:58:17,353 - INFO -
| Epoch:    430 | Train loss: 3.9014e-01 | Valid loss: 4.7562e-01 | Train acc: 0.9274 ± 0.0000 | Valid acc: 0.8780 ± 0.0000 | Valid Power: 0.0007 | Train Power: 0.0007 | patience:  67 | lr: 0.025 | Epoch time: 0.1 |

2024-09-09 23:58:18,278 - INFO -
| Epoch:    440 | Train loss: 3.8883e-01 | Valid loss: 4.7630e-01 | Train acc: 0.9274 ± 0.0000 | Valid acc: 0.8780 ± 0.0000 | Valid Power: 0.0007 | Train Power: 0.0007 | patience:  77 | lr: 0.025 | Epoch time: 0.1 |

2024-09-09 23:58:19,204 - INFO -
| Epoch:    450 | Train loss: 3.8917e-01 | Valid loss: 4.8334e-01 | Train acc: 0.9274 ± 0.0000 | Valid acc: 0.8780 ± 0.0000 | Valid Power: 0.0007 | Train Power: 0.0007 | patience:  87 | lr: 0.025 | Epoch time: 0.1 |

2024-09-09 23:58:20,220 - INFO -
| Epoch:    460 | Train loss: 3.8796e-01 | Valid loss: 4.7749e-01 | Train acc: 0.9274 ± 0.0000 | Valid acc: 0.8780 ± 0.0000 | Valid Power: 0.0007 | Train Power: 0.0007 | patience:  97 | lr: 0.025 | Epoch time: 0.1 |

2024-09-09 23:58:20,593 - INFO -
load best network to warm start training with lower lr.

2024-09-09 23:58:20,594 - INFO -
lr update to 0.0125.

2024-09-09 23:58:21,151 - INFO -
| Epoch:    470 | Train loss: 4.1568e-01 | Valid loss: 4.7995e-01 | Train acc: 0.9194 ± 0.0000 | Valid acc: 0.8780 ± 0.0000 | Valid Power: 0.0007 | Train Power: 0.0007 | patience:   6 | lr: 0.0125 | Epoch time: 0.1 |

2024-09-09 23:58:22,078 - INFO -
| Epoch:    480 | Train loss: 3.9513e-01 | Valid loss: 4.8000e-01 | Train acc: 0.9274 ± 0.0000 | Valid acc: 0.8780 ± 0.0000 | Valid Power: 0.0007 | Train Power: 0.0007 | patience:  16 | lr: 0.0125 | Epoch time: 0.1 |

2024-09-09 23:58:23,005 - INFO -
| Epoch:    490 | Train loss: 4.0086e-01 | Valid loss: 5.0059e-01 | Train acc: 0.9194 ± 0.0000 | Valid acc: 0.8537 ± 0.0000 | Valid Power: 0.0007 | Train Power: 0.0007 | patience:  26 | lr: 0.0125 | Epoch time: 0.1 |

2024-09-09 23:58:23,936 - INFO -
| Epoch:    500 | Train loss: 3.9408e-01 | Valid loss: 4.8040e-01 | Train acc: 0.9274 ± 0.0000 | Valid acc: 0.8780 ± 0.0000 | Valid Power: 0.0007 | Train Power: 0.0007 | patience:  36 | lr: 0.0125 | Epoch time: 0.1 |

2024-09-09 23:58:24,863 - INFO -
| Epoch:    510 | Train loss: 3.9349e-01 | Valid loss: 4.7775e-01 | Train acc: 0.9274 ± 0.0000 | Valid acc: 0.8780 ± 0.0000 | Valid Power: 0.0007 | Train Power: 0.0007 | patience:  46 | lr: 0.0125 | Epoch time: 0.1 |

2024-09-09 23:58:25,789 - INFO -
| Epoch:    520 | Train loss: 3.9286e-01 | Valid loss: 4.7897e-01 | Train acc: 0.9274 ± 0.0000 | Valid acc: 0.8780 ± 0.0000 | Valid Power: 0.0007 | Train Power: 0.0007 | patience:  56 | lr: 0.0125 | Epoch time: 0.1 |

2024-09-09 23:58:26,713 - INFO -
| Epoch:    530 | Train loss: 3.9237e-01 | Valid loss: 4.7976e-01 | Train acc: 0.9274 ± 0.0000 | Valid acc: 0.8780 ± 0.0000 | Valid Power: 0.0007 | Train Power: 0.0007 | patience:  66 | lr: 0.0125 | Epoch time: 0.1 |

2024-09-09 23:58:27,641 - INFO -
| Epoch:    540 | Train loss: 3.9191e-01 | Valid loss: 4.7954e-01 | Train acc: 0.9274 ± 0.0000 | Valid acc: 0.8780 ± 0.0000 | Valid Power: 0.0007 | Train Power: 0.0007 | patience:  76 | lr: 0.0125 | Epoch time: 0.1 |

2024-09-09 23:58:28,566 - INFO -
| Epoch:    550 | Train loss: 3.9143e-01 | Valid loss: 4.7918e-01 | Train acc: 0.9274 ± 0.0000 | Valid acc: 0.8780 ± 0.0000 | Valid Power: 0.0007 | Train Power: 0.0007 | patience:  86 | lr: 0.0125 | Epoch time: 0.1 |

2024-09-09 23:58:29,492 - INFO -
| Epoch:    560 | Train loss: 3.9099e-01 | Valid loss: 4.7861e-01 | Train acc: 0.9274 ± 0.0000 | Valid acc: 0.8780 ± 0.0000 | Valid Power: 0.0007 | Train Power: 0.0007 | patience:  96 | lr: 0.0125 | Epoch time: 0.1 |

2024-09-09 23:58:30,049 - INFO -
load best network to warm start training with lower lr.

2024-09-09 23:58:30,049 - INFO -
lr update to 0.00625.

2024-09-09 23:58:30,514 - INFO -
| Epoch:    570 | Train loss: 4.2103e-01 | Valid loss: 4.4871e-01 | Train acc: 0.9194 ± 0.0000 | Valid acc: 0.8780 ± 0.0000 | Valid Power: 0.0015 | Train Power: 0.0008 | patience:   5 | lr: 0.00625 | Epoch time: 0.1 |

2024-09-09 23:58:31,440 - INFO -
| Epoch:    580 | Train loss: 4.0571e-01 | Valid loss: 4.7871e-01 | Train acc: 0.9274 ± 0.0000 | Valid acc: 0.8780 ± 0.0000 | Valid Power: 0.0008 | Train Power: 0.0008 | patience:  15 | lr: 0.00625 | Epoch time: 0.1 |

2024-09-09 23:58:32,367 - INFO -
| Epoch:    590 | Train loss: 4.0395e-01 | Valid loss: 4.7806e-01 | Train acc: 0.9274 ± 0.0000 | Valid acc: 0.8780 ± 0.0000 | Valid Power: 0.0008 | Train Power: 0.0008 | patience:  25 | lr: 0.00625 | Epoch time: 0.1 |

2024-09-09 23:58:33,293 - INFO -
| Epoch:    600 | Train loss: 4.0052e-01 | Valid loss: 4.7890e-01 | Train acc: 0.9274 ± 0.0000 | Valid acc: 0.8780 ± 0.0000 | Valid Power: 0.0007 | Train Power: 0.0007 | patience:  35 | lr: 0.00625 | Epoch time: 0.1 |

2024-09-09 23:58:34,220 - INFO -
| Epoch:    610 | Train loss: 3.9998e-01 | Valid loss: 4.7936e-01 | Train acc: 0.9274 ± 0.0000 | Valid acc: 0.8780 ± 0.0000 | Valid Power: 0.0007 | Train Power: 0.0007 | patience:  45 | lr: 0.00625 | Epoch time: 0.1 |

2024-09-09 23:58:35,145 - INFO -
| Epoch:    620 | Train loss: 3.9939e-01 | Valid loss: 4.7973e-01 | Train acc: 0.9274 ± 0.0000 | Valid acc: 0.8780 ± 0.0000 | Valid Power: 0.0007 | Train Power: 0.0007 | patience:  55 | lr: 0.00625 | Epoch time: 0.1 |

2024-09-09 23:58:36,072 - INFO -
| Epoch:    630 | Train loss: 3.9900e-01 | Valid loss: 4.8125e-01 | Train acc: 0.9274 ± 0.0000 | Valid acc: 0.8780 ± 0.0000 | Valid Power: 0.0007 | Train Power: 0.0007 | patience:  65 | lr: 0.00625 | Epoch time: 0.1 |

2024-09-09 23:58:37,001 - INFO -
| Epoch:    640 | Train loss: 3.9864e-01 | Valid loss: 4.8168e-01 | Train acc: 0.9274 ± 0.0000 | Valid acc: 0.8780 ± 0.0000 | Valid Power: 0.0007 | Train Power: 0.0007 | patience:  75 | lr: 0.00625 | Epoch time: 0.1 |

2024-09-09 23:58:37,925 - INFO -
| Epoch:    650 | Train loss: 3.9831e-01 | Valid loss: 4.8167e-01 | Train acc: 0.9274 ± 0.0000 | Valid acc: 0.8780 ± 0.0000 | Valid Power: 0.0007 | Train Power: 0.0007 | patience:  85 | lr: 0.00625 | Epoch time: 0.1 |

2024-09-09 23:58:38,850 - INFO -
| Epoch:    660 | Train loss: 3.9800e-01 | Valid loss: 4.8198e-01 | Train acc: 0.9274 ± 0.0000 | Valid acc: 0.8780 ± 0.0000 | Valid Power: 0.0007 | Train Power: 0.0007 | patience:  95 | lr: 0.00625 | Epoch time: 0.1 |

2024-09-09 23:58:39,410 - INFO -
load best network to warm start training with lower lr.

2024-09-09 23:58:39,410 - INFO -
lr update to 0.003125.

2024-09-09 23:58:39,780 - INFO -
| Epoch:    670 | Train loss: 4.2265e-01 | Valid loss: 4.4344e-01 | Train acc: 0.9113 ± 0.0000 | Valid acc: 0.8780 ± 0.0000 | Valid Power: 0.0007 | Train Power: 0.0007 | patience:   4 | lr: 0.003125 | Epoch time: 0.1 |

2024-09-09 23:58:40,708 - INFO -
| Epoch:    680 | Train loss: 4.1980e-01 | Valid loss: 4.4894e-01 | Train acc: 0.9194 ± 0.0000 | Valid acc: 0.8780 ± 0.0000 | Valid Power: 0.0008 | Train Power: 0.0008 | patience:  14 | lr: 0.003125 | Epoch time: 0.1 |

2024-09-09 23:58:41,748 - INFO -
| Epoch:    690 | Train loss: 4.0835e-01 | Valid loss: 4.6620e-01 | Train acc: 0.9274 ± 0.0000 | Valid acc: 0.8780 ± 0.0000 | Valid Power: 0.0007 | Train Power: 0.0007 | patience:  24 | lr: 0.003125 | Epoch time: 0.1 |

2024-09-09 23:58:42,677 - INFO -
| Epoch:    700 | Train loss: 4.0597e-01 | Valid loss: 4.7817e-01 | Train acc: 0.9194 ± 0.0000 | Valid acc: 0.8780 ± 0.0000 | Valid Power: 0.0008 | Train Power: 0.0008 | patience:  34 | lr: 0.003125 | Epoch time: 0.1 |

2024-09-09 23:58:43,604 - INFO -
| Epoch:    710 | Train loss: 4.0426e-01 | Valid loss: 4.7805e-01 | Train acc: 0.9274 ± 0.0000 | Valid acc: 0.8780 ± 0.0000 | Valid Power: 0.0011 | Train Power: 0.0010 | patience:  44 | lr: 0.003125 | Epoch time: 0.1 |

2024-09-09 23:58:44,531 - INFO -
| Epoch:    720 | Train loss: 4.0389e-01 | Valid loss: 4.7839e-01 | Train acc: 0.9274 ± 0.0000 | Valid acc: 0.8780 ± 0.0000 | Valid Power: 0.0089 | Train Power: 0.0291 | patience:  54 | lr: 0.003125 | Epoch time: 0.1 |

2024-09-09 23:58:45,463 - INFO -
| Epoch:    730 | Train loss: 4.0333e-01 | Valid loss: 4.7892e-01 | Train acc: 0.9274 ± 0.0000 | Valid acc: 0.8780 ± 0.0000 | Valid Power: 0.0016 | Train Power: 0.0016 | patience:  64 | lr: 0.003125 | Epoch time: 0.1 |

2024-09-09 23:58:46,391 - INFO -
| Epoch:    740 | Train loss: 4.0077e-01 | Valid loss: 4.7962e-01 | Train acc: 0.9274 ± 0.0000 | Valid acc: 0.8780 ± 0.0000 | Valid Power: 0.0014 | Train Power: 0.0014 | patience:  74 | lr: 0.003125 | Epoch time: 0.1 |

2024-09-09 23:58:47,317 - INFO -
| Epoch:    750 | Train loss: 4.0014e-01 | Valid loss: 4.7992e-01 | Train acc: 0.9274 ± 0.0000 | Valid acc: 0.8780 ± 0.0000 | Valid Power: 0.0013 | Train Power: 0.0013 | patience:  84 | lr: 0.003125 | Epoch time: 0.1 |

2024-09-09 23:58:48,243 - INFO -
| Epoch:    760 | Train loss: 3.9986e-01 | Valid loss: 4.7982e-01 | Train acc: 0.9274 ± 0.0000 | Valid acc: 0.8780 ± 0.0000 | Valid Power: 0.0013 | Train Power: 0.0013 | patience:  94 | lr: 0.003125 | Epoch time: 0.1 |

2024-09-09 23:58:48,896 - INFO -
load best network to warm start training with lower lr.

2024-09-09 23:58:48,897 - INFO -
lr update to 0.0015625.

2024-09-09 23:58:49,175 - INFO -
| Epoch:    770 | Train loss: 4.2316e-01 | Valid loss: 4.4207e-01 | Train acc: 0.9113 ± 0.0000 | Valid acc: 0.8780 ± 0.0000 | Valid Power: 0.0007 | Train Power: 0.0007 | patience:   3 | lr: 0.0015625 | Epoch time: 0.1 |

2024-09-09 23:58:50,104 - INFO -
| Epoch:    780 | Train loss: 4.2171e-01 | Valid loss: 4.4479e-01 | Train acc: 0.9113 ± 0.0000 | Valid acc: 0.8780 ± 0.0000 | Valid Power: 0.0007 | Train Power: 0.0007 | patience:  13 | lr: 0.0015625 | Epoch time: 0.1 |

2024-09-09 23:58:51,029 - INFO -
| Epoch:    790 | Train loss: 4.2015e-01 | Valid loss: 4.4707e-01 | Train acc: 0.9194 ± 0.0000 | Valid acc: 0.8780 ± 0.0000 | Valid Power: 0.0011 | Train Power: 0.0010 | patience:  23 | lr: 0.0015625 | Epoch time: 0.1 |

2024-09-09 23:58:51,955 - INFO -
| Epoch:    800 | Train loss: 4.1930e-01 | Valid loss: 4.4841e-01 | Train acc: 0.9194 ± 0.0000 | Valid acc: 0.8780 ± 0.0000 | Valid Power: 0.0009 | Train Power: 0.0009 | patience:  33 | lr: 0.0015625 | Epoch time: 0.1 |

2024-09-09 23:58:52,882 - INFO -
| Epoch:    810 | Train loss: 4.1835e-01 | Valid loss: 4.5030e-01 | Train acc: 0.9194 ± 0.0000 | Valid acc: 0.8780 ± 0.0000 | Valid Power: 0.0008 | Train Power: 0.0008 | patience:  43 | lr: 0.0015625 | Epoch time: 0.1 |

2024-09-09 23:58:53,807 - INFO -
| Epoch:    820 | Train loss: 4.0893e-01 | Valid loss: 4.7753e-01 | Train acc: 0.9274 ± 0.0000 | Valid acc: 0.8780 ± 0.0000 | Valid Power: 0.0008 | Train Power: 0.0008 | patience:  53 | lr: 0.0015625 | Epoch time: 0.1 |

2024-09-09 23:58:54,733 - INFO -
| Epoch:    830 | Train loss: 4.0484e-01 | Valid loss: 4.7809e-01 | Train acc: 0.9274 ± 0.0000 | Valid acc: 0.8780 ± 0.0000 | Valid Power: 0.0008 | Train Power: 0.0008 | patience:  63 | lr: 0.0015625 | Epoch time: 0.1 |

2024-09-09 23:58:55,661 - INFO -
| Epoch:    840 | Train loss: 4.0456e-01 | Valid loss: 4.7805e-01 | Train acc: 0.9274 ± 0.0000 | Valid acc: 0.8780 ± 0.0000 | Valid Power: 0.0008 | Train Power: 0.0008 | patience:  73 | lr: 0.0015625 | Epoch time: 0.1 |

2024-09-09 23:58:56,589 - INFO -
| Epoch:    850 | Train loss: 4.0431e-01 | Valid loss: 4.7798e-01 | Train acc: 0.9274 ± 0.0000 | Valid acc: 0.8780 ± 0.0000 | Valid Power: 0.0008 | Train Power: 0.0008 | patience:  83 | lr: 0.0015625 | Epoch time: 0.1 |

2024-09-09 23:58:57,514 - INFO -
| Epoch:    860 | Train loss: 4.0410e-01 | Valid loss: 4.7802e-01 | Train acc: 0.9274 ± 0.0000 | Valid acc: 0.8780 ± 0.0000 | Valid Power: 0.0008 | Train Power: 0.0008 | patience:  93 | lr: 0.0015625 | Epoch time: 0.1 |

2024-09-09 23:58:58,258 - INFO -
load best network to warm start training with lower lr.

2024-09-09 23:58:58,258 - INFO -
lr update to 0.00078125.

2024-09-09 23:58:58,443 - INFO -
| Epoch:    870 | Train loss: 4.2336e-01 | Valid loss: 4.4156e-01 | Train acc: 0.9113 ± 0.0000 | Valid acc: 0.8780 ± 0.0000 | Valid Power: 0.0007 | Train Power: 0.0007 | patience:   2 | lr: 0.00078125 | Epoch time: 0.1 |

2024-09-09 23:58:59,369 - INFO -
| Epoch:    880 | Train loss: 4.2271e-01 | Valid loss: 4.4286e-01 | Train acc: 0.9113 ± 0.0000 | Valid acc: 0.8780 ± 0.0000 | Valid Power: 0.0007 | Train Power: 0.0007 | patience:  12 | lr: 0.00078125 | Epoch time: 0.1 |

2024-09-09 23:59:00,296 - INFO -
| Epoch:    890 | Train loss: 4.2195e-01 | Valid loss: 4.4416e-01 | Train acc: 0.9113 ± 0.0000 | Valid acc: 0.8780 ± 0.0000 | Valid Power: 0.0007 | Train Power: 0.0007 | patience:  22 | lr: 0.00078125 | Epoch time: 0.1 |

2024-09-09 23:59:01,222 - INFO -
| Epoch:    900 | Train loss: 4.2085e-01 | Valid loss: 4.4559e-01 | Train acc: 0.9194 ± 0.0000 | Valid acc: 0.8780 ± 0.0000 | Valid Power: 0.0008 | Train Power: 0.0008 | patience:  32 | lr: 0.00078125 | Epoch time: 0.1 |

2024-09-09 23:59:02,150 - INFO -
| Epoch:    910 | Train loss: 4.2027e-01 | Valid loss: 4.4637e-01 | Train acc: 0.9194 ± 0.0000 | Valid acc: 0.8780 ± 0.0000 | Valid Power: 0.0008 | Train Power: 0.0008 | patience:  42 | lr: 0.00078125 | Epoch time: 0.1 |

2024-09-09 23:59:03,077 - INFO -
| Epoch:    920 | Train loss: 4.1982e-01 | Valid loss: 4.4702e-01 | Train acc: 0.9194 ± 0.0000 | Valid acc: 0.8780 ± 0.0000 | Valid Power: 0.0008 | Train Power: 0.0008 | patience:  52 | lr: 0.00078125 | Epoch time: 0.1 |

2024-09-09 23:59:04,003 - INFO -
| Epoch:    930 | Train loss: 4.1942e-01 | Valid loss: 4.4767e-01 | Train acc: 0.9194 ± 0.0000 | Valid acc: 0.8780 ± 0.0000 | Valid Power: 0.0008 | Train Power: 0.0008 | patience:  62 | lr: 0.00078125 | Epoch time: 0.1 |

2024-09-09 23:59:04,929 - INFO -
| Epoch:    940 | Train loss: 4.1904e-01 | Valid loss: 4.4845e-01 | Train acc: 0.9194 ± 0.0000 | Valid acc: 0.8780 ± 0.0000 | Valid Power: 0.0008 | Train Power: 0.0008 | patience:  72 | lr: 0.00078125 | Epoch time: 0.1 |

2024-09-09 23:59:05,856 - INFO -
| Epoch:    950 | Train loss: 4.1867e-01 | Valid loss: 4.4990e-01 | Train acc: 0.9194 ± 0.0000 | Valid acc: 0.8780 ± 0.0000 | Valid Power: 0.0008 | Train Power: 0.0008 | patience:  82 | lr: 0.00078125 | Epoch time: 0.1 |

2024-09-09 23:59:06,783 - INFO -
| Epoch:    960 | Train loss: 4.0838e-01 | Valid loss: 4.6855e-01 | Train acc: 0.9274 ± 0.0000 | Valid acc: 0.8780 ± 0.0000 | Valid Power: 0.0008 | Train Power: 0.0008 | patience:  92 | lr: 0.00078125 | Epoch time: 0.1 |

2024-09-09 23:59:07,620 - INFO -
load best network to warm start training with lower lr.

2024-09-09 23:59:07,620 - INFO -
lr update to 0.000390625.

2024-09-09 23:59:07,712 - INFO -
| Epoch:    970 | Train loss: 4.2344e-01 | Valid loss: 4.4137e-01 | Train acc: 0.9113 ± 0.0000 | Valid acc: 0.8780 ± 0.0000 | Valid Power: 0.0007 | Train Power: 0.0007 | patience:   1 | lr: 0.000390625 | Epoch time: 0.1 |

2024-09-09 23:59:08,639 - INFO -
| Epoch:    980 | Train loss: 4.2309e-01 | Valid loss: 4.4200e-01 | Train acc: 0.9113 ± 0.0000 | Valid acc: 0.8780 ± 0.0000 | Valid Power: 0.0007 | Train Power: 0.0007 | patience:  11 | lr: 0.000390625 | Epoch time: 0.1 |

2024-09-09 23:59:09,566 - INFO -
| Epoch:    990 | Train loss: 4.2278e-01 | Valid loss: 4.4264e-01 | Train acc: 0.9113 ± 0.0000 | Valid acc: 0.8780 ± 0.0000 | Valid Power: 0.0007 | Train Power: 0.0007 | patience:  21 | lr: 0.000390625 | Epoch time: 0.1 |

2024-09-09 23:59:10,495 - INFO -
| Epoch:   1000 | Train loss: 4.2244e-01 | Valid loss: 4.4328e-01 | Train acc: 0.9113 ± 0.0000 | Valid acc: 0.8780 ± 0.0000 | Valid Power: 0.0007 | Train Power: 0.0007 | patience:  31 | lr: 0.000390625 | Epoch time: 0.1 |

2024-09-09 23:59:11,420 - INFO -
| Epoch:   1010 | Train loss: 4.2195e-01 | Valid loss: 4.4390e-01 | Train acc: 0.9113 ± 0.0000 | Valid acc: 0.8780 ± 0.0000 | Valid Power: 0.0007 | Train Power: 0.0007 | patience:  41 | lr: 0.000390625 | Epoch time: 0.1 |

2024-09-09 23:59:12,348 - INFO -
| Epoch:   1020 | Train loss: 4.2129e-01 | Valid loss: 4.4450e-01 | Train acc: 0.9194 ± 0.0000 | Valid acc: 0.8780 ± 0.0000 | Valid Power: 0.0007 | Train Power: 0.0007 | patience:  51 | lr: 0.000390625 | Epoch time: 0.1 |

2024-09-09 23:59:13,277 - INFO -
| Epoch:   1030 | Train loss: 4.2083e-01 | Valid loss: 4.4533e-01 | Train acc: 0.9194 ± 0.0000 | Valid acc: 0.8780 ± 0.0000 | Valid Power: 0.0007 | Train Power: 0.0007 | patience:  61 | lr: 0.000390625 | Epoch time: 0.1 |

2024-09-09 23:59:14,204 - INFO -
| Epoch:   1040 | Train loss: 4.2054e-01 | Valid loss: 4.4571e-01 | Train acc: 0.9194 ± 0.0000 | Valid acc: 0.8780 ± 0.0000 | Valid Power: 0.0008 | Train Power: 0.0008 | patience:  71 | lr: 0.000390625 | Epoch time: 0.1 |

2024-09-09 23:59:15,132 - INFO -
| Epoch:   1050 | Train loss: 4.2030e-01 | Valid loss: 4.4604e-01 | Train acc: 0.9194 ± 0.0000 | Valid acc: 0.8780 ± 0.0000 | Valid Power: 0.0008 | Train Power: 0.0008 | patience:  81 | lr: 0.000390625 | Epoch time: 0.1 |

2024-09-09 23:59:16,064 - INFO -
| Epoch:   1060 | Train loss: 4.2008e-01 | Valid loss: 4.4636e-01 | Train acc: 0.9194 ± 0.0000 | Valid acc: 0.8780 ± 0.0000 | Valid Power: 0.0008 | Train Power: 0.0008 | patience:  91 | lr: 0.000390625 | Epoch time: 0.1 |

2024-09-09 23:59:16,991 - INFO -
load best network to warm start training with lower lr.

2024-09-09 23:59:16,991 - INFO -
lr update to 0.0001953125.

2024-09-09 23:59:16,992 - INFO -
| Epoch:   1070 | Train loss: 4.1987e-01 | Valid loss: 4.4670e-01 | Train acc: 0.9194 ± 0.0000 | Valid acc: 0.8780 ± 0.0000 | Valid Power: 0.0008 | Train Power: 0.0008 | patience:   0 | lr: 0.0001953125 | Epoch time: 0.1 |

2024-09-09 23:59:17,953 - INFO -
| Epoch:   1080 | Train loss: 4.2328e-01 | Valid loss: 4.4162e-01 | Train acc: 0.9113 ± 0.0000 | Valid acc: 0.8780 ± 0.0000 | Valid Power: 0.0007 | Train Power: 0.0007 | patience:  10 | lr: 0.0001953125 | Epoch time: 0.1 |

2024-09-09 23:59:18,882 - INFO -
| Epoch:   1090 | Train loss: 4.2311e-01 | Valid loss: 4.4194e-01 | Train acc: 0.9113 ± 0.0000 | Valid acc: 0.8780 ± 0.0000 | Valid Power: 0.0007 | Train Power: 0.0007 | patience:  20 | lr: 0.0001953125 | Epoch time: 0.1 |

2024-09-09 23:59:19,806 - INFO -
| Epoch:   1100 | Train loss: 4.2295e-01 | Valid loss: 4.4225e-01 | Train acc: 0.9113 ± 0.0000 | Valid acc: 0.8780 ± 0.0000 | Valid Power: 0.0007 | Train Power: 0.0007 | patience:  30 | lr: 0.0001953125 | Epoch time: 0.1 |

2024-09-09 23:59:20,725 - INFO -
| Epoch:   1110 | Train loss: 4.2279e-01 | Valid loss: 4.4256e-01 | Train acc: 0.9113 ± 0.0000 | Valid acc: 0.8780 ± 0.0000 | Valid Power: 0.0007 | Train Power: 0.0007 | patience:  40 | lr: 0.0001953125 | Epoch time: 0.1 |

2024-09-09 23:59:21,629 - INFO -
| Epoch:   1120 | Train loss: 4.2263e-01 | Valid loss: 4.4287e-01 | Train acc: 0.9113 ± 0.0000 | Valid acc: 0.8780 ± 0.0000 | Valid Power: 0.0007 | Train Power: 0.0007 | patience:  50 | lr: 0.0001953125 | Epoch time: 0.1 |

2024-09-09 23:59:22,539 - INFO -
| Epoch:   1130 | Train loss: 4.2244e-01 | Valid loss: 4.4318e-01 | Train acc: 0.9113 ± 0.0000 | Valid acc: 0.8780 ± 0.0000 | Valid Power: 0.0007 | Train Power: 0.0007 | patience:  60 | lr: 0.0001953125 | Epoch time: 0.1 |

2024-09-09 23:59:23,445 - INFO -
| Epoch:   1140 | Train loss: 4.2218e-01 | Valid loss: 4.4349e-01 | Train acc: 0.9113 ± 0.0000 | Valid acc: 0.8780 ± 0.0000 | Valid Power: 0.0007 | Train Power: 0.0007 | patience:  70 | lr: 0.0001953125 | Epoch time: 0.1 |

2024-09-09 23:59:24,357 - INFO -
| Epoch:   1150 | Train loss: 4.2180e-01 | Valid loss: 4.4380e-01 | Train acc: 0.9194 ± 0.0000 | Valid acc: 0.8780 ± 0.0000 | Valid Power: 0.0007 | Train Power: 0.0007 | patience:  80 | lr: 0.0001953125 | Epoch time: 0.1 |

2024-09-09 23:59:25,263 - INFO -
| Epoch:   1160 | Train loss: 4.2142e-01 | Valid loss: 4.4410e-01 | Train acc: 0.9194 ± 0.0000 | Valid acc: 0.8780 ± 0.0000 | Valid Power: 0.0007 | Train Power: 0.0007 | patience:  90 | lr: 0.0001953125 | Epoch time: 0.1 |

2024-09-09 23:59:26,188 - INFO -
| Epoch:   1170 | Train loss: 4.2116e-01 | Valid loss: 4.4439e-01 | Train acc: 0.9194 ± 0.0000 | Valid acc: 0.8780 ± 0.0000 | Valid Power: 0.0007 | Train Power: 0.0007 | patience: 100 | lr: 0.0001953125 | Epoch time: 0.1 |

2024-09-09 23:59:26,284 - INFO -
load best network to warm start training with lower lr.

2024-09-09 23:59:26,285 - INFO -
lr update to 9.765625e-05.

2024-09-09 23:59:26,285 - INFO -
Early stop.

2024-09-09 23:59:26,291 - INFO -
Training if finished.

2024-09-12 13:58:07,105 - INFO -
Configuration: 
gmin                0.01
gmax                10.0
T                   0.1
m                   0.3
type_nonlinear      normal
act                 tanh
ACT_R1n             12.7865
ACT_R2n             -3.1871
ACT_W1n             -10.4537
ACT_L1n             10.546
ACT_W2n             -5.8496
ACT_L2n             4.2337
S_R1n               -11.7481
S_R2n               -0.3905
S_W1n               -9.169
S_L1n               0.3913
S_W2n               7.2004
S_L2n               15.5558
ReLU_RHn            -1.9557
ReLU_RLn            -20.1581
ReLU_RDn            16.6486
ReLU_RBn            -14.3472
ReLU_Wn             16.655
ReLU_Ln             -21.7591
HS_Rn               -0.3766
HS_Wn               0.5192
HS_Ln               4.6293
NEG_R1n             -7.0846
NEG_R2n             -2.5695
NEG_R3n             16.1542
NEG_W1n             13.8696
NEG_L1n             2.7635
NEG_W2n             1.2674
NEG_L2n             -10.4803
NEG_W3n             -6.4386
NEG_L3n             5.1005
task                normal
DATASET             9
DataPath            ./dataset
InputNoise          0.0
IN_test             0.0
R_train             1
R_test              1
N_time              32
pathnorm            False
hidden              [3]
skipconnection      False
SEED                4
DEVICE              cpu
PATIENCE            500
EPOCH               10000000000
LR                  0.1
PROGRESSIVE         True
LR_PATIENCE         100
LR_DECAY            0.5
LR_MIN              0.0001
metric              acc
SoftEva             True
TIMELIMITATION      71
MODE                nominal
M_train             1
K_train             1
M_test              1
K_test              1
t_test_max          1
integration         MC
N_train             1
e_train             0.0
N_test              100
e_test              0.1
e_fault             2
fault_ratio         0.0
N_fault             50
e_fault_test        0
N_fault_test        50
dropout             0.0
lagrangian_loss     False
rho                 100
powerestimator      none
powerbalance        0.0
estimatorbalance    0.0
pgmin               1e-07
power_ratio         1000
lambda_P            100
areaestimator       none
areabalance         0.0
area_theta          0.15
area_act            30.0
area_neg            22.7
lambda_A            0.001
lnc                 False
projectname         tanh_0_FaultAnalysisNormal
temppath            ./tanh_0_FaultAnalysisNormal/temp/
logfilepath         ./tanh_0_FaultAnalysisNormal/log/
report_freq         10
recording           False
recordpath          ./tanh_0_FaultAnalysisNormal/record/
savepath            ./tanh_0_FaultAnalysisNormal/models/
loglevel            info


2024-09-12 13:58:07,130 - INFO -
Training network on device: cpu.

2024-09-12 13:58:07,130 - INFO -
Training setup: data_09_seeds_seed_04_epsilon_0.0_dropout_0.0_fault_ratio_0.0.model.

2024-09-12 13:58:07,130 - INFO -
{'dataname': 'seeds', 'N_feature': 7, 'N_class': 3, 'N_train': 124, 'N_valid': 41, 'N_test': 43}

2024-09-12 13:58:07,131 - INFO -
Training was already finished.

