2024-09-09 04:07:29,235 - INFO -
Configuration: 
gmin                0.01
gmax                10.0
T                   0.1
m                   0.3
type_nonlinear      normal
act                 tanh
ACT_R1n             12.7865
ACT_R2n             -3.1871
ACT_W1n             -10.4537
ACT_L1n             10.546
ACT_W2n             -5.8496
ACT_L2n             4.2337
S_R1n               -11.7481
S_R2n               -0.3905
S_W1n               -9.169
S_L1n               0.3913
S_W2n               7.2004
S_L2n               15.5558
ReLU_RHn            -1.9557
ReLU_RLn            -20.1581
ReLU_RDn            16.6486
ReLU_RBn            -14.3472
ReLU_Wn             16.655
ReLU_Ln             -21.7591
HS_Rn               -0.3766
HS_Wn               0.5192
HS_Ln               4.6293
NEG_R1n             -7.0846
NEG_R2n             -2.5695
NEG_R3n             16.1542
NEG_W1n             13.8696
NEG_L1n             2.7635
NEG_W2n             1.2674
NEG_L2n             -10.4803
NEG_W3n             -6.4386
NEG_L3n             5.1005
task                normal
DATASET             5
DataPath            ./dataset
InputNoise          0.0
IN_test             0.0
R_train             1
R_test              1
N_time              32
pathnorm            False
hidden              [3]
skipconnection      False
SEED                8
DEVICE              cpu
PATIENCE            500
EPOCH               10000000000
LR                  0.1
PROGRESSIVE         True
LR_PATIENCE         100
LR_DECAY            0.5
LR_MIN              0.0001
metric              acc
SoftEva             True
TIMELIMITATION      71
MODE                nominal
M_train             1
K_train             1
M_test              1
K_test              1
t_test_max          1
integration         MC
N_train             1
e_train             0.0
N_test              100
e_test              0.1
e_fault             2
fault_ratio         0.0
N_fault             50
e_fault_test        0
N_fault_test        50
dropout             0.0
lagrangian_loss     False
rho                 100
powerestimator      none
powerbalance        0.0
estimatorbalance    0.0
pgmin               1e-07
power_ratio         1000
lambda_P            100
areaestimator       none
areabalance         0.0
area_theta          0.15
area_act            30.0
area_neg            22.7
lambda_A            0.001
lnc                 False
projectname         tanh_0_FaultAnalysisNormal
temppath            ./tanh_0_FaultAnalysisNormal/temp/
logfilepath         ./tanh_0_FaultAnalysisNormal/log/
report_freq         10
recording           False
recordpath          ./tanh_0_FaultAnalysisNormal/record/
savepath            ./tanh_0_FaultAnalysisNormal/models/
loglevel            info


2024-09-09 04:07:29,236 - INFO -
Training network on device: cpu.

2024-09-09 04:07:29,236 - INFO -
Training setup: data_05_energyy2_seed_08_epsilon_0.0_dropout_0.0_fault_ratio_0.0.model.

2024-09-09 04:07:29,236 - INFO -
{'dataname': 'energyy2', 'N_feature': 8, 'N_class': 3, 'N_train': 397, 'N_valid': 127, 'N_test': 79}

2024-09-09 04:07:29,236 - INFO -
Topology of the network: [8, 3, 3].

2024-09-09 04:07:31,215 - INFO -
| Epoch:      0 | Train loss: 1.0986e+00 | Valid loss: 1.0576e+00 | Train acc: 0.2494 ± 0.0000 | Valid acc: 0.4882 ± 0.0000 | Valid Power: 0.0009 | Train Power: 0.0005 | patience:   0 | lr: 0.1 | Epoch time: 0.1 |

2024-09-09 04:07:32,468 - INFO -
| Epoch:     10 | Train loss: 7.2013e-01 | Valid loss: 7.1131e-01 | Train acc: 0.7305 ± 0.0000 | Valid acc: 0.7480 ± 0.0000 | Valid Power: 0.0009 | Train Power: 0.0009 | patience:   0 | lr: 0.1 | Epoch time: 0.1 |

2024-09-09 04:07:33,733 - INFO -
| Epoch:     20 | Train loss: 6.0475e-01 | Valid loss: 6.0653e-01 | Train acc: 0.7531 ± 0.0000 | Valid acc: 0.7480 ± 0.0000 | Valid Power: 0.0009 | Train Power: 0.0009 | patience:   0 | lr: 0.1 | Epoch time: 0.1 |

2024-09-09 04:07:34,990 - INFO -
| Epoch:     30 | Train loss: 5.8127e-01 | Valid loss: 5.8677e-01 | Train acc: 0.7557 ± 0.0000 | Valid acc: 0.7480 ± 0.0000 | Valid Power: 0.0010 | Train Power: 0.0010 | patience:   0 | lr: 0.1 | Epoch time: 0.1 |

2024-09-09 04:07:36,245 - INFO -
| Epoch:     40 | Train loss: 5.7227e-01 | Valid loss: 5.7814e-01 | Train acc: 0.7557 ± 0.0000 | Valid acc: 0.7559 ± 0.0000 | Valid Power: 0.0010 | Train Power: 0.0012 | patience:   0 | lr: 0.1 | Epoch time: 0.1 |

2024-09-09 04:07:37,495 - INFO -
| Epoch:     50 | Train loss: 5.6642e-01 | Valid loss: 5.7188e-01 | Train acc: 0.7154 ± 0.0000 | Valid acc: 0.7559 ± 0.0000 | Valid Power: 0.0015 | Train Power: 0.0019 | patience:   0 | lr: 0.1 | Epoch time: 0.1 |

2024-09-09 04:07:38,871 - INFO -
| Epoch:     60 | Train loss: 5.6106e-01 | Valid loss: 5.6667e-01 | Train acc: 0.7154 ± 0.0000 | Valid acc: 0.7008 ± 0.0000 | Valid Power: 0.0016 | Train Power: 0.0014 | patience:   0 | lr: 0.1 | Epoch time: 0.1 |

2024-09-09 04:07:40,125 - INFO -
| Epoch:     70 | Train loss: 5.5642e-01 | Valid loss: 5.6166e-01 | Train acc: 0.7557 ± 0.0000 | Valid acc: 0.7559 ± 0.0000 | Valid Power: 0.0010 | Train Power: 0.0010 | patience:   0 | lr: 0.1 | Epoch time: 0.1 |

2024-09-09 04:07:41,376 - INFO -
| Epoch:     80 | Train loss: 5.5200e-01 | Valid loss: 5.5697e-01 | Train acc: 0.7557 ± 0.0000 | Valid acc: 0.7559 ± 0.0000 | Valid Power: 0.0010 | Train Power: 0.0010 | patience:   0 | lr: 0.1 | Epoch time: 0.1 |

2024-09-09 04:07:42,629 - INFO -
| Epoch:     90 | Train loss: 5.4789e-01 | Valid loss: 5.5231e-01 | Train acc: 0.7557 ± 0.0000 | Valid acc: 0.7559 ± 0.0000 | Valid Power: 0.0015 | Train Power: 0.0010 | patience:   0 | lr: 0.1 | Epoch time: 0.1 |

2024-09-09 04:07:43,898 - INFO -
| Epoch:    100 | Train loss: 5.4422e-01 | Valid loss: 5.4817e-01 | Train acc: 0.7557 ± 0.0000 | Valid acc: 0.7559 ± 0.0000 | Valid Power: 0.0010 | Train Power: 0.0010 | patience:   0 | lr: 0.1 | Epoch time: 0.1 |

2024-09-09 04:07:45,197 - INFO -
| Epoch:    110 | Train loss: 5.4094e-01 | Valid loss: 5.4452e-01 | Train acc: 0.7557 ± 0.0000 | Valid acc: 0.7480 ± 0.0000 | Valid Power: 0.0010 | Train Power: 0.0010 | patience:   0 | lr: 0.1 | Epoch time: 0.1 |

2024-09-09 04:07:46,459 - INFO -
| Epoch:    120 | Train loss: 5.3788e-01 | Valid loss: 5.4063e-01 | Train acc: 0.7557 ± 0.0000 | Valid acc: 0.7480 ± 0.0000 | Valid Power: 0.0010 | Train Power: 0.0010 | patience:   0 | lr: 0.1 | Epoch time: 0.1 |

2024-09-09 04:07:47,717 - INFO -
| Epoch:    130 | Train loss: 5.3510e-01 | Valid loss: 5.3725e-01 | Train acc: 0.7557 ± 0.0000 | Valid acc: 0.7480 ± 0.0000 | Valid Power: 0.0010 | Train Power: 0.0010 | patience:   0 | lr: 0.1 | Epoch time: 0.1 |

2024-09-09 04:07:48,973 - INFO -
| Epoch:    140 | Train loss: 5.3276e-01 | Valid loss: 5.3438e-01 | Train acc: 0.7557 ± 0.0000 | Valid acc: 0.7480 ± 0.0000 | Valid Power: 0.0010 | Train Power: 0.0010 | patience:   0 | lr: 0.1 | Epoch time: 0.1 |

2024-09-09 04:07:50,219 - INFO -
| Epoch:    150 | Train loss: 5.3180e-01 | Valid loss: 5.3469e-01 | Train acc: 0.7834 ± 0.0000 | Valid acc: 0.8189 ± 0.0000 | Valid Power: 0.0011 | Train Power: 0.0011 | patience:   2 | lr: 0.1 | Epoch time: 0.1 |

2024-09-09 04:07:51,458 - INFO -
| Epoch:    160 | Train loss: 5.2959e-01 | Valid loss: 5.3309e-01 | Train acc: 0.7834 ± 0.0000 | Valid acc: 0.8189 ± 0.0000 | Valid Power: 0.0012 | Train Power: 0.0012 | patience:   2 | lr: 0.1 | Epoch time: 0.1 |

2024-09-09 04:07:52,700 - INFO -
| Epoch:    170 | Train loss: 5.2710e-01 | Valid loss: 5.2646e-01 | Train acc: 0.7834 ± 0.0000 | Valid acc: 0.8189 ± 0.0000 | Valid Power: 0.0013 | Train Power: 0.0013 | patience:   3 | lr: 0.1 | Epoch time: 0.1 |

2024-09-09 04:07:53,939 - INFO -
| Epoch:    180 | Train loss: 5.2781e-01 | Valid loss: 5.2583e-01 | Train acc: 0.7834 ± 0.0000 | Valid acc: 0.8189 ± 0.0000 | Valid Power: 0.0014 | Train Power: 0.0014 | patience:   4 | lr: 0.1 | Epoch time: 0.1 |

2024-09-09 04:07:55,170 - INFO -
| Epoch:    190 | Train loss: 5.2616e-01 | Valid loss: 5.2397e-01 | Train acc: 0.7834 ± 0.0000 | Valid acc: 0.8189 ± 0.0000 | Valid Power: 0.0014 | Train Power: 0.0014 | patience:   4 | lr: 0.1 | Epoch time: 0.1 |

2024-09-09 04:07:56,405 - INFO -
| Epoch:    200 | Train loss: 5.2335e-01 | Valid loss: 5.2098e-01 | Train acc: 0.7834 ± 0.0000 | Valid acc: 0.8189 ± 0.0000 | Valid Power: 0.0016 | Train Power: 0.0016 | patience:   3 | lr: 0.1 | Epoch time: 0.1 |

2024-09-09 04:07:57,731 - INFO -
| Epoch:    210 | Train loss: 5.2236e-01 | Valid loss: 5.1946e-01 | Train acc: 0.7834 ± 0.0000 | Valid acc: 0.8189 ± 0.0000 | Valid Power: 0.0019 | Train Power: 0.0019 | patience:   3 | lr: 0.1 | Epoch time: 0.1 |

2024-09-09 04:07:58,964 - INFO -
| Epoch:    220 | Train loss: 5.2167e-01 | Valid loss: 5.1823e-01 | Train acc: 0.7834 ± 0.0000 | Valid acc: 0.8189 ± 0.0000 | Valid Power: 0.0023 | Train Power: 0.0023 | patience:   3 | lr: 0.1 | Epoch time: 0.1 |

2024-09-09 04:08:00,202 - INFO -
| Epoch:    230 | Train loss: 5.2114e-01 | Valid loss: 5.1723e-01 | Train acc: 0.7834 ± 0.0000 | Valid acc: 0.8189 ± 0.0000 | Valid Power: 0.0026 | Train Power: 0.0026 | patience:   3 | lr: 0.1 | Epoch time: 0.1 |

2024-09-09 04:08:01,439 - INFO -
| Epoch:    240 | Train loss: 5.2067e-01 | Valid loss: 5.1648e-01 | Train acc: 0.7834 ± 0.0000 | Valid acc: 0.8189 ± 0.0000 | Valid Power: 0.0027 | Train Power: 0.0027 | patience:   4 | lr: 0.1 | Epoch time: 0.1 |

2024-09-09 04:08:02,686 - INFO -
| Epoch:    250 | Train loss: 5.2022e-01 | Valid loss: 5.1563e-01 | Train acc: 0.7834 ± 0.0000 | Valid acc: 0.8189 ± 0.0000 | Valid Power: 0.0027 | Train Power: 0.0028 | patience:   0 | lr: 0.1 | Epoch time: 0.1 |

2024-09-09 04:08:03,926 - INFO -
| Epoch:    260 | Train loss: 5.1981e-01 | Valid loss: 5.1519e-01 | Train acc: 0.7834 ± 0.0000 | Valid acc: 0.8189 ± 0.0000 | Valid Power: 0.0030 | Train Power: 0.0028 | patience:   1 | lr: 0.1 | Epoch time: 0.1 |

2024-09-09 04:08:05,162 - INFO -
| Epoch:    270 | Train loss: 5.1944e-01 | Valid loss: 5.1458e-01 | Train acc: 0.7834 ± 0.0000 | Valid acc: 0.8189 ± 0.0000 | Valid Power: 0.0028 | Train Power: 0.0028 | patience:   1 | lr: 0.1 | Epoch time: 0.1 |

2024-09-09 04:08:06,405 - INFO -
| Epoch:    280 | Train loss: 5.1910e-01 | Valid loss: 5.1402e-01 | Train acc: 0.7834 ± 0.0000 | Valid acc: 0.8189 ± 0.0000 | Valid Power: 0.0028 | Train Power: 0.0028 | patience:   1 | lr: 0.1 | Epoch time: 0.1 |

2024-09-09 04:08:07,658 - INFO -
| Epoch:    290 | Train loss: 5.1877e-01 | Valid loss: 5.1350e-01 | Train acc: 0.7834 ± 0.0000 | Valid acc: 0.8189 ± 0.0000 | Valid Power: 0.0028 | Train Power: 0.0028 | patience:   0 | lr: 0.1 | Epoch time: 0.1 |

2024-09-09 04:08:08,983 - INFO -
| Epoch:    300 | Train loss: 5.1847e-01 | Valid loss: 5.1300e-01 | Train acc: 0.7834 ± 0.0000 | Valid acc: 0.8189 ± 0.0000 | Valid Power: 0.0028 | Train Power: 0.0028 | patience:   0 | lr: 0.1 | Epoch time: 0.1 |

2024-09-09 04:08:10,236 - INFO -
| Epoch:    310 | Train loss: 5.1818e-01 | Valid loss: 5.1254e-01 | Train acc: 0.7834 ± 0.0000 | Valid acc: 0.8189 ± 0.0000 | Valid Power: 0.0028 | Train Power: 0.0028 | patience:   0 | lr: 0.1 | Epoch time: 0.1 |

2024-09-09 04:08:11,486 - INFO -
| Epoch:    320 | Train loss: 5.1790e-01 | Valid loss: 5.1208e-01 | Train acc: 0.7834 ± 0.0000 | Valid acc: 0.8189 ± 0.0000 | Valid Power: 0.0028 | Train Power: 0.0028 | patience:   1 | lr: 0.1 | Epoch time: 0.1 |

2024-09-09 04:08:12,728 - INFO -
| Epoch:    330 | Train loss: 5.1764e-01 | Valid loss: 5.1167e-01 | Train acc: 0.7834 ± 0.0000 | Valid acc: 0.8189 ± 0.0000 | Valid Power: 0.0028 | Train Power: 0.0028 | patience:   1 | lr: 0.1 | Epoch time: 0.1 |

2024-09-09 04:08:13,980 - INFO -
| Epoch:    340 | Train loss: 5.1739e-01 | Valid loss: 5.1123e-01 | Train acc: 0.7834 ± 0.0000 | Valid acc: 0.8189 ± 0.0000 | Valid Power: 0.0028 | Train Power: 0.0028 | patience:   0 | lr: 0.1 | Epoch time: 0.1 |

2024-09-09 04:08:15,229 - INFO -
| Epoch:    350 | Train loss: 5.1716e-01 | Valid loss: 5.1084e-01 | Train acc: 0.7834 ± 0.0000 | Valid acc: 0.8189 ± 0.0000 | Valid Power: 0.0028 | Train Power: 0.0028 | patience:   0 | lr: 0.1 | Epoch time: 0.1 |

2024-09-09 04:08:16,478 - INFO -
| Epoch:    360 | Train loss: 5.1693e-01 | Valid loss: 5.1048e-01 | Train acc: 0.7834 ± 0.0000 | Valid acc: 0.8189 ± 0.0000 | Valid Power: 0.0028 | Train Power: 0.0028 | patience:   0 | lr: 0.1 | Epoch time: 0.1 |

2024-09-09 04:08:17,730 - INFO -
| Epoch:    370 | Train loss: 5.1672e-01 | Valid loss: 5.1014e-01 | Train acc: 0.7834 ± 0.0000 | Valid acc: 0.8189 ± 0.0000 | Valid Power: 0.0028 | Train Power: 0.0028 | patience:   0 | lr: 0.1 | Epoch time: 0.1 |

2024-09-09 04:08:18,988 - INFO -
| Epoch:    380 | Train loss: 5.1652e-01 | Valid loss: 5.0980e-01 | Train acc: 0.7834 ± 0.0000 | Valid acc: 0.8189 ± 0.0000 | Valid Power: 0.0028 | Train Power: 0.0028 | patience:   0 | lr: 0.1 | Epoch time: 0.1 |

2024-09-09 04:08:20,241 - INFO -
| Epoch:    390 | Train loss: 5.1633e-01 | Valid loss: 5.0948e-01 | Train acc: 0.7834 ± 0.0000 | Valid acc: 0.8189 ± 0.0000 | Valid Power: 0.0028 | Train Power: 0.0028 | patience:   0 | lr: 0.1 | Epoch time: 0.1 |

2024-09-09 04:08:21,496 - INFO -
| Epoch:    400 | Train loss: 5.1615e-01 | Valid loss: 5.0917e-01 | Train acc: 0.7834 ± 0.0000 | Valid acc: 0.8189 ± 0.0000 | Valid Power: 0.0028 | Train Power: 0.0028 | patience:   0 | lr: 0.1 | Epoch time: 0.1 |

2024-09-09 04:08:22,750 - INFO -
| Epoch:    410 | Train loss: 5.1597e-01 | Valid loss: 5.0887e-01 | Train acc: 0.7834 ± 0.0000 | Valid acc: 0.8189 ± 0.0000 | Valid Power: 0.0028 | Train Power: 0.0028 | patience:   0 | lr: 0.1 | Epoch time: 0.1 |

2024-09-09 04:08:24,004 - INFO -
| Epoch:    420 | Train loss: 5.1581e-01 | Valid loss: 5.0859e-01 | Train acc: 0.7834 ± 0.0000 | Valid acc: 0.8189 ± 0.0000 | Valid Power: 0.0028 | Train Power: 0.0028 | patience:   0 | lr: 0.1 | Epoch time: 0.1 |

2024-09-09 04:08:25,256 - INFO -
| Epoch:    430 | Train loss: 5.1566e-01 | Valid loss: 5.0832e-01 | Train acc: 0.7834 ± 0.0000 | Valid acc: 0.8189 ± 0.0000 | Valid Power: 0.0028 | Train Power: 0.0029 | patience:   0 | lr: 0.1 | Epoch time: 0.1 |

2024-09-09 04:08:26,503 - INFO -
| Epoch:    440 | Train loss: 5.1554e-01 | Valid loss: 5.0813e-01 | Train acc: 0.7834 ± 0.0000 | Valid acc: 0.8189 ± 0.0000 | Valid Power: 0.0028 | Train Power: 0.0029 | patience:   1 | lr: 0.1 | Epoch time: 0.1 |

2024-09-09 04:08:27,736 - INFO -
| Epoch:    450 | Train loss: 5.1544e-01 | Valid loss: 5.0782e-01 | Train acc: 0.7834 ± 0.0000 | Valid acc: 0.8189 ± 0.0000 | Valid Power: 0.0028 | Train Power: 0.0028 | patience:   0 | lr: 0.1 | Epoch time: 0.1 |

2024-09-09 04:08:28,964 - INFO -
| Epoch:    460 | Train loss: 5.1536e-01 | Valid loss: 5.0793e-01 | Train acc: 0.7834 ± 0.0000 | Valid acc: 0.8189 ± 0.0000 | Valid Power: 0.0028 | Train Power: 0.0028 | patience:   3 | lr: 0.1 | Epoch time: 0.1 |

2024-09-09 04:08:30,271 - INFO -
| Epoch:    470 | Train loss: 5.1527e-01 | Valid loss: 5.0762e-01 | Train acc: 0.7834 ± 0.0000 | Valid acc: 0.8189 ± 0.0000 | Valid Power: 0.0028 | Train Power: 0.0028 | patience:   1 | lr: 0.1 | Epoch time: 0.2 |

2024-09-09 04:08:31,510 - INFO -
| Epoch:    480 | Train loss: 5.1519e-01 | Valid loss: 5.0753e-01 | Train acc: 0.7834 ± 0.0000 | Valid acc: 0.8189 ± 0.0000 | Valid Power: 0.0028 | Train Power: 0.0029 | patience:   0 | lr: 0.1 | Epoch time: 0.1 |

2024-09-09 04:08:32,745 - INFO -
| Epoch:    490 | Train loss: 5.1512e-01 | Valid loss: 5.0743e-01 | Train acc: 0.7834 ± 0.0000 | Valid acc: 0.8189 ± 0.0000 | Valid Power: 0.0028 | Train Power: 0.0029 | patience:   2 | lr: 0.1 | Epoch time: 0.1 |

2024-09-09 04:08:33,986 - INFO -
| Epoch:    500 | Train loss: 5.1505e-01 | Valid loss: 5.0738e-01 | Train acc: 0.7834 ± 0.0000 | Valid acc: 0.8189 ± 0.0000 | Valid Power: 0.0028 | Train Power: 0.0028 | patience:   3 | lr: 0.1 | Epoch time: 0.1 |

2024-09-09 04:08:35,220 - INFO -
| Epoch:    510 | Train loss: 5.1498e-01 | Valid loss: 5.0711e-01 | Train acc: 0.7834 ± 0.0000 | Valid acc: 0.8189 ± 0.0000 | Valid Power: 0.0028 | Train Power: 0.0028 | patience:   0 | lr: 0.1 | Epoch time: 0.1 |

2024-09-09 04:08:36,456 - INFO -
| Epoch:    520 | Train loss: 5.1491e-01 | Valid loss: 5.0708e-01 | Train acc: 0.7834 ± 0.0000 | Valid acc: 0.8189 ± 0.0000 | Valid Power: 0.0028 | Train Power: 0.0028 | patience:   3 | lr: 0.1 | Epoch time: 0.1 |

2024-09-09 04:08:37,703 - INFO -
| Epoch:    530 | Train loss: 5.1484e-01 | Valid loss: 5.0691e-01 | Train acc: 0.7834 ± 0.0000 | Valid acc: 0.8189 ± 0.0000 | Valid Power: 0.0028 | Train Power: 0.0028 | patience:   0 | lr: 0.1 | Epoch time: 0.1 |

2024-09-09 04:08:38,956 - INFO -
| Epoch:    540 | Train loss: 5.1478e-01 | Valid loss: 5.0682e-01 | Train acc: 0.7834 ± 0.0000 | Valid acc: 0.8189 ± 0.0000 | Valid Power: 0.0028 | Train Power: 0.0028 | patience:   0 | lr: 0.1 | Epoch time: 0.1 |

2024-09-09 04:08:40,213 - INFO -
| Epoch:    550 | Train loss: 5.1471e-01 | Valid loss: 5.0669e-01 | Train acc: 0.7834 ± 0.0000 | Valid acc: 0.8189 ± 0.0000 | Valid Power: 0.0028 | Train Power: 0.0028 | patience:   0 | lr: 0.1 | Epoch time: 0.1 |

2024-09-09 04:08:41,472 - INFO -
| Epoch:    560 | Train loss: 5.1464e-01 | Valid loss: 5.0657e-01 | Train acc: 0.7834 ± 0.0000 | Valid acc: 0.8189 ± 0.0000 | Valid Power: 0.0028 | Train Power: 0.0028 | patience:   0 | lr: 0.1 | Epoch time: 0.1 |

2024-09-09 04:08:42,729 - INFO -
| Epoch:    570 | Train loss: 5.1457e-01 | Valid loss: 5.0644e-01 | Train acc: 0.7834 ± 0.0000 | Valid acc: 0.8189 ± 0.0000 | Valid Power: 0.0028 | Train Power: 0.0028 | patience:   0 | lr: 0.1 | Epoch time: 0.1 |

2024-09-09 04:08:43,970 - INFO -
| Epoch:    580 | Train loss: 5.1450e-01 | Valid loss: 5.0654e-01 | Train acc: 0.7834 ± 0.0000 | Valid acc: 0.8189 ± 0.0000 | Valid Power: 0.0028 | Train Power: 0.0029 | patience:   3 | lr: 0.1 | Epoch time: 0.1 |

2024-09-09 04:08:45,196 - INFO -
| Epoch:    590 | Train loss: 5.1440e-01 | Valid loss: 5.0619e-01 | Train acc: 0.7859 ± 0.0000 | Valid acc: 0.8189 ± 0.0000 | Valid Power: 0.0028 | Train Power: 0.0029 | patience:   6 | lr: 0.1 | Epoch time: 0.1 |

2024-09-09 04:08:46,435 - INFO -
| Epoch:    600 | Train loss: 5.1420e-01 | Valid loss: 5.0578e-01 | Train acc: 0.8665 ± 0.0000 | Valid acc: 0.9134 ± 0.0000 | Valid Power: 0.0029 | Train Power: 0.0029 | patience:   0 | lr: 0.1 | Epoch time: 0.1 |

2024-09-09 04:08:47,687 - INFO -
| Epoch:    610 | Train loss: 5.1353e-01 | Valid loss: 5.0453e-01 | Train acc: 0.8665 ± 0.0000 | Valid acc: 0.9134 ± 0.0000 | Valid Power: 0.0029 | Train Power: 0.0030 | patience:   0 | lr: 0.1 | Epoch time: 0.1 |

2024-09-09 04:08:48,939 - INFO -
| Epoch:    620 | Train loss: 5.0409e-01 | Valid loss: 4.7470e-01 | Train acc: 0.8665 ± 0.0000 | Valid acc: 0.9134 ± 0.0000 | Valid Power: 0.0030 | Train Power: 0.0031 | patience:   0 | lr: 0.1 | Epoch time: 0.1 |

2024-09-09 04:08:50,276 - INFO -
| Epoch:    630 | Train loss: 4.9855e-01 | Valid loss: 4.5125e-01 | Train acc: 0.8665 ± 0.0000 | Valid acc: 0.9134 ± 0.0000 | Valid Power: 0.0029 | Train Power: 0.0030 | patience:   1 | lr: 0.1 | Epoch time: 0.1 |

2024-09-09 04:08:51,505 - INFO -
| Epoch:    640 | Train loss: 4.9814e-01 | Valid loss: 4.5453e-01 | Train acc: 0.8665 ± 0.0000 | Valid acc: 0.9134 ± 0.0000 | Valid Power: 0.0030 | Train Power: 0.0030 | patience:  11 | lr: 0.1 | Epoch time: 0.1 |

2024-09-09 04:08:52,729 - INFO -
| Epoch:    650 | Train loss: 4.9711e-01 | Valid loss: 4.5576e-01 | Train acc: 0.8665 ± 0.0000 | Valid acc: 0.9134 ± 0.0000 | Valid Power: 0.0030 | Train Power: 0.0031 | patience:  21 | lr: 0.1 | Epoch time: 0.1 |

2024-09-09 04:08:53,957 - INFO -
| Epoch:    660 | Train loss: 4.9729e-01 | Valid loss: 4.7294e-01 | Train acc: 0.8665 ± 0.0000 | Valid acc: 0.9134 ± 0.0000 | Valid Power: 0.0030 | Train Power: 0.0031 | patience:  31 | lr: 0.1 | Epoch time: 0.1 |

2024-09-09 04:08:55,178 - INFO -
| Epoch:    670 | Train loss: 5.0074e-01 | Valid loss: 4.5514e-01 | Train acc: 0.8665 ± 0.0000 | Valid acc: 0.9134 ± 0.0000 | Valid Power: 0.0030 | Train Power: 0.0031 | patience:  41 | lr: 0.1 | Epoch time: 0.1 |

2024-09-09 04:08:56,398 - INFO -
| Epoch:    680 | Train loss: 4.9873e-01 | Valid loss: 4.5344e-01 | Train acc: 0.8665 ± 0.0000 | Valid acc: 0.9134 ± 0.0000 | Valid Power: 0.0030 | Train Power: 0.0031 | patience:  51 | lr: 0.1 | Epoch time: 0.1 |

2024-09-09 04:08:57,618 - INFO -
| Epoch:    690 | Train loss: 4.9778e-01 | Valid loss: 4.5362e-01 | Train acc: 0.8665 ± 0.0000 | Valid acc: 0.9134 ± 0.0000 | Valid Power: 0.0030 | Train Power: 0.0031 | patience:  61 | lr: 0.1 | Epoch time: 0.1 |

2024-09-09 04:08:58,840 - INFO -
| Epoch:    700 | Train loss: 4.9730e-01 | Valid loss: 4.5465e-01 | Train acc: 0.8665 ± 0.0000 | Valid acc: 0.9134 ± 0.0000 | Valid Power: 0.0030 | Train Power: 0.0031 | patience:  71 | lr: 0.1 | Epoch time: 0.1 |

2024-09-09 04:09:00,133 - INFO -
| Epoch:    710 | Train loss: 4.9697e-01 | Valid loss: 4.5580e-01 | Train acc: 0.8665 ± 0.0000 | Valid acc: 0.9134 ± 0.0000 | Valid Power: 0.0031 | Train Power: 0.0031 | patience:  81 | lr: 0.1 | Epoch time: 0.2 |

2024-09-09 04:09:01,355 - INFO -
| Epoch:    720 | Train loss: 4.9670e-01 | Valid loss: 4.5656e-01 | Train acc: 0.8665 ± 0.0000 | Valid acc: 0.9134 ± 0.0000 | Valid Power: 0.0031 | Train Power: 0.0031 | patience:  91 | lr: 0.1 | Epoch time: 0.1 |

2024-09-09 04:09:02,574 - INFO -
load best network to warm start training with lower lr.

2024-09-09 04:09:02,574 - INFO -
lr update to 0.05.

2024-09-09 04:09:02,574 - INFO -
| Epoch:    730 | Train loss: 4.9689e-01 | Valid loss: 4.5878e-01 | Train acc: 0.8665 ± 0.0000 | Valid acc: 0.9134 ± 0.0000 | Valid Power: 0.0031 | Train Power: 0.0031 | patience:   0 | lr: 0.05 | Epoch time: 0.1 |

2024-09-09 04:09:03,794 - INFO -
| Epoch:    740 | Train loss: 4.9725e-01 | Valid loss: 4.5755e-01 | Train acc: 0.8665 ± 0.0000 | Valid acc: 0.9134 ± 0.0000 | Valid Power: 0.0029 | Train Power: 0.0030 | patience:  10 | lr: 0.05 | Epoch time: 0.1 |

2024-09-09 04:09:05,014 - INFO -
| Epoch:    750 | Train loss: 4.9713e-01 | Valid loss: 4.5381e-01 | Train acc: 0.8665 ± 0.0000 | Valid acc: 0.9134 ± 0.0000 | Valid Power: 0.0030 | Train Power: 0.0030 | patience:  20 | lr: 0.05 | Epoch time: 0.1 |

2024-09-09 04:09:06,244 - INFO -
| Epoch:    760 | Train loss: 4.9645e-01 | Valid loss: 4.5458e-01 | Train acc: 0.8665 ± 0.0000 | Valid acc: 0.9134 ± 0.0000 | Valid Power: 0.0029 | Train Power: 0.0030 | patience:  30 | lr: 0.05 | Epoch time: 0.1 |

2024-09-09 04:09:07,461 - INFO -
| Epoch:    770 | Train loss: 4.9590e-01 | Valid loss: 4.5523e-01 | Train acc: 0.8665 ± 0.0000 | Valid acc: 0.9134 ± 0.0000 | Valid Power: 0.0029 | Train Power: 0.0030 | patience:  40 | lr: 0.05 | Epoch time: 0.1 |

2024-09-09 04:09:08,682 - INFO -
| Epoch:    780 | Train loss: 4.9534e-01 | Valid loss: 4.5797e-01 | Train acc: 0.8665 ± 0.0000 | Valid acc: 0.9134 ± 0.0000 | Valid Power: 0.0029 | Train Power: 0.0030 | patience:  50 | lr: 0.05 | Epoch time: 0.1 |

2024-09-09 04:09:09,896 - INFO -
| Epoch:    790 | Train loss: 4.9493e-01 | Valid loss: 4.5796e-01 | Train acc: 0.8665 ± 0.0000 | Valid acc: 0.9134 ± 0.0000 | Valid Power: 0.0029 | Train Power: 0.0030 | patience:  60 | lr: 0.05 | Epoch time: 0.1 |

2024-09-09 04:09:11,109 - INFO -
| Epoch:    800 | Train loss: 4.9495e-01 | Valid loss: 4.5682e-01 | Train acc: 0.8665 ± 0.0000 | Valid acc: 0.9134 ± 0.0000 | Valid Power: 0.0029 | Train Power: 0.0030 | patience:  70 | lr: 0.05 | Epoch time: 0.1 |

2024-09-09 04:09:12,321 - INFO -
| Epoch:    810 | Train loss: 4.9483e-01 | Valid loss: 4.5754e-01 | Train acc: 0.8665 ± 0.0000 | Valid acc: 0.9134 ± 0.0000 | Valid Power: 0.0029 | Train Power: 0.0030 | patience:  80 | lr: 0.05 | Epoch time: 0.1 |

2024-09-09 04:09:13,534 - INFO -
| Epoch:    820 | Train loss: 4.9475e-01 | Valid loss: 4.5804e-01 | Train acc: 0.8665 ± 0.0000 | Valid acc: 0.9134 ± 0.0000 | Valid Power: 0.0029 | Train Power: 0.0030 | patience:  90 | lr: 0.05 | Epoch time: 0.1 |

2024-09-09 04:09:14,748 - INFO -
| Epoch:    830 | Train loss: 4.9631e-01 | Valid loss: 4.6693e-01 | Train acc: 0.8665 ± 0.0000 | Valid acc: 0.9134 ± 0.0000 | Valid Power: 0.0029 | Train Power: 0.0029 | patience: 100 | lr: 0.05 | Epoch time: 0.1 |

2024-09-09 04:09:14,873 - INFO -
load best network to warm start training with lower lr.

2024-09-09 04:09:14,873 - INFO -
lr update to 0.025.

2024-09-09 04:09:15,965 - INFO -
| Epoch:    840 | Train loss: 4.9733e-01 | Valid loss: 4.5326e-01 | Train acc: 0.8665 ± 0.0000 | Valid acc: 0.9134 ± 0.0000 | Valid Power: 0.0029 | Train Power: 0.0030 | patience:   9 | lr: 0.025 | Epoch time: 0.1 |

2024-09-09 04:09:17,180 - INFO -
| Epoch:    850 | Train loss: 4.9711e-01 | Valid loss: 4.5792e-01 | Train acc: 0.8665 ± 0.0000 | Valid acc: 0.9134 ± 0.0000 | Valid Power: 0.0029 | Train Power: 0.0030 | patience:  19 | lr: 0.025 | Epoch time: 0.1 |

2024-09-09 04:09:18,396 - INFO -
| Epoch:    860 | Train loss: 4.9678e-01 | Valid loss: 4.5687e-01 | Train acc: 0.8665 ± 0.0000 | Valid acc: 0.9134 ± 0.0000 | Valid Power: 0.0029 | Train Power: 0.0030 | patience:  29 | lr: 0.025 | Epoch time: 0.1 |

2024-09-09 04:09:19,612 - INFO -
| Epoch:    870 | Train loss: 4.9656e-01 | Valid loss: 4.5558e-01 | Train acc: 0.8665 ± 0.0000 | Valid acc: 0.9134 ± 0.0000 | Valid Power: 0.0029 | Train Power: 0.0030 | patience:  39 | lr: 0.025 | Epoch time: 0.1 |

2024-09-09 04:09:20,827 - INFO -
| Epoch:    880 | Train loss: 4.9628e-01 | Valid loss: 4.5565e-01 | Train acc: 0.8665 ± 0.0000 | Valid acc: 0.9134 ± 0.0000 | Valid Power: 0.0029 | Train Power: 0.0030 | patience:  49 | lr: 0.025 | Epoch time: 0.1 |

2024-09-09 04:09:22,133 - INFO -
| Epoch:    890 | Train loss: 4.9594e-01 | Valid loss: 4.5590e-01 | Train acc: 0.8665 ± 0.0000 | Valid acc: 0.9134 ± 0.0000 | Valid Power: 0.0029 | Train Power: 0.0030 | patience:  59 | lr: 0.025 | Epoch time: 0.1 |

2024-09-09 04:09:23,349 - INFO -
| Epoch:    900 | Train loss: 4.9558e-01 | Valid loss: 4.5673e-01 | Train acc: 0.8665 ± 0.0000 | Valid acc: 0.9134 ± 0.0000 | Valid Power: 0.0029 | Train Power: 0.0030 | patience:  69 | lr: 0.025 | Epoch time: 0.1 |

2024-09-09 04:09:24,568 - INFO -
| Epoch:    910 | Train loss: 4.9525e-01 | Valid loss: 4.5712e-01 | Train acc: 0.8665 ± 0.0000 | Valid acc: 0.9134 ± 0.0000 | Valid Power: 0.0029 | Train Power: 0.0030 | patience:  79 | lr: 0.025 | Epoch time: 0.1 |

2024-09-09 04:09:25,754 - INFO -
| Epoch:    920 | Train loss: 4.9494e-01 | Valid loss: 4.5769e-01 | Train acc: 0.8665 ± 0.0000 | Valid acc: 0.9134 ± 0.0000 | Valid Power: 0.0029 | Train Power: 0.0030 | patience:  89 | lr: 0.025 | Epoch time: 0.1 |

2024-09-09 04:09:26,929 - INFO -
| Epoch:    930 | Train loss: 4.9466e-01 | Valid loss: 4.5782e-01 | Train acc: 0.8665 ± 0.0000 | Valid acc: 0.9134 ± 0.0000 | Valid Power: 0.0029 | Train Power: 0.0030 | patience:  99 | lr: 0.025 | Epoch time: 0.1 |

2024-09-09 04:09:27,168 - INFO -
load best network to warm start training with lower lr.

2024-09-09 04:09:27,168 - INFO -
lr update to 0.0125.

2024-09-09 04:09:28,110 - INFO -
| Epoch:    940 | Train loss: 4.9756e-01 | Valid loss: 4.5944e-01 | Train acc: 0.8665 ± 0.0000 | Valid acc: 0.9134 ± 0.0000 | Valid Power: 0.0029 | Train Power: 0.0030 | patience:   8 | lr: 0.0125 | Epoch time: 0.1 |

2024-09-09 04:09:29,282 - INFO -
| Epoch:    950 | Train loss: 4.9724e-01 | Valid loss: 4.5341e-01 | Train acc: 0.8665 ± 0.0000 | Valid acc: 0.9134 ± 0.0000 | Valid Power: 0.0029 | Train Power: 0.0030 | patience:  18 | lr: 0.0125 | Epoch time: 0.1 |

2024-09-09 04:09:30,454 - INFO -
| Epoch:    960 | Train loss: 4.9704e-01 | Valid loss: 4.5692e-01 | Train acc: 0.8665 ± 0.0000 | Valid acc: 0.9134 ± 0.0000 | Valid Power: 0.0029 | Train Power: 0.0030 | patience:  28 | lr: 0.0125 | Epoch time: 0.1 |

2024-09-09 04:09:31,634 - INFO -
| Epoch:    970 | Train loss: 4.9689e-01 | Valid loss: 4.5527e-01 | Train acc: 0.8665 ± 0.0000 | Valid acc: 0.9134 ± 0.0000 | Valid Power: 0.0029 | Train Power: 0.0030 | patience:  38 | lr: 0.0125 | Epoch time: 0.1 |

2024-09-09 04:09:32,805 - INFO -
| Epoch:    980 | Train loss: 4.9675e-01 | Valid loss: 4.5607e-01 | Train acc: 0.8665 ± 0.0000 | Valid acc: 0.9134 ± 0.0000 | Valid Power: 0.0029 | Train Power: 0.0030 | patience:  48 | lr: 0.0125 | Epoch time: 0.1 |

2024-09-09 04:09:33,977 - INFO -
| Epoch:    990 | Train loss: 4.9661e-01 | Valid loss: 4.5606e-01 | Train acc: 0.8665 ± 0.0000 | Valid acc: 0.9134 ± 0.0000 | Valid Power: 0.0029 | Train Power: 0.0030 | patience:  58 | lr: 0.0125 | Epoch time: 0.1 |

2024-09-09 04:09:35,143 - INFO -
| Epoch:   1000 | Train loss: 4.9646e-01 | Valid loss: 4.5575e-01 | Train acc: 0.8665 ± 0.0000 | Valid acc: 0.9134 ± 0.0000 | Valid Power: 0.0029 | Train Power: 0.0030 | patience:  68 | lr: 0.0125 | Epoch time: 0.1 |

2024-09-09 04:09:36,314 - INFO -
| Epoch:   1010 | Train loss: 4.9629e-01 | Valid loss: 4.5591e-01 | Train acc: 0.8665 ± 0.0000 | Valid acc: 0.9134 ± 0.0000 | Valid Power: 0.0029 | Train Power: 0.0030 | patience:  78 | lr: 0.0125 | Epoch time: 0.1 |

2024-09-09 04:09:37,460 - INFO -
| Epoch:   1020 | Train loss: 4.9609e-01 | Valid loss: 4.5583e-01 | Train acc: 0.8665 ± 0.0000 | Valid acc: 0.9134 ± 0.0000 | Valid Power: 0.0029 | Train Power: 0.0030 | patience:  88 | lr: 0.0125 | Epoch time: 0.1 |

2024-09-09 04:09:38,599 - INFO -
| Epoch:   1030 | Train loss: 4.9588e-01 | Valid loss: 4.5599e-01 | Train acc: 0.8665 ± 0.0000 | Valid acc: 0.9134 ± 0.0000 | Valid Power: 0.0029 | Train Power: 0.0030 | patience:  98 | lr: 0.0125 | Epoch time: 0.1 |

2024-09-09 04:09:38,945 - INFO -
load best network to warm start training with lower lr.

2024-09-09 04:09:38,945 - INFO -
lr update to 0.00625.

2024-09-09 04:09:39,833 - INFO -
| Epoch:   1040 | Train loss: 4.9730e-01 | Valid loss: 4.5613e-01 | Train acc: 0.8665 ± 0.0000 | Valid acc: 0.9134 ± 0.0000 | Valid Power: 0.0029 | Train Power: 0.0030 | patience:   7 | lr: 0.00625 | Epoch time: 0.1 |

2024-09-09 04:09:40,972 - INFO -
| Epoch:   1050 | Train loss: 4.9732e-01 | Valid loss: 4.5693e-01 | Train acc: 0.8665 ± 0.0000 | Valid acc: 0.9134 ± 0.0000 | Valid Power: 0.0029 | Train Power: 0.0030 | patience:  17 | lr: 0.00625 | Epoch time: 0.1 |

2024-09-09 04:09:42,112 - INFO -
| Epoch:   1060 | Train loss: 4.9720e-01 | Valid loss: 4.5394e-01 | Train acc: 0.8665 ± 0.0000 | Valid acc: 0.9134 ± 0.0000 | Valid Power: 0.0029 | Train Power: 0.0030 | patience:  27 | lr: 0.00625 | Epoch time: 0.1 |

2024-09-09 04:09:43,218 - INFO -
| Epoch:   1070 | Train loss: 4.9710e-01 | Valid loss: 4.5596e-01 | Train acc: 0.8665 ± 0.0000 | Valid acc: 0.9134 ± 0.0000 | Valid Power: 0.0029 | Train Power: 0.0030 | patience:  37 | lr: 0.00625 | Epoch time: 0.1 |

2024-09-09 04:09:44,326 - INFO -
| Epoch:   1080 | Train loss: 4.9702e-01 | Valid loss: 4.5567e-01 | Train acc: 0.8665 ± 0.0000 | Valid acc: 0.9134 ± 0.0000 | Valid Power: 0.0029 | Train Power: 0.0030 | patience:  47 | lr: 0.00625 | Epoch time: 0.1 |

2024-09-09 04:09:45,457 - INFO -
| Epoch:   1090 | Train loss: 4.9695e-01 | Valid loss: 4.5551e-01 | Train acc: 0.8665 ± 0.0000 | Valid acc: 0.9134 ± 0.0000 | Valid Power: 0.0029 | Train Power: 0.0030 | patience:  57 | lr: 0.00625 | Epoch time: 0.1 |

2024-09-09 04:09:46,521 - INFO -
| Epoch:   1100 | Train loss: 4.9688e-01 | Valid loss: 4.5593e-01 | Train acc: 0.8665 ± 0.0000 | Valid acc: 0.9134 ± 0.0000 | Valid Power: 0.0029 | Train Power: 0.0030 | patience:  67 | lr: 0.00625 | Epoch time: 0.1 |

2024-09-09 04:09:47,597 - INFO -
| Epoch:   1110 | Train loss: 4.9680e-01 | Valid loss: 4.5570e-01 | Train acc: 0.8665 ± 0.0000 | Valid acc: 0.9134 ± 0.0000 | Valid Power: 0.0029 | Train Power: 0.0030 | patience:  77 | lr: 0.00625 | Epoch time: 0.1 |

2024-09-09 04:09:48,659 - INFO -
| Epoch:   1120 | Train loss: 4.9673e-01 | Valid loss: 4.5590e-01 | Train acc: 0.8665 ± 0.0000 | Valid acc: 0.9134 ± 0.0000 | Valid Power: 0.0029 | Train Power: 0.0030 | patience:  87 | lr: 0.00625 | Epoch time: 0.1 |

2024-09-09 04:09:49,785 - INFO -
| Epoch:   1130 | Train loss: 4.9665e-01 | Valid loss: 4.5580e-01 | Train acc: 0.8665 ± 0.0000 | Valid acc: 0.9134 ± 0.0000 | Valid Power: 0.0029 | Train Power: 0.0030 | patience:  97 | lr: 0.00625 | Epoch time: 0.1 |

2024-09-09 04:09:50,213 - INFO -
load best network to warm start training with lower lr.

2024-09-09 04:09:50,213 - INFO -
lr update to 0.003125.

2024-09-09 04:09:50,853 - INFO -
| Epoch:   1140 | Train loss: 4.9764e-01 | Valid loss: 4.5194e-01 | Train acc: 0.8665 ± 0.0000 | Valid acc: 0.9134 ± 0.0000 | Valid Power: 0.0029 | Train Power: 0.0030 | patience:   6 | lr: 0.003125 | Epoch time: 0.1 |

2024-09-09 04:09:51,912 - INFO -
| Epoch:   1150 | Train loss: 4.9731e-01 | Valid loss: 4.5642e-01 | Train acc: 0.8665 ± 0.0000 | Valid acc: 0.9134 ± 0.0000 | Valid Power: 0.0029 | Train Power: 0.0030 | patience:  16 | lr: 0.003125 | Epoch time: 0.1 |

2024-09-09 04:09:52,986 - INFO -
| Epoch:   1160 | Train loss: 4.9731e-01 | Valid loss: 4.5673e-01 | Train acc: 0.8665 ± 0.0000 | Valid acc: 0.9134 ± 0.0000 | Valid Power: 0.0029 | Train Power: 0.0030 | patience:  26 | lr: 0.003125 | Epoch time: 0.1 |

2024-09-09 04:09:54,053 - INFO -
| Epoch:   1170 | Train loss: 4.9722e-01 | Valid loss: 4.5510e-01 | Train acc: 0.8665 ± 0.0000 | Valid acc: 0.9134 ± 0.0000 | Valid Power: 0.0029 | Train Power: 0.0030 | patience:  36 | lr: 0.003125 | Epoch time: 0.1 |

2024-09-09 04:09:55,128 - INFO -
| Epoch:   1180 | Train loss: 4.9719e-01 | Valid loss: 4.5471e-01 | Train acc: 0.8665 ± 0.0000 | Valid acc: 0.9134 ± 0.0000 | Valid Power: 0.0029 | Train Power: 0.0030 | patience:  46 | lr: 0.003125 | Epoch time: 0.1 |

2024-09-09 04:09:56,172 - INFO -
| Epoch:   1190 | Train loss: 4.9714e-01 | Valid loss: 4.5542e-01 | Train acc: 0.8665 ± 0.0000 | Valid acc: 0.9134 ± 0.0000 | Valid Power: 0.0029 | Train Power: 0.0030 | patience:  56 | lr: 0.003125 | Epoch time: 0.1 |

2024-09-09 04:09:57,209 - INFO -
| Epoch:   1200 | Train loss: 4.9710e-01 | Valid loss: 4.5565e-01 | Train acc: 0.8665 ± 0.0000 | Valid acc: 0.9134 ± 0.0000 | Valid Power: 0.0029 | Train Power: 0.0030 | patience:  66 | lr: 0.003125 | Epoch time: 0.1 |

2024-09-09 04:09:58,244 - INFO -
| Epoch:   1210 | Train loss: 4.9706e-01 | Valid loss: 4.5546e-01 | Train acc: 0.8665 ± 0.0000 | Valid acc: 0.9134 ± 0.0000 | Valid Power: 0.0029 | Train Power: 0.0030 | patience:  76 | lr: 0.003125 | Epoch time: 0.1 |

2024-09-09 04:09:59,278 - INFO -
| Epoch:   1220 | Train loss: 4.9702e-01 | Valid loss: 4.5552e-01 | Train acc: 0.8665 ± 0.0000 | Valid acc: 0.9134 ± 0.0000 | Valid Power: 0.0029 | Train Power: 0.0030 | patience:  86 | lr: 0.003125 | Epoch time: 0.1 |

2024-09-09 04:10:00,316 - INFO -
| Epoch:   1230 | Train loss: 4.9699e-01 | Valid loss: 4.5566e-01 | Train acc: 0.8665 ± 0.0000 | Valid acc: 0.9134 ± 0.0000 | Valid Power: 0.0029 | Train Power: 0.0030 | patience:  96 | lr: 0.003125 | Epoch time: 0.1 |

2024-09-09 04:10:00,848 - INFO -
load best network to warm start training with lower lr.

2024-09-09 04:10:00,849 - INFO -
lr update to 0.0015625.

2024-09-09 04:10:01,368 - INFO -
| Epoch:   1240 | Train loss: 4.9807e-01 | Valid loss: 4.4989e-01 | Train acc: 0.8665 ± 0.0000 | Valid acc: 0.9134 ± 0.0000 | Valid Power: 0.0029 | Train Power: 0.0030 | patience:   5 | lr: 0.0015625 | Epoch time: 0.1 |

2024-09-09 04:10:02,407 - INFO -
| Epoch:   1250 | Train loss: 4.9745e-01 | Valid loss: 4.5257e-01 | Train acc: 0.8665 ± 0.0000 | Valid acc: 0.9134 ± 0.0000 | Valid Power: 0.0029 | Train Power: 0.0030 | patience:  15 | lr: 0.0015625 | Epoch time: 0.1 |

2024-09-09 04:10:03,445 - INFO -
| Epoch:   1260 | Train loss: 4.9730e-01 | Valid loss: 4.5475e-01 | Train acc: 0.8665 ± 0.0000 | Valid acc: 0.9134 ± 0.0000 | Valid Power: 0.0034 | Train Power: 0.0045 | patience:  25 | lr: 0.0015625 | Epoch time: 0.1 |

2024-09-09 04:10:04,480 - INFO -
| Epoch:   1270 | Train loss: 4.9729e-01 | Valid loss: 4.5582e-01 | Train acc: 0.8665 ± 0.0000 | Valid acc: 0.9134 ± 0.0000 | Valid Power: 0.0030 | Train Power: 0.0030 | patience:  35 | lr: 0.0015625 | Epoch time: 0.1 |

2024-09-09 04:10:05,516 - INFO -
| Epoch:   1280 | Train loss: 4.9727e-01 | Valid loss: 4.5581e-01 | Train acc: 0.8665 ± 0.0000 | Valid acc: 0.9134 ± 0.0000 | Valid Power: 0.0030 | Train Power: 0.0030 | patience:  45 | lr: 0.0015625 | Epoch time: 0.1 |

2024-09-09 04:10:06,554 - INFO -
| Epoch:   1290 | Train loss: 4.9725e-01 | Valid loss: 4.5542e-01 | Train acc: 0.8665 ± 0.0000 | Valid acc: 0.9134 ± 0.0000 | Valid Power: 0.0029 | Train Power: 0.0030 | patience:  55 | lr: 0.0015625 | Epoch time: 0.1 |

2024-09-09 04:10:07,654 - INFO -
| Epoch:   1300 | Train loss: 4.9723e-01 | Valid loss: 4.5512e-01 | Train acc: 0.8665 ± 0.0000 | Valid acc: 0.9134 ± 0.0000 | Valid Power: 0.0029 | Train Power: 0.0030 | patience:  65 | lr: 0.0015625 | Epoch time: 0.2 |

2024-09-09 04:10:08,681 - INFO -
| Epoch:   1310 | Train loss: 4.9721e-01 | Valid loss: 4.5511e-01 | Train acc: 0.8665 ± 0.0000 | Valid acc: 0.9134 ± 0.0000 | Valid Power: 0.0029 | Train Power: 0.0030 | patience:  75 | lr: 0.0015625 | Epoch time: 0.1 |

2024-09-09 04:10:09,707 - INFO -
| Epoch:   1320 | Train loss: 4.9720e-01 | Valid loss: 4.5524e-01 | Train acc: 0.8665 ± 0.0000 | Valid acc: 0.9134 ± 0.0000 | Valid Power: 0.0029 | Train Power: 0.0030 | patience:  85 | lr: 0.0015625 | Epoch time: 0.1 |

2024-09-09 04:10:10,734 - INFO -
| Epoch:   1330 | Train loss: 4.9718e-01 | Valid loss: 4.5537e-01 | Train acc: 0.8665 ± 0.0000 | Valid acc: 0.9134 ± 0.0000 | Valid Power: 0.0029 | Train Power: 0.0030 | patience:  95 | lr: 0.0015625 | Epoch time: 0.1 |

2024-09-09 04:10:11,353 - INFO -
load best network to warm start training with lower lr.

2024-09-09 04:10:11,353 - INFO -
lr update to 0.00078125.

2024-09-09 04:10:11,764 - INFO -
| Epoch:   1340 | Train loss: 4.9835e-01 | Valid loss: 4.4906e-01 | Train acc: 0.8665 ± 0.0000 | Valid acc: 0.9134 ± 0.0000 | Valid Power: 0.0029 | Train Power: 0.0030 | patience:   4 | lr: 0.00078125 | Epoch time: 0.1 |

2024-09-09 04:10:12,789 - INFO -
| Epoch:   1350 | Train loss: 4.9787e-01 | Valid loss: 4.5044e-01 | Train acc: 0.8665 ± 0.0000 | Valid acc: 0.9134 ± 0.0000 | Valid Power: 0.0029 | Train Power: 0.0030 | patience:  14 | lr: 0.00078125 | Epoch time: 0.1 |

2024-09-09 04:10:13,818 - INFO -
| Epoch:   1360 | Train loss: 4.9756e-01 | Valid loss: 4.5171e-01 | Train acc: 0.8665 ± 0.0000 | Valid acc: 0.9134 ± 0.0000 | Valid Power: 0.0029 | Train Power: 0.0030 | patience:  24 | lr: 0.00078125 | Epoch time: 0.1 |

2024-09-09 04:10:14,847 - INFO -
| Epoch:   1370 | Train loss: 4.9741e-01 | Valid loss: 4.5282e-01 | Train acc: 0.8665 ± 0.0000 | Valid acc: 0.9134 ± 0.0000 | Valid Power: 0.0029 | Train Power: 0.0030 | patience:  34 | lr: 0.00078125 | Epoch time: 0.1 |

2024-09-09 04:10:15,869 - INFO -
| Epoch:   1380 | Train loss: 4.9733e-01 | Valid loss: 4.5378e-01 | Train acc: 0.8665 ± 0.0000 | Valid acc: 0.9134 ± 0.0000 | Valid Power: 0.0029 | Train Power: 0.0030 | patience:  44 | lr: 0.00078125 | Epoch time: 0.1 |

2024-09-09 04:10:16,888 - INFO -
| Epoch:   1390 | Train loss: 4.9730e-01 | Valid loss: 4.5444e-01 | Train acc: 0.8665 ± 0.0000 | Valid acc: 0.9134 ± 0.0000 | Valid Power: 0.0030 | Train Power: 0.0030 | patience:  54 | lr: 0.00078125 | Epoch time: 0.1 |

2024-09-09 04:10:17,909 - INFO -
| Epoch:   1400 | Train loss: 4.9728e-01 | Valid loss: 4.5484e-01 | Train acc: 0.8665 ± 0.0000 | Valid acc: 0.9134 ± 0.0000 | Valid Power: 0.0030 | Train Power: 0.0030 | patience:  64 | lr: 0.00078125 | Epoch time: 0.1 |

2024-09-09 04:10:18,933 - INFO -
| Epoch:   1410 | Train loss: 4.9727e-01 | Valid loss: 4.5507e-01 | Train acc: 0.8665 ± 0.0000 | Valid acc: 0.9134 ± 0.0000 | Valid Power: 0.0030 | Train Power: 0.0030 | patience:  74 | lr: 0.00078125 | Epoch time: 0.1 |

2024-09-09 04:10:19,956 - INFO -
| Epoch:   1420 | Train loss: 4.9727e-01 | Valid loss: 4.5516e-01 | Train acc: 0.8665 ± 0.0000 | Valid acc: 0.9134 ± 0.0000 | Valid Power: 0.0030 | Train Power: 0.0030 | patience:  84 | lr: 0.00078125 | Epoch time: 0.1 |

2024-09-09 04:10:20,977 - INFO -
| Epoch:   1430 | Train loss: 4.9726e-01 | Valid loss: 4.5519e-01 | Train acc: 0.8665 ± 0.0000 | Valid acc: 0.9134 ± 0.0000 | Valid Power: 0.0030 | Train Power: 0.0030 | patience:  94 | lr: 0.00078125 | Epoch time: 0.1 |

2024-09-09 04:10:21,695 - INFO -
load best network to warm start training with lower lr.

2024-09-09 04:10:21,695 - INFO -
lr update to 0.000390625.

2024-09-09 04:10:22,003 - INFO -
| Epoch:   1440 | Train loss: 4.9848e-01 | Valid loss: 4.4875e-01 | Train acc: 0.8665 ± 0.0000 | Valid acc: 0.9134 ± 0.0000 | Valid Power: 0.0029 | Train Power: 0.0030 | patience:   3 | lr: 0.000390625 | Epoch time: 0.1 |

2024-09-09 04:10:23,100 - INFO -
| Epoch:   1450 | Train loss: 4.9818e-01 | Valid loss: 4.4939e-01 | Train acc: 0.8665 ± 0.0000 | Valid acc: 0.9134 ± 0.0000 | Valid Power: 0.0029 | Train Power: 0.0030 | patience:  13 | lr: 0.000390625 | Epoch time: 0.1 |

2024-09-09 04:10:24,121 - INFO -
| Epoch:   1460 | Train loss: 4.9795e-01 | Valid loss: 4.5006e-01 | Train acc: 0.8665 ± 0.0000 | Valid acc: 0.9134 ± 0.0000 | Valid Power: 0.0029 | Train Power: 0.0030 | patience:  23 | lr: 0.000390625 | Epoch time: 0.1 |

2024-09-09 04:10:25,142 - INFO -
| Epoch:   1470 | Train loss: 4.9777e-01 | Valid loss: 4.5069e-01 | Train acc: 0.8665 ± 0.0000 | Valid acc: 0.9134 ± 0.0000 | Valid Power: 0.0029 | Train Power: 0.0030 | patience:  33 | lr: 0.000390625 | Epoch time: 0.1 |

2024-09-09 04:10:26,162 - INFO -
| Epoch:   1480 | Train loss: 4.9763e-01 | Valid loss: 4.5126e-01 | Train acc: 0.8665 ± 0.0000 | Valid acc: 0.9134 ± 0.0000 | Valid Power: 0.0029 | Train Power: 0.0030 | patience:  43 | lr: 0.000390625 | Epoch time: 0.1 |

2024-09-09 04:10:27,183 - INFO -
| Epoch:   1490 | Train loss: 4.9752e-01 | Valid loss: 4.5184e-01 | Train acc: 0.8665 ± 0.0000 | Valid acc: 0.9134 ± 0.0000 | Valid Power: 0.0029 | Train Power: 0.0030 | patience:  53 | lr: 0.000390625 | Epoch time: 0.1 |

2024-09-09 04:10:28,205 - INFO -
| Epoch:   1500 | Train loss: 4.9745e-01 | Valid loss: 4.5235e-01 | Train acc: 0.8665 ± 0.0000 | Valid acc: 0.9134 ± 0.0000 | Valid Power: 0.0029 | Train Power: 0.0030 | patience:  63 | lr: 0.000390625 | Epoch time: 0.1 |

2024-09-09 04:10:29,223 - INFO -
| Epoch:   1510 | Train loss: 4.9740e-01 | Valid loss: 4.5282e-01 | Train acc: 0.8665 ± 0.0000 | Valid acc: 0.9134 ± 0.0000 | Valid Power: 0.0029 | Train Power: 0.0030 | patience:  73 | lr: 0.000390625 | Epoch time: 0.1 |

2024-09-09 04:10:30,244 - INFO -
| Epoch:   1520 | Train loss: 4.9736e-01 | Valid loss: 4.5323e-01 | Train acc: 0.8665 ± 0.0000 | Valid acc: 0.9134 ± 0.0000 | Valid Power: 0.0029 | Train Power: 0.0030 | patience:  83 | lr: 0.000390625 | Epoch time: 0.1 |

2024-09-09 04:10:31,269 - INFO -
| Epoch:   1530 | Train loss: 4.9734e-01 | Valid loss: 4.5357e-01 | Train acc: 0.8665 ± 0.0000 | Valid acc: 0.9134 ± 0.0000 | Valid Power: 0.0029 | Train Power: 0.0030 | patience:  93 | lr: 0.000390625 | Epoch time: 0.1 |

2024-09-09 04:10:32,150 - INFO -
load best network to warm start training with lower lr.

2024-09-09 04:10:32,151 - INFO -
lr update to 0.0001953125.

2024-09-09 04:10:32,354 - INFO -
| Epoch:   1540 | Train loss: 4.9853e-01 | Valid loss: 4.4863e-01 | Train acc: 0.8665 ± 0.0000 | Valid acc: 0.9134 ± 0.0000 | Valid Power: 0.0029 | Train Power: 0.0030 | patience:   2 | lr: 0.0001953125 | Epoch time: 0.1 |

2024-09-09 04:10:33,373 - INFO -
| Epoch:   1550 | Train loss: 4.9836e-01 | Valid loss: 4.4893e-01 | Train acc: 0.8665 ± 0.0000 | Valid acc: 0.9134 ± 0.0000 | Valid Power: 0.0029 | Train Power: 0.0030 | patience:  12 | lr: 0.0001953125 | Epoch time: 0.1 |

2024-09-09 04:10:34,391 - INFO -
| Epoch:   1560 | Train loss: 4.9822e-01 | Valid loss: 4.4925e-01 | Train acc: 0.8665 ± 0.0000 | Valid acc: 0.9134 ± 0.0000 | Valid Power: 0.0029 | Train Power: 0.0030 | patience:  22 | lr: 0.0001953125 | Epoch time: 0.1 |

2024-09-09 04:10:35,410 - INFO -
| Epoch:   1570 | Train loss: 4.9809e-01 | Valid loss: 4.4957e-01 | Train acc: 0.8665 ± 0.0000 | Valid acc: 0.9134 ± 0.0000 | Valid Power: 0.0029 | Train Power: 0.0030 | patience:  32 | lr: 0.0001953125 | Epoch time: 0.1 |

2024-09-09 04:10:36,425 - INFO -
| Epoch:   1580 | Train loss: 4.9798e-01 | Valid loss: 4.4989e-01 | Train acc: 0.8665 ± 0.0000 | Valid acc: 0.9134 ± 0.0000 | Valid Power: 0.0029 | Train Power: 0.0030 | patience:  42 | lr: 0.0001953125 | Epoch time: 0.1 |

2024-09-09 04:10:37,453 - INFO -
| Epoch:   1590 | Train loss: 4.9789e-01 | Valid loss: 4.5020e-01 | Train acc: 0.8665 ± 0.0000 | Valid acc: 0.9134 ± 0.0000 | Valid Power: 0.0029 | Train Power: 0.0030 | patience:  52 | lr: 0.0001953125 | Epoch time: 0.1 |

2024-09-09 04:10:38,472 - INFO -
| Epoch:   1600 | Train loss: 4.9781e-01 | Valid loss: 4.5050e-01 | Train acc: 0.8665 ± 0.0000 | Valid acc: 0.9134 ± 0.0000 | Valid Power: 0.0029 | Train Power: 0.0030 | patience:  62 | lr: 0.0001953125 | Epoch time: 0.1 |

2024-09-09 04:10:39,493 - INFO -
| Epoch:   1610 | Train loss: 4.9773e-01 | Valid loss: 4.5078e-01 | Train acc: 0.8665 ± 0.0000 | Valid acc: 0.9134 ± 0.0000 | Valid Power: 0.0029 | Train Power: 0.0030 | patience:  72 | lr: 0.0001953125 | Epoch time: 0.1 |

2024-09-09 04:10:40,510 - INFO -
| Epoch:   1620 | Train loss: 4.9767e-01 | Valid loss: 4.5106e-01 | Train acc: 0.8665 ± 0.0000 | Valid acc: 0.9134 ± 0.0000 | Valid Power: 0.0029 | Train Power: 0.0030 | patience:  82 | lr: 0.0001953125 | Epoch time: 0.1 |

2024-09-09 04:10:41,528 - INFO -
| Epoch:   1630 | Train loss: 4.9761e-01 | Valid loss: 4.5133e-01 | Train acc: 0.8665 ± 0.0000 | Valid acc: 0.9134 ± 0.0000 | Valid Power: 0.0029 | Train Power: 0.0030 | patience:  92 | lr: 0.0001953125 | Epoch time: 0.1 |

2024-09-09 04:10:42,447 - INFO -
load best network to warm start training with lower lr.

2024-09-09 04:10:42,447 - INFO -
lr update to 9.765625e-05.

2024-09-09 04:10:42,447 - INFO -
Early stop.

2024-09-09 04:10:42,453 - INFO -
Training if finished.

2024-09-09 16:19:07,298 - INFO -
Configuration: 
gmin                0.01
gmax                10.0
T                   0.1
m                   0.3
type_nonlinear      normal
act                 tanh
ACT_R1n             12.7865
ACT_R2n             -3.1871
ACT_W1n             -10.4537
ACT_L1n             10.546
ACT_W2n             -5.8496
ACT_L2n             4.2337
S_R1n               -11.7481
S_R2n               -0.3905
S_W1n               -9.169
S_L1n               0.3913
S_W2n               7.2004
S_L2n               15.5558
ReLU_RHn            -1.9557
ReLU_RLn            -20.1581
ReLU_RDn            16.6486
ReLU_RBn            -14.3472
ReLU_Wn             16.655
ReLU_Ln             -21.7591
HS_Rn               -0.3766
HS_Wn               0.5192
HS_Ln               4.6293
NEG_R1n             -7.0846
NEG_R2n             -2.5695
NEG_R3n             16.1542
NEG_W1n             13.8696
NEG_L1n             2.7635
NEG_W2n             1.2674
NEG_L2n             -10.4803
NEG_W3n             -6.4386
NEG_L3n             5.1005
task                normal
DATASET             5
DataPath            ./dataset
InputNoise          0.0
IN_test             0.0
R_train             1
R_test              1
N_time              32
pathnorm            False
hidden              [3]
skipconnection      False
SEED                8
DEVICE              cpu
PATIENCE            500
EPOCH               10000000000
LR                  0.1
PROGRESSIVE         True
LR_PATIENCE         100
LR_DECAY            0.5
LR_MIN              0.0001
metric              acc
SoftEva             True
TIMELIMITATION      71
MODE                nominal
M_train             1
K_train             1
M_test              1
K_test              1
t_test_max          1
integration         MC
N_train             1
e_train             0.0
N_test              100
e_test              0.1
e_fault             2
fault_ratio         0.0
N_fault             50
e_fault_test        0
N_fault_test        50
dropout             0.0
lagrangian_loss     False
rho                 100
powerestimator      none
powerbalance        0.0
estimatorbalance    0.0
pgmin               1e-07
power_ratio         1000
lambda_P            100
areaestimator       none
areabalance         0.0
area_theta          0.15
area_act            30.0
area_neg            22.7
lambda_A            0.001
lnc                 False
projectname         tanh_0_FaultAnalysisNormal
temppath            ./tanh_0_FaultAnalysisNormal/temp/
logfilepath         ./tanh_0_FaultAnalysisNormal/log/
report_freq         10
recording           False
recordpath          ./tanh_0_FaultAnalysisNormal/record/
savepath            ./tanh_0_FaultAnalysisNormal/models/
loglevel            info


2024-09-09 16:19:07,311 - INFO -
Training network on device: cpu.

2024-09-09 16:19:07,312 - INFO -
Training setup: data_05_energyy2_seed_08_epsilon_0.0_dropout_0.0_fault_ratio_0.0.model.

2024-09-09 16:19:07,312 - INFO -
{'dataname': 'energyy2', 'N_feature': 8, 'N_class': 3, 'N_train': 397, 'N_valid': 127, 'N_test': 79}

2024-09-09 16:19:07,312 - INFO -
Training was already finished.

2024-09-11 18:17:01,148 - INFO -
Configuration: 
gmin                0.01
gmax                10.0
T                   0.1
m                   0.3
type_nonlinear      normal
act                 tanh
ACT_R1n             12.7865
ACT_R2n             -3.1871
ACT_W1n             -10.4537
ACT_L1n             10.546
ACT_W2n             -5.8496
ACT_L2n             4.2337
S_R1n               -11.7481
S_R2n               -0.3905
S_W1n               -9.169
S_L1n               0.3913
S_W2n               7.2004
S_L2n               15.5558
ReLU_RHn            -1.9557
ReLU_RLn            -20.1581
ReLU_RDn            16.6486
ReLU_RBn            -14.3472
ReLU_Wn             16.655
ReLU_Ln             -21.7591
HS_Rn               -0.3766
HS_Wn               0.5192
HS_Ln               4.6293
NEG_R1n             -7.0846
NEG_R2n             -2.5695
NEG_R3n             16.1542
NEG_W1n             13.8696
NEG_L1n             2.7635
NEG_W2n             1.2674
NEG_L2n             -10.4803
NEG_W3n             -6.4386
NEG_L3n             5.1005
task                normal
DATASET             5
DataPath            ./dataset
InputNoise          0.0
IN_test             0.0
R_train             1
R_test              1
N_time              32
pathnorm            False
hidden              [3]
skipconnection      False
SEED                8
DEVICE              cpu
PATIENCE            500
EPOCH               10000000000
LR                  0.1
PROGRESSIVE         True
LR_PATIENCE         100
LR_DECAY            0.5
LR_MIN              0.0001
metric              acc
SoftEva             True
TIMELIMITATION      71
MODE                nominal
M_train             1
K_train             1
M_test              1
K_test              1
t_test_max          1
integration         MC
N_train             1
e_train             0.0
N_test              100
e_test              0.1
e_fault             2
fault_ratio         0.0
N_fault             50
e_fault_test        0
N_fault_test        50
dropout             0.0
lagrangian_loss     False
rho                 100
powerestimator      none
powerbalance        0.0
estimatorbalance    0.0
pgmin               1e-07
power_ratio         1000
lambda_P            100
areaestimator       none
areabalance         0.0
area_theta          0.15
area_act            30.0
area_neg            22.7
lambda_A            0.001
lnc                 False
projectname         tanh_0_FaultAnalysisNormal
temppath            ./tanh_0_FaultAnalysisNormal/temp/
logfilepath         ./tanh_0_FaultAnalysisNormal/log/
report_freq         10
recording           False
recordpath          ./tanh_0_FaultAnalysisNormal/record/
savepath            ./tanh_0_FaultAnalysisNormal/models/
loglevel            info


2024-09-11 18:17:01,167 - INFO -
Training network on device: cpu.

2024-09-11 18:17:01,167 - INFO -
Training setup: data_05_energyy2_seed_08_epsilon_0.0_dropout_0.0_fault_ratio_0.0.model.

2024-09-11 18:17:01,167 - INFO -
{'dataname': 'energyy2', 'N_feature': 8, 'N_class': 3, 'N_train': 397, 'N_valid': 127, 'N_test': 79}

2024-09-11 18:17:01,172 - INFO -
Training was already finished.

2024-09-12 04:38:03,736 - INFO -
Configuration: 
gmin                0.01
gmax                10.0
T                   0.1
m                   0.3
type_nonlinear      normal
act                 tanh
ACT_R1n             12.7865
ACT_R2n             -3.1871
ACT_W1n             -10.4537
ACT_L1n             10.546
ACT_W2n             -5.8496
ACT_L2n             4.2337
S_R1n               -11.7481
S_R2n               -0.3905
S_W1n               -9.169
S_L1n               0.3913
S_W2n               7.2004
S_L2n               15.5558
ReLU_RHn            -1.9557
ReLU_RLn            -20.1581
ReLU_RDn            16.6486
ReLU_RBn            -14.3472
ReLU_Wn             16.655
ReLU_Ln             -21.7591
HS_Rn               -0.3766
HS_Wn               0.5192
HS_Ln               4.6293
NEG_R1n             -7.0846
NEG_R2n             -2.5695
NEG_R3n             16.1542
NEG_W1n             13.8696
NEG_L1n             2.7635
NEG_W2n             1.2674
NEG_L2n             -10.4803
NEG_W3n             -6.4386
NEG_L3n             5.1005
task                normal
DATASET             5
DataPath            ./dataset
InputNoise          0.0
IN_test             0.0
R_train             1
R_test              1
N_time              32
pathnorm            False
hidden              [3]
skipconnection      False
SEED                8
DEVICE              cpu
PATIENCE            500
EPOCH               10000000000
LR                  0.1
PROGRESSIVE         True
LR_PATIENCE         100
LR_DECAY            0.5
LR_MIN              0.0001
metric              acc
SoftEva             True
TIMELIMITATION      71
MODE                nominal
M_train             1
K_train             1
M_test              1
K_test              1
t_test_max          1
integration         MC
N_train             1
e_train             0.0
N_test              100
e_test              0.1
e_fault             2
fault_ratio         0.0
N_fault             50
e_fault_test        0
N_fault_test        50
dropout             0.0
lagrangian_loss     False
rho                 100
powerestimator      none
powerbalance        0.0
estimatorbalance    0.0
pgmin               1e-07
power_ratio         1000
lambda_P            100
areaestimator       none
areabalance         0.0
area_theta          0.15
area_act            30.0
area_neg            22.7
lambda_A            0.001
lnc                 False
projectname         tanh_0_FaultAnalysisNormal
temppath            ./tanh_0_FaultAnalysisNormal/temp/
logfilepath         ./tanh_0_FaultAnalysisNormal/log/
report_freq         10
recording           False
recordpath          ./tanh_0_FaultAnalysisNormal/record/
savepath            ./tanh_0_FaultAnalysisNormal/models/
loglevel            info


2024-09-12 04:38:03,754 - INFO -
Training network on device: cpu.

2024-09-12 04:38:03,755 - INFO -
Training setup: data_05_energyy2_seed_08_epsilon_0.0_dropout_0.0_fault_ratio_0.0.model.

2024-09-12 04:38:03,755 - INFO -
{'dataname': 'energyy2', 'N_feature': 8, 'N_class': 3, 'N_train': 397, 'N_valid': 127, 'N_test': 79}

2024-09-12 04:38:03,756 - INFO -
Training was already finished.

