2024-09-09 23:57:34,846 - INFO -
Configuration: 
gmin                0.01
gmax                10.0
T                   0.1
m                   0.3
type_nonlinear      normal
act                 tanh
ACT_R1n             12.7865
ACT_R2n             -3.1871
ACT_W1n             -10.4537
ACT_L1n             10.546
ACT_W2n             -5.8496
ACT_L2n             4.2337
S_R1n               -11.7481
S_R2n               -0.3905
S_W1n               -9.169
S_L1n               0.3913
S_W2n               7.2004
S_L2n               15.5558
ReLU_RHn            -1.9557
ReLU_RLn            -20.1581
ReLU_RDn            16.6486
ReLU_RBn            -14.3472
ReLU_Wn             16.655
ReLU_Ln             -21.7591
HS_Rn               -0.3766
HS_Wn               0.5192
HS_Ln               4.6293
NEG_R1n             -7.0846
NEG_R2n             -2.5695
NEG_R3n             16.1542
NEG_W1n             13.8696
NEG_L1n             2.7635
NEG_W2n             1.2674
NEG_L2n             -10.4803
NEG_W3n             -6.4386
NEG_L3n             5.1005
task                normal
DATASET             8
DataPath            ./dataset
InputNoise          0.0
IN_test             0.0
R_train             1
R_test              1
N_time              32
pathnorm            False
hidden              [3]
skipconnection      False
SEED                9
DEVICE              cpu
PATIENCE            500
EPOCH               10000000000
LR                  0.1
PROGRESSIVE         True
LR_PATIENCE         100
LR_DECAY            0.5
LR_MIN              0.0001
metric              acc
SoftEva             True
TIMELIMITATION      71
MODE                nominal
M_train             1
K_train             1
M_test              1
K_test              1
t_test_max          1
integration         MC
N_train             1
e_train             0.0
N_test              100
e_test              0.1
e_fault             2
fault_ratio         0.0
N_fault             50
e_fault_test        0
N_fault_test        50
dropout             0.0
lagrangian_loss     False
rho                 100
powerestimator      none
powerbalance        0.0
estimatorbalance    0.0
pgmin               1e-07
power_ratio         1000
lambda_P            100
areaestimator       none
areabalance         0.0
area_theta          0.15
area_act            30.0
area_neg            22.7
lambda_A            0.001
lnc                 False
projectname         tanh_0_FaultAnalysisNormal
temppath            ./tanh_0_FaultAnalysisNormal/temp/
logfilepath         ./tanh_0_FaultAnalysisNormal/log/
report_freq         10
recording           False
recordpath          ./tanh_0_FaultAnalysisNormal/record/
savepath            ./tanh_0_FaultAnalysisNormal/models/
loglevel            info


2024-09-09 23:57:34,846 - INFO -
Training network on device: cpu.

2024-09-09 23:57:34,846 - INFO -
Training setup: data_08_pendigits_seed_09_epsilon_0.0_dropout_0.0_fault_ratio_0.0.model.

2024-09-09 23:57:34,846 - INFO -
{'dataname': 'pendigits', 'N_feature': 16, 'N_class': 10, 'N_train': 397, 'N_valid': 127, 'N_test': 79}

2024-09-09 23:57:34,847 - INFO -
Topology of the network: [16, 3, 10].

2024-09-09 23:57:36,610 - INFO -
| Epoch:      0 | Train loss: 2.3026e+00 | Valid loss: 2.3069e+00 | Train acc: 0.1134 ± 0.0000 | Valid acc: 0.0787 ± 0.0000 | Valid Power: 0.0016 | Train Power: 0.0010 | patience:   0 | lr: 0.1 | Epoch time: 0.2 |

2024-09-09 23:57:38,573 - INFO -
| Epoch:     10 | Train loss: 2.1501e+00 | Valid loss: 2.1665e+00 | Train acc: 0.2720 ± 0.0000 | Valid acc: 0.2283 ± 0.0000 | Valid Power: 0.0017 | Train Power: 0.0019 | patience:   0 | lr: 0.1 | Epoch time: 0.2 |

2024-09-09 23:57:40,561 - INFO -
| Epoch:     20 | Train loss: 1.8848e+00 | Valid loss: 1.8963e+00 | Train acc: 0.4584 ± 0.0000 | Valid acc: 0.3937 ± 0.0000 | Valid Power: 0.0018 | Train Power: 0.0018 | patience:   0 | lr: 0.1 | Epoch time: 0.2 |

2024-09-09 23:57:42,651 - INFO -
| Epoch:     30 | Train loss: 1.7896e+00 | Valid loss: 1.7738e+00 | Train acc: 0.4030 ± 0.0000 | Valid acc: 0.4173 ± 0.0000 | Valid Power: 0.0062 | Train Power: 0.0018 | patience:   0 | lr: 0.1 | Epoch time: 0.2 |

2024-09-09 23:57:44,625 - INFO -
| Epoch:     40 | Train loss: 1.7465e+00 | Valid loss: 1.7191e+00 | Train acc: 0.4383 ± 0.0000 | Valid acc: 0.4803 ± 0.0000 | Valid Power: 0.0018 | Train Power: 0.0018 | patience:   0 | lr: 0.1 | Epoch time: 0.2 |

2024-09-09 23:57:46,596 - INFO -
| Epoch:     50 | Train loss: 1.6842e+00 | Valid loss: 1.6793e+00 | Train acc: 0.4559 ± 0.0000 | Valid acc: 0.5039 ± 0.0000 | Valid Power: 0.0026 | Train Power: 0.0038 | patience:   0 | lr: 0.1 | Epoch time: 0.2 |

2024-09-09 23:57:48,556 - INFO -
| Epoch:     60 | Train loss: 1.6501e+00 | Valid loss: 1.6445e+00 | Train acc: 0.4534 ± 0.0000 | Valid acc: 0.5039 ± 0.0000 | Valid Power: 0.0018 | Train Power: 0.0020 | patience:   0 | lr: 0.1 | Epoch time: 0.2 |

2024-09-09 23:57:50,532 - INFO -
| Epoch:     70 | Train loss: 1.6527e+00 | Valid loss: 1.6750e+00 | Train acc: 0.4207 ± 0.0000 | Valid acc: 0.4331 ± 0.0000 | Valid Power: 0.0028 | Train Power: 0.0022 | patience:   6 | lr: 0.1 | Epoch time: 0.2 |

2024-09-09 23:57:52,502 - INFO -
| Epoch:     80 | Train loss: 1.6082e+00 | Valid loss: 1.5848e+00 | Train acc: 0.4610 ± 0.0000 | Valid acc: 0.5118 ± 0.0000 | Valid Power: 0.0018 | Train Power: 0.0018 | patience:   0 | lr: 0.1 | Epoch time: 0.2 |

2024-09-09 23:57:54,451 - INFO -
| Epoch:     90 | Train loss: 1.5924e+00 | Valid loss: 1.6158e+00 | Train acc: 0.4106 ± 0.0000 | Valid acc: 0.4331 ± 0.0000 | Valid Power: 0.0017 | Train Power: 0.0020 | patience:  10 | lr: 0.1 | Epoch time: 0.2 |

2024-09-09 23:57:56,536 - INFO -
| Epoch:    100 | Train loss: 1.5222e+00 | Valid loss: 1.5573e+00 | Train acc: 0.4559 ± 0.0000 | Valid acc: 0.4724 ± 0.0000 | Valid Power: 0.0018 | Train Power: 0.0018 | patience:   0 | lr: 0.1 | Epoch time: 0.2 |

2024-09-09 23:57:58,510 - INFO -
| Epoch:    110 | Train loss: 1.4879e+00 | Valid loss: 1.5157e+00 | Train acc: 0.4761 ± 0.0000 | Valid acc: 0.4803 ± 0.0000 | Valid Power: 0.0018 | Train Power: 0.0019 | patience:   1 | lr: 0.1 | Epoch time: 0.2 |

2024-09-09 23:58:00,469 - INFO -
| Epoch:    120 | Train loss: 1.5371e+00 | Valid loss: 1.5108e+00 | Train acc: 0.4131 ± 0.0000 | Valid acc: 0.5118 ± 0.0000 | Valid Power: 0.0018 | Train Power: 0.0018 | patience:   2 | lr: 0.1 | Epoch time: 0.2 |

2024-09-09 23:58:02,426 - INFO -
| Epoch:    130 | Train loss: 1.4752e+00 | Valid loss: 1.4704e+00 | Train acc: 0.4131 ± 0.0000 | Valid acc: 0.5197 ± 0.0000 | Valid Power: 0.0030 | Train Power: 0.0019 | patience:   1 | lr: 0.1 | Epoch time: 0.2 |

2024-09-09 23:58:04,389 - INFO -
| Epoch:    140 | Train loss: 1.4875e+00 | Valid loss: 1.4814e+00 | Train acc: 0.4207 ± 0.0000 | Valid acc: 0.5118 ± 0.0000 | Valid Power: 0.0021 | Train Power: 0.0021 | patience:  11 | lr: 0.1 | Epoch time: 0.2 |

2024-09-09 23:58:06,332 - INFO -
| Epoch:    150 | Train loss: 1.4471e+00 | Valid loss: 1.4784e+00 | Train acc: 0.4307 ± 0.0000 | Valid acc: 0.5118 ± 0.0000 | Valid Power: 0.0026 | Train Power: 0.0019 | patience:  21 | lr: 0.1 | Epoch time: 0.2 |

2024-09-09 23:58:08,288 - INFO -
| Epoch:    160 | Train loss: 1.4252e+00 | Valid loss: 1.4573e+00 | Train acc: 0.4635 ± 0.0000 | Valid acc: 0.5197 ± 0.0000 | Valid Power: 0.0019 | Train Power: 0.0019 | patience:   1 | lr: 0.1 | Epoch time: 0.2 |

2024-09-09 23:58:10,248 - INFO -
| Epoch:    170 | Train loss: 1.4857e+00 | Valid loss: 1.4638e+00 | Train acc: 0.4509 ± 0.0000 | Valid acc: 0.5276 ± 0.0000 | Valid Power: 0.0019 | Train Power: 0.0019 | patience:   4 | lr: 0.1 | Epoch time: 0.2 |

2024-09-09 23:58:12,199 - INFO -
| Epoch:    180 | Train loss: 1.4230e+00 | Valid loss: 1.4839e+00 | Train acc: 0.4836 ± 0.0000 | Valid acc: 0.5197 ± 0.0000 | Valid Power: 0.0033 | Train Power: 0.0020 | patience:   8 | lr: 0.1 | Epoch time: 0.2 |

2024-09-09 23:58:14,272 - INFO -
| Epoch:    190 | Train loss: 1.4602e+00 | Valid loss: 1.4926e+00 | Train acc: 0.4257 ± 0.0000 | Valid acc: 0.4803 ± 0.0000 | Valid Power: 0.0019 | Train Power: 0.0019 | patience:   7 | lr: 0.1 | Epoch time: 0.2 |

2024-09-09 23:58:16,220 - INFO -
| Epoch:    200 | Train loss: 1.4166e+00 | Valid loss: 1.4329e+00 | Train acc: 0.4962 ± 0.0000 | Valid acc: 0.5197 ± 0.0000 | Valid Power: 0.0018 | Train Power: 0.0018 | patience:   1 | lr: 0.1 | Epoch time: 0.2 |

2024-09-09 23:58:18,170 - INFO -
| Epoch:    210 | Train loss: 1.4107e+00 | Valid loss: 1.4219e+00 | Train acc: 0.5214 ± 0.0000 | Valid acc: 0.5669 ± 0.0000 | Valid Power: 0.0019 | Train Power: 0.0019 | patience:  11 | lr: 0.1 | Epoch time: 0.2 |

2024-09-09 23:58:20,123 - INFO -
| Epoch:    220 | Train loss: 1.4496e+00 | Valid loss: 1.4066e+00 | Train acc: 0.4685 ± 0.0000 | Valid acc: 0.5669 ± 0.0000 | Valid Power: 0.0020 | Train Power: 0.0019 | patience:   0 | lr: 0.1 | Epoch time: 0.2 |

2024-09-09 23:58:22,068 - INFO -
| Epoch:    230 | Train loss: 1.4185e+00 | Valid loss: 1.4547e+00 | Train acc: 0.4836 ± 0.0000 | Valid acc: 0.5591 ± 0.0000 | Valid Power: 0.0021 | Train Power: 0.0025 | patience:  10 | lr: 0.1 | Epoch time: 0.2 |

2024-09-09 23:58:24,113 - INFO -
| Epoch:    240 | Train loss: 1.4142e+00 | Valid loss: 1.4637e+00 | Train acc: 0.5063 ± 0.0000 | Valid acc: 0.5197 ± 0.0000 | Valid Power: 0.0019 | Train Power: 0.0019 | patience:  20 | lr: 0.1 | Epoch time: 0.2 |

2024-09-09 23:58:26,074 - INFO -
| Epoch:    250 | Train loss: 1.4154e+00 | Valid loss: 1.4203e+00 | Train acc: 0.4786 ± 0.0000 | Valid acc: 0.5354 ± 0.0000 | Valid Power: 0.0019 | Train Power: 0.0019 | patience:  30 | lr: 0.1 | Epoch time: 0.2 |

2024-09-09 23:58:28,021 - INFO -
| Epoch:    260 | Train loss: 1.4062e+00 | Valid loss: 1.4462e+00 | Train acc: 0.4912 ± 0.0000 | Valid acc: 0.5591 ± 0.0000 | Valid Power: 0.0019 | Train Power: 0.0018 | patience:   9 | lr: 0.1 | Epoch time: 0.2 |

2024-09-09 23:58:29,973 - INFO -
| Epoch:    270 | Train loss: 1.4463e+00 | Valid loss: 1.4495e+00 | Train acc: 0.5264 ± 0.0000 | Valid acc: 0.5512 ± 0.0000 | Valid Power: 0.0019 | Train Power: 0.0019 | patience:   3 | lr: 0.1 | Epoch time: 0.2 |

2024-09-09 23:58:31,920 - INFO -
| Epoch:    280 | Train loss: 1.4614e+00 | Valid loss: 1.4968e+00 | Train acc: 0.4987 ± 0.0000 | Valid acc: 0.5433 ± 0.0000 | Valid Power: 0.0019 | Train Power: 0.0019 | patience:  13 | lr: 0.1 | Epoch time: 0.2 |

2024-09-09 23:58:33,868 - INFO -
| Epoch:    290 | Train loss: 1.4173e+00 | Valid loss: 1.4295e+00 | Train acc: 0.5466 ± 0.0000 | Valid acc: 0.5906 ± 0.0000 | Valid Power: 0.0019 | Train Power: 0.0019 | patience:  23 | lr: 0.1 | Epoch time: 0.2 |

2024-09-09 23:58:35,813 - INFO -
| Epoch:    300 | Train loss: 1.3834e+00 | Valid loss: 1.4266e+00 | Train acc: 0.5567 ± 0.0000 | Valid acc: 0.5669 ± 0.0000 | Valid Power: 0.0019 | Train Power: 0.0019 | patience:  33 | lr: 0.1 | Epoch time: 0.2 |

2024-09-09 23:58:37,763 - INFO -
| Epoch:    310 | Train loss: 1.3743e+00 | Valid loss: 1.4215e+00 | Train acc: 0.5592 ± 0.0000 | Valid acc: 0.5748 ± 0.0000 | Valid Power: 0.0019 | Train Power: 0.0019 | patience:  43 | lr: 0.1 | Epoch time: 0.2 |

2024-09-09 23:58:39,710 - INFO -
| Epoch:    320 | Train loss: 1.3717e+00 | Valid loss: 1.4086e+00 | Train acc: 0.5768 ± 0.0000 | Valid acc: 0.5984 ± 0.0000 | Valid Power: 0.0019 | Train Power: 0.0019 | patience:  53 | lr: 0.1 | Epoch time: 0.2 |

2024-09-09 23:58:41,657 - INFO -
| Epoch:    330 | Train loss: 1.3587e+00 | Valid loss: 1.4019e+00 | Train acc: 0.5743 ± 0.0000 | Valid acc: 0.5906 ± 0.0000 | Valid Power: 0.0022 | Train Power: 0.0019 | patience:  63 | lr: 0.1 | Epoch time: 0.2 |

2024-09-09 23:58:43,727 - INFO -
| Epoch:    340 | Train loss: 1.3620e+00 | Valid loss: 1.4190e+00 | Train acc: 0.5718 ± 0.0000 | Valid acc: 0.5984 ± 0.0000 | Valid Power: 0.0019 | Train Power: 0.0020 | patience:  73 | lr: 0.1 | Epoch time: 0.2 |

2024-09-09 23:58:45,676 - INFO -
| Epoch:    350 | Train loss: 1.3739e+00 | Valid loss: 1.4164e+00 | Train acc: 0.5617 ± 0.0000 | Valid acc: 0.5906 ± 0.0000 | Valid Power: 0.0021 | Train Power: 0.0021 | patience:  83 | lr: 0.1 | Epoch time: 0.2 |

2024-09-09 23:58:47,621 - INFO -
| Epoch:    360 | Train loss: 1.3892e+00 | Valid loss: 1.4816e+00 | Train acc: 0.5668 ± 0.0000 | Valid acc: 0.5433 ± 0.0000 | Valid Power: 0.0022 | Train Power: 0.0019 | patience:  93 | lr: 0.1 | Epoch time: 0.2 |

2024-09-09 23:58:49,181 - INFO -
load best network to warm start training with lower lr.

2024-09-09 23:58:49,181 - INFO -
lr update to 0.05.

2024-09-09 23:58:49,570 - INFO -
| Epoch:    370 | Train loss: 1.4077e+00 | Valid loss: 1.4414e+00 | Train acc: 0.5315 ± 0.0000 | Valid acc: 0.5669 ± 0.0000 | Valid Power: 0.0019 | Train Power: 0.0019 | patience:   2 | lr: 0.05 | Epoch time: 0.2 |

2024-09-09 23:58:51,518 - INFO -
| Epoch:    380 | Train loss: 1.4009e+00 | Valid loss: 1.4739e+00 | Train acc: 0.5340 ± 0.0000 | Valid acc: 0.5433 ± 0.0000 | Valid Power: 0.0019 | Train Power: 0.0019 | patience:  12 | lr: 0.05 | Epoch time: 0.2 |

2024-09-09 23:58:53,468 - INFO -
| Epoch:    390 | Train loss: 1.3955e+00 | Valid loss: 1.4270e+00 | Train acc: 0.5315 ± 0.0000 | Valid acc: 0.5591 ± 0.0000 | Valid Power: 0.0019 | Train Power: 0.0019 | patience:  22 | lr: 0.05 | Epoch time: 0.2 |

2024-09-09 23:58:55,493 - INFO -
| Epoch:    400 | Train loss: 1.3896e+00 | Valid loss: 1.4417e+00 | Train acc: 0.5340 ± 0.0000 | Valid acc: 0.5512 ± 0.0000 | Valid Power: 0.0018 | Train Power: 0.0018 | patience:  32 | lr: 0.05 | Epoch time: 0.2 |

2024-09-09 23:58:57,444 - INFO -
| Epoch:    410 | Train loss: 1.3824e+00 | Valid loss: 1.4709e+00 | Train acc: 0.5617 ± 0.0000 | Valid acc: 0.5433 ± 0.0000 | Valid Power: 0.0018 | Train Power: 0.0018 | patience:  42 | lr: 0.05 | Epoch time: 0.2 |

2024-09-09 23:58:59,397 - INFO -
| Epoch:    420 | Train loss: 1.3715e+00 | Valid loss: 1.4466e+00 | Train acc: 0.5693 ± 0.0000 | Valid acc: 0.5748 ± 0.0000 | Valid Power: 0.0019 | Train Power: 0.0019 | patience:  52 | lr: 0.05 | Epoch time: 0.2 |

2024-09-09 23:59:01,352 - INFO -
| Epoch:    430 | Train loss: 1.3634e+00 | Valid loss: 1.4540e+00 | Train acc: 0.5743 ± 0.0000 | Valid acc: 0.5748 ± 0.0000 | Valid Power: 0.0021 | Train Power: 0.0020 | patience:  62 | lr: 0.05 | Epoch time: 0.2 |

2024-09-09 23:59:03,319 - INFO -
| Epoch:    440 | Train loss: 1.3631e+00 | Valid loss: 1.4325e+00 | Train acc: 0.5844 ± 0.0000 | Valid acc: 0.5906 ± 0.0000 | Valid Power: 0.0020 | Train Power: 0.0022 | patience:  72 | lr: 0.05 | Epoch time: 0.2 |

2024-09-09 23:59:05,273 - INFO -
| Epoch:    450 | Train loss: 1.3721e+00 | Valid loss: 1.4052e+00 | Train acc: 0.5743 ± 0.0000 | Valid acc: 0.5906 ± 0.0000 | Valid Power: 0.0020 | Train Power: 0.0019 | patience:  82 | lr: 0.05 | Epoch time: 0.2 |

2024-09-09 23:59:07,224 - INFO -
| Epoch:    460 | Train loss: 1.3621e+00 | Valid loss: 1.3992e+00 | Train acc: 0.5642 ± 0.0000 | Valid acc: 0.6063 ± 0.0000 | Valid Power: 0.0020 | Train Power: 0.0020 | patience:  92 | lr: 0.05 | Epoch time: 0.2 |

2024-09-09 23:59:08,986 - INFO -
load best network to warm start training with lower lr.

2024-09-09 23:59:08,986 - INFO -
lr update to 0.025.

2024-09-09 23:59:09,182 - INFO -
| Epoch:    470 | Train loss: 1.4192e+00 | Valid loss: 1.4098e+00 | Train acc: 0.5340 ± 0.0000 | Valid acc: 0.5906 ± 0.0000 | Valid Power: 0.0019 | Train Power: 0.0019 | patience:   1 | lr: 0.025 | Epoch time: 0.2 |

2024-09-09 23:59:11,135 - INFO -
| Epoch:    480 | Train loss: 1.3830e+00 | Valid loss: 1.4454e+00 | Train acc: 0.5189 ± 0.0000 | Valid acc: 0.5591 ± 0.0000 | Valid Power: 0.0019 | Train Power: 0.0021 | patience:  11 | lr: 0.025 | Epoch time: 0.2 |

2024-09-09 23:59:13,185 - INFO -
| Epoch:    490 | Train loss: 1.3730e+00 | Valid loss: 1.4174e+00 | Train acc: 0.5264 ± 0.0000 | Valid acc: 0.5669 ± 0.0000 | Valid Power: 0.0024 | Train Power: 0.0022 | patience:  21 | lr: 0.025 | Epoch time: 0.2 |

2024-09-09 23:59:15,140 - INFO -
| Epoch:    500 | Train loss: 1.3705e+00 | Valid loss: 1.4383e+00 | Train acc: 0.5239 ± 0.0000 | Valid acc: 0.5354 ± 0.0000 | Valid Power: 0.0020 | Train Power: 0.0020 | patience:  31 | lr: 0.025 | Epoch time: 0.2 |

2024-09-09 23:59:17,100 - INFO -
| Epoch:    510 | Train loss: 1.3727e+00 | Valid loss: 1.4553e+00 | Train acc: 0.5239 ± 0.0000 | Valid acc: 0.5433 ± 0.0000 | Valid Power: 0.0020 | Train Power: 0.0020 | patience:  41 | lr: 0.025 | Epoch time: 0.2 |

2024-09-09 23:59:19,044 - INFO -
| Epoch:    520 | Train loss: 1.3696e+00 | Valid loss: 1.4552e+00 | Train acc: 0.5214 ± 0.0000 | Valid acc: 0.5433 ± 0.0000 | Valid Power: 0.0021 | Train Power: 0.0020 | patience:  51 | lr: 0.025 | Epoch time: 0.2 |

2024-09-09 23:59:20,877 - INFO -
| Epoch:    530 | Train loss: 1.3672e+00 | Valid loss: 1.4420e+00 | Train acc: 0.5264 ± 0.0000 | Valid acc: 0.5433 ± 0.0000 | Valid Power: 0.0021 | Train Power: 0.0020 | patience:  61 | lr: 0.025 | Epoch time: 0.2 |

2024-09-09 23:59:22,789 - INFO -
| Epoch:    540 | Train loss: 1.3660e+00 | Valid loss: 1.4129e+00 | Train acc: 0.5264 ± 0.0000 | Valid acc: 0.5591 ± 0.0000 | Valid Power: 0.0021 | Train Power: 0.0021 | patience:  71 | lr: 0.025 | Epoch time: 0.2 |

2024-09-09 23:59:24,631 - INFO -
| Epoch:    550 | Train loss: 1.3639e+00 | Valid loss: 1.4196e+00 | Train acc: 0.5416 ± 0.0000 | Valid acc: 0.5669 ± 0.0000 | Valid Power: 0.0027 | Train Power: 0.0022 | patience:  81 | lr: 0.025 | Epoch time: 0.2 |

2024-09-09 23:59:26,448 - INFO -
| Epoch:    560 | Train loss: 1.3708e+00 | Valid loss: 1.4215e+00 | Train acc: 0.5365 ± 0.0000 | Valid acc: 0.5669 ± 0.0000 | Valid Power: 0.0026 | Train Power: 0.0024 | patience:  91 | lr: 0.025 | Epoch time: 0.2 |

2024-09-09 23:59:28,261 - INFO -
load best network to warm start training with lower lr.

2024-09-09 23:59:28,262 - INFO -
lr update to 0.0125.

2024-09-09 23:59:28,262 - INFO -
| Epoch:    570 | Train loss: 1.3736e+00 | Valid loss: 1.4216e+00 | Train acc: 0.5290 ± 0.0000 | Valid acc: 0.5433 ± 0.0000 | Valid Power: 0.0028 | Train Power: 0.0022 | patience:   0 | lr: 0.0125 | Epoch time: 0.2 |

2024-09-09 23:59:30,073 - INFO -
| Epoch:    580 | Train loss: 1.3876e+00 | Valid loss: 1.4284e+00 | Train acc: 0.5264 ± 0.0000 | Valid acc: 0.5669 ± 0.0000 | Valid Power: 0.0019 | Train Power: 0.0019 | patience:  10 | lr: 0.0125 | Epoch time: 0.2 |

2024-09-09 23:59:31,898 - INFO -
| Epoch:    590 | Train loss: 1.3797e+00 | Valid loss: 1.4340e+00 | Train acc: 0.5290 ± 0.0000 | Valid acc: 0.5591 ± 0.0000 | Valid Power: 0.0020 | Train Power: 0.0019 | patience:  20 | lr: 0.0125 | Epoch time: 0.2 |

2024-09-09 23:59:33,603 - INFO -
| Epoch:    600 | Train loss: 1.3715e+00 | Valid loss: 1.4380e+00 | Train acc: 0.5340 ± 0.0000 | Valid acc: 0.5748 ± 0.0000 | Valid Power: 0.0022 | Train Power: 0.0021 | patience:  30 | lr: 0.0125 | Epoch time: 0.2 |

2024-09-09 23:59:35,263 - INFO -
| Epoch:    610 | Train loss: 1.3693e+00 | Valid loss: 1.4392e+00 | Train acc: 0.5365 ± 0.0000 | Valid acc: 0.5669 ± 0.0000 | Valid Power: 0.0027 | Train Power: 0.0034 | patience:  40 | lr: 0.0125 | Epoch time: 0.2 |

2024-09-09 23:59:36,931 - INFO -
| Epoch:    620 | Train loss: 1.3684e+00 | Valid loss: 1.4403e+00 | Train acc: 0.5365 ± 0.0000 | Valid acc: 0.5591 ± 0.0000 | Valid Power: 0.0022 | Train Power: 0.0022 | patience:  50 | lr: 0.0125 | Epoch time: 0.2 |

2024-09-09 23:59:38,599 - INFO -
| Epoch:    630 | Train loss: 1.3669e+00 | Valid loss: 1.4406e+00 | Train acc: 0.5365 ± 0.0000 | Valid acc: 0.5591 ± 0.0000 | Valid Power: 0.0024 | Train Power: 0.0023 | patience:  60 | lr: 0.0125 | Epoch time: 0.2 |

2024-09-09 23:59:40,327 - INFO -
| Epoch:    640 | Train loss: 1.3650e+00 | Valid loss: 1.4391e+00 | Train acc: 0.5365 ± 0.0000 | Valid acc: 0.5512 ± 0.0000 | Valid Power: 0.0049 | Train Power: 0.0100 | patience:  70 | lr: 0.0125 | Epoch time: 0.2 |

2024-09-09 23:59:41,960 - INFO -
| Epoch:    650 | Train loss: 1.3649e+00 | Valid loss: 1.4350e+00 | Train acc: 0.5365 ± 0.0000 | Valid acc: 0.5591 ± 0.0000 | Valid Power: 0.0041 | Train Power: 0.0075 | patience:  80 | lr: 0.0125 | Epoch time: 0.2 |

2024-09-09 23:59:43,602 - INFO -
| Epoch:    660 | Train loss: 1.3645e+00 | Valid loss: 1.4317e+00 | Train acc: 0.5340 ± 0.0000 | Valid acc: 0.5591 ± 0.0000 | Valid Power: 0.0027 | Train Power: 0.0028 | patience:  90 | lr: 0.0125 | Epoch time: 0.2 |

2024-09-09 23:59:45,235 - INFO -
| Epoch:    670 | Train loss: 1.3637e+00 | Valid loss: 1.4339e+00 | Train acc: 0.5340 ± 0.0000 | Valid acc: 0.5669 ± 0.0000 | Valid Power: 0.0026 | Train Power: 0.0026 | patience: 100 | lr: 0.0125 | Epoch time: 0.2 |

2024-09-09 23:59:45,402 - INFO -
load best network to warm start training with lower lr.

2024-09-09 23:59:45,402 - INFO -
lr update to 0.00625.

2024-09-09 23:59:46,875 - INFO -
| Epoch:    680 | Train loss: 1.3894e+00 | Valid loss: 1.4171e+00 | Train acc: 0.5416 ± 0.0000 | Valid acc: 0.5827 ± 0.0000 | Valid Power: 0.0019 | Train Power: 0.0018 | patience:   8 | lr: 0.00625 | Epoch time: 0.2 |

2024-09-09 23:59:48,508 - INFO -
| Epoch:    690 | Train loss: 1.3799e+00 | Valid loss: 1.4184e+00 | Train acc: 0.5390 ± 0.0000 | Valid acc: 0.5748 ± 0.0000 | Valid Power: 0.0019 | Train Power: 0.0019 | patience:  18 | lr: 0.00625 | Epoch time: 0.2 |

2024-09-09 23:59:50,141 - INFO -
| Epoch:    700 | Train loss: 1.3762e+00 | Valid loss: 1.4218e+00 | Train acc: 0.5340 ± 0.0000 | Valid acc: 0.5669 ± 0.0000 | Valid Power: 0.0019 | Train Power: 0.0019 | patience:  28 | lr: 0.00625 | Epoch time: 0.2 |

2024-09-09 23:59:51,845 - INFO -
| Epoch:    710 | Train loss: 1.3740e+00 | Valid loss: 1.4207e+00 | Train acc: 0.5390 ± 0.0000 | Valid acc: 0.5748 ± 0.0000 | Valid Power: 0.0020 | Train Power: 0.0019 | patience:  38 | lr: 0.00625 | Epoch time: 0.2 |

2024-09-09 23:59:53,483 - INFO -
| Epoch:    720 | Train loss: 1.3722e+00 | Valid loss: 1.4279e+00 | Train acc: 0.5390 ± 0.0000 | Valid acc: 0.5669 ± 0.0000 | Valid Power: 0.0020 | Train Power: 0.0020 | patience:  48 | lr: 0.00625 | Epoch time: 0.2 |

2024-09-09 23:59:55,115 - INFO -
| Epoch:    730 | Train loss: 1.3708e+00 | Valid loss: 1.4276e+00 | Train acc: 0.5416 ± 0.0000 | Valid acc: 0.5748 ± 0.0000 | Valid Power: 0.0436 | Train Power: 0.0042 | patience:  58 | lr: 0.00625 | Epoch time: 0.2 |

2024-09-09 23:59:56,749 - INFO -
| Epoch:    740 | Train loss: 1.3698e+00 | Valid loss: 1.4291e+00 | Train acc: 0.5416 ± 0.0000 | Valid acc: 0.5669 ± 0.0000 | Valid Power: 0.0025 | Train Power: 0.0025 | patience:  68 | lr: 0.00625 | Epoch time: 0.2 |

2024-09-09 23:59:58,381 - INFO -
| Epoch:    750 | Train loss: 1.3690e+00 | Valid loss: 1.4314e+00 | Train acc: 0.5441 ± 0.0000 | Valid acc: 0.5669 ± 0.0000 | Valid Power: 0.0024 | Train Power: 0.0025 | patience:  78 | lr: 0.00625 | Epoch time: 0.2 |

2024-09-10 00:00:00,012 - INFO -
| Epoch:    760 | Train loss: 1.3683e+00 | Valid loss: 1.4341e+00 | Train acc: 0.5441 ± 0.0000 | Valid acc: 0.5669 ± 0.0000 | Valid Power: 0.0022 | Train Power: 0.0022 | patience:  88 | lr: 0.00625 | Epoch time: 0.2 |

2024-09-10 00:00:01,657 - INFO -
| Epoch:    770 | Train loss: 1.3671e+00 | Valid loss: 1.4373e+00 | Train acc: 0.5441 ± 0.0000 | Valid acc: 0.5591 ± 0.0000 | Valid Power: 0.0027 | Train Power: 0.0025 | patience:  98 | lr: 0.00625 | Epoch time: 0.2 |

2024-09-10 00:00:02,151 - INFO -
load best network to warm start training with lower lr.

2024-09-10 00:00:02,151 - INFO -
lr update to 0.003125.

2024-09-10 00:00:03,293 - INFO -
| Epoch:    780 | Train loss: 1.4004e+00 | Valid loss: 1.3812e+00 | Train acc: 0.5416 ± 0.0000 | Valid acc: 0.6142 ± 0.0000 | Valid Power: 0.0019 | Train Power: 0.0019 | patience:   7 | lr: 0.003125 | Epoch time: 0.2 |

2024-09-10 00:00:05,014 - INFO -
| Epoch:    790 | Train loss: 1.3900e+00 | Valid loss: 1.3847e+00 | Train acc: 0.5340 ± 0.0000 | Valid acc: 0.5984 ± 0.0000 | Valid Power: 0.0019 | Train Power: 0.0018 | patience:  17 | lr: 0.003125 | Epoch time: 0.2 |

2024-09-10 00:00:06,647 - INFO -
| Epoch:    800 | Train loss: 1.3857e+00 | Valid loss: 1.3939e+00 | Train acc: 0.5315 ± 0.0000 | Valid acc: 0.5906 ± 0.0000 | Valid Power: 0.0019 | Train Power: 0.0019 | patience:  27 | lr: 0.003125 | Epoch time: 0.2 |

2024-09-10 00:00:08,280 - INFO -
| Epoch:    810 | Train loss: 1.3840e+00 | Valid loss: 1.3924e+00 | Train acc: 0.5340 ± 0.0000 | Valid acc: 0.5984 ± 0.0000 | Valid Power: 0.0020 | Train Power: 0.0020 | patience:  37 | lr: 0.003125 | Epoch time: 0.2 |

2024-09-10 00:00:09,910 - INFO -
| Epoch:    820 | Train loss: 1.3818e+00 | Valid loss: 1.3912e+00 | Train acc: 0.5340 ± 0.0000 | Valid acc: 0.6063 ± 0.0000 | Valid Power: 0.0019 | Train Power: 0.0019 | patience:  47 | lr: 0.003125 | Epoch time: 0.2 |

2024-09-10 00:00:11,538 - INFO -
| Epoch:    830 | Train loss: 1.3798e+00 | Valid loss: 1.3927e+00 | Train acc: 0.5390 ± 0.0000 | Valid acc: 0.6063 ± 0.0000 | Valid Power: 0.0020 | Train Power: 0.0020 | patience:  57 | lr: 0.003125 | Epoch time: 0.2 |

2024-09-10 00:00:13,137 - INFO -
| Epoch:    840 | Train loss: 1.3781e+00 | Valid loss: 1.3960e+00 | Train acc: 0.5365 ± 0.0000 | Valid acc: 0.5906 ± 0.0000 | Valid Power: 0.0031 | Train Power: 0.0024 | patience:  67 | lr: 0.003125 | Epoch time: 0.2 |

2024-09-10 00:00:14,627 - INFO -
| Epoch:    850 | Train loss: 1.3759e+00 | Valid loss: 1.3944e+00 | Train acc: 0.5416 ± 0.0000 | Valid acc: 0.5984 ± 0.0000 | Valid Power: 0.0023 | Train Power: 0.0022 | patience:  77 | lr: 0.003125 | Epoch time: 0.1 |

2024-09-10 00:00:16,110 - INFO -
| Epoch:    860 | Train loss: 1.3735e+00 | Valid loss: 1.3897e+00 | Train acc: 0.5441 ± 0.0000 | Valid acc: 0.6063 ± 0.0000 | Valid Power: 0.0022 | Train Power: 0.0022 | patience:  87 | lr: 0.003125 | Epoch time: 0.1 |

2024-09-10 00:00:17,557 - INFO -
| Epoch:    870 | Train loss: 1.3726e+00 | Valid loss: 1.3899e+00 | Train acc: 0.5466 ± 0.0000 | Valid acc: 0.5984 ± 0.0000 | Valid Power: 0.0023 | Train Power: 0.0022 | patience:  97 | lr: 0.003125 | Epoch time: 0.1 |

2024-09-10 00:00:18,141 - INFO -
load best network to warm start training with lower lr.

2024-09-10 00:00:18,141 - INFO -
lr update to 0.0015625.

2024-09-10 00:00:19,007 - INFO -
| Epoch:    880 | Train loss: 1.4077e+00 | Valid loss: 1.3791e+00 | Train acc: 0.5441 ± 0.0000 | Valid acc: 0.6142 ± 0.0000 | Valid Power: 0.0019 | Train Power: 0.0019 | patience:   6 | lr: 0.0015625 | Epoch time: 0.1 |

2024-09-10 00:00:20,455 - INFO -
| Epoch:    890 | Train loss: 1.3969e+00 | Valid loss: 1.3823e+00 | Train acc: 0.5466 ± 0.0000 | Valid acc: 0.6142 ± 0.0000 | Valid Power: 0.0019 | Train Power: 0.0018 | patience:  16 | lr: 0.0015625 | Epoch time: 0.1 |

2024-09-10 00:00:21,888 - INFO -
| Epoch:    900 | Train loss: 1.3896e+00 | Valid loss: 1.3842e+00 | Train acc: 0.5390 ± 0.0000 | Valid acc: 0.6063 ± 0.0000 | Valid Power: 0.0019 | Train Power: 0.0018 | patience:  26 | lr: 0.0015625 | Epoch time: 0.1 |

2024-09-10 00:00:23,320 - INFO -
| Epoch:    910 | Train loss: 1.3891e+00 | Valid loss: 1.3844e+00 | Train acc: 0.5340 ± 0.0000 | Valid acc: 0.6063 ± 0.0000 | Valid Power: 0.0019 | Train Power: 0.0019 | patience:  36 | lr: 0.0015625 | Epoch time: 0.1 |

2024-09-10 00:00:24,753 - INFO -
| Epoch:    920 | Train loss: 1.3878e+00 | Valid loss: 1.3843e+00 | Train acc: 0.5390 ± 0.0000 | Valid acc: 0.5984 ± 0.0000 | Valid Power: 0.0019 | Train Power: 0.0019 | patience:  46 | lr: 0.0015625 | Epoch time: 0.1 |

2024-09-10 00:00:26,185 - INFO -
| Epoch:    930 | Train loss: 1.3864e+00 | Valid loss: 1.3845e+00 | Train acc: 0.5416 ± 0.0000 | Valid acc: 0.6063 ± 0.0000 | Valid Power: 0.0019 | Train Power: 0.0019 | patience:  56 | lr: 0.0015625 | Epoch time: 0.1 |

2024-09-10 00:00:27,691 - INFO -
| Epoch:    940 | Train loss: 1.3852e+00 | Valid loss: 1.3854e+00 | Train acc: 0.5390 ± 0.0000 | Valid acc: 0.6063 ± 0.0000 | Valid Power: 0.0025 | Train Power: 0.0023 | patience:  66 | lr: 0.0015625 | Epoch time: 0.1 |

2024-09-10 00:00:29,124 - INFO -
| Epoch:    950 | Train loss: 1.3842e+00 | Valid loss: 1.3871e+00 | Train acc: 0.5390 ± 0.0000 | Valid acc: 0.6063 ± 0.0000 | Valid Power: 0.0025 | Train Power: 0.0027 | patience:  76 | lr: 0.0015625 | Epoch time: 0.1 |

2024-09-10 00:00:30,558 - INFO -
| Epoch:    960 | Train loss: 1.3833e+00 | Valid loss: 1.3891e+00 | Train acc: 0.5365 ± 0.0000 | Valid acc: 0.6063 ± 0.0000 | Valid Power: 0.0022 | Train Power: 0.0023 | patience:  86 | lr: 0.0015625 | Epoch time: 0.1 |

2024-09-10 00:00:32,003 - INFO -
| Epoch:    970 | Train loss: 1.3826e+00 | Valid loss: 1.3905e+00 | Train acc: 0.5365 ± 0.0000 | Valid acc: 0.6063 ± 0.0000 | Valid Power: 0.0022 | Train Power: 0.0022 | patience:  96 | lr: 0.0015625 | Epoch time: 0.1 |

2024-09-10 00:00:32,753 - INFO -
load best network to warm start training with lower lr.

2024-09-10 00:00:32,753 - INFO -
lr update to 0.00078125.

2024-09-10 00:00:33,455 - INFO -
| Epoch:    980 | Train loss: 1.4091e+00 | Valid loss: 1.3808e+00 | Train acc: 0.5466 ± 0.0000 | Valid acc: 0.6220 ± 0.0000 | Valid Power: 0.0019 | Train Power: 0.0019 | patience:   5 | lr: 0.00078125 | Epoch time: 0.1 |

2024-09-10 00:00:34,873 - INFO -
| Epoch:    990 | Train loss: 1.4063e+00 | Valid loss: 1.3801e+00 | Train acc: 0.5441 ± 0.0000 | Valid acc: 0.6142 ± 0.0000 | Valid Power: 0.0019 | Train Power: 0.0019 | patience:  15 | lr: 0.00078125 | Epoch time: 0.1 |

2024-09-10 00:00:36,281 - INFO -
| Epoch:   1000 | Train loss: 1.4045e+00 | Valid loss: 1.3801e+00 | Train acc: 0.5416 ± 0.0000 | Valid acc: 0.6142 ± 0.0000 | Valid Power: 0.0019 | Train Power: 0.0019 | patience:  25 | lr: 0.00078125 | Epoch time: 0.1 |

2024-09-10 00:00:37,777 - INFO -
| Epoch:   1010 | Train loss: 1.3954e+00 | Valid loss: 1.3823e+00 | Train acc: 0.5441 ± 0.0000 | Valid acc: 0.6063 ± 0.0000 | Valid Power: 0.0019 | Train Power: 0.0018 | patience:  35 | lr: 0.00078125 | Epoch time: 0.1 |

2024-09-10 00:00:39,173 - INFO -
| Epoch:   1020 | Train loss: 1.3900e+00 | Valid loss: 1.3829e+00 | Train acc: 0.5416 ± 0.0000 | Valid acc: 0.6063 ± 0.0000 | Valid Power: 0.0019 | Train Power: 0.0018 | patience:  45 | lr: 0.00078125 | Epoch time: 0.1 |

2024-09-10 00:00:40,580 - INFO -
| Epoch:   1030 | Train loss: 1.3894e+00 | Valid loss: 1.3831e+00 | Train acc: 0.5390 ± 0.0000 | Valid acc: 0.6063 ± 0.0000 | Valid Power: 0.0019 | Train Power: 0.0018 | patience:  55 | lr: 0.00078125 | Epoch time: 0.1 |

2024-09-10 00:00:41,973 - INFO -
| Epoch:   1040 | Train loss: 1.3886e+00 | Valid loss: 1.3830e+00 | Train acc: 0.5390 ± 0.0000 | Valid acc: 0.6063 ± 0.0000 | Valid Power: 0.0019 | Train Power: 0.0019 | patience:  65 | lr: 0.00078125 | Epoch time: 0.1 |

2024-09-10 00:00:43,379 - INFO -
| Epoch:   1050 | Train loss: 1.3881e+00 | Valid loss: 1.3831e+00 | Train acc: 0.5390 ± 0.0000 | Valid acc: 0.6063 ± 0.0000 | Valid Power: 0.0019 | Train Power: 0.0019 | patience:  75 | lr: 0.00078125 | Epoch time: 0.1 |

2024-09-10 00:00:44,784 - INFO -
| Epoch:   1060 | Train loss: 1.3875e+00 | Valid loss: 1.3834e+00 | Train acc: 0.5390 ± 0.0000 | Valid acc: 0.6063 ± 0.0000 | Valid Power: 0.0019 | Train Power: 0.0019 | patience:  85 | lr: 0.00078125 | Epoch time: 0.1 |

2024-09-10 00:00:46,182 - INFO -
| Epoch:   1070 | Train loss: 1.3870e+00 | Valid loss: 1.3837e+00 | Train acc: 0.5390 ± 0.0000 | Valid acc: 0.6063 ± 0.0000 | Valid Power: 0.0019 | Train Power: 0.0019 | patience:  95 | lr: 0.00078125 | Epoch time: 0.1 |

2024-09-10 00:00:47,023 - INFO -
load best network to warm start training with lower lr.

2024-09-10 00:00:47,023 - INFO -
lr update to 0.000390625.

2024-09-10 00:00:47,582 - INFO -
| Epoch:   1080 | Train loss: 1.4104e+00 | Valid loss: 1.3792e+00 | Train acc: 0.5466 ± 0.0000 | Valid acc: 0.6220 ± 0.0000 | Valid Power: 0.0019 | Train Power: 0.0019 | patience:   4 | lr: 0.000390625 | Epoch time: 0.1 |

2024-09-10 00:00:49,125 - INFO -
| Epoch:   1090 | Train loss: 1.4087e+00 | Valid loss: 1.3788e+00 | Train acc: 0.5441 ± 0.0000 | Valid acc: 0.6220 ± 0.0000 | Valid Power: 0.0019 | Train Power: 0.0019 | patience:  14 | lr: 0.000390625 | Epoch time: 0.3 |

2024-09-10 00:00:50,527 - INFO -
| Epoch:   1100 | Train loss: 1.4072e+00 | Valid loss: 1.3801e+00 | Train acc: 0.5441 ± 0.0000 | Valid acc: 0.6142 ± 0.0000 | Valid Power: 0.0019 | Train Power: 0.0019 | patience:  24 | lr: 0.000390625 | Epoch time: 0.1 |

2024-09-10 00:00:51,925 - INFO -
| Epoch:   1110 | Train loss: 1.4060e+00 | Valid loss: 1.3802e+00 | Train acc: 0.5441 ± 0.0000 | Valid acc: 0.6142 ± 0.0000 | Valid Power: 0.0019 | Train Power: 0.0019 | patience:  34 | lr: 0.000390625 | Epoch time: 0.1 |

2024-09-10 00:00:53,323 - INFO -
| Epoch:   1120 | Train loss: 1.4054e+00 | Valid loss: 1.3802e+00 | Train acc: 0.5441 ± 0.0000 | Valid acc: 0.6142 ± 0.0000 | Valid Power: 0.0019 | Train Power: 0.0019 | patience:  44 | lr: 0.000390625 | Epoch time: 0.1 |

2024-09-10 00:00:54,717 - INFO -
| Epoch:   1130 | Train loss: 1.4041e+00 | Valid loss: 1.3800e+00 | Train acc: 0.5416 ± 0.0000 | Valid acc: 0.6142 ± 0.0000 | Valid Power: 0.0019 | Train Power: 0.0019 | patience:  54 | lr: 0.000390625 | Epoch time: 0.1 |

2024-09-10 00:00:56,121 - INFO -
| Epoch:   1140 | Train loss: 1.3966e+00 | Valid loss: 1.3812e+00 | Train acc: 0.5466 ± 0.0000 | Valid acc: 0.6142 ± 0.0000 | Valid Power: 0.0019 | Train Power: 0.0018 | patience:  64 | lr: 0.000390625 | Epoch time: 0.1 |

2024-09-10 00:00:57,601 - INFO -
| Epoch:   1150 | Train loss: 1.3908e+00 | Valid loss: 1.3821e+00 | Train acc: 0.5416 ± 0.0000 | Valid acc: 0.6063 ± 0.0000 | Valid Power: 0.0019 | Train Power: 0.0018 | patience:  74 | lr: 0.000390625 | Epoch time: 0.1 |

2024-09-10 00:00:58,995 - INFO -
| Epoch:   1160 | Train loss: 1.3899e+00 | Valid loss: 1.3824e+00 | Train acc: 0.5416 ± 0.0000 | Valid acc: 0.6063 ± 0.0000 | Valid Power: 0.0019 | Train Power: 0.0018 | patience:  84 | lr: 0.000390625 | Epoch time: 0.1 |

2024-09-10 00:01:00,389 - INFO -
| Epoch:   1170 | Train loss: 1.3898e+00 | Valid loss: 1.3824e+00 | Train acc: 0.5416 ± 0.0000 | Valid acc: 0.6063 ± 0.0000 | Valid Power: 0.0019 | Train Power: 0.0018 | patience:  94 | lr: 0.000390625 | Epoch time: 0.1 |

2024-09-10 00:01:01,370 - INFO -
load best network to warm start training with lower lr.

2024-09-10 00:01:01,370 - INFO -
lr update to 0.0001953125.

2024-09-10 00:01:01,789 - INFO -
| Epoch:   1180 | Train loss: 1.4115e+00 | Valid loss: 1.3776e+00 | Train acc: 0.5466 ± 0.0000 | Valid acc: 0.6220 ± 0.0000 | Valid Power: 0.0019 | Train Power: 0.0019 | patience:   3 | lr: 0.0001953125 | Epoch time: 0.1 |

2024-09-10 00:01:03,183 - INFO -
| Epoch:   1190 | Train loss: 1.4092e+00 | Valid loss: 1.3805e+00 | Train acc: 0.5466 ± 0.0000 | Valid acc: 0.6220 ± 0.0000 | Valid Power: 0.0019 | Train Power: 0.0019 | patience:  13 | lr: 0.0001953125 | Epoch time: 0.1 |

2024-09-10 00:01:04,591 - INFO -
| Epoch:   1200 | Train loss: 1.4089e+00 | Valid loss: 1.3795e+00 | Train acc: 0.5466 ± 0.0000 | Valid acc: 0.6220 ± 0.0000 | Valid Power: 0.0019 | Train Power: 0.0019 | patience:  23 | lr: 0.0001953125 | Epoch time: 0.1 |

2024-09-10 00:01:05,986 - INFO -
| Epoch:   1210 | Train loss: 1.4085e+00 | Valid loss: 1.3788e+00 | Train acc: 0.5466 ± 0.0000 | Valid acc: 0.6220 ± 0.0000 | Valid Power: 0.0019 | Train Power: 0.0019 | patience:  33 | lr: 0.0001953125 | Epoch time: 0.1 |

2024-09-10 00:01:07,380 - INFO -
| Epoch:   1220 | Train loss: 1.4080e+00 | Valid loss: 1.3787e+00 | Train acc: 0.5441 ± 0.0000 | Valid acc: 0.6220 ± 0.0000 | Valid Power: 0.0019 | Train Power: 0.0019 | patience:  43 | lr: 0.0001953125 | Epoch time: 0.1 |

2024-09-10 00:01:08,775 - INFO -
| Epoch:   1230 | Train loss: 1.4072e+00 | Valid loss: 1.3796e+00 | Train acc: 0.5441 ± 0.0000 | Valid acc: 0.6220 ± 0.0000 | Valid Power: 0.0019 | Train Power: 0.0019 | patience:  53 | lr: 0.0001953125 | Epoch time: 0.1 |

2024-09-10 00:01:10,254 - INFO -
| Epoch:   1240 | Train loss: 1.4063e+00 | Valid loss: 1.3800e+00 | Train acc: 0.5441 ± 0.0000 | Valid acc: 0.6142 ± 0.0000 | Valid Power: 0.0019 | Train Power: 0.0019 | patience:  63 | lr: 0.0001953125 | Epoch time: 0.2 |

2024-09-10 00:01:11,650 - INFO -
| Epoch:   1250 | Train loss: 1.4058e+00 | Valid loss: 1.3800e+00 | Train acc: 0.5441 ± 0.0000 | Valid acc: 0.6142 ± 0.0000 | Valid Power: 0.0019 | Train Power: 0.0019 | patience:  73 | lr: 0.0001953125 | Epoch time: 0.1 |

2024-09-10 00:01:13,051 - INFO -
| Epoch:   1260 | Train loss: 1.4055e+00 | Valid loss: 1.3798e+00 | Train acc: 0.5441 ± 0.0000 | Valid acc: 0.6142 ± 0.0000 | Valid Power: 0.0019 | Train Power: 0.0019 | patience:  83 | lr: 0.0001953125 | Epoch time: 0.1 |

2024-09-10 00:01:14,456 - INFO -
| Epoch:   1270 | Train loss: 1.4052e+00 | Valid loss: 1.3797e+00 | Train acc: 0.5441 ± 0.0000 | Valid acc: 0.6142 ± 0.0000 | Valid Power: 0.0019 | Train Power: 0.0019 | patience:  93 | lr: 0.0001953125 | Epoch time: 0.1 |

2024-09-10 00:01:15,574 - INFO -
load best network to warm start training with lower lr.

2024-09-10 00:01:15,574 - INFO -
lr update to 9.765625e-05.

2024-09-10 00:01:15,574 - INFO -
Early stop.

2024-09-10 00:01:15,582 - INFO -
Training if finished.

2024-09-12 13:58:07,487 - INFO -
Configuration: 
gmin                0.01
gmax                10.0
T                   0.1
m                   0.3
type_nonlinear      normal
act                 tanh
ACT_R1n             12.7865
ACT_R2n             -3.1871
ACT_W1n             -10.4537
ACT_L1n             10.546
ACT_W2n             -5.8496
ACT_L2n             4.2337
S_R1n               -11.7481
S_R2n               -0.3905
S_W1n               -9.169
S_L1n               0.3913
S_W2n               7.2004
S_L2n               15.5558
ReLU_RHn            -1.9557
ReLU_RLn            -20.1581
ReLU_RDn            16.6486
ReLU_RBn            -14.3472
ReLU_Wn             16.655
ReLU_Ln             -21.7591
HS_Rn               -0.3766
HS_Wn               0.5192
HS_Ln               4.6293
NEG_R1n             -7.0846
NEG_R2n             -2.5695
NEG_R3n             16.1542
NEG_W1n             13.8696
NEG_L1n             2.7635
NEG_W2n             1.2674
NEG_L2n             -10.4803
NEG_W3n             -6.4386
NEG_L3n             5.1005
task                normal
DATASET             8
DataPath            ./dataset
InputNoise          0.0
IN_test             0.0
R_train             1
R_test              1
N_time              32
pathnorm            False
hidden              [3]
skipconnection      False
SEED                9
DEVICE              cpu
PATIENCE            500
EPOCH               10000000000
LR                  0.1
PROGRESSIVE         True
LR_PATIENCE         100
LR_DECAY            0.5
LR_MIN              0.0001
metric              acc
SoftEva             True
TIMELIMITATION      71
MODE                nominal
M_train             1
K_train             1
M_test              1
K_test              1
t_test_max          1
integration         MC
N_train             1
e_train             0.0
N_test              100
e_test              0.1
e_fault             2
fault_ratio         0.0
N_fault             50
e_fault_test        0
N_fault_test        50
dropout             0.0
lagrangian_loss     False
rho                 100
powerestimator      none
powerbalance        0.0
estimatorbalance    0.0
pgmin               1e-07
power_ratio         1000
lambda_P            100
areaestimator       none
areabalance         0.0
area_theta          0.15
area_act            30.0
area_neg            22.7
lambda_A            0.001
lnc                 False
projectname         tanh_0_FaultAnalysisNormal
temppath            ./tanh_0_FaultAnalysisNormal/temp/
logfilepath         ./tanh_0_FaultAnalysisNormal/log/
report_freq         10
recording           False
recordpath          ./tanh_0_FaultAnalysisNormal/record/
savepath            ./tanh_0_FaultAnalysisNormal/models/
loglevel            info


2024-09-12 13:58:07,514 - INFO -
Training network on device: cpu.

2024-09-12 13:58:07,514 - INFO -
Training setup: data_08_pendigits_seed_09_epsilon_0.0_dropout_0.0_fault_ratio_0.0.model.

2024-09-12 13:58:07,514 - INFO -
{'dataname': 'pendigits', 'N_feature': 16, 'N_class': 10, 'N_train': 397, 'N_valid': 127, 'N_test': 79}

2024-09-12 13:58:07,515 - INFO -
Training was already finished.

