2024-09-09 10:24:12,399 - INFO -
Configuration: 
gmin                0.01
gmax                10.0
T                   0.1
m                   0.3
type_nonlinear      normal
act                 tanh
ACT_R1n             12.7865
ACT_R2n             -3.1871
ACT_W1n             -10.4537
ACT_L1n             10.546
ACT_W2n             -5.8496
ACT_L2n             4.2337
S_R1n               -11.7481
S_R2n               -0.3905
S_W1n               -9.169
S_L1n               0.3913
S_W2n               7.2004
S_L2n               15.5558
ReLU_RHn            -1.9557
ReLU_RLn            -20.1581
ReLU_RDn            16.6486
ReLU_RBn            -14.3472
ReLU_Wn             16.655
ReLU_Ln             -21.7591
HS_Rn               -0.3766
HS_Wn               0.5192
HS_Ln               4.6293
NEG_R1n             -7.0846
NEG_R2n             -2.5695
NEG_R3n             16.1542
NEG_W1n             13.8696
NEG_L1n             2.7635
NEG_W2n             1.2674
NEG_L2n             -10.4803
NEG_W3n             -6.4386
NEG_L3n             5.1005
task                normal
DATASET             1
DataPath            ./dataset
InputNoise          0.0
IN_test             0.0
R_train             1
R_test              1
N_time              32
pathnorm            False
hidden              [3]
skipconnection      False
SEED                9
DEVICE              cpu
PATIENCE            500
EPOCH               10000000000
LR                  0.1
PROGRESSIVE         True
LR_PATIENCE         100
LR_DECAY            0.5
LR_MIN              0.0001
metric              acc
SoftEva             True
TIMELIMITATION      71
MODE                nominal
M_train             1
K_train             1
M_test              1
K_test              1
t_test_max          1
integration         MC
N_train             1
e_train             0.0
N_test              100
e_test              0.1
e_fault             2
fault_ratio         0.0
N_fault             50
e_fault_test        0
N_fault_test        50
dropout             0.0
lagrangian_loss     False
rho                 100
powerestimator      none
powerbalance        0.0
estimatorbalance    0.0
pgmin               1e-07
power_ratio         1000
lambda_P            100
areaestimator       none
areabalance         0.0
area_theta          0.15
area_act            30.0
area_neg            22.7
lambda_A            0.001
lnc                 False
projectname         tanh_0_FaultAnalysisNormal
temppath            ./tanh_0_FaultAnalysisNormal/temp/
logfilepath         ./tanh_0_FaultAnalysisNormal/log/
report_freq         10
recording           False
recordpath          ./tanh_0_FaultAnalysisNormal/record/
savepath            ./tanh_0_FaultAnalysisNormal/models/
loglevel            info


2024-09-09 10:24:12,399 - INFO -
Training network on device: cpu.

2024-09-09 10:24:12,399 - INFO -
Training setup: data_01_balancescale_seed_09_epsilon_0.0_dropout_0.0_fault_ratio_0.0.model.

2024-09-09 10:24:12,399 - INFO -
{'dataname': 'balancescale', 'N_feature': 4, 'N_class': 3, 'N_train': 373, 'N_valid': 124, 'N_test': 79}

2024-09-09 10:24:12,399 - INFO -
Topology of the network: [4, 3, 3].

2024-09-09 10:24:32,157 - INFO -
| Epoch:      0 | Train loss: 1.0985e+00 | Valid loss: 1.0805e+00 | Train acc: 0.4450 ± 0.0000 | Valid acc: 0.4516 ± 0.0000 | Valid Power: 0.0007 | Train Power: 0.0005 | patience:   0 | lr: 0.1 | Epoch time: 1.0 |

2024-09-09 10:24:33,683 - INFO -
| Epoch:     10 | Train loss: 9.1144e-01 | Valid loss: 8.6065e-01 | Train acc: 0.4799 ± 0.0000 | Valid acc: 0.4516 ± 0.0000 | Valid Power: 0.0007 | Train Power: 0.0007 | patience:   0 | lr: 0.1 | Epoch time: 0.1 |

2024-09-09 10:24:34,874 - INFO -
| Epoch:     20 | Train loss: 9.0504e-01 | Valid loss: 8.5060e-01 | Train acc: 0.4799 ± 0.0000 | Valid acc: 0.4516 ± 0.0000 | Valid Power: 0.0007 | Train Power: 0.0007 | patience:   0 | lr: 0.1 | Epoch time: 0.1 |

2024-09-09 10:24:36,021 - INFO -
| Epoch:     30 | Train loss: 8.4772e-01 | Valid loss: 8.3053e-01 | Train acc: 0.4799 ± 0.0000 | Valid acc: 0.4516 ± 0.0000 | Valid Power: 0.0015 | Train Power: 0.0007 | patience:   1 | lr: 0.1 | Epoch time: 0.1 |

2024-09-09 10:24:37,142 - INFO -
| Epoch:     40 | Train loss: 7.9539e-01 | Valid loss: 7.6773e-01 | Train acc: 0.6944 ± 0.0000 | Valid acc: 0.6774 ± 0.0000 | Valid Power: 0.0007 | Train Power: 0.0007 | patience:   0 | lr: 0.1 | Epoch time: 0.1 |

2024-09-09 10:24:38,441 - INFO -
| Epoch:     50 | Train loss: 7.7424e-01 | Valid loss: 7.8624e-01 | Train acc: 0.6971 ± 0.0000 | Valid acc: 0.6613 ± 0.0000 | Valid Power: 0.0007 | Train Power: 0.0007 | patience:   9 | lr: 0.1 | Epoch time: 0.1 |

2024-09-09 10:24:39,514 - INFO -
| Epoch:     60 | Train loss: 8.1206e-01 | Valid loss: 8.2022e-01 | Train acc: 0.6756 ± 0.0000 | Valid acc: 0.6532 ± 0.0000 | Valid Power: 0.0007 | Train Power: 0.0007 | patience:  19 | lr: 0.1 | Epoch time: 0.1 |

2024-09-09 10:24:40,591 - INFO -
| Epoch:     70 | Train loss: 7.9760e-01 | Valid loss: 7.5602e-01 | Train acc: 0.7105 ± 0.0000 | Valid acc: 0.7097 ± 0.0000 | Valid Power: 0.0007 | Train Power: 0.0007 | patience:   0 | lr: 0.1 | Epoch time: 0.1 |

2024-09-09 10:24:41,800 - INFO -
| Epoch:     80 | Train loss: 7.4437e-01 | Valid loss: 7.2990e-01 | Train acc: 0.7105 ± 0.0000 | Valid acc: 0.7097 ± 0.0000 | Valid Power: 0.0007 | Train Power: 0.0007 | patience:   3 | lr: 0.1 | Epoch time: 0.1 |

2024-09-09 10:24:42,893 - INFO -
| Epoch:     90 | Train loss: 8.5563e-01 | Valid loss: 7.6899e-01 | Train acc: 0.5147 ± 0.0000 | Valid acc: 0.6048 ± 0.0000 | Valid Power: 0.0007 | Train Power: 0.0007 | patience:  13 | lr: 0.1 | Epoch time: 0.1 |

2024-09-09 10:24:43,954 - INFO -
| Epoch:    100 | Train loss: 7.6909e-01 | Valid loss: 7.5852e-01 | Train acc: 0.7105 ± 0.0000 | Valid acc: 0.6855 ± 0.0000 | Valid Power: 0.0007 | Train Power: 0.0007 | patience:  23 | lr: 0.1 | Epoch time: 0.1 |

2024-09-09 10:24:45,017 - INFO -
| Epoch:    110 | Train loss: 8.0141e-01 | Valid loss: 8.2981e-01 | Train acc: 0.6997 ± 0.0000 | Valid acc: 0.6694 ± 0.0000 | Valid Power: 0.0007 | Train Power: 0.0007 | patience:  33 | lr: 0.1 | Epoch time: 0.1 |

2024-09-09 10:24:46,079 - INFO -
| Epoch:    120 | Train loss: 7.6727e-01 | Valid loss: 7.9088e-01 | Train acc: 0.6997 ± 0.0000 | Valid acc: 0.6694 ± 0.0000 | Valid Power: 0.0007 | Train Power: 0.0007 | patience:  43 | lr: 0.1 | Epoch time: 0.1 |

2024-09-09 10:24:47,141 - INFO -
| Epoch:    130 | Train loss: 7.6642e-01 | Valid loss: 7.7118e-01 | Train acc: 0.6997 ± 0.0000 | Valid acc: 0.6694 ± 0.0000 | Valid Power: 0.0007 | Train Power: 0.0007 | patience:  53 | lr: 0.1 | Epoch time: 0.1 |

2024-09-09 10:24:48,207 - INFO -
| Epoch:    140 | Train loss: 7.6043e-01 | Valid loss: 7.7888e-01 | Train acc: 0.6997 ± 0.0000 | Valid acc: 0.6694 ± 0.0000 | Valid Power: 0.0007 | Train Power: 0.0007 | patience:  63 | lr: 0.1 | Epoch time: 0.1 |

2024-09-09 10:24:49,271 - INFO -
| Epoch:    150 | Train loss: 7.5912e-01 | Valid loss: 7.6637e-01 | Train acc: 0.6997 ± 0.0000 | Valid acc: 0.6694 ± 0.0000 | Valid Power: 0.0007 | Train Power: 0.0007 | patience:  73 | lr: 0.1 | Epoch time: 0.1 |

2024-09-09 10:24:50,340 - INFO -
| Epoch:    160 | Train loss: 7.5879e-01 | Valid loss: 7.7000e-01 | Train acc: 0.6997 ± 0.0000 | Valid acc: 0.6694 ± 0.0000 | Valid Power: 0.0007 | Train Power: 0.0007 | patience:  83 | lr: 0.1 | Epoch time: 0.1 |

2024-09-09 10:24:51,405 - INFO -
| Epoch:    170 | Train loss: 7.5850e-01 | Valid loss: 7.6896e-01 | Train acc: 0.6997 ± 0.0000 | Valid acc: 0.6694 ± 0.0000 | Valid Power: 0.0007 | Train Power: 0.0007 | patience:  93 | lr: 0.1 | Epoch time: 0.1 |

2024-09-09 10:24:52,260 - INFO -
load best network to warm start training with lower lr.

2024-09-09 10:24:52,260 - INFO -
lr update to 0.05.

2024-09-09 10:24:52,473 - INFO -
| Epoch:    180 | Train loss: 7.4251e-01 | Valid loss: 7.2700e-01 | Train acc: 0.7105 ± 0.0000 | Valid acc: 0.7097 ± 0.0000 | Valid Power: 0.0007 | Train Power: 0.0007 | patience:   2 | lr: 0.05 | Epoch time: 0.1 |

2024-09-09 10:24:53,542 - INFO -
| Epoch:    190 | Train loss: 7.4193e-01 | Valid loss: 7.2723e-01 | Train acc: 0.7105 ± 0.0000 | Valid acc: 0.7097 ± 0.0000 | Valid Power: 0.0007 | Train Power: 0.0007 | patience:  12 | lr: 0.05 | Epoch time: 0.1 |

2024-09-09 10:24:54,610 - INFO -
| Epoch:    200 | Train loss: 7.3835e-01 | Valid loss: 7.2364e-01 | Train acc: 0.7105 ± 0.0000 | Valid acc: 0.7097 ± 0.0000 | Valid Power: 0.0007 | Train Power: 0.0007 | patience:  22 | lr: 0.05 | Epoch time: 0.1 |

2024-09-09 10:24:55,679 - INFO -
| Epoch:    210 | Train loss: 7.3577e-01 | Valid loss: 7.2258e-01 | Train acc: 0.7105 ± 0.0000 | Valid acc: 0.7097 ± 0.0000 | Valid Power: 0.0007 | Train Power: 0.0007 | patience:  32 | lr: 0.05 | Epoch time: 0.1 |

2024-09-09 10:24:56,752 - INFO -
| Epoch:    220 | Train loss: 7.6756e-01 | Valid loss: 8.1767e-01 | Train acc: 0.7185 ± 0.0000 | Valid acc: 0.6694 ± 0.0000 | Valid Power: 0.0007 | Train Power: 0.0007 | patience:   4 | lr: 0.05 | Epoch time: 0.1 |

2024-09-09 10:24:57,821 - INFO -
| Epoch:    230 | Train loss: 7.7227e-01 | Valid loss: 7.6868e-01 | Train acc: 0.6729 ± 0.0000 | Valid acc: 0.6452 ± 0.0000 | Valid Power: 0.0007 | Train Power: 0.0007 | patience:  14 | lr: 0.05 | Epoch time: 0.1 |

2024-09-09 10:24:58,893 - INFO -
| Epoch:    240 | Train loss: 7.6709e-01 | Valid loss: 7.6219e-01 | Train acc: 0.6997 ± 0.0000 | Valid acc: 0.7016 ± 0.0000 | Valid Power: 0.0007 | Train Power: 0.0007 | patience:  24 | lr: 0.05 | Epoch time: 0.1 |

2024-09-09 10:24:59,960 - INFO -
| Epoch:    250 | Train loss: 7.6280e-01 | Valid loss: 7.8486e-01 | Train acc: 0.6810 ± 0.0000 | Valid acc: 0.6452 ± 0.0000 | Valid Power: 0.0007 | Train Power: 0.0007 | patience:  34 | lr: 0.05 | Epoch time: 0.1 |

2024-09-09 10:25:01,028 - INFO -
| Epoch:    260 | Train loss: 7.6394e-01 | Valid loss: 7.7477e-01 | Train acc: 0.6997 ± 0.0000 | Valid acc: 0.6694 ± 0.0000 | Valid Power: 0.0007 | Train Power: 0.0007 | patience:  44 | lr: 0.05 | Epoch time: 0.1 |

2024-09-09 10:25:02,094 - INFO -
| Epoch:    270 | Train loss: 7.6379e-01 | Valid loss: 7.7304e-01 | Train acc: 0.6997 ± 0.0000 | Valid acc: 0.6694 ± 0.0000 | Valid Power: 0.0008 | Train Power: 0.0010 | patience:  54 | lr: 0.05 | Epoch time: 0.1 |

2024-09-09 10:25:03,161 - INFO -
| Epoch:    280 | Train loss: 7.6236e-01 | Valid loss: 7.7532e-01 | Train acc: 0.6997 ± 0.0000 | Valid acc: 0.6694 ± 0.0000 | Valid Power: 0.0007 | Train Power: 0.0007 | patience:  64 | lr: 0.05 | Epoch time: 0.1 |

2024-09-09 10:25:04,349 - INFO -
| Epoch:    290 | Train loss: 7.6109e-01 | Valid loss: 7.7659e-01 | Train acc: 0.6997 ± 0.0000 | Valid acc: 0.6694 ± 0.0000 | Valid Power: 0.0007 | Train Power: 0.0007 | patience:  74 | lr: 0.05 | Epoch time: 0.1 |

2024-09-09 10:25:05,413 - INFO -
| Epoch:    300 | Train loss: 7.6009e-01 | Valid loss: 7.7671e-01 | Train acc: 0.6997 ± 0.0000 | Valid acc: 0.6694 ± 0.0000 | Valid Power: 0.0007 | Train Power: 0.0007 | patience:  84 | lr: 0.05 | Epoch time: 0.1 |

2024-09-09 10:25:06,486 - INFO -
| Epoch:    310 | Train loss: 7.6474e-01 | Valid loss: 7.7426e-01 | Train acc: 0.6997 ± 0.0000 | Valid acc: 0.6694 ± 0.0000 | Valid Power: 0.0007 | Train Power: 0.0007 | patience:  94 | lr: 0.05 | Epoch time: 0.1 |

2024-09-09 10:25:07,236 - INFO -
load best network to warm start training with lower lr.

2024-09-09 10:25:07,236 - INFO -
lr update to 0.025.

2024-09-09 10:25:07,557 - INFO -
| Epoch:    320 | Train loss: 7.5420e-01 | Valid loss: 7.3609e-01 | Train acc: 0.6971 ± 0.0000 | Valid acc: 0.7097 ± 0.0000 | Valid Power: 0.0007 | Train Power: 0.0007 | patience:   3 | lr: 0.025 | Epoch time: 0.1 |

2024-09-09 10:25:08,621 - INFO -
| Epoch:    330 | Train loss: 7.3550e-01 | Valid loss: 7.2137e-01 | Train acc: 0.7105 ± 0.0000 | Valid acc: 0.7097 ± 0.0000 | Valid Power: 0.0007 | Train Power: 0.0007 | patience:  13 | lr: 0.025 | Epoch time: 0.1 |

2024-09-09 10:25:09,688 - INFO -
| Epoch:    340 | Train loss: 7.3483e-01 | Valid loss: 7.2138e-01 | Train acc: 0.7105 ± 0.0000 | Valid acc: 0.7097 ± 0.0000 | Valid Power: 0.0007 | Train Power: 0.0007 | patience:  23 | lr: 0.025 | Epoch time: 0.1 |

2024-09-09 10:25:10,757 - INFO -
| Epoch:    350 | Train loss: 7.3361e-01 | Valid loss: 7.2304e-01 | Train acc: 0.7105 ± 0.0000 | Valid acc: 0.7097 ± 0.0000 | Valid Power: 0.0009 | Train Power: 0.0007 | patience:  33 | lr: 0.025 | Epoch time: 0.1 |

2024-09-09 10:25:11,822 - INFO -
| Epoch:    360 | Train loss: 7.3254e-01 | Valid loss: 7.2358e-01 | Train acc: 0.7105 ± 0.0000 | Valid acc: 0.7097 ± 0.0000 | Valid Power: 0.0008 | Train Power: 0.0007 | patience:  43 | lr: 0.025 | Epoch time: 0.1 |

2024-09-09 10:25:12,889 - INFO -
| Epoch:    370 | Train loss: 7.3151e-01 | Valid loss: 7.2360e-01 | Train acc: 0.7105 ± 0.0000 | Valid acc: 0.7097 ± 0.0000 | Valid Power: 0.0007 | Train Power: 0.0007 | patience:  53 | lr: 0.025 | Epoch time: 0.1 |

2024-09-09 10:25:13,956 - INFO -
| Epoch:    380 | Train loss: 7.3057e-01 | Valid loss: 7.2368e-01 | Train acc: 0.7105 ± 0.0000 | Valid acc: 0.7097 ± 0.0000 | Valid Power: 0.0008 | Train Power: 0.0008 | patience:  63 | lr: 0.025 | Epoch time: 0.1 |

2024-09-09 10:25:15,051 - INFO -
| Epoch:    390 | Train loss: 7.3029e-01 | Valid loss: 7.2389e-01 | Train acc: 0.7105 ± 0.0000 | Valid acc: 0.7097 ± 0.0000 | Valid Power: 0.0007 | Train Power: 0.0007 | patience:  73 | lr: 0.025 | Epoch time: 0.1 |

2024-09-09 10:25:16,126 - INFO -
| Epoch:    400 | Train loss: 7.3008e-01 | Valid loss: 7.1489e-01 | Train acc: 0.7105 ± 0.0000 | Valid acc: 0.7097 ± 0.0000 | Valid Power: 0.0008 | Train Power: 0.0008 | patience:   0 | lr: 0.025 | Epoch time: 0.1 |

2024-09-09 10:25:17,201 - INFO -
| Epoch:    410 | Train loss: 7.3132e-01 | Valid loss: 7.2285e-01 | Train acc: 0.7105 ± 0.0000 | Valid acc: 0.7097 ± 0.0000 | Valid Power: 0.0072 | Train Power: 0.0022 | patience:  10 | lr: 0.025 | Epoch time: 0.1 |

2024-09-09 10:25:18,270 - INFO -
| Epoch:    420 | Train loss: 7.3137e-01 | Valid loss: 7.2332e-01 | Train acc: 0.7105 ± 0.0000 | Valid acc: 0.7097 ± 0.0000 | Valid Power: 0.0010 | Train Power: 0.0011 | patience:  20 | lr: 0.025 | Epoch time: 0.1 |

2024-09-09 10:25:19,436 - INFO -
| Epoch:    430 | Train loss: 7.3088e-01 | Valid loss: 7.2367e-01 | Train acc: 0.7105 ± 0.0000 | Valid acc: 0.7097 ± 0.0000 | Valid Power: 0.0009 | Train Power: 0.0010 | patience:  30 | lr: 0.025 | Epoch time: 0.1 |

2024-09-09 10:25:20,504 - INFO -
| Epoch:    440 | Train loss: 7.3025e-01 | Valid loss: 7.2339e-01 | Train acc: 0.7105 ± 0.0000 | Valid acc: 0.7097 ± 0.0000 | Valid Power: 0.0009 | Train Power: 0.0009 | patience:  40 | lr: 0.025 | Epoch time: 0.1 |

2024-09-09 10:25:21,573 - INFO -
| Epoch:    450 | Train loss: 7.2964e-01 | Valid loss: 7.2330e-01 | Train acc: 0.7105 ± 0.0000 | Valid acc: 0.7097 ± 0.0000 | Valid Power: 0.0009 | Train Power: 0.0009 | patience:  50 | lr: 0.025 | Epoch time: 0.1 |

2024-09-09 10:25:22,642 - INFO -
| Epoch:    460 | Train loss: 7.2912e-01 | Valid loss: 7.2333e-01 | Train acc: 0.7105 ± 0.0000 | Valid acc: 0.7097 ± 0.0000 | Valid Power: 0.0009 | Train Power: 0.0009 | patience:  60 | lr: 0.025 | Epoch time: 0.1 |

2024-09-09 10:25:23,711 - INFO -
| Epoch:    470 | Train loss: 7.2867e-01 | Valid loss: 7.2339e-01 | Train acc: 0.7105 ± 0.0000 | Valid acc: 0.7097 ± 0.0000 | Valid Power: 0.0009 | Train Power: 0.0009 | patience:  70 | lr: 0.025 | Epoch time: 0.1 |

2024-09-09 10:25:24,780 - INFO -
| Epoch:    480 | Train loss: 7.3229e-01 | Valid loss: 7.2488e-01 | Train acc: 0.7105 ± 0.0000 | Valid acc: 0.7097 ± 0.0000 | Valid Power: 0.0009 | Train Power: 0.0009 | patience:  80 | lr: 0.025 | Epoch time: 0.1 |

2024-09-09 10:25:25,863 - INFO -
| Epoch:    490 | Train loss: 7.3140e-01 | Valid loss: 7.0454e-01 | Train acc: 0.6971 ± 0.0000 | Valid acc: 0.7097 ± 0.0000 | Valid Power: 0.0009 | Train Power: 0.0009 | patience:   0 | lr: 0.025 | Epoch time: 0.1 |

2024-09-09 10:25:26,941 - INFO -
| Epoch:    500 | Train loss: 7.2983e-01 | Valid loss: 7.2133e-01 | Train acc: 0.6783 ± 0.0000 | Valid acc: 0.6694 ± 0.0000 | Valid Power: 0.0009 | Train Power: 0.0009 | patience:   7 | lr: 0.025 | Epoch time: 0.1 |

2024-09-09 10:25:28,007 - INFO -
| Epoch:    510 | Train loss: 7.3512e-01 | Valid loss: 7.2157e-01 | Train acc: 0.6676 ± 0.0000 | Valid acc: 0.6694 ± 0.0000 | Valid Power: 0.0010 | Train Power: 0.0010 | patience:  17 | lr: 0.025 | Epoch time: 0.1 |

2024-09-09 10:25:29,074 - INFO -
| Epoch:    520 | Train loss: 7.3391e-01 | Valid loss: 7.2121e-01 | Train acc: 0.6676 ± 0.0000 | Valid acc: 0.6694 ± 0.0000 | Valid Power: 0.0057 | Train Power: 0.0010 | patience:  27 | lr: 0.025 | Epoch time: 0.1 |

2024-09-09 10:25:30,150 - INFO -
| Epoch:    530 | Train loss: 7.3504e-01 | Valid loss: 6.9849e-01 | Train acc: 0.6783 ± 0.0000 | Valid acc: 0.7097 ± 0.0000 | Valid Power: 0.0009 | Train Power: 0.0009 | patience:   0 | lr: 0.025 | Epoch time: 0.1 |

2024-09-09 10:25:31,246 - INFO -
| Epoch:    540 | Train loss: 7.3482e-01 | Valid loss: 6.9958e-01 | Train acc: 0.6783 ± 0.0000 | Valid acc: 0.7097 ± 0.0000 | Valid Power: 0.0009 | Train Power: 0.0009 | patience:   8 | lr: 0.025 | Epoch time: 0.1 |

2024-09-09 10:25:32,315 - INFO -
| Epoch:    550 | Train loss: 7.3448e-01 | Valid loss: 6.9843e-01 | Train acc: 0.6783 ± 0.0000 | Valid acc: 0.7097 ± 0.0000 | Valid Power: 0.0009 | Train Power: 0.0009 | patience:  18 | lr: 0.025 | Epoch time: 0.1 |

2024-09-09 10:25:33,379 - INFO -
| Epoch:    560 | Train loss: 7.3371e-01 | Valid loss: 6.9863e-01 | Train acc: 0.6783 ± 0.0000 | Valid acc: 0.7097 ± 0.0000 | Valid Power: 0.0009 | Train Power: 0.0009 | patience:  28 | lr: 0.025 | Epoch time: 0.1 |

2024-09-09 10:25:34,443 - INFO -
| Epoch:    570 | Train loss: 7.3281e-01 | Valid loss: 6.9845e-01 | Train acc: 0.6783 ± 0.0000 | Valid acc: 0.7097 ± 0.0000 | Valid Power: 0.0009 | Train Power: 0.0009 | patience:  38 | lr: 0.025 | Epoch time: 0.1 |

2024-09-09 10:25:35,513 - INFO -
| Epoch:    580 | Train loss: 7.3103e-01 | Valid loss: 7.1800e-01 | Train acc: 0.7105 ± 0.0000 | Valid acc: 0.7097 ± 0.0000 | Valid Power: 0.0009 | Train Power: 0.0009 | patience:   6 | lr: 0.025 | Epoch time: 0.1 |

2024-09-09 10:25:36,586 - INFO -
| Epoch:    590 | Train loss: 7.2974e-01 | Valid loss: 7.2821e-01 | Train acc: 0.7105 ± 0.0000 | Valid acc: 0.7097 ± 0.0000 | Valid Power: 0.0009 | Train Power: 0.0009 | patience:  16 | lr: 0.025 | Epoch time: 0.1 |

2024-09-09 10:25:37,651 - INFO -
| Epoch:    600 | Train loss: 7.2901e-01 | Valid loss: 7.2674e-01 | Train acc: 0.7105 ± 0.0000 | Valid acc: 0.7097 ± 0.0000 | Valid Power: 0.0009 | Train Power: 0.0009 | patience:  26 | lr: 0.025 | Epoch time: 0.1 |

2024-09-09 10:25:38,714 - INFO -
| Epoch:    610 | Train loss: 7.2885e-01 | Valid loss: 7.2685e-01 | Train acc: 0.7105 ± 0.0000 | Valid acc: 0.7097 ± 0.0000 | Valid Power: 0.0009 | Train Power: 0.0009 | patience:  36 | lr: 0.025 | Epoch time: 0.1 |

2024-09-09 10:25:39,777 - INFO -
| Epoch:    620 | Train loss: 7.2867e-01 | Valid loss: 7.2751e-01 | Train acc: 0.7105 ± 0.0000 | Valid acc: 0.7097 ± 0.0000 | Valid Power: 0.0009 | Train Power: 0.0009 | patience:  46 | lr: 0.025 | Epoch time: 0.1 |

2024-09-09 10:25:40,842 - INFO -
| Epoch:    630 | Train loss: 7.2848e-01 | Valid loss: 7.2697e-01 | Train acc: 0.7105 ± 0.0000 | Valid acc: 0.7097 ± 0.0000 | Valid Power: 0.0010 | Train Power: 0.0010 | patience:  56 | lr: 0.025 | Epoch time: 0.1 |

2024-09-09 10:25:41,907 - INFO -
| Epoch:    640 | Train loss: 7.2832e-01 | Valid loss: 7.2705e-01 | Train acc: 0.7105 ± 0.0000 | Valid acc: 0.7097 ± 0.0000 | Valid Power: 0.0009 | Train Power: 0.0009 | patience:  66 | lr: 0.025 | Epoch time: 0.1 |

2024-09-09 10:25:42,974 - INFO -
| Epoch:    650 | Train loss: 7.2816e-01 | Valid loss: 7.2698e-01 | Train acc: 0.7105 ± 0.0000 | Valid acc: 0.7097 ± 0.0000 | Valid Power: 0.0009 | Train Power: 0.0009 | patience:  76 | lr: 0.025 | Epoch time: 0.1 |

2024-09-09 10:25:44,041 - INFO -
| Epoch:    660 | Train loss: 7.2798e-01 | Valid loss: 7.2664e-01 | Train acc: 0.7105 ± 0.0000 | Valid acc: 0.7097 ± 0.0000 | Valid Power: 0.0009 | Train Power: 0.0009 | patience:  86 | lr: 0.025 | Epoch time: 0.1 |

2024-09-09 10:25:45,199 - INFO -
| Epoch:    670 | Train loss: 7.2777e-01 | Valid loss: 7.2628e-01 | Train acc: 0.7105 ± 0.0000 | Valid acc: 0.7097 ± 0.0000 | Valid Power: 0.0009 | Train Power: 0.0009 | patience:  96 | lr: 0.025 | Epoch time: 0.1 |

2024-09-09 10:25:45,734 - INFO -
load best network to warm start training with lower lr.

2024-09-09 10:25:45,734 - INFO -
lr update to 0.0125.

2024-09-09 10:25:46,267 - INFO -
| Epoch:    680 | Train loss: 7.2806e-01 | Valid loss: 7.0472e-01 | Train acc: 0.6971 ± 0.0000 | Valid acc: 0.7097 ± 0.0000 | Valid Power: 0.0009 | Train Power: 0.0009 | patience:   5 | lr: 0.0125 | Epoch time: 0.1 |

2024-09-09 10:25:47,331 - INFO -
| Epoch:    690 | Train loss: 7.2132e-01 | Valid loss: 7.0348e-01 | Train acc: 0.7105 ± 0.0000 | Valid acc: 0.7258 ± 0.0000 | Valid Power: 0.0009 | Train Power: 0.0009 | patience:  15 | lr: 0.0125 | Epoch time: 0.1 |

2024-09-09 10:25:48,397 - INFO -
| Epoch:    700 | Train loss: 7.2025e-01 | Valid loss: 7.0014e-01 | Train acc: 0.7105 ± 0.0000 | Valid acc: 0.7097 ± 0.0000 | Valid Power: 0.0009 | Train Power: 0.0009 | patience:  25 | lr: 0.0125 | Epoch time: 0.1 |

2024-09-09 10:25:49,464 - INFO -
| Epoch:    710 | Train loss: 7.2007e-01 | Valid loss: 6.9947e-01 | Train acc: 0.7105 ± 0.0000 | Valid acc: 0.7097 ± 0.0000 | Valid Power: 0.0009 | Train Power: 0.0009 | patience:  35 | lr: 0.0125 | Epoch time: 0.1 |

2024-09-09 10:25:50,529 - INFO -
| Epoch:    720 | Train loss: 7.1992e-01 | Valid loss: 6.9945e-01 | Train acc: 0.7105 ± 0.0000 | Valid acc: 0.7097 ± 0.0000 | Valid Power: 0.0009 | Train Power: 0.0009 | patience:  45 | lr: 0.0125 | Epoch time: 0.1 |

2024-09-09 10:25:51,595 - INFO -
| Epoch:    730 | Train loss: 7.1980e-01 | Valid loss: 6.9934e-01 | Train acc: 0.7105 ± 0.0000 | Valid acc: 0.7097 ± 0.0000 | Valid Power: 0.0009 | Train Power: 0.0009 | patience:  55 | lr: 0.0125 | Epoch time: 0.1 |

2024-09-09 10:25:52,660 - INFO -
| Epoch:    740 | Train loss: 7.1967e-01 | Valid loss: 6.9964e-01 | Train acc: 0.7105 ± 0.0000 | Valid acc: 0.7097 ± 0.0000 | Valid Power: 0.0009 | Train Power: 0.0009 | patience:  65 | lr: 0.0125 | Epoch time: 0.1 |

2024-09-09 10:25:53,727 - INFO -
| Epoch:    750 | Train loss: 7.1949e-01 | Valid loss: 6.9993e-01 | Train acc: 0.7105 ± 0.0000 | Valid acc: 0.7097 ± 0.0000 | Valid Power: 0.0011 | Train Power: 0.0010 | patience:  75 | lr: 0.0125 | Epoch time: 0.1 |

2024-09-09 10:25:54,792 - INFO -
| Epoch:    760 | Train loss: 7.1937e-01 | Valid loss: 6.9951e-01 | Train acc: 0.7105 ± 0.0000 | Valid acc: 0.7097 ± 0.0000 | Valid Power: 0.0010 | Train Power: 0.0010 | patience:  85 | lr: 0.0125 | Epoch time: 0.1 |

2024-09-09 10:25:55,857 - INFO -
| Epoch:    770 | Train loss: 7.1925e-01 | Valid loss: 6.9956e-01 | Train acc: 0.7105 ± 0.0000 | Valid acc: 0.7097 ± 0.0000 | Valid Power: 0.0010 | Train Power: 0.0010 | patience:  95 | lr: 0.0125 | Epoch time: 0.1 |

2024-09-09 10:25:56,498 - INFO -
load best network to warm start training with lower lr.

2024-09-09 10:25:56,498 - INFO -
lr update to 0.00625.

2024-09-09 10:25:56,924 - INFO -
| Epoch:    780 | Train loss: 7.2862e-01 | Valid loss: 7.0491e-01 | Train acc: 0.6971 ± 0.0000 | Valid acc: 0.7097 ± 0.0000 | Valid Power: 0.0009 | Train Power: 0.0009 | patience:   4 | lr: 0.00625 | Epoch time: 0.1 |

2024-09-09 10:25:57,990 - INFO -
| Epoch:    790 | Train loss: 7.2797e-01 | Valid loss: 7.0514e-01 | Train acc: 0.6971 ± 0.0000 | Valid acc: 0.7097 ± 0.0000 | Valid Power: 0.0009 | Train Power: 0.0009 | patience:  14 | lr: 0.00625 | Epoch time: 0.1 |

2024-09-09 10:25:59,053 - INFO -
| Epoch:    800 | Train loss: 7.2758e-01 | Valid loss: 7.0524e-01 | Train acc: 0.6971 ± 0.0000 | Valid acc: 0.7097 ± 0.0000 | Valid Power: 0.0009 | Train Power: 0.0009 | patience:  24 | lr: 0.00625 | Epoch time: 0.1 |

2024-09-09 10:26:00,117 - INFO -
| Epoch:    810 | Train loss: 7.2580e-01 | Valid loss: 7.0464e-01 | Train acc: 0.7131 ± 0.0000 | Valid acc: 0.7258 ± 0.0000 | Valid Power: 0.0009 | Train Power: 0.0009 | patience:  34 | lr: 0.00625 | Epoch time: 0.1 |

2024-09-09 10:26:01,254 - INFO -
| Epoch:    820 | Train loss: 7.2037e-01 | Valid loss: 7.0458e-01 | Train acc: 0.7105 ± 0.0000 | Valid acc: 0.7097 ± 0.0000 | Valid Power: 0.0009 | Train Power: 0.0009 | patience:  44 | lr: 0.00625 | Epoch time: 0.1 |

2024-09-09 10:26:02,322 - INFO -
| Epoch:    830 | Train loss: 7.2012e-01 | Valid loss: 6.9972e-01 | Train acc: 0.7105 ± 0.0000 | Valid acc: 0.7097 ± 0.0000 | Valid Power: 0.0009 | Train Power: 0.0009 | patience:  54 | lr: 0.00625 | Epoch time: 0.1 |

2024-09-09 10:26:03,389 - INFO -
| Epoch:    840 | Train loss: 7.1998e-01 | Valid loss: 7.0173e-01 | Train acc: 0.7105 ± 0.0000 | Valid acc: 0.7097 ± 0.0000 | Valid Power: 0.0009 | Train Power: 0.0009 | patience:  64 | lr: 0.00625 | Epoch time: 0.1 |

2024-09-09 10:26:04,456 - INFO -
| Epoch:    850 | Train loss: 7.1992e-01 | Valid loss: 6.9955e-01 | Train acc: 0.7105 ± 0.0000 | Valid acc: 0.7097 ± 0.0000 | Valid Power: 0.0009 | Train Power: 0.0009 | patience:  74 | lr: 0.00625 | Epoch time: 0.1 |

2024-09-09 10:26:05,521 - INFO -
| Epoch:    860 | Train loss: 7.1984e-01 | Valid loss: 7.0042e-01 | Train acc: 0.7105 ± 0.0000 | Valid acc: 0.7097 ± 0.0000 | Valid Power: 0.0009 | Train Power: 0.0009 | patience:  84 | lr: 0.00625 | Epoch time: 0.1 |

2024-09-09 10:26:06,595 - INFO -
| Epoch:    870 | Train loss: 7.1975e-01 | Valid loss: 6.9979e-01 | Train acc: 0.7105 ± 0.0000 | Valid acc: 0.7097 ± 0.0000 | Valid Power: 0.0009 | Train Power: 0.0009 | patience:  94 | lr: 0.00625 | Epoch time: 0.1 |

2024-09-09 10:26:07,345 - INFO -
load best network to warm start training with lower lr.

2024-09-09 10:26:07,345 - INFO -
lr update to 0.003125.

2024-09-09 10:26:07,666 - INFO -
| Epoch:    880 | Train loss: 7.2645e-01 | Valid loss: 7.0023e-01 | Train acc: 0.6971 ± 0.0000 | Valid acc: 0.7097 ± 0.0000 | Valid Power: 0.0009 | Train Power: 0.0009 | patience:   3 | lr: 0.003125 | Epoch time: 0.1 |

2024-09-09 10:26:08,742 - INFO -
| Epoch:    890 | Train loss: 7.2445e-01 | Valid loss: 6.9621e-01 | Train acc: 0.6971 ± 0.0000 | Valid acc: 0.7097 ± 0.0000 | Valid Power: 0.0009 | Train Power: 0.0009 | patience:   7 | lr: 0.003125 | Epoch time: 0.1 |

2024-09-09 10:26:09,807 - INFO -
| Epoch:    900 | Train loss: 7.2450e-01 | Valid loss: 6.9715e-01 | Train acc: 0.6971 ± 0.0000 | Valid acc: 0.7097 ± 0.0000 | Valid Power: 0.0009 | Train Power: 0.0009 | patience:  17 | lr: 0.003125 | Epoch time: 0.1 |

2024-09-09 10:26:10,877 - INFO -
| Epoch:    910 | Train loss: 7.2431e-01 | Valid loss: 6.9834e-01 | Train acc: 0.6971 ± 0.0000 | Valid acc: 0.7097 ± 0.0000 | Valid Power: 0.0009 | Train Power: 0.0009 | patience:  27 | lr: 0.003125 | Epoch time: 0.1 |

2024-09-09 10:26:11,941 - INFO -
| Epoch:    920 | Train loss: 7.2422e-01 | Valid loss: 6.9717e-01 | Train acc: 0.6971 ± 0.0000 | Valid acc: 0.7097 ± 0.0000 | Valid Power: 0.0009 | Train Power: 0.0009 | patience:  37 | lr: 0.003125 | Epoch time: 0.1 |

2024-09-09 10:26:13,006 - INFO -
| Epoch:    930 | Train loss: 7.2416e-01 | Valid loss: 6.9783e-01 | Train acc: 0.6971 ± 0.0000 | Valid acc: 0.7097 ± 0.0000 | Valid Power: 0.0009 | Train Power: 0.0009 | patience:  47 | lr: 0.003125 | Epoch time: 0.1 |

2024-09-09 10:26:14,069 - INFO -
| Epoch:    940 | Train loss: 7.2410e-01 | Valid loss: 6.9761e-01 | Train acc: 0.6971 ± 0.0000 | Valid acc: 0.7097 ± 0.0000 | Valid Power: 0.0009 | Train Power: 0.0009 | patience:  57 | lr: 0.003125 | Epoch time: 0.1 |

2024-09-09 10:26:15,135 - INFO -
| Epoch:    950 | Train loss: 7.2405e-01 | Valid loss: 6.9747e-01 | Train acc: 0.6971 ± 0.0000 | Valid acc: 0.7097 ± 0.0000 | Valid Power: 0.0009 | Train Power: 0.0009 | patience:  67 | lr: 0.003125 | Epoch time: 0.1 |

2024-09-09 10:26:16,199 - INFO -
| Epoch:    960 | Train loss: 7.2400e-01 | Valid loss: 6.9752e-01 | Train acc: 0.6971 ± 0.0000 | Valid acc: 0.7097 ± 0.0000 | Valid Power: 0.0009 | Train Power: 0.0009 | patience:  77 | lr: 0.003125 | Epoch time: 0.1 |

2024-09-09 10:26:17,263 - INFO -
| Epoch:    970 | Train loss: 7.2395e-01 | Valid loss: 6.9755e-01 | Train acc: 0.6971 ± 0.0000 | Valid acc: 0.7097 ± 0.0000 | Valid Power: 0.0009 | Train Power: 0.0009 | patience:  87 | lr: 0.003125 | Epoch time: 0.1 |

2024-09-09 10:26:18,328 - INFO -
| Epoch:    980 | Train loss: 7.2390e-01 | Valid loss: 6.9754e-01 | Train acc: 0.6971 ± 0.0000 | Valid acc: 0.7097 ± 0.0000 | Valid Power: 0.0009 | Train Power: 0.0009 | patience:  97 | lr: 0.003125 | Epoch time: 0.1 |

2024-09-09 10:26:18,757 - INFO -
load best network to warm start training with lower lr.

2024-09-09 10:26:18,757 - INFO -
lr update to 0.0015625.

2024-09-09 10:26:19,396 - INFO -
| Epoch:    990 | Train loss: 7.2466e-01 | Valid loss: 6.9672e-01 | Train acc: 0.6971 ± 0.0000 | Valid acc: 0.7097 ± 0.0000 | Valid Power: 0.0009 | Train Power: 0.0009 | patience:   6 | lr: 0.0015625 | Epoch time: 0.1 |

2024-09-09 10:26:20,460 - INFO -
| Epoch:   1000 | Train loss: 7.2434e-01 | Valid loss: 6.9844e-01 | Train acc: 0.6971 ± 0.0000 | Valid acc: 0.7097 ± 0.0000 | Valid Power: 0.0009 | Train Power: 0.0009 | patience:  16 | lr: 0.0015625 | Epoch time: 0.1 |

2024-09-09 10:26:21,524 - INFO -
| Epoch:   1010 | Train loss: 7.2433e-01 | Valid loss: 6.9775e-01 | Train acc: 0.6971 ± 0.0000 | Valid acc: 0.7097 ± 0.0000 | Valid Power: 0.0009 | Train Power: 0.0009 | patience:  26 | lr: 0.0015625 | Epoch time: 0.1 |

2024-09-09 10:26:22,586 - INFO -
| Epoch:   1020 | Train loss: 7.2428e-01 | Valid loss: 6.9736e-01 | Train acc: 0.6971 ± 0.0000 | Valid acc: 0.7097 ± 0.0000 | Valid Power: 0.0009 | Train Power: 0.0009 | patience:  36 | lr: 0.0015625 | Epoch time: 0.1 |

2024-09-09 10:26:23,654 - INFO -
| Epoch:   1030 | Train loss: 7.2424e-01 | Valid loss: 6.9780e-01 | Train acc: 0.6971 ± 0.0000 | Valid acc: 0.7097 ± 0.0000 | Valid Power: 0.0009 | Train Power: 0.0009 | patience:  46 | lr: 0.0015625 | Epoch time: 0.1 |

2024-09-09 10:26:24,718 - INFO -
| Epoch:   1040 | Train loss: 7.2421e-01 | Valid loss: 6.9751e-01 | Train acc: 0.6971 ± 0.0000 | Valid acc: 0.7097 ± 0.0000 | Valid Power: 0.0009 | Train Power: 0.0009 | patience:  56 | lr: 0.0015625 | Epoch time: 0.1 |

2024-09-09 10:26:25,782 - INFO -
| Epoch:   1050 | Train loss: 7.2418e-01 | Valid loss: 6.9765e-01 | Train acc: 0.6971 ± 0.0000 | Valid acc: 0.7097 ± 0.0000 | Valid Power: 0.0009 | Train Power: 0.0009 | patience:  66 | lr: 0.0015625 | Epoch time: 0.1 |

2024-09-09 10:26:26,939 - INFO -
| Epoch:   1060 | Train loss: 7.2415e-01 | Valid loss: 6.9760e-01 | Train acc: 0.6971 ± 0.0000 | Valid acc: 0.7097 ± 0.0000 | Valid Power: 0.0009 | Train Power: 0.0009 | patience:  76 | lr: 0.0015625 | Epoch time: 0.1 |

2024-09-09 10:26:28,004 - INFO -
| Epoch:   1070 | Train loss: 7.2412e-01 | Valid loss: 6.9756e-01 | Train acc: 0.6971 ± 0.0000 | Valid acc: 0.7097 ± 0.0000 | Valid Power: 0.0009 | Train Power: 0.0009 | patience:  86 | lr: 0.0015625 | Epoch time: 0.1 |

2024-09-09 10:26:29,068 - INFO -
| Epoch:   1080 | Train loss: 7.2409e-01 | Valid loss: 6.9757e-01 | Train acc: 0.6971 ± 0.0000 | Valid acc: 0.7097 ± 0.0000 | Valid Power: 0.0009 | Train Power: 0.0009 | patience:  96 | lr: 0.0015625 | Epoch time: 0.1 |

2024-09-09 10:26:29,604 - INFO -
load best network to warm start training with lower lr.

2024-09-09 10:26:29,604 - INFO -
lr update to 0.00078125.

2024-09-09 10:26:30,136 - INFO -
| Epoch:   1090 | Train loss: 7.2470e-01 | Valid loss: 6.9824e-01 | Train acc: 0.6971 ± 0.0000 | Valid acc: 0.7097 ± 0.0000 | Valid Power: 0.0009 | Train Power: 0.0009 | patience:   5 | lr: 0.00078125 | Epoch time: 0.1 |

2024-09-09 10:26:31,201 - INFO -
| Epoch:   1100 | Train loss: 7.2446e-01 | Valid loss: 6.9853e-01 | Train acc: 0.6971 ± 0.0000 | Valid acc: 0.7097 ± 0.0000 | Valid Power: 0.0009 | Train Power: 0.0009 | patience:  15 | lr: 0.00078125 | Epoch time: 0.1 |

2024-09-09 10:26:32,264 - INFO -
| Epoch:   1110 | Train loss: 7.2434e-01 | Valid loss: 6.9810e-01 | Train acc: 0.6971 ± 0.0000 | Valid acc: 0.7097 ± 0.0000 | Valid Power: 0.0009 | Train Power: 0.0009 | patience:  25 | lr: 0.00078125 | Epoch time: 0.1 |

2024-09-09 10:26:33,330 - INFO -
| Epoch:   1120 | Train loss: 7.2432e-01 | Valid loss: 6.9777e-01 | Train acc: 0.6971 ± 0.0000 | Valid acc: 0.7097 ± 0.0000 | Valid Power: 0.0009 | Train Power: 0.0009 | patience:  35 | lr: 0.00078125 | Epoch time: 0.1 |

2024-09-09 10:26:34,395 - INFO -
| Epoch:   1130 | Train loss: 7.2431e-01 | Valid loss: 6.9766e-01 | Train acc: 0.6971 ± 0.0000 | Valid acc: 0.7097 ± 0.0000 | Valid Power: 0.0009 | Train Power: 0.0009 | patience:  45 | lr: 0.00078125 | Epoch time: 0.1 |

2024-09-09 10:26:35,460 - INFO -
| Epoch:   1140 | Train loss: 7.2429e-01 | Valid loss: 6.9765e-01 | Train acc: 0.6971 ± 0.0000 | Valid acc: 0.7097 ± 0.0000 | Valid Power: 0.0009 | Train Power: 0.0009 | patience:  55 | lr: 0.00078125 | Epoch time: 0.1 |

2024-09-09 10:26:36,525 - INFO -
| Epoch:   1150 | Train loss: 7.2428e-01 | Valid loss: 6.9766e-01 | Train acc: 0.6971 ± 0.0000 | Valid acc: 0.7097 ± 0.0000 | Valid Power: 0.0009 | Train Power: 0.0009 | patience:  65 | lr: 0.00078125 | Epoch time: 0.1 |

2024-09-09 10:26:37,588 - INFO -
| Epoch:   1160 | Train loss: 7.2426e-01 | Valid loss: 6.9767e-01 | Train acc: 0.6971 ± 0.0000 | Valid acc: 0.7097 ± 0.0000 | Valid Power: 0.0009 | Train Power: 0.0009 | patience:  75 | lr: 0.00078125 | Epoch time: 0.1 |

2024-09-09 10:26:38,654 - INFO -
| Epoch:   1170 | Train loss: 7.2424e-01 | Valid loss: 6.9765e-01 | Train acc: 0.6971 ± 0.0000 | Valid acc: 0.7097 ± 0.0000 | Valid Power: 0.0009 | Train Power: 0.0009 | patience:  85 | lr: 0.00078125 | Epoch time: 0.1 |

2024-09-09 10:26:39,720 - INFO -
| Epoch:   1180 | Train loss: 7.2423e-01 | Valid loss: 6.9762e-01 | Train acc: 0.6971 ± 0.0000 | Valid acc: 0.7097 ± 0.0000 | Valid Power: 0.0009 | Train Power: 0.0009 | patience:  95 | lr: 0.00078125 | Epoch time: 0.1 |

2024-09-09 10:26:40,363 - INFO -
load best network to warm start training with lower lr.

2024-09-09 10:26:40,363 - INFO -
lr update to 0.000390625.

2024-09-09 10:26:40,790 - INFO -
| Epoch:   1190 | Train loss: 7.2439e-01 | Valid loss: 6.9827e-01 | Train acc: 0.6971 ± 0.0000 | Valid acc: 0.7097 ± 0.0000 | Valid Power: 0.0009 | Train Power: 0.0009 | patience:   4 | lr: 0.000390625 | Epoch time: 0.1 |

2024-09-09 10:26:41,926 - INFO -
| Epoch:   1200 | Train loss: 7.2448e-01 | Valid loss: 6.9671e-01 | Train acc: 0.6971 ± 0.0000 | Valid acc: 0.7097 ± 0.0000 | Valid Power: 0.0009 | Train Power: 0.0009 | patience:  14 | lr: 0.000390625 | Epoch time: 0.1 |

2024-09-09 10:26:42,991 - INFO -
| Epoch:   1210 | Train loss: 7.2441e-01 | Valid loss: 6.9815e-01 | Train acc: 0.6971 ± 0.0000 | Valid acc: 0.7097 ± 0.0000 | Valid Power: 0.0009 | Train Power: 0.0009 | patience:  24 | lr: 0.000390625 | Epoch time: 0.1 |

2024-09-09 10:26:44,056 - INFO -
| Epoch:   1220 | Train loss: 7.2435e-01 | Valid loss: 6.9750e-01 | Train acc: 0.6971 ± 0.0000 | Valid acc: 0.7097 ± 0.0000 | Valid Power: 0.0009 | Train Power: 0.0009 | patience:  34 | lr: 0.000390625 | Epoch time: 0.1 |

2024-09-09 10:26:45,119 - INFO -
| Epoch:   1230 | Train loss: 7.2434e-01 | Valid loss: 6.9752e-01 | Train acc: 0.6971 ± 0.0000 | Valid acc: 0.7097 ± 0.0000 | Valid Power: 0.0009 | Train Power: 0.0009 | patience:  44 | lr: 0.000390625 | Epoch time: 0.1 |

2024-09-09 10:26:46,183 - INFO -
| Epoch:   1240 | Train loss: 7.2433e-01 | Valid loss: 6.9778e-01 | Train acc: 0.6971 ± 0.0000 | Valid acc: 0.7097 ± 0.0000 | Valid Power: 0.0009 | Train Power: 0.0009 | patience:  54 | lr: 0.000390625 | Epoch time: 0.1 |

2024-09-09 10:26:47,244 - INFO -
| Epoch:   1250 | Train loss: 7.2432e-01 | Valid loss: 6.9767e-01 | Train acc: 0.6971 ± 0.0000 | Valid acc: 0.7097 ± 0.0000 | Valid Power: 0.0009 | Train Power: 0.0009 | patience:  64 | lr: 0.000390625 | Epoch time: 0.1 |

2024-09-09 10:26:48,309 - INFO -
| Epoch:   1260 | Train loss: 7.2431e-01 | Valid loss: 6.9761e-01 | Train acc: 0.6971 ± 0.0000 | Valid acc: 0.7097 ± 0.0000 | Valid Power: 0.0009 | Train Power: 0.0009 | patience:  74 | lr: 0.000390625 | Epoch time: 0.1 |

2024-09-09 10:26:49,373 - INFO -
| Epoch:   1270 | Train loss: 7.2431e-01 | Valid loss: 6.9763e-01 | Train acc: 0.6971 ± 0.0000 | Valid acc: 0.7097 ± 0.0000 | Valid Power: 0.0009 | Train Power: 0.0009 | patience:  84 | lr: 0.000390625 | Epoch time: 0.1 |

2024-09-09 10:26:50,441 - INFO -
| Epoch:   1280 | Train loss: 7.2430e-01 | Valid loss: 6.9765e-01 | Train acc: 0.6971 ± 0.0000 | Valid acc: 0.7097 ± 0.0000 | Valid Power: 0.0009 | Train Power: 0.0009 | patience:  94 | lr: 0.000390625 | Epoch time: 0.1 |

2024-09-09 10:26:51,187 - INFO -
load best network to warm start training with lower lr.

2024-09-09 10:26:51,188 - INFO -
lr update to 0.0001953125.

2024-09-09 10:26:51,507 - INFO -
| Epoch:   1290 | Train loss: 7.2501e-01 | Valid loss: 6.9609e-01 | Train acc: 0.6971 ± 0.0000 | Valid acc: 0.7097 ± 0.0000 | Valid Power: 0.0009 | Train Power: 0.0009 | patience:   3 | lr: 0.0001953125 | Epoch time: 0.1 |

2024-09-09 10:26:52,568 - INFO -
| Epoch:   1300 | Train loss: 7.2456e-01 | Valid loss: 6.9864e-01 | Train acc: 0.6971 ± 0.0000 | Valid acc: 0.7097 ± 0.0000 | Valid Power: 0.0009 | Train Power: 0.0009 | patience:  13 | lr: 0.0001953125 | Epoch time: 0.1 |

2024-09-09 10:26:53,628 - INFO -
| Epoch:   1310 | Train loss: 7.2442e-01 | Valid loss: 6.9698e-01 | Train acc: 0.6971 ± 0.0000 | Valid acc: 0.7097 ± 0.0000 | Valid Power: 0.0009 | Train Power: 0.0009 | patience:  23 | lr: 0.0001953125 | Epoch time: 0.1 |

2024-09-09 10:26:54,691 - INFO -
| Epoch:   1320 | Train loss: 7.2437e-01 | Valid loss: 6.9787e-01 | Train acc: 0.6971 ± 0.0000 | Valid acc: 0.7097 ± 0.0000 | Valid Power: 0.0009 | Train Power: 0.0009 | patience:  33 | lr: 0.0001953125 | Epoch time: 0.1 |

2024-09-09 10:26:55,752 - INFO -
| Epoch:   1330 | Train loss: 7.2436e-01 | Valid loss: 6.9747e-01 | Train acc: 0.6971 ± 0.0000 | Valid acc: 0.7097 ± 0.0000 | Valid Power: 0.0009 | Train Power: 0.0009 | patience:  43 | lr: 0.0001953125 | Epoch time: 0.1 |

2024-09-09 10:26:56,814 - INFO -
| Epoch:   1340 | Train loss: 7.2435e-01 | Valid loss: 6.9766e-01 | Train acc: 0.6971 ± 0.0000 | Valid acc: 0.7097 ± 0.0000 | Valid Power: 0.0009 | Train Power: 0.0009 | patience:  53 | lr: 0.0001953125 | Epoch time: 0.1 |

2024-09-09 10:26:57,875 - INFO -
| Epoch:   1350 | Train loss: 7.2435e-01 | Valid loss: 6.9759e-01 | Train acc: 0.6971 ± 0.0000 | Valid acc: 0.7097 ± 0.0000 | Valid Power: 0.0009 | Train Power: 0.0009 | patience:  63 | lr: 0.0001953125 | Epoch time: 0.1 |

2024-09-09 10:26:58,939 - INFO -
| Epoch:   1360 | Train loss: 7.2434e-01 | Valid loss: 6.9765e-01 | Train acc: 0.6971 ± 0.0000 | Valid acc: 0.7097 ± 0.0000 | Valid Power: 0.0009 | Train Power: 0.0009 | patience:  73 | lr: 0.0001953125 | Epoch time: 0.1 |

2024-09-09 10:26:59,984 - INFO -
| Epoch:   1370 | Train loss: 7.2434e-01 | Valid loss: 6.9761e-01 | Train acc: 0.6971 ± 0.0000 | Valid acc: 0.7097 ± 0.0000 | Valid Power: 0.0009 | Train Power: 0.0009 | patience:  83 | lr: 0.0001953125 | Epoch time: 0.1 |

2024-09-09 10:27:01,025 - INFO -
| Epoch:   1380 | Train loss: 7.2433e-01 | Valid loss: 6.9766e-01 | Train acc: 0.6971 ± 0.0000 | Valid acc: 0.7097 ± 0.0000 | Valid Power: 0.0009 | Train Power: 0.0009 | patience:  93 | lr: 0.0001953125 | Epoch time: 0.1 |

2024-09-09 10:27:01,847 - INFO -
load best network to warm start training with lower lr.

2024-09-09 10:27:01,847 - INFO -
lr update to 9.765625e-05.

2024-09-09 10:27:01,847 - INFO -
Early stop.

2024-09-09 10:27:01,862 - INFO -
Training if finished.

2024-09-11 15:04:06,606 - INFO -
Configuration: 
gmin                0.01
gmax                10.0
T                   0.1
m                   0.3
type_nonlinear      normal
act                 tanh
ACT_R1n             12.7865
ACT_R2n             -3.1871
ACT_W1n             -10.4537
ACT_L1n             10.546
ACT_W2n             -5.8496
ACT_L2n             4.2337
S_R1n               -11.7481
S_R2n               -0.3905
S_W1n               -9.169
S_L1n               0.3913
S_W2n               7.2004
S_L2n               15.5558
ReLU_RHn            -1.9557
ReLU_RLn            -20.1581
ReLU_RDn            16.6486
ReLU_RBn            -14.3472
ReLU_Wn             16.655
ReLU_Ln             -21.7591
HS_Rn               -0.3766
HS_Wn               0.5192
HS_Ln               4.6293
NEG_R1n             -7.0846
NEG_R2n             -2.5695
NEG_R3n             16.1542
NEG_W1n             13.8696
NEG_L1n             2.7635
NEG_W2n             1.2674
NEG_L2n             -10.4803
NEG_W3n             -6.4386
NEG_L3n             5.1005
task                normal
DATASET             1
DataPath            ./dataset
InputNoise          0.0
IN_test             0.0
R_train             1
R_test              1
N_time              32
pathnorm            False
hidden              [3]
skipconnection      False
SEED                9
DEVICE              cpu
PATIENCE            500
EPOCH               10000000000
LR                  0.1
PROGRESSIVE         True
LR_PATIENCE         100
LR_DECAY            0.5
LR_MIN              0.0001
metric              acc
SoftEva             True
TIMELIMITATION      71
MODE                nominal
M_train             1
K_train             1
M_test              1
K_test              1
t_test_max          1
integration         MC
N_train             1
e_train             0.0
N_test              100
e_test              0.1
e_fault             2
fault_ratio         0.0
N_fault             50
e_fault_test        0
N_fault_test        50
dropout             0.0
lagrangian_loss     False
rho                 100
powerestimator      none
powerbalance        0.0
estimatorbalance    0.0
pgmin               1e-07
power_ratio         1000
lambda_P            100
areaestimator       none
areabalance         0.0
area_theta          0.15
area_act            30.0
area_neg            22.7
lambda_A            0.001
lnc                 False
projectname         tanh_0_FaultAnalysisNormal
temppath            ./tanh_0_FaultAnalysisNormal/temp/
logfilepath         ./tanh_0_FaultAnalysisNormal/log/
report_freq         10
recording           False
recordpath          ./tanh_0_FaultAnalysisNormal/record/
savepath            ./tanh_0_FaultAnalysisNormal/models/
loglevel            info


2024-09-11 15:04:06,637 - INFO -
Training network on device: cpu.

2024-09-11 15:04:06,637 - INFO -
Training setup: data_01_balancescale_seed_09_epsilon_0.0_dropout_0.0_fault_ratio_0.0.model.

2024-09-11 15:04:06,637 - INFO -
{'dataname': 'balancescale', 'N_feature': 4, 'N_class': 3, 'N_train': 373, 'N_valid': 124, 'N_test': 79}

2024-09-11 15:04:06,649 - INFO -
Training was already finished.

2024-09-14 08:36:54,238 - INFO -
Configuration: 
gmin                0.01
gmax                10.0
T                   0.1
m                   0.3
type_nonlinear      normal
act                 tanh
ACT_R1n             12.7865
ACT_R2n             -3.1871
ACT_W1n             -10.4537
ACT_L1n             10.546
ACT_W2n             -5.8496
ACT_L2n             4.2337
S_R1n               -11.7481
S_R2n               -0.3905
S_W1n               -9.169
S_L1n               0.3913
S_W2n               7.2004
S_L2n               15.5558
ReLU_RHn            -1.9557
ReLU_RLn            -20.1581
ReLU_RDn            16.6486
ReLU_RBn            -14.3472
ReLU_Wn             16.655
ReLU_Ln             -21.7591
HS_Rn               -0.3766
HS_Wn               0.5192
HS_Ln               4.6293
NEG_R1n             -7.0846
NEG_R2n             -2.5695
NEG_R3n             16.1542
NEG_W1n             13.8696
NEG_L1n             2.7635
NEG_W2n             1.2674
NEG_L2n             -10.4803
NEG_W3n             -6.4386
NEG_L3n             5.1005
task                normal
DATASET             1
DataPath            ./dataset
InputNoise          0.0
IN_test             0.0
R_train             1
R_test              1
N_time              32
pathnorm            False
hidden              [3]
skipconnection      False
SEED                9
DEVICE              cpu
PATIENCE            500
EPOCH               10000000000
LR                  0.1
PROGRESSIVE         True
LR_PATIENCE         100
LR_DECAY            0.5
LR_MIN              0.0001
metric              acc
SoftEva             True
TIMELIMITATION      71
MODE                nominal
M_train             1
K_train             1
M_test              1
K_test              1
t_test_max          1
integration         MC
N_train             1
e_train             0.0
N_test              100
e_test              0.1
e_fault             2
fault_ratio         0.0
N_fault             50
e_fault_test        0
N_fault_test        50
dropout             0.0
lagrangian_loss     False
rho                 100
powerestimator      none
powerbalance        0.0
estimatorbalance    0.0
pgmin               1e-07
power_ratio         1000
lambda_P            100
areaestimator       none
areabalance         0.0
area_theta          0.15
area_act            30.0
area_neg            22.7
lambda_A            0.001
lnc                 False
projectname         tanh_0_FaultAnalysisNormal
temppath            ./tanh_0_FaultAnalysisNormal/temp/
logfilepath         ./tanh_0_FaultAnalysisNormal/log/
report_freq         10
recording           False
recordpath          ./tanh_0_FaultAnalysisNormal/record/
savepath            ./tanh_0_FaultAnalysisNormal/models/
loglevel            info


2024-09-14 08:36:54,258 - INFO -
Training network on device: cpu.

2024-09-14 08:36:54,258 - INFO -
Training setup: data_01_balancescale_seed_09_epsilon_0.0_dropout_0.0_fault_ratio_0.0.model.

2024-09-14 08:36:54,258 - INFO -
{'dataname': 'balancescale', 'N_feature': 4, 'N_class': 3, 'N_train': 373, 'N_valid': 124, 'N_test': 79}

2024-09-14 08:36:54,264 - INFO -
Training was already finished.

