2024-09-09 10:24:12,403 - INFO -
Configuration: 
gmin                0.01
gmax                10.0
T                   0.1
m                   0.3
type_nonlinear      normal
act                 tanh
ACT_R1n             12.7865
ACT_R2n             -3.1871
ACT_W1n             -10.4537
ACT_L1n             10.546
ACT_W2n             -5.8496
ACT_L2n             4.2337
S_R1n               -11.7481
S_R2n               -0.3905
S_W1n               -9.169
S_L1n               0.3913
S_W2n               7.2004
S_L2n               15.5558
ReLU_RHn            -1.9557
ReLU_RLn            -20.1581
ReLU_RDn            16.6486
ReLU_RBn            -14.3472
ReLU_Wn             16.655
ReLU_Ln             -21.7591
HS_Rn               -0.3766
HS_Wn               0.5192
HS_Ln               4.6293
NEG_R1n             -7.0846
NEG_R2n             -2.5695
NEG_R3n             16.1542
NEG_W1n             13.8696
NEG_L1n             2.7635
NEG_W2n             1.2674
NEG_L2n             -10.4803
NEG_W3n             -6.4386
NEG_L3n             5.1005
task                normal
DATASET             3
DataPath            ./dataset
InputNoise          0.0
IN_test             0.0
R_train             1
R_test              1
N_time              32
pathnorm            False
hidden              [3]
skipconnection      False
SEED                8
DEVICE              cpu
PATIENCE            500
EPOCH               10000000000
LR                  0.1
PROGRESSIVE         True
LR_PATIENCE         100
LR_DECAY            0.5
LR_MIN              0.0001
metric              acc
SoftEva             True
TIMELIMITATION      71
MODE                nominal
M_train             1
K_train             1
M_test              1
K_test              1
t_test_max          1
integration         MC
N_train             1
e_train             0.0
N_test              100
e_test              0.1
e_fault             2
fault_ratio         0.0
N_fault             50
e_fault_test        0
N_fault_test        50
dropout             0.0
lagrangian_loss     False
rho                 100
powerestimator      none
powerbalance        0.0
estimatorbalance    0.0
pgmin               1e-07
power_ratio         1000
lambda_P            100
areaestimator       none
areabalance         0.0
area_theta          0.15
area_act            30.0
area_neg            22.7
lambda_A            0.001
lnc                 False
projectname         tanh_0_FaultAnalysisNormal
temppath            ./tanh_0_FaultAnalysisNormal/temp/
logfilepath         ./tanh_0_FaultAnalysisNormal/log/
report_freq         10
recording           False
recordpath          ./tanh_0_FaultAnalysisNormal/record/
savepath            ./tanh_0_FaultAnalysisNormal/models/
loglevel            info


2024-09-09 10:24:12,404 - INFO -
Training network on device: cpu.

2024-09-09 10:24:12,404 - INFO -
Training setup: data_03_cardiotocography3clases_seed_08_epsilon_0.0_dropout_0.0_fault_ratio_0.0.model.

2024-09-09 10:24:12,404 - INFO -
{'dataname': 'cardiotocography3clases', 'N_feature': 21, 'N_class': 3, 'N_train': 397, 'N_valid': 127, 'N_test': 79}

2024-09-09 10:24:12,404 - INFO -
Topology of the network: [21, 3, 3].

2024-09-09 10:24:32,139 - INFO -
| Epoch:      0 | Train loss: 1.0988e+00 | Valid loss: 9.6878e-01 | Train acc: 0.1310 ± 0.0000 | Valid acc: 0.7402 ± 0.0000 | Valid Power: 0.0016 | Train Power: 0.0005 | patience:   0 | lr: 0.1 | Epoch time: 1.0 |

2024-09-09 10:24:34,067 - INFO -
| Epoch:     10 | Train loss: 6.6580e-01 | Valid loss: 7.5288e-01 | Train acc: 0.7909 ± 0.0000 | Valid acc: 0.7402 ± 0.0000 | Valid Power: 0.0016 | Train Power: 0.0016 | patience:   0 | lr: 0.1 | Epoch time: 0.2 |

2024-09-09 10:24:35,970 - INFO -
| Epoch:     20 | Train loss: 6.6203e-01 | Valid loss: 7.5324e-01 | Train acc: 0.7909 ± 0.0000 | Valid acc: 0.7402 ± 0.0000 | Valid Power: 0.0016 | Train Power: 0.0016 | patience:  10 | lr: 0.1 | Epoch time: 0.2 |

2024-09-09 10:24:37,870 - INFO -
| Epoch:     30 | Train loss: 6.6150e-01 | Valid loss: 7.5341e-01 | Train acc: 0.7909 ± 0.0000 | Valid acc: 0.7402 ± 0.0000 | Valid Power: 0.0016 | Train Power: 0.0016 | patience:  20 | lr: 0.1 | Epoch time: 0.2 |

2024-09-09 10:24:39,754 - INFO -
| Epoch:     40 | Train loss: 6.6133e-01 | Valid loss: 7.5347e-01 | Train acc: 0.7909 ± 0.0000 | Valid acc: 0.7402 ± 0.0000 | Valid Power: 0.0016 | Train Power: 0.0016 | patience:  30 | lr: 0.1 | Epoch time: 0.2 |

2024-09-09 10:24:41,717 - INFO -
| Epoch:     50 | Train loss: 6.6126e-01 | Valid loss: 7.5349e-01 | Train acc: 0.7909 ± 0.0000 | Valid acc: 0.7402 ± 0.0000 | Valid Power: 0.0016 | Train Power: 0.0016 | patience:  40 | lr: 0.1 | Epoch time: 0.2 |

2024-09-09 10:24:43,591 - INFO -
| Epoch:     60 | Train loss: 6.6121e-01 | Valid loss: 7.5351e-01 | Train acc: 0.7909 ± 0.0000 | Valid acc: 0.7402 ± 0.0000 | Valid Power: 0.0016 | Train Power: 0.0016 | patience:  50 | lr: 0.1 | Epoch time: 0.2 |

2024-09-09 10:24:45,496 - INFO -
| Epoch:     70 | Train loss: 6.6118e-01 | Valid loss: 7.5351e-01 | Train acc: 0.7909 ± 0.0000 | Valid acc: 0.7402 ± 0.0000 | Valid Power: 0.0016 | Train Power: 0.0016 | patience:  60 | lr: 0.1 | Epoch time: 0.2 |

2024-09-09 10:24:47,359 - INFO -
| Epoch:     80 | Train loss: 6.6115e-01 | Valid loss: 7.5352e-01 | Train acc: 0.7909 ± 0.0000 | Valid acc: 0.7402 ± 0.0000 | Valid Power: 0.0016 | Train Power: 0.0016 | patience:  70 | lr: 0.1 | Epoch time: 0.2 |

2024-09-09 10:24:49,219 - INFO -
| Epoch:     90 | Train loss: 6.6113e-01 | Valid loss: 7.5352e-01 | Train acc: 0.7909 ± 0.0000 | Valid acc: 0.7402 ± 0.0000 | Valid Power: 0.0016 | Train Power: 0.0016 | patience:  80 | lr: 0.1 | Epoch time: 0.2 |

2024-09-09 10:24:51,119 - INFO -
| Epoch:    100 | Train loss: 6.6110e-01 | Valid loss: 7.5353e-01 | Train acc: 0.7909 ± 0.0000 | Valid acc: 0.7402 ± 0.0000 | Valid Power: 0.0016 | Train Power: 0.0016 | patience:  90 | lr: 0.1 | Epoch time: 0.2 |

2024-09-09 10:24:52,979 - INFO -
| Epoch:    110 | Train loss: 6.6108e-01 | Valid loss: 7.5353e-01 | Train acc: 0.7909 ± 0.0000 | Valid acc: 0.7402 ± 0.0000 | Valid Power: 0.0016 | Train Power: 0.0016 | patience: 100 | lr: 0.1 | Epoch time: 0.2 |

2024-09-09 10:24:53,169 - INFO -
load best network to warm start training with lower lr.

2024-09-09 10:24:53,169 - INFO -
lr update to 0.05.

2024-09-09 10:24:54,921 - INFO -
| Epoch:    120 | Train loss: 6.6141e-01 | Valid loss: 7.5188e-01 | Train acc: 0.7909 ± 0.0000 | Valid acc: 0.7402 ± 0.0000 | Valid Power: 0.0016 | Train Power: 0.0016 | patience:   1 | lr: 0.05 | Epoch time: 0.2 |

2024-09-09 10:24:56,793 - INFO -
| Epoch:    130 | Train loss: 6.6058e-01 | Valid loss: 7.5166e-01 | Train acc: 0.7909 ± 0.0000 | Valid acc: 0.7402 ± 0.0000 | Valid Power: 0.0016 | Train Power: 0.0021 | patience:   0 | lr: 0.05 | Epoch time: 0.2 |

2024-09-09 10:24:58,689 - INFO -
| Epoch:    140 | Train loss: 6.4355e-01 | Valid loss: 7.2280e-01 | Train acc: 0.7909 ± 0.0000 | Valid acc: 0.7402 ± 0.0000 | Valid Power: 0.0016 | Train Power: 0.0016 | patience:   0 | lr: 0.05 | Epoch time: 0.2 |

2024-09-09 10:25:00,591 - INFO -
| Epoch:    150 | Train loss: 6.1403e-01 | Valid loss: 6.6652e-01 | Train acc: 0.7909 ± 0.0000 | Valid acc: 0.7717 ± 0.0000 | Valid Power: 0.0016 | Train Power: 0.0016 | patience:   0 | lr: 0.05 | Epoch time: 0.2 |

2024-09-09 10:25:02,472 - INFO -
| Epoch:    160 | Train loss: 5.9732e-01 | Valid loss: 6.6135e-01 | Train acc: 0.8086 ± 0.0000 | Valid acc: 0.7874 ± 0.0000 | Valid Power: 0.0017 | Train Power: 0.0018 | patience:   1 | lr: 0.05 | Epoch time: 0.2 |

2024-09-09 10:25:04,478 - INFO -
| Epoch:    170 | Train loss: 5.8364e-01 | Valid loss: 6.7313e-01 | Train acc: 0.8086 ± 0.0000 | Valid acc: 0.7638 ± 0.0000 | Valid Power: 0.0016 | Train Power: 0.0016 | patience:  11 | lr: 0.05 | Epoch time: 0.2 |

2024-09-09 10:25:06,380 - INFO -
| Epoch:    180 | Train loss: 6.4942e-01 | Valid loss: 7.3187e-01 | Train acc: 0.7909 ± 0.0000 | Valid acc: 0.7402 ± 0.0000 | Valid Power: 0.0016 | Train Power: 0.0016 | patience:  21 | lr: 0.05 | Epoch time: 0.2 |

2024-09-09 10:25:08,289 - INFO -
| Epoch:    190 | Train loss: 6.5162e-01 | Valid loss: 7.3871e-01 | Train acc: 0.7909 ± 0.0000 | Valid acc: 0.7402 ± 0.0000 | Valid Power: 0.0016 | Train Power: 0.0016 | patience:  31 | lr: 0.05 | Epoch time: 0.2 |

2024-09-09 10:25:10,178 - INFO -
| Epoch:    200 | Train loss: 6.5099e-01 | Valid loss: 7.3782e-01 | Train acc: 0.7909 ± 0.0000 | Valid acc: 0.7402 ± 0.0000 | Valid Power: 0.0016 | Train Power: 0.0016 | patience:  41 | lr: 0.05 | Epoch time: 0.2 |

2024-09-09 10:25:12,041 - INFO -
| Epoch:    210 | Train loss: 6.5022e-01 | Valid loss: 7.3564e-01 | Train acc: 0.7909 ± 0.0000 | Valid acc: 0.7402 ± 0.0000 | Valid Power: 0.0016 | Train Power: 0.0016 | patience:  51 | lr: 0.05 | Epoch time: 0.2 |

2024-09-09 10:25:13,903 - INFO -
| Epoch:    220 | Train loss: 6.4587e-01 | Valid loss: 7.1251e-01 | Train acc: 0.7909 ± 0.0000 | Valid acc: 0.7480 ± 0.0000 | Valid Power: 0.0016 | Train Power: 0.0016 | patience:  61 | lr: 0.05 | Epoch time: 0.2 |

2024-09-09 10:25:15,765 - INFO -
| Epoch:    230 | Train loss: 6.2181e-01 | Valid loss: 6.9319e-01 | Train acc: 0.8010 ± 0.0000 | Valid acc: 0.7559 ± 0.0000 | Valid Power: 0.0016 | Train Power: 0.0016 | patience:  71 | lr: 0.05 | Epoch time: 0.2 |

2024-09-09 10:25:17,646 - INFO -
| Epoch:    240 | Train loss: 6.1717e-01 | Valid loss: 6.8988e-01 | Train acc: 0.8035 ± 0.0000 | Valid acc: 0.7559 ± 0.0000 | Valid Power: 0.0016 | Train Power: 0.0016 | patience:  81 | lr: 0.05 | Epoch time: 0.2 |

2024-09-09 10:25:19,598 - INFO -
| Epoch:    250 | Train loss: 5.9741e-01 | Valid loss: 6.3730e-01 | Train acc: 0.8111 ± 0.0000 | Valid acc: 0.8110 ± 0.0000 | Valid Power: 0.0016 | Train Power: 0.0016 | patience:   0 | lr: 0.05 | Epoch time: 0.2 |

2024-09-09 10:25:21,465 - INFO -
| Epoch:    260 | Train loss: 5.7591e-01 | Valid loss: 6.3757e-01 | Train acc: 0.8086 ± 0.0000 | Valid acc: 0.7638 ± 0.0000 | Valid Power: 0.0016 | Train Power: 0.0016 | patience:   2 | lr: 0.05 | Epoch time: 0.2 |

2024-09-09 10:25:23,346 - INFO -
| Epoch:    270 | Train loss: 6.0779e-01 | Valid loss: 6.6135e-01 | Train acc: 0.8035 ± 0.0000 | Valid acc: 0.7559 ± 0.0000 | Valid Power: 0.0016 | Train Power: 0.0016 | patience:  12 | lr: 0.05 | Epoch time: 0.2 |

2024-09-09 10:25:25,274 - INFO -
| Epoch:    280 | Train loss: 5.6877e-01 | Valid loss: 6.3665e-01 | Train acc: 0.8312 ± 0.0000 | Valid acc: 0.7717 ± 0.0000 | Valid Power: 0.0016 | Train Power: 0.0016 | patience:   7 | lr: 0.05 | Epoch time: 0.2 |

2024-09-09 10:25:27,163 - INFO -
| Epoch:    290 | Train loss: 5.5459e-01 | Valid loss: 6.1771e-01 | Train acc: 0.8287 ± 0.0000 | Valid acc: 0.8110 ± 0.0000 | Valid Power: 0.0016 | Train Power: 0.0016 | patience:   0 | lr: 0.05 | Epoch time: 0.2 |

2024-09-09 10:25:29,044 - INFO -
| Epoch:    300 | Train loss: 5.5101e-01 | Valid loss: 6.1599e-01 | Train acc: 0.8363 ± 0.0000 | Valid acc: 0.7953 ± 0.0000 | Valid Power: 0.0016 | Train Power: 0.0016 | patience:   1 | lr: 0.05 | Epoch time: 0.2 |

2024-09-09 10:25:30,963 - INFO -
| Epoch:    310 | Train loss: 5.4777e-01 | Valid loss: 6.1338e-01 | Train acc: 0.8363 ± 0.0000 | Valid acc: 0.8110 ± 0.0000 | Valid Power: 0.0016 | Train Power: 0.0016 | patience:   0 | lr: 0.05 | Epoch time: 0.2 |

2024-09-09 10:25:32,875 - INFO -
| Epoch:    320 | Train loss: 5.4538e-01 | Valid loss: 6.0714e-01 | Train acc: 0.8413 ± 0.0000 | Valid acc: 0.8110 ± 0.0000 | Valid Power: 0.0016 | Train Power: 0.0016 | patience:   0 | lr: 0.05 | Epoch time: 0.2 |

2024-09-09 10:25:34,751 - INFO -
| Epoch:    330 | Train loss: 5.3852e-01 | Valid loss: 6.0278e-01 | Train acc: 0.8463 ± 0.0000 | Valid acc: 0.8110 ± 0.0000 | Valid Power: 0.0016 | Train Power: 0.0016 | patience:   1 | lr: 0.05 | Epoch time: 0.2 |

2024-09-09 10:25:36,612 - INFO -
| Epoch:    340 | Train loss: 5.6345e-01 | Valid loss: 6.3734e-01 | Train acc: 0.8312 ± 0.0000 | Valid acc: 0.7874 ± 0.0000 | Valid Power: 0.0016 | Train Power: 0.0016 | patience:   4 | lr: 0.05 | Epoch time: 0.2 |

2024-09-09 10:25:38,472 - INFO -
| Epoch:    350 | Train loss: 5.5462e-01 | Valid loss: 6.1422e-01 | Train acc: 0.8186 ± 0.0000 | Valid acc: 0.8110 ± 0.0000 | Valid Power: 0.0016 | Train Power: 0.0016 | patience:  14 | lr: 0.05 | Epoch time: 0.2 |

2024-09-09 10:25:40,342 - INFO -
| Epoch:    360 | Train loss: 5.4702e-01 | Valid loss: 6.0514e-01 | Train acc: 0.8438 ± 0.0000 | Valid acc: 0.7874 ± 0.0000 | Valid Power: 0.0016 | Train Power: 0.0016 | patience:  24 | lr: 0.05 | Epoch time: 0.2 |

2024-09-09 10:25:42,204 - INFO -
| Epoch:    370 | Train loss: 5.4129e-01 | Valid loss: 6.1818e-01 | Train acc: 0.8413 ± 0.0000 | Valid acc: 0.8031 ± 0.0000 | Valid Power: 0.0016 | Train Power: 0.0016 | patience:  34 | lr: 0.05 | Epoch time: 0.2 |

2024-09-09 10:25:44,070 - INFO -
| Epoch:    380 | Train loss: 5.4112e-01 | Valid loss: 6.2488e-01 | Train acc: 0.8438 ± 0.0000 | Valid acc: 0.7874 ± 0.0000 | Valid Power: 0.0016 | Train Power: 0.0016 | patience:   5 | lr: 0.05 | Epoch time: 0.2 |

2024-09-09 10:25:45,928 - INFO -
| Epoch:    390 | Train loss: 5.2572e-01 | Valid loss: 6.0653e-01 | Train acc: 0.8564 ± 0.0000 | Valid acc: 0.8031 ± 0.0000 | Valid Power: 0.0016 | Train Power: 0.0016 | patience:  15 | lr: 0.05 | Epoch time: 0.2 |

2024-09-09 10:25:47,869 - INFO -
| Epoch:    400 | Train loss: 5.6199e-01 | Valid loss: 6.1103e-01 | Train acc: 0.8262 ± 0.0000 | Valid acc: 0.8031 ± 0.0000 | Valid Power: 0.0016 | Train Power: 0.0016 | patience:  25 | lr: 0.05 | Epoch time: 0.2 |

2024-09-09 10:25:49,736 - INFO -
| Epoch:    410 | Train loss: 5.3073e-01 | Valid loss: 6.0816e-01 | Train acc: 0.8489 ± 0.0000 | Valid acc: 0.8031 ± 0.0000 | Valid Power: 0.0016 | Train Power: 0.0016 | patience:  35 | lr: 0.05 | Epoch time: 0.2 |

2024-09-09 10:25:51,639 - INFO -
| Epoch:    420 | Train loss: 5.2256e-01 | Valid loss: 6.0584e-01 | Train acc: 0.8615 ± 0.0000 | Valid acc: 0.8031 ± 0.0000 | Valid Power: 0.0016 | Train Power: 0.0016 | patience:  45 | lr: 0.05 | Epoch time: 0.2 |

2024-09-09 10:25:53,515 - INFO -
| Epoch:    430 | Train loss: 5.3717e-01 | Valid loss: 6.1461e-01 | Train acc: 0.8463 ± 0.0000 | Valid acc: 0.8031 ± 0.0000 | Valid Power: 0.0016 | Train Power: 0.0016 | patience:   6 | lr: 0.05 | Epoch time: 0.2 |

2024-09-09 10:25:55,390 - INFO -
| Epoch:    440 | Train loss: 5.2197e-01 | Valid loss: 6.0513e-01 | Train acc: 0.8564 ± 0.0000 | Valid acc: 0.8031 ± 0.0000 | Valid Power: 0.0016 | Train Power: 0.0016 | patience:   2 | lr: 0.05 | Epoch time: 0.2 |

2024-09-09 10:25:57,256 - INFO -
| Epoch:    450 | Train loss: 5.2891e-01 | Valid loss: 6.1072e-01 | Train acc: 0.8514 ± 0.0000 | Valid acc: 0.8031 ± 0.0000 | Valid Power: 0.0016 | Train Power: 0.0016 | patience:  12 | lr: 0.05 | Epoch time: 0.2 |

2024-09-09 10:25:59,117 - INFO -
| Epoch:    460 | Train loss: 5.2714e-01 | Valid loss: 6.0515e-01 | Train acc: 0.8539 ± 0.0000 | Valid acc: 0.7953 ± 0.0000 | Valid Power: 0.0016 | Train Power: 0.0016 | patience:  22 | lr: 0.05 | Epoch time: 0.2 |

2024-09-09 10:26:00,995 - INFO -
| Epoch:    470 | Train loss: 5.1917e-01 | Valid loss: 6.0381e-01 | Train acc: 0.8615 ± 0.0000 | Valid acc: 0.8031 ± 0.0000 | Valid Power: 0.0016 | Train Power: 0.0016 | patience:  32 | lr: 0.05 | Epoch time: 0.2 |

2024-09-09 10:26:02,856 - INFO -
| Epoch:    480 | Train loss: 5.1914e-01 | Valid loss: 6.0226e-01 | Train acc: 0.8615 ± 0.0000 | Valid acc: 0.8110 ± 0.0000 | Valid Power: 0.0016 | Train Power: 0.0016 | patience:  42 | lr: 0.05 | Epoch time: 0.2 |

2024-09-09 10:26:04,717 - INFO -
| Epoch:    490 | Train loss: 5.1667e-01 | Valid loss: 6.0506e-01 | Train acc: 0.8640 ± 0.0000 | Valid acc: 0.8031 ± 0.0000 | Valid Power: 0.0016 | Train Power: 0.0016 | patience:  52 | lr: 0.05 | Epoch time: 0.2 |

2024-09-09 10:26:06,577 - INFO -
| Epoch:    500 | Train loss: 5.1564e-01 | Valid loss: 6.0920e-01 | Train acc: 0.8640 ± 0.0000 | Valid acc: 0.8031 ± 0.0000 | Valid Power: 0.0016 | Train Power: 0.0016 | patience:  62 | lr: 0.05 | Epoch time: 0.2 |

2024-09-09 10:26:08,438 - INFO -
| Epoch:    510 | Train loss: 5.1620e-01 | Valid loss: 5.9885e-01 | Train acc: 0.8640 ± 0.0000 | Valid acc: 0.8110 ± 0.0000 | Valid Power: 0.0016 | Train Power: 0.0016 | patience:  72 | lr: 0.05 | Epoch time: 0.2 |

2024-09-09 10:26:10,299 - INFO -
| Epoch:    520 | Train loss: 5.1751e-01 | Valid loss: 5.9931e-01 | Train acc: 0.8615 ± 0.0000 | Valid acc: 0.8110 ± 0.0000 | Valid Power: 0.0016 | Train Power: 0.0016 | patience:  82 | lr: 0.05 | Epoch time: 0.2 |

2024-09-09 10:26:12,258 - INFO -
| Epoch:    530 | Train loss: 5.1476e-01 | Valid loss: 5.9721e-01 | Train acc: 0.8640 ± 0.0000 | Valid acc: 0.8110 ± 0.0000 | Valid Power: 0.0016 | Train Power: 0.0016 | patience:  92 | lr: 0.05 | Epoch time: 0.2 |

2024-09-09 10:26:13,931 - INFO -
load best network to warm start training with lower lr.

2024-09-09 10:26:13,932 - INFO -
lr update to 0.025.

2024-09-09 10:26:14,117 - INFO -
| Epoch:    540 | Train loss: 5.2577e-01 | Valid loss: 6.0666e-01 | Train acc: 0.8564 ± 0.0000 | Valid acc: 0.8031 ± 0.0000 | Valid Power: 0.0016 | Train Power: 0.0016 | patience:   1 | lr: 0.025 | Epoch time: 0.2 |

2024-09-09 10:26:16,016 - INFO -
| Epoch:    550 | Train loss: 5.2340e-01 | Valid loss: 6.0695e-01 | Train acc: 0.8539 ± 0.0000 | Valid acc: 0.8031 ± 0.0000 | Valid Power: 0.0016 | Train Power: 0.0016 | patience:  11 | lr: 0.025 | Epoch time: 0.2 |

2024-09-09 10:26:17,885 - INFO -
| Epoch:    560 | Train loss: 5.2112e-01 | Valid loss: 6.0129e-01 | Train acc: 0.8615 ± 0.0000 | Valid acc: 0.8031 ± 0.0000 | Valid Power: 0.0016 | Train Power: 0.0016 | patience:  21 | lr: 0.025 | Epoch time: 0.2 |

2024-09-09 10:26:19,748 - INFO -
| Epoch:    570 | Train loss: 5.1665e-01 | Valid loss: 5.9743e-01 | Train acc: 0.8640 ± 0.0000 | Valid acc: 0.8110 ± 0.0000 | Valid Power: 0.0016 | Train Power: 0.0016 | patience:  31 | lr: 0.025 | Epoch time: 0.2 |

2024-09-09 10:26:21,613 - INFO -
| Epoch:    580 | Train loss: 5.1611e-01 | Valid loss: 6.0659e-01 | Train acc: 0.8640 ± 0.0000 | Valid acc: 0.8031 ± 0.0000 | Valid Power: 0.0016 | Train Power: 0.0016 | patience:  41 | lr: 0.025 | Epoch time: 0.2 |

2024-09-09 10:26:23,473 - INFO -
| Epoch:    590 | Train loss: 5.2169e-01 | Valid loss: 6.0789e-01 | Train acc: 0.8564 ± 0.0000 | Valid acc: 0.8031 ± 0.0000 | Valid Power: 0.0016 | Train Power: 0.0016 | patience:  51 | lr: 0.025 | Epoch time: 0.2 |

2024-09-09 10:26:25,333 - INFO -
| Epoch:    600 | Train loss: 5.1418e-01 | Valid loss: 6.0110e-01 | Train acc: 0.8665 ± 0.0000 | Valid acc: 0.8110 ± 0.0000 | Valid Power: 0.0016 | Train Power: 0.0016 | patience:  61 | lr: 0.025 | Epoch time: 0.2 |

2024-09-09 10:26:27,355 - INFO -
| Epoch:    610 | Train loss: 5.1337e-01 | Valid loss: 6.0560e-01 | Train acc: 0.8665 ± 0.0000 | Valid acc: 0.8031 ± 0.0000 | Valid Power: 0.0016 | Train Power: 0.0016 | patience:  71 | lr: 0.025 | Epoch time: 0.2 |

2024-09-09 10:26:29,209 - INFO -
| Epoch:    620 | Train loss: 5.1293e-01 | Valid loss: 6.0385e-01 | Train acc: 0.8665 ± 0.0000 | Valid acc: 0.8110 ± 0.0000 | Valid Power: 0.0016 | Train Power: 0.0016 | patience:  81 | lr: 0.025 | Epoch time: 0.2 |

2024-09-09 10:26:31,065 - INFO -
| Epoch:    630 | Train loss: 5.1254e-01 | Valid loss: 6.0269e-01 | Train acc: 0.8665 ± 0.0000 | Valid acc: 0.8110 ± 0.0000 | Valid Power: 0.0016 | Train Power: 0.0016 | patience:  91 | lr: 0.025 | Epoch time: 0.2 |

2024-09-09 10:26:32,925 - INFO -
load best network to warm start training with lower lr.

2024-09-09 10:26:32,925 - INFO -
lr update to 0.0125.

2024-09-09 10:26:32,925 - INFO -
| Epoch:    640 | Train loss: 5.1222e-01 | Valid loss: 6.0497e-01 | Train acc: 0.8665 ± 0.0000 | Valid acc: 0.8031 ± 0.0000 | Valid Power: 0.0016 | Train Power: 0.0016 | patience:   0 | lr: 0.0125 | Epoch time: 0.2 |

2024-09-09 10:26:34,780 - INFO -
| Epoch:    650 | Train loss: 5.2353e-01 | Valid loss: 5.9588e-01 | Train acc: 0.8589 ± 0.0000 | Valid acc: 0.8110 ± 0.0000 | Valid Power: 0.0016 | Train Power: 0.0016 | patience:  10 | lr: 0.0125 | Epoch time: 0.2 |

2024-09-09 10:26:36,634 - INFO -
| Epoch:    660 | Train loss: 5.1931e-01 | Valid loss: 5.9964e-01 | Train acc: 0.8640 ± 0.0000 | Valid acc: 0.8110 ± 0.0000 | Valid Power: 0.0016 | Train Power: 0.0016 | patience:  20 | lr: 0.0125 | Epoch time: 0.2 |

2024-09-09 10:26:38,492 - INFO -
| Epoch:    670 | Train loss: 5.1694e-01 | Valid loss: 6.0156e-01 | Train acc: 0.8640 ± 0.0000 | Valid acc: 0.8110 ± 0.0000 | Valid Power: 0.0016 | Train Power: 0.0016 | patience:  30 | lr: 0.0125 | Epoch time: 0.2 |

2024-09-09 10:26:40,350 - INFO -
| Epoch:    680 | Train loss: 5.1669e-01 | Valid loss: 6.0136e-01 | Train acc: 0.8640 ± 0.0000 | Valid acc: 0.8110 ± 0.0000 | Valid Power: 0.0016 | Train Power: 0.0016 | patience:  40 | lr: 0.0125 | Epoch time: 0.2 |

2024-09-09 10:26:42,210 - INFO -
| Epoch:    690 | Train loss: 5.1631e-01 | Valid loss: 6.0153e-01 | Train acc: 0.8640 ± 0.0000 | Valid acc: 0.8110 ± 0.0000 | Valid Power: 0.0016 | Train Power: 0.0016 | patience:  50 | lr: 0.0125 | Epoch time: 0.2 |

2024-09-09 10:26:44,104 - INFO -
| Epoch:    700 | Train loss: 5.1594e-01 | Valid loss: 6.0141e-01 | Train acc: 0.8640 ± 0.0000 | Valid acc: 0.8110 ± 0.0000 | Valid Power: 0.0016 | Train Power: 0.0016 | patience:  60 | lr: 0.0125 | Epoch time: 0.2 |

2024-09-09 10:26:45,960 - INFO -
| Epoch:    710 | Train loss: 5.1556e-01 | Valid loss: 6.0211e-01 | Train acc: 0.8640 ± 0.0000 | Valid acc: 0.8110 ± 0.0000 | Valid Power: 0.0016 | Train Power: 0.0016 | patience:  70 | lr: 0.0125 | Epoch time: 0.2 |

2024-09-09 10:26:47,812 - INFO -
| Epoch:    720 | Train loss: 5.1517e-01 | Valid loss: 6.0421e-01 | Train acc: 0.8640 ± 0.0000 | Valid acc: 0.8031 ± 0.0000 | Valid Power: 0.0016 | Train Power: 0.0016 | patience:  80 | lr: 0.0125 | Epoch time: 0.2 |

2024-09-09 10:26:49,669 - INFO -
| Epoch:    730 | Train loss: 5.1486e-01 | Valid loss: 6.0833e-01 | Train acc: 0.8640 ± 0.0000 | Valid acc: 0.8031 ± 0.0000 | Valid Power: 0.0016 | Train Power: 0.0016 | patience:  90 | lr: 0.0125 | Epoch time: 0.2 |

2024-09-09 10:26:51,506 - INFO -
| Epoch:    740 | Train loss: 5.1318e-01 | Valid loss: 6.1039e-01 | Train acc: 0.8665 ± 0.0000 | Valid acc: 0.8031 ± 0.0000 | Valid Power: 0.0016 | Train Power: 0.0016 | patience: 100 | lr: 0.0125 | Epoch time: 0.2 |

2024-09-09 10:26:51,694 - INFO -
load best network to warm start training with lower lr.

2024-09-09 10:26:51,694 - INFO -
lr update to 0.00625.

2024-09-09 10:26:53,385 - INFO -
| Epoch:    750 | Train loss: 5.1848e-01 | Valid loss: 6.0233e-01 | Train acc: 0.8640 ± 0.0000 | Valid acc: 0.8031 ± 0.0000 | Valid Power: 0.0016 | Train Power: 0.0016 | patience:   9 | lr: 0.00625 | Epoch time: 0.2 |

2024-09-09 10:26:55,165 - INFO -
| Epoch:    760 | Train loss: 5.1744e-01 | Valid loss: 5.9878e-01 | Train acc: 0.8640 ± 0.0000 | Valid acc: 0.8110 ± 0.0000 | Valid Power: 0.0016 | Train Power: 0.0016 | patience:  19 | lr: 0.00625 | Epoch time: 0.2 |

2024-09-09 10:26:56,944 - INFO -
| Epoch:    770 | Train loss: 5.1684e-01 | Valid loss: 6.0033e-01 | Train acc: 0.8640 ± 0.0000 | Valid acc: 0.8031 ± 0.0000 | Valid Power: 0.0016 | Train Power: 0.0016 | patience:  29 | lr: 0.00625 | Epoch time: 0.2 |

2024-09-09 10:26:58,724 - INFO -
| Epoch:    780 | Train loss: 5.1658e-01 | Valid loss: 6.0344e-01 | Train acc: 0.8640 ± 0.0000 | Valid acc: 0.8031 ± 0.0000 | Valid Power: 0.0016 | Train Power: 0.0016 | patience:  39 | lr: 0.00625 | Epoch time: 0.2 |

2024-09-09 10:27:00,514 - INFO -
| Epoch:    790 | Train loss: 5.1634e-01 | Valid loss: 6.0334e-01 | Train acc: 0.8640 ± 0.0000 | Valid acc: 0.8031 ± 0.0000 | Valid Power: 0.0016 | Train Power: 0.0016 | patience:  49 | lr: 0.00625 | Epoch time: 0.2 |

2024-09-09 10:27:02,303 - INFO -
| Epoch:    800 | Train loss: 5.1611e-01 | Valid loss: 6.0321e-01 | Train acc: 0.8640 ± 0.0000 | Valid acc: 0.8031 ± 0.0000 | Valid Power: 0.0016 | Train Power: 0.0016 | patience:  59 | lr: 0.00625 | Epoch time: 0.2 |

2024-09-09 10:27:04,053 - INFO -
| Epoch:    810 | Train loss: 5.1587e-01 | Valid loss: 6.0422e-01 | Train acc: 0.8640 ± 0.0000 | Valid acc: 0.8031 ± 0.0000 | Valid Power: 0.0018 | Train Power: 0.0018 | patience:  69 | lr: 0.00625 | Epoch time: 0.2 |

2024-09-09 10:27:05,806 - INFO -
| Epoch:    820 | Train loss: 5.1562e-01 | Valid loss: 6.0521e-01 | Train acc: 0.8640 ± 0.0000 | Valid acc: 0.8031 ± 0.0000 | Valid Power: 0.0062 | Train Power: 0.0168 | patience:  79 | lr: 0.00625 | Epoch time: 0.2 |

2024-09-09 10:27:07,553 - INFO -
| Epoch:    830 | Train loss: 5.1537e-01 | Valid loss: 6.0591e-01 | Train acc: 0.8640 ± 0.0000 | Valid acc: 0.8031 ± 0.0000 | Valid Power: 0.0021 | Train Power: 0.0021 | patience:  89 | lr: 0.00625 | Epoch time: 0.2 |

2024-09-09 10:27:09,286 - INFO -
| Epoch:    840 | Train loss: 5.1511e-01 | Valid loss: 6.0638e-01 | Train acc: 0.8640 ± 0.0000 | Valid acc: 0.8031 ± 0.0000 | Valid Power: 0.0020 | Train Power: 0.0020 | patience:  99 | lr: 0.00625 | Epoch time: 0.2 |

2024-09-09 10:27:09,635 - INFO -
load best network to warm start training with lower lr.

2024-09-09 10:27:09,635 - INFO -
lr update to 0.003125.

2024-09-09 10:27:11,019 - INFO -
| Epoch:    850 | Train loss: 5.2051e-01 | Valid loss: 6.0291e-01 | Train acc: 0.8589 ± 0.0000 | Valid acc: 0.8031 ± 0.0000 | Valid Power: 0.0016 | Train Power: 0.0016 | patience:   8 | lr: 0.003125 | Epoch time: 0.2 |

2024-09-09 10:27:12,746 - INFO -
| Epoch:    860 | Train loss: 5.1785e-01 | Valid loss: 6.0234e-01 | Train acc: 0.8640 ± 0.0000 | Valid acc: 0.8031 ± 0.0000 | Valid Power: 0.0016 | Train Power: 0.0016 | patience:  18 | lr: 0.003125 | Epoch time: 0.2 |

2024-09-09 10:27:14,476 - INFO -
| Epoch:    870 | Train loss: 5.1743e-01 | Valid loss: 5.9696e-01 | Train acc: 0.8640 ± 0.0000 | Valid acc: 0.8110 ± 0.0000 | Valid Power: 0.0016 | Train Power: 0.0016 | patience:  28 | lr: 0.003125 | Epoch time: 0.2 |

2024-09-09 10:27:16,296 - INFO -
| Epoch:    880 | Train loss: 5.1717e-01 | Valid loss: 5.9894e-01 | Train acc: 0.8640 ± 0.0000 | Valid acc: 0.8110 ± 0.0000 | Valid Power: 0.0016 | Train Power: 0.0016 | patience:  38 | lr: 0.003125 | Epoch time: 0.2 |

2024-09-09 10:27:18,031 - INFO -
| Epoch:    890 | Train loss: 5.1693e-01 | Valid loss: 5.9824e-01 | Train acc: 0.8640 ± 0.0000 | Valid acc: 0.8110 ± 0.0000 | Valid Power: 0.0016 | Train Power: 0.0016 | patience:  48 | lr: 0.003125 | Epoch time: 0.2 |

2024-09-09 10:27:19,762 - INFO -
| Epoch:    900 | Train loss: 5.1678e-01 | Valid loss: 5.9979e-01 | Train acc: 0.8640 ± 0.0000 | Valid acc: 0.8110 ± 0.0000 | Valid Power: 0.0016 | Train Power: 0.0016 | patience:  58 | lr: 0.003125 | Epoch time: 0.2 |

2024-09-09 10:27:21,492 - INFO -
| Epoch:    910 | Train loss: 5.1664e-01 | Valid loss: 6.0037e-01 | Train acc: 0.8640 ± 0.0000 | Valid acc: 0.8031 ± 0.0000 | Valid Power: 0.0016 | Train Power: 0.0016 | patience:  68 | lr: 0.003125 | Epoch time: 0.2 |

2024-09-09 10:27:23,222 - INFO -
| Epoch:    920 | Train loss: 5.1652e-01 | Valid loss: 6.0117e-01 | Train acc: 0.8640 ± 0.0000 | Valid acc: 0.8031 ± 0.0000 | Valid Power: 0.0016 | Train Power: 0.0016 | patience:  78 | lr: 0.003125 | Epoch time: 0.2 |

2024-09-09 10:27:24,957 - INFO -
| Epoch:    930 | Train loss: 5.1640e-01 | Valid loss: 6.0138e-01 | Train acc: 0.8640 ± 0.0000 | Valid acc: 0.8031 ± 0.0000 | Valid Power: 0.0016 | Train Power: 0.0016 | patience:  88 | lr: 0.003125 | Epoch time: 0.2 |

2024-09-09 10:27:26,693 - INFO -
| Epoch:    940 | Train loss: 5.1627e-01 | Valid loss: 6.0200e-01 | Train acc: 0.8640 ± 0.0000 | Valid acc: 0.8031 ± 0.0000 | Valid Power: 0.0016 | Train Power: 0.0016 | patience:  98 | lr: 0.003125 | Epoch time: 0.2 |

2024-09-09 10:27:27,217 - INFO -
load best network to warm start training with lower lr.

2024-09-09 10:27:27,218 - INFO -
lr update to 0.0015625.

2024-09-09 10:27:28,432 - INFO -
| Epoch:    950 | Train loss: 5.2048e-01 | Valid loss: 5.9691e-01 | Train acc: 0.8615 ± 0.0000 | Valid acc: 0.8110 ± 0.0000 | Valid Power: 0.0016 | Train Power: 0.0016 | patience:   7 | lr: 0.0015625 | Epoch time: 0.2 |

2024-09-09 10:27:30,237 - INFO -
| Epoch:    960 | Train loss: 5.1980e-01 | Valid loss: 6.0302e-01 | Train acc: 0.8615 ± 0.0000 | Valid acc: 0.8031 ± 0.0000 | Valid Power: 0.0016 | Train Power: 0.0016 | patience:  17 | lr: 0.0015625 | Epoch time: 0.2 |

2024-09-09 10:27:31,985 - INFO -
| Epoch:    970 | Train loss: 5.1849e-01 | Valid loss: 6.0149e-01 | Train acc: 0.8640 ± 0.0000 | Valid acc: 0.8031 ± 0.0000 | Valid Power: 0.0016 | Train Power: 0.0016 | patience:  27 | lr: 0.0015625 | Epoch time: 0.2 |

2024-09-09 10:27:33,721 - INFO -
| Epoch:    980 | Train loss: 5.1765e-01 | Valid loss: 6.0137e-01 | Train acc: 0.8640 ± 0.0000 | Valid acc: 0.8031 ± 0.0000 | Valid Power: 0.0016 | Train Power: 0.0016 | patience:  37 | lr: 0.0015625 | Epoch time: 0.2 |

2024-09-09 10:27:35,458 - INFO -
| Epoch:    990 | Train loss: 5.1744e-01 | Valid loss: 5.9755e-01 | Train acc: 0.8640 ± 0.0000 | Valid acc: 0.8110 ± 0.0000 | Valid Power: 0.0016 | Train Power: 0.0016 | patience:  47 | lr: 0.0015625 | Epoch time: 0.2 |

2024-09-09 10:27:37,193 - INFO -
| Epoch:   1000 | Train loss: 5.1729e-01 | Valid loss: 5.9825e-01 | Train acc: 0.8640 ± 0.0000 | Valid acc: 0.8110 ± 0.0000 | Valid Power: 0.0016 | Train Power: 0.0016 | patience:  57 | lr: 0.0015625 | Epoch time: 0.2 |

2024-09-09 10:27:38,935 - INFO -
| Epoch:   1010 | Train loss: 5.1717e-01 | Valid loss: 5.9894e-01 | Train acc: 0.8640 ± 0.0000 | Valid acc: 0.8110 ± 0.0000 | Valid Power: 0.0016 | Train Power: 0.0016 | patience:  67 | lr: 0.0015625 | Epoch time: 0.2 |

2024-09-09 10:27:40,547 - INFO -
| Epoch:   1020 | Train loss: 5.1705e-01 | Valid loss: 5.9877e-01 | Train acc: 0.8640 ± 0.0000 | Valid acc: 0.8110 ± 0.0000 | Valid Power: 0.0016 | Train Power: 0.0016 | patience:  77 | lr: 0.0015625 | Epoch time: 0.2 |

2024-09-09 10:27:42,147 - INFO -
| Epoch:   1030 | Train loss: 5.1695e-01 | Valid loss: 5.9928e-01 | Train acc: 0.8640 ± 0.0000 | Valid acc: 0.8110 ± 0.0000 | Valid Power: 0.0016 | Train Power: 0.0016 | patience:  87 | lr: 0.0015625 | Epoch time: 0.2 |

2024-09-09 10:27:43,745 - INFO -
| Epoch:   1040 | Train loss: 5.1686e-01 | Valid loss: 5.9995e-01 | Train acc: 0.8640 ± 0.0000 | Valid acc: 0.8031 ± 0.0000 | Valid Power: 0.0016 | Train Power: 0.0016 | patience:  97 | lr: 0.0015625 | Epoch time: 0.2 |

2024-09-09 10:27:44,391 - INFO -
load best network to warm start training with lower lr.

2024-09-09 10:27:44,391 - INFO -
lr update to 0.00078125.

2024-09-09 10:27:45,356 - INFO -
| Epoch:   1050 | Train loss: 5.2441e-01 | Valid loss: 5.9499e-01 | Train acc: 0.8564 ± 0.0000 | Valid acc: 0.8110 ± 0.0000 | Valid Power: 0.0016 | Train Power: 0.0016 | patience:   6 | lr: 0.00078125 | Epoch time: 0.2 |

2024-09-09 10:27:46,958 - INFO -
| Epoch:   1060 | Train loss: 5.2025e-01 | Valid loss: 5.9811e-01 | Train acc: 0.8615 ± 0.0000 | Valid acc: 0.8110 ± 0.0000 | Valid Power: 0.0016 | Train Power: 0.0016 | patience:  16 | lr: 0.00078125 | Epoch time: 0.2 |

2024-09-09 10:27:48,556 - INFO -
| Epoch:   1070 | Train loss: 5.1924e-01 | Valid loss: 6.0222e-01 | Train acc: 0.8615 ± 0.0000 | Valid acc: 0.8031 ± 0.0000 | Valid Power: 0.0016 | Train Power: 0.0016 | patience:  26 | lr: 0.00078125 | Epoch time: 0.2 |

2024-09-09 10:27:50,146 - INFO -
| Epoch:   1080 | Train loss: 5.1927e-01 | Valid loss: 6.0246e-01 | Train acc: 0.8615 ± 0.0000 | Valid acc: 0.8031 ± 0.0000 | Valid Power: 0.0016 | Train Power: 0.0016 | patience:  36 | lr: 0.00078125 | Epoch time: 0.2 |

2024-09-09 10:27:51,733 - INFO -
| Epoch:   1090 | Train loss: 5.1810e-01 | Valid loss: 6.0131e-01 | Train acc: 0.8640 ± 0.0000 | Valid acc: 0.8031 ± 0.0000 | Valid Power: 0.0016 | Train Power: 0.0016 | patience:  46 | lr: 0.00078125 | Epoch time: 0.2 |

2024-09-09 10:27:53,416 - INFO -
| Epoch:   1100 | Train loss: 5.1778e-01 | Valid loss: 6.0140e-01 | Train acc: 0.8640 ± 0.0000 | Valid acc: 0.8031 ± 0.0000 | Valid Power: 0.0016 | Train Power: 0.0016 | patience:  56 | lr: 0.00078125 | Epoch time: 0.2 |

2024-09-09 10:27:55,011 - INFO -
| Epoch:   1110 | Train loss: 5.1765e-01 | Valid loss: 6.0035e-01 | Train acc: 0.8640 ± 0.0000 | Valid acc: 0.8031 ± 0.0000 | Valid Power: 0.0016 | Train Power: 0.0016 | patience:  66 | lr: 0.00078125 | Epoch time: 0.2 |

2024-09-09 10:27:56,595 - INFO -
| Epoch:   1120 | Train loss: 5.1756e-01 | Valid loss: 5.9842e-01 | Train acc: 0.8640 ± 0.0000 | Valid acc: 0.8110 ± 0.0000 | Valid Power: 0.0016 | Train Power: 0.0016 | patience:  76 | lr: 0.00078125 | Epoch time: 0.2 |

2024-09-09 10:27:58,183 - INFO -
| Epoch:   1130 | Train loss: 5.1747e-01 | Valid loss: 5.9879e-01 | Train acc: 0.8640 ± 0.0000 | Valid acc: 0.8031 ± 0.0000 | Valid Power: 0.0016 | Train Power: 0.0016 | patience:  86 | lr: 0.00078125 | Epoch time: 0.2 |

2024-09-09 10:27:59,780 - INFO -
| Epoch:   1140 | Train loss: 5.1740e-01 | Valid loss: 5.9946e-01 | Train acc: 0.8640 ± 0.0000 | Valid acc: 0.8031 ± 0.0000 | Valid Power: 0.0016 | Train Power: 0.0016 | patience:  96 | lr: 0.00078125 | Epoch time: 0.2 |

2024-09-09 10:28:00,583 - INFO -
load best network to warm start training with lower lr.

2024-09-09 10:28:00,583 - INFO -
lr update to 0.000390625.

2024-09-09 10:28:01,401 - INFO -
| Epoch:   1150 | Train loss: 5.2453e-01 | Valid loss: 5.9471e-01 | Train acc: 0.8589 ± 0.0000 | Valid acc: 0.8110 ± 0.0000 | Valid Power: 0.0016 | Train Power: 0.0016 | patience:   5 | lr: 0.000390625 | Epoch time: 0.2 |

2024-09-09 10:28:03,004 - INFO -
| Epoch:   1160 | Train loss: 5.2401e-01 | Valid loss: 5.9503e-01 | Train acc: 0.8564 ± 0.0000 | Valid acc: 0.8110 ± 0.0000 | Valid Power: 0.0016 | Train Power: 0.0016 | patience:  15 | lr: 0.000390625 | Epoch time: 0.2 |

2024-09-09 10:28:04,607 - INFO -
| Epoch:   1170 | Train loss: 5.2067e-01 | Valid loss: 5.9574e-01 | Train acc: 0.8615 ± 0.0000 | Valid acc: 0.8110 ± 0.0000 | Valid Power: 0.0016 | Train Power: 0.0016 | patience:  25 | lr: 0.000390625 | Epoch time: 0.2 |

2024-09-09 10:28:06,221 - INFO -
| Epoch:   1180 | Train loss: 5.2023e-01 | Valid loss: 5.9787e-01 | Train acc: 0.8615 ± 0.0000 | Valid acc: 0.8110 ± 0.0000 | Valid Power: 0.0016 | Train Power: 0.0016 | patience:  35 | lr: 0.000390625 | Epoch time: 0.2 |

2024-09-09 10:28:07,825 - INFO -
| Epoch:   1190 | Train loss: 5.1988e-01 | Valid loss: 6.0120e-01 | Train acc: 0.8615 ± 0.0000 | Valid acc: 0.8031 ± 0.0000 | Valid Power: 0.0016 | Train Power: 0.0016 | patience:  45 | lr: 0.000390625 | Epoch time: 0.2 |

2024-09-09 10:28:09,430 - INFO -
| Epoch:   1200 | Train loss: 5.1890e-01 | Valid loss: 6.0196e-01 | Train acc: 0.8615 ± 0.0000 | Valid acc: 0.8031 ± 0.0000 | Valid Power: 0.0016 | Train Power: 0.0016 | patience:  55 | lr: 0.000390625 | Epoch time: 0.2 |

2024-09-09 10:28:11,018 - INFO -
| Epoch:   1210 | Train loss: 5.1820e-01 | Valid loss: 6.0127e-01 | Train acc: 0.8640 ± 0.0000 | Valid acc: 0.8031 ± 0.0000 | Valid Power: 0.0016 | Train Power: 0.0016 | patience:  65 | lr: 0.000390625 | Epoch time: 0.2 |

2024-09-09 10:28:12,602 - INFO -
| Epoch:   1220 | Train loss: 5.1798e-01 | Valid loss: 6.0066e-01 | Train acc: 0.8640 ± 0.0000 | Valid acc: 0.8031 ± 0.0000 | Valid Power: 0.0016 | Train Power: 0.0016 | patience:  75 | lr: 0.000390625 | Epoch time: 0.2 |

2024-09-09 10:28:14,262 - INFO -
| Epoch:   1230 | Train loss: 5.1788e-01 | Valid loss: 6.0079e-01 | Train acc: 0.8640 ± 0.0000 | Valid acc: 0.8031 ± 0.0000 | Valid Power: 0.0016 | Train Power: 0.0016 | patience:  85 | lr: 0.000390625 | Epoch time: 0.2 |

2024-09-09 10:28:15,834 - INFO -
| Epoch:   1240 | Train loss: 5.1781e-01 | Valid loss: 6.0016e-01 | Train acc: 0.8640 ± 0.0000 | Valid acc: 0.8031 ± 0.0000 | Valid Power: 0.0016 | Train Power: 0.0016 | patience:  95 | lr: 0.000390625 | Epoch time: 0.2 |

2024-09-09 10:28:16,778 - INFO -
load best network to warm start training with lower lr.

2024-09-09 10:28:16,778 - INFO -
lr update to 0.0001953125.

2024-09-09 10:28:17,408 - INFO -
| Epoch:   1250 | Train loss: 5.2507e-01 | Valid loss: 5.9456e-01 | Train acc: 0.8589 ± 0.0000 | Valid acc: 0.8110 ± 0.0000 | Valid Power: 0.0016 | Train Power: 0.0016 | patience:   4 | lr: 0.0001953125 | Epoch time: 0.2 |

2024-09-09 10:28:18,980 - INFO -
| Epoch:   1260 | Train loss: 5.2446e-01 | Valid loss: 5.9478e-01 | Train acc: 0.8589 ± 0.0000 | Valid acc: 0.8110 ± 0.0000 | Valid Power: 0.0016 | Train Power: 0.0016 | patience:  14 | lr: 0.0001953125 | Epoch time: 0.2 |

2024-09-09 10:28:20,548 - INFO -
| Epoch:   1270 | Train loss: 5.2426e-01 | Valid loss: 5.9487e-01 | Train acc: 0.8564 ± 0.0000 | Valid acc: 0.8110 ± 0.0000 | Valid Power: 0.0016 | Train Power: 0.0016 | patience:  24 | lr: 0.0001953125 | Epoch time: 0.2 |

2024-09-09 10:28:22,115 - INFO -
| Epoch:   1280 | Train loss: 5.2390e-01 | Valid loss: 5.9494e-01 | Train acc: 0.8564 ± 0.0000 | Valid acc: 0.8110 ± 0.0000 | Valid Power: 0.0016 | Train Power: 0.0016 | patience:  34 | lr: 0.0001953125 | Epoch time: 0.2 |

2024-09-09 10:28:23,676 - INFO -
| Epoch:   1290 | Train loss: 5.2288e-01 | Valid loss: 5.9514e-01 | Train acc: 0.8564 ± 0.0000 | Valid acc: 0.8110 ± 0.0000 | Valid Power: 0.0016 | Train Power: 0.0016 | patience:  44 | lr: 0.0001953125 | Epoch time: 0.2 |

2024-09-09 10:28:25,247 - INFO -
| Epoch:   1300 | Train loss: 5.2080e-01 | Valid loss: 5.9556e-01 | Train acc: 0.8615 ± 0.0000 | Valid acc: 0.8110 ± 0.0000 | Valid Power: 0.0016 | Train Power: 0.0016 | patience:  54 | lr: 0.0001953125 | Epoch time: 0.2 |

2024-09-09 10:28:26,882 - INFO -
| Epoch:   1310 | Train loss: 5.2050e-01 | Valid loss: 5.9601e-01 | Train acc: 0.8615 ± 0.0000 | Valid acc: 0.8110 ± 0.0000 | Valid Power: 0.0016 | Train Power: 0.0016 | patience:  64 | lr: 0.0001953125 | Epoch time: 0.2 |

2024-09-09 10:28:28,454 - INFO -
| Epoch:   1320 | Train loss: 5.2035e-01 | Valid loss: 5.9656e-01 | Train acc: 0.8615 ± 0.0000 | Valid acc: 0.8110 ± 0.0000 | Valid Power: 0.0016 | Train Power: 0.0016 | patience:  74 | lr: 0.0001953125 | Epoch time: 0.2 |

2024-09-09 10:28:30,027 - INFO -
| Epoch:   1330 | Train loss: 5.2023e-01 | Valid loss: 5.9739e-01 | Train acc: 0.8615 ± 0.0000 | Valid acc: 0.8110 ± 0.0000 | Valid Power: 0.0016 | Train Power: 0.0016 | patience:  84 | lr: 0.0001953125 | Epoch time: 0.2 |

2024-09-09 10:28:31,617 - INFO -
| Epoch:   1340 | Train loss: 5.2013e-01 | Valid loss: 5.9862e-01 | Train acc: 0.8615 ± 0.0000 | Valid acc: 0.8031 ± 0.0000 | Valid Power: 0.0016 | Train Power: 0.0016 | patience:  94 | lr: 0.0001953125 | Epoch time: 0.2 |

2024-09-09 10:28:32,721 - INFO -
load best network to warm start training with lower lr.

2024-09-09 10:28:32,721 - INFO -
lr update to 9.765625e-05.

2024-09-09 10:28:32,721 - INFO -
Early stop.

2024-09-09 10:28:32,728 - INFO -
Training if finished.

2024-09-11 15:04:06,606 - INFO -
Configuration: 
gmin                0.01
gmax                10.0
T                   0.1
m                   0.3
type_nonlinear      normal
act                 tanh
ACT_R1n             12.7865
ACT_R2n             -3.1871
ACT_W1n             -10.4537
ACT_L1n             10.546
ACT_W2n             -5.8496
ACT_L2n             4.2337
S_R1n               -11.7481
S_R2n               -0.3905
S_W1n               -9.169
S_L1n               0.3913
S_W2n               7.2004
S_L2n               15.5558
ReLU_RHn            -1.9557
ReLU_RLn            -20.1581
ReLU_RDn            16.6486
ReLU_RBn            -14.3472
ReLU_Wn             16.655
ReLU_Ln             -21.7591
HS_Rn               -0.3766
HS_Wn               0.5192
HS_Ln               4.6293
NEG_R1n             -7.0846
NEG_R2n             -2.5695
NEG_R3n             16.1542
NEG_W1n             13.8696
NEG_L1n             2.7635
NEG_W2n             1.2674
NEG_L2n             -10.4803
NEG_W3n             -6.4386
NEG_L3n             5.1005
task                normal
DATASET             3
DataPath            ./dataset
InputNoise          0.0
IN_test             0.0
R_train             1
R_test              1
N_time              32
pathnorm            False
hidden              [3]
skipconnection      False
SEED                8
DEVICE              cpu
PATIENCE            500
EPOCH               10000000000
LR                  0.1
PROGRESSIVE         True
LR_PATIENCE         100
LR_DECAY            0.5
LR_MIN              0.0001
metric              acc
SoftEva             True
TIMELIMITATION      71
MODE                nominal
M_train             1
K_train             1
M_test              1
K_test              1
t_test_max          1
integration         MC
N_train             1
e_train             0.0
N_test              100
e_test              0.1
e_fault             2
fault_ratio         0.0
N_fault             50
e_fault_test        0
N_fault_test        50
dropout             0.0
lagrangian_loss     False
rho                 100
powerestimator      none
powerbalance        0.0
estimatorbalance    0.0
pgmin               1e-07
power_ratio         1000
lambda_P            100
areaestimator       none
areabalance         0.0
area_theta          0.15
area_act            30.0
area_neg            22.7
lambda_A            0.001
lnc                 False
projectname         tanh_0_FaultAnalysisNormal
temppath            ./tanh_0_FaultAnalysisNormal/temp/
logfilepath         ./tanh_0_FaultAnalysisNormal/log/
report_freq         10
recording           False
recordpath          ./tanh_0_FaultAnalysisNormal/record/
savepath            ./tanh_0_FaultAnalysisNormal/models/
loglevel            info


2024-09-11 15:04:06,634 - INFO -
Training network on device: cpu.

2024-09-11 15:04:06,634 - INFO -
Training setup: data_03_cardiotocography3clases_seed_08_epsilon_0.0_dropout_0.0_fault_ratio_0.0.model.

2024-09-11 15:04:06,634 - INFO -
{'dataname': 'cardiotocography3clases', 'N_feature': 21, 'N_class': 3, 'N_train': 397, 'N_valid': 127, 'N_test': 79}

2024-09-11 15:04:06,636 - INFO -
Training was already finished.

2024-09-14 08:36:54,563 - INFO -
Configuration: 
gmin                0.01
gmax                10.0
T                   0.1
m                   0.3
type_nonlinear      normal
act                 tanh
ACT_R1n             12.7865
ACT_R2n             -3.1871
ACT_W1n             -10.4537
ACT_L1n             10.546
ACT_W2n             -5.8496
ACT_L2n             4.2337
S_R1n               -11.7481
S_R2n               -0.3905
S_W1n               -9.169
S_L1n               0.3913
S_W2n               7.2004
S_L2n               15.5558
ReLU_RHn            -1.9557
ReLU_RLn            -20.1581
ReLU_RDn            16.6486
ReLU_RBn            -14.3472
ReLU_Wn             16.655
ReLU_Ln             -21.7591
HS_Rn               -0.3766
HS_Wn               0.5192
HS_Ln               4.6293
NEG_R1n             -7.0846
NEG_R2n             -2.5695
NEG_R3n             16.1542
NEG_W1n             13.8696
NEG_L1n             2.7635
NEG_W2n             1.2674
NEG_L2n             -10.4803
NEG_W3n             -6.4386
NEG_L3n             5.1005
task                normal
DATASET             3
DataPath            ./dataset
InputNoise          0.0
IN_test             0.0
R_train             1
R_test              1
N_time              32
pathnorm            False
hidden              [3]
skipconnection      False
SEED                8
DEVICE              cpu
PATIENCE            500
EPOCH               10000000000
LR                  0.1
PROGRESSIVE         True
LR_PATIENCE         100
LR_DECAY            0.5
LR_MIN              0.0001
metric              acc
SoftEva             True
TIMELIMITATION      71
MODE                nominal
M_train             1
K_train             1
M_test              1
K_test              1
t_test_max          1
integration         MC
N_train             1
e_train             0.0
N_test              100
e_test              0.1
e_fault             2
fault_ratio         0.0
N_fault             50
e_fault_test        0
N_fault_test        50
dropout             0.0
lagrangian_loss     False
rho                 100
powerestimator      none
powerbalance        0.0
estimatorbalance    0.0
pgmin               1e-07
power_ratio         1000
lambda_P            100
areaestimator       none
areabalance         0.0
area_theta          0.15
area_act            30.0
area_neg            22.7
lambda_A            0.001
lnc                 False
projectname         tanh_0_FaultAnalysisNormal
temppath            ./tanh_0_FaultAnalysisNormal/temp/
logfilepath         ./tanh_0_FaultAnalysisNormal/log/
report_freq         10
recording           False
recordpath          ./tanh_0_FaultAnalysisNormal/record/
savepath            ./tanh_0_FaultAnalysisNormal/models/
loglevel            info


2024-09-14 08:36:54,572 - INFO -
Training network on device: cpu.

2024-09-14 08:36:54,572 - INFO -
Training setup: data_03_cardiotocography3clases_seed_08_epsilon_0.0_dropout_0.0_fault_ratio_0.0.model.

2024-09-14 08:36:54,572 - INFO -
{'dataname': 'cardiotocography3clases', 'N_feature': 21, 'N_class': 3, 'N_train': 397, 'N_valid': 127, 'N_test': 79}

2024-09-14 08:36:54,573 - INFO -
Training was already finished.

