2024-09-09 10:24:12,384 - INFO -
Configuration: 
gmin                0.01
gmax                10.0
T                   0.1
m                   0.3
type_nonlinear      normal
act                 tanh
ACT_R1n             12.7865
ACT_R2n             -3.1871
ACT_W1n             -10.4537
ACT_L1n             10.546
ACT_W2n             -5.8496
ACT_L2n             4.2337
S_R1n               -11.7481
S_R2n               -0.3905
S_W1n               -9.169
S_L1n               0.3913
S_W2n               7.2004
S_L2n               15.5558
ReLU_RHn            -1.9557
ReLU_RLn            -20.1581
ReLU_RDn            16.6486
ReLU_RBn            -14.3472
ReLU_Wn             16.655
ReLU_Ln             -21.7591
HS_Rn               -0.3766
HS_Wn               0.5192
HS_Ln               4.6293
NEG_R1n             -7.0846
NEG_R2n             -2.5695
NEG_R3n             16.1542
NEG_W1n             13.8696
NEG_L1n             2.7635
NEG_W2n             1.2674
NEG_L2n             -10.4803
NEG_W3n             -6.4386
NEG_L3n             5.1005
task                normal
DATASET             1
DataPath            ./dataset
InputNoise          0.0
IN_test             0.0
R_train             1
R_test              1
N_time              32
pathnorm            False
hidden              [3]
skipconnection      False
SEED                2
DEVICE              cpu
PATIENCE            500
EPOCH               10000000000
LR                  0.1
PROGRESSIVE         True
LR_PATIENCE         100
LR_DECAY            0.5
LR_MIN              0.0001
metric              acc
SoftEva             True
TIMELIMITATION      71
MODE                nominal
M_train             1
K_train             1
M_test              1
K_test              1
t_test_max          1
integration         MC
N_train             1
e_train             0.0
N_test              100
e_test              0.1
e_fault             2
fault_ratio         0.0
N_fault             50
e_fault_test        0
N_fault_test        50
dropout             0.0
lagrangian_loss     False
rho                 100
powerestimator      none
powerbalance        0.0
estimatorbalance    0.0
pgmin               1e-07
power_ratio         1000
lambda_P            100
areaestimator       none
areabalance         0.0
area_theta          0.15
area_act            30.0
area_neg            22.7
lambda_A            0.001
lnc                 False
projectname         tanh_0_FaultAnalysisNormal
temppath            ./tanh_0_FaultAnalysisNormal/temp/
logfilepath         ./tanh_0_FaultAnalysisNormal/log/
report_freq         10
recording           False
recordpath          ./tanh_0_FaultAnalysisNormal/record/
savepath            ./tanh_0_FaultAnalysisNormal/models/
loglevel            info


2024-09-09 10:24:12,385 - INFO -
Training network on device: cpu.

2024-09-09 10:24:12,385 - INFO -
Training setup: data_01_balancescale_seed_02_epsilon_0.0_dropout_0.0_fault_ratio_0.0.model.

2024-09-09 10:24:12,385 - INFO -
{'dataname': 'balancescale', 'N_feature': 4, 'N_class': 3, 'N_train': 373, 'N_valid': 124, 'N_test': 79}

2024-09-09 10:24:12,385 - INFO -
Topology of the network: [4, 3, 3].

2024-09-09 10:24:32,114 - INFO -
| Epoch:      0 | Train loss: 1.0984e+00 | Valid loss: 1.1026e+00 | Train acc: 0.4450 ± 0.0000 | Valid acc: 0.1210 ± 0.0000 | Valid Power: 0.0007 | Train Power: 0.0005 | patience:   0 | lr: 0.1 | Epoch time: 1.0 |

2024-09-09 10:24:33,186 - INFO -
| Epoch:     10 | Train loss: 8.5104e-01 | Valid loss: 8.2721e-01 | Train acc: 0.7105 ± 0.0000 | Valid acc: 0.6613 ± 0.0000 | Valid Power: 0.0007 | Train Power: 0.0007 | patience:   0 | lr: 0.1 | Epoch time: 0.1 |

2024-09-09 10:24:34,264 - INFO -
| Epoch:     20 | Train loss: 7.9653e-01 | Valid loss: 7.7304e-01 | Train acc: 0.7105 ± 0.0000 | Valid acc: 0.6855 ± 0.0000 | Valid Power: 0.0007 | Train Power: 0.0007 | patience:   1 | lr: 0.1 | Epoch time: 0.1 |

2024-09-09 10:24:35,327 - INFO -
| Epoch:     30 | Train loss: 7.7856e-01 | Valid loss: 7.4892e-01 | Train acc: 0.7131 ± 0.0000 | Valid acc: 0.7097 ± 0.0000 | Valid Power: 0.0007 | Train Power: 0.0007 | patience:   1 | lr: 0.1 | Epoch time: 0.1 |

2024-09-09 10:24:36,384 - INFO -
| Epoch:     40 | Train loss: 7.7901e-01 | Valid loss: 7.4266e-01 | Train acc: 0.6542 ± 0.0000 | Valid acc: 0.6694 ± 0.0000 | Valid Power: 0.0007 | Train Power: 0.0007 | patience:  11 | lr: 0.1 | Epoch time: 0.1 |

2024-09-09 10:24:37,551 - INFO -
| Epoch:     50 | Train loss: 7.7213e-01 | Valid loss: 7.3636e-01 | Train acc: 0.6542 ± 0.0000 | Valid acc: 0.6694 ± 0.0000 | Valid Power: 0.0007 | Train Power: 0.0007 | patience:   0 | lr: 0.1 | Epoch time: 0.1 |

2024-09-09 10:24:38,638 - INFO -
| Epoch:     60 | Train loss: 7.4347e-01 | Valid loss: 7.3366e-01 | Train acc: 0.6971 ± 0.0000 | Valid acc: 0.7097 ± 0.0000 | Valid Power: 0.0007 | Train Power: 0.0007 | patience:   2 | lr: 0.1 | Epoch time: 0.1 |

2024-09-09 10:24:39,710 - INFO -
| Epoch:     70 | Train loss: 7.3694e-01 | Valid loss: 7.1151e-01 | Train acc: 0.6971 ± 0.0000 | Valid acc: 0.7097 ± 0.0000 | Valid Power: 0.0007 | Train Power: 0.0007 | patience:   0 | lr: 0.1 | Epoch time: 0.1 |

2024-09-09 10:24:40,775 - INFO -
| Epoch:     80 | Train loss: 7.3173e-01 | Valid loss: 7.2827e-01 | Train acc: 0.7105 ± 0.0000 | Valid acc: 0.7258 ± 0.0000 | Valid Power: 0.0007 | Train Power: 0.0007 | patience:  10 | lr: 0.1 | Epoch time: 0.1 |

2024-09-09 10:24:41,844 - INFO -
| Epoch:     90 | Train loss: 7.3025e-01 | Valid loss: 7.1124e-01 | Train acc: 0.7105 ± 0.0000 | Valid acc: 0.7258 ± 0.0000 | Valid Power: 0.0007 | Train Power: 0.0007 | patience:   0 | lr: 0.1 | Epoch time: 0.1 |

2024-09-09 10:24:42,962 - INFO -
| Epoch:    100 | Train loss: 6.9538e-01 | Valid loss: 6.8075e-01 | Train acc: 0.7694 ± 0.0000 | Valid acc: 0.7823 ± 0.0000 | Valid Power: 0.0007 | Train Power: 0.0007 | patience:   0 | lr: 0.1 | Epoch time: 0.1 |

2024-09-09 10:24:44,038 - INFO -
| Epoch:    110 | Train loss: 6.2756e-01 | Valid loss: 6.1534e-01 | Train acc: 0.8338 ± 0.0000 | Valid acc: 0.8145 ± 0.0000 | Valid Power: 0.0007 | Train Power: 0.0007 | patience:   0 | lr: 0.1 | Epoch time: 0.1 |

2024-09-09 10:24:45,118 - INFO -
| Epoch:    120 | Train loss: 6.1172e-01 | Valid loss: 5.8887e-01 | Train acc: 0.8123 ± 0.0000 | Valid acc: 0.7984 ± 0.0000 | Valid Power: 0.0007 | Train Power: 0.0007 | patience:   0 | lr: 0.1 | Epoch time: 0.1 |

2024-09-09 10:24:46,199 - INFO -
| Epoch:    130 | Train loss: 6.0154e-01 | Valid loss: 6.0597e-01 | Train acc: 0.7962 ± 0.0000 | Valid acc: 0.7661 ± 0.0000 | Valid Power: 0.0007 | Train Power: 0.0007 | patience:   4 | lr: 0.1 | Epoch time: 0.1 |

2024-09-09 10:24:47,282 - INFO -
| Epoch:    140 | Train loss: 5.9816e-01 | Valid loss: 5.2168e-01 | Train acc: 0.7989 ± 0.0000 | Valid acc: 0.8387 ± 0.0000 | Valid Power: 0.0007 | Train Power: 0.0007 | patience:   0 | lr: 0.1 | Epoch time: 0.1 |

2024-09-09 10:24:48,369 - INFO -
| Epoch:    150 | Train loss: 5.7399e-01 | Valid loss: 5.0894e-01 | Train acc: 0.8284 ± 0.0000 | Valid acc: 0.9113 ± 0.0000 | Valid Power: 0.0007 | Train Power: 0.0007 | patience:   0 | lr: 0.1 | Epoch time: 0.1 |

2024-09-09 10:24:49,441 - INFO -
| Epoch:    160 | Train loss: 5.6978e-01 | Valid loss: 5.2522e-01 | Train acc: 0.8391 ± 0.0000 | Valid acc: 0.8871 ± 0.0000 | Valid Power: 0.0007 | Train Power: 0.0007 | patience:   7 | lr: 0.1 | Epoch time: 0.1 |

2024-09-09 10:24:50,496 - INFO -
| Epoch:    170 | Train loss: 5.6437e-01 | Valid loss: 5.1258e-01 | Train acc: 0.8445 ± 0.0000 | Valid acc: 0.9194 ± 0.0000 | Valid Power: 0.0007 | Train Power: 0.0007 | patience:  17 | lr: 0.1 | Epoch time: 0.1 |

2024-09-09 10:24:51,544 - INFO -
| Epoch:    180 | Train loss: 5.6054e-01 | Valid loss: 5.1840e-01 | Train acc: 0.8525 ± 0.0000 | Valid acc: 0.9113 ± 0.0000 | Valid Power: 0.0007 | Train Power: 0.0007 | patience:  27 | lr: 0.1 | Epoch time: 0.1 |

2024-09-09 10:24:52,592 - INFO -
| Epoch:    190 | Train loss: 5.5761e-01 | Valid loss: 5.1843e-01 | Train acc: 0.8525 ± 0.0000 | Valid acc: 0.9194 ± 0.0000 | Valid Power: 0.0007 | Train Power: 0.0007 | patience:  37 | lr: 0.1 | Epoch time: 0.1 |

2024-09-09 10:24:53,655 - INFO -
| Epoch:    200 | Train loss: 5.6298e-01 | Valid loss: 5.2285e-01 | Train acc: 0.8472 ± 0.0000 | Valid acc: 0.9194 ± 0.0000 | Valid Power: 0.0007 | Train Power: 0.0007 | patience:   5 | lr: 0.1 | Epoch time: 0.1 |

2024-09-09 10:24:54,762 - INFO -
| Epoch:    210 | Train loss: 5.5598e-01 | Valid loss: 5.0680e-01 | Train acc: 0.8660 ± 0.0000 | Valid acc: 0.9194 ± 0.0000 | Valid Power: 0.0007 | Train Power: 0.0007 | patience:   2 | lr: 0.1 | Epoch time: 0.1 |

2024-09-09 10:24:55,824 - INFO -
| Epoch:    220 | Train loss: 5.4734e-01 | Valid loss: 5.0147e-01 | Train acc: 0.8633 ± 0.0000 | Valid acc: 0.8952 ± 0.0000 | Valid Power: 0.0007 | Train Power: 0.0007 | patience:   7 | lr: 0.1 | Epoch time: 0.1 |

2024-09-09 10:24:56,876 - INFO -
| Epoch:    230 | Train loss: 5.5420e-01 | Valid loss: 4.8692e-01 | Train acc: 0.8606 ± 0.0000 | Valid acc: 0.9435 ± 0.0000 | Valid Power: 0.0007 | Train Power: 0.0007 | patience:   0 | lr: 0.1 | Epoch time: 0.1 |

2024-09-09 10:24:57,929 - INFO -
| Epoch:    240 | Train loss: 5.6999e-01 | Valid loss: 5.6608e-01 | Train acc: 0.8391 ± 0.0000 | Valid acc: 0.8468 ± 0.0000 | Valid Power: 0.0007 | Train Power: 0.0007 | patience:   9 | lr: 0.1 | Epoch time: 0.1 |

2024-09-09 10:24:58,980 - INFO -
| Epoch:    250 | Train loss: 5.6199e-01 | Valid loss: 5.1320e-01 | Train acc: 0.8606 ± 0.0000 | Valid acc: 0.9355 ± 0.0000 | Valid Power: 0.0007 | Train Power: 0.0007 | patience:  19 | lr: 0.1 | Epoch time: 0.1 |

2024-09-09 10:25:00,030 - INFO -
| Epoch:    260 | Train loss: 5.3832e-01 | Valid loss: 5.3360e-01 | Train acc: 0.8820 ± 0.0000 | Valid acc: 0.8952 ± 0.0000 | Valid Power: 0.0007 | Train Power: 0.0007 | patience:  29 | lr: 0.1 | Epoch time: 0.1 |

2024-09-09 10:25:01,079 - INFO -
| Epoch:    270 | Train loss: 5.3882e-01 | Valid loss: 5.4418e-01 | Train acc: 0.8606 ± 0.0000 | Valid acc: 0.8548 ± 0.0000 | Valid Power: 0.0007 | Train Power: 0.0007 | patience:  39 | lr: 0.1 | Epoch time: 0.1 |

2024-09-09 10:25:02,126 - INFO -
| Epoch:    280 | Train loss: 5.7985e-01 | Valid loss: 5.1516e-01 | Train acc: 0.8231 ± 0.0000 | Valid acc: 0.8871 ± 0.0000 | Valid Power: 0.0007 | Train Power: 0.0007 | patience:  49 | lr: 0.1 | Epoch time: 0.1 |

2024-09-09 10:25:03,271 - INFO -
| Epoch:    290 | Train loss: 5.4626e-01 | Valid loss: 5.1448e-01 | Train acc: 0.8552 ± 0.0000 | Valid acc: 0.8790 ± 0.0000 | Valid Power: 0.0007 | Train Power: 0.0007 | patience:  59 | lr: 0.1 | Epoch time: 0.1 |

2024-09-09 10:25:04,320 - INFO -
| Epoch:    300 | Train loss: 5.4604e-01 | Valid loss: 5.1121e-01 | Train acc: 0.8606 ± 0.0000 | Valid acc: 0.9113 ± 0.0000 | Valid Power: 0.0007 | Train Power: 0.0007 | patience:  69 | lr: 0.1 | Epoch time: 0.1 |

2024-09-09 10:25:05,367 - INFO -
| Epoch:    310 | Train loss: 5.4376e-01 | Valid loss: 5.1529e-01 | Train acc: 0.8633 ± 0.0000 | Valid acc: 0.8790 ± 0.0000 | Valid Power: 0.0007 | Train Power: 0.0007 | patience:  79 | lr: 0.1 | Epoch time: 0.1 |

2024-09-09 10:25:06,415 - INFO -
| Epoch:    320 | Train loss: 5.4121e-01 | Valid loss: 5.1262e-01 | Train acc: 0.8525 ± 0.0000 | Valid acc: 0.9194 ± 0.0000 | Valid Power: 0.0007 | Train Power: 0.0009 | patience:  89 | lr: 0.1 | Epoch time: 0.1 |

2024-09-09 10:25:07,463 - INFO -
| Epoch:    330 | Train loss: 5.4005e-01 | Valid loss: 5.2398e-01 | Train acc: 0.8686 ± 0.0000 | Valid acc: 0.8952 ± 0.0000 | Valid Power: 0.0007 | Train Power: 0.0007 | patience:  99 | lr: 0.1 | Epoch time: 0.1 |

2024-09-09 10:25:07,677 - INFO -
load best network to warm start training with lower lr.

2024-09-09 10:25:07,677 - INFO -
lr update to 0.05.

2024-09-09 10:25:08,529 - INFO -
| Epoch:    340 | Train loss: 5.4664e-01 | Valid loss: 5.1278e-01 | Train acc: 0.8686 ± 0.0000 | Valid acc: 0.9274 ± 0.0000 | Valid Power: 0.0007 | Train Power: 0.0007 | patience:   8 | lr: 0.05 | Epoch time: 0.1 |

2024-09-09 10:25:09,595 - INFO -
| Epoch:    350 | Train loss: 5.4192e-01 | Valid loss: 5.3868e-01 | Train acc: 0.8713 ± 0.0000 | Valid acc: 0.8629 ± 0.0000 | Valid Power: 0.0007 | Train Power: 0.0007 | patience:  18 | lr: 0.05 | Epoch time: 0.1 |

2024-09-09 10:25:10,654 - INFO -
| Epoch:    360 | Train loss: 5.3540e-01 | Valid loss: 4.9567e-01 | Train acc: 0.8660 ± 0.0000 | Valid acc: 0.9032 ± 0.0000 | Valid Power: 0.0007 | Train Power: 0.0007 | patience:  28 | lr: 0.05 | Epoch time: 0.1 |

2024-09-09 10:25:11,703 - INFO -
| Epoch:    370 | Train loss: 5.3541e-01 | Valid loss: 4.9712e-01 | Train acc: 0.8740 ± 0.0000 | Valid acc: 0.9194 ± 0.0000 | Valid Power: 0.0007 | Train Power: 0.0007 | patience:  38 | lr: 0.05 | Epoch time: 0.1 |

2024-09-09 10:25:12,752 - INFO -
| Epoch:    380 | Train loss: 5.3900e-01 | Valid loss: 5.0432e-01 | Train acc: 0.8633 ± 0.0000 | Valid acc: 0.9113 ± 0.0000 | Valid Power: 0.0007 | Train Power: 0.0007 | patience:  48 | lr: 0.05 | Epoch time: 0.1 |

2024-09-09 10:25:13,803 - INFO -
| Epoch:    390 | Train loss: 5.3685e-01 | Valid loss: 5.0949e-01 | Train acc: 0.8606 ± 0.0000 | Valid acc: 0.8790 ± 0.0000 | Valid Power: 0.0010 | Train Power: 0.0008 | patience:  58 | lr: 0.05 | Epoch time: 0.1 |

2024-09-09 10:25:14,855 - INFO -
| Epoch:    400 | Train loss: 5.3647e-01 | Valid loss: 5.1448e-01 | Train acc: 0.8579 ± 0.0000 | Valid acc: 0.8871 ± 0.0000 | Valid Power: 0.0007 | Train Power: 0.0007 | patience:  68 | lr: 0.05 | Epoch time: 0.1 |

2024-09-09 10:25:15,910 - INFO -
| Epoch:    410 | Train loss: 5.3505e-01 | Valid loss: 5.0534e-01 | Train acc: 0.8660 ± 0.0000 | Valid acc: 0.8952 ± 0.0000 | Valid Power: 0.0007 | Train Power: 0.0007 | patience:  78 | lr: 0.05 | Epoch time: 0.1 |

2024-09-09 10:25:16,966 - INFO -
| Epoch:    420 | Train loss: 5.3603e-01 | Valid loss: 4.9827e-01 | Train acc: 0.8525 ± 0.0000 | Valid acc: 0.8710 ± 0.0000 | Valid Power: 0.0008 | Train Power: 0.0015 | patience:  88 | lr: 0.05 | Epoch time: 0.1 |

2024-09-09 10:25:18,112 - INFO -
| Epoch:    430 | Train loss: 5.3655e-01 | Valid loss: 4.9897e-01 | Train acc: 0.8606 ± 0.0000 | Valid acc: 0.9113 ± 0.0000 | Valid Power: 0.0007 | Train Power: 0.0007 | patience:  98 | lr: 0.05 | Epoch time: 0.1 |

2024-09-09 10:25:18,429 - INFO -
load best network to warm start training with lower lr.

2024-09-09 10:25:18,429 - INFO -
lr update to 0.025.

2024-09-09 10:25:19,165 - INFO -
| Epoch:    440 | Train loss: 5.4860e-01 | Valid loss: 5.2222e-01 | Train acc: 0.8633 ± 0.0000 | Valid acc: 0.8952 ± 0.0000 | Valid Power: 0.0007 | Train Power: 0.0007 | patience:   7 | lr: 0.025 | Epoch time: 0.1 |

2024-09-09 10:25:20,216 - INFO -
| Epoch:    450 | Train loss: 5.4750e-01 | Valid loss: 4.9118e-01 | Train acc: 0.8633 ± 0.0000 | Valid acc: 0.9516 ± 0.0000 | Valid Power: 0.0007 | Train Power: 0.0007 | patience:  17 | lr: 0.025 | Epoch time: 0.1 |

2024-09-09 10:25:21,264 - INFO -
| Epoch:    460 | Train loss: 5.4118e-01 | Valid loss: 5.0154e-01 | Train acc: 0.8660 ± 0.0000 | Valid acc: 0.9194 ± 0.0000 | Valid Power: 0.0007 | Train Power: 0.0007 | patience:  27 | lr: 0.025 | Epoch time: 0.1 |

2024-09-09 10:25:22,315 - INFO -
| Epoch:    470 | Train loss: 5.3929e-01 | Valid loss: 4.9587e-01 | Train acc: 0.8713 ± 0.0000 | Valid acc: 0.9355 ± 0.0000 | Valid Power: 0.0007 | Train Power: 0.0007 | patience:  37 | lr: 0.025 | Epoch time: 0.1 |

2024-09-09 10:25:23,366 - INFO -
| Epoch:    480 | Train loss: 5.3757e-01 | Valid loss: 4.9369e-01 | Train acc: 0.8713 ± 0.0000 | Valid acc: 0.9435 ± 0.0000 | Valid Power: 0.0007 | Train Power: 0.0007 | patience:  47 | lr: 0.025 | Epoch time: 0.1 |

2024-09-09 10:25:24,415 - INFO -
| Epoch:    490 | Train loss: 5.3565e-01 | Valid loss: 5.0606e-01 | Train acc: 0.8740 ± 0.0000 | Valid acc: 0.9113 ± 0.0000 | Valid Power: 0.0007 | Train Power: 0.0007 | patience:  57 | lr: 0.025 | Epoch time: 0.1 |

2024-09-09 10:25:25,464 - INFO -
| Epoch:    500 | Train loss: 5.3412e-01 | Valid loss: 4.8664e-01 | Train acc: 0.8686 ± 0.0000 | Valid acc: 0.9435 ± 0.0000 | Valid Power: 0.0007 | Train Power: 0.0007 | patience:  67 | lr: 0.025 | Epoch time: 0.1 |

2024-09-09 10:25:26,525 - INFO -
| Epoch:    510 | Train loss: 5.3300e-01 | Valid loss: 4.9222e-01 | Train acc: 0.8686 ± 0.0000 | Valid acc: 0.9274 ± 0.0000 | Valid Power: 0.0007 | Train Power: 0.0007 | patience:   2 | lr: 0.025 | Epoch time: 0.1 |

2024-09-09 10:25:27,573 - INFO -
| Epoch:    520 | Train loss: 5.3245e-01 | Valid loss: 4.8684e-01 | Train acc: 0.8740 ± 0.0000 | Valid acc: 0.9274 ± 0.0000 | Valid Power: 0.0007 | Train Power: 0.0008 | patience:  12 | lr: 0.025 | Epoch time: 0.1 |

2024-09-09 10:25:28,646 - INFO -
| Epoch:    530 | Train loss: 5.3061e-01 | Valid loss: 4.8486e-01 | Train acc: 0.8767 ± 0.0000 | Valid acc: 0.9274 ± 0.0000 | Valid Power: 0.0008 | Train Power: 0.0008 | patience:   1 | lr: 0.025 | Epoch time: 0.1 |

2024-09-09 10:25:29,720 - INFO -
| Epoch:    540 | Train loss: 5.2868e-01 | Valid loss: 4.8206e-01 | Train acc: 0.8767 ± 0.0000 | Valid acc: 0.9274 ± 0.0000 | Valid Power: 0.0008 | Train Power: 0.0008 | patience:   0 | lr: 0.025 | Epoch time: 0.1 |

2024-09-09 10:25:30,797 - INFO -
| Epoch:    550 | Train loss: 5.2852e-01 | Valid loss: 5.0052e-01 | Train acc: 0.8847 ± 0.0000 | Valid acc: 0.9113 ± 0.0000 | Valid Power: 0.0008 | Train Power: 0.0008 | patience:   4 | lr: 0.025 | Epoch time: 0.1 |

2024-09-09 10:25:31,853 - INFO -
| Epoch:    560 | Train loss: 5.1721e-01 | Valid loss: 4.8983e-01 | Train acc: 0.8713 ± 0.0000 | Valid acc: 0.9194 ± 0.0000 | Valid Power: 0.0008 | Train Power: 0.0008 | patience:   4 | lr: 0.025 | Epoch time: 0.1 |

2024-09-09 10:25:32,925 - INFO -
| Epoch:    570 | Train loss: 5.2082e-01 | Valid loss: 4.9705e-01 | Train acc: 0.8847 ± 0.0000 | Valid acc: 0.9113 ± 0.0000 | Valid Power: 0.0008 | Train Power: 0.0008 | patience:   2 | lr: 0.025 | Epoch time: 0.1 |

2024-09-09 10:25:33,975 - INFO -
| Epoch:    580 | Train loss: 5.3035e-01 | Valid loss: 5.1495e-01 | Train acc: 0.8686 ± 0.0000 | Valid acc: 0.9194 ± 0.0000 | Valid Power: 0.0020 | Train Power: 0.0013 | patience:  12 | lr: 0.025 | Epoch time: 0.1 |

2024-09-09 10:25:35,024 - INFO -
| Epoch:    590 | Train loss: 5.2152e-01 | Valid loss: 5.1265e-01 | Train acc: 0.8633 ± 0.0000 | Valid acc: 0.9032 ± 0.0000 | Valid Power: 0.0010 | Train Power: 0.0010 | patience:  22 | lr: 0.025 | Epoch time: 0.1 |

2024-09-09 10:25:36,073 - INFO -
| Epoch:    600 | Train loss: 5.2170e-01 | Valid loss: 5.1212e-01 | Train acc: 0.8713 ± 0.0000 | Valid acc: 0.9032 ± 0.0000 | Valid Power: 0.0009 | Train Power: 0.0009 | patience:  32 | lr: 0.025 | Epoch time: 0.1 |

2024-09-09 10:25:37,124 - INFO -
| Epoch:    610 | Train loss: 5.2159e-01 | Valid loss: 5.1218e-01 | Train acc: 0.8686 ± 0.0000 | Valid acc: 0.9032 ± 0.0000 | Valid Power: 0.0009 | Train Power: 0.0009 | patience:  42 | lr: 0.025 | Epoch time: 0.1 |

2024-09-09 10:25:38,174 - INFO -
| Epoch:    620 | Train loss: 5.2112e-01 | Valid loss: 5.1002e-01 | Train acc: 0.8660 ± 0.0000 | Valid acc: 0.9032 ± 0.0000 | Valid Power: 0.0009 | Train Power: 0.0009 | patience:  52 | lr: 0.025 | Epoch time: 0.1 |

2024-09-09 10:25:39,224 - INFO -
| Epoch:    630 | Train loss: 5.2036e-01 | Valid loss: 5.0766e-01 | Train acc: 0.8686 ± 0.0000 | Valid acc: 0.9032 ± 0.0000 | Valid Power: 0.0009 | Train Power: 0.0009 | patience:  62 | lr: 0.025 | Epoch time: 0.1 |

2024-09-09 10:25:40,275 - INFO -
| Epoch:    640 | Train loss: 5.1897e-01 | Valid loss: 5.0615e-01 | Train acc: 0.8740 ± 0.0000 | Valid acc: 0.9032 ± 0.0000 | Valid Power: 0.0009 | Train Power: 0.0010 | patience:  72 | lr: 0.025 | Epoch time: 0.1 |

2024-09-09 10:25:41,323 - INFO -
| Epoch:    650 | Train loss: 5.2085e-01 | Valid loss: 5.0954e-01 | Train acc: 0.8686 ± 0.0000 | Valid acc: 0.9032 ± 0.0000 | Valid Power: 0.0009 | Train Power: 0.0009 | patience:  82 | lr: 0.025 | Epoch time: 0.1 |

2024-09-09 10:25:42,372 - INFO -
| Epoch:    660 | Train loss: 5.2072e-01 | Valid loss: 5.1077e-01 | Train acc: 0.8660 ± 0.0000 | Valid acc: 0.8952 ± 0.0000 | Valid Power: 0.0010 | Train Power: 0.0009 | patience:  92 | lr: 0.025 | Epoch time: 0.1 |

2024-09-09 10:25:43,411 - INFO -
load best network to warm start training with lower lr.

2024-09-09 10:25:43,411 - INFO -
lr update to 0.0125.

2024-09-09 10:25:43,516 - INFO -
| Epoch:    670 | Train loss: 5.2445e-01 | Valid loss: 4.9508e-01 | Train acc: 0.8767 ± 0.0000 | Valid acc: 0.9113 ± 0.0000 | Valid Power: 0.0009 | Train Power: 0.0008 | patience:   1 | lr: 0.0125 | Epoch time: 0.1 |

2024-09-09 10:25:44,567 - INFO -
| Epoch:    680 | Train loss: 5.2191e-01 | Valid loss: 5.1582e-01 | Train acc: 0.8820 ± 0.0000 | Valid acc: 0.9032 ± 0.0000 | Valid Power: 0.0008 | Train Power: 0.0008 | patience:  11 | lr: 0.0125 | Epoch time: 0.1 |

2024-09-09 10:25:45,617 - INFO -
| Epoch:    690 | Train loss: 5.2263e-01 | Valid loss: 5.1602e-01 | Train acc: 0.8740 ± 0.0000 | Valid acc: 0.9194 ± 0.0000 | Valid Power: 0.0008 | Train Power: 0.0008 | patience:  21 | lr: 0.0125 | Epoch time: 0.1 |

2024-09-09 10:25:46,667 - INFO -
| Epoch:    700 | Train loss: 5.2311e-01 | Valid loss: 4.9946e-01 | Train acc: 0.8740 ± 0.0000 | Valid acc: 0.9113 ± 0.0000 | Valid Power: 0.0013 | Train Power: 0.0011 | patience:  31 | lr: 0.0125 | Epoch time: 0.1 |

2024-09-09 10:25:47,717 - INFO -
| Epoch:    710 | Train loss: 5.2215e-01 | Valid loss: 4.9715e-01 | Train acc: 0.8767 ± 0.0000 | Valid acc: 0.9113 ± 0.0000 | Valid Power: 0.0009 | Train Power: 0.0008 | patience:  41 | lr: 0.0125 | Epoch time: 0.1 |

2024-09-09 10:25:48,769 - INFO -
| Epoch:    720 | Train loss: 5.2196e-01 | Valid loss: 4.9535e-01 | Train acc: 0.8767 ± 0.0000 | Valid acc: 0.9113 ± 0.0000 | Valid Power: 0.0008 | Train Power: 0.0009 | patience:  51 | lr: 0.0125 | Epoch time: 0.1 |

2024-09-09 10:25:49,819 - INFO -
| Epoch:    730 | Train loss: 5.2162e-01 | Valid loss: 4.9465e-01 | Train acc: 0.8767 ± 0.0000 | Valid acc: 0.9113 ± 0.0000 | Valid Power: 0.0008 | Train Power: 0.0008 | patience:  61 | lr: 0.0125 | Epoch time: 0.1 |

2024-09-09 10:25:50,871 - INFO -
| Epoch:    740 | Train loss: 5.2113e-01 | Valid loss: 4.9414e-01 | Train acc: 0.8767 ± 0.0000 | Valid acc: 0.9113 ± 0.0000 | Valid Power: 0.0008 | Train Power: 0.0008 | patience:  71 | lr: 0.0125 | Epoch time: 0.1 |

2024-09-09 10:25:51,923 - INFO -
| Epoch:    750 | Train loss: 5.2052e-01 | Valid loss: 4.9033e-01 | Train acc: 0.8767 ± 0.0000 | Valid acc: 0.9113 ± 0.0000 | Valid Power: 0.0008 | Train Power: 0.0008 | patience:  81 | lr: 0.0125 | Epoch time: 0.1 |

2024-09-09 10:25:52,975 - INFO -
| Epoch:    760 | Train loss: 5.2027e-01 | Valid loss: 4.9161e-01 | Train acc: 0.8767 ± 0.0000 | Valid acc: 0.9113 ± 0.0000 | Valid Power: 0.0008 | Train Power: 0.0008 | patience:  91 | lr: 0.0125 | Epoch time: 0.1 |

2024-09-09 10:25:54,036 - INFO -
load best network to warm start training with lower lr.

2024-09-09 10:25:54,036 - INFO -
lr update to 0.00625.

2024-09-09 10:25:54,036 - INFO -
| Epoch:    770 | Train loss: 5.1978e-01 | Valid loss: 4.8782e-01 | Train acc: 0.8767 ± 0.0000 | Valid acc: 0.9113 ± 0.0000 | Valid Power: 0.0009 | Train Power: 0.0011 | patience:   0 | lr: 0.00625 | Epoch time: 0.1 |

2024-09-09 10:25:55,093 - INFO -
| Epoch:    780 | Train loss: 5.1721e-01 | Valid loss: 4.5775e-01 | Train acc: 0.8874 ± 0.0000 | Valid acc: 0.9274 ± 0.0000 | Valid Power: 0.0009 | Train Power: 0.0008 | patience:   2 | lr: 0.00625 | Epoch time: 0.1 |

2024-09-09 10:25:56,144 - INFO -
| Epoch:    790 | Train loss: 5.1400e-01 | Valid loss: 4.6520e-01 | Train acc: 0.8928 ± 0.0000 | Valid acc: 0.9113 ± 0.0000 | Valid Power: 0.0008 | Train Power: 0.0008 | patience:  12 | lr: 0.00625 | Epoch time: 0.1 |

2024-09-09 10:25:57,195 - INFO -
| Epoch:    800 | Train loss: 5.1252e-01 | Valid loss: 4.7145e-01 | Train acc: 0.8901 ± 0.0000 | Valid acc: 0.9113 ± 0.0000 | Valid Power: 0.0008 | Train Power: 0.0008 | patience:  22 | lr: 0.00625 | Epoch time: 0.1 |

2024-09-09 10:25:58,376 - INFO -
| Epoch:    810 | Train loss: 5.1240e-01 | Valid loss: 4.6609e-01 | Train acc: 0.8901 ± 0.0000 | Valid acc: 0.9113 ± 0.0000 | Valid Power: 0.0008 | Train Power: 0.0008 | patience:  32 | lr: 0.00625 | Epoch time: 0.1 |

2024-09-09 10:25:59,424 - INFO -
| Epoch:    820 | Train loss: 5.1203e-01 | Valid loss: 4.6026e-01 | Train acc: 0.8847 ± 0.0000 | Valid acc: 0.9113 ± 0.0000 | Valid Power: 0.0008 | Train Power: 0.0008 | patience:  42 | lr: 0.00625 | Epoch time: 0.1 |

2024-09-09 10:26:00,472 - INFO -
| Epoch:    830 | Train loss: 5.1178e-01 | Valid loss: 4.6172e-01 | Train acc: 0.8847 ± 0.0000 | Valid acc: 0.9113 ± 0.0000 | Valid Power: 0.0008 | Train Power: 0.0008 | patience:  52 | lr: 0.00625 | Epoch time: 0.1 |

2024-09-09 10:26:01,521 - INFO -
| Epoch:    840 | Train loss: 5.1164e-01 | Valid loss: 4.6215e-01 | Train acc: 0.8847 ± 0.0000 | Valid acc: 0.9113 ± 0.0000 | Valid Power: 0.0008 | Train Power: 0.0008 | patience:  62 | lr: 0.00625 | Epoch time: 0.1 |

2024-09-09 10:26:02,572 - INFO -
| Epoch:    850 | Train loss: 5.1151e-01 | Valid loss: 4.6077e-01 | Train acc: 0.8847 ± 0.0000 | Valid acc: 0.9113 ± 0.0000 | Valid Power: 0.0008 | Train Power: 0.0008 | patience:  72 | lr: 0.00625 | Epoch time: 0.1 |

2024-09-09 10:26:03,623 - INFO -
| Epoch:    860 | Train loss: 5.1139e-01 | Valid loss: 4.6127e-01 | Train acc: 0.8847 ± 0.0000 | Valid acc: 0.9113 ± 0.0000 | Valid Power: 0.0008 | Train Power: 0.0008 | patience:  82 | lr: 0.00625 | Epoch time: 0.1 |

2024-09-09 10:26:04,671 - INFO -
| Epoch:    870 | Train loss: 5.1127e-01 | Valid loss: 4.6148e-01 | Train acc: 0.8847 ± 0.0000 | Valid acc: 0.9113 ± 0.0000 | Valid Power: 0.0008 | Train Power: 0.0008 | patience:  92 | lr: 0.00625 | Epoch time: 0.1 |

2024-09-09 10:26:05,620 - INFO -
load best network to warm start training with lower lr.

2024-09-09 10:26:05,621 - INFO -
lr update to 0.003125.

2024-09-09 10:26:05,727 - INFO -
| Epoch:    880 | Train loss: 5.1654e-01 | Valid loss: 4.7115e-01 | Train acc: 0.8874 ± 0.0000 | Valid acc: 0.9113 ± 0.0000 | Valid Power: 0.0008 | Train Power: 0.0008 | patience:   1 | lr: 0.003125 | Epoch time: 0.1 |

2024-09-09 10:26:06,788 - INFO -
| Epoch:    890 | Train loss: 5.1318e-01 | Valid loss: 4.7441e-01 | Train acc: 0.8901 ± 0.0000 | Valid acc: 0.9113 ± 0.0000 | Valid Power: 0.0008 | Train Power: 0.0008 | patience:  11 | lr: 0.003125 | Epoch time: 0.1 |

2024-09-09 10:26:07,846 - INFO -
| Epoch:    900 | Train loss: 5.1281e-01 | Valid loss: 4.7026e-01 | Train acc: 0.8901 ± 0.0000 | Valid acc: 0.9113 ± 0.0000 | Valid Power: 0.0008 | Train Power: 0.0008 | patience:  21 | lr: 0.003125 | Epoch time: 0.1 |

2024-09-09 10:26:08,902 - INFO -
| Epoch:    910 | Train loss: 5.1243e-01 | Valid loss: 4.6534e-01 | Train acc: 0.8901 ± 0.0000 | Valid acc: 0.9113 ± 0.0000 | Valid Power: 0.0008 | Train Power: 0.0008 | patience:  31 | lr: 0.003125 | Epoch time: 0.1 |

2024-09-09 10:26:09,957 - INFO -
| Epoch:    920 | Train loss: 5.1222e-01 | Valid loss: 4.6121e-01 | Train acc: 0.8901 ± 0.0000 | Valid acc: 0.9113 ± 0.0000 | Valid Power: 0.0008 | Train Power: 0.0008 | patience:  41 | lr: 0.003125 | Epoch time: 0.1 |

2024-09-09 10:26:11,009 - INFO -
| Epoch:    930 | Train loss: 5.1212e-01 | Valid loss: 4.6133e-01 | Train acc: 0.8901 ± 0.0000 | Valid acc: 0.9113 ± 0.0000 | Valid Power: 0.0008 | Train Power: 0.0008 | patience:  51 | lr: 0.003125 | Epoch time: 0.1 |

2024-09-09 10:26:12,062 - INFO -
| Epoch:    940 | Train loss: 5.1196e-01 | Valid loss: 4.6251e-01 | Train acc: 0.8847 ± 0.0000 | Valid acc: 0.9113 ± 0.0000 | Valid Power: 0.0008 | Train Power: 0.0008 | patience:  61 | lr: 0.003125 | Epoch time: 0.1 |

2024-09-09 10:26:13,112 - INFO -
| Epoch:    950 | Train loss: 5.1186e-01 | Valid loss: 4.6105e-01 | Train acc: 0.8847 ± 0.0000 | Valid acc: 0.9113 ± 0.0000 | Valid Power: 0.0008 | Train Power: 0.0008 | patience:  71 | lr: 0.003125 | Epoch time: 0.1 |

2024-09-09 10:26:14,161 - INFO -
| Epoch:    960 | Train loss: 5.1178e-01 | Valid loss: 4.6197e-01 | Train acc: 0.8847 ± 0.0000 | Valid acc: 0.9113 ± 0.0000 | Valid Power: 0.0008 | Train Power: 0.0008 | patience:  81 | lr: 0.003125 | Epoch time: 0.1 |

2024-09-09 10:26:15,209 - INFO -
| Epoch:    970 | Train loss: 5.1172e-01 | Valid loss: 4.6152e-01 | Train acc: 0.8847 ± 0.0000 | Valid acc: 0.9113 ± 0.0000 | Valid Power: 0.0008 | Train Power: 0.0008 | patience:  91 | lr: 0.003125 | Epoch time: 0.1 |

2024-09-09 10:26:16,261 - INFO -
load best network to warm start training with lower lr.

2024-09-09 10:26:16,261 - INFO -
lr update to 0.0015625.

2024-09-09 10:26:16,261 - INFO -
| Epoch:    980 | Train loss: 5.1165e-01 | Valid loss: 4.6180e-01 | Train acc: 0.8847 ± 0.0000 | Valid acc: 0.9113 ± 0.0000 | Valid Power: 0.0008 | Train Power: 0.0008 | patience:   0 | lr: 0.0015625 | Epoch time: 0.1 |

2024-09-09 10:26:17,311 - INFO -
| Epoch:    990 | Train loss: 5.1341e-01 | Valid loss: 4.6051e-01 | Train acc: 0.8874 ± 0.0000 | Valid acc: 0.9113 ± 0.0000 | Valid Power: 0.0008 | Train Power: 0.0008 | patience:  10 | lr: 0.0015625 | Epoch time: 0.1 |

2024-09-09 10:26:18,372 - INFO -
| Epoch:   1000 | Train loss: 5.1270e-01 | Valid loss: 4.6428e-01 | Train acc: 0.8901 ± 0.0000 | Valid acc: 0.9113 ± 0.0000 | Valid Power: 0.0008 | Train Power: 0.0008 | patience:  20 | lr: 0.0015625 | Epoch time: 0.1 |

2024-09-09 10:26:19,420 - INFO -
| Epoch:   1010 | Train loss: 5.1262e-01 | Valid loss: 4.6744e-01 | Train acc: 0.8901 ± 0.0000 | Valid acc: 0.9113 ± 0.0000 | Valid Power: 0.0008 | Train Power: 0.0008 | patience:  30 | lr: 0.0015625 | Epoch time: 0.1 |

2024-09-09 10:26:20,467 - INFO -
| Epoch:   1020 | Train loss: 5.1244e-01 | Valid loss: 4.6555e-01 | Train acc: 0.8901 ± 0.0000 | Valid acc: 0.9113 ± 0.0000 | Valid Power: 0.0008 | Train Power: 0.0008 | patience:  40 | lr: 0.0015625 | Epoch time: 0.1 |

2024-09-09 10:26:21,516 - INFO -
| Epoch:   1030 | Train loss: 5.1234e-01 | Valid loss: 4.6449e-01 | Train acc: 0.8901 ± 0.0000 | Valid acc: 0.9113 ± 0.0000 | Valid Power: 0.0008 | Train Power: 0.0008 | patience:  50 | lr: 0.0015625 | Epoch time: 0.1 |

2024-09-09 10:26:22,573 - INFO -
| Epoch:   1040 | Train loss: 5.1227e-01 | Valid loss: 4.6356e-01 | Train acc: 0.8901 ± 0.0000 | Valid acc: 0.9113 ± 0.0000 | Valid Power: 0.0008 | Train Power: 0.0008 | patience:  60 | lr: 0.0015625 | Epoch time: 0.1 |

2024-09-09 10:26:23,715 - INFO -
| Epoch:   1050 | Train loss: 5.1221e-01 | Valid loss: 4.6309e-01 | Train acc: 0.8901 ± 0.0000 | Valid acc: 0.9113 ± 0.0000 | Valid Power: 0.0008 | Train Power: 0.0008 | patience:  70 | lr: 0.0015625 | Epoch time: 0.1 |

2024-09-09 10:26:24,764 - INFO -
| Epoch:   1060 | Train loss: 5.1215e-01 | Valid loss: 4.6286e-01 | Train acc: 0.8901 ± 0.0000 | Valid acc: 0.9113 ± 0.0000 | Valid Power: 0.0008 | Train Power: 0.0008 | patience:  80 | lr: 0.0015625 | Epoch time: 0.1 |

2024-09-09 10:26:25,813 - INFO -
| Epoch:   1070 | Train loss: 5.1210e-01 | Valid loss: 4.6257e-01 | Train acc: 0.8874 ± 0.0000 | Valid acc: 0.9113 ± 0.0000 | Valid Power: 0.0008 | Train Power: 0.0008 | patience:  90 | lr: 0.0015625 | Epoch time: 0.1 |

2024-09-09 10:26:26,862 - INFO -
| Epoch:   1080 | Train loss: 5.1200e-01 | Valid loss: 4.6231e-01 | Train acc: 0.8847 ± 0.0000 | Valid acc: 0.9113 ± 0.0000 | Valid Power: 0.0008 | Train Power: 0.0008 | patience: 100 | lr: 0.0015625 | Epoch time: 0.1 |

2024-09-09 10:26:26,971 - INFO -
load best network to warm start training with lower lr.

2024-09-09 10:26:26,971 - INFO -
lr update to 0.00078125.

2024-09-09 10:26:27,915 - INFO -
| Epoch:   1090 | Train loss: 5.1365e-01 | Valid loss: 4.7222e-01 | Train acc: 0.8847 ± 0.0000 | Valid acc: 0.9113 ± 0.0000 | Valid Power: 0.0008 | Train Power: 0.0008 | patience:   9 | lr: 0.00078125 | Epoch time: 0.1 |

2024-09-09 10:26:28,963 - INFO -
| Epoch:   1100 | Train loss: 5.1311e-01 | Valid loss: 4.6433e-01 | Train acc: 0.8901 ± 0.0000 | Valid acc: 0.9113 ± 0.0000 | Valid Power: 0.0008 | Train Power: 0.0008 | patience:  19 | lr: 0.00078125 | Epoch time: 0.1 |

2024-09-09 10:26:30,011 - INFO -
| Epoch:   1110 | Train loss: 5.1271e-01 | Valid loss: 4.6537e-01 | Train acc: 0.8901 ± 0.0000 | Valid acc: 0.9113 ± 0.0000 | Valid Power: 0.0008 | Train Power: 0.0008 | patience:  29 | lr: 0.00078125 | Epoch time: 0.1 |

2024-09-09 10:26:31,059 - INFO -
| Epoch:   1120 | Train loss: 5.1260e-01 | Valid loss: 4.6637e-01 | Train acc: 0.8901 ± 0.0000 | Valid acc: 0.9113 ± 0.0000 | Valid Power: 0.0008 | Train Power: 0.0008 | patience:  39 | lr: 0.00078125 | Epoch time: 0.1 |

2024-09-09 10:26:32,107 - INFO -
| Epoch:   1130 | Train loss: 5.1255e-01 | Valid loss: 4.6388e-01 | Train acc: 0.8901 ± 0.0000 | Valid acc: 0.9113 ± 0.0000 | Valid Power: 0.0008 | Train Power: 0.0008 | patience:  49 | lr: 0.00078125 | Epoch time: 0.1 |

2024-09-09 10:26:33,154 - INFO -
| Epoch:   1140 | Train loss: 5.1249e-01 | Valid loss: 4.6483e-01 | Train acc: 0.8901 ± 0.0000 | Valid acc: 0.9113 ± 0.0000 | Valid Power: 0.0008 | Train Power: 0.0008 | patience:  59 | lr: 0.00078125 | Epoch time: 0.1 |

2024-09-09 10:26:34,200 - INFO -
| Epoch:   1150 | Train loss: 5.1244e-01 | Valid loss: 4.6472e-01 | Train acc: 0.8901 ± 0.0000 | Valid acc: 0.9113 ± 0.0000 | Valid Power: 0.0008 | Train Power: 0.0008 | patience:  69 | lr: 0.00078125 | Epoch time: 0.1 |

2024-09-09 10:26:35,247 - INFO -
| Epoch:   1160 | Train loss: 5.1240e-01 | Valid loss: 4.6381e-01 | Train acc: 0.8901 ± 0.0000 | Valid acc: 0.9113 ± 0.0000 | Valid Power: 0.0008 | Train Power: 0.0008 | patience:  79 | lr: 0.00078125 | Epoch time: 0.1 |

2024-09-09 10:26:36,295 - INFO -
| Epoch:   1170 | Train loss: 5.1236e-01 | Valid loss: 4.6366e-01 | Train acc: 0.8901 ± 0.0000 | Valid acc: 0.9113 ± 0.0000 | Valid Power: 0.0008 | Train Power: 0.0008 | patience:  89 | lr: 0.00078125 | Epoch time: 0.1 |

2024-09-09 10:26:37,341 - INFO -
| Epoch:   1180 | Train loss: 5.1232e-01 | Valid loss: 4.6356e-01 | Train acc: 0.8901 ± 0.0000 | Valid acc: 0.9113 ± 0.0000 | Valid Power: 0.0008 | Train Power: 0.0008 | patience:  99 | lr: 0.00078125 | Epoch time: 0.1 |

2024-09-09 10:26:37,554 - INFO -
load best network to warm start training with lower lr.

2024-09-09 10:26:37,554 - INFO -
lr update to 0.000390625.

2024-09-09 10:26:38,391 - INFO -
| Epoch:   1190 | Train loss: 5.1368e-01 | Valid loss: 4.6798e-01 | Train acc: 0.8847 ± 0.0000 | Valid acc: 0.9113 ± 0.0000 | Valid Power: 0.0008 | Train Power: 0.0008 | patience:   8 | lr: 0.000390625 | Epoch time: 0.1 |

2024-09-09 10:26:39,509 - INFO -
| Epoch:   1200 | Train loss: 5.1312e-01 | Valid loss: 4.6795e-01 | Train acc: 0.8847 ± 0.0000 | Valid acc: 0.9113 ± 0.0000 | Valid Power: 0.0008 | Train Power: 0.0008 | patience:  18 | lr: 0.000390625 | Epoch time: 0.1 |

2024-09-09 10:26:40,556 - INFO -
| Epoch:   1210 | Train loss: 5.1306e-01 | Valid loss: 4.6403e-01 | Train acc: 0.8874 ± 0.0000 | Valid acc: 0.9113 ± 0.0000 | Valid Power: 0.0008 | Train Power: 0.0008 | patience:  28 | lr: 0.000390625 | Epoch time: 0.1 |

2024-09-09 10:26:41,604 - INFO -
| Epoch:   1220 | Train loss: 5.1287e-01 | Valid loss: 4.6783e-01 | Train acc: 0.8901 ± 0.0000 | Valid acc: 0.9113 ± 0.0000 | Valid Power: 0.0008 | Train Power: 0.0008 | patience:  38 | lr: 0.000390625 | Epoch time: 0.1 |

2024-09-09 10:26:42,652 - INFO -
| Epoch:   1230 | Train loss: 5.1271e-01 | Valid loss: 4.6440e-01 | Train acc: 0.8901 ± 0.0000 | Valid acc: 0.9113 ± 0.0000 | Valid Power: 0.0008 | Train Power: 0.0008 | patience:  48 | lr: 0.000390625 | Epoch time: 0.1 |

2024-09-09 10:26:43,700 - INFO -
| Epoch:   1240 | Train loss: 5.1264e-01 | Valid loss: 4.6589e-01 | Train acc: 0.8901 ± 0.0000 | Valid acc: 0.9113 ± 0.0000 | Valid Power: 0.0008 | Train Power: 0.0008 | patience:  58 | lr: 0.000390625 | Epoch time: 0.1 |

2024-09-09 10:26:44,747 - INFO -
| Epoch:   1250 | Train loss: 5.1260e-01 | Valid loss: 4.6516e-01 | Train acc: 0.8901 ± 0.0000 | Valid acc: 0.9113 ± 0.0000 | Valid Power: 0.0008 | Train Power: 0.0008 | patience:  68 | lr: 0.000390625 | Epoch time: 0.1 |

2024-09-09 10:26:45,796 - INFO -
| Epoch:   1260 | Train loss: 5.1257e-01 | Valid loss: 4.6526e-01 | Train acc: 0.8901 ± 0.0000 | Valid acc: 0.9113 ± 0.0000 | Valid Power: 0.0008 | Train Power: 0.0008 | patience:  78 | lr: 0.000390625 | Epoch time: 0.1 |

2024-09-09 10:26:46,840 - INFO -
| Epoch:   1270 | Train loss: 5.1255e-01 | Valid loss: 4.6484e-01 | Train acc: 0.8901 ± 0.0000 | Valid acc: 0.9113 ± 0.0000 | Valid Power: 0.0008 | Train Power: 0.0008 | patience:  88 | lr: 0.000390625 | Epoch time: 0.1 |

2024-09-09 10:26:47,888 - INFO -
| Epoch:   1280 | Train loss: 5.1252e-01 | Valid loss: 4.6488e-01 | Train acc: 0.8901 ± 0.0000 | Valid acc: 0.9113 ± 0.0000 | Valid Power: 0.0008 | Train Power: 0.0008 | patience:  98 | lr: 0.000390625 | Epoch time: 0.1 |

2024-09-09 10:26:48,205 - INFO -
load best network to warm start training with lower lr.

2024-09-09 10:26:48,205 - INFO -
lr update to 0.0001953125.

2024-09-09 10:26:48,938 - INFO -
| Epoch:   1290 | Train loss: 5.1458e-01 | Valid loss: 4.5936e-01 | Train acc: 0.8874 ± 0.0000 | Valid acc: 0.9194 ± 0.0000 | Valid Power: 0.0008 | Train Power: 0.0008 | patience:   7 | lr: 0.0001953125 | Epoch time: 0.1 |

2024-09-09 10:26:49,988 - INFO -
| Epoch:   1300 | Train loss: 5.1359e-01 | Valid loss: 4.6772e-01 | Train acc: 0.8847 ± 0.0000 | Valid acc: 0.9113 ± 0.0000 | Valid Power: 0.0008 | Train Power: 0.0008 | patience:  17 | lr: 0.0001953125 | Epoch time: 0.1 |

2024-09-09 10:26:51,034 - INFO -
| Epoch:   1310 | Train loss: 5.1324e-01 | Valid loss: 4.6872e-01 | Train acc: 0.8847 ± 0.0000 | Valid acc: 0.9113 ± 0.0000 | Valid Power: 0.0008 | Train Power: 0.0008 | patience:  27 | lr: 0.0001953125 | Epoch time: 0.1 |

2024-09-09 10:26:52,087 - INFO -
| Epoch:   1320 | Train loss: 5.1300e-01 | Valid loss: 4.6481e-01 | Train acc: 0.8847 ± 0.0000 | Valid acc: 0.9113 ± 0.0000 | Valid Power: 0.0008 | Train Power: 0.0008 | patience:  37 | lr: 0.0001953125 | Epoch time: 0.1 |

2024-09-09 10:26:53,131 - INFO -
| Epoch:   1330 | Train loss: 5.1298e-01 | Valid loss: 4.6517e-01 | Train acc: 0.8847 ± 0.0000 | Valid acc: 0.9113 ± 0.0000 | Valid Power: 0.0008 | Train Power: 0.0008 | patience:  47 | lr: 0.0001953125 | Epoch time: 0.1 |

2024-09-09 10:26:54,175 - INFO -
| Epoch:   1340 | Train loss: 5.1293e-01 | Valid loss: 4.6672e-01 | Train acc: 0.8874 ± 0.0000 | Valid acc: 0.9113 ± 0.0000 | Valid Power: 0.0008 | Train Power: 0.0008 | patience:  57 | lr: 0.0001953125 | Epoch time: 0.1 |

2024-09-09 10:26:55,219 - INFO -
| Epoch:   1350 | Train loss: 5.1287e-01 | Valid loss: 4.6585e-01 | Train acc: 0.8901 ± 0.0000 | Valid acc: 0.9113 ± 0.0000 | Valid Power: 0.0008 | Train Power: 0.0008 | patience:  67 | lr: 0.0001953125 | Epoch time: 0.1 |

2024-09-09 10:26:56,264 - INFO -
| Epoch:   1360 | Train loss: 5.1276e-01 | Valid loss: 4.6531e-01 | Train acc: 0.8901 ± 0.0000 | Valid acc: 0.9113 ± 0.0000 | Valid Power: 0.0008 | Train Power: 0.0008 | patience:  77 | lr: 0.0001953125 | Epoch time: 0.1 |

2024-09-09 10:26:57,308 - INFO -
| Epoch:   1370 | Train loss: 5.1269e-01 | Valid loss: 4.6574e-01 | Train acc: 0.8901 ± 0.0000 | Valid acc: 0.9113 ± 0.0000 | Valid Power: 0.0008 | Train Power: 0.0008 | patience:  87 | lr: 0.0001953125 | Epoch time: 0.1 |

2024-09-09 10:26:58,351 - INFO -
| Epoch:   1380 | Train loss: 5.1265e-01 | Valid loss: 4.6547e-01 | Train acc: 0.8901 ± 0.0000 | Valid acc: 0.9113 ± 0.0000 | Valid Power: 0.0008 | Train Power: 0.0008 | patience:  97 | lr: 0.0001953125 | Epoch time: 0.1 |

2024-09-09 10:26:58,772 - INFO -
load best network to warm start training with lower lr.

2024-09-09 10:26:58,772 - INFO -
lr update to 9.765625e-05.

2024-09-09 10:26:58,772 - INFO -
Early stop.

2024-09-09 10:26:58,780 - INFO -
Training if finished.

2024-09-11 15:04:06,607 - INFO -
Configuration: 
gmin                0.01
gmax                10.0
T                   0.1
m                   0.3
type_nonlinear      normal
act                 tanh
ACT_R1n             12.7865
ACT_R2n             -3.1871
ACT_W1n             -10.4537
ACT_L1n             10.546
ACT_W2n             -5.8496
ACT_L2n             4.2337
S_R1n               -11.7481
S_R2n               -0.3905
S_W1n               -9.169
S_L1n               0.3913
S_W2n               7.2004
S_L2n               15.5558
ReLU_RHn            -1.9557
ReLU_RLn            -20.1581
ReLU_RDn            16.6486
ReLU_RBn            -14.3472
ReLU_Wn             16.655
ReLU_Ln             -21.7591
HS_Rn               -0.3766
HS_Wn               0.5192
HS_Ln               4.6293
NEG_R1n             -7.0846
NEG_R2n             -2.5695
NEG_R3n             16.1542
NEG_W1n             13.8696
NEG_L1n             2.7635
NEG_W2n             1.2674
NEG_L2n             -10.4803
NEG_W3n             -6.4386
NEG_L3n             5.1005
task                normal
DATASET             1
DataPath            ./dataset
InputNoise          0.0
IN_test             0.0
R_train             1
R_test              1
N_time              32
pathnorm            False
hidden              [3]
skipconnection      False
SEED                2
DEVICE              cpu
PATIENCE            500
EPOCH               10000000000
LR                  0.1
PROGRESSIVE         True
LR_PATIENCE         100
LR_DECAY            0.5
LR_MIN              0.0001
metric              acc
SoftEva             True
TIMELIMITATION      71
MODE                nominal
M_train             1
K_train             1
M_test              1
K_test              1
t_test_max          1
integration         MC
N_train             1
e_train             0.0
N_test              100
e_test              0.1
e_fault             2
fault_ratio         0.0
N_fault             50
e_fault_test        0
N_fault_test        50
dropout             0.0
lagrangian_loss     False
rho                 100
powerestimator      none
powerbalance        0.0
estimatorbalance    0.0
pgmin               1e-07
power_ratio         1000
lambda_P            100
areaestimator       none
areabalance         0.0
area_theta          0.15
area_act            30.0
area_neg            22.7
lambda_A            0.001
lnc                 False
projectname         tanh_0_FaultAnalysisNormal
temppath            ./tanh_0_FaultAnalysisNormal/temp/
logfilepath         ./tanh_0_FaultAnalysisNormal/log/
report_freq         10
recording           False
recordpath          ./tanh_0_FaultAnalysisNormal/record/
savepath            ./tanh_0_FaultAnalysisNormal/models/
loglevel            info


2024-09-11 15:04:06,649 - INFO -
Training network on device: cpu.

2024-09-11 15:04:06,649 - INFO -
Training setup: data_01_balancescale_seed_02_epsilon_0.0_dropout_0.0_fault_ratio_0.0.model.

2024-09-11 15:04:06,649 - INFO -
{'dataname': 'balancescale', 'N_feature': 4, 'N_class': 3, 'N_train': 373, 'N_valid': 124, 'N_test': 79}

2024-09-11 15:04:06,649 - INFO -
Training was already finished.

2024-09-14 08:36:54,568 - INFO -
Configuration: 
gmin                0.01
gmax                10.0
T                   0.1
m                   0.3
type_nonlinear      normal
act                 tanh
ACT_R1n             12.7865
ACT_R2n             -3.1871
ACT_W1n             -10.4537
ACT_L1n             10.546
ACT_W2n             -5.8496
ACT_L2n             4.2337
S_R1n               -11.7481
S_R2n               -0.3905
S_W1n               -9.169
S_L1n               0.3913
S_W2n               7.2004
S_L2n               15.5558
ReLU_RHn            -1.9557
ReLU_RLn            -20.1581
ReLU_RDn            16.6486
ReLU_RBn            -14.3472
ReLU_Wn             16.655
ReLU_Ln             -21.7591
HS_Rn               -0.3766
HS_Wn               0.5192
HS_Ln               4.6293
NEG_R1n             -7.0846
NEG_R2n             -2.5695
NEG_R3n             16.1542
NEG_W1n             13.8696
NEG_L1n             2.7635
NEG_W2n             1.2674
NEG_L2n             -10.4803
NEG_W3n             -6.4386
NEG_L3n             5.1005
task                normal
DATASET             1
DataPath            ./dataset
InputNoise          0.0
IN_test             0.0
R_train             1
R_test              1
N_time              32
pathnorm            False
hidden              [3]
skipconnection      False
SEED                2
DEVICE              cpu
PATIENCE            500
EPOCH               10000000000
LR                  0.1
PROGRESSIVE         True
LR_PATIENCE         100
LR_DECAY            0.5
LR_MIN              0.0001
metric              acc
SoftEva             True
TIMELIMITATION      71
MODE                nominal
M_train             1
K_train             1
M_test              1
K_test              1
t_test_max          1
integration         MC
N_train             1
e_train             0.0
N_test              100
e_test              0.1
e_fault             2
fault_ratio         0.0
N_fault             50
e_fault_test        0
N_fault_test        50
dropout             0.0
lagrangian_loss     False
rho                 100
powerestimator      none
powerbalance        0.0
estimatorbalance    0.0
pgmin               1e-07
power_ratio         1000
lambda_P            100
areaestimator       none
areabalance         0.0
area_theta          0.15
area_act            30.0
area_neg            22.7
lambda_A            0.001
lnc                 False
projectname         tanh_0_FaultAnalysisNormal
temppath            ./tanh_0_FaultAnalysisNormal/temp/
logfilepath         ./tanh_0_FaultAnalysisNormal/log/
report_freq         10
recording           False
recordpath          ./tanh_0_FaultAnalysisNormal/record/
savepath            ./tanh_0_FaultAnalysisNormal/models/
loglevel            info


2024-09-14 08:36:54,571 - INFO -
Training network on device: cpu.

2024-09-14 08:36:54,571 - INFO -
Training setup: data_01_balancescale_seed_02_epsilon_0.0_dropout_0.0_fault_ratio_0.0.model.

2024-09-14 08:36:54,571 - INFO -
{'dataname': 'balancescale', 'N_feature': 4, 'N_class': 3, 'N_train': 373, 'N_valid': 124, 'N_test': 79}

2024-09-14 08:36:54,575 - INFO -
Training was already finished.

