2024-09-09 23:57:35,024 - INFO -
Configuration: 
gmin                0.01
gmax                10.0
T                   0.1
m                   0.3
type_nonlinear      normal
act                 tanh
ACT_R1n             12.7865
ACT_R2n             -3.1871
ACT_W1n             -10.4537
ACT_L1n             10.546
ACT_W2n             -5.8496
ACT_L2n             4.2337
S_R1n               -11.7481
S_R2n               -0.3905
S_W1n               -9.169
S_L1n               0.3913
S_W2n               7.2004
S_L2n               15.5558
ReLU_RHn            -1.9557
ReLU_RLn            -20.1581
ReLU_RDn            16.6486
ReLU_RBn            -14.3472
ReLU_Wn             16.655
ReLU_Ln             -21.7591
HS_Rn               -0.3766
HS_Wn               0.5192
HS_Ln               4.6293
NEG_R1n             -7.0846
NEG_R2n             -2.5695
NEG_R3n             16.1542
NEG_W1n             13.8696
NEG_L1n             2.7635
NEG_W2n             1.2674
NEG_L2n             -10.4803
NEG_W3n             -6.4386
NEG_L3n             5.1005
task                normal
DATASET             9
DataPath            ./dataset
InputNoise          0.0
IN_test             0.0
R_train             1
R_test              1
N_time              32
pathnorm            False
hidden              [3]
skipconnection      False
SEED                3
DEVICE              cpu
PATIENCE            500
EPOCH               10000000000
LR                  0.1
PROGRESSIVE         True
LR_PATIENCE         100
LR_DECAY            0.5
LR_MIN              0.0001
metric              acc
SoftEva             True
TIMELIMITATION      71
MODE                nominal
M_train             1
K_train             1
M_test              1
K_test              1
t_test_max          1
integration         MC
N_train             1
e_train             0.0
N_test              100
e_test              0.1
e_fault             2
fault_ratio         0.0
N_fault             50
e_fault_test        0
N_fault_test        50
dropout             0.0
lagrangian_loss     False
rho                 100
powerestimator      none
powerbalance        0.0
estimatorbalance    0.0
pgmin               1e-07
power_ratio         1000
lambda_P            100
areaestimator       none
areabalance         0.0
area_theta          0.15
area_act            30.0
area_neg            22.7
lambda_A            0.001
lnc                 False
projectname         tanh_0_FaultAnalysisNormal
temppath            ./tanh_0_FaultAnalysisNormal/temp/
logfilepath         ./tanh_0_FaultAnalysisNormal/log/
report_freq         10
recording           False
recordpath          ./tanh_0_FaultAnalysisNormal/record/
savepath            ./tanh_0_FaultAnalysisNormal/models/
loglevel            info


2024-09-09 23:57:35,024 - INFO -
Training network on device: cpu.

2024-09-09 23:57:35,024 - INFO -
Training setup: data_09_seeds_seed_03_epsilon_0.0_dropout_0.0_fault_ratio_0.0.model.

2024-09-09 23:57:35,024 - INFO -
{'dataname': 'seeds', 'N_feature': 7, 'N_class': 3, 'N_train': 124, 'N_valid': 41, 'N_test': 43}

2024-09-09 23:57:35,025 - INFO -
Topology of the network: [7, 3, 3].

2024-09-09 23:57:36,639 - INFO -
| Epoch:      0 | Train loss: 1.0986e+00 | Valid loss: 1.1107e+00 | Train acc: 0.3548 ± 0.0000 | Valid acc: 0.2439 ± 0.0000 | Valid Power: 0.0009 | Train Power: 0.0005 | patience:   0 | lr: 0.1 | Epoch time: 0.1 |

2024-09-09 23:57:37,596 - INFO -
| Epoch:     10 | Train loss: 8.5621e-01 | Valid loss: 8.5199e-01 | Train acc: 0.8306 ± 0.0000 | Valid acc: 0.7805 ± 0.0000 | Valid Power: 0.0009 | Train Power: 0.0009 | patience:   0 | lr: 0.1 | Epoch time: 0.1 |

2024-09-09 23:57:38,549 - INFO -
| Epoch:     20 | Train loss: 6.1280e-01 | Valid loss: 6.4072e-01 | Train acc: 0.8306 ± 0.0000 | Valid acc: 0.8537 ± 0.0000 | Valid Power: 0.0011 | Train Power: 0.0010 | patience:   1 | lr: 0.1 | Epoch time: 0.1 |

2024-09-09 23:57:39,480 - INFO -
| Epoch:     30 | Train loss: 5.6371e-01 | Valid loss: 5.7960e-01 | Train acc: 0.7742 ± 0.0000 | Valid acc: 0.7805 ± 0.0000 | Valid Power: 0.0009 | Train Power: 0.0010 | patience:   5 | lr: 0.1 | Epoch time: 0.1 |

2024-09-09 23:57:40,409 - INFO -
| Epoch:     40 | Train loss: 5.1888e-01 | Valid loss: 5.2500e-01 | Train acc: 0.8548 ± 0.0000 | Valid acc: 0.8049 ± 0.0000 | Valid Power: 0.0014 | Train Power: 0.0010 | patience:   3 | lr: 0.1 | Epoch time: 0.1 |

2024-09-09 23:57:41,337 - INFO -
| Epoch:     50 | Train loss: 4.7429e-01 | Valid loss: 5.3741e-01 | Train acc: 0.8468 ± 0.0000 | Valid acc: 0.7805 ± 0.0000 | Valid Power: 0.0010 | Train Power: 0.0018 | patience:   8 | lr: 0.1 | Epoch time: 0.1 |

2024-09-09 23:57:42,266 - INFO -
| Epoch:     60 | Train loss: 5.1749e-01 | Valid loss: 5.6134e-01 | Train acc: 0.8306 ± 0.0000 | Valid acc: 0.8537 ± 0.0000 | Valid Power: 0.0010 | Train Power: 0.0010 | patience:   5 | lr: 0.1 | Epoch time: 0.1 |

2024-09-09 23:57:43,201 - INFO -
| Epoch:     70 | Train loss: 4.5524e-01 | Valid loss: 5.0866e-01 | Train acc: 0.8710 ± 0.0000 | Valid acc: 0.8293 ± 0.0000 | Valid Power: 0.0009 | Train Power: 0.0009 | patience:  15 | lr: 0.1 | Epoch time: 0.1 |

2024-09-09 23:57:44,155 - INFO -
| Epoch:     80 | Train loss: 4.5706e-01 | Valid loss: 4.8464e-01 | Train acc: 0.8306 ± 0.0000 | Valid acc: 0.8537 ± 0.0000 | Valid Power: 0.0011 | Train Power: 0.0014 | patience:   8 | lr: 0.1 | Epoch time: 0.1 |

2024-09-09 23:57:45,090 - INFO -
| Epoch:     90 | Train loss: 4.5148e-01 | Valid loss: 4.9962e-01 | Train acc: 0.8790 ± 0.0000 | Valid acc: 0.8049 ± 0.0000 | Valid Power: 0.0013 | Train Power: 0.0019 | patience:   2 | lr: 0.1 | Epoch time: 0.1 |

2024-09-09 23:57:46,002 - INFO -
| Epoch:    100 | Train loss: 4.5193e-01 | Valid loss: 4.7861e-01 | Train acc: 0.8790 ± 0.0000 | Valid acc: 0.8293 ± 0.0000 | Valid Power: 0.0025 | Train Power: 0.0186 | patience:  12 | lr: 0.1 | Epoch time: 0.1 |

2024-09-09 23:57:46,932 - INFO -
| Epoch:    110 | Train loss: 4.5080e-01 | Valid loss: 4.7700e-01 | Train acc: 0.8629 ± 0.0000 | Valid acc: 0.8293 ± 0.0000 | Valid Power: 0.0011 | Train Power: 0.0011 | patience:   3 | lr: 0.1 | Epoch time: 0.1 |

2024-09-09 23:57:47,852 - INFO -
| Epoch:    120 | Train loss: 4.4668e-01 | Valid loss: 4.8528e-01 | Train acc: 0.8871 ± 0.0000 | Valid acc: 0.8293 ± 0.0000 | Valid Power: 0.0014 | Train Power: 0.0012 | patience:  13 | lr: 0.1 | Epoch time: 0.1 |

2024-09-09 23:57:48,777 - INFO -
| Epoch:    130 | Train loss: 4.4755e-01 | Valid loss: 4.8126e-01 | Train acc: 0.8629 ± 0.0000 | Valid acc: 0.8293 ± 0.0000 | Valid Power: 0.0011 | Train Power: 0.0013 | patience:   3 | lr: 0.1 | Epoch time: 0.1 |

2024-09-09 23:57:49,710 - INFO -
| Epoch:    140 | Train loss: 4.6397e-01 | Valid loss: 4.5458e-01 | Train acc: 0.8306 ± 0.0000 | Valid acc: 0.8293 ± 0.0000 | Valid Power: 0.0011 | Train Power: 0.0011 | patience:  13 | lr: 0.1 | Epoch time: 0.1 |

2024-09-09 23:57:50,636 - INFO -
| Epoch:    150 | Train loss: 4.2012e-01 | Valid loss: 5.0225e-01 | Train acc: 0.8871 ± 0.0000 | Valid acc: 0.8049 ± 0.0000 | Valid Power: 0.0010 | Train Power: 0.0010 | patience:  23 | lr: 0.1 | Epoch time: 0.1 |

2024-09-09 23:57:51,658 - INFO -
| Epoch:    160 | Train loss: 4.3661e-01 | Valid loss: 4.8092e-01 | Train acc: 0.8548 ± 0.0000 | Valid acc: 0.8293 ± 0.0000 | Valid Power: 0.0011 | Train Power: 0.0010 | patience:  33 | lr: 0.1 | Epoch time: 0.1 |

2024-09-09 23:57:52,578 - INFO -
| Epoch:    170 | Train loss: 4.1868e-01 | Valid loss: 5.2860e-01 | Train acc: 0.8871 ± 0.0000 | Valid acc: 0.7805 ± 0.0000 | Valid Power: 0.0010 | Train Power: 0.0010 | patience:  43 | lr: 0.1 | Epoch time: 0.1 |

2024-09-09 23:57:53,491 - INFO -
| Epoch:    180 | Train loss: 4.3466e-01 | Valid loss: 5.0354e-01 | Train acc: 0.8306 ± 0.0000 | Valid acc: 0.7805 ± 0.0000 | Valid Power: 0.0011 | Train Power: 0.0010 | patience:  53 | lr: 0.1 | Epoch time: 0.1 |

2024-09-09 23:57:54,403 - INFO -
| Epoch:    190 | Train loss: 4.3802e-01 | Valid loss: 5.3927e-01 | Train acc: 0.8226 ± 0.0000 | Valid acc: 0.7073 ± 0.0000 | Valid Power: 0.0012 | Train Power: 0.0012 | patience:  63 | lr: 0.1 | Epoch time: 0.1 |

2024-09-09 23:57:55,316 - INFO -
| Epoch:    200 | Train loss: 4.3459e-01 | Valid loss: 4.8212e-01 | Train acc: 0.8387 ± 0.0000 | Valid acc: 0.8049 ± 0.0000 | Valid Power: 0.0013 | Train Power: 0.0013 | patience:  73 | lr: 0.1 | Epoch time: 0.1 |

2024-09-09 23:57:56,231 - INFO -
| Epoch:    210 | Train loss: 4.2216e-01 | Valid loss: 4.9808e-01 | Train acc: 0.8468 ± 0.0000 | Valid acc: 0.7805 ± 0.0000 | Valid Power: 0.0013 | Train Power: 0.0013 | patience:  83 | lr: 0.1 | Epoch time: 0.1 |

2024-09-09 23:57:57,145 - INFO -
| Epoch:    220 | Train loss: 4.1882e-01 | Valid loss: 5.2096e-01 | Train acc: 0.8468 ± 0.0000 | Valid acc: 0.7805 ± 0.0000 | Valid Power: 0.0014 | Train Power: 0.0013 | patience:  93 | lr: 0.1 | Epoch time: 0.1 |

2024-09-09 23:57:57,879 - INFO -
load best network to warm start training with lower lr.

2024-09-09 23:57:57,879 - INFO -
lr update to 0.05.

2024-09-09 23:57:58,072 - INFO -
| Epoch:    230 | Train loss: 4.4631e-01 | Valid loss: 4.8379e-01 | Train acc: 0.8710 ± 0.0000 | Valid acc: 0.8293 ± 0.0000 | Valid Power: 0.0012 | Train Power: 0.0012 | patience:   2 | lr: 0.05 | Epoch time: 0.1 |

2024-09-09 23:57:58,990 - INFO -
| Epoch:    240 | Train loss: 4.3064e-01 | Valid loss: 5.0145e-01 | Train acc: 0.8871 ± 0.0000 | Valid acc: 0.8049 ± 0.0000 | Valid Power: 0.0012 | Train Power: 0.0012 | patience:  12 | lr: 0.05 | Epoch time: 0.1 |

2024-09-09 23:57:59,907 - INFO -
| Epoch:    250 | Train loss: 4.4364e-01 | Valid loss: 5.2576e-01 | Train acc: 0.8790 ± 0.0000 | Valid acc: 0.7805 ± 0.0000 | Valid Power: 0.0012 | Train Power: 0.0012 | patience:  22 | lr: 0.05 | Epoch time: 0.1 |

2024-09-09 23:58:00,823 - INFO -
| Epoch:    260 | Train loss: 4.3888e-01 | Valid loss: 5.1524e-01 | Train acc: 0.8790 ± 0.0000 | Valid acc: 0.8049 ± 0.0000 | Valid Power: 0.0012 | Train Power: 0.0011 | patience:  32 | lr: 0.05 | Epoch time: 0.1 |

2024-09-09 23:58:01,738 - INFO -
| Epoch:    270 | Train loss: 4.3376e-01 | Valid loss: 5.1193e-01 | Train acc: 0.8790 ± 0.0000 | Valid acc: 0.8049 ± 0.0000 | Valid Power: 0.0012 | Train Power: 0.0011 | patience:  42 | lr: 0.05 | Epoch time: 0.1 |

2024-09-09 23:58:02,654 - INFO -
| Epoch:    280 | Train loss: 4.2475e-01 | Valid loss: 4.8665e-01 | Train acc: 0.8629 ± 0.0000 | Valid acc: 0.8293 ± 0.0000 | Valid Power: 0.0012 | Train Power: 0.0011 | patience:  52 | lr: 0.05 | Epoch time: 0.1 |

2024-09-09 23:58:03,570 - INFO -
| Epoch:    290 | Train loss: 4.6416e-01 | Valid loss: 5.2757e-01 | Train acc: 0.7742 ± 0.0000 | Valid acc: 0.7073 ± 0.0000 | Valid Power: 0.0012 | Train Power: 0.0012 | patience:  62 | lr: 0.05 | Epoch time: 0.1 |

2024-09-09 23:58:04,484 - INFO -
| Epoch:    300 | Train loss: 4.3746e-01 | Valid loss: 4.9131e-01 | Train acc: 0.8306 ± 0.0000 | Valid acc: 0.8049 ± 0.0000 | Valid Power: 0.0013 | Train Power: 0.0012 | patience:  72 | lr: 0.05 | Epoch time: 0.1 |

2024-09-09 23:58:05,398 - INFO -
| Epoch:    310 | Train loss: 4.3692e-01 | Valid loss: 5.2120e-01 | Train acc: 0.8145 ± 0.0000 | Valid acc: 0.7317 ± 0.0000 | Valid Power: 0.0012 | Train Power: 0.0012 | patience:  82 | lr: 0.05 | Epoch time: 0.1 |

2024-09-09 23:58:06,313 - INFO -
| Epoch:    320 | Train loss: 4.3028e-01 | Valid loss: 5.0469e-01 | Train acc: 0.8226 ± 0.0000 | Valid acc: 0.7561 ± 0.0000 | Valid Power: 0.0012 | Train Power: 0.0012 | patience:  92 | lr: 0.05 | Epoch time: 0.1 |

2024-09-09 23:58:07,140 - INFO -
load best network to warm start training with lower lr.

2024-09-09 23:58:07,140 - INFO -
lr update to 0.025.

2024-09-09 23:58:07,234 - INFO -
| Epoch:    330 | Train loss: 4.6372e-01 | Valid loss: 4.6706e-01 | Train acc: 0.8306 ± 0.0000 | Valid acc: 0.8293 ± 0.0000 | Valid Power: 0.0033 | Train Power: 0.0012 | patience:   1 | lr: 0.025 | Epoch time: 0.1 |

2024-09-09 23:58:08,173 - INFO -
| Epoch:    340 | Train loss: 4.6963e-01 | Valid loss: 4.9191e-01 | Train acc: 0.7984 ± 0.0000 | Valid acc: 0.7561 ± 0.0000 | Valid Power: 0.0013 | Train Power: 0.0012 | patience:   6 | lr: 0.025 | Epoch time: 0.1 |

2024-09-09 23:58:09,103 - INFO -
| Epoch:    350 | Train loss: 4.5260e-01 | Valid loss: 4.7692e-01 | Train acc: 0.8548 ± 0.0000 | Valid acc: 0.8049 ± 0.0000 | Valid Power: 0.0012 | Train Power: 0.0012 | patience:  16 | lr: 0.025 | Epoch time: 0.1 |

2024-09-09 23:58:10,041 - INFO -
| Epoch:    360 | Train loss: 4.4170e-01 | Valid loss: 4.7803e-01 | Train acc: 0.8629 ± 0.0000 | Valid acc: 0.8049 ± 0.0000 | Valid Power: 0.0012 | Train Power: 0.0012 | patience:  26 | lr: 0.025 | Epoch time: 0.1 |

2024-09-09 23:58:10,973 - INFO -
| Epoch:    370 | Train loss: 4.3783e-01 | Valid loss: 4.8456e-01 | Train acc: 0.8629 ± 0.0000 | Valid acc: 0.8049 ± 0.0000 | Valid Power: 0.0012 | Train Power: 0.0012 | patience:  36 | lr: 0.025 | Epoch time: 0.1 |

2024-09-09 23:58:11,889 - INFO -
| Epoch:    380 | Train loss: 4.3420e-01 | Valid loss: 4.9562e-01 | Train acc: 0.8629 ± 0.0000 | Valid acc: 0.8049 ± 0.0000 | Valid Power: 0.0011 | Train Power: 0.0011 | patience:  46 | lr: 0.025 | Epoch time: 0.1 |

2024-09-09 23:58:12,807 - INFO -
| Epoch:    390 | Train loss: 4.3110e-01 | Valid loss: 4.8959e-01 | Train acc: 0.8629 ± 0.0000 | Valid acc: 0.8049 ± 0.0000 | Valid Power: 0.0012 | Train Power: 0.0011 | patience:  56 | lr: 0.025 | Epoch time: 0.1 |

2024-09-09 23:58:13,725 - INFO -
| Epoch:    400 | Train loss: 4.2879e-01 | Valid loss: 4.9108e-01 | Train acc: 0.8629 ± 0.0000 | Valid acc: 0.8049 ± 0.0000 | Valid Power: 0.0012 | Train Power: 0.0011 | patience:  66 | lr: 0.025 | Epoch time: 0.1 |

2024-09-09 23:58:14,641 - INFO -
| Epoch:    410 | Train loss: 4.2672e-01 | Valid loss: 4.9192e-01 | Train acc: 0.8629 ± 0.0000 | Valid acc: 0.8049 ± 0.0000 | Valid Power: 0.0012 | Train Power: 0.0011 | patience:  76 | lr: 0.025 | Epoch time: 0.1 |

2024-09-09 23:58:15,557 - INFO -
| Epoch:    420 | Train loss: 4.2495e-01 | Valid loss: 4.9117e-01 | Train acc: 0.8629 ± 0.0000 | Valid acc: 0.8049 ± 0.0000 | Valid Power: 0.0012 | Train Power: 0.0011 | patience:  86 | lr: 0.025 | Epoch time: 0.1 |

2024-09-09 23:58:16,474 - INFO -
| Epoch:    430 | Train loss: 4.2337e-01 | Valid loss: 4.9302e-01 | Train acc: 0.8629 ± 0.0000 | Valid acc: 0.8049 ± 0.0000 | Valid Power: 0.0012 | Train Power: 0.0011 | patience:  96 | lr: 0.025 | Epoch time: 0.1 |

2024-09-09 23:58:16,936 - INFO -
load best network to warm start training with lower lr.

2024-09-09 23:58:16,937 - INFO -
lr update to 0.0125.

2024-09-09 23:58:17,403 - INFO -
| Epoch:    440 | Train loss: 4.5848e-01 | Valid loss: 4.5057e-01 | Train acc: 0.8226 ± 0.0000 | Valid acc: 0.8293 ± 0.0000 | Valid Power: 0.0017 | Train Power: 0.0013 | patience:   5 | lr: 0.0125 | Epoch time: 0.1 |

2024-09-09 23:58:18,365 - INFO -
| Epoch:    450 | Train loss: 4.5217e-01 | Valid loss: 4.7159e-01 | Train acc: 0.8306 ± 0.0000 | Valid acc: 0.7805 ± 0.0000 | Valid Power: 0.0012 | Train Power: 0.0012 | patience:   3 | lr: 0.0125 | Epoch time: 0.1 |

2024-09-09 23:58:19,315 - INFO -
| Epoch:    460 | Train loss: 4.5171e-01 | Valid loss: 4.4686e-01 | Train acc: 0.8306 ± 0.0000 | Valid acc: 0.8293 ± 0.0000 | Valid Power: 0.0013 | Train Power: 0.0012 | patience:   0 | lr: 0.0125 | Epoch time: 0.1 |

2024-09-09 23:58:20,244 - INFO -
| Epoch:    470 | Train loss: 4.5039e-01 | Valid loss: 4.5968e-01 | Train acc: 0.8306 ± 0.0000 | Valid acc: 0.8293 ± 0.0000 | Valid Power: 0.0013 | Train Power: 0.0013 | patience:  10 | lr: 0.0125 | Epoch time: 0.1 |

2024-09-09 23:58:21,162 - INFO -
| Epoch:    480 | Train loss: 4.4935e-01 | Valid loss: 4.7064e-01 | Train acc: 0.8306 ± 0.0000 | Valid acc: 0.8049 ± 0.0000 | Valid Power: 0.0019 | Train Power: 0.0015 | patience:  20 | lr: 0.0125 | Epoch time: 0.1 |

2024-09-09 23:58:22,080 - INFO -
| Epoch:    490 | Train loss: 4.4777e-01 | Valid loss: 4.7225e-01 | Train acc: 0.8306 ± 0.0000 | Valid acc: 0.8049 ± 0.0000 | Valid Power: 0.0013 | Train Power: 0.0013 | patience:  30 | lr: 0.0125 | Epoch time: 0.1 |

2024-09-09 23:58:22,998 - INFO -
| Epoch:    500 | Train loss: 4.4580e-01 | Valid loss: 4.6829e-01 | Train acc: 0.8306 ± 0.0000 | Valid acc: 0.8293 ± 0.0000 | Valid Power: 0.0012 | Train Power: 0.0012 | patience:  40 | lr: 0.0125 | Epoch time: 0.1 |

2024-09-09 23:58:23,917 - INFO -
| Epoch:    510 | Train loss: 4.4407e-01 | Valid loss: 4.5923e-01 | Train acc: 0.8306 ± 0.0000 | Valid acc: 0.8293 ± 0.0000 | Valid Power: 0.0012 | Train Power: 0.0012 | patience:  50 | lr: 0.0125 | Epoch time: 0.1 |

2024-09-09 23:58:24,842 - INFO -
| Epoch:    520 | Train loss: 4.4241e-01 | Valid loss: 4.5838e-01 | Train acc: 0.8306 ± 0.0000 | Valid acc: 0.8293 ± 0.0000 | Valid Power: 0.0013 | Train Power: 0.0012 | patience:  60 | lr: 0.0125 | Epoch time: 0.1 |

2024-09-09 23:58:25,761 - INFO -
| Epoch:    530 | Train loss: 4.4091e-01 | Valid loss: 4.6010e-01 | Train acc: 0.8306 ± 0.0000 | Valid acc: 0.8293 ± 0.0000 | Valid Power: 0.0015 | Train Power: 0.0017 | patience:  70 | lr: 0.0125 | Epoch time: 0.1 |

2024-09-09 23:58:26,678 - INFO -
| Epoch:    540 | Train loss: 4.3956e-01 | Valid loss: 4.6102e-01 | Train acc: 0.8306 ± 0.0000 | Valid acc: 0.8293 ± 0.0000 | Valid Power: 0.0013 | Train Power: 0.0012 | patience:  80 | lr: 0.0125 | Epoch time: 0.1 |

2024-09-09 23:58:27,594 - INFO -
| Epoch:    550 | Train loss: 4.3833e-01 | Valid loss: 4.6790e-01 | Train acc: 0.8306 ± 0.0000 | Valid acc: 0.8049 ± 0.0000 | Valid Power: 0.0013 | Train Power: 0.0012 | patience:  90 | lr: 0.0125 | Epoch time: 0.1 |

2024-09-09 23:58:28,511 - INFO -
| Epoch:    560 | Train loss: 4.3719e-01 | Valid loss: 4.8484e-01 | Train acc: 0.8306 ± 0.0000 | Valid acc: 0.8049 ± 0.0000 | Valid Power: 0.0013 | Train Power: 0.0012 | patience: 100 | lr: 0.0125 | Epoch time: 0.1 |

2024-09-09 23:58:28,607 - INFO -
load best network to warm start training with lower lr.

2024-09-09 23:58:28,607 - INFO -
lr update to 0.00625.

2024-09-09 23:58:29,433 - INFO -
| Epoch:    570 | Train loss: 4.5090e-01 | Valid loss: 4.4803e-01 | Train acc: 0.8306 ± 0.0000 | Valid acc: 0.8293 ± 0.0000 | Valid Power: 0.0012 | Train Power: 0.0012 | patience:   9 | lr: 0.00625 | Epoch time: 0.1 |

2024-09-09 23:58:30,350 - INFO -
| Epoch:    580 | Train loss: 4.5039e-01 | Valid loss: 4.6868e-01 | Train acc: 0.8306 ± 0.0000 | Valid acc: 0.8049 ± 0.0000 | Valid Power: 0.0012 | Train Power: 0.0012 | patience:  19 | lr: 0.00625 | Epoch time: 0.1 |

2024-09-09 23:58:31,267 - INFO -
| Epoch:    590 | Train loss: 4.4961e-01 | Valid loss: 4.8532e-01 | Train acc: 0.8306 ± 0.0000 | Valid acc: 0.7805 ± 0.0000 | Valid Power: 0.0012 | Train Power: 0.0012 | patience:  29 | lr: 0.00625 | Epoch time: 0.1 |

2024-09-09 23:58:32,186 - INFO -
| Epoch:    600 | Train loss: 4.4278e-01 | Valid loss: 4.7737e-01 | Train acc: 0.8548 ± 0.0000 | Valid acc: 0.8049 ± 0.0000 | Valid Power: 0.0012 | Train Power: 0.0012 | patience:  39 | lr: 0.00625 | Epoch time: 0.1 |

2024-09-09 23:58:33,104 - INFO -
| Epoch:    610 | Train loss: 4.3804e-01 | Valid loss: 4.7826e-01 | Train acc: 0.8548 ± 0.0000 | Valid acc: 0.8049 ± 0.0000 | Valid Power: 0.0012 | Train Power: 0.0012 | patience:  49 | lr: 0.00625 | Epoch time: 0.1 |

2024-09-09 23:58:34,023 - INFO -
| Epoch:    620 | Train loss: 4.3692e-01 | Valid loss: 4.7978e-01 | Train acc: 0.8548 ± 0.0000 | Valid acc: 0.8049 ± 0.0000 | Valid Power: 0.0012 | Train Power: 0.0012 | patience:  59 | lr: 0.00625 | Epoch time: 0.1 |

2024-09-09 23:58:34,942 - INFO -
| Epoch:    630 | Train loss: 4.3596e-01 | Valid loss: 4.8191e-01 | Train acc: 0.8548 ± 0.0000 | Valid acc: 0.8049 ± 0.0000 | Valid Power: 0.0013 | Train Power: 0.0013 | patience:  69 | lr: 0.00625 | Epoch time: 0.1 |

2024-09-09 23:58:35,858 - INFO -
| Epoch:    640 | Train loss: 4.3483e-01 | Valid loss: 4.8421e-01 | Train acc: 0.8548 ± 0.0000 | Valid acc: 0.8049 ± 0.0000 | Valid Power: 0.0019 | Train Power: 0.0018 | patience:  79 | lr: 0.00625 | Epoch time: 0.1 |

2024-09-09 23:58:36,777 - INFO -
| Epoch:    650 | Train loss: 4.3377e-01 | Valid loss: 4.8654e-01 | Train acc: 0.8548 ± 0.0000 | Valid acc: 0.8049 ± 0.0000 | Valid Power: 0.0024 | Train Power: 0.0026 | patience:  89 | lr: 0.00625 | Epoch time: 0.1 |

2024-09-09 23:58:37,697 - INFO -
| Epoch:    660 | Train loss: 4.3284e-01 | Valid loss: 4.8809e-01 | Train acc: 0.8548 ± 0.0000 | Valid acc: 0.8049 ± 0.0000 | Valid Power: 0.0018 | Train Power: 0.0018 | patience:  99 | lr: 0.00625 | Epoch time: 0.1 |

2024-09-09 23:58:37,884 - INFO -
load best network to warm start training with lower lr.

2024-09-09 23:58:37,884 - INFO -
lr update to 0.003125.

2024-09-09 23:58:38,629 - INFO -
| Epoch:    670 | Train loss: 4.5085e-01 | Valid loss: 4.7040e-01 | Train acc: 0.8306 ± 0.0000 | Valid acc: 0.8049 ± 0.0000 | Valid Power: 0.0015 | Train Power: 0.0014 | patience:   8 | lr: 0.003125 | Epoch time: 0.1 |

2024-09-09 23:58:39,561 - INFO -
| Epoch:    680 | Train loss: 4.5046e-01 | Valid loss: 4.5764e-01 | Train acc: 0.8306 ± 0.0000 | Valid acc: 0.8293 ± 0.0000 | Valid Power: 0.0013 | Train Power: 0.0013 | patience:  18 | lr: 0.003125 | Epoch time: 0.1 |

2024-09-09 23:58:40,575 - INFO -
| Epoch:    690 | Train loss: 4.5013e-01 | Valid loss: 4.5784e-01 | Train acc: 0.8306 ± 0.0000 | Valid acc: 0.8293 ± 0.0000 | Valid Power: 0.0012 | Train Power: 0.0012 | patience:  28 | lr: 0.003125 | Epoch time: 0.1 |

2024-09-09 23:58:41,493 - INFO -
| Epoch:    700 | Train loss: 4.4978e-01 | Valid loss: 4.6940e-01 | Train acc: 0.8306 ± 0.0000 | Valid acc: 0.8049 ± 0.0000 | Valid Power: 0.0012 | Train Power: 0.0012 | patience:  38 | lr: 0.003125 | Epoch time: 0.1 |

2024-09-09 23:58:42,418 - INFO -
| Epoch:    710 | Train loss: 4.4942e-01 | Valid loss: 4.9686e-01 | Train acc: 0.8306 ± 0.0000 | Valid acc: 0.7805 ± 0.0000 | Valid Power: 0.0012 | Train Power: 0.0012 | patience:  48 | lr: 0.003125 | Epoch time: 0.1 |

2024-09-09 23:58:43,339 - INFO -
| Epoch:    720 | Train loss: 4.4493e-01 | Valid loss: 4.9087e-01 | Train acc: 0.8387 ± 0.0000 | Valid acc: 0.7805 ± 0.0000 | Valid Power: 0.0012 | Train Power: 0.0012 | patience:  58 | lr: 0.003125 | Epoch time: 0.1 |

2024-09-09 23:58:44,267 - INFO -
| Epoch:    730 | Train loss: 4.4047e-01 | Valid loss: 4.9619e-01 | Train acc: 0.8468 ± 0.0000 | Valid acc: 0.7805 ± 0.0000 | Valid Power: 0.0012 | Train Power: 0.0012 | patience:  68 | lr: 0.003125 | Epoch time: 0.1 |

2024-09-09 23:58:45,185 - INFO -
| Epoch:    740 | Train loss: 4.3974e-01 | Valid loss: 5.0221e-01 | Train acc: 0.8468 ± 0.0000 | Valid acc: 0.7561 ± 0.0000 | Valid Power: 0.0012 | Train Power: 0.0012 | patience:  78 | lr: 0.003125 | Epoch time: 0.1 |

2024-09-09 23:58:46,105 - INFO -
| Epoch:    750 | Train loss: 4.3674e-01 | Valid loss: 5.0256e-01 | Train acc: 0.8548 ± 0.0000 | Valid acc: 0.7561 ± 0.0000 | Valid Power: 0.0012 | Train Power: 0.0012 | patience:  88 | lr: 0.003125 | Epoch time: 0.1 |

2024-09-09 23:58:47,023 - INFO -
| Epoch:    760 | Train loss: 4.3508e-01 | Valid loss: 5.0345e-01 | Train acc: 0.8548 ± 0.0000 | Valid acc: 0.7561 ± 0.0000 | Valid Power: 0.0012 | Train Power: 0.0012 | patience:  98 | lr: 0.003125 | Epoch time: 0.1 |

2024-09-09 23:58:47,303 - INFO -
load best network to warm start training with lower lr.

2024-09-09 23:58:47,303 - INFO -
lr update to 0.0015625.

2024-09-09 23:58:47,948 - INFO -
| Epoch:    770 | Train loss: 4.5092e-01 | Valid loss: 4.4994e-01 | Train acc: 0.8306 ± 0.0000 | Valid acc: 0.8293 ± 0.0000 | Valid Power: 0.0012 | Train Power: 0.0012 | patience:   7 | lr: 0.0015625 | Epoch time: 0.1 |

2024-09-09 23:58:48,867 - INFO -
| Epoch:    780 | Train loss: 4.5074e-01 | Valid loss: 4.5918e-01 | Train acc: 0.8306 ± 0.0000 | Valid acc: 0.8293 ± 0.0000 | Valid Power: 0.0015 | Train Power: 0.0014 | patience:  17 | lr: 0.0015625 | Epoch time: 0.1 |

2024-09-09 23:58:49,786 - INFO -
| Epoch:    790 | Train loss: 4.5055e-01 | Valid loss: 4.5712e-01 | Train acc: 0.8306 ± 0.0000 | Valid acc: 0.8293 ± 0.0000 | Valid Power: 0.0014 | Train Power: 0.0014 | patience:  27 | lr: 0.0015625 | Epoch time: 0.1 |

2024-09-09 23:58:50,705 - INFO -
| Epoch:    800 | Train loss: 4.5037e-01 | Valid loss: 4.5704e-01 | Train acc: 0.8306 ± 0.0000 | Valid acc: 0.8293 ± 0.0000 | Valid Power: 0.0015 | Train Power: 0.0015 | patience:  37 | lr: 0.0015625 | Epoch time: 0.1 |

2024-09-09 23:58:51,624 - INFO -
| Epoch:    810 | Train loss: 4.5019e-01 | Valid loss: 4.5911e-01 | Train acc: 0.8306 ± 0.0000 | Valid acc: 0.8293 ± 0.0000 | Valid Power: 0.0015 | Train Power: 0.0015 | patience:  47 | lr: 0.0015625 | Epoch time: 0.1 |

2024-09-09 23:58:52,542 - INFO -
| Epoch:    820 | Train loss: 4.5001e-01 | Valid loss: 4.6350e-01 | Train acc: 0.8306 ± 0.0000 | Valid acc: 0.8049 ± 0.0000 | Valid Power: 0.0015 | Train Power: 0.0015 | patience:  57 | lr: 0.0015625 | Epoch time: 0.1 |

2024-09-09 23:58:53,460 - INFO -
| Epoch:    830 | Train loss: 4.4982e-01 | Valid loss: 4.6952e-01 | Train acc: 0.8306 ± 0.0000 | Valid acc: 0.8049 ± 0.0000 | Valid Power: 0.0015 | Train Power: 0.0015 | patience:  67 | lr: 0.0015625 | Epoch time: 0.1 |

2024-09-09 23:58:54,379 - INFO -
| Epoch:    840 | Train loss: 4.4963e-01 | Valid loss: 4.9360e-01 | Train acc: 0.8306 ± 0.0000 | Valid acc: 0.7805 ± 0.0000 | Valid Power: 0.0015 | Train Power: 0.0015 | patience:  77 | lr: 0.0015625 | Epoch time: 0.1 |

2024-09-09 23:58:55,300 - INFO -
| Epoch:    850 | Train loss: 4.4737e-01 | Valid loss: 4.8918e-01 | Train acc: 0.8387 ± 0.0000 | Valid acc: 0.7805 ± 0.0000 | Valid Power: 0.0015 | Train Power: 0.0015 | patience:  87 | lr: 0.0015625 | Epoch time: 0.1 |

2024-09-09 23:58:56,220 - INFO -
| Epoch:    860 | Train loss: 4.4522e-01 | Valid loss: 4.9286e-01 | Train acc: 0.8387 ± 0.0000 | Valid acc: 0.7805 ± 0.0000 | Valid Power: 0.0015 | Train Power: 0.0015 | patience:  97 | lr: 0.0015625 | Epoch time: 0.1 |

2024-09-09 23:58:56,593 - INFO -
load best network to warm start training with lower lr.

2024-09-09 23:58:56,593 - INFO -
lr update to 0.00078125.

2024-09-09 23:58:57,174 - INFO -
| Epoch:    870 | Train loss: 4.5097e-01 | Valid loss: 4.4697e-01 | Train acc: 0.8306 ± 0.0000 | Valid acc: 0.8293 ± 0.0000 | Valid Power: 0.0012 | Train Power: 0.0012 | patience:   6 | lr: 0.00078125 | Epoch time: 0.1 |

2024-09-09 23:58:58,101 - INFO -
| Epoch:    880 | Train loss: 4.5087e-01 | Valid loss: 4.4820e-01 | Train acc: 0.8306 ± 0.0000 | Valid acc: 0.8293 ± 0.0000 | Valid Power: 0.0012 | Train Power: 0.0012 | patience:  16 | lr: 0.00078125 | Epoch time: 0.1 |

2024-09-09 23:58:59,027 - INFO -
| Epoch:    890 | Train loss: 4.5077e-01 | Valid loss: 4.4930e-01 | Train acc: 0.8306 ± 0.0000 | Valid acc: 0.8293 ± 0.0000 | Valid Power: 0.0013 | Train Power: 0.0012 | patience:  26 | lr: 0.00078125 | Epoch time: 0.1 |

2024-09-09 23:58:59,956 - INFO -
| Epoch:    900 | Train loss: 4.5068e-01 | Valid loss: 4.4935e-01 | Train acc: 0.8306 ± 0.0000 | Valid acc: 0.8293 ± 0.0000 | Valid Power: 0.0013 | Train Power: 0.0013 | patience:  36 | lr: 0.00078125 | Epoch time: 0.1 |

2024-09-09 23:59:00,883 - INFO -
| Epoch:    910 | Train loss: 4.5058e-01 | Valid loss: 4.5000e-01 | Train acc: 0.8306 ± 0.0000 | Valid acc: 0.8293 ± 0.0000 | Valid Power: 0.0013 | Train Power: 0.0013 | patience:  46 | lr: 0.00078125 | Epoch time: 0.1 |

2024-09-09 23:59:01,809 - INFO -
| Epoch:    920 | Train loss: 4.5049e-01 | Valid loss: 4.5295e-01 | Train acc: 0.8306 ± 0.0000 | Valid acc: 0.8293 ± 0.0000 | Valid Power: 0.0013 | Train Power: 0.0013 | patience:  56 | lr: 0.00078125 | Epoch time: 0.1 |

2024-09-09 23:59:02,731 - INFO -
| Epoch:    930 | Train loss: 4.5039e-01 | Valid loss: 4.5698e-01 | Train acc: 0.8306 ± 0.0000 | Valid acc: 0.8293 ± 0.0000 | Valid Power: 0.0013 | Train Power: 0.0013 | patience:  66 | lr: 0.00078125 | Epoch time: 0.1 |

2024-09-09 23:59:03,643 - INFO -
| Epoch:    940 | Train loss: 4.5030e-01 | Valid loss: 4.5883e-01 | Train acc: 0.8306 ± 0.0000 | Valid acc: 0.8293 ± 0.0000 | Valid Power: 0.0013 | Train Power: 0.0013 | patience:  76 | lr: 0.00078125 | Epoch time: 0.1 |

2024-09-09 23:59:04,557 - INFO -
| Epoch:    950 | Train loss: 4.5021e-01 | Valid loss: 4.6005e-01 | Train acc: 0.8306 ± 0.0000 | Valid acc: 0.8049 ± 0.0000 | Valid Power: 0.0013 | Train Power: 0.0013 | patience:  86 | lr: 0.00078125 | Epoch time: 0.1 |

2024-09-09 23:59:05,470 - INFO -
| Epoch:    960 | Train loss: 4.5011e-01 | Valid loss: 4.6149e-01 | Train acc: 0.8306 ± 0.0000 | Valid acc: 0.8049 ± 0.0000 | Valid Power: 0.0013 | Train Power: 0.0013 | patience:  96 | lr: 0.00078125 | Epoch time: 0.1 |

2024-09-09 23:59:05,931 - INFO -
load best network to warm start training with lower lr.

2024-09-09 23:59:05,931 - INFO -
lr update to 0.000390625.

2024-09-09 23:59:06,388 - INFO -
| Epoch:    970 | Train loss: 4.5103e-01 | Valid loss: 4.4689e-01 | Train acc: 0.8306 ± 0.0000 | Valid acc: 0.8293 ± 0.0000 | Valid Power: 0.0013 | Train Power: 0.0013 | patience:   5 | lr: 0.000390625 | Epoch time: 0.1 |

2024-09-09 23:59:07,302 - INFO -
| Epoch:    980 | Train loss: 4.5094e-01 | Valid loss: 4.4698e-01 | Train acc: 0.8306 ± 0.0000 | Valid acc: 0.8293 ± 0.0000 | Valid Power: 0.0012 | Train Power: 0.0012 | patience:  15 | lr: 0.000390625 | Epoch time: 0.1 |

2024-09-09 23:59:08,216 - INFO -
| Epoch:    990 | Train loss: 4.5089e-01 | Valid loss: 4.4718e-01 | Train acc: 0.8306 ± 0.0000 | Valid acc: 0.8293 ± 0.0000 | Valid Power: 0.0012 | Train Power: 0.0012 | patience:  25 | lr: 0.000390625 | Epoch time: 0.1 |

2024-09-09 23:59:09,130 - INFO -
| Epoch:   1000 | Train loss: 4.5084e-01 | Valid loss: 4.4726e-01 | Train acc: 0.8306 ± 0.0000 | Valid acc: 0.8293 ± 0.0000 | Valid Power: 0.0012 | Train Power: 0.0012 | patience:  35 | lr: 0.000390625 | Epoch time: 0.1 |

2024-09-09 23:59:10,049 - INFO -
| Epoch:   1010 | Train loss: 4.5079e-01 | Valid loss: 4.4729e-01 | Train acc: 0.8306 ± 0.0000 | Valid acc: 0.8293 ± 0.0000 | Valid Power: 0.0012 | Train Power: 0.0012 | patience:  45 | lr: 0.000390625 | Epoch time: 0.1 |

2024-09-09 23:59:10,964 - INFO -
| Epoch:   1020 | Train loss: 4.5074e-01 | Valid loss: 4.4734e-01 | Train acc: 0.8306 ± 0.0000 | Valid acc: 0.8293 ± 0.0000 | Valid Power: 0.0012 | Train Power: 0.0012 | patience:  55 | lr: 0.000390625 | Epoch time: 0.1 |

2024-09-09 23:59:11,878 - INFO -
| Epoch:   1030 | Train loss: 4.5069e-01 | Valid loss: 4.4755e-01 | Train acc: 0.8306 ± 0.0000 | Valid acc: 0.8293 ± 0.0000 | Valid Power: 0.0012 | Train Power: 0.0012 | patience:  65 | lr: 0.000390625 | Epoch time: 0.1 |

2024-09-09 23:59:12,794 - INFO -
| Epoch:   1040 | Train loss: 4.5064e-01 | Valid loss: 4.4810e-01 | Train acc: 0.8306 ± 0.0000 | Valid acc: 0.8293 ± 0.0000 | Valid Power: 0.0012 | Train Power: 0.0012 | patience:  75 | lr: 0.000390625 | Epoch time: 0.1 |

2024-09-09 23:59:13,707 - INFO -
| Epoch:   1050 | Train loss: 4.5059e-01 | Valid loss: 4.4937e-01 | Train acc: 0.8306 ± 0.0000 | Valid acc: 0.8293 ± 0.0000 | Valid Power: 0.0012 | Train Power: 0.0012 | patience:  85 | lr: 0.000390625 | Epoch time: 0.1 |

2024-09-09 23:59:14,623 - INFO -
| Epoch:   1060 | Train loss: 4.5055e-01 | Valid loss: 4.5167e-01 | Train acc: 0.8306 ± 0.0000 | Valid acc: 0.8293 ± 0.0000 | Valid Power: 0.0012 | Train Power: 0.0012 | patience:  95 | lr: 0.000390625 | Epoch time: 0.1 |

2024-09-09 23:59:15,176 - INFO -
load best network to warm start training with lower lr.

2024-09-09 23:59:15,176 - INFO -
lr update to 0.0001953125.

2024-09-09 23:59:15,543 - INFO -
| Epoch:   1070 | Train loss: 4.5109e-01 | Valid loss: 4.4687e-01 | Train acc: 0.8306 ± 0.0000 | Valid acc: 0.8293 ± 0.0000 | Valid Power: 0.0013 | Train Power: 0.0012 | patience:   4 | lr: 0.0001953125 | Epoch time: 0.1 |

2024-09-09 23:59:16,458 - INFO -
| Epoch:   1080 | Train loss: 4.5101e-01 | Valid loss: 4.4690e-01 | Train acc: 0.8306 ± 0.0000 | Valid acc: 0.8293 ± 0.0000 | Valid Power: 0.0013 | Train Power: 0.0013 | patience:  14 | lr: 0.0001953125 | Epoch time: 0.1 |

2024-09-09 23:59:17,377 - INFO -
| Epoch:   1090 | Train loss: 4.5095e-01 | Valid loss: 4.4693e-01 | Train acc: 0.8306 ± 0.0000 | Valid acc: 0.8293 ± 0.0000 | Valid Power: 0.0012 | Train Power: 0.0012 | patience:  24 | lr: 0.0001953125 | Epoch time: 0.1 |

2024-09-09 23:59:18,287 - INFO -
| Epoch:   1100 | Train loss: 4.5093e-01 | Valid loss: 4.4697e-01 | Train acc: 0.8306 ± 0.0000 | Valid acc: 0.8293 ± 0.0000 | Valid Power: 0.0012 | Train Power: 0.0012 | patience:  34 | lr: 0.0001953125 | Epoch time: 0.1 |

2024-09-09 23:59:19,187 - INFO -
| Epoch:   1110 | Train loss: 4.5089e-01 | Valid loss: 4.4698e-01 | Train acc: 0.8306 ± 0.0000 | Valid acc: 0.8293 ± 0.0000 | Valid Power: 0.0012 | Train Power: 0.0012 | patience:  44 | lr: 0.0001953125 | Epoch time: 0.1 |

2024-09-09 23:59:20,039 - INFO -
| Epoch:   1120 | Train loss: 4.5087e-01 | Valid loss: 4.4698e-01 | Train acc: 0.8306 ± 0.0000 | Valid acc: 0.8293 ± 0.0000 | Valid Power: 0.0012 | Train Power: 0.0012 | patience:  54 | lr: 0.0001953125 | Epoch time: 0.1 |

2024-09-09 23:59:20,900 - INFO -
| Epoch:   1130 | Train loss: 4.5084e-01 | Valid loss: 4.4698e-01 | Train acc: 0.8306 ± 0.0000 | Valid acc: 0.8293 ± 0.0000 | Valid Power: 0.0012 | Train Power: 0.0012 | patience:  64 | lr: 0.0001953125 | Epoch time: 0.1 |

2024-09-09 23:59:21,756 - INFO -
| Epoch:   1140 | Train loss: 4.5082e-01 | Valid loss: 4.4699e-01 | Train acc: 0.8306 ± 0.0000 | Valid acc: 0.8293 ± 0.0000 | Valid Power: 0.0012 | Train Power: 0.0012 | patience:  74 | lr: 0.0001953125 | Epoch time: 0.1 |

2024-09-09 23:59:22,618 - INFO -
| Epoch:   1150 | Train loss: 4.5079e-01 | Valid loss: 4.4701e-01 | Train acc: 0.8306 ± 0.0000 | Valid acc: 0.8293 ± 0.0000 | Valid Power: 0.0012 | Train Power: 0.0012 | patience:  84 | lr: 0.0001953125 | Epoch time: 0.1 |

2024-09-09 23:59:23,476 - INFO -
| Epoch:   1160 | Train loss: 4.5077e-01 | Valid loss: 4.4706e-01 | Train acc: 0.8306 ± 0.0000 | Valid acc: 0.8293 ± 0.0000 | Valid Power: 0.0012 | Train Power: 0.0012 | patience:  94 | lr: 0.0001953125 | Epoch time: 0.1 |

2024-09-09 23:59:24,080 - INFO -
load best network to warm start training with lower lr.

2024-09-09 23:59:24,080 - INFO -
lr update to 9.765625e-05.

2024-09-09 23:59:24,080 - INFO -
Early stop.

2024-09-09 23:59:24,091 - INFO -
Training if finished.

2024-09-12 13:58:07,376 - INFO -
Configuration: 
gmin                0.01
gmax                10.0
T                   0.1
m                   0.3
type_nonlinear      normal
act                 tanh
ACT_R1n             12.7865
ACT_R2n             -3.1871
ACT_W1n             -10.4537
ACT_L1n             10.546
ACT_W2n             -5.8496
ACT_L2n             4.2337
S_R1n               -11.7481
S_R2n               -0.3905
S_W1n               -9.169
S_L1n               0.3913
S_W2n               7.2004
S_L2n               15.5558
ReLU_RHn            -1.9557
ReLU_RLn            -20.1581
ReLU_RDn            16.6486
ReLU_RBn            -14.3472
ReLU_Wn             16.655
ReLU_Ln             -21.7591
HS_Rn               -0.3766
HS_Wn               0.5192
HS_Ln               4.6293
NEG_R1n             -7.0846
NEG_R2n             -2.5695
NEG_R3n             16.1542
NEG_W1n             13.8696
NEG_L1n             2.7635
NEG_W2n             1.2674
NEG_L2n             -10.4803
NEG_W3n             -6.4386
NEG_L3n             5.1005
task                normal
DATASET             9
DataPath            ./dataset
InputNoise          0.0
IN_test             0.0
R_train             1
R_test              1
N_time              32
pathnorm            False
hidden              [3]
skipconnection      False
SEED                3
DEVICE              cpu
PATIENCE            500
EPOCH               10000000000
LR                  0.1
PROGRESSIVE         True
LR_PATIENCE         100
LR_DECAY            0.5
LR_MIN              0.0001
metric              acc
SoftEva             True
TIMELIMITATION      71
MODE                nominal
M_train             1
K_train             1
M_test              1
K_test              1
t_test_max          1
integration         MC
N_train             1
e_train             0.0
N_test              100
e_test              0.1
e_fault             2
fault_ratio         0.0
N_fault             50
e_fault_test        0
N_fault_test        50
dropout             0.0
lagrangian_loss     False
rho                 100
powerestimator      none
powerbalance        0.0
estimatorbalance    0.0
pgmin               1e-07
power_ratio         1000
lambda_P            100
areaestimator       none
areabalance         0.0
area_theta          0.15
area_act            30.0
area_neg            22.7
lambda_A            0.001
lnc                 False
projectname         tanh_0_FaultAnalysisNormal
temppath            ./tanh_0_FaultAnalysisNormal/temp/
logfilepath         ./tanh_0_FaultAnalysisNormal/log/
report_freq         10
recording           False
recordpath          ./tanh_0_FaultAnalysisNormal/record/
savepath            ./tanh_0_FaultAnalysisNormal/models/
loglevel            info


2024-09-12 13:58:07,393 - INFO -
Training network on device: cpu.

2024-09-12 13:58:07,393 - INFO -
Training setup: data_09_seeds_seed_03_epsilon_0.0_dropout_0.0_fault_ratio_0.0.model.

2024-09-12 13:58:07,393 - INFO -
{'dataname': 'seeds', 'N_feature': 7, 'N_class': 3, 'N_train': 124, 'N_valid': 41, 'N_test': 43}

2024-09-12 13:58:07,393 - INFO -
Training was already finished.

