2024-09-09 23:57:35,041 - INFO -
Configuration: 
gmin                0.01
gmax                10.0
T                   0.1
m                   0.3
type_nonlinear      normal
act                 tanh
ACT_R1n             12.7865
ACT_R2n             -3.1871
ACT_W1n             -10.4537
ACT_L1n             10.546
ACT_W2n             -5.8496
ACT_L2n             4.2337
S_R1n               -11.7481
S_R2n               -0.3905
S_W1n               -9.169
S_L1n               0.3913
S_W2n               7.2004
S_L2n               15.5558
ReLU_RHn            -1.9557
ReLU_RLn            -20.1581
ReLU_RDn            16.6486
ReLU_RBn            -14.3472
ReLU_Wn             16.655
ReLU_Ln             -21.7591
HS_Rn               -0.3766
HS_Wn               0.5192
HS_Ln               4.6293
NEG_R1n             -7.0846
NEG_R2n             -2.5695
NEG_R3n             16.1542
NEG_W1n             13.8696
NEG_L1n             2.7635
NEG_W2n             1.2674
NEG_L2n             -10.4803
NEG_W3n             -6.4386
NEG_L3n             5.1005
task                normal
DATASET             9
DataPath            ./dataset
InputNoise          0.0
IN_test             0.0
R_train             1
R_test              1
N_time              32
pathnorm            False
hidden              [3]
skipconnection      False
SEED                7
DEVICE              cpu
PATIENCE            500
EPOCH               10000000000
LR                  0.1
PROGRESSIVE         True
LR_PATIENCE         100
LR_DECAY            0.5
LR_MIN              0.0001
metric              acc
SoftEva             True
TIMELIMITATION      71
MODE                nominal
M_train             1
K_train             1
M_test              1
K_test              1
t_test_max          1
integration         MC
N_train             1
e_train             0.0
N_test              100
e_test              0.1
e_fault             2
fault_ratio         0.0
N_fault             50
e_fault_test        0
N_fault_test        50
dropout             0.0
lagrangian_loss     False
rho                 100
powerestimator      none
powerbalance        0.0
estimatorbalance    0.0
pgmin               1e-07
power_ratio         1000
lambda_P            100
areaestimator       none
areabalance         0.0
area_theta          0.15
area_act            30.0
area_neg            22.7
lambda_A            0.001
lnc                 False
projectname         tanh_0_FaultAnalysisNormal
temppath            ./tanh_0_FaultAnalysisNormal/temp/
logfilepath         ./tanh_0_FaultAnalysisNormal/log/
report_freq         10
recording           False
recordpath          ./tanh_0_FaultAnalysisNormal/record/
savepath            ./tanh_0_FaultAnalysisNormal/models/
loglevel            info


2024-09-09 23:57:35,042 - INFO -
Training network on device: cpu.

2024-09-09 23:57:35,042 - INFO -
Training setup: data_09_seeds_seed_07_epsilon_0.0_dropout_0.0_fault_ratio_0.0.model.

2024-09-09 23:57:35,042 - INFO -
{'dataname': 'seeds', 'N_feature': 7, 'N_class': 3, 'N_train': 124, 'N_valid': 41, 'N_test': 43}

2024-09-09 23:57:35,042 - INFO -
Topology of the network: [7, 3, 3].

2024-09-09 23:57:36,576 - INFO -
| Epoch:      0 | Train loss: 1.0986e+00 | Valid loss: 1.1101e+00 | Train acc: 0.3548 ± 0.0000 | Valid acc: 0.2439 ± 0.0000 | Valid Power: 0.0009 | Train Power: 0.0005 | patience:   0 | lr: 0.1 | Epoch time: 0.1 |

2024-09-09 23:57:37,522 - INFO -
| Epoch:     10 | Train loss: 8.9813e-01 | Valid loss: 8.7506e-01 | Train acc: 0.8306 ± 0.0000 | Valid acc: 0.8780 ± 0.0000 | Valid Power: 0.0009 | Train Power: 0.0009 | patience:   0 | lr: 0.1 | Epoch time: 0.1 |

2024-09-09 23:57:38,466 - INFO -
| Epoch:     20 | Train loss: 7.5207e-01 | Valid loss: 7.3659e-01 | Train acc: 0.8548 ± 0.0000 | Valid acc: 0.8537 ± 0.0000 | Valid Power: 0.0009 | Train Power: 0.0009 | patience:   0 | lr: 0.1 | Epoch time: 0.1 |

2024-09-09 23:57:39,409 - INFO -
| Epoch:     30 | Train loss: 6.7974e-01 | Valid loss: 6.8479e-01 | Train acc: 0.8871 ± 0.0000 | Valid acc: 0.8780 ± 0.0000 | Valid Power: 0.0009 | Train Power: 0.0009 | patience:   0 | lr: 0.1 | Epoch time: 0.1 |

2024-09-09 23:57:40,354 - INFO -
| Epoch:     40 | Train loss: 6.2916e-01 | Valid loss: 5.8645e-01 | Train acc: 0.8871 ± 0.0000 | Valid acc: 0.8780 ± 0.0000 | Valid Power: 0.0010 | Train Power: 0.0009 | patience:   0 | lr: 0.1 | Epoch time: 0.1 |

2024-09-09 23:57:41,287 - INFO -
| Epoch:     50 | Train loss: 5.3390e-01 | Valid loss: 5.6103e-01 | Train acc: 0.8468 ± 0.0000 | Valid acc: 0.8780 ± 0.0000 | Valid Power: 0.0009 | Train Power: 0.0010 | patience:   2 | lr: 0.1 | Epoch time: 0.1 |

2024-09-09 23:57:42,209 - INFO -
| Epoch:     60 | Train loss: 6.2768e-01 | Valid loss: 5.1918e-01 | Train acc: 0.6935 ± 0.0000 | Valid acc: 0.8049 ± 0.0000 | Valid Power: 0.0009 | Train Power: 0.0009 | patience:   2 | lr: 0.1 | Epoch time: 0.1 |

2024-09-09 23:57:43,136 - INFO -
| Epoch:     70 | Train loss: 4.5009e-01 | Valid loss: 5.2121e-01 | Train acc: 0.9113 ± 0.0000 | Valid acc: 0.8780 ± 0.0000 | Valid Power: 0.0009 | Train Power: 0.0009 | patience:   6 | lr: 0.1 | Epoch time: 0.1 |

2024-09-09 23:57:44,057 - INFO -
| Epoch:     80 | Train loss: 4.4014e-01 | Valid loss: 5.0710e-01 | Train acc: 0.9516 ± 0.0000 | Valid acc: 0.8780 ± 0.0000 | Valid Power: 0.0010 | Train Power: 0.0009 | patience:   1 | lr: 0.1 | Epoch time: 0.1 |

2024-09-09 23:57:44,981 - INFO -
| Epoch:     90 | Train loss: 4.4192e-01 | Valid loss: 4.7786e-01 | Train acc: 0.8710 ± 0.0000 | Valid acc: 0.8780 ± 0.0000 | Valid Power: 0.0009 | Train Power: 0.0009 | patience:   0 | lr: 0.1 | Epoch time: 0.1 |

2024-09-09 23:57:45,905 - INFO -
| Epoch:    100 | Train loss: 4.5898e-01 | Valid loss: 5.4530e-01 | Train acc: 0.8710 ± 0.0000 | Valid acc: 0.8780 ± 0.0000 | Valid Power: 0.0012 | Train Power: 0.0010 | patience:   7 | lr: 0.1 | Epoch time: 0.1 |

2024-09-09 23:57:46,824 - INFO -
| Epoch:    110 | Train loss: 4.4159e-01 | Valid loss: 4.9803e-01 | Train acc: 0.8710 ± 0.0000 | Valid acc: 0.8537 ± 0.0000 | Valid Power: 0.0012 | Train Power: 0.0011 | patience:   1 | lr: 0.1 | Epoch time: 0.1 |

2024-09-09 23:57:47,750 - INFO -
| Epoch:    120 | Train loss: 4.2806e-01 | Valid loss: 4.7536e-01 | Train acc: 0.8790 ± 0.0000 | Valid acc: 0.8780 ± 0.0000 | Valid Power: 0.0011 | Train Power: 0.0011 | patience:   1 | lr: 0.1 | Epoch time: 0.1 |

2024-09-09 23:57:48,677 - INFO -
| Epoch:    130 | Train loss: 4.3692e-01 | Valid loss: 4.7614e-01 | Train acc: 0.8710 ± 0.0000 | Valid acc: 0.8780 ± 0.0000 | Valid Power: 0.0011 | Train Power: 0.0010 | patience:   3 | lr: 0.1 | Epoch time: 0.1 |

2024-09-09 23:57:49,599 - INFO -
| Epoch:    140 | Train loss: 4.8314e-01 | Valid loss: 5.0924e-01 | Train acc: 0.8145 ± 0.0000 | Valid acc: 0.8049 ± 0.0000 | Valid Power: 0.0011 | Train Power: 0.0013 | patience:   8 | lr: 0.1 | Epoch time: 0.1 |

2024-09-09 23:57:50,518 - INFO -
| Epoch:    150 | Train loss: 4.7905e-01 | Valid loss: 5.0483e-01 | Train acc: 0.8468 ± 0.0000 | Valid acc: 0.8780 ± 0.0000 | Valid Power: 0.0010 | Train Power: 0.0010 | patience:   2 | lr: 0.1 | Epoch time: 0.1 |

2024-09-09 23:57:51,524 - INFO -
| Epoch:    160 | Train loss: 4.3637e-01 | Valid loss: 4.7444e-01 | Train acc: 0.8629 ± 0.0000 | Valid acc: 0.8537 ± 0.0000 | Valid Power: 0.0010 | Train Power: 0.0010 | patience:  12 | lr: 0.1 | Epoch time: 0.1 |

2024-09-09 23:57:52,434 - INFO -
| Epoch:    170 | Train loss: 4.2899e-01 | Valid loss: 4.9424e-01 | Train acc: 0.8952 ± 0.0000 | Valid acc: 0.8780 ± 0.0000 | Valid Power: 0.0010 | Train Power: 0.0010 | patience:  22 | lr: 0.1 | Epoch time: 0.1 |

2024-09-09 23:57:53,348 - INFO -
| Epoch:    180 | Train loss: 4.4155e-01 | Valid loss: 4.9062e-01 | Train acc: 0.8629 ± 0.0000 | Valid acc: 0.8293 ± 0.0000 | Valid Power: 0.0012 | Train Power: 0.0011 | patience:  32 | lr: 0.1 | Epoch time: 0.1 |

2024-09-09 23:57:54,258 - INFO -
| Epoch:    190 | Train loss: 4.5069e-01 | Valid loss: 5.2011e-01 | Train acc: 0.8387 ± 0.0000 | Valid acc: 0.8049 ± 0.0000 | Valid Power: 0.1112 | Train Power: 0.0045 | patience:  42 | lr: 0.1 | Epoch time: 0.1 |

2024-09-09 23:57:55,169 - INFO -
| Epoch:    200 | Train loss: 4.8165e-01 | Valid loss: 5.1044e-01 | Train acc: 0.8065 ± 0.0000 | Valid acc: 0.8049 ± 0.0000 | Valid Power: 0.0015 | Train Power: 0.0016 | patience:  52 | lr: 0.1 | Epoch time: 0.1 |

2024-09-09 23:57:56,083 - INFO -
| Epoch:    210 | Train loss: 4.3645e-01 | Valid loss: 4.9120e-01 | Train acc: 0.8952 ± 0.0000 | Valid acc: 0.8780 ± 0.0000 | Valid Power: 0.0014 | Train Power: 0.0014 | patience:  62 | lr: 0.1 | Epoch time: 0.1 |

2024-09-09 23:57:56,994 - INFO -
| Epoch:    220 | Train loss: 4.4699e-01 | Valid loss: 5.0345e-01 | Train acc: 0.8468 ± 0.0000 | Valid acc: 0.8780 ± 0.0000 | Valid Power: 0.0013 | Train Power: 0.0013 | patience:  72 | lr: 0.1 | Epoch time: 0.1 |

2024-09-09 23:57:57,906 - INFO -
| Epoch:    230 | Train loss: 4.4613e-01 | Valid loss: 5.2091e-01 | Train acc: 0.8710 ± 0.0000 | Valid acc: 0.8780 ± 0.0000 | Valid Power: 0.0013 | Train Power: 0.0013 | patience:  82 | lr: 0.1 | Epoch time: 0.1 |

2024-09-09 23:57:58,831 - INFO -
| Epoch:    240 | Train loss: 4.4146e-01 | Valid loss: 5.0149e-01 | Train acc: 0.8710 ± 0.0000 | Valid acc: 0.8780 ± 0.0000 | Valid Power: 0.0013 | Train Power: 0.0013 | patience:  92 | lr: 0.1 | Epoch time: 0.1 |

2024-09-09 23:57:59,664 - INFO -
load best network to warm start training with lower lr.

2024-09-09 23:57:59,664 - INFO -
lr update to 0.05.

2024-09-09 23:57:59,757 - INFO -
| Epoch:    250 | Train loss: 4.5641e-01 | Valid loss: 5.6001e-01 | Train acc: 0.8710 ± 0.0000 | Valid acc: 0.8293 ± 0.0000 | Valid Power: 0.0010 | Train Power: 0.0010 | patience:   1 | lr: 0.05 | Epoch time: 0.1 |

2024-09-09 23:58:00,677 - INFO -
| Epoch:    260 | Train loss: 4.3275e-01 | Valid loss: 4.7844e-01 | Train acc: 0.8871 ± 0.0000 | Valid acc: 0.8780 ± 0.0000 | Valid Power: 0.0010 | Train Power: 0.0010 | patience:  11 | lr: 0.05 | Epoch time: 0.1 |

2024-09-09 23:58:01,591 - INFO -
| Epoch:    270 | Train loss: 4.3451e-01 | Valid loss: 4.7558e-01 | Train acc: 0.8710 ± 0.0000 | Valid acc: 0.8537 ± 0.0000 | Valid Power: 0.0010 | Train Power: 0.0010 | patience:  21 | lr: 0.05 | Epoch time: 0.1 |

2024-09-09 23:58:02,504 - INFO -
| Epoch:    280 | Train loss: 4.3088e-01 | Valid loss: 4.7049e-01 | Train acc: 0.8710 ± 0.0000 | Valid acc: 0.8537 ± 0.0000 | Valid Power: 0.0010 | Train Power: 0.0010 | patience:  31 | lr: 0.05 | Epoch time: 0.1 |

2024-09-09 23:58:03,421 - INFO -
| Epoch:    290 | Train loss: 4.3210e-01 | Valid loss: 4.7479e-01 | Train acc: 0.8710 ± 0.0000 | Valid acc: 0.8780 ± 0.0000 | Valid Power: 0.0010 | Train Power: 0.0010 | patience:  41 | lr: 0.05 | Epoch time: 0.1 |

2024-09-09 23:58:04,334 - INFO -
| Epoch:    300 | Train loss: 4.2614e-01 | Valid loss: 4.7026e-01 | Train acc: 0.8710 ± 0.0000 | Valid acc: 0.8537 ± 0.0000 | Valid Power: 0.0010 | Train Power: 0.0010 | patience:  51 | lr: 0.05 | Epoch time: 0.1 |

2024-09-09 23:58:05,247 - INFO -
| Epoch:    310 | Train loss: 4.2585e-01 | Valid loss: 4.6136e-01 | Train acc: 0.8710 ± 0.0000 | Valid acc: 0.8780 ± 0.0000 | Valid Power: 0.0010 | Train Power: 0.0010 | patience:  61 | lr: 0.05 | Epoch time: 0.1 |

2024-09-09 23:58:06,161 - INFO -
| Epoch:    320 | Train loss: 4.3441e-01 | Valid loss: 4.7162e-01 | Train acc: 0.8710 ± 0.0000 | Valid acc: 0.8780 ± 0.0000 | Valid Power: 0.0010 | Train Power: 0.0010 | patience:  71 | lr: 0.05 | Epoch time: 0.1 |

2024-09-09 23:58:07,074 - INFO -
| Epoch:    330 | Train loss: 4.1522e-01 | Valid loss: 4.7216e-01 | Train acc: 0.8871 ± 0.0000 | Valid acc: 0.8780 ± 0.0000 | Valid Power: 0.0010 | Train Power: 0.0010 | patience:  81 | lr: 0.05 | Epoch time: 0.1 |

2024-09-09 23:58:07,988 - INFO -
| Epoch:    340 | Train loss: 4.1953e-01 | Valid loss: 4.7185e-01 | Train acc: 0.8871 ± 0.0000 | Valid acc: 0.8780 ± 0.0000 | Valid Power: 0.0010 | Train Power: 0.0010 | patience:  91 | lr: 0.05 | Epoch time: 0.1 |

2024-09-09 23:58:08,904 - INFO -
load best network to warm start training with lower lr.

2024-09-09 23:58:08,905 - INFO -
lr update to 0.025.

2024-09-09 23:58:08,905 - INFO -
| Epoch:    350 | Train loss: 4.1864e-01 | Valid loss: 4.7053e-01 | Train acc: 0.8871 ± 0.0000 | Valid acc: 0.8780 ± 0.0000 | Valid Power: 0.0010 | Train Power: 0.0010 | patience:   0 | lr: 0.025 | Epoch time: 0.1 |

2024-09-09 23:58:09,828 - INFO -
| Epoch:    360 | Train loss: 4.1746e-01 | Valid loss: 4.7496e-01 | Train acc: 0.8871 ± 0.0000 | Valid acc: 0.8780 ± 0.0000 | Valid Power: 0.0010 | Train Power: 0.0010 | patience:   5 | lr: 0.025 | Epoch time: 0.1 |

2024-09-09 23:58:10,744 - INFO -
| Epoch:    370 | Train loss: 4.2206e-01 | Valid loss: 4.9427e-01 | Train acc: 0.8629 ± 0.0000 | Valid acc: 0.8293 ± 0.0000 | Valid Power: 0.0011 | Train Power: 0.0011 | patience:  15 | lr: 0.025 | Epoch time: 0.1 |

2024-09-09 23:58:11,658 - INFO -
| Epoch:    380 | Train loss: 4.1753e-01 | Valid loss: 4.9249e-01 | Train acc: 0.8629 ± 0.0000 | Valid acc: 0.8293 ± 0.0000 | Valid Power: 0.0010 | Train Power: 0.0010 | patience:  25 | lr: 0.025 | Epoch time: 0.1 |

2024-09-09 23:58:12,575 - INFO -
| Epoch:    390 | Train loss: 4.1487e-01 | Valid loss: 4.9145e-01 | Train acc: 0.8629 ± 0.0000 | Valid acc: 0.8293 ± 0.0000 | Valid Power: 0.0010 | Train Power: 0.0010 | patience:  35 | lr: 0.025 | Epoch time: 0.1 |

2024-09-09 23:58:13,492 - INFO -
| Epoch:    400 | Train loss: 4.1448e-01 | Valid loss: 4.9112e-01 | Train acc: 0.8629 ± 0.0000 | Valid acc: 0.8293 ± 0.0000 | Valid Power: 0.0010 | Train Power: 0.0010 | patience:  45 | lr: 0.025 | Epoch time: 0.1 |

2024-09-09 23:58:14,407 - INFO -
| Epoch:    410 | Train loss: 4.1389e-01 | Valid loss: 4.9066e-01 | Train acc: 0.8629 ± 0.0000 | Valid acc: 0.8293 ± 0.0000 | Valid Power: 0.0010 | Train Power: 0.0010 | patience:  55 | lr: 0.025 | Epoch time: 0.1 |

2024-09-09 23:58:15,319 - INFO -
| Epoch:    420 | Train loss: 4.1329e-01 | Valid loss: 4.9012e-01 | Train acc: 0.8629 ± 0.0000 | Valid acc: 0.8293 ± 0.0000 | Valid Power: 0.0010 | Train Power: 0.0010 | patience:  65 | lr: 0.025 | Epoch time: 0.1 |

2024-09-09 23:58:16,232 - INFO -
| Epoch:    430 | Train loss: 4.1286e-01 | Valid loss: 4.8973e-01 | Train acc: 0.8629 ± 0.0000 | Valid acc: 0.8293 ± 0.0000 | Valid Power: 0.0010 | Train Power: 0.0010 | patience:  75 | lr: 0.025 | Epoch time: 0.1 |

2024-09-09 23:58:17,145 - INFO -
| Epoch:    440 | Train loss: 4.1242e-01 | Valid loss: 4.8928e-01 | Train acc: 0.8629 ± 0.0000 | Valid acc: 0.8293 ± 0.0000 | Valid Power: 0.0011 | Train Power: 0.0011 | patience:  85 | lr: 0.025 | Epoch time: 0.1 |

2024-09-09 23:58:18,060 - INFO -
| Epoch:    450 | Train loss: 4.1200e-01 | Valid loss: 4.8882e-01 | Train acc: 0.8629 ± 0.0000 | Valid acc: 0.8293 ± 0.0000 | Valid Power: 0.0032 | Train Power: 0.0023 | patience:  95 | lr: 0.025 | Epoch time: 0.1 |

2024-09-09 23:58:18,612 - INFO -
load best network to warm start training with lower lr.

2024-09-09 23:58:18,612 - INFO -
lr update to 0.0125.

2024-09-09 23:58:18,978 - INFO -
| Epoch:    460 | Train loss: 4.1770e-01 | Valid loss: 4.7461e-01 | Train acc: 0.8871 ± 0.0000 | Valid acc: 0.8780 ± 0.0000 | Valid Power: 0.0017 | Train Power: 0.0018 | patience:   4 | lr: 0.0125 | Epoch time: 0.1 |

2024-09-09 23:58:19,903 - INFO -
| Epoch:    470 | Train loss: 4.3027e-01 | Valid loss: 4.9271e-01 | Train acc: 0.8629 ± 0.0000 | Valid acc: 0.8293 ± 0.0000 | Valid Power: 0.0017 | Train Power: 0.0018 | patience:  14 | lr: 0.0125 | Epoch time: 0.1 |

2024-09-09 23:58:20,826 - INFO -
| Epoch:    480 | Train loss: 4.2083e-01 | Valid loss: 4.9126e-01 | Train acc: 0.8629 ± 0.0000 | Valid acc: 0.8293 ± 0.0000 | Valid Power: 0.0017 | Train Power: 0.0018 | patience:  24 | lr: 0.0125 | Epoch time: 0.1 |

2024-09-09 23:58:21,741 - INFO -
| Epoch:    490 | Train loss: 4.1500e-01 | Valid loss: 4.9103e-01 | Train acc: 0.8629 ± 0.0000 | Valid acc: 0.8293 ± 0.0000 | Valid Power: 0.0017 | Train Power: 0.0018 | patience:  34 | lr: 0.0125 | Epoch time: 0.1 |

2024-09-09 23:58:22,657 - INFO -
| Epoch:    500 | Train loss: 4.1448e-01 | Valid loss: 4.9047e-01 | Train acc: 0.8629 ± 0.0000 | Valid acc: 0.8293 ± 0.0000 | Valid Power: 0.0017 | Train Power: 0.0018 | patience:  44 | lr: 0.0125 | Epoch time: 0.1 |

2024-09-09 23:58:23,582 - INFO -
| Epoch:    510 | Train loss: 4.1386e-01 | Valid loss: 4.9001e-01 | Train acc: 0.8629 ± 0.0000 | Valid acc: 0.8293 ± 0.0000 | Valid Power: 0.0017 | Train Power: 0.0017 | patience:  54 | lr: 0.0125 | Epoch time: 0.1 |

2024-09-09 23:58:24,497 - INFO -
| Epoch:    520 | Train loss: 4.1336e-01 | Valid loss: 4.8955e-01 | Train acc: 0.8629 ± 0.0000 | Valid acc: 0.8293 ± 0.0000 | Valid Power: 0.0017 | Train Power: 0.0017 | patience:  64 | lr: 0.0125 | Epoch time: 0.1 |

2024-09-09 23:58:25,419 - INFO -
| Epoch:    530 | Train loss: 4.1286e-01 | Valid loss: 4.8900e-01 | Train acc: 0.8629 ± 0.0000 | Valid acc: 0.8293 ± 0.0000 | Valid Power: 0.0017 | Train Power: 0.0017 | patience:  74 | lr: 0.0125 | Epoch time: 0.1 |

2024-09-09 23:58:26,340 - INFO -
| Epoch:    540 | Train loss: 4.1240e-01 | Valid loss: 4.8855e-01 | Train acc: 0.8629 ± 0.0000 | Valid acc: 0.8293 ± 0.0000 | Valid Power: 0.0017 | Train Power: 0.0017 | patience:  84 | lr: 0.0125 | Epoch time: 0.1 |

2024-09-09 23:58:27,265 - INFO -
| Epoch:    550 | Train loss: 4.1195e-01 | Valid loss: 4.8802e-01 | Train acc: 0.8629 ± 0.0000 | Valid acc: 0.8293 ± 0.0000 | Valid Power: 0.0017 | Train Power: 0.0017 | patience:  94 | lr: 0.0125 | Epoch time: 0.1 |

2024-09-09 23:58:27,912 - INFO -
load best network to warm start training with lower lr.

2024-09-09 23:58:27,912 - INFO -
lr update to 0.00625.

2024-09-09 23:58:28,196 - INFO -
| Epoch:    560 | Train loss: 4.4070e-01 | Valid loss: 4.4983e-01 | Train acc: 0.8710 ± 0.0000 | Valid acc: 0.9024 ± 0.0000 | Valid Power: 0.0017 | Train Power: 0.0018 | patience:   1 | lr: 0.00625 | Epoch time: 0.1 |

2024-09-09 23:58:29,111 - INFO -
| Epoch:    570 | Train loss: 4.3690e-01 | Valid loss: 4.4935e-01 | Train acc: 0.8710 ± 0.0000 | Valid acc: 0.9024 ± 0.0000 | Valid Power: 0.0017 | Train Power: 0.0018 | patience:  11 | lr: 0.00625 | Epoch time: 0.1 |

2024-09-09 23:58:30,066 - INFO -
| Epoch:    580 | Train loss: 4.3451e-01 | Valid loss: 4.4479e-01 | Train acc: 0.8710 ± 0.0000 | Valid acc: 0.9024 ± 0.0000 | Valid Power: 0.0017 | Train Power: 0.0018 | patience:   0 | lr: 0.00625 | Epoch time: 0.1 |

2024-09-09 23:58:31,019 - INFO -
| Epoch:    590 | Train loss: 4.3340e-01 | Valid loss: 4.4398e-01 | Train acc: 0.8710 ± 0.0000 | Valid acc: 0.9024 ± 0.0000 | Valid Power: 0.0017 | Train Power: 0.0018 | patience:   2 | lr: 0.00625 | Epoch time: 0.1 |

2024-09-09 23:58:31,941 - INFO -
| Epoch:    600 | Train loss: 4.3295e-01 | Valid loss: 4.5490e-01 | Train acc: 0.8710 ± 0.0000 | Valid acc: 0.9024 ± 0.0000 | Valid Power: 0.0017 | Train Power: 0.0017 | patience:  12 | lr: 0.00625 | Epoch time: 0.1 |

2024-09-09 23:58:32,867 - INFO -
| Epoch:    610 | Train loss: 4.3251e-01 | Valid loss: 4.6489e-01 | Train acc: 0.8710 ± 0.0000 | Valid acc: 0.9024 ± 0.0000 | Valid Power: 0.0017 | Train Power: 0.0017 | patience:  22 | lr: 0.00625 | Epoch time: 0.1 |

2024-09-09 23:58:33,790 - INFO -
| Epoch:    620 | Train loss: 4.3208e-01 | Valid loss: 4.6558e-01 | Train acc: 0.8710 ± 0.0000 | Valid acc: 0.9024 ± 0.0000 | Valid Power: 0.0017 | Train Power: 0.0017 | patience:  32 | lr: 0.00625 | Epoch time: 0.1 |

2024-09-09 23:58:34,705 - INFO -
| Epoch:    630 | Train loss: 4.3168e-01 | Valid loss: 4.6502e-01 | Train acc: 0.8710 ± 0.0000 | Valid acc: 0.9024 ± 0.0000 | Valid Power: 0.0017 | Train Power: 0.0017 | patience:  42 | lr: 0.00625 | Epoch time: 0.1 |

2024-09-09 23:58:35,620 - INFO -
| Epoch:    640 | Train loss: 4.3135e-01 | Valid loss: 4.6438e-01 | Train acc: 0.8710 ± 0.0000 | Valid acc: 0.9024 ± 0.0000 | Valid Power: 0.0017 | Train Power: 0.0017 | patience:  52 | lr: 0.00625 | Epoch time: 0.1 |

2024-09-09 23:58:36,534 - INFO -
| Epoch:    650 | Train loss: 4.3103e-01 | Valid loss: 4.6422e-01 | Train acc: 0.8710 ± 0.0000 | Valid acc: 0.9024 ± 0.0000 | Valid Power: 0.0017 | Train Power: 0.0017 | patience:  62 | lr: 0.00625 | Epoch time: 0.1 |

2024-09-09 23:58:37,450 - INFO -
| Epoch:    660 | Train loss: 4.3070e-01 | Valid loss: 4.6492e-01 | Train acc: 0.8710 ± 0.0000 | Valid acc: 0.9024 ± 0.0000 | Valid Power: 0.0016 | Train Power: 0.0017 | patience:  72 | lr: 0.00625 | Epoch time: 0.1 |

2024-09-09 23:58:38,364 - INFO -
| Epoch:    670 | Train loss: 4.3038e-01 | Valid loss: 4.7614e-01 | Train acc: 0.8710 ± 0.0000 | Valid acc: 0.8780 ± 0.0000 | Valid Power: 0.0018 | Train Power: 0.0018 | patience:  82 | lr: 0.00625 | Epoch time: 0.1 |

2024-09-09 23:58:39,278 - INFO -
| Epoch:    680 | Train loss: 4.3010e-01 | Valid loss: 4.9227e-01 | Train acc: 0.8710 ± 0.0000 | Valid acc: 0.8780 ± 0.0000 | Valid Power: 0.0023 | Train Power: 0.0022 | patience:  92 | lr: 0.00625 | Epoch time: 0.1 |

2024-09-09 23:58:40,200 - INFO -
load best network to warm start training with lower lr.

2024-09-09 23:58:40,200 - INFO -
lr update to 0.003125.

2024-09-09 23:58:40,293 - INFO -
| Epoch:    690 | Train loss: 4.3345e-01 | Valid loss: 4.5349e-01 | Train acc: 0.8710 ± 0.0000 | Valid acc: 0.9024 ± 0.0000 | Valid Power: 0.0017 | Train Power: 0.0018 | patience:   1 | lr: 0.003125 | Epoch time: 0.1 |

2024-09-09 23:58:41,215 - INFO -
| Epoch:    700 | Train loss: 4.3316e-01 | Valid loss: 4.6195e-01 | Train acc: 0.8710 ± 0.0000 | Valid acc: 0.9024 ± 0.0000 | Valid Power: 0.0017 | Train Power: 0.0018 | patience:  11 | lr: 0.003125 | Epoch time: 0.1 |

2024-09-09 23:58:42,131 - INFO -
| Epoch:    710 | Train loss: 4.3272e-01 | Valid loss: 4.6247e-01 | Train acc: 0.8710 ± 0.0000 | Valid acc: 0.9024 ± 0.0000 | Valid Power: 0.0017 | Train Power: 0.0018 | patience:  21 | lr: 0.003125 | Epoch time: 0.1 |

2024-09-09 23:58:43,064 - INFO -
| Epoch:    720 | Train loss: 4.3237e-01 | Valid loss: 4.6695e-01 | Train acc: 0.8710 ± 0.0000 | Valid acc: 0.9024 ± 0.0000 | Valid Power: 0.0017 | Train Power: 0.0018 | patience:  31 | lr: 0.003125 | Epoch time: 0.1 |

2024-09-09 23:58:43,984 - INFO -
| Epoch:    730 | Train loss: 4.3203e-01 | Valid loss: 4.9337e-01 | Train acc: 0.8710 ± 0.0000 | Valid acc: 0.8780 ± 0.0000 | Valid Power: 0.0017 | Train Power: 0.0017 | patience:  41 | lr: 0.003125 | Epoch time: 0.1 |

2024-09-09 23:58:44,907 - INFO -
| Epoch:    740 | Train loss: 4.2968e-01 | Valid loss: 4.7305e-01 | Train acc: 0.8790 ± 0.0000 | Valid acc: 0.8780 ± 0.0000 | Valid Power: 0.0017 | Train Power: 0.0017 | patience:  51 | lr: 0.003125 | Epoch time: 0.1 |

2024-09-09 23:58:45,822 - INFO -
| Epoch:    750 | Train loss: 4.2400e-01 | Valid loss: 4.8172e-01 | Train acc: 0.8871 ± 0.0000 | Valid acc: 0.8780 ± 0.0000 | Valid Power: 0.0023 | Train Power: 0.0033 | patience:  61 | lr: 0.003125 | Epoch time: 0.1 |

2024-09-09 23:58:46,737 - INFO -
| Epoch:    760 | Train loss: 4.2231e-01 | Valid loss: 4.8669e-01 | Train acc: 0.8871 ± 0.0000 | Valid acc: 0.8780 ± 0.0000 | Valid Power: 0.0017 | Train Power: 0.0018 | patience:  71 | lr: 0.003125 | Epoch time: 0.1 |

2024-09-09 23:58:47,651 - INFO -
| Epoch:    770 | Train loss: 4.2194e-01 | Valid loss: 4.8342e-01 | Train acc: 0.8871 ± 0.0000 | Valid acc: 0.8780 ± 0.0000 | Valid Power: 0.0017 | Train Power: 0.0017 | patience:  81 | lr: 0.003125 | Epoch time: 0.1 |

2024-09-09 23:58:48,566 - INFO -
| Epoch:    780 | Train loss: 4.2175e-01 | Valid loss: 4.8289e-01 | Train acc: 0.8871 ± 0.0000 | Valid acc: 0.8780 ± 0.0000 | Valid Power: 0.0017 | Train Power: 0.0017 | patience:  91 | lr: 0.003125 | Epoch time: 0.1 |

2024-09-09 23:58:49,484 - INFO -
load best network to warm start training with lower lr.

2024-09-09 23:58:49,485 - INFO -
lr update to 0.0015625.

2024-09-09 23:58:49,485 - INFO -
| Epoch:    790 | Train loss: 4.2155e-01 | Valid loss: 4.8333e-01 | Train acc: 0.8871 ± 0.0000 | Valid acc: 0.8780 ± 0.0000 | Valid Power: 0.0017 | Train Power: 0.0017 | patience:   0 | lr: 0.0015625 | Epoch time: 0.1 |

2024-09-09 23:58:50,401 - INFO -
| Epoch:    800 | Train loss: 4.3323e-01 | Valid loss: 4.6455e-01 | Train acc: 0.8710 ± 0.0000 | Valid acc: 0.9024 ± 0.0000 | Valid Power: 0.0017 | Train Power: 0.0018 | patience:  10 | lr: 0.0015625 | Epoch time: 0.1 |

2024-09-09 23:58:51,316 - INFO -
| Epoch:    810 | Train loss: 4.3301e-01 | Valid loss: 4.6643e-01 | Train acc: 0.8710 ± 0.0000 | Valid acc: 0.9024 ± 0.0000 | Valid Power: 0.0017 | Train Power: 0.0018 | patience:  20 | lr: 0.0015625 | Epoch time: 0.1 |

2024-09-09 23:58:52,230 - INFO -
| Epoch:    820 | Train loss: 4.3280e-01 | Valid loss: 4.6591e-01 | Train acc: 0.8710 ± 0.0000 | Valid acc: 0.9024 ± 0.0000 | Valid Power: 0.0017 | Train Power: 0.0017 | patience:  30 | lr: 0.0015625 | Epoch time: 0.1 |

2024-09-09 23:58:53,151 - INFO -
| Epoch:    830 | Train loss: 4.3259e-01 | Valid loss: 4.6584e-01 | Train acc: 0.8710 ± 0.0000 | Valid acc: 0.9024 ± 0.0000 | Valid Power: 0.0017 | Train Power: 0.0017 | patience:  40 | lr: 0.0015625 | Epoch time: 0.1 |

2024-09-09 23:58:54,068 - INFO -
| Epoch:    840 | Train loss: 4.3238e-01 | Valid loss: 4.6566e-01 | Train acc: 0.8710 ± 0.0000 | Valid acc: 0.9024 ± 0.0000 | Valid Power: 0.0017 | Train Power: 0.0017 | patience:  50 | lr: 0.0015625 | Epoch time: 0.1 |

2024-09-09 23:58:54,984 - INFO -
| Epoch:    850 | Train loss: 4.3218e-01 | Valid loss: 4.6598e-01 | Train acc: 0.8710 ± 0.0000 | Valid acc: 0.9024 ± 0.0000 | Valid Power: 0.0017 | Train Power: 0.0017 | patience:  60 | lr: 0.0015625 | Epoch time: 0.1 |

2024-09-09 23:58:55,901 - INFO -
| Epoch:    860 | Train loss: 4.3198e-01 | Valid loss: 4.7036e-01 | Train acc: 0.8710 ± 0.0000 | Valid acc: 0.8780 ± 0.0000 | Valid Power: 0.0017 | Train Power: 0.0017 | patience:  70 | lr: 0.0015625 | Epoch time: 0.1 |

2024-09-09 23:58:56,816 - INFO -
| Epoch:    870 | Train loss: 4.3178e-01 | Valid loss: 4.9061e-01 | Train acc: 0.8710 ± 0.0000 | Valid acc: 0.8780 ± 0.0000 | Valid Power: 0.0017 | Train Power: 0.0017 | patience:  80 | lr: 0.0015625 | Epoch time: 0.1 |

2024-09-09 23:58:57,732 - INFO -
| Epoch:    880 | Train loss: 4.3158e-01 | Valid loss: 4.9289e-01 | Train acc: 0.8710 ± 0.0000 | Valid acc: 0.8780 ± 0.0000 | Valid Power: 0.0017 | Train Power: 0.0017 | patience:  90 | lr: 0.0015625 | Epoch time: 0.1 |

2024-09-09 23:58:58,648 - INFO -
| Epoch:    890 | Train loss: 4.2439e-01 | Valid loss: 4.7487e-01 | Train acc: 0.8871 ± 0.0000 | Valid acc: 0.8780 ± 0.0000 | Valid Power: 0.0017 | Train Power: 0.0017 | patience: 100 | lr: 0.0015625 | Epoch time: 0.1 |

2024-09-09 23:58:58,743 - INFO -
load best network to warm start training with lower lr.

2024-09-09 23:58:58,743 - INFO -
lr update to 0.00078125.

2024-09-09 23:58:59,570 - INFO -
| Epoch:    900 | Train loss: 4.3334e-01 | Valid loss: 4.5462e-01 | Train acc: 0.8710 ± 0.0000 | Valid acc: 0.9024 ± 0.0000 | Valid Power: 0.0017 | Train Power: 0.0018 | patience:   9 | lr: 0.00078125 | Epoch time: 0.1 |

2024-09-09 23:59:00,485 - INFO -
| Epoch:    910 | Train loss: 4.3321e-01 | Valid loss: 4.6499e-01 | Train acc: 0.8710 ± 0.0000 | Valid acc: 0.9024 ± 0.0000 | Valid Power: 0.0017 | Train Power: 0.0018 | patience:  19 | lr: 0.00078125 | Epoch time: 0.1 |

2024-09-09 23:59:01,402 - INFO -
| Epoch:    920 | Train loss: 4.3309e-01 | Valid loss: 4.6602e-01 | Train acc: 0.8710 ± 0.0000 | Valid acc: 0.9024 ± 0.0000 | Valid Power: 0.0017 | Train Power: 0.0018 | patience:  29 | lr: 0.00078125 | Epoch time: 0.1 |

2024-09-09 23:59:02,317 - INFO -
| Epoch:    930 | Train loss: 4.3297e-01 | Valid loss: 4.6598e-01 | Train acc: 0.8710 ± 0.0000 | Valid acc: 0.9024 ± 0.0000 | Valid Power: 0.0017 | Train Power: 0.0017 | patience:  39 | lr: 0.00078125 | Epoch time: 0.1 |

2024-09-09 23:59:03,235 - INFO -
| Epoch:    940 | Train loss: 4.3285e-01 | Valid loss: 4.6587e-01 | Train acc: 0.8710 ± 0.0000 | Valid acc: 0.9024 ± 0.0000 | Valid Power: 0.0017 | Train Power: 0.0017 | patience:  49 | lr: 0.00078125 | Epoch time: 0.1 |

2024-09-09 23:59:04,150 - INFO -
| Epoch:    950 | Train loss: 4.3274e-01 | Valid loss: 4.6580e-01 | Train acc: 0.8710 ± 0.0000 | Valid acc: 0.9024 ± 0.0000 | Valid Power: 0.0017 | Train Power: 0.0017 | patience:  59 | lr: 0.00078125 | Epoch time: 0.1 |

2024-09-09 23:59:05,066 - INFO -
| Epoch:    960 | Train loss: 4.3263e-01 | Valid loss: 4.6574e-01 | Train acc: 0.8710 ± 0.0000 | Valid acc: 0.9024 ± 0.0000 | Valid Power: 0.0017 | Train Power: 0.0017 | patience:  69 | lr: 0.00078125 | Epoch time: 0.1 |

2024-09-09 23:59:05,981 - INFO -
| Epoch:    970 | Train loss: 4.3252e-01 | Valid loss: 4.6570e-01 | Train acc: 0.8710 ± 0.0000 | Valid acc: 0.9024 ± 0.0000 | Valid Power: 0.0017 | Train Power: 0.0017 | patience:  79 | lr: 0.00078125 | Epoch time: 0.1 |

2024-09-09 23:59:06,905 - INFO -
| Epoch:    980 | Train loss: 4.3241e-01 | Valid loss: 4.6565e-01 | Train acc: 0.8710 ± 0.0000 | Valid acc: 0.9024 ± 0.0000 | Valid Power: 0.0017 | Train Power: 0.0017 | patience:  89 | lr: 0.00078125 | Epoch time: 0.1 |

2024-09-09 23:59:07,826 - INFO -
| Epoch:    990 | Train loss: 4.3230e-01 | Valid loss: 4.6562e-01 | Train acc: 0.8710 ± 0.0000 | Valid acc: 0.9024 ± 0.0000 | Valid Power: 0.0017 | Train Power: 0.0017 | patience:  99 | lr: 0.00078125 | Epoch time: 0.1 |

2024-09-09 23:59:08,014 - INFO -
load best network to warm start training with lower lr.

2024-09-09 23:59:08,014 - INFO -
lr update to 0.000390625.

2024-09-09 23:59:08,753 - INFO -
| Epoch:   1000 | Train loss: 4.3340e-01 | Valid loss: 4.4480e-01 | Train acc: 0.8710 ± 0.0000 | Valid acc: 0.9024 ± 0.0000 | Valid Power: 0.0017 | Train Power: 0.0018 | patience:   8 | lr: 0.000390625 | Epoch time: 0.1 |

2024-09-09 23:59:09,678 - INFO -
| Epoch:   1010 | Train loss: 4.3333e-01 | Valid loss: 4.5436e-01 | Train acc: 0.8710 ± 0.0000 | Valid acc: 0.9024 ± 0.0000 | Valid Power: 0.0017 | Train Power: 0.0018 | patience:  18 | lr: 0.000390625 | Epoch time: 0.1 |

2024-09-09 23:59:10,594 - INFO -
| Epoch:   1020 | Train loss: 4.3326e-01 | Valid loss: 4.6178e-01 | Train acc: 0.8710 ± 0.0000 | Valid acc: 0.9024 ± 0.0000 | Valid Power: 0.0017 | Train Power: 0.0018 | patience:  28 | lr: 0.000390625 | Epoch time: 0.1 |

2024-09-09 23:59:11,521 - INFO -
| Epoch:   1030 | Train loss: 4.3319e-01 | Valid loss: 4.6468e-01 | Train acc: 0.8710 ± 0.0000 | Valid acc: 0.9024 ± 0.0000 | Valid Power: 0.0017 | Train Power: 0.0018 | patience:  38 | lr: 0.000390625 | Epoch time: 0.1 |

2024-09-09 23:59:12,439 - INFO -
| Epoch:   1040 | Train loss: 4.3313e-01 | Valid loss: 4.6537e-01 | Train acc: 0.8710 ± 0.0000 | Valid acc: 0.9024 ± 0.0000 | Valid Power: 0.0017 | Train Power: 0.0018 | patience:  48 | lr: 0.000390625 | Epoch time: 0.1 |

2024-09-09 23:59:13,364 - INFO -
| Epoch:   1050 | Train loss: 4.3307e-01 | Valid loss: 4.6560e-01 | Train acc: 0.8710 ± 0.0000 | Valid acc: 0.9024 ± 0.0000 | Valid Power: 0.0017 | Train Power: 0.0018 | patience:  58 | lr: 0.000390625 | Epoch time: 0.1 |

2024-09-09 23:59:14,293 - INFO -
| Epoch:   1060 | Train loss: 4.3301e-01 | Valid loss: 4.6567e-01 | Train acc: 0.8710 ± 0.0000 | Valid acc: 0.9024 ± 0.0000 | Valid Power: 0.0017 | Train Power: 0.0017 | patience:  68 | lr: 0.000390625 | Epoch time: 0.1 |

2024-09-09 23:59:15,217 - INFO -
| Epoch:   1070 | Train loss: 4.3295e-01 | Valid loss: 4.6570e-01 | Train acc: 0.8710 ± 0.0000 | Valid acc: 0.9024 ± 0.0000 | Valid Power: 0.0017 | Train Power: 0.0017 | patience:  78 | lr: 0.000390625 | Epoch time: 0.1 |

2024-09-09 23:59:16,143 - INFO -
| Epoch:   1080 | Train loss: 4.3289e-01 | Valid loss: 4.6571e-01 | Train acc: 0.8710 ± 0.0000 | Valid acc: 0.9024 ± 0.0000 | Valid Power: 0.0017 | Train Power: 0.0017 | patience:  88 | lr: 0.000390625 | Epoch time: 0.1 |

2024-09-09 23:59:17,075 - INFO -
| Epoch:   1090 | Train loss: 4.3283e-01 | Valid loss: 4.6571e-01 | Train acc: 0.8710 ± 0.0000 | Valid acc: 0.9024 ± 0.0000 | Valid Power: 0.0017 | Train Power: 0.0017 | patience:  98 | lr: 0.000390625 | Epoch time: 0.1 |

2024-09-09 23:59:17,355 - INFO -
load best network to warm start training with lower lr.

2024-09-09 23:59:17,355 - INFO -
lr update to 0.0001953125.

2024-09-09 23:59:17,999 - INFO -
| Epoch:   1100 | Train loss: 4.3343e-01 | Valid loss: 4.4428e-01 | Train acc: 0.8710 ± 0.0000 | Valid acc: 0.9024 ± 0.0000 | Valid Power: 0.0017 | Train Power: 0.0018 | patience:   7 | lr: 0.0001953125 | Epoch time: 0.1 |

2024-09-09 23:59:18,915 - INFO -
| Epoch:   1110 | Train loss: 4.3339e-01 | Valid loss: 4.4484e-01 | Train acc: 0.8710 ± 0.0000 | Valid acc: 0.9024 ± 0.0000 | Valid Power: 0.0017 | Train Power: 0.0018 | patience:  17 | lr: 0.0001953125 | Epoch time: 0.1 |

2024-09-09 23:59:19,775 - INFO -
| Epoch:   1120 | Train loss: 4.3335e-01 | Valid loss: 4.4887e-01 | Train acc: 0.8710 ± 0.0000 | Valid acc: 0.9024 ± 0.0000 | Valid Power: 0.0017 | Train Power: 0.0018 | patience:  27 | lr: 0.0001953125 | Epoch time: 0.1 |

2024-09-09 23:59:20,637 - INFO -
| Epoch:   1130 | Train loss: 4.3332e-01 | Valid loss: 4.5336e-01 | Train acc: 0.8710 ± 0.0000 | Valid acc: 0.9024 ± 0.0000 | Valid Power: 0.0017 | Train Power: 0.0018 | patience:  37 | lr: 0.0001953125 | Epoch time: 0.1 |

2024-09-09 23:59:21,494 - INFO -
| Epoch:   1140 | Train loss: 4.3328e-01 | Valid loss: 4.5797e-01 | Train acc: 0.8710 ± 0.0000 | Valid acc: 0.9024 ± 0.0000 | Valid Power: 0.0017 | Train Power: 0.0018 | patience:  47 | lr: 0.0001953125 | Epoch time: 0.1 |

2024-09-09 23:59:22,359 - INFO -
| Epoch:   1150 | Train loss: 4.3325e-01 | Valid loss: 4.6102e-01 | Train acc: 0.8710 ± 0.0000 | Valid acc: 0.9024 ± 0.0000 | Valid Power: 0.0017 | Train Power: 0.0018 | patience:  57 | lr: 0.0001953125 | Epoch time: 0.1 |

2024-09-09 23:59:23,226 - INFO -
| Epoch:   1160 | Train loss: 4.3322e-01 | Valid loss: 4.6293e-01 | Train acc: 0.8710 ± 0.0000 | Valid acc: 0.9024 ± 0.0000 | Valid Power: 0.0017 | Train Power: 0.0018 | patience:  67 | lr: 0.0001953125 | Epoch time: 0.1 |

2024-09-09 23:59:24,091 - INFO -
| Epoch:   1170 | Train loss: 4.3318e-01 | Valid loss: 4.6403e-01 | Train acc: 0.8710 ± 0.0000 | Valid acc: 0.9024 ± 0.0000 | Valid Power: 0.0017 | Train Power: 0.0018 | patience:  77 | lr: 0.0001953125 | Epoch time: 0.1 |

2024-09-09 23:59:24,952 - INFO -
| Epoch:   1180 | Train loss: 4.3315e-01 | Valid loss: 4.6463e-01 | Train acc: 0.8710 ± 0.0000 | Valid acc: 0.9024 ± 0.0000 | Valid Power: 0.0017 | Train Power: 0.0018 | patience:  87 | lr: 0.0001953125 | Epoch time: 0.1 |

2024-09-09 23:59:25,800 - INFO -
| Epoch:   1190 | Train loss: 4.3312e-01 | Valid loss: 4.6498e-01 | Train acc: 0.8710 ± 0.0000 | Valid acc: 0.9024 ± 0.0000 | Valid Power: 0.0017 | Train Power: 0.0018 | patience:  97 | lr: 0.0001953125 | Epoch time: 0.1 |

2024-09-09 23:59:26,143 - INFO -
load best network to warm start training with lower lr.

2024-09-09 23:59:26,144 - INFO -
lr update to 9.765625e-05.

2024-09-09 23:59:26,144 - INFO -
Early stop.

2024-09-09 23:59:26,151 - INFO -
Training if finished.

2024-09-12 13:58:07,330 - INFO -
Configuration: 
gmin                0.01
gmax                10.0
T                   0.1
m                   0.3
type_nonlinear      normal
act                 tanh
ACT_R1n             12.7865
ACT_R2n             -3.1871
ACT_W1n             -10.4537
ACT_L1n             10.546
ACT_W2n             -5.8496
ACT_L2n             4.2337
S_R1n               -11.7481
S_R2n               -0.3905
S_W1n               -9.169
S_L1n               0.3913
S_W2n               7.2004
S_L2n               15.5558
ReLU_RHn            -1.9557
ReLU_RLn            -20.1581
ReLU_RDn            16.6486
ReLU_RBn            -14.3472
ReLU_Wn             16.655
ReLU_Ln             -21.7591
HS_Rn               -0.3766
HS_Wn               0.5192
HS_Ln               4.6293
NEG_R1n             -7.0846
NEG_R2n             -2.5695
NEG_R3n             16.1542
NEG_W1n             13.8696
NEG_L1n             2.7635
NEG_W2n             1.2674
NEG_L2n             -10.4803
NEG_W3n             -6.4386
NEG_L3n             5.1005
task                normal
DATASET             9
DataPath            ./dataset
InputNoise          0.0
IN_test             0.0
R_train             1
R_test              1
N_time              32
pathnorm            False
hidden              [3]
skipconnection      False
SEED                7
DEVICE              cpu
PATIENCE            500
EPOCH               10000000000
LR                  0.1
PROGRESSIVE         True
LR_PATIENCE         100
LR_DECAY            0.5
LR_MIN              0.0001
metric              acc
SoftEva             True
TIMELIMITATION      71
MODE                nominal
M_train             1
K_train             1
M_test              1
K_test              1
t_test_max          1
integration         MC
N_train             1
e_train             0.0
N_test              100
e_test              0.1
e_fault             2
fault_ratio         0.0
N_fault             50
e_fault_test        0
N_fault_test        50
dropout             0.0
lagrangian_loss     False
rho                 100
powerestimator      none
powerbalance        0.0
estimatorbalance    0.0
pgmin               1e-07
power_ratio         1000
lambda_P            100
areaestimator       none
areabalance         0.0
area_theta          0.15
area_act            30.0
area_neg            22.7
lambda_A            0.001
lnc                 False
projectname         tanh_0_FaultAnalysisNormal
temppath            ./tanh_0_FaultAnalysisNormal/temp/
logfilepath         ./tanh_0_FaultAnalysisNormal/log/
report_freq         10
recording           False
recordpath          ./tanh_0_FaultAnalysisNormal/record/
savepath            ./tanh_0_FaultAnalysisNormal/models/
loglevel            info


2024-09-12 13:58:07,343 - INFO -
Training network on device: cpu.

2024-09-12 13:58:07,343 - INFO -
Training setup: data_09_seeds_seed_07_epsilon_0.0_dropout_0.0_fault_ratio_0.0.model.

2024-09-12 13:58:07,343 - INFO -
{'dataname': 'seeds', 'N_feature': 7, 'N_class': 3, 'N_train': 124, 'N_valid': 41, 'N_test': 43}

2024-09-12 13:58:07,344 - INFO -
Training was already finished.

