2024-09-09 10:24:12,386 - INFO -
Configuration: 
gmin                0.01
gmax                10.0
T                   0.1
m                   0.3
type_nonlinear      normal
act                 tanh
ACT_R1n             12.7865
ACT_R2n             -3.1871
ACT_W1n             -10.4537
ACT_L1n             10.546
ACT_W2n             -5.8496
ACT_L2n             4.2337
S_R1n               -11.7481
S_R2n               -0.3905
S_W1n               -9.169
S_L1n               0.3913
S_W2n               7.2004
S_L2n               15.5558
ReLU_RHn            -1.9557
ReLU_RLn            -20.1581
ReLU_RDn            16.6486
ReLU_RBn            -14.3472
ReLU_Wn             16.655
ReLU_Ln             -21.7591
HS_Rn               -0.3766
HS_Wn               0.5192
HS_Ln               4.6293
NEG_R1n             -7.0846
NEG_R2n             -2.5695
NEG_R3n             16.1542
NEG_W1n             13.8696
NEG_L1n             2.7635
NEG_W2n             1.2674
NEG_L2n             -10.4803
NEG_W3n             -6.4386
NEG_L3n             5.1005
task                normal
DATASET             3
DataPath            ./dataset
InputNoise          0.0
IN_test             0.0
R_train             1
R_test              1
N_time              32
pathnorm            False
hidden              [3]
skipconnection      False
SEED                4
DEVICE              cpu
PATIENCE            500
EPOCH               10000000000
LR                  0.1
PROGRESSIVE         True
LR_PATIENCE         100
LR_DECAY            0.5
LR_MIN              0.0001
metric              acc
SoftEva             True
TIMELIMITATION      71
MODE                nominal
M_train             1
K_train             1
M_test              1
K_test              1
t_test_max          1
integration         MC
N_train             1
e_train             0.0
N_test              100
e_test              0.1
e_fault             2
fault_ratio         0.0
N_fault             50
e_fault_test        0
N_fault_test        50
dropout             0.0
lagrangian_loss     False
rho                 100
powerestimator      none
powerbalance        0.0
estimatorbalance    0.0
pgmin               1e-07
power_ratio         1000
lambda_P            100
areaestimator       none
areabalance         0.0
area_theta          0.15
area_act            30.0
area_neg            22.7
lambda_A            0.001
lnc                 False
projectname         tanh_0_FaultAnalysisNormal
temppath            ./tanh_0_FaultAnalysisNormal/temp/
logfilepath         ./tanh_0_FaultAnalysisNormal/log/
report_freq         10
recording           False
recordpath          ./tanh_0_FaultAnalysisNormal/record/
savepath            ./tanh_0_FaultAnalysisNormal/models/
loglevel            info


2024-09-09 10:24:12,387 - INFO -
Training network on device: cpu.

2024-09-09 10:24:12,387 - INFO -
Training setup: data_03_cardiotocography3clases_seed_04_epsilon_0.0_dropout_0.0_fault_ratio_0.0.model.

2024-09-09 10:24:12,387 - INFO -
{'dataname': 'cardiotocography3clases', 'N_feature': 21, 'N_class': 3, 'N_train': 397, 'N_valid': 127, 'N_test': 79}

2024-09-09 10:24:12,387 - INFO -
Topology of the network: [21, 3, 3].

2024-09-09 10:24:32,168 - INFO -
| Epoch:      0 | Train loss: 1.0980e+00 | Valid loss: 9.7271e-01 | Train acc: 0.7909 ± 0.0000 | Valid acc: 0.7402 ± 0.0000 | Valid Power: 0.0012 | Train Power: 0.0005 | patience:   0 | lr: 0.1 | Epoch time: 1.0 |

2024-09-09 10:24:34,367 - INFO -
| Epoch:     10 | Train loss: 6.6578e-01 | Valid loss: 7.5288e-01 | Train acc: 0.7909 ± 0.0000 | Valid acc: 0.7402 ± 0.0000 | Valid Power: 0.0016 | Train Power: 0.0016 | patience:   0 | lr: 0.1 | Epoch time: 0.2 |

2024-09-09 10:24:36,229 - INFO -
| Epoch:     20 | Train loss: 6.6203e-01 | Valid loss: 7.5324e-01 | Train acc: 0.7909 ± 0.0000 | Valid acc: 0.7402 ± 0.0000 | Valid Power: 0.0016 | Train Power: 0.0016 | patience:  10 | lr: 0.1 | Epoch time: 0.2 |

2024-09-09 10:24:38,087 - INFO -
| Epoch:     30 | Train loss: 6.6150e-01 | Valid loss: 7.5341e-01 | Train acc: 0.7909 ± 0.0000 | Valid acc: 0.7402 ± 0.0000 | Valid Power: 0.0016 | Train Power: 0.0016 | patience:  20 | lr: 0.1 | Epoch time: 0.2 |

2024-09-09 10:24:39,954 - INFO -
| Epoch:     40 | Train loss: 6.6133e-01 | Valid loss: 7.5347e-01 | Train acc: 0.7909 ± 0.0000 | Valid acc: 0.7402 ± 0.0000 | Valid Power: 0.0016 | Train Power: 0.0016 | patience:  30 | lr: 0.1 | Epoch time: 0.2 |

2024-09-09 10:24:41,908 - INFO -
| Epoch:     50 | Train loss: 6.6126e-01 | Valid loss: 7.5349e-01 | Train acc: 0.7909 ± 0.0000 | Valid acc: 0.7402 ± 0.0000 | Valid Power: 0.0016 | Train Power: 0.0016 | patience:  40 | lr: 0.1 | Epoch time: 0.2 |

2024-09-09 10:24:43,760 - INFO -
| Epoch:     60 | Train loss: 6.6121e-01 | Valid loss: 7.5351e-01 | Train acc: 0.7909 ± 0.0000 | Valid acc: 0.7402 ± 0.0000 | Valid Power: 0.0016 | Train Power: 0.0016 | patience:  50 | lr: 0.1 | Epoch time: 0.2 |

2024-09-09 10:24:45,630 - INFO -
| Epoch:     70 | Train loss: 6.6118e-01 | Valid loss: 7.5351e-01 | Train acc: 0.7909 ± 0.0000 | Valid acc: 0.7402 ± 0.0000 | Valid Power: 0.0016 | Train Power: 0.0016 | patience:  60 | lr: 0.1 | Epoch time: 0.2 |

2024-09-09 10:24:47,514 - INFO -
| Epoch:     80 | Train loss: 6.6115e-01 | Valid loss: 7.5352e-01 | Train acc: 0.7909 ± 0.0000 | Valid acc: 0.7402 ± 0.0000 | Valid Power: 0.0016 | Train Power: 0.0016 | patience:  70 | lr: 0.1 | Epoch time: 0.2 |

2024-09-09 10:24:49,357 - INFO -
| Epoch:     90 | Train loss: 6.6113e-01 | Valid loss: 7.5352e-01 | Train acc: 0.7909 ± 0.0000 | Valid acc: 0.7402 ± 0.0000 | Valid Power: 0.0016 | Train Power: 0.0016 | patience:  80 | lr: 0.1 | Epoch time: 0.2 |

2024-09-09 10:24:51,198 - INFO -
| Epoch:    100 | Train loss: 6.6110e-01 | Valid loss: 7.5353e-01 | Train acc: 0.7909 ± 0.0000 | Valid acc: 0.7402 ± 0.0000 | Valid Power: 0.0016 | Train Power: 0.0016 | patience:  90 | lr: 0.1 | Epoch time: 0.2 |

2024-09-09 10:24:53,056 - INFO -
| Epoch:    110 | Train loss: 6.6108e-01 | Valid loss: 7.5353e-01 | Train acc: 0.7909 ± 0.0000 | Valid acc: 0.7402 ± 0.0000 | Valid Power: 0.0016 | Train Power: 0.0016 | patience: 100 | lr: 0.1 | Epoch time: 0.2 |

2024-09-09 10:24:53,244 - INFO -
load best network to warm start training with lower lr.

2024-09-09 10:24:53,244 - INFO -
lr update to 0.05.

2024-09-09 10:24:54,930 - INFO -
| Epoch:    120 | Train loss: 6.6141e-01 | Valid loss: 7.5194e-01 | Train acc: 0.7909 ± 0.0000 | Valid acc: 0.7402 ± 0.0000 | Valid Power: 0.0016 | Train Power: 0.0016 | patience:   1 | lr: 0.05 | Epoch time: 0.2 |

2024-09-09 10:24:56,790 - INFO -
| Epoch:    130 | Train loss: 6.6060e-01 | Valid loss: 7.5169e-01 | Train acc: 0.7909 ± 0.0000 | Valid acc: 0.7402 ± 0.0000 | Valid Power: 0.0016 | Train Power: 0.0016 | patience:   0 | lr: 0.05 | Epoch time: 0.2 |

2024-09-09 10:24:58,668 - INFO -
| Epoch:    140 | Train loss: 6.5780e-01 | Valid loss: 7.2634e-01 | Train acc: 0.7909 ± 0.0000 | Valid acc: 0.7402 ± 0.0000 | Valid Power: 0.0016 | Train Power: 0.0016 | patience:   0 | lr: 0.05 | Epoch time: 0.2 |

2024-09-09 10:25:00,544 - INFO -
| Epoch:    150 | Train loss: 6.1000e-01 | Valid loss: 6.8398e-01 | Train acc: 0.7909 ± 0.0000 | Valid acc: 0.7402 ± 0.0000 | Valid Power: 0.0016 | Train Power: 0.0017 | patience:   0 | lr: 0.05 | Epoch time: 0.2 |

2024-09-09 10:25:02,418 - INFO -
| Epoch:    160 | Train loss: 5.9963e-01 | Valid loss: 6.6001e-01 | Train acc: 0.7909 ± 0.0000 | Valid acc: 0.7402 ± 0.0000 | Valid Power: 0.0016 | Train Power: 0.0016 | patience:   0 | lr: 0.05 | Epoch time: 0.2 |

2024-09-09 10:25:04,369 - INFO -
| Epoch:    170 | Train loss: 5.9291e-01 | Valid loss: 6.5285e-01 | Train acc: 0.8060 ± 0.0000 | Valid acc: 0.7638 ± 0.0000 | Valid Power: 0.0016 | Train Power: 0.0016 | patience:   0 | lr: 0.05 | Epoch time: 0.2 |

2024-09-09 10:25:06,234 - INFO -
| Epoch:    180 | Train loss: 5.7942e-01 | Valid loss: 6.6907e-01 | Train acc: 0.8262 ± 0.0000 | Valid acc: 0.7717 ± 0.0000 | Valid Power: 0.0016 | Train Power: 0.0016 | patience:   6 | lr: 0.05 | Epoch time: 0.2 |

2024-09-09 10:25:08,142 - INFO -
| Epoch:    190 | Train loss: 5.8804e-01 | Valid loss: 6.4280e-01 | Train acc: 0.8161 ± 0.0000 | Valid acc: 0.8110 ± 0.0000 | Valid Power: 0.0016 | Train Power: 0.0016 | patience:   0 | lr: 0.05 | Epoch time: 0.2 |

2024-09-09 10:25:09,998 - INFO -
| Epoch:    200 | Train loss: 5.7778e-01 | Valid loss: 6.5028e-01 | Train acc: 0.8363 ± 0.0000 | Valid acc: 0.8189 ± 0.0000 | Valid Power: 0.0016 | Train Power: 0.0016 | patience:  10 | lr: 0.05 | Epoch time: 0.2 |

2024-09-09 10:25:11,849 - INFO -
| Epoch:    210 | Train loss: 5.7310e-01 | Valid loss: 6.4206e-01 | Train acc: 0.8413 ± 0.0000 | Valid acc: 0.8110 ± 0.0000 | Valid Power: 0.0016 | Train Power: 0.0016 | patience:   4 | lr: 0.05 | Epoch time: 0.2 |

2024-09-09 10:25:13,719 - INFO -
| Epoch:    220 | Train loss: 5.6053e-01 | Valid loss: 6.2658e-01 | Train acc: 0.8413 ± 0.0000 | Valid acc: 0.8031 ± 0.0000 | Valid Power: 0.0016 | Train Power: 0.0016 | patience:   2 | lr: 0.05 | Epoch time: 0.2 |

2024-09-09 10:25:15,604 - INFO -
| Epoch:    230 | Train loss: 5.5061e-01 | Valid loss: 6.1313e-01 | Train acc: 0.8463 ± 0.0000 | Valid acc: 0.8189 ± 0.0000 | Valid Power: 0.0016 | Train Power: 0.0016 | patience:   5 | lr: 0.05 | Epoch time: 0.2 |

2024-09-09 10:25:17,469 - INFO -
| Epoch:    240 | Train loss: 5.4408e-01 | Valid loss: 6.0996e-01 | Train acc: 0.8514 ± 0.0000 | Valid acc: 0.8110 ± 0.0000 | Valid Power: 0.0016 | Train Power: 0.0016 | patience:   2 | lr: 0.05 | Epoch time: 0.2 |

2024-09-09 10:25:19,431 - INFO -
| Epoch:    250 | Train loss: 5.3780e-01 | Valid loss: 6.0322e-01 | Train acc: 0.8539 ± 0.0000 | Valid acc: 0.8189 ± 0.0000 | Valid Power: 0.0016 | Train Power: 0.0016 | patience:   0 | lr: 0.05 | Epoch time: 0.2 |

2024-09-09 10:25:21,358 - INFO -
| Epoch:    260 | Train loss: 5.3516e-01 | Valid loss: 6.1313e-01 | Train acc: 0.8539 ± 0.0000 | Valid acc: 0.8031 ± 0.0000 | Valid Power: 0.0016 | Train Power: 0.0016 | patience:   2 | lr: 0.05 | Epoch time: 0.2 |

2024-09-09 10:25:23,217 - INFO -
| Epoch:    270 | Train loss: 5.4668e-01 | Valid loss: 6.3809e-01 | Train acc: 0.8438 ± 0.0000 | Valid acc: 0.7795 ± 0.0000 | Valid Power: 0.0016 | Train Power: 0.0016 | patience:  12 | lr: 0.05 | Epoch time: 0.2 |

2024-09-09 10:25:25,073 - INFO -
| Epoch:    280 | Train loss: 5.4673e-01 | Valid loss: 6.4192e-01 | Train acc: 0.8438 ± 0.0000 | Valid acc: 0.7795 ± 0.0000 | Valid Power: 0.0016 | Train Power: 0.0016 | patience:  22 | lr: 0.05 | Epoch time: 0.2 |

2024-09-09 10:25:26,930 - INFO -
| Epoch:    290 | Train loss: 5.3945e-01 | Valid loss: 6.3943e-01 | Train acc: 0.8489 ± 0.0000 | Valid acc: 0.7795 ± 0.0000 | Valid Power: 0.0016 | Train Power: 0.0016 | patience:  32 | lr: 0.05 | Epoch time: 0.2 |

2024-09-09 10:25:28,787 - INFO -
| Epoch:    300 | Train loss: 5.3541e-01 | Valid loss: 6.2928e-01 | Train acc: 0.8489 ± 0.0000 | Valid acc: 0.7795 ± 0.0000 | Valid Power: 0.0016 | Train Power: 0.0016 | patience:  42 | lr: 0.05 | Epoch time: 0.2 |

2024-09-09 10:25:30,635 - INFO -
| Epoch:    310 | Train loss: 5.3117e-01 | Valid loss: 6.1382e-01 | Train acc: 0.8489 ± 0.0000 | Valid acc: 0.7953 ± 0.0000 | Valid Power: 0.0016 | Train Power: 0.0016 | patience:  52 | lr: 0.05 | Epoch time: 0.2 |

2024-09-09 10:25:32,493 - INFO -
| Epoch:    320 | Train loss: 5.3083e-01 | Valid loss: 6.1821e-01 | Train acc: 0.8489 ± 0.0000 | Valid acc: 0.7874 ± 0.0000 | Valid Power: 0.0016 | Train Power: 0.0016 | patience:  62 | lr: 0.05 | Epoch time: 0.2 |

2024-09-09 10:25:34,338 - INFO -
| Epoch:    330 | Train loss: 5.2769e-01 | Valid loss: 6.1157e-01 | Train acc: 0.8514 ± 0.0000 | Valid acc: 0.7953 ± 0.0000 | Valid Power: 0.0016 | Train Power: 0.0016 | patience:  72 | lr: 0.05 | Epoch time: 0.2 |

2024-09-09 10:25:36,185 - INFO -
| Epoch:    340 | Train loss: 5.2493e-01 | Valid loss: 6.1016e-01 | Train acc: 0.8539 ± 0.0000 | Valid acc: 0.7953 ± 0.0000 | Valid Power: 0.0017 | Train Power: 0.0016 | patience:  82 | lr: 0.05 | Epoch time: 0.2 |

2024-09-09 10:25:38,034 - INFO -
| Epoch:    350 | Train loss: 5.2628e-01 | Valid loss: 5.9961e-01 | Train acc: 0.8539 ± 0.0000 | Valid acc: 0.8110 ± 0.0000 | Valid Power: 0.0016 | Train Power: 0.0016 | patience:   1 | lr: 0.05 | Epoch time: 0.2 |

2024-09-09 10:25:39,890 - INFO -
| Epoch:    360 | Train loss: 5.2381e-01 | Valid loss: 5.9473e-01 | Train acc: 0.8564 ± 0.0000 | Valid acc: 0.8110 ± 0.0000 | Valid Power: 0.0016 | Train Power: 0.0016 | patience:   0 | lr: 0.05 | Epoch time: 0.2 |

2024-09-09 10:25:41,757 - INFO -
| Epoch:    370 | Train loss: 5.2340e-01 | Valid loss: 5.9596e-01 | Train acc: 0.8564 ± 0.0000 | Valid acc: 0.8110 ± 0.0000 | Valid Power: 0.0016 | Train Power: 0.0016 | patience:   6 | lr: 0.05 | Epoch time: 0.2 |

2024-09-09 10:25:43,616 - INFO -
| Epoch:    380 | Train loss: 5.2123e-01 | Valid loss: 5.9421e-01 | Train acc: 0.8589 ± 0.0000 | Valid acc: 0.8110 ± 0.0000 | Valid Power: 0.0016 | Train Power: 0.0016 | patience:  16 | lr: 0.05 | Epoch time: 0.2 |

2024-09-09 10:25:45,473 - INFO -
| Epoch:    390 | Train loss: 5.2194e-01 | Valid loss: 6.0556e-01 | Train acc: 0.8564 ± 0.0000 | Valid acc: 0.8031 ± 0.0000 | Valid Power: 0.0016 | Train Power: 0.0016 | patience:  26 | lr: 0.05 | Epoch time: 0.2 |

2024-09-09 10:25:47,418 - INFO -
| Epoch:    400 | Train loss: 5.2006e-01 | Valid loss: 5.9739e-01 | Train acc: 0.8589 ± 0.0000 | Valid acc: 0.8031 ± 0.0000 | Valid Power: 0.0016 | Train Power: 0.0016 | patience:  36 | lr: 0.05 | Epoch time: 0.2 |

2024-09-09 10:25:49,265 - INFO -
| Epoch:    410 | Train loss: 5.1908e-01 | Valid loss: 5.8796e-01 | Train acc: 0.8615 ± 0.0000 | Valid acc: 0.8189 ± 0.0000 | Valid Power: 0.0016 | Train Power: 0.0016 | patience:   0 | lr: 0.05 | Epoch time: 0.2 |

2024-09-09 10:25:51,114 - INFO -
| Epoch:    420 | Train loss: 5.1936e-01 | Valid loss: 5.8855e-01 | Train acc: 0.8615 ± 0.0000 | Valid acc: 0.8189 ± 0.0000 | Valid Power: 0.0016 | Train Power: 0.0016 | patience:   9 | lr: 0.05 | Epoch time: 0.2 |

2024-09-09 10:25:52,974 - INFO -
| Epoch:    430 | Train loss: 5.1836e-01 | Valid loss: 5.9616e-01 | Train acc: 0.8615 ± 0.0000 | Valid acc: 0.8110 ± 0.0000 | Valid Power: 0.0016 | Train Power: 0.0016 | patience:  19 | lr: 0.05 | Epoch time: 0.2 |

2024-09-09 10:25:54,820 - INFO -
| Epoch:    440 | Train loss: 5.2000e-01 | Valid loss: 5.9787e-01 | Train acc: 0.8589 ± 0.0000 | Valid acc: 0.8110 ± 0.0000 | Valid Power: 0.0017 | Train Power: 0.0017 | patience:  29 | lr: 0.05 | Epoch time: 0.2 |

2024-09-09 10:25:56,665 - INFO -
| Epoch:    450 | Train loss: 5.1986e-01 | Valid loss: 5.9916e-01 | Train acc: 0.8615 ± 0.0000 | Valid acc: 0.8110 ± 0.0000 | Valid Power: 0.0018 | Train Power: 0.0016 | patience:  39 | lr: 0.05 | Epoch time: 0.2 |

2024-09-09 10:25:58,511 - INFO -
| Epoch:    460 | Train loss: 5.4567e-01 | Valid loss: 6.1843e-01 | Train acc: 0.8413 ± 0.0000 | Valid acc: 0.8031 ± 0.0000 | Valid Power: 0.0017 | Train Power: 0.0016 | patience:  49 | lr: 0.05 | Epoch time: 0.2 |

2024-09-09 10:26:00,355 - INFO -
| Epoch:    470 | Train loss: 5.3269e-01 | Valid loss: 6.1547e-01 | Train acc: 0.8514 ± 0.0000 | Valid acc: 0.8031 ± 0.0000 | Valid Power: 0.0017 | Train Power: 0.0016 | patience:  59 | lr: 0.05 | Epoch time: 0.2 |

2024-09-09 10:26:02,199 - INFO -
| Epoch:    480 | Train loss: 5.4509e-01 | Valid loss: 6.5508e-01 | Train acc: 0.8413 ± 0.0000 | Valid acc: 0.7717 ± 0.0000 | Valid Power: 0.0016 | Train Power: 0.0016 | patience:  69 | lr: 0.05 | Epoch time: 0.2 |

2024-09-09 10:26:04,043 - INFO -
| Epoch:    490 | Train loss: 5.4096e-01 | Valid loss: 6.0005e-01 | Train acc: 0.8413 ± 0.0000 | Valid acc: 0.8110 ± 0.0000 | Valid Power: 0.0016 | Train Power: 0.0016 | patience:  79 | lr: 0.05 | Epoch time: 0.2 |

2024-09-09 10:26:05,891 - INFO -
| Epoch:    500 | Train loss: 5.3558e-01 | Valid loss: 6.0727e-01 | Train acc: 0.8388 ± 0.0000 | Valid acc: 0.7953 ± 0.0000 | Valid Power: 0.0016 | Train Power: 0.0016 | patience:  89 | lr: 0.05 | Epoch time: 0.2 |

2024-09-09 10:26:07,734 - INFO -
| Epoch:    510 | Train loss: 5.1926e-01 | Valid loss: 5.9356e-01 | Train acc: 0.8589 ± 0.0000 | Valid acc: 0.8110 ± 0.0000 | Valid Power: 0.0016 | Train Power: 0.0016 | patience:  99 | lr: 0.05 | Epoch time: 0.2 |

2024-09-09 10:26:08,107 - INFO -
load best network to warm start training with lower lr.

2024-09-09 10:26:08,108 - INFO -
lr update to 0.025.

2024-09-09 10:26:09,583 - INFO -
| Epoch:    520 | Train loss: 5.2210e-01 | Valid loss: 6.0051e-01 | Train acc: 0.8564 ± 0.0000 | Valid acc: 0.8031 ± 0.0000 | Valid Power: 0.0016 | Train Power: 0.0016 | patience:   8 | lr: 0.025 | Epoch time: 0.2 |

2024-09-09 10:26:11,524 - INFO -
| Epoch:    530 | Train loss: 5.1895e-01 | Valid loss: 5.9114e-01 | Train acc: 0.8615 ± 0.0000 | Valid acc: 0.8110 ± 0.0000 | Valid Power: 0.0016 | Train Power: 0.0016 | patience:  18 | lr: 0.025 | Epoch time: 0.2 |

2024-09-09 10:26:13,367 - INFO -
| Epoch:    540 | Train loss: 5.1893e-01 | Valid loss: 5.8955e-01 | Train acc: 0.8615 ± 0.0000 | Valid acc: 0.8189 ± 0.0000 | Valid Power: 0.0016 | Train Power: 0.0016 | patience:  28 | lr: 0.025 | Epoch time: 0.2 |

2024-09-09 10:26:15,213 - INFO -
| Epoch:    550 | Train loss: 5.1832e-01 | Valid loss: 5.9687e-01 | Train acc: 0.8615 ± 0.0000 | Valid acc: 0.8110 ± 0.0000 | Valid Power: 0.0017 | Train Power: 0.0018 | patience:  38 | lr: 0.025 | Epoch time: 0.2 |

2024-09-09 10:26:17,067 - INFO -
| Epoch:    560 | Train loss: 5.1771e-01 | Valid loss: 5.9633e-01 | Train acc: 0.8615 ± 0.0000 | Valid acc: 0.8110 ± 0.0000 | Valid Power: 0.0040 | Train Power: 0.0016 | patience:  48 | lr: 0.025 | Epoch time: 0.2 |

2024-09-09 10:26:18,961 - INFO -
| Epoch:    570 | Train loss: 5.1815e-01 | Valid loss: 5.9726e-01 | Train acc: 0.8615 ± 0.0000 | Valid acc: 0.8110 ± 0.0000 | Valid Power: 0.0023 | Train Power: 0.0019 | patience:  58 | lr: 0.025 | Epoch time: 0.2 |

2024-09-09 10:26:20,863 - INFO -
| Epoch:    580 | Train loss: 5.1768e-01 | Valid loss: 5.9771e-01 | Train acc: 0.8615 ± 0.0000 | Valid acc: 0.8110 ± 0.0000 | Valid Power: 0.0018 | Train Power: 0.0017 | patience:  68 | lr: 0.025 | Epoch time: 0.2 |

2024-09-09 10:26:22,787 - INFO -
| Epoch:    590 | Train loss: 5.1764e-01 | Valid loss: 6.0503e-01 | Train acc: 0.8615 ± 0.0000 | Valid acc: 0.8031 ± 0.0000 | Valid Power: 0.0019 | Train Power: 0.0019 | patience:  78 | lr: 0.025 | Epoch time: 0.2 |

2024-09-09 10:26:24,654 - INFO -
| Epoch:    600 | Train loss: 5.3623e-01 | Valid loss: 6.0691e-01 | Train acc: 0.8438 ± 0.0000 | Valid acc: 0.7953 ± 0.0000 | Valid Power: 0.0020 | Train Power: 0.0020 | patience:  88 | lr: 0.025 | Epoch time: 0.2 |

2024-09-09 10:26:26,627 - INFO -
| Epoch:    610 | Train loss: 5.2341e-01 | Valid loss: 5.9459e-01 | Train acc: 0.8564 ± 0.0000 | Valid acc: 0.8110 ± 0.0000 | Valid Power: 0.0020 | Train Power: 0.0020 | patience:  98 | lr: 0.025 | Epoch time: 0.2 |

2024-09-09 10:26:27,202 - INFO -
load best network to warm start training with lower lr.

2024-09-09 10:26:27,202 - INFO -
lr update to 0.0125.

2024-09-09 10:26:28,500 - INFO -
| Epoch:    620 | Train loss: 5.2284e-01 | Valid loss: 5.9083e-01 | Train acc: 0.8564 ± 0.0000 | Valid acc: 0.8110 ± 0.0000 | Valid Power: 0.0016 | Train Power: 0.0017 | patience:   7 | lr: 0.0125 | Epoch time: 0.2 |

2024-09-09 10:26:30,348 - INFO -
| Epoch:    630 | Train loss: 5.2157e-01 | Valid loss: 5.8772e-01 | Train acc: 0.8589 ± 0.0000 | Valid acc: 0.8189 ± 0.0000 | Valid Power: 0.0016 | Train Power: 0.0016 | patience:  17 | lr: 0.0125 | Epoch time: 0.2 |

2024-09-09 10:26:32,197 - INFO -
| Epoch:    640 | Train loss: 5.1884e-01 | Valid loss: 5.9455e-01 | Train acc: 0.8615 ± 0.0000 | Valid acc: 0.8110 ± 0.0000 | Valid Power: 0.0016 | Train Power: 0.0016 | patience:  27 | lr: 0.0125 | Epoch time: 0.2 |

2024-09-09 10:26:34,041 - INFO -
| Epoch:    650 | Train loss: 5.1875e-01 | Valid loss: 5.9507e-01 | Train acc: 0.8615 ± 0.0000 | Valid acc: 0.8110 ± 0.0000 | Valid Power: 0.0017 | Train Power: 0.0018 | patience:  37 | lr: 0.0125 | Epoch time: 0.2 |

2024-09-09 10:26:35,879 - INFO -
| Epoch:    660 | Train loss: 5.1842e-01 | Valid loss: 5.9637e-01 | Train acc: 0.8615 ± 0.0000 | Valid acc: 0.8110 ± 0.0000 | Valid Power: 0.0016 | Train Power: 0.0016 | patience:  47 | lr: 0.0125 | Epoch time: 0.2 |

2024-09-09 10:26:37,753 - INFO -
| Epoch:    670 | Train loss: 5.1798e-01 | Valid loss: 5.9833e-01 | Train acc: 0.8615 ± 0.0000 | Valid acc: 0.8031 ± 0.0000 | Valid Power: 0.0016 | Train Power: 0.0016 | patience:  57 | lr: 0.0125 | Epoch time: 0.2 |

2024-09-09 10:26:39,593 - INFO -
| Epoch:    680 | Train loss: 5.1783e-01 | Valid loss: 6.0250e-01 | Train acc: 0.8615 ± 0.0000 | Valid acc: 0.8031 ± 0.0000 | Valid Power: 0.0016 | Train Power: 0.0016 | patience:  67 | lr: 0.0125 | Epoch time: 0.2 |

2024-09-09 10:26:41,437 - INFO -
| Epoch:    690 | Train loss: 5.1766e-01 | Valid loss: 6.0114e-01 | Train acc: 0.8615 ± 0.0000 | Valid acc: 0.8031 ± 0.0000 | Valid Power: 0.0017 | Train Power: 0.0018 | patience:  77 | lr: 0.0125 | Epoch time: 0.2 |

2024-09-09 10:26:43,288 - INFO -
| Epoch:    700 | Train loss: 5.1757e-01 | Valid loss: 6.0316e-01 | Train acc: 0.8615 ± 0.0000 | Valid acc: 0.8031 ± 0.0000 | Valid Power: 0.0017 | Train Power: 0.0017 | patience:  87 | lr: 0.0125 | Epoch time: 0.2 |

2024-09-09 10:26:45,158 - INFO -
| Epoch:    710 | Train loss: 5.1752e-01 | Valid loss: 6.0280e-01 | Train acc: 0.8615 ± 0.0000 | Valid acc: 0.8031 ± 0.0000 | Valid Power: 0.0018 | Train Power: 0.0018 | patience:  97 | lr: 0.0125 | Epoch time: 0.2 |

2024-09-09 10:26:45,909 - INFO -
load best network to warm start training with lower lr.

2024-09-09 10:26:45,909 - INFO -
lr update to 0.00625.

2024-09-09 10:26:47,041 - INFO -
| Epoch:    720 | Train loss: 5.1896e-01 | Valid loss: 5.9178e-01 | Train acc: 0.8615 ± 0.0000 | Valid acc: 0.8110 ± 0.0000 | Valid Power: 0.0016 | Train Power: 0.0016 | patience:   6 | lr: 0.00625 | Epoch time: 0.2 |

2024-09-09 10:26:48,925 - INFO -
| Epoch:    730 | Train loss: 5.1883e-01 | Valid loss: 5.9672e-01 | Train acc: 0.8615 ± 0.0000 | Valid acc: 0.8110 ± 0.0000 | Valid Power: 0.0016 | Train Power: 0.0016 | patience:  16 | lr: 0.00625 | Epoch time: 0.2 |

2024-09-09 10:26:50,781 - INFO -
| Epoch:    740 | Train loss: 5.1848e-01 | Valid loss: 5.9602e-01 | Train acc: 0.8615 ± 0.0000 | Valid acc: 0.8110 ± 0.0000 | Valid Power: 0.0016 | Train Power: 0.0016 | patience:  26 | lr: 0.00625 | Epoch time: 0.2 |

2024-09-09 10:26:52,697 - INFO -
| Epoch:    750 | Train loss: 5.1810e-01 | Valid loss: 6.0175e-01 | Train acc: 0.8615 ± 0.0000 | Valid acc: 0.8031 ± 0.0000 | Valid Power: 0.0016 | Train Power: 0.0016 | patience:  36 | lr: 0.00625 | Epoch time: 0.2 |

2024-09-09 10:26:54,479 - INFO -
| Epoch:    760 | Train loss: 5.1796e-01 | Valid loss: 6.0208e-01 | Train acc: 0.8615 ± 0.0000 | Valid acc: 0.8031 ± 0.0000 | Valid Power: 0.0017 | Train Power: 0.0017 | patience:  46 | lr: 0.00625 | Epoch time: 0.2 |

2024-09-09 10:26:56,249 - INFO -
| Epoch:    770 | Train loss: 5.1780e-01 | Valid loss: 6.0269e-01 | Train acc: 0.8615 ± 0.0000 | Valid acc: 0.8031 ± 0.0000 | Valid Power: 0.0017 | Train Power: 0.0017 | patience:  56 | lr: 0.00625 | Epoch time: 0.2 |

2024-09-09 10:26:58,018 - INFO -
| Epoch:    780 | Train loss: 5.1768e-01 | Valid loss: 6.0300e-01 | Train acc: 0.8615 ± 0.0000 | Valid acc: 0.8031 ± 0.0000 | Valid Power: 0.0017 | Train Power: 0.0017 | patience:  66 | lr: 0.00625 | Epoch time: 0.2 |

2024-09-09 10:26:59,782 - INFO -
| Epoch:    790 | Train loss: 5.1763e-01 | Valid loss: 6.0296e-01 | Train acc: 0.8615 ± 0.0000 | Valid acc: 0.8031 ± 0.0000 | Valid Power: 0.0017 | Train Power: 0.0017 | patience:  76 | lr: 0.00625 | Epoch time: 0.2 |

2024-09-09 10:27:01,551 - INFO -
| Epoch:    800 | Train loss: 5.1760e-01 | Valid loss: 6.0280e-01 | Train acc: 0.8615 ± 0.0000 | Valid acc: 0.8031 ± 0.0000 | Valid Power: 0.0017 | Train Power: 0.0017 | patience:  86 | lr: 0.00625 | Epoch time: 0.2 |

2024-09-09 10:27:03,308 - INFO -
| Epoch:    810 | Train loss: 5.1757e-01 | Valid loss: 6.0257e-01 | Train acc: 0.8615 ± 0.0000 | Valid acc: 0.8031 ± 0.0000 | Valid Power: 0.0017 | Train Power: 0.0017 | patience:  96 | lr: 0.00625 | Epoch time: 0.2 |

2024-09-09 10:27:04,179 - INFO -
load best network to warm start training with lower lr.

2024-09-09 10:27:04,180 - INFO -
lr update to 0.003125.

2024-09-09 10:27:05,048 - INFO -
| Epoch:    820 | Train loss: 5.1920e-01 | Valid loss: 6.0059e-01 | Train acc: 0.8615 ± 0.0000 | Valid acc: 0.8031 ± 0.0000 | Valid Power: 0.0016 | Train Power: 0.0016 | patience:   5 | lr: 0.003125 | Epoch time: 0.2 |

2024-09-09 10:27:06,782 - INFO -
| Epoch:    830 | Train loss: 5.1885e-01 | Valid loss: 5.9374e-01 | Train acc: 0.8615 ± 0.0000 | Valid acc: 0.8110 ± 0.0000 | Valid Power: 0.0016 | Train Power: 0.0016 | patience:  15 | lr: 0.003125 | Epoch time: 0.2 |

2024-09-09 10:27:08,512 - INFO -
| Epoch:    840 | Train loss: 5.1848e-01 | Valid loss: 5.9695e-01 | Train acc: 0.8615 ± 0.0000 | Valid acc: 0.8110 ± 0.0000 | Valid Power: 0.0016 | Train Power: 0.0016 | patience:  25 | lr: 0.003125 | Epoch time: 0.2 |

2024-09-09 10:27:10,232 - INFO -
| Epoch:    850 | Train loss: 5.1824e-01 | Valid loss: 5.9838e-01 | Train acc: 0.8615 ± 0.0000 | Valid acc: 0.8110 ± 0.0000 | Valid Power: 0.0018 | Train Power: 0.0019 | patience:  35 | lr: 0.003125 | Epoch time: 0.2 |

2024-09-09 10:27:11,957 - INFO -
| Epoch:    860 | Train loss: 5.1808e-01 | Valid loss: 6.0249e-01 | Train acc: 0.8615 ± 0.0000 | Valid acc: 0.8031 ± 0.0000 | Valid Power: 0.0016 | Train Power: 0.0016 | patience:  45 | lr: 0.003125 | Epoch time: 0.2 |

2024-09-09 10:27:13,672 - INFO -
| Epoch:    870 | Train loss: 5.1797e-01 | Valid loss: 6.0207e-01 | Train acc: 0.8615 ± 0.0000 | Valid acc: 0.8031 ± 0.0000 | Valid Power: 0.0016 | Train Power: 0.0016 | patience:  55 | lr: 0.003125 | Epoch time: 0.2 |

2024-09-09 10:27:15,488 - INFO -
| Epoch:    880 | Train loss: 5.1787e-01 | Valid loss: 6.0240e-01 | Train acc: 0.8615 ± 0.0000 | Valid acc: 0.8031 ± 0.0000 | Valid Power: 0.0017 | Train Power: 0.0016 | patience:  65 | lr: 0.003125 | Epoch time: 0.2 |

2024-09-09 10:27:17,231 - INFO -
| Epoch:    890 | Train loss: 5.1779e-01 | Valid loss: 6.0301e-01 | Train acc: 0.8615 ± 0.0000 | Valid acc: 0.8031 ± 0.0000 | Valid Power: 0.0017 | Train Power: 0.0017 | patience:  75 | lr: 0.003125 | Epoch time: 0.2 |

2024-09-09 10:27:18,955 - INFO -
| Epoch:    900 | Train loss: 5.1773e-01 | Valid loss: 6.0286e-01 | Train acc: 0.8615 ± 0.0000 | Valid acc: 0.8031 ± 0.0000 | Valid Power: 0.0017 | Train Power: 0.0017 | patience:  85 | lr: 0.003125 | Epoch time: 0.2 |

2024-09-09 10:27:20,684 - INFO -
| Epoch:    910 | Train loss: 5.1769e-01 | Valid loss: 6.0276e-01 | Train acc: 0.8615 ± 0.0000 | Valid acc: 0.8031 ± 0.0000 | Valid Power: 0.0017 | Train Power: 0.0017 | patience:  95 | lr: 0.003125 | Epoch time: 0.2 |

2024-09-09 10:27:21,748 - INFO -
load best network to warm start training with lower lr.

2024-09-09 10:27:21,748 - INFO -
lr update to 0.0015625.

2024-09-09 10:27:22,439 - INFO -
| Epoch:    920 | Train loss: 5.1919e-01 | Valid loss: 5.9324e-01 | Train acc: 0.8615 ± 0.0000 | Valid acc: 0.8110 ± 0.0000 | Valid Power: 0.0016 | Train Power: 0.0016 | patience:   4 | lr: 0.0015625 | Epoch time: 0.2 |

2024-09-09 10:27:24,164 - INFO -
| Epoch:    930 | Train loss: 5.1899e-01 | Valid loss: 5.9813e-01 | Train acc: 0.8615 ± 0.0000 | Valid acc: 0.8031 ± 0.0000 | Valid Power: 0.0016 | Train Power: 0.0016 | patience:  14 | lr: 0.0015625 | Epoch time: 0.2 |

2024-09-09 10:27:25,889 - INFO -
| Epoch:    940 | Train loss: 5.1870e-01 | Valid loss: 5.9470e-01 | Train acc: 0.8615 ± 0.0000 | Valid acc: 0.8110 ± 0.0000 | Valid Power: 0.0016 | Train Power: 0.0016 | patience:  24 | lr: 0.0015625 | Epoch time: 0.2 |

2024-09-09 10:27:27,612 - INFO -
| Epoch:    950 | Train loss: 5.1849e-01 | Valid loss: 5.9583e-01 | Train acc: 0.8615 ± 0.0000 | Valid acc: 0.8110 ± 0.0000 | Valid Power: 0.0018 | Train Power: 0.0018 | patience:  34 | lr: 0.0015625 | Epoch time: 0.2 |

2024-09-09 10:27:29,433 - INFO -
| Epoch:    960 | Train loss: 5.1830e-01 | Valid loss: 5.9885e-01 | Train acc: 0.8615 ± 0.0000 | Valid acc: 0.8031 ± 0.0000 | Valid Power: 0.0016 | Train Power: 0.0016 | patience:  44 | lr: 0.0015625 | Epoch time: 0.2 |

2024-09-09 10:27:31,163 - INFO -
| Epoch:    970 | Train loss: 5.1821e-01 | Valid loss: 6.0160e-01 | Train acc: 0.8615 ± 0.0000 | Valid acc: 0.8031 ± 0.0000 | Valid Power: 0.0016 | Train Power: 0.0016 | patience:  54 | lr: 0.0015625 | Epoch time: 0.2 |

2024-09-09 10:27:32,890 - INFO -
| Epoch:    980 | Train loss: 5.1813e-01 | Valid loss: 6.0154e-01 | Train acc: 0.8615 ± 0.0000 | Valid acc: 0.8031 ± 0.0000 | Valid Power: 0.0017 | Train Power: 0.0017 | patience:  64 | lr: 0.0015625 | Epoch time: 0.2 |

2024-09-09 10:27:34,616 - INFO -
| Epoch:    990 | Train loss: 5.1807e-01 | Valid loss: 6.0155e-01 | Train acc: 0.8615 ± 0.0000 | Valid acc: 0.8031 ± 0.0000 | Valid Power: 0.0017 | Train Power: 0.0017 | patience:  74 | lr: 0.0015625 | Epoch time: 0.2 |

2024-09-09 10:27:36,342 - INFO -
| Epoch:   1000 | Train loss: 5.1800e-01 | Valid loss: 6.0208e-01 | Train acc: 0.8615 ± 0.0000 | Valid acc: 0.8031 ± 0.0000 | Valid Power: 0.0018 | Train Power: 0.0018 | patience:  84 | lr: 0.0015625 | Epoch time: 0.2 |

2024-09-09 10:27:38,065 - INFO -
| Epoch:   1010 | Train loss: 5.1794e-01 | Valid loss: 6.0249e-01 | Train acc: 0.8615 ± 0.0000 | Valid acc: 0.8031 ± 0.0000 | Valid Power: 0.0018 | Train Power: 0.0018 | patience:  94 | lr: 0.0015625 | Epoch time: 0.2 |

2024-09-09 10:27:39,263 - INFO -
load best network to warm start training with lower lr.

2024-09-09 10:27:39,263 - INFO -
lr update to 0.00078125.

2024-09-09 10:27:39,740 - INFO -
| Epoch:   1020 | Train loss: 5.1945e-01 | Valid loss: 5.8775e-01 | Train acc: 0.8615 ± 0.0000 | Valid acc: 0.8189 ± 0.0000 | Valid Power: 0.0016 | Train Power: 0.0016 | patience:   3 | lr: 0.00078125 | Epoch time: 0.2 |

2024-09-09 10:27:41,328 - INFO -
| Epoch:   1030 | Train loss: 5.1904e-01 | Valid loss: 5.9404e-01 | Train acc: 0.8615 ± 0.0000 | Valid acc: 0.8110 ± 0.0000 | Valid Power: 0.0016 | Train Power: 0.0016 | patience:  13 | lr: 0.00078125 | Epoch time: 0.2 |

2024-09-09 10:27:42,913 - INFO -
| Epoch:   1040 | Train loss: 5.1892e-01 | Valid loss: 5.9574e-01 | Train acc: 0.8615 ± 0.0000 | Valid acc: 0.8110 ± 0.0000 | Valid Power: 0.0016 | Train Power: 0.0016 | patience:  23 | lr: 0.00078125 | Epoch time: 0.2 |

2024-09-09 10:27:44,505 - INFO -
| Epoch:   1050 | Train loss: 5.1879e-01 | Valid loss: 5.9575e-01 | Train acc: 0.8615 ± 0.0000 | Valid acc: 0.8110 ± 0.0000 | Valid Power: 0.0016 | Train Power: 0.0016 | patience:  33 | lr: 0.00078125 | Epoch time: 0.2 |

2024-09-09 10:27:46,100 - INFO -
| Epoch:   1060 | Train loss: 5.1867e-01 | Valid loss: 5.9530e-01 | Train acc: 0.8615 ± 0.0000 | Valid acc: 0.8110 ± 0.0000 | Valid Power: 0.0016 | Train Power: 0.0016 | patience:  43 | lr: 0.00078125 | Epoch time: 0.2 |

2024-09-09 10:27:47,690 - INFO -
| Epoch:   1070 | Train loss: 5.1855e-01 | Valid loss: 5.9583e-01 | Train acc: 0.8615 ± 0.0000 | Valid acc: 0.8110 ± 0.0000 | Valid Power: 0.0016 | Train Power: 0.0016 | patience:  53 | lr: 0.00078125 | Epoch time: 0.2 |

2024-09-09 10:27:49,274 - INFO -
| Epoch:   1080 | Train loss: 5.1844e-01 | Valid loss: 5.9695e-01 | Train acc: 0.8615 ± 0.0000 | Valid acc: 0.8110 ± 0.0000 | Valid Power: 0.0016 | Train Power: 0.0016 | patience:  63 | lr: 0.00078125 | Epoch time: 0.2 |

2024-09-09 10:27:50,854 - INFO -
| Epoch:   1090 | Train loss: 5.1834e-01 | Valid loss: 5.9768e-01 | Train acc: 0.8615 ± 0.0000 | Valid acc: 0.8110 ± 0.0000 | Valid Power: 0.0016 | Train Power: 0.0016 | patience:  73 | lr: 0.00078125 | Epoch time: 0.2 |

2024-09-09 10:27:52,534 - INFO -
| Epoch:   1100 | Train loss: 5.1827e-01 | Valid loss: 5.9986e-01 | Train acc: 0.8615 ± 0.0000 | Valid acc: 0.8031 ± 0.0000 | Valid Power: 0.0016 | Train Power: 0.0016 | patience:  83 | lr: 0.00078125 | Epoch time: 0.2 |

2024-09-09 10:27:54,121 - INFO -
| Epoch:   1110 | Train loss: 5.1822e-01 | Valid loss: 6.0086e-01 | Train acc: 0.8615 ± 0.0000 | Valid acc: 0.8031 ± 0.0000 | Valid Power: 0.0016 | Train Power: 0.0016 | patience:  93 | lr: 0.00078125 | Epoch time: 0.2 |

2024-09-09 10:27:55,389 - INFO -
load best network to warm start training with lower lr.

2024-09-09 10:27:55,389 - INFO -
lr update to 0.000390625.

2024-09-09 10:27:55,707 - INFO -
| Epoch:   1120 | Train loss: 5.1975e-01 | Valid loss: 5.8719e-01 | Train acc: 0.8615 ± 0.0000 | Valid acc: 0.8189 ± 0.0000 | Valid Power: 0.0016 | Train Power: 0.0016 | patience:   2 | lr: 0.000390625 | Epoch time: 0.2 |

2024-09-09 10:27:57,292 - INFO -
| Epoch:   1130 | Train loss: 5.1925e-01 | Valid loss: 5.8969e-01 | Train acc: 0.8615 ± 0.0000 | Valid acc: 0.8189 ± 0.0000 | Valid Power: 0.0016 | Train Power: 0.0016 | patience:  12 | lr: 0.000390625 | Epoch time: 0.2 |

2024-09-09 10:27:58,873 - INFO -
| Epoch:   1140 | Train loss: 5.1909e-01 | Valid loss: 5.9348e-01 | Train acc: 0.8615 ± 0.0000 | Valid acc: 0.8110 ± 0.0000 | Valid Power: 0.0016 | Train Power: 0.0016 | patience:  22 | lr: 0.000390625 | Epoch time: 0.2 |

2024-09-09 10:28:00,458 - INFO -
| Epoch:   1150 | Train loss: 5.1899e-01 | Valid loss: 5.9416e-01 | Train acc: 0.8615 ± 0.0000 | Valid acc: 0.8110 ± 0.0000 | Valid Power: 0.0016 | Train Power: 0.0016 | patience:  32 | lr: 0.000390625 | Epoch time: 0.2 |

2024-09-09 10:28:02,048 - INFO -
| Epoch:   1160 | Train loss: 5.1891e-01 | Valid loss: 5.9467e-01 | Train acc: 0.8615 ± 0.0000 | Valid acc: 0.8110 ± 0.0000 | Valid Power: 0.0016 | Train Power: 0.0016 | patience:  42 | lr: 0.000390625 | Epoch time: 0.2 |

2024-09-09 10:28:03,637 - INFO -
| Epoch:   1170 | Train loss: 5.1884e-01 | Valid loss: 5.9508e-01 | Train acc: 0.8615 ± 0.0000 | Valid acc: 0.8110 ± 0.0000 | Valid Power: 0.0016 | Train Power: 0.0016 | patience:  52 | lr: 0.000390625 | Epoch time: 0.2 |

2024-09-09 10:28:05,237 - INFO -
| Epoch:   1180 | Train loss: 5.1878e-01 | Valid loss: 5.9531e-01 | Train acc: 0.8615 ± 0.0000 | Valid acc: 0.8110 ± 0.0000 | Valid Power: 0.0016 | Train Power: 0.0016 | patience:  62 | lr: 0.000390625 | Epoch time: 0.2 |

2024-09-09 10:28:06,840 - INFO -
| Epoch:   1190 | Train loss: 5.1871e-01 | Valid loss: 5.9543e-01 | Train acc: 0.8615 ± 0.0000 | Valid acc: 0.8110 ± 0.0000 | Valid Power: 0.0016 | Train Power: 0.0016 | patience:  72 | lr: 0.000390625 | Epoch time: 0.2 |

2024-09-09 10:28:08,427 - INFO -
| Epoch:   1200 | Train loss: 5.1865e-01 | Valid loss: 5.9560e-01 | Train acc: 0.8615 ± 0.0000 | Valid acc: 0.8110 ± 0.0000 | Valid Power: 0.0016 | Train Power: 0.0016 | patience:  82 | lr: 0.000390625 | Epoch time: 0.2 |

2024-09-09 10:28:10,109 - INFO -
| Epoch:   1210 | Train loss: 5.1859e-01 | Valid loss: 5.9588e-01 | Train acc: 0.8615 ± 0.0000 | Valid acc: 0.8110 ± 0.0000 | Valid Power: 0.0016 | Train Power: 0.0016 | patience:  92 | lr: 0.000390625 | Epoch time: 0.2 |

2024-09-09 10:28:12,025 - INFO -
load best network to warm start training with lower lr.

2024-09-09 10:28:12,025 - INFO -
lr update to 0.0001953125.

2024-09-09 10:28:12,237 - INFO -
| Epoch:   1220 | Train loss: 5.2008e-01 | Valid loss: 5.8703e-01 | Train acc: 0.8615 ± 0.0000 | Valid acc: 0.8189 ± 0.0000 | Valid Power: 0.0016 | Train Power: 0.0016 | patience:   1 | lr: 0.0001953125 | Epoch time: 0.2 |

2024-09-09 10:28:14,427 - INFO -
| Epoch:   1230 | Train loss: 5.1942e-01 | Valid loss: 5.8760e-01 | Train acc: 0.8615 ± 0.0000 | Valid acc: 0.8189 ± 0.0000 | Valid Power: 0.0016 | Train Power: 0.0016 | patience:  11 | lr: 0.0001953125 | Epoch time: 0.2 |

2024-09-09 10:28:16,558 - INFO -
| Epoch:   1240 | Train loss: 5.1928e-01 | Valid loss: 5.8859e-01 | Train acc: 0.8615 ± 0.0000 | Valid acc: 0.8189 ± 0.0000 | Valid Power: 0.0016 | Train Power: 0.0016 | patience:  21 | lr: 0.0001953125 | Epoch time: 0.2 |

2024-09-09 10:28:18,702 - INFO -
| Epoch:   1250 | Train loss: 5.1919e-01 | Valid loss: 5.9073e-01 | Train acc: 0.8615 ± 0.0000 | Valid acc: 0.8110 ± 0.0000 | Valid Power: 0.0016 | Train Power: 0.0016 | patience:  31 | lr: 0.0001953125 | Epoch time: 0.2 |

2024-09-09 10:28:20,812 - INFO -
| Epoch:   1260 | Train loss: 5.1912e-01 | Valid loss: 5.9274e-01 | Train acc: 0.8615 ± 0.0000 | Valid acc: 0.8110 ± 0.0000 | Valid Power: 0.0016 | Train Power: 0.0016 | patience:  41 | lr: 0.0001953125 | Epoch time: 0.2 |

2024-09-09 10:28:22,974 - INFO -
| Epoch:   1270 | Train loss: 5.1906e-01 | Valid loss: 5.9347e-01 | Train acc: 0.8615 ± 0.0000 | Valid acc: 0.8110 ± 0.0000 | Valid Power: 0.0016 | Train Power: 0.0016 | patience:  51 | lr: 0.0001953125 | Epoch time: 0.2 |

2024-09-09 10:28:25,090 - INFO -
| Epoch:   1280 | Train loss: 5.1901e-01 | Valid loss: 5.9380e-01 | Train acc: 0.8615 ± 0.0000 | Valid acc: 0.8110 ± 0.0000 | Valid Power: 0.0016 | Train Power: 0.0016 | patience:  61 | lr: 0.0001953125 | Epoch time: 0.2 |

2024-09-09 10:28:27,210 - INFO -
| Epoch:   1290 | Train loss: 5.1896e-01 | Valid loss: 5.9406e-01 | Train acc: 0.8615 ± 0.0000 | Valid acc: 0.8110 ± 0.0000 | Valid Power: 0.0016 | Train Power: 0.0016 | patience:  71 | lr: 0.0001953125 | Epoch time: 0.2 |

2024-09-09 10:28:29,322 - INFO -
| Epoch:   1300 | Train loss: 5.1891e-01 | Valid loss: 5.9429e-01 | Train acc: 0.8615 ± 0.0000 | Valid acc: 0.8110 ± 0.0000 | Valid Power: 0.0016 | Train Power: 0.0016 | patience:  81 | lr: 0.0001953125 | Epoch time: 0.2 |

2024-09-09 10:28:31,537 - INFO -
| Epoch:   1310 | Train loss: 5.1887e-01 | Valid loss: 5.9452e-01 | Train acc: 0.8615 ± 0.0000 | Valid acc: 0.8110 ± 0.0000 | Valid Power: 0.0016 | Train Power: 0.0016 | patience:  91 | lr: 0.0001953125 | Epoch time: 0.2 |

2024-09-09 10:28:33,636 - INFO -
load best network to warm start training with lower lr.

2024-09-09 10:28:33,636 - INFO -
lr update to 9.765625e-05.

2024-09-09 10:28:33,636 - INFO -
Early stop.

2024-09-09 10:28:33,645 - INFO -
Training if finished.

2024-09-11 15:04:06,604 - INFO -
Configuration: 
gmin                0.01
gmax                10.0
T                   0.1
m                   0.3
type_nonlinear      normal
act                 tanh
ACT_R1n             12.7865
ACT_R2n             -3.1871
ACT_W1n             -10.4537
ACT_L1n             10.546
ACT_W2n             -5.8496
ACT_L2n             4.2337
S_R1n               -11.7481
S_R2n               -0.3905
S_W1n               -9.169
S_L1n               0.3913
S_W2n               7.2004
S_L2n               15.5558
ReLU_RHn            -1.9557
ReLU_RLn            -20.1581
ReLU_RDn            16.6486
ReLU_RBn            -14.3472
ReLU_Wn             16.655
ReLU_Ln             -21.7591
HS_Rn               -0.3766
HS_Wn               0.5192
HS_Ln               4.6293
NEG_R1n             -7.0846
NEG_R2n             -2.5695
NEG_R3n             16.1542
NEG_W1n             13.8696
NEG_L1n             2.7635
NEG_W2n             1.2674
NEG_L2n             -10.4803
NEG_W3n             -6.4386
NEG_L3n             5.1005
task                normal
DATASET             3
DataPath            ./dataset
InputNoise          0.0
IN_test             0.0
R_train             1
R_test              1
N_time              32
pathnorm            False
hidden              [3]
skipconnection      False
SEED                4
DEVICE              cpu
PATIENCE            500
EPOCH               10000000000
LR                  0.1
PROGRESSIVE         True
LR_PATIENCE         100
LR_DECAY            0.5
LR_MIN              0.0001
metric              acc
SoftEva             True
TIMELIMITATION      71
MODE                nominal
M_train             1
K_train             1
M_test              1
K_test              1
t_test_max          1
integration         MC
N_train             1
e_train             0.0
N_test              100
e_test              0.1
e_fault             2
fault_ratio         0.0
N_fault             50
e_fault_test        0
N_fault_test        50
dropout             0.0
lagrangian_loss     False
rho                 100
powerestimator      none
powerbalance        0.0
estimatorbalance    0.0
pgmin               1e-07
power_ratio         1000
lambda_P            100
areaestimator       none
areabalance         0.0
area_theta          0.15
area_act            30.0
area_neg            22.7
lambda_A            0.001
lnc                 False
projectname         tanh_0_FaultAnalysisNormal
temppath            ./tanh_0_FaultAnalysisNormal/temp/
logfilepath         ./tanh_0_FaultAnalysisNormal/log/
report_freq         10
recording           False
recordpath          ./tanh_0_FaultAnalysisNormal/record/
savepath            ./tanh_0_FaultAnalysisNormal/models/
loglevel            info


2024-09-11 15:04:06,621 - INFO -
Training network on device: cpu.

2024-09-11 15:04:06,621 - INFO -
Training setup: data_03_cardiotocography3clases_seed_04_epsilon_0.0_dropout_0.0_fault_ratio_0.0.model.

2024-09-11 15:04:06,621 - INFO -
{'dataname': 'cardiotocography3clases', 'N_feature': 21, 'N_class': 3, 'N_train': 397, 'N_valid': 127, 'N_test': 79}

2024-09-11 15:04:06,636 - INFO -
Training was already finished.

2024-09-14 08:36:54,518 - INFO -
Configuration: 
gmin                0.01
gmax                10.0
T                   0.1
m                   0.3
type_nonlinear      normal
act                 tanh
ACT_R1n             12.7865
ACT_R2n             -3.1871
ACT_W1n             -10.4537
ACT_L1n             10.546
ACT_W2n             -5.8496
ACT_L2n             4.2337
S_R1n               -11.7481
S_R2n               -0.3905
S_W1n               -9.169
S_L1n               0.3913
S_W2n               7.2004
S_L2n               15.5558
ReLU_RHn            -1.9557
ReLU_RLn            -20.1581
ReLU_RDn            16.6486
ReLU_RBn            -14.3472
ReLU_Wn             16.655
ReLU_Ln             -21.7591
HS_Rn               -0.3766
HS_Wn               0.5192
HS_Ln               4.6293
NEG_R1n             -7.0846
NEG_R2n             -2.5695
NEG_R3n             16.1542
NEG_W1n             13.8696
NEG_L1n             2.7635
NEG_W2n             1.2674
NEG_L2n             -10.4803
NEG_W3n             -6.4386
NEG_L3n             5.1005
task                normal
DATASET             3
DataPath            ./dataset
InputNoise          0.0
IN_test             0.0
R_train             1
R_test              1
N_time              32
pathnorm            False
hidden              [3]
skipconnection      False
SEED                4
DEVICE              cpu
PATIENCE            500
EPOCH               10000000000
LR                  0.1
PROGRESSIVE         True
LR_PATIENCE         100
LR_DECAY            0.5
LR_MIN              0.0001
metric              acc
SoftEva             True
TIMELIMITATION      71
MODE                nominal
M_train             1
K_train             1
M_test              1
K_test              1
t_test_max          1
integration         MC
N_train             1
e_train             0.0
N_test              100
e_test              0.1
e_fault             2
fault_ratio         0.0
N_fault             50
e_fault_test        0
N_fault_test        50
dropout             0.0
lagrangian_loss     False
rho                 100
powerestimator      none
powerbalance        0.0
estimatorbalance    0.0
pgmin               1e-07
power_ratio         1000
lambda_P            100
areaestimator       none
areabalance         0.0
area_theta          0.15
area_act            30.0
area_neg            22.7
lambda_A            0.001
lnc                 False
projectname         tanh_0_FaultAnalysisNormal
temppath            ./tanh_0_FaultAnalysisNormal/temp/
logfilepath         ./tanh_0_FaultAnalysisNormal/log/
report_freq         10
recording           False
recordpath          ./tanh_0_FaultAnalysisNormal/record/
savepath            ./tanh_0_FaultAnalysisNormal/models/
loglevel            info


2024-09-14 08:36:54,539 - INFO -
Training network on device: cpu.

2024-09-14 08:36:54,539 - INFO -
Training setup: data_03_cardiotocography3clases_seed_04_epsilon_0.0_dropout_0.0_fault_ratio_0.0.model.

2024-09-14 08:36:54,539 - INFO -
{'dataname': 'cardiotocography3clases', 'N_feature': 21, 'N_class': 3, 'N_train': 397, 'N_valid': 127, 'N_test': 79}

2024-09-14 08:36:54,543 - INFO -
Training was already finished.

