2024-09-10 07:05:21,395 - INFO -
Configuration: 
gmin                0.01
gmax                10.0
T                   0.1
m                   0.3
type_nonlinear      normal
act                 tanh
ACT_R1n             12.7865
ACT_R2n             -3.1871
ACT_W1n             -10.4537
ACT_L1n             10.546
ACT_W2n             -5.8496
ACT_L2n             4.2337
S_R1n               -11.7481
S_R2n               -0.3905
S_W1n               -9.169
S_L1n               0.3913
S_W2n               7.2004
S_L2n               15.5558
ReLU_RHn            -1.9557
ReLU_RLn            -20.1581
ReLU_RDn            16.6486
ReLU_RBn            -14.3472
ReLU_Wn             16.655
ReLU_Ln             -21.7591
HS_Rn               -0.3766
HS_Wn               0.5192
HS_Ln               4.6293
NEG_R1n             -7.0846
NEG_R2n             -2.5695
NEG_R3n             16.1542
NEG_W1n             13.8696
NEG_L1n             2.7635
NEG_W2n             1.2674
NEG_L2n             -10.4803
NEG_W3n             -6.4386
NEG_L3n             5.1005
task                normal
DATASET             12
DataPath            ./dataset
InputNoise          0.0
IN_test             0.0
R_train             1
R_test              1
N_time              32
pathnorm            False
hidden              [3]
skipconnection      False
SEED                6
DEVICE              cpu
PATIENCE            500
EPOCH               10000000000
LR                  0.1
PROGRESSIVE         True
LR_PATIENCE         100
LR_DECAY            0.5
LR_MIN              0.0001
metric              acc
SoftEva             True
TIMELIMITATION      71
MODE                nominal
M_train             1
K_train             1
M_test              1
K_test              1
t_test_max          1
integration         MC
N_train             1
e_train             0.0
N_test              100
e_test              0.1
e_fault             2
fault_ratio         0.0
N_fault             50
e_fault_test        0
N_fault_test        50
dropout             0.0
lagrangian_loss     False
rho                 100
powerestimator      none
powerbalance        0.0
estimatorbalance    0.0
pgmin               1e-07
power_ratio         1000
lambda_P            100
areaestimator       none
areabalance         0.0
area_theta          0.15
area_act            30.0
area_neg            22.7
lambda_A            0.001
lnc                 False
projectname         tanh_0_FaultAnalysisNormal
temppath            ./tanh_0_FaultAnalysisNormal/temp/
logfilepath         ./tanh_0_FaultAnalysisNormal/log/
report_freq         10
recording           False
recordpath          ./tanh_0_FaultAnalysisNormal/record/
savepath            ./tanh_0_FaultAnalysisNormal/models/
loglevel            info


2024-09-10 07:05:21,395 - INFO -
Training network on device: cpu.

2024-09-10 07:05:21,395 - INFO -
Training setup: data_12_vertebralcolumn3clases_seed_06_epsilon_0.0_dropout_0.0_fault_ratio_0.0.model.

2024-09-10 07:05:21,395 - INFO -
{'dataname': 'vertebralcolumn3clases', 'N_feature': 6, 'N_class': 3, 'N_train': 184, 'N_valid': 61, 'N_test': 63}

2024-09-10 07:05:21,396 - INFO -
Topology of the network: [6, 3, 3].

2024-09-10 07:05:22,380 - INFO -
| Epoch:      0 | Train loss: 1.0985e+00 | Valid loss: 1.0636e+00 | Train acc: 0.4783 ± 0.0000 | Valid acc: 0.5246 ± 0.0000 | Valid Power: 0.0008 | Train Power: 0.0005 | patience:   0 | lr: 0.1 | Epoch time: 0.1 |

2024-09-10 07:05:23,199 - INFO -
| Epoch:     10 | Train loss: 1.0487e+00 | Valid loss: 1.0007e+00 | Train acc: 0.4783 ± 0.0000 | Valid acc: 0.5246 ± 0.0000 | Valid Power: 0.0008 | Train Power: 0.0015 | patience:   4 | lr: 0.1 | Epoch time: 0.1 |

2024-09-10 07:05:23,984 - INFO -
| Epoch:     20 | Train loss: 1.0350e+00 | Valid loss: 9.6844e-01 | Train acc: 0.4783 ± 0.0000 | Valid acc: 0.5246 ± 0.0000 | Valid Power: 0.0008 | Train Power: 0.0008 | patience:   0 | lr: 0.1 | Epoch time: 0.1 |

2024-09-10 07:05:24,806 - INFO -
| Epoch:     30 | Train loss: 8.6491e-01 | Valid loss: 8.8241e-01 | Train acc: 0.6576 ± 0.0000 | Valid acc: 0.6393 ± 0.0000 | Valid Power: 0.0010 | Train Power: 0.0009 | patience:   0 | lr: 0.1 | Epoch time: 0.1 |

2024-09-10 07:05:25,599 - INFO -
| Epoch:     40 | Train loss: 7.9352e-01 | Valid loss: 8.7708e-01 | Train acc: 0.6630 ± 0.0000 | Valid acc: 0.6066 ± 0.0000 | Valid Power: 0.0008 | Train Power: 0.0008 | patience:   8 | lr: 0.1 | Epoch time: 0.1 |

2024-09-10 07:05:26,385 - INFO -
| Epoch:     50 | Train loss: 7.7054e-01 | Valid loss: 8.1713e-01 | Train acc: 0.6576 ± 0.0000 | Valid acc: 0.6557 ± 0.0000 | Valid Power: 0.0008 | Train Power: 0.0008 | patience:  18 | lr: 0.1 | Epoch time: 0.1 |

2024-09-10 07:05:27,161 - INFO -
| Epoch:     60 | Train loss: 7.6025e-01 | Valid loss: 8.1380e-01 | Train acc: 0.6522 ± 0.0000 | Valid acc: 0.6557 ± 0.0000 | Valid Power: 0.0008 | Train Power: 0.0008 | patience:  28 | lr: 0.1 | Epoch time: 0.1 |

2024-09-10 07:05:27,946 - INFO -
| Epoch:     70 | Train loss: 7.6281e-01 | Valid loss: 8.1544e-01 | Train acc: 0.6576 ± 0.0000 | Valid acc: 0.6557 ± 0.0000 | Valid Power: 0.0008 | Train Power: 0.0008 | patience:   3 | lr: 0.1 | Epoch time: 0.1 |

2024-09-10 07:05:28,735 - INFO -
| Epoch:     80 | Train loss: 7.4973e-01 | Valid loss: 8.1633e-01 | Train acc: 0.6576 ± 0.0000 | Valid acc: 0.6557 ± 0.0000 | Valid Power: 0.0008 | Train Power: 0.0008 | patience:   7 | lr: 0.1 | Epoch time: 0.1 |

2024-09-10 07:05:29,518 - INFO -
| Epoch:     90 | Train loss: 7.3667e-01 | Valid loss: 7.9824e-01 | Train acc: 0.6630 ± 0.0000 | Valid acc: 0.6557 ± 0.0000 | Valid Power: 0.0008 | Train Power: 0.0008 | patience:  17 | lr: 0.1 | Epoch time: 0.1 |

2024-09-10 07:05:30,295 - INFO -
| Epoch:    100 | Train loss: 7.4796e-01 | Valid loss: 8.2817e-01 | Train acc: 0.6576 ± 0.0000 | Valid acc: 0.6393 ± 0.0000 | Valid Power: 0.0008 | Train Power: 0.0008 | patience:  27 | lr: 0.1 | Epoch time: 0.1 |

2024-09-10 07:05:31,075 - INFO -
| Epoch:    110 | Train loss: 7.3130e-01 | Valid loss: 7.8378e-01 | Train acc: 0.6685 ± 0.0000 | Valid acc: 0.6557 ± 0.0000 | Valid Power: 0.0010 | Train Power: 0.0008 | patience:   3 | lr: 0.1 | Epoch time: 0.1 |

2024-09-10 07:05:31,851 - INFO -
| Epoch:    120 | Train loss: 7.2868e-01 | Valid loss: 7.7447e-01 | Train acc: 0.6685 ± 0.0000 | Valid acc: 0.6721 ± 0.0000 | Valid Power: 0.0009 | Train Power: 0.0009 | patience:  13 | lr: 0.1 | Epoch time: 0.1 |

2024-09-10 07:05:32,643 - INFO -
| Epoch:    130 | Train loss: 7.2480e-01 | Valid loss: 7.6872e-01 | Train acc: 0.6685 ± 0.0000 | Valid acc: 0.6721 ± 0.0000 | Valid Power: 0.0009 | Train Power: 0.0009 | patience:   4 | lr: 0.1 | Epoch time: 0.1 |

2024-09-10 07:05:33,529 - INFO -
| Epoch:    140 | Train loss: 7.2232e-01 | Valid loss: 7.7931e-01 | Train acc: 0.6685 ± 0.0000 | Valid acc: 0.6557 ± 0.0000 | Valid Power: 0.0009 | Train Power: 0.0011 | patience:   5 | lr: 0.1 | Epoch time: 0.1 |

2024-09-10 07:05:34,340 - INFO -
| Epoch:    150 | Train loss: 7.2094e-01 | Valid loss: 7.6274e-01 | Train acc: 0.6685 ± 0.0000 | Valid acc: 0.6721 ± 0.0000 | Valid Power: 0.0009 | Train Power: 0.0009 | patience:   2 | lr: 0.1 | Epoch time: 0.1 |

2024-09-10 07:05:35,144 - INFO -
| Epoch:    160 | Train loss: 7.1735e-01 | Valid loss: 7.5691e-01 | Train acc: 0.6685 ± 0.0000 | Valid acc: 0.6721 ± 0.0000 | Valid Power: 0.0010 | Train Power: 0.0010 | patience:   1 | lr: 0.1 | Epoch time: 0.1 |

2024-09-10 07:05:35,933 - INFO -
| Epoch:    170 | Train loss: 7.1075e-01 | Valid loss: 7.5593e-01 | Train acc: 0.6739 ± 0.0000 | Valid acc: 0.6721 ± 0.0000 | Valid Power: 0.0033 | Train Power: 0.0021 | patience:   4 | lr: 0.1 | Epoch time: 0.1 |

2024-09-10 07:05:36,723 - INFO -
| Epoch:    180 | Train loss: 7.0127e-01 | Valid loss: 7.3432e-01 | Train acc: 0.6793 ± 0.0000 | Valid acc: 0.6885 ± 0.0000 | Valid Power: 0.0013 | Train Power: 0.0014 | patience:   0 | lr: 0.1 | Epoch time: 0.1 |

2024-09-10 07:05:37,522 - INFO -
| Epoch:    190 | Train loss: 6.9166e-01 | Valid loss: 6.9720e-01 | Train acc: 0.6848 ± 0.0000 | Valid acc: 0.7541 ± 0.0000 | Valid Power: 0.0012 | Train Power: 0.0012 | patience:   0 | lr: 0.1 | Epoch time: 0.1 |

2024-09-10 07:05:38,318 - INFO -
| Epoch:    200 | Train loss: 6.6878e-01 | Valid loss: 6.7822e-01 | Train acc: 0.6957 ± 0.0000 | Valid acc: 0.7541 ± 0.0000 | Valid Power: 0.0011 | Train Power: 0.0012 | patience:   0 | lr: 0.1 | Epoch time: 0.1 |

2024-09-10 07:05:39,104 - INFO -
| Epoch:    210 | Train loss: 6.7325e-01 | Valid loss: 6.3853e-01 | Train acc: 0.6957 ± 0.0000 | Valid acc: 0.7869 ± 0.0000 | Valid Power: 0.0011 | Train Power: 0.0011 | patience:   3 | lr: 0.1 | Epoch time: 0.1 |

2024-09-10 07:05:39,889 - INFO -
| Epoch:    220 | Train loss: 7.8342e-01 | Valid loss: 8.1531e-01 | Train acc: 0.6685 ± 0.0000 | Valid acc: 0.6885 ± 0.0000 | Valid Power: 0.0011 | Train Power: 0.0011 | patience:   8 | lr: 0.1 | Epoch time: 0.1 |

2024-09-10 07:05:40,667 - INFO -
| Epoch:    230 | Train loss: 8.0086e-01 | Valid loss: 7.4365e-01 | Train acc: 0.5870 ± 0.0000 | Valid acc: 0.6557 ± 0.0000 | Valid Power: 0.0011 | Train Power: 0.0011 | patience:   8 | lr: 0.1 | Epoch time: 0.1 |

2024-09-10 07:05:41,442 - INFO -
| Epoch:    240 | Train loss: 6.9782e-01 | Valid loss: 6.9713e-01 | Train acc: 0.7120 ± 0.0000 | Valid acc: 0.7705 ± 0.0000 | Valid Power: 0.0011 | Train Power: 0.0011 | patience:  18 | lr: 0.1 | Epoch time: 0.1 |

2024-09-10 07:05:42,216 - INFO -
| Epoch:    250 | Train loss: 6.5740e-01 | Valid loss: 6.4086e-01 | Train acc: 0.7120 ± 0.0000 | Valid acc: 0.7869 ± 0.0000 | Valid Power: 0.0011 | Train Power: 0.0011 | patience:  28 | lr: 0.1 | Epoch time: 0.1 |

2024-09-10 07:05:42,990 - INFO -
| Epoch:    260 | Train loss: 6.4564e-01 | Valid loss: 6.4568e-01 | Train acc: 0.7174 ± 0.0000 | Valid acc: 0.7705 ± 0.0000 | Valid Power: 0.0011 | Train Power: 0.0011 | patience:  38 | lr: 0.1 | Epoch time: 0.1 |

2024-09-10 07:05:43,764 - INFO -
| Epoch:    270 | Train loss: 6.7997e-01 | Valid loss: 7.2639e-01 | Train acc: 0.7228 ± 0.0000 | Valid acc: 0.7541 ± 0.0000 | Valid Power: 0.0011 | Train Power: 0.0011 | patience:  48 | lr: 0.1 | Epoch time: 0.1 |

2024-09-10 07:05:44,536 - INFO -
| Epoch:    280 | Train loss: 6.4029e-01 | Valid loss: 6.3401e-01 | Train acc: 0.7011 ± 0.0000 | Valid acc: 0.7705 ± 0.0000 | Valid Power: 0.0011 | Train Power: 0.0011 | patience:  58 | lr: 0.1 | Epoch time: 0.1 |

2024-09-10 07:05:45,315 - INFO -
| Epoch:    290 | Train loss: 6.2953e-01 | Valid loss: 6.3792e-01 | Train acc: 0.7228 ± 0.0000 | Valid acc: 0.7869 ± 0.0000 | Valid Power: 0.0011 | Train Power: 0.0011 | patience:  68 | lr: 0.1 | Epoch time: 0.1 |

2024-09-10 07:05:46,097 - INFO -
| Epoch:    300 | Train loss: 6.0904e-01 | Valid loss: 5.6864e-01 | Train acc: 0.7500 ± 0.0000 | Valid acc: 0.8361 ± 0.0000 | Valid Power: 0.0011 | Train Power: 0.0011 | patience:   4 | lr: 0.1 | Epoch time: 0.1 |

2024-09-10 07:05:46,869 - INFO -
| Epoch:    310 | Train loss: 6.0598e-01 | Valid loss: 5.7376e-01 | Train acc: 0.7500 ± 0.0000 | Valid acc: 0.8361 ± 0.0000 | Valid Power: 0.0011 | Train Power: 0.0011 | patience:  14 | lr: 0.1 | Epoch time: 0.1 |

2024-09-10 07:05:47,641 - INFO -
| Epoch:    320 | Train loss: 6.0444e-01 | Valid loss: 5.8325e-01 | Train acc: 0.7446 ± 0.0000 | Valid acc: 0.8197 ± 0.0000 | Valid Power: 0.0011 | Train Power: 0.0011 | patience:  24 | lr: 0.1 | Epoch time: 0.1 |

2024-09-10 07:05:48,413 - INFO -
| Epoch:    330 | Train loss: 6.0593e-01 | Valid loss: 5.8979e-01 | Train acc: 0.7500 ± 0.0000 | Valid acc: 0.8197 ± 0.0000 | Valid Power: 0.0012 | Train Power: 0.0011 | patience:  34 | lr: 0.1 | Epoch time: 0.1 |

2024-09-10 07:05:49,187 - INFO -
| Epoch:    340 | Train loss: 6.5837e-01 | Valid loss: 6.2656e-01 | Train acc: 0.7283 ± 0.0000 | Valid acc: 0.8033 ± 0.0000 | Valid Power: 0.0011 | Train Power: 0.0011 | patience:  44 | lr: 0.1 | Epoch time: 0.1 |

2024-09-10 07:05:49,958 - INFO -
| Epoch:    350 | Train loss: 6.1088e-01 | Valid loss: 5.7169e-01 | Train acc: 0.7500 ± 0.0000 | Valid acc: 0.8361 ± 0.0000 | Valid Power: 0.0011 | Train Power: 0.0011 | patience:  54 | lr: 0.1 | Epoch time: 0.1 |

2024-09-10 07:05:50,731 - INFO -
| Epoch:    360 | Train loss: 6.1784e-01 | Valid loss: 6.5919e-01 | Train acc: 0.7500 ± 0.0000 | Valid acc: 0.7705 ± 0.0000 | Valid Power: 0.0012 | Train Power: 0.0011 | patience:  64 | lr: 0.1 | Epoch time: 0.1 |

2024-09-10 07:05:51,503 - INFO -
| Epoch:    370 | Train loss: 6.3220e-01 | Valid loss: 5.6291e-01 | Train acc: 0.7337 ± 0.0000 | Valid acc: 0.8361 ± 0.0000 | Valid Power: 0.0021 | Train Power: 0.0019 | patience:  74 | lr: 0.1 | Epoch time: 0.1 |

2024-09-10 07:05:52,283 - INFO -
| Epoch:    380 | Train loss: 7.1370e-01 | Valid loss: 7.3438e-01 | Train acc: 0.6957 ± 0.0000 | Valid acc: 0.7541 ± 0.0000 | Valid Power: 0.0017 | Train Power: 0.0018 | patience:  84 | lr: 0.1 | Epoch time: 0.1 |

2024-09-10 07:05:53,057 - INFO -
| Epoch:    390 | Train loss: 6.6013e-01 | Valid loss: 6.4854e-01 | Train acc: 0.7120 ± 0.0000 | Valid acc: 0.7869 ± 0.0000 | Valid Power: 0.0015 | Train Power: 0.0015 | patience:  94 | lr: 0.1 | Epoch time: 0.1 |

2024-09-10 07:05:53,601 - INFO -
load best network to warm start training with lower lr.

2024-09-10 07:05:53,601 - INFO -
lr update to 0.05.

2024-09-10 07:05:53,835 - INFO -
| Epoch:    400 | Train loss: 6.6245e-01 | Valid loss: 6.2484e-01 | Train acc: 0.6902 ± 0.0000 | Valid acc: 0.7869 ± 0.0000 | Valid Power: 0.0013 | Train Power: 0.0011 | patience:   3 | lr: 0.05 | Epoch time: 0.1 |

2024-09-10 07:05:54,611 - INFO -
| Epoch:    410 | Train loss: 6.0743e-01 | Valid loss: 6.0256e-01 | Train acc: 0.7500 ± 0.0000 | Valid acc: 0.8033 ± 0.0000 | Valid Power: 0.0011 | Train Power: 0.0011 | patience:  13 | lr: 0.05 | Epoch time: 0.1 |

2024-09-10 07:05:55,384 - INFO -
| Epoch:    420 | Train loss: 6.0393e-01 | Valid loss: 5.6710e-01 | Train acc: 0.7500 ± 0.0000 | Valid acc: 0.8361 ± 0.0000 | Valid Power: 0.0011 | Train Power: 0.0011 | patience:  23 | lr: 0.05 | Epoch time: 0.1 |

2024-09-10 07:05:56,160 - INFO -
| Epoch:    430 | Train loss: 5.9398e-01 | Valid loss: 5.6046e-01 | Train acc: 0.7663 ± 0.0000 | Valid acc: 0.8361 ± 0.0000 | Valid Power: 0.0011 | Train Power: 0.0011 | patience:   4 | lr: 0.05 | Epoch time: 0.1 |

2024-09-10 07:05:56,934 - INFO -
| Epoch:    440 | Train loss: 5.9140e-01 | Valid loss: 5.5273e-01 | Train acc: 0.7663 ± 0.0000 | Valid acc: 0.8525 ± 0.0000 | Valid Power: 0.0011 | Train Power: 0.0011 | patience:  14 | lr: 0.05 | Epoch time: 0.1 |

2024-09-10 07:05:57,705 - INFO -
| Epoch:    450 | Train loss: 5.8881e-01 | Valid loss: 5.5545e-01 | Train acc: 0.7663 ± 0.0000 | Valid acc: 0.8361 ± 0.0000 | Valid Power: 0.0011 | Train Power: 0.0011 | patience:  24 | lr: 0.05 | Epoch time: 0.1 |

2024-09-10 07:05:58,477 - INFO -
| Epoch:    460 | Train loss: 5.9048e-01 | Valid loss: 5.6142e-01 | Train acc: 0.7663 ± 0.0000 | Valid acc: 0.8525 ± 0.0000 | Valid Power: 0.0011 | Train Power: 0.0011 | patience:  34 | lr: 0.05 | Epoch time: 0.1 |

2024-09-10 07:05:59,257 - INFO -
| Epoch:    470 | Train loss: 5.9821e-01 | Valid loss: 5.6016e-01 | Train acc: 0.7554 ± 0.0000 | Valid acc: 0.8361 ± 0.0000 | Valid Power: 0.0012 | Train Power: 0.0013 | patience:   3 | lr: 0.05 | Epoch time: 0.1 |

2024-09-10 07:06:00,033 - INFO -
| Epoch:    480 | Train loss: 5.9103e-01 | Valid loss: 5.7292e-01 | Train acc: 0.7609 ± 0.0000 | Valid acc: 0.8361 ± 0.0000 | Valid Power: 0.0011 | Train Power: 0.0012 | patience:  13 | lr: 0.05 | Epoch time: 0.1 |

2024-09-10 07:06:00,805 - INFO -
| Epoch:    490 | Train loss: 5.9416e-01 | Valid loss: 5.5584e-01 | Train acc: 0.7500 ± 0.0000 | Valid acc: 0.8361 ± 0.0000 | Valid Power: 0.0012 | Train Power: 0.0011 | patience:  23 | lr: 0.05 | Epoch time: 0.1 |

2024-09-10 07:06:01,584 - INFO -
| Epoch:    500 | Train loss: 5.9398e-01 | Valid loss: 5.5697e-01 | Train acc: 0.7609 ± 0.0000 | Valid acc: 0.8361 ± 0.0000 | Valid Power: 0.0012 | Train Power: 0.0013 | patience:   3 | lr: 0.05 | Epoch time: 0.1 |

2024-09-10 07:06:02,358 - INFO -
| Epoch:    510 | Train loss: 5.9478e-01 | Valid loss: 5.5870e-01 | Train acc: 0.7609 ± 0.0000 | Valid acc: 0.8361 ± 0.0000 | Valid Power: 0.0011 | Train Power: 0.0011 | patience:  13 | lr: 0.05 | Epoch time: 0.1 |

2024-09-10 07:06:03,130 - INFO -
| Epoch:    520 | Train loss: 5.8823e-01 | Valid loss: 5.5309e-01 | Train acc: 0.7663 ± 0.0000 | Valid acc: 0.8525 ± 0.0000 | Valid Power: 0.0011 | Train Power: 0.0011 | patience:  23 | lr: 0.05 | Epoch time: 0.1 |

2024-09-10 07:06:03,906 - INFO -
| Epoch:    530 | Train loss: 5.8768e-01 | Valid loss: 5.6727e-01 | Train acc: 0.7663 ± 0.0000 | Valid acc: 0.8361 ± 0.0000 | Valid Power: 0.0012 | Train Power: 0.0011 | patience:   2 | lr: 0.05 | Epoch time: 0.1 |

2024-09-10 07:06:04,693 - INFO -
| Epoch:    540 | Train loss: 5.8528e-01 | Valid loss: 5.4456e-01 | Train acc: 0.7663 ± 0.0000 | Valid acc: 0.8525 ± 0.0000 | Valid Power: 0.0012 | Train Power: 0.0011 | patience:   7 | lr: 0.05 | Epoch time: 0.1 |

2024-09-10 07:06:05,467 - INFO -
| Epoch:    550 | Train loss: 5.8739e-01 | Valid loss: 5.6110e-01 | Train acc: 0.7663 ± 0.0000 | Valid acc: 0.8361 ± 0.0000 | Valid Power: 0.0011 | Train Power: 0.0011 | patience:  17 | lr: 0.05 | Epoch time: 0.1 |

2024-09-10 07:06:06,242 - INFO -
| Epoch:    560 | Train loss: 5.8382e-01 | Valid loss: 5.4508e-01 | Train acc: 0.7663 ± 0.0000 | Valid acc: 0.8525 ± 0.0000 | Valid Power: 0.0012 | Train Power: 0.0011 | patience:  27 | lr: 0.05 | Epoch time: 0.1 |

2024-09-10 07:06:07,015 - INFO -
| Epoch:    570 | Train loss: 5.8689e-01 | Valid loss: 5.6690e-01 | Train acc: 0.7663 ± 0.0000 | Valid acc: 0.8361 ± 0.0000 | Valid Power: 0.0012 | Train Power: 0.0012 | patience:  37 | lr: 0.05 | Epoch time: 0.1 |

2024-09-10 07:06:07,791 - INFO -
| Epoch:    580 | Train loss: 5.8610e-01 | Valid loss: 5.4360e-01 | Train acc: 0.7663 ± 0.0000 | Valid acc: 0.8525 ± 0.0000 | Valid Power: 0.0012 | Train Power: 0.0011 | patience:  47 | lr: 0.05 | Epoch time: 0.1 |

2024-09-10 07:06:08,570 - INFO -
| Epoch:    590 | Train loss: 5.8543e-01 | Valid loss: 5.4938e-01 | Train acc: 0.7663 ± 0.0000 | Valid acc: 0.8525 ± 0.0000 | Valid Power: 0.0013 | Train Power: 0.0012 | patience:   9 | lr: 0.05 | Epoch time: 0.1 |

2024-09-10 07:06:09,348 - INFO -
| Epoch:    600 | Train loss: 5.8564e-01 | Valid loss: 5.4184e-01 | Train acc: 0.7663 ± 0.0000 | Valid acc: 0.8525 ± 0.0000 | Valid Power: 0.0013 | Train Power: 0.0013 | patience:   0 | lr: 0.05 | Epoch time: 0.1 |

2024-09-10 07:06:10,203 - INFO -
| Epoch:    610 | Train loss: 5.8236e-01 | Valid loss: 5.5180e-01 | Train acc: 0.7663 ± 0.0000 | Valid acc: 0.8525 ± 0.0000 | Valid Power: 0.0013 | Train Power: 0.0019 | patience:  10 | lr: 0.05 | Epoch time: 0.1 |

2024-09-10 07:06:10,981 - INFO -
| Epoch:    620 | Train loss: 5.9052e-01 | Valid loss: 5.5765e-01 | Train acc: 0.7609 ± 0.0000 | Valid acc: 0.8361 ± 0.0000 | Valid Power: 0.0012 | Train Power: 0.0013 | patience:  20 | lr: 0.05 | Epoch time: 0.1 |

2024-09-10 07:06:11,754 - INFO -
| Epoch:    630 | Train loss: 5.8573e-01 | Valid loss: 5.6717e-01 | Train acc: 0.7663 ± 0.0000 | Valid acc: 0.8361 ± 0.0000 | Valid Power: 0.0012 | Train Power: 0.0012 | patience:  30 | lr: 0.05 | Epoch time: 0.1 |

2024-09-10 07:06:12,527 - INFO -
| Epoch:    640 | Train loss: 5.8923e-01 | Valid loss: 5.5760e-01 | Train acc: 0.7609 ± 0.0000 | Valid acc: 0.8361 ± 0.0000 | Valid Power: 0.0012 | Train Power: 0.0012 | patience:  40 | lr: 0.05 | Epoch time: 0.1 |

2024-09-10 07:06:13,299 - INFO -
| Epoch:    650 | Train loss: 5.8582e-01 | Valid loss: 5.4643e-01 | Train acc: 0.7609 ± 0.0000 | Valid acc: 0.8525 ± 0.0000 | Valid Power: 0.0012 | Train Power: 0.0097 | patience:  50 | lr: 0.05 | Epoch time: 0.1 |

2024-09-10 07:06:14,072 - INFO -
| Epoch:    660 | Train loss: 5.9207e-01 | Valid loss: 5.5768e-01 | Train acc: 0.7609 ± 0.0000 | Valid acc: 0.8525 ± 0.0000 | Valid Power: 0.0012 | Train Power: 0.0012 | patience:  60 | lr: 0.05 | Epoch time: 0.1 |

2024-09-10 07:06:14,846 - INFO -
| Epoch:    670 | Train loss: 5.9415e-01 | Valid loss: 5.7442e-01 | Train acc: 0.7554 ± 0.0000 | Valid acc: 0.8361 ± 0.0000 | Valid Power: 0.0012 | Train Power: 0.0012 | patience:  70 | lr: 0.05 | Epoch time: 0.1 |

2024-09-10 07:06:15,621 - INFO -
| Epoch:    680 | Train loss: 5.9073e-01 | Valid loss: 5.4428e-01 | Train acc: 0.7609 ± 0.0000 | Valid acc: 0.8525 ± 0.0000 | Valid Power: 0.0012 | Train Power: 0.0012 | patience:  80 | lr: 0.05 | Epoch time: 0.1 |

2024-09-10 07:06:16,397 - INFO -
| Epoch:    690 | Train loss: 5.8419e-01 | Valid loss: 5.5158e-01 | Train acc: 0.7663 ± 0.0000 | Valid acc: 0.8525 ± 0.0000 | Valid Power: 0.0012 | Train Power: 0.0012 | patience:  90 | lr: 0.05 | Epoch time: 0.1 |

2024-09-10 07:06:17,169 - INFO -
| Epoch:    700 | Train loss: 5.9858e-01 | Valid loss: 5.5048e-01 | Train acc: 0.7554 ± 0.0000 | Valid acc: 0.8361 ± 0.0000 | Valid Power: 0.0012 | Train Power: 0.0014 | patience: 100 | lr: 0.05 | Epoch time: 0.1 |

2024-09-10 07:06:17,251 - INFO -
load best network to warm start training with lower lr.

2024-09-10 07:06:17,251 - INFO -
lr update to 0.025.

2024-09-10 07:06:17,947 - INFO -
| Epoch:    710 | Train loss: 5.9073e-01 | Valid loss: 5.4680e-01 | Train acc: 0.7609 ± 0.0000 | Valid acc: 0.8525 ± 0.0000 | Valid Power: 0.0014 | Train Power: 0.0014 | patience:   9 | lr: 0.025 | Epoch time: 0.1 |

2024-09-10 07:06:18,720 - INFO -
| Epoch:    720 | Train loss: 5.8649e-01 | Valid loss: 5.8192e-01 | Train acc: 0.7609 ± 0.0000 | Valid acc: 0.8361 ± 0.0000 | Valid Power: 0.0013 | Train Power: 0.0013 | patience:  19 | lr: 0.025 | Epoch time: 0.1 |

2024-09-10 07:06:19,492 - INFO -
| Epoch:    730 | Train loss: 5.8924e-01 | Valid loss: 5.5938e-01 | Train acc: 0.7609 ± 0.0000 | Valid acc: 0.8361 ± 0.0000 | Valid Power: 0.0014 | Train Power: 0.0013 | patience:  29 | lr: 0.025 | Epoch time: 0.1 |

2024-09-10 07:06:20,273 - INFO -
| Epoch:    740 | Train loss: 5.8500e-01 | Valid loss: 5.5869e-01 | Train acc: 0.7663 ± 0.0000 | Valid acc: 0.8361 ± 0.0000 | Valid Power: 0.0014 | Train Power: 0.0014 | patience:   3 | lr: 0.025 | Epoch time: 0.1 |

2024-09-10 07:06:21,046 - INFO -
| Epoch:    750 | Train loss: 5.8575e-01 | Valid loss: 5.4360e-01 | Train acc: 0.7663 ± 0.0000 | Valid acc: 0.8525 ± 0.0000 | Valid Power: 0.0013 | Train Power: 0.0022 | patience:  13 | lr: 0.025 | Epoch time: 0.1 |

2024-09-10 07:06:21,818 - INFO -
| Epoch:    760 | Train loss: 5.8475e-01 | Valid loss: 5.5244e-01 | Train acc: 0.7663 ± 0.0000 | Valid acc: 0.8361 ± 0.0000 | Valid Power: 0.0012 | Train Power: 0.0011 | patience:  23 | lr: 0.025 | Epoch time: 0.1 |

2024-09-10 07:06:22,590 - INFO -
| Epoch:    770 | Train loss: 5.8333e-01 | Valid loss: 5.6043e-01 | Train acc: 0.7663 ± 0.0000 | Valid acc: 0.8361 ± 0.0000 | Valid Power: 0.0012 | Train Power: 0.0012 | patience:  33 | lr: 0.025 | Epoch time: 0.1 |

2024-09-10 07:06:23,363 - INFO -
| Epoch:    780 | Train loss: 5.8261e-01 | Valid loss: 5.4123e-01 | Train acc: 0.7663 ± 0.0000 | Valid acc: 0.8525 ± 0.0000 | Valid Power: 0.0012 | Train Power: 0.0012 | patience:  43 | lr: 0.025 | Epoch time: 0.1 |

2024-09-10 07:06:24,135 - INFO -
| Epoch:    790 | Train loss: 5.8269e-01 | Valid loss: 5.4250e-01 | Train acc: 0.7663 ± 0.0000 | Valid acc: 0.8525 ± 0.0000 | Valid Power: 0.0012 | Train Power: 0.0012 | patience:  53 | lr: 0.025 | Epoch time: 0.1 |

2024-09-10 07:06:24,913 - INFO -
| Epoch:    800 | Train loss: 5.8240e-01 | Valid loss: 5.4881e-01 | Train acc: 0.7663 ± 0.0000 | Valid acc: 0.8361 ± 0.0000 | Valid Power: 0.0012 | Train Power: 0.0011 | patience:  63 | lr: 0.025 | Epoch time: 0.1 |

2024-09-10 07:06:25,686 - INFO -
| Epoch:    810 | Train loss: 5.8224e-01 | Valid loss: 5.5168e-01 | Train acc: 0.7663 ± 0.0000 | Valid acc: 0.8361 ± 0.0000 | Valid Power: 0.0052 | Train Power: 0.0021 | patience:  73 | lr: 0.025 | Epoch time: 0.1 |

2024-09-10 07:06:26,458 - INFO -
| Epoch:    820 | Train loss: 5.7995e-01 | Valid loss: 5.5356e-01 | Train acc: 0.7663 ± 0.0000 | Valid acc: 0.8361 ± 0.0000 | Valid Power: 0.0012 | Train Power: 0.0011 | patience:  83 | lr: 0.025 | Epoch time: 0.1 |

2024-09-10 07:06:27,231 - INFO -
| Epoch:    830 | Train loss: 5.6975e-01 | Valid loss: 5.4685e-01 | Train acc: 0.7663 ± 0.0000 | Valid acc: 0.8361 ± 0.0000 | Valid Power: 0.0012 | Train Power: 0.0011 | patience:  93 | lr: 0.025 | Epoch time: 0.1 |

2024-09-10 07:06:27,852 - INFO -
load best network to warm start training with lower lr.

2024-09-10 07:06:27,852 - INFO -
lr update to 0.0125.

2024-09-10 07:06:28,007 - INFO -
| Epoch:    840 | Train loss: 5.8911e-01 | Valid loss: 5.7535e-01 | Train acc: 0.7609 ± 0.0000 | Valid acc: 0.8361 ± 0.0000 | Valid Power: 0.0014 | Train Power: 0.0014 | patience:   2 | lr: 0.0125 | Epoch time: 0.1 |

2024-09-10 07:06:28,780 - INFO -
| Epoch:    850 | Train loss: 5.9209e-01 | Valid loss: 5.5749e-01 | Train acc: 0.7609 ± 0.0000 | Valid acc: 0.8525 ± 0.0000 | Valid Power: 0.0014 | Train Power: 0.0014 | patience:  12 | lr: 0.0125 | Epoch time: 0.1 |

2024-09-10 07:06:29,552 - INFO -
| Epoch:    860 | Train loss: 5.8926e-01 | Valid loss: 5.6032e-01 | Train acc: 0.7609 ± 0.0000 | Valid acc: 0.8361 ± 0.0000 | Valid Power: 0.0012 | Train Power: 0.0012 | patience:  22 | lr: 0.0125 | Epoch time: 0.1 |

2024-09-10 07:06:30,324 - INFO -
| Epoch:    870 | Train loss: 5.8552e-01 | Valid loss: 5.4161e-01 | Train acc: 0.7663 ± 0.0000 | Valid acc: 0.8525 ± 0.0000 | Valid Power: 0.0015 | Train Power: 0.0012 | patience:  32 | lr: 0.0125 | Epoch time: 0.1 |

2024-09-10 07:06:31,095 - INFO -
| Epoch:    880 | Train loss: 5.8530e-01 | Valid loss: 5.4124e-01 | Train acc: 0.7663 ± 0.0000 | Valid acc: 0.8525 ± 0.0000 | Valid Power: 0.0014 | Train Power: 0.0015 | patience:  42 | lr: 0.0125 | Epoch time: 0.1 |

2024-09-10 07:06:31,868 - INFO -
| Epoch:    890 | Train loss: 5.8431e-01 | Valid loss: 5.4106e-01 | Train acc: 0.7663 ± 0.0000 | Valid acc: 0.8525 ± 0.0000 | Valid Power: 0.0014 | Train Power: 0.0014 | patience:  52 | lr: 0.0125 | Epoch time: 0.1 |

2024-09-10 07:06:32,642 - INFO -
| Epoch:    900 | Train loss: 5.8410e-01 | Valid loss: 5.5371e-01 | Train acc: 0.7663 ± 0.0000 | Valid acc: 0.8361 ± 0.0000 | Valid Power: 0.0015 | Train Power: 0.0017 | patience:  62 | lr: 0.0125 | Epoch time: 0.1 |

2024-09-10 07:06:33,413 - INFO -
| Epoch:    910 | Train loss: 5.8351e-01 | Valid loss: 5.5340e-01 | Train acc: 0.7663 ± 0.0000 | Valid acc: 0.8361 ± 0.0000 | Valid Power: 0.0014 | Train Power: 0.0014 | patience:  72 | lr: 0.0125 | Epoch time: 0.1 |

2024-09-10 07:06:34,194 - INFO -
| Epoch:    920 | Train loss: 5.8243e-01 | Valid loss: 5.5192e-01 | Train acc: 0.7663 ± 0.0000 | Valid acc: 0.8361 ± 0.0000 | Valid Power: 0.0014 | Train Power: 0.0014 | patience:  82 | lr: 0.0125 | Epoch time: 0.1 |

2024-09-10 07:06:34,966 - INFO -
| Epoch:    930 | Train loss: 5.8104e-01 | Valid loss: 5.4882e-01 | Train acc: 0.7663 ± 0.0000 | Valid acc: 0.8361 ± 0.0000 | Valid Power: 0.0019 | Train Power: 0.0015 | patience:  92 | lr: 0.0125 | Epoch time: 0.1 |

2024-09-10 07:06:35,666 - INFO -
load best network to warm start training with lower lr.

2024-09-10 07:06:35,666 - INFO -
lr update to 0.00625.

2024-09-10 07:06:35,744 - INFO -
| Epoch:    940 | Train loss: 5.8696e-01 | Valid loss: 5.4658e-01 | Train acc: 0.7663 ± 0.0000 | Valid acc: 0.8525 ± 0.0000 | Valid Power: 0.0014 | Train Power: 0.0013 | patience:   1 | lr: 0.00625 | Epoch time: 0.1 |

2024-09-10 07:06:36,517 - INFO -
| Epoch:    950 | Train loss: 5.8646e-01 | Valid loss: 5.6775e-01 | Train acc: 0.7609 ± 0.0000 | Valid acc: 0.8361 ± 0.0000 | Valid Power: 0.0014 | Train Power: 0.0014 | patience:  11 | lr: 0.00625 | Epoch time: 0.1 |

2024-09-10 07:06:37,292 - INFO -
| Epoch:    960 | Train loss: 5.8536e-01 | Valid loss: 5.6622e-01 | Train acc: 0.7609 ± 0.0000 | Valid acc: 0.8361 ± 0.0000 | Valid Power: 0.0014 | Train Power: 0.0014 | patience:  21 | lr: 0.00625 | Epoch time: 0.1 |

2024-09-10 07:06:38,065 - INFO -
| Epoch:    970 | Train loss: 5.8505e-01 | Valid loss: 5.6772e-01 | Train acc: 0.7609 ± 0.0000 | Valid acc: 0.8361 ± 0.0000 | Valid Power: 0.0013 | Train Power: 0.0013 | patience:  31 | lr: 0.00625 | Epoch time: 0.1 |

2024-09-10 07:06:38,838 - INFO -
| Epoch:    980 | Train loss: 5.8495e-01 | Valid loss: 5.6798e-01 | Train acc: 0.7609 ± 0.0000 | Valid acc: 0.8361 ± 0.0000 | Valid Power: 0.0017 | Train Power: 0.0019 | patience:  41 | lr: 0.00625 | Epoch time: 0.1 |

2024-09-10 07:06:39,611 - INFO -
| Epoch:    990 | Train loss: 5.8485e-01 | Valid loss: 5.6913e-01 | Train acc: 0.7609 ± 0.0000 | Valid acc: 0.8361 ± 0.0000 | Valid Power: 0.0013 | Train Power: 0.0013 | patience:  51 | lr: 0.00625 | Epoch time: 0.1 |

2024-09-10 07:06:40,385 - INFO -
| Epoch:   1000 | Train loss: 5.8479e-01 | Valid loss: 5.7101e-01 | Train acc: 0.7609 ± 0.0000 | Valid acc: 0.8361 ± 0.0000 | Valid Power: 0.0014 | Train Power: 0.0014 | patience:  61 | lr: 0.00625 | Epoch time: 0.1 |

2024-09-10 07:06:41,163 - INFO -
| Epoch:   1010 | Train loss: 5.8474e-01 | Valid loss: 5.7170e-01 | Train acc: 0.7609 ± 0.0000 | Valid acc: 0.8361 ± 0.0000 | Valid Power: 0.0014 | Train Power: 0.0014 | patience:  71 | lr: 0.00625 | Epoch time: 0.1 |

2024-09-10 07:06:41,942 - INFO -
| Epoch:   1020 | Train loss: 5.8469e-01 | Valid loss: 5.7164e-01 | Train acc: 0.7609 ± 0.0000 | Valid acc: 0.8361 ± 0.0000 | Valid Power: 0.0016 | Train Power: 0.0016 | patience:  81 | lr: 0.00625 | Epoch time: 0.1 |

2024-09-10 07:06:42,639 - INFO -
| Epoch:   1030 | Train loss: 5.8464e-01 | Valid loss: 5.7150e-01 | Train acc: 0.7609 ± 0.0000 | Valid acc: 0.8361 ± 0.0000 | Valid Power: 0.0017 | Train Power: 0.0017 | patience:  91 | lr: 0.00625 | Epoch time: 0.1 |

2024-09-10 07:06:43,334 - INFO -
load best network to warm start training with lower lr.

2024-09-10 07:06:43,334 - INFO -
lr update to 0.003125.

2024-09-10 07:06:43,334 - INFO -
| Epoch:   1040 | Train loss: 5.8458e-01 | Valid loss: 5.7151e-01 | Train acc: 0.7609 ± 0.0000 | Valid acc: 0.8361 ± 0.0000 | Valid Power: 0.0018 | Train Power: 0.0018 | patience:   0 | lr: 0.003125 | Epoch time: 0.1 |

2024-09-10 07:06:44,023 - INFO -
| Epoch:   1050 | Train loss: 5.8537e-01 | Valid loss: 5.4246e-01 | Train acc: 0.7663 ± 0.0000 | Valid acc: 0.8525 ± 0.0000 | Valid Power: 0.0014 | Train Power: 0.0014 | patience:   9 | lr: 0.003125 | Epoch time: 0.1 |

2024-09-10 07:06:44,789 - INFO -
| Epoch:   1060 | Train loss: 5.8473e-01 | Valid loss: 5.5631e-01 | Train acc: 0.7663 ± 0.0000 | Valid acc: 0.8361 ± 0.0000 | Valid Power: 0.0014 | Train Power: 0.0013 | patience:  19 | lr: 0.003125 | Epoch time: 0.1 |

2024-09-10 07:06:45,475 - INFO -
| Epoch:   1070 | Train loss: 5.8400e-01 | Valid loss: 5.5586e-01 | Train acc: 0.7663 ± 0.0000 | Valid acc: 0.8361 ± 0.0000 | Valid Power: 0.0014 | Train Power: 0.0013 | patience:  29 | lr: 0.003125 | Epoch time: 0.1 |

2024-09-10 07:06:46,156 - INFO -
| Epoch:   1080 | Train loss: 5.8327e-01 | Valid loss: 5.5383e-01 | Train acc: 0.7663 ± 0.0000 | Valid acc: 0.8361 ± 0.0000 | Valid Power: 0.0014 | Train Power: 0.0013 | patience:  39 | lr: 0.003125 | Epoch time: 0.1 |

2024-09-10 07:06:46,847 - INFO -
| Epoch:   1090 | Train loss: 5.8284e-01 | Valid loss: 5.5230e-01 | Train acc: 0.7663 ± 0.0000 | Valid acc: 0.8361 ± 0.0000 | Valid Power: 0.0014 | Train Power: 0.0016 | patience:  49 | lr: 0.003125 | Epoch time: 0.1 |

2024-09-10 07:06:47,532 - INFO -
| Epoch:   1100 | Train loss: 5.8274e-01 | Valid loss: 5.4602e-01 | Train acc: 0.7663 ± 0.0000 | Valid acc: 0.8525 ± 0.0000 | Valid Power: 0.0013 | Train Power: 0.0013 | patience:  59 | lr: 0.003125 | Epoch time: 0.1 |

2024-09-10 07:06:48,215 - INFO -
| Epoch:   1110 | Train loss: 5.8268e-01 | Valid loss: 5.4593e-01 | Train acc: 0.7663 ± 0.0000 | Valid acc: 0.8525 ± 0.0000 | Valid Power: 0.0014 | Train Power: 0.0013 | patience:  69 | lr: 0.003125 | Epoch time: 0.1 |

2024-09-10 07:06:48,900 - INFO -
| Epoch:   1120 | Train loss: 5.8261e-01 | Valid loss: 5.4535e-01 | Train acc: 0.7663 ± 0.0000 | Valid acc: 0.8525 ± 0.0000 | Valid Power: 0.0020 | Train Power: 0.0073 | patience:  79 | lr: 0.003125 | Epoch time: 0.1 |

2024-09-10 07:06:49,596 - INFO -
| Epoch:   1130 | Train loss: 5.8254e-01 | Valid loss: 5.4477e-01 | Train acc: 0.7663 ± 0.0000 | Valid acc: 0.8525 ± 0.0000 | Valid Power: 0.0028 | Train Power: 0.0041 | patience:  89 | lr: 0.003125 | Epoch time: 0.1 |

2024-09-10 07:06:50,284 - INFO -
| Epoch:   1140 | Train loss: 5.8247e-01 | Valid loss: 5.4573e-01 | Train acc: 0.7663 ± 0.0000 | Valid acc: 0.8525 ± 0.0000 | Valid Power: 0.0019 | Train Power: 0.0019 | patience:  99 | lr: 0.003125 | Epoch time: 0.1 |

2024-09-10 07:06:50,425 - INFO -
load best network to warm start training with lower lr.

2024-09-10 07:06:50,425 - INFO -
lr update to 0.0015625.

2024-09-10 07:06:50,975 - INFO -
| Epoch:   1150 | Train loss: 5.8514e-01 | Valid loss: 5.4583e-01 | Train acc: 0.7663 ± 0.0000 | Valid acc: 0.8525 ± 0.0000 | Valid Power: 0.0014 | Train Power: 0.0014 | patience:   8 | lr: 0.0015625 | Epoch time: 0.1 |

2024-09-10 07:06:51,649 - INFO -
| Epoch:   1160 | Train loss: 5.8468e-01 | Valid loss: 5.5202e-01 | Train acc: 0.7663 ± 0.0000 | Valid acc: 0.8361 ± 0.0000 | Valid Power: 0.0014 | Train Power: 0.0014 | patience:  18 | lr: 0.0015625 | Epoch time: 0.1 |

2024-09-10 07:06:52,328 - INFO -
| Epoch:   1170 | Train loss: 5.8411e-01 | Valid loss: 5.5374e-01 | Train acc: 0.7663 ± 0.0000 | Valid acc: 0.8361 ± 0.0000 | Valid Power: 0.0014 | Train Power: 0.0013 | patience:  28 | lr: 0.0015625 | Epoch time: 0.1 |

2024-09-10 07:06:53,006 - INFO -
| Epoch:   1180 | Train loss: 5.8347e-01 | Valid loss: 5.5334e-01 | Train acc: 0.7663 ± 0.0000 | Valid acc: 0.8361 ± 0.0000 | Valid Power: 0.0014 | Train Power: 0.0013 | patience:  38 | lr: 0.0015625 | Epoch time: 0.1 |

2024-09-10 07:06:53,687 - INFO -
| Epoch:   1190 | Train loss: 5.8309e-01 | Valid loss: 5.5217e-01 | Train acc: 0.7663 ± 0.0000 | Valid acc: 0.8361 ± 0.0000 | Valid Power: 0.0016 | Train Power: 0.0013 | patience:  48 | lr: 0.0015625 | Epoch time: 0.1 |

2024-09-10 07:06:54,369 - INFO -
| Epoch:   1200 | Train loss: 5.8293e-01 | Valid loss: 5.5064e-01 | Train acc: 0.7663 ± 0.0000 | Valid acc: 0.8361 ± 0.0000 | Valid Power: 0.0014 | Train Power: 0.0013 | patience:  58 | lr: 0.0015625 | Epoch time: 0.1 |

2024-09-10 07:06:55,045 - INFO -
| Epoch:   1210 | Train loss: 5.8284e-01 | Valid loss: 5.4969e-01 | Train acc: 0.7663 ± 0.0000 | Valid acc: 0.8361 ± 0.0000 | Valid Power: 0.0014 | Train Power: 0.0013 | patience:  68 | lr: 0.0015625 | Epoch time: 0.1 |

2024-09-10 07:06:55,719 - INFO -
| Epoch:   1220 | Train loss: 5.8277e-01 | Valid loss: 5.4895e-01 | Train acc: 0.7663 ± 0.0000 | Valid acc: 0.8361 ± 0.0000 | Valid Power: 0.0014 | Train Power: 0.0013 | patience:  78 | lr: 0.0015625 | Epoch time: 0.1 |

2024-09-10 07:06:56,398 - INFO -
| Epoch:   1230 | Train loss: 5.8271e-01 | Valid loss: 5.5012e-01 | Train acc: 0.7663 ± 0.0000 | Valid acc: 0.8361 ± 0.0000 | Valid Power: 0.0014 | Train Power: 0.0017 | patience:  88 | lr: 0.0015625 | Epoch time: 0.1 |

2024-09-10 07:06:57,073 - INFO -
| Epoch:   1240 | Train loss: 5.8267e-01 | Valid loss: 5.4882e-01 | Train acc: 0.7663 ± 0.0000 | Valid acc: 0.8361 ± 0.0000 | Valid Power: 0.0013 | Train Power: 0.0013 | patience:  98 | lr: 0.0015625 | Epoch time: 0.1 |

2024-09-10 07:06:57,279 - INFO -
load best network to warm start training with lower lr.

2024-09-10 07:06:57,279 - INFO -
lr update to 0.00078125.

2024-09-10 07:06:57,750 - INFO -
| Epoch:   1250 | Train loss: 5.8530e-01 | Valid loss: 5.5404e-01 | Train acc: 0.7663 ± 0.0000 | Valid acc: 0.8361 ± 0.0000 | Valid Power: 0.0014 | Train Power: 0.0013 | patience:   7 | lr: 0.00078125 | Epoch time: 0.1 |

2024-09-10 07:06:58,447 - INFO -
| Epoch:   1260 | Train loss: 5.8507e-01 | Valid loss: 5.4801e-01 | Train acc: 0.7663 ± 0.0000 | Valid acc: 0.8361 ± 0.0000 | Valid Power: 0.0014 | Train Power: 0.0014 | patience:  17 | lr: 0.00078125 | Epoch time: 0.1 |

2024-09-10 07:06:59,113 - INFO -
| Epoch:   1270 | Train loss: 5.8479e-01 | Valid loss: 5.5276e-01 | Train acc: 0.7663 ± 0.0000 | Valid acc: 0.8361 ± 0.0000 | Valid Power: 0.0014 | Train Power: 0.0014 | patience:  27 | lr: 0.00078125 | Epoch time: 0.1 |

2024-09-10 07:06:59,777 - INFO -
| Epoch:   1280 | Train loss: 5.8450e-01 | Valid loss: 5.5427e-01 | Train acc: 0.7663 ± 0.0000 | Valid acc: 0.8361 ± 0.0000 | Valid Power: 0.0014 | Train Power: 0.0014 | patience:  37 | lr: 0.00078125 | Epoch time: 0.1 |

2024-09-10 07:07:00,441 - INFO -
| Epoch:   1290 | Train loss: 5.8414e-01 | Valid loss: 5.5411e-01 | Train acc: 0.7663 ± 0.0000 | Valid acc: 0.8361 ± 0.0000 | Valid Power: 0.0014 | Train Power: 0.0013 | patience:  47 | lr: 0.00078125 | Epoch time: 0.1 |

2024-09-10 07:07:01,110 - INFO -
| Epoch:   1300 | Train loss: 5.8375e-01 | Valid loss: 5.5413e-01 | Train acc: 0.7663 ± 0.0000 | Valid acc: 0.8361 ± 0.0000 | Valid Power: 0.0014 | Train Power: 0.0013 | patience:  57 | lr: 0.00078125 | Epoch time: 0.1 |

2024-09-10 07:07:01,781 - INFO -
| Epoch:   1310 | Train loss: 5.8343e-01 | Valid loss: 5.5379e-01 | Train acc: 0.7663 ± 0.0000 | Valid acc: 0.8361 ± 0.0000 | Valid Power: 0.0014 | Train Power: 0.0013 | patience:  67 | lr: 0.00078125 | Epoch time: 0.1 |

2024-09-10 07:07:02,451 - INFO -
| Epoch:   1320 | Train loss: 5.8321e-01 | Valid loss: 5.5317e-01 | Train acc: 0.7663 ± 0.0000 | Valid acc: 0.8361 ± 0.0000 | Valid Power: 0.0014 | Train Power: 0.0013 | patience:  77 | lr: 0.00078125 | Epoch time: 0.1 |

2024-09-10 07:07:03,122 - INFO -
| Epoch:   1330 | Train loss: 5.8308e-01 | Valid loss: 5.5239e-01 | Train acc: 0.7663 ± 0.0000 | Valid acc: 0.8361 ± 0.0000 | Valid Power: 0.0014 | Train Power: 0.0013 | patience:  87 | lr: 0.00078125 | Epoch time: 0.1 |

2024-09-10 07:07:03,792 - INFO -
| Epoch:   1340 | Train loss: 5.8300e-01 | Valid loss: 5.5174e-01 | Train acc: 0.7663 ± 0.0000 | Valid acc: 0.8361 ± 0.0000 | Valid Power: 0.0014 | Train Power: 0.0013 | patience:  97 | lr: 0.00078125 | Epoch time: 0.1 |

2024-09-10 07:07:04,070 - INFO -
load best network to warm start training with lower lr.

2024-09-10 07:07:04,070 - INFO -
lr update to 0.000390625.

2024-09-10 07:07:04,490 - INFO -
| Epoch:   1350 | Train loss: 5.8547e-01 | Valid loss: 5.4265e-01 | Train acc: 0.7663 ± 0.0000 | Valid acc: 0.8525 ± 0.0000 | Valid Power: 0.0014 | Train Power: 0.0013 | patience:   6 | lr: 0.000390625 | Epoch time: 0.1 |

2024-09-10 07:07:05,161 - INFO -
| Epoch:   1360 | Train loss: 5.8523e-01 | Valid loss: 5.5253e-01 | Train acc: 0.7663 ± 0.0000 | Valid acc: 0.8361 ± 0.0000 | Valid Power: 0.0014 | Train Power: 0.0013 | patience:  16 | lr: 0.000390625 | Epoch time: 0.1 |

2024-09-10 07:07:05,831 - INFO -
| Epoch:   1370 | Train loss: 5.8509e-01 | Valid loss: 5.4847e-01 | Train acc: 0.7663 ± 0.0000 | Valid acc: 0.8361 ± 0.0000 | Valid Power: 0.0014 | Train Power: 0.0014 | patience:  26 | lr: 0.000390625 | Epoch time: 0.1 |

2024-09-10 07:07:06,502 - INFO -
| Epoch:   1380 | Train loss: 5.8494e-01 | Valid loss: 5.5290e-01 | Train acc: 0.7663 ± 0.0000 | Valid acc: 0.8361 ± 0.0000 | Valid Power: 0.0014 | Train Power: 0.0014 | patience:  36 | lr: 0.000390625 | Epoch time: 0.1 |

2024-09-10 07:07:07,182 - INFO -
| Epoch:   1390 | Train loss: 5.8480e-01 | Valid loss: 5.5170e-01 | Train acc: 0.7663 ± 0.0000 | Valid acc: 0.8361 ± 0.0000 | Valid Power: 0.0014 | Train Power: 0.0014 | patience:  46 | lr: 0.000390625 | Epoch time: 0.1 |

2024-09-10 07:07:07,854 - INFO -
| Epoch:   1400 | Train loss: 5.8463e-01 | Valid loss: 5.5346e-01 | Train acc: 0.7663 ± 0.0000 | Valid acc: 0.8361 ± 0.0000 | Valid Power: 0.0014 | Train Power: 0.0014 | patience:  56 | lr: 0.000390625 | Epoch time: 0.1 |

2024-09-10 07:07:08,526 - INFO -
| Epoch:   1410 | Train loss: 5.8444e-01 | Valid loss: 5.5345e-01 | Train acc: 0.7663 ± 0.0000 | Valid acc: 0.8361 ± 0.0000 | Valid Power: 0.0014 | Train Power: 0.0014 | patience:  66 | lr: 0.000390625 | Epoch time: 0.1 |

2024-09-10 07:07:09,197 - INFO -
| Epoch:   1420 | Train loss: 5.8422e-01 | Valid loss: 5.5396e-01 | Train acc: 0.7663 ± 0.0000 | Valid acc: 0.8361 ± 0.0000 | Valid Power: 0.0014 | Train Power: 0.0013 | patience:  76 | lr: 0.000390625 | Epoch time: 0.1 |

2024-09-10 07:07:09,873 - INFO -
| Epoch:   1430 | Train loss: 5.8400e-01 | Valid loss: 5.5427e-01 | Train acc: 0.7663 ± 0.0000 | Valid acc: 0.8361 ± 0.0000 | Valid Power: 0.0014 | Train Power: 0.0013 | patience:  86 | lr: 0.000390625 | Epoch time: 0.1 |

2024-09-10 07:07:10,545 - INFO -
| Epoch:   1440 | Train loss: 5.8378e-01 | Valid loss: 5.5423e-01 | Train acc: 0.7663 ± 0.0000 | Valid acc: 0.8361 ± 0.0000 | Valid Power: 0.0014 | Train Power: 0.0013 | patience:  96 | lr: 0.000390625 | Epoch time: 0.1 |

2024-09-10 07:07:10,884 - INFO -
load best network to warm start training with lower lr.

2024-09-10 07:07:10,884 - INFO -
lr update to 0.0001953125.

2024-09-10 07:07:11,220 - INFO -
| Epoch:   1450 | Train loss: 5.8570e-01 | Valid loss: 5.4038e-01 | Train acc: 0.7663 ± 0.0000 | Valid acc: 0.8525 ± 0.0000 | Valid Power: 0.0014 | Train Power: 0.0013 | patience:   5 | lr: 0.0001953125 | Epoch time: 0.1 |

2024-09-10 07:07:11,890 - INFO -
| Epoch:   1460 | Train loss: 5.8534e-01 | Valid loss: 5.4493e-01 | Train acc: 0.7663 ± 0.0000 | Valid acc: 0.8525 ± 0.0000 | Valid Power: 0.0014 | Train Power: 0.0013 | patience:  15 | lr: 0.0001953125 | Epoch time: 0.1 |

2024-09-10 07:07:12,560 - INFO -
| Epoch:   1470 | Train loss: 5.8522e-01 | Valid loss: 5.5218e-01 | Train acc: 0.7663 ± 0.0000 | Valid acc: 0.8361 ± 0.0000 | Valid Power: 0.0014 | Train Power: 0.0013 | patience:  25 | lr: 0.0001953125 | Epoch time: 0.1 |

2024-09-10 07:07:13,232 - INFO -
| Epoch:   1480 | Train loss: 5.8513e-01 | Valid loss: 5.5015e-01 | Train acc: 0.7663 ± 0.0000 | Valid acc: 0.8361 ± 0.0000 | Valid Power: 0.0014 | Train Power: 0.0013 | patience:  35 | lr: 0.0001953125 | Epoch time: 0.1 |

2024-09-10 07:07:13,902 - INFO -
| Epoch:   1490 | Train loss: 5.8507e-01 | Valid loss: 5.4991e-01 | Train acc: 0.7663 ± 0.0000 | Valid acc: 0.8361 ± 0.0000 | Valid Power: 0.0014 | Train Power: 0.0013 | patience:  45 | lr: 0.0001953125 | Epoch time: 0.1 |

2024-09-10 07:07:14,577 - INFO -
| Epoch:   1500 | Train loss: 5.8499e-01 | Valid loss: 5.5184e-01 | Train acc: 0.7663 ± 0.0000 | Valid acc: 0.8361 ± 0.0000 | Valid Power: 0.0014 | Train Power: 0.0014 | patience:  55 | lr: 0.0001953125 | Epoch time: 0.1 |

2024-09-10 07:07:15,213 - INFO -
| Epoch:   1510 | Train loss: 5.8491e-01 | Valid loss: 5.5171e-01 | Train acc: 0.7663 ± 0.0000 | Valid acc: 0.8361 ± 0.0000 | Valid Power: 0.0014 | Train Power: 0.0014 | patience:  65 | lr: 0.0001953125 | Epoch time: 0.1 |

2024-09-10 07:07:15,921 - INFO -
| Epoch:   1520 | Train loss: 5.8482e-01 | Valid loss: 5.5215e-01 | Train acc: 0.7663 ± 0.0000 | Valid acc: 0.8361 ± 0.0000 | Valid Power: 0.0014 | Train Power: 0.0014 | patience:  75 | lr: 0.0001953125 | Epoch time: 0.1 |

2024-09-10 07:07:16,564 - INFO -
| Epoch:   1530 | Train loss: 5.8473e-01 | Valid loss: 5.5273e-01 | Train acc: 0.7663 ± 0.0000 | Valid acc: 0.8361 ± 0.0000 | Valid Power: 0.0014 | Train Power: 0.0014 | patience:  85 | lr: 0.0001953125 | Epoch time: 0.1 |

2024-09-10 07:07:17,211 - INFO -
| Epoch:   1540 | Train loss: 5.8463e-01 | Valid loss: 5.5295e-01 | Train acc: 0.7663 ± 0.0000 | Valid acc: 0.8361 ± 0.0000 | Valid Power: 0.0014 | Train Power: 0.0014 | patience:  95 | lr: 0.0001953125 | Epoch time: 0.1 |

2024-09-10 07:07:17,588 - INFO -
load best network to warm start training with lower lr.

2024-09-10 07:07:17,588 - INFO -
lr update to 9.765625e-05.

2024-09-10 07:07:17,588 - INFO -
Early stop.

2024-09-10 07:07:17,594 - INFO -
Training if finished.

2024-09-12 20:25:13,100 - INFO -
Configuration: 
gmin                0.01
gmax                10.0
T                   0.1
m                   0.3
type_nonlinear      normal
act                 tanh
ACT_R1n             12.7865
ACT_R2n             -3.1871
ACT_W1n             -10.4537
ACT_L1n             10.546
ACT_W2n             -5.8496
ACT_L2n             4.2337
S_R1n               -11.7481
S_R2n               -0.3905
S_W1n               -9.169
S_L1n               0.3913
S_W2n               7.2004
S_L2n               15.5558
ReLU_RHn            -1.9557
ReLU_RLn            -20.1581
ReLU_RDn            16.6486
ReLU_RBn            -14.3472
ReLU_Wn             16.655
ReLU_Ln             -21.7591
HS_Rn               -0.3766
HS_Wn               0.5192
HS_Ln               4.6293
NEG_R1n             -7.0846
NEG_R2n             -2.5695
NEG_R3n             16.1542
NEG_W1n             13.8696
NEG_L1n             2.7635
NEG_W2n             1.2674
NEG_L2n             -10.4803
NEG_W3n             -6.4386
NEG_L3n             5.1005
task                normal
DATASET             12
DataPath            ./dataset
InputNoise          0.0
IN_test             0.0
R_train             1
R_test              1
N_time              32
pathnorm            False
hidden              [3]
skipconnection      False
SEED                6
DEVICE              cpu
PATIENCE            500
EPOCH               10000000000
LR                  0.1
PROGRESSIVE         True
LR_PATIENCE         100
LR_DECAY            0.5
LR_MIN              0.0001
metric              acc
SoftEva             True
TIMELIMITATION      71
MODE                nominal
M_train             1
K_train             1
M_test              1
K_test              1
t_test_max          1
integration         MC
N_train             1
e_train             0.0
N_test              100
e_test              0.1
e_fault             2
fault_ratio         0.0
N_fault             50
e_fault_test        0
N_fault_test        50
dropout             0.0
lagrangian_loss     False
rho                 100
powerestimator      none
powerbalance        0.0
estimatorbalance    0.0
pgmin               1e-07
power_ratio         1000
lambda_P            100
areaestimator       none
areabalance         0.0
area_theta          0.15
area_act            30.0
area_neg            22.7
lambda_A            0.001
lnc                 False
projectname         tanh_0_FaultAnalysisNormal
temppath            ./tanh_0_FaultAnalysisNormal/temp/
logfilepath         ./tanh_0_FaultAnalysisNormal/log/
report_freq         10
recording           False
recordpath          ./tanh_0_FaultAnalysisNormal/record/
savepath            ./tanh_0_FaultAnalysisNormal/models/
loglevel            info


2024-09-12 20:25:13,118 - INFO -
Training network on device: cpu.

2024-09-12 20:25:13,118 - INFO -
Training setup: data_12_vertebralcolumn3clases_seed_06_epsilon_0.0_dropout_0.0_fault_ratio_0.0.model.

2024-09-12 20:25:13,118 - INFO -
{'dataname': 'vertebralcolumn3clases', 'N_feature': 6, 'N_class': 3, 'N_train': 184, 'N_valid': 61, 'N_test': 63}

2024-09-12 20:25:13,119 - INFO -
Training was already finished.

