2024-09-09 23:57:34,923 - INFO -
Configuration: 
gmin                0.01
gmax                10.0
T                   0.1
m                   0.3
type_nonlinear      normal
act                 tanh
ACT_R1n             12.7865
ACT_R2n             -3.1871
ACT_W1n             -10.4537
ACT_L1n             10.546
ACT_W2n             -5.8496
ACT_L2n             4.2337
S_R1n               -11.7481
S_R2n               -0.3905
S_W1n               -9.169
S_L1n               0.3913
S_W2n               7.2004
S_L2n               15.5558
ReLU_RHn            -1.9557
ReLU_RLn            -20.1581
ReLU_RDn            16.6486
ReLU_RBn            -14.3472
ReLU_Wn             16.655
ReLU_Ln             -21.7591
HS_Rn               -0.3766
HS_Wn               0.5192
HS_Ln               4.6293
NEG_R1n             -7.0846
NEG_R2n             -2.5695
NEG_R3n             16.1542
NEG_W1n             13.8696
NEG_L1n             2.7635
NEG_W2n             1.2674
NEG_L2n             -10.4803
NEG_W3n             -6.4386
NEG_L3n             5.1005
task                normal
DATASET             9
DataPath            ./dataset
InputNoise          0.0
IN_test             0.0
R_train             1
R_test              1
N_time              32
pathnorm            False
hidden              [3]
skipconnection      False
SEED                2
DEVICE              cpu
PATIENCE            500
EPOCH               10000000000
LR                  0.1
PROGRESSIVE         True
LR_PATIENCE         100
LR_DECAY            0.5
LR_MIN              0.0001
metric              acc
SoftEva             True
TIMELIMITATION      71
MODE                nominal
M_train             1
K_train             1
M_test              1
K_test              1
t_test_max          1
integration         MC
N_train             1
e_train             0.0
N_test              100
e_test              0.1
e_fault             2
fault_ratio         0.0
N_fault             50
e_fault_test        0
N_fault_test        50
dropout             0.0
lagrangian_loss     False
rho                 100
powerestimator      none
powerbalance        0.0
estimatorbalance    0.0
pgmin               1e-07
power_ratio         1000
lambda_P            100
areaestimator       none
areabalance         0.0
area_theta          0.15
area_act            30.0
area_neg            22.7
lambda_A            0.001
lnc                 False
projectname         tanh_0_FaultAnalysisNormal
temppath            ./tanh_0_FaultAnalysisNormal/temp/
logfilepath         ./tanh_0_FaultAnalysisNormal/log/
report_freq         10
recording           False
recordpath          ./tanh_0_FaultAnalysisNormal/record/
savepath            ./tanh_0_FaultAnalysisNormal/models/
loglevel            info


2024-09-09 23:57:34,924 - INFO -
Training network on device: cpu.

2024-09-09 23:57:34,924 - INFO -
Training setup: data_09_seeds_seed_02_epsilon_0.0_dropout_0.0_fault_ratio_0.0.model.

2024-09-09 23:57:34,924 - INFO -
{'dataname': 'seeds', 'N_feature': 7, 'N_class': 3, 'N_train': 124, 'N_valid': 41, 'N_test': 43}

2024-09-09 23:57:34,924 - INFO -
Topology of the network: [7, 3, 3].

2024-09-09 23:57:36,528 - INFO -
| Epoch:      0 | Train loss: 1.0986e+00 | Valid loss: 1.1175e+00 | Train acc: 0.3548 ± 0.0000 | Valid acc: 0.2439 ± 0.0000 | Valid Power: 0.0009 | Train Power: 0.0005 | patience:   0 | lr: 0.1 | Epoch time: 0.1 |

2024-09-09 23:57:37,455 - INFO -
| Epoch:     10 | Train loss: 1.0297e+00 | Valid loss: 1.0687e+00 | Train acc: 0.4919 ± 0.0000 | Valid acc: 0.2927 ± 0.0000 | Valid Power: 0.0044 | Train Power: 0.0007 | patience:   0 | lr: 0.1 | Epoch time: 0.1 |

2024-09-09 23:57:38,399 - INFO -
| Epoch:     20 | Train loss: 7.5327e-01 | Valid loss: 7.3356e-01 | Train acc: 0.7419 ± 0.0000 | Valid acc: 0.8537 ± 0.0000 | Valid Power: 0.0009 | Train Power: 0.0008 | patience:   0 | lr: 0.1 | Epoch time: 0.1 |

2024-09-09 23:57:39,373 - INFO -
| Epoch:     30 | Train loss: 5.0995e-01 | Valid loss: 5.3996e-01 | Train acc: 0.9032 ± 0.0000 | Valid acc: 0.8537 ± 0.0000 | Valid Power: 0.0009 | Train Power: 0.0010 | patience:   0 | lr: 0.1 | Epoch time: 0.1 |

2024-09-09 23:57:40,289 - INFO -
| Epoch:     40 | Train loss: 5.0134e-01 | Valid loss: 5.5840e-01 | Train acc: 0.8145 ± 0.0000 | Valid acc: 0.7317 ± 0.0000 | Valid Power: 0.0008 | Train Power: 0.0008 | patience:   5 | lr: 0.1 | Epoch time: 0.1 |

2024-09-09 23:57:41,213 - INFO -
| Epoch:     50 | Train loss: 4.6072e-01 | Valid loss: 5.1896e-01 | Train acc: 0.8710 ± 0.0000 | Valid acc: 0.7805 ± 0.0000 | Valid Power: 0.0008 | Train Power: 0.0008 | patience:   2 | lr: 0.1 | Epoch time: 0.1 |

2024-09-09 23:57:42,131 - INFO -
| Epoch:     60 | Train loss: 4.3144e-01 | Valid loss: 5.1420e-01 | Train acc: 0.9355 ± 0.0000 | Valid acc: 0.8537 ± 0.0000 | Valid Power: 0.0008 | Train Power: 0.0008 | patience:   6 | lr: 0.1 | Epoch time: 0.1 |

2024-09-09 23:57:43,069 - INFO -
| Epoch:     70 | Train loss: 4.2976e-01 | Valid loss: 4.6266e-01 | Train acc: 0.9355 ± 0.0000 | Valid acc: 0.9024 ± 0.0000 | Valid Power: 0.0008 | Train Power: 0.0008 | patience:   0 | lr: 0.1 | Epoch time: 0.1 |

2024-09-09 23:57:43,999 - INFO -
| Epoch:     80 | Train loss: 4.2059e-01 | Valid loss: 4.6998e-01 | Train acc: 0.9516 ± 0.0000 | Valid acc: 0.9024 ± 0.0000 | Valid Power: 0.0008 | Train Power: 0.0008 | patience:   4 | lr: 0.1 | Epoch time: 0.1 |

2024-09-09 23:57:44,911 - INFO -
| Epoch:     90 | Train loss: 4.1370e-01 | Valid loss: 4.7592e-01 | Train acc: 0.9516 ± 0.0000 | Valid acc: 0.9024 ± 0.0000 | Valid Power: 0.0008 | Train Power: 0.0008 | patience:   6 | lr: 0.1 | Epoch time: 0.1 |

2024-09-09 23:57:45,823 - INFO -
| Epoch:    100 | Train loss: 4.0583e-01 | Valid loss: 4.5534e-01 | Train acc: 0.9435 ± 0.0000 | Valid acc: 0.9024 ± 0.0000 | Valid Power: 0.0008 | Train Power: 0.0008 | patience:   7 | lr: 0.1 | Epoch time: 0.1 |

2024-09-09 23:57:46,744 - INFO -
| Epoch:    110 | Train loss: 3.9870e-01 | Valid loss: 4.4261e-01 | Train acc: 0.9597 ± 0.0000 | Valid acc: 0.9024 ± 0.0000 | Valid Power: 0.0013 | Train Power: 0.0011 | patience:   0 | lr: 0.1 | Epoch time: 0.1 |

2024-09-09 23:57:47,656 - INFO -
| Epoch:    120 | Train loss: 3.9296e-01 | Valid loss: 4.4637e-01 | Train acc: 0.9435 ± 0.0000 | Valid acc: 0.9024 ± 0.0000 | Valid Power: 0.0012 | Train Power: 0.0014 | patience:   2 | lr: 0.1 | Epoch time: 0.1 |

2024-09-09 23:57:48,565 - INFO -
| Epoch:    130 | Train loss: 3.8788e-01 | Valid loss: 4.4165e-01 | Train acc: 0.9516 ± 0.0000 | Valid acc: 0.9024 ± 0.0000 | Valid Power: 0.0011 | Train Power: 0.0012 | patience:  12 | lr: 0.1 | Epoch time: 0.1 |

2024-09-09 23:57:49,488 - INFO -
| Epoch:    140 | Train loss: 3.8325e-01 | Valid loss: 4.3814e-01 | Train acc: 0.9435 ± 0.0000 | Valid acc: 0.9024 ± 0.0000 | Valid Power: 0.0011 | Train Power: 0.0011 | patience:   0 | lr: 0.1 | Epoch time: 0.1 |

2024-09-09 23:57:50,403 - INFO -
| Epoch:    150 | Train loss: 3.7935e-01 | Valid loss: 4.3822e-01 | Train acc: 0.9435 ± 0.0000 | Valid acc: 0.9024 ± 0.0000 | Valid Power: 0.0011 | Train Power: 0.0011 | patience:   4 | lr: 0.1 | Epoch time: 0.1 |

2024-09-09 23:57:51,409 - INFO -
| Epoch:    160 | Train loss: 3.6393e-01 | Valid loss: 4.4541e-01 | Train acc: 0.9758 ± 0.0000 | Valid acc: 0.9024 ± 0.0000 | Valid Power: 0.0011 | Train Power: 0.0011 | patience:  14 | lr: 0.1 | Epoch time: 0.1 |

2024-09-09 23:57:52,331 - INFO -
| Epoch:    170 | Train loss: 3.7982e-01 | Valid loss: 4.3084e-01 | Train acc: 0.9597 ± 0.0000 | Valid acc: 0.9024 ± 0.0000 | Valid Power: 0.0011 | Train Power: 0.0011 | patience:   1 | lr: 0.1 | Epoch time: 0.1 |

2024-09-09 23:57:53,239 - INFO -
| Epoch:    180 | Train loss: 3.9303e-01 | Valid loss: 4.4984e-01 | Train acc: 0.9355 ± 0.0000 | Valid acc: 0.8780 ± 0.0000 | Valid Power: 0.0011 | Train Power: 0.0011 | patience:  11 | lr: 0.1 | Epoch time: 0.1 |

2024-09-09 23:57:54,153 - INFO -
| Epoch:    190 | Train loss: 3.7279e-01 | Valid loss: 4.2932e-01 | Train acc: 0.9758 ± 0.0000 | Valid acc: 0.9024 ± 0.0000 | Valid Power: 0.0014 | Train Power: 0.0011 | patience:   0 | lr: 0.1 | Epoch time: 0.1 |

2024-09-09 23:57:55,076 - INFO -
| Epoch:    200 | Train loss: 3.4100e-01 | Valid loss: 4.1986e-01 | Train acc: 0.9839 ± 0.0000 | Valid acc: 0.9024 ± 0.0000 | Valid Power: 0.0011 | Train Power: 0.0011 | patience:   0 | lr: 0.1 | Epoch time: 0.1 |

2024-09-09 23:57:55,991 - INFO -
| Epoch:    210 | Train loss: 3.4251e-01 | Valid loss: 4.4180e-01 | Train acc: 0.9758 ± 0.0000 | Valid acc: 0.8780 ± 0.0000 | Valid Power: 0.0011 | Train Power: 0.0011 | patience:   9 | lr: 0.1 | Epoch time: 0.1 |

2024-09-09 23:57:56,902 - INFO -
| Epoch:    220 | Train loss: 3.6838e-01 | Valid loss: 4.3161e-01 | Train acc: 0.9194 ± 0.0000 | Valid acc: 0.8780 ± 0.0000 | Valid Power: 0.0011 | Train Power: 0.0011 | patience:  19 | lr: 0.1 | Epoch time: 0.1 |

2024-09-09 23:57:57,814 - INFO -
| Epoch:    230 | Train loss: 3.6594e-01 | Valid loss: 4.8173e-01 | Train acc: 0.9597 ± 0.0000 | Valid acc: 0.8780 ± 0.0000 | Valid Power: 0.0010 | Train Power: 0.0010 | patience:  29 | lr: 0.1 | Epoch time: 0.1 |

2024-09-09 23:57:58,732 - INFO -
| Epoch:    240 | Train loss: 3.4647e-01 | Valid loss: 4.3845e-01 | Train acc: 0.9597 ± 0.0000 | Valid acc: 0.8537 ± 0.0000 | Valid Power: 0.0010 | Train Power: 0.0010 | patience:  39 | lr: 0.1 | Epoch time: 0.1 |

2024-09-09 23:57:59,644 - INFO -
| Epoch:    250 | Train loss: 3.2959e-01 | Valid loss: 4.5425e-01 | Train acc: 0.9677 ± 0.0000 | Valid acc: 0.8780 ± 0.0000 | Valid Power: 0.0010 | Train Power: 0.0010 | patience:  49 | lr: 0.1 | Epoch time: 0.1 |

2024-09-09 23:58:00,555 - INFO -
| Epoch:    260 | Train loss: 3.4547e-01 | Valid loss: 4.5855e-01 | Train acc: 0.9758 ± 0.0000 | Valid acc: 0.8537 ± 0.0000 | Valid Power: 0.0010 | Train Power: 0.0013 | patience:  59 | lr: 0.1 | Epoch time: 0.1 |

2024-09-09 23:58:01,470 - INFO -
| Epoch:    270 | Train loss: 3.5846e-01 | Valid loss: 4.1672e-01 | Train acc: 0.9597 ± 0.0000 | Valid acc: 0.9024 ± 0.0000 | Valid Power: 0.0010 | Train Power: 0.0010 | patience:   9 | lr: 0.1 | Epoch time: 0.1 |

2024-09-09 23:58:02,394 - INFO -
| Epoch:    280 | Train loss: 3.3650e-01 | Valid loss: 4.3233e-01 | Train acc: 0.9839 ± 0.0000 | Valid acc: 0.9024 ± 0.0000 | Valid Power: 0.0010 | Train Power: 0.0010 | patience:   6 | lr: 0.1 | Epoch time: 0.1 |

2024-09-09 23:58:03,305 - INFO -
| Epoch:    290 | Train loss: 3.2272e-01 | Valid loss: 4.3652e-01 | Train acc: 0.9839 ± 0.0000 | Valid acc: 0.9024 ± 0.0000 | Valid Power: 0.0010 | Train Power: 0.0010 | patience:  16 | lr: 0.1 | Epoch time: 0.1 |

2024-09-09 23:58:04,216 - INFO -
| Epoch:    300 | Train loss: 3.2877e-01 | Valid loss: 4.3019e-01 | Train acc: 0.9758 ± 0.0000 | Valid acc: 0.9024 ± 0.0000 | Valid Power: 0.0011 | Train Power: 0.0011 | patience:  26 | lr: 0.1 | Epoch time: 0.1 |

2024-09-09 23:58:05,127 - INFO -
| Epoch:    310 | Train loss: 3.3275e-01 | Valid loss: 4.7081e-01 | Train acc: 0.9597 ± 0.0000 | Valid acc: 0.8537 ± 0.0000 | Valid Power: 0.0011 | Train Power: 0.0011 | patience:  36 | lr: 0.1 | Epoch time: 0.1 |

2024-09-09 23:58:06,038 - INFO -
| Epoch:    320 | Train loss: 3.2830e-01 | Valid loss: 4.2765e-01 | Train acc: 0.9758 ± 0.0000 | Valid acc: 0.9024 ± 0.0000 | Valid Power: 0.0011 | Train Power: 0.0011 | patience:  46 | lr: 0.1 | Epoch time: 0.1 |

2024-09-09 23:58:06,949 - INFO -
| Epoch:    330 | Train loss: 3.2785e-01 | Valid loss: 4.3186e-01 | Train acc: 0.9758 ± 0.0000 | Valid acc: 0.9024 ± 0.0000 | Valid Power: 0.0011 | Train Power: 0.0011 | patience:  56 | lr: 0.1 | Epoch time: 0.1 |

2024-09-09 23:58:07,861 - INFO -
| Epoch:    340 | Train loss: 3.2827e-01 | Valid loss: 4.5327e-01 | Train acc: 0.9597 ± 0.0000 | Valid acc: 0.9024 ± 0.0000 | Valid Power: 0.0011 | Train Power: 0.0011 | patience:  66 | lr: 0.1 | Epoch time: 0.1 |

2024-09-09 23:58:08,783 - INFO -
| Epoch:    350 | Train loss: 3.3713e-01 | Valid loss: 3.8981e-01 | Train acc: 0.9839 ± 0.0000 | Valid acc: 0.9512 ± 0.0000 | Valid Power: 0.0019 | Train Power: 0.0024 | patience:   1 | lr: 0.1 | Epoch time: 0.1 |

2024-09-09 23:58:09,699 - INFO -
| Epoch:    360 | Train loss: 3.3215e-01 | Valid loss: 4.4733e-01 | Train acc: 0.9677 ± 0.0000 | Valid acc: 0.8780 ± 0.0000 | Valid Power: 0.0012 | Train Power: 0.0013 | patience:  11 | lr: 0.1 | Epoch time: 0.1 |

2024-09-09 23:58:10,613 - INFO -
| Epoch:    370 | Train loss: 3.3060e-01 | Valid loss: 4.4168e-01 | Train acc: 0.9677 ± 0.0000 | Valid acc: 0.8780 ± 0.0000 | Valid Power: 0.0010 | Train Power: 0.0010 | patience:  21 | lr: 0.1 | Epoch time: 0.1 |

2024-09-09 23:58:11,524 - INFO -
| Epoch:    380 | Train loss: 3.3334e-01 | Valid loss: 4.4494e-01 | Train acc: 0.9597 ± 0.0000 | Valid acc: 0.8780 ± 0.0000 | Valid Power: 0.0012 | Train Power: 0.0015 | patience:  31 | lr: 0.1 | Epoch time: 0.1 |

2024-09-09 23:58:12,441 - INFO -
| Epoch:    390 | Train loss: 3.3217e-01 | Valid loss: 4.3975e-01 | Train acc: 0.9597 ± 0.0000 | Valid acc: 0.8780 ± 0.0000 | Valid Power: 0.0011 | Train Power: 0.0012 | patience:  41 | lr: 0.1 | Epoch time: 0.1 |

2024-09-09 23:58:13,354 - INFO -
| Epoch:    400 | Train loss: 3.3157e-01 | Valid loss: 4.4057e-01 | Train acc: 0.9597 ± 0.0000 | Valid acc: 0.8780 ± 0.0000 | Valid Power: 0.0013 | Train Power: 0.0016 | patience:  51 | lr: 0.1 | Epoch time: 0.1 |

2024-09-09 23:58:14,267 - INFO -
| Epoch:    410 | Train loss: 3.2812e-01 | Valid loss: 4.4040e-01 | Train acc: 0.9597 ± 0.0000 | Valid acc: 0.8780 ± 0.0000 | Valid Power: 0.0051 | Train Power: 0.0056 | patience:  61 | lr: 0.1 | Epoch time: 0.1 |

2024-09-09 23:58:15,178 - INFO -
| Epoch:    420 | Train loss: 3.2606e-01 | Valid loss: 4.3227e-01 | Train acc: 0.9758 ± 0.0000 | Valid acc: 0.9024 ± 0.0000 | Valid Power: 0.0011 | Train Power: 0.0012 | patience:  71 | lr: 0.1 | Epoch time: 0.1 |

2024-09-09 23:58:16,088 - INFO -
| Epoch:    430 | Train loss: 3.2153e-01 | Valid loss: 4.2005e-01 | Train acc: 0.9839 ± 0.0000 | Valid acc: 0.9024 ± 0.0000 | Valid Power: 0.0013 | Train Power: 0.0012 | patience:  81 | lr: 0.1 | Epoch time: 0.1 |

2024-09-09 23:58:16,999 - INFO -
| Epoch:    440 | Train loss: 3.2075e-01 | Valid loss: 4.3132e-01 | Train acc: 0.9839 ± 0.0000 | Valid acc: 0.9024 ± 0.0000 | Valid Power: 0.0014 | Train Power: 0.0023 | patience:  91 | lr: 0.1 | Epoch time: 0.1 |

2024-09-09 23:58:17,913 - INFO -
load best network to warm start training with lower lr.

2024-09-09 23:58:17,914 - INFO -
lr update to 0.05.

2024-09-09 23:58:17,914 - INFO -
| Epoch:    450 | Train loss: 3.1989e-01 | Valid loss: 4.2833e-01 | Train acc: 0.9839 ± 0.0000 | Valid acc: 0.9024 ± 0.0000 | Valid Power: 0.0013 | Train Power: 0.0013 | patience:   0 | lr: 0.05 | Epoch time: 0.1 |

2024-09-09 23:58:18,827 - INFO -
| Epoch:    460 | Train loss: 3.2650e-01 | Valid loss: 4.3292e-01 | Train acc: 0.9839 ± 0.0000 | Valid acc: 0.9024 ± 0.0000 | Valid Power: 0.0027 | Train Power: 0.0025 | patience:  10 | lr: 0.05 | Epoch time: 0.1 |

2024-09-09 23:58:19,742 - INFO -
| Epoch:    470 | Train loss: 3.2204e-01 | Valid loss: 4.4680e-01 | Train acc: 0.9677 ± 0.0000 | Valid acc: 0.9024 ± 0.0000 | Valid Power: 0.0024 | Train Power: 0.0025 | patience:  20 | lr: 0.05 | Epoch time: 0.1 |

2024-09-09 23:58:20,655 - INFO -
| Epoch:    480 | Train loss: 3.2058e-01 | Valid loss: 4.2936e-01 | Train acc: 0.9839 ± 0.0000 | Valid acc: 0.9024 ± 0.0000 | Valid Power: 0.0024 | Train Power: 0.0024 | patience:  30 | lr: 0.05 | Epoch time: 0.1 |

2024-09-09 23:58:21,568 - INFO -
| Epoch:    490 | Train loss: 3.2092e-01 | Valid loss: 4.2591e-01 | Train acc: 0.9839 ± 0.0000 | Valid acc: 0.9024 ± 0.0000 | Valid Power: 0.0024 | Train Power: 0.0025 | patience:  40 | lr: 0.05 | Epoch time: 0.1 |

2024-09-09 23:58:22,482 - INFO -
| Epoch:    500 | Train loss: 3.2178e-01 | Valid loss: 4.3778e-01 | Train acc: 0.9758 ± 0.0000 | Valid acc: 0.9024 ± 0.0000 | Valid Power: 0.0025 | Train Power: 0.0025 | patience:  50 | lr: 0.05 | Epoch time: 0.1 |

2024-09-09 23:58:23,396 - INFO -
| Epoch:    510 | Train loss: 3.2154e-01 | Valid loss: 4.3585e-01 | Train acc: 0.9839 ± 0.0000 | Valid acc: 0.9024 ± 0.0000 | Valid Power: 0.0026 | Train Power: 0.0029 | patience:  60 | lr: 0.05 | Epoch time: 0.1 |

2024-09-09 23:58:24,309 - INFO -
| Epoch:    520 | Train loss: 3.2123e-01 | Valid loss: 4.3303e-01 | Train acc: 0.9839 ± 0.0000 | Valid acc: 0.9024 ± 0.0000 | Valid Power: 0.0027 | Train Power: 0.0027 | patience:  70 | lr: 0.05 | Epoch time: 0.1 |

2024-09-09 23:58:25,229 - INFO -
| Epoch:    530 | Train loss: 3.2005e-01 | Valid loss: 4.4011e-01 | Train acc: 0.9839 ± 0.0000 | Valid acc: 0.9024 ± 0.0000 | Valid Power: 0.0026 | Train Power: 0.0026 | patience:  80 | lr: 0.05 | Epoch time: 0.1 |

2024-09-09 23:58:26,143 - INFO -
| Epoch:    540 | Train loss: 3.2135e-01 | Valid loss: 4.2897e-01 | Train acc: 0.9839 ± 0.0000 | Valid acc: 0.9024 ± 0.0000 | Valid Power: 0.0025 | Train Power: 0.0026 | patience:  90 | lr: 0.05 | Epoch time: 0.1 |

2024-09-09 23:58:27,055 - INFO -
| Epoch:    550 | Train loss: 3.2024e-01 | Valid loss: 4.4270e-01 | Train acc: 0.9839 ± 0.0000 | Valid acc: 0.9024 ± 0.0000 | Valid Power: 0.0026 | Train Power: 0.0028 | patience: 100 | lr: 0.05 | Epoch time: 0.1 |

2024-09-09 23:58:27,150 - INFO -
load best network to warm start training with lower lr.

2024-09-09 23:58:27,150 - INFO -
lr update to 0.025.

2024-09-09 23:58:27,971 - INFO -
| Epoch:    560 | Train loss: 3.3156e-01 | Valid loss: 4.1760e-01 | Train acc: 0.9677 ± 0.0000 | Valid acc: 0.9024 ± 0.0000 | Valid Power: 0.0025 | Train Power: 0.0041 | patience:   9 | lr: 0.025 | Epoch time: 0.1 |

2024-09-09 23:58:28,885 - INFO -
| Epoch:    570 | Train loss: 3.2977e-01 | Valid loss: 4.2440e-01 | Train acc: 0.9677 ± 0.0000 | Valid acc: 0.9024 ± 0.0000 | Valid Power: 0.0025 | Train Power: 0.0025 | patience:  19 | lr: 0.025 | Epoch time: 0.1 |

2024-09-09 23:58:29,798 - INFO -
| Epoch:    580 | Train loss: 3.2372e-01 | Valid loss: 4.3234e-01 | Train acc: 0.9758 ± 0.0000 | Valid acc: 0.9024 ± 0.0000 | Valid Power: 0.0026 | Train Power: 0.0027 | patience:  29 | lr: 0.025 | Epoch time: 0.1 |

2024-09-09 23:58:30,712 - INFO -
| Epoch:    590 | Train loss: 3.2266e-01 | Valid loss: 4.3414e-01 | Train acc: 0.9758 ± 0.0000 | Valid acc: 0.9024 ± 0.0000 | Valid Power: 0.0025 | Train Power: 0.0027 | patience:  39 | lr: 0.025 | Epoch time: 0.1 |

2024-09-09 23:58:31,626 - INFO -
| Epoch:    600 | Train loss: 3.2203e-01 | Valid loss: 4.3051e-01 | Train acc: 0.9758 ± 0.0000 | Valid acc: 0.9024 ± 0.0000 | Valid Power: 0.0027 | Train Power: 0.0030 | patience:  49 | lr: 0.025 | Epoch time: 0.1 |

2024-09-09 23:58:32,539 - INFO -
| Epoch:    610 | Train loss: 3.2168e-01 | Valid loss: 4.3031e-01 | Train acc: 0.9758 ± 0.0000 | Valid acc: 0.9024 ± 0.0000 | Valid Power: 0.0032 | Train Power: 0.0028 | patience:  59 | lr: 0.025 | Epoch time: 0.1 |

2024-09-09 23:58:33,453 - INFO -
| Epoch:    620 | Train loss: 3.2146e-01 | Valid loss: 4.3141e-01 | Train acc: 0.9758 ± 0.0000 | Valid acc: 0.9024 ± 0.0000 | Valid Power: 0.0027 | Train Power: 0.0026 | patience:  69 | lr: 0.025 | Epoch time: 0.1 |

2024-09-09 23:58:34,366 - INFO -
| Epoch:    630 | Train loss: 3.2129e-01 | Valid loss: 4.3202e-01 | Train acc: 0.9758 ± 0.0000 | Valid acc: 0.9024 ± 0.0000 | Valid Power: 0.0025 | Train Power: 0.0026 | patience:  79 | lr: 0.025 | Epoch time: 0.1 |

2024-09-09 23:58:35,281 - INFO -
| Epoch:    640 | Train loss: 3.2110e-01 | Valid loss: 4.3200e-01 | Train acc: 0.9758 ± 0.0000 | Valid acc: 0.9024 ± 0.0000 | Valid Power: 0.0035 | Train Power: 0.0030 | patience:  89 | lr: 0.025 | Epoch time: 0.1 |

2024-09-09 23:58:36,195 - INFO -
| Epoch:    650 | Train loss: 3.2096e-01 | Valid loss: 4.3240e-01 | Train acc: 0.9758 ± 0.0000 | Valid acc: 0.9024 ± 0.0000 | Valid Power: 0.0034 | Train Power: 0.0033 | patience:  99 | lr: 0.025 | Epoch time: 0.1 |

2024-09-09 23:58:36,380 - INFO -
load best network to warm start training with lower lr.

2024-09-09 23:58:36,381 - INFO -
lr update to 0.0125.

2024-09-09 23:58:37,112 - INFO -
| Epoch:    660 | Train loss: 3.3341e-01 | Valid loss: 4.1064e-01 | Train acc: 0.9758 ± 0.0000 | Valid acc: 0.9024 ± 0.0000 | Valid Power: 0.0024 | Train Power: 0.0025 | patience:   8 | lr: 0.0125 | Epoch time: 0.1 |

2024-09-09 23:58:38,027 - INFO -
| Epoch:    670 | Train loss: 3.3105e-01 | Valid loss: 4.1649e-01 | Train acc: 0.9677 ± 0.0000 | Valid acc: 0.9024 ± 0.0000 | Valid Power: 0.0024 | Train Power: 0.0025 | patience:  18 | lr: 0.0125 | Epoch time: 0.1 |

2024-09-09 23:58:38,939 - INFO -
| Epoch:    680 | Train loss: 3.2973e-01 | Valid loss: 4.2095e-01 | Train acc: 0.9677 ± 0.0000 | Valid acc: 0.9024 ± 0.0000 | Valid Power: 0.0026 | Train Power: 0.0027 | patience:  28 | lr: 0.0125 | Epoch time: 0.1 |

2024-09-09 23:58:39,853 - INFO -
| Epoch:    690 | Train loss: 3.2905e-01 | Valid loss: 4.2631e-01 | Train acc: 0.9677 ± 0.0000 | Valid acc: 0.9024 ± 0.0000 | Valid Power: 0.0030 | Train Power: 0.0027 | patience:  38 | lr: 0.0125 | Epoch time: 0.1 |

2024-09-09 23:58:40,862 - INFO -
| Epoch:    700 | Train loss: 3.2370e-01 | Valid loss: 4.2791e-01 | Train acc: 0.9758 ± 0.0000 | Valid acc: 0.9024 ± 0.0000 | Valid Power: 0.0034 | Train Power: 0.0031 | patience:  48 | lr: 0.0125 | Epoch time: 0.1 |

2024-09-09 23:58:41,777 - INFO -
| Epoch:    710 | Train loss: 3.2283e-01 | Valid loss: 4.2985e-01 | Train acc: 0.9758 ± 0.0000 | Valid acc: 0.9024 ± 0.0000 | Valid Power: 0.0030 | Train Power: 0.0031 | patience:  58 | lr: 0.0125 | Epoch time: 0.1 |

2024-09-09 23:58:42,700 - INFO -
| Epoch:    720 | Train loss: 3.2254e-01 | Valid loss: 4.3131e-01 | Train acc: 0.9758 ± 0.0000 | Valid acc: 0.9024 ± 0.0000 | Valid Power: 0.0027 | Train Power: 0.0028 | patience:  68 | lr: 0.0125 | Epoch time: 0.1 |

2024-09-09 23:58:43,613 - INFO -
| Epoch:    730 | Train loss: 3.2223e-01 | Valid loss: 4.3004e-01 | Train acc: 0.9758 ± 0.0000 | Valid acc: 0.9024 ± 0.0000 | Valid Power: 0.0027 | Train Power: 0.0028 | patience:  78 | lr: 0.0125 | Epoch time: 0.1 |

2024-09-09 23:58:44,535 - INFO -
| Epoch:    740 | Train loss: 3.2205e-01 | Valid loss: 4.2994e-01 | Train acc: 0.9758 ± 0.0000 | Valid acc: 0.9024 ± 0.0000 | Valid Power: 0.0027 | Train Power: 0.0027 | patience:  88 | lr: 0.0125 | Epoch time: 0.1 |

2024-09-09 23:58:45,448 - INFO -
| Epoch:    750 | Train loss: 3.2189e-01 | Valid loss: 4.3068e-01 | Train acc: 0.9758 ± 0.0000 | Valid acc: 0.9024 ± 0.0000 | Valid Power: 0.0027 | Train Power: 0.0029 | patience:  98 | lr: 0.0125 | Epoch time: 0.1 |

2024-09-09 23:58:45,726 - INFO -
load best network to warm start training with lower lr.

2024-09-09 23:58:45,726 - INFO -
lr update to 0.00625.

2024-09-09 23:58:46,366 - INFO -
| Epoch:    760 | Train loss: 3.3371e-01 | Valid loss: 4.0573e-01 | Train acc: 0.9758 ± 0.0000 | Valid acc: 0.9268 ± 0.0000 | Valid Power: 0.0032 | Train Power: 0.0026 | patience:   7 | lr: 0.00625 | Epoch time: 0.1 |

2024-09-09 23:58:47,280 - INFO -
| Epoch:    770 | Train loss: 3.3277e-01 | Valid loss: 4.0979e-01 | Train acc: 0.9677 ± 0.0000 | Valid acc: 0.9024 ± 0.0000 | Valid Power: 0.0024 | Train Power: 0.0025 | patience:  17 | lr: 0.00625 | Epoch time: 0.1 |

2024-09-09 23:58:48,194 - INFO -
| Epoch:    780 | Train loss: 3.3151e-01 | Valid loss: 4.1244e-01 | Train acc: 0.9677 ± 0.0000 | Valid acc: 0.9024 ± 0.0000 | Valid Power: 0.0025 | Train Power: 0.0025 | patience:  27 | lr: 0.00625 | Epoch time: 0.1 |

2024-09-09 23:58:49,108 - INFO -
| Epoch:    790 | Train loss: 3.3069e-01 | Valid loss: 4.1521e-01 | Train acc: 0.9677 ± 0.0000 | Valid acc: 0.9024 ± 0.0000 | Valid Power: 0.0025 | Train Power: 0.0025 | patience:  37 | lr: 0.00625 | Epoch time: 0.1 |

2024-09-09 23:58:50,022 - INFO -
| Epoch:    800 | Train loss: 3.3005e-01 | Valid loss: 4.1753e-01 | Train acc: 0.9677 ± 0.0000 | Valid acc: 0.9024 ± 0.0000 | Valid Power: 0.0026 | Train Power: 0.0027 | patience:  47 | lr: 0.00625 | Epoch time: 0.1 |

2024-09-09 23:58:50,935 - INFO -
| Epoch:    810 | Train loss: 3.2954e-01 | Valid loss: 4.1967e-01 | Train acc: 0.9677 ± 0.0000 | Valid acc: 0.9024 ± 0.0000 | Valid Power: 0.0027 | Train Power: 0.0027 | patience:  57 | lr: 0.00625 | Epoch time: 0.1 |

2024-09-09 23:58:51,848 - INFO -
| Epoch:    820 | Train loss: 3.2914e-01 | Valid loss: 4.2194e-01 | Train acc: 0.9677 ± 0.0000 | Valid acc: 0.9024 ± 0.0000 | Valid Power: 0.0030 | Train Power: 0.0030 | patience:  67 | lr: 0.00625 | Epoch time: 0.1 |

2024-09-09 23:58:52,761 - INFO -
| Epoch:    830 | Train loss: 3.2875e-01 | Valid loss: 4.2328e-01 | Train acc: 0.9677 ± 0.0000 | Valid acc: 0.9024 ± 0.0000 | Valid Power: 0.0032 | Train Power: 0.0034 | patience:  77 | lr: 0.00625 | Epoch time: 0.1 |

2024-09-09 23:58:53,675 - INFO -
| Epoch:    840 | Train loss: 3.2367e-01 | Valid loss: 4.2412e-01 | Train acc: 0.9758 ± 0.0000 | Valid acc: 0.9024 ± 0.0000 | Valid Power: 0.0034 | Train Power: 0.0031 | patience:  87 | lr: 0.00625 | Epoch time: 0.1 |

2024-09-09 23:58:54,589 - INFO -
| Epoch:    850 | Train loss: 3.2285e-01 | Valid loss: 4.2605e-01 | Train acc: 0.9758 ± 0.0000 | Valid acc: 0.9024 ± 0.0000 | Valid Power: 0.0030 | Train Power: 0.0030 | patience:  97 | lr: 0.00625 | Epoch time: 0.1 |

2024-09-09 23:58:54,957 - INFO -
load best network to warm start training with lower lr.

2024-09-09 23:58:54,958 - INFO -
lr update to 0.003125.

2024-09-09 23:58:55,506 - INFO -
| Epoch:    860 | Train loss: 3.3460e-01 | Valid loss: 4.0356e-01 | Train acc: 0.9758 ± 0.0000 | Valid acc: 0.9268 ± 0.0000 | Valid Power: 0.0024 | Train Power: 0.0024 | patience:   6 | lr: 0.003125 | Epoch time: 0.1 |

2024-09-09 23:58:56,421 - INFO -
| Epoch:    870 | Train loss: 3.3365e-01 | Valid loss: 4.0606e-01 | Train acc: 0.9758 ± 0.0000 | Valid acc: 0.9268 ± 0.0000 | Valid Power: 0.0026 | Train Power: 0.0028 | patience:  16 | lr: 0.003125 | Epoch time: 0.1 |

2024-09-09 23:58:57,336 - INFO -
| Epoch:    880 | Train loss: 3.3285e-01 | Valid loss: 4.0859e-01 | Train acc: 0.9758 ± 0.0000 | Valid acc: 0.9024 ± 0.0000 | Valid Power: 0.0025 | Train Power: 0.0025 | patience:  26 | lr: 0.003125 | Epoch time: 0.1 |

2024-09-09 23:58:58,249 - INFO -
| Epoch:    890 | Train loss: 3.3231e-01 | Valid loss: 4.0963e-01 | Train acc: 0.9758 ± 0.0000 | Valid acc: 0.9024 ± 0.0000 | Valid Power: 0.0025 | Train Power: 0.0025 | patience:  36 | lr: 0.003125 | Epoch time: 0.1 |

2024-09-09 23:58:59,164 - INFO -
| Epoch:    900 | Train loss: 3.3179e-01 | Valid loss: 4.1140e-01 | Train acc: 0.9677 ± 0.0000 | Valid acc: 0.9024 ± 0.0000 | Valid Power: 0.0026 | Train Power: 0.0027 | patience:  46 | lr: 0.003125 | Epoch time: 0.1 |

2024-09-09 23:59:00,079 - INFO -
| Epoch:    910 | Train loss: 3.3133e-01 | Valid loss: 4.1248e-01 | Train acc: 0.9677 ± 0.0000 | Valid acc: 0.9024 ± 0.0000 | Valid Power: 0.0027 | Train Power: 0.0027 | patience:  56 | lr: 0.003125 | Epoch time: 0.1 |

2024-09-09 23:59:00,992 - INFO -
| Epoch:    920 | Train loss: 3.3092e-01 | Valid loss: 4.1371e-01 | Train acc: 0.9677 ± 0.0000 | Valid acc: 0.9024 ± 0.0000 | Valid Power: 0.0027 | Train Power: 0.0027 | patience:  66 | lr: 0.003125 | Epoch time: 0.1 |

2024-09-09 23:59:01,907 - INFO -
| Epoch:    930 | Train loss: 3.3056e-01 | Valid loss: 4.1499e-01 | Train acc: 0.9677 ± 0.0000 | Valid acc: 0.9024 ± 0.0000 | Valid Power: 0.0028 | Train Power: 0.0028 | patience:  76 | lr: 0.003125 | Epoch time: 0.1 |

2024-09-09 23:59:02,821 - INFO -
| Epoch:    940 | Train loss: 3.3023e-01 | Valid loss: 4.1619e-01 | Train acc: 0.9677 ± 0.0000 | Valid acc: 0.9024 ± 0.0000 | Valid Power: 0.0028 | Train Power: 0.0028 | patience:  86 | lr: 0.003125 | Epoch time: 0.1 |

2024-09-09 23:59:03,734 - INFO -
| Epoch:    950 | Train loss: 3.2993e-01 | Valid loss: 4.1742e-01 | Train acc: 0.9677 ± 0.0000 | Valid acc: 0.9024 ± 0.0000 | Valid Power: 0.0028 | Train Power: 0.0028 | patience:  96 | lr: 0.003125 | Epoch time: 0.1 |

2024-09-09 23:59:04,194 - INFO -
load best network to warm start training with lower lr.

2024-09-09 23:59:04,194 - INFO -
lr update to 0.0015625.

2024-09-09 23:59:04,650 - INFO -
| Epoch:    960 | Train loss: 3.3599e-01 | Valid loss: 3.9959e-01 | Train acc: 0.9839 ± 0.0000 | Valid acc: 0.9512 ± 0.0000 | Valid Power: 0.0024 | Train Power: 0.0024 | patience:   5 | lr: 0.0015625 | Epoch time: 0.1 |

2024-09-09 23:59:05,564 - INFO -
| Epoch:    970 | Train loss: 3.3416e-01 | Valid loss: 4.0445e-01 | Train acc: 0.9758 ± 0.0000 | Valid acc: 0.9268 ± 0.0000 | Valid Power: 0.0024 | Train Power: 0.0024 | patience:  15 | lr: 0.0015625 | Epoch time: 0.1 |

2024-09-09 23:59:06,478 - INFO -
| Epoch:    980 | Train loss: 3.3374e-01 | Valid loss: 4.0532e-01 | Train acc: 0.9758 ± 0.0000 | Valid acc: 0.9268 ± 0.0000 | Valid Power: 0.0025 | Train Power: 0.0025 | patience:  25 | lr: 0.0015625 | Epoch time: 0.1 |

2024-09-09 23:59:07,394 - INFO -
| Epoch:    990 | Train loss: 3.3333e-01 | Valid loss: 4.0663e-01 | Train acc: 0.9758 ± 0.0000 | Valid acc: 0.9268 ± 0.0000 | Valid Power: 0.0029 | Train Power: 0.0030 | patience:  35 | lr: 0.0015625 | Epoch time: 0.1 |

2024-09-09 23:59:08,307 - INFO -
| Epoch:   1000 | Train loss: 3.3300e-01 | Valid loss: 4.0744e-01 | Train acc: 0.9758 ± 0.0000 | Valid acc: 0.9024 ± 0.0000 | Valid Power: 0.0028 | Train Power: 0.0028 | patience:  45 | lr: 0.0015625 | Epoch time: 0.1 |

2024-09-09 23:59:09,220 - INFO -
| Epoch:   1010 | Train loss: 3.3271e-01 | Valid loss: 4.0825e-01 | Train acc: 0.9758 ± 0.0000 | Valid acc: 0.9024 ± 0.0000 | Valid Power: 0.0034 | Train Power: 0.0040 | patience:  55 | lr: 0.0015625 | Epoch time: 0.1 |

2024-09-09 23:59:10,140 - INFO -
| Epoch:   1020 | Train loss: 3.3243e-01 | Valid loss: 4.0911e-01 | Train acc: 0.9758 ± 0.0000 | Valid acc: 0.9024 ± 0.0000 | Valid Power: 0.0028 | Train Power: 0.0029 | patience:  65 | lr: 0.0015625 | Epoch time: 0.1 |

2024-09-09 23:59:11,055 - INFO -
| Epoch:   1030 | Train loss: 3.3216e-01 | Valid loss: 4.0978e-01 | Train acc: 0.9758 ± 0.0000 | Valid acc: 0.9024 ± 0.0000 | Valid Power: 0.0027 | Train Power: 0.0028 | patience:  75 | lr: 0.0015625 | Epoch time: 0.1 |

2024-09-09 23:59:11,969 - INFO -
| Epoch:   1040 | Train loss: 3.3191e-01 | Valid loss: 4.1052e-01 | Train acc: 0.9758 ± 0.0000 | Valid acc: 0.9024 ± 0.0000 | Valid Power: 0.0027 | Train Power: 0.0028 | patience:  85 | lr: 0.0015625 | Epoch time: 0.1 |

2024-09-09 23:59:12,884 - INFO -
| Epoch:   1050 | Train loss: 3.3167e-01 | Valid loss: 4.1117e-01 | Train acc: 0.9758 ± 0.0000 | Valid acc: 0.9024 ± 0.0000 | Valid Power: 0.0027 | Train Power: 0.0028 | patience:  95 | lr: 0.0015625 | Epoch time: 0.1 |

2024-09-09 23:59:13,435 - INFO -
load best network to warm start training with lower lr.

2024-09-09 23:59:13,435 - INFO -
lr update to 0.00078125.

2024-09-09 23:59:13,802 - INFO -
| Epoch:   1060 | Train loss: 3.3666e-01 | Valid loss: 3.8837e-01 | Train acc: 0.9839 ± 0.0000 | Valid acc: 0.9512 ± 0.0000 | Valid Power: 0.0024 | Train Power: 0.0024 | patience:   4 | lr: 0.00078125 | Epoch time: 0.1 |

2024-09-09 23:59:14,716 - INFO -
| Epoch:   1070 | Train loss: 3.3540e-01 | Valid loss: 4.0171e-01 | Train acc: 0.9839 ± 0.0000 | Valid acc: 0.9268 ± 0.0000 | Valid Power: 0.0024 | Train Power: 0.0024 | patience:  14 | lr: 0.00078125 | Epoch time: 0.1 |

2024-09-09 23:59:15,631 - INFO -
| Epoch:   1080 | Train loss: 3.3435e-01 | Valid loss: 4.0345e-01 | Train acc: 0.9758 ± 0.0000 | Valid acc: 0.9268 ± 0.0000 | Valid Power: 0.0024 | Train Power: 0.0024 | patience:  24 | lr: 0.00078125 | Epoch time: 0.1 |

2024-09-09 23:59:16,551 - INFO -
| Epoch:   1090 | Train loss: 3.3410e-01 | Valid loss: 4.0462e-01 | Train acc: 0.9758 ± 0.0000 | Valid acc: 0.9268 ± 0.0000 | Valid Power: 0.0024 | Train Power: 0.0024 | patience:  34 | lr: 0.00078125 | Epoch time: 0.1 |

2024-09-09 23:59:17,462 - INFO -
| Epoch:   1100 | Train loss: 3.3379e-01 | Valid loss: 4.0496e-01 | Train acc: 0.9758 ± 0.0000 | Valid acc: 0.9268 ± 0.0000 | Valid Power: 0.0024 | Train Power: 0.0025 | patience:  44 | lr: 0.00078125 | Epoch time: 0.1 |

2024-09-09 23:59:18,373 - INFO -
| Epoch:   1110 | Train loss: 3.3358e-01 | Valid loss: 4.0563e-01 | Train acc: 0.9758 ± 0.0000 | Valid acc: 0.9268 ± 0.0000 | Valid Power: 0.0025 | Train Power: 0.0026 | patience:  54 | lr: 0.00078125 | Epoch time: 0.1 |

2024-09-09 23:59:19,271 - INFO -
| Epoch:   1120 | Train loss: 3.3340e-01 | Valid loss: 4.0619e-01 | Train acc: 0.9758 ± 0.0000 | Valid acc: 0.9268 ± 0.0000 | Valid Power: 0.0026 | Train Power: 0.0026 | patience:  64 | lr: 0.00078125 | Epoch time: 0.1 |

2024-09-09 23:59:20,121 - INFO -
| Epoch:   1130 | Train loss: 3.3323e-01 | Valid loss: 4.0655e-01 | Train acc: 0.9758 ± 0.0000 | Valid acc: 0.9268 ± 0.0000 | Valid Power: 0.0026 | Train Power: 0.0027 | patience:  74 | lr: 0.00078125 | Epoch time: 0.1 |

2024-09-09 23:59:20,978 - INFO -
| Epoch:   1140 | Train loss: 3.3307e-01 | Valid loss: 4.0705e-01 | Train acc: 0.9758 ± 0.0000 | Valid acc: 0.9268 ± 0.0000 | Valid Power: 0.0027 | Train Power: 0.0027 | patience:  84 | lr: 0.00078125 | Epoch time: 0.1 |

2024-09-09 23:59:21,835 - INFO -
| Epoch:   1150 | Train loss: 3.3292e-01 | Valid loss: 4.0746e-01 | Train acc: 0.9758 ± 0.0000 | Valid acc: 0.9268 ± 0.0000 | Valid Power: 0.0027 | Train Power: 0.0027 | patience:  94 | lr: 0.00078125 | Epoch time: 0.1 |

2024-09-09 23:59:22,442 - INFO -
load best network to warm start training with lower lr.

2024-09-09 23:59:22,442 - INFO -
lr update to 0.000390625.

2024-09-09 23:59:22,699 - INFO -
| Epoch:   1160 | Train loss: 3.3697e-01 | Valid loss: 3.8743e-01 | Train acc: 0.9839 ± 0.0000 | Valid acc: 0.9512 ± 0.0000 | Valid Power: 0.0024 | Train Power: 0.0024 | patience:   3 | lr: 0.000390625 | Epoch time: 0.1 |

2024-09-09 23:59:23,559 - INFO -
| Epoch:   1170 | Train loss: 3.3625e-01 | Valid loss: 3.9118e-01 | Train acc: 0.9839 ± 0.0000 | Valid acc: 0.9512 ± 0.0000 | Valid Power: 0.0024 | Train Power: 0.0024 | patience:  13 | lr: 0.000390625 | Epoch time: 0.1 |

2024-09-09 23:59:24,420 - INFO -
| Epoch:   1180 | Train loss: 3.3564e-01 | Valid loss: 4.0074e-01 | Train acc: 0.9839 ± 0.0000 | Valid acc: 0.9268 ± 0.0000 | Valid Power: 0.0024 | Train Power: 0.0024 | patience:  23 | lr: 0.000390625 | Epoch time: 0.1 |

2024-09-09 23:59:25,272 - INFO -
| Epoch:   1190 | Train loss: 3.3508e-01 | Valid loss: 4.0214e-01 | Train acc: 0.9758 ± 0.0000 | Valid acc: 0.9268 ± 0.0000 | Valid Power: 0.0024 | Train Power: 0.0024 | patience:  33 | lr: 0.000390625 | Epoch time: 0.1 |

2024-09-09 23:59:26,121 - INFO -
| Epoch:   1200 | Train loss: 3.3456e-01 | Valid loss: 4.0298e-01 | Train acc: 0.9758 ± 0.0000 | Valid acc: 0.9268 ± 0.0000 | Valid Power: 0.0024 | Train Power: 0.0024 | patience:  43 | lr: 0.000390625 | Epoch time: 0.1 |

2024-09-09 23:59:26,972 - INFO -
| Epoch:   1210 | Train loss: 3.3417e-01 | Valid loss: 4.0379e-01 | Train acc: 0.9758 ± 0.0000 | Valid acc: 0.9268 ± 0.0000 | Valid Power: 0.0024 | Train Power: 0.0024 | patience:  53 | lr: 0.000390625 | Epoch time: 0.1 |

2024-09-09 23:59:27,823 - INFO -
| Epoch:   1220 | Train loss: 3.3407e-01 | Valid loss: 4.0432e-01 | Train acc: 0.9758 ± 0.0000 | Valid acc: 0.9268 ± 0.0000 | Valid Power: 0.0024 | Train Power: 0.0024 | patience:  63 | lr: 0.000390625 | Epoch time: 0.1 |

2024-09-09 23:59:28,765 - INFO -
| Epoch:   1230 | Train loss: 3.3393e-01 | Valid loss: 4.0451e-01 | Train acc: 0.9758 ± 0.0000 | Valid acc: 0.9268 ± 0.0000 | Valid Power: 0.0024 | Train Power: 0.0024 | patience:  73 | lr: 0.000390625 | Epoch time: 0.1 |

2024-09-09 23:59:29,622 - INFO -
| Epoch:   1240 | Train loss: 3.3383e-01 | Valid loss: 4.0477e-01 | Train acc: 0.9758 ± 0.0000 | Valid acc: 0.9268 ± 0.0000 | Valid Power: 0.0024 | Train Power: 0.0025 | patience:  83 | lr: 0.000390625 | Epoch time: 0.1 |

2024-09-09 23:59:30,470 - INFO -
| Epoch:   1250 | Train loss: 3.3371e-01 | Valid loss: 4.0514e-01 | Train acc: 0.9758 ± 0.0000 | Valid acc: 0.9268 ± 0.0000 | Valid Power: 0.0025 | Train Power: 0.0025 | patience:  93 | lr: 0.000390625 | Epoch time: 0.1 |

2024-09-09 23:59:31,151 - INFO -
load best network to warm start training with lower lr.

2024-09-09 23:59:31,151 - INFO -
lr update to 0.0001953125.

2024-09-09 23:59:31,322 - INFO -
| Epoch:   1260 | Train loss: 3.3709e-01 | Valid loss: 3.8720e-01 | Train acc: 0.9839 ± 0.0000 | Valid acc: 0.9512 ± 0.0000 | Valid Power: 0.0024 | Train Power: 0.0024 | patience:   2 | lr: 0.0001953125 | Epoch time: 0.1 |

2024-09-09 23:59:32,169 - INFO -
| Epoch:   1270 | Train loss: 3.3670e-01 | Valid loss: 3.8790e-01 | Train acc: 0.9839 ± 0.0000 | Valid acc: 0.9512 ± 0.0000 | Valid Power: 0.0024 | Train Power: 0.0024 | patience:  12 | lr: 0.0001953125 | Epoch time: 0.1 |

2024-09-09 23:59:32,967 - INFO -
| Epoch:   1280 | Train loss: 3.3635e-01 | Valid loss: 3.8956e-01 | Train acc: 0.9839 ± 0.0000 | Valid acc: 0.9512 ± 0.0000 | Valid Power: 0.0024 | Train Power: 0.0024 | patience:  22 | lr: 0.0001953125 | Epoch time: 0.1 |

2024-09-09 23:59:33,746 - INFO -
| Epoch:   1290 | Train loss: 3.3604e-01 | Valid loss: 3.9465e-01 | Train acc: 0.9839 ± 0.0000 | Valid acc: 0.9512 ± 0.0000 | Valid Power: 0.0024 | Train Power: 0.0024 | patience:  32 | lr: 0.0001953125 | Epoch time: 0.1 |

2024-09-09 23:59:34,528 - INFO -
| Epoch:   1300 | Train loss: 3.3575e-01 | Valid loss: 3.9976e-01 | Train acc: 0.9839 ± 0.0000 | Valid acc: 0.9268 ± 0.0000 | Valid Power: 0.0024 | Train Power: 0.0024 | patience:  42 | lr: 0.0001953125 | Epoch time: 0.1 |

2024-09-09 23:59:35,306 - INFO -
| Epoch:   1310 | Train loss: 3.3546e-01 | Valid loss: 4.0129e-01 | Train acc: 0.9839 ± 0.0000 | Valid acc: 0.9268 ± 0.0000 | Valid Power: 0.0024 | Train Power: 0.0024 | patience:  52 | lr: 0.0001953125 | Epoch time: 0.1 |

2024-09-09 23:59:36,084 - INFO -
| Epoch:   1320 | Train loss: 3.3518e-01 | Valid loss: 4.0190e-01 | Train acc: 0.9758 ± 0.0000 | Valid acc: 0.9268 ± 0.0000 | Valid Power: 0.0024 | Train Power: 0.0024 | patience:  62 | lr: 0.0001953125 | Epoch time: 0.1 |

2024-09-09 23:59:36,861 - INFO -
| Epoch:   1330 | Train loss: 3.3492e-01 | Valid loss: 4.0235e-01 | Train acc: 0.9758 ± 0.0000 | Valid acc: 0.9268 ± 0.0000 | Valid Power: 0.0024 | Train Power: 0.0024 | patience:  72 | lr: 0.0001953125 | Epoch time: 0.1 |

2024-09-09 23:59:37,644 - INFO -
| Epoch:   1340 | Train loss: 3.3466e-01 | Valid loss: 4.0277e-01 | Train acc: 0.9758 ± 0.0000 | Valid acc: 0.9268 ± 0.0000 | Valid Power: 0.0024 | Train Power: 0.0024 | patience:  82 | lr: 0.0001953125 | Epoch time: 0.1 |

2024-09-09 23:59:38,419 - INFO -
| Epoch:   1350 | Train loss: 3.3443e-01 | Valid loss: 4.0317e-01 | Train acc: 0.9758 ± 0.0000 | Valid acc: 0.9268 ± 0.0000 | Valid Power: 0.0024 | Train Power: 0.0024 | patience:  92 | lr: 0.0001953125 | Epoch time: 0.1 |

2024-09-09 23:59:39,114 - INFO -
load best network to warm start training with lower lr.

2024-09-09 23:59:39,114 - INFO -
lr update to 9.765625e-05.

2024-09-09 23:59:39,114 - INFO -
Early stop.

2024-09-09 23:59:39,120 - INFO -
Training if finished.

2024-09-12 13:58:07,229 - INFO -
Configuration: 
gmin                0.01
gmax                10.0
T                   0.1
m                   0.3
type_nonlinear      normal
act                 tanh
ACT_R1n             12.7865
ACT_R2n             -3.1871
ACT_W1n             -10.4537
ACT_L1n             10.546
ACT_W2n             -5.8496
ACT_L2n             4.2337
S_R1n               -11.7481
S_R2n               -0.3905
S_W1n               -9.169
S_L1n               0.3913
S_W2n               7.2004
S_L2n               15.5558
ReLU_RHn            -1.9557
ReLU_RLn            -20.1581
ReLU_RDn            16.6486
ReLU_RBn            -14.3472
ReLU_Wn             16.655
ReLU_Ln             -21.7591
HS_Rn               -0.3766
HS_Wn               0.5192
HS_Ln               4.6293
NEG_R1n             -7.0846
NEG_R2n             -2.5695
NEG_R3n             16.1542
NEG_W1n             13.8696
NEG_L1n             2.7635
NEG_W2n             1.2674
NEG_L2n             -10.4803
NEG_W3n             -6.4386
NEG_L3n             5.1005
task                normal
DATASET             9
DataPath            ./dataset
InputNoise          0.0
IN_test             0.0
R_train             1
R_test              1
N_time              32
pathnorm            False
hidden              [3]
skipconnection      False
SEED                2
DEVICE              cpu
PATIENCE            500
EPOCH               10000000000
LR                  0.1
PROGRESSIVE         True
LR_PATIENCE         100
LR_DECAY            0.5
LR_MIN              0.0001
metric              acc
SoftEva             True
TIMELIMITATION      71
MODE                nominal
M_train             1
K_train             1
M_test              1
K_test              1
t_test_max          1
integration         MC
N_train             1
e_train             0.0
N_test              100
e_test              0.1
e_fault             2
fault_ratio         0.0
N_fault             50
e_fault_test        0
N_fault_test        50
dropout             0.0
lagrangian_loss     False
rho                 100
powerestimator      none
powerbalance        0.0
estimatorbalance    0.0
pgmin               1e-07
power_ratio         1000
lambda_P            100
areaestimator       none
areabalance         0.0
area_theta          0.15
area_act            30.0
area_neg            22.7
lambda_A            0.001
lnc                 False
projectname         tanh_0_FaultAnalysisNormal
temppath            ./tanh_0_FaultAnalysisNormal/temp/
logfilepath         ./tanh_0_FaultAnalysisNormal/log/
report_freq         10
recording           False
recordpath          ./tanh_0_FaultAnalysisNormal/record/
savepath            ./tanh_0_FaultAnalysisNormal/models/
loglevel            info


2024-09-12 13:58:07,250 - INFO -
Training network on device: cpu.

2024-09-12 13:58:07,250 - INFO -
Training setup: data_09_seeds_seed_02_epsilon_0.0_dropout_0.0_fault_ratio_0.0.model.

2024-09-12 13:58:07,250 - INFO -
{'dataname': 'seeds', 'N_feature': 7, 'N_class': 3, 'N_train': 124, 'N_valid': 41, 'N_test': 43}

2024-09-12 13:58:07,251 - INFO -
Training was already finished.

