2024-09-09 04:07:29,234 - INFO -
Configuration: 
gmin                0.01
gmax                10.0
T                   0.1
m                   0.3
type_nonlinear      normal
act                 tanh
ACT_R1n             12.7865
ACT_R2n             -3.1871
ACT_W1n             -10.4537
ACT_L1n             10.546
ACT_W2n             -5.8496
ACT_L2n             4.2337
S_R1n               -11.7481
S_R2n               -0.3905
S_W1n               -9.169
S_L1n               0.3913
S_W2n               7.2004
S_L2n               15.5558
ReLU_RHn            -1.9557
ReLU_RLn            -20.1581
ReLU_RDn            16.6486
ReLU_RBn            -14.3472
ReLU_Wn             16.655
ReLU_Ln             -21.7591
HS_Rn               -0.3766
HS_Wn               0.5192
HS_Ln               4.6293
NEG_R1n             -7.0846
NEG_R2n             -2.5695
NEG_R3n             16.1542
NEG_W1n             13.8696
NEG_L1n             2.7635
NEG_W2n             1.2674
NEG_L2n             -10.4803
NEG_W3n             -6.4386
NEG_L3n             5.1005
task                normal
DATASET             4
DataPath            ./dataset
InputNoise          0.0
IN_test             0.0
R_train             1
R_test              1
N_time              32
pathnorm            False
hidden              [3]
skipconnection      False
SEED                8
DEVICE              cpu
PATIENCE            500
EPOCH               10000000000
LR                  0.1
PROGRESSIVE         True
LR_PATIENCE         100
LR_DECAY            0.5
LR_MIN              0.0001
metric              acc
SoftEva             True
TIMELIMITATION      71
MODE                nominal
M_train             1
K_train             1
M_test              1
K_test              1
t_test_max          1
integration         MC
N_train             1
e_train             0.0
N_test              100
e_test              0.1
e_fault             2
fault_ratio         0.0
N_fault             50
e_fault_test        0
N_fault_test        50
dropout             0.0
lagrangian_loss     False
rho                 100
powerestimator      none
powerbalance        0.0
estimatorbalance    0.0
pgmin               1e-07
power_ratio         1000
lambda_P            100
areaestimator       none
areabalance         0.0
area_theta          0.15
area_act            30.0
area_neg            22.7
lambda_A            0.001
lnc                 False
projectname         tanh_0_FaultAnalysisNormal
temppath            ./tanh_0_FaultAnalysisNormal/temp/
logfilepath         ./tanh_0_FaultAnalysisNormal/log/
report_freq         10
recording           False
recordpath          ./tanh_0_FaultAnalysisNormal/record/
savepath            ./tanh_0_FaultAnalysisNormal/models/
loglevel            info


2024-09-09 04:07:29,235 - INFO -
Training network on device: cpu.

2024-09-09 04:07:29,235 - INFO -
Training setup: data_04_energyy1_seed_08_epsilon_0.0_dropout_0.0_fault_ratio_0.0.model.

2024-09-09 04:07:29,235 - INFO -
{'dataname': 'energyy1', 'N_feature': 8, 'N_class': 3, 'N_train': 397, 'N_valid': 127, 'N_test': 79}

2024-09-09 04:07:29,235 - INFO -
Topology of the network: [8, 3, 3].

2024-09-09 04:07:31,184 - INFO -
| Epoch:      0 | Train loss: 1.0985e+00 | Valid loss: 1.0763e+00 | Train acc: 0.3552 ± 0.0000 | Valid acc: 0.3307 ± 0.0000 | Valid Power: 0.0009 | Train Power: 0.0005 | patience:   0 | lr: 0.1 | Epoch time: 0.1 |

2024-09-09 04:07:32,432 - INFO -
| Epoch:     10 | Train loss: 9.7969e-01 | Valid loss: 1.0225e+00 | Train acc: 0.4761 ± 0.0000 | Valid acc: 0.4567 ± 0.0000 | Valid Power: 0.0009 | Train Power: 0.0009 | patience:   0 | lr: 0.1 | Epoch time: 0.1 |

2024-09-09 04:07:33,704 - INFO -
| Epoch:     20 | Train loss: 7.6553e-01 | Valid loss: 7.8478e-01 | Train acc: 0.8186 ± 0.0000 | Valid acc: 0.7874 ± 0.0000 | Valid Power: 0.0009 | Train Power: 0.0009 | patience:   0 | lr: 0.1 | Epoch time: 0.1 |

2024-09-09 04:07:34,988 - INFO -
| Epoch:     30 | Train loss: 6.4188e-01 | Valid loss: 6.7788e-01 | Train acc: 0.8186 ± 0.0000 | Valid acc: 0.7874 ± 0.0000 | Valid Power: 0.0010 | Train Power: 0.0010 | patience:   0 | lr: 0.1 | Epoch time: 0.1 |

2024-09-09 04:07:36,263 - INFO -
| Epoch:     40 | Train loss: 6.0508e-01 | Valid loss: 6.4320e-01 | Train acc: 0.8186 ± 0.0000 | Valid acc: 0.7874 ± 0.0000 | Valid Power: 0.0010 | Train Power: 0.0010 | patience:   0 | lr: 0.1 | Epoch time: 0.1 |

2024-09-09 04:07:37,534 - INFO -
| Epoch:     50 | Train loss: 5.9047e-01 | Valid loss: 6.2854e-01 | Train acc: 0.8186 ± 0.0000 | Valid acc: 0.7874 ± 0.0000 | Valid Power: 0.0010 | Train Power: 0.0010 | patience:   0 | lr: 0.1 | Epoch time: 0.1 |

2024-09-09 04:07:38,902 - INFO -
| Epoch:     60 | Train loss: 5.8395e-01 | Valid loss: 6.2117e-01 | Train acc: 0.8186 ± 0.0000 | Valid acc: 0.7874 ± 0.0000 | Valid Power: 0.0010 | Train Power: 0.0010 | patience:   0 | lr: 0.1 | Epoch time: 0.1 |

2024-09-09 04:07:40,183 - INFO -
| Epoch:     70 | Train loss: 5.7956e-01 | Valid loss: 6.1582e-01 | Train acc: 0.8186 ± 0.0000 | Valid acc: 0.7874 ± 0.0000 | Valid Power: 0.0010 | Train Power: 0.0010 | patience:   0 | lr: 0.1 | Epoch time: 0.1 |

2024-09-09 04:07:41,457 - INFO -
| Epoch:     80 | Train loss: 5.7700e-01 | Valid loss: 6.1077e-01 | Train acc: 0.8186 ± 0.0000 | Valid acc: 0.7874 ± 0.0000 | Valid Power: 0.0012 | Train Power: 0.0011 | patience:   0 | lr: 0.1 | Epoch time: 0.1 |

2024-09-09 04:07:42,735 - INFO -
| Epoch:     90 | Train loss: 5.7506e-01 | Valid loss: 6.0843e-01 | Train acc: 0.8186 ± 0.0000 | Valid acc: 0.7874 ± 0.0000 | Valid Power: 0.0013 | Train Power: 0.0013 | patience:   0 | lr: 0.1 | Epoch time: 0.1 |

2024-09-09 04:07:44,017 - INFO -
| Epoch:    100 | Train loss: 5.7354e-01 | Valid loss: 6.0576e-01 | Train acc: 0.8186 ± 0.0000 | Valid acc: 0.7874 ± 0.0000 | Valid Power: 0.0014 | Train Power: 0.0014 | patience:   0 | lr: 0.1 | Epoch time: 0.1 |

2024-09-09 04:07:45,298 - INFO -
| Epoch:    110 | Train loss: 5.7229e-01 | Valid loss: 6.0380e-01 | Train acc: 0.8186 ± 0.0000 | Valid acc: 0.7874 ± 0.0000 | Valid Power: 0.0014 | Train Power: 0.0014 | patience:   0 | lr: 0.1 | Epoch time: 0.1 |

2024-09-09 04:07:46,571 - INFO -
| Epoch:    120 | Train loss: 5.7124e-01 | Valid loss: 6.0218e-01 | Train acc: 0.8186 ± 0.0000 | Valid acc: 0.7874 ± 0.0000 | Valid Power: 0.0014 | Train Power: 0.0014 | patience:   0 | lr: 0.1 | Epoch time: 0.1 |

2024-09-09 04:07:47,841 - INFO -
| Epoch:    130 | Train loss: 5.7033e-01 | Valid loss: 6.0047e-01 | Train acc: 0.8186 ± 0.0000 | Valid acc: 0.7874 ± 0.0000 | Valid Power: 0.0015 | Train Power: 0.0015 | patience:   0 | lr: 0.1 | Epoch time: 0.1 |

2024-09-09 04:07:49,114 - INFO -
| Epoch:    140 | Train loss: 5.6955e-01 | Valid loss: 5.9902e-01 | Train acc: 0.8186 ± 0.0000 | Valid acc: 0.7874 ± 0.0000 | Valid Power: 0.0016 | Train Power: 0.0016 | patience:   0 | lr: 0.1 | Epoch time: 0.1 |

2024-09-09 04:07:50,387 - INFO -
| Epoch:    150 | Train loss: 5.6886e-01 | Valid loss: 5.9774e-01 | Train acc: 0.8186 ± 0.0000 | Valid acc: 0.7874 ± 0.0000 | Valid Power: 0.0015 | Train Power: 0.0015 | patience:   0 | lr: 0.1 | Epoch time: 0.1 |

2024-09-09 04:07:51,664 - INFO -
| Epoch:    160 | Train loss: 5.6824e-01 | Valid loss: 5.9662e-01 | Train acc: 0.8186 ± 0.0000 | Valid acc: 0.7874 ± 0.0000 | Valid Power: 0.0015 | Train Power: 0.0015 | patience:   0 | lr: 0.1 | Epoch time: 0.1 |

2024-09-09 04:07:52,944 - INFO -
| Epoch:    170 | Train loss: 5.6768e-01 | Valid loss: 5.9564e-01 | Train acc: 0.8186 ± 0.0000 | Valid acc: 0.7874 ± 0.0000 | Valid Power: 0.0015 | Train Power: 0.0015 | patience:   0 | lr: 0.1 | Epoch time: 0.1 |

2024-09-09 04:07:54,219 - INFO -
| Epoch:    180 | Train loss: 5.6717e-01 | Valid loss: 5.9477e-01 | Train acc: 0.8186 ± 0.0000 | Valid acc: 0.7874 ± 0.0000 | Valid Power: 0.0015 | Train Power: 0.0015 | patience:   0 | lr: 0.1 | Epoch time: 0.1 |

2024-09-09 04:07:55,494 - INFO -
| Epoch:    190 | Train loss: 5.6668e-01 | Valid loss: 5.9396e-01 | Train acc: 0.8186 ± 0.0000 | Valid acc: 0.7874 ± 0.0000 | Valid Power: 0.0015 | Train Power: 0.0015 | patience:   0 | lr: 0.1 | Epoch time: 0.1 |

2024-09-09 04:07:56,769 - INFO -
| Epoch:    200 | Train loss: 5.6623e-01 | Valid loss: 5.9322e-01 | Train acc: 0.8186 ± 0.0000 | Valid acc: 0.7874 ± 0.0000 | Valid Power: 0.0022 | Train Power: 0.0019 | patience:   0 | lr: 0.1 | Epoch time: 0.1 |

2024-09-09 04:07:58,141 - INFO -
| Epoch:    210 | Train loss: 5.6580e-01 | Valid loss: 5.9254e-01 | Train acc: 0.8186 ± 0.0000 | Valid acc: 0.7874 ± 0.0000 | Valid Power: 0.0021 | Train Power: 0.0019 | patience:   0 | lr: 0.1 | Epoch time: 0.1 |

2024-09-09 04:07:59,415 - INFO -
| Epoch:    220 | Train loss: 5.6538e-01 | Valid loss: 5.9188e-01 | Train acc: 0.8186 ± 0.0000 | Valid acc: 0.7874 ± 0.0000 | Valid Power: 0.0020 | Train Power: 0.0022 | patience:   0 | lr: 0.1 | Epoch time: 0.1 |

2024-09-09 04:08:00,688 - INFO -
| Epoch:    230 | Train loss: 5.6498e-01 | Valid loss: 5.9126e-01 | Train acc: 0.8186 ± 0.0000 | Valid acc: 0.7874 ± 0.0000 | Valid Power: 0.0017 | Train Power: 0.0018 | patience:   0 | lr: 0.1 | Epoch time: 0.1 |

2024-09-09 04:08:01,963 - INFO -
| Epoch:    240 | Train loss: 5.6458e-01 | Valid loss: 5.9067e-01 | Train acc: 0.8186 ± 0.0000 | Valid acc: 0.7874 ± 0.0000 | Valid Power: 0.0017 | Train Power: 0.0017 | patience:   0 | lr: 0.1 | Epoch time: 0.1 |

2024-09-09 04:08:03,247 - INFO -
| Epoch:    250 | Train loss: 5.6419e-01 | Valid loss: 5.9009e-01 | Train acc: 0.8186 ± 0.0000 | Valid acc: 0.7874 ± 0.0000 | Valid Power: 0.0016 | Train Power: 0.0017 | patience:   0 | lr: 0.1 | Epoch time: 0.1 |

2024-09-09 04:08:04,522 - INFO -
| Epoch:    260 | Train loss: 5.6380e-01 | Valid loss: 5.8953e-01 | Train acc: 0.8186 ± 0.0000 | Valid acc: 0.7874 ± 0.0000 | Valid Power: 0.0016 | Train Power: 0.0016 | patience:   0 | lr: 0.1 | Epoch time: 0.1 |

2024-09-09 04:08:05,797 - INFO -
| Epoch:    270 | Train loss: 5.6342e-01 | Valid loss: 5.8899e-01 | Train acc: 0.8186 ± 0.0000 | Valid acc: 0.7874 ± 0.0000 | Valid Power: 0.0016 | Train Power: 0.0016 | patience:   0 | lr: 0.1 | Epoch time: 0.1 |

2024-09-09 04:08:07,073 - INFO -
| Epoch:    280 | Train loss: 5.6303e-01 | Valid loss: 5.8845e-01 | Train acc: 0.8186 ± 0.0000 | Valid acc: 0.7874 ± 0.0000 | Valid Power: 0.0016 | Train Power: 0.0016 | patience:   0 | lr: 0.1 | Epoch time: 0.1 |

2024-09-09 04:08:08,349 - INFO -
| Epoch:    290 | Train loss: 5.6264e-01 | Valid loss: 5.8793e-01 | Train acc: 0.8186 ± 0.0000 | Valid acc: 0.7874 ± 0.0000 | Valid Power: 0.0016 | Train Power: 0.0016 | patience:   0 | lr: 0.1 | Epoch time: 0.1 |

2024-09-09 04:08:09,721 - INFO -
| Epoch:    300 | Train loss: 5.6225e-01 | Valid loss: 5.8741e-01 | Train acc: 0.8186 ± 0.0000 | Valid acc: 0.7874 ± 0.0000 | Valid Power: 0.0016 | Train Power: 0.0016 | patience:   0 | lr: 0.1 | Epoch time: 0.1 |

2024-09-09 04:08:10,996 - INFO -
| Epoch:    310 | Train loss: 5.6186e-01 | Valid loss: 5.8689e-01 | Train acc: 0.8186 ± 0.0000 | Valid acc: 0.7874 ± 0.0000 | Valid Power: 0.0015 | Train Power: 0.0016 | patience:   0 | lr: 0.1 | Epoch time: 0.1 |

2024-09-09 04:08:12,273 - INFO -
| Epoch:    320 | Train loss: 5.6146e-01 | Valid loss: 5.8637e-01 | Train acc: 0.8186 ± 0.0000 | Valid acc: 0.7874 ± 0.0000 | Valid Power: 0.0015 | Train Power: 0.0015 | patience:   0 | lr: 0.1 | Epoch time: 0.1 |

2024-09-09 04:08:13,547 - INFO -
| Epoch:    330 | Train loss: 5.6106e-01 | Valid loss: 5.8586e-01 | Train acc: 0.8186 ± 0.0000 | Valid acc: 0.7874 ± 0.0000 | Valid Power: 0.0015 | Train Power: 0.0015 | patience:   0 | lr: 0.1 | Epoch time: 0.1 |

2024-09-09 04:08:14,824 - INFO -
| Epoch:    340 | Train loss: 5.6064e-01 | Valid loss: 5.8534e-01 | Train acc: 0.8186 ± 0.0000 | Valid acc: 0.7874 ± 0.0000 | Valid Power: 0.0015 | Train Power: 0.0015 | patience:   0 | lr: 0.1 | Epoch time: 0.1 |

2024-09-09 04:08:16,111 - INFO -
| Epoch:    350 | Train loss: 5.6022e-01 | Valid loss: 5.8481e-01 | Train acc: 0.8186 ± 0.0000 | Valid acc: 0.7874 ± 0.0000 | Valid Power: 0.0015 | Train Power: 0.0015 | patience:   0 | lr: 0.1 | Epoch time: 0.1 |

2024-09-09 04:08:17,389 - INFO -
| Epoch:    360 | Train loss: 5.5978e-01 | Valid loss: 5.8428e-01 | Train acc: 0.8186 ± 0.0000 | Valid acc: 0.7874 ± 0.0000 | Valid Power: 0.0014 | Train Power: 0.0015 | patience:   0 | lr: 0.1 | Epoch time: 0.1 |

2024-09-09 04:08:18,666 - INFO -
| Epoch:    370 | Train loss: 5.5933e-01 | Valid loss: 5.8374e-01 | Train acc: 0.8186 ± 0.0000 | Valid acc: 0.7874 ± 0.0000 | Valid Power: 0.0014 | Train Power: 0.0014 | patience:   0 | lr: 0.1 | Epoch time: 0.1 |

2024-09-09 04:08:19,939 - INFO -
| Epoch:    380 | Train loss: 5.5891e-01 | Valid loss: 5.8331e-01 | Train acc: 0.8186 ± 0.0000 | Valid acc: 0.7874 ± 0.0000 | Valid Power: 0.0014 | Train Power: 0.0014 | patience:   1 | lr: 0.1 | Epoch time: 0.1 |

2024-09-09 04:08:21,215 - INFO -
| Epoch:    390 | Train loss: 5.5860e-01 | Valid loss: 5.8294e-01 | Train acc: 0.8186 ± 0.0000 | Valid acc: 0.7874 ± 0.0000 | Valid Power: 0.0018 | Train Power: 0.0014 | patience:   0 | lr: 0.1 | Epoch time: 0.1 |

2024-09-09 04:08:22,488 - INFO -
| Epoch:    400 | Train loss: 5.5832e-01 | Valid loss: 5.8265e-01 | Train acc: 0.8186 ± 0.0000 | Valid acc: 0.7874 ± 0.0000 | Valid Power: 0.0014 | Train Power: 0.0014 | patience:   0 | lr: 0.1 | Epoch time: 0.1 |

2024-09-09 04:08:23,764 - INFO -
| Epoch:    410 | Train loss: 5.5803e-01 | Valid loss: 5.8228e-01 | Train acc: 0.8186 ± 0.0000 | Valid acc: 0.7874 ± 0.0000 | Valid Power: 0.0015 | Train Power: 0.0018 | patience:   0 | lr: 0.1 | Epoch time: 0.1 |

2024-09-09 04:08:25,040 - INFO -
| Epoch:    420 | Train loss: 5.5773e-01 | Valid loss: 5.8193e-01 | Train acc: 0.8186 ± 0.0000 | Valid acc: 0.7874 ± 0.0000 | Valid Power: 0.0014 | Train Power: 0.0014 | patience:   0 | lr: 0.1 | Epoch time: 0.1 |

2024-09-09 04:08:26,316 - INFO -
| Epoch:    430 | Train loss: 5.5742e-01 | Valid loss: 5.8159e-01 | Train acc: 0.8186 ± 0.0000 | Valid acc: 0.7874 ± 0.0000 | Valid Power: 0.0014 | Train Power: 0.0014 | patience:   0 | lr: 0.1 | Epoch time: 0.1 |

2024-09-09 04:08:27,592 - INFO -
| Epoch:    440 | Train loss: 5.5711e-01 | Valid loss: 5.8126e-01 | Train acc: 0.8186 ± 0.0000 | Valid acc: 0.7874 ± 0.0000 | Valid Power: 0.0014 | Train Power: 0.0014 | patience:   0 | lr: 0.1 | Epoch time: 0.1 |

2024-09-09 04:08:28,868 - INFO -
| Epoch:    450 | Train loss: 5.5680e-01 | Valid loss: 5.8095e-01 | Train acc: 0.8186 ± 0.0000 | Valid acc: 0.7874 ± 0.0000 | Valid Power: 0.0013 | Train Power: 0.0014 | patience:   0 | lr: 0.1 | Epoch time: 0.1 |

2024-09-09 04:08:30,144 - INFO -
| Epoch:    460 | Train loss: 5.5650e-01 | Valid loss: 5.8071e-01 | Train acc: 0.8186 ± 0.0000 | Valid acc: 0.7874 ± 0.0000 | Valid Power: 0.0013 | Train Power: 0.0014 | patience:   0 | lr: 0.1 | Epoch time: 0.1 |

2024-09-09 04:08:31,523 - INFO -
| Epoch:    470 | Train loss: 5.5620e-01 | Valid loss: 5.8054e-01 | Train acc: 0.8186 ± 0.0000 | Valid acc: 0.7874 ± 0.0000 | Valid Power: 0.0013 | Train Power: 0.0013 | patience:   0 | lr: 0.1 | Epoch time: 0.2 |

2024-09-09 04:08:32,800 - INFO -
| Epoch:    480 | Train loss: 5.5592e-01 | Valid loss: 5.8044e-01 | Train acc: 0.8186 ± 0.0000 | Valid acc: 0.7874 ± 0.0000 | Valid Power: 0.0013 | Train Power: 0.0013 | patience:   0 | lr: 0.1 | Epoch time: 0.1 |

2024-09-09 04:08:34,075 - INFO -
| Epoch:    490 | Train loss: 5.5565e-01 | Valid loss: 5.8036e-01 | Train acc: 0.8186 ± 0.0000 | Valid acc: 0.7874 ± 0.0000 | Valid Power: 0.0013 | Train Power: 0.0013 | patience:   0 | lr: 0.1 | Epoch time: 0.1 |

2024-09-09 04:08:35,351 - INFO -
| Epoch:    500 | Train loss: 5.5538e-01 | Valid loss: 5.8025e-01 | Train acc: 0.8186 ± 0.0000 | Valid acc: 0.7874 ± 0.0000 | Valid Power: 0.0014 | Train Power: 0.0014 | patience:   0 | lr: 0.1 | Epoch time: 0.1 |

2024-09-09 04:08:36,615 - INFO -
| Epoch:    510 | Train loss: 5.5512e-01 | Valid loss: 5.8011e-01 | Train acc: 0.8186 ± 0.0000 | Valid acc: 0.7874 ± 0.0000 | Valid Power: 0.0014 | Train Power: 0.0014 | patience:   4 | lr: 0.1 | Epoch time: 0.1 |

2024-09-09 04:08:37,877 - INFO -
| Epoch:    520 | Train loss: 5.5486e-01 | Valid loss: 5.7993e-01 | Train acc: 0.8186 ± 0.0000 | Valid acc: 0.7874 ± 0.0000 | Valid Power: 0.0014 | Train Power: 0.0014 | patience:   2 | lr: 0.1 | Epoch time: 0.1 |

2024-09-09 04:08:39,145 - INFO -
| Epoch:    530 | Train loss: 5.5460e-01 | Valid loss: 5.7972e-01 | Train acc: 0.8186 ± 0.0000 | Valid acc: 0.7874 ± 0.0000 | Valid Power: 0.0014 | Train Power: 0.0014 | patience:   0 | lr: 0.1 | Epoch time: 0.1 |

2024-09-09 04:08:40,420 - INFO -
| Epoch:    540 | Train loss: 5.5440e-01 | Valid loss: 5.7960e-01 | Train acc: 0.8186 ± 0.0000 | Valid acc: 0.7874 ± 0.0000 | Valid Power: 0.0014 | Train Power: 0.0014 | patience:   1 | lr: 0.1 | Epoch time: 0.1 |

2024-09-09 04:08:41,681 - INFO -
| Epoch:    550 | Train loss: 5.5436e-01 | Valid loss: 5.7908e-01 | Train acc: 0.8186 ± 0.0000 | Valid acc: 0.7874 ± 0.0000 | Valid Power: 0.0014 | Train Power: 0.0014 | patience:   1 | lr: 0.1 | Epoch time: 0.1 |

2024-09-09 04:08:42,935 - INFO -
| Epoch:    560 | Train loss: 5.5431e-01 | Valid loss: 5.7892e-01 | Train acc: 0.8186 ± 0.0000 | Valid acc: 0.7874 ± 0.0000 | Valid Power: 0.0014 | Train Power: 0.0014 | patience:   1 | lr: 0.1 | Epoch time: 0.1 |

2024-09-09 04:08:44,189 - INFO -
| Epoch:    570 | Train loss: 5.5428e-01 | Valid loss: 5.7887e-01 | Train acc: 0.8186 ± 0.0000 | Valid acc: 0.7874 ± 0.0000 | Valid Power: 0.0014 | Train Power: 0.0014 | patience:   1 | lr: 0.1 | Epoch time: 0.1 |

2024-09-09 04:08:45,435 - INFO -
| Epoch:    580 | Train loss: 5.5424e-01 | Valid loss: 5.7869e-01 | Train acc: 0.8186 ± 0.0000 | Valid acc: 0.7874 ± 0.0000 | Valid Power: 0.0014 | Train Power: 0.0014 | patience:   1 | lr: 0.1 | Epoch time: 0.1 |

2024-09-09 04:08:46,692 - INFO -
| Epoch:    590 | Train loss: 5.5422e-01 | Valid loss: 5.7866e-01 | Train acc: 0.8186 ± 0.0000 | Valid acc: 0.7874 ± 0.0000 | Valid Power: 0.0014 | Train Power: 0.0014 | patience:   1 | lr: 0.1 | Epoch time: 0.1 |

2024-09-09 04:08:47,943 - INFO -
| Epoch:    600 | Train loss: 5.5419e-01 | Valid loss: 5.7856e-01 | Train acc: 0.8186 ± 0.0000 | Valid acc: 0.7874 ± 0.0000 | Valid Power: 0.0014 | Train Power: 0.0022 | patience:   1 | lr: 0.1 | Epoch time: 0.1 |

2024-09-09 04:08:49,188 - INFO -
| Epoch:    610 | Train loss: 5.5416e-01 | Valid loss: 5.7848e-01 | Train acc: 0.8186 ± 0.0000 | Valid acc: 0.7874 ± 0.0000 | Valid Power: 0.0014 | Train Power: 0.0014 | patience:  11 | lr: 0.1 | Epoch time: 0.1 |

2024-09-09 04:08:50,445 - INFO -
| Epoch:    620 | Train loss: 5.5413e-01 | Valid loss: 5.7840e-01 | Train acc: 0.8186 ± 0.0000 | Valid acc: 0.7874 ± 0.0000 | Valid Power: 0.0014 | Train Power: 0.0014 | patience:   0 | lr: 0.1 | Epoch time: 0.1 |

2024-09-09 04:08:51,800 - INFO -
| Epoch:    630 | Train loss: 5.5411e-01 | Valid loss: 5.7835e-01 | Train acc: 0.8186 ± 0.0000 | Valid acc: 0.7874 ± 0.0000 | Valid Power: 0.0014 | Train Power: 0.0014 | patience:   4 | lr: 0.1 | Epoch time: 0.1 |

2024-09-09 04:08:53,050 - INFO -
| Epoch:    640 | Train loss: 5.5409e-01 | Valid loss: 5.7833e-01 | Train acc: 0.8186 ± 0.0000 | Valid acc: 0.7874 ± 0.0000 | Valid Power: 0.0014 | Train Power: 0.0014 | patience:   0 | lr: 0.1 | Epoch time: 0.1 |

2024-09-09 04:08:54,304 - INFO -
| Epoch:    650 | Train loss: 5.5407e-01 | Valid loss: 5.7829e-01 | Train acc: 0.8186 ± 0.0000 | Valid acc: 0.7874 ± 0.0000 | Valid Power: 0.0014 | Train Power: 0.0014 | patience:   4 | lr: 0.1 | Epoch time: 0.1 |

2024-09-09 04:08:55,561 - INFO -
| Epoch:    660 | Train loss: 5.5404e-01 | Valid loss: 5.7832e-01 | Train acc: 0.8186 ± 0.0000 | Valid acc: 0.7874 ± 0.0000 | Valid Power: 0.0014 | Train Power: 0.0017 | patience:   2 | lr: 0.1 | Epoch time: 0.1 |

2024-09-09 04:08:56,810 - INFO -
| Epoch:    670 | Train loss: 5.5402e-01 | Valid loss: 5.7827e-01 | Train acc: 0.8186 ± 0.0000 | Valid acc: 0.7874 ± 0.0000 | Valid Power: 0.0013 | Train Power: 0.0014 | patience:   5 | lr: 0.1 | Epoch time: 0.1 |

2024-09-09 04:08:58,060 - INFO -
| Epoch:    680 | Train loss: 5.5400e-01 | Valid loss: 5.7814e-01 | Train acc: 0.8186 ± 0.0000 | Valid acc: 0.7874 ± 0.0000 | Valid Power: 0.0013 | Train Power: 0.0014 | patience:   0 | lr: 0.1 | Epoch time: 0.1 |

2024-09-09 04:08:59,314 - INFO -
| Epoch:    690 | Train loss: 5.5399e-01 | Valid loss: 5.7800e-01 | Train acc: 0.8186 ± 0.0000 | Valid acc: 0.7874 ± 0.0000 | Valid Power: 0.0013 | Train Power: 0.0014 | patience:   0 | lr: 0.1 | Epoch time: 0.1 |

2024-09-09 04:09:00,560 - INFO -
| Epoch:    700 | Train loss: 5.5397e-01 | Valid loss: 5.7814e-01 | Train acc: 0.8186 ± 0.0000 | Valid acc: 0.7874 ± 0.0000 | Valid Power: 0.0013 | Train Power: 0.0014 | patience:   1 | lr: 0.1 | Epoch time: 0.1 |

2024-09-09 04:09:01,907 - INFO -
| Epoch:    710 | Train loss: 5.5394e-01 | Valid loss: 5.7810e-01 | Train acc: 0.8186 ± 0.0000 | Valid acc: 0.7874 ± 0.0000 | Valid Power: 0.0013 | Train Power: 0.0014 | patience:   1 | lr: 0.1 | Epoch time: 0.2 |

2024-09-09 04:09:03,162 - INFO -
| Epoch:    720 | Train loss: 5.5393e-01 | Valid loss: 5.7792e-01 | Train acc: 0.8186 ± 0.0000 | Valid acc: 0.7874 ± 0.0000 | Valid Power: 0.0013 | Train Power: 0.0014 | patience:   4 | lr: 0.1 | Epoch time: 0.1 |

2024-09-09 04:09:04,405 - INFO -
| Epoch:    730 | Train loss: 5.5390e-01 | Valid loss: 5.7791e-01 | Train acc: 0.8186 ± 0.0000 | Valid acc: 0.7874 ± 0.0000 | Valid Power: 0.0013 | Train Power: 0.0013 | patience:  14 | lr: 0.1 | Epoch time: 0.1 |

2024-09-09 04:09:05,665 - INFO -
| Epoch:    740 | Train loss: 5.5389e-01 | Valid loss: 5.7790e-01 | Train acc: 0.8186 ± 0.0000 | Valid acc: 0.7874 ± 0.0000 | Valid Power: 0.0013 | Train Power: 0.0013 | patience:   2 | lr: 0.1 | Epoch time: 0.1 |

2024-09-09 04:09:06,914 - INFO -
| Epoch:    750 | Train loss: 5.5386e-01 | Valid loss: 5.7779e-01 | Train acc: 0.8186 ± 0.0000 | Valid acc: 0.7874 ± 0.0000 | Valid Power: 0.0013 | Train Power: 0.0013 | patience:   0 | lr: 0.1 | Epoch time: 0.1 |

2024-09-09 04:09:08,164 - INFO -
| Epoch:    760 | Train loss: 5.5385e-01 | Valid loss: 5.7772e-01 | Train acc: 0.8186 ± 0.0000 | Valid acc: 0.7874 ± 0.0000 | Valid Power: 0.0014 | Train Power: 0.0013 | patience:   1 | lr: 0.1 | Epoch time: 0.1 |

2024-09-09 04:09:09,407 - INFO -
| Epoch:    770 | Train loss: 5.5382e-01 | Valid loss: 5.7769e-01 | Train acc: 0.8186 ± 0.0000 | Valid acc: 0.7874 ± 0.0000 | Valid Power: 0.0014 | Train Power: 0.0013 | patience:   7 | lr: 0.1 | Epoch time: 0.1 |

2024-09-09 04:09:10,646 - INFO -
| Epoch:    780 | Train loss: 5.5380e-01 | Valid loss: 5.7772e-01 | Train acc: 0.8186 ± 0.0000 | Valid acc: 0.7874 ± 0.0000 | Valid Power: 0.0013 | Train Power: 0.0013 | patience:  17 | lr: 0.1 | Epoch time: 0.1 |

2024-09-09 04:09:11,895 - INFO -
| Epoch:    790 | Train loss: 5.5378e-01 | Valid loss: 5.7759e-01 | Train acc: 0.8186 ± 0.0000 | Valid acc: 0.7874 ± 0.0000 | Valid Power: 0.0013 | Train Power: 0.0013 | patience:   0 | lr: 0.1 | Epoch time: 0.1 |

2024-09-09 04:09:13,132 - INFO -
| Epoch:    800 | Train loss: 5.5377e-01 | Valid loss: 5.7760e-01 | Train acc: 0.8186 ± 0.0000 | Valid acc: 0.7874 ± 0.0000 | Valid Power: 0.0013 | Train Power: 0.0013 | patience:  10 | lr: 0.1 | Epoch time: 0.1 |

2024-09-09 04:09:14,376 - INFO -
| Epoch:    810 | Train loss: 5.5375e-01 | Valid loss: 5.7757e-01 | Train acc: 0.8186 ± 0.0000 | Valid acc: 0.7874 ± 0.0000 | Valid Power: 0.0013 | Train Power: 0.0013 | patience:   3 | lr: 0.1 | Epoch time: 0.1 |

2024-09-09 04:09:15,618 - INFO -
| Epoch:    820 | Train loss: 5.5373e-01 | Valid loss: 5.7750e-01 | Train acc: 0.8186 ± 0.0000 | Valid acc: 0.7874 ± 0.0000 | Valid Power: 0.0013 | Train Power: 0.0013 | patience:   0 | lr: 0.1 | Epoch time: 0.1 |

2024-09-09 04:09:16,858 - INFO -
| Epoch:    830 | Train loss: 5.5371e-01 | Valid loss: 5.7750e-01 | Train acc: 0.8186 ± 0.0000 | Valid acc: 0.7874 ± 0.0000 | Valid Power: 0.0020 | Train Power: 0.0013 | patience:   4 | lr: 0.1 | Epoch time: 0.1 |

2024-09-09 04:09:18,106 - INFO -
| Epoch:    840 | Train loss: 5.5369e-01 | Valid loss: 5.7743e-01 | Train acc: 0.8186 ± 0.0000 | Valid acc: 0.7874 ± 0.0000 | Valid Power: 0.0013 | Train Power: 0.0013 | patience:   5 | lr: 0.1 | Epoch time: 0.1 |

2024-09-09 04:09:19,344 - INFO -
| Epoch:    850 | Train loss: 5.5368e-01 | Valid loss: 5.7737e-01 | Train acc: 0.8186 ± 0.0000 | Valid acc: 0.7874 ± 0.0000 | Valid Power: 0.0013 | Train Power: 0.0013 | patience:   4 | lr: 0.1 | Epoch time: 0.1 |

2024-09-09 04:09:20,584 - INFO -
| Epoch:    860 | Train loss: 5.5367e-01 | Valid loss: 5.7757e-01 | Train acc: 0.8186 ± 0.0000 | Valid acc: 0.7874 ± 0.0000 | Valid Power: 0.0013 | Train Power: 0.0013 | patience:   1 | lr: 0.1 | Epoch time: 0.1 |

2024-09-09 04:09:21,830 - INFO -
| Epoch:    870 | Train loss: 5.5366e-01 | Valid loss: 5.7754e-01 | Train acc: 0.8186 ± 0.0000 | Valid acc: 0.7874 ± 0.0000 | Valid Power: 0.0013 | Train Power: 0.0014 | patience:   2 | lr: 0.1 | Epoch time: 0.1 |

2024-09-09 04:09:23,061 - INFO -
| Epoch:    880 | Train loss: 5.5362e-01 | Valid loss: 5.7716e-01 | Train acc: 0.8186 ± 0.0000 | Valid acc: 0.7874 ± 0.0000 | Valid Power: 0.0013 | Train Power: 0.0013 | patience:  12 | lr: 0.1 | Epoch time: 0.1 |

2024-09-09 04:09:24,384 - INFO -
| Epoch:    890 | Train loss: 5.5360e-01 | Valid loss: 5.7719e-01 | Train acc: 0.8186 ± 0.0000 | Valid acc: 0.7874 ± 0.0000 | Valid Power: 0.0013 | Train Power: 0.0013 | patience:  22 | lr: 0.1 | Epoch time: 0.1 |

2024-09-09 04:09:25,620 - INFO -
| Epoch:    900 | Train loss: 5.5358e-01 | Valid loss: 5.7710e-01 | Train acc: 0.8186 ± 0.0000 | Valid acc: 0.7874 ± 0.0000 | Valid Power: 0.0013 | Train Power: 0.0014 | patience:   3 | lr: 0.1 | Epoch time: 0.1 |

2024-09-09 04:09:26,856 - INFO -
| Epoch:    910 | Train loss: 5.5356e-01 | Valid loss: 5.7706e-01 | Train acc: 0.8186 ± 0.0000 | Valid acc: 0.7874 ± 0.0000 | Valid Power: 0.0013 | Train Power: 0.0013 | patience:   3 | lr: 0.1 | Epoch time: 0.1 |

2024-09-09 04:09:28,095 - INFO -
| Epoch:    920 | Train loss: 5.5355e-01 | Valid loss: 5.7723e-01 | Train acc: 0.8186 ± 0.0000 | Valid acc: 0.7874 ± 0.0000 | Valid Power: 0.0013 | Train Power: 0.0014 | patience:   1 | lr: 0.1 | Epoch time: 0.1 |

2024-09-09 04:09:29,328 - INFO -
| Epoch:    930 | Train loss: 5.5353e-01 | Valid loss: 5.7713e-01 | Train acc: 0.8186 ± 0.0000 | Valid acc: 0.7874 ± 0.0000 | Valid Power: 0.0013 | Train Power: 0.0013 | patience:   8 | lr: 0.1 | Epoch time: 0.1 |

2024-09-09 04:09:30,569 - INFO -
| Epoch:    940 | Train loss: 5.5352e-01 | Valid loss: 5.7698e-01 | Train acc: 0.8186 ± 0.0000 | Valid acc: 0.7874 ± 0.0000 | Valid Power: 0.0013 | Train Power: 0.0013 | patience:   3 | lr: 0.1 | Epoch time: 0.1 |

2024-09-09 04:09:31,802 - INFO -
| Epoch:    950 | Train loss: 5.5350e-01 | Valid loss: 5.7694e-01 | Train acc: 0.8186 ± 0.0000 | Valid acc: 0.7874 ± 0.0000 | Valid Power: 0.0014 | Train Power: 0.0013 | patience:   1 | lr: 0.1 | Epoch time: 0.1 |

2024-09-09 04:09:33,038 - INFO -
| Epoch:    960 | Train loss: 5.5346e-01 | Valid loss: 5.7697e-01 | Train acc: 0.8186 ± 0.0000 | Valid acc: 0.7874 ± 0.0000 | Valid Power: 0.0013 | Train Power: 0.0013 | patience:   6 | lr: 0.1 | Epoch time: 0.1 |

2024-09-09 04:09:34,282 - INFO -
| Epoch:    970 | Train loss: 5.5346e-01 | Valid loss: 5.7709e-01 | Train acc: 0.8186 ± 0.0000 | Valid acc: 0.7874 ± 0.0000 | Valid Power: 0.0013 | Train Power: 0.0013 | patience:   1 | lr: 0.1 | Epoch time: 0.1 |

2024-09-09 04:09:35,453 - INFO -
| Epoch:    980 | Train loss: 5.5347e-01 | Valid loss: 5.7666e-01 | Train acc: 0.8186 ± 0.0000 | Valid acc: 0.7874 ± 0.0000 | Valid Power: 0.0013 | Train Power: 0.0013 | patience:  11 | lr: 0.1 | Epoch time: 0.1 |

2024-09-09 04:09:36,619 - INFO -
| Epoch:    990 | Train loss: 5.5342e-01 | Valid loss: 5.7682e-01 | Train acc: 0.8186 ± 0.0000 | Valid acc: 0.7874 ± 0.0000 | Valid Power: 0.0013 | Train Power: 0.0013 | patience:   6 | lr: 0.1 | Epoch time: 0.1 |

2024-09-09 04:09:37,783 - INFO -
| Epoch:   1000 | Train loss: 5.5343e-01 | Valid loss: 5.7672e-01 | Train acc: 0.8186 ± 0.0000 | Valid acc: 0.7874 ± 0.0000 | Valid Power: 0.0013 | Train Power: 0.0013 | patience:   9 | lr: 0.1 | Epoch time: 0.1 |

2024-09-09 04:09:38,937 - INFO -
| Epoch:   1010 | Train loss: 5.5339e-01 | Valid loss: 5.7679e-01 | Train acc: 0.8186 ± 0.0000 | Valid acc: 0.7874 ± 0.0000 | Valid Power: 0.0013 | Train Power: 0.0013 | patience:  19 | lr: 0.1 | Epoch time: 0.1 |

2024-09-09 04:09:40,096 - INFO -
| Epoch:   1020 | Train loss: 5.5336e-01 | Valid loss: 5.7665e-01 | Train acc: 0.8186 ± 0.0000 | Valid acc: 0.7874 ± 0.0000 | Valid Power: 0.0013 | Train Power: 0.0013 | patience:  29 | lr: 0.1 | Epoch time: 0.1 |

2024-09-09 04:09:41,246 - INFO -
| Epoch:   1030 | Train loss: 5.5332e-01 | Valid loss: 5.7658e-01 | Train acc: 0.8186 ± 0.0000 | Valid acc: 0.7874 ± 0.0000 | Valid Power: 0.0013 | Train Power: 0.0013 | patience:  39 | lr: 0.1 | Epoch time: 0.1 |

2024-09-09 04:09:42,463 - INFO -
| Epoch:   1040 | Train loss: 5.5329e-01 | Valid loss: 5.7644e-01 | Train acc: 0.8186 ± 0.0000 | Valid acc: 0.7874 ± 0.0000 | Valid Power: 0.0013 | Train Power: 0.0013 | patience:  49 | lr: 0.1 | Epoch time: 0.1 |

2024-09-09 04:09:43,617 - INFO -
| Epoch:   1050 | Train loss: 5.5327e-01 | Valid loss: 5.7638e-01 | Train acc: 0.8186 ± 0.0000 | Valid acc: 0.7874 ± 0.0000 | Valid Power: 0.0013 | Train Power: 0.0013 | patience:  59 | lr: 0.1 | Epoch time: 0.1 |

2024-09-09 04:09:44,767 - INFO -
| Epoch:   1060 | Train loss: 5.5327e-01 | Valid loss: 5.7645e-01 | Train acc: 0.8186 ± 0.0000 | Valid acc: 0.7874 ± 0.0000 | Valid Power: 0.0013 | Train Power: 0.0013 | patience:  69 | lr: 0.1 | Epoch time: 0.1 |

2024-09-09 04:09:45,912 - INFO -
| Epoch:   1070 | Train loss: 5.5326e-01 | Valid loss: 5.7662e-01 | Train acc: 0.8186 ± 0.0000 | Valid acc: 0.7874 ± 0.0000 | Valid Power: 0.0013 | Train Power: 0.0013 | patience:   7 | lr: 0.1 | Epoch time: 0.1 |

2024-09-09 04:09:47,053 - INFO -
| Epoch:   1080 | Train loss: 5.5326e-01 | Valid loss: 5.7652e-01 | Train acc: 0.8186 ± 0.0000 | Valid acc: 0.7874 ± 0.0000 | Valid Power: 0.0013 | Train Power: 0.0014 | patience:  17 | lr: 0.1 | Epoch time: 0.1 |

2024-09-09 04:09:48,209 - INFO -
| Epoch:   1090 | Train loss: 5.5326e-01 | Valid loss: 5.7646e-01 | Train acc: 0.8186 ± 0.0000 | Valid acc: 0.7874 ± 0.0000 | Valid Power: 0.0128 | Train Power: 0.0019 | patience:  27 | lr: 0.1 | Epoch time: 0.1 |

2024-09-09 04:09:49,355 - INFO -
| Epoch:   1100 | Train loss: 5.5326e-01 | Valid loss: 5.7648e-01 | Train acc: 0.8186 ± 0.0000 | Valid acc: 0.7874 ± 0.0000 | Valid Power: 0.0014 | Train Power: 0.0014 | patience:  37 | lr: 0.1 | Epoch time: 0.1 |

2024-09-09 04:09:50,504 - INFO -
| Epoch:   1110 | Train loss: 5.5326e-01 | Valid loss: 5.7649e-01 | Train acc: 0.8186 ± 0.0000 | Valid acc: 0.7874 ± 0.0000 | Valid Power: 0.0014 | Train Power: 0.0014 | patience:  47 | lr: 0.1 | Epoch time: 0.1 |

2024-09-09 04:09:51,650 - INFO -
| Epoch:   1120 | Train loss: 5.5326e-01 | Valid loss: 5.7648e-01 | Train acc: 0.8186 ± 0.0000 | Valid acc: 0.7874 ± 0.0000 | Valid Power: 0.0013 | Train Power: 0.0014 | patience:  57 | lr: 0.1 | Epoch time: 0.1 |

2024-09-09 04:09:52,883 - INFO -
| Epoch:   1130 | Train loss: 5.5326e-01 | Valid loss: 5.7647e-01 | Train acc: 0.8186 ± 0.0000 | Valid acc: 0.7874 ± 0.0000 | Valid Power: 0.0013 | Train Power: 0.0014 | patience:  67 | lr: 0.1 | Epoch time: 0.1 |

2024-09-09 04:09:54,032 - INFO -
| Epoch:   1140 | Train loss: 5.5326e-01 | Valid loss: 5.7648e-01 | Train acc: 0.8186 ± 0.0000 | Valid acc: 0.7874 ± 0.0000 | Valid Power: 0.0013 | Train Power: 0.0014 | patience:  77 | lr: 0.1 | Epoch time: 0.1 |

2024-09-09 04:09:55,181 - INFO -
| Epoch:   1150 | Train loss: 5.5326e-01 | Valid loss: 5.7648e-01 | Train acc: 0.8186 ± 0.0000 | Valid acc: 0.7874 ± 0.0000 | Valid Power: 0.0013 | Train Power: 0.0014 | patience:  87 | lr: 0.1 | Epoch time: 0.1 |

2024-09-09 04:09:56,327 - INFO -
| Epoch:   1160 | Train loss: 5.5326e-01 | Valid loss: 5.7648e-01 | Train acc: 0.8186 ± 0.0000 | Valid acc: 0.7874 ± 0.0000 | Valid Power: 0.0013 | Train Power: 0.0014 | patience:  97 | lr: 0.1 | Epoch time: 0.1 |

2024-09-09 04:09:56,789 - INFO -
load best network to warm start training with lower lr.

2024-09-09 04:09:56,789 - INFO -
lr update to 0.05.

2024-09-09 04:09:57,478 - INFO -
| Epoch:   1170 | Train loss: 5.5367e-01 | Valid loss: 5.7753e-01 | Train acc: 0.8186 ± 0.0000 | Valid acc: 0.7874 ± 0.0000 | Valid Power: 0.0013 | Train Power: 0.0013 | patience:   6 | lr: 0.05 | Epoch time: 0.1 |

2024-09-09 04:09:58,624 - INFO -
| Epoch:   1180 | Train loss: 5.5343e-01 | Valid loss: 5.7695e-01 | Train acc: 0.8186 ± 0.0000 | Valid acc: 0.7874 ± 0.0000 | Valid Power: 0.0016 | Train Power: 0.0013 | patience:  16 | lr: 0.05 | Epoch time: 0.1 |

2024-09-09 04:09:59,704 - INFO -
| Epoch:   1190 | Train loss: 5.5338e-01 | Valid loss: 5.7678e-01 | Train acc: 0.8186 ± 0.0000 | Valid acc: 0.7874 ± 0.0000 | Valid Power: 0.0012 | Train Power: 0.0012 | patience:  26 | lr: 0.05 | Epoch time: 0.1 |

2024-09-09 04:10:00,801 - INFO -
| Epoch:   1200 | Train loss: 5.5330e-01 | Valid loss: 5.7627e-01 | Train acc: 0.8186 ± 0.0000 | Valid acc: 0.7874 ± 0.0000 | Valid Power: 0.0012 | Train Power: 0.0012 | patience:   0 | lr: 0.05 | Epoch time: 0.1 |

2024-09-09 04:10:01,895 - INFO -
| Epoch:   1210 | Train loss: 5.5325e-01 | Valid loss: 5.7617e-01 | Train acc: 0.8186 ± 0.0000 | Valid acc: 0.7874 ± 0.0000 | Valid Power: 0.0026 | Train Power: 0.0013 | patience:   1 | lr: 0.05 | Epoch time: 0.1 |

2024-09-09 04:10:02,960 - INFO -
| Epoch:   1220 | Train loss: 5.5325e-01 | Valid loss: 5.7637e-01 | Train acc: 0.8186 ± 0.0000 | Valid acc: 0.7874 ± 0.0000 | Valid Power: 0.0012 | Train Power: 0.0012 | patience:  11 | lr: 0.05 | Epoch time: 0.1 |

2024-09-09 04:10:04,010 - INFO -
| Epoch:   1230 | Train loss: 5.5325e-01 | Valid loss: 5.7653e-01 | Train acc: 0.8186 ± 0.0000 | Valid acc: 0.7874 ± 0.0000 | Valid Power: 0.0012 | Train Power: 0.0012 | patience:  21 | lr: 0.05 | Epoch time: 0.1 |

2024-09-09 04:10:05,057 - INFO -
| Epoch:   1240 | Train loss: 5.5324e-01 | Valid loss: 5.7647e-01 | Train acc: 0.8186 ± 0.0000 | Valid acc: 0.7874 ± 0.0000 | Valid Power: 0.0017 | Train Power: 0.0040 | patience:  31 | lr: 0.05 | Epoch time: 0.1 |

2024-09-09 04:10:06,111 - INFO -
| Epoch:   1250 | Train loss: 5.5324e-01 | Valid loss: 5.7646e-01 | Train acc: 0.8186 ± 0.0000 | Valid acc: 0.7874 ± 0.0000 | Valid Power: 0.0013 | Train Power: 0.0013 | patience:  41 | lr: 0.05 | Epoch time: 0.1 |

2024-09-09 04:10:07,148 - INFO -
| Epoch:   1260 | Train loss: 5.5324e-01 | Valid loss: 5.7646e-01 | Train acc: 0.8186 ± 0.0000 | Valid acc: 0.7874 ± 0.0000 | Valid Power: 0.0012 | Train Power: 0.0012 | patience:  51 | lr: 0.05 | Epoch time: 0.1 |

2024-09-09 04:10:08,195 - INFO -
| Epoch:   1270 | Train loss: 5.5324e-01 | Valid loss: 5.7648e-01 | Train acc: 0.8186 ± 0.0000 | Valid acc: 0.7874 ± 0.0000 | Valid Power: 0.0012 | Train Power: 0.0012 | patience:  61 | lr: 0.05 | Epoch time: 0.1 |

2024-09-09 04:10:09,241 - INFO -
| Epoch:   1280 | Train loss: 5.5324e-01 | Valid loss: 5.7647e-01 | Train acc: 0.8186 ± 0.0000 | Valid acc: 0.7874 ± 0.0000 | Valid Power: 0.0012 | Train Power: 0.0012 | patience:  71 | lr: 0.05 | Epoch time: 0.1 |

2024-09-09 04:10:10,292 - INFO -
| Epoch:   1290 | Train loss: 5.5324e-01 | Valid loss: 5.7647e-01 | Train acc: 0.8186 ± 0.0000 | Valid acc: 0.7874 ± 0.0000 | Valid Power: 0.0012 | Train Power: 0.0012 | patience:  81 | lr: 0.05 | Epoch time: 0.1 |

2024-09-09 04:10:11,338 - INFO -
| Epoch:   1300 | Train loss: 5.5324e-01 | Valid loss: 5.7646e-01 | Train acc: 0.8186 ± 0.0000 | Valid acc: 0.7874 ± 0.0000 | Valid Power: 0.0012 | Train Power: 0.0012 | patience:  91 | lr: 0.05 | Epoch time: 0.1 |

2024-09-09 04:10:12,455 - INFO -
load best network to warm start training with lower lr.

2024-09-09 04:10:12,456 - INFO -
lr update to 0.025.

2024-09-09 04:10:12,456 - INFO -
| Epoch:   1310 | Train loss: 5.5324e-01 | Valid loss: 5.7647e-01 | Train acc: 0.8186 ± 0.0000 | Valid acc: 0.7874 ± 0.0000 | Valid Power: 0.0012 | Train Power: 0.0012 | patience:   0 | lr: 0.025 | Epoch time: 0.1 |

2024-09-09 04:10:13,502 - INFO -
| Epoch:   1320 | Train loss: 5.5348e-01 | Valid loss: 5.7688e-01 | Train acc: 0.8186 ± 0.0000 | Valid acc: 0.7874 ± 0.0000 | Valid Power: 0.0012 | Train Power: 0.0012 | patience:  10 | lr: 0.025 | Epoch time: 0.1 |

2024-09-09 04:10:14,545 - INFO -
| Epoch:   1330 | Train loss: 5.5331e-01 | Valid loss: 5.7666e-01 | Train acc: 0.8186 ± 0.0000 | Valid acc: 0.7874 ± 0.0000 | Valid Power: 0.0012 | Train Power: 0.0012 | patience:  20 | lr: 0.025 | Epoch time: 0.1 |

2024-09-09 04:10:15,589 - INFO -
| Epoch:   1340 | Train loss: 5.5326e-01 | Valid loss: 5.7655e-01 | Train acc: 0.8186 ± 0.0000 | Valid acc: 0.7874 ± 0.0000 | Valid Power: 0.0012 | Train Power: 0.0012 | patience:  30 | lr: 0.025 | Epoch time: 0.1 |

2024-09-09 04:10:16,621 - INFO -
| Epoch:   1350 | Train loss: 5.5325e-01 | Valid loss: 5.7647e-01 | Train acc: 0.8186 ± 0.0000 | Valid acc: 0.7874 ± 0.0000 | Valid Power: 0.0012 | Train Power: 0.0012 | patience:  40 | lr: 0.025 | Epoch time: 0.1 |

2024-09-09 04:10:17,666 - INFO -
| Epoch:   1360 | Train loss: 5.5324e-01 | Valid loss: 5.7640e-01 | Train acc: 0.8186 ± 0.0000 | Valid acc: 0.7874 ± 0.0000 | Valid Power: 0.0012 | Train Power: 0.0012 | patience:  50 | lr: 0.025 | Epoch time: 0.1 |

2024-09-09 04:10:18,698 - INFO -
| Epoch:   1370 | Train loss: 5.5324e-01 | Valid loss: 5.7646e-01 | Train acc: 0.8186 ± 0.0000 | Valid acc: 0.7874 ± 0.0000 | Valid Power: 0.0012 | Train Power: 0.0012 | patience:  60 | lr: 0.025 | Epoch time: 0.1 |

2024-09-09 04:10:19,732 - INFO -
| Epoch:   1380 | Train loss: 5.5324e-01 | Valid loss: 5.7646e-01 | Train acc: 0.8186 ± 0.0000 | Valid acc: 0.7874 ± 0.0000 | Valid Power: 0.0012 | Train Power: 0.0012 | patience:  70 | lr: 0.025 | Epoch time: 0.1 |

2024-09-09 04:10:20,768 - INFO -
| Epoch:   1390 | Train loss: 5.5324e-01 | Valid loss: 5.7647e-01 | Train acc: 0.8186 ± 0.0000 | Valid acc: 0.7874 ± 0.0000 | Valid Power: 0.0013 | Train Power: 0.0012 | patience:  80 | lr: 0.025 | Epoch time: 0.1 |

2024-09-09 04:10:21,803 - INFO -
| Epoch:   1400 | Train loss: 5.5324e-01 | Valid loss: 5.7646e-01 | Train acc: 0.8186 ± 0.0000 | Valid acc: 0.7874 ± 0.0000 | Valid Power: 0.0012 | Train Power: 0.0012 | patience:  90 | lr: 0.025 | Epoch time: 0.1 |

2024-09-09 04:10:22,839 - INFO -
| Epoch:   1410 | Train loss: 5.5324e-01 | Valid loss: 5.7647e-01 | Train acc: 0.8186 ± 0.0000 | Valid acc: 0.7874 ± 0.0000 | Valid Power: 0.0012 | Train Power: 0.0012 | patience: 100 | lr: 0.025 | Epoch time: 0.1 |

2024-09-09 04:10:22,946 - INFO -
load best network to warm start training with lower lr.

2024-09-09 04:10:22,946 - INFO -
lr update to 0.0125.

2024-09-09 04:10:23,878 - INFO -
| Epoch:   1420 | Train loss: 5.5329e-01 | Valid loss: 5.7649e-01 | Train acc: 0.8186 ± 0.0000 | Valid acc: 0.7874 ± 0.0000 | Valid Power: 0.0012 | Train Power: 0.0012 | patience:   9 | lr: 0.0125 | Epoch time: 0.1 |

2024-09-09 04:10:24,911 - INFO -
| Epoch:   1430 | Train loss: 5.5325e-01 | Valid loss: 5.7649e-01 | Train acc: 0.8186 ± 0.0000 | Valid acc: 0.7874 ± 0.0000 | Valid Power: 0.0012 | Train Power: 0.0012 | patience:  19 | lr: 0.0125 | Epoch time: 0.1 |

2024-09-09 04:10:25,944 - INFO -
| Epoch:   1440 | Train loss: 5.5324e-01 | Valid loss: 5.7649e-01 | Train acc: 0.8186 ± 0.0000 | Valid acc: 0.7874 ± 0.0000 | Valid Power: 0.0012 | Train Power: 0.0012 | patience:  29 | lr: 0.0125 | Epoch time: 0.1 |

2024-09-09 04:10:26,977 - INFO -
| Epoch:   1450 | Train loss: 5.5324e-01 | Valid loss: 5.7646e-01 | Train acc: 0.8186 ± 0.0000 | Valid acc: 0.7874 ± 0.0000 | Valid Power: 0.0012 | Train Power: 0.0012 | patience:  39 | lr: 0.0125 | Epoch time: 0.1 |

2024-09-09 04:10:28,092 - INFO -
| Epoch:   1460 | Train loss: 5.5324e-01 | Valid loss: 5.7644e-01 | Train acc: 0.8186 ± 0.0000 | Valid acc: 0.7874 ± 0.0000 | Valid Power: 0.0012 | Train Power: 0.0012 | patience:  49 | lr: 0.0125 | Epoch time: 0.1 |

2024-09-09 04:10:29,130 - INFO -
| Epoch:   1470 | Train loss: 5.5324e-01 | Valid loss: 5.7646e-01 | Train acc: 0.8186 ± 0.0000 | Valid acc: 0.7874 ± 0.0000 | Valid Power: 0.0012 | Train Power: 0.0012 | patience:  59 | lr: 0.0125 | Epoch time: 0.1 |

2024-09-09 04:10:30,168 - INFO -
| Epoch:   1480 | Train loss: 5.5324e-01 | Valid loss: 5.7647e-01 | Train acc: 0.8186 ± 0.0000 | Valid acc: 0.7874 ± 0.0000 | Valid Power: 0.0012 | Train Power: 0.0012 | patience:  69 | lr: 0.0125 | Epoch time: 0.1 |

2024-09-09 04:10:31,197 - INFO -
| Epoch:   1490 | Train loss: 5.5324e-01 | Valid loss: 5.7647e-01 | Train acc: 0.8186 ± 0.0000 | Valid acc: 0.7874 ± 0.0000 | Valid Power: 0.0012 | Train Power: 0.0012 | patience:  79 | lr: 0.0125 | Epoch time: 0.1 |

2024-09-09 04:10:32,226 - INFO -
| Epoch:   1500 | Train loss: 5.5324e-01 | Valid loss: 5.7647e-01 | Train acc: 0.8186 ± 0.0000 | Valid acc: 0.7874 ± 0.0000 | Valid Power: 0.0013 | Train Power: 0.0018 | patience:  89 | lr: 0.0125 | Epoch time: 0.1 |

2024-09-09 04:10:33,255 - INFO -
| Epoch:   1510 | Train loss: 5.5324e-01 | Valid loss: 5.7647e-01 | Train acc: 0.8186 ± 0.0000 | Valid acc: 0.7874 ± 0.0000 | Valid Power: 0.0012 | Train Power: 0.0012 | patience:  99 | lr: 0.0125 | Epoch time: 0.1 |

2024-09-09 04:10:33,463 - INFO -
load best network to warm start training with lower lr.

2024-09-09 04:10:33,463 - INFO -
lr update to 0.00625.

2024-09-09 04:10:34,285 - INFO -
| Epoch:   1520 | Train loss: 5.5325e-01 | Valid loss: 5.7633e-01 | Train acc: 0.8186 ± 0.0000 | Valid acc: 0.7874 ± 0.0000 | Valid Power: 0.0012 | Train Power: 0.0013 | patience:   8 | lr: 0.00625 | Epoch time: 0.1 |

2024-09-09 04:10:35,312 - INFO -
| Epoch:   1530 | Train loss: 5.5324e-01 | Valid loss: 5.7644e-01 | Train acc: 0.8186 ± 0.0000 | Valid acc: 0.7874 ± 0.0000 | Valid Power: 0.0012 | Train Power: 0.0012 | patience:  18 | lr: 0.00625 | Epoch time: 0.1 |

2024-09-09 04:10:36,402 - INFO -
| Epoch:   1540 | Train loss: 5.5324e-01 | Valid loss: 5.7647e-01 | Train acc: 0.8186 ± 0.0000 | Valid acc: 0.7874 ± 0.0000 | Valid Power: 0.0012 | Train Power: 0.0012 | patience:  28 | lr: 0.00625 | Epoch time: 0.2 |

2024-09-09 04:10:37,429 - INFO -
| Epoch:   1550 | Train loss: 5.5324e-01 | Valid loss: 5.7645e-01 | Train acc: 0.8186 ± 0.0000 | Valid acc: 0.7874 ± 0.0000 | Valid Power: 0.0012 | Train Power: 0.0012 | patience:  38 | lr: 0.00625 | Epoch time: 0.1 |

2024-09-09 04:10:38,456 - INFO -
| Epoch:   1560 | Train loss: 5.5324e-01 | Valid loss: 5.7644e-01 | Train acc: 0.8186 ± 0.0000 | Valid acc: 0.7874 ± 0.0000 | Valid Power: 0.0012 | Train Power: 0.0012 | patience:  48 | lr: 0.00625 | Epoch time: 0.1 |

2024-09-09 04:10:39,487 - INFO -
| Epoch:   1570 | Train loss: 5.5324e-01 | Valid loss: 5.7646e-01 | Train acc: 0.8186 ± 0.0000 | Valid acc: 0.7874 ± 0.0000 | Valid Power: 0.0012 | Train Power: 0.0012 | patience:  58 | lr: 0.00625 | Epoch time: 0.1 |

2024-09-09 04:10:40,512 - INFO -
| Epoch:   1580 | Train loss: 5.5324e-01 | Valid loss: 5.7648e-01 | Train acc: 0.8186 ± 0.0000 | Valid acc: 0.7874 ± 0.0000 | Valid Power: 0.0012 | Train Power: 0.0012 | patience:  68 | lr: 0.00625 | Epoch time: 0.1 |

2024-09-09 04:10:41,539 - INFO -
| Epoch:   1590 | Train loss: 5.5324e-01 | Valid loss: 5.7647e-01 | Train acc: 0.8186 ± 0.0000 | Valid acc: 0.7874 ± 0.0000 | Valid Power: 0.0012 | Train Power: 0.0012 | patience:  78 | lr: 0.00625 | Epoch time: 0.1 |

2024-09-09 04:10:42,565 - INFO -
| Epoch:   1600 | Train loss: 5.5324e-01 | Valid loss: 5.7647e-01 | Train acc: 0.8186 ± 0.0000 | Valid acc: 0.7874 ± 0.0000 | Valid Power: 0.0012 | Train Power: 0.0012 | patience:  88 | lr: 0.00625 | Epoch time: 0.1 |

2024-09-09 04:10:43,592 - INFO -
| Epoch:   1610 | Train loss: 5.5324e-01 | Valid loss: 5.7647e-01 | Train acc: 0.8186 ± 0.0000 | Valid acc: 0.7874 ± 0.0000 | Valid Power: 0.0012 | Train Power: 0.0012 | patience:  98 | lr: 0.00625 | Epoch time: 0.1 |

2024-09-09 04:10:43,902 - INFO -
load best network to warm start training with lower lr.

2024-09-09 04:10:43,902 - INFO -
lr update to 0.003125.

2024-09-09 04:10:44,620 - INFO -
| Epoch:   1620 | Train loss: 5.5325e-01 | Valid loss: 5.7625e-01 | Train acc: 0.8186 ± 0.0000 | Valid acc: 0.7874 ± 0.0000 | Valid Power: 0.0012 | Train Power: 0.0013 | patience:   7 | lr: 0.003125 | Epoch time: 0.1 |

2024-09-09 04:10:45,647 - INFO -
| Epoch:   1630 | Train loss: 5.5324e-01 | Valid loss: 5.7638e-01 | Train acc: 0.8186 ± 0.0000 | Valid acc: 0.7874 ± 0.0000 | Valid Power: 0.0012 | Train Power: 0.0013 | patience:  17 | lr: 0.003125 | Epoch time: 0.1 |

2024-09-09 04:10:46,674 - INFO -
| Epoch:   1640 | Train loss: 5.5324e-01 | Valid loss: 5.7643e-01 | Train acc: 0.8186 ± 0.0000 | Valid acc: 0.7874 ± 0.0000 | Valid Power: 0.0012 | Train Power: 0.0012 | patience:  27 | lr: 0.003125 | Epoch time: 0.1 |

2024-09-09 04:10:47,696 - INFO -
| Epoch:   1650 | Train loss: 5.5324e-01 | Valid loss: 5.7645e-01 | Train acc: 0.8186 ± 0.0000 | Valid acc: 0.7874 ± 0.0000 | Valid Power: 0.0012 | Train Power: 0.0012 | patience:  37 | lr: 0.003125 | Epoch time: 0.1 |

2024-09-09 04:10:48,731 - INFO -
| Epoch:   1660 | Train loss: 5.5324e-01 | Valid loss: 5.7645e-01 | Train acc: 0.8186 ± 0.0000 | Valid acc: 0.7874 ± 0.0000 | Valid Power: 0.0012 | Train Power: 0.0012 | patience:  47 | lr: 0.003125 | Epoch time: 0.1 |

2024-09-09 04:10:49,756 - INFO -
| Epoch:   1670 | Train loss: 5.5324e-01 | Valid loss: 5.7646e-01 | Train acc: 0.8186 ± 0.0000 | Valid acc: 0.7874 ± 0.0000 | Valid Power: 0.0012 | Train Power: 0.0012 | patience:  57 | lr: 0.003125 | Epoch time: 0.1 |

2024-09-09 04:10:50,780 - INFO -
| Epoch:   1680 | Train loss: 5.5324e-01 | Valid loss: 5.7647e-01 | Train acc: 0.8186 ± 0.0000 | Valid acc: 0.7874 ± 0.0000 | Valid Power: 0.0012 | Train Power: 0.0012 | patience:  67 | lr: 0.003125 | Epoch time: 0.1 |

2024-09-09 04:10:51,804 - INFO -
| Epoch:   1690 | Train loss: 5.5324e-01 | Valid loss: 5.7647e-01 | Train acc: 0.8186 ± 0.0000 | Valid acc: 0.7874 ± 0.0000 | Valid Power: 0.0012 | Train Power: 0.0012 | patience:  77 | lr: 0.003125 | Epoch time: 0.1 |

2024-09-09 04:10:52,807 - INFO -
| Epoch:   1700 | Train loss: 5.5324e-01 | Valid loss: 5.7647e-01 | Train acc: 0.8186 ± 0.0000 | Valid acc: 0.7874 ± 0.0000 | Valid Power: 0.0012 | Train Power: 0.0012 | patience:  87 | lr: 0.003125 | Epoch time: 0.1 |

2024-09-09 04:10:53,732 - INFO -
| Epoch:   1710 | Train loss: 5.5324e-01 | Valid loss: 5.7647e-01 | Train acc: 0.8186 ± 0.0000 | Valid acc: 0.7874 ± 0.0000 | Valid Power: 0.0012 | Train Power: 0.0012 | patience:  97 | lr: 0.003125 | Epoch time: 0.1 |

2024-09-09 04:10:54,107 - INFO -
load best network to warm start training with lower lr.

2024-09-09 04:10:54,107 - INFO -
lr update to 0.0015625.

2024-09-09 04:10:54,758 - INFO -
| Epoch:   1720 | Train loss: 5.5324e-01 | Valid loss: 5.7620e-01 | Train acc: 0.8186 ± 0.0000 | Valid acc: 0.7874 ± 0.0000 | Valid Power: 0.0012 | Train Power: 0.0013 | patience:   6 | lr: 0.0015625 | Epoch time: 0.1 |

2024-09-09 04:10:55,689 - INFO -
| Epoch:   1730 | Train loss: 5.5324e-01 | Valid loss: 5.7632e-01 | Train acc: 0.8186 ± 0.0000 | Valid acc: 0.7874 ± 0.0000 | Valid Power: 0.0012 | Train Power: 0.0013 | patience:  16 | lr: 0.0015625 | Epoch time: 0.1 |

2024-09-09 04:10:56,619 - INFO -
| Epoch:   1740 | Train loss: 5.5324e-01 | Valid loss: 5.7636e-01 | Train acc: 0.8186 ± 0.0000 | Valid acc: 0.7874 ± 0.0000 | Valid Power: 0.0012 | Train Power: 0.0013 | patience:  26 | lr: 0.0015625 | Epoch time: 0.1 |

2024-09-09 04:10:57,547 - INFO -
| Epoch:   1750 | Train loss: 5.5324e-01 | Valid loss: 5.7639e-01 | Train acc: 0.8186 ± 0.0000 | Valid acc: 0.7874 ± 0.0000 | Valid Power: 0.0012 | Train Power: 0.0013 | patience:  36 | lr: 0.0015625 | Epoch time: 0.1 |

2024-09-09 04:10:58,475 - INFO -
| Epoch:   1760 | Train loss: 5.5324e-01 | Valid loss: 5.7642e-01 | Train acc: 0.8186 ± 0.0000 | Valid acc: 0.7874 ± 0.0000 | Valid Power: 0.0012 | Train Power: 0.0013 | patience:  46 | lr: 0.0015625 | Epoch time: 0.1 |

2024-09-09 04:10:59,407 - INFO -
| Epoch:   1770 | Train loss: 5.5324e-01 | Valid loss: 5.7643e-01 | Train acc: 0.8186 ± 0.0000 | Valid acc: 0.7874 ± 0.0000 | Valid Power: 0.0012 | Train Power: 0.0012 | patience:  56 | lr: 0.0015625 | Epoch time: 0.1 |

2024-09-09 04:11:00,334 - INFO -
| Epoch:   1780 | Train loss: 5.5324e-01 | Valid loss: 5.7644e-01 | Train acc: 0.8186 ± 0.0000 | Valid acc: 0.7874 ± 0.0000 | Valid Power: 0.0012 | Train Power: 0.0012 | patience:  66 | lr: 0.0015625 | Epoch time: 0.1 |

2024-09-09 04:11:01,275 - INFO -
| Epoch:   1790 | Train loss: 5.5324e-01 | Valid loss: 5.7645e-01 | Train acc: 0.8186 ± 0.0000 | Valid acc: 0.7874 ± 0.0000 | Valid Power: 0.0012 | Train Power: 0.0012 | patience:  76 | lr: 0.0015625 | Epoch time: 0.1 |

2024-09-09 04:11:02,204 - INFO -
| Epoch:   1800 | Train loss: 5.5324e-01 | Valid loss: 5.7646e-01 | Train acc: 0.8186 ± 0.0000 | Valid acc: 0.7874 ± 0.0000 | Valid Power: 0.0012 | Train Power: 0.0012 | patience:  86 | lr: 0.0015625 | Epoch time: 0.1 |

2024-09-09 04:11:03,128 - INFO -
| Epoch:   1810 | Train loss: 5.5324e-01 | Valid loss: 5.7646e-01 | Train acc: 0.8186 ± 0.0000 | Valid acc: 0.7874 ± 0.0000 | Valid Power: 0.0012 | Train Power: 0.0012 | patience:  96 | lr: 0.0015625 | Epoch time: 0.1 |

2024-09-09 04:11:03,593 - INFO -
load best network to warm start training with lower lr.

2024-09-09 04:11:03,594 - INFO -
lr update to 0.00078125.

2024-09-09 04:11:04,057 - INFO -
| Epoch:   1820 | Train loss: 5.5325e-01 | Valid loss: 5.7617e-01 | Train acc: 0.8186 ± 0.0000 | Valid acc: 0.7874 ± 0.0000 | Valid Power: 0.0012 | Train Power: 0.0013 | patience:   5 | lr: 0.00078125 | Epoch time: 0.1 |

2024-09-09 04:11:04,984 - INFO -
| Epoch:   1830 | Train loss: 5.5324e-01 | Valid loss: 5.7623e-01 | Train acc: 0.8186 ± 0.0000 | Valid acc: 0.7874 ± 0.0000 | Valid Power: 0.0012 | Train Power: 0.0013 | patience:  15 | lr: 0.00078125 | Epoch time: 0.1 |

2024-09-09 04:11:05,910 - INFO -
| Epoch:   1840 | Train loss: 5.5324e-01 | Valid loss: 5.7630e-01 | Train acc: 0.8186 ± 0.0000 | Valid acc: 0.7874 ± 0.0000 | Valid Power: 0.0012 | Train Power: 0.0013 | patience:  25 | lr: 0.00078125 | Epoch time: 0.1 |

2024-09-09 04:11:06,833 - INFO -
| Epoch:   1850 | Train loss: 5.5324e-01 | Valid loss: 5.7632e-01 | Train acc: 0.8186 ± 0.0000 | Valid acc: 0.7874 ± 0.0000 | Valid Power: 0.0012 | Train Power: 0.0013 | patience:  35 | lr: 0.00078125 | Epoch time: 0.1 |

2024-09-09 04:11:07,754 - INFO -
| Epoch:   1860 | Train loss: 5.5324e-01 | Valid loss: 5.7635e-01 | Train acc: 0.8186 ± 0.0000 | Valid acc: 0.7874 ± 0.0000 | Valid Power: 0.0012 | Train Power: 0.0013 | patience:  45 | lr: 0.00078125 | Epoch time: 0.1 |

2024-09-09 04:11:08,741 - INFO -
| Epoch:   1870 | Train loss: 5.5324e-01 | Valid loss: 5.7637e-01 | Train acc: 0.8186 ± 0.0000 | Valid acc: 0.7874 ± 0.0000 | Valid Power: 0.0012 | Train Power: 0.0013 | patience:  55 | lr: 0.00078125 | Epoch time: 0.1 |

2024-09-09 04:11:09,679 - INFO -
| Epoch:   1880 | Train loss: 5.5324e-01 | Valid loss: 5.7639e-01 | Train acc: 0.8186 ± 0.0000 | Valid acc: 0.7874 ± 0.0000 | Valid Power: 0.0012 | Train Power: 0.0013 | patience:  65 | lr: 0.00078125 | Epoch time: 0.1 |

2024-09-09 04:11:10,611 - INFO -
| Epoch:   1890 | Train loss: 5.5324e-01 | Valid loss: 5.7640e-01 | Train acc: 0.8186 ± 0.0000 | Valid acc: 0.7874 ± 0.0000 | Valid Power: 0.0012 | Train Power: 0.0013 | patience:  75 | lr: 0.00078125 | Epoch time: 0.1 |

2024-09-09 04:11:11,546 - INFO -
| Epoch:   1900 | Train loss: 5.5324e-01 | Valid loss: 5.7641e-01 | Train acc: 0.8186 ± 0.0000 | Valid acc: 0.7874 ± 0.0000 | Valid Power: 0.0012 | Train Power: 0.0013 | patience:  85 | lr: 0.00078125 | Epoch time: 0.1 |

2024-09-09 04:11:12,460 - INFO -
| Epoch:   1910 | Train loss: 5.5324e-01 | Valid loss: 5.7642e-01 | Train acc: 0.8186 ± 0.0000 | Valid acc: 0.7874 ± 0.0000 | Valid Power: 0.0012 | Train Power: 0.0013 | patience:  95 | lr: 0.00078125 | Epoch time: 0.1 |

2024-09-09 04:11:13,005 - INFO -
load best network to warm start training with lower lr.

2024-09-09 04:11:13,006 - INFO -
lr update to 0.000390625.

2024-09-09 04:11:13,366 - INFO -
| Epoch:   1920 | Train loss: 5.5325e-01 | Valid loss: 5.7614e-01 | Train acc: 0.8186 ± 0.0000 | Valid acc: 0.7874 ± 0.0000 | Valid Power: 0.0012 | Train Power: 0.0013 | patience:   4 | lr: 0.000390625 | Epoch time: 0.1 |

2024-09-09 04:11:14,270 - INFO -
| Epoch:   1930 | Train loss: 5.5325e-01 | Valid loss: 5.7619e-01 | Train acc: 0.8186 ± 0.0000 | Valid acc: 0.7874 ± 0.0000 | Valid Power: 0.0012 | Train Power: 0.0013 | patience:  14 | lr: 0.000390625 | Epoch time: 0.1 |

2024-09-09 04:11:15,180 - INFO -
| Epoch:   1940 | Train loss: 5.5324e-01 | Valid loss: 5.7622e-01 | Train acc: 0.8186 ± 0.0000 | Valid acc: 0.7874 ± 0.0000 | Valid Power: 0.0012 | Train Power: 0.0013 | patience:  24 | lr: 0.000390625 | Epoch time: 0.1 |

2024-09-09 04:11:16,087 - INFO -
| Epoch:   1950 | Train loss: 5.5324e-01 | Valid loss: 5.7626e-01 | Train acc: 0.8186 ± 0.0000 | Valid acc: 0.7874 ± 0.0000 | Valid Power: 0.0012 | Train Power: 0.0013 | patience:  34 | lr: 0.000390625 | Epoch time: 0.1 |

2024-09-09 04:11:17,058 - INFO -
| Epoch:   1960 | Train loss: 5.5324e-01 | Valid loss: 5.7629e-01 | Train acc: 0.8186 ± 0.0000 | Valid acc: 0.7874 ± 0.0000 | Valid Power: 0.0012 | Train Power: 0.0013 | patience:  44 | lr: 0.000390625 | Epoch time: 0.1 |

2024-09-09 04:11:17,958 - INFO -
| Epoch:   1970 | Train loss: 5.5324e-01 | Valid loss: 5.7630e-01 | Train acc: 0.8186 ± 0.0000 | Valid acc: 0.7874 ± 0.0000 | Valid Power: 0.0012 | Train Power: 0.0013 | patience:  54 | lr: 0.000390625 | Epoch time: 0.1 |

2024-09-09 04:11:18,871 - INFO -
| Epoch:   1980 | Train loss: 5.5324e-01 | Valid loss: 5.7632e-01 | Train acc: 0.8186 ± 0.0000 | Valid acc: 0.7874 ± 0.0000 | Valid Power: 0.0012 | Train Power: 0.0013 | patience:  64 | lr: 0.000390625 | Epoch time: 0.1 |

2024-09-09 04:11:19,774 - INFO -
| Epoch:   1990 | Train loss: 5.5324e-01 | Valid loss: 5.7633e-01 | Train acc: 0.8186 ± 0.0000 | Valid acc: 0.7874 ± 0.0000 | Valid Power: 0.0012 | Train Power: 0.0013 | patience:  74 | lr: 0.000390625 | Epoch time: 0.1 |

2024-09-09 04:11:20,678 - INFO -
| Epoch:   2000 | Train loss: 5.5324e-01 | Valid loss: 5.7635e-01 | Train acc: 0.8186 ± 0.0000 | Valid acc: 0.7874 ± 0.0000 | Valid Power: 0.0012 | Train Power: 0.0013 | patience:  84 | lr: 0.000390625 | Epoch time: 0.1 |

2024-09-09 04:11:21,578 - INFO -
| Epoch:   2010 | Train loss: 5.5324e-01 | Valid loss: 5.7636e-01 | Train acc: 0.8186 ± 0.0000 | Valid acc: 0.7874 ± 0.0000 | Valid Power: 0.0012 | Train Power: 0.0013 | patience:  94 | lr: 0.000390625 | Epoch time: 0.1 |

2024-09-09 04:11:22,213 - INFO -
load best network to warm start training with lower lr.

2024-09-09 04:11:22,213 - INFO -
lr update to 0.0001953125.

2024-09-09 04:11:22,482 - INFO -
| Epoch:   2020 | Train loss: 5.5325e-01 | Valid loss: 5.7612e-01 | Train acc: 0.8186 ± 0.0000 | Valid acc: 0.7874 ± 0.0000 | Valid Power: 0.0012 | Train Power: 0.0013 | patience:   3 | lr: 0.0001953125 | Epoch time: 0.1 |

2024-09-09 04:11:23,382 - INFO -
| Epoch:   2030 | Train loss: 5.5324e-01 | Valid loss: 5.7615e-01 | Train acc: 0.8186 ± 0.0000 | Valid acc: 0.7874 ± 0.0000 | Valid Power: 0.0012 | Train Power: 0.0013 | patience:  13 | lr: 0.0001953125 | Epoch time: 0.1 |

2024-09-09 04:11:24,286 - INFO -
| Epoch:   2040 | Train loss: 5.5324e-01 | Valid loss: 5.7618e-01 | Train acc: 0.8186 ± 0.0000 | Valid acc: 0.7874 ± 0.0000 | Valid Power: 0.0012 | Train Power: 0.0013 | patience:  23 | lr: 0.0001953125 | Epoch time: 0.1 |

2024-09-09 04:11:25,185 - INFO -
| Epoch:   2050 | Train loss: 5.5324e-01 | Valid loss: 5.7620e-01 | Train acc: 0.8186 ± 0.0000 | Valid acc: 0.7874 ± 0.0000 | Valid Power: 0.0012 | Train Power: 0.0013 | patience:  33 | lr: 0.0001953125 | Epoch time: 0.1 |

2024-09-09 04:11:26,087 - INFO -
| Epoch:   2060 | Train loss: 5.5324e-01 | Valid loss: 5.7622e-01 | Train acc: 0.8186 ± 0.0000 | Valid acc: 0.7874 ± 0.0000 | Valid Power: 0.0012 | Train Power: 0.0013 | patience:  43 | lr: 0.0001953125 | Epoch time: 0.1 |

2024-09-09 04:11:26,987 - INFO -
| Epoch:   2070 | Train loss: 5.5324e-01 | Valid loss: 5.7624e-01 | Train acc: 0.8186 ± 0.0000 | Valid acc: 0.7874 ± 0.0000 | Valid Power: 0.0012 | Train Power: 0.0013 | patience:  53 | lr: 0.0001953125 | Epoch time: 0.1 |

2024-09-09 04:11:27,887 - INFO -
| Epoch:   2080 | Train loss: 5.5324e-01 | Valid loss: 5.7626e-01 | Train acc: 0.8186 ± 0.0000 | Valid acc: 0.7874 ± 0.0000 | Valid Power: 0.0012 | Train Power: 0.0013 | patience:  63 | lr: 0.0001953125 | Epoch time: 0.1 |

2024-09-09 04:11:28,788 - INFO -
| Epoch:   2090 | Train loss: 5.5324e-01 | Valid loss: 5.7627e-01 | Train acc: 0.8186 ± 0.0000 | Valid acc: 0.7874 ± 0.0000 | Valid Power: 0.0012 | Train Power: 0.0013 | patience:  73 | lr: 0.0001953125 | Epoch time: 0.1 |

2024-09-09 04:11:29,688 - INFO -
| Epoch:   2100 | Train loss: 5.5324e-01 | Valid loss: 5.7629e-01 | Train acc: 0.8186 ± 0.0000 | Valid acc: 0.7874 ± 0.0000 | Valid Power: 0.0012 | Train Power: 0.0013 | patience:  83 | lr: 0.0001953125 | Epoch time: 0.1 |

2024-09-09 04:11:30,583 - INFO -
| Epoch:   2110 | Train loss: 5.5324e-01 | Valid loss: 5.7630e-01 | Train acc: 0.8186 ± 0.0000 | Valid acc: 0.7874 ± 0.0000 | Valid Power: 0.0012 | Train Power: 0.0013 | patience:  93 | lr: 0.0001953125 | Epoch time: 0.1 |

2024-09-09 04:11:31,263 - INFO -
load best network to warm start training with lower lr.

2024-09-09 04:11:31,263 - INFO -
lr update to 9.765625e-05.

2024-09-09 04:11:31,263 - INFO -
Early stop.

2024-09-09 04:11:31,269 - INFO -
Training if finished.

2024-09-09 16:19:07,159 - INFO -
Configuration: 
gmin                0.01
gmax                10.0
T                   0.1
m                   0.3
type_nonlinear      normal
act                 tanh
ACT_R1n             12.7865
ACT_R2n             -3.1871
ACT_W1n             -10.4537
ACT_L1n             10.546
ACT_W2n             -5.8496
ACT_L2n             4.2337
S_R1n               -11.7481
S_R2n               -0.3905
S_W1n               -9.169
S_L1n               0.3913
S_W2n               7.2004
S_L2n               15.5558
ReLU_RHn            -1.9557
ReLU_RLn            -20.1581
ReLU_RDn            16.6486
ReLU_RBn            -14.3472
ReLU_Wn             16.655
ReLU_Ln             -21.7591
HS_Rn               -0.3766
HS_Wn               0.5192
HS_Ln               4.6293
NEG_R1n             -7.0846
NEG_R2n             -2.5695
NEG_R3n             16.1542
NEG_W1n             13.8696
NEG_L1n             2.7635
NEG_W2n             1.2674
NEG_L2n             -10.4803
NEG_W3n             -6.4386
NEG_L3n             5.1005
task                normal
DATASET             4
DataPath            ./dataset
InputNoise          0.0
IN_test             0.0
R_train             1
R_test              1
N_time              32
pathnorm            False
hidden              [3]
skipconnection      False
SEED                8
DEVICE              cpu
PATIENCE            500
EPOCH               10000000000
LR                  0.1
PROGRESSIVE         True
LR_PATIENCE         100
LR_DECAY            0.5
LR_MIN              0.0001
metric              acc
SoftEva             True
TIMELIMITATION      71
MODE                nominal
M_train             1
K_train             1
M_test              1
K_test              1
t_test_max          1
integration         MC
N_train             1
e_train             0.0
N_test              100
e_test              0.1
e_fault             2
fault_ratio         0.0
N_fault             50
e_fault_test        0
N_fault_test        50
dropout             0.0
lagrangian_loss     False
rho                 100
powerestimator      none
powerbalance        0.0
estimatorbalance    0.0
pgmin               1e-07
power_ratio         1000
lambda_P            100
areaestimator       none
areabalance         0.0
area_theta          0.15
area_act            30.0
area_neg            22.7
lambda_A            0.001
lnc                 False
projectname         tanh_0_FaultAnalysisNormal
temppath            ./tanh_0_FaultAnalysisNormal/temp/
logfilepath         ./tanh_0_FaultAnalysisNormal/log/
report_freq         10
recording           False
recordpath          ./tanh_0_FaultAnalysisNormal/record/
savepath            ./tanh_0_FaultAnalysisNormal/models/
loglevel            info


2024-09-09 16:19:07,193 - INFO -
Training network on device: cpu.

2024-09-09 16:19:07,193 - INFO -
Training setup: data_04_energyy1_seed_08_epsilon_0.0_dropout_0.0_fault_ratio_0.0.model.

2024-09-09 16:19:07,193 - INFO -
{'dataname': 'energyy1', 'N_feature': 8, 'N_class': 3, 'N_train': 397, 'N_valid': 127, 'N_test': 79}

2024-09-09 16:19:07,194 - INFO -
Training was already finished.

2024-09-11 18:17:02,218 - INFO -
Configuration: 
gmin                0.01
gmax                10.0
T                   0.1
m                   0.3
type_nonlinear      normal
act                 tanh
ACT_R1n             12.7865
ACT_R2n             -3.1871
ACT_W1n             -10.4537
ACT_L1n             10.546
ACT_W2n             -5.8496
ACT_L2n             4.2337
S_R1n               -11.7481
S_R2n               -0.3905
S_W1n               -9.169
S_L1n               0.3913
S_W2n               7.2004
S_L2n               15.5558
ReLU_RHn            -1.9557
ReLU_RLn            -20.1581
ReLU_RDn            16.6486
ReLU_RBn            -14.3472
ReLU_Wn             16.655
ReLU_Ln             -21.7591
HS_Rn               -0.3766
HS_Wn               0.5192
HS_Ln               4.6293
NEG_R1n             -7.0846
NEG_R2n             -2.5695
NEG_R3n             16.1542
NEG_W1n             13.8696
NEG_L1n             2.7635
NEG_W2n             1.2674
NEG_L2n             -10.4803
NEG_W3n             -6.4386
NEG_L3n             5.1005
task                normal
DATASET             4
DataPath            ./dataset
InputNoise          0.0
IN_test             0.0
R_train             1
R_test              1
N_time              32
pathnorm            False
hidden              [3]
skipconnection      False
SEED                8
DEVICE              cpu
PATIENCE            500
EPOCH               10000000000
LR                  0.1
PROGRESSIVE         True
LR_PATIENCE         100
LR_DECAY            0.5
LR_MIN              0.0001
metric              acc
SoftEva             True
TIMELIMITATION      71
MODE                nominal
M_train             1
K_train             1
M_test              1
K_test              1
t_test_max          1
integration         MC
N_train             1
e_train             0.0
N_test              100
e_test              0.1
e_fault             2
fault_ratio         0.0
N_fault             50
e_fault_test        0
N_fault_test        50
dropout             0.0
lagrangian_loss     False
rho                 100
powerestimator      none
powerbalance        0.0
estimatorbalance    0.0
pgmin               1e-07
power_ratio         1000
lambda_P            100
areaestimator       none
areabalance         0.0
area_theta          0.15
area_act            30.0
area_neg            22.7
lambda_A            0.001
lnc                 False
projectname         tanh_0_FaultAnalysisNormal
temppath            ./tanh_0_FaultAnalysisNormal/temp/
logfilepath         ./tanh_0_FaultAnalysisNormal/log/
report_freq         10
recording           False
recordpath          ./tanh_0_FaultAnalysisNormal/record/
savepath            ./tanh_0_FaultAnalysisNormal/models/
loglevel            info


2024-09-11 18:17:02,237 - INFO -
Training network on device: cpu.

2024-09-11 18:17:02,237 - INFO -
Training setup: data_04_energyy1_seed_08_epsilon_0.0_dropout_0.0_fault_ratio_0.0.model.

2024-09-11 18:17:02,237 - INFO -
{'dataname': 'energyy1', 'N_feature': 8, 'N_class': 3, 'N_train': 397, 'N_valid': 127, 'N_test': 79}

2024-09-11 18:17:02,245 - INFO -
Training was already finished.

2024-09-12 04:38:03,721 - INFO -
Configuration: 
gmin                0.01
gmax                10.0
T                   0.1
m                   0.3
type_nonlinear      normal
act                 tanh
ACT_R1n             12.7865
ACT_R2n             -3.1871
ACT_W1n             -10.4537
ACT_L1n             10.546
ACT_W2n             -5.8496
ACT_L2n             4.2337
S_R1n               -11.7481
S_R2n               -0.3905
S_W1n               -9.169
S_L1n               0.3913
S_W2n               7.2004
S_L2n               15.5558
ReLU_RHn            -1.9557
ReLU_RLn            -20.1581
ReLU_RDn            16.6486
ReLU_RBn            -14.3472
ReLU_Wn             16.655
ReLU_Ln             -21.7591
HS_Rn               -0.3766
HS_Wn               0.5192
HS_Ln               4.6293
NEG_R1n             -7.0846
NEG_R2n             -2.5695
NEG_R3n             16.1542
NEG_W1n             13.8696
NEG_L1n             2.7635
NEG_W2n             1.2674
NEG_L2n             -10.4803
NEG_W3n             -6.4386
NEG_L3n             5.1005
task                normal
DATASET             4
DataPath            ./dataset
InputNoise          0.0
IN_test             0.0
R_train             1
R_test              1
N_time              32
pathnorm            False
hidden              [3]
skipconnection      False
SEED                8
DEVICE              cpu
PATIENCE            500
EPOCH               10000000000
LR                  0.1
PROGRESSIVE         True
LR_PATIENCE         100
LR_DECAY            0.5
LR_MIN              0.0001
metric              acc
SoftEva             True
TIMELIMITATION      71
MODE                nominal
M_train             1
K_train             1
M_test              1
K_test              1
t_test_max          1
integration         MC
N_train             1
e_train             0.0
N_test              100
e_test              0.1
e_fault             2
fault_ratio         0.0
N_fault             50
e_fault_test        0
N_fault_test        50
dropout             0.0
lagrangian_loss     False
rho                 100
powerestimator      none
powerbalance        0.0
estimatorbalance    0.0
pgmin               1e-07
power_ratio         1000
lambda_P            100
areaestimator       none
areabalance         0.0
area_theta          0.15
area_act            30.0
area_neg            22.7
lambda_A            0.001
lnc                 False
projectname         tanh_0_FaultAnalysisNormal
temppath            ./tanh_0_FaultAnalysisNormal/temp/
logfilepath         ./tanh_0_FaultAnalysisNormal/log/
report_freq         10
recording           False
recordpath          ./tanh_0_FaultAnalysisNormal/record/
savepath            ./tanh_0_FaultAnalysisNormal/models/
loglevel            info


2024-09-12 04:38:03,734 - INFO -
Training network on device: cpu.

2024-09-12 04:38:03,734 - INFO -
Training setup: data_04_energyy1_seed_08_epsilon_0.0_dropout_0.0_fault_ratio_0.0.model.

2024-09-12 04:38:03,734 - INFO -
{'dataname': 'energyy1', 'N_feature': 8, 'N_class': 3, 'N_train': 397, 'N_valid': 127, 'N_test': 79}

2024-09-12 04:38:03,735 - INFO -
Training was already finished.

