2024-09-09 04:07:29,240 - INFO -
Configuration: 
gmin                0.01
gmax                10.0
T                   0.1
m                   0.3
type_nonlinear      normal
act                 tanh
ACT_R1n             12.7865
ACT_R2n             -3.1871
ACT_W1n             -10.4537
ACT_L1n             10.546
ACT_W2n             -5.8496
ACT_L2n             4.2337
S_R1n               -11.7481
S_R2n               -0.3905
S_W1n               -9.169
S_L1n               0.3913
S_W2n               7.2004
S_L2n               15.5558
ReLU_RHn            -1.9557
ReLU_RLn            -20.1581
ReLU_RDn            16.6486
ReLU_RBn            -14.3472
ReLU_Wn             16.655
ReLU_Ln             -21.7591
HS_Rn               -0.3766
HS_Wn               0.5192
HS_Ln               4.6293
NEG_R1n             -7.0846
NEG_R2n             -2.5695
NEG_R3n             16.1542
NEG_W1n             13.8696
NEG_L1n             2.7635
NEG_W2n             1.2674
NEG_L2n             -10.4803
NEG_W3n             -6.4386
NEG_L3n             5.1005
task                normal
DATASET             6
DataPath            ./dataset
InputNoise          0.0
IN_test             0.0
R_train             1
R_test              1
N_time              32
pathnorm            False
hidden              [3]
skipconnection      False
SEED                9
DEVICE              cpu
PATIENCE            500
EPOCH               10000000000
LR                  0.1
PROGRESSIVE         True
LR_PATIENCE         100
LR_DECAY            0.5
LR_MIN              0.0001
metric              acc
SoftEva             True
TIMELIMITATION      71
MODE                nominal
M_train             1
K_train             1
M_test              1
K_test              1
t_test_max          1
integration         MC
N_train             1
e_train             0.0
N_test              100
e_test              0.1
e_fault             2
fault_ratio         0.0
N_fault             50
e_fault_test        0
N_fault_test        50
dropout             0.0
lagrangian_loss     False
rho                 100
powerestimator      none
powerbalance        0.0
estimatorbalance    0.0
pgmin               1e-07
power_ratio         1000
lambda_P            100
areaestimator       none
areabalance         0.0
area_theta          0.15
area_act            30.0
area_neg            22.7
lambda_A            0.001
lnc                 False
projectname         tanh_0_FaultAnalysisNormal
temppath            ./tanh_0_FaultAnalysisNormal/temp/
logfilepath         ./tanh_0_FaultAnalysisNormal/log/
report_freq         10
recording           False
recordpath          ./tanh_0_FaultAnalysisNormal/record/
savepath            ./tanh_0_FaultAnalysisNormal/models/
loglevel            info


2024-09-09 04:07:29,240 - INFO -
Training network on device: cpu.

2024-09-09 04:07:29,240 - INFO -
Training setup: data_06_iris_seed_09_epsilon_0.0_dropout_0.0_fault_ratio_0.0.model.

2024-09-09 04:07:29,240 - INFO -
{'dataname': 'iris', 'N_feature': 4, 'N_class': 3, 'N_train': 88, 'N_valid': 29, 'N_test': 31}

2024-09-09 04:07:29,241 - INFO -
Topology of the network: [4, 3, 3].

2024-09-09 04:07:31,154 - INFO -
| Epoch:      0 | Train loss: 1.0986e+00 | Valid loss: 1.1046e+00 | Train acc: 0.3523 ± 0.0000 | Valid acc: 0.3103 ± 0.0000 | Valid Power: 0.0007 | Train Power: 0.0005 | patience:   0 | lr: 0.1 | Epoch time: 0.1 |

2024-09-09 04:07:31,960 - INFO -
| Epoch:     10 | Train loss: 1.0940e+00 | Valid loss: 1.1340e+00 | Train acc: 0.3523 ± 0.0000 | Valid acc: 0.2759 ± 0.0000 | Valid Power: 0.0007 | Train Power: 0.0007 | patience:  10 | lr: 0.1 | Epoch time: 0.1 |

2024-09-09 04:07:32,788 - INFO -
| Epoch:     20 | Train loss: 9.9629e-01 | Valid loss: 1.0105e+00 | Train acc: 0.5227 ± 0.0000 | Valid acc: 0.4828 ± 0.0000 | Valid Power: 0.0007 | Train Power: 0.0007 | patience:   0 | lr: 0.1 | Epoch time: 0.1 |

2024-09-09 04:07:33,638 - INFO -
| Epoch:     30 | Train loss: 7.9681e-01 | Valid loss: 7.6197e-01 | Train acc: 0.7159 ± 0.0000 | Valid acc: 0.7241 ± 0.0000 | Valid Power: 0.0007 | Train Power: 0.0007 | patience:   0 | lr: 0.1 | Epoch time: 0.1 |

2024-09-09 04:07:34,459 - INFO -
| Epoch:     40 | Train loss: 7.8448e-01 | Valid loss: 7.1089e-01 | Train acc: 0.6364 ± 0.0000 | Valid acc: 0.7586 ± 0.0000 | Valid Power: 0.0007 | Train Power: 0.0007 | patience:   8 | lr: 0.1 | Epoch time: 0.1 |

2024-09-09 04:07:35,285 - INFO -
| Epoch:     50 | Train loss: 7.9376e-01 | Valid loss: 7.1617e-01 | Train acc: 0.6818 ± 0.0000 | Valid acc: 0.6897 ± 0.0000 | Valid Power: 0.0007 | Train Power: 0.0007 | patience:   7 | lr: 0.1 | Epoch time: 0.1 |

2024-09-09 04:07:36,105 - INFO -
| Epoch:     60 | Train loss: 7.0569e-01 | Valid loss: 6.7651e-01 | Train acc: 0.6591 ± 0.0000 | Valid acc: 0.7586 ± 0.0000 | Valid Power: 0.0007 | Train Power: 0.0007 | patience:  17 | lr: 0.1 | Epoch time: 0.1 |

2024-09-09 04:07:36,924 - INFO -
| Epoch:     70 | Train loss: 6.9026e-01 | Valid loss: 6.5991e-01 | Train acc: 0.6591 ± 0.0000 | Valid acc: 0.7586 ± 0.0000 | Valid Power: 0.0007 | Train Power: 0.0007 | patience:   6 | lr: 0.1 | Epoch time: 0.1 |

2024-09-09 04:07:37,740 - INFO -
| Epoch:     80 | Train loss: 7.0015e-01 | Valid loss: 6.8298e-01 | Train acc: 0.6023 ± 0.0000 | Valid acc: 0.6897 ± 0.0000 | Valid Power: 0.0007 | Train Power: 0.0008 | patience:  16 | lr: 0.1 | Epoch time: 0.1 |

2024-09-09 04:07:38,559 - INFO -
| Epoch:     90 | Train loss: 6.8681e-01 | Valid loss: 6.4044e-01 | Train acc: 0.6932 ± 0.0000 | Valid acc: 0.7241 ± 0.0000 | Valid Power: 0.0007 | Train Power: 0.0007 | patience:  26 | lr: 0.1 | Epoch time: 0.1 |

2024-09-09 04:07:39,385 - INFO -
| Epoch:    100 | Train loss: 6.7971e-01 | Valid loss: 6.3376e-01 | Train acc: 0.7273 ± 0.0000 | Valid acc: 0.7586 ± 0.0000 | Valid Power: 0.0008 | Train Power: 0.0009 | patience:   0 | lr: 0.1 | Epoch time: 0.1 |

2024-09-09 04:07:40,203 - INFO -
| Epoch:    110 | Train loss: 6.7245e-01 | Valid loss: 6.3178e-01 | Train acc: 0.7045 ± 0.0000 | Valid acc: 0.7241 ± 0.0000 | Valid Power: 0.0009 | Train Power: 0.0008 | patience:   1 | lr: 0.1 | Epoch time: 0.1 |

2024-09-09 04:07:41,015 - INFO -
| Epoch:    120 | Train loss: 6.8716e-01 | Valid loss: 6.6376e-01 | Train acc: 0.7955 ± 0.0000 | Valid acc: 0.7586 ± 0.0000 | Valid Power: 0.0012 | Train Power: 0.0013 | patience:  11 | lr: 0.1 | Epoch time: 0.1 |

2024-09-09 04:07:41,828 - INFO -
| Epoch:    130 | Train loss: 6.8342e-01 | Valid loss: 6.5515e-01 | Train acc: 0.7386 ± 0.0000 | Valid acc: 0.7241 ± 0.0000 | Valid Power: 0.0008 | Train Power: 0.0009 | patience:  21 | lr: 0.1 | Epoch time: 0.1 |

2024-09-09 04:07:42,641 - INFO -
| Epoch:    140 | Train loss: 6.7368e-01 | Valid loss: 6.4685e-01 | Train acc: 0.8068 ± 0.0000 | Valid acc: 0.7931 ± 0.0000 | Valid Power: 0.0008 | Train Power: 0.0008 | patience:  31 | lr: 0.1 | Epoch time: 0.1 |

2024-09-09 04:07:43,468 - INFO -
| Epoch:    150 | Train loss: 6.4382e-01 | Valid loss: 6.2108e-01 | Train acc: 0.8068 ± 0.0000 | Valid acc: 0.8276 ± 0.0000 | Valid Power: 0.0008 | Train Power: 0.0008 | patience:   1 | lr: 0.1 | Epoch time: 0.1 |

2024-09-09 04:07:44,286 - INFO -
| Epoch:    160 | Train loss: 6.2587e-01 | Valid loss: 6.0021e-01 | Train acc: 0.7727 ± 0.0000 | Valid acc: 0.7931 ± 0.0000 | Valid Power: 0.0008 | Train Power: 0.0008 | patience:   0 | lr: 0.1 | Epoch time: 0.1 |

2024-09-09 04:07:45,099 - INFO -
| Epoch:    170 | Train loss: 6.2909e-01 | Valid loss: 6.2329e-01 | Train acc: 0.7841 ± 0.0000 | Valid acc: 0.7931 ± 0.0000 | Valid Power: 0.0008 | Train Power: 0.0008 | patience:  10 | lr: 0.1 | Epoch time: 0.1 |

2024-09-09 04:07:45,922 - INFO -
| Epoch:    180 | Train loss: 6.0478e-01 | Valid loss: 6.0055e-01 | Train acc: 0.7727 ± 0.0000 | Valid acc: 0.7931 ± 0.0000 | Valid Power: 0.0008 | Train Power: 0.0008 | patience:   1 | lr: 0.1 | Epoch time: 0.1 |

2024-09-09 04:07:46,761 - INFO -
| Epoch:    190 | Train loss: 5.9008e-01 | Valid loss: 5.5973e-01 | Train acc: 0.7727 ± 0.0000 | Valid acc: 0.7931 ± 0.0000 | Valid Power: 0.0008 | Train Power: 0.0008 | patience:   0 | lr: 0.1 | Epoch time: 0.1 |

2024-09-09 04:07:47,600 - INFO -
| Epoch:    200 | Train loss: 5.7204e-01 | Valid loss: 5.6692e-01 | Train acc: 0.7841 ± 0.0000 | Valid acc: 0.7931 ± 0.0000 | Valid Power: 0.0008 | Train Power: 0.0008 | patience:   1 | lr: 0.1 | Epoch time: 0.1 |

2024-09-09 04:07:48,419 - INFO -
| Epoch:    210 | Train loss: 5.7846e-01 | Valid loss: 5.4882e-01 | Train acc: 0.7386 ± 0.0000 | Valid acc: 0.7931 ± 0.0000 | Valid Power: 0.0008 | Train Power: 0.0008 | patience:   7 | lr: 0.1 | Epoch time: 0.1 |

2024-09-09 04:07:49,236 - INFO -
| Epoch:    220 | Train loss: 5.6461e-01 | Valid loss: 5.2772e-01 | Train acc: 0.7841 ± 0.0000 | Valid acc: 0.8276 ± 0.0000 | Valid Power: 0.0008 | Train Power: 0.0008 | patience:   1 | lr: 0.1 | Epoch time: 0.1 |

2024-09-09 04:07:50,075 - INFO -
| Epoch:    230 | Train loss: 5.6186e-01 | Valid loss: 5.2532e-01 | Train acc: 0.7841 ± 0.0000 | Valid acc: 0.7931 ± 0.0000 | Valid Power: 0.0008 | Train Power: 0.0008 | patience:   0 | lr: 0.1 | Epoch time: 0.1 |

2024-09-09 04:07:50,918 - INFO -
| Epoch:    240 | Train loss: 5.5990e-01 | Valid loss: 5.2385e-01 | Train acc: 0.7727 ± 0.0000 | Valid acc: 0.7931 ± 0.0000 | Valid Power: 0.0008 | Train Power: 0.0008 | patience:   0 | lr: 0.1 | Epoch time: 0.1 |

2024-09-09 04:07:51,760 - INFO -
| Epoch:    250 | Train loss: 5.5730e-01 | Valid loss: 5.3482e-01 | Train acc: 0.7500 ± 0.0000 | Valid acc: 0.7586 ± 0.0000 | Valid Power: 0.0008 | Train Power: 0.0008 | patience:   1 | lr: 0.1 | Epoch time: 0.1 |

2024-09-09 04:07:52,577 - INFO -
| Epoch:    260 | Train loss: 5.6172e-01 | Valid loss: 5.4377e-01 | Train acc: 0.6818 ± 0.0000 | Valid acc: 0.7586 ± 0.0000 | Valid Power: 0.0008 | Train Power: 0.0008 | patience:   9 | lr: 0.1 | Epoch time: 0.1 |

2024-09-09 04:07:53,389 - INFO -
| Epoch:    270 | Train loss: 5.6431e-01 | Valid loss: 5.4148e-01 | Train acc: 0.6818 ± 0.0000 | Valid acc: 0.7586 ± 0.0000 | Valid Power: 0.0008 | Train Power: 0.0008 | patience:  19 | lr: 0.1 | Epoch time: 0.1 |

2024-09-09 04:07:54,202 - INFO -
| Epoch:    280 | Train loss: 5.6091e-01 | Valid loss: 5.3768e-01 | Train acc: 0.6705 ± 0.0000 | Valid acc: 0.7586 ± 0.0000 | Valid Power: 0.0008 | Train Power: 0.0008 | patience:  29 | lr: 0.1 | Epoch time: 0.1 |

2024-09-09 04:07:55,014 - INFO -
| Epoch:    290 | Train loss: 5.5769e-01 | Valid loss: 5.3390e-01 | Train acc: 0.6705 ± 0.0000 | Valid acc: 0.7586 ± 0.0000 | Valid Power: 0.0008 | Train Power: 0.0008 | patience:  39 | lr: 0.1 | Epoch time: 0.1 |

2024-09-09 04:07:55,825 - INFO -
| Epoch:    300 | Train loss: 5.5482e-01 | Valid loss: 5.3015e-01 | Train acc: 0.6705 ± 0.0000 | Valid acc: 0.7586 ± 0.0000 | Valid Power: 0.0010 | Train Power: 0.0008 | patience:  49 | lr: 0.1 | Epoch time: 0.1 |

2024-09-09 04:07:56,638 - INFO -
| Epoch:    310 | Train loss: 5.5195e-01 | Valid loss: 5.2631e-01 | Train acc: 0.6705 ± 0.0000 | Valid acc: 0.7586 ± 0.0000 | Valid Power: 0.0008 | Train Power: 0.0008 | patience:  59 | lr: 0.1 | Epoch time: 0.1 |

2024-09-09 04:07:57,459 - INFO -
| Epoch:    320 | Train loss: 5.4901e-01 | Valid loss: 5.2254e-01 | Train acc: 0.6705 ± 0.0000 | Valid acc: 0.7586 ± 0.0000 | Valid Power: 0.0009 | Train Power: 0.0008 | patience:  69 | lr: 0.1 | Epoch time: 0.1 |

2024-09-09 04:07:58,271 - INFO -
| Epoch:    330 | Train loss: 5.6664e-01 | Valid loss: 5.4078e-01 | Train acc: 0.6705 ± 0.0000 | Valid acc: 0.7586 ± 0.0000 | Valid Power: 0.0007 | Train Power: 0.0008 | patience:  79 | lr: 0.1 | Epoch time: 0.1 |

2024-09-09 04:07:59,083 - INFO -
| Epoch:    340 | Train loss: 5.5788e-01 | Valid loss: 5.3567e-01 | Train acc: 0.6705 ± 0.0000 | Valid acc: 0.7586 ± 0.0000 | Valid Power: 0.0007 | Train Power: 0.0008 | patience:  89 | lr: 0.1 | Epoch time: 0.1 |

2024-09-09 04:07:59,893 - INFO -
| Epoch:    350 | Train loss: 5.5690e-01 | Valid loss: 5.3182e-01 | Train acc: 0.7386 ± 0.0000 | Valid acc: 0.7931 ± 0.0000 | Valid Power: 0.0007 | Train Power: 0.0007 | patience:  99 | lr: 0.1 | Epoch time: 0.1 |

2024-09-09 04:08:00,059 - INFO -
load best network to warm start training with lower lr.

2024-09-09 04:08:00,059 - INFO -
lr update to 0.05.

2024-09-09 04:08:00,716 - INFO -
| Epoch:    360 | Train loss: 6.4193e-01 | Valid loss: 6.4077e-01 | Train acc: 0.7159 ± 0.0000 | Valid acc: 0.7241 ± 0.0000 | Valid Power: 0.0008 | Train Power: 0.0008 | patience:   5 | lr: 0.05 | Epoch time: 0.1 |

2024-09-09 04:08:01,531 - INFO -
| Epoch:    370 | Train loss: 6.6266e-01 | Valid loss: 6.4537e-01 | Train acc: 0.7045 ± 0.0000 | Valid acc: 0.7931 ± 0.0000 | Valid Power: 0.0008 | Train Power: 0.0008 | patience:  15 | lr: 0.05 | Epoch time: 0.1 |

2024-09-09 04:08:02,348 - INFO -
| Epoch:    380 | Train loss: 6.1426e-01 | Valid loss: 5.8317e-01 | Train acc: 0.7727 ± 0.0000 | Valid acc: 0.8276 ± 0.0000 | Valid Power: 0.0007 | Train Power: 0.0007 | patience:  25 | lr: 0.05 | Epoch time: 0.1 |

2024-09-09 04:08:03,165 - INFO -
| Epoch:    390 | Train loss: 5.7267e-01 | Valid loss: 5.3504e-01 | Train acc: 0.6818 ± 0.0000 | Valid acc: 0.7586 ± 0.0000 | Valid Power: 0.0007 | Train Power: 0.0007 | patience:  35 | lr: 0.05 | Epoch time: 0.1 |

2024-09-09 04:08:03,979 - INFO -
| Epoch:    400 | Train loss: 5.6596e-01 | Valid loss: 5.3167e-01 | Train acc: 0.7273 ± 0.0000 | Valid acc: 0.7931 ± 0.0000 | Valid Power: 0.0008 | Train Power: 0.0009 | patience:  45 | lr: 0.05 | Epoch time: 0.1 |

2024-09-09 04:08:04,795 - INFO -
| Epoch:    410 | Train loss: 5.6436e-01 | Valid loss: 5.3135e-01 | Train acc: 0.7273 ± 0.0000 | Valid acc: 0.7931 ± 0.0000 | Valid Power: 0.0007 | Train Power: 0.0008 | patience:  55 | lr: 0.05 | Epoch time: 0.1 |

2024-09-09 04:08:05,611 - INFO -
| Epoch:    420 | Train loss: 5.6336e-01 | Valid loss: 5.2903e-01 | Train acc: 0.7273 ± 0.0000 | Valid acc: 0.7931 ± 0.0000 | Valid Power: 0.0007 | Train Power: 0.0008 | patience:  65 | lr: 0.05 | Epoch time: 0.1 |

2024-09-09 04:08:06,426 - INFO -
| Epoch:    430 | Train loss: 5.6198e-01 | Valid loss: 5.2924e-01 | Train acc: 0.7273 ± 0.0000 | Valid acc: 0.7931 ± 0.0000 | Valid Power: 0.0008 | Train Power: 0.0008 | patience:  75 | lr: 0.05 | Epoch time: 0.1 |

2024-09-09 04:08:07,247 - INFO -
| Epoch:    440 | Train loss: 5.5940e-01 | Valid loss: 5.2661e-01 | Train acc: 0.7841 ± 0.0000 | Valid acc: 0.7931 ± 0.0000 | Valid Power: 0.0008 | Train Power: 0.0008 | patience:  85 | lr: 0.05 | Epoch time: 0.1 |

2024-09-09 04:08:08,064 - INFO -
| Epoch:    450 | Train loss: 5.5487e-01 | Valid loss: 5.2325e-01 | Train acc: 0.7955 ± 0.0000 | Valid acc: 0.8276 ± 0.0000 | Valid Power: 0.0008 | Train Power: 0.0008 | patience:  95 | lr: 0.05 | Epoch time: 0.1 |

2024-09-09 04:08:08,898 - INFO -
| Epoch:    460 | Train loss: 5.5125e-01 | Valid loss: 5.1923e-01 | Train acc: 0.7955 ± 0.0000 | Valid acc: 0.8276 ± 0.0000 | Valid Power: 0.0008 | Train Power: 0.0008 | patience:   0 | lr: 0.05 | Epoch time: 0.1 |

2024-09-09 04:08:09,749 - INFO -
| Epoch:    470 | Train loss: 5.4954e-01 | Valid loss: 5.1654e-01 | Train acc: 0.7841 ± 0.0000 | Valid acc: 0.7931 ± 0.0000 | Valid Power: 0.0017 | Train Power: 0.0020 | patience:   0 | lr: 0.05 | Epoch time: 0.1 |

2024-09-09 04:08:10,601 - INFO -
| Epoch:    480 | Train loss: 5.4808e-01 | Valid loss: 5.1486e-01 | Train acc: 0.7955 ± 0.0000 | Valid acc: 0.7931 ± 0.0000 | Valid Power: 0.0008 | Train Power: 0.0009 | patience:   0 | lr: 0.05 | Epoch time: 0.1 |

2024-09-09 04:08:11,452 - INFO -
| Epoch:    490 | Train loss: 5.4685e-01 | Valid loss: 5.1389e-01 | Train acc: 0.7727 ± 0.0000 | Valid acc: 0.7931 ± 0.0000 | Valid Power: 0.0011 | Train Power: 0.0055 | patience:   0 | lr: 0.05 | Epoch time: 0.1 |

2024-09-09 04:08:12,295 - INFO -
| Epoch:    500 | Train loss: 5.4497e-01 | Valid loss: 5.1307e-01 | Train acc: 0.7727 ± 0.0000 | Valid acc: 0.7931 ± 0.0000 | Valid Power: 0.0009 | Train Power: 0.0010 | patience:   0 | lr: 0.05 | Epoch time: 0.1 |

2024-09-09 04:08:13,145 - INFO -
| Epoch:    510 | Train loss: 5.4165e-01 | Valid loss: 5.1159e-01 | Train acc: 0.7955 ± 0.0000 | Valid acc: 0.8276 ± 0.0000 | Valid Power: 0.0008 | Train Power: 0.0009 | patience:   0 | lr: 0.05 | Epoch time: 0.1 |

2024-09-09 04:08:13,978 - INFO -
| Epoch:    520 | Train loss: 5.3855e-01 | Valid loss: 5.1073e-01 | Train acc: 0.8295 ± 0.0000 | Valid acc: 0.8276 ± 0.0000 | Valid Power: 0.0009 | Train Power: 0.0009 | patience:   0 | lr: 0.05 | Epoch time: 0.1 |

2024-09-09 04:08:14,826 - INFO -
| Epoch:    530 | Train loss: 5.3565e-01 | Valid loss: 5.0948e-01 | Train acc: 0.8295 ± 0.0000 | Valid acc: 0.7931 ± 0.0000 | Valid Power: 0.0009 | Train Power: 0.0009 | patience:   0 | lr: 0.05 | Epoch time: 0.1 |

2024-09-09 04:08:15,662 - INFO -
| Epoch:    540 | Train loss: 5.3225e-01 | Valid loss: 5.0649e-01 | Train acc: 0.8295 ± 0.0000 | Valid acc: 0.8276 ± 0.0000 | Valid Power: 0.0009 | Train Power: 0.0009 | patience:   0 | lr: 0.05 | Epoch time: 0.1 |

2024-09-09 04:08:16,476 - INFO -
| Epoch:    550 | Train loss: 5.2771e-01 | Valid loss: 5.0849e-01 | Train acc: 0.8295 ± 0.0000 | Valid acc: 0.8276 ± 0.0000 | Valid Power: 0.0009 | Train Power: 0.0009 | patience:  10 | lr: 0.05 | Epoch time: 0.1 |

2024-09-09 04:08:17,292 - INFO -
| Epoch:    560 | Train loss: 5.2705e-01 | Valid loss: 5.1207e-01 | Train acc: 0.8295 ± 0.0000 | Valid acc: 0.8276 ± 0.0000 | Valid Power: 0.0010 | Train Power: 0.0016 | patience:  20 | lr: 0.05 | Epoch time: 0.1 |

2024-09-09 04:08:18,110 - INFO -
| Epoch:    570 | Train loss: 5.2628e-01 | Valid loss: 5.1658e-01 | Train acc: 0.8295 ± 0.0000 | Valid acc: 0.7931 ± 0.0000 | Valid Power: 0.0009 | Train Power: 0.0009 | patience:   2 | lr: 0.05 | Epoch time: 0.1 |

2024-09-09 04:08:18,926 - INFO -
| Epoch:    580 | Train loss: 5.3661e-01 | Valid loss: 5.0688e-01 | Train acc: 0.7727 ± 0.0000 | Valid acc: 0.8276 ± 0.0000 | Valid Power: 0.0009 | Train Power: 0.0009 | patience:  12 | lr: 0.05 | Epoch time: 0.1 |

2024-09-09 04:08:19,758 - INFO -
| Epoch:    590 | Train loss: 5.2401e-01 | Valid loss: 4.9903e-01 | Train acc: 0.7955 ± 0.0000 | Valid acc: 0.8276 ± 0.0000 | Valid Power: 0.0009 | Train Power: 0.0009 | patience:   6 | lr: 0.05 | Epoch time: 0.1 |

2024-09-09 04:08:20,592 - INFO -
| Epoch:    600 | Train loss: 5.2899e-01 | Valid loss: 4.9233e-01 | Train acc: 0.7841 ± 0.0000 | Valid acc: 0.8276 ± 0.0000 | Valid Power: 0.0009 | Train Power: 0.0009 | patience:   0 | lr: 0.05 | Epoch time: 0.1 |

2024-09-09 04:08:21,406 - INFO -
| Epoch:    610 | Train loss: 5.2714e-01 | Valid loss: 4.9906e-01 | Train acc: 0.7841 ± 0.0000 | Valid acc: 0.8276 ± 0.0000 | Valid Power: 0.0009 | Train Power: 0.0009 | patience:  10 | lr: 0.05 | Epoch time: 0.1 |

2024-09-09 04:08:22,221 - INFO -
| Epoch:    620 | Train loss: 5.2485e-01 | Valid loss: 5.0155e-01 | Train acc: 0.7955 ± 0.0000 | Valid acc: 0.8276 ± 0.0000 | Valid Power: 0.0009 | Train Power: 0.0009 | patience:  20 | lr: 0.05 | Epoch time: 0.1 |

2024-09-09 04:08:23,036 - INFO -
| Epoch:    630 | Train loss: 5.2339e-01 | Valid loss: 5.0114e-01 | Train acc: 0.7955 ± 0.0000 | Valid acc: 0.8276 ± 0.0000 | Valid Power: 0.0009 | Train Power: 0.0009 | patience:  30 | lr: 0.05 | Epoch time: 0.1 |

2024-09-09 04:08:23,852 - INFO -
| Epoch:    640 | Train loss: 5.2184e-01 | Valid loss: 4.9985e-01 | Train acc: 0.7955 ± 0.0000 | Valid acc: 0.8276 ± 0.0000 | Valid Power: 0.0009 | Train Power: 0.0009 | patience:  40 | lr: 0.05 | Epoch time: 0.1 |

2024-09-09 04:08:24,672 - INFO -
| Epoch:    650 | Train loss: 5.2093e-01 | Valid loss: 4.9929e-01 | Train acc: 0.7955 ± 0.0000 | Valid acc: 0.8276 ± 0.0000 | Valid Power: 0.0009 | Train Power: 0.0009 | patience:  50 | lr: 0.05 | Epoch time: 0.1 |

2024-09-09 04:08:25,490 - INFO -
| Epoch:    660 | Train loss: 5.1999e-01 | Valid loss: 4.9785e-01 | Train acc: 0.7955 ± 0.0000 | Valid acc: 0.8276 ± 0.0000 | Valid Power: 0.0009 | Train Power: 0.0009 | patience:  60 | lr: 0.05 | Epoch time: 0.1 |

2024-09-09 04:08:26,308 - INFO -
| Epoch:    670 | Train loss: 5.1891e-01 | Valid loss: 4.9548e-01 | Train acc: 0.7955 ± 0.0000 | Valid acc: 0.8276 ± 0.0000 | Valid Power: 0.0010 | Train Power: 0.0009 | patience:  70 | lr: 0.05 | Epoch time: 0.1 |

2024-09-09 04:08:27,122 - INFO -
| Epoch:    680 | Train loss: 5.1764e-01 | Valid loss: 4.9343e-01 | Train acc: 0.7955 ± 0.0000 | Valid acc: 0.8276 ± 0.0000 | Valid Power: 0.0009 | Train Power: 0.0010 | patience:  80 | lr: 0.05 | Epoch time: 0.1 |

2024-09-09 04:08:27,943 - INFO -
| Epoch:    690 | Train loss: 5.1674e-01 | Valid loss: 4.9134e-01 | Train acc: 0.7955 ± 0.0000 | Valid acc: 0.8276 ± 0.0000 | Valid Power: 0.0009 | Train Power: 0.0009 | patience:   0 | lr: 0.05 | Epoch time: 0.1 |

2024-09-09 04:08:28,759 - INFO -
| Epoch:    700 | Train loss: 5.1995e-01 | Valid loss: 4.9271e-01 | Train acc: 0.7955 ± 0.0000 | Valid acc: 0.8276 ± 0.0000 | Valid Power: 0.0009 | Train Power: 0.0009 | patience:  10 | lr: 0.05 | Epoch time: 0.1 |

2024-09-09 04:08:29,574 - INFO -
| Epoch:    710 | Train loss: 5.1923e-01 | Valid loss: 4.9298e-01 | Train acc: 0.7955 ± 0.0000 | Valid acc: 0.8276 ± 0.0000 | Valid Power: 0.0009 | Train Power: 0.0009 | patience:  20 | lr: 0.05 | Epoch time: 0.1 |

2024-09-09 04:08:30,402 - INFO -
| Epoch:    720 | Train loss: 5.1737e-01 | Valid loss: 4.9055e-01 | Train acc: 0.7955 ± 0.0000 | Valid acc: 0.8276 ± 0.0000 | Valid Power: 0.0009 | Train Power: 0.0009 | patience:   0 | lr: 0.05 | Epoch time: 0.1 |

2024-09-09 04:08:31,256 - INFO -
| Epoch:    730 | Train loss: 5.1513e-01 | Valid loss: 4.8771e-01 | Train acc: 0.7955 ± 0.0000 | Valid acc: 0.8276 ± 0.0000 | Valid Power: 0.0009 | Train Power: 0.0009 | patience:   0 | lr: 0.05 | Epoch time: 0.1 |

2024-09-09 04:08:32,095 - INFO -
| Epoch:    740 | Train loss: 5.1253e-01 | Valid loss: 5.0332e-01 | Train acc: 0.7955 ± 0.0000 | Valid acc: 0.7931 ± 0.0000 | Valid Power: 0.0009 | Train Power: 0.0009 | patience:   4 | lr: 0.05 | Epoch time: 0.1 |

2024-09-09 04:08:32,923 - INFO -
| Epoch:    750 | Train loss: 5.1700e-01 | Valid loss: 4.8597e-01 | Train acc: 0.7841 ± 0.0000 | Valid acc: 0.8276 ± 0.0000 | Valid Power: 0.0009 | Train Power: 0.0009 | patience:   7 | lr: 0.05 | Epoch time: 0.1 |

2024-09-09 04:08:33,740 - INFO -
| Epoch:    760 | Train loss: 5.1625e-01 | Valid loss: 4.8781e-01 | Train acc: 0.7841 ± 0.0000 | Valid acc: 0.8276 ± 0.0000 | Valid Power: 0.0009 | Train Power: 0.0009 | patience:  17 | lr: 0.05 | Epoch time: 0.1 |

2024-09-09 04:08:34,562 - INFO -
| Epoch:    770 | Train loss: 5.1355e-01 | Valid loss: 4.8410e-01 | Train acc: 0.7841 ± 0.0000 | Valid acc: 0.8276 ± 0.0000 | Valid Power: 0.0009 | Train Power: 0.0009 | patience:   0 | lr: 0.05 | Epoch time: 0.1 |

2024-09-09 04:08:35,412 - INFO -
| Epoch:    780 | Train loss: 5.0750e-01 | Valid loss: 4.9683e-01 | Train acc: 0.7727 ± 0.0000 | Valid acc: 0.7586 ± 0.0000 | Valid Power: 0.0009 | Train Power: 0.0009 | patience:   1 | lr: 0.05 | Epoch time: 0.1 |

2024-09-09 04:08:36,238 - INFO -
| Epoch:    790 | Train loss: 5.2060e-01 | Valid loss: 4.8663e-01 | Train acc: 0.7386 ± 0.0000 | Valid acc: 0.7586 ± 0.0000 | Valid Power: 0.0009 | Train Power: 0.0009 | patience:  11 | lr: 0.05 | Epoch time: 0.1 |

2024-09-09 04:08:37,057 - INFO -
| Epoch:    800 | Train loss: 5.1893e-01 | Valid loss: 4.8258e-01 | Train acc: 0.7500 ± 0.0000 | Valid acc: 0.7586 ± 0.0000 | Valid Power: 0.0009 | Train Power: 0.0009 | patience:  21 | lr: 0.05 | Epoch time: 0.1 |

2024-09-09 04:08:37,874 - INFO -
| Epoch:    810 | Train loss: 5.1920e-01 | Valid loss: 4.8491e-01 | Train acc: 0.7614 ± 0.0000 | Valid acc: 0.7586 ± 0.0000 | Valid Power: 0.0009 | Train Power: 0.0009 | patience:  31 | lr: 0.05 | Epoch time: 0.1 |

2024-09-09 04:08:38,691 - INFO -
| Epoch:    820 | Train loss: 5.2181e-01 | Valid loss: 5.0024e-01 | Train acc: 0.7614 ± 0.0000 | Valid acc: 0.7586 ± 0.0000 | Valid Power: 0.0009 | Train Power: 0.0009 | patience:  41 | lr: 0.05 | Epoch time: 0.1 |

2024-09-09 04:08:39,519 - INFO -
| Epoch:    830 | Train loss: 5.1947e-01 | Valid loss: 4.6510e-01 | Train acc: 0.8068 ± 0.0000 | Valid acc: 0.8276 ± 0.0000 | Valid Power: 0.0009 | Train Power: 0.0009 | patience:   0 | lr: 0.05 | Epoch time: 0.1 |

2024-09-09 04:08:40,338 - INFO -
| Epoch:    840 | Train loss: 5.1284e-01 | Valid loss: 4.8445e-01 | Train acc: 0.7841 ± 0.0000 | Valid acc: 0.8276 ± 0.0000 | Valid Power: 0.0009 | Train Power: 0.0010 | patience:   9 | lr: 0.05 | Epoch time: 0.1 |

2024-09-09 04:08:41,154 - INFO -
| Epoch:    850 | Train loss: 5.0986e-01 | Valid loss: 4.7377e-01 | Train acc: 0.7955 ± 0.0000 | Valid acc: 0.8276 ± 0.0000 | Valid Power: 0.0011 | Train Power: 0.0010 | patience:  19 | lr: 0.05 | Epoch time: 0.1 |

2024-09-09 04:08:41,973 - INFO -
| Epoch:    860 | Train loss: 5.0824e-01 | Valid loss: 4.6841e-01 | Train acc: 0.7955 ± 0.0000 | Valid acc: 0.8276 ± 0.0000 | Valid Power: 0.0011 | Train Power: 0.0015 | patience:  29 | lr: 0.05 | Epoch time: 0.1 |

2024-09-09 04:08:42,806 - INFO -
| Epoch:    870 | Train loss: 5.0724e-01 | Valid loss: 4.6444e-01 | Train acc: 0.7955 ± 0.0000 | Valid acc: 0.8276 ± 0.0000 | Valid Power: 0.0010 | Train Power: 0.0011 | patience:   0 | lr: 0.05 | Epoch time: 0.1 |

2024-09-09 04:08:43,645 - INFO -
| Epoch:    880 | Train loss: 5.0625e-01 | Valid loss: 4.6187e-01 | Train acc: 0.7955 ± 0.0000 | Valid acc: 0.7931 ± 0.0000 | Valid Power: 0.0009 | Train Power: 0.0010 | patience:   1 | lr: 0.05 | Epoch time: 0.1 |

2024-09-09 04:08:44,463 - INFO -
| Epoch:    890 | Train loss: 5.0511e-01 | Valid loss: 4.6117e-01 | Train acc: 0.7841 ± 0.0000 | Valid acc: 0.7931 ± 0.0000 | Valid Power: 0.0010 | Train Power: 0.0009 | patience:   0 | lr: 0.05 | Epoch time: 0.1 |

2024-09-09 04:08:45,315 - INFO -
| Epoch:    900 | Train loss: 5.0420e-01 | Valid loss: 4.5803e-01 | Train acc: 0.7614 ± 0.0000 | Valid acc: 0.7931 ± 0.0000 | Valid Power: 0.0016 | Train Power: 0.0010 | patience:   0 | lr: 0.05 | Epoch time: 0.1 |

2024-09-09 04:08:46,165 - INFO -
| Epoch:    910 | Train loss: 5.0333e-01 | Valid loss: 4.5371e-01 | Train acc: 0.7273 ± 0.0000 | Valid acc: 0.7931 ± 0.0000 | Valid Power: 0.0010 | Train Power: 0.0013 | patience:   0 | lr: 0.05 | Epoch time: 0.1 |

2024-09-09 04:08:46,985 - INFO -
| Epoch:    920 | Train loss: 5.2121e-01 | Valid loss: 4.6870e-01 | Train acc: 0.7159 ± 0.0000 | Valid acc: 0.8276 ± 0.0000 | Valid Power: 0.0010 | Train Power: 0.0010 | patience:  10 | lr: 0.05 | Epoch time: 0.1 |

2024-09-09 04:08:47,809 - INFO -
| Epoch:    930 | Train loss: 5.1079e-01 | Valid loss: 4.6704e-01 | Train acc: 0.7045 ± 0.0000 | Valid acc: 0.7586 ± 0.0000 | Valid Power: 0.0010 | Train Power: 0.0013 | patience:   5 | lr: 0.05 | Epoch time: 0.1 |

2024-09-09 04:08:48,628 - INFO -
| Epoch:    940 | Train loss: 5.0398e-01 | Valid loss: 4.4546e-01 | Train acc: 0.7159 ± 0.0000 | Valid acc: 0.7931 ± 0.0000 | Valid Power: 0.0009 | Train Power: 0.0009 | patience:   1 | lr: 0.05 | Epoch time: 0.1 |

2024-09-09 04:08:49,443 - INFO -
| Epoch:    950 | Train loss: 5.1777e-01 | Valid loss: 4.6960e-01 | Train acc: 0.7045 ± 0.0000 | Valid acc: 0.7586 ± 0.0000 | Valid Power: 0.0009 | Train Power: 0.0009 | patience:  11 | lr: 0.05 | Epoch time: 0.1 |

2024-09-09 04:08:50,265 - INFO -
| Epoch:    960 | Train loss: 5.3463e-01 | Valid loss: 4.3961e-01 | Train acc: 0.7841 ± 0.0000 | Valid acc: 0.8276 ± 0.0000 | Valid Power: 0.0010 | Train Power: 0.0009 | patience:   2 | lr: 0.05 | Epoch time: 0.1 |

2024-09-09 04:08:51,090 - INFO -
| Epoch:    970 | Train loss: 5.2120e-01 | Valid loss: 4.6544e-01 | Train acc: 0.7614 ± 0.0000 | Valid acc: 0.7931 ± 0.0000 | Valid Power: 0.0009 | Train Power: 0.0010 | patience:   7 | lr: 0.05 | Epoch time: 0.1 |

2024-09-09 04:08:51,908 - INFO -
| Epoch:    980 | Train loss: 5.0223e-01 | Valid loss: 4.3258e-01 | Train acc: 0.6932 ± 0.0000 | Valid acc: 0.7586 ± 0.0000 | Valid Power: 0.0009 | Train Power: 0.0009 | patience:  17 | lr: 0.05 | Epoch time: 0.1 |

2024-09-09 04:08:52,740 - INFO -
| Epoch:    990 | Train loss: 5.2176e-01 | Valid loss: 4.3137e-01 | Train acc: 0.6250 ± 0.0000 | Valid acc: 0.7586 ± 0.0000 | Valid Power: 0.0009 | Train Power: 0.0010 | patience:   6 | lr: 0.05 | Epoch time: 0.1 |

2024-09-09 04:08:53,574 - INFO -
| Epoch:   1000 | Train loss: 5.1079e-01 | Valid loss: 4.2589e-01 | Train acc: 0.6364 ± 0.0000 | Valid acc: 0.7586 ± 0.0000 | Valid Power: 0.0010 | Train Power: 0.0011 | patience:   5 | lr: 0.05 | Epoch time: 0.1 |

2024-09-09 04:08:54,393 - INFO -
| Epoch:   1010 | Train loss: 5.0879e-01 | Valid loss: 4.3878e-01 | Train acc: 0.6364 ± 0.0000 | Valid acc: 0.7586 ± 0.0000 | Valid Power: 0.0010 | Train Power: 0.0010 | patience:  15 | lr: 0.05 | Epoch time: 0.1 |

2024-09-09 04:08:55,212 - INFO -
| Epoch:   1020 | Train loss: 5.0705e-01 | Valid loss: 4.3175e-01 | Train acc: 0.6364 ± 0.0000 | Valid acc: 0.7586 ± 0.0000 | Valid Power: 0.0015 | Train Power: 0.0010 | patience:  25 | lr: 0.05 | Epoch time: 0.1 |

2024-09-09 04:08:56,034 - INFO -
| Epoch:   1030 | Train loss: 5.0476e-01 | Valid loss: 4.2729e-01 | Train acc: 0.6364 ± 0.0000 | Valid acc: 0.7586 ± 0.0000 | Valid Power: 0.0011 | Train Power: 0.0013 | patience:  35 | lr: 0.05 | Epoch time: 0.1 |

2024-09-09 04:08:56,849 - INFO -
| Epoch:   1040 | Train loss: 5.0196e-01 | Valid loss: 4.2558e-01 | Train acc: 0.6364 ± 0.0000 | Valid acc: 0.7586 ± 0.0000 | Valid Power: 0.0010 | Train Power: 0.0010 | patience:  45 | lr: 0.05 | Epoch time: 0.1 |

2024-09-09 04:08:57,665 - INFO -
| Epoch:   1050 | Train loss: 5.0115e-01 | Valid loss: 4.2648e-01 | Train acc: 0.6364 ± 0.0000 | Valid acc: 0.7586 ± 0.0000 | Valid Power: 0.0012 | Train Power: 0.0010 | patience:  55 | lr: 0.05 | Epoch time: 0.1 |

2024-09-09 04:08:58,481 - INFO -
| Epoch:   1060 | Train loss: 5.0032e-01 | Valid loss: 4.2644e-01 | Train acc: 0.6364 ± 0.0000 | Valid acc: 0.7586 ± 0.0000 | Valid Power: 0.0011 | Train Power: 0.0010 | patience:  65 | lr: 0.05 | Epoch time: 0.1 |

2024-09-09 04:08:59,295 - INFO -
| Epoch:   1070 | Train loss: 4.9946e-01 | Valid loss: 4.2537e-01 | Train acc: 0.6364 ± 0.0000 | Valid acc: 0.7586 ± 0.0000 | Valid Power: 0.0022 | Train Power: 0.0029 | patience:  75 | lr: 0.05 | Epoch time: 0.1 |

2024-09-09 04:09:00,111 - INFO -
| Epoch:   1080 | Train loss: 4.9871e-01 | Valid loss: 4.2534e-01 | Train acc: 0.6364 ± 0.0000 | Valid acc: 0.7586 ± 0.0000 | Valid Power: 0.0013 | Train Power: 0.0013 | patience:  85 | lr: 0.05 | Epoch time: 0.1 |

2024-09-09 04:09:00,928 - INFO -
| Epoch:   1090 | Train loss: 4.9802e-01 | Valid loss: 4.2463e-01 | Train acc: 0.6364 ± 0.0000 | Valid acc: 0.7586 ± 0.0000 | Valid Power: 0.0015 | Train Power: 0.0015 | patience:  95 | lr: 0.05 | Epoch time: 0.1 |

2024-09-09 04:09:01,779 - INFO -
| Epoch:   1100 | Train loss: 4.9733e-01 | Valid loss: 4.2409e-01 | Train acc: 0.6364 ± 0.0000 | Valid acc: 0.7586 ± 0.0000 | Valid Power: 0.0011 | Train Power: 0.0011 | patience:   0 | lr: 0.05 | Epoch time: 0.1 |

2024-09-09 04:09:02,618 - INFO -
| Epoch:   1110 | Train loss: 4.9676e-01 | Valid loss: 4.2439e-01 | Train acc: 0.6364 ± 0.0000 | Valid acc: 0.7586 ± 0.0000 | Valid Power: 0.0011 | Train Power: 0.0011 | patience:   3 | lr: 0.05 | Epoch time: 0.1 |

2024-09-09 04:09:03,433 - INFO -
| Epoch:   1120 | Train loss: 4.9672e-01 | Valid loss: 4.2389e-01 | Train acc: 0.6364 ± 0.0000 | Valid acc: 0.7586 ± 0.0000 | Valid Power: 0.0011 | Train Power: 0.0011 | patience:  13 | lr: 0.05 | Epoch time: 0.1 |

2024-09-09 04:09:04,246 - INFO -
| Epoch:   1130 | Train loss: 4.9664e-01 | Valid loss: 4.2398e-01 | Train acc: 0.6364 ± 0.0000 | Valid acc: 0.7586 ± 0.0000 | Valid Power: 0.0012 | Train Power: 0.0013 | patience:  23 | lr: 0.05 | Epoch time: 0.1 |

2024-09-09 04:09:05,062 - INFO -
| Epoch:   1140 | Train loss: 4.9663e-01 | Valid loss: 4.2423e-01 | Train acc: 0.6364 ± 0.0000 | Valid acc: 0.7586 ± 0.0000 | Valid Power: 0.0012 | Train Power: 0.0012 | patience:  33 | lr: 0.05 | Epoch time: 0.1 |

2024-09-09 04:09:05,875 - INFO -
| Epoch:   1150 | Train loss: 4.9657e-01 | Valid loss: 4.2413e-01 | Train acc: 0.6364 ± 0.0000 | Valid acc: 0.7586 ± 0.0000 | Valid Power: 0.0012 | Train Power: 0.0012 | patience:  43 | lr: 0.05 | Epoch time: 0.1 |

2024-09-09 04:09:06,688 - INFO -
| Epoch:   1160 | Train loss: 4.9654e-01 | Valid loss: 4.2417e-01 | Train acc: 0.6364 ± 0.0000 | Valid acc: 0.7586 ± 0.0000 | Valid Power: 0.0012 | Train Power: 0.0012 | patience:  53 | lr: 0.05 | Epoch time: 0.1 |

2024-09-09 04:09:07,499 - INFO -
| Epoch:   1170 | Train loss: 4.9651e-01 | Valid loss: 4.2418e-01 | Train acc: 0.6364 ± 0.0000 | Valid acc: 0.7586 ± 0.0000 | Valid Power: 0.0012 | Train Power: 0.0796 | patience:  63 | lr: 0.05 | Epoch time: 0.1 |

2024-09-09 04:09:08,310 - INFO -
| Epoch:   1180 | Train loss: 4.9648e-01 | Valid loss: 4.2418e-01 | Train acc: 0.6364 ± 0.0000 | Valid acc: 0.7586 ± 0.0000 | Valid Power: 0.0073 | Train Power: 0.0012 | patience:  73 | lr: 0.05 | Epoch time: 0.1 |

2024-09-09 04:09:09,122 - INFO -
| Epoch:   1190 | Train loss: 4.9647e-01 | Valid loss: 4.2422e-01 | Train acc: 0.6364 ± 0.0000 | Valid acc: 0.7586 ± 0.0000 | Valid Power: 0.0012 | Train Power: 0.0012 | patience:  83 | lr: 0.05 | Epoch time: 0.1 |

2024-09-09 04:09:09,933 - INFO -
| Epoch:   1200 | Train loss: 4.9645e-01 | Valid loss: 4.2429e-01 | Train acc: 0.6364 ± 0.0000 | Valid acc: 0.7586 ± 0.0000 | Valid Power: 0.0012 | Train Power: 0.0012 | patience:  93 | lr: 0.05 | Epoch time: 0.1 |

2024-09-09 04:09:10,586 - INFO -
load best network to warm start training with lower lr.

2024-09-09 04:09:10,586 - INFO -
lr update to 0.025.

2024-09-09 04:09:10,753 - INFO -
| Epoch:   1210 | Train loss: 4.9900e-01 | Valid loss: 4.2448e-01 | Train acc: 0.6364 ± 0.0000 | Valid acc: 0.7586 ± 0.0000 | Valid Power: 0.0011 | Train Power: 0.0011 | patience:   1 | lr: 0.025 | Epoch time: 0.1 |

2024-09-09 04:09:11,564 - INFO -
| Epoch:   1220 | Train loss: 4.9862e-01 | Valid loss: 4.2325e-01 | Train acc: 0.6364 ± 0.0000 | Valid acc: 0.7586 ± 0.0000 | Valid Power: 0.0011 | Train Power: 0.0011 | patience:  11 | lr: 0.025 | Epoch time: 0.1 |

2024-09-09 04:09:12,377 - INFO -
| Epoch:   1230 | Train loss: 4.9752e-01 | Valid loss: 4.2632e-01 | Train acc: 0.6364 ± 0.0000 | Valid acc: 0.7586 ± 0.0000 | Valid Power: 0.0012 | Train Power: 0.0013 | patience:  21 | lr: 0.025 | Epoch time: 0.1 |

2024-09-09 04:09:13,188 - INFO -
| Epoch:   1240 | Train loss: 4.9664e-01 | Valid loss: 4.2277e-01 | Train acc: 0.6364 ± 0.0000 | Valid acc: 0.7586 ± 0.0000 | Valid Power: 0.0011 | Train Power: 0.0011 | patience:  31 | lr: 0.025 | Epoch time: 0.1 |

2024-09-09 04:09:14,007 - INFO -
| Epoch:   1250 | Train loss: 4.9638e-01 | Valid loss: 4.2266e-01 | Train acc: 0.6364 ± 0.0000 | Valid acc: 0.7586 ± 0.0000 | Valid Power: 0.0013 | Train Power: 0.0020 | patience:   7 | lr: 0.025 | Epoch time: 0.1 |

2024-09-09 04:09:14,817 - INFO -
| Epoch:   1260 | Train loss: 4.9630e-01 | Valid loss: 4.2317e-01 | Train acc: 0.6364 ± 0.0000 | Valid acc: 0.7586 ± 0.0000 | Valid Power: 0.0011 | Train Power: 0.0011 | patience:  17 | lr: 0.025 | Epoch time: 0.1 |

2024-09-09 04:09:15,626 - INFO -
| Epoch:   1270 | Train loss: 4.9619e-01 | Valid loss: 4.2254e-01 | Train acc: 0.6364 ± 0.0000 | Valid acc: 0.7586 ± 0.0000 | Valid Power: 0.0011 | Train Power: 0.0011 | patience:  27 | lr: 0.025 | Epoch time: 0.1 |

2024-09-09 04:09:16,434 - INFO -
| Epoch:   1280 | Train loss: 4.9611e-01 | Valid loss: 4.2265e-01 | Train acc: 0.6364 ± 0.0000 | Valid acc: 0.7586 ± 0.0000 | Valid Power: 0.0011 | Train Power: 0.0011 | patience:  37 | lr: 0.025 | Epoch time: 0.1 |

2024-09-09 04:09:17,242 - INFO -
| Epoch:   1290 | Train loss: 4.9604e-01 | Valid loss: 4.2264e-01 | Train acc: 0.6364 ± 0.0000 | Valid acc: 0.7586 ± 0.0000 | Valid Power: 0.0011 | Train Power: 0.0011 | patience:  47 | lr: 0.025 | Epoch time: 0.1 |

2024-09-09 04:09:18,050 - INFO -
| Epoch:   1300 | Train loss: 4.9596e-01 | Valid loss: 4.2247e-01 | Train acc: 0.6364 ± 0.0000 | Valid acc: 0.7586 ± 0.0000 | Valid Power: 0.0011 | Train Power: 0.0011 | patience:  57 | lr: 0.025 | Epoch time: 0.1 |

2024-09-09 04:09:18,859 - INFO -
| Epoch:   1310 | Train loss: 4.9591e-01 | Valid loss: 4.2248e-01 | Train acc: 0.6364 ± 0.0000 | Valid acc: 0.7586 ± 0.0000 | Valid Power: 0.0011 | Train Power: 0.0011 | patience:  67 | lr: 0.025 | Epoch time: 0.1 |

2024-09-09 04:09:19,668 - INFO -
| Epoch:   1320 | Train loss: 4.9583e-01 | Valid loss: 4.2245e-01 | Train acc: 0.6364 ± 0.0000 | Valid acc: 0.7586 ± 0.0000 | Valid Power: 0.0011 | Train Power: 0.0012 | patience:  77 | lr: 0.025 | Epoch time: 0.1 |

2024-09-09 04:09:20,476 - INFO -
| Epoch:   1330 | Train loss: 4.9576e-01 | Valid loss: 4.2243e-01 | Train acc: 0.6364 ± 0.0000 | Valid acc: 0.7586 ± 0.0000 | Valid Power: 0.0011 | Train Power: 0.0011 | patience:  87 | lr: 0.025 | Epoch time: 0.1 |

2024-09-09 04:09:21,292 - INFO -
| Epoch:   1340 | Train loss: 4.9571e-01 | Valid loss: 4.2242e-01 | Train acc: 0.6364 ± 0.0000 | Valid acc: 0.7586 ± 0.0000 | Valid Power: 0.0012 | Train Power: 0.0011 | patience:  97 | lr: 0.025 | Epoch time: 0.1 |

2024-09-09 04:09:21,621 - INFO -
load best network to warm start training with lower lr.

2024-09-09 04:09:21,621 - INFO -
lr update to 0.0125.

2024-09-09 04:09:22,119 - INFO -
| Epoch:   1350 | Train loss: 4.9696e-01 | Valid loss: 4.2118e-01 | Train acc: 0.6364 ± 0.0000 | Valid acc: 0.7586 ± 0.0000 | Valid Power: 0.0011 | Train Power: 0.0011 | patience:   1 | lr: 0.0125 | Epoch time: 0.1 |

2024-09-09 04:09:22,932 - INFO -
| Epoch:   1360 | Train loss: 4.9650e-01 | Valid loss: 4.2360e-01 | Train acc: 0.6364 ± 0.0000 | Valid acc: 0.7586 ± 0.0000 | Valid Power: 0.0011 | Train Power: 0.0011 | patience:  11 | lr: 0.0125 | Epoch time: 0.1 |

2024-09-09 04:09:23,744 - INFO -
| Epoch:   1370 | Train loss: 4.9630e-01 | Valid loss: 4.2204e-01 | Train acc: 0.6364 ± 0.0000 | Valid acc: 0.7586 ± 0.0000 | Valid Power: 0.0011 | Train Power: 0.0011 | patience:  21 | lr: 0.0125 | Epoch time: 0.1 |

2024-09-09 04:09:24,554 - INFO -
| Epoch:   1380 | Train loss: 4.9621e-01 | Valid loss: 4.2271e-01 | Train acc: 0.6364 ± 0.0000 | Valid acc: 0.7586 ± 0.0000 | Valid Power: 0.0011 | Train Power: 0.0011 | patience:  31 | lr: 0.0125 | Epoch time: 0.1 |

2024-09-09 04:09:25,362 - INFO -
| Epoch:   1390 | Train loss: 4.9612e-01 | Valid loss: 4.2262e-01 | Train acc: 0.6364 ± 0.0000 | Valid acc: 0.7586 ± 0.0000 | Valid Power: 0.0011 | Train Power: 0.0011 | patience:  41 | lr: 0.0125 | Epoch time: 0.1 |

2024-09-09 04:09:26,171 - INFO -
| Epoch:   1400 | Train loss: 4.9606e-01 | Valid loss: 4.2244e-01 | Train acc: 0.6364 ± 0.0000 | Valid acc: 0.7586 ± 0.0000 | Valid Power: 0.0011 | Train Power: 0.0011 | patience:  51 | lr: 0.0125 | Epoch time: 0.1 |

2024-09-09 04:09:26,980 - INFO -
| Epoch:   1410 | Train loss: 4.9600e-01 | Valid loss: 4.2254e-01 | Train acc: 0.6364 ± 0.0000 | Valid acc: 0.7586 ± 0.0000 | Valid Power: 0.0011 | Train Power: 0.0011 | patience:  61 | lr: 0.0125 | Epoch time: 0.1 |

2024-09-09 04:09:27,789 - INFO -
| Epoch:   1420 | Train loss: 4.9594e-01 | Valid loss: 4.2236e-01 | Train acc: 0.6364 ± 0.0000 | Valid acc: 0.7586 ± 0.0000 | Valid Power: 0.0011 | Train Power: 0.0011 | patience:  71 | lr: 0.0125 | Epoch time: 0.1 |

2024-09-09 04:09:28,597 - INFO -
| Epoch:   1430 | Train loss: 4.9588e-01 | Valid loss: 4.2234e-01 | Train acc: 0.6364 ± 0.0000 | Valid acc: 0.7586 ± 0.0000 | Valid Power: 0.0011 | Train Power: 0.0011 | patience:  81 | lr: 0.0125 | Epoch time: 0.1 |

2024-09-09 04:09:29,407 - INFO -
| Epoch:   1440 | Train loss: 4.9582e-01 | Valid loss: 4.2237e-01 | Train acc: 0.6364 ± 0.0000 | Valid acc: 0.7586 ± 0.0000 | Valid Power: 0.0011 | Train Power: 0.0011 | patience:  91 | lr: 0.0125 | Epoch time: 0.1 |

2024-09-09 04:09:30,218 - INFO -
load best network to warm start training with lower lr.

2024-09-09 04:09:30,218 - INFO -
lr update to 0.00625.

2024-09-09 04:09:30,218 - INFO -
| Epoch:   1450 | Train loss: 4.9577e-01 | Valid loss: 4.2236e-01 | Train acc: 0.6364 ± 0.0000 | Valid acc: 0.7586 ± 0.0000 | Valid Power: 0.0011 | Train Power: 0.0011 | patience:   0 | lr: 0.00625 | Epoch time: 0.1 |

2024-09-09 04:09:31,027 - INFO -
| Epoch:   1460 | Train loss: 4.9639e-01 | Valid loss: 4.2358e-01 | Train acc: 0.6364 ± 0.0000 | Valid acc: 0.7586 ± 0.0000 | Valid Power: 0.0011 | Train Power: 0.0011 | patience:  10 | lr: 0.00625 | Epoch time: 0.1 |

2024-09-09 04:09:31,835 - INFO -
| Epoch:   1470 | Train loss: 4.9630e-01 | Valid loss: 4.2262e-01 | Train acc: 0.6364 ± 0.0000 | Valid acc: 0.7586 ± 0.0000 | Valid Power: 0.0011 | Train Power: 0.0011 | patience:  20 | lr: 0.00625 | Epoch time: 0.1 |

2024-09-09 04:09:32,649 - INFO -
| Epoch:   1480 | Train loss: 4.9625e-01 | Valid loss: 4.2277e-01 | Train acc: 0.6364 ± 0.0000 | Valid acc: 0.7586 ± 0.0000 | Valid Power: 0.0011 | Train Power: 0.0011 | patience:  30 | lr: 0.00625 | Epoch time: 0.1 |

2024-09-09 04:09:33,454 - INFO -
| Epoch:   1490 | Train loss: 4.9619e-01 | Valid loss: 4.2260e-01 | Train acc: 0.6364 ± 0.0000 | Valid acc: 0.7586 ± 0.0000 | Valid Power: 0.0011 | Train Power: 0.0011 | patience:  40 | lr: 0.00625 | Epoch time: 0.1 |

2024-09-09 04:09:34,260 - INFO -
| Epoch:   1500 | Train loss: 4.9615e-01 | Valid loss: 4.2265e-01 | Train acc: 0.6364 ± 0.0000 | Valid acc: 0.7586 ± 0.0000 | Valid Power: 0.0011 | Train Power: 0.0011 | patience:  50 | lr: 0.00625 | Epoch time: 0.1 |

2024-09-09 04:09:35,032 - INFO -
| Epoch:   1510 | Train loss: 4.9610e-01 | Valid loss: 4.2263e-01 | Train acc: 0.6364 ± 0.0000 | Valid acc: 0.7586 ± 0.0000 | Valid Power: 0.0011 | Train Power: 0.0011 | patience:  60 | lr: 0.00625 | Epoch time: 0.1 |

2024-09-09 04:09:35,799 - INFO -
| Epoch:   1520 | Train loss: 4.9605e-01 | Valid loss: 4.2256e-01 | Train acc: 0.6364 ± 0.0000 | Valid acc: 0.7586 ± 0.0000 | Valid Power: 0.0011 | Train Power: 0.0011 | patience:  70 | lr: 0.00625 | Epoch time: 0.1 |

2024-09-09 04:09:36,559 - INFO -
| Epoch:   1530 | Train loss: 4.9601e-01 | Valid loss: 4.2255e-01 | Train acc: 0.6364 ± 0.0000 | Valid acc: 0.7586 ± 0.0000 | Valid Power: 0.0011 | Train Power: 0.0011 | patience:  80 | lr: 0.00625 | Epoch time: 0.1 |

2024-09-09 04:09:37,317 - INFO -
| Epoch:   1540 | Train loss: 4.9596e-01 | Valid loss: 4.2252e-01 | Train acc: 0.6364 ± 0.0000 | Valid acc: 0.7586 ± 0.0000 | Valid Power: 0.0011 | Train Power: 0.0011 | patience:  90 | lr: 0.00625 | Epoch time: 0.1 |

2024-09-09 04:09:38,072 - INFO -
| Epoch:   1550 | Train loss: 4.9592e-01 | Valid loss: 4.2250e-01 | Train acc: 0.6364 ± 0.0000 | Valid acc: 0.7586 ± 0.0000 | Valid Power: 0.0011 | Train Power: 0.0011 | patience: 100 | lr: 0.00625 | Epoch time: 0.1 |

2024-09-09 04:09:38,152 - INFO -
load best network to warm start training with lower lr.

2024-09-09 04:09:38,152 - INFO -
lr update to 0.003125.

2024-09-09 04:09:38,833 - INFO -
| Epoch:   1560 | Train loss: 4.9638e-01 | Valid loss: 4.2327e-01 | Train acc: 0.6364 ± 0.0000 | Valid acc: 0.7586 ± 0.0000 | Valid Power: 0.0011 | Train Power: 0.0011 | patience:   9 | lr: 0.003125 | Epoch time: 0.1 |

2024-09-09 04:09:39,593 - INFO -
| Epoch:   1570 | Train loss: 4.9635e-01 | Valid loss: 4.2334e-01 | Train acc: 0.6364 ± 0.0000 | Valid acc: 0.7586 ± 0.0000 | Valid Power: 0.0011 | Train Power: 0.0011 | patience:  19 | lr: 0.003125 | Epoch time: 0.1 |

2024-09-09 04:09:40,349 - INFO -
| Epoch:   1580 | Train loss: 4.9632e-01 | Valid loss: 4.2261e-01 | Train acc: 0.6364 ± 0.0000 | Valid acc: 0.7586 ± 0.0000 | Valid Power: 0.0011 | Train Power: 0.0011 | patience:  29 | lr: 0.003125 | Epoch time: 0.1 |

2024-09-09 04:09:41,101 - INFO -
| Epoch:   1590 | Train loss: 4.9629e-01 | Valid loss: 4.2278e-01 | Train acc: 0.6364 ± 0.0000 | Valid acc: 0.7586 ± 0.0000 | Valid Power: 0.0011 | Train Power: 0.0011 | patience:  39 | lr: 0.003125 | Epoch time: 0.1 |

2024-09-09 04:09:41,856 - INFO -
| Epoch:   1600 | Train loss: 4.9626e-01 | Valid loss: 4.2269e-01 | Train acc: 0.6364 ± 0.0000 | Valid acc: 0.7586 ± 0.0000 | Valid Power: 0.0011 | Train Power: 0.0011 | patience:  49 | lr: 0.003125 | Epoch time: 0.1 |

2024-09-09 04:09:42,611 - INFO -
| Epoch:   1610 | Train loss: 4.9623e-01 | Valid loss: 4.2268e-01 | Train acc: 0.6364 ± 0.0000 | Valid acc: 0.7586 ± 0.0000 | Valid Power: 0.0011 | Train Power: 0.0011 | patience:  59 | lr: 0.003125 | Epoch time: 0.1 |

2024-09-09 04:09:43,364 - INFO -
| Epoch:   1620 | Train loss: 4.9621e-01 | Valid loss: 4.2272e-01 | Train acc: 0.6364 ± 0.0000 | Valid acc: 0.7586 ± 0.0000 | Valid Power: 0.0011 | Train Power: 0.0011 | patience:  69 | lr: 0.003125 | Epoch time: 0.1 |

2024-09-09 04:09:44,116 - INFO -
| Epoch:   1630 | Train loss: 4.9618e-01 | Valid loss: 4.2265e-01 | Train acc: 0.6364 ± 0.0000 | Valid acc: 0.7586 ± 0.0000 | Valid Power: 0.0011 | Train Power: 0.0011 | patience:  79 | lr: 0.003125 | Epoch time: 0.1 |

2024-09-09 04:09:44,866 - INFO -
| Epoch:   1640 | Train loss: 4.9615e-01 | Valid loss: 4.2267e-01 | Train acc: 0.6364 ± 0.0000 | Valid acc: 0.7586 ± 0.0000 | Valid Power: 0.0011 | Train Power: 0.0011 | patience:  89 | lr: 0.003125 | Epoch time: 0.1 |

2024-09-09 04:09:45,608 - INFO -
| Epoch:   1650 | Train loss: 4.9613e-01 | Valid loss: 4.2264e-01 | Train acc: 0.6364 ± 0.0000 | Valid acc: 0.7586 ± 0.0000 | Valid Power: 0.0011 | Train Power: 0.0011 | patience:  99 | lr: 0.003125 | Epoch time: 0.1 |

2024-09-09 04:09:45,761 - INFO -
load best network to warm start training with lower lr.

2024-09-09 04:09:45,761 - INFO -
lr update to 0.0015625.

2024-09-09 04:09:46,360 - INFO -
| Epoch:   1660 | Train loss: 4.9641e-01 | Valid loss: 4.2268e-01 | Train acc: 0.6364 ± 0.0000 | Valid acc: 0.7586 ± 0.0000 | Valid Power: 0.0011 | Train Power: 0.0011 | patience:   8 | lr: 0.0015625 | Epoch time: 0.1 |

2024-09-09 04:09:47,104 - INFO -
| Epoch:   1670 | Train loss: 4.9639e-01 | Valid loss: 4.2312e-01 | Train acc: 0.6364 ± 0.0000 | Valid acc: 0.7586 ± 0.0000 | Valid Power: 0.0011 | Train Power: 0.0011 | patience:  18 | lr: 0.0015625 | Epoch time: 0.1 |

2024-09-09 04:09:47,854 - INFO -
| Epoch:   1680 | Train loss: 4.9636e-01 | Valid loss: 4.2330e-01 | Train acc: 0.6364 ± 0.0000 | Valid acc: 0.7586 ± 0.0000 | Valid Power: 0.0011 | Train Power: 0.0011 | patience:  28 | lr: 0.0015625 | Epoch time: 0.1 |

2024-09-09 04:09:48,602 - INFO -
| Epoch:   1690 | Train loss: 4.9634e-01 | Valid loss: 4.2285e-01 | Train acc: 0.6364 ± 0.0000 | Valid acc: 0.7586 ± 0.0000 | Valid Power: 0.0011 | Train Power: 0.0011 | patience:  38 | lr: 0.0015625 | Epoch time: 0.1 |

2024-09-09 04:09:49,349 - INFO -
| Epoch:   1700 | Train loss: 4.9632e-01 | Valid loss: 4.2280e-01 | Train acc: 0.6364 ± 0.0000 | Valid acc: 0.7586 ± 0.0000 | Valid Power: 0.0011 | Train Power: 0.0011 | patience:  48 | lr: 0.0015625 | Epoch time: 0.1 |

2024-09-09 04:09:50,098 - INFO -
| Epoch:   1710 | Train loss: 4.9630e-01 | Valid loss: 4.2281e-01 | Train acc: 0.6364 ± 0.0000 | Valid acc: 0.7586 ± 0.0000 | Valid Power: 0.0011 | Train Power: 0.0011 | patience:  58 | lr: 0.0015625 | Epoch time: 0.1 |

2024-09-09 04:09:50,844 - INFO -
| Epoch:   1720 | Train loss: 4.9629e-01 | Valid loss: 4.2281e-01 | Train acc: 0.6364 ± 0.0000 | Valid acc: 0.7586 ± 0.0000 | Valid Power: 0.0011 | Train Power: 0.0011 | patience:  68 | lr: 0.0015625 | Epoch time: 0.1 |

2024-09-09 04:09:51,598 - INFO -
| Epoch:   1730 | Train loss: 4.9627e-01 | Valid loss: 4.2277e-01 | Train acc: 0.6364 ± 0.0000 | Valid acc: 0.7586 ± 0.0000 | Valid Power: 0.0011 | Train Power: 0.0011 | patience:  78 | lr: 0.0015625 | Epoch time: 0.1 |

2024-09-09 04:09:52,347 - INFO -
| Epoch:   1740 | Train loss: 4.9626e-01 | Valid loss: 4.2275e-01 | Train acc: 0.6364 ± 0.0000 | Valid acc: 0.7586 ± 0.0000 | Valid Power: 0.0011 | Train Power: 0.0011 | patience:  88 | lr: 0.0015625 | Epoch time: 0.1 |

2024-09-09 04:09:53,095 - INFO -
| Epoch:   1750 | Train loss: 4.9625e-01 | Valid loss: 4.2275e-01 | Train acc: 0.6364 ± 0.0000 | Valid acc: 0.7586 ± 0.0000 | Valid Power: 0.0011 | Train Power: 0.0011 | patience:  98 | lr: 0.0015625 | Epoch time: 0.1 |

2024-09-09 04:09:53,323 - INFO -
load best network to warm start training with lower lr.

2024-09-09 04:09:53,324 - INFO -
lr update to 0.00078125.

2024-09-09 04:09:53,847 - INFO -
| Epoch:   1760 | Train loss: 4.9665e-01 | Valid loss: 4.2167e-01 | Train acc: 0.6364 ± 0.0000 | Valid acc: 0.7586 ± 0.0000 | Valid Power: 0.0011 | Train Power: 0.0011 | patience:   7 | lr: 0.00078125 | Epoch time: 0.1 |

2024-09-09 04:09:54,594 - INFO -
| Epoch:   1770 | Train loss: 4.9643e-01 | Valid loss: 4.2270e-01 | Train acc: 0.6364 ± 0.0000 | Valid acc: 0.7586 ± 0.0000 | Valid Power: 0.0011 | Train Power: 0.0011 | patience:  17 | lr: 0.00078125 | Epoch time: 0.1 |

2024-09-09 04:09:55,340 - INFO -
| Epoch:   1780 | Train loss: 4.9638e-01 | Valid loss: 4.2287e-01 | Train acc: 0.6364 ± 0.0000 | Valid acc: 0.7586 ± 0.0000 | Valid Power: 0.0011 | Train Power: 0.0011 | patience:  27 | lr: 0.00078125 | Epoch time: 0.1 |

2024-09-09 04:09:56,086 - INFO -
| Epoch:   1790 | Train loss: 4.9637e-01 | Valid loss: 4.2304e-01 | Train acc: 0.6364 ± 0.0000 | Valid acc: 0.7586 ± 0.0000 | Valid Power: 0.0011 | Train Power: 0.0011 | patience:  37 | lr: 0.00078125 | Epoch time: 0.1 |

2024-09-09 04:09:56,832 - INFO -
| Epoch:   1800 | Train loss: 4.9636e-01 | Valid loss: 4.2310e-01 | Train acc: 0.6364 ± 0.0000 | Valid acc: 0.7586 ± 0.0000 | Valid Power: 0.0011 | Train Power: 0.0011 | patience:  47 | lr: 0.00078125 | Epoch time: 0.1 |

2024-09-09 04:09:57,581 - INFO -
| Epoch:   1810 | Train loss: 4.9635e-01 | Valid loss: 4.2295e-01 | Train acc: 0.6364 ± 0.0000 | Valid acc: 0.7586 ± 0.0000 | Valid Power: 0.0011 | Train Power: 0.0011 | patience:  57 | lr: 0.00078125 | Epoch time: 0.1 |

2024-09-09 04:09:58,327 - INFO -
| Epoch:   1820 | Train loss: 4.9634e-01 | Valid loss: 4.2290e-01 | Train acc: 0.6364 ± 0.0000 | Valid acc: 0.7586 ± 0.0000 | Valid Power: 0.0011 | Train Power: 0.0011 | patience:  67 | lr: 0.00078125 | Epoch time: 0.1 |

2024-09-09 04:09:59,046 - INFO -
| Epoch:   1830 | Train loss: 4.9633e-01 | Valid loss: 4.2284e-01 | Train acc: 0.6364 ± 0.0000 | Valid acc: 0.7586 ± 0.0000 | Valid Power: 0.0011 | Train Power: 0.0011 | patience:  77 | lr: 0.00078125 | Epoch time: 0.1 |

2024-09-09 04:09:59,756 - INFO -
| Epoch:   1840 | Train loss: 4.9632e-01 | Valid loss: 4.2285e-01 | Train acc: 0.6364 ± 0.0000 | Valid acc: 0.7586 ± 0.0000 | Valid Power: 0.0011 | Train Power: 0.0011 | patience:  87 | lr: 0.00078125 | Epoch time: 0.1 |

2024-09-09 04:10:00,466 - INFO -
| Epoch:   1850 | Train loss: 4.9631e-01 | Valid loss: 4.2284e-01 | Train acc: 0.6364 ± 0.0000 | Valid acc: 0.7586 ± 0.0000 | Valid Power: 0.0011 | Train Power: 0.0011 | patience:  97 | lr: 0.00078125 | Epoch time: 0.1 |

2024-09-09 04:10:00,757 - INFO -
load best network to warm start training with lower lr.

2024-09-09 04:10:00,757 - INFO -
lr update to 0.000390625.

2024-09-09 04:10:01,183 - INFO -
| Epoch:   1860 | Train loss: 4.9682e-01 | Valid loss: 4.2126e-01 | Train acc: 0.6364 ± 0.0000 | Valid acc: 0.7586 ± 0.0000 | Valid Power: 0.0011 | Train Power: 0.0011 | patience:   6 | lr: 0.000390625 | Epoch time: 0.1 |

2024-09-09 04:10:01,886 - INFO -
| Epoch:   1870 | Train loss: 4.9659e-01 | Valid loss: 4.2177e-01 | Train acc: 0.6364 ± 0.0000 | Valid acc: 0.7586 ± 0.0000 | Valid Power: 0.0011 | Train Power: 0.0011 | patience:  16 | lr: 0.000390625 | Epoch time: 0.1 |

2024-09-09 04:10:02,593 - INFO -
| Epoch:   1880 | Train loss: 4.9643e-01 | Valid loss: 4.2229e-01 | Train acc: 0.6364 ± 0.0000 | Valid acc: 0.7586 ± 0.0000 | Valid Power: 0.0011 | Train Power: 0.0011 | patience:  26 | lr: 0.000390625 | Epoch time: 0.1 |

2024-09-09 04:10:03,278 - INFO -
| Epoch:   1890 | Train loss: 4.9641e-01 | Valid loss: 4.2264e-01 | Train acc: 0.6364 ± 0.0000 | Valid acc: 0.7586 ± 0.0000 | Valid Power: 0.0011 | Train Power: 0.0011 | patience:  36 | lr: 0.000390625 | Epoch time: 0.1 |

2024-09-09 04:10:03,960 - INFO -
| Epoch:   1900 | Train loss: 4.9638e-01 | Valid loss: 4.2269e-01 | Train acc: 0.6364 ± 0.0000 | Valid acc: 0.7586 ± 0.0000 | Valid Power: 0.0011 | Train Power: 0.0011 | patience:  46 | lr: 0.000390625 | Epoch time: 0.1 |

2024-09-09 04:10:04,645 - INFO -
| Epoch:   1910 | Train loss: 4.9638e-01 | Valid loss: 4.2277e-01 | Train acc: 0.6364 ± 0.0000 | Valid acc: 0.7586 ± 0.0000 | Valid Power: 0.0011 | Train Power: 0.0011 | patience:  56 | lr: 0.000390625 | Epoch time: 0.1 |

2024-09-09 04:10:05,323 - INFO -
| Epoch:   1920 | Train loss: 4.9637e-01 | Valid loss: 4.2288e-01 | Train acc: 0.6364 ± 0.0000 | Valid acc: 0.7586 ± 0.0000 | Valid Power: 0.0011 | Train Power: 0.0011 | patience:  66 | lr: 0.000390625 | Epoch time: 0.1 |

2024-09-09 04:10:06,019 - INFO -
| Epoch:   1930 | Train loss: 4.9636e-01 | Valid loss: 4.2291e-01 | Train acc: 0.6364 ± 0.0000 | Valid acc: 0.7586 ± 0.0000 | Valid Power: 0.0011 | Train Power: 0.0011 | patience:  76 | lr: 0.000390625 | Epoch time: 0.1 |

2024-09-09 04:10:06,696 - INFO -
| Epoch:   1940 | Train loss: 4.9636e-01 | Valid loss: 4.2291e-01 | Train acc: 0.6364 ± 0.0000 | Valid acc: 0.7586 ± 0.0000 | Valid Power: 0.0011 | Train Power: 0.0011 | patience:  86 | lr: 0.000390625 | Epoch time: 0.1 |

2024-09-09 04:10:07,368 - INFO -
| Epoch:   1950 | Train loss: 4.9635e-01 | Valid loss: 4.2291e-01 | Train acc: 0.6364 ± 0.0000 | Valid acc: 0.7586 ± 0.0000 | Valid Power: 0.0011 | Train Power: 0.0011 | patience:  96 | lr: 0.000390625 | Epoch time: 0.1 |

2024-09-09 04:10:07,710 - INFO -
load best network to warm start training with lower lr.

2024-09-09 04:10:07,711 - INFO -
lr update to 0.0001953125.

2024-09-09 04:10:08,051 - INFO -
| Epoch:   1960 | Train loss: 4.9690e-01 | Valid loss: 4.2109e-01 | Train acc: 0.6364 ± 0.0000 | Valid acc: 0.7586 ± 0.0000 | Valid Power: 0.0011 | Train Power: 0.0011 | patience:   5 | lr: 0.0001953125 | Epoch time: 0.1 |

2024-09-09 04:10:08,730 - INFO -
| Epoch:   1970 | Train loss: 4.9677e-01 | Valid loss: 4.2133e-01 | Train acc: 0.6364 ± 0.0000 | Valid acc: 0.7586 ± 0.0000 | Valid Power: 0.0011 | Train Power: 0.0011 | patience:  15 | lr: 0.0001953125 | Epoch time: 0.1 |

2024-09-09 04:10:09,410 - INFO -
| Epoch:   1980 | Train loss: 4.9665e-01 | Valid loss: 4.2158e-01 | Train acc: 0.6364 ± 0.0000 | Valid acc: 0.7586 ± 0.0000 | Valid Power: 0.0011 | Train Power: 0.0011 | patience:  25 | lr: 0.0001953125 | Epoch time: 0.1 |

2024-09-09 04:10:10,091 - INFO -
| Epoch:   1990 | Train loss: 4.9655e-01 | Valid loss: 4.2183e-01 | Train acc: 0.6364 ± 0.0000 | Valid acc: 0.7586 ± 0.0000 | Valid Power: 0.0011 | Train Power: 0.0011 | patience:  35 | lr: 0.0001953125 | Epoch time: 0.1 |

2024-09-09 04:10:10,771 - INFO -
| Epoch:   2000 | Train loss: 4.9648e-01 | Valid loss: 4.2207e-01 | Train acc: 0.6364 ± 0.0000 | Valid acc: 0.7586 ± 0.0000 | Valid Power: 0.0011 | Train Power: 0.0011 | patience:  45 | lr: 0.0001953125 | Epoch time: 0.1 |

2024-09-09 04:10:11,455 - INFO -
| Epoch:   2010 | Train loss: 4.9643e-01 | Valid loss: 4.2229e-01 | Train acc: 0.6364 ± 0.0000 | Valid acc: 0.7586 ± 0.0000 | Valid Power: 0.0011 | Train Power: 0.0011 | patience:  55 | lr: 0.0001953125 | Epoch time: 0.1 |

2024-09-09 04:10:12,134 - INFO -
| Epoch:   2020 | Train loss: 4.9641e-01 | Valid loss: 4.2245e-01 | Train acc: 0.6364 ± 0.0000 | Valid acc: 0.7586 ± 0.0000 | Valid Power: 0.0011 | Train Power: 0.0011 | patience:  65 | lr: 0.0001953125 | Epoch time: 0.1 |

2024-09-09 04:10:12,816 - INFO -
| Epoch:   2030 | Train loss: 4.9640e-01 | Valid loss: 4.2254e-01 | Train acc: 0.6364 ± 0.0000 | Valid acc: 0.7586 ± 0.0000 | Valid Power: 0.0011 | Train Power: 0.0011 | patience:  75 | lr: 0.0001953125 | Epoch time: 0.1 |

2024-09-09 04:10:13,500 - INFO -
| Epoch:   2040 | Train loss: 4.9639e-01 | Valid loss: 4.2257e-01 | Train acc: 0.6364 ± 0.0000 | Valid acc: 0.7586 ± 0.0000 | Valid Power: 0.0011 | Train Power: 0.0011 | patience:  85 | lr: 0.0001953125 | Epoch time: 0.1 |

2024-09-09 04:10:14,178 - INFO -
| Epoch:   2050 | Train loss: 4.9638e-01 | Valid loss: 4.2262e-01 | Train acc: 0.6364 ± 0.0000 | Valid acc: 0.7586 ± 0.0000 | Valid Power: 0.0011 | Train Power: 0.0011 | patience:  95 | lr: 0.0001953125 | Epoch time: 0.1 |

2024-09-09 04:10:14,589 - INFO -
load best network to warm start training with lower lr.

2024-09-09 04:10:14,589 - INFO -
lr update to 9.765625e-05.

2024-09-09 04:10:14,590 - INFO -
Early stop.

2024-09-09 04:10:14,596 - INFO -
Training if finished.

2024-09-09 16:19:07,192 - INFO -
Configuration: 
gmin                0.01
gmax                10.0
T                   0.1
m                   0.3
type_nonlinear      normal
act                 tanh
ACT_R1n             12.7865
ACT_R2n             -3.1871
ACT_W1n             -10.4537
ACT_L1n             10.546
ACT_W2n             -5.8496
ACT_L2n             4.2337
S_R1n               -11.7481
S_R2n               -0.3905
S_W1n               -9.169
S_L1n               0.3913
S_W2n               7.2004
S_L2n               15.5558
ReLU_RHn            -1.9557
ReLU_RLn            -20.1581
ReLU_RDn            16.6486
ReLU_RBn            -14.3472
ReLU_Wn             16.655
ReLU_Ln             -21.7591
HS_Rn               -0.3766
HS_Wn               0.5192
HS_Ln               4.6293
NEG_R1n             -7.0846
NEG_R2n             -2.5695
NEG_R3n             16.1542
NEG_W1n             13.8696
NEG_L1n             2.7635
NEG_W2n             1.2674
NEG_L2n             -10.4803
NEG_W3n             -6.4386
NEG_L3n             5.1005
task                normal
DATASET             6
DataPath            ./dataset
InputNoise          0.0
IN_test             0.0
R_train             1
R_test              1
N_time              32
pathnorm            False
hidden              [3]
skipconnection      False
SEED                9
DEVICE              cpu
PATIENCE            500
EPOCH               10000000000
LR                  0.1
PROGRESSIVE         True
LR_PATIENCE         100
LR_DECAY            0.5
LR_MIN              0.0001
metric              acc
SoftEva             True
TIMELIMITATION      71
MODE                nominal
M_train             1
K_train             1
M_test              1
K_test              1
t_test_max          1
integration         MC
N_train             1
e_train             0.0
N_test              100
e_test              0.1
e_fault             2
fault_ratio         0.0
N_fault             50
e_fault_test        0
N_fault_test        50
dropout             0.0
lagrangian_loss     False
rho                 100
powerestimator      none
powerbalance        0.0
estimatorbalance    0.0
pgmin               1e-07
power_ratio         1000
lambda_P            100
areaestimator       none
areabalance         0.0
area_theta          0.15
area_act            30.0
area_neg            22.7
lambda_A            0.001
lnc                 False
projectname         tanh_0_FaultAnalysisNormal
temppath            ./tanh_0_FaultAnalysisNormal/temp/
logfilepath         ./tanh_0_FaultAnalysisNormal/log/
report_freq         10
recording           False
recordpath          ./tanh_0_FaultAnalysisNormal/record/
savepath            ./tanh_0_FaultAnalysisNormal/models/
loglevel            info


2024-09-09 16:19:07,201 - INFO -
Training network on device: cpu.

2024-09-09 16:19:07,201 - INFO -
Training setup: data_06_iris_seed_09_epsilon_0.0_dropout_0.0_fault_ratio_0.0.model.

2024-09-09 16:19:07,201 - INFO -
{'dataname': 'iris', 'N_feature': 4, 'N_class': 3, 'N_train': 88, 'N_valid': 29, 'N_test': 31}

2024-09-09 16:19:07,201 - INFO -
Training was already finished.

2024-09-11 18:17:02,109 - INFO -
Configuration: 
gmin                0.01
gmax                10.0
T                   0.1
m                   0.3
type_nonlinear      normal
act                 tanh
ACT_R1n             12.7865
ACT_R2n             -3.1871
ACT_W1n             -10.4537
ACT_L1n             10.546
ACT_W2n             -5.8496
ACT_L2n             4.2337
S_R1n               -11.7481
S_R2n               -0.3905
S_W1n               -9.169
S_L1n               0.3913
S_W2n               7.2004
S_L2n               15.5558
ReLU_RHn            -1.9557
ReLU_RLn            -20.1581
ReLU_RDn            16.6486
ReLU_RBn            -14.3472
ReLU_Wn             16.655
ReLU_Ln             -21.7591
HS_Rn               -0.3766
HS_Wn               0.5192
HS_Ln               4.6293
NEG_R1n             -7.0846
NEG_R2n             -2.5695
NEG_R3n             16.1542
NEG_W1n             13.8696
NEG_L1n             2.7635
NEG_W2n             1.2674
NEG_L2n             -10.4803
NEG_W3n             -6.4386
NEG_L3n             5.1005
task                normal
DATASET             6
DataPath            ./dataset
InputNoise          0.0
IN_test             0.0
R_train             1
R_test              1
N_time              32
pathnorm            False
hidden              [3]
skipconnection      False
SEED                9
DEVICE              cpu
PATIENCE            500
EPOCH               10000000000
LR                  0.1
PROGRESSIVE         True
LR_PATIENCE         100
LR_DECAY            0.5
LR_MIN              0.0001
metric              acc
SoftEva             True
TIMELIMITATION      71
MODE                nominal
M_train             1
K_train             1
M_test              1
K_test              1
t_test_max          1
integration         MC
N_train             1
e_train             0.0
N_test              100
e_test              0.1
e_fault             2
fault_ratio         0.0
N_fault             50
e_fault_test        0
N_fault_test        50
dropout             0.0
lagrangian_loss     False
rho                 100
powerestimator      none
powerbalance        0.0
estimatorbalance    0.0
pgmin               1e-07
power_ratio         1000
lambda_P            100
areaestimator       none
areabalance         0.0
area_theta          0.15
area_act            30.0
area_neg            22.7
lambda_A            0.001
lnc                 False
projectname         tanh_0_FaultAnalysisNormal
temppath            ./tanh_0_FaultAnalysisNormal/temp/
logfilepath         ./tanh_0_FaultAnalysisNormal/log/
report_freq         10
recording           False
recordpath          ./tanh_0_FaultAnalysisNormal/record/
savepath            ./tanh_0_FaultAnalysisNormal/models/
loglevel            info


2024-09-11 18:17:02,124 - INFO -
Training network on device: cpu.

2024-09-11 18:17:02,124 - INFO -
Training setup: data_06_iris_seed_09_epsilon_0.0_dropout_0.0_fault_ratio_0.0.model.

2024-09-11 18:17:02,124 - INFO -
{'dataname': 'iris', 'N_feature': 4, 'N_class': 3, 'N_train': 88, 'N_valid': 29, 'N_test': 31}

2024-09-11 18:17:02,138 - INFO -
Training was already finished.

2024-09-12 04:38:03,700 - INFO -
Configuration: 
gmin                0.01
gmax                10.0
T                   0.1
m                   0.3
type_nonlinear      normal
act                 tanh
ACT_R1n             12.7865
ACT_R2n             -3.1871
ACT_W1n             -10.4537
ACT_L1n             10.546
ACT_W2n             -5.8496
ACT_L2n             4.2337
S_R1n               -11.7481
S_R2n               -0.3905
S_W1n               -9.169
S_L1n               0.3913
S_W2n               7.2004
S_L2n               15.5558
ReLU_RHn            -1.9557
ReLU_RLn            -20.1581
ReLU_RDn            16.6486
ReLU_RBn            -14.3472
ReLU_Wn             16.655
ReLU_Ln             -21.7591
HS_Rn               -0.3766
HS_Wn               0.5192
HS_Ln               4.6293
NEG_R1n             -7.0846
NEG_R2n             -2.5695
NEG_R3n             16.1542
NEG_W1n             13.8696
NEG_L1n             2.7635
NEG_W2n             1.2674
NEG_L2n             -10.4803
NEG_W3n             -6.4386
NEG_L3n             5.1005
task                normal
DATASET             6
DataPath            ./dataset
InputNoise          0.0
IN_test             0.0
R_train             1
R_test              1
N_time              32
pathnorm            False
hidden              [3]
skipconnection      False
SEED                9
DEVICE              cpu
PATIENCE            500
EPOCH               10000000000
LR                  0.1
PROGRESSIVE         True
LR_PATIENCE         100
LR_DECAY            0.5
LR_MIN              0.0001
metric              acc
SoftEva             True
TIMELIMITATION      71
MODE                nominal
M_train             1
K_train             1
M_test              1
K_test              1
t_test_max          1
integration         MC
N_train             1
e_train             0.0
N_test              100
e_test              0.1
e_fault             2
fault_ratio         0.0
N_fault             50
e_fault_test        0
N_fault_test        50
dropout             0.0
lagrangian_loss     False
rho                 100
powerestimator      none
powerbalance        0.0
estimatorbalance    0.0
pgmin               1e-07
power_ratio         1000
lambda_P            100
areaestimator       none
areabalance         0.0
area_theta          0.15
area_act            30.0
area_neg            22.7
lambda_A            0.001
lnc                 False
projectname         tanh_0_FaultAnalysisNormal
temppath            ./tanh_0_FaultAnalysisNormal/temp/
logfilepath         ./tanh_0_FaultAnalysisNormal/log/
report_freq         10
recording           False
recordpath          ./tanh_0_FaultAnalysisNormal/record/
savepath            ./tanh_0_FaultAnalysisNormal/models/
loglevel            info


2024-09-12 04:38:03,724 - INFO -
Training network on device: cpu.

2024-09-12 04:38:03,724 - INFO -
Training setup: data_06_iris_seed_09_epsilon_0.0_dropout_0.0_fault_ratio_0.0.model.

2024-09-12 04:38:03,724 - INFO -
{'dataname': 'iris', 'N_feature': 4, 'N_class': 3, 'N_train': 88, 'N_valid': 29, 'N_test': 31}

2024-09-12 04:38:03,724 - INFO -
Training was already finished.

