2024-09-09 04:07:29,234 - INFO -
Configuration: 
gmin                0.01
gmax                10.0
T                   0.1
m                   0.3
type_nonlinear      normal
act                 tanh
ACT_R1n             12.7865
ACT_R2n             -3.1871
ACT_W1n             -10.4537
ACT_L1n             10.546
ACT_W2n             -5.8496
ACT_L2n             4.2337
S_R1n               -11.7481
S_R2n               -0.3905
S_W1n               -9.169
S_L1n               0.3913
S_W2n               7.2004
S_L2n               15.5558
ReLU_RHn            -1.9557
ReLU_RLn            -20.1581
ReLU_RDn            16.6486
ReLU_RBn            -14.3472
ReLU_Wn             16.655
ReLU_Ln             -21.7591
HS_Rn               -0.3766
HS_Wn               0.5192
HS_Ln               4.6293
NEG_R1n             -7.0846
NEG_R2n             -2.5695
NEG_R3n             16.1542
NEG_W1n             13.8696
NEG_L1n             2.7635
NEG_W2n             1.2674
NEG_L2n             -10.4803
NEG_W3n             -6.4386
NEG_L3n             5.1005
task                normal
DATASET             7
DataPath            ./dataset
InputNoise          0.0
IN_test             0.0
R_train             1
R_test              1
N_time              32
pathnorm            False
hidden              [3]
skipconnection      False
SEED                1
DEVICE              cpu
PATIENCE            500
EPOCH               10000000000
LR                  0.1
PROGRESSIVE         True
LR_PATIENCE         100
LR_DECAY            0.5
LR_MIN              0.0001
metric              acc
SoftEva             True
TIMELIMITATION      71
MODE                nominal
M_train             1
K_train             1
M_test              1
K_test              1
t_test_max          1
integration         MC
N_train             1
e_train             0.0
N_test              100
e_test              0.1
e_fault             2
fault_ratio         0.0
N_fault             50
e_fault_test        0
N_fault_test        50
dropout             0.0
lagrangian_loss     False
rho                 100
powerestimator      none
powerbalance        0.0
estimatorbalance    0.0
pgmin               1e-07
power_ratio         1000
lambda_P            100
areaestimator       none
areabalance         0.0
area_theta          0.15
area_act            30.0
area_neg            22.7
lambda_A            0.001
lnc                 False
projectname         tanh_0_FaultAnalysisNormal
temppath            ./tanh_0_FaultAnalysisNormal/temp/
logfilepath         ./tanh_0_FaultAnalysisNormal/log/
report_freq         10
recording           False
recordpath          ./tanh_0_FaultAnalysisNormal/record/
savepath            ./tanh_0_FaultAnalysisNormal/models/
loglevel            info


2024-09-09 04:07:29,234 - INFO -
Training network on device: cpu.

2024-09-09 04:07:29,234 - INFO -
Training setup: data_07_mammographic_seed_01_epsilon_0.0_dropout_0.0_fault_ratio_0.0.model.

2024-09-09 04:07:29,234 - INFO -
{'dataname': 'mammographic', 'N_feature': 5, 'N_class': 2, 'N_train': 397, 'N_valid': 127, 'N_test': 79}

2024-09-09 04:07:29,235 - INFO -
Topology of the network: [5, 3, 2].

2024-09-09 04:07:31,171 - INFO -
| Epoch:      0 | Train loss: 6.9314e-01 | Valid loss: 6.5650e-01 | Train acc: 0.4811 ± 0.0000 | Valid acc: 0.7480 ± 0.0000 | Valid Power: 0.0005 | Train Power: 0.0004 | patience:   0 | lr: 0.1 | Epoch time: 0.1 |

2024-09-09 04:07:32,279 - INFO -
| Epoch:     10 | Train loss: 5.3057e-01 | Valid loss: 4.7576e-01 | Train acc: 0.7733 ± 0.0000 | Valid acc: 0.8189 ± 0.0000 | Valid Power: 0.0005 | Train Power: 0.0005 | patience:   0 | lr: 0.1 | Epoch time: 0.1 |

2024-09-09 04:07:33,386 - INFO -
| Epoch:     20 | Train loss: 5.0707e-01 | Valid loss: 4.5551e-01 | Train acc: 0.7809 ± 0.0000 | Valid acc: 0.8031 ± 0.0000 | Valid Power: 0.0005 | Train Power: 0.0005 | patience:   0 | lr: 0.1 | Epoch time: 0.1 |

2024-09-09 04:07:34,473 - INFO -
| Epoch:     30 | Train loss: 5.0230e-01 | Valid loss: 4.5860e-01 | Train acc: 0.7834 ± 0.0000 | Valid acc: 0.7953 ± 0.0000 | Valid Power: 0.0005 | Train Power: 0.0005 | patience:   6 | lr: 0.1 | Epoch time: 0.1 |

2024-09-09 04:07:35,568 - INFO -
| Epoch:     40 | Train loss: 4.9725e-01 | Valid loss: 4.4645e-01 | Train acc: 0.7834 ± 0.0000 | Valid acc: 0.7953 ± 0.0000 | Valid Power: 0.0005 | Train Power: 0.0005 | patience:   0 | lr: 0.1 | Epoch time: 0.1 |

2024-09-09 04:07:36,747 - INFO -
| Epoch:     50 | Train loss: 5.0037e-01 | Valid loss: 4.5780e-01 | Train acc: 0.7758 ± 0.0000 | Valid acc: 0.7717 ± 0.0000 | Valid Power: 0.0005 | Train Power: 0.0005 | patience:   7 | lr: 0.1 | Epoch time: 0.1 |

2024-09-09 04:07:37,842 - INFO -
| Epoch:     60 | Train loss: 4.9665e-01 | Valid loss: 4.3305e-01 | Train acc: 0.7708 ± 0.0000 | Valid acc: 0.8268 ± 0.0000 | Valid Power: 0.0005 | Train Power: 0.0005 | patience:   2 | lr: 0.1 | Epoch time: 0.1 |

2024-09-09 04:07:38,920 - INFO -
| Epoch:     70 | Train loss: 4.8819e-01 | Valid loss: 4.3319e-01 | Train acc: 0.7758 ± 0.0000 | Valid acc: 0.8110 ± 0.0000 | Valid Power: 0.0005 | Train Power: 0.0005 | patience:   2 | lr: 0.1 | Epoch time: 0.1 |

2024-09-09 04:07:40,012 - INFO -
| Epoch:     80 | Train loss: 4.8406e-01 | Valid loss: 4.2014e-01 | Train acc: 0.7783 ± 0.0000 | Valid acc: 0.8268 ± 0.0000 | Valid Power: 0.0005 | Train Power: 0.0005 | patience:   1 | lr: 0.1 | Epoch time: 0.1 |

2024-09-09 04:07:41,093 - INFO -
| Epoch:     90 | Train loss: 4.8805e-01 | Valid loss: 4.2945e-01 | Train acc: 0.7733 ± 0.0000 | Valid acc: 0.8031 ± 0.0000 | Valid Power: 0.0006 | Train Power: 0.0005 | patience:   6 | lr: 0.1 | Epoch time: 0.1 |

2024-09-09 04:07:42,165 - INFO -
| Epoch:    100 | Train loss: 4.7960e-01 | Valid loss: 4.2277e-01 | Train acc: 0.7809 ± 0.0000 | Valid acc: 0.8110 ± 0.0000 | Valid Power: 0.0005 | Train Power: 0.0005 | patience:  16 | lr: 0.1 | Epoch time: 0.1 |

2024-09-09 04:07:43,245 - INFO -
| Epoch:    110 | Train loss: 4.8591e-01 | Valid loss: 4.1776e-01 | Train acc: 0.7884 ± 0.0000 | Valid acc: 0.8189 ± 0.0000 | Valid Power: 0.0005 | Train Power: 0.0005 | patience:  26 | lr: 0.1 | Epoch time: 0.1 |

2024-09-09 04:07:44,317 - INFO -
| Epoch:    120 | Train loss: 4.8201e-01 | Valid loss: 4.2929e-01 | Train acc: 0.7809 ± 0.0000 | Valid acc: 0.8110 ± 0.0000 | Valid Power: 0.0005 | Train Power: 0.0005 | patience:  36 | lr: 0.1 | Epoch time: 0.1 |

2024-09-09 04:07:45,389 - INFO -
| Epoch:    130 | Train loss: 4.8167e-01 | Valid loss: 4.2290e-01 | Train acc: 0.7935 ± 0.0000 | Valid acc: 0.8268 ± 0.0000 | Valid Power: 0.0005 | Train Power: 0.0005 | patience:  46 | lr: 0.1 | Epoch time: 0.1 |

2024-09-09 04:07:46,462 - INFO -
| Epoch:    140 | Train loss: 4.7866e-01 | Valid loss: 4.2711e-01 | Train acc: 0.7783 ± 0.0000 | Valid acc: 0.8031 ± 0.0000 | Valid Power: 0.0005 | Train Power: 0.0005 | patience:  56 | lr: 0.1 | Epoch time: 0.1 |

2024-09-09 04:07:47,544 - INFO -
| Epoch:    150 | Train loss: 4.7859e-01 | Valid loss: 4.1961e-01 | Train acc: 0.7809 ± 0.0000 | Valid acc: 0.8189 ± 0.0000 | Valid Power: 0.0005 | Train Power: 0.0005 | patience:  66 | lr: 0.1 | Epoch time: 0.1 |

2024-09-09 04:07:48,827 - INFO -
| Epoch:    160 | Train loss: 4.8679e-01 | Valid loss: 4.3383e-01 | Train acc: 0.7657 ± 0.0000 | Valid acc: 0.7953 ± 0.0000 | Valid Power: 0.0005 | Train Power: 0.0005 | patience:  76 | lr: 0.1 | Epoch time: 0.1 |

2024-09-09 04:07:50,313 - INFO -
| Epoch:    170 | Train loss: 4.7642e-01 | Valid loss: 4.3413e-01 | Train acc: 0.7935 ± 0.0000 | Valid acc: 0.8110 ± 0.0000 | Valid Power: 0.0005 | Train Power: 0.0005 | patience:  86 | lr: 0.1 | Epoch time: 0.2 |

2024-09-09 04:07:51,383 - INFO -
| Epoch:    180 | Train loss: 4.7911e-01 | Valid loss: 4.1148e-01 | Train acc: 0.7809 ± 0.0000 | Valid acc: 0.8346 ± 0.0000 | Valid Power: 0.0005 | Train Power: 0.0005 | patience:  96 | lr: 0.1 | Epoch time: 0.1 |

2024-09-09 04:07:52,496 - INFO -
| Epoch:    190 | Train loss: 4.7753e-01 | Valid loss: 4.2182e-01 | Train acc: 0.7859 ± 0.0000 | Valid acc: 0.8110 ± 0.0000 | Valid Power: 0.0005 | Train Power: 0.0005 | patience:   5 | lr: 0.1 | Epoch time: 0.1 |

2024-09-09 04:07:53,573 - INFO -
| Epoch:    200 | Train loss: 4.7797e-01 | Valid loss: 4.1900e-01 | Train acc: 0.7809 ± 0.0000 | Valid acc: 0.8189 ± 0.0000 | Valid Power: 0.0005 | Train Power: 0.0005 | patience:  15 | lr: 0.1 | Epoch time: 0.1 |

2024-09-09 04:07:54,643 - INFO -
| Epoch:    210 | Train loss: 4.7585e-01 | Valid loss: 4.2114e-01 | Train acc: 0.7758 ± 0.0000 | Valid acc: 0.8110 ± 0.0000 | Valid Power: 0.0005 | Train Power: 0.0005 | patience:  25 | lr: 0.1 | Epoch time: 0.1 |

2024-09-09 04:07:55,719 - INFO -
| Epoch:    220 | Train loss: 4.7371e-01 | Valid loss: 4.2284e-01 | Train acc: 0.7809 ± 0.0000 | Valid acc: 0.8110 ± 0.0000 | Valid Power: 0.0005 | Train Power: 0.0005 | patience:   3 | lr: 0.1 | Epoch time: 0.1 |

2024-09-09 04:07:56,791 - INFO -
| Epoch:    230 | Train loss: 4.7392e-01 | Valid loss: 4.2162e-01 | Train acc: 0.7783 ± 0.0000 | Valid acc: 0.8189 ± 0.0000 | Valid Power: 0.0005 | Train Power: 0.0005 | patience:  13 | lr: 0.1 | Epoch time: 0.1 |

2024-09-09 04:07:57,866 - INFO -
| Epoch:    240 | Train loss: 4.7323e-01 | Valid loss: 4.1720e-01 | Train acc: 0.7783 ± 0.0000 | Valid acc: 0.8110 ± 0.0000 | Valid Power: 0.0005 | Train Power: 0.0005 | patience:  23 | lr: 0.1 | Epoch time: 0.1 |

2024-09-09 04:07:58,939 - INFO -
| Epoch:    250 | Train loss: 4.7232e-01 | Valid loss: 4.1712e-01 | Train acc: 0.7809 ± 0.0000 | Valid acc: 0.8110 ± 0.0000 | Valid Power: 0.0005 | Train Power: 0.0005 | patience:  33 | lr: 0.1 | Epoch time: 0.1 |

2024-09-09 04:08:00,019 - INFO -
| Epoch:    260 | Train loss: 4.7159e-01 | Valid loss: 4.0974e-01 | Train acc: 0.7834 ± 0.0000 | Valid acc: 0.8268 ± 0.0000 | Valid Power: 0.0005 | Train Power: 0.0005 | patience:  43 | lr: 0.1 | Epoch time: 0.1 |

2024-09-09 04:08:01,093 - INFO -
| Epoch:    270 | Train loss: 4.7130e-01 | Valid loss: 4.2094e-01 | Train acc: 0.7834 ± 0.0000 | Valid acc: 0.8110 ± 0.0000 | Valid Power: 0.0005 | Train Power: 0.0005 | patience:  53 | lr: 0.1 | Epoch time: 0.1 |

2024-09-09 04:08:02,166 - INFO -
| Epoch:    280 | Train loss: 4.7329e-01 | Valid loss: 4.0885e-01 | Train acc: 0.7809 ± 0.0000 | Valid acc: 0.8346 ± 0.0000 | Valid Power: 0.0005 | Train Power: 0.0005 | patience:  63 | lr: 0.1 | Epoch time: 0.1 |

2024-09-09 04:08:03,333 - INFO -
| Epoch:    290 | Train loss: 4.7113e-01 | Valid loss: 4.1583e-01 | Train acc: 0.7809 ± 0.0000 | Valid acc: 0.8268 ± 0.0000 | Valid Power: 0.0005 | Train Power: 0.0005 | patience:  73 | lr: 0.1 | Epoch time: 0.1 |

2024-09-09 04:08:04,407 - INFO -
| Epoch:    300 | Train loss: 4.6848e-01 | Valid loss: 4.2341e-01 | Train acc: 0.7859 ± 0.0000 | Valid acc: 0.8110 ± 0.0000 | Valid Power: 0.0005 | Train Power: 0.0005 | patience:  83 | lr: 0.1 | Epoch time: 0.1 |

2024-09-09 04:08:05,480 - INFO -
| Epoch:    310 | Train loss: 4.6774e-01 | Valid loss: 4.1446e-01 | Train acc: 0.7859 ± 0.0000 | Valid acc: 0.8268 ± 0.0000 | Valid Power: 0.0006 | Train Power: 0.0006 | patience:  93 | lr: 0.1 | Epoch time: 0.1 |

2024-09-09 04:08:06,340 - INFO -
load best network to warm start training with lower lr.

2024-09-09 04:08:06,340 - INFO -
lr update to 0.05.

2024-09-09 04:08:06,555 - INFO -
| Epoch:    320 | Train loss: 4.8216e-01 | Valid loss: 4.4416e-01 | Train acc: 0.7708 ± 0.0000 | Valid acc: 0.7874 ± 0.0000 | Valid Power: 0.0005 | Train Power: 0.0005 | patience:   2 | lr: 0.05 | Epoch time: 0.1 |

2024-09-09 04:08:07,629 - INFO -
| Epoch:    330 | Train loss: 4.8625e-01 | Valid loss: 4.1823e-01 | Train acc: 0.8136 ± 0.0000 | Valid acc: 0.8189 ± 0.0000 | Valid Power: 0.0005 | Train Power: 0.0005 | patience:  12 | lr: 0.05 | Epoch time: 0.1 |

2024-09-09 04:08:08,711 - INFO -
| Epoch:    340 | Train loss: 4.7922e-01 | Valid loss: 4.1778e-01 | Train acc: 0.7909 ± 0.0000 | Valid acc: 0.8268 ± 0.0000 | Valid Power: 0.0005 | Train Power: 0.0005 | patience:  22 | lr: 0.05 | Epoch time: 0.1 |

2024-09-09 04:08:09,786 - INFO -
| Epoch:    350 | Train loss: 4.7414e-01 | Valid loss: 4.2277e-01 | Train acc: 0.7960 ± 0.0000 | Valid acc: 0.8268 ± 0.0000 | Valid Power: 0.0005 | Train Power: 0.0005 | patience:  32 | lr: 0.05 | Epoch time: 0.1 |

2024-09-09 04:08:10,862 - INFO -
| Epoch:    360 | Train loss: 4.7329e-01 | Valid loss: 4.2511e-01 | Train acc: 0.7909 ± 0.0000 | Valid acc: 0.8189 ± 0.0000 | Valid Power: 0.0005 | Train Power: 0.0005 | patience:  42 | lr: 0.05 | Epoch time: 0.1 |

2024-09-09 04:08:11,934 - INFO -
| Epoch:    370 | Train loss: 4.7157e-01 | Valid loss: 4.2708e-01 | Train acc: 0.8010 ± 0.0000 | Valid acc: 0.8268 ± 0.0000 | Valid Power: 0.0005 | Train Power: 0.0005 | patience:  52 | lr: 0.05 | Epoch time: 0.1 |

2024-09-09 04:08:13,008 - INFO -
| Epoch:    380 | Train loss: 4.7380e-01 | Valid loss: 4.3150e-01 | Train acc: 0.8010 ± 0.0000 | Valid acc: 0.8268 ± 0.0000 | Valid Power: 0.0006 | Train Power: 0.0006 | patience:  62 | lr: 0.05 | Epoch time: 0.1 |

2024-09-09 04:08:14,082 - INFO -
| Epoch:    390 | Train loss: 4.6965e-01 | Valid loss: 4.2647e-01 | Train acc: 0.8060 ± 0.0000 | Valid acc: 0.8268 ± 0.0000 | Valid Power: 0.0005 | Train Power: 0.0005 | patience:  72 | lr: 0.05 | Epoch time: 0.1 |

2024-09-09 04:08:15,154 - INFO -
| Epoch:    400 | Train loss: 4.6518e-01 | Valid loss: 4.2950e-01 | Train acc: 0.8111 ± 0.0000 | Valid acc: 0.8189 ± 0.0000 | Valid Power: 0.0006 | Train Power: 0.0005 | patience:  82 | lr: 0.05 | Epoch time: 0.1 |

2024-09-09 04:08:16,227 - INFO -
| Epoch:    410 | Train loss: 4.6433e-01 | Valid loss: 4.2705e-01 | Train acc: 0.8136 ± 0.0000 | Valid acc: 0.8268 ± 0.0000 | Valid Power: 0.0006 | Train Power: 0.0006 | patience:  92 | lr: 0.05 | Epoch time: 0.1 |

2024-09-09 04:08:17,194 - INFO -
load best network to warm start training with lower lr.

2024-09-09 04:08:17,194 - INFO -
lr update to 0.025.

2024-09-09 04:08:17,302 - INFO -
| Epoch:    420 | Train loss: 4.7744e-01 | Valid loss: 4.1749e-01 | Train acc: 0.7783 ± 0.0000 | Valid acc: 0.8110 ± 0.0000 | Valid Power: 0.0005 | Train Power: 0.0005 | patience:   1 | lr: 0.025 | Epoch time: 0.1 |

2024-09-09 04:08:18,467 - INFO -
| Epoch:    430 | Train loss: 4.7550e-01 | Valid loss: 4.2063e-01 | Train acc: 0.7834 ± 0.0000 | Valid acc: 0.8031 ± 0.0000 | Valid Power: 0.0005 | Train Power: 0.0005 | patience:  11 | lr: 0.025 | Epoch time: 0.1 |

2024-09-09 04:08:19,541 - INFO -
| Epoch:    440 | Train loss: 4.7477e-01 | Valid loss: 4.2133e-01 | Train acc: 0.7834 ± 0.0000 | Valid acc: 0.8110 ± 0.0000 | Valid Power: 0.0005 | Train Power: 0.0005 | patience:  21 | lr: 0.025 | Epoch time: 0.1 |

2024-09-09 04:08:20,623 - INFO -
| Epoch:    450 | Train loss: 4.7361e-01 | Valid loss: 4.2249e-01 | Train acc: 0.7809 ± 0.0000 | Valid acc: 0.8031 ± 0.0000 | Valid Power: 0.0005 | Train Power: 0.0005 | patience:  31 | lr: 0.025 | Epoch time: 0.1 |

2024-09-09 04:08:21,696 - INFO -
| Epoch:    460 | Train loss: 4.7305e-01 | Valid loss: 4.2527e-01 | Train acc: 0.7809 ± 0.0000 | Valid acc: 0.8031 ± 0.0000 | Valid Power: 0.0005 | Train Power: 0.0005 | patience:  41 | lr: 0.025 | Epoch time: 0.1 |

2024-09-09 04:08:22,770 - INFO -
| Epoch:    470 | Train loss: 4.7275e-01 | Valid loss: 4.2621e-01 | Train acc: 0.7809 ± 0.0000 | Valid acc: 0.8031 ± 0.0000 | Valid Power: 0.0005 | Train Power: 0.0005 | patience:  51 | lr: 0.025 | Epoch time: 0.1 |

2024-09-09 04:08:23,845 - INFO -
| Epoch:    480 | Train loss: 4.7242e-01 | Valid loss: 4.2618e-01 | Train acc: 0.7809 ± 0.0000 | Valid acc: 0.8031 ± 0.0000 | Valid Power: 0.0005 | Train Power: 0.0005 | patience:  61 | lr: 0.025 | Epoch time: 0.1 |

2024-09-09 04:08:24,917 - INFO -
| Epoch:    490 | Train loss: 4.7207e-01 | Valid loss: 4.2548e-01 | Train acc: 0.7859 ± 0.0000 | Valid acc: 0.8031 ± 0.0000 | Valid Power: 0.0005 | Train Power: 0.0005 | patience:  71 | lr: 0.025 | Epoch time: 0.1 |

2024-09-09 04:08:25,990 - INFO -
| Epoch:    500 | Train loss: 4.7173e-01 | Valid loss: 4.2534e-01 | Train acc: 0.7859 ± 0.0000 | Valid acc: 0.8031 ± 0.0000 | Valid Power: 0.0005 | Train Power: 0.0005 | patience:  81 | lr: 0.025 | Epoch time: 0.1 |

2024-09-09 04:08:27,062 - INFO -
| Epoch:    510 | Train loss: 4.7138e-01 | Valid loss: 4.2527e-01 | Train acc: 0.7859 ± 0.0000 | Valid acc: 0.8031 ± 0.0000 | Valid Power: 0.0005 | Train Power: 0.0005 | patience:  91 | lr: 0.025 | Epoch time: 0.1 |

2024-09-09 04:08:28,137 - INFO -
load best network to warm start training with lower lr.

2024-09-09 04:08:28,138 - INFO -
lr update to 0.0125.

2024-09-09 04:08:28,138 - INFO -
| Epoch:    520 | Train loss: 4.7105e-01 | Valid loss: 4.2494e-01 | Train acc: 0.7859 ± 0.0000 | Valid acc: 0.8031 ± 0.0000 | Valid Power: 0.0005 | Train Power: 0.0005 | patience:   0 | lr: 0.0125 | Epoch time: 0.1 |

2024-09-09 04:08:29,209 - INFO -
| Epoch:    530 | Train loss: 4.7293e-01 | Valid loss: 4.1894e-01 | Train acc: 0.7834 ± 0.0000 | Valid acc: 0.8110 ± 0.0000 | Valid Power: 0.0005 | Train Power: 0.0005 | patience:  10 | lr: 0.0125 | Epoch time: 0.1 |

2024-09-09 04:08:30,283 - INFO -
| Epoch:    540 | Train loss: 4.7203e-01 | Valid loss: 4.2089e-01 | Train acc: 0.7834 ± 0.0000 | Valid acc: 0.8110 ± 0.0000 | Valid Power: 0.0005 | Train Power: 0.0005 | patience:  20 | lr: 0.0125 | Epoch time: 0.1 |

2024-09-09 04:08:31,357 - INFO -
| Epoch:    550 | Train loss: 4.7154e-01 | Valid loss: 4.1966e-01 | Train acc: 0.7859 ± 0.0000 | Valid acc: 0.8189 ± 0.0000 | Valid Power: 0.0005 | Train Power: 0.0005 | patience:  30 | lr: 0.0125 | Epoch time: 0.1 |

2024-09-09 04:08:32,430 - INFO -
| Epoch:    560 | Train loss: 4.7115e-01 | Valid loss: 4.1829e-01 | Train acc: 0.7859 ± 0.0000 | Valid acc: 0.8189 ± 0.0000 | Valid Power: 0.0005 | Train Power: 0.0005 | patience:  40 | lr: 0.0125 | Epoch time: 0.1 |

2024-09-09 04:08:33,504 - INFO -
| Epoch:    570 | Train loss: 4.7083e-01 | Valid loss: 4.1811e-01 | Train acc: 0.7859 ± 0.0000 | Valid acc: 0.8189 ± 0.0000 | Valid Power: 0.0005 | Train Power: 0.0005 | patience:  50 | lr: 0.0125 | Epoch time: 0.1 |

2024-09-09 04:08:34,577 - INFO -
| Epoch:    580 | Train loss: 4.7052e-01 | Valid loss: 4.1823e-01 | Train acc: 0.7859 ± 0.0000 | Valid acc: 0.8189 ± 0.0000 | Valid Power: 0.0005 | Train Power: 0.0005 | patience:  60 | lr: 0.0125 | Epoch time: 0.1 |

2024-09-09 04:08:35,649 - INFO -
| Epoch:    590 | Train loss: 4.7021e-01 | Valid loss: 4.1793e-01 | Train acc: 0.7859 ± 0.0000 | Valid acc: 0.8189 ± 0.0000 | Valid Power: 0.0005 | Train Power: 0.0005 | patience:  70 | lr: 0.0125 | Epoch time: 0.1 |

2024-09-09 04:08:36,728 - INFO -
| Epoch:    600 | Train loss: 4.6991e-01 | Valid loss: 4.1753e-01 | Train acc: 0.7859 ± 0.0000 | Valid acc: 0.8189 ± 0.0000 | Valid Power: 0.0005 | Train Power: 0.0005 | patience:  80 | lr: 0.0125 | Epoch time: 0.1 |

2024-09-09 04:08:37,800 - INFO -
| Epoch:    610 | Train loss: 4.6962e-01 | Valid loss: 4.1743e-01 | Train acc: 0.7859 ± 0.0000 | Valid acc: 0.8110 ± 0.0000 | Valid Power: 0.0005 | Train Power: 0.0005 | patience:  90 | lr: 0.0125 | Epoch time: 0.1 |

2024-09-09 04:08:38,872 - INFO -
| Epoch:    620 | Train loss: 4.6933e-01 | Valid loss: 4.1746e-01 | Train acc: 0.7859 ± 0.0000 | Valid acc: 0.8110 ± 0.0000 | Valid Power: 0.0005 | Train Power: 0.0005 | patience: 100 | lr: 0.0125 | Epoch time: 0.1 |

2024-09-09 04:08:38,983 - INFO -
load best network to warm start training with lower lr.

2024-09-09 04:08:38,983 - INFO -
lr update to 0.00625.

2024-09-09 04:08:39,948 - INFO -
| Epoch:    630 | Train loss: 4.7362e-01 | Valid loss: 4.1956e-01 | Train acc: 0.7809 ± 0.0000 | Valid acc: 0.8110 ± 0.0000 | Valid Power: 0.0005 | Train Power: 0.0005 | patience:   9 | lr: 0.00625 | Epoch time: 0.1 |

2024-09-09 04:08:41,019 - INFO -
| Epoch:    640 | Train loss: 4.7296e-01 | Valid loss: 4.1977e-01 | Train acc: 0.7834 ± 0.0000 | Valid acc: 0.8110 ± 0.0000 | Valid Power: 0.0005 | Train Power: 0.0005 | patience:  19 | lr: 0.00625 | Epoch time: 0.1 |

2024-09-09 04:08:42,091 - INFO -
| Epoch:    650 | Train loss: 4.7194e-01 | Valid loss: 4.1738e-01 | Train acc: 0.7809 ± 0.0000 | Valid acc: 0.8189 ± 0.0000 | Valid Power: 0.0005 | Train Power: 0.0005 | patience:  29 | lr: 0.00625 | Epoch time: 0.1 |

2024-09-09 04:08:43,162 - INFO -
| Epoch:    660 | Train loss: 4.7152e-01 | Valid loss: 4.1869e-01 | Train acc: 0.7859 ± 0.0000 | Valid acc: 0.8189 ± 0.0000 | Valid Power: 0.0005 | Train Power: 0.0005 | patience:  39 | lr: 0.00625 | Epoch time: 0.1 |

2024-09-09 04:08:44,328 - INFO -
| Epoch:    670 | Train loss: 4.7138e-01 | Valid loss: 4.1968e-01 | Train acc: 0.7859 ± 0.0000 | Valid acc: 0.8189 ± 0.0000 | Valid Power: 0.0005 | Train Power: 0.0005 | patience:  49 | lr: 0.00625 | Epoch time: 0.1 |

2024-09-09 04:08:45,401 - INFO -
| Epoch:    680 | Train loss: 4.7117e-01 | Valid loss: 4.1769e-01 | Train acc: 0.7834 ± 0.0000 | Valid acc: 0.8189 ± 0.0000 | Valid Power: 0.0005 | Train Power: 0.0005 | patience:  59 | lr: 0.00625 | Epoch time: 0.1 |

2024-09-09 04:08:46,474 - INFO -
| Epoch:    690 | Train loss: 4.7098e-01 | Valid loss: 4.1744e-01 | Train acc: 0.7834 ± 0.0000 | Valid acc: 0.8189 ± 0.0000 | Valid Power: 0.0005 | Train Power: 0.0005 | patience:  69 | lr: 0.00625 | Epoch time: 0.1 |

2024-09-09 04:08:47,548 - INFO -
| Epoch:    700 | Train loss: 4.7079e-01 | Valid loss: 4.1745e-01 | Train acc: 0.7834 ± 0.0000 | Valid acc: 0.8189 ± 0.0000 | Valid Power: 0.0005 | Train Power: 0.0005 | patience:  79 | lr: 0.00625 | Epoch time: 0.1 |

2024-09-09 04:08:48,621 - INFO -
| Epoch:    710 | Train loss: 4.7061e-01 | Valid loss: 4.1705e-01 | Train acc: 0.7834 ± 0.0000 | Valid acc: 0.8189 ± 0.0000 | Valid Power: 0.0005 | Train Power: 0.0005 | patience:  89 | lr: 0.00625 | Epoch time: 0.1 |

2024-09-09 04:08:49,695 - INFO -
| Epoch:    720 | Train loss: 4.7043e-01 | Valid loss: 4.1691e-01 | Train acc: 0.7834 ± 0.0000 | Valid acc: 0.8189 ± 0.0000 | Valid Power: 0.0005 | Train Power: 0.0005 | patience:  99 | lr: 0.00625 | Epoch time: 0.1 |

2024-09-09 04:08:49,912 - INFO -
load best network to warm start training with lower lr.

2024-09-09 04:08:49,913 - INFO -
lr update to 0.003125.

2024-09-09 04:08:50,775 - INFO -
| Epoch:    730 | Train loss: 4.7312e-01 | Valid loss: 4.1470e-01 | Train acc: 0.7834 ± 0.0000 | Valid acc: 0.8189 ± 0.0000 | Valid Power: 0.0005 | Train Power: 0.0005 | patience:   7 | lr: 0.003125 | Epoch time: 0.1 |

2024-09-09 04:08:51,848 - INFO -
| Epoch:    740 | Train loss: 4.7316e-01 | Valid loss: 4.1721e-01 | Train acc: 0.7834 ± 0.0000 | Valid acc: 0.8189 ± 0.0000 | Valid Power: 0.0005 | Train Power: 0.0005 | patience:  17 | lr: 0.003125 | Epoch time: 0.1 |

2024-09-09 04:08:52,921 - INFO -
| Epoch:    750 | Train loss: 4.7225e-01 | Valid loss: 4.1398e-01 | Train acc: 0.7834 ± 0.0000 | Valid acc: 0.8268 ± 0.0000 | Valid Power: 0.0005 | Train Power: 0.0005 | patience:  27 | lr: 0.003125 | Epoch time: 0.1 |

2024-09-09 04:08:53,996 - INFO -
| Epoch:    760 | Train loss: 4.7192e-01 | Valid loss: 4.1801e-01 | Train acc: 0.7834 ± 0.0000 | Valid acc: 0.8189 ± 0.0000 | Valid Power: 0.0005 | Train Power: 0.0005 | patience:  37 | lr: 0.003125 | Epoch time: 0.1 |

2024-09-09 04:08:55,076 - INFO -
| Epoch:    770 | Train loss: 4.7173e-01 | Valid loss: 4.1800e-01 | Train acc: 0.7834 ± 0.0000 | Valid acc: 0.8189 ± 0.0000 | Valid Power: 0.0005 | Train Power: 0.0005 | patience:  47 | lr: 0.003125 | Epoch time: 0.1 |

2024-09-09 04:08:56,147 - INFO -
| Epoch:    780 | Train loss: 4.7160e-01 | Valid loss: 4.1799e-01 | Train acc: 0.7859 ± 0.0000 | Valid acc: 0.8189 ± 0.0000 | Valid Power: 0.0005 | Train Power: 0.0005 | patience:  57 | lr: 0.003125 | Epoch time: 0.1 |

2024-09-09 04:08:57,219 - INFO -
| Epoch:    790 | Train loss: 4.7149e-01 | Valid loss: 4.1821e-01 | Train acc: 0.7859 ± 0.0000 | Valid acc: 0.8189 ± 0.0000 | Valid Power: 0.0005 | Train Power: 0.0005 | patience:  67 | lr: 0.003125 | Epoch time: 0.1 |

2024-09-09 04:08:58,291 - INFO -
| Epoch:    800 | Train loss: 4.7138e-01 | Valid loss: 4.1785e-01 | Train acc: 0.7834 ± 0.0000 | Valid acc: 0.8189 ± 0.0000 | Valid Power: 0.0005 | Train Power: 0.0005 | patience:  77 | lr: 0.003125 | Epoch time: 0.1 |

2024-09-09 04:08:59,457 - INFO -
| Epoch:    810 | Train loss: 4.7127e-01 | Valid loss: 4.1793e-01 | Train acc: 0.7859 ± 0.0000 | Valid acc: 0.8189 ± 0.0000 | Valid Power: 0.0005 | Train Power: 0.0005 | patience:  87 | lr: 0.003125 | Epoch time: 0.1 |

2024-09-09 04:09:00,530 - INFO -
| Epoch:    820 | Train loss: 4.7117e-01 | Valid loss: 4.1758e-01 | Train acc: 0.7834 ± 0.0000 | Valid acc: 0.8189 ± 0.0000 | Valid Power: 0.0005 | Train Power: 0.0005 | patience:  97 | lr: 0.003125 | Epoch time: 0.1 |

2024-09-09 04:09:00,962 - INFO -
load best network to warm start training with lower lr.

2024-09-09 04:09:00,962 - INFO -
lr update to 0.0015625.

2024-09-09 04:09:01,604 - INFO -
| Epoch:    830 | Train loss: 4.7274e-01 | Valid loss: 4.1133e-01 | Train acc: 0.7834 ± 0.0000 | Valid acc: 0.8268 ± 0.0000 | Valid Power: 0.0005 | Train Power: 0.0005 | patience:   6 | lr: 0.0015625 | Epoch time: 0.1 |

2024-09-09 04:09:02,676 - INFO -
| Epoch:    840 | Train loss: 4.7286e-01 | Valid loss: 4.1461e-01 | Train acc: 0.7834 ± 0.0000 | Valid acc: 0.8189 ± 0.0000 | Valid Power: 0.0005 | Train Power: 0.0005 | patience:  16 | lr: 0.0015625 | Epoch time: 0.1 |

2024-09-09 04:09:03,749 - INFO -
| Epoch:    850 | Train loss: 4.7242e-01 | Valid loss: 4.1400e-01 | Train acc: 0.7834 ± 0.0000 | Valid acc: 0.8268 ± 0.0000 | Valid Power: 0.0005 | Train Power: 0.0005 | patience:  26 | lr: 0.0015625 | Epoch time: 0.1 |

2024-09-09 04:09:04,820 - INFO -
| Epoch:    860 | Train loss: 4.7234e-01 | Valid loss: 4.1344e-01 | Train acc: 0.7834 ± 0.0000 | Valid acc: 0.8268 ± 0.0000 | Valid Power: 0.0005 | Train Power: 0.0005 | patience:  36 | lr: 0.0015625 | Epoch time: 0.1 |

2024-09-09 04:09:05,890 - INFO -
| Epoch:    870 | Train loss: 4.7213e-01 | Valid loss: 4.1546e-01 | Train acc: 0.7834 ± 0.0000 | Valid acc: 0.8189 ± 0.0000 | Valid Power: 0.0005 | Train Power: 0.0005 | patience:  46 | lr: 0.0015625 | Epoch time: 0.1 |

2024-09-09 04:09:06,960 - INFO -
| Epoch:    880 | Train loss: 4.7197e-01 | Valid loss: 4.1632e-01 | Train acc: 0.7834 ± 0.0000 | Valid acc: 0.8189 ± 0.0000 | Valid Power: 0.0005 | Train Power: 0.0005 | patience:  56 | lr: 0.0015625 | Epoch time: 0.1 |

2024-09-09 04:09:08,028 - INFO -
| Epoch:    890 | Train loss: 4.7184e-01 | Valid loss: 4.1644e-01 | Train acc: 0.7834 ± 0.0000 | Valid acc: 0.8189 ± 0.0000 | Valid Power: 0.0005 | Train Power: 0.0005 | patience:  66 | lr: 0.0015625 | Epoch time: 0.1 |

2024-09-09 04:09:09,097 - INFO -
| Epoch:    900 | Train loss: 4.7173e-01 | Valid loss: 4.1685e-01 | Train acc: 0.7834 ± 0.0000 | Valid acc: 0.8189 ± 0.0000 | Valid Power: 0.0005 | Train Power: 0.0005 | patience:  76 | lr: 0.0015625 | Epoch time: 0.1 |

2024-09-09 04:09:10,168 - INFO -
| Epoch:    910 | Train loss: 4.7164e-01 | Valid loss: 4.1711e-01 | Train acc: 0.7859 ± 0.0000 | Valid acc: 0.8189 ± 0.0000 | Valid Power: 0.0005 | Train Power: 0.0005 | patience:  86 | lr: 0.0015625 | Epoch time: 0.1 |

2024-09-09 04:09:11,237 - INFO -
| Epoch:    920 | Train loss: 4.7157e-01 | Valid loss: 4.1714e-01 | Train acc: 0.7859 ± 0.0000 | Valid acc: 0.8189 ± 0.0000 | Valid Power: 0.0005 | Train Power: 0.0005 | patience:  96 | lr: 0.0015625 | Epoch time: 0.1 |

2024-09-09 04:09:11,775 - INFO -
load best network to warm start training with lower lr.

2024-09-09 04:09:11,775 - INFO -
lr update to 0.00078125.

2024-09-09 04:09:12,310 - INFO -
| Epoch:    930 | Train loss: 4.7418e-01 | Valid loss: 4.0849e-01 | Train acc: 0.7783 ± 0.0000 | Valid acc: 0.8268 ± 0.0000 | Valid Power: 0.0005 | Train Power: 0.0005 | patience:   5 | lr: 0.00078125 | Epoch time: 0.1 |

2024-09-09 04:09:13,383 - INFO -
| Epoch:    940 | Train loss: 4.7260e-01 | Valid loss: 4.1250e-01 | Train acc: 0.7834 ± 0.0000 | Valid acc: 0.8268 ± 0.0000 | Valid Power: 0.0005 | Train Power: 0.0005 | patience:  15 | lr: 0.00078125 | Epoch time: 0.1 |

2024-09-09 04:09:14,448 - INFO -
| Epoch:    950 | Train loss: 4.7266e-01 | Valid loss: 4.1374e-01 | Train acc: 0.7834 ± 0.0000 | Valid acc: 0.8189 ± 0.0000 | Valid Power: 0.0005 | Train Power: 0.0005 | patience:  25 | lr: 0.00078125 | Epoch time: 0.1 |

2024-09-09 04:09:15,517 - INFO -
| Epoch:    960 | Train loss: 4.7253e-01 | Valid loss: 4.1384e-01 | Train acc: 0.7834 ± 0.0000 | Valid acc: 0.8189 ± 0.0000 | Valid Power: 0.0005 | Train Power: 0.0005 | patience:  35 | lr: 0.00078125 | Epoch time: 0.1 |

2024-09-09 04:09:16,585 - INFO -
| Epoch:    970 | Train loss: 4.7244e-01 | Valid loss: 4.1338e-01 | Train acc: 0.7834 ± 0.0000 | Valid acc: 0.8268 ± 0.0000 | Valid Power: 0.0005 | Train Power: 0.0005 | patience:  45 | lr: 0.00078125 | Epoch time: 0.1 |

2024-09-09 04:09:17,653 - INFO -
| Epoch:    980 | Train loss: 4.7240e-01 | Valid loss: 4.1347e-01 | Train acc: 0.7834 ± 0.0000 | Valid acc: 0.8268 ± 0.0000 | Valid Power: 0.0005 | Train Power: 0.0005 | patience:  55 | lr: 0.00078125 | Epoch time: 0.1 |

2024-09-09 04:09:18,730 - INFO -
| Epoch:    990 | Train loss: 4.7228e-01 | Valid loss: 4.1356e-01 | Train acc: 0.7834 ± 0.0000 | Valid acc: 0.8268 ± 0.0000 | Valid Power: 0.0005 | Train Power: 0.0005 | patience:  65 | lr: 0.00078125 | Epoch time: 0.1 |

2024-09-09 04:09:19,799 - INFO -
| Epoch:   1000 | Train loss: 4.7218e-01 | Valid loss: 4.1434e-01 | Train acc: 0.7834 ± 0.0000 | Valid acc: 0.8189 ± 0.0000 | Valid Power: 0.0005 | Train Power: 0.0005 | patience:  75 | lr: 0.00078125 | Epoch time: 0.1 |

2024-09-09 04:09:20,868 - INFO -
| Epoch:   1010 | Train loss: 4.7208e-01 | Valid loss: 4.1475e-01 | Train acc: 0.7834 ± 0.0000 | Valid acc: 0.8189 ± 0.0000 | Valid Power: 0.0005 | Train Power: 0.0005 | patience:  85 | lr: 0.00078125 | Epoch time: 0.1 |

2024-09-09 04:09:21,935 - INFO -
| Epoch:   1020 | Train loss: 4.7199e-01 | Valid loss: 4.1518e-01 | Train acc: 0.7834 ± 0.0000 | Valid acc: 0.8189 ± 0.0000 | Valid Power: 0.0005 | Train Power: 0.0005 | patience:  95 | lr: 0.00078125 | Epoch time: 0.1 |

2024-09-09 04:09:22,580 - INFO -
load best network to warm start training with lower lr.

2024-09-09 04:09:22,580 - INFO -
lr update to 0.000390625.

2024-09-09 04:09:23,008 - INFO -
| Epoch:   1030 | Train loss: 4.7537e-01 | Valid loss: 4.0666e-01 | Train acc: 0.7783 ± 0.0000 | Valid acc: 0.8268 ± 0.0000 | Valid Power: 0.0005 | Train Power: 0.0005 | patience:   4 | lr: 0.000390625 | Epoch time: 0.1 |

2024-09-09 04:09:24,092 - INFO -
| Epoch:   1040 | Train loss: 4.7327e-01 | Valid loss: 4.0915e-01 | Train acc: 0.7783 ± 0.0000 | Valid acc: 0.8189 ± 0.0000 | Valid Power: 0.0005 | Train Power: 0.0005 | patience:  14 | lr: 0.000390625 | Epoch time: 0.1 |

2024-09-09 04:09:25,341 - INFO -
| Epoch:   1050 | Train loss: 4.7267e-01 | Valid loss: 4.1121e-01 | Train acc: 0.7834 ± 0.0000 | Valid acc: 0.8268 ± 0.0000 | Valid Power: 0.0005 | Train Power: 0.0005 | patience:  24 | lr: 0.000390625 | Epoch time: 0.1 |

2024-09-09 04:09:26,450 - INFO -
| Epoch:   1060 | Train loss: 4.7258e-01 | Valid loss: 4.1245e-01 | Train acc: 0.7834 ± 0.0000 | Valid acc: 0.8268 ± 0.0000 | Valid Power: 0.0005 | Train Power: 0.0005 | patience:  34 | lr: 0.000390625 | Epoch time: 0.1 |

2024-09-09 04:09:27,559 - INFO -
| Epoch:   1070 | Train loss: 4.7256e-01 | Valid loss: 4.1295e-01 | Train acc: 0.7859 ± 0.0000 | Valid acc: 0.8268 ± 0.0000 | Valid Power: 0.0005 | Train Power: 0.0005 | patience:  44 | lr: 0.000390625 | Epoch time: 0.1 |

2024-09-09 04:09:28,666 - INFO -
| Epoch:   1080 | Train loss: 4.7254e-01 | Valid loss: 4.1312e-01 | Train acc: 0.7834 ± 0.0000 | Valid acc: 0.8268 ± 0.0000 | Valid Power: 0.0005 | Train Power: 0.0005 | patience:  54 | lr: 0.000390625 | Epoch time: 0.1 |

2024-09-09 04:09:29,775 - INFO -
| Epoch:   1090 | Train loss: 4.7251e-01 | Valid loss: 4.1314e-01 | Train acc: 0.7834 ± 0.0000 | Valid acc: 0.8268 ± 0.0000 | Valid Power: 0.0005 | Train Power: 0.0005 | patience:  64 | lr: 0.000390625 | Epoch time: 0.1 |

2024-09-09 04:09:30,885 - INFO -
| Epoch:   1100 | Train loss: 4.7248e-01 | Valid loss: 4.1317e-01 | Train acc: 0.7834 ± 0.0000 | Valid acc: 0.8268 ± 0.0000 | Valid Power: 0.0005 | Train Power: 0.0005 | patience:  74 | lr: 0.000390625 | Epoch time: 0.1 |

2024-09-09 04:09:31,994 - INFO -
| Epoch:   1110 | Train loss: 4.7245e-01 | Valid loss: 4.1322e-01 | Train acc: 0.7834 ± 0.0000 | Valid acc: 0.8268 ± 0.0000 | Valid Power: 0.0005 | Train Power: 0.0005 | patience:  84 | lr: 0.000390625 | Epoch time: 0.1 |

2024-09-09 04:09:33,105 - INFO -
| Epoch:   1120 | Train loss: 4.7243e-01 | Valid loss: 4.1332e-01 | Train acc: 0.7834 ± 0.0000 | Valid acc: 0.8268 ± 0.0000 | Valid Power: 0.0005 | Train Power: 0.0005 | patience:  94 | lr: 0.000390625 | Epoch time: 0.1 |

2024-09-09 04:09:33,884 - INFO -
load best network to warm start training with lower lr.

2024-09-09 04:09:33,884 - INFO -
lr update to 0.0001953125.

2024-09-09 04:09:34,219 - INFO -
| Epoch:   1130 | Train loss: 4.7582e-01 | Valid loss: 4.0573e-01 | Train acc: 0.7783 ± 0.0000 | Valid acc: 0.8268 ± 0.0000 | Valid Power: 0.0005 | Train Power: 0.0005 | patience:   3 | lr: 0.0001953125 | Epoch time: 0.1 |

2024-09-09 04:09:35,285 - INFO -
| Epoch:   1140 | Train loss: 4.7463e-01 | Valid loss: 4.0745e-01 | Train acc: 0.7783 ± 0.0000 | Valid acc: 0.8268 ± 0.0000 | Valid Power: 0.0005 | Train Power: 0.0005 | patience:  13 | lr: 0.0001953125 | Epoch time: 0.1 |

2024-09-09 04:09:36,332 - INFO -
| Epoch:   1150 | Train loss: 4.7356e-01 | Valid loss: 4.0861e-01 | Train acc: 0.7783 ± 0.0000 | Valid acc: 0.8189 ± 0.0000 | Valid Power: 0.0005 | Train Power: 0.0005 | patience:  23 | lr: 0.0001953125 | Epoch time: 0.1 |

2024-09-09 04:09:37,377 - INFO -
| Epoch:   1160 | Train loss: 4.7300e-01 | Valid loss: 4.0961e-01 | Train acc: 0.7783 ± 0.0000 | Valid acc: 0.8189 ± 0.0000 | Valid Power: 0.0005 | Train Power: 0.0005 | patience:  33 | lr: 0.0001953125 | Epoch time: 0.1 |

2024-09-09 04:09:38,418 - INFO -
| Epoch:   1170 | Train loss: 4.7277e-01 | Valid loss: 4.1054e-01 | Train acc: 0.7834 ± 0.0000 | Valid acc: 0.8268 ± 0.0000 | Valid Power: 0.0005 | Train Power: 0.0005 | patience:  43 | lr: 0.0001953125 | Epoch time: 0.1 |

2024-09-09 04:09:39,462 - INFO -
| Epoch:   1180 | Train loss: 4.7266e-01 | Valid loss: 4.1113e-01 | Train acc: 0.7834 ± 0.0000 | Valid acc: 0.8268 ± 0.0000 | Valid Power: 0.0005 | Train Power: 0.0005 | patience:  53 | lr: 0.0001953125 | Epoch time: 0.1 |

2024-09-09 04:09:40,612 - INFO -
| Epoch:   1190 | Train loss: 4.7261e-01 | Valid loss: 4.1161e-01 | Train acc: 0.7834 ± 0.0000 | Valid acc: 0.8268 ± 0.0000 | Valid Power: 0.0005 | Train Power: 0.0005 | patience:  63 | lr: 0.0001953125 | Epoch time: 0.1 |

2024-09-09 04:09:41,654 - INFO -
| Epoch:   1200 | Train loss: 4.7258e-01 | Valid loss: 4.1197e-01 | Train acc: 0.7834 ± 0.0000 | Valid acc: 0.8268 ± 0.0000 | Valid Power: 0.0005 | Train Power: 0.0005 | patience:  73 | lr: 0.0001953125 | Epoch time: 0.1 |

2024-09-09 04:09:42,720 - INFO -
| Epoch:   1210 | Train loss: 4.7256e-01 | Valid loss: 4.1221e-01 | Train acc: 0.7859 ± 0.0000 | Valid acc: 0.8268 ± 0.0000 | Valid Power: 0.0005 | Train Power: 0.0005 | patience:  83 | lr: 0.0001953125 | Epoch time: 0.1 |

2024-09-09 04:09:43,729 - INFO -
| Epoch:   1220 | Train loss: 4.7255e-01 | Valid loss: 4.1241e-01 | Train acc: 0.7859 ± 0.0000 | Valid acc: 0.8268 ± 0.0000 | Valid Power: 0.0005 | Train Power: 0.0005 | patience:  93 | lr: 0.0001953125 | Epoch time: 0.1 |

2024-09-09 04:09:44,536 - INFO -
load best network to warm start training with lower lr.

2024-09-09 04:09:44,537 - INFO -
lr update to 9.765625e-05.

2024-09-09 04:09:44,537 - INFO -
Early stop.

2024-09-09 04:09:44,544 - INFO -
Training if finished.

2024-09-09 16:19:07,213 - INFO -
Configuration: 
gmin                0.01
gmax                10.0
T                   0.1
m                   0.3
type_nonlinear      normal
act                 tanh
ACT_R1n             12.7865
ACT_R2n             -3.1871
ACT_W1n             -10.4537
ACT_L1n             10.546
ACT_W2n             -5.8496
ACT_L2n             4.2337
S_R1n               -11.7481
S_R2n               -0.3905
S_W1n               -9.169
S_L1n               0.3913
S_W2n               7.2004
S_L2n               15.5558
ReLU_RHn            -1.9557
ReLU_RLn            -20.1581
ReLU_RDn            16.6486
ReLU_RBn            -14.3472
ReLU_Wn             16.655
ReLU_Ln             -21.7591
HS_Rn               -0.3766
HS_Wn               0.5192
HS_Ln               4.6293
NEG_R1n             -7.0846
NEG_R2n             -2.5695
NEG_R3n             16.1542
NEG_W1n             13.8696
NEG_L1n             2.7635
NEG_W2n             1.2674
NEG_L2n             -10.4803
NEG_W3n             -6.4386
NEG_L3n             5.1005
task                normal
DATASET             7
DataPath            ./dataset
InputNoise          0.0
IN_test             0.0
R_train             1
R_test              1
N_time              32
pathnorm            False
hidden              [3]
skipconnection      False
SEED                1
DEVICE              cpu
PATIENCE            500
EPOCH               10000000000
LR                  0.1
PROGRESSIVE         True
LR_PATIENCE         100
LR_DECAY            0.5
LR_MIN              0.0001
metric              acc
SoftEva             True
TIMELIMITATION      71
MODE                nominal
M_train             1
K_train             1
M_test              1
K_test              1
t_test_max          1
integration         MC
N_train             1
e_train             0.0
N_test              100
e_test              0.1
e_fault             2
fault_ratio         0.0
N_fault             50
e_fault_test        0
N_fault_test        50
dropout             0.0
lagrangian_loss     False
rho                 100
powerestimator      none
powerbalance        0.0
estimatorbalance    0.0
pgmin               1e-07
power_ratio         1000
lambda_P            100
areaestimator       none
areabalance         0.0
area_theta          0.15
area_act            30.0
area_neg            22.7
lambda_A            0.001
lnc                 False
projectname         tanh_0_FaultAnalysisNormal
temppath            ./tanh_0_FaultAnalysisNormal/temp/
logfilepath         ./tanh_0_FaultAnalysisNormal/log/
report_freq         10
recording           False
recordpath          ./tanh_0_FaultAnalysisNormal/record/
savepath            ./tanh_0_FaultAnalysisNormal/models/
loglevel            info


2024-09-09 16:19:07,220 - INFO -
Training network on device: cpu.

2024-09-09 16:19:07,220 - INFO -
Training setup: data_07_mammographic_seed_01_epsilon_0.0_dropout_0.0_fault_ratio_0.0.model.

2024-09-09 16:19:07,221 - INFO -
{'dataname': 'mammographic', 'N_feature': 5, 'N_class': 2, 'N_train': 397, 'N_valid': 127, 'N_test': 79}

2024-09-09 16:19:07,228 - INFO -
Training was already finished.

2024-09-11 18:17:02,071 - INFO -
Configuration: 
gmin                0.01
gmax                10.0
T                   0.1
m                   0.3
type_nonlinear      normal
act                 tanh
ACT_R1n             12.7865
ACT_R2n             -3.1871
ACT_W1n             -10.4537
ACT_L1n             10.546
ACT_W2n             -5.8496
ACT_L2n             4.2337
S_R1n               -11.7481
S_R2n               -0.3905
S_W1n               -9.169
S_L1n               0.3913
S_W2n               7.2004
S_L2n               15.5558
ReLU_RHn            -1.9557
ReLU_RLn            -20.1581
ReLU_RDn            16.6486
ReLU_RBn            -14.3472
ReLU_Wn             16.655
ReLU_Ln             -21.7591
HS_Rn               -0.3766
HS_Wn               0.5192
HS_Ln               4.6293
NEG_R1n             -7.0846
NEG_R2n             -2.5695
NEG_R3n             16.1542
NEG_W1n             13.8696
NEG_L1n             2.7635
NEG_W2n             1.2674
NEG_L2n             -10.4803
NEG_W3n             -6.4386
NEG_L3n             5.1005
task                normal
DATASET             7
DataPath            ./dataset
InputNoise          0.0
IN_test             0.0
R_train             1
R_test              1
N_time              32
pathnorm            False
hidden              [3]
skipconnection      False
SEED                1
DEVICE              cpu
PATIENCE            500
EPOCH               10000000000
LR                  0.1
PROGRESSIVE         True
LR_PATIENCE         100
LR_DECAY            0.5
LR_MIN              0.0001
metric              acc
SoftEva             True
TIMELIMITATION      71
MODE                nominal
M_train             1
K_train             1
M_test              1
K_test              1
t_test_max          1
integration         MC
N_train             1
e_train             0.0
N_test              100
e_test              0.1
e_fault             2
fault_ratio         0.0
N_fault             50
e_fault_test        0
N_fault_test        50
dropout             0.0
lagrangian_loss     False
rho                 100
powerestimator      none
powerbalance        0.0
estimatorbalance    0.0
pgmin               1e-07
power_ratio         1000
lambda_P            100
areaestimator       none
areabalance         0.0
area_theta          0.15
area_act            30.0
area_neg            22.7
lambda_A            0.001
lnc                 False
projectname         tanh_0_FaultAnalysisNormal
temppath            ./tanh_0_FaultAnalysisNormal/temp/
logfilepath         ./tanh_0_FaultAnalysisNormal/log/
report_freq         10
recording           False
recordpath          ./tanh_0_FaultAnalysisNormal/record/
savepath            ./tanh_0_FaultAnalysisNormal/models/
loglevel            info


2024-09-11 18:17:02,093 - INFO -
Training network on device: cpu.

2024-09-11 18:17:02,094 - INFO -
Training setup: data_07_mammographic_seed_01_epsilon_0.0_dropout_0.0_fault_ratio_0.0.model.

2024-09-11 18:17:02,094 - INFO -
{'dataname': 'mammographic', 'N_feature': 5, 'N_class': 2, 'N_train': 397, 'N_valid': 127, 'N_test': 79}

2024-09-11 18:17:02,094 - INFO -
Training was already finished.

2024-09-12 04:38:03,708 - INFO -
Configuration: 
gmin                0.01
gmax                10.0
T                   0.1
m                   0.3
type_nonlinear      normal
act                 tanh
ACT_R1n             12.7865
ACT_R2n             -3.1871
ACT_W1n             -10.4537
ACT_L1n             10.546
ACT_W2n             -5.8496
ACT_L2n             4.2337
S_R1n               -11.7481
S_R2n               -0.3905
S_W1n               -9.169
S_L1n               0.3913
S_W2n               7.2004
S_L2n               15.5558
ReLU_RHn            -1.9557
ReLU_RLn            -20.1581
ReLU_RDn            16.6486
ReLU_RBn            -14.3472
ReLU_Wn             16.655
ReLU_Ln             -21.7591
HS_Rn               -0.3766
HS_Wn               0.5192
HS_Ln               4.6293
NEG_R1n             -7.0846
NEG_R2n             -2.5695
NEG_R3n             16.1542
NEG_W1n             13.8696
NEG_L1n             2.7635
NEG_W2n             1.2674
NEG_L2n             -10.4803
NEG_W3n             -6.4386
NEG_L3n             5.1005
task                normal
DATASET             7
DataPath            ./dataset
InputNoise          0.0
IN_test             0.0
R_train             1
R_test              1
N_time              32
pathnorm            False
hidden              [3]
skipconnection      False
SEED                1
DEVICE              cpu
PATIENCE            500
EPOCH               10000000000
LR                  0.1
PROGRESSIVE         True
LR_PATIENCE         100
LR_DECAY            0.5
LR_MIN              0.0001
metric              acc
SoftEva             True
TIMELIMITATION      71
MODE                nominal
M_train             1
K_train             1
M_test              1
K_test              1
t_test_max          1
integration         MC
N_train             1
e_train             0.0
N_test              100
e_test              0.1
e_fault             2
fault_ratio         0.0
N_fault             50
e_fault_test        0
N_fault_test        50
dropout             0.0
lagrangian_loss     False
rho                 100
powerestimator      none
powerbalance        0.0
estimatorbalance    0.0
pgmin               1e-07
power_ratio         1000
lambda_P            100
areaestimator       none
areabalance         0.0
area_theta          0.15
area_act            30.0
area_neg            22.7
lambda_A            0.001
lnc                 False
projectname         tanh_0_FaultAnalysisNormal
temppath            ./tanh_0_FaultAnalysisNormal/temp/
logfilepath         ./tanh_0_FaultAnalysisNormal/log/
report_freq         10
recording           False
recordpath          ./tanh_0_FaultAnalysisNormal/record/
savepath            ./tanh_0_FaultAnalysisNormal/models/
loglevel            info


2024-09-12 04:38:03,726 - INFO -
Training network on device: cpu.

2024-09-12 04:38:03,726 - INFO -
Training setup: data_07_mammographic_seed_01_epsilon_0.0_dropout_0.0_fault_ratio_0.0.model.

2024-09-12 04:38:03,726 - INFO -
{'dataname': 'mammographic', 'N_feature': 5, 'N_class': 2, 'N_train': 397, 'N_valid': 127, 'N_test': 79}

2024-09-12 04:38:03,727 - INFO -
Training was already finished.

