2024-09-09 23:57:35,026 - INFO -
Configuration: 
gmin                0.01
gmax                10.0
T                   0.1
m                   0.3
type_nonlinear      normal
act                 tanh
ACT_R1n             12.7865
ACT_R2n             -3.1871
ACT_W1n             -10.4537
ACT_L1n             10.546
ACT_W2n             -5.8496
ACT_L2n             4.2337
S_R1n               -11.7481
S_R2n               -0.3905
S_W1n               -9.169
S_L1n               0.3913
S_W2n               7.2004
S_L2n               15.5558
ReLU_RHn            -1.9557
ReLU_RLn            -20.1581
ReLU_RDn            16.6486
ReLU_RBn            -14.3472
ReLU_Wn             16.655
ReLU_Ln             -21.7591
HS_Rn               -0.3766
HS_Wn               0.5192
HS_Ln               4.6293
NEG_R1n             -7.0846
NEG_R2n             -2.5695
NEG_R3n             16.1542
NEG_W1n             13.8696
NEG_L1n             2.7635
NEG_W2n             1.2674
NEG_L2n             -10.4803
NEG_W3n             -6.4386
NEG_L3n             5.1005
task                normal
DATASET             8
DataPath            ./dataset
InputNoise          0.0
IN_test             0.0
R_train             1
R_test              1
N_time              32
pathnorm            False
hidden              [3]
skipconnection      False
SEED                1
DEVICE              cpu
PATIENCE            500
EPOCH               10000000000
LR                  0.1
PROGRESSIVE         True
LR_PATIENCE         100
LR_DECAY            0.5
LR_MIN              0.0001
metric              acc
SoftEva             True
TIMELIMITATION      71
MODE                nominal
M_train             1
K_train             1
M_test              1
K_test              1
t_test_max          1
integration         MC
N_train             1
e_train             0.0
N_test              100
e_test              0.1
e_fault             2
fault_ratio         0.0
N_fault             50
e_fault_test        0
N_fault_test        50
dropout             0.0
lagrangian_loss     False
rho                 100
powerestimator      none
powerbalance        0.0
estimatorbalance    0.0
pgmin               1e-07
power_ratio         1000
lambda_P            100
areaestimator       none
areabalance         0.0
area_theta          0.15
area_act            30.0
area_neg            22.7
lambda_A            0.001
lnc                 False
projectname         tanh_0_FaultAnalysisNormal
temppath            ./tanh_0_FaultAnalysisNormal/temp/
logfilepath         ./tanh_0_FaultAnalysisNormal/log/
report_freq         10
recording           False
recordpath          ./tanh_0_FaultAnalysisNormal/record/
savepath            ./tanh_0_FaultAnalysisNormal/models/
loglevel            info


2024-09-09 23:57:35,026 - INFO -
Training network on device: cpu.

2024-09-09 23:57:35,026 - INFO -
Training setup: data_08_pendigits_seed_01_epsilon_0.0_dropout_0.0_fault_ratio_0.0.model.

2024-09-09 23:57:35,026 - INFO -
{'dataname': 'pendigits', 'N_feature': 16, 'N_class': 10, 'N_train': 397, 'N_valid': 127, 'N_test': 79}

2024-09-09 23:57:35,026 - INFO -
Topology of the network: [16, 3, 10].

2024-09-09 23:57:36,667 - INFO -
| Epoch:      0 | Train loss: 2.3026e+00 | Valid loss: 2.3325e+00 | Train acc: 0.0756 ± 0.0000 | Valid acc: 0.0866 ± 0.0000 | Valid Power: 0.0017 | Train Power: 0.0010 | patience:   0 | lr: 0.1 | Epoch time: 0.2 |

2024-09-09 23:57:38,660 - INFO -
| Epoch:     10 | Train loss: 2.1722e+00 | Valid loss: 2.1986e+00 | Train acc: 0.1814 ± 0.0000 | Valid acc: 0.1890 ± 0.0000 | Valid Power: 0.0020 | Train Power: 0.0021 | patience:   0 | lr: 0.1 | Epoch time: 0.2 |

2024-09-09 23:57:40,643 - INFO -
| Epoch:     20 | Train loss: 2.0858e+00 | Valid loss: 2.1557e+00 | Train acc: 0.2343 ± 0.0000 | Valid acc: 0.2126 ± 0.0000 | Valid Power: 0.0020 | Train Power: 0.0023 | patience:   0 | lr: 0.1 | Epoch time: 0.2 |

2024-09-09 23:57:42,738 - INFO -
| Epoch:     30 | Train loss: 1.9978e+00 | Valid loss: 2.0375e+00 | Train acc: 0.2897 ± 0.0000 | Valid acc: 0.2598 ± 0.0000 | Valid Power: 0.0019 | Train Power: 0.0019 | patience:   0 | lr: 0.1 | Epoch time: 0.2 |

2024-09-09 23:57:44,722 - INFO -
| Epoch:     40 | Train loss: 1.8702e+00 | Valid loss: 1.9253e+00 | Train acc: 0.3728 ± 0.0000 | Valid acc: 0.3071 ± 0.0000 | Valid Power: 0.0018 | Train Power: 0.0020 | patience:   0 | lr: 0.1 | Epoch time: 0.2 |

2024-09-09 23:57:46,695 - INFO -
| Epoch:     50 | Train loss: 1.8641e+00 | Valid loss: 1.8383e+00 | Train acc: 0.2645 ± 0.0000 | Valid acc: 0.3071 ± 0.0000 | Valid Power: 0.0019 | Train Power: 0.0025 | patience:   2 | lr: 0.1 | Epoch time: 0.2 |

2024-09-09 23:57:48,671 - INFO -
| Epoch:     60 | Train loss: 1.7446e+00 | Valid loss: 1.7743e+00 | Train acc: 0.4081 ± 0.0000 | Valid acc: 0.3543 ± 0.0000 | Valid Power: 0.0018 | Train Power: 0.0018 | patience:   0 | lr: 0.1 | Epoch time: 0.2 |

2024-09-09 23:57:50,657 - INFO -
| Epoch:     70 | Train loss: 1.7208e+00 | Valid loss: 1.7718e+00 | Train acc: 0.3652 ± 0.0000 | Valid acc: 0.2835 ± 0.0000 | Valid Power: 0.0018 | Train Power: 0.0018 | patience:   6 | lr: 0.1 | Epoch time: 0.2 |

2024-09-09 23:57:52,641 - INFO -
| Epoch:     80 | Train loss: 1.6626e+00 | Valid loss: 1.7264e+00 | Train acc: 0.3577 ± 0.0000 | Valid acc: 0.2992 ± 0.0000 | Valid Power: 0.0132 | Train Power: 0.0019 | patience:   2 | lr: 0.1 | Epoch time: 0.2 |

2024-09-09 23:57:54,629 - INFO -
| Epoch:     90 | Train loss: 1.6356e+00 | Valid loss: 1.6446e+00 | Train acc: 0.4307 ± 0.0000 | Valid acc: 0.3071 ± 0.0000 | Valid Power: 0.0018 | Train Power: 0.0019 | patience:   0 | lr: 0.1 | Epoch time: 0.2 |

2024-09-09 23:57:56,695 - INFO -
| Epoch:    100 | Train loss: 1.6187e+00 | Valid loss: 1.6273e+00 | Train acc: 0.3476 ± 0.0000 | Valid acc: 0.2441 ± 0.0000 | Valid Power: 0.0022 | Train Power: 0.0020 | patience:   4 | lr: 0.1 | Epoch time: 0.2 |

2024-09-09 23:57:58,673 - INFO -
| Epoch:    110 | Train loss: 1.6274e+00 | Valid loss: 1.6857e+00 | Train acc: 0.3678 ± 0.0000 | Valid acc: 0.2520 ± 0.0000 | Valid Power: 0.0038 | Train Power: 0.0025 | patience:  14 | lr: 0.1 | Epoch time: 0.2 |

2024-09-09 23:58:00,634 - INFO -
| Epoch:    120 | Train loss: 1.6591e+00 | Valid loss: 1.6465e+00 | Train acc: 0.4887 ± 0.0000 | Valid acc: 0.4016 ± 0.0000 | Valid Power: 0.0019 | Train Power: 0.0020 | patience:  24 | lr: 0.1 | Epoch time: 0.2 |

2024-09-09 23:58:02,598 - INFO -
| Epoch:    130 | Train loss: 1.6082e+00 | Valid loss: 1.6270e+00 | Train acc: 0.3678 ± 0.0000 | Valid acc: 0.2835 ± 0.0000 | Valid Power: 0.0019 | Train Power: 0.0019 | patience:  34 | lr: 0.1 | Epoch time: 0.2 |

2024-09-09 23:58:04,572 - INFO -
| Epoch:    140 | Train loss: 1.5873e+00 | Valid loss: 1.6019e+00 | Train acc: 0.3678 ± 0.0000 | Valid acc: 0.2520 ± 0.0000 | Valid Power: 0.0019 | Train Power: 0.0019 | patience:   0 | lr: 0.1 | Epoch time: 0.2 |

2024-09-09 23:58:06,543 - INFO -
| Epoch:    150 | Train loss: 1.6097e+00 | Valid loss: 1.6147e+00 | Train acc: 0.3098 ± 0.0000 | Valid acc: 0.2126 ± 0.0000 | Valid Power: 0.0021 | Train Power: 0.0022 | patience:   1 | lr: 0.1 | Epoch time: 0.2 |

2024-09-09 23:58:08,505 - INFO -
| Epoch:    160 | Train loss: 1.5750e+00 | Valid loss: 1.6026e+00 | Train acc: 0.3879 ± 0.0000 | Valid acc: 0.3150 ± 0.0000 | Valid Power: 0.0020 | Train Power: 0.0021 | patience:  11 | lr: 0.1 | Epoch time: 0.2 |

2024-09-09 23:58:10,484 - INFO -
| Epoch:    170 | Train loss: 1.6062e+00 | Valid loss: 1.6703e+00 | Train acc: 0.3149 ± 0.0000 | Valid acc: 0.2598 ± 0.0000 | Valid Power: 0.0020 | Train Power: 0.0020 | patience:   9 | lr: 0.1 | Epoch time: 0.2 |

2024-09-09 23:58:12,447 - INFO -
| Epoch:    180 | Train loss: 1.5724e+00 | Valid loss: 1.5990e+00 | Train acc: 0.3652 ± 0.0000 | Valid acc: 0.2913 ± 0.0000 | Valid Power: 0.0020 | Train Power: 0.0021 | patience:  19 | lr: 0.1 | Epoch time: 0.2 |

2024-09-09 23:58:14,507 - INFO -
| Epoch:    190 | Train loss: 1.5827e+00 | Valid loss: 1.6224e+00 | Train acc: 0.3174 ± 0.0000 | Valid acc: 0.2126 ± 0.0000 | Valid Power: 0.0023 | Train Power: 0.0028 | patience:  29 | lr: 0.1 | Epoch time: 0.2 |

2024-09-09 23:58:16,468 - INFO -
| Epoch:    200 | Train loss: 1.5499e+00 | Valid loss: 1.6006e+00 | Train acc: 0.3652 ± 0.0000 | Valid acc: 0.2283 ± 0.0000 | Valid Power: 0.0024 | Train Power: 0.0026 | patience:  39 | lr: 0.1 | Epoch time: 0.2 |

2024-09-09 23:58:18,430 - INFO -
| Epoch:    210 | Train loss: 1.5592e+00 | Valid loss: 1.5789e+00 | Train acc: 0.3602 ± 0.0000 | Valid acc: 0.2835 ± 0.0000 | Valid Power: 0.0021 | Train Power: 0.0022 | patience:  49 | lr: 0.1 | Epoch time: 0.2 |

2024-09-09 23:58:20,399 - INFO -
| Epoch:    220 | Train loss: 1.6044e+00 | Valid loss: 1.6573e+00 | Train acc: 0.3199 ± 0.0000 | Valid acc: 0.2362 ± 0.0000 | Valid Power: 0.0021 | Train Power: 0.0021 | patience:   8 | lr: 0.1 | Epoch time: 0.2 |

2024-09-09 23:58:22,362 - INFO -
| Epoch:    230 | Train loss: 1.5758e+00 | Valid loss: 1.6266e+00 | Train acc: 0.3325 ± 0.0000 | Valid acc: 0.3150 ± 0.0000 | Valid Power: 0.0021 | Train Power: 0.0021 | patience:  18 | lr: 0.1 | Epoch time: 0.2 |

2024-09-09 23:58:24,397 - INFO -
| Epoch:    240 | Train loss: 1.5581e+00 | Valid loss: 1.5969e+00 | Train acc: 0.3652 ± 0.0000 | Valid acc: 0.3071 ± 0.0000 | Valid Power: 0.0021 | Train Power: 0.0021 | patience:  28 | lr: 0.1 | Epoch time: 0.2 |

2024-09-09 23:58:26,375 - INFO -
| Epoch:    250 | Train loss: 1.5377e+00 | Valid loss: 1.5817e+00 | Train acc: 0.3980 ± 0.0000 | Valid acc: 0.3465 ± 0.0000 | Valid Power: 0.0021 | Train Power: 0.0021 | patience:  38 | lr: 0.1 | Epoch time: 0.2 |

2024-09-09 23:58:28,432 - INFO -
| Epoch:    260 | Train loss: 1.5223e+00 | Valid loss: 1.5962e+00 | Train acc: 0.3652 ± 0.0000 | Valid acc: 0.2441 ± 0.0000 | Valid Power: 0.0021 | Train Power: 0.0021 | patience:   5 | lr: 0.1 | Epoch time: 0.2 |

2024-09-09 23:58:30,402 - INFO -
| Epoch:    270 | Train loss: 1.5351e+00 | Valid loss: 1.5790e+00 | Train acc: 0.3678 ± 0.0000 | Valid acc: 0.2677 ± 0.0000 | Valid Power: 0.0021 | Train Power: 0.0021 | patience:  15 | lr: 0.1 | Epoch time: 0.2 |

2024-09-09 23:58:32,374 - INFO -
| Epoch:    280 | Train loss: 1.5256e+00 | Valid loss: 1.5913e+00 | Train acc: 0.3652 ± 0.0000 | Valid acc: 0.2362 ± 0.0000 | Valid Power: 0.0021 | Train Power: 0.0022 | patience:   7 | lr: 0.1 | Epoch time: 0.2 |

2024-09-09 23:58:34,340 - INFO -
| Epoch:    290 | Train loss: 1.5261e+00 | Valid loss: 1.5996e+00 | Train acc: 0.3703 ± 0.0000 | Valid acc: 0.2362 ± 0.0000 | Valid Power: 0.0021 | Train Power: 0.0021 | patience:  17 | lr: 0.1 | Epoch time: 0.2 |

2024-09-09 23:58:36,309 - INFO -
| Epoch:    300 | Train loss: 1.5141e+00 | Valid loss: 1.5821e+00 | Train acc: 0.3879 ± 0.0000 | Valid acc: 0.2441 ± 0.0000 | Valid Power: 0.0021 | Train Power: 0.0021 | patience:  27 | lr: 0.1 | Epoch time: 0.2 |

2024-09-09 23:58:38,278 - INFO -
| Epoch:    310 | Train loss: 1.5103e+00 | Valid loss: 1.5566e+00 | Train acc: 0.3753 ± 0.0000 | Valid acc: 0.2520 ± 0.0000 | Valid Power: 0.0021 | Train Power: 0.0021 | patience:  37 | lr: 0.1 | Epoch time: 0.2 |

2024-09-09 23:58:40,246 - INFO -
| Epoch:    320 | Train loss: 1.5087e+00 | Valid loss: 1.5624e+00 | Train acc: 0.3728 ± 0.0000 | Valid acc: 0.2283 ± 0.0000 | Valid Power: 0.0021 | Train Power: 0.0022 | patience:  47 | lr: 0.1 | Epoch time: 0.2 |

2024-09-09 23:58:42,213 - INFO -
| Epoch:    330 | Train loss: 1.5301e+00 | Valid loss: 1.5941e+00 | Train acc: 0.3652 ± 0.0000 | Valid acc: 0.2520 ± 0.0000 | Valid Power: 0.0023 | Train Power: 0.0033 | patience:  57 | lr: 0.1 | Epoch time: 0.2 |

2024-09-09 23:58:44,289 - INFO -
| Epoch:    340 | Train loss: 1.5320e+00 | Valid loss: 1.5609e+00 | Train acc: 0.3199 ± 0.0000 | Valid acc: 0.2283 ± 0.0000 | Valid Power: 0.0030 | Train Power: 0.0022 | patience:  67 | lr: 0.1 | Epoch time: 0.2 |

2024-09-09 23:58:46,256 - INFO -
| Epoch:    350 | Train loss: 1.5141e+00 | Valid loss: 1.5563e+00 | Train acc: 0.3728 ± 0.0000 | Valid acc: 0.2520 ± 0.0000 | Valid Power: 0.0021 | Train Power: 0.0021 | patience:  77 | lr: 0.1 | Epoch time: 0.2 |

2024-09-09 23:58:48,219 - INFO -
| Epoch:    360 | Train loss: 1.5130e+00 | Valid loss: 1.5745e+00 | Train acc: 0.3753 ± 0.0000 | Valid acc: 0.2598 ± 0.0000 | Valid Power: 0.0021 | Train Power: 0.0021 | patience:  87 | lr: 0.1 | Epoch time: 0.2 |

2024-09-09 23:58:50,185 - INFO -
| Epoch:    370 | Train loss: 1.5161e+00 | Valid loss: 1.5717e+00 | Train acc: 0.3577 ± 0.0000 | Valid acc: 0.2441 ± 0.0000 | Valid Power: 0.0022 | Train Power: 0.0022 | patience:  97 | lr: 0.1 | Epoch time: 0.2 |

2024-09-09 23:58:50,973 - INFO -
load best network to warm start training with lower lr.

2024-09-09 23:58:50,973 - INFO -
lr update to 0.05.

2024-09-09 23:58:52,152 - INFO -
| Epoch:    380 | Train loss: 1.5172e+00 | Valid loss: 1.5911e+00 | Train acc: 0.3602 ± 0.0000 | Valid acc: 0.2362 ± 0.0000 | Valid Power: 0.0022 | Train Power: 0.0022 | patience:   6 | lr: 0.05 | Epoch time: 0.2 |

2024-09-09 23:58:54,119 - INFO -
| Epoch:    390 | Train loss: 1.5160e+00 | Valid loss: 1.5746e+00 | Train acc: 0.3652 ± 0.0000 | Valid acc: 0.2362 ± 0.0000 | Valid Power: 0.0022 | Train Power: 0.0021 | patience:  16 | lr: 0.05 | Epoch time: 0.2 |

2024-09-09 23:58:56,184 - INFO -
| Epoch:    400 | Train loss: 1.5158e+00 | Valid loss: 1.5837e+00 | Train acc: 0.3501 ± 0.0000 | Valid acc: 0.2441 ± 0.0000 | Valid Power: 0.0022 | Train Power: 0.0023 | patience:  26 | lr: 0.05 | Epoch time: 0.2 |

2024-09-09 23:58:58,158 - INFO -
| Epoch:    410 | Train loss: 1.5271e+00 | Valid loss: 1.5398e+00 | Train acc: 0.3778 ± 0.0000 | Valid acc: 0.2835 ± 0.0000 | Valid Power: 0.0022 | Train Power: 0.0025 | patience:   0 | lr: 0.05 | Epoch time: 0.2 |

2024-09-09 23:59:00,127 - INFO -
| Epoch:    420 | Train loss: 1.5206e+00 | Valid loss: 1.5904e+00 | Train acc: 0.3577 ± 0.0000 | Valid acc: 0.2362 ± 0.0000 | Valid Power: 0.0024 | Train Power: 0.0023 | patience:  10 | lr: 0.05 | Epoch time: 0.2 |

2024-09-09 23:59:02,097 - INFO -
| Epoch:    430 | Train loss: 1.5141e+00 | Valid loss: 1.5685e+00 | Train acc: 0.3652 ± 0.0000 | Valid acc: 0.2441 ± 0.0000 | Valid Power: 0.0027 | Train Power: 0.0027 | patience:  20 | lr: 0.05 | Epoch time: 0.2 |

2024-09-09 23:59:04,063 - INFO -
| Epoch:    440 | Train loss: 1.5163e+00 | Valid loss: 1.5527e+00 | Train acc: 0.3401 ± 0.0000 | Valid acc: 0.2362 ± 0.0000 | Valid Power: 0.0025 | Train Power: 0.0058 | patience:  30 | lr: 0.05 | Epoch time: 0.2 |

2024-09-09 23:59:06,029 - INFO -
| Epoch:    450 | Train loss: 1.5099e+00 | Valid loss: 1.5598e+00 | Train acc: 0.3526 ± 0.0000 | Valid acc: 0.2283 ± 0.0000 | Valid Power: 0.0022 | Train Power: 0.0022 | patience:  40 | lr: 0.05 | Epoch time: 0.2 |

2024-09-09 23:59:08,000 - INFO -
| Epoch:    460 | Train loss: 1.5060e+00 | Valid loss: 1.5572e+00 | Train acc: 0.3678 ± 0.0000 | Valid acc: 0.2520 ± 0.0000 | Valid Power: 0.0024 | Train Power: 0.0023 | patience:  50 | lr: 0.05 | Epoch time: 0.2 |

2024-09-09 23:59:09,984 - INFO -
| Epoch:    470 | Train loss: 1.5031e+00 | Valid loss: 1.5544e+00 | Train acc: 0.3678 ± 0.0000 | Valid acc: 0.2598 ± 0.0000 | Valid Power: 0.0023 | Train Power: 0.0022 | patience:  60 | lr: 0.05 | Epoch time: 0.2 |

2024-09-09 23:59:11,952 - INFO -
| Epoch:    480 | Train loss: 1.5042e+00 | Valid loss: 1.5612e+00 | Train acc: 0.3678 ± 0.0000 | Valid acc: 0.2520 ± 0.0000 | Valid Power: 0.0023 | Train Power: 0.0024 | patience:  70 | lr: 0.05 | Epoch time: 0.2 |

2024-09-09 23:59:14,017 - INFO -
| Epoch:    490 | Train loss: 1.5127e+00 | Valid loss: 1.5548e+00 | Train acc: 0.3476 ± 0.0000 | Valid acc: 0.2362 ± 0.0000 | Valid Power: 0.0025 | Train Power: 0.0024 | patience:  80 | lr: 0.05 | Epoch time: 0.2 |

2024-09-09 23:59:15,983 - INFO -
| Epoch:    500 | Train loss: 1.5256e+00 | Valid loss: 1.5799e+00 | Train acc: 0.3401 ± 0.0000 | Valid acc: 0.2362 ± 0.0000 | Valid Power: 0.0030 | Train Power: 0.0045 | patience:  90 | lr: 0.05 | Epoch time: 0.2 |

2024-09-09 23:59:17,949 - INFO -
| Epoch:    510 | Train loss: 1.5100e+00 | Valid loss: 1.5579e+00 | Train acc: 0.3728 ± 0.0000 | Valid acc: 0.2520 ± 0.0000 | Valid Power: 0.0024 | Train Power: 0.0024 | patience: 100 | lr: 0.05 | Epoch time: 0.2 |

2024-09-09 23:59:18,149 - INFO -
load best network to warm start training with lower lr.

2024-09-09 23:59:18,149 - INFO -
lr update to 0.025.

2024-09-09 23:59:19,865 - INFO -
| Epoch:    520 | Train loss: 1.5056e+00 | Valid loss: 1.5686e+00 | Train acc: 0.3678 ± 0.0000 | Valid acc: 0.2520 ± 0.0000 | Valid Power: 0.0023 | Train Power: 0.0023 | patience:   8 | lr: 0.025 | Epoch time: 0.2 |

2024-09-09 23:59:21,710 - INFO -
| Epoch:    530 | Train loss: 1.5040e+00 | Valid loss: 1.5507e+00 | Train acc: 0.3703 ± 0.0000 | Valid acc: 0.2441 ± 0.0000 | Valid Power: 0.0023 | Train Power: 0.0023 | patience:  18 | lr: 0.025 | Epoch time: 0.2 |

2024-09-09 23:59:23,640 - INFO -
| Epoch:    540 | Train loss: 1.5010e+00 | Valid loss: 1.5534e+00 | Train acc: 0.3728 ± 0.0000 | Valid acc: 0.2441 ± 0.0000 | Valid Power: 0.0028 | Train Power: 0.0029 | patience:  28 | lr: 0.025 | Epoch time: 0.2 |

2024-09-09 23:59:25,485 - INFO -
| Epoch:    550 | Train loss: 1.4995e+00 | Valid loss: 1.5512e+00 | Train acc: 0.3703 ± 0.0000 | Valid acc: 0.2441 ± 0.0000 | Valid Power: 0.0028 | Train Power: 0.0029 | patience:  38 | lr: 0.025 | Epoch time: 0.2 |

2024-09-09 23:59:27,322 - INFO -
| Epoch:    560 | Train loss: 1.5155e+00 | Valid loss: 1.5624e+00 | Train acc: 0.3476 ± 0.0000 | Valid acc: 0.2362 ± 0.0000 | Valid Power: 0.0032 | Train Power: 0.0043 | patience:  48 | lr: 0.025 | Epoch time: 0.2 |

2024-09-09 23:59:29,164 - INFO -
| Epoch:    570 | Train loss: 1.5068e+00 | Valid loss: 1.5540e+00 | Train acc: 0.3703 ± 0.0000 | Valid acc: 0.2520 ± 0.0000 | Valid Power: 0.0025 | Train Power: 0.0024 | patience:  58 | lr: 0.025 | Epoch time: 0.2 |

2024-09-09 23:59:30,996 - INFO -
| Epoch:    580 | Train loss: 1.5008e+00 | Valid loss: 1.5535e+00 | Train acc: 0.3703 ± 0.0000 | Valid acc: 0.2441 ± 0.0000 | Valid Power: 0.0024 | Train Power: 0.0024 | patience:  68 | lr: 0.025 | Epoch time: 0.2 |

2024-09-09 23:59:32,794 - INFO -
| Epoch:    590 | Train loss: 1.5002e+00 | Valid loss: 1.5610e+00 | Train acc: 0.3703 ± 0.0000 | Valid acc: 0.2520 ± 0.0000 | Valid Power: 0.0027 | Train Power: 0.0024 | patience:  78 | lr: 0.025 | Epoch time: 0.2 |

2024-09-09 23:59:34,484 - INFO -
| Epoch:    600 | Train loss: 1.5004e+00 | Valid loss: 1.5589e+00 | Train acc: 0.3728 ± 0.0000 | Valid acc: 0.2520 ± 0.0000 | Valid Power: 0.0024 | Train Power: 0.0024 | patience:  88 | lr: 0.025 | Epoch time: 0.2 |

2024-09-09 23:59:36,166 - INFO -
| Epoch:    610 | Train loss: 1.4996e+00 | Valid loss: 1.5530e+00 | Train acc: 0.3703 ± 0.0000 | Valid acc: 0.2441 ± 0.0000 | Valid Power: 0.0030 | Train Power: 0.0027 | patience:  98 | lr: 0.025 | Epoch time: 0.2 |

2024-09-09 23:59:36,673 - INFO -
load best network to warm start training with lower lr.

2024-09-09 23:59:36,674 - INFO -
lr update to 0.0125.

2024-09-09 23:59:37,859 - INFO -
| Epoch:    620 | Train loss: 1.5172e+00 | Valid loss: 1.5588e+00 | Train acc: 0.3577 ± 0.0000 | Valid acc: 0.2520 ± 0.0000 | Valid Power: 0.0024 | Train Power: 0.0024 | patience:   7 | lr: 0.0125 | Epoch time: 0.2 |

2024-09-09 23:59:39,526 - INFO -
| Epoch:    630 | Train loss: 1.5051e+00 | Valid loss: 1.5635e+00 | Train acc: 0.3678 ± 0.0000 | Valid acc: 0.2362 ± 0.0000 | Valid Power: 0.0026 | Train Power: 0.0024 | patience:  17 | lr: 0.0125 | Epoch time: 0.2 |

2024-09-09 23:59:41,260 - INFO -
| Epoch:    640 | Train loss: 1.5037e+00 | Valid loss: 1.5523e+00 | Train acc: 0.3703 ± 0.0000 | Valid acc: 0.2441 ± 0.0000 | Valid Power: 0.0024 | Train Power: 0.0024 | patience:  27 | lr: 0.0125 | Epoch time: 0.2 |

2024-09-09 23:59:42,912 - INFO -
| Epoch:    650 | Train loss: 1.5025e+00 | Valid loss: 1.5508e+00 | Train acc: 0.3703 ± 0.0000 | Valid acc: 0.2441 ± 0.0000 | Valid Power: 0.0024 | Train Power: 0.0024 | patience:  37 | lr: 0.0125 | Epoch time: 0.2 |

2024-09-09 23:59:44,551 - INFO -
| Epoch:    660 | Train loss: 1.5021e+00 | Valid loss: 1.5552e+00 | Train acc: 0.3703 ± 0.0000 | Valid acc: 0.2441 ± 0.0000 | Valid Power: 0.0024 | Train Power: 0.0024 | patience:  47 | lr: 0.0125 | Epoch time: 0.2 |

2024-09-09 23:59:46,194 - INFO -
| Epoch:    670 | Train loss: 1.5015e+00 | Valid loss: 1.5542e+00 | Train acc: 0.3703 ± 0.0000 | Valid acc: 0.2441 ± 0.0000 | Valid Power: 0.0025 | Train Power: 0.0024 | patience:  57 | lr: 0.0125 | Epoch time: 0.2 |

2024-09-09 23:59:47,834 - INFO -
| Epoch:    680 | Train loss: 1.5012e+00 | Valid loss: 1.5500e+00 | Train acc: 0.3703 ± 0.0000 | Valid acc: 0.2520 ± 0.0000 | Valid Power: 0.0027 | Train Power: 0.0026 | patience:  67 | lr: 0.0125 | Epoch time: 0.2 |

2024-09-09 23:59:49,474 - INFO -
| Epoch:    690 | Train loss: 1.5007e+00 | Valid loss: 1.5530e+00 | Train acc: 0.3703 ± 0.0000 | Valid acc: 0.2441 ± 0.0000 | Valid Power: 0.0032 | Train Power: 0.0028 | patience:  77 | lr: 0.0125 | Epoch time: 0.2 |

2024-09-09 23:59:51,115 - INFO -
| Epoch:    700 | Train loss: 1.5048e+00 | Valid loss: 1.5532e+00 | Train acc: 0.3627 ± 0.0000 | Valid acc: 0.2441 ± 0.0000 | Valid Power: 0.0026 | Train Power: 0.0025 | patience:  87 | lr: 0.0125 | Epoch time: 0.2 |

2024-09-09 23:59:52,826 - INFO -
| Epoch:    710 | Train loss: 1.5006e+00 | Valid loss: 1.5536e+00 | Train acc: 0.3703 ± 0.0000 | Valid acc: 0.2441 ± 0.0000 | Valid Power: 0.0028 | Train Power: 0.0039 | patience:  97 | lr: 0.0125 | Epoch time: 0.2 |

2024-09-09 23:59:53,484 - INFO -
load best network to warm start training with lower lr.

2024-09-09 23:59:53,484 - INFO -
lr update to 0.00625.

2024-09-09 23:59:54,469 - INFO -
| Epoch:    720 | Train loss: 1.5135e+00 | Valid loss: 1.5524e+00 | Train acc: 0.3678 ± 0.0000 | Valid acc: 0.2598 ± 0.0000 | Valid Power: 0.0024 | Train Power: 0.0024 | patience:   6 | lr: 0.00625 | Epoch time: 0.2 |

2024-09-09 23:59:56,111 - INFO -
| Epoch:    730 | Train loss: 1.5117e+00 | Valid loss: 1.5389e+00 | Train acc: 0.3703 ± 0.0000 | Valid acc: 0.2677 ± 0.0000 | Valid Power: 0.0024 | Train Power: 0.0024 | patience:  16 | lr: 0.00625 | Epoch time: 0.2 |

2024-09-09 23:59:57,747 - INFO -
| Epoch:    740 | Train loss: 1.5091e+00 | Valid loss: 1.5447e+00 | Train acc: 0.3703 ± 0.0000 | Valid acc: 0.2598 ± 0.0000 | Valid Power: 0.0024 | Train Power: 0.0024 | patience:  26 | lr: 0.00625 | Epoch time: 0.2 |

2024-09-09 23:59:59,388 - INFO -
| Epoch:    750 | Train loss: 1.5067e+00 | Valid loss: 1.5452e+00 | Train acc: 0.3753 ± 0.0000 | Valid acc: 0.2677 ± 0.0000 | Valid Power: 0.0025 | Train Power: 0.0024 | patience:  36 | lr: 0.00625 | Epoch time: 0.2 |

2024-09-10 00:00:01,027 - INFO -
| Epoch:    760 | Train loss: 1.5052e+00 | Valid loss: 1.5419e+00 | Train acc: 0.3753 ± 0.0000 | Valid acc: 0.2598 ± 0.0000 | Valid Power: 0.0024 | Train Power: 0.0024 | patience:  46 | lr: 0.00625 | Epoch time: 0.2 |

2024-09-10 00:00:02,666 - INFO -
| Epoch:    770 | Train loss: 1.5044e+00 | Valid loss: 1.5416e+00 | Train acc: 0.3753 ± 0.0000 | Valid acc: 0.2598 ± 0.0000 | Valid Power: 0.0024 | Train Power: 0.0024 | patience:  56 | lr: 0.00625 | Epoch time: 0.2 |

2024-09-10 00:00:04,306 - INFO -
| Epoch:    780 | Train loss: 1.5037e+00 | Valid loss: 1.5413e+00 | Train acc: 0.3753 ± 0.0000 | Valid acc: 0.2598 ± 0.0000 | Valid Power: 0.0024 | Train Power: 0.0024 | patience:  66 | lr: 0.00625 | Epoch time: 0.2 |

2024-09-10 00:00:06,015 - INFO -
| Epoch:    790 | Train loss: 1.5034e+00 | Valid loss: 1.5404e+00 | Train acc: 0.3778 ± 0.0000 | Valid acc: 0.2598 ± 0.0000 | Valid Power: 0.0025 | Train Power: 0.0025 | patience:  76 | lr: 0.00625 | Epoch time: 0.2 |

2024-09-10 00:00:07,656 - INFO -
| Epoch:    800 | Train loss: 1.5040e+00 | Valid loss: 1.5402e+00 | Train acc: 0.3753 ± 0.0000 | Valid acc: 0.2598 ± 0.0000 | Valid Power: 0.0025 | Train Power: 0.0025 | patience:  86 | lr: 0.00625 | Epoch time: 0.2 |

2024-09-10 00:00:09,295 - INFO -
| Epoch:    810 | Train loss: 1.5033e+00 | Valid loss: 1.5403e+00 | Train acc: 0.3778 ± 0.0000 | Valid acc: 0.2598 ± 0.0000 | Valid Power: 0.0030 | Train Power: 0.0027 | patience:  96 | lr: 0.00625 | Epoch time: 0.2 |

2024-09-10 00:00:10,127 - INFO -
load best network to warm start training with lower lr.

2024-09-10 00:00:10,128 - INFO -
lr update to 0.003125.

2024-09-10 00:00:10,953 - INFO -
| Epoch:    820 | Train loss: 1.5095e+00 | Valid loss: 1.5494e+00 | Train acc: 0.3753 ± 0.0000 | Valid acc: 0.2598 ± 0.0000 | Valid Power: 0.0024 | Train Power: 0.0024 | patience:   5 | lr: 0.003125 | Epoch time: 0.2 |

2024-09-10 00:00:12,506 - INFO -
| Epoch:    830 | Train loss: 1.5086e+00 | Valid loss: 1.5505e+00 | Train acc: 0.3753 ± 0.0000 | Valid acc: 0.2598 ± 0.0000 | Valid Power: 0.0024 | Train Power: 0.0024 | patience:  15 | lr: 0.003125 | Epoch time: 0.2 |

2024-09-10 00:00:14,109 - INFO -
| Epoch:    840 | Train loss: 1.5074e+00 | Valid loss: 1.5430e+00 | Train acc: 0.3753 ± 0.0000 | Valid acc: 0.2598 ± 0.0000 | Valid Power: 0.0024 | Train Power: 0.0024 | patience:  25 | lr: 0.003125 | Epoch time: 0.2 |

2024-09-10 00:00:15,572 - INFO -
| Epoch:    850 | Train loss: 1.5067e+00 | Valid loss: 1.5429e+00 | Train acc: 0.3753 ± 0.0000 | Valid acc: 0.2598 ± 0.0000 | Valid Power: 0.0024 | Train Power: 0.0024 | patience:  35 | lr: 0.003125 | Epoch time: 0.2 |

2024-09-10 00:00:17,011 - INFO -
| Epoch:    860 | Train loss: 1.5062e+00 | Valid loss: 1.5427e+00 | Train acc: 0.3753 ± 0.0000 | Valid acc: 0.2598 ± 0.0000 | Valid Power: 0.0024 | Train Power: 0.0024 | patience:  45 | lr: 0.003125 | Epoch time: 0.1 |

2024-09-10 00:00:18,435 - INFO -
| Epoch:    870 | Train loss: 1.5057e+00 | Valid loss: 1.5424e+00 | Train acc: 0.3753 ± 0.0000 | Valid acc: 0.2598 ± 0.0000 | Valid Power: 0.0024 | Train Power: 0.0024 | patience:  55 | lr: 0.003125 | Epoch time: 0.1 |

2024-09-10 00:00:19,839 - INFO -
| Epoch:    880 | Train loss: 1.5053e+00 | Valid loss: 1.5423e+00 | Train acc: 0.3753 ± 0.0000 | Valid acc: 0.2598 ± 0.0000 | Valid Power: 0.0024 | Train Power: 0.0024 | patience:  65 | lr: 0.003125 | Epoch time: 0.1 |

2024-09-10 00:00:21,243 - INFO -
| Epoch:    890 | Train loss: 1.5049e+00 | Valid loss: 1.5423e+00 | Train acc: 0.3753 ± 0.0000 | Valid acc: 0.2598 ± 0.0000 | Valid Power: 0.0025 | Train Power: 0.0024 | patience:  75 | lr: 0.003125 | Epoch time: 0.1 |

2024-09-10 00:00:22,645 - INFO -
| Epoch:    900 | Train loss: 1.5044e+00 | Valid loss: 1.5422e+00 | Train acc: 0.3753 ± 0.0000 | Valid acc: 0.2598 ± 0.0000 | Valid Power: 0.0030 | Train Power: 0.0040 | patience:  85 | lr: 0.003125 | Epoch time: 0.1 |

2024-09-10 00:00:24,046 - INFO -
| Epoch:    910 | Train loss: 1.5039e+00 | Valid loss: 1.5424e+00 | Train acc: 0.3753 ± 0.0000 | Valid acc: 0.2598 ± 0.0000 | Valid Power: 0.0025 | Train Power: 0.0025 | patience:  95 | lr: 0.003125 | Epoch time: 0.1 |

2024-09-10 00:00:24,888 - INFO -
load best network to warm start training with lower lr.

2024-09-10 00:00:24,888 - INFO -
lr update to 0.0015625.

2024-09-10 00:00:25,448 - INFO -
| Epoch:    920 | Train loss: 1.5144e+00 | Valid loss: 1.5368e+00 | Train acc: 0.3703 ± 0.0000 | Valid acc: 0.2677 ± 0.0000 | Valid Power: 0.0024 | Train Power: 0.0024 | patience:   4 | lr: 0.0015625 | Epoch time: 0.1 |

2024-09-10 00:00:26,846 - INFO -
| Epoch:    930 | Train loss: 1.5098e+00 | Valid loss: 1.5485e+00 | Train acc: 0.3753 ± 0.0000 | Valid acc: 0.2677 ± 0.0000 | Valid Power: 0.0024 | Train Power: 0.0024 | patience:  14 | lr: 0.0015625 | Epoch time: 0.1 |

2024-09-10 00:00:28,308 - INFO -
| Epoch:    940 | Train loss: 1.5085e+00 | Valid loss: 1.5488e+00 | Train acc: 0.3753 ± 0.0000 | Valid acc: 0.2677 ± 0.0000 | Valid Power: 0.0024 | Train Power: 0.0024 | patience:  24 | lr: 0.0015625 | Epoch time: 0.1 |

2024-09-10 00:00:29,709 - INFO -
| Epoch:    950 | Train loss: 1.5080e+00 | Valid loss: 1.5495e+00 | Train acc: 0.3753 ± 0.0000 | Valid acc: 0.2677 ± 0.0000 | Valid Power: 0.0024 | Train Power: 0.0024 | patience:  34 | lr: 0.0015625 | Epoch time: 0.1 |

2024-09-10 00:00:31,111 - INFO -
| Epoch:    960 | Train loss: 1.5073e+00 | Valid loss: 1.5501e+00 | Train acc: 0.3753 ± 0.0000 | Valid acc: 0.2677 ± 0.0000 | Valid Power: 0.0024 | Train Power: 0.0024 | patience:  44 | lr: 0.0015625 | Epoch time: 0.1 |

2024-09-10 00:00:32,516 - INFO -
| Epoch:    970 | Train loss: 1.5068e+00 | Valid loss: 1.5507e+00 | Train acc: 0.3753 ± 0.0000 | Valid acc: 0.2677 ± 0.0000 | Valid Power: 0.0024 | Train Power: 0.0024 | patience:  54 | lr: 0.0015625 | Epoch time: 0.1 |

2024-09-10 00:00:33,934 - INFO -
| Epoch:    980 | Train loss: 1.5064e+00 | Valid loss: 1.5502e+00 | Train acc: 0.3753 ± 0.0000 | Valid acc: 0.2598 ± 0.0000 | Valid Power: 0.0024 | Train Power: 0.0024 | patience:  64 | lr: 0.0015625 | Epoch time: 0.1 |

2024-09-10 00:00:35,356 - INFO -
| Epoch:    990 | Train loss: 1.5060e+00 | Valid loss: 1.5472e+00 | Train acc: 0.3753 ± 0.0000 | Valid acc: 0.2598 ± 0.0000 | Valid Power: 0.0024 | Train Power: 0.0024 | patience:  74 | lr: 0.0015625 | Epoch time: 0.1 |

2024-09-10 00:00:36,765 - INFO -
| Epoch:   1000 | Train loss: 1.5057e+00 | Valid loss: 1.5429e+00 | Train acc: 0.3753 ± 0.0000 | Valid acc: 0.2598 ± 0.0000 | Valid Power: 0.0024 | Train Power: 0.0024 | patience:  84 | lr: 0.0015625 | Epoch time: 0.1 |

2024-09-10 00:00:38,240 - INFO -
| Epoch:   1010 | Train loss: 1.5054e+00 | Valid loss: 1.5424e+00 | Train acc: 0.3753 ± 0.0000 | Valid acc: 0.2598 ± 0.0000 | Valid Power: 0.0024 | Train Power: 0.0024 | patience:  94 | lr: 0.0015625 | Epoch time: 0.1 |

2024-09-10 00:00:39,228 - INFO -
load best network to warm start training with lower lr.

2024-09-10 00:00:39,228 - INFO -
lr update to 0.00078125.

2024-09-10 00:00:39,652 - INFO -
| Epoch:   1020 | Train loss: 1.5176e+00 | Valid loss: 1.5365e+00 | Train acc: 0.3652 ± 0.0000 | Valid acc: 0.2677 ± 0.0000 | Valid Power: 0.0024 | Train Power: 0.0024 | patience:   3 | lr: 0.00078125 | Epoch time: 0.1 |

2024-09-10 00:00:41,074 - INFO -
| Epoch:   1030 | Train loss: 1.5119e+00 | Valid loss: 1.5396e+00 | Train acc: 0.3728 ± 0.0000 | Valid acc: 0.2598 ± 0.0000 | Valid Power: 0.0024 | Train Power: 0.0024 | patience:  13 | lr: 0.00078125 | Epoch time: 0.1 |

2024-09-10 00:00:42,494 - INFO -
| Epoch:   1040 | Train loss: 1.5092e+00 | Valid loss: 1.5492e+00 | Train acc: 0.3753 ± 0.0000 | Valid acc: 0.2598 ± 0.0000 | Valid Power: 0.0024 | Train Power: 0.0024 | patience:  23 | lr: 0.00078125 | Epoch time: 0.2 |

2024-09-10 00:00:43,909 - INFO -
| Epoch:   1050 | Train loss: 1.5089e+00 | Valid loss: 1.5488e+00 | Train acc: 0.3753 ± 0.0000 | Valid acc: 0.2677 ± 0.0000 | Valid Power: 0.0024 | Train Power: 0.0024 | patience:  33 | lr: 0.00078125 | Epoch time: 0.1 |

2024-09-10 00:00:45,320 - INFO -
| Epoch:   1060 | Train loss: 1.5084e+00 | Valid loss: 1.5487e+00 | Train acc: 0.3753 ± 0.0000 | Valid acc: 0.2677 ± 0.0000 | Valid Power: 0.0024 | Train Power: 0.0024 | patience:  43 | lr: 0.00078125 | Epoch time: 0.1 |

2024-09-10 00:00:46,732 - INFO -
| Epoch:   1070 | Train loss: 1.5078e+00 | Valid loss: 1.5491e+00 | Train acc: 0.3753 ± 0.0000 | Valid acc: 0.2677 ± 0.0000 | Valid Power: 0.0024 | Train Power: 0.0024 | patience:  53 | lr: 0.00078125 | Epoch time: 0.1 |

2024-09-10 00:00:48,143 - INFO -
| Epoch:   1080 | Train loss: 1.5074e+00 | Valid loss: 1.5499e+00 | Train acc: 0.3753 ± 0.0000 | Valid acc: 0.2677 ± 0.0000 | Valid Power: 0.0024 | Train Power: 0.0024 | patience:  63 | lr: 0.00078125 | Epoch time: 0.1 |

2024-09-10 00:00:49,642 - INFO -
| Epoch:   1090 | Train loss: 1.5072e+00 | Valid loss: 1.5505e+00 | Train acc: 0.3753 ± 0.0000 | Valid acc: 0.2677 ± 0.0000 | Valid Power: 0.0024 | Train Power: 0.0024 | patience:  73 | lr: 0.00078125 | Epoch time: 0.2 |

2024-09-10 00:00:51,053 - INFO -
| Epoch:   1100 | Train loss: 1.5069e+00 | Valid loss: 1.5502e+00 | Train acc: 0.3753 ± 0.0000 | Valid acc: 0.2598 ± 0.0000 | Valid Power: 0.0024 | Train Power: 0.0024 | patience:  83 | lr: 0.00078125 | Epoch time: 0.1 |

2024-09-10 00:00:52,464 - INFO -
| Epoch:   1110 | Train loss: 1.5067e+00 | Valid loss: 1.5488e+00 | Train acc: 0.3753 ± 0.0000 | Valid acc: 0.2598 ± 0.0000 | Valid Power: 0.0024 | Train Power: 0.0024 | patience:  93 | lr: 0.00078125 | Epoch time: 0.1 |

2024-09-10 00:00:53,596 - INFO -
load best network to warm start training with lower lr.

2024-09-10 00:00:53,596 - INFO -
lr update to 0.000390625.

2024-09-10 00:00:53,878 - INFO -
| Epoch:   1120 | Train loss: 1.5185e+00 | Valid loss: 1.5364e+00 | Train acc: 0.3627 ± 0.0000 | Valid acc: 0.2677 ± 0.0000 | Valid Power: 0.0024 | Train Power: 0.0024 | patience:   2 | lr: 0.000390625 | Epoch time: 0.1 |

2024-09-10 00:00:55,288 - INFO -
| Epoch:   1130 | Train loss: 1.5151e+00 | Valid loss: 1.5366e+00 | Train acc: 0.3703 ± 0.0000 | Valid acc: 0.2677 ± 0.0000 | Valid Power: 0.0024 | Train Power: 0.0024 | patience:  12 | lr: 0.000390625 | Epoch time: 0.1 |

2024-09-10 00:00:56,697 - INFO -
| Epoch:   1140 | Train loss: 1.5124e+00 | Valid loss: 1.5391e+00 | Train acc: 0.3728 ± 0.0000 | Valid acc: 0.2677 ± 0.0000 | Valid Power: 0.0024 | Train Power: 0.0024 | patience:  22 | lr: 0.000390625 | Epoch time: 0.1 |

2024-09-10 00:00:58,173 - INFO -
| Epoch:   1150 | Train loss: 1.5115e+00 | Valid loss: 1.5403e+00 | Train acc: 0.3728 ± 0.0000 | Valid acc: 0.2598 ± 0.0000 | Valid Power: 0.0024 | Train Power: 0.0024 | patience:  32 | lr: 0.000390625 | Epoch time: 0.1 |

2024-09-10 00:00:59,584 - INFO -
| Epoch:   1160 | Train loss: 1.5111e+00 | Valid loss: 1.5442e+00 | Train acc: 0.3728 ± 0.0000 | Valid acc: 0.2598 ± 0.0000 | Valid Power: 0.0024 | Train Power: 0.0024 | patience:  42 | lr: 0.000390625 | Epoch time: 0.1 |

2024-09-10 00:01:00,995 - INFO -
| Epoch:   1170 | Train loss: 1.5094e+00 | Valid loss: 1.5480e+00 | Train acc: 0.3753 ± 0.0000 | Valid acc: 0.2598 ± 0.0000 | Valid Power: 0.0024 | Train Power: 0.0024 | patience:  52 | lr: 0.000390625 | Epoch time: 0.1 |

2024-09-10 00:01:02,408 - INFO -
| Epoch:   1180 | Train loss: 1.5089e+00 | Valid loss: 1.5488e+00 | Train acc: 0.3753 ± 0.0000 | Valid acc: 0.2598 ± 0.0000 | Valid Power: 0.0024 | Train Power: 0.0024 | patience:  62 | lr: 0.000390625 | Epoch time: 0.1 |

2024-09-10 00:01:03,816 - INFO -
| Epoch:   1190 | Train loss: 1.5085e+00 | Valid loss: 1.5492e+00 | Train acc: 0.3753 ± 0.0000 | Valid acc: 0.2598 ± 0.0000 | Valid Power: 0.0024 | Train Power: 0.0024 | patience:  72 | lr: 0.000390625 | Epoch time: 0.1 |

2024-09-10 00:01:05,225 - INFO -
| Epoch:   1200 | Train loss: 1.5082e+00 | Valid loss: 1.5494e+00 | Train acc: 0.3753 ± 0.0000 | Valid acc: 0.2598 ± 0.0000 | Valid Power: 0.0024 | Train Power: 0.0024 | patience:  82 | lr: 0.000390625 | Epoch time: 0.1 |

2024-09-10 00:01:06,634 - INFO -
| Epoch:   1210 | Train loss: 1.5080e+00 | Valid loss: 1.5497e+00 | Train acc: 0.3753 ± 0.0000 | Valid acc: 0.2598 ± 0.0000 | Valid Power: 0.0024 | Train Power: 0.0024 | patience:  92 | lr: 0.000390625 | Epoch time: 0.1 |

2024-09-10 00:01:07,907 - INFO -
load best network to warm start training with lower lr.

2024-09-10 00:01:07,907 - INFO -
lr update to 0.0001953125.

2024-09-10 00:01:08,048 - INFO -
| Epoch:   1220 | Train loss: 1.5188e+00 | Valid loss: 1.5364e+00 | Train acc: 0.3627 ± 0.0000 | Valid acc: 0.2677 ± 0.0000 | Valid Power: 0.0024 | Train Power: 0.0024 | patience:   1 | lr: 0.0001953125 | Epoch time: 0.1 |

2024-09-10 00:01:09,461 - INFO -
| Epoch:   1230 | Train loss: 1.5173e+00 | Valid loss: 1.5365e+00 | Train acc: 0.3652 ± 0.0000 | Valid acc: 0.2677 ± 0.0000 | Valid Power: 0.0024 | Train Power: 0.0024 | patience:  11 | lr: 0.0001953125 | Epoch time: 0.1 |

2024-09-10 00:01:10,965 - INFO -
| Epoch:   1240 | Train loss: 1.5157e+00 | Valid loss: 1.5366e+00 | Train acc: 0.3703 ± 0.0000 | Valid acc: 0.2677 ± 0.0000 | Valid Power: 0.0024 | Train Power: 0.0024 | patience:  21 | lr: 0.0001953125 | Epoch time: 0.2 |

2024-09-10 00:01:12,372 - INFO -
| Epoch:   1250 | Train loss: 1.5128e+00 | Valid loss: 1.5371e+00 | Train acc: 0.3703 ± 0.0000 | Valid acc: 0.2677 ± 0.0000 | Valid Power: 0.0024 | Train Power: 0.0024 | patience:  31 | lr: 0.0001953125 | Epoch time: 0.1 |

2024-09-10 00:01:13,790 - INFO -
| Epoch:   1260 | Train loss: 1.5125e+00 | Valid loss: 1.5389e+00 | Train acc: 0.3728 ± 0.0000 | Valid acc: 0.2677 ± 0.0000 | Valid Power: 0.0024 | Train Power: 0.0024 | patience:  41 | lr: 0.0001953125 | Epoch time: 0.1 |

2024-09-10 00:01:15,197 - INFO -
| Epoch:   1270 | Train loss: 1.5123e+00 | Valid loss: 1.5394e+00 | Train acc: 0.3728 ± 0.0000 | Valid acc: 0.2598 ± 0.0000 | Valid Power: 0.0024 | Train Power: 0.0024 | patience:  51 | lr: 0.0001953125 | Epoch time: 0.1 |

2024-09-10 00:01:16,567 - INFO -
| Epoch:   1280 | Train loss: 1.5118e+00 | Valid loss: 1.5397e+00 | Train acc: 0.3728 ± 0.0000 | Valid acc: 0.2598 ± 0.0000 | Valid Power: 0.0024 | Train Power: 0.0024 | patience:  61 | lr: 0.0001953125 | Epoch time: 0.1 |

2024-09-10 00:01:17,847 - INFO -
| Epoch:   1290 | Train loss: 1.5115e+00 | Valid loss: 1.5401e+00 | Train acc: 0.3728 ± 0.0000 | Valid acc: 0.2598 ± 0.0000 | Valid Power: 0.0024 | Train Power: 0.0024 | patience:  71 | lr: 0.0001953125 | Epoch time: 0.1 |

2024-09-10 00:01:19,131 - INFO -
| Epoch:   1300 | Train loss: 1.5113e+00 | Valid loss: 1.5407e+00 | Train acc: 0.3728 ± 0.0000 | Valid acc: 0.2598 ± 0.0000 | Valid Power: 0.0024 | Train Power: 0.0024 | patience:  81 | lr: 0.0001953125 | Epoch time: 0.1 |

2024-09-10 00:01:20,456 - INFO -
| Epoch:   1310 | Train loss: 1.5113e+00 | Valid loss: 1.5415e+00 | Train acc: 0.3728 ± 0.0000 | Valid acc: 0.2598 ± 0.0000 | Valid Power: 0.0024 | Train Power: 0.0024 | patience:  91 | lr: 0.0001953125 | Epoch time: 0.2 |

2024-09-10 00:01:21,719 - INFO -
load best network to warm start training with lower lr.

2024-09-10 00:01:21,719 - INFO -
lr update to 9.765625e-05.

2024-09-10 00:01:21,719 - INFO -
Early stop.

2024-09-10 00:01:21,725 - INFO -
Training if finished.

2024-09-12 13:58:07,224 - INFO -
Configuration: 
gmin                0.01
gmax                10.0
T                   0.1
m                   0.3
type_nonlinear      normal
act                 tanh
ACT_R1n             12.7865
ACT_R2n             -3.1871
ACT_W1n             -10.4537
ACT_L1n             10.546
ACT_W2n             -5.8496
ACT_L2n             4.2337
S_R1n               -11.7481
S_R2n               -0.3905
S_W1n               -9.169
S_L1n               0.3913
S_W2n               7.2004
S_L2n               15.5558
ReLU_RHn            -1.9557
ReLU_RLn            -20.1581
ReLU_RDn            16.6486
ReLU_RBn            -14.3472
ReLU_Wn             16.655
ReLU_Ln             -21.7591
HS_Rn               -0.3766
HS_Wn               0.5192
HS_Ln               4.6293
NEG_R1n             -7.0846
NEG_R2n             -2.5695
NEG_R3n             16.1542
NEG_W1n             13.8696
NEG_L1n             2.7635
NEG_W2n             1.2674
NEG_L2n             -10.4803
NEG_W3n             -6.4386
NEG_L3n             5.1005
task                normal
DATASET             8
DataPath            ./dataset
InputNoise          0.0
IN_test             0.0
R_train             1
R_test              1
N_time              32
pathnorm            False
hidden              [3]
skipconnection      False
SEED                1
DEVICE              cpu
PATIENCE            500
EPOCH               10000000000
LR                  0.1
PROGRESSIVE         True
LR_PATIENCE         100
LR_DECAY            0.5
LR_MIN              0.0001
metric              acc
SoftEva             True
TIMELIMITATION      71
MODE                nominal
M_train             1
K_train             1
M_test              1
K_test              1
t_test_max          1
integration         MC
N_train             1
e_train             0.0
N_test              100
e_test              0.1
e_fault             2
fault_ratio         0.0
N_fault             50
e_fault_test        0
N_fault_test        50
dropout             0.0
lagrangian_loss     False
rho                 100
powerestimator      none
powerbalance        0.0
estimatorbalance    0.0
pgmin               1e-07
power_ratio         1000
lambda_P            100
areaestimator       none
areabalance         0.0
area_theta          0.15
area_act            30.0
area_neg            22.7
lambda_A            0.001
lnc                 False
projectname         tanh_0_FaultAnalysisNormal
temppath            ./tanh_0_FaultAnalysisNormal/temp/
logfilepath         ./tanh_0_FaultAnalysisNormal/log/
report_freq         10
recording           False
recordpath          ./tanh_0_FaultAnalysisNormal/record/
savepath            ./tanh_0_FaultAnalysisNormal/models/
loglevel            info


2024-09-12 13:58:07,254 - INFO -
Training network on device: cpu.

2024-09-12 13:58:07,254 - INFO -
Training setup: data_08_pendigits_seed_01_epsilon_0.0_dropout_0.0_fault_ratio_0.0.model.

2024-09-12 13:58:07,254 - INFO -
{'dataname': 'pendigits', 'N_feature': 16, 'N_class': 10, 'N_train': 397, 'N_valid': 127, 'N_test': 79}

2024-09-12 13:58:07,255 - INFO -
Training was already finished.

