2024-09-09 23:57:34,739 - INFO -
Configuration: 
gmin                0.01
gmax                10.0
T                   0.1
m                   0.3
type_nonlinear      normal
act                 tanh
ACT_R1n             12.7865
ACT_R2n             -3.1871
ACT_W1n             -10.4537
ACT_L1n             10.546
ACT_W2n             -5.8496
ACT_L2n             4.2337
S_R1n               -11.7481
S_R2n               -0.3905
S_W1n               -9.169
S_L1n               0.3913
S_W2n               7.2004
S_L2n               15.5558
ReLU_RHn            -1.9557
ReLU_RLn            -20.1581
ReLU_RDn            16.6486
ReLU_RBn            -14.3472
ReLU_Wn             16.655
ReLU_Ln             -21.7591
HS_Rn               -0.3766
HS_Wn               0.5192
HS_Ln               4.6293
NEG_R1n             -7.0846
NEG_R2n             -2.5695
NEG_R3n             16.1542
NEG_W1n             13.8696
NEG_L1n             2.7635
NEG_W2n             1.2674
NEG_L2n             -10.4803
NEG_W3n             -6.4386
NEG_L3n             5.1005
task                normal
DATASET             11
DataPath            ./dataset
InputNoise          0.0
IN_test             0.0
R_train             1
R_test              1
N_time              32
pathnorm            False
hidden              [3]
skipconnection      False
SEED                3
DEVICE              cpu
PATIENCE            500
EPOCH               10000000000
LR                  0.1
PROGRESSIVE         True
LR_PATIENCE         100
LR_DECAY            0.5
LR_MIN              0.0001
metric              acc
SoftEva             True
TIMELIMITATION      71
MODE                nominal
M_train             1
K_train             1
M_test              1
K_test              1
t_test_max          1
integration         MC
N_train             1
e_train             0.0
N_test              100
e_test              0.1
e_fault             2
fault_ratio         0.0
N_fault             50
e_fault_test        0
N_fault_test        50
dropout             0.0
lagrangian_loss     False
rho                 100
powerestimator      none
powerbalance        0.0
estimatorbalance    0.0
pgmin               1e-07
power_ratio         1000
lambda_P            100
areaestimator       none
areabalance         0.0
area_theta          0.15
area_act            30.0
area_neg            22.7
lambda_A            0.001
lnc                 False
projectname         tanh_0_FaultAnalysisNormal
temppath            ./tanh_0_FaultAnalysisNormal/temp/
logfilepath         ./tanh_0_FaultAnalysisNormal/log/
report_freq         10
recording           False
recordpath          ./tanh_0_FaultAnalysisNormal/record/
savepath            ./tanh_0_FaultAnalysisNormal/models/
loglevel            info


2024-09-09 23:57:34,739 - INFO -
Training network on device: cpu.

2024-09-09 23:57:34,739 - INFO -
Training setup: data_11_vertebralcolumn2clases_seed_03_epsilon_0.0_dropout_0.0_fault_ratio_0.0.model.

2024-09-09 23:57:34,739 - INFO -
{'dataname': 'vertebralcolumn2clases', 'N_feature': 6, 'N_class': 2, 'N_train': 184, 'N_valid': 61, 'N_test': 63}

2024-09-09 23:57:34,739 - INFO -
Topology of the network: [6, 3, 2].

2024-09-09 23:57:36,503 - INFO -
| Epoch:      0 | Train loss: 6.9315e-01 | Valid loss: 6.6274e-01 | Train acc: 0.3043 ± 0.0000 | Valid acc: 0.6721 ± 0.0000 | Valid Power: 0.0008 | Train Power: 0.0004 | patience:   0 | lr: 0.1 | Epoch time: 0.1 |

2024-09-09 23:57:37,406 - INFO -
| Epoch:     10 | Train loss: 6.2271e-01 | Valid loss: 6.4427e-01 | Train acc: 0.6957 ± 0.0000 | Valid acc: 0.6721 ± 0.0000 | Valid Power: 0.0007 | Train Power: 0.0007 | patience:   8 | lr: 0.1 | Epoch time: 0.1 |

2024-09-09 23:57:38,321 - INFO -
| Epoch:     20 | Train loss: 6.1432e-01 | Valid loss: 6.3293e-01 | Train acc: 0.6957 ± 0.0000 | Valid acc: 0.6721 ± 0.0000 | Valid Power: 0.0007 | Train Power: 0.0008 | patience:   1 | lr: 0.1 | Epoch time: 0.1 |

2024-09-09 23:57:39,261 - INFO -
| Epoch:     30 | Train loss: 6.1226e-01 | Valid loss: 6.2965e-01 | Train acc: 0.6957 ± 0.0000 | Valid acc: 0.6721 ± 0.0000 | Valid Power: 0.0008 | Train Power: 0.0007 | patience:   0 | lr: 0.1 | Epoch time: 0.1 |

2024-09-09 23:57:40,179 - INFO -
| Epoch:     40 | Train loss: 6.0558e-01 | Valid loss: 6.2125e-01 | Train acc: 0.6957 ± 0.0000 | Valid acc: 0.6721 ± 0.0000 | Valid Power: 0.0007 | Train Power: 0.0008 | patience:   0 | lr: 0.1 | Epoch time: 0.1 |

2024-09-09 23:57:41,104 - INFO -
| Epoch:     50 | Train loss: 5.8821e-01 | Valid loss: 6.0015e-01 | Train acc: 0.6957 ± 0.0000 | Valid acc: 0.6721 ± 0.0000 | Valid Power: 0.0009 | Train Power: 0.0040 | patience:   0 | lr: 0.1 | Epoch time: 0.1 |

2024-09-09 23:57:42,016 - INFO -
| Epoch:     60 | Train loss: 5.6896e-01 | Valid loss: 5.7822e-01 | Train acc: 0.6902 ± 0.0000 | Valid acc: 0.6557 ± 0.0000 | Valid Power: 0.0008 | Train Power: 0.0008 | patience:   1 | lr: 0.1 | Epoch time: 0.1 |

2024-09-09 23:57:42,938 - INFO -
| Epoch:     70 | Train loss: 5.5588e-01 | Valid loss: 5.6221e-01 | Train acc: 0.6793 ± 0.0000 | Valid acc: 0.6557 ± 0.0000 | Valid Power: 0.0008 | Train Power: 0.0008 | patience:   0 | lr: 0.1 | Epoch time: 0.1 |

2024-09-09 23:57:43,847 - INFO -
| Epoch:     80 | Train loss: 5.4894e-01 | Valid loss: 5.5331e-01 | Train acc: 0.6685 ± 0.0000 | Valid acc: 0.7049 ± 0.0000 | Valid Power: 0.0008 | Train Power: 0.0008 | patience:   0 | lr: 0.1 | Epoch time: 0.1 |

2024-09-09 23:57:44,743 - INFO -
| Epoch:     90 | Train loss: 5.5043e-01 | Valid loss: 5.5108e-01 | Train acc: 0.6902 ± 0.0000 | Valid acc: 0.7213 ± 0.0000 | Valid Power: 0.0008 | Train Power: 0.0008 | patience:   1 | lr: 0.1 | Epoch time: 0.1 |

2024-09-09 23:57:45,647 - INFO -
| Epoch:    100 | Train loss: 5.4481e-01 | Valid loss: 5.5565e-01 | Train acc: 0.6957 ± 0.0000 | Valid acc: 0.6885 ± 0.0000 | Valid Power: 0.0008 | Train Power: 0.0008 | patience:   1 | lr: 0.1 | Epoch time: 0.1 |

2024-09-09 23:57:46,536 - INFO -
| Epoch:    110 | Train loss: 5.4273e-01 | Valid loss: 5.6952e-01 | Train acc: 0.6793 ± 0.0000 | Valid acc: 0.6557 ± 0.0000 | Valid Power: 0.0008 | Train Power: 0.0008 | patience:  11 | lr: 0.1 | Epoch time: 0.1 |

2024-09-09 23:57:47,426 - INFO -
| Epoch:    120 | Train loss: 5.4088e-01 | Valid loss: 5.5236e-01 | Train acc: 0.6739 ± 0.0000 | Valid acc: 0.7377 ± 0.0000 | Valid Power: 0.0009 | Train Power: 0.0010 | patience:  21 | lr: 0.1 | Epoch time: 0.1 |

2024-09-09 23:57:48,318 - INFO -
| Epoch:    130 | Train loss: 5.3967e-01 | Valid loss: 5.5700e-01 | Train acc: 0.6902 ± 0.0000 | Valid acc: 0.7049 ± 0.0000 | Valid Power: 0.0008 | Train Power: 0.0008 | patience:  31 | lr: 0.1 | Epoch time: 0.1 |

2024-09-09 23:57:49,306 - INFO -
| Epoch:    140 | Train loss: 5.4169e-01 | Valid loss: 5.5974e-01 | Train acc: 0.6739 ± 0.0000 | Valid acc: 0.7213 ± 0.0000 | Valid Power: 0.0008 | Train Power: 0.0008 | patience:  41 | lr: 0.1 | Epoch time: 0.1 |

2024-09-09 23:57:50,195 - INFO -
| Epoch:    150 | Train loss: 5.3798e-01 | Valid loss: 5.5870e-01 | Train acc: 0.7120 ± 0.0000 | Valid acc: 0.7705 ± 0.0000 | Valid Power: 0.0008 | Train Power: 0.0008 | patience:  51 | lr: 0.1 | Epoch time: 0.1 |

2024-09-09 23:57:51,083 - INFO -
| Epoch:    160 | Train loss: 5.3708e-01 | Valid loss: 5.5990e-01 | Train acc: 0.6957 ± 0.0000 | Valid acc: 0.7541 ± 0.0000 | Valid Power: 0.0008 | Train Power: 0.0008 | patience:  61 | lr: 0.1 | Epoch time: 0.1 |

2024-09-09 23:57:51,974 - INFO -
| Epoch:    170 | Train loss: 5.3607e-01 | Valid loss: 5.6005e-01 | Train acc: 0.7174 ± 0.0000 | Valid acc: 0.7705 ± 0.0000 | Valid Power: 0.0008 | Train Power: 0.0008 | patience:  71 | lr: 0.1 | Epoch time: 0.1 |

2024-09-09 23:57:52,871 - INFO -
| Epoch:    180 | Train loss: 5.3572e-01 | Valid loss: 5.6011e-01 | Train acc: 0.7228 ± 0.0000 | Valid acc: 0.7705 ± 0.0000 | Valid Power: 0.0008 | Train Power: 0.0008 | patience:  81 | lr: 0.1 | Epoch time: 0.1 |

2024-09-09 23:57:53,760 - INFO -
| Epoch:    190 | Train loss: 5.3748e-01 | Valid loss: 5.6030e-01 | Train acc: 0.7120 ± 0.0000 | Valid acc: 0.7705 ± 0.0000 | Valid Power: 0.0008 | Train Power: 0.0008 | patience:  91 | lr: 0.1 | Epoch time: 0.1 |

2024-09-09 23:57:54,652 - INFO -
load best network to warm start training with lower lr.

2024-09-09 23:57:54,653 - INFO -
lr update to 0.05.

2024-09-09 23:57:54,653 - INFO -
| Epoch:    200 | Train loss: 5.4010e-01 | Valid loss: 5.6083e-01 | Train acc: 0.6902 ± 0.0000 | Valid acc: 0.7705 ± 0.0000 | Valid Power: 0.0008 | Train Power: 0.0008 | patience:   0 | lr: 0.05 | Epoch time: 0.1 |

2024-09-09 23:57:55,545 - INFO -
| Epoch:    210 | Train loss: 6.4321e-01 | Valid loss: 5.5380e-01 | Train acc: 0.6033 ± 0.0000 | Valid acc: 0.7049 ± 0.0000 | Valid Power: 0.0008 | Train Power: 0.0008 | patience:  10 | lr: 0.05 | Epoch time: 0.1 |

2024-09-09 23:57:56,436 - INFO -
| Epoch:    220 | Train loss: 6.0496e-01 | Valid loss: 5.6732e-01 | Train acc: 0.6522 ± 0.0000 | Valid acc: 0.6885 ± 0.0000 | Valid Power: 0.0008 | Train Power: 0.0008 | patience:  20 | lr: 0.05 | Epoch time: 0.1 |

2024-09-09 23:57:57,327 - INFO -
| Epoch:    230 | Train loss: 5.5270e-01 | Valid loss: 5.6304e-01 | Train acc: 0.6902 ± 0.0000 | Valid acc: 0.7705 ± 0.0000 | Valid Power: 0.0008 | Train Power: 0.0008 | patience:  30 | lr: 0.05 | Epoch time: 0.1 |

2024-09-09 23:57:58,224 - INFO -
| Epoch:    240 | Train loss: 5.4539e-01 | Valid loss: 5.6533e-01 | Train acc: 0.6739 ± 0.0000 | Valid acc: 0.7049 ± 0.0000 | Valid Power: 0.0008 | Train Power: 0.0008 | patience:  40 | lr: 0.05 | Epoch time: 0.1 |

2024-09-09 23:57:59,114 - INFO -
| Epoch:    250 | Train loss: 5.4437e-01 | Valid loss: 5.5273e-01 | Train acc: 0.7120 ± 0.0000 | Valid acc: 0.7705 ± 0.0000 | Valid Power: 0.0008 | Train Power: 0.0008 | patience:  50 | lr: 0.05 | Epoch time: 0.1 |

2024-09-09 23:58:00,004 - INFO -
| Epoch:    260 | Train loss: 5.4186e-01 | Valid loss: 5.5720e-01 | Train acc: 0.6793 ± 0.0000 | Valid acc: 0.7049 ± 0.0000 | Valid Power: 0.0008 | Train Power: 0.0008 | patience:  60 | lr: 0.05 | Epoch time: 0.1 |

2024-09-09 23:58:00,895 - INFO -
| Epoch:    270 | Train loss: 5.3998e-01 | Valid loss: 5.5698e-01 | Train acc: 0.6793 ± 0.0000 | Valid acc: 0.7213 ± 0.0000 | Valid Power: 0.0008 | Train Power: 0.0008 | patience:  70 | lr: 0.05 | Epoch time: 0.1 |

2024-09-09 23:58:01,786 - INFO -
| Epoch:    280 | Train loss: 5.3917e-01 | Valid loss: 5.5659e-01 | Train acc: 0.6902 ± 0.0000 | Valid acc: 0.7213 ± 0.0000 | Valid Power: 0.0009 | Train Power: 0.0008 | patience:  80 | lr: 0.05 | Epoch time: 0.1 |

2024-09-09 23:58:02,677 - INFO -
| Epoch:    290 | Train loss: 5.3855e-01 | Valid loss: 5.5650e-01 | Train acc: 0.6902 ± 0.0000 | Valid acc: 0.7377 ± 0.0000 | Valid Power: 0.0008 | Train Power: 0.0008 | patience:  90 | lr: 0.05 | Epoch time: 0.1 |

2024-09-09 23:58:03,566 - INFO -
| Epoch:    300 | Train loss: 5.3790e-01 | Valid loss: 5.5656e-01 | Train acc: 0.6902 ± 0.0000 | Valid acc: 0.7541 ± 0.0000 | Valid Power: 0.0008 | Train Power: 0.0008 | patience: 100 | lr: 0.05 | Epoch time: 0.1 |

2024-09-09 23:58:03,659 - INFO -
load best network to warm start training with lower lr.

2024-09-09 23:58:03,659 - INFO -
lr update to 0.025.

2024-09-09 23:58:04,460 - INFO -
| Epoch:    310 | Train loss: 5.4311e-01 | Valid loss: 5.5265e-01 | Train acc: 0.6739 ± 0.0000 | Valid acc: 0.7049 ± 0.0000 | Valid Power: 0.0008 | Train Power: 0.0010 | patience:   9 | lr: 0.025 | Epoch time: 0.1 |

2024-09-09 23:58:05,356 - INFO -
| Epoch:    320 | Train loss: 5.4286e-01 | Valid loss: 5.5838e-01 | Train acc: 0.6793 ± 0.0000 | Valid acc: 0.6721 ± 0.0000 | Valid Power: 0.0008 | Train Power: 0.0008 | patience:  19 | lr: 0.025 | Epoch time: 0.1 |

2024-09-09 23:58:06,247 - INFO -
| Epoch:    330 | Train loss: 5.4220e-01 | Valid loss: 5.5661e-01 | Train acc: 0.6793 ± 0.0000 | Valid acc: 0.7049 ± 0.0000 | Valid Power: 0.0012 | Train Power: 0.0011 | patience:  29 | lr: 0.025 | Epoch time: 0.1 |

2024-09-09 23:58:07,139 - INFO -
| Epoch:    340 | Train loss: 5.4116e-01 | Valid loss: 5.5536e-01 | Train acc: 0.6685 ± 0.0000 | Valid acc: 0.7049 ± 0.0000 | Valid Power: 0.0008 | Train Power: 0.0008 | patience:  39 | lr: 0.025 | Epoch time: 0.1 |

2024-09-09 23:58:08,030 - INFO -
| Epoch:    350 | Train loss: 5.4039e-01 | Valid loss: 5.5546e-01 | Train acc: 0.6685 ± 0.0000 | Valid acc: 0.7213 ± 0.0000 | Valid Power: 0.0008 | Train Power: 0.0008 | patience:  49 | lr: 0.025 | Epoch time: 0.1 |

2024-09-09 23:58:08,922 - INFO -
| Epoch:    360 | Train loss: 5.3956e-01 | Valid loss: 5.5491e-01 | Train acc: 0.6902 ± 0.0000 | Valid acc: 0.7377 ± 0.0000 | Valid Power: 0.0008 | Train Power: 0.0008 | patience:  59 | lr: 0.025 | Epoch time: 0.1 |

2024-09-09 23:58:09,812 - INFO -
| Epoch:    370 | Train loss: 5.3908e-01 | Valid loss: 5.5454e-01 | Train acc: 0.6902 ± 0.0000 | Valid acc: 0.7541 ± 0.0000 | Valid Power: 0.0008 | Train Power: 0.0008 | patience:  69 | lr: 0.025 | Epoch time: 0.1 |

2024-09-09 23:58:10,702 - INFO -
| Epoch:    380 | Train loss: 5.3862e-01 | Valid loss: 5.5470e-01 | Train acc: 0.6902 ± 0.0000 | Valid acc: 0.7705 ± 0.0000 | Valid Power: 0.0008 | Train Power: 0.0008 | patience:  79 | lr: 0.025 | Epoch time: 0.1 |

2024-09-09 23:58:11,593 - INFO -
| Epoch:    390 | Train loss: 5.3820e-01 | Valid loss: 5.5497e-01 | Train acc: 0.6902 ± 0.0000 | Valid acc: 0.7705 ± 0.0000 | Valid Power: 0.0008 | Train Power: 0.0008 | patience:  89 | lr: 0.025 | Epoch time: 0.1 |

2024-09-09 23:58:12,486 - INFO -
| Epoch:    400 | Train loss: 5.3783e-01 | Valid loss: 5.5506e-01 | Train acc: 0.6848 ± 0.0000 | Valid acc: 0.7705 ± 0.0000 | Valid Power: 0.0008 | Train Power: 0.0008 | patience:  99 | lr: 0.025 | Epoch time: 0.1 |

2024-09-09 23:58:12,668 - INFO -
load best network to warm start training with lower lr.

2024-09-09 23:58:12,668 - INFO -
lr update to 0.0125.

2024-09-09 23:58:13,380 - INFO -
| Epoch:    410 | Train loss: 5.4538e-01 | Valid loss: 5.6461e-01 | Train acc: 0.6630 ± 0.0000 | Valid acc: 0.6721 ± 0.0000 | Valid Power: 0.0008 | Train Power: 0.0008 | patience:   8 | lr: 0.0125 | Epoch time: 0.1 |

2024-09-09 23:58:14,279 - INFO -
| Epoch:    420 | Train loss: 5.4281e-01 | Valid loss: 5.5313e-01 | Train acc: 0.6902 ± 0.0000 | Valid acc: 0.7213 ± 0.0000 | Valid Power: 0.0008 | Train Power: 0.0008 | patience:  18 | lr: 0.0125 | Epoch time: 0.1 |

2024-09-09 23:58:15,169 - INFO -
| Epoch:    430 | Train loss: 5.4175e-01 | Valid loss: 5.6185e-01 | Train acc: 0.6685 ± 0.0000 | Valid acc: 0.7213 ± 0.0000 | Valid Power: 0.0008 | Train Power: 0.0008 | patience:  28 | lr: 0.0125 | Epoch time: 0.1 |

2024-09-09 23:58:16,059 - INFO -
| Epoch:    440 | Train loss: 5.4065e-01 | Valid loss: 5.6103e-01 | Train acc: 0.6902 ± 0.0000 | Valid acc: 0.7705 ± 0.0000 | Valid Power: 0.0008 | Train Power: 0.0008 | patience:  38 | lr: 0.0125 | Epoch time: 0.1 |

2024-09-09 23:58:16,949 - INFO -
| Epoch:    450 | Train loss: 5.4031e-01 | Valid loss: 5.6011e-01 | Train acc: 0.6848 ± 0.0000 | Valid acc: 0.7705 ± 0.0000 | Valid Power: 0.0008 | Train Power: 0.0008 | patience:  48 | lr: 0.0125 | Epoch time: 0.1 |

2024-09-09 23:58:17,840 - INFO -
| Epoch:    460 | Train loss: 5.3989e-01 | Valid loss: 5.6059e-01 | Train acc: 0.6902 ± 0.0000 | Valid acc: 0.7705 ± 0.0000 | Valid Power: 0.0008 | Train Power: 0.0008 | patience:  58 | lr: 0.0125 | Epoch time: 0.1 |

2024-09-09 23:58:18,731 - INFO -
| Epoch:    470 | Train loss: 5.3958e-01 | Valid loss: 5.6025e-01 | Train acc: 0.6902 ± 0.0000 | Valid acc: 0.7705 ± 0.0000 | Valid Power: 0.0008 | Train Power: 0.0008 | patience:  68 | lr: 0.0125 | Epoch time: 0.1 |

2024-09-09 23:58:19,622 - INFO -
| Epoch:    480 | Train loss: 5.3925e-01 | Valid loss: 5.6048e-01 | Train acc: 0.6848 ± 0.0000 | Valid acc: 0.7705 ± 0.0000 | Valid Power: 0.0008 | Train Power: 0.0008 | patience:  78 | lr: 0.0125 | Epoch time: 0.1 |

2024-09-09 23:58:20,513 - INFO -
| Epoch:    490 | Train loss: 5.3894e-01 | Valid loss: 5.6042e-01 | Train acc: 0.6848 ± 0.0000 | Valid acc: 0.7705 ± 0.0000 | Valid Power: 0.0008 | Train Power: 0.0008 | patience:  88 | lr: 0.0125 | Epoch time: 0.1 |

2024-09-09 23:58:21,403 - INFO -
| Epoch:    500 | Train loss: 5.3864e-01 | Valid loss: 5.6050e-01 | Train acc: 0.6848 ± 0.0000 | Valid acc: 0.7705 ± 0.0000 | Valid Power: 0.0008 | Train Power: 0.0008 | patience:  98 | lr: 0.0125 | Epoch time: 0.1 |

2024-09-09 23:58:21,673 - INFO -
load best network to warm start training with lower lr.

2024-09-09 23:58:21,674 - INFO -
lr update to 0.00625.

2024-09-09 23:58:22,297 - INFO -
| Epoch:    510 | Train loss: 5.4289e-01 | Valid loss: 5.5452e-01 | Train acc: 0.6739 ± 0.0000 | Valid acc: 0.7049 ± 0.0000 | Valid Power: 0.0008 | Train Power: 0.0008 | patience:   7 | lr: 0.00625 | Epoch time: 0.1 |

2024-09-09 23:58:23,188 - INFO -
| Epoch:    520 | Train loss: 5.4279e-01 | Valid loss: 5.5412e-01 | Train acc: 0.6685 ± 0.0000 | Valid acc: 0.7049 ± 0.0000 | Valid Power: 0.0008 | Train Power: 0.0008 | patience:  17 | lr: 0.00625 | Epoch time: 0.1 |

2024-09-09 23:58:24,079 - INFO -
| Epoch:    530 | Train loss: 5.4221e-01 | Valid loss: 5.5456e-01 | Train acc: 0.6685 ± 0.0000 | Valid acc: 0.7049 ± 0.0000 | Valid Power: 0.0008 | Train Power: 0.0008 | patience:  27 | lr: 0.00625 | Epoch time: 0.1 |

2024-09-09 23:58:24,970 - INFO -
| Epoch:    540 | Train loss: 5.4184e-01 | Valid loss: 5.5374e-01 | Train acc: 0.6793 ± 0.0000 | Valid acc: 0.7213 ± 0.0000 | Valid Power: 0.0008 | Train Power: 0.0008 | patience:  37 | lr: 0.00625 | Epoch time: 0.1 |

2024-09-09 23:58:25,866 - INFO -
| Epoch:    550 | Train loss: 5.4157e-01 | Valid loss: 5.5329e-01 | Train acc: 0.6902 ± 0.0000 | Valid acc: 0.7213 ± 0.0000 | Valid Power: 0.0008 | Train Power: 0.0008 | patience:  47 | lr: 0.00625 | Epoch time: 0.1 |

2024-09-09 23:58:26,757 - INFO -
| Epoch:    560 | Train loss: 5.4134e-01 | Valid loss: 5.5343e-01 | Train acc: 0.6902 ± 0.0000 | Valid acc: 0.7377 ± 0.0000 | Valid Power: 0.0008 | Train Power: 0.0008 | patience:  57 | lr: 0.00625 | Epoch time: 0.1 |

2024-09-09 23:58:27,647 - INFO -
| Epoch:    570 | Train loss: 5.4111e-01 | Valid loss: 5.5368e-01 | Train acc: 0.6902 ± 0.0000 | Valid acc: 0.7213 ± 0.0000 | Valid Power: 0.0008 | Train Power: 0.0008 | patience:  67 | lr: 0.00625 | Epoch time: 0.1 |

2024-09-09 23:58:28,538 - INFO -
| Epoch:    580 | Train loss: 5.4089e-01 | Valid loss: 5.5370e-01 | Train acc: 0.6902 ± 0.0000 | Valid acc: 0.7377 ± 0.0000 | Valid Power: 0.0008 | Train Power: 0.0008 | patience:  77 | lr: 0.00625 | Epoch time: 0.1 |

2024-09-09 23:58:29,429 - INFO -
| Epoch:    590 | Train loss: 5.4067e-01 | Valid loss: 5.5363e-01 | Train acc: 0.6902 ± 0.0000 | Valid acc: 0.7377 ± 0.0000 | Valid Power: 0.0008 | Train Power: 0.0008 | patience:  87 | lr: 0.00625 | Epoch time: 0.1 |

2024-09-09 23:58:30,319 - INFO -
| Epoch:    600 | Train loss: 5.4045e-01 | Valid loss: 5.5366e-01 | Train acc: 0.6902 ± 0.0000 | Valid acc: 0.7377 ± 0.0000 | Valid Power: 0.0008 | Train Power: 0.0008 | patience:  97 | lr: 0.00625 | Epoch time: 0.1 |

2024-09-09 23:58:30,772 - INFO -
load best network to warm start training with lower lr.

2024-09-09 23:58:30,772 - INFO -
lr update to 0.003125.

2024-09-09 23:58:31,307 - INFO -
| Epoch:    610 | Train loss: 5.4391e-01 | Valid loss: 5.5009e-01 | Train acc: 0.6848 ± 0.0000 | Valid acc: 0.7705 ± 0.0000 | Valid Power: 0.0008 | Train Power: 0.0008 | patience:   6 | lr: 0.003125 | Epoch time: 0.1 |

2024-09-09 23:58:32,198 - INFO -
| Epoch:    620 | Train loss: 5.4284e-01 | Valid loss: 5.5101e-01 | Train acc: 0.6902 ± 0.0000 | Valid acc: 0.7213 ± 0.0000 | Valid Power: 0.0008 | Train Power: 0.0008 | patience:  16 | lr: 0.003125 | Epoch time: 0.1 |

2024-09-09 23:58:33,089 - INFO -
| Epoch:    630 | Train loss: 5.4226e-01 | Valid loss: 5.5196e-01 | Train acc: 0.6739 ± 0.0000 | Valid acc: 0.7213 ± 0.0000 | Valid Power: 0.0008 | Train Power: 0.0008 | patience:  26 | lr: 0.003125 | Epoch time: 0.1 |

2024-09-09 23:58:33,980 - INFO -
| Epoch:    640 | Train loss: 5.4204e-01 | Valid loss: 5.5245e-01 | Train acc: 0.6685 ± 0.0000 | Valid acc: 0.7049 ± 0.0000 | Valid Power: 0.0008 | Train Power: 0.0008 | patience:  36 | lr: 0.003125 | Epoch time: 0.1 |

2024-09-09 23:58:34,871 - INFO -
| Epoch:    650 | Train loss: 5.4190e-01 | Valid loss: 5.5265e-01 | Train acc: 0.6685 ± 0.0000 | Valid acc: 0.7049 ± 0.0000 | Valid Power: 0.0008 | Train Power: 0.0008 | patience:  46 | lr: 0.003125 | Epoch time: 0.1 |

2024-09-09 23:58:35,762 - INFO -
| Epoch:    660 | Train loss: 5.4176e-01 | Valid loss: 5.5259e-01 | Train acc: 0.6685 ± 0.0000 | Valid acc: 0.7049 ± 0.0000 | Valid Power: 0.0008 | Train Power: 0.0008 | patience:  56 | lr: 0.003125 | Epoch time: 0.1 |

2024-09-09 23:58:36,654 - INFO -
| Epoch:    670 | Train loss: 5.4161e-01 | Valid loss: 5.5246e-01 | Train acc: 0.6685 ± 0.0000 | Valid acc: 0.7049 ± 0.0000 | Valid Power: 0.0008 | Train Power: 0.0008 | patience:  66 | lr: 0.003125 | Epoch time: 0.1 |

2024-09-09 23:58:37,545 - INFO -
| Epoch:    680 | Train loss: 5.4146e-01 | Valid loss: 5.5233e-01 | Train acc: 0.6739 ± 0.0000 | Valid acc: 0.7213 ± 0.0000 | Valid Power: 0.0011 | Train Power: 0.0010 | patience:  76 | lr: 0.003125 | Epoch time: 0.1 |

2024-09-09 23:58:38,436 - INFO -
| Epoch:    690 | Train loss: 5.4132e-01 | Valid loss: 5.5226e-01 | Train acc: 0.6739 ± 0.0000 | Valid acc: 0.7213 ± 0.0000 | Valid Power: 0.0008 | Train Power: 0.0008 | patience:  86 | lr: 0.003125 | Epoch time: 0.1 |

2024-09-09 23:58:39,327 - INFO -
| Epoch:    700 | Train loss: 5.4117e-01 | Valid loss: 5.5224e-01 | Train acc: 0.6739 ± 0.0000 | Valid acc: 0.7213 ± 0.0000 | Valid Power: 0.0008 | Train Power: 0.0008 | patience:  96 | lr: 0.003125 | Epoch time: 0.1 |

2024-09-09 23:58:39,776 - INFO -
load best network to warm start training with lower lr.

2024-09-09 23:58:39,776 - INFO -
lr update to 0.0015625.

2024-09-09 23:58:40,227 - INFO -
| Epoch:    710 | Train loss: 5.4433e-01 | Valid loss: 5.4984e-01 | Train acc: 0.6957 ± 0.0000 | Valid acc: 0.7705 ± 0.0000 | Valid Power: 0.0008 | Train Power: 0.0008 | patience:   4 | lr: 0.0015625 | Epoch time: 0.1 |

2024-09-09 23:58:41,126 - INFO -
| Epoch:    720 | Train loss: 5.4362e-01 | Valid loss: 5.5024e-01 | Train acc: 0.6902 ± 0.0000 | Valid acc: 0.7705 ± 0.0000 | Valid Power: 0.0008 | Train Power: 0.0008 | patience:  14 | lr: 0.0015625 | Epoch time: 0.1 |

2024-09-09 23:58:42,019 - INFO -
| Epoch:    730 | Train loss: 5.4309e-01 | Valid loss: 5.5067e-01 | Train acc: 0.6902 ± 0.0000 | Valid acc: 0.7541 ± 0.0000 | Valid Power: 0.0008 | Train Power: 0.0008 | patience:  24 | lr: 0.0015625 | Epoch time: 0.1 |

2024-09-09 23:58:42,935 - INFO -
| Epoch:    740 | Train loss: 5.4270e-01 | Valid loss: 5.5111e-01 | Train acc: 0.6902 ± 0.0000 | Valid acc: 0.7377 ± 0.0000 | Valid Power: 0.0008 | Train Power: 0.0008 | patience:  34 | lr: 0.0015625 | Epoch time: 0.1 |

2024-09-09 23:58:43,827 - INFO -
| Epoch:    750 | Train loss: 5.4244e-01 | Valid loss: 5.5149e-01 | Train acc: 0.6902 ± 0.0000 | Valid acc: 0.7213 ± 0.0000 | Valid Power: 0.0008 | Train Power: 0.0008 | patience:  44 | lr: 0.0015625 | Epoch time: 0.1 |

2024-09-09 23:58:44,719 - INFO -
| Epoch:    760 | Train loss: 5.4223e-01 | Valid loss: 5.5182e-01 | Train acc: 0.6739 ± 0.0000 | Valid acc: 0.7213 ± 0.0000 | Valid Power: 0.0008 | Train Power: 0.0008 | patience:  54 | lr: 0.0015625 | Epoch time: 0.1 |

2024-09-09 23:58:45,610 - INFO -
| Epoch:    770 | Train loss: 5.4212e-01 | Valid loss: 5.5202e-01 | Train acc: 0.6739 ± 0.0000 | Valid acc: 0.7213 ± 0.0000 | Valid Power: 0.0009 | Train Power: 0.0009 | patience:  64 | lr: 0.0015625 | Epoch time: 0.1 |

2024-09-09 23:58:46,502 - INFO -
| Epoch:    780 | Train loss: 5.4200e-01 | Valid loss: 5.5219e-01 | Train acc: 0.6739 ± 0.0000 | Valid acc: 0.7213 ± 0.0000 | Valid Power: 0.0139 | Train Power: 0.0044 | patience:  74 | lr: 0.0015625 | Epoch time: 0.1 |

2024-09-09 23:58:47,393 - INFO -
| Epoch:    790 | Train loss: 5.4192e-01 | Valid loss: 5.5224e-01 | Train acc: 0.6739 ± 0.0000 | Valid acc: 0.7213 ± 0.0000 | Valid Power: 0.0012 | Train Power: 0.0012 | patience:  84 | lr: 0.0015625 | Epoch time: 0.1 |

2024-09-09 23:58:48,284 - INFO -
| Epoch:    800 | Train loss: 5.4184e-01 | Valid loss: 5.5226e-01 | Train acc: 0.6739 ± 0.0000 | Valid acc: 0.7213 ± 0.0000 | Valid Power: 0.0011 | Train Power: 0.0011 | patience:  94 | lr: 0.0015625 | Epoch time: 0.1 |

2024-09-09 23:58:48,913 - INFO -
load best network to warm start training with lower lr.

2024-09-09 23:58:48,913 - INFO -
lr update to 0.00078125.

2024-09-09 23:58:49,181 - INFO -
| Epoch:    810 | Train loss: 5.4450e-01 | Valid loss: 5.4973e-01 | Train acc: 0.6957 ± 0.0000 | Valid acc: 0.7705 ± 0.0000 | Valid Power: 0.0008 | Train Power: 0.0008 | patience:   3 | lr: 0.00078125 | Epoch time: 0.1 |

2024-09-09 23:58:50,072 - INFO -
| Epoch:    820 | Train loss: 5.4410e-01 | Valid loss: 5.4992e-01 | Train acc: 0.6848 ± 0.0000 | Valid acc: 0.7705 ± 0.0000 | Valid Power: 0.0008 | Train Power: 0.0008 | patience:  13 | lr: 0.00078125 | Epoch time: 0.1 |

2024-09-09 23:58:50,963 - INFO -
| Epoch:    830 | Train loss: 5.4375e-01 | Valid loss: 5.5012e-01 | Train acc: 0.6902 ± 0.0000 | Valid acc: 0.7705 ± 0.0000 | Valid Power: 0.0008 | Train Power: 0.0008 | patience:  23 | lr: 0.00078125 | Epoch time: 0.1 |

2024-09-09 23:58:51,855 - INFO -
| Epoch:    840 | Train loss: 5.4345e-01 | Valid loss: 5.5033e-01 | Train acc: 0.6902 ± 0.0000 | Valid acc: 0.7705 ± 0.0000 | Valid Power: 0.0008 | Train Power: 0.0008 | patience:  33 | lr: 0.00078125 | Epoch time: 0.1 |

2024-09-09 23:58:52,747 - INFO -
| Epoch:    850 | Train loss: 5.4320e-01 | Valid loss: 5.5054e-01 | Train acc: 0.6902 ± 0.0000 | Valid acc: 0.7541 ± 0.0000 | Valid Power: 0.0008 | Train Power: 0.0008 | patience:  43 | lr: 0.00078125 | Epoch time: 0.1 |

2024-09-09 23:58:53,638 - INFO -
| Epoch:    860 | Train loss: 5.4298e-01 | Valid loss: 5.5074e-01 | Train acc: 0.6902 ± 0.0000 | Valid acc: 0.7541 ± 0.0000 | Valid Power: 0.0008 | Train Power: 0.0008 | patience:  53 | lr: 0.00078125 | Epoch time: 0.1 |

2024-09-09 23:58:54,530 - INFO -
| Epoch:    870 | Train loss: 5.4280e-01 | Valid loss: 5.5093e-01 | Train acc: 0.6902 ± 0.0000 | Valid acc: 0.7377 ± 0.0000 | Valid Power: 0.0008 | Train Power: 0.0008 | patience:  63 | lr: 0.00078125 | Epoch time: 0.1 |

2024-09-09 23:58:55,422 - INFO -
| Epoch:    880 | Train loss: 5.4264e-01 | Valid loss: 5.5112e-01 | Train acc: 0.6902 ± 0.0000 | Valid acc: 0.7377 ± 0.0000 | Valid Power: 0.0008 | Train Power: 0.0008 | patience:  73 | lr: 0.00078125 | Epoch time: 0.1 |

2024-09-09 23:58:56,315 - INFO -
| Epoch:    890 | Train loss: 5.4251e-01 | Valid loss: 5.5129e-01 | Train acc: 0.6902 ± 0.0000 | Valid acc: 0.7213 ± 0.0000 | Valid Power: 0.0008 | Train Power: 0.0008 | patience:  83 | lr: 0.00078125 | Epoch time: 0.1 |

2024-09-09 23:58:57,207 - INFO -
| Epoch:    900 | Train loss: 5.4239e-01 | Valid loss: 5.5144e-01 | Train acc: 0.6902 ± 0.0000 | Valid acc: 0.7213 ± 0.0000 | Valid Power: 0.0008 | Train Power: 0.0008 | patience:  93 | lr: 0.00078125 | Epoch time: 0.1 |

2024-09-09 23:58:57,924 - INFO -
load best network to warm start training with lower lr.

2024-09-09 23:58:57,924 - INFO -
lr update to 0.000390625.

2024-09-09 23:58:58,102 - INFO -
| Epoch:    910 | Train loss: 5.4456e-01 | Valid loss: 5.4969e-01 | Train acc: 0.7011 ± 0.0000 | Valid acc: 0.7705 ± 0.0000 | Valid Power: 0.0008 | Train Power: 0.0008 | patience:   2 | lr: 0.000390625 | Epoch time: 0.1 |

2024-09-09 23:58:58,993 - INFO -
| Epoch:    920 | Train loss: 5.4435e-01 | Valid loss: 5.4978e-01 | Train acc: 0.6957 ± 0.0000 | Valid acc: 0.7705 ± 0.0000 | Valid Power: 0.0008 | Train Power: 0.0008 | patience:  12 | lr: 0.000390625 | Epoch time: 0.1 |

2024-09-09 23:58:59,886 - INFO -
| Epoch:    930 | Train loss: 5.4416e-01 | Valid loss: 5.4988e-01 | Train acc: 0.6848 ± 0.0000 | Valid acc: 0.7705 ± 0.0000 | Valid Power: 0.0008 | Train Power: 0.0008 | patience:  22 | lr: 0.000390625 | Epoch time: 0.1 |

2024-09-09 23:59:00,778 - INFO -
| Epoch:    940 | Train loss: 5.4398e-01 | Valid loss: 5.4997e-01 | Train acc: 0.6848 ± 0.0000 | Valid acc: 0.7705 ± 0.0000 | Valid Power: 0.0008 | Train Power: 0.0008 | patience:  32 | lr: 0.000390625 | Epoch time: 0.1 |

2024-09-09 23:59:01,676 - INFO -
| Epoch:    950 | Train loss: 5.4381e-01 | Valid loss: 5.5007e-01 | Train acc: 0.6848 ± 0.0000 | Valid acc: 0.7705 ± 0.0000 | Valid Power: 0.0008 | Train Power: 0.0008 | patience:  42 | lr: 0.000390625 | Epoch time: 0.1 |

2024-09-09 23:59:02,567 - INFO -
| Epoch:    960 | Train loss: 5.4365e-01 | Valid loss: 5.5017e-01 | Train acc: 0.6902 ± 0.0000 | Valid acc: 0.7705 ± 0.0000 | Valid Power: 0.0008 | Train Power: 0.0008 | patience:  52 | lr: 0.000390625 | Epoch time: 0.1 |

2024-09-09 23:59:03,458 - INFO -
| Epoch:    970 | Train loss: 5.4351e-01 | Valid loss: 5.5027e-01 | Train acc: 0.6902 ± 0.0000 | Valid acc: 0.7705 ± 0.0000 | Valid Power: 0.0008 | Train Power: 0.0008 | patience:  62 | lr: 0.000390625 | Epoch time: 0.1 |

2024-09-09 23:59:04,350 - INFO -
| Epoch:    980 | Train loss: 5.4338e-01 | Valid loss: 5.5037e-01 | Train acc: 0.6902 ± 0.0000 | Valid acc: 0.7541 ± 0.0000 | Valid Power: 0.0008 | Train Power: 0.0008 | patience:  72 | lr: 0.000390625 | Epoch time: 0.1 |

2024-09-09 23:59:05,242 - INFO -
| Epoch:    990 | Train loss: 5.4325e-01 | Valid loss: 5.5046e-01 | Train acc: 0.6902 ± 0.0000 | Valid acc: 0.7541 ± 0.0000 | Valid Power: 0.0008 | Train Power: 0.0008 | patience:  82 | lr: 0.000390625 | Epoch time: 0.1 |

2024-09-09 23:59:06,134 - INFO -
| Epoch:   1000 | Train loss: 5.4314e-01 | Valid loss: 5.5056e-01 | Train acc: 0.6902 ± 0.0000 | Valid acc: 0.7541 ± 0.0000 | Valid Power: 0.0008 | Train Power: 0.0008 | patience:  92 | lr: 0.000390625 | Epoch time: 0.1 |

2024-09-09 23:59:06,942 - INFO -
load best network to warm start training with lower lr.

2024-09-09 23:59:06,943 - INFO -
lr update to 0.0001953125.

2024-09-09 23:59:07,032 - INFO -
| Epoch:   1010 | Train loss: 5.4458e-01 | Valid loss: 5.4968e-01 | Train acc: 0.7011 ± 0.0000 | Valid acc: 0.7705 ± 0.0000 | Valid Power: 0.0008 | Train Power: 0.0008 | patience:   1 | lr: 0.0001953125 | Epoch time: 0.1 |

2024-09-09 23:59:07,924 - INFO -
| Epoch:   1020 | Train loss: 5.4447e-01 | Valid loss: 5.4972e-01 | Train acc: 0.6957 ± 0.0000 | Valid acc: 0.7705 ± 0.0000 | Valid Power: 0.0008 | Train Power: 0.0008 | patience:  11 | lr: 0.0001953125 | Epoch time: 0.1 |

2024-09-09 23:59:08,816 - INFO -
| Epoch:   1030 | Train loss: 5.4437e-01 | Valid loss: 5.4977e-01 | Train acc: 0.6957 ± 0.0000 | Valid acc: 0.7705 ± 0.0000 | Valid Power: 0.0008 | Train Power: 0.0008 | patience:  21 | lr: 0.0001953125 | Epoch time: 0.1 |

2024-09-09 23:59:09,707 - INFO -
| Epoch:   1040 | Train loss: 5.4427e-01 | Valid loss: 5.4982e-01 | Train acc: 0.6957 ± 0.0000 | Valid acc: 0.7705 ± 0.0000 | Valid Power: 0.0008 | Train Power: 0.0008 | patience:  31 | lr: 0.0001953125 | Epoch time: 0.1 |

2024-09-09 23:59:10,599 - INFO -
| Epoch:   1050 | Train loss: 5.4418e-01 | Valid loss: 5.4986e-01 | Train acc: 0.6848 ± 0.0000 | Valid acc: 0.7705 ± 0.0000 | Valid Power: 0.0008 | Train Power: 0.0008 | patience:  41 | lr: 0.0001953125 | Epoch time: 0.1 |

2024-09-09 23:59:11,491 - INFO -
| Epoch:   1060 | Train loss: 5.4409e-01 | Valid loss: 5.4991e-01 | Train acc: 0.6848 ± 0.0000 | Valid acc: 0.7705 ± 0.0000 | Valid Power: 0.0008 | Train Power: 0.0008 | patience:  51 | lr: 0.0001953125 | Epoch time: 0.1 |

2024-09-09 23:59:12,386 - INFO -
| Epoch:   1070 | Train loss: 5.4400e-01 | Valid loss: 5.4996e-01 | Train acc: 0.6848 ± 0.0000 | Valid acc: 0.7705 ± 0.0000 | Valid Power: 0.0008 | Train Power: 0.0008 | patience:  61 | lr: 0.0001953125 | Epoch time: 0.1 |

2024-09-09 23:59:13,372 - INFO -
| Epoch:   1080 | Train loss: 5.4391e-01 | Valid loss: 5.5000e-01 | Train acc: 0.6848 ± 0.0000 | Valid acc: 0.7705 ± 0.0000 | Valid Power: 0.0008 | Train Power: 0.0008 | patience:  71 | lr: 0.0001953125 | Epoch time: 0.1 |

2024-09-09 23:59:14,263 - INFO -
| Epoch:   1090 | Train loss: 5.4383e-01 | Valid loss: 5.5005e-01 | Train acc: 0.6848 ± 0.0000 | Valid acc: 0.7705 ± 0.0000 | Valid Power: 0.0008 | Train Power: 0.0008 | patience:  81 | lr: 0.0001953125 | Epoch time: 0.1 |

2024-09-09 23:59:15,154 - INFO -
| Epoch:   1100 | Train loss: 5.4375e-01 | Valid loss: 5.5010e-01 | Train acc: 0.6902 ± 0.0000 | Valid acc: 0.7705 ± 0.0000 | Valid Power: 0.0008 | Train Power: 0.0008 | patience:  91 | lr: 0.0001953125 | Epoch time: 0.1 |

2024-09-09 23:59:16,050 - INFO -
load best network to warm start training with lower lr.

2024-09-09 23:59:16,051 - INFO -
lr update to 9.765625e-05.

2024-09-09 23:59:16,051 - INFO -
Early stop.

2024-09-09 23:59:16,058 - INFO -
Training if finished.

2024-09-12 13:58:07,386 - INFO -
Configuration: 
gmin                0.01
gmax                10.0
T                   0.1
m                   0.3
type_nonlinear      normal
act                 tanh
ACT_R1n             12.7865
ACT_R2n             -3.1871
ACT_W1n             -10.4537
ACT_L1n             10.546
ACT_W2n             -5.8496
ACT_L2n             4.2337
S_R1n               -11.7481
S_R2n               -0.3905
S_W1n               -9.169
S_L1n               0.3913
S_W2n               7.2004
S_L2n               15.5558
ReLU_RHn            -1.9557
ReLU_RLn            -20.1581
ReLU_RDn            16.6486
ReLU_RBn            -14.3472
ReLU_Wn             16.655
ReLU_Ln             -21.7591
HS_Rn               -0.3766
HS_Wn               0.5192
HS_Ln               4.6293
NEG_R1n             -7.0846
NEG_R2n             -2.5695
NEG_R3n             16.1542
NEG_W1n             13.8696
NEG_L1n             2.7635
NEG_W2n             1.2674
NEG_L2n             -10.4803
NEG_W3n             -6.4386
NEG_L3n             5.1005
task                normal
DATASET             11
DataPath            ./dataset
InputNoise          0.0
IN_test             0.0
R_train             1
R_test              1
N_time              32
pathnorm            False
hidden              [3]
skipconnection      False
SEED                3
DEVICE              cpu
PATIENCE            500
EPOCH               10000000000
LR                  0.1
PROGRESSIVE         True
LR_PATIENCE         100
LR_DECAY            0.5
LR_MIN              0.0001
metric              acc
SoftEva             True
TIMELIMITATION      71
MODE                nominal
M_train             1
K_train             1
M_test              1
K_test              1
t_test_max          1
integration         MC
N_train             1
e_train             0.0
N_test              100
e_test              0.1
e_fault             2
fault_ratio         0.0
N_fault             50
e_fault_test        0
N_fault_test        50
dropout             0.0
lagrangian_loss     False
rho                 100
powerestimator      none
powerbalance        0.0
estimatorbalance    0.0
pgmin               1e-07
power_ratio         1000
lambda_P            100
areaestimator       none
areabalance         0.0
area_theta          0.15
area_act            30.0
area_neg            22.7
lambda_A            0.001
lnc                 False
projectname         tanh_0_FaultAnalysisNormal
temppath            ./tanh_0_FaultAnalysisNormal/temp/
logfilepath         ./tanh_0_FaultAnalysisNormal/log/
report_freq         10
recording           False
recordpath          ./tanh_0_FaultAnalysisNormal/record/
savepath            ./tanh_0_FaultAnalysisNormal/models/
loglevel            info


2024-09-12 13:58:07,415 - INFO -
Training network on device: cpu.

2024-09-12 13:58:07,416 - INFO -
Training setup: data_11_vertebralcolumn2clases_seed_03_epsilon_0.0_dropout_0.0_fault_ratio_0.0.model.

2024-09-12 13:58:07,416 - INFO -
{'dataname': 'vertebralcolumn2clases', 'N_feature': 6, 'N_class': 2, 'N_train': 184, 'N_valid': 61, 'N_test': 63}

2024-09-12 13:58:07,419 - INFO -
Training was already finished.

