2024-09-09 04:07:29,240 - INFO -
Configuration: 
gmin                0.01
gmax                10.0
T                   0.1
m                   0.3
type_nonlinear      normal
act                 tanh
ACT_R1n             12.7865
ACT_R2n             -3.1871
ACT_W1n             -10.4537
ACT_L1n             10.546
ACT_W2n             -5.8496
ACT_L2n             4.2337
S_R1n               -11.7481
S_R2n               -0.3905
S_W1n               -9.169
S_L1n               0.3913
S_W2n               7.2004
S_L2n               15.5558
ReLU_RHn            -1.9557
ReLU_RLn            -20.1581
ReLU_RDn            16.6486
ReLU_RBn            -14.3472
ReLU_Wn             16.655
ReLU_Ln             -21.7591
HS_Rn               -0.3766
HS_Wn               0.5192
HS_Ln               4.6293
NEG_R1n             -7.0846
NEG_R2n             -2.5695
NEG_R3n             16.1542
NEG_W1n             13.8696
NEG_L1n             2.7635
NEG_W2n             1.2674
NEG_L2n             -10.4803
NEG_W3n             -6.4386
NEG_L3n             5.1005
task                normal
DATASET             5
DataPath            ./dataset
InputNoise          0.0
IN_test             0.0
R_train             1
R_test              1
N_time              32
pathnorm            False
hidden              [3]
skipconnection      False
SEED                1
DEVICE              cpu
PATIENCE            500
EPOCH               10000000000
LR                  0.1
PROGRESSIVE         True
LR_PATIENCE         100
LR_DECAY            0.5
LR_MIN              0.0001
metric              acc
SoftEva             True
TIMELIMITATION      71
MODE                nominal
M_train             1
K_train             1
M_test              1
K_test              1
t_test_max          1
integration         MC
N_train             1
e_train             0.0
N_test              100
e_test              0.1
e_fault             2
fault_ratio         0.0
N_fault             50
e_fault_test        0
N_fault_test        50
dropout             0.0
lagrangian_loss     False
rho                 100
powerestimator      none
powerbalance        0.0
estimatorbalance    0.0
pgmin               1e-07
power_ratio         1000
lambda_P            100
areaestimator       none
areabalance         0.0
area_theta          0.15
area_act            30.0
area_neg            22.7
lambda_A            0.001
lnc                 False
projectname         tanh_0_FaultAnalysisNormal
temppath            ./tanh_0_FaultAnalysisNormal/temp/
logfilepath         ./tanh_0_FaultAnalysisNormal/log/
report_freq         10
recording           False
recordpath          ./tanh_0_FaultAnalysisNormal/record/
savepath            ./tanh_0_FaultAnalysisNormal/models/
loglevel            info


2024-09-09 04:07:29,241 - INFO -
Training network on device: cpu.

2024-09-09 04:07:29,241 - INFO -
Training setup: data_05_energyy2_seed_01_epsilon_0.0_dropout_0.0_fault_ratio_0.0.model.

2024-09-09 04:07:29,241 - INFO -
{'dataname': 'energyy2', 'N_feature': 8, 'N_class': 3, 'N_train': 397, 'N_valid': 127, 'N_test': 79}

2024-09-09 04:07:29,241 - INFO -
Topology of the network: [8, 3, 3].

2024-09-09 04:07:31,168 - INFO -
| Epoch:      0 | Train loss: 1.0985e+00 | Valid loss: 1.0689e+00 | Train acc: 0.4761 ± 0.0000 | Valid acc: 0.4882 ± 0.0000 | Valid Power: 0.0009 | Train Power: 0.0005 | patience:   0 | lr: 0.1 | Epoch time: 0.1 |

2024-09-09 04:07:32,432 - INFO -
| Epoch:     10 | Train loss: 7.3904e-01 | Valid loss: 7.3634e-01 | Train acc: 0.7254 ± 0.0000 | Valid acc: 0.7008 ± 0.0000 | Valid Power: 0.0009 | Train Power: 0.0010 | patience:   0 | lr: 0.1 | Epoch time: 0.1 |

2024-09-09 04:07:33,715 - INFO -
| Epoch:     20 | Train loss: 5.9095e-01 | Valid loss: 5.9335e-01 | Train acc: 0.7758 ± 0.0000 | Valid acc: 0.7874 ± 0.0000 | Valid Power: 0.0009 | Train Power: 0.0009 | patience:   0 | lr: 0.1 | Epoch time: 0.1 |

2024-09-09 04:07:34,991 - INFO -
| Epoch:     30 | Train loss: 5.6026e-01 | Valid loss: 5.6812e-01 | Train acc: 0.7557 ± 0.0000 | Valid acc: 0.7874 ± 0.0000 | Valid Power: 0.0010 | Train Power: 0.0009 | patience:   0 | lr: 0.1 | Epoch time: 0.1 |

2024-09-09 04:07:36,269 - INFO -
| Epoch:     40 | Train loss: 5.4487e-01 | Valid loss: 5.5577e-01 | Train acc: 0.8111 ± 0.0000 | Valid acc: 0.8031 ± 0.0000 | Valid Power: 0.0010 | Train Power: 0.0010 | patience:   0 | lr: 0.1 | Epoch time: 0.1 |

2024-09-09 04:07:37,544 - INFO -
| Epoch:     50 | Train loss: 5.3415e-01 | Valid loss: 5.4573e-01 | Train acc: 0.8413 ± 0.0000 | Valid acc: 0.8346 ± 0.0000 | Valid Power: 0.0017 | Train Power: 0.0018 | patience:   0 | lr: 0.1 | Epoch time: 0.1 |

2024-09-09 04:07:38,904 - INFO -
| Epoch:     60 | Train loss: 5.1474e-01 | Valid loss: 5.2988e-01 | Train acc: 0.8564 ± 0.0000 | Valid acc: 0.8425 ± 0.0000 | Valid Power: 0.0068 | Train Power: 0.0050 | patience:   0 | lr: 0.1 | Epoch time: 0.1 |

2024-09-09 04:07:40,175 - INFO -
| Epoch:     70 | Train loss: 5.0939e-01 | Valid loss: 5.1492e-01 | Train acc: 0.8690 ± 0.0000 | Valid acc: 0.8504 ± 0.0000 | Valid Power: 0.0048 | Train Power: 0.0051 | patience:   0 | lr: 0.1 | Epoch time: 0.1 |

2024-09-09 04:07:41,427 - INFO -
| Epoch:     80 | Train loss: 5.0085e-01 | Valid loss: 5.0842e-01 | Train acc: 0.8463 ± 0.0000 | Valid acc: 0.8661 ± 0.0000 | Valid Power: 0.0034 | Train Power: 0.0035 | patience:   1 | lr: 0.1 | Epoch time: 0.1 |

2024-09-09 04:07:42,669 - INFO -
| Epoch:     90 | Train loss: 5.0018e-01 | Valid loss: 5.0766e-01 | Train acc: 0.8589 ± 0.0000 | Valid acc: 0.8504 ± 0.0000 | Valid Power: 0.0030 | Train Power: 0.0031 | patience:  11 | lr: 0.1 | Epoch time: 0.1 |

2024-09-09 04:07:43,950 - INFO -
| Epoch:    100 | Train loss: 4.9672e-01 | Valid loss: 4.9692e-01 | Train acc: 0.8489 ± 0.0000 | Valid acc: 0.8504 ± 0.0000 | Valid Power: 0.0030 | Train Power: 0.0030 | patience:   0 | lr: 0.1 | Epoch time: 0.1 |

2024-09-09 04:07:45,200 - INFO -
| Epoch:    110 | Train loss: 4.9674e-01 | Valid loss: 5.0147e-01 | Train acc: 0.8539 ± 0.0000 | Valid acc: 0.8504 ± 0.0000 | Valid Power: 0.0029 | Train Power: 0.0030 | patience:   8 | lr: 0.1 | Epoch time: 0.1 |

2024-09-09 04:07:46,441 - INFO -
| Epoch:    120 | Train loss: 4.9925e-01 | Valid loss: 5.1360e-01 | Train acc: 0.8489 ± 0.0000 | Valid acc: 0.8504 ± 0.0000 | Valid Power: 0.0029 | Train Power: 0.0029 | patience:  18 | lr: 0.1 | Epoch time: 0.1 |

2024-09-09 04:07:47,682 - INFO -
| Epoch:    130 | Train loss: 4.9703e-01 | Valid loss: 4.9957e-01 | Train acc: 0.8489 ± 0.0000 | Valid acc: 0.8661 ± 0.0000 | Valid Power: 0.0030 | Train Power: 0.0030 | patience:  28 | lr: 0.1 | Epoch time: 0.1 |

2024-09-09 04:07:48,936 - INFO -
| Epoch:    140 | Train loss: 4.9282e-01 | Valid loss: 4.9166e-01 | Train acc: 0.8514 ± 0.0000 | Valid acc: 0.8740 ± 0.0000 | Valid Power: 0.0039 | Train Power: 0.0034 | patience:   0 | lr: 0.1 | Epoch time: 0.1 |

2024-09-09 04:07:50,200 - INFO -
| Epoch:    150 | Train loss: 4.9232e-01 | Valid loss: 4.9175e-01 | Train acc: 0.8615 ± 0.0000 | Valid acc: 0.8740 ± 0.0000 | Valid Power: 0.0031 | Train Power: 0.0032 | patience:   4 | lr: 0.1 | Epoch time: 0.1 |

2024-09-09 04:07:51,441 - INFO -
| Epoch:    160 | Train loss: 4.9045e-01 | Valid loss: 4.9396e-01 | Train acc: 0.8640 ± 0.0000 | Valid acc: 0.8583 ± 0.0000 | Valid Power: 0.0031 | Train Power: 0.0032 | patience:  14 | lr: 0.1 | Epoch time: 0.1 |

2024-09-09 04:07:52,684 - INFO -
| Epoch:    170 | Train loss: 4.8906e-01 | Valid loss: 4.8971e-01 | Train acc: 0.8564 ± 0.0000 | Valid acc: 0.8504 ± 0.0000 | Valid Power: 0.0031 | Train Power: 0.0032 | patience:  24 | lr: 0.1 | Epoch time: 0.1 |

2024-09-09 04:07:53,951 - INFO -
| Epoch:    180 | Train loss: 4.8798e-01 | Valid loss: 4.8624e-01 | Train acc: 0.8640 ± 0.0000 | Valid acc: 0.8583 ± 0.0000 | Valid Power: 0.0032 | Train Power: 0.0032 | patience:   0 | lr: 0.1 | Epoch time: 0.1 |

2024-09-09 04:07:55,194 - INFO -
| Epoch:    190 | Train loss: 4.8709e-01 | Valid loss: 4.8769e-01 | Train acc: 0.8589 ± 0.0000 | Valid acc: 0.8504 ± 0.0000 | Valid Power: 0.0032 | Train Power: 0.0037 | patience:  10 | lr: 0.1 | Epoch time: 0.1 |

2024-09-09 04:07:56,436 - INFO -
| Epoch:    200 | Train loss: 4.8628e-01 | Valid loss: 4.8641e-01 | Train acc: 0.8640 ± 0.0000 | Valid acc: 0.8504 ± 0.0000 | Valid Power: 0.0032 | Train Power: 0.0033 | patience:  20 | lr: 0.1 | Epoch time: 0.1 |

2024-09-09 04:07:57,812 - INFO -
| Epoch:    210 | Train loss: 4.8476e-01 | Valid loss: 4.8147e-01 | Train acc: 0.8589 ± 0.0000 | Valid acc: 0.8661 ± 0.0000 | Valid Power: 0.0032 | Train Power: 0.0033 | patience:   0 | lr: 0.1 | Epoch time: 0.1 |

2024-09-09 04:07:59,074 - INFO -
| Epoch:    220 | Train loss: 4.8347e-01 | Valid loss: 4.8133e-01 | Train acc: 0.8539 ± 0.0000 | Valid acc: 0.8425 ± 0.0000 | Valid Power: 0.0033 | Train Power: 0.0033 | patience:   4 | lr: 0.1 | Epoch time: 0.1 |

2024-09-09 04:08:00,316 - INFO -
| Epoch:    230 | Train loss: 4.8245e-01 | Valid loss: 4.8125e-01 | Train acc: 0.8539 ± 0.0000 | Valid acc: 0.8425 ± 0.0000 | Valid Power: 0.0034 | Train Power: 0.0035 | patience:  14 | lr: 0.1 | Epoch time: 0.1 |

2024-09-09 04:08:01,578 - INFO -
| Epoch:    240 | Train loss: 4.8072e-01 | Valid loss: 4.7600e-01 | Train acc: 0.8539 ± 0.0000 | Valid acc: 0.8740 ± 0.0000 | Valid Power: 0.0039 | Train Power: 0.0039 | patience:   0 | lr: 0.1 | Epoch time: 0.1 |

2024-09-09 04:08:02,852 - INFO -
| Epoch:    250 | Train loss: 4.7885e-01 | Valid loss: 4.7353e-01 | Train acc: 0.8589 ± 0.0000 | Valid acc: 0.8819 ± 0.0000 | Valid Power: 0.6792 | Train Power: 0.0154 | patience:   0 | lr: 0.1 | Epoch time: 0.1 |

2024-09-09 04:08:04,117 - INFO -
| Epoch:    260 | Train loss: 4.7704e-01 | Valid loss: 4.7134e-01 | Train acc: 0.8589 ± 0.0000 | Valid acc: 0.8740 ± 0.0000 | Valid Power: 0.0050 | Train Power: 0.0055 | patience:   0 | lr: 0.1 | Epoch time: 0.1 |

2024-09-09 04:08:05,377 - INFO -
| Epoch:    270 | Train loss: 4.9442e-01 | Valid loss: 5.1331e-01 | Train acc: 0.8489 ± 0.0000 | Valid acc: 0.8504 ± 0.0000 | Valid Power: 0.0041 | Train Power: 0.0046 | patience:   5 | lr: 0.1 | Epoch time: 0.1 |

2024-09-09 04:08:06,627 - INFO -
| Epoch:    280 | Train loss: 5.3371e-01 | Valid loss: 5.3572e-01 | Train acc: 0.8564 ± 0.0000 | Valid acc: 0.8583 ± 0.0000 | Valid Power: 0.0037 | Train Power: 0.0039 | patience:  15 | lr: 0.1 | Epoch time: 0.1 |

2024-09-09 04:08:07,874 - INFO -
| Epoch:    290 | Train loss: 4.9435e-01 | Valid loss: 5.0402e-01 | Train acc: 0.8564 ± 0.0000 | Valid acc: 0.8504 ± 0.0000 | Valid Power: 0.0036 | Train Power: 0.0039 | patience:  25 | lr: 0.1 | Epoch time: 0.1 |

2024-09-09 04:08:09,217 - INFO -
| Epoch:    300 | Train loss: 4.9245e-01 | Valid loss: 5.0243e-01 | Train acc: 0.8564 ± 0.0000 | Valid acc: 0.8583 ± 0.0000 | Valid Power: 0.0038 | Train Power: 0.0041 | patience:  35 | lr: 0.1 | Epoch time: 0.1 |

2024-09-09 04:08:10,460 - INFO -
| Epoch:    310 | Train loss: 5.6620e-01 | Valid loss: 5.7645e-01 | Train acc: 0.7809 ± 0.0000 | Valid acc: 0.7717 ± 0.0000 | Valid Power: 0.0048 | Train Power: 0.0048 | patience:  45 | lr: 0.1 | Epoch time: 0.1 |

2024-09-09 04:08:11,704 - INFO -
| Epoch:    320 | Train loss: 5.6754e-01 | Valid loss: 5.8050e-01 | Train acc: 0.7909 ± 0.0000 | Valid acc: 0.8110 ± 0.0000 | Valid Power: 0.0045 | Train Power: 0.0047 | patience:  55 | lr: 0.1 | Epoch time: 0.1 |

2024-09-09 04:08:12,949 - INFO -
| Epoch:    330 | Train loss: 5.6695e-01 | Valid loss: 5.7982e-01 | Train acc: 0.7103 ± 0.0000 | Valid acc: 0.7008 ± 0.0000 | Valid Power: 0.0041 | Train Power: 0.0043 | patience:  65 | lr: 0.1 | Epoch time: 0.1 |

2024-09-09 04:08:14,203 - INFO -
| Epoch:    340 | Train loss: 5.5730e-01 | Valid loss: 5.6836e-01 | Train acc: 0.7154 ± 0.0000 | Valid acc: 0.7008 ± 0.0000 | Valid Power: 0.0039 | Train Power: 0.0041 | patience:  75 | lr: 0.1 | Epoch time: 0.1 |

2024-09-09 04:08:15,456 - INFO -
| Epoch:    350 | Train loss: 5.4240e-01 | Valid loss: 5.5102e-01 | Train acc: 0.7154 ± 0.0000 | Valid acc: 0.7008 ± 0.0000 | Valid Power: 0.0037 | Train Power: 0.0039 | patience:  85 | lr: 0.1 | Epoch time: 0.1 |

2024-09-09 04:08:16,718 - INFO -
| Epoch:    360 | Train loss: 5.3953e-01 | Valid loss: 5.3968e-01 | Train acc: 0.7154 ± 0.0000 | Valid acc: 0.7008 ± 0.0000 | Valid Power: 0.0036 | Train Power: 0.0038 | patience:  95 | lr: 0.1 | Epoch time: 0.1 |

2024-09-09 04:08:17,477 - INFO -
load best network to warm start training with lower lr.

2024-09-09 04:08:17,477 - INFO -
lr update to 0.05.

2024-09-09 04:08:17,993 - INFO -
| Epoch:    370 | Train loss: 4.7863e-01 | Valid loss: 4.6618e-01 | Train acc: 0.8539 ± 0.0000 | Valid acc: 0.8661 ± 0.0000 | Valid Power: 0.0046 | Train Power: 0.0050 | patience:   0 | lr: 0.05 | Epoch time: 0.1 |

2024-09-09 04:08:19,254 - INFO -
| Epoch:    380 | Train loss: 4.7845e-01 | Valid loss: 4.7738e-01 | Train acc: 0.8564 ± 0.0000 | Valid acc: 0.8740 ± 0.0000 | Valid Power: 0.0046 | Train Power: 0.0049 | patience:  10 | lr: 0.05 | Epoch time: 0.1 |

2024-09-09 04:08:20,515 - INFO -
| Epoch:    390 | Train loss: 4.7792e-01 | Valid loss: 4.6999e-01 | Train acc: 0.8589 ± 0.0000 | Valid acc: 0.8740 ± 0.0000 | Valid Power: 0.0045 | Train Power: 0.0048 | patience:  20 | lr: 0.05 | Epoch time: 0.1 |

2024-09-09 04:08:21,760 - INFO -
| Epoch:    400 | Train loss: 4.7571e-01 | Valid loss: 4.6648e-01 | Train acc: 0.8589 ± 0.0000 | Valid acc: 0.8819 ± 0.0000 | Valid Power: 0.0045 | Train Power: 0.0049 | patience:  30 | lr: 0.05 | Epoch time: 0.1 |

2024-09-09 04:08:23,021 - INFO -
| Epoch:    410 | Train loss: 4.7282e-01 | Valid loss: 4.6869e-01 | Train acc: 0.8615 ± 0.0000 | Valid acc: 0.8740 ± 0.0000 | Valid Power: 0.0046 | Train Power: 0.0050 | patience:   3 | lr: 0.05 | Epoch time: 0.1 |

2024-09-09 04:08:24,266 - INFO -
| Epoch:    420 | Train loss: 4.7529e-01 | Valid loss: 4.6880e-01 | Train acc: 0.8463 ± 0.0000 | Valid acc: 0.8661 ± 0.0000 | Valid Power: 0.0048 | Train Power: 0.0052 | patience:  13 | lr: 0.05 | Epoch time: 0.1 |

2024-09-09 04:08:25,522 - INFO -
| Epoch:    430 | Train loss: 4.7170e-01 | Valid loss: 4.6120e-01 | Train acc: 0.8413 ± 0.0000 | Valid acc: 0.8661 ± 0.0000 | Valid Power: 0.0048 | Train Power: 0.0051 | patience:   0 | lr: 0.05 | Epoch time: 0.1 |

2024-09-09 04:08:26,774 - INFO -
| Epoch:    440 | Train loss: 4.7001e-01 | Valid loss: 4.5778e-01 | Train acc: 0.8489 ± 0.0000 | Valid acc: 0.8819 ± 0.0000 | Valid Power: 0.0047 | Train Power: 0.0050 | patience:   0 | lr: 0.05 | Epoch time: 0.1 |

2024-09-09 04:08:28,018 - INFO -
| Epoch:    450 | Train loss: 4.7055e-01 | Valid loss: 4.6326e-01 | Train acc: 0.8489 ± 0.0000 | Valid acc: 0.8661 ± 0.0000 | Valid Power: 0.0046 | Train Power: 0.0050 | patience:  10 | lr: 0.05 | Epoch time: 0.1 |

2024-09-09 04:08:29,264 - INFO -
| Epoch:    460 | Train loss: 4.6904e-01 | Valid loss: 4.6231e-01 | Train acc: 0.8463 ± 0.0000 | Valid acc: 0.8661 ± 0.0000 | Valid Power: 0.0047 | Train Power: 0.0051 | patience:  20 | lr: 0.05 | Epoch time: 0.1 |

2024-09-09 04:08:30,607 - INFO -
| Epoch:    470 | Train loss: 4.6653e-01 | Valid loss: 4.5907e-01 | Train acc: 0.8489 ± 0.0000 | Valid acc: 0.8661 ± 0.0000 | Valid Power: 0.0048 | Train Power: 0.0051 | patience:  30 | lr: 0.05 | Epoch time: 0.2 |

2024-09-09 04:08:31,860 - INFO -
| Epoch:    480 | Train loss: 4.6593e-01 | Valid loss: 4.5699e-01 | Train acc: 0.8489 ± 0.0000 | Valid acc: 0.8661 ± 0.0000 | Valid Power: 0.0048 | Train Power: 0.0051 | patience:   2 | lr: 0.05 | Epoch time: 0.1 |

2024-09-09 04:08:33,115 - INFO -
| Epoch:    490 | Train loss: 4.6420e-01 | Valid loss: 4.5640e-01 | Train acc: 0.8363 ± 0.0000 | Valid acc: 0.8661 ± 0.0000 | Valid Power: 0.0739 | Train Power: 0.0052 | patience:   1 | lr: 0.05 | Epoch time: 0.1 |

2024-09-09 04:08:34,386 - INFO -
| Epoch:    500 | Train loss: 4.6305e-01 | Valid loss: 4.5528e-01 | Train acc: 0.8489 ± 0.0000 | Valid acc: 0.8661 ± 0.0000 | Valid Power: 0.0047 | Train Power: 0.0051 | patience:   2 | lr: 0.05 | Epoch time: 0.1 |

2024-09-09 04:08:35,653 - INFO -
| Epoch:    510 | Train loss: 4.6268e-01 | Valid loss: 4.5462e-01 | Train acc: 0.8489 ± 0.0000 | Valid acc: 0.8661 ± 0.0000 | Valid Power: 0.0047 | Train Power: 0.0051 | patience:   0 | lr: 0.05 | Epoch time: 0.1 |

2024-09-09 04:08:36,931 - INFO -
| Epoch:    520 | Train loss: 4.6227e-01 | Valid loss: 4.5435e-01 | Train acc: 0.8489 ± 0.0000 | Valid acc: 0.8661 ± 0.0000 | Valid Power: 0.0047 | Train Power: 0.0051 | patience:   4 | lr: 0.05 | Epoch time: 0.1 |

2024-09-09 04:08:38,184 - INFO -
| Epoch:    530 | Train loss: 4.6211e-01 | Valid loss: 4.5404e-01 | Train acc: 0.8489 ± 0.0000 | Valid acc: 0.8661 ± 0.0000 | Valid Power: 0.0048 | Train Power: 0.0052 | patience:   7 | lr: 0.05 | Epoch time: 0.1 |

2024-09-09 04:08:39,460 - INFO -
| Epoch:    540 | Train loss: 4.6197e-01 | Valid loss: 4.5367e-01 | Train acc: 0.8489 ± 0.0000 | Valid acc: 0.8661 ± 0.0000 | Valid Power: 0.0048 | Train Power: 0.0051 | patience:   0 | lr: 0.05 | Epoch time: 0.1 |

2024-09-09 04:08:40,708 - INFO -
| Epoch:    550 | Train loss: 4.6189e-01 | Valid loss: 4.5381e-01 | Train acc: 0.8489 ± 0.0000 | Valid acc: 0.8661 ± 0.0000 | Valid Power: 0.0048 | Train Power: 0.0051 | patience:  10 | lr: 0.05 | Epoch time: 0.1 |

2024-09-09 04:08:41,955 - INFO -
| Epoch:    560 | Train loss: 4.6177e-01 | Valid loss: 4.5369e-01 | Train acc: 0.8489 ± 0.0000 | Valid acc: 0.8661 ± 0.0000 | Valid Power: 0.0048 | Train Power: 0.0053 | patience:  20 | lr: 0.05 | Epoch time: 0.1 |

2024-09-09 04:08:43,214 - INFO -
| Epoch:    570 | Train loss: 4.6169e-01 | Valid loss: 4.5359e-01 | Train acc: 0.8489 ± 0.0000 | Valid acc: 0.8661 ± 0.0000 | Valid Power: 0.0048 | Train Power: 0.0051 | patience:   0 | lr: 0.05 | Epoch time: 0.1 |

2024-09-09 04:08:44,475 - INFO -
| Epoch:    580 | Train loss: 4.6162e-01 | Valid loss: 4.5354e-01 | Train acc: 0.8489 ± 0.0000 | Valid acc: 0.8661 ± 0.0000 | Valid Power: 0.0048 | Train Power: 0.0051 | patience:   0 | lr: 0.05 | Epoch time: 0.1 |

2024-09-09 04:08:45,748 - INFO -
| Epoch:    590 | Train loss: 4.6155e-01 | Valid loss: 4.5348e-01 | Train acc: 0.8489 ± 0.0000 | Valid acc: 0.8661 ± 0.0000 | Valid Power: 0.0048 | Train Power: 0.0051 | patience:   0 | lr: 0.05 | Epoch time: 0.1 |

2024-09-09 04:08:47,028 - INFO -
| Epoch:    600 | Train loss: 4.6148e-01 | Valid loss: 4.5342e-01 | Train acc: 0.8489 ± 0.0000 | Valid acc: 0.8661 ± 0.0000 | Valid Power: 0.0047 | Train Power: 0.0051 | patience:   0 | lr: 0.05 | Epoch time: 0.1 |

2024-09-09 04:08:48,309 - INFO -
| Epoch:    610 | Train loss: 4.6142e-01 | Valid loss: 4.5335e-01 | Train acc: 0.8489 ± 0.0000 | Valid acc: 0.8661 ± 0.0000 | Valid Power: 0.0047 | Train Power: 0.0051 | patience:   0 | lr: 0.05 | Epoch time: 0.1 |

2024-09-09 04:08:49,592 - INFO -
| Epoch:    620 | Train loss: 4.6136e-01 | Valid loss: 4.5328e-01 | Train acc: 0.8489 ± 0.0000 | Valid acc: 0.8661 ± 0.0000 | Valid Power: 0.0047 | Train Power: 0.0051 | patience:   0 | lr: 0.05 | Epoch time: 0.1 |

2024-09-09 04:08:50,977 - INFO -
| Epoch:    630 | Train loss: 4.6130e-01 | Valid loss: 4.5322e-01 | Train acc: 0.8489 ± 0.0000 | Valid acc: 0.8661 ± 0.0000 | Valid Power: 0.0047 | Train Power: 0.0051 | patience:   0 | lr: 0.05 | Epoch time: 0.1 |

2024-09-09 04:08:52,259 - INFO -
| Epoch:    640 | Train loss: 4.6124e-01 | Valid loss: 4.5315e-01 | Train acc: 0.8489 ± 0.0000 | Valid acc: 0.8661 ± 0.0000 | Valid Power: 0.0047 | Train Power: 0.0051 | patience:   0 | lr: 0.05 | Epoch time: 0.1 |

2024-09-09 04:08:53,541 - INFO -
| Epoch:    650 | Train loss: 4.6118e-01 | Valid loss: 4.5306e-01 | Train acc: 0.8489 ± 0.0000 | Valid acc: 0.8661 ± 0.0000 | Valid Power: 0.0047 | Train Power: 0.0051 | patience:   0 | lr: 0.05 | Epoch time: 0.1 |

2024-09-09 04:08:54,822 - INFO -
| Epoch:    660 | Train loss: 4.6110e-01 | Valid loss: 4.5284e-01 | Train acc: 0.8489 ± 0.0000 | Valid acc: 0.8661 ± 0.0000 | Valid Power: 0.0047 | Train Power: 0.0051 | patience:   0 | lr: 0.05 | Epoch time: 0.1 |

2024-09-09 04:08:56,116 - INFO -
| Epoch:    670 | Train loss: 4.6082e-01 | Valid loss: 4.5179e-01 | Train acc: 0.8489 ± 0.0000 | Valid acc: 0.8661 ± 0.0000 | Valid Power: 0.0047 | Train Power: 0.0051 | patience:   0 | lr: 0.05 | Epoch time: 0.1 |

2024-09-09 04:08:57,396 - INFO -
| Epoch:    680 | Train loss: 4.6048e-01 | Valid loss: 4.5048e-01 | Train acc: 0.8489 ± 0.0000 | Valid acc: 0.8661 ± 0.0000 | Valid Power: 0.0047 | Train Power: 0.0051 | patience:   0 | lr: 0.05 | Epoch time: 0.1 |

2024-09-09 04:08:58,680 - INFO -
| Epoch:    690 | Train loss: 4.6031e-01 | Valid loss: 4.4961e-01 | Train acc: 0.8489 ± 0.0000 | Valid acc: 0.8661 ± 0.0000 | Valid Power: 0.0047 | Train Power: 0.0051 | patience:   0 | lr: 0.05 | Epoch time: 0.1 |

2024-09-09 04:08:59,963 - INFO -
| Epoch:    700 | Train loss: 4.6021e-01 | Valid loss: 4.4935e-01 | Train acc: 0.8489 ± 0.0000 | Valid acc: 0.8661 ± 0.0000 | Valid Power: 0.0047 | Train Power: 0.0051 | patience:   0 | lr: 0.05 | Epoch time: 0.1 |

2024-09-09 04:09:01,307 - INFO -
| Epoch:    710 | Train loss: 4.6010e-01 | Valid loss: 4.4939e-01 | Train acc: 0.8489 ± 0.0000 | Valid acc: 0.8661 ± 0.0000 | Valid Power: 0.0047 | Train Power: 0.0051 | patience:  10 | lr: 0.05 | Epoch time: 0.2 |

2024-09-09 04:09:02,556 - INFO -
| Epoch:    720 | Train loss: 4.5999e-01 | Valid loss: 4.4945e-01 | Train acc: 0.8489 ± 0.0000 | Valid acc: 0.8661 ± 0.0000 | Valid Power: 0.0047 | Train Power: 0.0050 | patience:  20 | lr: 0.05 | Epoch time: 0.1 |

2024-09-09 04:09:03,803 - INFO -
| Epoch:    730 | Train loss: 4.5989e-01 | Valid loss: 4.4941e-01 | Train acc: 0.8489 ± 0.0000 | Valid acc: 0.8661 ± 0.0000 | Valid Power: 0.0047 | Train Power: 0.0050 | patience:  30 | lr: 0.05 | Epoch time: 0.1 |

2024-09-09 04:09:05,071 - INFO -
| Epoch:    740 | Train loss: 4.5980e-01 | Valid loss: 4.4929e-01 | Train acc: 0.8489 ± 0.0000 | Valid acc: 0.8661 ± 0.0000 | Valid Power: 0.0047 | Train Power: 0.0050 | patience:   0 | lr: 0.05 | Epoch time: 0.1 |

2024-09-09 04:09:06,351 - INFO -
| Epoch:    750 | Train loss: 4.5970e-01 | Valid loss: 4.4916e-01 | Train acc: 0.8489 ± 0.0000 | Valid acc: 0.8661 ± 0.0000 | Valid Power: 0.0047 | Train Power: 0.0050 | patience:   0 | lr: 0.05 | Epoch time: 0.1 |

2024-09-09 04:09:07,625 - INFO -
| Epoch:    760 | Train loss: 4.5961e-01 | Valid loss: 4.4905e-01 | Train acc: 0.8489 ± 0.0000 | Valid acc: 0.8661 ± 0.0000 | Valid Power: 0.0047 | Train Power: 0.0050 | patience:   0 | lr: 0.05 | Epoch time: 0.1 |

2024-09-09 04:09:08,879 - INFO -
| Epoch:    770 | Train loss: 4.5955e-01 | Valid loss: 4.4899e-01 | Train acc: 0.8489 ± 0.0000 | Valid acc: 0.8661 ± 0.0000 | Valid Power: 0.0046 | Train Power: 0.0050 | patience:   6 | lr: 0.05 | Epoch time: 0.1 |

2024-09-09 04:09:10,134 - INFO -
| Epoch:    780 | Train loss: 4.5950e-01 | Valid loss: 4.4893e-01 | Train acc: 0.8489 ± 0.0000 | Valid acc: 0.8661 ± 0.0000 | Valid Power: 0.0046 | Train Power: 0.0050 | patience:   5 | lr: 0.05 | Epoch time: 0.1 |

2024-09-09 04:09:11,393 - INFO -
| Epoch:    790 | Train loss: 4.5944e-01 | Valid loss: 4.4887e-01 | Train acc: 0.8489 ± 0.0000 | Valid acc: 0.8661 ± 0.0000 | Valid Power: 0.0046 | Train Power: 0.0050 | patience:   3 | lr: 0.05 | Epoch time: 0.1 |

2024-09-09 04:09:12,665 - INFO -
| Epoch:    800 | Train loss: 4.5939e-01 | Valid loss: 4.4881e-01 | Train acc: 0.8489 ± 0.0000 | Valid acc: 0.8661 ± 0.0000 | Valid Power: 0.0046 | Train Power: 0.0049 | patience:   0 | lr: 0.05 | Epoch time: 0.1 |

2024-09-09 04:09:13,942 - INFO -
| Epoch:    810 | Train loss: 4.5933e-01 | Valid loss: 4.4876e-01 | Train acc: 0.8489 ± 0.0000 | Valid acc: 0.8661 ± 0.0000 | Valid Power: 0.0046 | Train Power: 0.0049 | patience:   0 | lr: 0.05 | Epoch time: 0.1 |

2024-09-09 04:09:15,211 - INFO -
| Epoch:    820 | Train loss: 4.5928e-01 | Valid loss: 4.4870e-01 | Train acc: 0.8489 ± 0.0000 | Valid acc: 0.8661 ± 0.0000 | Valid Power: 0.0046 | Train Power: 0.0049 | patience:   0 | lr: 0.05 | Epoch time: 0.1 |

2024-09-09 04:09:16,481 - INFO -
| Epoch:    830 | Train loss: 4.5922e-01 | Valid loss: 4.4865e-01 | Train acc: 0.8489 ± 0.0000 | Valid acc: 0.8661 ± 0.0000 | Valid Power: 0.0045 | Train Power: 0.0049 | patience:   0 | lr: 0.05 | Epoch time: 0.1 |

2024-09-09 04:09:17,749 - INFO -
| Epoch:    840 | Train loss: 4.5917e-01 | Valid loss: 4.4859e-01 | Train acc: 0.8489 ± 0.0000 | Valid acc: 0.8661 ± 0.0000 | Valid Power: 0.0045 | Train Power: 0.0049 | patience:   0 | lr: 0.05 | Epoch time: 0.1 |

2024-09-09 04:09:19,016 - INFO -
| Epoch:    850 | Train loss: 4.5911e-01 | Valid loss: 4.4854e-01 | Train acc: 0.8489 ± 0.0000 | Valid acc: 0.8661 ± 0.0000 | Valid Power: 0.0045 | Train Power: 0.0049 | patience:   0 | lr: 0.05 | Epoch time: 0.1 |

2024-09-09 04:09:20,286 - INFO -
| Epoch:    860 | Train loss: 4.5906e-01 | Valid loss: 4.4849e-01 | Train acc: 0.8489 ± 0.0000 | Valid acc: 0.8661 ± 0.0000 | Valid Power: 0.0045 | Train Power: 0.0048 | patience:   0 | lr: 0.05 | Epoch time: 0.1 |

2024-09-09 04:09:21,565 - INFO -
| Epoch:    870 | Train loss: 4.5900e-01 | Valid loss: 4.4844e-01 | Train acc: 0.8489 ± 0.0000 | Valid acc: 0.8661 ± 0.0000 | Valid Power: 0.0045 | Train Power: 0.0048 | patience:   0 | lr: 0.05 | Epoch time: 0.1 |

2024-09-09 04:09:22,838 - INFO -
| Epoch:    880 | Train loss: 4.5894e-01 | Valid loss: 4.4839e-01 | Train acc: 0.8489 ± 0.0000 | Valid acc: 0.8661 ± 0.0000 | Valid Power: 0.0045 | Train Power: 0.0048 | patience:   0 | lr: 0.05 | Epoch time: 0.1 |

2024-09-09 04:09:24,202 - INFO -
| Epoch:    890 | Train loss: 4.5888e-01 | Valid loss: 4.4833e-01 | Train acc: 0.8489 ± 0.0000 | Valid acc: 0.8661 ± 0.0000 | Valid Power: 0.0044 | Train Power: 0.0048 | patience:   0 | lr: 0.05 | Epoch time: 0.1 |

2024-09-09 04:09:25,473 - INFO -
| Epoch:    900 | Train loss: 4.5883e-01 | Valid loss: 4.4828e-01 | Train acc: 0.8489 ± 0.0000 | Valid acc: 0.8661 ± 0.0000 | Valid Power: 0.0044 | Train Power: 0.0048 | patience:   0 | lr: 0.05 | Epoch time: 0.1 |

2024-09-09 04:09:26,743 - INFO -
| Epoch:    910 | Train loss: 4.5877e-01 | Valid loss: 4.4823e-01 | Train acc: 0.8489 ± 0.0000 | Valid acc: 0.8661 ± 0.0000 | Valid Power: 0.0044 | Train Power: 0.0048 | patience:   0 | lr: 0.05 | Epoch time: 0.1 |

2024-09-09 04:09:28,010 - INFO -
| Epoch:    920 | Train loss: 4.5871e-01 | Valid loss: 4.4818e-01 | Train acc: 0.8489 ± 0.0000 | Valid acc: 0.8661 ± 0.0000 | Valid Power: 0.0044 | Train Power: 0.0047 | patience:   0 | lr: 0.05 | Epoch time: 0.1 |

2024-09-09 04:09:29,278 - INFO -
| Epoch:    930 | Train loss: 4.5865e-01 | Valid loss: 4.4813e-01 | Train acc: 0.8489 ± 0.0000 | Valid acc: 0.8661 ± 0.0000 | Valid Power: 0.0044 | Train Power: 0.0047 | patience:   0 | lr: 0.05 | Epoch time: 0.1 |

2024-09-09 04:09:30,546 - INFO -
| Epoch:    940 | Train loss: 4.5859e-01 | Valid loss: 4.4808e-01 | Train acc: 0.8514 ± 0.0000 | Valid acc: 0.8740 ± 0.0000 | Valid Power: 0.0043 | Train Power: 0.0047 | patience:   0 | lr: 0.05 | Epoch time: 0.1 |

2024-09-09 04:09:31,814 - INFO -
| Epoch:    950 | Train loss: 4.5854e-01 | Valid loss: 4.4803e-01 | Train acc: 0.8514 ± 0.0000 | Valid acc: 0.8740 ± 0.0000 | Valid Power: 0.0043 | Train Power: 0.0047 | patience:   0 | lr: 0.05 | Epoch time: 0.1 |

2024-09-09 04:09:33,081 - INFO -
| Epoch:    960 | Train loss: 4.5848e-01 | Valid loss: 4.4798e-01 | Train acc: 0.8514 ± 0.0000 | Valid acc: 0.8740 ± 0.0000 | Valid Power: 0.0043 | Train Power: 0.0047 | patience:   0 | lr: 0.05 | Epoch time: 0.1 |

2024-09-09 04:09:34,353 - INFO -
| Epoch:    970 | Train loss: 4.5842e-01 | Valid loss: 4.4793e-01 | Train acc: 0.8514 ± 0.0000 | Valid acc: 0.8740 ± 0.0000 | Valid Power: 0.0043 | Train Power: 0.0046 | patience:   0 | lr: 0.05 | Epoch time: 0.1 |

2024-09-09 04:09:35,559 - INFO -
| Epoch:    980 | Train loss: 4.5836e-01 | Valid loss: 4.4788e-01 | Train acc: 0.8514 ± 0.0000 | Valid acc: 0.8740 ± 0.0000 | Valid Power: 0.0043 | Train Power: 0.0046 | patience:   0 | lr: 0.05 | Epoch time: 0.1 |

2024-09-09 04:09:36,762 - INFO -
| Epoch:    990 | Train loss: 4.5830e-01 | Valid loss: 4.4783e-01 | Train acc: 0.8514 ± 0.0000 | Valid acc: 0.8740 ± 0.0000 | Valid Power: 0.0042 | Train Power: 0.0046 | patience:   0 | lr: 0.05 | Epoch time: 0.1 |

2024-09-09 04:09:37,948 - INFO -
| Epoch:   1000 | Train loss: 4.5824e-01 | Valid loss: 4.4778e-01 | Train acc: 0.8514 ± 0.0000 | Valid acc: 0.8740 ± 0.0000 | Valid Power: 0.0042 | Train Power: 0.0046 | patience:   0 | lr: 0.05 | Epoch time: 0.1 |

2024-09-09 04:09:39,138 - INFO -
| Epoch:   1010 | Train loss: 4.5818e-01 | Valid loss: 4.4773e-01 | Train acc: 0.8514 ± 0.0000 | Valid acc: 0.8740 ± 0.0000 | Valid Power: 0.0042 | Train Power: 0.0046 | patience:   0 | lr: 0.05 | Epoch time: 0.1 |

2024-09-09 04:09:40,335 - INFO -
| Epoch:   1020 | Train loss: 4.5812e-01 | Valid loss: 4.4769e-01 | Train acc: 0.8514 ± 0.0000 | Valid acc: 0.8740 ± 0.0000 | Valid Power: 0.0042 | Train Power: 0.0045 | patience:   0 | lr: 0.05 | Epoch time: 0.1 |

2024-09-09 04:09:41,519 - INFO -
| Epoch:   1030 | Train loss: 4.5806e-01 | Valid loss: 4.4764e-01 | Train acc: 0.8514 ± 0.0000 | Valid acc: 0.8740 ± 0.0000 | Valid Power: 0.0042 | Train Power: 0.0045 | patience:   0 | lr: 0.05 | Epoch time: 0.1 |

2024-09-09 04:09:42,777 - INFO -
| Epoch:   1040 | Train loss: 4.5800e-01 | Valid loss: 4.4760e-01 | Train acc: 0.8514 ± 0.0000 | Valid acc: 0.8740 ± 0.0000 | Valid Power: 0.0041 | Train Power: 0.0045 | patience:   0 | lr: 0.05 | Epoch time: 0.1 |

2024-09-09 04:09:43,965 - INFO -
| Epoch:   1050 | Train loss: 4.5794e-01 | Valid loss: 4.4755e-01 | Train acc: 0.8514 ± 0.0000 | Valid acc: 0.8740 ± 0.0000 | Valid Power: 0.0041 | Train Power: 0.0045 | patience:   0 | lr: 0.05 | Epoch time: 0.1 |

2024-09-09 04:09:45,157 - INFO -
| Epoch:   1060 | Train loss: 4.5788e-01 | Valid loss: 4.4751e-01 | Train acc: 0.8514 ± 0.0000 | Valid acc: 0.8740 ± 0.0000 | Valid Power: 0.0041 | Train Power: 0.0045 | patience:   0 | lr: 0.05 | Epoch time: 0.1 |

2024-09-09 04:09:46,329 - INFO -
| Epoch:   1070 | Train loss: 4.5782e-01 | Valid loss: 4.4746e-01 | Train acc: 0.8514 ± 0.0000 | Valid acc: 0.8740 ± 0.0000 | Valid Power: 0.0041 | Train Power: 0.0044 | patience:   0 | lr: 0.05 | Epoch time: 0.1 |

2024-09-09 04:09:47,506 - INFO -
| Epoch:   1080 | Train loss: 4.5776e-01 | Valid loss: 4.4742e-01 | Train acc: 0.8514 ± 0.0000 | Valid acc: 0.8740 ± 0.0000 | Valid Power: 0.0041 | Train Power: 0.0044 | patience:   0 | lr: 0.05 | Epoch time: 0.1 |

2024-09-09 04:09:48,689 - INFO -
| Epoch:   1090 | Train loss: 4.5770e-01 | Valid loss: 4.4738e-01 | Train acc: 0.8514 ± 0.0000 | Valid acc: 0.8740 ± 0.0000 | Valid Power: 0.0040 | Train Power: 0.0044 | patience:   0 | lr: 0.05 | Epoch time: 0.1 |

2024-09-09 04:09:49,872 - INFO -
| Epoch:   1100 | Train loss: 4.5764e-01 | Valid loss: 4.4733e-01 | Train acc: 0.8514 ± 0.0000 | Valid acc: 0.8740 ± 0.0000 | Valid Power: 0.0040 | Train Power: 0.0044 | patience:   0 | lr: 0.05 | Epoch time: 0.1 |

2024-09-09 04:09:51,054 - INFO -
| Epoch:   1110 | Train loss: 4.5758e-01 | Valid loss: 4.4729e-01 | Train acc: 0.8514 ± 0.0000 | Valid acc: 0.8740 ± 0.0000 | Valid Power: 0.0040 | Train Power: 0.0044 | patience:   0 | lr: 0.05 | Epoch time: 0.1 |

2024-09-09 04:09:52,247 - INFO -
| Epoch:   1120 | Train loss: 4.5753e-01 | Valid loss: 4.4725e-01 | Train acc: 0.8514 ± 0.0000 | Valid acc: 0.8740 ± 0.0000 | Valid Power: 0.0040 | Train Power: 0.0043 | patience:   0 | lr: 0.05 | Epoch time: 0.1 |

2024-09-09 04:09:53,522 - INFO -
| Epoch:   1130 | Train loss: 4.5747e-01 | Valid loss: 4.4720e-01 | Train acc: 0.8514 ± 0.0000 | Valid acc: 0.8740 ± 0.0000 | Valid Power: 0.0040 | Train Power: 0.0044 | patience:   0 | lr: 0.05 | Epoch time: 0.1 |

2024-09-09 04:09:54,709 - INFO -
| Epoch:   1140 | Train loss: 4.5741e-01 | Valid loss: 4.4716e-01 | Train acc: 0.8514 ± 0.0000 | Valid acc: 0.8740 ± 0.0000 | Valid Power: 0.0039 | Train Power: 0.0043 | patience:   0 | lr: 0.05 | Epoch time: 0.1 |

2024-09-09 04:09:55,896 - INFO -
| Epoch:   1150 | Train loss: 4.5735e-01 | Valid loss: 4.4712e-01 | Train acc: 0.8514 ± 0.0000 | Valid acc: 0.8740 ± 0.0000 | Valid Power: 0.0039 | Train Power: 0.0043 | patience:   0 | lr: 0.05 | Epoch time: 0.1 |

2024-09-09 04:09:57,071 - INFO -
| Epoch:   1160 | Train loss: 4.5730e-01 | Valid loss: 4.4690e-01 | Train acc: 0.8514 ± 0.0000 | Valid acc: 0.8740 ± 0.0000 | Valid Power: 0.0039 | Train Power: 0.0042 | patience:   0 | lr: 0.05 | Epoch time: 0.1 |

2024-09-09 04:09:58,218 - INFO -
| Epoch:   1170 | Train loss: 4.5724e-01 | Valid loss: 4.4694e-01 | Train acc: 0.8514 ± 0.0000 | Valid acc: 0.8740 ± 0.0000 | Valid Power: 0.0039 | Train Power: 0.0042 | patience:  10 | lr: 0.05 | Epoch time: 0.1 |

2024-09-09 04:09:59,322 - INFO -
| Epoch:   1180 | Train loss: 4.5719e-01 | Valid loss: 4.4694e-01 | Train acc: 0.8514 ± 0.0000 | Valid acc: 0.8740 ± 0.0000 | Valid Power: 0.0038 | Train Power: 0.0042 | patience:  20 | lr: 0.05 | Epoch time: 0.1 |

2024-09-09 04:10:00,406 - INFO -
| Epoch:   1190 | Train loss: 4.5714e-01 | Valid loss: 4.4693e-01 | Train acc: 0.8514 ± 0.0000 | Valid acc: 0.8740 ± 0.0000 | Valid Power: 0.0038 | Train Power: 0.0042 | patience:  30 | lr: 0.05 | Epoch time: 0.1 |

2024-09-09 04:10:01,493 - INFO -
| Epoch:   1200 | Train loss: 4.5708e-01 | Valid loss: 4.4691e-01 | Train acc: 0.8514 ± 0.0000 | Valid acc: 0.8740 ± 0.0000 | Valid Power: 0.0038 | Train Power: 0.0042 | patience:  40 | lr: 0.05 | Epoch time: 0.1 |

2024-09-09 04:10:02,575 - INFO -
| Epoch:   1210 | Train loss: 4.5703e-01 | Valid loss: 4.4689e-01 | Train acc: 0.8514 ± 0.0000 | Valid acc: 0.8740 ± 0.0000 | Valid Power: 0.0038 | Train Power: 0.0041 | patience:   1 | lr: 0.05 | Epoch time: 0.1 |

2024-09-09 04:10:03,710 - INFO -
| Epoch:   1220 | Train loss: 4.5698e-01 | Valid loss: 4.4686e-01 | Train acc: 0.8514 ± 0.0000 | Valid acc: 0.8740 ± 0.0000 | Valid Power: 0.0038 | Train Power: 0.0041 | patience:   1 | lr: 0.05 | Epoch time: 0.1 |

2024-09-09 04:10:04,769 - INFO -
| Epoch:   1230 | Train loss: 4.5693e-01 | Valid loss: 4.4696e-01 | Train acc: 0.8514 ± 0.0000 | Valid acc: 0.8740 ± 0.0000 | Valid Power: 0.0037 | Train Power: 0.0041 | patience:   4 | lr: 0.05 | Epoch time: 0.1 |

2024-09-09 04:10:05,826 - INFO -
| Epoch:   1240 | Train loss: 4.5690e-01 | Valid loss: 4.4711e-01 | Train acc: 0.8514 ± 0.0000 | Valid acc: 0.8740 ± 0.0000 | Valid Power: 0.0037 | Train Power: 0.0041 | patience:   2 | lr: 0.05 | Epoch time: 0.1 |

2024-09-09 04:10:06,872 - INFO -
| Epoch:   1250 | Train loss: 4.5686e-01 | Valid loss: 4.4693e-01 | Train acc: 0.8514 ± 0.0000 | Valid acc: 0.8740 ± 0.0000 | Valid Power: 0.0037 | Train Power: 0.0041 | patience:  12 | lr: 0.05 | Epoch time: 0.1 |

2024-09-09 04:10:07,912 - INFO -
| Epoch:   1260 | Train loss: 4.5682e-01 | Valid loss: 4.4684e-01 | Train acc: 0.8514 ± 0.0000 | Valid acc: 0.8740 ± 0.0000 | Valid Power: 0.0037 | Train Power: 0.0041 | patience:  22 | lr: 0.05 | Epoch time: 0.1 |

2024-09-09 04:10:08,962 - INFO -
| Epoch:   1270 | Train loss: 4.5679e-01 | Valid loss: 4.4679e-01 | Train acc: 0.8514 ± 0.0000 | Valid acc: 0.8740 ± 0.0000 | Valid Power: 0.0037 | Train Power: 0.0041 | patience:  32 | lr: 0.05 | Epoch time: 0.1 |

2024-09-09 04:10:10,013 - INFO -
| Epoch:   1280 | Train loss: 4.5675e-01 | Valid loss: 4.4685e-01 | Train acc: 0.8514 ± 0.0000 | Valid acc: 0.8740 ± 0.0000 | Valid Power: 0.0037 | Train Power: 0.0041 | patience:   3 | lr: 0.05 | Epoch time: 0.1 |

2024-09-09 04:10:11,063 - INFO -
| Epoch:   1290 | Train loss: 4.5673e-01 | Valid loss: 4.4699e-01 | Train acc: 0.8514 ± 0.0000 | Valid acc: 0.8740 ± 0.0000 | Valid Power: 0.0037 | Train Power: 0.0041 | patience:   2 | lr: 0.05 | Epoch time: 0.1 |

2024-09-09 04:10:12,110 - INFO -
| Epoch:   1300 | Train loss: 4.5672e-01 | Valid loss: 4.4683e-01 | Train acc: 0.8514 ± 0.0000 | Valid acc: 0.8740 ± 0.0000 | Valid Power: 0.0037 | Train Power: 0.0041 | patience:  12 | lr: 0.05 | Epoch time: 0.1 |

2024-09-09 04:10:13,229 - INFO -
| Epoch:   1310 | Train loss: 4.5670e-01 | Valid loss: 4.4675e-01 | Train acc: 0.8514 ± 0.0000 | Valid acc: 0.8740 ± 0.0000 | Valid Power: 0.0038 | Train Power: 0.0041 | patience:  22 | lr: 0.05 | Epoch time: 0.1 |

2024-09-09 04:10:14,274 - INFO -
| Epoch:   1320 | Train loss: 4.5668e-01 | Valid loss: 4.4672e-01 | Train acc: 0.8514 ± 0.0000 | Valid acc: 0.8740 ± 0.0000 | Valid Power: 0.0038 | Train Power: 0.0041 | patience:  32 | lr: 0.05 | Epoch time: 0.1 |

2024-09-09 04:10:15,323 - INFO -
| Epoch:   1330 | Train loss: 4.5686e-01 | Valid loss: 4.4781e-01 | Train acc: 0.8514 ± 0.0000 | Valid acc: 0.8740 ± 0.0000 | Valid Power: 0.0037 | Train Power: 0.0041 | patience:  42 | lr: 0.05 | Epoch time: 0.1 |

2024-09-09 04:10:16,368 - INFO -
| Epoch:   1340 | Train loss: 4.5811e-01 | Valid loss: 4.4789e-01 | Train acc: 0.8489 ± 0.0000 | Valid acc: 0.8740 ± 0.0000 | Valid Power: 0.0037 | Train Power: 0.0041 | patience:   4 | lr: 0.05 | Epoch time: 0.1 |

2024-09-09 04:10:17,411 - INFO -
| Epoch:   1350 | Train loss: 4.5686e-01 | Valid loss: 4.4916e-01 | Train acc: 0.8514 ± 0.0000 | Valid acc: 0.8740 ± 0.0000 | Valid Power: 0.0038 | Train Power: 0.0042 | patience:   5 | lr: 0.05 | Epoch time: 0.1 |

2024-09-09 04:10:18,446 - INFO -
| Epoch:   1360 | Train loss: 4.5767e-01 | Valid loss: 4.4695e-01 | Train acc: 0.8514 ± 0.0000 | Valid acc: 0.8740 ± 0.0000 | Valid Power: 0.0038 | Train Power: 0.0042 | patience:  15 | lr: 0.05 | Epoch time: 0.1 |

2024-09-09 04:10:19,486 - INFO -
| Epoch:   1370 | Train loss: 4.5710e-01 | Valid loss: 4.5080e-01 | Train acc: 0.8514 ± 0.0000 | Valid acc: 0.8740 ± 0.0000 | Valid Power: 0.0039 | Train Power: 0.0043 | patience:   6 | lr: 0.05 | Epoch time: 0.1 |

2024-09-09 04:10:20,522 - INFO -
| Epoch:   1380 | Train loss: 4.5749e-01 | Valid loss: 4.5183e-01 | Train acc: 0.8489 ± 0.0000 | Valid acc: 0.8661 ± 0.0000 | Valid Power: 0.0040 | Train Power: 0.0044 | patience:  16 | lr: 0.05 | Epoch time: 0.1 |

2024-09-09 04:10:21,557 - INFO -
| Epoch:   1390 | Train loss: 4.5695e-01 | Valid loss: 4.4758e-01 | Train acc: 0.8514 ± 0.0000 | Valid acc: 0.8740 ± 0.0000 | Valid Power: 0.0040 | Train Power: 0.0043 | patience:  26 | lr: 0.05 | Epoch time: 0.1 |

2024-09-09 04:10:22,603 - INFO -
| Epoch:   1400 | Train loss: 4.5634e-01 | Valid loss: 4.4866e-01 | Train acc: 0.8514 ± 0.0000 | Valid acc: 0.8740 ± 0.0000 | Valid Power: 0.0041 | Train Power: 0.0044 | patience:  36 | lr: 0.05 | Epoch time: 0.1 |

2024-09-09 04:10:23,639 - INFO -
| Epoch:   1410 | Train loss: 4.5615e-01 | Valid loss: 4.4976e-01 | Train acc: 0.8514 ± 0.0000 | Valid acc: 0.8740 ± 0.0000 | Valid Power: 0.0041 | Train Power: 0.0044 | patience:  46 | lr: 0.05 | Epoch time: 0.1 |

2024-09-09 04:10:24,674 - INFO -
| Epoch:   1420 | Train loss: 4.5599e-01 | Valid loss: 4.4906e-01 | Train acc: 0.8514 ± 0.0000 | Valid acc: 0.8740 ± 0.0000 | Valid Power: 0.0041 | Train Power: 0.0044 | patience:  56 | lr: 0.05 | Epoch time: 0.1 |

2024-09-09 04:10:25,706 - INFO -
| Epoch:   1430 | Train loss: 4.5586e-01 | Valid loss: 4.4926e-01 | Train acc: 0.8514 ± 0.0000 | Valid acc: 0.8740 ± 0.0000 | Valid Power: 0.0041 | Train Power: 0.0044 | patience:  66 | lr: 0.05 | Epoch time: 0.1 |

2024-09-09 04:10:26,740 - INFO -
| Epoch:   1440 | Train loss: 4.5575e-01 | Valid loss: 4.4929e-01 | Train acc: 0.8514 ± 0.0000 | Valid acc: 0.8740 ± 0.0000 | Valid Power: 0.0041 | Train Power: 0.0045 | patience:  76 | lr: 0.05 | Epoch time: 0.1 |

2024-09-09 04:10:27,772 - INFO -
| Epoch:   1450 | Train loss: 4.5565e-01 | Valid loss: 4.4956e-01 | Train acc: 0.8514 ± 0.0000 | Valid acc: 0.8740 ± 0.0000 | Valid Power: 0.0041 | Train Power: 0.0045 | patience:  86 | lr: 0.05 | Epoch time: 0.1 |

2024-09-09 04:10:28,806 - INFO -
| Epoch:   1460 | Train loss: 4.5555e-01 | Valid loss: 4.4977e-01 | Train acc: 0.8514 ± 0.0000 | Valid acc: 0.8740 ± 0.0000 | Valid Power: 0.0041 | Train Power: 0.0045 | patience:  96 | lr: 0.05 | Epoch time: 0.1 |

2024-09-09 04:10:29,327 - INFO -
load best network to warm start training with lower lr.

2024-09-09 04:10:29,327 - INFO -
lr update to 0.025.

2024-09-09 04:10:29,853 - INFO -
| Epoch:   1470 | Train loss: 4.5775e-01 | Valid loss: 4.4990e-01 | Train acc: 0.8514 ± 0.0000 | Valid acc: 0.8740 ± 0.0000 | Valid Power: 0.0038 | Train Power: 0.0042 | patience:   4 | lr: 0.025 | Epoch time: 0.1 |

2024-09-09 04:10:30,968 - INFO -
| Epoch:   1480 | Train loss: 4.5630e-01 | Valid loss: 4.5081e-01 | Train acc: 0.8514 ± 0.0000 | Valid acc: 0.8740 ± 0.0000 | Valid Power: 0.0039 | Train Power: 0.0043 | patience:  14 | lr: 0.025 | Epoch time: 0.2 |

2024-09-09 04:10:31,995 - INFO -
| Epoch:   1490 | Train loss: 4.5594e-01 | Valid loss: 4.4988e-01 | Train acc: 0.8514 ± 0.0000 | Valid acc: 0.8740 ± 0.0000 | Valid Power: 0.0040 | Train Power: 0.0044 | patience:  24 | lr: 0.025 | Epoch time: 0.1 |

2024-09-09 04:10:33,024 - INFO -
| Epoch:   1500 | Train loss: 4.5571e-01 | Valid loss: 4.4952e-01 | Train acc: 0.8514 ± 0.0000 | Valid acc: 0.8740 ± 0.0000 | Valid Power: 0.0041 | Train Power: 0.0044 | patience:  34 | lr: 0.025 | Epoch time: 0.1 |

2024-09-09 04:10:34,049 - INFO -
| Epoch:   1510 | Train loss: 4.5547e-01 | Valid loss: 4.5037e-01 | Train acc: 0.8514 ± 0.0000 | Valid acc: 0.8740 ± 0.0000 | Valid Power: 0.0041 | Train Power: 0.0045 | patience:  44 | lr: 0.025 | Epoch time: 0.1 |

2024-09-09 04:10:35,075 - INFO -
| Epoch:   1520 | Train loss: 4.5525e-01 | Valid loss: 4.5095e-01 | Train acc: 0.8514 ± 0.0000 | Valid acc: 0.8740 ± 0.0000 | Valid Power: 0.0041 | Train Power: 0.0045 | patience:  54 | lr: 0.025 | Epoch time: 0.1 |

2024-09-09 04:10:36,099 - INFO -
| Epoch:   1530 | Train loss: 4.5504e-01 | Valid loss: 4.5118e-01 | Train acc: 0.8514 ± 0.0000 | Valid acc: 0.8740 ± 0.0000 | Valid Power: 0.0042 | Train Power: 0.0046 | patience:  64 | lr: 0.025 | Epoch time: 0.1 |

2024-09-09 04:10:37,125 - INFO -
| Epoch:   1540 | Train loss: 4.5485e-01 | Valid loss: 4.5157e-01 | Train acc: 0.8514 ± 0.0000 | Valid acc: 0.8740 ± 0.0000 | Valid Power: 0.0042 | Train Power: 0.0046 | patience:  74 | lr: 0.025 | Epoch time: 0.1 |

2024-09-09 04:10:38,150 - INFO -
| Epoch:   1550 | Train loss: 4.5467e-01 | Valid loss: 4.5179e-01 | Train acc: 0.8489 ± 0.0000 | Valid acc: 0.8661 ± 0.0000 | Valid Power: 0.0042 | Train Power: 0.0046 | patience:  84 | lr: 0.025 | Epoch time: 0.1 |

2024-09-09 04:10:39,179 - INFO -
| Epoch:   1560 | Train loss: 4.5452e-01 | Valid loss: 4.5197e-01 | Train acc: 0.8489 ± 0.0000 | Valid acc: 0.8661 ± 0.0000 | Valid Power: 0.0043 | Train Power: 0.0047 | patience:  94 | lr: 0.025 | Epoch time: 0.1 |

2024-09-09 04:10:39,897 - INFO -
load best network to warm start training with lower lr.

2024-09-09 04:10:39,897 - INFO -
lr update to 0.0125.

2024-09-09 04:10:40,203 - INFO -
| Epoch:   1570 | Train loss: 4.5748e-01 | Valid loss: 4.4788e-01 | Train acc: 0.8514 ± 0.0000 | Valid acc: 0.8740 ± 0.0000 | Valid Power: 0.0038 | Train Power: 0.0042 | patience:   3 | lr: 0.0125 | Epoch time: 0.1 |

2024-09-09 04:10:41,227 - INFO -
| Epoch:   1580 | Train loss: 4.5674e-01 | Valid loss: 4.4774e-01 | Train acc: 0.8514 ± 0.0000 | Valid acc: 0.8740 ± 0.0000 | Valid Power: 0.0039 | Train Power: 0.0043 | patience:  13 | lr: 0.0125 | Epoch time: 0.1 |

2024-09-09 04:10:42,252 - INFO -
| Epoch:   1590 | Train loss: 4.5625e-01 | Valid loss: 4.4971e-01 | Train acc: 0.8514 ± 0.0000 | Valid acc: 0.8740 ± 0.0000 | Valid Power: 0.0039 | Train Power: 0.0043 | patience:  23 | lr: 0.0125 | Epoch time: 0.1 |

2024-09-09 04:10:43,279 - INFO -
| Epoch:   1600 | Train loss: 4.5609e-01 | Valid loss: 4.4968e-01 | Train acc: 0.8514 ± 0.0000 | Valid acc: 0.8740 ± 0.0000 | Valid Power: 0.0039 | Train Power: 0.0043 | patience:  33 | lr: 0.0125 | Epoch time: 0.1 |

2024-09-09 04:10:44,306 - INFO -
| Epoch:   1610 | Train loss: 4.5593e-01 | Valid loss: 4.4879e-01 | Train acc: 0.8514 ± 0.0000 | Valid acc: 0.8740 ± 0.0000 | Valid Power: 0.0040 | Train Power: 0.0043 | patience:  43 | lr: 0.0125 | Epoch time: 0.1 |

2024-09-09 04:10:45,331 - INFO -
| Epoch:   1620 | Train loss: 4.5578e-01 | Valid loss: 4.4942e-01 | Train acc: 0.8514 ± 0.0000 | Valid acc: 0.8740 ± 0.0000 | Valid Power: 0.0040 | Train Power: 0.0044 | patience:  53 | lr: 0.0125 | Epoch time: 0.1 |

2024-09-09 04:10:46,357 - INFO -
| Epoch:   1630 | Train loss: 4.5563e-01 | Valid loss: 4.4999e-01 | Train acc: 0.8514 ± 0.0000 | Valid acc: 0.8740 ± 0.0000 | Valid Power: 0.0040 | Train Power: 0.0044 | patience:  63 | lr: 0.0125 | Epoch time: 0.1 |

2024-09-09 04:10:47,446 - INFO -
| Epoch:   1640 | Train loss: 4.5548e-01 | Valid loss: 4.5009e-01 | Train acc: 0.8514 ± 0.0000 | Valid acc: 0.8740 ± 0.0000 | Valid Power: 0.0040 | Train Power: 0.0044 | patience:  73 | lr: 0.0125 | Epoch time: 0.1 |

2024-09-09 04:10:48,469 - INFO -
| Epoch:   1650 | Train loss: 4.5533e-01 | Valid loss: 4.5034e-01 | Train acc: 0.8514 ± 0.0000 | Valid acc: 0.8740 ± 0.0000 | Valid Power: 0.0041 | Train Power: 0.0045 | patience:  83 | lr: 0.0125 | Epoch time: 0.1 |

2024-09-09 04:10:49,492 - INFO -
| Epoch:   1660 | Train loss: 4.5517e-01 | Valid loss: 4.5064e-01 | Train acc: 0.8514 ± 0.0000 | Valid acc: 0.8661 ± 0.0000 | Valid Power: 0.0041 | Train Power: 0.0045 | patience:  93 | lr: 0.0125 | Epoch time: 0.1 |

2024-09-09 04:10:50,313 - INFO -
load best network to warm start training with lower lr.

2024-09-09 04:10:50,313 - INFO -
lr update to 0.00625.

2024-09-09 04:10:50,519 - INFO -
| Epoch:   1670 | Train loss: 4.5811e-01 | Valid loss: 4.4603e-01 | Train acc: 0.8514 ± 0.0000 | Valid acc: 0.8740 ± 0.0000 | Valid Power: 0.0038 | Train Power: 0.0042 | patience:   2 | lr: 0.00625 | Epoch time: 0.1 |

2024-09-09 04:10:51,543 - INFO -
| Epoch:   1680 | Train loss: 4.5721e-01 | Valid loss: 4.4817e-01 | Train acc: 0.8514 ± 0.0000 | Valid acc: 0.8740 ± 0.0000 | Valid Power: 0.0038 | Train Power: 0.0042 | patience:  12 | lr: 0.00625 | Epoch time: 0.1 |

2024-09-09 04:10:52,578 - INFO -
| Epoch:   1690 | Train loss: 4.5676e-01 | Valid loss: 4.4783e-01 | Train acc: 0.8514 ± 0.0000 | Valid acc: 0.8740 ± 0.0000 | Valid Power: 0.0039 | Train Power: 0.0042 | patience:  22 | lr: 0.00625 | Epoch time: 0.1 |

2024-09-09 04:10:53,509 - INFO -
| Epoch:   1700 | Train loss: 4.5646e-01 | Valid loss: 4.4892e-01 | Train acc: 0.8514 ± 0.0000 | Valid acc: 0.8740 ± 0.0000 | Valid Power: 0.0039 | Train Power: 0.0042 | patience:  32 | lr: 0.00625 | Epoch time: 0.1 |

2024-09-09 04:10:54,449 - INFO -
| Epoch:   1710 | Train loss: 4.5627e-01 | Valid loss: 4.4880e-01 | Train acc: 0.8514 ± 0.0000 | Valid acc: 0.8740 ± 0.0000 | Valid Power: 0.0039 | Train Power: 0.0043 | patience:  42 | lr: 0.00625 | Epoch time: 0.1 |

2024-09-09 04:10:55,467 - INFO -
| Epoch:   1720 | Train loss: 4.5617e-01 | Valid loss: 4.4945e-01 | Train acc: 0.8514 ± 0.0000 | Valid acc: 0.8740 ± 0.0000 | Valid Power: 0.0039 | Train Power: 0.0043 | patience:  52 | lr: 0.00625 | Epoch time: 0.2 |

2024-09-09 04:10:56,400 - INFO -
| Epoch:   1730 | Train loss: 4.5608e-01 | Valid loss: 4.4923e-01 | Train acc: 0.8514 ± 0.0000 | Valid acc: 0.8740 ± 0.0000 | Valid Power: 0.0041 | Train Power: 0.0043 | patience:  62 | lr: 0.00625 | Epoch time: 0.1 |

2024-09-09 04:10:57,331 - INFO -
| Epoch:   1740 | Train loss: 4.5600e-01 | Valid loss: 4.4912e-01 | Train acc: 0.8514 ± 0.0000 | Valid acc: 0.8740 ± 0.0000 | Valid Power: 0.0039 | Train Power: 0.0043 | patience:  72 | lr: 0.00625 | Epoch time: 0.1 |

2024-09-09 04:10:58,259 - INFO -
| Epoch:   1750 | Train loss: 4.5592e-01 | Valid loss: 4.4911e-01 | Train acc: 0.8514 ± 0.0000 | Valid acc: 0.8740 ± 0.0000 | Valid Power: 0.0039 | Train Power: 0.0043 | patience:  82 | lr: 0.00625 | Epoch time: 0.1 |

2024-09-09 04:10:59,192 - INFO -
| Epoch:   1760 | Train loss: 4.5583e-01 | Valid loss: 4.4932e-01 | Train acc: 0.8514 ± 0.0000 | Valid acc: 0.8740 ± 0.0000 | Valid Power: 0.0040 | Train Power: 0.0043 | patience:  92 | lr: 0.00625 | Epoch time: 0.1 |

2024-09-09 04:11:00,032 - INFO -
load best network to warm start training with lower lr.

2024-09-09 04:11:00,032 - INFO -
lr update to 0.003125.

2024-09-09 04:11:00,128 - INFO -
| Epoch:   1770 | Train loss: 4.5854e-01 | Valid loss: 4.4522e-01 | Train acc: 0.8514 ± 0.0000 | Valid acc: 0.8740 ± 0.0000 | Valid Power: 0.0039 | Train Power: 0.0042 | patience:   1 | lr: 0.003125 | Epoch time: 0.1 |

2024-09-09 04:11:01,065 - INFO -
| Epoch:   1780 | Train loss: 4.5743e-01 | Valid loss: 4.4737e-01 | Train acc: 0.8514 ± 0.0000 | Valid acc: 0.8740 ± 0.0000 | Valid Power: 0.0038 | Train Power: 0.0042 | patience:  11 | lr: 0.003125 | Epoch time: 0.1 |

2024-09-09 04:11:01,994 - INFO -
| Epoch:   1790 | Train loss: 4.5720e-01 | Valid loss: 4.4779e-01 | Train acc: 0.8514 ± 0.0000 | Valid acc: 0.8740 ± 0.0000 | Valid Power: 0.0038 | Train Power: 0.0042 | patience:  21 | lr: 0.003125 | Epoch time: 0.1 |

2024-09-09 04:11:02,925 - INFO -
| Epoch:   1800 | Train loss: 4.5696e-01 | Valid loss: 4.4747e-01 | Train acc: 0.8514 ± 0.0000 | Valid acc: 0.8740 ± 0.0000 | Valid Power: 0.0039 | Train Power: 0.0042 | patience:  31 | lr: 0.003125 | Epoch time: 0.1 |

2024-09-09 04:11:03,854 - INFO -
| Epoch:   1810 | Train loss: 4.5676e-01 | Valid loss: 4.4799e-01 | Train acc: 0.8514 ± 0.0000 | Valid acc: 0.8740 ± 0.0000 | Valid Power: 0.0039 | Train Power: 0.0042 | patience:  41 | lr: 0.003125 | Epoch time: 0.1 |

2024-09-09 04:11:04,784 - INFO -
| Epoch:   1820 | Train loss: 4.5661e-01 | Valid loss: 4.4832e-01 | Train acc: 0.8514 ± 0.0000 | Valid acc: 0.8740 ± 0.0000 | Valid Power: 0.0039 | Train Power: 0.0042 | patience:  51 | lr: 0.003125 | Epoch time: 0.1 |

2024-09-09 04:11:05,714 - INFO -
| Epoch:   1830 | Train loss: 4.5649e-01 | Valid loss: 4.4838e-01 | Train acc: 0.8514 ± 0.0000 | Valid acc: 0.8740 ± 0.0000 | Valid Power: 0.0039 | Train Power: 0.0042 | patience:  61 | lr: 0.003125 | Epoch time: 0.1 |

2024-09-09 04:11:06,638 - INFO -
| Epoch:   1840 | Train loss: 4.5639e-01 | Valid loss: 4.4861e-01 | Train acc: 0.8514 ± 0.0000 | Valid acc: 0.8740 ± 0.0000 | Valid Power: 0.0039 | Train Power: 0.0042 | patience:  71 | lr: 0.003125 | Epoch time: 0.1 |

2024-09-09 04:11:07,561 - INFO -
| Epoch:   1850 | Train loss: 4.5630e-01 | Valid loss: 4.4875e-01 | Train acc: 0.8514 ± 0.0000 | Valid acc: 0.8740 ± 0.0000 | Valid Power: 0.0039 | Train Power: 0.0043 | patience:  81 | lr: 0.003125 | Epoch time: 0.1 |

2024-09-09 04:11:08,487 - INFO -
| Epoch:   1860 | Train loss: 4.5623e-01 | Valid loss: 4.4886e-01 | Train acc: 0.8514 ± 0.0000 | Valid acc: 0.8740 ± 0.0000 | Valid Power: 0.0039 | Train Power: 0.0043 | patience:  91 | lr: 0.003125 | Epoch time: 0.1 |

2024-09-09 04:11:09,423 - INFO -
load best network to warm start training with lower lr.

2024-09-09 04:11:09,423 - INFO -
lr update to 0.0015625.

2024-09-09 04:11:09,424 - INFO -
| Epoch:   1870 | Train loss: 4.5617e-01 | Valid loss: 4.4904e-01 | Train acc: 0.8514 ± 0.0000 | Valid acc: 0.8740 ± 0.0000 | Valid Power: 0.0039 | Train Power: 0.0043 | patience:   0 | lr: 0.0015625 | Epoch time: 0.1 |

2024-09-09 04:11:10,360 - INFO -
| Epoch:   1880 | Train loss: 4.5773e-01 | Valid loss: 4.4611e-01 | Train acc: 0.8514 ± 0.0000 | Valid acc: 0.8740 ± 0.0000 | Valid Power: 0.0038 | Train Power: 0.0042 | patience:  10 | lr: 0.0015625 | Epoch time: 0.1 |

2024-09-09 04:11:11,296 - INFO -
| Epoch:   1890 | Train loss: 4.5744e-01 | Valid loss: 4.4707e-01 | Train acc: 0.8514 ± 0.0000 | Valid acc: 0.8740 ± 0.0000 | Valid Power: 0.0038 | Train Power: 0.0042 | patience:  20 | lr: 0.0015625 | Epoch time: 0.1 |

2024-09-09 04:11:12,284 - INFO -
| Epoch:   1900 | Train loss: 4.5733e-01 | Valid loss: 4.4756e-01 | Train acc: 0.8514 ± 0.0000 | Valid acc: 0.8740 ± 0.0000 | Valid Power: 0.0038 | Train Power: 0.0042 | patience:  30 | lr: 0.0015625 | Epoch time: 0.1 |

2024-09-09 04:11:13,188 - INFO -
| Epoch:   1910 | Train loss: 4.5718e-01 | Valid loss: 4.4742e-01 | Train acc: 0.8514 ± 0.0000 | Valid acc: 0.8740 ± 0.0000 | Valid Power: 0.0038 | Train Power: 0.0042 | patience:  40 | lr: 0.0015625 | Epoch time: 0.1 |

2024-09-09 04:11:14,092 - INFO -
| Epoch:   1920 | Train loss: 4.5707e-01 | Valid loss: 4.4740e-01 | Train acc: 0.8514 ± 0.0000 | Valid acc: 0.8740 ± 0.0000 | Valid Power: 0.0038 | Train Power: 0.0042 | patience:  50 | lr: 0.0015625 | Epoch time: 0.1 |

2024-09-09 04:11:15,004 - INFO -
| Epoch:   1930 | Train loss: 4.5696e-01 | Valid loss: 4.4758e-01 | Train acc: 0.8514 ± 0.0000 | Valid acc: 0.8740 ± 0.0000 | Valid Power: 0.0039 | Train Power: 0.0042 | patience:  60 | lr: 0.0015625 | Epoch time: 0.1 |

2024-09-09 04:11:15,917 - INFO -
| Epoch:   1940 | Train loss: 4.5687e-01 | Valid loss: 4.4780e-01 | Train acc: 0.8514 ± 0.0000 | Valid acc: 0.8740 ± 0.0000 | Valid Power: 0.0039 | Train Power: 0.0042 | patience:  70 | lr: 0.0015625 | Epoch time: 0.1 |

2024-09-09 04:11:16,826 - INFO -
| Epoch:   1950 | Train loss: 4.5678e-01 | Valid loss: 4.4794e-01 | Train acc: 0.8514 ± 0.0000 | Valid acc: 0.8740 ± 0.0000 | Valid Power: 0.0039 | Train Power: 0.0042 | patience:  80 | lr: 0.0015625 | Epoch time: 0.1 |

2024-09-09 04:11:17,732 - INFO -
| Epoch:   1960 | Train loss: 4.5670e-01 | Valid loss: 4.4803e-01 | Train acc: 0.8514 ± 0.0000 | Valid acc: 0.8740 ± 0.0000 | Valid Power: 0.0039 | Train Power: 0.0042 | patience:  90 | lr: 0.0015625 | Epoch time: 0.1 |

2024-09-09 04:11:18,638 - INFO -
| Epoch:   1970 | Train loss: 4.5663e-01 | Valid loss: 4.4813e-01 | Train acc: 0.8514 ± 0.0000 | Valid acc: 0.8740 ± 0.0000 | Valid Power: 0.0039 | Train Power: 0.0042 | patience: 100 | lr: 0.0015625 | Epoch time: 0.1 |

2024-09-09 04:11:18,731 - INFO -
load best network to warm start training with lower lr.

2024-09-09 04:11:18,731 - INFO -
lr update to 0.00078125.

2024-09-09 04:11:19,545 - INFO -
| Epoch:   1980 | Train loss: 4.5811e-01 | Valid loss: 4.4554e-01 | Train acc: 0.8514 ± 0.0000 | Valid acc: 0.8740 ± 0.0000 | Valid Power: 0.0039 | Train Power: 0.0042 | patience:   9 | lr: 0.00078125 | Epoch time: 0.1 |

2024-09-09 04:11:20,450 - INFO -
| Epoch:   1990 | Train loss: 4.5774e-01 | Valid loss: 4.4600e-01 | Train acc: 0.8514 ± 0.0000 | Valid acc: 0.8740 ± 0.0000 | Valid Power: 0.0038 | Train Power: 0.0042 | patience:  19 | lr: 0.00078125 | Epoch time: 0.1 |

2024-09-09 04:11:21,351 - INFO -
| Epoch:   2000 | Train loss: 4.5754e-01 | Valid loss: 4.4644e-01 | Train acc: 0.8514 ± 0.0000 | Valid acc: 0.8740 ± 0.0000 | Valid Power: 0.0038 | Train Power: 0.0042 | patience:  29 | lr: 0.00078125 | Epoch time: 0.1 |

2024-09-09 04:11:22,255 - INFO -
| Epoch:   2010 | Train loss: 4.5744e-01 | Valid loss: 4.4690e-01 | Train acc: 0.8514 ± 0.0000 | Valid acc: 0.8740 ± 0.0000 | Valid Power: 0.0038 | Train Power: 0.0042 | patience:  39 | lr: 0.00078125 | Epoch time: 0.1 |

2024-09-09 04:11:23,164 - INFO -
| Epoch:   2020 | Train loss: 4.5737e-01 | Valid loss: 4.4713e-01 | Train acc: 0.8514 ± 0.0000 | Valid acc: 0.8740 ± 0.0000 | Valid Power: 0.0038 | Train Power: 0.0042 | patience:  49 | lr: 0.00078125 | Epoch time: 0.1 |

2024-09-09 04:11:24,065 - INFO -
| Epoch:   2030 | Train loss: 4.5730e-01 | Valid loss: 4.4722e-01 | Train acc: 0.8514 ± 0.0000 | Valid acc: 0.8740 ± 0.0000 | Valid Power: 0.0038 | Train Power: 0.0042 | patience:  59 | lr: 0.00078125 | Epoch time: 0.1 |

2024-09-09 04:11:24,967 - INFO -
| Epoch:   2040 | Train loss: 4.5724e-01 | Valid loss: 4.4727e-01 | Train acc: 0.8514 ± 0.0000 | Valid acc: 0.8740 ± 0.0000 | Valid Power: 0.0038 | Train Power: 0.0042 | patience:  69 | lr: 0.00078125 | Epoch time: 0.1 |

2024-09-09 04:11:25,953 - INFO -
| Epoch:   2050 | Train loss: 4.5718e-01 | Valid loss: 4.4730e-01 | Train acc: 0.8514 ± 0.0000 | Valid acc: 0.8740 ± 0.0000 | Valid Power: 0.0038 | Train Power: 0.0042 | patience:  79 | lr: 0.00078125 | Epoch time: 0.1 |

2024-09-09 04:11:26,854 - INFO -
| Epoch:   2060 | Train loss: 4.5712e-01 | Valid loss: 4.4736e-01 | Train acc: 0.8514 ± 0.0000 | Valid acc: 0.8740 ± 0.0000 | Valid Power: 0.0038 | Train Power: 0.0042 | patience:  89 | lr: 0.00078125 | Epoch time: 0.1 |

2024-09-09 04:11:27,757 - INFO -
| Epoch:   2070 | Train loss: 4.5707e-01 | Valid loss: 4.4744e-01 | Train acc: 0.8514 ± 0.0000 | Valid acc: 0.8740 ± 0.0000 | Valid Power: 0.0038 | Train Power: 0.0042 | patience:  99 | lr: 0.00078125 | Epoch time: 0.1 |

2024-09-09 04:11:27,940 - INFO -
load best network to warm start training with lower lr.

2024-09-09 04:11:27,940 - INFO -
lr update to 0.000390625.

2024-09-09 04:11:28,663 - INFO -
| Epoch:   2080 | Train loss: 4.5834e-01 | Valid loss: 4.4522e-01 | Train acc: 0.8514 ± 0.0000 | Valid acc: 0.8740 ± 0.0000 | Valid Power: 0.0039 | Train Power: 0.0042 | patience:   8 | lr: 0.000390625 | Epoch time: 0.1 |

2024-09-09 04:11:29,567 - INFO -
| Epoch:   2090 | Train loss: 4.5809e-01 | Valid loss: 4.4552e-01 | Train acc: 0.8514 ± 0.0000 | Valid acc: 0.8740 ± 0.0000 | Valid Power: 0.0039 | Train Power: 0.0042 | patience:  18 | lr: 0.000390625 | Epoch time: 0.1 |

2024-09-09 04:11:30,470 - INFO -
| Epoch:   2100 | Train loss: 4.5789e-01 | Valid loss: 4.4574e-01 | Train acc: 0.8514 ± 0.0000 | Valid acc: 0.8740 ± 0.0000 | Valid Power: 0.0039 | Train Power: 0.0042 | patience:  28 | lr: 0.000390625 | Epoch time: 0.1 |

2024-09-09 04:11:31,325 - INFO -
| Epoch:   2110 | Train loss: 4.5774e-01 | Valid loss: 4.4593e-01 | Train acc: 0.8514 ± 0.0000 | Valid acc: 0.8740 ± 0.0000 | Valid Power: 0.0038 | Train Power: 0.0042 | patience:  38 | lr: 0.000390625 | Epoch time: 0.1 |

2024-09-09 04:11:32,179 - INFO -
| Epoch:   2120 | Train loss: 4.5763e-01 | Valid loss: 4.4615e-01 | Train acc: 0.8514 ± 0.0000 | Valid acc: 0.8740 ± 0.0000 | Valid Power: 0.0038 | Train Power: 0.0042 | patience:  48 | lr: 0.000390625 | Epoch time: 0.1 |

2024-09-09 04:11:33,016 - INFO -
| Epoch:   2130 | Train loss: 4.5755e-01 | Valid loss: 4.4638e-01 | Train acc: 0.8514 ± 0.0000 | Valid acc: 0.8740 ± 0.0000 | Valid Power: 0.0038 | Train Power: 0.0042 | patience:  58 | lr: 0.000390625 | Epoch time: 0.1 |

2024-09-09 04:11:33,939 - INFO -
| Epoch:   2140 | Train loss: 4.5749e-01 | Valid loss: 4.4657e-01 | Train acc: 0.8514 ± 0.0000 | Valid acc: 0.8740 ± 0.0000 | Valid Power: 0.0038 | Train Power: 0.0042 | patience:  68 | lr: 0.000390625 | Epoch time: 0.1 |

2024-09-09 04:11:34,799 - INFO -
| Epoch:   2150 | Train loss: 4.5744e-01 | Valid loss: 4.4673e-01 | Train acc: 0.8514 ± 0.0000 | Valid acc: 0.8740 ± 0.0000 | Valid Power: 0.0038 | Train Power: 0.0042 | patience:  78 | lr: 0.000390625 | Epoch time: 0.1 |

2024-09-09 04:11:35,669 - INFO -
| Epoch:   2160 | Train loss: 4.5740e-01 | Valid loss: 4.4686e-01 | Train acc: 0.8514 ± 0.0000 | Valid acc: 0.8740 ± 0.0000 | Valid Power: 0.0038 | Train Power: 0.0042 | patience:  88 | lr: 0.000390625 | Epoch time: 0.1 |

2024-09-09 04:11:36,532 - INFO -
| Epoch:   2170 | Train loss: 4.5737e-01 | Valid loss: 4.4696e-01 | Train acc: 0.8514 ± 0.0000 | Valid acc: 0.8740 ± 0.0000 | Valid Power: 0.0038 | Train Power: 0.0042 | patience:  98 | lr: 0.000390625 | Epoch time: 0.1 |

2024-09-09 04:11:36,793 - INFO -
load best network to warm start training with lower lr.

2024-09-09 04:11:36,793 - INFO -
lr update to 0.0001953125.

2024-09-09 04:11:37,406 - INFO -
| Epoch:   2180 | Train loss: 4.5845e-01 | Valid loss: 4.4508e-01 | Train acc: 0.8514 ± 0.0000 | Valid acc: 0.8740 ± 0.0000 | Valid Power: 0.0039 | Train Power: 0.0042 | patience:   7 | lr: 0.0001953125 | Epoch time: 0.1 |

2024-09-09 04:11:38,280 - INFO -
| Epoch:   2190 | Train loss: 4.5831e-01 | Valid loss: 4.4523e-01 | Train acc: 0.8514 ± 0.0000 | Valid acc: 0.8740 ± 0.0000 | Valid Power: 0.0039 | Train Power: 0.0042 | patience:  17 | lr: 0.0001953125 | Epoch time: 0.1 |

2024-09-09 04:11:39,129 - INFO -
| Epoch:   2200 | Train loss: 4.5818e-01 | Valid loss: 4.4538e-01 | Train acc: 0.8514 ± 0.0000 | Valid acc: 0.8740 ± 0.0000 | Valid Power: 0.0039 | Train Power: 0.0042 | patience:  27 | lr: 0.0001953125 | Epoch time: 0.1 |

2024-09-09 04:11:39,975 - INFO -
| Epoch:   2210 | Train loss: 4.5807e-01 | Valid loss: 4.4550e-01 | Train acc: 0.8514 ± 0.0000 | Valid acc: 0.8740 ± 0.0000 | Valid Power: 0.0039 | Train Power: 0.0042 | patience:  37 | lr: 0.0001953125 | Epoch time: 0.1 |

2024-09-09 04:11:40,811 - INFO -
| Epoch:   2220 | Train loss: 4.5797e-01 | Valid loss: 4.4561e-01 | Train acc: 0.8514 ± 0.0000 | Valid acc: 0.8740 ± 0.0000 | Valid Power: 0.0039 | Train Power: 0.0042 | patience:  47 | lr: 0.0001953125 | Epoch time: 0.1 |

2024-09-09 04:11:41,647 - INFO -
| Epoch:   2230 | Train loss: 4.5788e-01 | Valid loss: 4.4571e-01 | Train acc: 0.8514 ± 0.0000 | Valid acc: 0.8740 ± 0.0000 | Valid Power: 0.0039 | Train Power: 0.0042 | patience:  57 | lr: 0.0001953125 | Epoch time: 0.1 |

2024-09-09 04:11:42,485 - INFO -
| Epoch:   2240 | Train loss: 4.5781e-01 | Valid loss: 4.4580e-01 | Train acc: 0.8514 ± 0.0000 | Valid acc: 0.8740 ± 0.0000 | Valid Power: 0.0039 | Train Power: 0.0042 | patience:  67 | lr: 0.0001953125 | Epoch time: 0.1 |

2024-09-09 04:11:43,323 - INFO -
| Epoch:   2250 | Train loss: 4.5774e-01 | Valid loss: 4.4591e-01 | Train acc: 0.8514 ± 0.0000 | Valid acc: 0.8740 ± 0.0000 | Valid Power: 0.0038 | Train Power: 0.0042 | patience:  77 | lr: 0.0001953125 | Epoch time: 0.1 |

2024-09-09 04:11:44,165 - INFO -
| Epoch:   2260 | Train loss: 4.5769e-01 | Valid loss: 4.4601e-01 | Train acc: 0.8514 ± 0.0000 | Valid acc: 0.8740 ± 0.0000 | Valid Power: 0.0038 | Train Power: 0.0042 | patience:  87 | lr: 0.0001953125 | Epoch time: 0.1 |

2024-09-09 04:11:45,007 - INFO -
| Epoch:   2270 | Train loss: 4.5764e-01 | Valid loss: 4.4612e-01 | Train acc: 0.8514 ± 0.0000 | Valid acc: 0.8740 ± 0.0000 | Valid Power: 0.0038 | Train Power: 0.0042 | patience:  97 | lr: 0.0001953125 | Epoch time: 0.1 |

2024-09-09 04:11:45,343 - INFO -
load best network to warm start training with lower lr.

2024-09-09 04:11:45,344 - INFO -
lr update to 9.765625e-05.

2024-09-09 04:11:45,344 - INFO -
Early stop.

2024-09-09 04:11:45,349 - INFO -
Training if finished.

2024-09-09 16:19:07,202 - INFO -
Configuration: 
gmin                0.01
gmax                10.0
T                   0.1
m                   0.3
type_nonlinear      normal
act                 tanh
ACT_R1n             12.7865
ACT_R2n             -3.1871
ACT_W1n             -10.4537
ACT_L1n             10.546
ACT_W2n             -5.8496
ACT_L2n             4.2337
S_R1n               -11.7481
S_R2n               -0.3905
S_W1n               -9.169
S_L1n               0.3913
S_W2n               7.2004
S_L2n               15.5558
ReLU_RHn            -1.9557
ReLU_RLn            -20.1581
ReLU_RDn            16.6486
ReLU_RBn            -14.3472
ReLU_Wn             16.655
ReLU_Ln             -21.7591
HS_Rn               -0.3766
HS_Wn               0.5192
HS_Ln               4.6293
NEG_R1n             -7.0846
NEG_R2n             -2.5695
NEG_R3n             16.1542
NEG_W1n             13.8696
NEG_L1n             2.7635
NEG_W2n             1.2674
NEG_L2n             -10.4803
NEG_W3n             -6.4386
NEG_L3n             5.1005
task                normal
DATASET             5
DataPath            ./dataset
InputNoise          0.0
IN_test             0.0
R_train             1
R_test              1
N_time              32
pathnorm            False
hidden              [3]
skipconnection      False
SEED                1
DEVICE              cpu
PATIENCE            500
EPOCH               10000000000
LR                  0.1
PROGRESSIVE         True
LR_PATIENCE         100
LR_DECAY            0.5
LR_MIN              0.0001
metric              acc
SoftEva             True
TIMELIMITATION      71
MODE                nominal
M_train             1
K_train             1
M_test              1
K_test              1
t_test_max          1
integration         MC
N_train             1
e_train             0.0
N_test              100
e_test              0.1
e_fault             2
fault_ratio         0.0
N_fault             50
e_fault_test        0
N_fault_test        50
dropout             0.0
lagrangian_loss     False
rho                 100
powerestimator      none
powerbalance        0.0
estimatorbalance    0.0
pgmin               1e-07
power_ratio         1000
lambda_P            100
areaestimator       none
areabalance         0.0
area_theta          0.15
area_act            30.0
area_neg            22.7
lambda_A            0.001
lnc                 False
projectname         tanh_0_FaultAnalysisNormal
temppath            ./tanh_0_FaultAnalysisNormal/temp/
logfilepath         ./tanh_0_FaultAnalysisNormal/log/
report_freq         10
recording           False
recordpath          ./tanh_0_FaultAnalysisNormal/record/
savepath            ./tanh_0_FaultAnalysisNormal/models/
loglevel            info


2024-09-09 16:19:07,211 - INFO -
Training network on device: cpu.

2024-09-09 16:19:07,211 - INFO -
Training setup: data_05_energyy2_seed_01_epsilon_0.0_dropout_0.0_fault_ratio_0.0.model.

2024-09-09 16:19:07,211 - INFO -
{'dataname': 'energyy2', 'N_feature': 8, 'N_class': 3, 'N_train': 397, 'N_valid': 127, 'N_test': 79}

2024-09-09 16:19:07,211 - INFO -
Training was already finished.

2024-09-11 18:17:02,049 - INFO -
Configuration: 
gmin                0.01
gmax                10.0
T                   0.1
m                   0.3
type_nonlinear      normal
act                 tanh
ACT_R1n             12.7865
ACT_R2n             -3.1871
ACT_W1n             -10.4537
ACT_L1n             10.546
ACT_W2n             -5.8496
ACT_L2n             4.2337
S_R1n               -11.7481
S_R2n               -0.3905
S_W1n               -9.169
S_L1n               0.3913
S_W2n               7.2004
S_L2n               15.5558
ReLU_RHn            -1.9557
ReLU_RLn            -20.1581
ReLU_RDn            16.6486
ReLU_RBn            -14.3472
ReLU_Wn             16.655
ReLU_Ln             -21.7591
HS_Rn               -0.3766
HS_Wn               0.5192
HS_Ln               4.6293
NEG_R1n             -7.0846
NEG_R2n             -2.5695
NEG_R3n             16.1542
NEG_W1n             13.8696
NEG_L1n             2.7635
NEG_W2n             1.2674
NEG_L2n             -10.4803
NEG_W3n             -6.4386
NEG_L3n             5.1005
task                normal
DATASET             5
DataPath            ./dataset
InputNoise          0.0
IN_test             0.0
R_train             1
R_test              1
N_time              32
pathnorm            False
hidden              [3]
skipconnection      False
SEED                1
DEVICE              cpu
PATIENCE            500
EPOCH               10000000000
LR                  0.1
PROGRESSIVE         True
LR_PATIENCE         100
LR_DECAY            0.5
LR_MIN              0.0001
metric              acc
SoftEva             True
TIMELIMITATION      71
MODE                nominal
M_train             1
K_train             1
M_test              1
K_test              1
t_test_max          1
integration         MC
N_train             1
e_train             0.0
N_test              100
e_test              0.1
e_fault             2
fault_ratio         0.0
N_fault             50
e_fault_test        0
N_fault_test        50
dropout             0.0
lagrangian_loss     False
rho                 100
powerestimator      none
powerbalance        0.0
estimatorbalance    0.0
pgmin               1e-07
power_ratio         1000
lambda_P            100
areaestimator       none
areabalance         0.0
area_theta          0.15
area_act            30.0
area_neg            22.7
lambda_A            0.001
lnc                 False
projectname         tanh_0_FaultAnalysisNormal
temppath            ./tanh_0_FaultAnalysisNormal/temp/
logfilepath         ./tanh_0_FaultAnalysisNormal/log/
report_freq         10
recording           False
recordpath          ./tanh_0_FaultAnalysisNormal/record/
savepath            ./tanh_0_FaultAnalysisNormal/models/
loglevel            info


2024-09-11 18:17:02,081 - INFO -
Training network on device: cpu.

2024-09-11 18:17:02,081 - INFO -
Training setup: data_05_energyy2_seed_01_epsilon_0.0_dropout_0.0_fault_ratio_0.0.model.

2024-09-11 18:17:02,081 - INFO -
{'dataname': 'energyy2', 'N_feature': 8, 'N_class': 3, 'N_train': 397, 'N_valid': 127, 'N_test': 79}

2024-09-11 18:17:02,082 - INFO -
Training was already finished.

2024-09-12 04:38:03,673 - INFO -
Configuration: 
gmin                0.01
gmax                10.0
T                   0.1
m                   0.3
type_nonlinear      normal
act                 tanh
ACT_R1n             12.7865
ACT_R2n             -3.1871
ACT_W1n             -10.4537
ACT_L1n             10.546
ACT_W2n             -5.8496
ACT_L2n             4.2337
S_R1n               -11.7481
S_R2n               -0.3905
S_W1n               -9.169
S_L1n               0.3913
S_W2n               7.2004
S_L2n               15.5558
ReLU_RHn            -1.9557
ReLU_RLn            -20.1581
ReLU_RDn            16.6486
ReLU_RBn            -14.3472
ReLU_Wn             16.655
ReLU_Ln             -21.7591
HS_Rn               -0.3766
HS_Wn               0.5192
HS_Ln               4.6293
NEG_R1n             -7.0846
NEG_R2n             -2.5695
NEG_R3n             16.1542
NEG_W1n             13.8696
NEG_L1n             2.7635
NEG_W2n             1.2674
NEG_L2n             -10.4803
NEG_W3n             -6.4386
NEG_L3n             5.1005
task                normal
DATASET             5
DataPath            ./dataset
InputNoise          0.0
IN_test             0.0
R_train             1
R_test              1
N_time              32
pathnorm            False
hidden              [3]
skipconnection      False
SEED                1
DEVICE              cpu
PATIENCE            500
EPOCH               10000000000
LR                  0.1
PROGRESSIVE         True
LR_PATIENCE         100
LR_DECAY            0.5
LR_MIN              0.0001
metric              acc
SoftEva             True
TIMELIMITATION      71
MODE                nominal
M_train             1
K_train             1
M_test              1
K_test              1
t_test_max          1
integration         MC
N_train             1
e_train             0.0
N_test              100
e_test              0.1
e_fault             2
fault_ratio         0.0
N_fault             50
e_fault_test        0
N_fault_test        50
dropout             0.0
lagrangian_loss     False
rho                 100
powerestimator      none
powerbalance        0.0
estimatorbalance    0.0
pgmin               1e-07
power_ratio         1000
lambda_P            100
areaestimator       none
areabalance         0.0
area_theta          0.15
area_act            30.0
area_neg            22.7
lambda_A            0.001
lnc                 False
projectname         tanh_0_FaultAnalysisNormal
temppath            ./tanh_0_FaultAnalysisNormal/temp/
logfilepath         ./tanh_0_FaultAnalysisNormal/log/
report_freq         10
recording           False
recordpath          ./tanh_0_FaultAnalysisNormal/record/
savepath            ./tanh_0_FaultAnalysisNormal/models/
loglevel            info


2024-09-12 04:38:03,678 - INFO -
Training network on device: cpu.

2024-09-12 04:38:03,678 - INFO -
Training setup: data_05_energyy2_seed_01_epsilon_0.0_dropout_0.0_fault_ratio_0.0.model.

2024-09-12 04:38:03,678 - INFO -
{'dataname': 'energyy2', 'N_feature': 8, 'N_class': 3, 'N_train': 397, 'N_valid': 127, 'N_test': 79}

2024-09-12 04:38:03,681 - INFO -
Training was already finished.

