2024-09-09 23:57:34,489 - INFO -
Configuration: 
gmin                0.01
gmax                10.0
T                   0.1
m                   0.3
type_nonlinear      normal
act                 tanh
ACT_R1n             12.7865
ACT_R2n             -3.1871
ACT_W1n             -10.4537
ACT_L1n             10.546
ACT_W2n             -5.8496
ACT_L2n             4.2337
S_R1n               -11.7481
S_R2n               -0.3905
S_W1n               -9.169
S_L1n               0.3913
S_W2n               7.2004
S_L2n               15.5558
ReLU_RHn            -1.9557
ReLU_RLn            -20.1581
ReLU_RDn            16.6486
ReLU_RBn            -14.3472
ReLU_Wn             16.655
ReLU_Ln             -21.7591
HS_Rn               -0.3766
HS_Wn               0.5192
HS_Ln               4.6293
NEG_R1n             -7.0846
NEG_R2n             -2.5695
NEG_R3n             16.1542
NEG_W1n             13.8696
NEG_L1n             2.7635
NEG_W2n             1.2674
NEG_L2n             -10.4803
NEG_W3n             -6.4386
NEG_L3n             5.1005
task                normal
DATASET             8
DataPath            ./dataset
InputNoise          0.0
IN_test             0.0
R_train             1
R_test              1
N_time              32
pathnorm            False
hidden              [3]
skipconnection      False
SEED                2
DEVICE              cpu
PATIENCE            500
EPOCH               10000000000
LR                  0.1
PROGRESSIVE         True
LR_PATIENCE         100
LR_DECAY            0.5
LR_MIN              0.0001
metric              acc
SoftEva             True
TIMELIMITATION      71
MODE                nominal
M_train             1
K_train             1
M_test              1
K_test              1
t_test_max          1
integration         MC
N_train             1
e_train             0.0
N_test              100
e_test              0.1
e_fault             2
fault_ratio         0.0
N_fault             50
e_fault_test        0
N_fault_test        50
dropout             0.0
lagrangian_loss     False
rho                 100
powerestimator      none
powerbalance        0.0
estimatorbalance    0.0
pgmin               1e-07
power_ratio         1000
lambda_P            100
areaestimator       none
areabalance         0.0
area_theta          0.15
area_act            30.0
area_neg            22.7
lambda_A            0.001
lnc                 False
projectname         tanh_0_FaultAnalysisNormal
temppath            ./tanh_0_FaultAnalysisNormal/temp/
logfilepath         ./tanh_0_FaultAnalysisNormal/log/
report_freq         10
recording           False
recordpath          ./tanh_0_FaultAnalysisNormal/record/
savepath            ./tanh_0_FaultAnalysisNormal/models/
loglevel            info


2024-09-09 23:57:34,489 - INFO -
Training network on device: cpu.

2024-09-09 23:57:34,490 - INFO -
Training setup: data_08_pendigits_seed_02_epsilon_0.0_dropout_0.0_fault_ratio_0.0.model.

2024-09-09 23:57:34,490 - INFO -
{'dataname': 'pendigits', 'N_feature': 16, 'N_class': 10, 'N_train': 397, 'N_valid': 127, 'N_test': 79}

2024-09-09 23:57:34,490 - INFO -
Topology of the network: [16, 3, 10].

2024-09-09 23:57:36,455 - INFO -
| Epoch:      0 | Train loss: 2.3025e+00 | Valid loss: 2.3196e+00 | Train acc: 0.1159 ± 0.0000 | Valid acc: 0.1024 ± 0.0000 | Valid Power: 0.0018 | Train Power: 0.0010 | patience:   0 | lr: 0.1 | Epoch time: 0.2 |

2024-09-09 23:57:38,436 - INFO -
| Epoch:     10 | Train loss: 2.1494e+00 | Valid loss: 2.2240e+00 | Train acc: 0.1436 ± 0.0000 | Valid acc: 0.1102 ± 0.0000 | Valid Power: 0.0019 | Train Power: 0.0022 | patience:   0 | lr: 0.1 | Epoch time: 0.2 |

2024-09-09 23:57:40,424 - INFO -
| Epoch:     20 | Train loss: 1.9283e+00 | Valid loss: 1.9476e+00 | Train acc: 0.4383 ± 0.0000 | Valid acc: 0.4094 ± 0.0000 | Valid Power: 0.0018 | Train Power: 0.0019 | patience:   0 | lr: 0.1 | Epoch time: 0.2 |

2024-09-09 23:57:42,508 - INFO -
| Epoch:     30 | Train loss: 1.8025e+00 | Valid loss: 1.8304e+00 | Train acc: 0.4383 ± 0.0000 | Valid acc: 0.4173 ± 0.0000 | Valid Power: 0.0020 | Train Power: 0.0021 | patience:   2 | lr: 0.1 | Epoch time: 0.2 |

2024-09-09 23:57:44,482 - INFO -
| Epoch:     40 | Train loss: 1.7379e+00 | Valid loss: 1.8204e+00 | Train acc: 0.4383 ± 0.0000 | Valid acc: 0.4488 ± 0.0000 | Valid Power: 0.0019 | Train Power: 0.0018 | patience:   2 | lr: 0.1 | Epoch time: 0.2 |

2024-09-09 23:57:46,447 - INFO -
| Epoch:     50 | Train loss: 1.7649e+00 | Valid loss: 1.7627e+00 | Train acc: 0.3804 ± 0.0000 | Valid acc: 0.4173 ± 0.0000 | Valid Power: 0.0018 | Train Power: 0.0018 | patience:   3 | lr: 0.1 | Epoch time: 0.2 |

2024-09-09 23:57:48,410 - INFO -
| Epoch:     60 | Train loss: 1.6760e+00 | Valid loss: 1.7561e+00 | Train acc: 0.3451 ± 0.0000 | Valid acc: 0.3386 ± 0.0000 | Valid Power: 0.0018 | Train Power: 0.0020 | patience:   8 | lr: 0.1 | Epoch time: 0.2 |

2024-09-09 23:57:50,398 - INFO -
| Epoch:     70 | Train loss: 1.6854e+00 | Valid loss: 1.7076e+00 | Train acc: 0.3526 ± 0.0000 | Valid acc: 0.3780 ± 0.0000 | Valid Power: 0.0019 | Train Power: 0.0019 | patience:   0 | lr: 0.1 | Epoch time: 0.2 |

2024-09-09 23:57:52,368 - INFO -
| Epoch:     80 | Train loss: 1.6355e+00 | Valid loss: 1.6937e+00 | Train acc: 0.3602 ± 0.0000 | Valid acc: 0.3543 ± 0.0000 | Valid Power: 0.0019 | Train Power: 0.0018 | patience:   2 | lr: 0.1 | Epoch time: 0.2 |

2024-09-09 23:57:54,339 - INFO -
| Epoch:     90 | Train loss: 1.6160e+00 | Valid loss: 1.6785e+00 | Train acc: 0.3577 ± 0.0000 | Valid acc: 0.3543 ± 0.0000 | Valid Power: 0.0020 | Train Power: 0.0019 | patience:   2 | lr: 0.1 | Epoch time: 0.2 |

2024-09-09 23:57:56,412 - INFO -
| Epoch:    100 | Train loss: 1.6072e+00 | Valid loss: 1.6639e+00 | Train acc: 0.3401 ± 0.0000 | Valid acc: 0.3465 ± 0.0000 | Valid Power: 0.0019 | Train Power: 0.0019 | patience:   4 | lr: 0.1 | Epoch time: 0.2 |

2024-09-09 23:57:58,396 - INFO -
| Epoch:    110 | Train loss: 1.5973e+00 | Valid loss: 1.6389e+00 | Train acc: 0.3627 ± 0.0000 | Valid acc: 0.3701 ± 0.0000 | Valid Power: 0.0212 | Train Power: 0.0030 | patience:   6 | lr: 0.1 | Epoch time: 0.2 |

2024-09-09 23:58:00,362 - INFO -
| Epoch:    120 | Train loss: 1.6063e+00 | Valid loss: 1.6849e+00 | Train acc: 0.3401 ± 0.0000 | Valid acc: 0.3386 ± 0.0000 | Valid Power: 0.0020 | Train Power: 0.0020 | patience:   8 | lr: 0.1 | Epoch time: 0.2 |

2024-09-09 23:58:02,320 - INFO -
| Epoch:    130 | Train loss: 1.5980e+00 | Valid loss: 1.6520e+00 | Train acc: 0.3325 ± 0.0000 | Valid acc: 0.3386 ± 0.0000 | Valid Power: 0.0021 | Train Power: 0.0022 | patience:  18 | lr: 0.1 | Epoch time: 0.2 |

2024-09-09 23:58:04,281 - INFO -
| Epoch:    140 | Train loss: 1.5974e+00 | Valid loss: 1.6373e+00 | Train acc: 0.3350 ± 0.0000 | Valid acc: 0.3386 ± 0.0000 | Valid Power: 0.0021 | Train Power: 0.0021 | patience:  28 | lr: 0.1 | Epoch time: 0.2 |

2024-09-09 23:58:06,244 - INFO -
| Epoch:    150 | Train loss: 1.5726e+00 | Valid loss: 1.6232e+00 | Train acc: 0.3552 ± 0.0000 | Valid acc: 0.3780 ± 0.0000 | Valid Power: 0.0019 | Train Power: 0.0019 | patience:   5 | lr: 0.1 | Epoch time: 0.2 |

2024-09-09 23:58:08,200 - INFO -
| Epoch:    160 | Train loss: 1.5895e+00 | Valid loss: 1.6789e+00 | Train acc: 0.3375 ± 0.0000 | Valid acc: 0.3071 ± 0.0000 | Valid Power: 0.0021 | Train Power: 0.0019 | patience:  15 | lr: 0.1 | Epoch time: 0.2 |

2024-09-09 23:58:10,168 - INFO -
| Epoch:    170 | Train loss: 1.5880e+00 | Valid loss: 1.6035e+00 | Train acc: 0.3350 ± 0.0000 | Valid acc: 0.3543 ± 0.0000 | Valid Power: 0.0020 | Train Power: 0.0021 | patience:   0 | lr: 0.1 | Epoch time: 0.2 |

2024-09-09 23:58:12,136 - INFO -
| Epoch:    180 | Train loss: 1.5659e+00 | Valid loss: 1.6394e+00 | Train acc: 0.3375 ± 0.0000 | Valid acc: 0.3228 ± 0.0000 | Valid Power: 0.0020 | Train Power: 0.0020 | patience:   3 | lr: 0.1 | Epoch time: 0.2 |

2024-09-09 23:58:14,185 - INFO -
| Epoch:    190 | Train loss: 1.5863e+00 | Valid loss: 1.6131e+00 | Train acc: 0.4081 ± 0.0000 | Valid acc: 0.4567 ± 0.0000 | Valid Power: 0.0019 | Train Power: 0.0020 | patience:  13 | lr: 0.1 | Epoch time: 0.2 |

2024-09-09 23:58:16,141 - INFO -
| Epoch:    200 | Train loss: 1.5675e+00 | Valid loss: 1.6081e+00 | Train acc: 0.3401 ± 0.0000 | Valid acc: 0.3228 ± 0.0000 | Valid Power: 0.0020 | Train Power: 0.0020 | patience:  23 | lr: 0.1 | Epoch time: 0.2 |

2024-09-09 23:58:18,096 - INFO -
| Epoch:    210 | Train loss: 1.5706e+00 | Valid loss: 1.6120e+00 | Train acc: 0.3249 ± 0.0000 | Valid acc: 0.3543 ± 0.0000 | Valid Power: 0.0020 | Train Power: 0.0020 | patience:  33 | lr: 0.1 | Epoch time: 0.2 |

2024-09-09 23:58:20,051 - INFO -
| Epoch:    220 | Train loss: 1.6047e+00 | Valid loss: 1.6316e+00 | Train acc: 0.2821 ± 0.0000 | Valid acc: 0.3307 ± 0.0000 | Valid Power: 0.0020 | Train Power: 0.0022 | patience:  43 | lr: 0.1 | Epoch time: 0.2 |

2024-09-09 23:58:22,006 - INFO -
| Epoch:    230 | Train loss: 1.5841e+00 | Valid loss: 1.6165e+00 | Train acc: 0.3552 ± 0.0000 | Valid acc: 0.3858 ± 0.0000 | Valid Power: 0.0020 | Train Power: 0.0021 | patience:  53 | lr: 0.1 | Epoch time: 0.2 |

2024-09-09 23:58:24,032 - INFO -
| Epoch:    240 | Train loss: 1.5813e+00 | Valid loss: 1.7003e+00 | Train acc: 0.3350 ± 0.0000 | Valid acc: 0.3071 ± 0.0000 | Valid Power: 0.0020 | Train Power: 0.0020 | patience:  63 | lr: 0.1 | Epoch time: 0.2 |

2024-09-09 23:58:25,998 - INFO -
| Epoch:    250 | Train loss: 1.5619e+00 | Valid loss: 1.6328e+00 | Train acc: 0.3476 ± 0.0000 | Valid acc: 0.3307 ± 0.0000 | Valid Power: 0.0020 | Train Power: 0.0020 | patience:  73 | lr: 0.1 | Epoch time: 0.2 |

2024-09-09 23:58:27,953 - INFO -
| Epoch:    260 | Train loss: 1.5723e+00 | Valid loss: 1.6216e+00 | Train acc: 0.3375 ± 0.0000 | Valid acc: 0.3465 ± 0.0000 | Valid Power: 0.0020 | Train Power: 0.0020 | patience:  83 | lr: 0.1 | Epoch time: 0.2 |

2024-09-09 23:58:29,913 - INFO -
| Epoch:    270 | Train loss: 1.5659e+00 | Valid loss: 1.5799e+00 | Train acc: 0.3501 ± 0.0000 | Valid acc: 0.3780 ± 0.0000 | Valid Power: 0.0020 | Train Power: 0.0020 | patience:   7 | lr: 0.1 | Epoch time: 0.2 |

2024-09-09 23:58:31,871 - INFO -
| Epoch:    280 | Train loss: 1.5649e+00 | Valid loss: 1.6154e+00 | Train acc: 0.3426 ± 0.0000 | Valid acc: 0.3622 ± 0.0000 | Valid Power: 0.0020 | Train Power: 0.0020 | patience:   9 | lr: 0.1 | Epoch time: 0.2 |

2024-09-09 23:58:33,825 - INFO -
| Epoch:    290 | Train loss: 1.5522e+00 | Valid loss: 1.5919e+00 | Train acc: 0.3375 ± 0.0000 | Valid acc: 0.3543 ± 0.0000 | Valid Power: 0.0020 | Train Power: 0.0022 | patience:  19 | lr: 0.1 | Epoch time: 0.2 |

2024-09-09 23:58:35,775 - INFO -
| Epoch:    300 | Train loss: 1.5541e+00 | Valid loss: 1.5974e+00 | Train acc: 0.3426 ± 0.0000 | Valid acc: 0.3543 ± 0.0000 | Valid Power: 0.0020 | Train Power: 0.0020 | patience:  29 | lr: 0.1 | Epoch time: 0.2 |

2024-09-09 23:58:37,737 - INFO -
| Epoch:    310 | Train loss: 1.5564e+00 | Valid loss: 1.5531e+00 | Train acc: 0.3426 ± 0.0000 | Valid acc: 0.3858 ± 0.0000 | Valid Power: 0.0020 | Train Power: 0.0020 | patience:   1 | lr: 0.1 | Epoch time: 0.2 |

2024-09-09 23:58:39,690 - INFO -
| Epoch:    320 | Train loss: 1.5469e+00 | Valid loss: 1.5871e+00 | Train acc: 0.3325 ± 0.0000 | Valid acc: 0.3858 ± 0.0000 | Valid Power: 0.0020 | Train Power: 0.0020 | patience:  11 | lr: 0.1 | Epoch time: 0.2 |

2024-09-09 23:58:41,647 - INFO -
| Epoch:    330 | Train loss: 1.5423e+00 | Valid loss: 1.6075e+00 | Train acc: 0.3501 ± 0.0000 | Valid acc: 0.3543 ± 0.0000 | Valid Power: 0.0020 | Train Power: 0.0020 | patience:  21 | lr: 0.1 | Epoch time: 0.2 |

2024-09-09 23:58:43,697 - INFO -
| Epoch:    340 | Train loss: 1.5390e+00 | Valid loss: 1.6007e+00 | Train acc: 0.3476 ± 0.0000 | Valid acc: 0.3543 ± 0.0000 | Valid Power: 0.0020 | Train Power: 0.0020 | patience:  31 | lr: 0.1 | Epoch time: 0.2 |

2024-09-09 23:58:45,662 - INFO -
| Epoch:    350 | Train loss: 1.5498e+00 | Valid loss: 1.5878e+00 | Train acc: 0.3476 ± 0.0000 | Valid acc: 0.3307 ± 0.0000 | Valid Power: 0.0020 | Train Power: 0.0020 | patience:  41 | lr: 0.1 | Epoch time: 0.2 |

2024-09-09 23:58:47,615 - INFO -
| Epoch:    360 | Train loss: 1.5475e+00 | Valid loss: 1.6267e+00 | Train acc: 0.3476 ± 0.0000 | Valid acc: 0.3543 ± 0.0000 | Valid Power: 0.0021 | Train Power: 0.0030 | patience:  51 | lr: 0.1 | Epoch time: 0.2 |

2024-09-09 23:58:49,567 - INFO -
| Epoch:    370 | Train loss: 1.5460e+00 | Valid loss: 1.5892e+00 | Train acc: 0.3375 ± 0.0000 | Valid acc: 0.3386 ± 0.0000 | Valid Power: 0.0023 | Train Power: 0.0042 | patience:  61 | lr: 0.1 | Epoch time: 0.2 |

2024-09-09 23:58:51,521 - INFO -
| Epoch:    380 | Train loss: 1.5470e+00 | Valid loss: 1.6187e+00 | Train acc: 0.3476 ± 0.0000 | Valid acc: 0.3543 ± 0.0000 | Valid Power: 0.0022 | Train Power: 0.0024 | patience:  71 | lr: 0.1 | Epoch time: 0.2 |

2024-09-09 23:58:53,477 - INFO -
| Epoch:    390 | Train loss: 1.5433e+00 | Valid loss: 1.5643e+00 | Train acc: 0.3476 ± 0.0000 | Valid acc: 0.3858 ± 0.0000 | Valid Power: 0.0021 | Train Power: 0.0021 | patience:  81 | lr: 0.1 | Epoch time: 0.2 |

2024-09-09 23:58:55,432 - INFO -
| Epoch:    400 | Train loss: 1.5370e+00 | Valid loss: 1.5834e+00 | Train acc: 0.3451 ± 0.0000 | Valid acc: 0.3701 ± 0.0000 | Valid Power: 0.0021 | Train Power: 0.0025 | patience:  91 | lr: 0.1 | Epoch time: 0.2 |

2024-09-09 23:58:57,483 - INFO -
load best network to warm start training with lower lr.

2024-09-09 23:58:57,483 - INFO -
lr update to 0.05.

2024-09-09 23:58:57,484 - INFO -
| Epoch:    410 | Train loss: 1.5342e+00 | Valid loss: 1.5905e+00 | Train acc: 0.3476 ± 0.0000 | Valid acc: 0.3622 ± 0.0000 | Valid Power: 0.0025 | Train Power: 0.0022 | patience:   0 | lr: 0.05 | Epoch time: 0.2 |

2024-09-09 23:58:59,439 - INFO -
| Epoch:    420 | Train loss: 1.5497e+00 | Valid loss: 1.5431e+00 | Train acc: 0.3501 ± 0.0000 | Valid acc: 0.4016 ± 0.0000 | Valid Power: 0.0023 | Train Power: 0.0020 | patience:   0 | lr: 0.05 | Epoch time: 0.2 |

2024-09-09 23:59:01,397 - INFO -
| Epoch:    430 | Train loss: 1.5416e+00 | Valid loss: 1.6104e+00 | Train acc: 0.3526 ± 0.0000 | Valid acc: 0.3622 ± 0.0000 | Valid Power: 0.0020 | Train Power: 0.0020 | patience:   3 | lr: 0.05 | Epoch time: 0.2 |

2024-09-09 23:59:03,367 - INFO -
| Epoch:    440 | Train loss: 1.5384e+00 | Valid loss: 1.5518e+00 | Train acc: 0.3526 ± 0.0000 | Valid acc: 0.4016 ± 0.0000 | Valid Power: 0.0020 | Train Power: 0.0020 | patience:  13 | lr: 0.05 | Epoch time: 0.2 |

2024-09-09 23:59:05,347 - INFO -
| Epoch:    450 | Train loss: 1.5332e+00 | Valid loss: 1.5692e+00 | Train acc: 0.3577 ± 0.0000 | Valid acc: 0.3858 ± 0.0000 | Valid Power: 0.0020 | Train Power: 0.0023 | patience:  23 | lr: 0.05 | Epoch time: 0.2 |

2024-09-09 23:59:07,317 - INFO -
| Epoch:    460 | Train loss: 1.5486e+00 | Valid loss: 1.5706e+00 | Train acc: 0.3451 ± 0.0000 | Valid acc: 0.3780 ± 0.0000 | Valid Power: 0.0021 | Train Power: 0.0021 | patience:  33 | lr: 0.05 | Epoch time: 0.2 |

2024-09-09 23:59:09,272 - INFO -
| Epoch:    470 | Train loss: 1.5543e+00 | Valid loss: 1.5694e+00 | Train acc: 0.3451 ± 0.0000 | Valid acc: 0.4016 ± 0.0000 | Valid Power: 0.0034 | Train Power: 0.0022 | patience:  43 | lr: 0.05 | Epoch time: 0.2 |

2024-09-09 23:59:11,243 - INFO -
| Epoch:    480 | Train loss: 1.5517e+00 | Valid loss: 1.5974e+00 | Train acc: 0.3451 ± 0.0000 | Valid acc: 0.3465 ± 0.0000 | Valid Power: 0.0021 | Train Power: 0.0020 | patience:  53 | lr: 0.05 | Epoch time: 0.2 |

2024-09-09 23:59:13,293 - INFO -
| Epoch:    490 | Train loss: 1.5427e+00 | Valid loss: 1.5377e+00 | Train acc: 0.3526 ± 0.0000 | Valid acc: 0.4094 ± 0.0000 | Valid Power: 0.0023 | Train Power: 0.0022 | patience:  63 | lr: 0.05 | Epoch time: 0.2 |

2024-09-09 23:59:15,251 - INFO -
| Epoch:    500 | Train loss: 1.5330e+00 | Valid loss: 1.5769e+00 | Train acc: 0.3476 ± 0.0000 | Valid acc: 0.3701 ± 0.0000 | Valid Power: 0.0021 | Train Power: 0.0021 | patience:  73 | lr: 0.05 | Epoch time: 0.2 |

2024-09-09 23:59:17,200 - INFO -
| Epoch:    510 | Train loss: 1.5604e+00 | Valid loss: 1.5442e+00 | Train acc: 0.3451 ± 0.0000 | Valid acc: 0.3937 ± 0.0000 | Valid Power: 0.0022 | Train Power: 0.0021 | patience:  83 | lr: 0.05 | Epoch time: 0.2 |

2024-09-09 23:59:19,149 - INFO -
| Epoch:    520 | Train loss: 1.5448e+00 | Valid loss: 1.5937e+00 | Train acc: 0.3476 ± 0.0000 | Valid acc: 0.3858 ± 0.0000 | Valid Power: 0.0022 | Train Power: 0.0022 | patience:  93 | lr: 0.05 | Epoch time: 0.2 |

2024-09-09 23:59:20,707 - INFO -
load best network to warm start training with lower lr.

2024-09-09 23:59:20,707 - INFO -
lr update to 0.025.

2024-09-09 23:59:21,081 - INFO -
| Epoch:    530 | Train loss: 1.5592e+00 | Valid loss: 1.5401e+00 | Train acc: 0.3426 ± 0.0000 | Valid acc: 0.4016 ± 0.0000 | Valid Power: 0.0020 | Train Power: 0.0022 | patience:   1 | lr: 0.025 | Epoch time: 0.2 |

2024-09-09 23:59:23,022 - INFO -
| Epoch:    540 | Train loss: 1.5458e+00 | Valid loss: 1.5886e+00 | Train acc: 0.3426 ± 0.0000 | Valid acc: 0.3780 ± 0.0000 | Valid Power: 0.0020 | Train Power: 0.0020 | patience:  11 | lr: 0.025 | Epoch time: 0.2 |

2024-09-09 23:59:24,963 - INFO -
| Epoch:    550 | Train loss: 1.5434e+00 | Valid loss: 1.5804e+00 | Train acc: 0.3451 ± 0.0000 | Valid acc: 0.3701 ± 0.0000 | Valid Power: 0.0022 | Train Power: 0.0028 | patience:  21 | lr: 0.025 | Epoch time: 0.2 |

2024-09-09 23:59:26,910 - INFO -
| Epoch:    560 | Train loss: 1.5302e+00 | Valid loss: 1.5723e+00 | Train acc: 0.3451 ± 0.0000 | Valid acc: 0.3780 ± 0.0000 | Valid Power: 0.0022 | Train Power: 0.0021 | patience:  31 | lr: 0.025 | Epoch time: 0.2 |

2024-09-09 23:59:28,752 - INFO -
| Epoch:    570 | Train loss: 1.5340e+00 | Valid loss: 1.5608e+00 | Train acc: 0.3501 ± 0.0000 | Valid acc: 0.3701 ± 0.0000 | Valid Power: 0.0022 | Train Power: 0.0022 | patience:  41 | lr: 0.025 | Epoch time: 0.2 |

2024-09-09 23:59:30,584 - INFO -
| Epoch:    580 | Train loss: 1.5360e+00 | Valid loss: 1.5759e+00 | Train acc: 0.3375 ± 0.0000 | Valid acc: 0.3622 ± 0.0000 | Valid Power: 0.0022 | Train Power: 0.0022 | patience:  51 | lr: 0.025 | Epoch time: 0.2 |

2024-09-09 23:59:32,398 - INFO -
| Epoch:    590 | Train loss: 1.5294e+00 | Valid loss: 1.5649e+00 | Train acc: 0.3526 ± 0.0000 | Valid acc: 0.3780 ± 0.0000 | Valid Power: 0.0025 | Train Power: 0.0023 | patience:  61 | lr: 0.025 | Epoch time: 0.2 |

2024-09-09 23:59:34,209 - INFO -
| Epoch:    600 | Train loss: 1.5260e+00 | Valid loss: 1.5662e+00 | Train acc: 0.3501 ± 0.0000 | Valid acc: 0.3780 ± 0.0000 | Valid Power: 0.0023 | Train Power: 0.0044 | patience:  71 | lr: 0.025 | Epoch time: 0.2 |

2024-09-09 23:59:36,023 - INFO -
| Epoch:    610 | Train loss: 1.5377e+00 | Valid loss: 1.5499e+00 | Train acc: 0.3451 ± 0.0000 | Valid acc: 0.4016 ± 0.0000 | Valid Power: 0.0027 | Train Power: 0.0025 | patience:  81 | lr: 0.025 | Epoch time: 0.2 |

2024-09-09 23:59:37,838 - INFO -
| Epoch:    620 | Train loss: 1.5379e+00 | Valid loss: 1.5430e+00 | Train acc: 0.3476 ± 0.0000 | Valid acc: 0.4016 ± 0.0000 | Valid Power: 0.0024 | Train Power: 0.0023 | patience:  91 | lr: 0.025 | Epoch time: 0.2 |

2024-09-09 23:59:39,652 - INFO -
load best network to warm start training with lower lr.

2024-09-09 23:59:39,653 - INFO -
lr update to 0.0125.

2024-09-09 23:59:39,653 - INFO -
| Epoch:    630 | Train loss: 1.5314e+00 | Valid loss: 1.5907e+00 | Train acc: 0.3501 ± 0.0000 | Valid acc: 0.3701 ± 0.0000 | Valid Power: 0.0030 | Train Power: 0.0035 | patience:   0 | lr: 0.0125 | Epoch time: 0.2 |

2024-09-09 23:59:41,440 - INFO -
| Epoch:    640 | Train loss: 1.5367e+00 | Valid loss: 1.5836e+00 | Train acc: 0.3501 ± 0.0000 | Valid acc: 0.3780 ± 0.0000 | Valid Power: 0.0022 | Train Power: 0.0022 | patience:   9 | lr: 0.0125 | Epoch time: 0.2 |

2024-09-09 23:59:43,114 - INFO -
| Epoch:    650 | Train loss: 1.5371e+00 | Valid loss: 1.5791e+00 | Train acc: 0.3451 ± 0.0000 | Valid acc: 0.3701 ± 0.0000 | Valid Power: 0.0022 | Train Power: 0.0022 | patience:  19 | lr: 0.0125 | Epoch time: 0.2 |

2024-09-09 23:59:44,775 - INFO -
| Epoch:    660 | Train loss: 1.5315e+00 | Valid loss: 1.5702e+00 | Train acc: 0.3501 ± 0.0000 | Valid acc: 0.3780 ± 0.0000 | Valid Power: 0.0022 | Train Power: 0.0022 | patience:  29 | lr: 0.0125 | Epoch time: 0.2 |

2024-09-09 23:59:46,424 - INFO -
| Epoch:    670 | Train loss: 1.5303e+00 | Valid loss: 1.5668e+00 | Train acc: 0.3501 ± 0.0000 | Valid acc: 0.3780 ± 0.0000 | Valid Power: 0.0023 | Train Power: 0.0022 | patience:  39 | lr: 0.0125 | Epoch time: 0.2 |

2024-09-09 23:59:48,073 - INFO -
| Epoch:    680 | Train loss: 1.5292e+00 | Valid loss: 1.5652e+00 | Train acc: 0.3501 ± 0.0000 | Valid acc: 0.3780 ± 0.0000 | Valid Power: 0.0023 | Train Power: 0.0023 | patience:  49 | lr: 0.0125 | Epoch time: 0.2 |

2024-09-09 23:59:49,714 - INFO -
| Epoch:    690 | Train loss: 1.5288e+00 | Valid loss: 1.5637e+00 | Train acc: 0.3476 ± 0.0000 | Valid acc: 0.3780 ± 0.0000 | Valid Power: 0.0022 | Train Power: 0.0022 | patience:  59 | lr: 0.0125 | Epoch time: 0.2 |

2024-09-09 23:59:51,353 - INFO -
| Epoch:    700 | Train loss: 1.5267e+00 | Valid loss: 1.5653e+00 | Train acc: 0.3526 ± 0.0000 | Valid acc: 0.3780 ± 0.0000 | Valid Power: 0.0023 | Train Power: 0.0023 | patience:  69 | lr: 0.0125 | Epoch time: 0.2 |

2024-09-09 23:59:53,061 - INFO -
| Epoch:    710 | Train loss: 1.5274e+00 | Valid loss: 1.5660e+00 | Train acc: 0.3501 ± 0.0000 | Valid acc: 0.3780 ± 0.0000 | Valid Power: 0.0031 | Train Power: 0.0067 | patience:  79 | lr: 0.0125 | Epoch time: 0.2 |

2024-09-09 23:59:54,706 - INFO -
| Epoch:    720 | Train loss: 1.5285e+00 | Valid loss: 1.5684e+00 | Train acc: 0.3476 ± 0.0000 | Valid acc: 0.3701 ± 0.0000 | Valid Power: 0.0023 | Train Power: 0.0023 | patience:  89 | lr: 0.0125 | Epoch time: 0.2 |

2024-09-09 23:59:56,348 - INFO -
| Epoch:    730 | Train loss: 1.5288e+00 | Valid loss: 1.5649e+00 | Train acc: 0.3451 ± 0.0000 | Valid acc: 0.3780 ± 0.0000 | Valid Power: 0.0025 | Train Power: 0.0028 | patience:  99 | lr: 0.0125 | Epoch time: 0.2 |

2024-09-09 23:59:56,679 - INFO -
load best network to warm start training with lower lr.

2024-09-09 23:59:56,679 - INFO -
lr update to 0.00625.

2024-09-09 23:59:57,997 - INFO -
| Epoch:    740 | Train loss: 1.5466e+00 | Valid loss: 1.5438e+00 | Train acc: 0.3426 ± 0.0000 | Valid acc: 0.4094 ± 0.0000 | Valid Power: 0.0022 | Train Power: 0.0022 | patience:   8 | lr: 0.00625 | Epoch time: 0.2 |

2024-09-09 23:59:59,647 - INFO -
| Epoch:    750 | Train loss: 1.5417e+00 | Valid loss: 1.5617e+00 | Train acc: 0.3426 ± 0.0000 | Valid acc: 0.3937 ± 0.0000 | Valid Power: 0.0022 | Train Power: 0.0022 | patience:  18 | lr: 0.00625 | Epoch time: 0.2 |

2024-09-10 00:00:01,304 - INFO -
| Epoch:    760 | Train loss: 1.5343e+00 | Valid loss: 1.5751e+00 | Train acc: 0.3501 ± 0.0000 | Valid acc: 0.3780 ± 0.0000 | Valid Power: 0.0022 | Train Power: 0.0022 | patience:  28 | lr: 0.00625 | Epoch time: 0.2 |

2024-09-10 00:00:02,935 - INFO -
| Epoch:    770 | Train loss: 1.5336e+00 | Valid loss: 1.5661e+00 | Train acc: 0.3476 ± 0.0000 | Valid acc: 0.3858 ± 0.0000 | Valid Power: 0.0022 | Train Power: 0.0022 | patience:  38 | lr: 0.00625 | Epoch time: 0.2 |

2024-09-10 00:00:04,568 - INFO -
| Epoch:    780 | Train loss: 1.5308e+00 | Valid loss: 1.5651e+00 | Train acc: 0.3501 ± 0.0000 | Valid acc: 0.3858 ± 0.0000 | Valid Power: 0.0022 | Train Power: 0.0022 | patience:  48 | lr: 0.00625 | Epoch time: 0.2 |

2024-09-10 00:00:06,268 - INFO -
| Epoch:    790 | Train loss: 1.5296e+00 | Valid loss: 1.5598e+00 | Train acc: 0.3526 ± 0.0000 | Valid acc: 0.3858 ± 0.0000 | Valid Power: 0.0022 | Train Power: 0.0022 | patience:  58 | lr: 0.00625 | Epoch time: 0.2 |

2024-09-10 00:00:07,902 - INFO -
| Epoch:    800 | Train loss: 1.5291e+00 | Valid loss: 1.5558e+00 | Train acc: 0.3552 ± 0.0000 | Valid acc: 0.3937 ± 0.0000 | Valid Power: 0.0024 | Train Power: 0.0024 | patience:  68 | lr: 0.00625 | Epoch time: 0.2 |

2024-09-10 00:00:09,532 - INFO -
| Epoch:    810 | Train loss: 1.5282e+00 | Valid loss: 1.5554e+00 | Train acc: 0.3501 ± 0.0000 | Valid acc: 0.3937 ± 0.0000 | Valid Power: 0.0022 | Train Power: 0.0022 | patience:  78 | lr: 0.00625 | Epoch time: 0.2 |

2024-09-10 00:00:11,192 - INFO -
| Epoch:    820 | Train loss: 1.5282e+00 | Valid loss: 1.5553e+00 | Train acc: 0.3526 ± 0.0000 | Valid acc: 0.3937 ± 0.0000 | Valid Power: 0.0025 | Train Power: 0.0028 | patience:  88 | lr: 0.00625 | Epoch time: 0.2 |

2024-09-10 00:00:12,825 - INFO -
| Epoch:    830 | Train loss: 1.5271e+00 | Valid loss: 1.5558e+00 | Train acc: 0.3526 ± 0.0000 | Valid acc: 0.3937 ± 0.0000 | Valid Power: 0.0023 | Train Power: 0.0023 | patience:  98 | lr: 0.00625 | Epoch time: 0.2 |

2024-09-10 00:00:13,321 - INFO -
load best network to warm start training with lower lr.

2024-09-10 00:00:13,322 - INFO -
lr update to 0.003125.

2024-09-10 00:00:14,462 - INFO -
| Epoch:    840 | Train loss: 1.5463e+00 | Valid loss: 1.5353e+00 | Train acc: 0.3476 ± 0.0000 | Valid acc: 0.4094 ± 0.0000 | Valid Power: 0.0022 | Train Power: 0.0022 | patience:   7 | lr: 0.003125 | Epoch time: 0.2 |

2024-09-10 00:00:16,181 - INFO -
| Epoch:    850 | Train loss: 1.5457e+00 | Valid loss: 1.5371e+00 | Train acc: 0.3451 ± 0.0000 | Valid acc: 0.4094 ± 0.0000 | Valid Power: 0.0022 | Train Power: 0.0022 | patience:  17 | lr: 0.003125 | Epoch time: 0.2 |

2024-09-10 00:00:17,810 - INFO -
| Epoch:    860 | Train loss: 1.5443e+00 | Valid loss: 1.5362e+00 | Train acc: 0.3476 ± 0.0000 | Valid acc: 0.4094 ± 0.0000 | Valid Power: 0.0022 | Train Power: 0.0022 | patience:  27 | lr: 0.003125 | Epoch time: 0.2 |

2024-09-10 00:00:19,344 - INFO -
| Epoch:    870 | Train loss: 1.5430e+00 | Valid loss: 1.5374e+00 | Train acc: 0.3476 ± 0.0000 | Valid acc: 0.4094 ± 0.0000 | Valid Power: 0.0022 | Train Power: 0.0022 | patience:  37 | lr: 0.003125 | Epoch time: 0.1 |

2024-09-10 00:00:20,791 - INFO -
| Epoch:    880 | Train loss: 1.5425e+00 | Valid loss: 1.5383e+00 | Train acc: 0.3476 ± 0.0000 | Valid acc: 0.4094 ± 0.0000 | Valid Power: 0.0022 | Train Power: 0.0022 | patience:  47 | lr: 0.003125 | Epoch time: 0.1 |

2024-09-10 00:00:22,228 - INFO -
| Epoch:    890 | Train loss: 1.5421e+00 | Valid loss: 1.5385e+00 | Train acc: 0.3476 ± 0.0000 | Valid acc: 0.4094 ± 0.0000 | Valid Power: 0.0022 | Train Power: 0.0023 | patience:  57 | lr: 0.003125 | Epoch time: 0.1 |

2024-09-10 00:00:23,670 - INFO -
| Epoch:    900 | Train loss: 1.5418e+00 | Valid loss: 1.5386e+00 | Train acc: 0.3476 ± 0.0000 | Valid acc: 0.4094 ± 0.0000 | Valid Power: 0.0022 | Train Power: 0.0022 | patience:  67 | lr: 0.003125 | Epoch time: 0.1 |

2024-09-10 00:00:25,102 - INFO -
| Epoch:    910 | Train loss: 1.5415e+00 | Valid loss: 1.5387e+00 | Train acc: 0.3451 ± 0.0000 | Valid acc: 0.4094 ± 0.0000 | Valid Power: 0.0029 | Train Power: 0.0026 | patience:  77 | lr: 0.003125 | Epoch time: 0.1 |

2024-09-10 00:00:26,535 - INFO -
| Epoch:    920 | Train loss: 1.5412e+00 | Valid loss: 1.5387e+00 | Train acc: 0.3451 ± 0.0000 | Valid acc: 0.4094 ± 0.0000 | Valid Power: 0.0025 | Train Power: 0.0025 | patience:  87 | lr: 0.003125 | Epoch time: 0.1 |

2024-09-10 00:00:27,960 - INFO -
| Epoch:    930 | Train loss: 1.5409e+00 | Valid loss: 1.5388e+00 | Train acc: 0.3451 ± 0.0000 | Valid acc: 0.4094 ± 0.0000 | Valid Power: 0.0024 | Train Power: 0.0024 | patience:  97 | lr: 0.003125 | Epoch time: 0.1 |

2024-09-10 00:00:28,531 - INFO -
load best network to warm start training with lower lr.

2024-09-10 00:00:28,531 - INFO -
lr update to 0.0015625.

2024-09-10 00:00:29,460 - INFO -
| Epoch:    940 | Train loss: 1.5514e+00 | Valid loss: 1.5326e+00 | Train acc: 0.3451 ± 0.0000 | Valid acc: 0.4094 ± 0.0000 | Valid Power: 0.0022 | Train Power: 0.0022 | patience:   5 | lr: 0.0015625 | Epoch time: 0.1 |

2024-09-10 00:00:30,902 - INFO -
| Epoch:    950 | Train loss: 1.5451e+00 | Valid loss: 1.5355e+00 | Train acc: 0.3476 ± 0.0000 | Valid acc: 0.4094 ± 0.0000 | Valid Power: 0.0022 | Train Power: 0.0022 | patience:  15 | lr: 0.0015625 | Epoch time: 0.1 |

2024-09-10 00:00:32,314 - INFO -
| Epoch:    960 | Train loss: 1.5457e+00 | Valid loss: 1.5367e+00 | Train acc: 0.3451 ± 0.0000 | Valid acc: 0.4094 ± 0.0000 | Valid Power: 0.0022 | Train Power: 0.0022 | patience:  25 | lr: 0.0015625 | Epoch time: 0.1 |

2024-09-10 00:00:33,732 - INFO -
| Epoch:    970 | Train loss: 1.5448e+00 | Valid loss: 1.5364e+00 | Train acc: 0.3451 ± 0.0000 | Valid acc: 0.4094 ± 0.0000 | Valid Power: 0.0022 | Train Power: 0.0022 | patience:  35 | lr: 0.0015625 | Epoch time: 0.1 |

2024-09-10 00:00:35,161 - INFO -
| Epoch:    980 | Train loss: 1.5439e+00 | Valid loss: 1.5361e+00 | Train acc: 0.3476 ± 0.0000 | Valid acc: 0.4094 ± 0.0000 | Valid Power: 0.0022 | Train Power: 0.0022 | patience:  45 | lr: 0.0015625 | Epoch time: 0.1 |

2024-09-10 00:00:36,574 - INFO -
| Epoch:    990 | Train loss: 1.5433e+00 | Valid loss: 1.5368e+00 | Train acc: 0.3476 ± 0.0000 | Valid acc: 0.4094 ± 0.0000 | Valid Power: 0.0022 | Train Power: 0.0022 | patience:  55 | lr: 0.0015625 | Epoch time: 0.1 |

2024-09-10 00:00:37,988 - INFO -
| Epoch:   1000 | Train loss: 1.5430e+00 | Valid loss: 1.5371e+00 | Train acc: 0.3476 ± 0.0000 | Valid acc: 0.4094 ± 0.0000 | Valid Power: 0.0022 | Train Power: 0.0022 | patience:  65 | lr: 0.0015625 | Epoch time: 0.1 |

2024-09-10 00:00:39,467 - INFO -
| Epoch:   1010 | Train loss: 1.5427e+00 | Valid loss: 1.5374e+00 | Train acc: 0.3476 ± 0.0000 | Valid acc: 0.4094 ± 0.0000 | Valid Power: 0.0023 | Train Power: 0.0022 | patience:  75 | lr: 0.0015625 | Epoch time: 0.1 |

2024-09-10 00:00:40,898 - INFO -
| Epoch:   1020 | Train loss: 1.5425e+00 | Valid loss: 1.5378e+00 | Train acc: 0.3476 ± 0.0000 | Valid acc: 0.4094 ± 0.0000 | Valid Power: 0.0023 | Train Power: 0.0023 | patience:  85 | lr: 0.0015625 | Epoch time: 0.1 |

2024-09-10 00:00:42,313 - INFO -
| Epoch:   1030 | Train loss: 1.5423e+00 | Valid loss: 1.5380e+00 | Train acc: 0.3476 ± 0.0000 | Valid acc: 0.4094 ± 0.0000 | Valid Power: 0.0022 | Train Power: 0.0022 | patience:  95 | lr: 0.0015625 | Epoch time: 0.1 |

2024-09-10 00:00:43,166 - INFO -
load best network to warm start training with lower lr.

2024-09-10 00:00:43,166 - INFO -
lr update to 0.00078125.

2024-09-10 00:00:43,731 - INFO -
| Epoch:   1040 | Train loss: 1.5516e+00 | Valid loss: 1.5319e+00 | Train acc: 0.3451 ± 0.0000 | Valid acc: 0.4094 ± 0.0000 | Valid Power: 0.0022 | Train Power: 0.0022 | patience:   4 | lr: 0.00078125 | Epoch time: 0.1 |

2024-09-10 00:00:45,146 - INFO -
| Epoch:   1050 | Train loss: 1.5490e+00 | Valid loss: 1.5340e+00 | Train acc: 0.3476 ± 0.0000 | Valid acc: 0.4094 ± 0.0000 | Valid Power: 0.0022 | Train Power: 0.0022 | patience:  14 | lr: 0.00078125 | Epoch time: 0.1 |

2024-09-10 00:00:46,557 - INFO -
| Epoch:   1060 | Train loss: 1.5456e+00 | Valid loss: 1.5355e+00 | Train acc: 0.3451 ± 0.0000 | Valid acc: 0.4094 ± 0.0000 | Valid Power: 0.0022 | Train Power: 0.0022 | patience:  24 | lr: 0.00078125 | Epoch time: 0.1 |

2024-09-10 00:00:47,968 - INFO -
| Epoch:   1070 | Train loss: 1.5448e+00 | Valid loss: 1.5354e+00 | Train acc: 0.3476 ± 0.0000 | Valid acc: 0.4094 ± 0.0000 | Valid Power: 0.0022 | Train Power: 0.0022 | patience:  34 | lr: 0.00078125 | Epoch time: 0.1 |

2024-09-10 00:00:49,385 - INFO -
| Epoch:   1080 | Train loss: 1.5445e+00 | Valid loss: 1.5351e+00 | Train acc: 0.3476 ± 0.0000 | Valid acc: 0.4094 ± 0.0000 | Valid Power: 0.0022 | Train Power: 0.0022 | patience:  44 | lr: 0.00078125 | Epoch time: 0.1 |

2024-09-10 00:00:50,799 - INFO -
| Epoch:   1090 | Train loss: 1.5440e+00 | Valid loss: 1.5356e+00 | Train acc: 0.3476 ± 0.0000 | Valid acc: 0.4094 ± 0.0000 | Valid Power: 0.0022 | Train Power: 0.0022 | patience:  54 | lr: 0.00078125 | Epoch time: 0.1 |

2024-09-10 00:00:52,292 - INFO -
| Epoch:   1100 | Train loss: 1.5438e+00 | Valid loss: 1.5356e+00 | Train acc: 0.3476 ± 0.0000 | Valid acc: 0.4094 ± 0.0000 | Valid Power: 0.0022 | Train Power: 0.0022 | patience:  64 | lr: 0.00078125 | Epoch time: 0.1 |

2024-09-10 00:00:53,705 - INFO -
| Epoch:   1110 | Train loss: 1.5435e+00 | Valid loss: 1.5358e+00 | Train acc: 0.3476 ± 0.0000 | Valid acc: 0.4094 ± 0.0000 | Valid Power: 0.0022 | Train Power: 0.0022 | patience:  74 | lr: 0.00078125 | Epoch time: 0.1 |

2024-09-10 00:00:55,116 - INFO -
| Epoch:   1120 | Train loss: 1.5433e+00 | Valid loss: 1.5360e+00 | Train acc: 0.3476 ± 0.0000 | Valid acc: 0.4094 ± 0.0000 | Valid Power: 0.0022 | Train Power: 0.0022 | patience:  84 | lr: 0.00078125 | Epoch time: 0.1 |

2024-09-10 00:00:56,526 - INFO -
| Epoch:   1130 | Train loss: 1.5432e+00 | Valid loss: 1.5362e+00 | Train acc: 0.3476 ± 0.0000 | Valid acc: 0.4094 ± 0.0000 | Valid Power: 0.0022 | Train Power: 0.0022 | patience:  94 | lr: 0.00078125 | Epoch time: 0.1 |

2024-09-10 00:00:57,516 - INFO -
load best network to warm start training with lower lr.

2024-09-10 00:00:57,517 - INFO -
lr update to 0.000390625.

2024-09-10 00:00:57,939 - INFO -
| Epoch:   1140 | Train loss: 1.5520e+00 | Valid loss: 1.5315e+00 | Train acc: 0.3451 ± 0.0000 | Valid acc: 0.4094 ± 0.0000 | Valid Power: 0.0022 | Train Power: 0.0022 | patience:   3 | lr: 0.000390625 | Epoch time: 0.1 |

2024-09-10 00:00:59,411 - INFO -
| Epoch:   1150 | Train loss: 1.5511e+00 | Valid loss: 1.5324e+00 | Train acc: 0.3451 ± 0.0000 | Valid acc: 0.4094 ± 0.0000 | Valid Power: 0.0022 | Train Power: 0.0022 | patience:  13 | lr: 0.000390625 | Epoch time: 0.1 |

2024-09-10 00:01:00,824 - INFO -
| Epoch:   1160 | Train loss: 1.5506e+00 | Valid loss: 1.5335e+00 | Train acc: 0.3451 ± 0.0000 | Valid acc: 0.4094 ± 0.0000 | Valid Power: 0.0022 | Train Power: 0.0022 | patience:  23 | lr: 0.000390625 | Epoch time: 0.1 |

2024-09-10 00:01:02,244 - INFO -
| Epoch:   1170 | Train loss: 1.5453e+00 | Valid loss: 1.5346e+00 | Train acc: 0.3476 ± 0.0000 | Valid acc: 0.4094 ± 0.0000 | Valid Power: 0.0022 | Train Power: 0.0022 | patience:  33 | lr: 0.000390625 | Epoch time: 0.1 |

2024-09-10 00:01:03,658 - INFO -
| Epoch:   1180 | Train loss: 1.5453e+00 | Valid loss: 1.5353e+00 | Train acc: 0.3476 ± 0.0000 | Valid acc: 0.4094 ± 0.0000 | Valid Power: 0.0022 | Train Power: 0.0022 | patience:  43 | lr: 0.000390625 | Epoch time: 0.1 |

2024-09-10 00:01:05,069 - INFO -
| Epoch:   1190 | Train loss: 1.5446e+00 | Valid loss: 1.5350e+00 | Train acc: 0.3476 ± 0.0000 | Valid acc: 0.4094 ± 0.0000 | Valid Power: 0.0022 | Train Power: 0.0022 | patience:  53 | lr: 0.000390625 | Epoch time: 0.1 |

2024-09-10 00:01:06,477 - INFO -
| Epoch:   1200 | Train loss: 1.5445e+00 | Valid loss: 1.5349e+00 | Train acc: 0.3476 ± 0.0000 | Valid acc: 0.4094 ± 0.0000 | Valid Power: 0.0022 | Train Power: 0.0022 | patience:  63 | lr: 0.000390625 | Epoch time: 0.1 |

2024-09-10 00:01:07,886 - INFO -
| Epoch:   1210 | Train loss: 1.5443e+00 | Valid loss: 1.5351e+00 | Train acc: 0.3476 ± 0.0000 | Valid acc: 0.4094 ± 0.0000 | Valid Power: 0.0022 | Train Power: 0.0022 | patience:  73 | lr: 0.000390625 | Epoch time: 0.1 |

2024-09-10 00:01:09,292 - INFO -
| Epoch:   1220 | Train loss: 1.5442e+00 | Valid loss: 1.5352e+00 | Train acc: 0.3476 ± 0.0000 | Valid acc: 0.4094 ± 0.0000 | Valid Power: 0.0022 | Train Power: 0.0022 | patience:  83 | lr: 0.000390625 | Epoch time: 0.1 |

2024-09-10 00:01:10,714 - INFO -
| Epoch:   1230 | Train loss: 1.5441e+00 | Valid loss: 1.5352e+00 | Train acc: 0.3476 ± 0.0000 | Valid acc: 0.4094 ± 0.0000 | Valid Power: 0.0022 | Train Power: 0.0022 | patience:  93 | lr: 0.000390625 | Epoch time: 0.1 |

2024-09-10 00:01:11,848 - INFO -
load best network to warm start training with lower lr.

2024-09-10 00:01:11,848 - INFO -
lr update to 0.0001953125.

2024-09-10 00:01:12,129 - INFO -
| Epoch:   1240 | Train loss: 1.5522e+00 | Valid loss: 1.5312e+00 | Train acc: 0.3451 ± 0.0000 | Valid acc: 0.4094 ± 0.0000 | Valid Power: 0.0022 | Train Power: 0.0022 | patience:   2 | lr: 0.0001953125 | Epoch time: 0.1 |

2024-09-10 00:01:13,620 - INFO -
| Epoch:   1250 | Train loss: 1.5516e+00 | Valid loss: 1.5316e+00 | Train acc: 0.3451 ± 0.0000 | Valid acc: 0.4094 ± 0.0000 | Valid Power: 0.0022 | Train Power: 0.0022 | patience:  12 | lr: 0.0001953125 | Epoch time: 0.1 |

2024-09-10 00:01:15,027 - INFO -
| Epoch:   1260 | Train loss: 1.5512e+00 | Valid loss: 1.5321e+00 | Train acc: 0.3451 ± 0.0000 | Valid acc: 0.4094 ± 0.0000 | Valid Power: 0.0022 | Train Power: 0.0022 | patience:  22 | lr: 0.0001953125 | Epoch time: 0.1 |

2024-09-10 00:01:16,438 - INFO -
| Epoch:   1270 | Train loss: 1.5510e+00 | Valid loss: 1.5327e+00 | Train acc: 0.3451 ± 0.0000 | Valid acc: 0.4094 ± 0.0000 | Valid Power: 0.0022 | Train Power: 0.0022 | patience:  32 | lr: 0.0001953125 | Epoch time: 0.1 |

2024-09-10 00:01:17,848 - INFO -
| Epoch:   1280 | Train loss: 1.5507e+00 | Valid loss: 1.5332e+00 | Train acc: 0.3451 ± 0.0000 | Valid acc: 0.4094 ± 0.0000 | Valid Power: 0.0022 | Train Power: 0.0022 | patience:  42 | lr: 0.0001953125 | Epoch time: 0.1 |

2024-09-10 00:01:19,261 - INFO -
| Epoch:   1290 | Train loss: 1.5486e+00 | Valid loss: 1.5338e+00 | Train acc: 0.3476 ± 0.0000 | Valid acc: 0.4094 ± 0.0000 | Valid Power: 0.0022 | Train Power: 0.0022 | patience:  52 | lr: 0.0001953125 | Epoch time: 0.1 |

2024-09-10 00:01:20,672 - INFO -
| Epoch:   1300 | Train loss: 1.5452e+00 | Valid loss: 1.5346e+00 | Train acc: 0.3476 ± 0.0000 | Valid acc: 0.4094 ± 0.0000 | Valid Power: 0.0022 | Train Power: 0.0022 | patience:  62 | lr: 0.0001953125 | Epoch time: 0.1 |

2024-09-10 00:01:22,085 - INFO -
| Epoch:   1310 | Train loss: 1.5450e+00 | Valid loss: 1.5350e+00 | Train acc: 0.3476 ± 0.0000 | Valid acc: 0.4094 ± 0.0000 | Valid Power: 0.0022 | Train Power: 0.0022 | patience:  72 | lr: 0.0001953125 | Epoch time: 0.1 |

2024-09-10 00:01:23,561 - INFO -
| Epoch:   1320 | Train loss: 1.5448e+00 | Valid loss: 1.5349e+00 | Train acc: 0.3476 ± 0.0000 | Valid acc: 0.4094 ± 0.0000 | Valid Power: 0.0022 | Train Power: 0.0022 | patience:  82 | lr: 0.0001953125 | Epoch time: 0.1 |

2024-09-10 00:01:24,970 - INFO -
| Epoch:   1330 | Train loss: 1.5447e+00 | Valid loss: 1.5348e+00 | Train acc: 0.3476 ± 0.0000 | Valid acc: 0.4094 ± 0.0000 | Valid Power: 0.0022 | Train Power: 0.0022 | patience:  92 | lr: 0.0001953125 | Epoch time: 0.1 |

2024-09-10 00:01:26,241 - INFO -
load best network to warm start training with lower lr.

2024-09-10 00:01:26,241 - INFO -
lr update to 9.765625e-05.

2024-09-10 00:01:26,241 - INFO -
Early stop.

2024-09-10 00:01:26,249 - INFO -
Training if finished.

2024-09-12 13:58:07,467 - INFO -
Configuration: 
gmin                0.01
gmax                10.0
T                   0.1
m                   0.3
type_nonlinear      normal
act                 tanh
ACT_R1n             12.7865
ACT_R2n             -3.1871
ACT_W1n             -10.4537
ACT_L1n             10.546
ACT_W2n             -5.8496
ACT_L2n             4.2337
S_R1n               -11.7481
S_R2n               -0.3905
S_W1n               -9.169
S_L1n               0.3913
S_W2n               7.2004
S_L2n               15.5558
ReLU_RHn            -1.9557
ReLU_RLn            -20.1581
ReLU_RDn            16.6486
ReLU_RBn            -14.3472
ReLU_Wn             16.655
ReLU_Ln             -21.7591
HS_Rn               -0.3766
HS_Wn               0.5192
HS_Ln               4.6293
NEG_R1n             -7.0846
NEG_R2n             -2.5695
NEG_R3n             16.1542
NEG_W1n             13.8696
NEG_L1n             2.7635
NEG_W2n             1.2674
NEG_L2n             -10.4803
NEG_W3n             -6.4386
NEG_L3n             5.1005
task                normal
DATASET             8
DataPath            ./dataset
InputNoise          0.0
IN_test             0.0
R_train             1
R_test              1
N_time              32
pathnorm            False
hidden              [3]
skipconnection      False
SEED                2
DEVICE              cpu
PATIENCE            500
EPOCH               10000000000
LR                  0.1
PROGRESSIVE         True
LR_PATIENCE         100
LR_DECAY            0.5
LR_MIN              0.0001
metric              acc
SoftEva             True
TIMELIMITATION      71
MODE                nominal
M_train             1
K_train             1
M_test              1
K_test              1
t_test_max          1
integration         MC
N_train             1
e_train             0.0
N_test              100
e_test              0.1
e_fault             2
fault_ratio         0.0
N_fault             50
e_fault_test        0
N_fault_test        50
dropout             0.0
lagrangian_loss     False
rho                 100
powerestimator      none
powerbalance        0.0
estimatorbalance    0.0
pgmin               1e-07
power_ratio         1000
lambda_P            100
areaestimator       none
areabalance         0.0
area_theta          0.15
area_act            30.0
area_neg            22.7
lambda_A            0.001
lnc                 False
projectname         tanh_0_FaultAnalysisNormal
temppath            ./tanh_0_FaultAnalysisNormal/temp/
logfilepath         ./tanh_0_FaultAnalysisNormal/log/
report_freq         10
recording           False
recordpath          ./tanh_0_FaultAnalysisNormal/record/
savepath            ./tanh_0_FaultAnalysisNormal/models/
loglevel            info


2024-09-12 13:58:07,485 - INFO -
Training network on device: cpu.

2024-09-12 13:58:07,485 - INFO -
Training setup: data_08_pendigits_seed_02_epsilon_0.0_dropout_0.0_fault_ratio_0.0.model.

2024-09-12 13:58:07,485 - INFO -
{'dataname': 'pendigits', 'N_feature': 16, 'N_class': 10, 'N_train': 397, 'N_valid': 127, 'N_test': 79}

2024-09-12 13:58:07,486 - INFO -
Training was already finished.

