2024-09-09 23:57:35,151 - INFO -
Configuration: 
gmin                0.01
gmax                10.0
T                   0.1
m                   0.3
type_nonlinear      normal
act                 tanh
ACT_R1n             12.7865
ACT_R2n             -3.1871
ACT_W1n             -10.4537
ACT_L1n             10.546
ACT_W2n             -5.8496
ACT_L2n             4.2337
S_R1n               -11.7481
S_R2n               -0.3905
S_W1n               -9.169
S_L1n               0.3913
S_W2n               7.2004
S_L2n               15.5558
ReLU_RHn            -1.9557
ReLU_RLn            -20.1581
ReLU_RDn            16.6486
ReLU_RBn            -14.3472
ReLU_Wn             16.655
ReLU_Ln             -21.7591
HS_Rn               -0.3766
HS_Wn               0.5192
HS_Ln               4.6293
NEG_R1n             -7.0846
NEG_R2n             -2.5695
NEG_R3n             16.1542
NEG_W1n             13.8696
NEG_L1n             2.7635
NEG_W2n             1.2674
NEG_L2n             -10.4803
NEG_W3n             -6.4386
NEG_L3n             5.1005
task                normal
DATASET             10
DataPath            ./dataset
InputNoise          0.0
IN_test             0.0
R_train             1
R_test              1
N_time              32
pathnorm            False
hidden              [3]
skipconnection      False
SEED                8
DEVICE              cpu
PATIENCE            500
EPOCH               10000000000
LR                  0.1
PROGRESSIVE         True
LR_PATIENCE         100
LR_DECAY            0.5
LR_MIN              0.0001
metric              acc
SoftEva             True
TIMELIMITATION      71
MODE                nominal
M_train             1
K_train             1
M_test              1
K_test              1
t_test_max          1
integration         MC
N_train             1
e_train             0.0
N_test              100
e_test              0.1
e_fault             2
fault_ratio         0.0
N_fault             50
e_fault_test        0
N_fault_test        50
dropout             0.0
lagrangian_loss     False
rho                 100
powerestimator      none
powerbalance        0.0
estimatorbalance    0.0
pgmin               1e-07
power_ratio         1000
lambda_P            100
areaestimator       none
areabalance         0.0
area_theta          0.15
area_act            30.0
area_neg            22.7
lambda_A            0.001
lnc                 False
projectname         tanh_0_FaultAnalysisNormal
temppath            ./tanh_0_FaultAnalysisNormal/temp/
logfilepath         ./tanh_0_FaultAnalysisNormal/log/
report_freq         10
recording           False
recordpath          ./tanh_0_FaultAnalysisNormal/record/
savepath            ./tanh_0_FaultAnalysisNormal/models/
loglevel            info


2024-09-09 23:57:35,152 - INFO -
Training network on device: cpu.

2024-09-09 23:57:35,152 - INFO -
Training setup: data_10_tictactoe_seed_08_epsilon_0.0_dropout_0.0_fault_ratio_0.0.model.

2024-09-09 23:57:35,152 - INFO -
{'dataname': 'tictactoe', 'N_feature': 9, 'N_class': 2, 'N_train': 397, 'N_valid': 127, 'N_test': 79}

2024-09-09 23:57:35,152 - INFO -
Topology of the network: [9, 3, 2].

2024-09-09 23:57:36,722 - INFO -
| Epoch:      0 | Train loss: 6.9329e-01 | Valid loss: 6.2622e-01 | Train acc: 0.3652 ± 0.0000 | Valid acc: 0.7323 ± 0.0000 | Valid Power: 0.0008 | Train Power: 0.0004 | patience:   0 | lr: 0.1 | Epoch time: 0.1 |

2024-09-09 23:57:37,986 - INFO -
| Epoch:     10 | Train loss: 5.8891e-01 | Valid loss: 4.9778e-01 | Train acc: 0.7053 ± 0.0000 | Valid acc: 0.7874 ± 0.0000 | Valid Power: 0.0008 | Train Power: 0.0008 | patience:   0 | lr: 0.1 | Epoch time: 0.1 |

2024-09-09 23:57:39,251 - INFO -
| Epoch:     20 | Train loss: 5.8694e-01 | Valid loss: 4.9550e-01 | Train acc: 0.6524 ± 0.0000 | Valid acc: 0.7480 ± 0.0000 | Valid Power: 0.0010 | Train Power: 0.0008 | patience:   0 | lr: 0.1 | Epoch time: 0.1 |

2024-09-09 23:57:40,514 - INFO -
| Epoch:     30 | Train loss: 5.8822e-01 | Valid loss: 5.2385e-01 | Train acc: 0.6700 ± 0.0000 | Valid acc: 0.7953 ± 0.0000 | Valid Power: 0.0008 | Train Power: 0.0009 | patience:   6 | lr: 0.1 | Epoch time: 0.1 |

2024-09-09 23:57:41,766 - INFO -
| Epoch:     40 | Train loss: 5.4705e-01 | Valid loss: 4.8873e-01 | Train acc: 0.7078 ± 0.0000 | Valid acc: 0.8110 ± 0.0000 | Valid Power: 0.0008 | Train Power: 0.0008 | patience:   8 | lr: 0.1 | Epoch time: 0.1 |

2024-09-09 23:57:43,024 - INFO -
| Epoch:     50 | Train loss: 5.2504e-01 | Valid loss: 4.5282e-01 | Train acc: 0.7254 ± 0.0000 | Valid acc: 0.8110 ± 0.0000 | Valid Power: 0.0008 | Train Power: 0.0008 | patience:   0 | lr: 0.1 | Epoch time: 0.1 |

2024-09-09 23:57:44,398 - INFO -
| Epoch:     60 | Train loss: 5.2177e-01 | Valid loss: 4.5789e-01 | Train acc: 0.7280 ± 0.0000 | Valid acc: 0.8110 ± 0.0000 | Valid Power: 0.0008 | Train Power: 0.0008 | patience:   2 | lr: 0.1 | Epoch time: 0.1 |

2024-09-09 23:57:45,644 - INFO -
| Epoch:     70 | Train loss: 5.1112e-01 | Valid loss: 4.4297e-01 | Train acc: 0.7481 ± 0.0000 | Valid acc: 0.8031 ± 0.0000 | Valid Power: 0.0008 | Train Power: 0.0008 | patience:  12 | lr: 0.1 | Epoch time: 0.1 |

2024-09-09 23:57:46,903 - INFO -
| Epoch:     80 | Train loss: 5.1586e-01 | Valid loss: 4.3390e-01 | Train acc: 0.7708 ± 0.0000 | Valid acc: 0.8425 ± 0.0000 | Valid Power: 0.0008 | Train Power: 0.0008 | patience:   0 | lr: 0.1 | Epoch time: 0.1 |

2024-09-09 23:57:48,149 - INFO -
| Epoch:     90 | Train loss: 5.0590e-01 | Valid loss: 4.4337e-01 | Train acc: 0.7632 ± 0.0000 | Valid acc: 0.8425 ± 0.0000 | Valid Power: 0.0008 | Train Power: 0.0008 | patience:  10 | lr: 0.1 | Epoch time: 0.1 |

2024-09-09 23:57:49,471 - INFO -
| Epoch:    100 | Train loss: 5.0860e-01 | Valid loss: 4.3294e-01 | Train acc: 0.7758 ± 0.0000 | Valid acc: 0.8346 ± 0.0000 | Valid Power: 0.0008 | Train Power: 0.0008 | patience:   2 | lr: 0.1 | Epoch time: 0.1 |

2024-09-09 23:57:50,717 - INFO -
| Epoch:    110 | Train loss: 5.0188e-01 | Valid loss: 4.3862e-01 | Train acc: 0.7632 ± 0.0000 | Valid acc: 0.8268 ± 0.0000 | Valid Power: 0.0008 | Train Power: 0.0008 | patience:  12 | lr: 0.1 | Epoch time: 0.1 |

2024-09-09 23:57:51,964 - INFO -
| Epoch:    120 | Train loss: 4.9069e-01 | Valid loss: 4.4021e-01 | Train acc: 0.7683 ± 0.0000 | Valid acc: 0.8268 ± 0.0000 | Valid Power: 0.0008 | Train Power: 0.0008 | patience:  22 | lr: 0.1 | Epoch time: 0.1 |

2024-09-09 23:57:53,205 - INFO -
| Epoch:    130 | Train loss: 4.8865e-01 | Valid loss: 4.5290e-01 | Train acc: 0.7657 ± 0.0000 | Valid acc: 0.8268 ± 0.0000 | Valid Power: 0.0008 | Train Power: 0.0008 | patience:  32 | lr: 0.1 | Epoch time: 0.1 |

2024-09-09 23:57:54,449 - INFO -
| Epoch:    140 | Train loss: 4.8693e-01 | Valid loss: 4.3405e-01 | Train acc: 0.7758 ± 0.0000 | Valid acc: 0.8189 ± 0.0000 | Valid Power: 0.0008 | Train Power: 0.0008 | patience:  42 | lr: 0.1 | Epoch time: 0.1 |

2024-09-09 23:57:55,692 - INFO -
| Epoch:    150 | Train loss: 4.8566e-01 | Valid loss: 4.4293e-01 | Train acc: 0.7632 ± 0.0000 | Valid acc: 0.8189 ± 0.0000 | Valid Power: 0.0008 | Train Power: 0.0008 | patience:  52 | lr: 0.1 | Epoch time: 0.1 |

2024-09-09 23:57:56,935 - INFO -
| Epoch:    160 | Train loss: 4.8775e-01 | Valid loss: 4.4078e-01 | Train acc: 0.7834 ± 0.0000 | Valid acc: 0.8031 ± 0.0000 | Valid Power: 0.0008 | Train Power: 0.0008 | patience:  62 | lr: 0.1 | Epoch time: 0.1 |

2024-09-09 23:57:58,187 - INFO -
| Epoch:    170 | Train loss: 4.8412e-01 | Valid loss: 4.4985e-01 | Train acc: 0.7758 ± 0.0000 | Valid acc: 0.8110 ± 0.0000 | Valid Power: 0.0008 | Train Power: 0.0008 | patience:  72 | lr: 0.1 | Epoch time: 0.1 |

2024-09-09 23:57:59,433 - INFO -
| Epoch:    180 | Train loss: 4.9733e-01 | Valid loss: 4.4758e-01 | Train acc: 0.7683 ± 0.0000 | Valid acc: 0.8110 ± 0.0000 | Valid Power: 0.0008 | Train Power: 0.0008 | patience:   7 | lr: 0.1 | Epoch time: 0.1 |

2024-09-09 23:58:00,677 - INFO -
| Epoch:    190 | Train loss: 4.9293e-01 | Valid loss: 4.4805e-01 | Train acc: 0.7657 ± 0.0000 | Valid acc: 0.8268 ± 0.0000 | Valid Power: 0.0008 | Train Power: 0.0008 | patience:  17 | lr: 0.1 | Epoch time: 0.1 |

2024-09-09 23:58:01,919 - INFO -
| Epoch:    200 | Train loss: 4.8889e-01 | Valid loss: 4.4387e-01 | Train acc: 0.7859 ± 0.0000 | Valid acc: 0.8346 ± 0.0000 | Valid Power: 0.0008 | Train Power: 0.0008 | patience:  27 | lr: 0.1 | Epoch time: 0.1 |

2024-09-09 23:58:03,255 - INFO -
| Epoch:    210 | Train loss: 4.8529e-01 | Valid loss: 4.4225e-01 | Train acc: 0.7834 ± 0.0000 | Valid acc: 0.8110 ± 0.0000 | Valid Power: 0.0009 | Train Power: 0.0008 | patience:  37 | lr: 0.1 | Epoch time: 0.1 |

2024-09-09 23:58:04,495 - INFO -
| Epoch:    220 | Train loss: 4.9546e-01 | Valid loss: 4.6179e-01 | Train acc: 0.7657 ± 0.0000 | Valid acc: 0.8031 ± 0.0000 | Valid Power: 0.0008 | Train Power: 0.0008 | patience:  47 | lr: 0.1 | Epoch time: 0.1 |

2024-09-09 23:58:05,737 - INFO -
| Epoch:    230 | Train loss: 4.9632e-01 | Valid loss: 4.5284e-01 | Train acc: 0.7758 ± 0.0000 | Valid acc: 0.8110 ± 0.0000 | Valid Power: 0.0008 | Train Power: 0.0008 | patience:  57 | lr: 0.1 | Epoch time: 0.1 |

2024-09-09 23:58:06,979 - INFO -
| Epoch:    240 | Train loss: 4.7871e-01 | Valid loss: 4.5266e-01 | Train acc: 0.7708 ± 0.0000 | Valid acc: 0.8189 ± 0.0000 | Valid Power: 0.0008 | Train Power: 0.0009 | patience:  67 | lr: 0.1 | Epoch time: 0.1 |

2024-09-09 23:58:08,221 - INFO -
| Epoch:    250 | Train loss: 4.7558e-01 | Valid loss: 4.4840e-01 | Train acc: 0.7733 ± 0.0000 | Valid acc: 0.8189 ± 0.0000 | Valid Power: 0.0008 | Train Power: 0.0008 | patience:  77 | lr: 0.1 | Epoch time: 0.1 |

2024-09-09 23:58:09,462 - INFO -
| Epoch:    260 | Train loss: 4.7307e-01 | Valid loss: 4.4847e-01 | Train acc: 0.7834 ± 0.0000 | Valid acc: 0.8110 ± 0.0000 | Valid Power: 0.0014 | Train Power: 0.0009 | patience:  87 | lr: 0.1 | Epoch time: 0.1 |

2024-09-09 23:58:10,706 - INFO -
| Epoch:    270 | Train loss: 4.7214e-01 | Valid loss: 4.5038e-01 | Train acc: 0.7809 ± 0.0000 | Valid acc: 0.8110 ± 0.0000 | Valid Power: 0.0008 | Train Power: 0.0008 | patience:  97 | lr: 0.1 | Epoch time: 0.1 |

2024-09-09 23:58:11,215 - INFO -
load best network to warm start training with lower lr.

2024-09-09 23:58:11,215 - INFO -
lr update to 0.05.

2024-09-09 23:58:11,962 - INFO -
| Epoch:    280 | Train loss: 4.9946e-01 | Valid loss: 4.4275e-01 | Train acc: 0.7783 ± 0.0000 | Valid acc: 0.8268 ± 0.0000 | Valid Power: 0.0008 | Train Power: 0.0008 | patience:   6 | lr: 0.05 | Epoch time: 0.1 |

2024-09-09 23:58:13,207 - INFO -
| Epoch:    290 | Train loss: 4.8865e-01 | Valid loss: 4.6068e-01 | Train acc: 0.7506 ± 0.0000 | Valid acc: 0.8189 ± 0.0000 | Valid Power: 0.0008 | Train Power: 0.0008 | patience:  16 | lr: 0.05 | Epoch time: 0.1 |

2024-09-09 23:58:14,545 - INFO -
| Epoch:    300 | Train loss: 4.8043e-01 | Valid loss: 4.3208e-01 | Train acc: 0.7708 ± 0.0000 | Valid acc: 0.8189 ± 0.0000 | Valid Power: 0.0008 | Train Power: 0.0008 | patience:  26 | lr: 0.05 | Epoch time: 0.1 |

2024-09-09 23:58:15,787 - INFO -
| Epoch:    310 | Train loss: 4.7784e-01 | Valid loss: 4.4233e-01 | Train acc: 0.7683 ± 0.0000 | Valid acc: 0.8268 ± 0.0000 | Valid Power: 0.0008 | Train Power: 0.0008 | patience:  36 | lr: 0.05 | Epoch time: 0.1 |

2024-09-09 23:58:17,029 - INFO -
| Epoch:    320 | Train loss: 4.7712e-01 | Valid loss: 4.4169e-01 | Train acc: 0.7733 ± 0.0000 | Valid acc: 0.8110 ± 0.0000 | Valid Power: 0.0008 | Train Power: 0.0008 | patience:  46 | lr: 0.05 | Epoch time: 0.1 |

2024-09-09 23:58:18,271 - INFO -
| Epoch:    330 | Train loss: 4.7550e-01 | Valid loss: 4.3870e-01 | Train acc: 0.7758 ± 0.0000 | Valid acc: 0.8110 ± 0.0000 | Valid Power: 0.0008 | Train Power: 0.0008 | patience:  56 | lr: 0.05 | Epoch time: 0.1 |

2024-09-09 23:58:19,513 - INFO -
| Epoch:    340 | Train loss: 4.7235e-01 | Valid loss: 4.3852e-01 | Train acc: 0.7809 ± 0.0000 | Valid acc: 0.8110 ± 0.0000 | Valid Power: 0.0008 | Train Power: 0.0008 | patience:  66 | lr: 0.05 | Epoch time: 0.1 |

2024-09-09 23:58:20,758 - INFO -
| Epoch:    350 | Train loss: 4.7155e-01 | Valid loss: 4.3669e-01 | Train acc: 0.7809 ± 0.0000 | Valid acc: 0.8110 ± 0.0000 | Valid Power: 0.0008 | Train Power: 0.0008 | patience:  76 | lr: 0.05 | Epoch time: 0.1 |

2024-09-09 23:58:22,000 - INFO -
| Epoch:    360 | Train loss: 4.7064e-01 | Valid loss: 4.3664e-01 | Train acc: 0.7834 ± 0.0000 | Valid acc: 0.8110 ± 0.0000 | Valid Power: 0.0028 | Train Power: 0.0008 | patience:  86 | lr: 0.05 | Epoch time: 0.1 |

2024-09-09 23:58:23,243 - INFO -
| Epoch:    370 | Train loss: 4.7011e-01 | Valid loss: 4.3624e-01 | Train acc: 0.7834 ± 0.0000 | Valid acc: 0.8110 ± 0.0000 | Valid Power: 0.0008 | Train Power: 0.0008 | patience:  96 | lr: 0.05 | Epoch time: 0.1 |

2024-09-09 23:58:23,867 - INFO -
load best network to warm start training with lower lr.

2024-09-09 23:58:23,867 - INFO -
lr update to 0.025.

2024-09-09 23:58:24,488 - INFO -
| Epoch:    380 | Train loss: 4.8439e-01 | Valid loss: 4.4496e-01 | Train acc: 0.7783 ± 0.0000 | Valid acc: 0.8189 ± 0.0000 | Valid Power: 0.0008 | Train Power: 0.0008 | patience:   5 | lr: 0.025 | Epoch time: 0.1 |

2024-09-09 23:58:25,731 - INFO -
| Epoch:    390 | Train loss: 4.8080e-01 | Valid loss: 4.3931e-01 | Train acc: 0.7582 ± 0.0000 | Valid acc: 0.8189 ± 0.0000 | Valid Power: 0.0008 | Train Power: 0.0008 | patience:  15 | lr: 0.025 | Epoch time: 0.1 |

2024-09-09 23:58:26,975 - INFO -
| Epoch:    400 | Train loss: 4.8008e-01 | Valid loss: 4.4706e-01 | Train acc: 0.7557 ± 0.0000 | Valid acc: 0.8189 ± 0.0000 | Valid Power: 0.0008 | Train Power: 0.0008 | patience:  25 | lr: 0.025 | Epoch time: 0.1 |

2024-09-09 23:58:28,218 - INFO -
| Epoch:    410 | Train loss: 4.7905e-01 | Valid loss: 4.4836e-01 | Train acc: 0.7758 ± 0.0000 | Valid acc: 0.8031 ± 0.0000 | Valid Power: 0.0008 | Train Power: 0.0008 | patience:  35 | lr: 0.025 | Epoch time: 0.1 |

2024-09-09 23:58:29,471 - INFO -
| Epoch:    420 | Train loss: 4.7781e-01 | Valid loss: 4.4874e-01 | Train acc: 0.7683 ± 0.0000 | Valid acc: 0.8189 ± 0.0000 | Valid Power: 0.0008 | Train Power: 0.0008 | patience:  45 | lr: 0.025 | Epoch time: 0.1 |

2024-09-09 23:58:30,717 - INFO -
| Epoch:    430 | Train loss: 4.7598e-01 | Valid loss: 4.5211e-01 | Train acc: 0.7683 ± 0.0000 | Valid acc: 0.8189 ± 0.0000 | Valid Power: 0.0008 | Train Power: 0.0008 | patience:  55 | lr: 0.025 | Epoch time: 0.1 |

2024-09-09 23:58:31,961 - INFO -
| Epoch:    440 | Train loss: 4.7436e-01 | Valid loss: 4.5277e-01 | Train acc: 0.7733 ± 0.0000 | Valid acc: 0.8031 ± 0.0000 | Valid Power: 0.0007 | Train Power: 0.0007 | patience:  65 | lr: 0.025 | Epoch time: 0.1 |

2024-09-09 23:58:33,205 - INFO -
| Epoch:    450 | Train loss: 4.7192e-01 | Valid loss: 4.4997e-01 | Train acc: 0.7834 ± 0.0000 | Valid acc: 0.7953 ± 0.0000 | Valid Power: 0.0007 | Train Power: 0.0007 | patience:  75 | lr: 0.025 | Epoch time: 0.1 |

2024-09-09 23:58:34,445 - INFO -
| Epoch:    460 | Train loss: 4.7099e-01 | Valid loss: 4.5199e-01 | Train acc: 0.7884 ± 0.0000 | Valid acc: 0.7953 ± 0.0000 | Valid Power: 0.0007 | Train Power: 0.0007 | patience:  85 | lr: 0.025 | Epoch time: 0.1 |

2024-09-09 23:58:35,688 - INFO -
| Epoch:    470 | Train loss: 4.6973e-01 | Valid loss: 4.5374e-01 | Train acc: 0.7859 ± 0.0000 | Valid acc: 0.7953 ± 0.0000 | Valid Power: 0.0007 | Train Power: 0.0007 | patience:  95 | lr: 0.025 | Epoch time: 0.1 |

2024-09-09 23:58:36,530 - INFO -
load best network to warm start training with lower lr.

2024-09-09 23:58:36,530 - INFO -
lr update to 0.0125.

2024-09-09 23:58:37,028 - INFO -
| Epoch:    480 | Train loss: 4.8312e-01 | Valid loss: 4.4115e-01 | Train acc: 0.7783 ± 0.0000 | Valid acc: 0.8110 ± 0.0000 | Valid Power: 0.0008 | Train Power: 0.0008 | patience:   4 | lr: 0.0125 | Epoch time: 0.1 |

2024-09-09 23:58:38,270 - INFO -
| Epoch:    490 | Train loss: 4.7837e-01 | Valid loss: 4.4241e-01 | Train acc: 0.7758 ± 0.0000 | Valid acc: 0.8189 ± 0.0000 | Valid Power: 0.0008 | Train Power: 0.0008 | patience:  14 | lr: 0.0125 | Epoch time: 0.1 |

2024-09-09 23:58:39,513 - INFO -
| Epoch:    500 | Train loss: 4.7656e-01 | Valid loss: 4.3727e-01 | Train acc: 0.7758 ± 0.0000 | Valid acc: 0.8189 ± 0.0000 | Valid Power: 0.0008 | Train Power: 0.0008 | patience:  24 | lr: 0.0125 | Epoch time: 0.1 |

2024-09-09 23:58:40,854 - INFO -
| Epoch:    510 | Train loss: 4.7511e-01 | Valid loss: 4.3628e-01 | Train acc: 0.7733 ± 0.0000 | Valid acc: 0.8110 ± 0.0000 | Valid Power: 0.0008 | Train Power: 0.0008 | patience:  34 | lr: 0.0125 | Epoch time: 0.1 |

2024-09-09 23:58:42,099 - INFO -
| Epoch:    520 | Train loss: 4.7409e-01 | Valid loss: 4.3702e-01 | Train acc: 0.7809 ± 0.0000 | Valid acc: 0.8189 ± 0.0000 | Valid Power: 0.0008 | Train Power: 0.0008 | patience:  44 | lr: 0.0125 | Epoch time: 0.1 |

2024-09-09 23:58:43,341 - INFO -
| Epoch:    530 | Train loss: 4.7282e-01 | Valid loss: 4.3576e-01 | Train acc: 0.7809 ± 0.0000 | Valid acc: 0.8189 ± 0.0000 | Valid Power: 0.0008 | Train Power: 0.0008 | patience:  54 | lr: 0.0125 | Epoch time: 0.1 |

2024-09-09 23:58:44,583 - INFO -
| Epoch:    540 | Train loss: 4.7197e-01 | Valid loss: 4.3538e-01 | Train acc: 0.7758 ± 0.0000 | Valid acc: 0.8110 ± 0.0000 | Valid Power: 0.0008 | Train Power: 0.0008 | patience:  64 | lr: 0.0125 | Epoch time: 0.1 |

2024-09-09 23:58:45,822 - INFO -
| Epoch:    550 | Train loss: 4.7091e-01 | Valid loss: 4.3655e-01 | Train acc: 0.7809 ± 0.0000 | Valid acc: 0.8189 ± 0.0000 | Valid Power: 0.0008 | Train Power: 0.0009 | patience:  74 | lr: 0.0125 | Epoch time: 0.1 |

2024-09-09 23:58:47,063 - INFO -
| Epoch:    560 | Train loss: 4.7024e-01 | Valid loss: 4.4255e-01 | Train acc: 0.7783 ± 0.0000 | Valid acc: 0.8110 ± 0.0000 | Valid Power: 0.0008 | Train Power: 0.0008 | patience:  84 | lr: 0.0125 | Epoch time: 0.1 |

2024-09-09 23:58:48,305 - INFO -
| Epoch:    570 | Train loss: 4.6985e-01 | Valid loss: 4.4265e-01 | Train acc: 0.7758 ± 0.0000 | Valid acc: 0.8110 ± 0.0000 | Valid Power: 0.0008 | Train Power: 0.0008 | patience:  94 | lr: 0.0125 | Epoch time: 0.1 |

2024-09-09 23:58:49,178 - INFO -
load best network to warm start training with lower lr.

2024-09-09 23:58:49,178 - INFO -
lr update to 0.00625.

2024-09-09 23:58:49,550 - INFO -
| Epoch:    580 | Train loss: 4.8983e-01 | Valid loss: 4.3358e-01 | Train acc: 0.7758 ± 0.0000 | Valid acc: 0.8189 ± 0.0000 | Valid Power: 0.0008 | Train Power: 0.0008 | patience:   3 | lr: 0.00625 | Epoch time: 0.1 |

2024-09-09 23:58:50,891 - INFO -
| Epoch:    590 | Train loss: 4.7896e-01 | Valid loss: 4.4036e-01 | Train acc: 0.7783 ± 0.0000 | Valid acc: 0.8110 ± 0.0000 | Valid Power: 0.0008 | Train Power: 0.0008 | patience:  13 | lr: 0.00625 | Epoch time: 0.1 |

2024-09-09 23:58:52,147 - INFO -
| Epoch:    600 | Train loss: 4.7724e-01 | Valid loss: 4.4104e-01 | Train acc: 0.7783 ± 0.0000 | Valid acc: 0.8189 ± 0.0000 | Valid Power: 0.0008 | Train Power: 0.0008 | patience:  23 | lr: 0.00625 | Epoch time: 0.1 |

2024-09-09 23:58:53,390 - INFO -
| Epoch:    610 | Train loss: 4.7642e-01 | Valid loss: 4.4247e-01 | Train acc: 0.7758 ± 0.0000 | Valid acc: 0.8189 ± 0.0000 | Valid Power: 0.0008 | Train Power: 0.0008 | patience:  33 | lr: 0.00625 | Epoch time: 0.1 |

2024-09-09 23:58:54,633 - INFO -
| Epoch:    620 | Train loss: 4.7612e-01 | Valid loss: 4.4121e-01 | Train acc: 0.7758 ± 0.0000 | Valid acc: 0.8189 ± 0.0000 | Valid Power: 0.0008 | Train Power: 0.0008 | patience:  43 | lr: 0.00625 | Epoch time: 0.1 |

2024-09-09 23:58:55,971 - INFO -
| Epoch:    630 | Train loss: 4.7578e-01 | Valid loss: 4.3927e-01 | Train acc: 0.7783 ± 0.0000 | Valid acc: 0.8189 ± 0.0000 | Valid Power: 0.0008 | Train Power: 0.0008 | patience:  53 | lr: 0.00625 | Epoch time: 0.1 |

2024-09-09 23:58:57,215 - INFO -
| Epoch:    640 | Train loss: 4.7537e-01 | Valid loss: 4.3757e-01 | Train acc: 0.7758 ± 0.0000 | Valid acc: 0.8110 ± 0.0000 | Valid Power: 0.0008 | Train Power: 0.0008 | patience:  63 | lr: 0.00625 | Epoch time: 0.1 |

2024-09-09 23:58:58,456 - INFO -
| Epoch:    650 | Train loss: 4.7391e-01 | Valid loss: 4.3750e-01 | Train acc: 0.7783 ± 0.0000 | Valid acc: 0.8110 ± 0.0000 | Valid Power: 0.0008 | Train Power: 0.0008 | patience:  73 | lr: 0.00625 | Epoch time: 0.1 |

2024-09-09 23:58:59,728 - INFO -
| Epoch:    660 | Train loss: 4.7310e-01 | Valid loss: 4.3510e-01 | Train acc: 0.7783 ± 0.0000 | Valid acc: 0.8110 ± 0.0000 | Valid Power: 0.0008 | Train Power: 0.0008 | patience:  83 | lr: 0.00625 | Epoch time: 0.2 |

2024-09-09 23:59:01,038 - INFO -
| Epoch:    670 | Train loss: 4.7269e-01 | Valid loss: 4.3567e-01 | Train acc: 0.7809 ± 0.0000 | Valid acc: 0.8189 ± 0.0000 | Valid Power: 0.0009 | Train Power: 0.0012 | patience:  93 | lr: 0.00625 | Epoch time: 0.1 |

2024-09-09 23:59:02,035 - INFO -
load best network to warm start training with lower lr.

2024-09-09 23:59:02,035 - INFO -
lr update to 0.003125.

2024-09-09 23:59:02,284 - INFO -
| Epoch:    680 | Train loss: 4.9152e-01 | Valid loss: 4.2452e-01 | Train acc: 0.7783 ± 0.0000 | Valid acc: 0.8189 ± 0.0000 | Valid Power: 0.0008 | Train Power: 0.0008 | patience:   2 | lr: 0.003125 | Epoch time: 0.1 |

2024-09-09 23:59:03,525 - INFO -
| Epoch:    690 | Train loss: 4.8477e-01 | Valid loss: 4.3695e-01 | Train acc: 0.7783 ± 0.0000 | Valid acc: 0.8189 ± 0.0000 | Valid Power: 0.0008 | Train Power: 0.0008 | patience:  12 | lr: 0.003125 | Epoch time: 0.1 |

2024-09-09 23:59:04,770 - INFO -
| Epoch:    700 | Train loss: 4.8128e-01 | Valid loss: 4.3656e-01 | Train acc: 0.7783 ± 0.0000 | Valid acc: 0.8110 ± 0.0000 | Valid Power: 0.0008 | Train Power: 0.0008 | patience:  22 | lr: 0.003125 | Epoch time: 0.1 |

2024-09-09 23:59:06,012 - INFO -
| Epoch:    710 | Train loss: 4.7814e-01 | Valid loss: 4.4087e-01 | Train acc: 0.7783 ± 0.0000 | Valid acc: 0.8189 ± 0.0000 | Valid Power: 0.0008 | Train Power: 0.0008 | patience:  32 | lr: 0.003125 | Epoch time: 0.1 |

2024-09-09 23:59:07,332 - INFO -
| Epoch:    720 | Train loss: 4.7755e-01 | Valid loss: 4.4119e-01 | Train acc: 0.7783 ± 0.0000 | Valid acc: 0.8189 ± 0.0000 | Valid Power: 0.0008 | Train Power: 0.0008 | patience:  42 | lr: 0.003125 | Epoch time: 0.1 |

2024-09-09 23:59:08,575 - INFO -
| Epoch:    730 | Train loss: 4.7667e-01 | Valid loss: 4.4159e-01 | Train acc: 0.7758 ± 0.0000 | Valid acc: 0.8189 ± 0.0000 | Valid Power: 0.0008 | Train Power: 0.0008 | patience:  52 | lr: 0.003125 | Epoch time: 0.1 |

2024-09-09 23:59:09,887 - INFO -
| Epoch:    740 | Train loss: 4.7642e-01 | Valid loss: 4.4180e-01 | Train acc: 0.7758 ± 0.0000 | Valid acc: 0.8189 ± 0.0000 | Valid Power: 0.0008 | Train Power: 0.0008 | patience:  62 | lr: 0.003125 | Epoch time: 0.2 |

2024-09-09 23:59:11,157 - INFO -
| Epoch:    750 | Train loss: 4.7620e-01 | Valid loss: 4.4193e-01 | Train acc: 0.7758 ± 0.0000 | Valid acc: 0.8189 ± 0.0000 | Valid Power: 0.0008 | Train Power: 0.0008 | patience:  72 | lr: 0.003125 | Epoch time: 0.1 |

2024-09-09 23:59:12,401 - INFO -
| Epoch:    760 | Train loss: 4.7602e-01 | Valid loss: 4.4132e-01 | Train acc: 0.7758 ± 0.0000 | Valid acc: 0.8189 ± 0.0000 | Valid Power: 0.0008 | Train Power: 0.0008 | patience:  82 | lr: 0.003125 | Epoch time: 0.1 |

2024-09-09 23:59:13,644 - INFO -
| Epoch:    770 | Train loss: 4.7586e-01 | Valid loss: 4.4062e-01 | Train acc: 0.7783 ± 0.0000 | Valid acc: 0.8189 ± 0.0000 | Valid Power: 0.0008 | Train Power: 0.0008 | patience:  92 | lr: 0.003125 | Epoch time: 0.1 |

2024-09-09 23:59:14,765 - INFO -
load best network to warm start training with lower lr.

2024-09-09 23:59:14,765 - INFO -
lr update to 0.0015625.

2024-09-09 23:59:14,890 - INFO -
| Epoch:    780 | Train loss: 4.9615e-01 | Valid loss: 4.2360e-01 | Train acc: 0.7758 ± 0.0000 | Valid acc: 0.8189 ± 0.0000 | Valid Power: 0.0008 | Train Power: 0.0008 | patience:   1 | lr: 0.0015625 | Epoch time: 0.1 |

2024-09-09 23:59:16,131 - INFO -
| Epoch:    790 | Train loss: 4.8873e-01 | Valid loss: 4.2936e-01 | Train acc: 0.7783 ± 0.0000 | Valid acc: 0.8189 ± 0.0000 | Valid Power: 0.0008 | Train Power: 0.0008 | patience:  11 | lr: 0.0015625 | Epoch time: 0.1 |

2024-09-09 23:59:17,370 - INFO -
| Epoch:    800 | Train loss: 4.8420e-01 | Valid loss: 4.3491e-01 | Train acc: 0.7783 ± 0.0000 | Valid acc: 0.8189 ± 0.0000 | Valid Power: 0.0008 | Train Power: 0.0008 | patience:  21 | lr: 0.0015625 | Epoch time: 0.1 |

2024-09-09 23:59:18,613 - INFO -
| Epoch:    810 | Train loss: 4.8284e-01 | Valid loss: 4.3364e-01 | Train acc: 0.7783 ± 0.0000 | Valid acc: 0.8110 ± 0.0000 | Valid Power: 0.0008 | Train Power: 0.0008 | patience:  31 | lr: 0.0015625 | Epoch time: 0.1 |

2024-09-09 23:59:19,872 - INFO -
| Epoch:    820 | Train loss: 4.8247e-01 | Valid loss: 4.3331e-01 | Train acc: 0.7783 ± 0.0000 | Valid acc: 0.8110 ± 0.0000 | Valid Power: 0.0008 | Train Power: 0.0008 | patience:  41 | lr: 0.0015625 | Epoch time: 0.1 |

2024-09-09 23:59:21,087 - INFO -
| Epoch:    830 | Train loss: 4.8223e-01 | Valid loss: 4.3332e-01 | Train acc: 0.7783 ± 0.0000 | Valid acc: 0.8110 ± 0.0000 | Valid Power: 0.0008 | Train Power: 0.0008 | patience:  51 | lr: 0.0015625 | Epoch time: 0.1 |

2024-09-09 23:59:22,275 - INFO -
| Epoch:    840 | Train loss: 4.8206e-01 | Valid loss: 4.3290e-01 | Train acc: 0.7783 ± 0.0000 | Valid acc: 0.8110 ± 0.0000 | Valid Power: 0.0008 | Train Power: 0.0008 | patience:  61 | lr: 0.0015625 | Epoch time: 0.1 |

2024-09-09 23:59:23,495 - INFO -
| Epoch:    850 | Train loss: 4.8194e-01 | Valid loss: 4.3249e-01 | Train acc: 0.7783 ± 0.0000 | Valid acc: 0.8110 ± 0.0000 | Valid Power: 0.0008 | Train Power: 0.0008 | patience:  71 | lr: 0.0015625 | Epoch time: 0.1 |

2024-09-09 23:59:24,730 - INFO -
| Epoch:    860 | Train loss: 4.8182e-01 | Valid loss: 4.3208e-01 | Train acc: 0.7783 ± 0.0000 | Valid acc: 0.8110 ± 0.0000 | Valid Power: 0.0008 | Train Power: 0.0008 | patience:  81 | lr: 0.0015625 | Epoch time: 0.1 |

2024-09-09 23:59:25,966 - INFO -
| Epoch:    870 | Train loss: 4.8158e-01 | Valid loss: 4.3124e-01 | Train acc: 0.7783 ± 0.0000 | Valid acc: 0.8110 ± 0.0000 | Valid Power: 0.0008 | Train Power: 0.0008 | patience:  91 | lr: 0.0015625 | Epoch time: 0.1 |

2024-09-09 23:59:27,224 - INFO -
load best network to warm start training with lower lr.

2024-09-09 23:59:27,224 - INFO -
lr update to 0.00078125.

2024-09-09 23:59:27,224 - INFO -
| Epoch:    880 | Train loss: 4.8089e-01 | Valid loss: 4.2916e-01 | Train acc: 0.7783 ± 0.0000 | Valid acc: 0.8110 ± 0.0000 | Valid Power: 0.0008 | Train Power: 0.0008 | patience:   0 | lr: 0.00078125 | Epoch time: 0.1 |

2024-09-09 23:59:28,433 - INFO -
| Epoch:    890 | Train loss: 4.8923e-01 | Valid loss: 4.2493e-01 | Train acc: 0.7783 ± 0.0000 | Valid acc: 0.8189 ± 0.0000 | Valid Power: 0.0008 | Train Power: 0.0008 | patience:  10 | lr: 0.00078125 | Epoch time: 0.1 |

2024-09-09 23:59:29,717 - INFO -
| Epoch:    900 | Train loss: 4.8897e-01 | Valid loss: 4.2753e-01 | Train acc: 0.7783 ± 0.0000 | Valid acc: 0.8189 ± 0.0000 | Valid Power: 0.0008 | Train Power: 0.0008 | patience:  20 | lr: 0.00078125 | Epoch time: 0.1 |

2024-09-09 23:59:30,874 - INFO -
| Epoch:    910 | Train loss: 4.8846e-01 | Valid loss: 4.2888e-01 | Train acc: 0.7783 ± 0.0000 | Valid acc: 0.8189 ± 0.0000 | Valid Power: 0.0008 | Train Power: 0.0008 | patience:  30 | lr: 0.00078125 | Epoch time: 0.1 |

2024-09-09 23:59:32,031 - INFO -
| Epoch:    920 | Train loss: 4.8459e-01 | Valid loss: 4.3223e-01 | Train acc: 0.7758 ± 0.0000 | Valid acc: 0.8110 ± 0.0000 | Valid Power: 0.0008 | Train Power: 0.0008 | patience:  40 | lr: 0.00078125 | Epoch time: 0.1 |

2024-09-09 23:59:33,186 - INFO -
| Epoch:    930 | Train loss: 4.8380e-01 | Valid loss: 4.3369e-01 | Train acc: 0.7758 ± 0.0000 | Valid acc: 0.8110 ± 0.0000 | Valid Power: 0.0008 | Train Power: 0.0008 | patience:  50 | lr: 0.00078125 | Epoch time: 0.1 |

2024-09-09 23:59:34,340 - INFO -
| Epoch:    940 | Train loss: 4.8284e-01 | Valid loss: 4.3301e-01 | Train acc: 0.7783 ± 0.0000 | Valid acc: 0.8110 ± 0.0000 | Valid Power: 0.0008 | Train Power: 0.0008 | patience:  60 | lr: 0.00078125 | Epoch time: 0.1 |

2024-09-09 23:59:35,493 - INFO -
| Epoch:    950 | Train loss: 4.8265e-01 | Valid loss: 4.3257e-01 | Train acc: 0.7783 ± 0.0000 | Valid acc: 0.8110 ± 0.0000 | Valid Power: 0.0008 | Train Power: 0.0008 | patience:  70 | lr: 0.00078125 | Epoch time: 0.1 |

2024-09-09 23:59:36,647 - INFO -
| Epoch:    960 | Train loss: 4.8243e-01 | Valid loss: 4.3258e-01 | Train acc: 0.7783 ± 0.0000 | Valid acc: 0.8110 ± 0.0000 | Valid Power: 0.0008 | Train Power: 0.0008 | patience:  80 | lr: 0.00078125 | Epoch time: 0.1 |

2024-09-09 23:59:37,804 - INFO -
| Epoch:    970 | Train loss: 4.8230e-01 | Valid loss: 4.3230e-01 | Train acc: 0.7783 ± 0.0000 | Valid acc: 0.8110 ± 0.0000 | Valid Power: 0.0008 | Train Power: 0.0008 | patience:  90 | lr: 0.00078125 | Epoch time: 0.1 |

2024-09-09 23:59:38,953 - INFO -
| Epoch:    980 | Train loss: 4.8220e-01 | Valid loss: 4.3197e-01 | Train acc: 0.7783 ± 0.0000 | Valid acc: 0.8110 ± 0.0000 | Valid Power: 0.0008 | Train Power: 0.0008 | patience: 100 | lr: 0.00078125 | Epoch time: 0.1 |

2024-09-09 23:59:39,071 - INFO -
load best network to warm start training with lower lr.

2024-09-09 23:59:39,071 - INFO -
lr update to 0.000390625.

2024-09-09 23:59:40,088 - INFO -
| Epoch:    990 | Train loss: 4.9143e-01 | Valid loss: 4.2376e-01 | Train acc: 0.7783 ± 0.0000 | Valid acc: 0.8189 ± 0.0000 | Valid Power: 0.0008 | Train Power: 0.0008 | patience:   9 | lr: 0.000390625 | Epoch time: 0.1 |

2024-09-09 23:59:41,148 - INFO -
| Epoch:   1000 | Train loss: 4.8925e-01 | Valid loss: 4.2451e-01 | Train acc: 0.7783 ± 0.0000 | Valid acc: 0.8189 ± 0.0000 | Valid Power: 0.0008 | Train Power: 0.0008 | patience:  19 | lr: 0.000390625 | Epoch time: 0.1 |

2024-09-09 23:59:42,209 - INFO -
| Epoch:   1010 | Train loss: 4.8903e-01 | Valid loss: 4.2546e-01 | Train acc: 0.7783 ± 0.0000 | Valid acc: 0.8189 ± 0.0000 | Valid Power: 0.0008 | Train Power: 0.0008 | patience:  29 | lr: 0.000390625 | Epoch time: 0.1 |

2024-09-09 23:59:43,270 - INFO -
| Epoch:   1020 | Train loss: 4.8890e-01 | Valid loss: 4.2572e-01 | Train acc: 0.7809 ± 0.0000 | Valid acc: 0.8189 ± 0.0000 | Valid Power: 0.0008 | Train Power: 0.0008 | patience:  39 | lr: 0.000390625 | Epoch time: 0.1 |

2024-09-09 23:59:44,327 - INFO -
| Epoch:   1030 | Train loss: 4.8878e-01 | Valid loss: 4.2561e-01 | Train acc: 0.7783 ± 0.0000 | Valid acc: 0.8189 ± 0.0000 | Valid Power: 0.0008 | Train Power: 0.0008 | patience:  49 | lr: 0.000390625 | Epoch time: 0.1 |

2024-09-09 23:59:45,374 - INFO -
| Epoch:   1040 | Train loss: 4.8868e-01 | Valid loss: 4.2536e-01 | Train acc: 0.7758 ± 0.0000 | Valid acc: 0.8110 ± 0.0000 | Valid Power: 0.0008 | Train Power: 0.0008 | patience:  59 | lr: 0.000390625 | Epoch time: 0.1 |

2024-09-09 23:59:46,489 - INFO -
| Epoch:   1050 | Train loss: 4.8860e-01 | Valid loss: 4.2518e-01 | Train acc: 0.7758 ± 0.0000 | Valid acc: 0.8110 ± 0.0000 | Valid Power: 0.0008 | Train Power: 0.0008 | patience:  69 | lr: 0.000390625 | Epoch time: 0.1 |

2024-09-09 23:59:47,539 - INFO -
| Epoch:   1060 | Train loss: 4.8854e-01 | Valid loss: 4.2509e-01 | Train acc: 0.7758 ± 0.0000 | Valid acc: 0.8110 ± 0.0000 | Valid Power: 0.0008 | Train Power: 0.0008 | patience:  79 | lr: 0.000390625 | Epoch time: 0.1 |

2024-09-09 23:59:48,587 - INFO -
| Epoch:   1070 | Train loss: 4.8849e-01 | Valid loss: 4.2509e-01 | Train acc: 0.7758 ± 0.0000 | Valid acc: 0.8110 ± 0.0000 | Valid Power: 0.0008 | Train Power: 0.0008 | patience:  89 | lr: 0.000390625 | Epoch time: 0.1 |

2024-09-09 23:59:49,627 - INFO -
| Epoch:   1080 | Train loss: 4.8844e-01 | Valid loss: 4.2514e-01 | Train acc: 0.7758 ± 0.0000 | Valid acc: 0.8110 ± 0.0000 | Valid Power: 0.0008 | Train Power: 0.0008 | patience:  99 | lr: 0.000390625 | Epoch time: 0.1 |

2024-09-09 23:59:49,838 - INFO -
load best network to warm start training with lower lr.

2024-09-09 23:59:49,839 - INFO -
lr update to 0.0001953125.

2024-09-09 23:59:50,670 - INFO -
| Epoch:   1090 | Train loss: 4.9373e-01 | Valid loss: 4.2361e-01 | Train acc: 0.7783 ± 0.0000 | Valid acc: 0.8189 ± 0.0000 | Valid Power: 0.0008 | Train Power: 0.0008 | patience:   8 | lr: 0.0001953125 | Epoch time: 0.1 |

2024-09-09 23:59:51,717 - INFO -
| Epoch:   1100 | Train loss: 4.9126e-01 | Valid loss: 4.2375e-01 | Train acc: 0.7783 ± 0.0000 | Valid acc: 0.8189 ± 0.0000 | Valid Power: 0.0008 | Train Power: 0.0008 | patience:  18 | lr: 0.0001953125 | Epoch time: 0.1 |

2024-09-09 23:59:52,764 - INFO -
| Epoch:   1110 | Train loss: 4.8988e-01 | Valid loss: 4.2398e-01 | Train acc: 0.7783 ± 0.0000 | Valid acc: 0.8189 ± 0.0000 | Valid Power: 0.0008 | Train Power: 0.0008 | patience:  28 | lr: 0.0001953125 | Epoch time: 0.1 |

2024-09-09 23:59:53,817 - INFO -
| Epoch:   1120 | Train loss: 4.8928e-01 | Valid loss: 4.2427e-01 | Train acc: 0.7783 ± 0.0000 | Valid acc: 0.8189 ± 0.0000 | Valid Power: 0.0008 | Train Power: 0.0008 | patience:  38 | lr: 0.0001953125 | Epoch time: 0.1 |

2024-09-09 23:59:54,871 - INFO -
| Epoch:   1130 | Train loss: 4.8910e-01 | Valid loss: 4.2447e-01 | Train acc: 0.7783 ± 0.0000 | Valid acc: 0.8189 ± 0.0000 | Valid Power: 0.0008 | Train Power: 0.0008 | patience:  48 | lr: 0.0001953125 | Epoch time: 0.1 |

2024-09-09 23:59:56,013 - INFO -
| Epoch:   1140 | Train loss: 4.8900e-01 | Valid loss: 4.2457e-01 | Train acc: 0.7783 ± 0.0000 | Valid acc: 0.8189 ± 0.0000 | Valid Power: 0.0008 | Train Power: 0.0008 | patience:  58 | lr: 0.0001953125 | Epoch time: 0.1 |

2024-09-09 23:59:57,054 - INFO -
| Epoch:   1150 | Train loss: 4.8893e-01 | Valid loss: 4.2464e-01 | Train acc: 0.7809 ± 0.0000 | Valid acc: 0.8189 ± 0.0000 | Valid Power: 0.0008 | Train Power: 0.0008 | patience:  68 | lr: 0.0001953125 | Epoch time: 0.1 |

2024-09-09 23:59:58,110 - INFO -
| Epoch:   1160 | Train loss: 4.8887e-01 | Valid loss: 4.2467e-01 | Train acc: 0.7783 ± 0.0000 | Valid acc: 0.8189 ± 0.0000 | Valid Power: 0.0008 | Train Power: 0.0008 | patience:  78 | lr: 0.0001953125 | Epoch time: 0.1 |

2024-09-09 23:59:59,156 - INFO -
| Epoch:   1170 | Train loss: 4.8882e-01 | Valid loss: 4.2466e-01 | Train acc: 0.7783 ± 0.0000 | Valid acc: 0.8189 ± 0.0000 | Valid Power: 0.0008 | Train Power: 0.0008 | patience:  88 | lr: 0.0001953125 | Epoch time: 0.1 |

2024-09-10 00:00:00,212 - INFO -
| Epoch:   1180 | Train loss: 4.8877e-01 | Valid loss: 4.2466e-01 | Train acc: 0.7758 ± 0.0000 | Valid acc: 0.8110 ± 0.0000 | Valid Power: 0.0008 | Train Power: 0.0008 | patience:  98 | lr: 0.0001953125 | Epoch time: 0.1 |

2024-09-10 00:00:00,529 - INFO -
load best network to warm start training with lower lr.

2024-09-10 00:00:00,529 - INFO -
lr update to 9.765625e-05.

2024-09-10 00:00:00,529 - INFO -
Early stop.

2024-09-10 00:00:00,535 - INFO -
Training if finished.

2024-09-12 13:58:07,363 - INFO -
Configuration: 
gmin                0.01
gmax                10.0
T                   0.1
m                   0.3
type_nonlinear      normal
act                 tanh
ACT_R1n             12.7865
ACT_R2n             -3.1871
ACT_W1n             -10.4537
ACT_L1n             10.546
ACT_W2n             -5.8496
ACT_L2n             4.2337
S_R1n               -11.7481
S_R2n               -0.3905
S_W1n               -9.169
S_L1n               0.3913
S_W2n               7.2004
S_L2n               15.5558
ReLU_RHn            -1.9557
ReLU_RLn            -20.1581
ReLU_RDn            16.6486
ReLU_RBn            -14.3472
ReLU_Wn             16.655
ReLU_Ln             -21.7591
HS_Rn               -0.3766
HS_Wn               0.5192
HS_Ln               4.6293
NEG_R1n             -7.0846
NEG_R2n             -2.5695
NEG_R3n             16.1542
NEG_W1n             13.8696
NEG_L1n             2.7635
NEG_W2n             1.2674
NEG_L2n             -10.4803
NEG_W3n             -6.4386
NEG_L3n             5.1005
task                normal
DATASET             10
DataPath            ./dataset
InputNoise          0.0
IN_test             0.0
R_train             1
R_test              1
N_time              32
pathnorm            False
hidden              [3]
skipconnection      False
SEED                8
DEVICE              cpu
PATIENCE            500
EPOCH               10000000000
LR                  0.1
PROGRESSIVE         True
LR_PATIENCE         100
LR_DECAY            0.5
LR_MIN              0.0001
metric              acc
SoftEva             True
TIMELIMITATION      71
MODE                nominal
M_train             1
K_train             1
M_test              1
K_test              1
t_test_max          1
integration         MC
N_train             1
e_train             0.0
N_test              100
e_test              0.1
e_fault             2
fault_ratio         0.0
N_fault             50
e_fault_test        0
N_fault_test        50
dropout             0.0
lagrangian_loss     False
rho                 100
powerestimator      none
powerbalance        0.0
estimatorbalance    0.0
pgmin               1e-07
power_ratio         1000
lambda_P            100
areaestimator       none
areabalance         0.0
area_theta          0.15
area_act            30.0
area_neg            22.7
lambda_A            0.001
lnc                 False
projectname         tanh_0_FaultAnalysisNormal
temppath            ./tanh_0_FaultAnalysisNormal/temp/
logfilepath         ./tanh_0_FaultAnalysisNormal/log/
report_freq         10
recording           False
recordpath          ./tanh_0_FaultAnalysisNormal/record/
savepath            ./tanh_0_FaultAnalysisNormal/models/
loglevel            info


2024-09-12 13:58:07,384 - INFO -
Training network on device: cpu.

2024-09-12 13:58:07,384 - INFO -
Training setup: data_10_tictactoe_seed_08_epsilon_0.0_dropout_0.0_fault_ratio_0.0.model.

2024-09-12 13:58:07,384 - INFO -
{'dataname': 'tictactoe', 'N_feature': 9, 'N_class': 2, 'N_train': 397, 'N_valid': 127, 'N_test': 79}

2024-09-12 13:58:07,396 - INFO -
Training was already finished.

