2024-09-09 04:07:29,248 - INFO -
Configuration: 
gmin                0.01
gmax                10.0
T                   0.1
m                   0.3
type_nonlinear      normal
act                 tanh
ACT_R1n             12.7865
ACT_R2n             -3.1871
ACT_W1n             -10.4537
ACT_L1n             10.546
ACT_W2n             -5.8496
ACT_L2n             4.2337
S_R1n               -11.7481
S_R2n               -0.3905
S_W1n               -9.169
S_L1n               0.3913
S_W2n               7.2004
S_L2n               15.5558
ReLU_RHn            -1.9557
ReLU_RLn            -20.1581
ReLU_RDn            16.6486
ReLU_RBn            -14.3472
ReLU_Wn             16.655
ReLU_Ln             -21.7591
HS_Rn               -0.3766
HS_Wn               0.5192
HS_Ln               4.6293
NEG_R1n             -7.0846
NEG_R2n             -2.5695
NEG_R3n             16.1542
NEG_W1n             13.8696
NEG_L1n             2.7635
NEG_W2n             1.2674
NEG_L2n             -10.4803
NEG_W3n             -6.4386
NEG_L3n             5.1005
task                normal
DATASET             4
DataPath            ./dataset
InputNoise          0.0
IN_test             0.0
R_train             1
R_test              1
N_time              32
pathnorm            False
hidden              [3]
skipconnection      False
SEED                4
DEVICE              cpu
PATIENCE            500
EPOCH               10000000000
LR                  0.1
PROGRESSIVE         True
LR_PATIENCE         100
LR_DECAY            0.5
LR_MIN              0.0001
metric              acc
SoftEva             True
TIMELIMITATION      71
MODE                nominal
M_train             1
K_train             1
M_test              1
K_test              1
t_test_max          1
integration         MC
N_train             1
e_train             0.0
N_test              100
e_test              0.1
e_fault             2
fault_ratio         0.0
N_fault             50
e_fault_test        0
N_fault_test        50
dropout             0.0
lagrangian_loss     False
rho                 100
powerestimator      none
powerbalance        0.0
estimatorbalance    0.0
pgmin               1e-07
power_ratio         1000
lambda_P            100
areaestimator       none
areabalance         0.0
area_theta          0.15
area_act            30.0
area_neg            22.7
lambda_A            0.001
lnc                 False
projectname         tanh_0_FaultAnalysisNormal
temppath            ./tanh_0_FaultAnalysisNormal/temp/
logfilepath         ./tanh_0_FaultAnalysisNormal/log/
report_freq         10
recording           False
recordpath          ./tanh_0_FaultAnalysisNormal/record/
savepath            ./tanh_0_FaultAnalysisNormal/models/
loglevel            info


2024-09-09 04:07:29,249 - INFO -
Training network on device: cpu.

2024-09-09 04:07:29,249 - INFO -
Training setup: data_04_energyy1_seed_04_epsilon_0.0_dropout_0.0_fault_ratio_0.0.model.

2024-09-09 04:07:29,249 - INFO -
{'dataname': 'energyy1', 'N_feature': 8, 'N_class': 3, 'N_train': 397, 'N_valid': 127, 'N_test': 79}

2024-09-09 04:07:29,249 - INFO -
Topology of the network: [8, 3, 3].

2024-09-09 04:07:31,167 - INFO -
| Epoch:      0 | Train loss: 1.0985e+00 | Valid loss: 1.0705e+00 | Train acc: 0.4761 ± 0.0000 | Valid acc: 0.3307 ± 0.0000 | Valid Power: 0.0009 | Train Power: 0.0005 | patience:   0 | lr: 0.1 | Epoch time: 0.1 |

2024-09-09 04:07:32,419 - INFO -
| Epoch:     10 | Train loss: 1.0095e+00 | Valid loss: 1.0011e+00 | Train acc: 0.4761 ± 0.0000 | Valid acc: 0.4567 ± 0.0000 | Valid Power: 0.0009 | Train Power: 0.0009 | patience:   0 | lr: 0.1 | Epoch time: 0.1 |

2024-09-09 04:07:33,708 - INFO -
| Epoch:     20 | Train loss: 7.5611e-01 | Valid loss: 7.7731e-01 | Train acc: 0.8186 ± 0.0000 | Valid acc: 0.7874 ± 0.0000 | Valid Power: 0.0008 | Train Power: 0.0008 | patience:   0 | lr: 0.1 | Epoch time: 0.1 |

2024-09-09 04:07:34,992 - INFO -
| Epoch:     30 | Train loss: 6.5355e-01 | Valid loss: 6.9757e-01 | Train acc: 0.8186 ± 0.0000 | Valid acc: 0.7874 ± 0.0000 | Valid Power: 0.0009 | Train Power: 0.0009 | patience:   0 | lr: 0.1 | Epoch time: 0.1 |

2024-09-09 04:07:36,285 - INFO -
| Epoch:     40 | Train loss: 6.0697e-01 | Valid loss: 6.4661e-01 | Train acc: 0.8186 ± 0.0000 | Valid acc: 0.7874 ± 0.0000 | Valid Power: 0.0010 | Train Power: 0.0010 | patience:   0 | lr: 0.1 | Epoch time: 0.1 |

2024-09-09 04:07:37,570 - INFO -
| Epoch:     50 | Train loss: 5.9143e-01 | Valid loss: 6.2841e-01 | Train acc: 0.8186 ± 0.0000 | Valid acc: 0.7874 ± 0.0000 | Valid Power: 0.0009 | Train Power: 0.0009 | patience:   0 | lr: 0.1 | Epoch time: 0.1 |

2024-09-09 04:07:38,936 - INFO -
| Epoch:     60 | Train loss: 5.8467e-01 | Valid loss: 6.2342e-01 | Train acc: 0.8186 ± 0.0000 | Valid acc: 0.7874 ± 0.0000 | Valid Power: 0.0009 | Train Power: 0.0009 | patience:   0 | lr: 0.1 | Epoch time: 0.1 |

2024-09-09 04:07:40,208 - INFO -
| Epoch:     70 | Train loss: 5.8128e-01 | Valid loss: 6.1969e-01 | Train acc: 0.8186 ± 0.0000 | Valid acc: 0.7874 ± 0.0000 | Valid Power: 0.0009 | Train Power: 0.0009 | patience:   3 | lr: 0.1 | Epoch time: 0.1 |

2024-09-09 04:07:41,487 - INFO -
| Epoch:     80 | Train loss: 5.7921e-01 | Valid loss: 6.1671e-01 | Train acc: 0.8186 ± 0.0000 | Valid acc: 0.7874 ± 0.0000 | Valid Power: 0.0009 | Train Power: 0.0009 | patience:   0 | lr: 0.1 | Epoch time: 0.1 |

2024-09-09 04:07:42,769 - INFO -
| Epoch:     90 | Train loss: 5.7756e-01 | Valid loss: 6.1545e-01 | Train acc: 0.8186 ± 0.0000 | Valid acc: 0.7874 ± 0.0000 | Valid Power: 0.0010 | Train Power: 0.0011 | patience:   0 | lr: 0.1 | Epoch time: 0.1 |

2024-09-09 04:07:44,052 - INFO -
| Epoch:    100 | Train loss: 5.7586e-01 | Valid loss: 6.1225e-01 | Train acc: 0.8186 ± 0.0000 | Valid acc: 0.7874 ± 0.0000 | Valid Power: 0.0009 | Train Power: 0.0009 | patience:   0 | lr: 0.1 | Epoch time: 0.1 |

2024-09-09 04:07:45,360 - INFO -
| Epoch:    110 | Train loss: 5.7370e-01 | Valid loss: 6.0865e-01 | Train acc: 0.8186 ± 0.0000 | Valid acc: 0.7874 ± 0.0000 | Valid Power: 0.0009 | Train Power: 0.0009 | patience:   0 | lr: 0.1 | Epoch time: 0.1 |

2024-09-09 04:07:46,651 - INFO -
| Epoch:    120 | Train loss: 5.7160e-01 | Valid loss: 6.0396e-01 | Train acc: 0.8186 ± 0.0000 | Valid acc: 0.7874 ± 0.0000 | Valid Power: 0.0009 | Train Power: 0.0009 | patience:   0 | lr: 0.1 | Epoch time: 0.1 |

2024-09-09 04:07:47,929 - INFO -
| Epoch:    130 | Train loss: 5.7058e-01 | Valid loss: 6.0119e-01 | Train acc: 0.8186 ± 0.0000 | Valid acc: 0.7874 ± 0.0000 | Valid Power: 0.0009 | Train Power: 0.0009 | patience:   0 | lr: 0.1 | Epoch time: 0.1 |

2024-09-09 04:07:49,209 - INFO -
| Epoch:    140 | Train loss: 5.6969e-01 | Valid loss: 5.9963e-01 | Train acc: 0.8186 ± 0.0000 | Valid acc: 0.7874 ± 0.0000 | Valid Power: 0.0009 | Train Power: 0.0009 | patience:   0 | lr: 0.1 | Epoch time: 0.1 |

2024-09-09 04:07:50,490 - INFO -
| Epoch:    150 | Train loss: 5.6897e-01 | Valid loss: 5.9871e-01 | Train acc: 0.8186 ± 0.0000 | Valid acc: 0.7874 ± 0.0000 | Valid Power: 0.0009 | Train Power: 0.0009 | patience:   0 | lr: 0.1 | Epoch time: 0.1 |

2024-09-09 04:07:51,771 - INFO -
| Epoch:    160 | Train loss: 5.6838e-01 | Valid loss: 5.9762e-01 | Train acc: 0.8186 ± 0.0000 | Valid acc: 0.7874 ± 0.0000 | Valid Power: 0.0010 | Train Power: 0.0010 | patience:   0 | lr: 0.1 | Epoch time: 0.1 |

2024-09-09 04:07:53,053 - INFO -
| Epoch:    170 | Train loss: 5.6786e-01 | Valid loss: 5.9641e-01 | Train acc: 0.8186 ± 0.0000 | Valid acc: 0.7874 ± 0.0000 | Valid Power: 0.0018 | Train Power: 0.0015 | patience:   0 | lr: 0.1 | Epoch time: 0.1 |

2024-09-09 04:07:54,421 - INFO -
| Epoch:    180 | Train loss: 5.6741e-01 | Valid loss: 5.9545e-01 | Train acc: 0.8186 ± 0.0000 | Valid acc: 0.7874 ± 0.0000 | Valid Power: 0.0016 | Train Power: 0.0018 | patience:   0 | lr: 0.1 | Epoch time: 0.2 |

2024-09-09 04:07:55,728 - INFO -
| Epoch:    190 | Train loss: 5.6700e-01 | Valid loss: 5.9473e-01 | Train acc: 0.8186 ± 0.0000 | Valid acc: 0.7874 ± 0.0000 | Valid Power: 0.0012 | Train Power: 0.0012 | patience:   0 | lr: 0.1 | Epoch time: 0.1 |

2024-09-09 04:07:57,009 - INFO -
| Epoch:    200 | Train loss: 5.6663e-01 | Valid loss: 5.9408e-01 | Train acc: 0.8186 ± 0.0000 | Valid acc: 0.7874 ± 0.0000 | Valid Power: 0.0011 | Train Power: 0.0011 | patience:   0 | lr: 0.1 | Epoch time: 0.1 |

2024-09-09 04:07:58,383 - INFO -
| Epoch:    210 | Train loss: 5.6628e-01 | Valid loss: 5.9347e-01 | Train acc: 0.8186 ± 0.0000 | Valid acc: 0.7874 ± 0.0000 | Valid Power: 0.0019 | Train Power: 0.0012 | patience:   0 | lr: 0.1 | Epoch time: 0.1 |

2024-09-09 04:07:59,664 - INFO -
| Epoch:    220 | Train loss: 5.6595e-01 | Valid loss: 5.9288e-01 | Train acc: 0.8186 ± 0.0000 | Valid acc: 0.7874 ± 0.0000 | Valid Power: 0.0011 | Train Power: 0.0011 | patience:   0 | lr: 0.1 | Epoch time: 0.1 |

2024-09-09 04:08:00,946 - INFO -
| Epoch:    230 | Train loss: 5.6564e-01 | Valid loss: 5.9234e-01 | Train acc: 0.8186 ± 0.0000 | Valid acc: 0.7874 ± 0.0000 | Valid Power: 0.0010 | Train Power: 0.0011 | patience:   0 | lr: 0.1 | Epoch time: 0.1 |

2024-09-09 04:08:02,247 - INFO -
| Epoch:    240 | Train loss: 5.6534e-01 | Valid loss: 5.9185e-01 | Train acc: 0.8186 ± 0.0000 | Valid acc: 0.7874 ± 0.0000 | Valid Power: 0.0010 | Train Power: 0.0010 | patience:   0 | lr: 0.1 | Epoch time: 0.1 |

2024-09-09 04:08:03,564 - INFO -
| Epoch:    250 | Train loss: 5.6505e-01 | Valid loss: 5.9139e-01 | Train acc: 0.8186 ± 0.0000 | Valid acc: 0.7874 ± 0.0000 | Valid Power: 0.0010 | Train Power: 0.0010 | patience:   0 | lr: 0.1 | Epoch time: 0.1 |

2024-09-09 04:08:04,853 - INFO -
| Epoch:    260 | Train loss: 5.6477e-01 | Valid loss: 5.9096e-01 | Train acc: 0.8186 ± 0.0000 | Valid acc: 0.7874 ± 0.0000 | Valid Power: 0.0010 | Train Power: 0.0010 | patience:   0 | lr: 0.1 | Epoch time: 0.1 |

2024-09-09 04:08:06,133 - INFO -
| Epoch:    270 | Train loss: 5.6450e-01 | Valid loss: 5.9057e-01 | Train acc: 0.8186 ± 0.0000 | Valid acc: 0.7874 ± 0.0000 | Valid Power: 0.0010 | Train Power: 0.0010 | patience:   0 | lr: 0.1 | Epoch time: 0.1 |

2024-09-09 04:08:07,410 - INFO -
| Epoch:    280 | Train loss: 5.6424e-01 | Valid loss: 5.9022e-01 | Train acc: 0.8186 ± 0.0000 | Valid acc: 0.7874 ± 0.0000 | Valid Power: 0.0010 | Train Power: 0.0010 | patience:   0 | lr: 0.1 | Epoch time: 0.1 |

2024-09-09 04:08:08,690 - INFO -
| Epoch:    290 | Train loss: 5.6399e-01 | Valid loss: 5.8986e-01 | Train acc: 0.8186 ± 0.0000 | Valid acc: 0.7874 ± 0.0000 | Valid Power: 0.0010 | Train Power: 0.0010 | patience:   0 | lr: 0.1 | Epoch time: 0.1 |

2024-09-09 04:08:10,065 - INFO -
| Epoch:    300 | Train loss: 5.6375e-01 | Valid loss: 5.8950e-01 | Train acc: 0.8186 ± 0.0000 | Valid acc: 0.7874 ± 0.0000 | Valid Power: 0.0011 | Train Power: 0.0011 | patience:   0 | lr: 0.1 | Epoch time: 0.1 |

2024-09-09 04:08:11,342 - INFO -
| Epoch:    310 | Train loss: 5.6351e-01 | Valid loss: 5.8917e-01 | Train acc: 0.8186 ± 0.0000 | Valid acc: 0.7874 ± 0.0000 | Valid Power: 0.0012 | Train Power: 0.0012 | patience:   0 | lr: 0.1 | Epoch time: 0.1 |

2024-09-09 04:08:12,662 - INFO -
| Epoch:    320 | Train loss: 5.6327e-01 | Valid loss: 5.8884e-01 | Train acc: 0.8186 ± 0.0000 | Valid acc: 0.7874 ± 0.0000 | Valid Power: 0.0014 | Train Power: 0.0014 | patience:   0 | lr: 0.1 | Epoch time: 0.1 |

2024-09-09 04:08:13,970 - INFO -
| Epoch:    330 | Train loss: 5.6305e-01 | Valid loss: 5.8852e-01 | Train acc: 0.8186 ± 0.0000 | Valid acc: 0.7874 ± 0.0000 | Valid Power: 0.0018 | Train Power: 0.0017 | patience:   0 | lr: 0.1 | Epoch time: 0.1 |

2024-09-09 04:08:15,248 - INFO -
| Epoch:    340 | Train loss: 5.6282e-01 | Valid loss: 5.8821e-01 | Train acc: 0.8186 ± 0.0000 | Valid acc: 0.7874 ± 0.0000 | Valid Power: 0.0021 | Train Power: 0.0020 | patience:   0 | lr: 0.1 | Epoch time: 0.1 |

2024-09-09 04:08:16,536 - INFO -
| Epoch:    350 | Train loss: 5.6265e-01 | Valid loss: 5.8792e-01 | Train acc: 0.8186 ± 0.0000 | Valid acc: 0.7874 ± 0.0000 | Valid Power: 0.0023 | Train Power: 0.0022 | patience:   0 | lr: 0.1 | Epoch time: 0.1 |

2024-09-09 04:08:17,815 - INFO -
| Epoch:    360 | Train loss: 5.6255e-01 | Valid loss: 5.8774e-01 | Train acc: 0.8186 ± 0.0000 | Valid acc: 0.7874 ± 0.0000 | Valid Power: 0.0023 | Train Power: 0.0023 | patience:   0 | lr: 0.1 | Epoch time: 0.1 |

2024-09-09 04:08:19,094 - INFO -
| Epoch:    370 | Train loss: 5.6246e-01 | Valid loss: 5.8764e-01 | Train acc: 0.8186 ± 0.0000 | Valid acc: 0.7874 ± 0.0000 | Valid Power: 0.0023 | Train Power: 0.0023 | patience:   0 | lr: 0.1 | Epoch time: 0.1 |

2024-09-09 04:08:20,372 - INFO -
| Epoch:    380 | Train loss: 5.6237e-01 | Valid loss: 5.8749e-01 | Train acc: 0.8186 ± 0.0000 | Valid acc: 0.7874 ± 0.0000 | Valid Power: 0.0023 | Train Power: 0.0023 | patience:   0 | lr: 0.1 | Epoch time: 0.1 |

2024-09-09 04:08:21,650 - INFO -
| Epoch:    390 | Train loss: 5.6228e-01 | Valid loss: 5.8732e-01 | Train acc: 0.8186 ± 0.0000 | Valid acc: 0.7874 ± 0.0000 | Valid Power: 0.0023 | Train Power: 0.0023 | patience:   0 | lr: 0.1 | Epoch time: 0.1 |

2024-09-09 04:08:22,928 - INFO -
| Epoch:    400 | Train loss: 5.6218e-01 | Valid loss: 5.8718e-01 | Train acc: 0.8186 ± 0.0000 | Valid acc: 0.7874 ± 0.0000 | Valid Power: 0.0023 | Train Power: 0.0022 | patience:   0 | lr: 0.1 | Epoch time: 0.1 |

2024-09-09 04:08:24,205 - INFO -
| Epoch:    410 | Train loss: 5.6209e-01 | Valid loss: 5.8704e-01 | Train acc: 0.8186 ± 0.0000 | Valid acc: 0.7874 ± 0.0000 | Valid Power: 0.0022 | Train Power: 0.0022 | patience:   0 | lr: 0.1 | Epoch time: 0.1 |

2024-09-09 04:08:25,485 - INFO -
| Epoch:    420 | Train loss: 5.6200e-01 | Valid loss: 5.8690e-01 | Train acc: 0.8186 ± 0.0000 | Valid acc: 0.7874 ± 0.0000 | Valid Power: 0.0022 | Train Power: 0.0022 | patience:   0 | lr: 0.1 | Epoch time: 0.1 |

2024-09-09 04:08:26,823 - INFO -
| Epoch:    430 | Train loss: 5.6191e-01 | Valid loss: 5.8676e-01 | Train acc: 0.8186 ± 0.0000 | Valid acc: 0.7874 ± 0.0000 | Valid Power: 0.0022 | Train Power: 0.0021 | patience:   0 | lr: 0.1 | Epoch time: 0.1 |

2024-09-09 04:08:28,103 - INFO -
| Epoch:    440 | Train loss: 5.6181e-01 | Valid loss: 5.8662e-01 | Train acc: 0.8186 ± 0.0000 | Valid acc: 0.7874 ± 0.0000 | Valid Power: 0.0021 | Train Power: 0.0021 | patience:   0 | lr: 0.1 | Epoch time: 0.1 |

2024-09-09 04:08:29,460 - INFO -
| Epoch:    450 | Train loss: 5.6172e-01 | Valid loss: 5.8647e-01 | Train acc: 0.8186 ± 0.0000 | Valid acc: 0.7874 ± 0.0000 | Valid Power: 0.0021 | Train Power: 0.0021 | patience:   0 | lr: 0.1 | Epoch time: 0.1 |

2024-09-09 04:08:30,742 - INFO -
| Epoch:    460 | Train loss: 5.6162e-01 | Valid loss: 5.8633e-01 | Train acc: 0.8186 ± 0.0000 | Valid acc: 0.7874 ± 0.0000 | Valid Power: 0.0020 | Train Power: 0.0020 | patience:   0 | lr: 0.1 | Epoch time: 0.1 |

2024-09-09 04:08:32,115 - INFO -
| Epoch:    470 | Train loss: 5.6153e-01 | Valid loss: 5.8619e-01 | Train acc: 0.8186 ± 0.0000 | Valid acc: 0.7874 ± 0.0000 | Valid Power: 0.0020 | Train Power: 0.0020 | patience:   0 | lr: 0.1 | Epoch time: 0.2 |

2024-09-09 04:08:33,402 - INFO -
| Epoch:    480 | Train loss: 5.6143e-01 | Valid loss: 5.8605e-01 | Train acc: 0.8186 ± 0.0000 | Valid acc: 0.7874 ± 0.0000 | Valid Power: 0.0020 | Train Power: 0.0019 | patience:   0 | lr: 0.1 | Epoch time: 0.1 |

2024-09-09 04:08:34,681 - INFO -
| Epoch:    490 | Train loss: 5.6133e-01 | Valid loss: 5.8591e-01 | Train acc: 0.8186 ± 0.0000 | Valid acc: 0.7874 ± 0.0000 | Valid Power: 0.0019 | Train Power: 0.0019 | patience:   0 | lr: 0.1 | Epoch time: 0.1 |

2024-09-09 04:08:35,962 - INFO -
| Epoch:    500 | Train loss: 5.6124e-01 | Valid loss: 5.8577e-01 | Train acc: 0.8186 ± 0.0000 | Valid acc: 0.7874 ± 0.0000 | Valid Power: 0.0019 | Train Power: 0.0019 | patience:   0 | lr: 0.1 | Epoch time: 0.1 |

2024-09-09 04:08:37,240 - INFO -
| Epoch:    510 | Train loss: 5.6114e-01 | Valid loss: 5.8562e-01 | Train acc: 0.8186 ± 0.0000 | Valid acc: 0.7874 ± 0.0000 | Valid Power: 0.0018 | Train Power: 0.0018 | patience:   0 | lr: 0.1 | Epoch time: 0.1 |

2024-09-09 04:08:38,519 - INFO -
| Epoch:    520 | Train loss: 5.6103e-01 | Valid loss: 5.8548e-01 | Train acc: 0.8186 ± 0.0000 | Valid acc: 0.7874 ± 0.0000 | Valid Power: 0.0018 | Train Power: 0.0018 | patience:   0 | lr: 0.1 | Epoch time: 0.1 |

2024-09-09 04:08:39,799 - INFO -
| Epoch:    530 | Train loss: 5.6093e-01 | Valid loss: 5.8534e-01 | Train acc: 0.8186 ± 0.0000 | Valid acc: 0.7874 ± 0.0000 | Valid Power: 0.0017 | Train Power: 0.0017 | patience:   0 | lr: 0.1 | Epoch time: 0.1 |

2024-09-09 04:08:41,063 - INFO -
| Epoch:    540 | Train loss: 5.6084e-01 | Valid loss: 5.8524e-01 | Train acc: 0.8186 ± 0.0000 | Valid acc: 0.7874 ± 0.0000 | Valid Power: 0.0017 | Train Power: 0.0017 | patience:   4 | lr: 0.1 | Epoch time: 0.1 |

2024-09-09 04:08:42,336 - INFO -
| Epoch:    550 | Train loss: 5.6075e-01 | Valid loss: 5.8508e-01 | Train acc: 0.8186 ± 0.0000 | Valid acc: 0.7874 ± 0.0000 | Valid Power: 0.0016 | Train Power: 0.0016 | patience:   0 | lr: 0.1 | Epoch time: 0.1 |

2024-09-09 04:08:43,614 - INFO -
| Epoch:    560 | Train loss: 5.6066e-01 | Valid loss: 5.8502e-01 | Train acc: 0.8186 ± 0.0000 | Valid acc: 0.7874 ± 0.0000 | Valid Power: 0.0016 | Train Power: 0.0016 | patience:   0 | lr: 0.1 | Epoch time: 0.1 |

2024-09-09 04:08:44,885 - INFO -
| Epoch:    570 | Train loss: 5.6057e-01 | Valid loss: 5.8494e-01 | Train acc: 0.8186 ± 0.0000 | Valid acc: 0.7874 ± 0.0000 | Valid Power: 0.0016 | Train Power: 0.0015 | patience:   2 | lr: 0.1 | Epoch time: 0.1 |

2024-09-09 04:08:46,184 - INFO -
| Epoch:    580 | Train loss: 5.6048e-01 | Valid loss: 5.8475e-01 | Train acc: 0.8186 ± 0.0000 | Valid acc: 0.7874 ± 0.0000 | Valid Power: 0.0017 | Train Power: 0.0018 | patience:   0 | lr: 0.1 | Epoch time: 0.1 |

2024-09-09 04:08:47,449 - INFO -
| Epoch:    590 | Train loss: 5.6039e-01 | Valid loss: 5.8472e-01 | Train acc: 0.8186 ± 0.0000 | Valid acc: 0.7874 ± 0.0000 | Valid Power: 0.0015 | Train Power: 0.0015 | patience:   0 | lr: 0.1 | Epoch time: 0.1 |

2024-09-09 04:08:48,726 - INFO -
| Epoch:    600 | Train loss: 5.6030e-01 | Valid loss: 5.8460e-01 | Train acc: 0.8186 ± 0.0000 | Valid acc: 0.7874 ± 0.0000 | Valid Power: 0.0014 | Train Power: 0.0014 | patience:   0 | lr: 0.1 | Epoch time: 0.1 |

2024-09-09 04:08:50,007 - INFO -
| Epoch:    610 | Train loss: 5.6021e-01 | Valid loss: 5.8453e-01 | Train acc: 0.8186 ± 0.0000 | Valid acc: 0.7874 ± 0.0000 | Valid Power: 0.0014 | Train Power: 0.0014 | patience:   0 | lr: 0.1 | Epoch time: 0.1 |

2024-09-09 04:08:51,291 - INFO -
| Epoch:    620 | Train loss: 5.6012e-01 | Valid loss: 5.8445e-01 | Train acc: 0.8186 ± 0.0000 | Valid acc: 0.7874 ± 0.0000 | Valid Power: 0.0013 | Train Power: 0.0013 | patience:   0 | lr: 0.1 | Epoch time: 0.1 |

2024-09-09 04:08:52,664 - INFO -
| Epoch:    630 | Train loss: 5.6003e-01 | Valid loss: 5.8437e-01 | Train acc: 0.8186 ± 0.0000 | Valid acc: 0.7874 ± 0.0000 | Valid Power: 0.0013 | Train Power: 0.0013 | patience:   0 | lr: 0.1 | Epoch time: 0.1 |

2024-09-09 04:08:53,955 - INFO -
| Epoch:    640 | Train loss: 5.5995e-01 | Valid loss: 5.8430e-01 | Train acc: 0.8186 ± 0.0000 | Valid acc: 0.7874 ± 0.0000 | Valid Power: 0.0012 | Train Power: 0.0012 | patience:   0 | lr: 0.1 | Epoch time: 0.1 |

2024-09-09 04:08:55,297 - INFO -
| Epoch:    650 | Train loss: 5.5986e-01 | Valid loss: 5.8426e-01 | Train acc: 0.8186 ± 0.0000 | Valid acc: 0.7874 ± 0.0000 | Valid Power: 0.0012 | Train Power: 0.0012 | patience:   0 | lr: 0.1 | Epoch time: 0.1 |

2024-09-09 04:08:56,559 - INFO -
| Epoch:    660 | Train loss: 5.5978e-01 | Valid loss: 5.8411e-01 | Train acc: 0.8186 ± 0.0000 | Valid acc: 0.7874 ± 0.0000 | Valid Power: 0.0012 | Train Power: 0.0013 | patience:   5 | lr: 0.1 | Epoch time: 0.1 |

2024-09-09 04:08:57,810 - INFO -
| Epoch:    670 | Train loss: 5.5969e-01 | Valid loss: 5.8403e-01 | Train acc: 0.8186 ± 0.0000 | Valid acc: 0.7874 ± 0.0000 | Valid Power: 0.0012 | Train Power: 0.0012 | patience:   0 | lr: 0.1 | Epoch time: 0.1 |

2024-09-09 04:08:59,083 - INFO -
| Epoch:    680 | Train loss: 5.5961e-01 | Valid loss: 5.8401e-01 | Train acc: 0.8186 ± 0.0000 | Valid acc: 0.7874 ± 0.0000 | Valid Power: 0.0011 | Train Power: 0.0011 | patience:   2 | lr: 0.1 | Epoch time: 0.1 |

2024-09-09 04:09:00,345 - INFO -
| Epoch:    690 | Train loss: 5.5952e-01 | Valid loss: 5.8382e-01 | Train acc: 0.8186 ± 0.0000 | Valid acc: 0.7874 ± 0.0000 | Valid Power: 0.0011 | Train Power: 0.0011 | patience:   1 | lr: 0.1 | Epoch time: 0.1 |

2024-09-09 04:09:01,595 - INFO -
| Epoch:    700 | Train loss: 5.5943e-01 | Valid loss: 5.8390e-01 | Train acc: 0.8186 ± 0.0000 | Valid acc: 0.7874 ± 0.0000 | Valid Power: 0.0011 | Train Power: 0.0011 | patience:   5 | lr: 0.1 | Epoch time: 0.1 |

2024-09-09 04:09:02,952 - INFO -
| Epoch:    710 | Train loss: 5.5934e-01 | Valid loss: 5.8364e-01 | Train acc: 0.8186 ± 0.0000 | Valid acc: 0.7874 ± 0.0000 | Valid Power: 0.0011 | Train Power: 0.0011 | patience:   4 | lr: 0.1 | Epoch time: 0.2 |

2024-09-09 04:09:04,205 - INFO -
| Epoch:    720 | Train loss: 5.5924e-01 | Valid loss: 5.8357e-01 | Train acc: 0.8186 ± 0.0000 | Valid acc: 0.7874 ± 0.0000 | Valid Power: 0.0013 | Train Power: 0.0013 | patience:   5 | lr: 0.1 | Epoch time: 0.1 |

2024-09-09 04:09:05,506 - INFO -
| Epoch:    730 | Train loss: 5.5915e-01 | Valid loss: 5.8342e-01 | Train acc: 0.8186 ± 0.0000 | Valid acc: 0.7874 ± 0.0000 | Valid Power: 0.0016 | Train Power: 0.0016 | patience:   0 | lr: 0.1 | Epoch time: 0.1 |

2024-09-09 04:09:06,761 - INFO -
| Epoch:    740 | Train loss: 5.5905e-01 | Valid loss: 5.8322e-01 | Train acc: 0.8186 ± 0.0000 | Valid acc: 0.7874 ± 0.0000 | Valid Power: 0.0021 | Train Power: 0.0021 | patience:   0 | lr: 0.1 | Epoch time: 0.1 |

2024-09-09 04:09:08,022 - INFO -
| Epoch:    750 | Train loss: 5.5895e-01 | Valid loss: 5.8313e-01 | Train acc: 0.8186 ± 0.0000 | Valid acc: 0.7874 ± 0.0000 | Valid Power: 0.0027 | Train Power: 0.0027 | patience:   0 | lr: 0.1 | Epoch time: 0.1 |

2024-09-09 04:09:09,334 - INFO -
| Epoch:    760 | Train loss: 5.5885e-01 | Valid loss: 5.8299e-01 | Train acc: 0.8186 ± 0.0000 | Valid acc: 0.7874 ± 0.0000 | Valid Power: 0.0031 | Train Power: 0.0031 | patience:   0 | lr: 0.1 | Epoch time: 0.1 |

2024-09-09 04:09:10,611 - INFO -
| Epoch:    770 | Train loss: 5.5875e-01 | Valid loss: 5.8289e-01 | Train acc: 0.8186 ± 0.0000 | Valid acc: 0.7874 ± 0.0000 | Valid Power: 0.0034 | Train Power: 0.0043 | patience:   0 | lr: 0.1 | Epoch time: 0.1 |

2024-09-09 04:09:11,886 - INFO -
| Epoch:    780 | Train loss: 5.5865e-01 | Valid loss: 5.8277e-01 | Train acc: 0.8186 ± 0.0000 | Valid acc: 0.7874 ± 0.0000 | Valid Power: 0.0032 | Train Power: 0.0033 | patience:   0 | lr: 0.1 | Epoch time: 0.1 |

2024-09-09 04:09:13,166 - INFO -
| Epoch:    790 | Train loss: 5.5854e-01 | Valid loss: 5.8263e-01 | Train acc: 0.8186 ± 0.0000 | Valid acc: 0.7874 ± 0.0000 | Valid Power: 0.0032 | Train Power: 0.0033 | patience:   0 | lr: 0.1 | Epoch time: 0.1 |

2024-09-09 04:09:14,438 - INFO -
| Epoch:    800 | Train loss: 5.5843e-01 | Valid loss: 5.8250e-01 | Train acc: 0.8186 ± 0.0000 | Valid acc: 0.7874 ± 0.0000 | Valid Power: 0.0031 | Train Power: 0.0032 | patience:   0 | lr: 0.1 | Epoch time: 0.1 |

2024-09-09 04:09:15,714 - INFO -
| Epoch:    810 | Train loss: 5.5831e-01 | Valid loss: 5.8236e-01 | Train acc: 0.8186 ± 0.0000 | Valid acc: 0.7874 ± 0.0000 | Valid Power: 0.0030 | Train Power: 0.0031 | patience:   0 | lr: 0.1 | Epoch time: 0.1 |

2024-09-09 04:09:16,966 - INFO -
| Epoch:    820 | Train loss: 5.5820e-01 | Valid loss: 5.8212e-01 | Train acc: 0.8186 ± 0.0000 | Valid acc: 0.7874 ± 0.0000 | Valid Power: 0.0030 | Train Power: 0.0031 | patience:   0 | lr: 0.1 | Epoch time: 0.1 |

2024-09-09 04:09:18,230 - INFO -
| Epoch:    830 | Train loss: 5.5808e-01 | Valid loss: 5.8190e-01 | Train acc: 0.8186 ± 0.0000 | Valid acc: 0.7874 ± 0.0000 | Valid Power: 0.0030 | Train Power: 0.0030 | patience:   0 | lr: 0.1 | Epoch time: 0.1 |

2024-09-09 04:09:19,505 - INFO -
| Epoch:    840 | Train loss: 5.5796e-01 | Valid loss: 5.8173e-01 | Train acc: 0.8186 ± 0.0000 | Valid acc: 0.7874 ± 0.0000 | Valid Power: 0.0029 | Train Power: 0.0030 | patience:   0 | lr: 0.1 | Epoch time: 0.1 |

2024-09-09 04:09:20,780 - INFO -
| Epoch:    850 | Train loss: 5.5784e-01 | Valid loss: 5.8157e-01 | Train acc: 0.8186 ± 0.0000 | Valid acc: 0.7874 ± 0.0000 | Valid Power: 0.0029 | Train Power: 0.0030 | patience:   0 | lr: 0.1 | Epoch time: 0.1 |

2024-09-09 04:09:22,053 - INFO -
| Epoch:    860 | Train loss: 5.5771e-01 | Valid loss: 5.8141e-01 | Train acc: 0.8186 ± 0.0000 | Valid acc: 0.7874 ± 0.0000 | Valid Power: 0.0029 | Train Power: 0.0030 | patience:   0 | lr: 0.1 | Epoch time: 0.1 |

2024-09-09 04:09:23,329 - INFO -
| Epoch:    870 | Train loss: 5.5758e-01 | Valid loss: 5.8121e-01 | Train acc: 0.8186 ± 0.0000 | Valid acc: 0.7874 ± 0.0000 | Valid Power: 0.0028 | Train Power: 0.0029 | patience:   0 | lr: 0.1 | Epoch time: 0.1 |

2024-09-09 04:09:24,602 - INFO -
| Epoch:    880 | Train loss: 5.5745e-01 | Valid loss: 5.8102e-01 | Train acc: 0.8186 ± 0.0000 | Valid acc: 0.7874 ± 0.0000 | Valid Power: 0.0028 | Train Power: 0.0029 | patience:   0 | lr: 0.1 | Epoch time: 0.1 |

2024-09-09 04:09:25,932 - INFO -
| Epoch:    890 | Train loss: 5.5731e-01 | Valid loss: 5.8083e-01 | Train acc: 0.8186 ± 0.0000 | Valid acc: 0.7874 ± 0.0000 | Valid Power: 0.0028 | Train Power: 0.0029 | patience:   0 | lr: 0.1 | Epoch time: 0.1 |

2024-09-09 04:09:27,163 - INFO -
| Epoch:    900 | Train loss: 5.5717e-01 | Valid loss: 5.8065e-01 | Train acc: 0.8186 ± 0.0000 | Valid acc: 0.7874 ± 0.0000 | Valid Power: 0.0027 | Train Power: 0.0028 | patience:   0 | lr: 0.1 | Epoch time: 0.1 |

2024-09-09 04:09:28,393 - INFO -
| Epoch:    910 | Train loss: 5.5702e-01 | Valid loss: 5.8046e-01 | Train acc: 0.8186 ± 0.0000 | Valid acc: 0.7874 ± 0.0000 | Valid Power: 0.0027 | Train Power: 0.0028 | patience:   0 | lr: 0.1 | Epoch time: 0.1 |

2024-09-09 04:09:29,623 - INFO -
| Epoch:    920 | Train loss: 5.5687e-01 | Valid loss: 5.8026e-01 | Train acc: 0.8186 ± 0.0000 | Valid acc: 0.7874 ± 0.0000 | Valid Power: 0.0027 | Train Power: 0.0028 | patience:   0 | lr: 0.1 | Epoch time: 0.1 |

2024-09-09 04:09:30,846 - INFO -
| Epoch:    930 | Train loss: 5.5672e-01 | Valid loss: 5.8016e-01 | Train acc: 0.8186 ± 0.0000 | Valid acc: 0.7874 ± 0.0000 | Valid Power: 0.0027 | Train Power: 0.0027 | patience:   2 | lr: 0.1 | Epoch time: 0.1 |

2024-09-09 04:09:32,061 - INFO -
| Epoch:    940 | Train loss: 5.5662e-01 | Valid loss: 5.8026e-01 | Train acc: 0.8186 ± 0.0000 | Valid acc: 0.7874 ± 0.0000 | Valid Power: 0.0027 | Train Power: 0.0028 | patience:   4 | lr: 0.1 | Epoch time: 0.1 |

2024-09-09 04:09:33,258 - INFO -
| Epoch:    950 | Train loss: 5.5653e-01 | Valid loss: 5.8030e-01 | Train acc: 0.8186 ± 0.0000 | Valid acc: 0.7874 ± 0.0000 | Valid Power: 0.0026 | Train Power: 0.0027 | patience:  14 | lr: 0.1 | Epoch time: 0.1 |

2024-09-09 04:09:34,451 - INFO -
| Epoch:    960 | Train loss: 5.5644e-01 | Valid loss: 5.8030e-01 | Train acc: 0.8186 ± 0.0000 | Valid acc: 0.7874 ± 0.0000 | Valid Power: 0.0025 | Train Power: 0.0026 | patience:  24 | lr: 0.1 | Epoch time: 0.1 |

2024-09-09 04:09:35,639 - INFO -
| Epoch:    970 | Train loss: 5.5635e-01 | Valid loss: 5.8024e-01 | Train acc: 0.8186 ± 0.0000 | Valid acc: 0.7874 ± 0.0000 | Valid Power: 0.0025 | Train Power: 0.0026 | patience:  34 | lr: 0.1 | Epoch time: 0.1 |

2024-09-09 04:09:36,817 - INFO -
| Epoch:    980 | Train loss: 5.5626e-01 | Valid loss: 5.8024e-01 | Train acc: 0.8186 ± 0.0000 | Valid acc: 0.7874 ± 0.0000 | Valid Power: 0.0025 | Train Power: 0.0025 | patience:  44 | lr: 0.1 | Epoch time: 0.1 |

2024-09-09 04:09:37,978 - INFO -
| Epoch:    990 | Train loss: 5.5618e-01 | Valid loss: 5.8021e-01 | Train acc: 0.8186 ± 0.0000 | Valid acc: 0.7874 ± 0.0000 | Valid Power: 0.0024 | Train Power: 0.0025 | patience:  54 | lr: 0.1 | Epoch time: 0.1 |

2024-09-09 04:09:39,142 - INFO -
| Epoch:   1000 | Train loss: 5.5609e-01 | Valid loss: 5.8012e-01 | Train acc: 0.8186 ± 0.0000 | Valid acc: 0.7874 ± 0.0000 | Valid Power: 0.0025 | Train Power: 0.0025 | patience:  64 | lr: 0.1 | Epoch time: 0.1 |

2024-09-09 04:09:40,310 - INFO -
| Epoch:   1010 | Train loss: 5.5601e-01 | Valid loss: 5.8001e-01 | Train acc: 0.8186 ± 0.0000 | Valid acc: 0.7874 ± 0.0000 | Valid Power: 0.0025 | Train Power: 0.0025 | patience:   0 | lr: 0.1 | Epoch time: 0.1 |

2024-09-09 04:09:41,502 - INFO -
| Epoch:   1020 | Train loss: 5.5592e-01 | Valid loss: 5.7989e-01 | Train acc: 0.8186 ± 0.0000 | Valid acc: 0.7874 ± 0.0000 | Valid Power: 0.0025 | Train Power: 0.0026 | patience:   0 | lr: 0.1 | Epoch time: 0.1 |

2024-09-09 04:09:42,688 - INFO -
| Epoch:   1030 | Train loss: 5.5583e-01 | Valid loss: 5.7976e-01 | Train acc: 0.8186 ± 0.0000 | Valid acc: 0.7874 ± 0.0000 | Valid Power: 0.0025 | Train Power: 0.0026 | patience:   0 | lr: 0.1 | Epoch time: 0.1 |

2024-09-09 04:09:43,890 - INFO -
| Epoch:   1040 | Train loss: 5.5573e-01 | Valid loss: 5.7962e-01 | Train acc: 0.8186 ± 0.0000 | Valid acc: 0.7874 ± 0.0000 | Valid Power: 0.0026 | Train Power: 0.0026 | patience:   0 | lr: 0.1 | Epoch time: 0.1 |

2024-09-09 04:09:45,080 - INFO -
| Epoch:   1050 | Train loss: 5.5564e-01 | Valid loss: 5.7948e-01 | Train acc: 0.8186 ± 0.0000 | Valid acc: 0.7874 ± 0.0000 | Valid Power: 0.0026 | Train Power: 0.0027 | patience:   0 | lr: 0.1 | Epoch time: 0.1 |

2024-09-09 04:09:46,213 - INFO -
| Epoch:   1060 | Train loss: 5.5554e-01 | Valid loss: 5.7934e-01 | Train acc: 0.8186 ± 0.0000 | Valid acc: 0.7874 ± 0.0000 | Valid Power: 0.0026 | Train Power: 0.0027 | patience:   0 | lr: 0.1 | Epoch time: 0.1 |

2024-09-09 04:09:47,339 - INFO -
| Epoch:   1070 | Train loss: 5.5544e-01 | Valid loss: 5.7920e-01 | Train acc: 0.8186 ± 0.0000 | Valid acc: 0.7874 ± 0.0000 | Valid Power: 0.0027 | Train Power: 0.0028 | patience:   0 | lr: 0.1 | Epoch time: 0.1 |

2024-09-09 04:09:48,436 - INFO -
| Epoch:   1080 | Train loss: 5.5537e-01 | Valid loss: 5.7921e-01 | Train acc: 0.8186 ± 0.0000 | Valid acc: 0.7874 ± 0.0000 | Valid Power: 0.0027 | Train Power: 0.0028 | patience:   6 | lr: 0.1 | Epoch time: 0.1 |

2024-09-09 04:09:49,534 - INFO -
| Epoch:   1090 | Train loss: 5.5529e-01 | Valid loss: 5.7922e-01 | Train acc: 0.8186 ± 0.0000 | Valid acc: 0.7874 ± 0.0000 | Valid Power: 0.0028 | Train Power: 0.0029 | patience:   3 | lr: 0.1 | Epoch time: 0.1 |

2024-09-09 04:09:50,626 - INFO -
| Epoch:   1100 | Train loss: 5.5521e-01 | Valid loss: 5.7902e-01 | Train acc: 0.8186 ± 0.0000 | Valid acc: 0.7874 ± 0.0000 | Valid Power: 0.0029 | Train Power: 0.0030 | patience:   0 | lr: 0.1 | Epoch time: 0.1 |

2024-09-09 04:09:51,714 - INFO -
| Epoch:   1110 | Train loss: 5.5513e-01 | Valid loss: 5.7901e-01 | Train acc: 0.8186 ± 0.0000 | Valid acc: 0.7874 ± 0.0000 | Valid Power: 0.0032 | Train Power: 0.0032 | patience:   1 | lr: 0.1 | Epoch time: 0.1 |

2024-09-09 04:09:52,808 - INFO -
| Epoch:   1120 | Train loss: 5.5506e-01 | Valid loss: 5.7895e-01 | Train acc: 0.8186 ± 0.0000 | Valid acc: 0.7874 ± 0.0000 | Valid Power: 0.0031 | Train Power: 0.0032 | patience:   3 | lr: 0.1 | Epoch time: 0.1 |

2024-09-09 04:09:54,015 - INFO -
| Epoch:   1130 | Train loss: 5.5498e-01 | Valid loss: 5.7884e-01 | Train acc: 0.8186 ± 0.0000 | Valid acc: 0.7874 ± 0.0000 | Valid Power: 0.0031 | Train Power: 0.0032 | patience:   0 | lr: 0.1 | Epoch time: 0.1 |

2024-09-09 04:09:55,135 - INFO -
| Epoch:   1140 | Train loss: 5.5490e-01 | Valid loss: 5.7876e-01 | Train acc: 0.8186 ± 0.0000 | Valid acc: 0.7874 ± 0.0000 | Valid Power: 0.0032 | Train Power: 0.0033 | patience:   0 | lr: 0.1 | Epoch time: 0.1 |

2024-09-09 04:09:56,227 - INFO -
| Epoch:   1150 | Train loss: 5.5481e-01 | Valid loss: 5.7866e-01 | Train acc: 0.8186 ± 0.0000 | Valid acc: 0.7874 ± 0.0000 | Valid Power: 0.0033 | Train Power: 0.0034 | patience:   0 | lr: 0.1 | Epoch time: 0.1 |

2024-09-09 04:09:57,316 - INFO -
| Epoch:   1160 | Train loss: 5.5473e-01 | Valid loss: 5.7857e-01 | Train acc: 0.8186 ± 0.0000 | Valid acc: 0.7874 ± 0.0000 | Valid Power: 0.0034 | Train Power: 0.0034 | patience:   0 | lr: 0.1 | Epoch time: 0.1 |

2024-09-09 04:09:58,408 - INFO -
| Epoch:   1170 | Train loss: 5.5464e-01 | Valid loss: 5.7847e-01 | Train acc: 0.8186 ± 0.0000 | Valid acc: 0.7874 ± 0.0000 | Valid Power: 0.0035 | Train Power: 0.0035 | patience:   0 | lr: 0.1 | Epoch time: 0.1 |

2024-09-09 04:09:59,494 - INFO -
| Epoch:   1180 | Train loss: 5.5455e-01 | Valid loss: 5.7838e-01 | Train acc: 0.8186 ± 0.0000 | Valid acc: 0.7874 ± 0.0000 | Valid Power: 0.0036 | Train Power: 0.0036 | patience:   0 | lr: 0.1 | Epoch time: 0.1 |

2024-09-09 04:10:00,582 - INFO -
| Epoch:   1190 | Train loss: 5.5446e-01 | Valid loss: 5.7828e-01 | Train acc: 0.8186 ± 0.0000 | Valid acc: 0.7874 ± 0.0000 | Valid Power: 0.0037 | Train Power: 0.0037 | patience:   0 | lr: 0.1 | Epoch time: 0.1 |

2024-09-09 04:10:01,676 - INFO -
| Epoch:   1200 | Train loss: 5.5437e-01 | Valid loss: 5.7818e-01 | Train acc: 0.8186 ± 0.0000 | Valid acc: 0.7874 ± 0.0000 | Valid Power: 0.0038 | Train Power: 0.0038 | patience:   0 | lr: 0.1 | Epoch time: 0.1 |

2024-09-09 04:10:02,765 - INFO -
| Epoch:   1210 | Train loss: 5.5428e-01 | Valid loss: 5.7808e-01 | Train acc: 0.8186 ± 0.0000 | Valid acc: 0.7874 ± 0.0000 | Valid Power: 0.0038 | Train Power: 0.0039 | patience:   0 | lr: 0.1 | Epoch time: 0.1 |

2024-09-09 04:10:03,854 - INFO -
| Epoch:   1220 | Train loss: 5.5418e-01 | Valid loss: 5.7798e-01 | Train acc: 0.8186 ± 0.0000 | Valid acc: 0.7874 ± 0.0000 | Valid Power: 0.0039 | Train Power: 0.0040 | patience:   0 | lr: 0.1 | Epoch time: 0.1 |

2024-09-09 04:10:04,942 - INFO -
| Epoch:   1230 | Train loss: 5.5409e-01 | Valid loss: 5.7787e-01 | Train acc: 0.8186 ± 0.0000 | Valid acc: 0.7874 ± 0.0000 | Valid Power: 0.0040 | Train Power: 0.0041 | patience:   0 | lr: 0.1 | Epoch time: 0.1 |

2024-09-09 04:10:06,034 - INFO -
| Epoch:   1240 | Train loss: 5.5399e-01 | Valid loss: 5.7777e-01 | Train acc: 0.8186 ± 0.0000 | Valid acc: 0.7874 ± 0.0000 | Valid Power: 0.0041 | Train Power: 0.0042 | patience:   0 | lr: 0.1 | Epoch time: 0.1 |

2024-09-09 04:10:07,122 - INFO -
| Epoch:   1250 | Train loss: 5.5388e-01 | Valid loss: 5.7766e-01 | Train acc: 0.8186 ± 0.0000 | Valid acc: 0.7874 ± 0.0000 | Valid Power: 0.0042 | Train Power: 0.0043 | patience:   0 | lr: 0.1 | Epoch time: 0.1 |

2024-09-09 04:10:08,203 - INFO -
| Epoch:   1260 | Train loss: 5.5378e-01 | Valid loss: 5.7756e-01 | Train acc: 0.8186 ± 0.0000 | Valid acc: 0.7874 ± 0.0000 | Valid Power: 0.0043 | Train Power: 0.0044 | patience:   0 | lr: 0.1 | Epoch time: 0.1 |

2024-09-09 04:10:09,280 - INFO -
| Epoch:   1270 | Train loss: 5.5367e-01 | Valid loss: 5.7744e-01 | Train acc: 0.8186 ± 0.0000 | Valid acc: 0.7874 ± 0.0000 | Valid Power: 0.0045 | Train Power: 0.0045 | patience:   0 | lr: 0.1 | Epoch time: 0.1 |

2024-09-09 04:10:10,355 - INFO -
| Epoch:   1280 | Train loss: 5.5356e-01 | Valid loss: 5.7732e-01 | Train acc: 0.8186 ± 0.0000 | Valid acc: 0.7874 ± 0.0000 | Valid Power: 0.0046 | Train Power: 0.0046 | patience:   0 | lr: 0.1 | Epoch time: 0.1 |

2024-09-09 04:10:11,431 - INFO -
| Epoch:   1290 | Train loss: 5.5345e-01 | Valid loss: 5.7719e-01 | Train acc: 0.8186 ± 0.0000 | Valid acc: 0.7874 ± 0.0000 | Valid Power: 0.0047 | Train Power: 0.0047 | patience:   0 | lr: 0.1 | Epoch time: 0.1 |

2024-09-09 04:10:12,508 - INFO -
| Epoch:   1300 | Train loss: 5.5333e-01 | Valid loss: 5.7706e-01 | Train acc: 0.8186 ± 0.0000 | Valid acc: 0.7874 ± 0.0000 | Valid Power: 0.0048 | Train Power: 0.0048 | patience:   0 | lr: 0.1 | Epoch time: 0.1 |

2024-09-09 04:10:13,652 - INFO -
| Epoch:   1310 | Train loss: 5.5328e-01 | Valid loss: 5.7640e-01 | Train acc: 0.8186 ± 0.0000 | Valid acc: 0.7874 ± 0.0000 | Valid Power: 0.0049 | Train Power: 0.0049 | patience:   0 | lr: 0.1 | Epoch time: 0.1 |

2024-09-09 04:10:14,700 - INFO -
| Epoch:   1320 | Train loss: 5.5327e-01 | Valid loss: 5.7647e-01 | Train acc: 0.8186 ± 0.0000 | Valid acc: 0.7874 ± 0.0000 | Valid Power: 0.0050 | Train Power: 0.0050 | patience:  10 | lr: 0.1 | Epoch time: 0.1 |

2024-09-09 04:10:15,750 - INFO -
| Epoch:   1330 | Train loss: 5.5326e-01 | Valid loss: 5.7641e-01 | Train acc: 0.8186 ± 0.0000 | Valid acc: 0.7874 ± 0.0000 | Valid Power: 0.0050 | Train Power: 0.0051 | patience:   8 | lr: 0.1 | Epoch time: 0.1 |

2024-09-09 04:10:16,790 - INFO -
| Epoch:   1340 | Train loss: 5.5325e-01 | Valid loss: 5.7642e-01 | Train acc: 0.8186 ± 0.0000 | Valid acc: 0.7874 ± 0.0000 | Valid Power: 0.0050 | Train Power: 0.0051 | patience:  18 | lr: 0.1 | Epoch time: 0.1 |

2024-09-09 04:10:17,829 - INFO -
| Epoch:   1350 | Train loss: 5.5325e-01 | Valid loss: 5.7645e-01 | Train acc: 0.8186 ± 0.0000 | Valid acc: 0.7874 ± 0.0000 | Valid Power: 0.0050 | Train Power: 0.0051 | patience:  28 | lr: 0.1 | Epoch time: 0.1 |

2024-09-09 04:10:18,870 - INFO -
| Epoch:   1360 | Train loss: 5.5325e-01 | Valid loss: 5.7647e-01 | Train acc: 0.8186 ± 0.0000 | Valid acc: 0.7874 ± 0.0000 | Valid Power: 0.0050 | Train Power: 0.0051 | patience:  38 | lr: 0.1 | Epoch time: 0.1 |

2024-09-09 04:10:19,918 - INFO -
| Epoch:   1370 | Train loss: 5.5325e-01 | Valid loss: 5.7645e-01 | Train acc: 0.8186 ± 0.0000 | Valid acc: 0.7874 ± 0.0000 | Valid Power: 0.0050 | Train Power: 0.0050 | patience:  48 | lr: 0.1 | Epoch time: 0.1 |

2024-09-09 04:10:20,960 - INFO -
| Epoch:   1380 | Train loss: 5.5325e-01 | Valid loss: 5.7647e-01 | Train acc: 0.8186 ± 0.0000 | Valid acc: 0.7874 ± 0.0000 | Valid Power: 0.0050 | Train Power: 0.0050 | patience:  58 | lr: 0.1 | Epoch time: 0.1 |

2024-09-09 04:10:22,002 - INFO -
| Epoch:   1390 | Train loss: 5.5325e-01 | Valid loss: 5.7648e-01 | Train acc: 0.8186 ± 0.0000 | Valid acc: 0.7874 ± 0.0000 | Valid Power: 0.0050 | Train Power: 0.0050 | patience:  68 | lr: 0.1 | Epoch time: 0.1 |

2024-09-09 04:10:23,051 - INFO -
| Epoch:   1400 | Train loss: 5.5325e-01 | Valid loss: 5.7647e-01 | Train acc: 0.8186 ± 0.0000 | Valid acc: 0.7874 ± 0.0000 | Valid Power: 0.0050 | Train Power: 0.0050 | patience:  78 | lr: 0.1 | Epoch time: 0.1 |

2024-09-09 04:10:24,091 - INFO -
| Epoch:   1410 | Train loss: 5.5325e-01 | Valid loss: 5.7647e-01 | Train acc: 0.8186 ± 0.0000 | Valid acc: 0.7874 ± 0.0000 | Valid Power: 0.0050 | Train Power: 0.0050 | patience:  88 | lr: 0.1 | Epoch time: 0.1 |

2024-09-09 04:10:25,131 - INFO -
| Epoch:   1420 | Train loss: 5.5325e-01 | Valid loss: 5.7647e-01 | Train acc: 0.8186 ± 0.0000 | Valid acc: 0.7874 ± 0.0000 | Valid Power: 0.0050 | Train Power: 0.0050 | patience:  98 | lr: 0.1 | Epoch time: 0.1 |

2024-09-09 04:10:25,447 - INFO -
load best network to warm start training with lower lr.

2024-09-09 04:10:25,447 - INFO -
lr update to 0.05.

2024-09-09 04:10:26,179 - INFO -
| Epoch:   1430 | Train loss: 5.5341e-01 | Valid loss: 5.7620e-01 | Train acc: 0.8186 ± 0.0000 | Valid acc: 0.7874 ± 0.0000 | Valid Power: 0.0051 | Train Power: 0.0051 | patience:   1 | lr: 0.05 | Epoch time: 0.1 |

2024-09-09 04:10:27,223 - INFO -
| Epoch:   1440 | Train loss: 5.5340e-01 | Valid loss: 5.7679e-01 | Train acc: 0.8186 ± 0.0000 | Valid acc: 0.7874 ± 0.0000 | Valid Power: 0.0050 | Train Power: 0.0050 | patience:  11 | lr: 0.05 | Epoch time: 0.1 |

2024-09-09 04:10:28,264 - INFO -
| Epoch:   1450 | Train loss: 5.5333e-01 | Valid loss: 5.7677e-01 | Train acc: 0.8186 ± 0.0000 | Valid acc: 0.7874 ± 0.0000 | Valid Power: 0.0049 | Train Power: 0.0049 | patience:  21 | lr: 0.05 | Epoch time: 0.1 |

2024-09-09 04:10:29,380 - INFO -
| Epoch:   1460 | Train loss: 5.5328e-01 | Valid loss: 5.7623e-01 | Train acc: 0.8186 ± 0.0000 | Valid acc: 0.7874 ± 0.0000 | Valid Power: 0.0050 | Train Power: 0.0050 | patience:  31 | lr: 0.05 | Epoch time: 0.1 |

2024-09-09 04:10:30,417 - INFO -
| Epoch:   1470 | Train loss: 5.5325e-01 | Valid loss: 5.7654e-01 | Train acc: 0.8186 ± 0.0000 | Valid acc: 0.7874 ± 0.0000 | Valid Power: 0.0050 | Train Power: 0.0050 | patience:  41 | lr: 0.05 | Epoch time: 0.1 |

2024-09-09 04:10:31,459 - INFO -
| Epoch:   1480 | Train loss: 5.5324e-01 | Valid loss: 5.7665e-01 | Train acc: 0.8186 ± 0.0000 | Valid acc: 0.7874 ± 0.0000 | Valid Power: 0.0049 | Train Power: 0.0050 | patience:  51 | lr: 0.05 | Epoch time: 0.1 |

2024-09-09 04:10:32,495 - INFO -
| Epoch:   1490 | Train loss: 5.5324e-01 | Valid loss: 5.7653e-01 | Train acc: 0.8186 ± 0.0000 | Valid acc: 0.7874 ± 0.0000 | Valid Power: 0.0050 | Train Power: 0.0050 | patience:  61 | lr: 0.05 | Epoch time: 0.1 |

2024-09-09 04:10:33,530 - INFO -
| Epoch:   1500 | Train loss: 5.5324e-01 | Valid loss: 5.7647e-01 | Train acc: 0.8186 ± 0.0000 | Valid acc: 0.7874 ± 0.0000 | Valid Power: 0.0050 | Train Power: 0.0050 | patience:  71 | lr: 0.05 | Epoch time: 0.1 |

2024-09-09 04:10:34,565 - INFO -
| Epoch:   1510 | Train loss: 5.5324e-01 | Valid loss: 5.7645e-01 | Train acc: 0.8186 ± 0.0000 | Valid acc: 0.7874 ± 0.0000 | Valid Power: 0.0050 | Train Power: 0.0050 | patience:  81 | lr: 0.05 | Epoch time: 0.1 |

2024-09-09 04:10:35,601 - INFO -
| Epoch:   1520 | Train loss: 5.5324e-01 | Valid loss: 5.7646e-01 | Train acc: 0.8186 ± 0.0000 | Valid acc: 0.7874 ± 0.0000 | Valid Power: 0.0050 | Train Power: 0.0050 | patience:  91 | lr: 0.05 | Epoch time: 0.1 |

2024-09-09 04:10:36,640 - INFO -
load best network to warm start training with lower lr.

2024-09-09 04:10:36,640 - INFO -
lr update to 0.025.

2024-09-09 04:10:36,640 - INFO -
| Epoch:   1530 | Train loss: 5.5324e-01 | Valid loss: 5.7647e-01 | Train acc: 0.8186 ± 0.0000 | Valid acc: 0.7874 ± 0.0000 | Valid Power: 0.0050 | Train Power: 0.0050 | patience:   0 | lr: 0.025 | Epoch time: 0.1 |

2024-09-09 04:10:37,676 - INFO -
| Epoch:   1540 | Train loss: 5.5333e-01 | Valid loss: 5.7680e-01 | Train acc: 0.8186 ± 0.0000 | Valid acc: 0.7874 ± 0.0000 | Valid Power: 0.0050 | Train Power: 0.0050 | patience:  10 | lr: 0.025 | Epoch time: 0.1 |

2024-09-09 04:10:38,777 - INFO -
| Epoch:   1550 | Train loss: 5.5327e-01 | Valid loss: 5.7648e-01 | Train acc: 0.8186 ± 0.0000 | Valid acc: 0.7874 ± 0.0000 | Valid Power: 0.0050 | Train Power: 0.0050 | patience:  20 | lr: 0.025 | Epoch time: 0.1 |

2024-09-09 04:10:39,812 - INFO -
| Epoch:   1560 | Train loss: 5.5325e-01 | Valid loss: 5.7637e-01 | Train acc: 0.8186 ± 0.0000 | Valid acc: 0.7874 ± 0.0000 | Valid Power: 0.0050 | Train Power: 0.0050 | patience:  30 | lr: 0.025 | Epoch time: 0.1 |

2024-09-09 04:10:40,846 - INFO -
| Epoch:   1570 | Train loss: 5.5324e-01 | Valid loss: 5.7648e-01 | Train acc: 0.8186 ± 0.0000 | Valid acc: 0.7874 ± 0.0000 | Valid Power: 0.0050 | Train Power: 0.0050 | patience:  40 | lr: 0.025 | Epoch time: 0.1 |

2024-09-09 04:10:41,880 - INFO -
| Epoch:   1580 | Train loss: 5.5324e-01 | Valid loss: 5.7646e-01 | Train acc: 0.8186 ± 0.0000 | Valid acc: 0.7874 ± 0.0000 | Valid Power: 0.0050 | Train Power: 0.0050 | patience:  50 | lr: 0.025 | Epoch time: 0.1 |

2024-09-09 04:10:42,921 - INFO -
| Epoch:   1590 | Train loss: 5.5324e-01 | Valid loss: 5.7647e-01 | Train acc: 0.8186 ± 0.0000 | Valid acc: 0.7874 ± 0.0000 | Valid Power: 0.0050 | Train Power: 0.0050 | patience:  60 | lr: 0.025 | Epoch time: 0.1 |

2024-09-09 04:10:43,875 - INFO -
| Epoch:   1600 | Train loss: 5.5324e-01 | Valid loss: 5.7649e-01 | Train acc: 0.8186 ± 0.0000 | Valid acc: 0.7874 ± 0.0000 | Valid Power: 0.0050 | Train Power: 0.0050 | patience:  70 | lr: 0.025 | Epoch time: 0.1 |

2024-09-09 04:10:44,795 - INFO -
| Epoch:   1610 | Train loss: 5.5324e-01 | Valid loss: 5.7645e-01 | Train acc: 0.8186 ± 0.0000 | Valid acc: 0.7874 ± 0.0000 | Valid Power: 0.0050 | Train Power: 0.0050 | patience:  80 | lr: 0.025 | Epoch time: 0.1 |

2024-09-09 04:10:45,715 - INFO -
| Epoch:   1620 | Train loss: 5.5324e-01 | Valid loss: 5.7645e-01 | Train acc: 0.8186 ± 0.0000 | Valid acc: 0.7874 ± 0.0000 | Valid Power: 0.0050 | Train Power: 0.0050 | patience:  90 | lr: 0.025 | Epoch time: 0.1 |

2024-09-09 04:10:46,627 - INFO -
| Epoch:   1630 | Train loss: 5.5324e-01 | Valid loss: 5.7647e-01 | Train acc: 0.8186 ± 0.0000 | Valid acc: 0.7874 ± 0.0000 | Valid Power: 0.0049 | Train Power: 0.0050 | patience: 100 | lr: 0.025 | Epoch time: 0.1 |

2024-09-09 04:10:46,720 - INFO -
load best network to warm start training with lower lr.

2024-09-09 04:10:46,721 - INFO -
lr update to 0.0125.

2024-09-09 04:10:47,540 - INFO -
| Epoch:   1640 | Train loss: 5.5330e-01 | Valid loss: 5.7648e-01 | Train acc: 0.8186 ± 0.0000 | Valid acc: 0.7874 ± 0.0000 | Valid Power: 0.0050 | Train Power: 0.0050 | patience:   9 | lr: 0.0125 | Epoch time: 0.1 |

2024-09-09 04:10:48,449 - INFO -
| Epoch:   1650 | Train loss: 5.5326e-01 | Valid loss: 5.7662e-01 | Train acc: 0.8186 ± 0.0000 | Valid acc: 0.7874 ± 0.0000 | Valid Power: 0.0050 | Train Power: 0.0050 | patience:  19 | lr: 0.0125 | Epoch time: 0.1 |

2024-09-09 04:10:49,372 - INFO -
| Epoch:   1660 | Train loss: 5.5324e-01 | Valid loss: 5.7658e-01 | Train acc: 0.8186 ± 0.0000 | Valid acc: 0.7874 ± 0.0000 | Valid Power: 0.0050 | Train Power: 0.0050 | patience:  29 | lr: 0.0125 | Epoch time: 0.1 |

2024-09-09 04:10:50,287 - INFO -
| Epoch:   1670 | Train loss: 5.5324e-01 | Valid loss: 5.7642e-01 | Train acc: 0.8186 ± 0.0000 | Valid acc: 0.7874 ± 0.0000 | Valid Power: 0.0050 | Train Power: 0.0050 | patience:  39 | lr: 0.0125 | Epoch time: 0.1 |

2024-09-09 04:10:51,200 - INFO -
| Epoch:   1680 | Train loss: 5.5324e-01 | Valid loss: 5.7651e-01 | Train acc: 0.8186 ± 0.0000 | Valid acc: 0.7874 ± 0.0000 | Valid Power: 0.0050 | Train Power: 0.0050 | patience:  49 | lr: 0.0125 | Epoch time: 0.1 |

2024-09-09 04:10:52,115 - INFO -
| Epoch:   1690 | Train loss: 5.5324e-01 | Valid loss: 5.7649e-01 | Train acc: 0.8186 ± 0.0000 | Valid acc: 0.7874 ± 0.0000 | Valid Power: 0.0050 | Train Power: 0.0050 | patience:  59 | lr: 0.0125 | Epoch time: 0.1 |

2024-09-09 04:10:53,032 - INFO -
| Epoch:   1700 | Train loss: 5.5324e-01 | Valid loss: 5.7646e-01 | Train acc: 0.8186 ± 0.0000 | Valid acc: 0.7874 ± 0.0000 | Valid Power: 0.0050 | Train Power: 0.0050 | patience:  69 | lr: 0.0125 | Epoch time: 0.1 |

2024-09-09 04:10:53,943 - INFO -
| Epoch:   1710 | Train loss: 5.5324e-01 | Valid loss: 5.7646e-01 | Train acc: 0.8186 ± 0.0000 | Valid acc: 0.7874 ± 0.0000 | Valid Power: 0.0050 | Train Power: 0.0050 | patience:  79 | lr: 0.0125 | Epoch time: 0.1 |

2024-09-09 04:10:54,858 - INFO -
| Epoch:   1720 | Train loss: 5.5324e-01 | Valid loss: 5.7646e-01 | Train acc: 0.8186 ± 0.0000 | Valid acc: 0.7874 ± 0.0000 | Valid Power: 0.0050 | Train Power: 0.0050 | patience:  89 | lr: 0.0125 | Epoch time: 0.1 |

2024-09-09 04:10:55,855 - INFO -
| Epoch:   1730 | Train loss: 5.5324e-01 | Valid loss: 5.7646e-01 | Train acc: 0.8186 ± 0.0000 | Valid acc: 0.7874 ± 0.0000 | Valid Power: 0.0050 | Train Power: 0.0050 | patience:  99 | lr: 0.0125 | Epoch time: 0.1 |

2024-09-09 04:10:56,040 - INFO -
load best network to warm start training with lower lr.

2024-09-09 04:10:56,040 - INFO -
lr update to 0.00625.

2024-09-09 04:10:56,776 - INFO -
| Epoch:   1740 | Train loss: 5.5332e-01 | Valid loss: 5.7620e-01 | Train acc: 0.8186 ± 0.0000 | Valid acc: 0.7874 ± 0.0000 | Valid Power: 0.0050 | Train Power: 0.0051 | patience:   7 | lr: 0.00625 | Epoch time: 0.1 |

2024-09-09 04:10:57,688 - INFO -
| Epoch:   1750 | Train loss: 5.5329e-01 | Valid loss: 5.7656e-01 | Train acc: 0.8186 ± 0.0000 | Valid acc: 0.7874 ± 0.0000 | Valid Power: 0.0050 | Train Power: 0.0050 | patience:  17 | lr: 0.00625 | Epoch time: 0.1 |

2024-09-09 04:10:58,602 - INFO -
| Epoch:   1760 | Train loss: 5.5324e-01 | Valid loss: 5.7666e-01 | Train acc: 0.8186 ± 0.0000 | Valid acc: 0.7874 ± 0.0000 | Valid Power: 0.0050 | Train Power: 0.0050 | patience:  27 | lr: 0.00625 | Epoch time: 0.1 |

2024-09-09 04:10:59,518 - INFO -
| Epoch:   1770 | Train loss: 5.5326e-01 | Valid loss: 5.7647e-01 | Train acc: 0.8186 ± 0.0000 | Valid acc: 0.7874 ± 0.0000 | Valid Power: 0.0050 | Train Power: 0.0050 | patience:  37 | lr: 0.00625 | Epoch time: 0.1 |

2024-09-09 04:11:00,429 - INFO -
| Epoch:   1780 | Train loss: 5.5324e-01 | Valid loss: 5.7646e-01 | Train acc: 0.8186 ± 0.0000 | Valid acc: 0.7874 ± 0.0000 | Valid Power: 0.0050 | Train Power: 0.0050 | patience:  47 | lr: 0.00625 | Epoch time: 0.1 |

2024-09-09 04:11:01,368 - INFO -
| Epoch:   1790 | Train loss: 5.5324e-01 | Valid loss: 5.7646e-01 | Train acc: 0.8186 ± 0.0000 | Valid acc: 0.7874 ± 0.0000 | Valid Power: 0.0050 | Train Power: 0.0050 | patience:  57 | lr: 0.00625 | Epoch time: 0.1 |

2024-09-09 04:11:02,278 - INFO -
| Epoch:   1800 | Train loss: 5.5324e-01 | Valid loss: 5.7650e-01 | Train acc: 0.8186 ± 0.0000 | Valid acc: 0.7874 ± 0.0000 | Valid Power: 0.0050 | Train Power: 0.0050 | patience:  67 | lr: 0.00625 | Epoch time: 0.1 |

2024-09-09 04:11:03,191 - INFO -
| Epoch:   1810 | Train loss: 5.5324e-01 | Valid loss: 5.7648e-01 | Train acc: 0.8186 ± 0.0000 | Valid acc: 0.7874 ± 0.0000 | Valid Power: 0.0050 | Train Power: 0.0050 | patience:  77 | lr: 0.00625 | Epoch time: 0.1 |

2024-09-09 04:11:04,103 - INFO -
| Epoch:   1820 | Train loss: 5.5324e-01 | Valid loss: 5.7647e-01 | Train acc: 0.8186 ± 0.0000 | Valid acc: 0.7874 ± 0.0000 | Valid Power: 0.0050 | Train Power: 0.0050 | patience:  87 | lr: 0.00625 | Epoch time: 0.1 |

2024-09-09 04:11:05,013 - INFO -
| Epoch:   1830 | Train loss: 5.5324e-01 | Valid loss: 5.7646e-01 | Train acc: 0.8186 ± 0.0000 | Valid acc: 0.7874 ± 0.0000 | Valid Power: 0.0050 | Train Power: 0.0050 | patience:  97 | lr: 0.00625 | Epoch time: 0.1 |

2024-09-09 04:11:05,380 - INFO -
load best network to warm start training with lower lr.

2024-09-09 04:11:05,380 - INFO -
lr update to 0.003125.

2024-09-09 04:11:05,926 - INFO -
| Epoch:   1840 | Train loss: 5.5333e-01 | Valid loss: 5.7616e-01 | Train acc: 0.8186 ± 0.0000 | Valid acc: 0.7874 ± 0.0000 | Valid Power: 0.0050 | Train Power: 0.0051 | patience:   6 | lr: 0.003125 | Epoch time: 0.1 |

2024-09-09 04:11:06,837 - INFO -
| Epoch:   1850 | Train loss: 5.5330e-01 | Valid loss: 5.7636e-01 | Train acc: 0.8186 ± 0.0000 | Valid acc: 0.7874 ± 0.0000 | Valid Power: 0.0050 | Train Power: 0.0050 | patience:  16 | lr: 0.003125 | Epoch time: 0.1 |

2024-09-09 04:11:07,747 - INFO -
| Epoch:   1860 | Train loss: 5.5328e-01 | Valid loss: 5.7648e-01 | Train acc: 0.8186 ± 0.0000 | Valid acc: 0.7874 ± 0.0000 | Valid Power: 0.0050 | Train Power: 0.0050 | patience:  26 | lr: 0.003125 | Epoch time: 0.1 |

2024-09-09 04:11:08,722 - INFO -
| Epoch:   1870 | Train loss: 5.5326e-01 | Valid loss: 5.7652e-01 | Train acc: 0.8186 ± 0.0000 | Valid acc: 0.7874 ± 0.0000 | Valid Power: 0.0050 | Train Power: 0.0050 | patience:  36 | lr: 0.003125 | Epoch time: 0.1 |

2024-09-09 04:11:09,647 - INFO -
| Epoch:   1880 | Train loss: 5.5324e-01 | Valid loss: 5.7647e-01 | Train acc: 0.8186 ± 0.0000 | Valid acc: 0.7874 ± 0.0000 | Valid Power: 0.0050 | Train Power: 0.0050 | patience:  46 | lr: 0.003125 | Epoch time: 0.1 |

2024-09-09 04:11:10,545 - INFO -
| Epoch:   1890 | Train loss: 5.5324e-01 | Valid loss: 5.7653e-01 | Train acc: 0.8186 ± 0.0000 | Valid acc: 0.7874 ± 0.0000 | Valid Power: 0.0050 | Train Power: 0.0050 | patience:  56 | lr: 0.003125 | Epoch time: 0.1 |

2024-09-09 04:11:11,453 - INFO -
| Epoch:   1900 | Train loss: 5.5324e-01 | Valid loss: 5.7645e-01 | Train acc: 0.8186 ± 0.0000 | Valid acc: 0.7874 ± 0.0000 | Valid Power: 0.0050 | Train Power: 0.0050 | patience:  66 | lr: 0.003125 | Epoch time: 0.1 |

2024-09-09 04:11:12,356 - INFO -
| Epoch:   1910 | Train loss: 5.5324e-01 | Valid loss: 5.7650e-01 | Train acc: 0.8186 ± 0.0000 | Valid acc: 0.7874 ± 0.0000 | Valid Power: 0.0050 | Train Power: 0.0050 | patience:  76 | lr: 0.003125 | Epoch time: 0.1 |

2024-09-09 04:11:13,251 - INFO -
| Epoch:   1920 | Train loss: 5.5324e-01 | Valid loss: 5.7647e-01 | Train acc: 0.8186 ± 0.0000 | Valid acc: 0.7874 ± 0.0000 | Valid Power: 0.0055 | Train Power: 0.0166 | patience:  86 | lr: 0.003125 | Epoch time: 0.1 |

2024-09-09 04:11:14,143 - INFO -
| Epoch:   1930 | Train loss: 5.5324e-01 | Valid loss: 5.7647e-01 | Train acc: 0.8186 ± 0.0000 | Valid acc: 0.7874 ± 0.0000 | Valid Power: 0.0050 | Train Power: 0.0050 | patience:  96 | lr: 0.003125 | Epoch time: 0.1 |

2024-09-09 04:11:14,596 - INFO -
load best network to warm start training with lower lr.

2024-09-09 04:11:14,596 - INFO -
lr update to 0.0015625.

2024-09-09 04:11:15,045 - INFO -
| Epoch:   1940 | Train loss: 5.5334e-01 | Valid loss: 5.7614e-01 | Train acc: 0.8186 ± 0.0000 | Valid acc: 0.7874 ± 0.0000 | Valid Power: 0.0051 | Train Power: 0.0051 | patience:   5 | lr: 0.0015625 | Epoch time: 0.1 |

2024-09-09 04:11:15,938 - INFO -
| Epoch:   1950 | Train loss: 5.5332e-01 | Valid loss: 5.7621e-01 | Train acc: 0.8186 ± 0.0000 | Valid acc: 0.7874 ± 0.0000 | Valid Power: 0.0050 | Train Power: 0.0051 | patience:  15 | lr: 0.0015625 | Epoch time: 0.1 |

2024-09-09 04:11:16,895 - INFO -
| Epoch:   1960 | Train loss: 5.5331e-01 | Valid loss: 5.7630e-01 | Train acc: 0.8186 ± 0.0000 | Valid acc: 0.7874 ± 0.0000 | Valid Power: 0.0050 | Train Power: 0.0051 | patience:  25 | lr: 0.0015625 | Epoch time: 0.1 |

2024-09-09 04:11:17,797 - INFO -
| Epoch:   1970 | Train loss: 5.5330e-01 | Valid loss: 5.7638e-01 | Train acc: 0.8186 ± 0.0000 | Valid acc: 0.7874 ± 0.0000 | Valid Power: 0.0050 | Train Power: 0.0050 | patience:  35 | lr: 0.0015625 | Epoch time: 0.1 |

2024-09-09 04:11:18,698 - INFO -
| Epoch:   1980 | Train loss: 5.5329e-01 | Valid loss: 5.7641e-01 | Train acc: 0.8186 ± 0.0000 | Valid acc: 0.7874 ± 0.0000 | Valid Power: 0.0050 | Train Power: 0.0050 | patience:  45 | lr: 0.0015625 | Epoch time: 0.1 |

2024-09-09 04:11:19,610 - INFO -
| Epoch:   1990 | Train loss: 5.5327e-01 | Valid loss: 5.7644e-01 | Train acc: 0.8186 ± 0.0000 | Valid acc: 0.7874 ± 0.0000 | Valid Power: 0.0050 | Train Power: 0.0050 | patience:  55 | lr: 0.0015625 | Epoch time: 0.1 |

2024-09-09 04:11:20,512 - INFO -
| Epoch:   2000 | Train loss: 5.5326e-01 | Valid loss: 5.7647e-01 | Train acc: 0.8186 ± 0.0000 | Valid acc: 0.7874 ± 0.0000 | Valid Power: 0.0050 | Train Power: 0.0050 | patience:  65 | lr: 0.0015625 | Epoch time: 0.1 |

2024-09-09 04:11:21,414 - INFO -
| Epoch:   2010 | Train loss: 5.5325e-01 | Valid loss: 5.7648e-01 | Train acc: 0.8186 ± 0.0000 | Valid acc: 0.7874 ± 0.0000 | Valid Power: 0.0050 | Train Power: 0.0050 | patience:  75 | lr: 0.0015625 | Epoch time: 0.1 |

2024-09-09 04:11:22,320 - INFO -
| Epoch:   2020 | Train loss: 5.5324e-01 | Valid loss: 5.7647e-01 | Train acc: 0.8186 ± 0.0000 | Valid acc: 0.7874 ± 0.0000 | Valid Power: 0.0050 | Train Power: 0.0050 | patience:  85 | lr: 0.0015625 | Epoch time: 0.1 |

2024-09-09 04:11:23,220 - INFO -
| Epoch:   2030 | Train loss: 5.5324e-01 | Valid loss: 5.7649e-01 | Train acc: 0.8186 ± 0.0000 | Valid acc: 0.7874 ± 0.0000 | Valid Power: 0.0050 | Train Power: 0.0050 | patience:  95 | lr: 0.0015625 | Epoch time: 0.1 |

2024-09-09 04:11:23,764 - INFO -
load best network to warm start training with lower lr.

2024-09-09 04:11:23,764 - INFO -
lr update to 0.00078125.

2024-09-09 04:11:24,129 - INFO -
| Epoch:   2040 | Train loss: 5.5334e-01 | Valid loss: 5.7609e-01 | Train acc: 0.8186 ± 0.0000 | Valid acc: 0.7874 ± 0.0000 | Valid Power: 0.0051 | Train Power: 0.0051 | patience:   4 | lr: 0.00078125 | Epoch time: 0.1 |

2024-09-09 04:11:25,028 - INFO -
| Epoch:   2050 | Train loss: 5.5333e-01 | Valid loss: 5.7614e-01 | Train acc: 0.8186 ± 0.0000 | Valid acc: 0.7874 ± 0.0000 | Valid Power: 0.0050 | Train Power: 0.0051 | patience:  14 | lr: 0.00078125 | Epoch time: 0.1 |

2024-09-09 04:11:25,926 - INFO -
| Epoch:   2060 | Train loss: 5.5333e-01 | Valid loss: 5.7619e-01 | Train acc: 0.8186 ± 0.0000 | Valid acc: 0.7874 ± 0.0000 | Valid Power: 0.0050 | Train Power: 0.0051 | patience:  24 | lr: 0.00078125 | Epoch time: 0.1 |

2024-09-09 04:11:26,826 - INFO -
| Epoch:   2070 | Train loss: 5.5332e-01 | Valid loss: 5.7624e-01 | Train acc: 0.8186 ± 0.0000 | Valid acc: 0.7874 ± 0.0000 | Valid Power: 0.0050 | Train Power: 0.0051 | patience:  34 | lr: 0.00078125 | Epoch time: 0.1 |

2024-09-09 04:11:27,731 - INFO -
| Epoch:   2080 | Train loss: 5.5331e-01 | Valid loss: 5.7628e-01 | Train acc: 0.8186 ± 0.0000 | Valid acc: 0.7874 ± 0.0000 | Valid Power: 0.0050 | Train Power: 0.0051 | patience:  44 | lr: 0.00078125 | Epoch time: 0.1 |

2024-09-09 04:11:28,633 - INFO -
| Epoch:   2090 | Train loss: 5.5331e-01 | Valid loss: 5.7631e-01 | Train acc: 0.8186 ± 0.0000 | Valid acc: 0.7874 ± 0.0000 | Valid Power: 0.0050 | Train Power: 0.0051 | patience:  54 | lr: 0.00078125 | Epoch time: 0.1 |

2024-09-09 04:11:29,478 - INFO -
| Epoch:   2100 | Train loss: 5.5330e-01 | Valid loss: 5.7634e-01 | Train acc: 0.8186 ± 0.0000 | Valid acc: 0.7874 ± 0.0000 | Valid Power: 0.0050 | Train Power: 0.0050 | patience:  64 | lr: 0.00078125 | Epoch time: 0.1 |

2024-09-09 04:11:30,324 - INFO -
| Epoch:   2110 | Train loss: 5.5329e-01 | Valid loss: 5.7636e-01 | Train acc: 0.8186 ± 0.0000 | Valid acc: 0.7874 ± 0.0000 | Valid Power: 0.0050 | Train Power: 0.0050 | patience:  74 | lr: 0.00078125 | Epoch time: 0.1 |

2024-09-09 04:11:31,176 - INFO -
| Epoch:   2120 | Train loss: 5.5329e-01 | Valid loss: 5.7638e-01 | Train acc: 0.8186 ± 0.0000 | Valid acc: 0.7874 ± 0.0000 | Valid Power: 0.0050 | Train Power: 0.0050 | patience:  84 | lr: 0.00078125 | Epoch time: 0.1 |

2024-09-09 04:11:32,020 - INFO -
| Epoch:   2130 | Train loss: 5.5328e-01 | Valid loss: 5.7640e-01 | Train acc: 0.8186 ± 0.0000 | Valid acc: 0.7874 ± 0.0000 | Valid Power: 0.0050 | Train Power: 0.0050 | patience:  94 | lr: 0.00078125 | Epoch time: 0.1 |

2024-09-09 04:11:32,693 - INFO -
load best network to warm start training with lower lr.

2024-09-09 04:11:32,694 - INFO -
lr update to 0.000390625.

2024-09-09 04:11:32,947 - INFO -
| Epoch:   2140 | Train loss: 5.5335e-01 | Valid loss: 5.7606e-01 | Train acc: 0.8186 ± 0.0000 | Valid acc: 0.7874 ± 0.0000 | Valid Power: 0.0051 | Train Power: 0.0051 | patience:   3 | lr: 0.000390625 | Epoch time: 0.1 |

2024-09-09 04:11:33,785 - INFO -
| Epoch:   2150 | Train loss: 5.5334e-01 | Valid loss: 5.7611e-01 | Train acc: 0.8186 ± 0.0000 | Valid acc: 0.7874 ± 0.0000 | Valid Power: 0.0051 | Train Power: 0.0051 | patience:  13 | lr: 0.000390625 | Epoch time: 0.1 |

2024-09-09 04:11:34,613 - INFO -
| Epoch:   2160 | Train loss: 5.5334e-01 | Valid loss: 5.7613e-01 | Train acc: 0.8186 ± 0.0000 | Valid acc: 0.7874 ± 0.0000 | Valid Power: 0.0051 | Train Power: 0.0051 | patience:  23 | lr: 0.000390625 | Epoch time: 0.1 |

2024-09-09 04:11:35,445 - INFO -
| Epoch:   2170 | Train loss: 5.5333e-01 | Valid loss: 5.7615e-01 | Train acc: 0.8186 ± 0.0000 | Valid acc: 0.7874 ± 0.0000 | Valid Power: 0.0050 | Train Power: 0.0051 | patience:  33 | lr: 0.000390625 | Epoch time: 0.1 |

2024-09-09 04:11:36,272 - INFO -
| Epoch:   2180 | Train loss: 5.5333e-01 | Valid loss: 5.7618e-01 | Train acc: 0.8186 ± 0.0000 | Valid acc: 0.7874 ± 0.0000 | Valid Power: 0.0050 | Train Power: 0.0051 | patience:  43 | lr: 0.000390625 | Epoch time: 0.1 |

2024-09-09 04:11:37,101 - INFO -
| Epoch:   2190 | Train loss: 5.5332e-01 | Valid loss: 5.7621e-01 | Train acc: 0.8186 ± 0.0000 | Valid acc: 0.7874 ± 0.0000 | Valid Power: 0.0050 | Train Power: 0.0051 | patience:  53 | lr: 0.000390625 | Epoch time: 0.1 |

2024-09-09 04:11:37,925 - INFO -
| Epoch:   2200 | Train loss: 5.5332e-01 | Valid loss: 5.7622e-01 | Train acc: 0.8186 ± 0.0000 | Valid acc: 0.7874 ± 0.0000 | Valid Power: 0.0050 | Train Power: 0.0051 | patience:  63 | lr: 0.000390625 | Epoch time: 0.1 |

2024-09-09 04:11:38,753 - INFO -
| Epoch:   2210 | Train loss: 5.5332e-01 | Valid loss: 5.7624e-01 | Train acc: 0.8186 ± 0.0000 | Valid acc: 0.7874 ± 0.0000 | Valid Power: 0.0050 | Train Power: 0.0051 | patience:  73 | lr: 0.000390625 | Epoch time: 0.1 |

2024-09-09 04:11:39,579 - INFO -
| Epoch:   2220 | Train loss: 5.5331e-01 | Valid loss: 5.7626e-01 | Train acc: 0.8186 ± 0.0000 | Valid acc: 0.7874 ± 0.0000 | Valid Power: 0.0050 | Train Power: 0.0051 | patience:  83 | lr: 0.000390625 | Epoch time: 0.1 |

2024-09-09 04:11:40,404 - INFO -
| Epoch:   2230 | Train loss: 5.5331e-01 | Valid loss: 5.7628e-01 | Train acc: 0.8186 ± 0.0000 | Valid acc: 0.7874 ± 0.0000 | Valid Power: 0.0050 | Train Power: 0.0051 | patience:  93 | lr: 0.000390625 | Epoch time: 0.1 |

2024-09-09 04:11:41,067 - INFO -
load best network to warm start training with lower lr.

2024-09-09 04:11:41,067 - INFO -
lr update to 0.0001953125.

2024-09-09 04:11:41,232 - INFO -
| Epoch:   2240 | Train loss: 5.5335e-01 | Valid loss: 5.7605e-01 | Train acc: 0.8186 ± 0.0000 | Valid acc: 0.7874 ± 0.0000 | Valid Power: 0.0051 | Train Power: 0.0051 | patience:   2 | lr: 0.0001953125 | Epoch time: 0.1 |

2024-09-09 04:11:42,056 - INFO -
| Epoch:   2250 | Train loss: 5.5334e-01 | Valid loss: 5.7607e-01 | Train acc: 0.8186 ± 0.0000 | Valid acc: 0.7874 ± 0.0000 | Valid Power: 0.0051 | Train Power: 0.0051 | patience:  12 | lr: 0.0001953125 | Epoch time: 0.1 |

2024-09-09 04:11:42,881 - INFO -
| Epoch:   2260 | Train loss: 5.5334e-01 | Valid loss: 5.7610e-01 | Train acc: 0.8186 ± 0.0000 | Valid acc: 0.7874 ± 0.0000 | Valid Power: 0.0051 | Train Power: 0.0051 | patience:  22 | lr: 0.0001953125 | Epoch time: 0.1 |

2024-09-09 04:11:43,703 - INFO -
| Epoch:   2270 | Train loss: 5.5334e-01 | Valid loss: 5.7611e-01 | Train acc: 0.8186 ± 0.0000 | Valid acc: 0.7874 ± 0.0000 | Valid Power: 0.0051 | Train Power: 0.0051 | patience:  32 | lr: 0.0001953125 | Epoch time: 0.1 |

2024-09-09 04:11:44,528 - INFO -
| Epoch:   2280 | Train loss: 5.5334e-01 | Valid loss: 5.7613e-01 | Train acc: 0.8186 ± 0.0000 | Valid acc: 0.7874 ± 0.0000 | Valid Power: 0.0051 | Train Power: 0.0051 | patience:  42 | lr: 0.0001953125 | Epoch time: 0.1 |

2024-09-09 04:11:45,419 - INFO -
| Epoch:   2290 | Train loss: 5.5333e-01 | Valid loss: 5.7614e-01 | Train acc: 0.8186 ± 0.0000 | Valid acc: 0.7874 ± 0.0000 | Valid Power: 0.0051 | Train Power: 0.0051 | patience:  52 | lr: 0.0001953125 | Epoch time: 0.1 |

2024-09-09 04:11:46,247 - INFO -
| Epoch:   2300 | Train loss: 5.5333e-01 | Valid loss: 5.7615e-01 | Train acc: 0.8186 ± 0.0000 | Valid acc: 0.7874 ± 0.0000 | Valid Power: 0.0050 | Train Power: 0.0051 | patience:  62 | lr: 0.0001953125 | Epoch time: 0.1 |

2024-09-09 04:11:47,068 - INFO -
| Epoch:   2310 | Train loss: 5.5333e-01 | Valid loss: 5.7616e-01 | Train acc: 0.8186 ± 0.0000 | Valid acc: 0.7874 ± 0.0000 | Valid Power: 0.0050 | Train Power: 0.0051 | patience:  72 | lr: 0.0001953125 | Epoch time: 0.1 |

2024-09-09 04:11:47,890 - INFO -
| Epoch:   2320 | Train loss: 5.5333e-01 | Valid loss: 5.7618e-01 | Train acc: 0.8186 ± 0.0000 | Valid acc: 0.7874 ± 0.0000 | Valid Power: 0.0050 | Train Power: 0.0051 | patience:  82 | lr: 0.0001953125 | Epoch time: 0.1 |

2024-09-09 04:11:48,713 - INFO -
| Epoch:   2330 | Train loss: 5.5333e-01 | Valid loss: 5.7619e-01 | Train acc: 0.8186 ± 0.0000 | Valid acc: 0.7874 ± 0.0000 | Valid Power: 0.0050 | Train Power: 0.0051 | patience:  92 | lr: 0.0001953125 | Epoch time: 0.1 |

2024-09-09 04:11:49,456 - INFO -
load best network to warm start training with lower lr.

2024-09-09 04:11:49,456 - INFO -
lr update to 9.765625e-05.

2024-09-09 04:11:49,456 - INFO -
Early stop.

2024-09-09 04:11:49,463 - INFO -
Training if finished.

2024-09-09 16:19:07,240 - INFO -
Configuration: 
gmin                0.01
gmax                10.0
T                   0.1
m                   0.3
type_nonlinear      normal
act                 tanh
ACT_R1n             12.7865
ACT_R2n             -3.1871
ACT_W1n             -10.4537
ACT_L1n             10.546
ACT_W2n             -5.8496
ACT_L2n             4.2337
S_R1n               -11.7481
S_R2n               -0.3905
S_W1n               -9.169
S_L1n               0.3913
S_W2n               7.2004
S_L2n               15.5558
ReLU_RHn            -1.9557
ReLU_RLn            -20.1581
ReLU_RDn            16.6486
ReLU_RBn            -14.3472
ReLU_Wn             16.655
ReLU_Ln             -21.7591
HS_Rn               -0.3766
HS_Wn               0.5192
HS_Ln               4.6293
NEG_R1n             -7.0846
NEG_R2n             -2.5695
NEG_R3n             16.1542
NEG_W1n             13.8696
NEG_L1n             2.7635
NEG_W2n             1.2674
NEG_L2n             -10.4803
NEG_W3n             -6.4386
NEG_L3n             5.1005
task                normal
DATASET             4
DataPath            ./dataset
InputNoise          0.0
IN_test             0.0
R_train             1
R_test              1
N_time              32
pathnorm            False
hidden              [3]
skipconnection      False
SEED                4
DEVICE              cpu
PATIENCE            500
EPOCH               10000000000
LR                  0.1
PROGRESSIVE         True
LR_PATIENCE         100
LR_DECAY            0.5
LR_MIN              0.0001
metric              acc
SoftEva             True
TIMELIMITATION      71
MODE                nominal
M_train             1
K_train             1
M_test              1
K_test              1
t_test_max          1
integration         MC
N_train             1
e_train             0.0
N_test              100
e_test              0.1
e_fault             2
fault_ratio         0.0
N_fault             50
e_fault_test        0
N_fault_test        50
dropout             0.0
lagrangian_loss     False
rho                 100
powerestimator      none
powerbalance        0.0
estimatorbalance    0.0
pgmin               1e-07
power_ratio         1000
lambda_P            100
areaestimator       none
areabalance         0.0
area_theta          0.15
area_act            30.0
area_neg            22.7
lambda_A            0.001
lnc                 False
projectname         tanh_0_FaultAnalysisNormal
temppath            ./tanh_0_FaultAnalysisNormal/temp/
logfilepath         ./tanh_0_FaultAnalysisNormal/log/
report_freq         10
recording           False
recordpath          ./tanh_0_FaultAnalysisNormal/record/
savepath            ./tanh_0_FaultAnalysisNormal/models/
loglevel            info


2024-09-09 16:19:07,262 - INFO -
Training network on device: cpu.

2024-09-09 16:19:07,262 - INFO -
Training setup: data_04_energyy1_seed_04_epsilon_0.0_dropout_0.0_fault_ratio_0.0.model.

2024-09-09 16:19:07,262 - INFO -
{'dataname': 'energyy1', 'N_feature': 8, 'N_class': 3, 'N_train': 397, 'N_valid': 127, 'N_test': 79}

2024-09-09 16:19:07,263 - INFO -
Training was already finished.

2024-09-11 18:17:02,004 - INFO -
Configuration: 
gmin                0.01
gmax                10.0
T                   0.1
m                   0.3
type_nonlinear      normal
act                 tanh
ACT_R1n             12.7865
ACT_R2n             -3.1871
ACT_W1n             -10.4537
ACT_L1n             10.546
ACT_W2n             -5.8496
ACT_L2n             4.2337
S_R1n               -11.7481
S_R2n               -0.3905
S_W1n               -9.169
S_L1n               0.3913
S_W2n               7.2004
S_L2n               15.5558
ReLU_RHn            -1.9557
ReLU_RLn            -20.1581
ReLU_RDn            16.6486
ReLU_RBn            -14.3472
ReLU_Wn             16.655
ReLU_Ln             -21.7591
HS_Rn               -0.3766
HS_Wn               0.5192
HS_Ln               4.6293
NEG_R1n             -7.0846
NEG_R2n             -2.5695
NEG_R3n             16.1542
NEG_W1n             13.8696
NEG_L1n             2.7635
NEG_W2n             1.2674
NEG_L2n             -10.4803
NEG_W3n             -6.4386
NEG_L3n             5.1005
task                normal
DATASET             4
DataPath            ./dataset
InputNoise          0.0
IN_test             0.0
R_train             1
R_test              1
N_time              32
pathnorm            False
hidden              [3]
skipconnection      False
SEED                4
DEVICE              cpu
PATIENCE            500
EPOCH               10000000000
LR                  0.1
PROGRESSIVE         True
LR_PATIENCE         100
LR_DECAY            0.5
LR_MIN              0.0001
metric              acc
SoftEva             True
TIMELIMITATION      71
MODE                nominal
M_train             1
K_train             1
M_test              1
K_test              1
t_test_max          1
integration         MC
N_train             1
e_train             0.0
N_test              100
e_test              0.1
e_fault             2
fault_ratio         0.0
N_fault             50
e_fault_test        0
N_fault_test        50
dropout             0.0
lagrangian_loss     False
rho                 100
powerestimator      none
powerbalance        0.0
estimatorbalance    0.0
pgmin               1e-07
power_ratio         1000
lambda_P            100
areaestimator       none
areabalance         0.0
area_theta          0.15
area_act            30.0
area_neg            22.7
lambda_A            0.001
lnc                 False
projectname         tanh_0_FaultAnalysisNormal
temppath            ./tanh_0_FaultAnalysisNormal/temp/
logfilepath         ./tanh_0_FaultAnalysisNormal/log/
report_freq         10
recording           False
recordpath          ./tanh_0_FaultAnalysisNormal/record/
savepath            ./tanh_0_FaultAnalysisNormal/models/
loglevel            info


2024-09-11 18:17:02,013 - INFO -
Training network on device: cpu.

2024-09-11 18:17:02,013 - INFO -
Training setup: data_04_energyy1_seed_04_epsilon_0.0_dropout_0.0_fault_ratio_0.0.model.

2024-09-11 18:17:02,013 - INFO -
{'dataname': 'energyy1', 'N_feature': 8, 'N_class': 3, 'N_train': 397, 'N_valid': 127, 'N_test': 79}

2024-09-11 18:17:02,014 - INFO -
Training was already finished.

2024-09-12 04:38:03,748 - INFO -
Configuration: 
gmin                0.01
gmax                10.0
T                   0.1
m                   0.3
type_nonlinear      normal
act                 tanh
ACT_R1n             12.7865
ACT_R2n             -3.1871
ACT_W1n             -10.4537
ACT_L1n             10.546
ACT_W2n             -5.8496
ACT_L2n             4.2337
S_R1n               -11.7481
S_R2n               -0.3905
S_W1n               -9.169
S_L1n               0.3913
S_W2n               7.2004
S_L2n               15.5558
ReLU_RHn            -1.9557
ReLU_RLn            -20.1581
ReLU_RDn            16.6486
ReLU_RBn            -14.3472
ReLU_Wn             16.655
ReLU_Ln             -21.7591
HS_Rn               -0.3766
HS_Wn               0.5192
HS_Ln               4.6293
NEG_R1n             -7.0846
NEG_R2n             -2.5695
NEG_R3n             16.1542
NEG_W1n             13.8696
NEG_L1n             2.7635
NEG_W2n             1.2674
NEG_L2n             -10.4803
NEG_W3n             -6.4386
NEG_L3n             5.1005
task                normal
DATASET             4
DataPath            ./dataset
InputNoise          0.0
IN_test             0.0
R_train             1
R_test              1
N_time              32
pathnorm            False
hidden              [3]
skipconnection      False
SEED                4
DEVICE              cpu
PATIENCE            500
EPOCH               10000000000
LR                  0.1
PROGRESSIVE         True
LR_PATIENCE         100
LR_DECAY            0.5
LR_MIN              0.0001
metric              acc
SoftEva             True
TIMELIMITATION      71
MODE                nominal
M_train             1
K_train             1
M_test              1
K_test              1
t_test_max          1
integration         MC
N_train             1
e_train             0.0
N_test              100
e_test              0.1
e_fault             2
fault_ratio         0.0
N_fault             50
e_fault_test        0
N_fault_test        50
dropout             0.0
lagrangian_loss     False
rho                 100
powerestimator      none
powerbalance        0.0
estimatorbalance    0.0
pgmin               1e-07
power_ratio         1000
lambda_P            100
areaestimator       none
areabalance         0.0
area_theta          0.15
area_act            30.0
area_neg            22.7
lambda_A            0.001
lnc                 False
projectname         tanh_0_FaultAnalysisNormal
temppath            ./tanh_0_FaultAnalysisNormal/temp/
logfilepath         ./tanh_0_FaultAnalysisNormal/log/
report_freq         10
recording           False
recordpath          ./tanh_0_FaultAnalysisNormal/record/
savepath            ./tanh_0_FaultAnalysisNormal/models/
loglevel            info


2024-09-12 04:38:03,762 - INFO -
Training network on device: cpu.

2024-09-12 04:38:03,763 - INFO -
Training setup: data_04_energyy1_seed_04_epsilon_0.0_dropout_0.0_fault_ratio_0.0.model.

2024-09-12 04:38:03,763 - INFO -
{'dataname': 'energyy1', 'N_feature': 8, 'N_class': 3, 'N_train': 397, 'N_valid': 127, 'N_test': 79}

2024-09-12 04:38:03,763 - INFO -
Training was already finished.

