2024-09-09 23:57:34,947 - INFO -
Configuration: 
gmin                0.01
gmax                10.0
T                   0.1
m                   0.3
type_nonlinear      normal
act                 tanh
ACT_R1n             12.7865
ACT_R2n             -3.1871
ACT_W1n             -10.4537
ACT_L1n             10.546
ACT_W2n             -5.8496
ACT_L2n             4.2337
S_R1n               -11.7481
S_R2n               -0.3905
S_W1n               -9.169
S_L1n               0.3913
S_W2n               7.2004
S_L2n               15.5558
ReLU_RHn            -1.9557
ReLU_RLn            -20.1581
ReLU_RDn            16.6486
ReLU_RBn            -14.3472
ReLU_Wn             16.655
ReLU_Ln             -21.7591
HS_Rn               -0.3766
HS_Wn               0.5192
HS_Ln               4.6293
NEG_R1n             -7.0846
NEG_R2n             -2.5695
NEG_R3n             16.1542
NEG_W1n             13.8696
NEG_L1n             2.7635
NEG_W2n             1.2674
NEG_L2n             -10.4803
NEG_W3n             -6.4386
NEG_L3n             5.1005
task                normal
DATASET             8
DataPath            ./dataset
InputNoise          0.0
IN_test             0.0
R_train             1
R_test              1
N_time              32
pathnorm            False
hidden              [3]
skipconnection      False
SEED                3
DEVICE              cpu
PATIENCE            500
EPOCH               10000000000
LR                  0.1
PROGRESSIVE         True
LR_PATIENCE         100
LR_DECAY            0.5
LR_MIN              0.0001
metric              acc
SoftEva             True
TIMELIMITATION      71
MODE                nominal
M_train             1
K_train             1
M_test              1
K_test              1
t_test_max          1
integration         MC
N_train             1
e_train             0.0
N_test              100
e_test              0.1
e_fault             2
fault_ratio         0.0
N_fault             50
e_fault_test        0
N_fault_test        50
dropout             0.0
lagrangian_loss     False
rho                 100
powerestimator      none
powerbalance        0.0
estimatorbalance    0.0
pgmin               1e-07
power_ratio         1000
lambda_P            100
areaestimator       none
areabalance         0.0
area_theta          0.15
area_act            30.0
area_neg            22.7
lambda_A            0.001
lnc                 False
projectname         tanh_0_FaultAnalysisNormal
temppath            ./tanh_0_FaultAnalysisNormal/temp/
logfilepath         ./tanh_0_FaultAnalysisNormal/log/
report_freq         10
recording           False
recordpath          ./tanh_0_FaultAnalysisNormal/record/
savepath            ./tanh_0_FaultAnalysisNormal/models/
loglevel            info


2024-09-09 23:57:34,948 - INFO -
Training network on device: cpu.

2024-09-09 23:57:34,948 - INFO -
Training setup: data_08_pendigits_seed_03_epsilon_0.0_dropout_0.0_fault_ratio_0.0.model.

2024-09-09 23:57:34,948 - INFO -
{'dataname': 'pendigits', 'N_feature': 16, 'N_class': 10, 'N_train': 397, 'N_valid': 127, 'N_test': 79}

2024-09-09 23:57:34,948 - INFO -
Topology of the network: [16, 3, 10].

2024-09-09 23:57:36,712 - INFO -
| Epoch:      0 | Train loss: 2.3026e+00 | Valid loss: 2.3245e+00 | Train acc: 0.1083 ± 0.0000 | Valid acc: 0.1417 ± 0.0000 | Valid Power: 0.0017 | Train Power: 0.0010 | patience:   0 | lr: 0.1 | Epoch time: 0.2 |

2024-09-09 23:57:38,660 - INFO -
| Epoch:     10 | Train loss: 2.2194e+00 | Valid loss: 2.1782e+00 | Train acc: 0.1738 ± 0.0000 | Valid acc: 0.1417 ± 0.0000 | Valid Power: 0.0016 | Train Power: 0.0017 | patience:   0 | lr: 0.1 | Epoch time: 0.2 |

2024-09-09 23:57:40,629 - INFO -
| Epoch:     20 | Train loss: 1.9501e+00 | Valid loss: 1.9566e+00 | Train acc: 0.4710 ± 0.0000 | Valid acc: 0.3780 ± 0.0000 | Valid Power: 0.0018 | Train Power: 0.0015 | patience:   0 | lr: 0.1 | Epoch time: 0.2 |

2024-09-09 23:57:42,749 - INFO -
| Epoch:     30 | Train loss: 1.7407e+00 | Valid loss: 1.7485e+00 | Train acc: 0.4786 ± 0.0000 | Valid acc: 0.4803 ± 0.0000 | Valid Power: 0.0025 | Train Power: 0.0018 | patience:   0 | lr: 0.1 | Epoch time: 0.2 |

2024-09-09 23:57:44,693 - INFO -
| Epoch:     40 | Train loss: 1.6173e+00 | Valid loss: 1.7048e+00 | Train acc: 0.5239 ± 0.0000 | Valid acc: 0.4252 ± 0.0000 | Valid Power: 0.0020 | Train Power: 0.0024 | patience:   5 | lr: 0.1 | Epoch time: 0.2 |

2024-09-09 23:57:46,645 - INFO -
| Epoch:     50 | Train loss: 1.5852e+00 | Valid loss: 1.5854e+00 | Train acc: 0.5642 ± 0.0000 | Valid acc: 0.5984 ± 0.0000 | Valid Power: 0.0017 | Train Power: 0.0018 | patience:   0 | lr: 0.1 | Epoch time: 0.2 |

2024-09-09 23:57:48,580 - INFO -
| Epoch:     60 | Train loss: 1.5280e+00 | Valid loss: 1.5654e+00 | Train acc: 0.4937 ± 0.0000 | Valid acc: 0.4882 ± 0.0000 | Valid Power: 0.0022 | Train Power: 0.0019 | patience:   0 | lr: 0.1 | Epoch time: 0.2 |

2024-09-09 23:57:50,534 - INFO -
| Epoch:     70 | Train loss: 1.5001e+00 | Valid loss: 1.5816e+00 | Train acc: 0.4232 ± 0.0000 | Valid acc: 0.4094 ± 0.0000 | Valid Power: 0.0017 | Train Power: 0.0018 | patience:   4 | lr: 0.1 | Epoch time: 0.2 |

2024-09-09 23:57:52,470 - INFO -
| Epoch:     80 | Train loss: 1.4829e+00 | Valid loss: 1.5588e+00 | Train acc: 0.4559 ± 0.0000 | Valid acc: 0.4094 ± 0.0000 | Valid Power: 0.0024 | Train Power: 0.0020 | patience:   6 | lr: 0.1 | Epoch time: 0.2 |

2024-09-09 23:57:54,406 - INFO -
| Epoch:     90 | Train loss: 1.5008e+00 | Valid loss: 1.5556e+00 | Train acc: 0.4332 ± 0.0000 | Valid acc: 0.4409 ± 0.0000 | Valid Power: 0.0021 | Train Power: 0.0018 | patience:   5 | lr: 0.1 | Epoch time: 0.2 |

2024-09-09 23:57:56,436 - INFO -
| Epoch:    100 | Train loss: 1.5048e+00 | Valid loss: 1.5596e+00 | Train acc: 0.4282 ± 0.0000 | Valid acc: 0.4173 ± 0.0000 | Valid Power: 0.0019 | Train Power: 0.0018 | patience:  15 | lr: 0.1 | Epoch time: 0.2 |

2024-09-09 23:57:58,382 - INFO -
| Epoch:    110 | Train loss: 1.4659e+00 | Valid loss: 1.5380e+00 | Train acc: 0.4786 ± 0.0000 | Valid acc: 0.4173 ± 0.0000 | Valid Power: 0.0019 | Train Power: 0.0018 | patience:  25 | lr: 0.1 | Epoch time: 0.2 |

2024-09-09 23:58:00,305 - INFO -
| Epoch:    120 | Train loss: 1.4664e+00 | Valid loss: 1.5069e+00 | Train acc: 0.4685 ± 0.0000 | Valid acc: 0.4252 ± 0.0000 | Valid Power: 0.0018 | Train Power: 0.0018 | patience:  35 | lr: 0.1 | Epoch time: 0.2 |

2024-09-09 23:58:02,229 - INFO -
| Epoch:    130 | Train loss: 1.5286e+00 | Valid loss: 1.6316e+00 | Train acc: 0.3476 ± 0.0000 | Valid acc: 0.3228 ± 0.0000 | Valid Power: 0.0019 | Train Power: 0.0020 | patience:  45 | lr: 0.1 | Epoch time: 0.2 |

2024-09-09 23:58:04,152 - INFO -
| Epoch:    140 | Train loss: 1.4864e+00 | Valid loss: 1.5240e+00 | Train acc: 0.4584 ± 0.0000 | Valid acc: 0.3780 ± 0.0000 | Valid Power: 0.0021 | Train Power: 0.0020 | patience:  55 | lr: 0.1 | Epoch time: 0.2 |

2024-09-09 23:58:06,074 - INFO -
| Epoch:    150 | Train loss: 1.4427e+00 | Valid loss: 1.5458e+00 | Train acc: 0.4559 ± 0.0000 | Valid acc: 0.3386 ± 0.0000 | Valid Power: 0.0022 | Train Power: 0.0021 | patience:  65 | lr: 0.1 | Epoch time: 0.2 |

2024-09-09 23:58:07,994 - INFO -
| Epoch:    160 | Train loss: 1.4711e+00 | Valid loss: 1.5235e+00 | Train acc: 0.4584 ± 0.0000 | Valid acc: 0.4252 ± 0.0000 | Valid Power: 0.0022 | Train Power: 0.0023 | patience:  75 | lr: 0.1 | Epoch time: 0.2 |

2024-09-09 23:58:09,918 - INFO -
| Epoch:    170 | Train loss: 1.4305e+00 | Valid loss: 1.5300e+00 | Train acc: 0.5063 ± 0.0000 | Valid acc: 0.4331 ± 0.0000 | Valid Power: 0.0024 | Train Power: 0.0025 | patience:  85 | lr: 0.1 | Epoch time: 0.2 |

2024-09-09 23:58:11,842 - INFO -
| Epoch:    180 | Train loss: 1.4196e+00 | Valid loss: 1.5373e+00 | Train acc: 0.4559 ± 0.0000 | Valid acc: 0.3701 ± 0.0000 | Valid Power: 0.0027 | Train Power: 0.0031 | patience:  95 | lr: 0.1 | Epoch time: 0.2 |

2024-09-09 23:58:13,094 - INFO -
load best network to warm start training with lower lr.

2024-09-09 23:58:13,094 - INFO -
lr update to 0.05.

2024-09-09 23:58:13,867 - INFO -
| Epoch:    190 | Train loss: 1.5412e+00 | Valid loss: 1.6298e+00 | Train acc: 0.3778 ± 0.0000 | Valid acc: 0.4173 ± 0.0000 | Valid Power: 0.0019 | Train Power: 0.0018 | patience:   4 | lr: 0.05 | Epoch time: 0.2 |

2024-09-09 23:58:15,803 - INFO -
| Epoch:    200 | Train loss: 1.4890e+00 | Valid loss: 1.5447e+00 | Train acc: 0.5416 ± 0.0000 | Valid acc: 0.4567 ± 0.0000 | Valid Power: 0.0018 | Train Power: 0.0051 | patience:  14 | lr: 0.05 | Epoch time: 0.2 |

2024-09-09 23:58:17,726 - INFO -
| Epoch:    210 | Train loss: 1.4882e+00 | Valid loss: 1.5908e+00 | Train acc: 0.4358 ± 0.0000 | Valid acc: 0.3858 ± 0.0000 | Valid Power: 0.0019 | Train Power: 0.0024 | patience:  24 | lr: 0.05 | Epoch time: 0.2 |

2024-09-09 23:58:19,647 - INFO -
| Epoch:    220 | Train loss: 1.4633e+00 | Valid loss: 1.5986e+00 | Train acc: 0.4332 ± 0.0000 | Valid acc: 0.3543 ± 0.0000 | Valid Power: 0.0017 | Train Power: 0.0017 | patience:  34 | lr: 0.05 | Epoch time: 0.2 |

2024-09-09 23:58:21,568 - INFO -
| Epoch:    230 | Train loss: 1.4316e+00 | Valid loss: 1.5762e+00 | Train acc: 0.4458 ± 0.0000 | Valid acc: 0.3622 ± 0.0000 | Valid Power: 0.0023 | Train Power: 0.0018 | patience:  44 | lr: 0.05 | Epoch time: 0.2 |

2024-09-09 23:58:23,584 - INFO -
| Epoch:    240 | Train loss: 1.4247e+00 | Valid loss: 1.5701e+00 | Train acc: 0.4534 ± 0.0000 | Valid acc: 0.3543 ± 0.0000 | Valid Power: 0.0018 | Train Power: 0.0019 | patience:  54 | lr: 0.05 | Epoch time: 0.2 |

2024-09-09 23:58:25,502 - INFO -
| Epoch:    250 | Train loss: 1.4185e+00 | Valid loss: 1.5685e+00 | Train acc: 0.4559 ± 0.0000 | Valid acc: 0.3701 ± 0.0000 | Valid Power: 0.0018 | Train Power: 0.0018 | patience:  64 | lr: 0.05 | Epoch time: 0.2 |

2024-09-09 23:58:27,426 - INFO -
| Epoch:    260 | Train loss: 1.4186e+00 | Valid loss: 1.5348e+00 | Train acc: 0.4736 ± 0.0000 | Valid acc: 0.3622 ± 0.0000 | Valid Power: 0.0018 | Train Power: 0.0018 | patience:  74 | lr: 0.05 | Epoch time: 0.2 |

2024-09-09 23:58:29,349 - INFO -
| Epoch:    270 | Train loss: 1.4137e+00 | Valid loss: 1.5389e+00 | Train acc: 0.4584 ± 0.0000 | Valid acc: 0.3465 ± 0.0000 | Valid Power: 0.0021 | Train Power: 0.0020 | patience:  84 | lr: 0.05 | Epoch time: 0.2 |

2024-09-09 23:58:31,270 - INFO -
| Epoch:    280 | Train loss: 1.4366e+00 | Valid loss: 1.5837e+00 | Train acc: 0.4030 ± 0.0000 | Valid acc: 0.3307 ± 0.0000 | Valid Power: 0.0024 | Train Power: 0.0026 | patience:  94 | lr: 0.05 | Epoch time: 0.2 |

2024-09-09 23:58:32,619 - INFO -
load best network to warm start training with lower lr.

2024-09-09 23:58:32,619 - INFO -
lr update to 0.025.

2024-09-09 23:58:33,197 - INFO -
| Epoch:    290 | Train loss: 1.4840e+00 | Valid loss: 1.5953e+00 | Train acc: 0.4761 ± 0.0000 | Valid acc: 0.4094 ± 0.0000 | Valid Power: 0.0018 | Train Power: 0.0017 | patience:   3 | lr: 0.025 | Epoch time: 0.2 |

2024-09-09 23:58:35,122 - INFO -
| Epoch:    300 | Train loss: 1.4630e+00 | Valid loss: 1.5308e+00 | Train acc: 0.4836 ± 0.0000 | Valid acc: 0.4173 ± 0.0000 | Valid Power: 0.0017 | Train Power: 0.0017 | patience:  13 | lr: 0.025 | Epoch time: 0.2 |

2024-09-09 23:58:37,049 - INFO -
| Epoch:    310 | Train loss: 1.4616e+00 | Valid loss: 1.5231e+00 | Train acc: 0.4861 ± 0.0000 | Valid acc: 0.4094 ± 0.0000 | Valid Power: 0.0017 | Train Power: 0.0017 | patience:  23 | lr: 0.025 | Epoch time: 0.2 |

2024-09-09 23:58:38,973 - INFO -
| Epoch:    320 | Train loss: 1.4552e+00 | Valid loss: 1.5419e+00 | Train acc: 0.4660 ± 0.0000 | Valid acc: 0.3937 ± 0.0000 | Valid Power: 0.0019 | Train Power: 0.0017 | patience:  33 | lr: 0.025 | Epoch time: 0.2 |

2024-09-09 23:58:40,897 - INFO -
| Epoch:    330 | Train loss: 1.4454e+00 | Valid loss: 1.5195e+00 | Train acc: 0.4761 ± 0.0000 | Valid acc: 0.4173 ± 0.0000 | Valid Power: 0.0021 | Train Power: 0.0142 | patience:  43 | lr: 0.025 | Epoch time: 0.2 |

2024-09-09 23:58:42,898 - INFO -
| Epoch:    340 | Train loss: 1.4421e+00 | Valid loss: 1.5311e+00 | Train acc: 0.4736 ± 0.0000 | Valid acc: 0.4094 ± 0.0000 | Valid Power: 0.0022 | Train Power: 0.0027 | patience:  53 | lr: 0.025 | Epoch time: 0.2 |

2024-09-09 23:58:44,834 - INFO -
| Epoch:    350 | Train loss: 1.4384e+00 | Valid loss: 1.5141e+00 | Train acc: 0.4736 ± 0.0000 | Valid acc: 0.4173 ± 0.0000 | Valid Power: 0.0021 | Train Power: 0.0020 | patience:  63 | lr: 0.025 | Epoch time: 0.2 |

2024-09-09 23:58:46,756 - INFO -
| Epoch:    360 | Train loss: 1.4323e+00 | Valid loss: 1.5773e+00 | Train acc: 0.4509 ± 0.0000 | Valid acc: 0.3543 ± 0.0000 | Valid Power: 0.0021 | Train Power: 0.0021 | patience:  73 | lr: 0.025 | Epoch time: 0.2 |

2024-09-09 23:58:48,680 - INFO -
| Epoch:    370 | Train loss: 1.4215e+00 | Valid loss: 1.5489e+00 | Train acc: 0.4559 ± 0.0000 | Valid acc: 0.3858 ± 0.0000 | Valid Power: 0.0025 | Train Power: 0.0022 | patience:  83 | lr: 0.025 | Epoch time: 0.2 |

2024-09-09 23:58:50,600 - INFO -
| Epoch:    380 | Train loss: 1.4169e+00 | Valid loss: 1.5469e+00 | Train acc: 0.4484 ± 0.0000 | Valid acc: 0.3622 ± 0.0000 | Valid Power: 0.0036 | Train Power: 0.0031 | patience:  93 | lr: 0.025 | Epoch time: 0.2 |

2024-09-09 23:58:52,142 - INFO -
load best network to warm start training with lower lr.

2024-09-09 23:58:52,142 - INFO -
lr update to 0.0125.

2024-09-09 23:58:52,526 - INFO -
| Epoch:    390 | Train loss: 1.4795e+00 | Valid loss: 1.5224e+00 | Train acc: 0.4736 ± 0.0000 | Valid acc: 0.4488 ± 0.0000 | Valid Power: 0.0021 | Train Power: 0.0024 | patience:   2 | lr: 0.0125 | Epoch time: 0.2 |

2024-09-09 23:58:54,448 - INFO -
| Epoch:    400 | Train loss: 1.4696e+00 | Valid loss: 1.5536e+00 | Train acc: 0.4660 ± 0.0000 | Valid acc: 0.4094 ± 0.0000 | Valid Power: 0.0017 | Train Power: 0.0017 | patience:  12 | lr: 0.0125 | Epoch time: 0.2 |

2024-09-09 23:58:56,462 - INFO -
| Epoch:    410 | Train loss: 1.4622e+00 | Valid loss: 1.5568e+00 | Train acc: 0.4685 ± 0.0000 | Valid acc: 0.3780 ± 0.0000 | Valid Power: 0.0017 | Train Power: 0.0018 | patience:  22 | lr: 0.0125 | Epoch time: 0.2 |

2024-09-09 23:58:58,386 - INFO -
| Epoch:    420 | Train loss: 1.4551e+00 | Valid loss: 1.5409e+00 | Train acc: 0.4710 ± 0.0000 | Valid acc: 0.3937 ± 0.0000 | Valid Power: 0.0032 | Train Power: 0.0019 | patience:  32 | lr: 0.0125 | Epoch time: 0.2 |

2024-09-09 23:59:00,305 - INFO -
| Epoch:    430 | Train loss: 1.4503e+00 | Valid loss: 1.5429e+00 | Train acc: 0.4635 ± 0.0000 | Valid acc: 0.3858 ± 0.0000 | Valid Power: 0.0018 | Train Power: 0.0018 | patience:  42 | lr: 0.0125 | Epoch time: 0.2 |

2024-09-09 23:59:02,225 - INFO -
| Epoch:    440 | Train loss: 1.4470e+00 | Valid loss: 1.5402e+00 | Train acc: 0.4660 ± 0.0000 | Valid acc: 0.3780 ± 0.0000 | Valid Power: 0.0018 | Train Power: 0.0018 | patience:  52 | lr: 0.0125 | Epoch time: 0.2 |

2024-09-09 23:59:04,145 - INFO -
| Epoch:    450 | Train loss: 1.4437e+00 | Valid loss: 1.5375e+00 | Train acc: 0.4610 ± 0.0000 | Valid acc: 0.3701 ± 0.0000 | Valid Power: 0.0023 | Train Power: 0.0025 | patience:  62 | lr: 0.0125 | Epoch time: 0.2 |

2024-09-09 23:59:06,066 - INFO -
| Epoch:    460 | Train loss: 1.4406e+00 | Valid loss: 1.5343e+00 | Train acc: 0.4584 ± 0.0000 | Valid acc: 0.3780 ± 0.0000 | Valid Power: 0.0020 | Train Power: 0.0020 | patience:  72 | lr: 0.0125 | Epoch time: 0.2 |

2024-09-09 23:59:07,991 - INFO -
| Epoch:    470 | Train loss: 1.4379e+00 | Valid loss: 1.5331e+00 | Train acc: 0.4635 ± 0.0000 | Valid acc: 0.3780 ± 0.0000 | Valid Power: 0.0021 | Train Power: 0.0021 | patience:  82 | lr: 0.0125 | Epoch time: 0.2 |

2024-09-09 23:59:09,913 - INFO -
| Epoch:    480 | Train loss: 1.4352e+00 | Valid loss: 1.5345e+00 | Train acc: 0.4635 ± 0.0000 | Valid acc: 0.3858 ± 0.0000 | Valid Power: 0.0023 | Train Power: 0.0028 | patience:  92 | lr: 0.0125 | Epoch time: 0.2 |

2024-09-09 23:59:11,718 - INFO -
load best network to warm start training with lower lr.

2024-09-09 23:59:11,718 - INFO -
lr update to 0.00625.

2024-09-09 23:59:11,910 - INFO -
| Epoch:    490 | Train loss: 1.4978e+00 | Valid loss: 1.5087e+00 | Train acc: 0.4534 ± 0.0000 | Valid acc: 0.4331 ± 0.0000 | Valid Power: 0.0018 | Train Power: 0.0017 | patience:   1 | lr: 0.00625 | Epoch time: 0.2 |

2024-09-09 23:59:13,833 - INFO -
| Epoch:    500 | Train loss: 1.4694e+00 | Valid loss: 1.5435e+00 | Train acc: 0.4635 ± 0.0000 | Valid acc: 0.4094 ± 0.0000 | Valid Power: 0.0018 | Train Power: 0.0018 | patience:  11 | lr: 0.00625 | Epoch time: 0.2 |

2024-09-09 23:59:15,760 - INFO -
| Epoch:    510 | Train loss: 1.4637e+00 | Valid loss: 1.5337e+00 | Train acc: 0.4635 ± 0.0000 | Valid acc: 0.4252 ± 0.0000 | Valid Power: 0.0021 | Train Power: 0.0021 | patience:  21 | lr: 0.00625 | Epoch time: 0.2 |

2024-09-09 23:59:17,673 - INFO -
| Epoch:    520 | Train loss: 1.4598e+00 | Valid loss: 1.5349e+00 | Train acc: 0.4610 ± 0.0000 | Valid acc: 0.4016 ± 0.0000 | Valid Power: 0.0025 | Train Power: 0.0027 | patience:  31 | lr: 0.00625 | Epoch time: 0.2 |

2024-09-09 23:59:19,585 - INFO -
| Epoch:    530 | Train loss: 1.4573e+00 | Valid loss: 1.5309e+00 | Train acc: 0.4559 ± 0.0000 | Valid acc: 0.3858 ± 0.0000 | Valid Power: 0.0021 | Train Power: 0.0021 | patience:  41 | lr: 0.00625 | Epoch time: 0.2 |

2024-09-09 23:59:21,522 - INFO -
| Epoch:    540 | Train loss: 1.4549e+00 | Valid loss: 1.5304e+00 | Train acc: 0.4534 ± 0.0000 | Valid acc: 0.3858 ± 0.0000 | Valid Power: 0.0021 | Train Power: 0.0021 | patience:  51 | lr: 0.00625 | Epoch time: 0.2 |

2024-09-09 23:59:23,374 - INFO -
| Epoch:    550 | Train loss: 1.4528e+00 | Valid loss: 1.5287e+00 | Train acc: 0.4534 ± 0.0000 | Valid acc: 0.3858 ± 0.0000 | Valid Power: 0.0024 | Train Power: 0.0024 | patience:  61 | lr: 0.00625 | Epoch time: 0.2 |

2024-09-09 23:59:25,281 - INFO -
| Epoch:    560 | Train loss: 1.4508e+00 | Valid loss: 1.5271e+00 | Train acc: 0.4559 ± 0.0000 | Valid acc: 0.4016 ± 0.0000 | Valid Power: 0.0024 | Train Power: 0.0024 | patience:  71 | lr: 0.00625 | Epoch time: 0.2 |

2024-09-09 23:59:27,169 - INFO -
| Epoch:    570 | Train loss: 1.4489e+00 | Valid loss: 1.5251e+00 | Train acc: 0.4610 ± 0.0000 | Valid acc: 0.4016 ± 0.0000 | Valid Power: 0.0023 | Train Power: 0.0023 | patience:  81 | lr: 0.00625 | Epoch time: 0.2 |

2024-09-09 23:59:28,976 - INFO -
| Epoch:    580 | Train loss: 1.4468e+00 | Valid loss: 1.5233e+00 | Train acc: 0.4610 ± 0.0000 | Valid acc: 0.4094 ± 0.0000 | Valid Power: 0.0023 | Train Power: 0.0023 | patience:  91 | lr: 0.00625 | Epoch time: 0.2 |

2024-09-09 23:59:30,778 - INFO -
load best network to warm start training with lower lr.

2024-09-09 23:59:30,778 - INFO -
lr update to 0.003125.

2024-09-09 23:59:30,778 - INFO -
| Epoch:    590 | Train loss: 1.4448e+00 | Valid loss: 1.5221e+00 | Train acc: 0.4635 ± 0.0000 | Valid acc: 0.4016 ± 0.0000 | Valid Power: 0.0023 | Train Power: 0.0023 | patience:   0 | lr: 0.003125 | Epoch time: 0.2 |

2024-09-09 23:59:32,568 - INFO -
| Epoch:    600 | Train loss: 1.4721e+00 | Valid loss: 1.5160e+00 | Train acc: 0.4584 ± 0.0000 | Valid acc: 0.4409 ± 0.0000 | Valid Power: 0.0031 | Train Power: 0.0032 | patience:  10 | lr: 0.003125 | Epoch time: 0.2 |

2024-09-09 23:59:34,356 - INFO -
| Epoch:    610 | Train loss: 1.4704e+00 | Valid loss: 1.5323e+00 | Train acc: 0.4660 ± 0.0000 | Valid acc: 0.4173 ± 0.0000 | Valid Power: 0.0019 | Train Power: 0.0019 | patience:  20 | lr: 0.003125 | Epoch time: 0.2 |

2024-09-09 23:59:36,143 - INFO -
| Epoch:    620 | Train loss: 1.4670e+00 | Valid loss: 1.5209e+00 | Train acc: 0.4685 ± 0.0000 | Valid acc: 0.4409 ± 0.0000 | Valid Power: 0.0022 | Train Power: 0.0020 | patience:  30 | lr: 0.003125 | Epoch time: 0.2 |

2024-09-09 23:59:37,931 - INFO -
| Epoch:    630 | Train loss: 1.4655e+00 | Valid loss: 1.5194e+00 | Train acc: 0.4685 ± 0.0000 | Valid acc: 0.4409 ± 0.0000 | Valid Power: 0.0019 | Train Power: 0.0019 | patience:  40 | lr: 0.003125 | Epoch time: 0.2 |

2024-09-09 23:59:39,782 - INFO -
| Epoch:    640 | Train loss: 1.4640e+00 | Valid loss: 1.5189e+00 | Train acc: 0.4685 ± 0.0000 | Valid acc: 0.4331 ± 0.0000 | Valid Power: 0.0019 | Train Power: 0.0019 | patience:  50 | lr: 0.003125 | Epoch time: 0.2 |

2024-09-09 23:59:41,422 - INFO -
| Epoch:    650 | Train loss: 1.4628e+00 | Valid loss: 1.5173e+00 | Train acc: 0.4685 ± 0.0000 | Valid acc: 0.4252 ± 0.0000 | Valid Power: 0.0019 | Train Power: 0.0019 | patience:  60 | lr: 0.003125 | Epoch time: 0.2 |

2024-09-09 23:59:43,063 - INFO -
| Epoch:    660 | Train loss: 1.4616e+00 | Valid loss: 1.5163e+00 | Train acc: 0.4660 ± 0.0000 | Valid acc: 0.4409 ± 0.0000 | Valid Power: 0.0019 | Train Power: 0.0019 | patience:  70 | lr: 0.003125 | Epoch time: 0.2 |

2024-09-09 23:59:44,707 - INFO -
| Epoch:    670 | Train loss: 1.4605e+00 | Valid loss: 1.5152e+00 | Train acc: 0.4660 ± 0.0000 | Valid acc: 0.4409 ± 0.0000 | Valid Power: 0.0019 | Train Power: 0.0019 | patience:  80 | lr: 0.003125 | Epoch time: 0.2 |

2024-09-09 23:59:46,321 - INFO -
| Epoch:    680 | Train loss: 1.4594e+00 | Valid loss: 1.5145e+00 | Train acc: 0.4660 ± 0.0000 | Valid acc: 0.4409 ± 0.0000 | Valid Power: 0.0019 | Train Power: 0.0019 | patience:  90 | lr: 0.003125 | Epoch time: 0.2 |

2024-09-09 23:59:47,937 - INFO -
| Epoch:    690 | Train loss: 1.4583e+00 | Valid loss: 1.5139e+00 | Train acc: 0.4660 ± 0.0000 | Valid acc: 0.4409 ± 0.0000 | Valid Power: 0.0019 | Train Power: 0.0019 | patience: 100 | lr: 0.003125 | Epoch time: 0.2 |

2024-09-09 23:59:48,102 - INFO -
load best network to warm start training with lower lr.

2024-09-09 23:59:48,103 - INFO -
lr update to 0.0015625.

2024-09-09 23:59:49,549 - INFO -
| Epoch:    700 | Train loss: 1.4799e+00 | Valid loss: 1.5177e+00 | Train acc: 0.4685 ± 0.0000 | Valid acc: 0.4331 ± 0.0000 | Valid Power: 0.0020 | Train Power: 0.0019 | patience:   9 | lr: 0.0015625 | Epoch time: 0.2 |

2024-09-09 23:59:51,235 - INFO -
| Epoch:    710 | Train loss: 1.4723e+00 | Valid loss: 1.5147e+00 | Train acc: 0.4584 ± 0.0000 | Valid acc: 0.4409 ± 0.0000 | Valid Power: 0.0153 | Train Power: 0.0044 | patience:  19 | lr: 0.0015625 | Epoch time: 0.2 |

2024-09-09 23:59:52,839 - INFO -
| Epoch:    720 | Train loss: 1.4703e+00 | Valid loss: 1.5215e+00 | Train acc: 0.4610 ± 0.0000 | Valid acc: 0.4331 ± 0.0000 | Valid Power: 0.0028 | Train Power: 0.0029 | patience:  29 | lr: 0.0015625 | Epoch time: 0.2 |

2024-09-09 23:59:54,451 - INFO -
| Epoch:    730 | Train loss: 1.4690e+00 | Valid loss: 1.5282e+00 | Train acc: 0.4635 ± 0.0000 | Valid acc: 0.4016 ± 0.0000 | Valid Power: 0.0024 | Train Power: 0.0024 | patience:  39 | lr: 0.0015625 | Epoch time: 0.2 |

2024-09-09 23:59:56,058 - INFO -
| Epoch:    740 | Train loss: 1.4676e+00 | Valid loss: 1.5226e+00 | Train acc: 0.4610 ± 0.0000 | Valid acc: 0.4331 ± 0.0000 | Valid Power: 0.0023 | Train Power: 0.0023 | patience:  49 | lr: 0.0015625 | Epoch time: 0.2 |

2024-09-09 23:59:57,663 - INFO -
| Epoch:    750 | Train loss: 1.4667e+00 | Valid loss: 1.5217e+00 | Train acc: 0.4635 ± 0.0000 | Valid acc: 0.4331 ± 0.0000 | Valid Power: 0.0023 | Train Power: 0.0023 | patience:  59 | lr: 0.0015625 | Epoch time: 0.2 |

2024-09-09 23:59:59,277 - INFO -
| Epoch:    760 | Train loss: 1.4658e+00 | Valid loss: 1.5219e+00 | Train acc: 0.4635 ± 0.0000 | Valid acc: 0.4252 ± 0.0000 | Valid Power: 0.0023 | Train Power: 0.0023 | patience:  69 | lr: 0.0015625 | Epoch time: 0.2 |

2024-09-10 00:00:00,897 - INFO -
| Epoch:    770 | Train loss: 1.4650e+00 | Valid loss: 1.5199e+00 | Train acc: 0.4635 ± 0.0000 | Valid acc: 0.4252 ± 0.0000 | Valid Power: 0.0023 | Train Power: 0.0023 | patience:  79 | lr: 0.0015625 | Epoch time: 0.2 |

2024-09-10 00:00:02,498 - INFO -
| Epoch:    780 | Train loss: 1.4643e+00 | Valid loss: 1.5190e+00 | Train acc: 0.4635 ± 0.0000 | Valid acc: 0.4252 ± 0.0000 | Valid Power: 0.0023 | Train Power: 0.0023 | patience:  89 | lr: 0.0015625 | Epoch time: 0.2 |

2024-09-10 00:00:04,160 - INFO -
| Epoch:    790 | Train loss: 1.4637e+00 | Valid loss: 1.5182e+00 | Train acc: 0.4660 ± 0.0000 | Valid acc: 0.4252 ± 0.0000 | Valid Power: 0.0023 | Train Power: 0.0023 | patience:  99 | lr: 0.0015625 | Epoch time: 0.2 |

2024-09-10 00:00:04,481 - INFO -
load best network to warm start training with lower lr.

2024-09-10 00:00:04,481 - INFO -
lr update to 0.00078125.

2024-09-10 00:00:05,763 - INFO -
| Epoch:    800 | Train loss: 1.4842e+00 | Valid loss: 1.5075e+00 | Train acc: 0.4635 ± 0.0000 | Valid acc: 0.4488 ± 0.0000 | Valid Power: 0.0018 | Train Power: 0.0018 | patience:   8 | lr: 0.00078125 | Epoch time: 0.2 |

2024-09-10 00:00:07,359 - INFO -
| Epoch:    810 | Train loss: 1.4801e+00 | Valid loss: 1.5160e+00 | Train acc: 0.4660 ± 0.0000 | Valid acc: 0.4409 ± 0.0000 | Valid Power: 0.0019 | Train Power: 0.0019 | patience:  18 | lr: 0.00078125 | Epoch time: 0.2 |

2024-09-10 00:00:08,956 - INFO -
| Epoch:    820 | Train loss: 1.4747e+00 | Valid loss: 1.5151e+00 | Train acc: 0.4710 ± 0.0000 | Valid acc: 0.4488 ± 0.0000 | Valid Power: 0.0020 | Train Power: 0.0020 | patience:  28 | lr: 0.00078125 | Epoch time: 0.2 |

2024-09-10 00:00:10,562 - INFO -
| Epoch:    830 | Train loss: 1.4742e+00 | Valid loss: 1.5111e+00 | Train acc: 0.4635 ± 0.0000 | Valid acc: 0.4409 ± 0.0000 | Valid Power: 0.0021 | Train Power: 0.0021 | patience:  38 | lr: 0.00078125 | Epoch time: 0.2 |

2024-09-10 00:00:12,169 - INFO -
| Epoch:    840 | Train loss: 1.4712e+00 | Valid loss: 1.5135e+00 | Train acc: 0.4635 ± 0.0000 | Valid acc: 0.4409 ± 0.0000 | Valid Power: 0.0022 | Train Power: 0.0022 | patience:  48 | lr: 0.00078125 | Epoch time: 0.2 |

2024-09-10 00:00:13,842 - INFO -
| Epoch:    850 | Train loss: 1.4702e+00 | Valid loss: 1.5139e+00 | Train acc: 0.4635 ± 0.0000 | Valid acc: 0.4331 ± 0.0000 | Valid Power: 0.0023 | Train Power: 0.0023 | patience:  58 | lr: 0.00078125 | Epoch time: 0.2 |

2024-09-10 00:00:15,433 - INFO -
| Epoch:    860 | Train loss: 1.4694e+00 | Valid loss: 1.5167e+00 | Train acc: 0.4635 ± 0.0000 | Valid acc: 0.4252 ± 0.0000 | Valid Power: 0.0023 | Train Power: 0.0023 | patience:  68 | lr: 0.00078125 | Epoch time: 0.2 |

2024-09-10 00:00:17,024 - INFO -
| Epoch:    870 | Train loss: 1.4686e+00 | Valid loss: 1.5210e+00 | Train acc: 0.4635 ± 0.0000 | Valid acc: 0.4331 ± 0.0000 | Valid Power: 0.0023 | Train Power: 0.0023 | patience:  78 | lr: 0.00078125 | Epoch time: 0.2 |

2024-09-10 00:00:18,614 - INFO -
| Epoch:    880 | Train loss: 1.4680e+00 | Valid loss: 1.5221e+00 | Train acc: 0.4610 ± 0.0000 | Valid acc: 0.4252 ± 0.0000 | Valid Power: 0.0023 | Train Power: 0.0023 | patience:  88 | lr: 0.00078125 | Epoch time: 0.2 |

2024-09-10 00:00:20,029 - INFO -
| Epoch:    890 | Train loss: 1.4674e+00 | Valid loss: 1.5233e+00 | Train acc: 0.4610 ± 0.0000 | Valid acc: 0.4252 ± 0.0000 | Valid Power: 0.0023 | Train Power: 0.0023 | patience:  98 | lr: 0.00078125 | Epoch time: 0.1 |

2024-09-10 00:00:20,454 - INFO -
load best network to warm start training with lower lr.

2024-09-10 00:00:20,454 - INFO -
lr update to 0.000390625.

2024-09-10 00:00:21,433 - INFO -
| Epoch:    900 | Train loss: 1.4886e+00 | Valid loss: 1.4992e+00 | Train acc: 0.4584 ± 0.0000 | Valid acc: 0.4567 ± 0.0000 | Valid Power: 0.0018 | Train Power: 0.0018 | patience:   7 | lr: 0.000390625 | Epoch time: 0.1 |

2024-09-10 00:00:22,850 - INFO -
| Epoch:    910 | Train loss: 1.4840e+00 | Valid loss: 1.5074e+00 | Train acc: 0.4635 ± 0.0000 | Valid acc: 0.4488 ± 0.0000 | Valid Power: 0.0018 | Train Power: 0.0018 | patience:  17 | lr: 0.000390625 | Epoch time: 0.1 |

2024-09-10 00:00:24,238 - INFO -
| Epoch:    920 | Train loss: 1.4815e+00 | Valid loss: 1.5104e+00 | Train acc: 0.4685 ± 0.0000 | Valid acc: 0.4409 ± 0.0000 | Valid Power: 0.0018 | Train Power: 0.0018 | patience:  27 | lr: 0.000390625 | Epoch time: 0.1 |

2024-09-10 00:00:25,628 - INFO -
| Epoch:    930 | Train loss: 1.4804e+00 | Valid loss: 1.5131e+00 | Train acc: 0.4660 ± 0.0000 | Valid acc: 0.4488 ± 0.0000 | Valid Power: 0.0019 | Train Power: 0.0019 | patience:  37 | lr: 0.000390625 | Epoch time: 0.1 |

2024-09-10 00:00:27,092 - INFO -
| Epoch:    940 | Train loss: 1.4786e+00 | Valid loss: 1.5146e+00 | Train acc: 0.4660 ± 0.0000 | Valid acc: 0.4488 ± 0.0000 | Valid Power: 0.0019 | Train Power: 0.0019 | patience:  47 | lr: 0.000390625 | Epoch time: 0.1 |

2024-09-10 00:00:28,489 - INFO -
| Epoch:    950 | Train loss: 1.4764e+00 | Valid loss: 1.5166e+00 | Train acc: 0.4685 ± 0.0000 | Valid acc: 0.4488 ± 0.0000 | Valid Power: 0.0019 | Train Power: 0.0019 | patience:  57 | lr: 0.000390625 | Epoch time: 0.1 |

2024-09-10 00:00:29,894 - INFO -
| Epoch:    960 | Train loss: 1.4742e+00 | Valid loss: 1.5144e+00 | Train acc: 0.4685 ± 0.0000 | Valid acc: 0.4488 ± 0.0000 | Valid Power: 0.0019 | Train Power: 0.0019 | patience:  67 | lr: 0.000390625 | Epoch time: 0.1 |

2024-09-10 00:00:31,301 - INFO -
| Epoch:    970 | Train loss: 1.4739e+00 | Valid loss: 1.5118e+00 | Train acc: 0.4685 ± 0.0000 | Valid acc: 0.4488 ± 0.0000 | Valid Power: 0.0019 | Train Power: 0.0019 | patience:  77 | lr: 0.000390625 | Epoch time: 0.1 |

2024-09-10 00:00:32,677 - INFO -
| Epoch:    980 | Train loss: 1.4735e+00 | Valid loss: 1.5108e+00 | Train acc: 0.4685 ± 0.0000 | Valid acc: 0.4488 ± 0.0000 | Valid Power: 0.0019 | Train Power: 0.0019 | patience:  87 | lr: 0.000390625 | Epoch time: 0.1 |

2024-09-10 00:00:34,053 - INFO -
| Epoch:    990 | Train loss: 1.4731e+00 | Valid loss: 1.5103e+00 | Train acc: 0.4685 ± 0.0000 | Valid acc: 0.4488 ± 0.0000 | Valid Power: 0.0019 | Train Power: 0.0019 | patience:  97 | lr: 0.000390625 | Epoch time: 0.1 |

2024-09-10 00:00:34,612 - INFO -
load best network to warm start training with lower lr.

2024-09-10 00:00:34,612 - INFO -
lr update to 0.0001953125.

2024-09-10 00:00:35,439 - INFO -
| Epoch:   1000 | Train loss: 1.4936e+00 | Valid loss: 1.4971e+00 | Train acc: 0.4534 ± 0.0000 | Valid acc: 0.4646 ± 0.0000 | Valid Power: 0.0018 | Train Power: 0.0017 | patience:   6 | lr: 0.0001953125 | Epoch time: 0.1 |

2024-09-10 00:00:36,880 - INFO -
| Epoch:   1010 | Train loss: 1.4869e+00 | Valid loss: 1.5001e+00 | Train acc: 0.4635 ± 0.0000 | Valid acc: 0.4567 ± 0.0000 | Valid Power: 0.0018 | Train Power: 0.0018 | patience:  16 | lr: 0.0001953125 | Epoch time: 0.1 |

2024-09-10 00:00:38,254 - INFO -
| Epoch:   1020 | Train loss: 1.4845e+00 | Valid loss: 1.5042e+00 | Train acc: 0.4635 ± 0.0000 | Valid acc: 0.4488 ± 0.0000 | Valid Power: 0.0018 | Train Power: 0.0018 | patience:  26 | lr: 0.0001953125 | Epoch time: 0.1 |

2024-09-10 00:00:39,635 - INFO -
| Epoch:   1030 | Train loss: 1.4841e+00 | Valid loss: 1.5065e+00 | Train acc: 0.4635 ± 0.0000 | Valid acc: 0.4488 ± 0.0000 | Valid Power: 0.0018 | Train Power: 0.0018 | patience:  36 | lr: 0.0001953125 | Epoch time: 0.1 |

2024-09-10 00:00:41,011 - INFO -
| Epoch:   1040 | Train loss: 1.4833e+00 | Valid loss: 1.5084e+00 | Train acc: 0.4660 ± 0.0000 | Valid acc: 0.4488 ± 0.0000 | Valid Power: 0.0018 | Train Power: 0.0018 | patience:  46 | lr: 0.0001953125 | Epoch time: 0.1 |

2024-09-10 00:00:42,387 - INFO -
| Epoch:   1050 | Train loss: 1.4818e+00 | Valid loss: 1.5090e+00 | Train acc: 0.4685 ± 0.0000 | Valid acc: 0.4409 ± 0.0000 | Valid Power: 0.0018 | Train Power: 0.0018 | patience:  56 | lr: 0.0001953125 | Epoch time: 0.1 |

2024-09-10 00:00:43,767 - INFO -
| Epoch:   1060 | Train loss: 1.4810e+00 | Valid loss: 1.5093e+00 | Train acc: 0.4660 ± 0.0000 | Valid acc: 0.4409 ± 0.0000 | Valid Power: 0.0018 | Train Power: 0.0018 | patience:  66 | lr: 0.0001953125 | Epoch time: 0.1 |

2024-09-10 00:00:45,155 - INFO -
| Epoch:   1070 | Train loss: 1.4806e+00 | Valid loss: 1.5096e+00 | Train acc: 0.4660 ± 0.0000 | Valid acc: 0.4409 ± 0.0000 | Valid Power: 0.0018 | Train Power: 0.0018 | patience:  76 | lr: 0.0001953125 | Epoch time: 0.1 |

2024-09-10 00:00:46,533 - INFO -
| Epoch:   1080 | Train loss: 1.4802e+00 | Valid loss: 1.5101e+00 | Train acc: 0.4660 ± 0.0000 | Valid acc: 0.4488 ± 0.0000 | Valid Power: 0.0018 | Train Power: 0.0018 | patience:  86 | lr: 0.0001953125 | Epoch time: 0.1 |

2024-09-10 00:00:47,910 - INFO -
| Epoch:   1090 | Train loss: 1.4795e+00 | Valid loss: 1.5108e+00 | Train acc: 0.4660 ± 0.0000 | Valid acc: 0.4488 ± 0.0000 | Valid Power: 0.0018 | Train Power: 0.0018 | patience:  96 | lr: 0.0001953125 | Epoch time: 0.1 |

2024-09-10 00:00:48,680 - INFO -
load best network to warm start training with lower lr.

2024-09-10 00:00:48,680 - INFO -
lr update to 9.765625e-05.

2024-09-10 00:00:48,680 - INFO -
Early stop.

2024-09-10 00:00:48,686 - INFO -
Training if finished.

2024-09-12 13:58:07,419 - INFO -
Configuration: 
gmin                0.01
gmax                10.0
T                   0.1
m                   0.3
type_nonlinear      normal
act                 tanh
ACT_R1n             12.7865
ACT_R2n             -3.1871
ACT_W1n             -10.4537
ACT_L1n             10.546
ACT_W2n             -5.8496
ACT_L2n             4.2337
S_R1n               -11.7481
S_R2n               -0.3905
S_W1n               -9.169
S_L1n               0.3913
S_W2n               7.2004
S_L2n               15.5558
ReLU_RHn            -1.9557
ReLU_RLn            -20.1581
ReLU_RDn            16.6486
ReLU_RBn            -14.3472
ReLU_Wn             16.655
ReLU_Ln             -21.7591
HS_Rn               -0.3766
HS_Wn               0.5192
HS_Ln               4.6293
NEG_R1n             -7.0846
NEG_R2n             -2.5695
NEG_R3n             16.1542
NEG_W1n             13.8696
NEG_L1n             2.7635
NEG_W2n             1.2674
NEG_L2n             -10.4803
NEG_W3n             -6.4386
NEG_L3n             5.1005
task                normal
DATASET             8
DataPath            ./dataset
InputNoise          0.0
IN_test             0.0
R_train             1
R_test              1
N_time              32
pathnorm            False
hidden              [3]
skipconnection      False
SEED                3
DEVICE              cpu
PATIENCE            500
EPOCH               10000000000
LR                  0.1
PROGRESSIVE         True
LR_PATIENCE         100
LR_DECAY            0.5
LR_MIN              0.0001
metric              acc
SoftEva             True
TIMELIMITATION      71
MODE                nominal
M_train             1
K_train             1
M_test              1
K_test              1
t_test_max          1
integration         MC
N_train             1
e_train             0.0
N_test              100
e_test              0.1
e_fault             2
fault_ratio         0.0
N_fault             50
e_fault_test        0
N_fault_test        50
dropout             0.0
lagrangian_loss     False
rho                 100
powerestimator      none
powerbalance        0.0
estimatorbalance    0.0
pgmin               1e-07
power_ratio         1000
lambda_P            100
areaestimator       none
areabalance         0.0
area_theta          0.15
area_act            30.0
area_neg            22.7
lambda_A            0.001
lnc                 False
projectname         tanh_0_FaultAnalysisNormal
temppath            ./tanh_0_FaultAnalysisNormal/temp/
logfilepath         ./tanh_0_FaultAnalysisNormal/log/
report_freq         10
recording           False
recordpath          ./tanh_0_FaultAnalysisNormal/record/
savepath            ./tanh_0_FaultAnalysisNormal/models/
loglevel            info


2024-09-12 13:58:07,448 - INFO -
Training network on device: cpu.

2024-09-12 13:58:07,449 - INFO -
Training setup: data_08_pendigits_seed_03_epsilon_0.0_dropout_0.0_fault_ratio_0.0.model.

2024-09-12 13:58:07,449 - INFO -
{'dataname': 'pendigits', 'N_feature': 16, 'N_class': 10, 'N_train': 397, 'N_valid': 127, 'N_test': 79}

2024-09-12 13:58:07,449 - INFO -
Training was already finished.

