2024-09-09 04:07:29,239 - INFO -
Configuration: 
gmin                0.01
gmax                10.0
T                   0.1
m                   0.3
type_nonlinear      normal
act                 tanh
ACT_R1n             12.7865
ACT_R2n             -3.1871
ACT_W1n             -10.4537
ACT_L1n             10.546
ACT_W2n             -5.8496
ACT_L2n             4.2337
S_R1n               -11.7481
S_R2n               -0.3905
S_W1n               -9.169
S_L1n               0.3913
S_W2n               7.2004
S_L2n               15.5558
ReLU_RHn            -1.9557
ReLU_RLn            -20.1581
ReLU_RDn            16.6486
ReLU_RBn            -14.3472
ReLU_Wn             16.655
ReLU_Ln             -21.7591
HS_Rn               -0.3766
HS_Wn               0.5192
HS_Ln               4.6293
NEG_R1n             -7.0846
NEG_R2n             -2.5695
NEG_R3n             16.1542
NEG_W1n             13.8696
NEG_L1n             2.7635
NEG_W2n             1.2674
NEG_L2n             -10.4803
NEG_W3n             -6.4386
NEG_L3n             5.1005
task                normal
DATASET             7
DataPath            ./dataset
InputNoise          0.0
IN_test             0.0
R_train             1
R_test              1
N_time              32
pathnorm            False
hidden              [3]
skipconnection      False
SEED                8
DEVICE              cpu
PATIENCE            500
EPOCH               10000000000
LR                  0.1
PROGRESSIVE         True
LR_PATIENCE         100
LR_DECAY            0.5
LR_MIN              0.0001
metric              acc
SoftEva             True
TIMELIMITATION      71
MODE                nominal
M_train             1
K_train             1
M_test              1
K_test              1
t_test_max          1
integration         MC
N_train             1
e_train             0.0
N_test              100
e_test              0.1
e_fault             2
fault_ratio         0.0
N_fault             50
e_fault_test        0
N_fault_test        50
dropout             0.0
lagrangian_loss     False
rho                 100
powerestimator      none
powerbalance        0.0
estimatorbalance    0.0
pgmin               1e-07
power_ratio         1000
lambda_P            100
areaestimator       none
areabalance         0.0
area_theta          0.15
area_act            30.0
area_neg            22.7
lambda_A            0.001
lnc                 False
projectname         tanh_0_FaultAnalysisNormal
temppath            ./tanh_0_FaultAnalysisNormal/temp/
logfilepath         ./tanh_0_FaultAnalysisNormal/log/
report_freq         10
recording           False
recordpath          ./tanh_0_FaultAnalysisNormal/record/
savepath            ./tanh_0_FaultAnalysisNormal/models/
loglevel            info


2024-09-09 04:07:29,240 - INFO -
Training network on device: cpu.

2024-09-09 04:07:29,240 - INFO -
Training setup: data_07_mammographic_seed_08_epsilon_0.0_dropout_0.0_fault_ratio_0.0.model.

2024-09-09 04:07:29,240 - INFO -
{'dataname': 'mammographic', 'N_feature': 5, 'N_class': 2, 'N_train': 397, 'N_valid': 127, 'N_test': 79}

2024-09-09 04:07:29,240 - INFO -
Topology of the network: [5, 3, 2].

2024-09-09 04:07:31,181 - INFO -
| Epoch:      0 | Train loss: 6.9311e-01 | Valid loss: 6.6428e-01 | Train acc: 0.5592 ± 0.0000 | Valid acc: 0.5354 ± 0.0000 | Valid Power: 0.0007 | Train Power: 0.0004 | patience:   0 | lr: 0.1 | Epoch time: 0.1 |

2024-09-09 04:07:32,287 - INFO -
| Epoch:     10 | Train loss: 5.6132e-01 | Valid loss: 5.2036e-01 | Train acc: 0.7607 ± 0.0000 | Valid acc: 0.7953 ± 0.0000 | Valid Power: 0.0006 | Train Power: 0.0091 | patience:   0 | lr: 0.1 | Epoch time: 0.1 |

2024-09-09 04:07:33,387 - INFO -
| Epoch:     20 | Train loss: 5.1831e-01 | Valid loss: 4.8312e-01 | Train acc: 0.7657 ± 0.0000 | Valid acc: 0.7874 ± 0.0000 | Valid Power: 0.0006 | Train Power: 0.0006 | patience:   6 | lr: 0.1 | Epoch time: 0.1 |

2024-09-09 04:07:34,489 - INFO -
| Epoch:     30 | Train loss: 5.0680e-01 | Valid loss: 4.5660e-01 | Train acc: 0.7834 ± 0.0000 | Valid acc: 0.7953 ± 0.0000 | Valid Power: 0.0005 | Train Power: 0.0006 | patience:   1 | lr: 0.1 | Epoch time: 0.1 |

2024-09-09 04:07:35,579 - INFO -
| Epoch:     40 | Train loss: 5.0162e-01 | Valid loss: 4.4829e-01 | Train acc: 0.7834 ± 0.0000 | Valid acc: 0.8031 ± 0.0000 | Valid Power: 0.0005 | Train Power: 0.0005 | patience:   0 | lr: 0.1 | Epoch time: 0.1 |

2024-09-09 04:07:36,760 - INFO -
| Epoch:     50 | Train loss: 4.9712e-01 | Valid loss: 4.4693e-01 | Train acc: 0.7834 ± 0.0000 | Valid acc: 0.7953 ± 0.0000 | Valid Power: 0.0006 | Train Power: 0.0006 | patience:   7 | lr: 0.1 | Epoch time: 0.1 |

2024-09-09 04:07:37,843 - INFO -
| Epoch:     60 | Train loss: 4.9471e-01 | Valid loss: 4.4424e-01 | Train acc: 0.7834 ± 0.0000 | Valid acc: 0.7953 ± 0.0000 | Valid Power: 0.0006 | Train Power: 0.0006 | patience:   4 | lr: 0.1 | Epoch time: 0.1 |

2024-09-09 04:07:38,942 - INFO -
| Epoch:     70 | Train loss: 4.9093e-01 | Valid loss: 4.3783e-01 | Train acc: 0.7884 ± 0.0000 | Valid acc: 0.8031 ± 0.0000 | Valid Power: 0.0006 | Train Power: 0.0006 | patience:   0 | lr: 0.1 | Epoch time: 0.1 |

2024-09-09 04:07:40,035 - INFO -
| Epoch:     80 | Train loss: 4.8918e-01 | Valid loss: 4.3563e-01 | Train acc: 0.7884 ± 0.0000 | Valid acc: 0.8031 ± 0.0000 | Valid Power: 0.0006 | Train Power: 0.0006 | patience:   0 | lr: 0.1 | Epoch time: 0.1 |

2024-09-09 04:07:41,122 - INFO -
| Epoch:     90 | Train loss: 4.8492e-01 | Valid loss: 4.3708e-01 | Train acc: 0.7884 ± 0.0000 | Valid acc: 0.8031 ± 0.0000 | Valid Power: 0.0006 | Train Power: 0.0006 | patience:   3 | lr: 0.1 | Epoch time: 0.1 |

2024-09-09 04:07:42,216 - INFO -
| Epoch:    100 | Train loss: 4.8371e-01 | Valid loss: 4.3484e-01 | Train acc: 0.7859 ± 0.0000 | Valid acc: 0.8031 ± 0.0000 | Valid Power: 0.0006 | Train Power: 0.0006 | patience:   0 | lr: 0.1 | Epoch time: 0.1 |

2024-09-09 04:07:43,301 - INFO -
| Epoch:    110 | Train loss: 4.8426e-01 | Valid loss: 4.3093e-01 | Train acc: 0.7783 ± 0.0000 | Valid acc: 0.8031 ± 0.0000 | Valid Power: 0.0006 | Train Power: 0.0006 | patience:   0 | lr: 0.1 | Epoch time: 0.1 |

2024-09-09 04:07:44,381 - INFO -
| Epoch:    120 | Train loss: 4.8217e-01 | Valid loss: 4.3641e-01 | Train acc: 0.7809 ± 0.0000 | Valid acc: 0.8110 ± 0.0000 | Valid Power: 0.0006 | Train Power: 0.0006 | patience:   7 | lr: 0.1 | Epoch time: 0.1 |

2024-09-09 04:07:45,454 - INFO -
| Epoch:    130 | Train loss: 4.8257e-01 | Valid loss: 4.3353e-01 | Train acc: 0.7783 ± 0.0000 | Valid acc: 0.7953 ± 0.0000 | Valid Power: 0.0006 | Train Power: 0.0006 | patience:  17 | lr: 0.1 | Epoch time: 0.1 |

2024-09-09 04:07:46,533 - INFO -
| Epoch:    140 | Train loss: 4.8034e-01 | Valid loss: 4.4027e-01 | Train acc: 0.7809 ± 0.0000 | Valid acc: 0.8031 ± 0.0000 | Valid Power: 0.0006 | Train Power: 0.0006 | patience:   9 | lr: 0.1 | Epoch time: 0.1 |

2024-09-09 04:07:47,610 - INFO -
| Epoch:    150 | Train loss: 5.0724e-01 | Valid loss: 4.8635e-01 | Train acc: 0.7632 ± 0.0000 | Valid acc: 0.7717 ± 0.0000 | Valid Power: 0.0006 | Train Power: 0.0006 | patience:   8 | lr: 0.1 | Epoch time: 0.1 |

2024-09-09 04:07:48,698 - INFO -
| Epoch:    160 | Train loss: 4.8615e-01 | Valid loss: 4.1937e-01 | Train acc: 0.7884 ± 0.0000 | Valid acc: 0.8346 ± 0.0000 | Valid Power: 0.0008 | Train Power: 0.0006 | patience:   0 | lr: 0.1 | Epoch time: 0.1 |

2024-09-09 04:07:49,778 - INFO -
| Epoch:    170 | Train loss: 4.7619e-01 | Valid loss: 4.2097e-01 | Train acc: 0.7935 ± 0.0000 | Valid acc: 0.8268 ± 0.0000 | Valid Power: 0.0006 | Train Power: 0.0027 | patience:   4 | lr: 0.1 | Epoch time: 0.1 |

2024-09-09 04:07:50,856 - INFO -
| Epoch:    180 | Train loss: 4.7523e-01 | Valid loss: 4.2446e-01 | Train acc: 0.7935 ± 0.0000 | Valid acc: 0.8268 ± 0.0000 | Valid Power: 0.0006 | Train Power: 0.0006 | patience:   5 | lr: 0.1 | Epoch time: 0.1 |

2024-09-09 04:07:51,932 - INFO -
| Epoch:    190 | Train loss: 4.6982e-01 | Valid loss: 4.3556e-01 | Train acc: 0.7909 ± 0.0000 | Valid acc: 0.7953 ± 0.0000 | Valid Power: 0.0006 | Train Power: 0.0006 | patience:  15 | lr: 0.1 | Epoch time: 0.1 |

2024-09-09 04:07:53,014 - INFO -
| Epoch:    200 | Train loss: 4.6951e-01 | Valid loss: 4.4210e-01 | Train acc: 0.7960 ± 0.0000 | Valid acc: 0.7953 ± 0.0000 | Valid Power: 0.0006 | Train Power: 0.0006 | patience:  25 | lr: 0.1 | Epoch time: 0.1 |

2024-09-09 04:07:54,090 - INFO -
| Epoch:    210 | Train loss: 4.7903e-01 | Valid loss: 4.2724e-01 | Train acc: 0.7809 ± 0.0000 | Valid acc: 0.8268 ± 0.0000 | Valid Power: 0.0006 | Train Power: 0.0006 | patience:  35 | lr: 0.1 | Epoch time: 0.1 |

2024-09-09 04:07:55,167 - INFO -
| Epoch:    220 | Train loss: 5.1190e-01 | Valid loss: 4.7918e-01 | Train acc: 0.7481 ± 0.0000 | Valid acc: 0.7480 ± 0.0000 | Valid Power: 0.0006 | Train Power: 0.0006 | patience:  45 | lr: 0.1 | Epoch time: 0.1 |

2024-09-09 04:07:56,243 - INFO -
| Epoch:    230 | Train loss: 4.8110e-01 | Valid loss: 4.5551e-01 | Train acc: 0.7859 ± 0.0000 | Valid acc: 0.8110 ± 0.0000 | Valid Power: 0.0005 | Train Power: 0.0005 | patience:  55 | lr: 0.1 | Epoch time: 0.1 |

2024-09-09 04:07:57,328 - INFO -
| Epoch:    240 | Train loss: 4.8210e-01 | Valid loss: 4.3837e-01 | Train acc: 0.7683 ± 0.0000 | Valid acc: 0.8110 ± 0.0000 | Valid Power: 0.0006 | Train Power: 0.0006 | patience:  65 | lr: 0.1 | Epoch time: 0.1 |

2024-09-09 04:07:58,417 - INFO -
| Epoch:    250 | Train loss: 4.7292e-01 | Valid loss: 4.2783e-01 | Train acc: 0.7884 ± 0.0000 | Valid acc: 0.8110 ± 0.0000 | Valid Power: 0.0006 | Train Power: 0.0006 | patience:  75 | lr: 0.1 | Epoch time: 0.1 |

2024-09-09 04:07:59,504 - INFO -
| Epoch:    260 | Train loss: 4.7123e-01 | Valid loss: 4.3307e-01 | Train acc: 0.7834 ± 0.0000 | Valid acc: 0.8110 ± 0.0000 | Valid Power: 0.0006 | Train Power: 0.0006 | patience:  85 | lr: 0.1 | Epoch time: 0.1 |

2024-09-09 04:08:00,581 - INFO -
| Epoch:    270 | Train loss: 4.6930e-01 | Valid loss: 4.2828e-01 | Train acc: 0.7884 ± 0.0000 | Valid acc: 0.8110 ± 0.0000 | Valid Power: 0.0007 | Train Power: 0.0006 | patience:  95 | lr: 0.1 | Epoch time: 0.1 |

2024-09-09 04:08:01,230 - INFO -
load best network to warm start training with lower lr.

2024-09-09 04:08:01,230 - INFO -
lr update to 0.05.

2024-09-09 04:08:01,662 - INFO -
| Epoch:    280 | Train loss: 4.7795e-01 | Valid loss: 4.2278e-01 | Train acc: 0.7909 ± 0.0000 | Valid acc: 0.8110 ± 0.0000 | Valid Power: 0.0006 | Train Power: 0.0009 | patience:   4 | lr: 0.05 | Epoch time: 0.1 |

2024-09-09 04:08:02,837 - INFO -
| Epoch:    290 | Train loss: 4.7371e-01 | Valid loss: 4.3075e-01 | Train acc: 0.8010 ± 0.0000 | Valid acc: 0.8189 ± 0.0000 | Valid Power: 0.0006 | Train Power: 0.0006 | patience:   9 | lr: 0.05 | Epoch time: 0.1 |

2024-09-09 04:08:03,925 - INFO -
| Epoch:    300 | Train loss: 4.6456e-01 | Valid loss: 4.3478e-01 | Train acc: 0.8161 ± 0.0000 | Valid acc: 0.8268 ± 0.0000 | Valid Power: 0.0006 | Train Power: 0.0006 | patience:  19 | lr: 0.05 | Epoch time: 0.1 |

2024-09-09 04:08:05,004 - INFO -
| Epoch:    310 | Train loss: 4.7086e-01 | Valid loss: 4.3164e-01 | Train acc: 0.8010 ± 0.0000 | Valid acc: 0.8031 ± 0.0000 | Valid Power: 0.0006 | Train Power: 0.0006 | patience:  29 | lr: 0.05 | Epoch time: 0.1 |

2024-09-09 04:08:06,081 - INFO -
| Epoch:    320 | Train loss: 4.6388e-01 | Valid loss: 4.3688e-01 | Train acc: 0.8136 ± 0.0000 | Valid acc: 0.8189 ± 0.0000 | Valid Power: 0.0006 | Train Power: 0.0006 | patience:  39 | lr: 0.05 | Epoch time: 0.1 |

2024-09-09 04:08:07,156 - INFO -
| Epoch:    330 | Train loss: 4.6589e-01 | Valid loss: 4.3958e-01 | Train acc: 0.8060 ± 0.0000 | Valid acc: 0.8189 ± 0.0000 | Valid Power: 0.0006 | Train Power: 0.0006 | patience:  49 | lr: 0.05 | Epoch time: 0.1 |

2024-09-09 04:08:08,232 - INFO -
| Epoch:    340 | Train loss: 4.6429e-01 | Valid loss: 4.4188e-01 | Train acc: 0.8136 ± 0.0000 | Valid acc: 0.8189 ± 0.0000 | Valid Power: 0.0006 | Train Power: 0.0006 | patience:  59 | lr: 0.05 | Epoch time: 0.1 |

2024-09-09 04:08:09,312 - INFO -
| Epoch:    350 | Train loss: 4.6392e-01 | Valid loss: 4.2799e-01 | Train acc: 0.8136 ± 0.0000 | Valid acc: 0.8268 ± 0.0000 | Valid Power: 0.0006 | Train Power: 0.0006 | patience:  69 | lr: 0.05 | Epoch time: 0.1 |

2024-09-09 04:08:10,388 - INFO -
| Epoch:    360 | Train loss: 4.8672e-01 | Valid loss: 4.3916e-01 | Train acc: 0.7834 ± 0.0000 | Valid acc: 0.7953 ± 0.0000 | Valid Power: 0.0006 | Train Power: 0.0006 | patience:  79 | lr: 0.05 | Epoch time: 0.1 |

2024-09-09 04:08:11,464 - INFO -
| Epoch:    370 | Train loss: 4.7750e-01 | Valid loss: 4.5895e-01 | Train acc: 0.7809 ± 0.0000 | Valid acc: 0.7795 ± 0.0000 | Valid Power: 0.0006 | Train Power: 0.0006 | patience:  89 | lr: 0.05 | Epoch time: 0.1 |

2024-09-09 04:08:12,541 - INFO -
| Epoch:    380 | Train loss: 4.8266e-01 | Valid loss: 4.3042e-01 | Train acc: 0.7809 ± 0.0000 | Valid acc: 0.8268 ± 0.0000 | Valid Power: 0.0006 | Train Power: 0.0006 | patience:  99 | lr: 0.05 | Epoch time: 0.1 |

2024-09-09 04:08:12,759 - INFO -
load best network to warm start training with lower lr.

2024-09-09 04:08:12,759 - INFO -
lr update to 0.025.

2024-09-09 04:08:13,622 - INFO -
| Epoch:    390 | Train loss: 4.7266e-01 | Valid loss: 4.3291e-01 | Train acc: 0.8010 ± 0.0000 | Valid acc: 0.8189 ± 0.0000 | Valid Power: 0.0006 | Train Power: 0.0006 | patience:   8 | lr: 0.025 | Epoch time: 0.1 |

2024-09-09 04:08:14,699 - INFO -
| Epoch:    400 | Train loss: 4.6573e-01 | Valid loss: 4.3720e-01 | Train acc: 0.8161 ± 0.0000 | Valid acc: 0.8189 ± 0.0000 | Valid Power: 0.0006 | Train Power: 0.0006 | patience:  18 | lr: 0.025 | Epoch time: 0.1 |

2024-09-09 04:08:15,775 - INFO -
| Epoch:    410 | Train loss: 4.6344e-01 | Valid loss: 4.3535e-01 | Train acc: 0.8186 ± 0.0000 | Valid acc: 0.8189 ± 0.0000 | Valid Power: 0.0007 | Train Power: 0.0008 | patience:  28 | lr: 0.025 | Epoch time: 0.1 |

2024-09-09 04:08:16,850 - INFO -
| Epoch:    420 | Train loss: 4.6131e-01 | Valid loss: 4.3417e-01 | Train acc: 0.8212 ± 0.0000 | Valid acc: 0.8268 ± 0.0000 | Valid Power: 0.0006 | Train Power: 0.0006 | patience:  38 | lr: 0.025 | Epoch time: 0.1 |

2024-09-09 04:08:18,022 - INFO -
| Epoch:    430 | Train loss: 4.6042e-01 | Valid loss: 4.3409e-01 | Train acc: 0.8212 ± 0.0000 | Valid acc: 0.8189 ± 0.0000 | Valid Power: 0.0006 | Train Power: 0.0006 | patience:  48 | lr: 0.025 | Epoch time: 0.1 |

2024-09-09 04:08:19,108 - INFO -
| Epoch:    440 | Train loss: 4.5985e-01 | Valid loss: 4.3347e-01 | Train acc: 0.8212 ± 0.0000 | Valid acc: 0.8268 ± 0.0000 | Valid Power: 0.0006 | Train Power: 0.0006 | patience:  58 | lr: 0.025 | Epoch time: 0.1 |

2024-09-09 04:08:20,184 - INFO -
| Epoch:    450 | Train loss: 4.5900e-01 | Valid loss: 4.3257e-01 | Train acc: 0.8212 ± 0.0000 | Valid acc: 0.8268 ± 0.0000 | Valid Power: 0.0006 | Train Power: 0.0006 | patience:  68 | lr: 0.025 | Epoch time: 0.1 |

2024-09-09 04:08:21,260 - INFO -
| Epoch:    460 | Train loss: 4.5806e-01 | Valid loss: 4.3187e-01 | Train acc: 0.8212 ± 0.0000 | Valid acc: 0.8268 ± 0.0000 | Valid Power: 0.0006 | Train Power: 0.0006 | patience:  78 | lr: 0.025 | Epoch time: 0.1 |

2024-09-09 04:08:22,335 - INFO -
| Epoch:    470 | Train loss: 4.5658e-01 | Valid loss: 4.3396e-01 | Train acc: 0.8212 ± 0.0000 | Valid acc: 0.8110 ± 0.0000 | Valid Power: 0.0006 | Train Power: 0.0006 | patience:  88 | lr: 0.025 | Epoch time: 0.1 |

2024-09-09 04:08:23,413 - INFO -
| Epoch:    480 | Train loss: 4.5580e-01 | Valid loss: 4.4023e-01 | Train acc: 0.8212 ± 0.0000 | Valid acc: 0.8110 ± 0.0000 | Valid Power: 0.0006 | Train Power: 0.0006 | patience:  98 | lr: 0.025 | Epoch time: 0.1 |

2024-09-09 04:08:23,739 - INFO -
load best network to warm start training with lower lr.

2024-09-09 04:08:23,739 - INFO -
lr update to 0.0125.

2024-09-09 04:08:24,493 - INFO -
| Epoch:    490 | Train loss: 4.7727e-01 | Valid loss: 4.2478e-01 | Train acc: 0.7935 ± 0.0000 | Valid acc: 0.8189 ± 0.0000 | Valid Power: 0.0006 | Train Power: 0.0006 | patience:   7 | lr: 0.0125 | Epoch time: 0.1 |

2024-09-09 04:08:25,571 - INFO -
| Epoch:    500 | Train loss: 4.7044e-01 | Valid loss: 4.3274e-01 | Train acc: 0.8010 ± 0.0000 | Valid acc: 0.8031 ± 0.0000 | Valid Power: 0.0006 | Train Power: 0.0006 | patience:  17 | lr: 0.0125 | Epoch time: 0.1 |

2024-09-09 04:08:26,649 - INFO -
| Epoch:    510 | Train loss: 4.6655e-01 | Valid loss: 4.3063e-01 | Train acc: 0.8086 ± 0.0000 | Valid acc: 0.8189 ± 0.0000 | Valid Power: 0.0006 | Train Power: 0.0006 | patience:  27 | lr: 0.0125 | Epoch time: 0.1 |

2024-09-09 04:08:27,725 - INFO -
| Epoch:    520 | Train loss: 4.6547e-01 | Valid loss: 4.3504e-01 | Train acc: 0.8161 ± 0.0000 | Valid acc: 0.8189 ± 0.0000 | Valid Power: 0.0007 | Train Power: 0.0008 | patience:  37 | lr: 0.0125 | Epoch time: 0.1 |

2024-09-09 04:08:28,800 - INFO -
| Epoch:    530 | Train loss: 4.6488e-01 | Valid loss: 4.3242e-01 | Train acc: 0.8136 ± 0.0000 | Valid acc: 0.8189 ± 0.0000 | Valid Power: 0.0006 | Train Power: 0.0006 | patience:  47 | lr: 0.0125 | Epoch time: 0.1 |

2024-09-09 04:08:29,874 - INFO -
| Epoch:    540 | Train loss: 4.6236e-01 | Valid loss: 4.2893e-01 | Train acc: 0.8111 ± 0.0000 | Valid acc: 0.8110 ± 0.0000 | Valid Power: 0.0006 | Train Power: 0.0006 | patience:  57 | lr: 0.0125 | Epoch time: 0.1 |

2024-09-09 04:08:30,951 - INFO -
| Epoch:    550 | Train loss: 4.5943e-01 | Valid loss: 4.3647e-01 | Train acc: 0.8212 ± 0.0000 | Valid acc: 0.8110 ± 0.0000 | Valid Power: 0.0006 | Train Power: 0.0006 | patience:  67 | lr: 0.0125 | Epoch time: 0.1 |

2024-09-09 04:08:32,029 - INFO -
| Epoch:    560 | Train loss: 4.5861e-01 | Valid loss: 4.3884e-01 | Train acc: 0.8212 ± 0.0000 | Valid acc: 0.8110 ± 0.0000 | Valid Power: 0.0006 | Train Power: 0.0006 | patience:  77 | lr: 0.0125 | Epoch time: 0.1 |

2024-09-09 04:08:33,107 - INFO -
| Epoch:    570 | Train loss: 4.5808e-01 | Valid loss: 4.3797e-01 | Train acc: 0.8212 ± 0.0000 | Valid acc: 0.8110 ± 0.0000 | Valid Power: 0.0006 | Train Power: 0.0006 | patience:  87 | lr: 0.0125 | Epoch time: 0.1 |

2024-09-09 04:08:34,185 - INFO -
| Epoch:    580 | Train loss: 4.5771e-01 | Valid loss: 4.3700e-01 | Train acc: 0.8212 ± 0.0000 | Valid acc: 0.8110 ± 0.0000 | Valid Power: 0.0006 | Train Power: 0.0006 | patience:  97 | lr: 0.0125 | Epoch time: 0.1 |

2024-09-09 04:08:34,619 - INFO -
load best network to warm start training with lower lr.

2024-09-09 04:08:34,619 - INFO -
lr update to 0.00625.

2024-09-09 04:08:35,270 - INFO -
| Epoch:    590 | Train loss: 4.7664e-01 | Valid loss: 4.2798e-01 | Train acc: 0.7935 ± 0.0000 | Valid acc: 0.7953 ± 0.0000 | Valid Power: 0.0006 | Train Power: 0.0006 | patience:   5 | lr: 0.00625 | Epoch time: 0.1 |

2024-09-09 04:08:36,347 - INFO -
| Epoch:    600 | Train loss: 4.7312e-01 | Valid loss: 4.2831e-01 | Train acc: 0.7985 ± 0.0000 | Valid acc: 0.8110 ± 0.0000 | Valid Power: 0.0006 | Train Power: 0.0006 | patience:  15 | lr: 0.00625 | Epoch time: 0.1 |

2024-09-09 04:08:37,423 - INFO -
| Epoch:    610 | Train loss: 4.7135e-01 | Valid loss: 4.3167e-01 | Train acc: 0.8010 ± 0.0000 | Valid acc: 0.8110 ± 0.0000 | Valid Power: 0.0007 | Train Power: 0.0007 | patience:  25 | lr: 0.00625 | Epoch time: 0.1 |

2024-09-09 04:08:38,506 - INFO -
| Epoch:    620 | Train loss: 4.6845e-01 | Valid loss: 4.3425e-01 | Train acc: 0.8035 ± 0.0000 | Valid acc: 0.8031 ± 0.0000 | Valid Power: 0.0006 | Train Power: 0.0006 | patience:  35 | lr: 0.00625 | Epoch time: 0.1 |

2024-09-09 04:08:39,584 - INFO -
| Epoch:    630 | Train loss: 4.6799e-01 | Valid loss: 4.3336e-01 | Train acc: 0.8060 ± 0.0000 | Valid acc: 0.8110 ± 0.0000 | Valid Power: 0.0006 | Train Power: 0.0006 | patience:  45 | lr: 0.00625 | Epoch time: 0.1 |

2024-09-09 04:08:40,662 - INFO -
| Epoch:    640 | Train loss: 4.6754e-01 | Valid loss: 4.3419e-01 | Train acc: 0.8060 ± 0.0000 | Valid acc: 0.8110 ± 0.0000 | Valid Power: 0.0006 | Train Power: 0.0006 | patience:  55 | lr: 0.00625 | Epoch time: 0.1 |

2024-09-09 04:08:41,739 - INFO -
| Epoch:    650 | Train loss: 4.6718e-01 | Valid loss: 4.3391e-01 | Train acc: 0.8060 ± 0.0000 | Valid acc: 0.8110 ± 0.0000 | Valid Power: 0.0006 | Train Power: 0.0006 | patience:  65 | lr: 0.00625 | Epoch time: 0.1 |

2024-09-09 04:08:42,818 - INFO -
| Epoch:    660 | Train loss: 4.6682e-01 | Valid loss: 4.3377e-01 | Train acc: 0.8060 ± 0.0000 | Valid acc: 0.8110 ± 0.0000 | Valid Power: 0.0006 | Train Power: 0.0006 | patience:  75 | lr: 0.00625 | Epoch time: 0.1 |

2024-09-09 04:08:43,993 - INFO -
| Epoch:    670 | Train loss: 4.6625e-01 | Valid loss: 4.3333e-01 | Train acc: 0.8060 ± 0.0000 | Valid acc: 0.8110 ± 0.0000 | Valid Power: 0.0006 | Train Power: 0.0006 | patience:  85 | lr: 0.00625 | Epoch time: 0.1 |

2024-09-09 04:08:45,070 - INFO -
| Epoch:    680 | Train loss: 4.6468e-01 | Valid loss: 4.3266e-01 | Train acc: 0.8060 ± 0.0000 | Valid acc: 0.8110 ± 0.0000 | Valid Power: 0.0006 | Train Power: 0.0006 | patience:  95 | lr: 0.00625 | Epoch time: 0.1 |

2024-09-09 04:08:45,722 - INFO -
load best network to warm start training with lower lr.

2024-09-09 04:08:45,722 - INFO -
lr update to 0.003125.

2024-09-09 04:08:46,154 - INFO -
| Epoch:    690 | Train loss: 4.7774e-01 | Valid loss: 4.2294e-01 | Train acc: 0.7884 ± 0.0000 | Valid acc: 0.8031 ± 0.0000 | Valid Power: 0.0006 | Train Power: 0.0006 | patience:   4 | lr: 0.003125 | Epoch time: 0.1 |

2024-09-09 04:08:47,231 - INFO -
| Epoch:    700 | Train loss: 4.7515e-01 | Valid loss: 4.2779e-01 | Train acc: 0.7960 ± 0.0000 | Valid acc: 0.7953 ± 0.0000 | Valid Power: 0.0008 | Train Power: 0.0039 | patience:  14 | lr: 0.003125 | Epoch time: 0.1 |

2024-09-09 04:08:48,309 - INFO -
| Epoch:    710 | Train loss: 4.7438e-01 | Valid loss: 4.2301e-01 | Train acc: 0.7960 ± 0.0000 | Valid acc: 0.8031 ± 0.0000 | Valid Power: 0.0006 | Train Power: 0.0006 | patience:  24 | lr: 0.003125 | Epoch time: 0.1 |

2024-09-09 04:08:49,385 - INFO -
| Epoch:    720 | Train loss: 4.7370e-01 | Valid loss: 4.3091e-01 | Train acc: 0.8010 ± 0.0000 | Valid acc: 0.8031 ± 0.0000 | Valid Power: 0.0006 | Train Power: 0.0006 | patience:  34 | lr: 0.003125 | Epoch time: 0.1 |

2024-09-09 04:08:50,464 - INFO -
| Epoch:    730 | Train loss: 4.7210e-01 | Valid loss: 4.2959e-01 | Train acc: 0.8010 ± 0.0000 | Valid acc: 0.8110 ± 0.0000 | Valid Power: 0.0006 | Train Power: 0.0006 | patience:  44 | lr: 0.003125 | Epoch time: 0.1 |

2024-09-09 04:08:51,543 - INFO -
| Epoch:    740 | Train loss: 4.7173e-01 | Valid loss: 4.3106e-01 | Train acc: 0.8010 ± 0.0000 | Valid acc: 0.8110 ± 0.0000 | Valid Power: 0.0006 | Train Power: 0.0006 | patience:  54 | lr: 0.003125 | Epoch time: 0.1 |

2024-09-09 04:08:52,618 - INFO -
| Epoch:    750 | Train loss: 4.6888e-01 | Valid loss: 4.3286e-01 | Train acc: 0.8035 ± 0.0000 | Valid acc: 0.8031 ± 0.0000 | Valid Power: 0.0013 | Train Power: 0.0011 | patience:  64 | lr: 0.003125 | Epoch time: 0.1 |

2024-09-09 04:08:53,694 - INFO -
| Epoch:    760 | Train loss: 4.6820e-01 | Valid loss: 4.3402e-01 | Train acc: 0.8035 ± 0.0000 | Valid acc: 0.8031 ± 0.0000 | Valid Power: 0.0011 | Train Power: 0.0011 | patience:  74 | lr: 0.003125 | Epoch time: 0.1 |

2024-09-09 04:08:54,771 - INFO -
| Epoch:    770 | Train loss: 4.6797e-01 | Valid loss: 4.3454e-01 | Train acc: 0.8035 ± 0.0000 | Valid acc: 0.8031 ± 0.0000 | Valid Power: 0.0009 | Train Power: 0.0009 | patience:  84 | lr: 0.003125 | Epoch time: 0.1 |

2024-09-09 04:08:55,846 - INFO -
| Epoch:    780 | Train loss: 4.6772e-01 | Valid loss: 4.3472e-01 | Train acc: 0.8035 ± 0.0000 | Valid acc: 0.8031 ± 0.0000 | Valid Power: 0.0008 | Train Power: 0.0008 | patience:  94 | lr: 0.003125 | Epoch time: 0.1 |

2024-09-09 04:08:56,602 - INFO -
load best network to warm start training with lower lr.

2024-09-09 04:08:56,602 - INFO -
lr update to 0.0015625.

2024-09-09 04:08:56,925 - INFO -
| Epoch:    790 | Train loss: 4.8218e-01 | Valid loss: 4.1602e-01 | Train acc: 0.7909 ± 0.0000 | Valid acc: 0.8189 ± 0.0000 | Valid Power: 0.0006 | Train Power: 0.0006 | patience:   3 | lr: 0.0015625 | Epoch time: 0.1 |

2024-09-09 04:08:58,003 - INFO -
| Epoch:    800 | Train loss: 4.7656e-01 | Valid loss: 4.2575e-01 | Train acc: 0.7935 ± 0.0000 | Valid acc: 0.8031 ± 0.0000 | Valid Power: 0.0006 | Train Power: 0.0006 | patience:  13 | lr: 0.0015625 | Epoch time: 0.1 |

2024-09-09 04:08:59,152 - INFO -
| Epoch:    810 | Train loss: 4.7628e-01 | Valid loss: 4.2648e-01 | Train acc: 0.7935 ± 0.0000 | Valid acc: 0.8031 ± 0.0000 | Valid Power: 0.0006 | Train Power: 0.0006 | patience:  23 | lr: 0.0015625 | Epoch time: 0.1 |

2024-09-09 04:09:00,229 - INFO -
| Epoch:    820 | Train loss: 4.7516e-01 | Valid loss: 4.2403e-01 | Train acc: 0.7960 ± 0.0000 | Valid acc: 0.8031 ± 0.0000 | Valid Power: 0.0008 | Train Power: 0.0009 | patience:  33 | lr: 0.0015625 | Epoch time: 0.1 |

2024-09-09 04:09:01,306 - INFO -
| Epoch:    830 | Train loss: 4.7490e-01 | Valid loss: 4.2473e-01 | Train acc: 0.7960 ± 0.0000 | Valid acc: 0.8031 ± 0.0000 | Valid Power: 0.0007 | Train Power: 0.0007 | patience:  43 | lr: 0.0015625 | Epoch time: 0.1 |

2024-09-09 04:09:02,383 - INFO -
| Epoch:    840 | Train loss: 4.7462e-01 | Valid loss: 4.2613e-01 | Train acc: 0.7985 ± 0.0000 | Valid acc: 0.8031 ± 0.0000 | Valid Power: 0.0006 | Train Power: 0.0006 | patience:  53 | lr: 0.0015625 | Epoch time: 0.1 |

2024-09-09 04:09:03,459 - INFO -
| Epoch:    850 | Train loss: 4.7143e-01 | Valid loss: 4.2511e-01 | Train acc: 0.8010 ± 0.0000 | Valid acc: 0.8031 ± 0.0000 | Valid Power: 0.0006 | Train Power: 0.0006 | patience:  63 | lr: 0.0015625 | Epoch time: 0.1 |

2024-09-09 04:09:04,544 - INFO -
| Epoch:    860 | Train loss: 4.7085e-01 | Valid loss: 4.2557e-01 | Train acc: 0.8010 ± 0.0000 | Valid acc: 0.8031 ± 0.0000 | Valid Power: 0.0006 | Train Power: 0.0006 | patience:  73 | lr: 0.0015625 | Epoch time: 0.1 |

2024-09-09 04:09:05,626 - INFO -
| Epoch:    870 | Train loss: 4.7023e-01 | Valid loss: 4.2569e-01 | Train acc: 0.7985 ± 0.0000 | Valid acc: 0.8031 ± 0.0000 | Valid Power: 0.0006 | Train Power: 0.0006 | patience:  83 | lr: 0.0015625 | Epoch time: 0.1 |

2024-09-09 04:09:06,698 - INFO -
| Epoch:    880 | Train loss: 4.6994e-01 | Valid loss: 4.2565e-01 | Train acc: 0.7985 ± 0.0000 | Valid acc: 0.8031 ± 0.0000 | Valid Power: 0.0006 | Train Power: 0.0006 | patience:  93 | lr: 0.0015625 | Epoch time: 0.1 |

2024-09-09 04:09:07,559 - INFO -
load best network to warm start training with lower lr.

2024-09-09 04:09:07,559 - INFO -
lr update to 0.00078125.

2024-09-09 04:09:07,773 - INFO -
| Epoch:    890 | Train loss: 4.8330e-01 | Valid loss: 4.1474e-01 | Train acc: 0.7909 ± 0.0000 | Valid acc: 0.8189 ± 0.0000 | Valid Power: 0.0006 | Train Power: 0.0006 | patience:   2 | lr: 0.00078125 | Epoch time: 0.1 |

2024-09-09 04:09:08,844 - INFO -
| Epoch:    900 | Train loss: 4.7835e-01 | Valid loss: 4.1946e-01 | Train acc: 0.7909 ± 0.0000 | Valid acc: 0.8110 ± 0.0000 | Valid Power: 0.0006 | Train Power: 0.0006 | patience:  12 | lr: 0.00078125 | Epoch time: 0.1 |

2024-09-09 04:09:09,914 - INFO -
| Epoch:    910 | Train loss: 4.7627e-01 | Valid loss: 4.2517e-01 | Train acc: 0.7909 ± 0.0000 | Valid acc: 0.8031 ± 0.0000 | Valid Power: 0.0006 | Train Power: 0.0006 | patience:  22 | lr: 0.00078125 | Epoch time: 0.1 |

2024-09-09 04:09:10,985 - INFO -
| Epoch:    920 | Train loss: 4.7619e-01 | Valid loss: 4.2550e-01 | Train acc: 0.7960 ± 0.0000 | Valid acc: 0.8031 ± 0.0000 | Valid Power: 0.0006 | Train Power: 0.0006 | patience:  32 | lr: 0.00078125 | Epoch time: 0.1 |

2024-09-09 04:09:12,054 - INFO -
| Epoch:    930 | Train loss: 4.7548e-01 | Valid loss: 4.2439e-01 | Train acc: 0.7960 ± 0.0000 | Valid acc: 0.8031 ± 0.0000 | Valid Power: 0.0006 | Train Power: 0.0006 | patience:  42 | lr: 0.00078125 | Epoch time: 0.1 |

2024-09-09 04:09:13,125 - INFO -
| Epoch:    940 | Train loss: 4.7535e-01 | Valid loss: 4.2374e-01 | Train acc: 0.7960 ± 0.0000 | Valid acc: 0.8031 ± 0.0000 | Valid Power: 0.0006 | Train Power: 0.0006 | patience:  52 | lr: 0.00078125 | Epoch time: 0.1 |

2024-09-09 04:09:14,195 - INFO -
| Epoch:    950 | Train loss: 4.7516e-01 | Valid loss: 4.2469e-01 | Train acc: 0.7960 ± 0.0000 | Valid acc: 0.8031 ± 0.0000 | Valid Power: 0.0006 | Train Power: 0.0006 | patience:  62 | lr: 0.00078125 | Epoch time: 0.1 |

2024-09-09 04:09:15,261 - INFO -
| Epoch:    960 | Train loss: 4.7502e-01 | Valid loss: 4.2507e-01 | Train acc: 0.7960 ± 0.0000 | Valid acc: 0.8031 ± 0.0000 | Valid Power: 0.0006 | Train Power: 0.0006 | patience:  72 | lr: 0.00078125 | Epoch time: 0.1 |

2024-09-09 04:09:16,328 - INFO -
| Epoch:    970 | Train loss: 4.7487e-01 | Valid loss: 4.2490e-01 | Train acc: 0.7960 ± 0.0000 | Valid acc: 0.8031 ± 0.0000 | Valid Power: 0.0006 | Train Power: 0.0006 | patience:  82 | lr: 0.00078125 | Epoch time: 0.1 |

2024-09-09 04:09:17,394 - INFO -
| Epoch:    980 | Train loss: 4.7472e-01 | Valid loss: 4.2497e-01 | Train acc: 0.7960 ± 0.0000 | Valid acc: 0.8031 ± 0.0000 | Valid Power: 0.0006 | Train Power: 0.0006 | patience:  92 | lr: 0.00078125 | Epoch time: 0.1 |

2024-09-09 04:09:18,358 - INFO -
load best network to warm start training with lower lr.

2024-09-09 04:09:18,358 - INFO -
lr update to 0.000390625.

2024-09-09 04:09:18,466 - INFO -
| Epoch:    990 | Train loss: 4.8377e-01 | Valid loss: 4.1441e-01 | Train acc: 0.7884 ± 0.0000 | Valid acc: 0.8189 ± 0.0000 | Valid Power: 0.0006 | Train Power: 0.0006 | patience:   1 | lr: 0.000390625 | Epoch time: 0.1 |

2024-09-09 04:09:19,529 - INFO -
| Epoch:   1000 | Train loss: 4.8184e-01 | Valid loss: 4.1582e-01 | Train acc: 0.7909 ± 0.0000 | Valid acc: 0.8189 ± 0.0000 | Valid Power: 0.0006 | Train Power: 0.0006 | patience:  11 | lr: 0.000390625 | Epoch time: 0.1 |

2024-09-09 04:09:20,595 - INFO -
| Epoch:   1010 | Train loss: 4.7904e-01 | Valid loss: 4.1829e-01 | Train acc: 0.7909 ± 0.0000 | Valid acc: 0.8110 ± 0.0000 | Valid Power: 0.0006 | Train Power: 0.0006 | patience:  21 | lr: 0.000390625 | Epoch time: 0.1 |

2024-09-09 04:09:21,664 - INFO -
| Epoch:   1020 | Train loss: 4.7633e-01 | Valid loss: 4.2296e-01 | Train acc: 0.7909 ± 0.0000 | Valid acc: 0.8031 ± 0.0000 | Valid Power: 0.0006 | Train Power: 0.0006 | patience:  31 | lr: 0.000390625 | Epoch time: 0.1 |

2024-09-09 04:09:22,729 - INFO -
| Epoch:   1030 | Train loss: 4.7617e-01 | Valid loss: 4.2467e-01 | Train acc: 0.7909 ± 0.0000 | Valid acc: 0.8031 ± 0.0000 | Valid Power: 0.0006 | Train Power: 0.0006 | patience:  41 | lr: 0.000390625 | Epoch time: 0.1 |

2024-09-09 04:09:23,794 - INFO -
| Epoch:   1040 | Train loss: 4.7610e-01 | Valid loss: 4.2486e-01 | Train acc: 0.7909 ± 0.0000 | Valid acc: 0.8031 ± 0.0000 | Valid Power: 0.0006 | Train Power: 0.0006 | patience:  51 | lr: 0.000390625 | Epoch time: 0.1 |

2024-09-09 04:09:24,952 - INFO -
| Epoch:   1050 | Train loss: 4.7590e-01 | Valid loss: 4.2451e-01 | Train acc: 0.7935 ± 0.0000 | Valid acc: 0.8031 ± 0.0000 | Valid Power: 0.0006 | Train Power: 0.0006 | patience:  61 | lr: 0.000390625 | Epoch time: 0.1 |

2024-09-09 04:09:26,017 - INFO -
| Epoch:   1060 | Train loss: 4.7574e-01 | Valid loss: 4.2410e-01 | Train acc: 0.7960 ± 0.0000 | Valid acc: 0.8031 ± 0.0000 | Valid Power: 0.0006 | Train Power: 0.0006 | patience:  71 | lr: 0.000390625 | Epoch time: 0.1 |

2024-09-09 04:09:27,082 - INFO -
| Epoch:   1070 | Train loss: 4.7552e-01 | Valid loss: 4.2407e-01 | Train acc: 0.7960 ± 0.0000 | Valid acc: 0.8031 ± 0.0000 | Valid Power: 0.0006 | Train Power: 0.0006 | patience:  81 | lr: 0.000390625 | Epoch time: 0.1 |

2024-09-09 04:09:28,146 - INFO -
| Epoch:   1080 | Train loss: 4.7541e-01 | Valid loss: 4.2426e-01 | Train acc: 0.7960 ± 0.0000 | Valid acc: 0.8031 ± 0.0000 | Valid Power: 0.0006 | Train Power: 0.0006 | patience:  91 | lr: 0.000390625 | Epoch time: 0.1 |

2024-09-09 04:09:29,215 - INFO -
load best network to warm start training with lower lr.

2024-09-09 04:09:29,215 - INFO -
lr update to 0.0001953125.

2024-09-09 04:09:29,216 - INFO -
| Epoch:   1090 | Train loss: 4.7532e-01 | Valid loss: 4.2449e-01 | Train acc: 0.7960 ± 0.0000 | Valid acc: 0.8031 ± 0.0000 | Valid Power: 0.0006 | Train Power: 0.0006 | patience:   0 | lr: 0.0001953125 | Epoch time: 0.1 |

2024-09-09 04:09:30,281 - INFO -
| Epoch:   1100 | Train loss: 4.8279e-01 | Valid loss: 4.1487e-01 | Train acc: 0.7909 ± 0.0000 | Valid acc: 0.8189 ± 0.0000 | Valid Power: 0.0006 | Train Power: 0.0006 | patience:  10 | lr: 0.0001953125 | Epoch time: 0.1 |

2024-09-09 04:09:31,345 - INFO -
| Epoch:   1110 | Train loss: 4.8195e-01 | Valid loss: 4.1562e-01 | Train acc: 0.7909 ± 0.0000 | Valid acc: 0.8189 ± 0.0000 | Valid Power: 0.0006 | Train Power: 0.0006 | patience:  20 | lr: 0.0001953125 | Epoch time: 0.1 |

2024-09-09 04:09:32,411 - INFO -
| Epoch:   1120 | Train loss: 4.8090e-01 | Valid loss: 4.1653e-01 | Train acc: 0.7909 ± 0.0000 | Valid acc: 0.8189 ± 0.0000 | Valid Power: 0.0006 | Train Power: 0.0006 | patience:  30 | lr: 0.0001953125 | Epoch time: 0.1 |

2024-09-09 04:09:33,477 - INFO -
| Epoch:   1130 | Train loss: 4.7914e-01 | Valid loss: 4.1798e-01 | Train acc: 0.7909 ± 0.0000 | Valid acc: 0.8110 ± 0.0000 | Valid Power: 0.0006 | Train Power: 0.0006 | patience:  40 | lr: 0.0001953125 | Epoch time: 0.1 |

2024-09-09 04:09:34,547 - INFO -
| Epoch:   1140 | Train loss: 4.7714e-01 | Valid loss: 4.2056e-01 | Train acc: 0.7859 ± 0.0000 | Valid acc: 0.8110 ± 0.0000 | Valid Power: 0.0006 | Train Power: 0.0006 | patience:  50 | lr: 0.0001953125 | Epoch time: 0.1 |

2024-09-09 04:09:35,558 - INFO -
| Epoch:   1150 | Train loss: 4.7633e-01 | Valid loss: 4.2281e-01 | Train acc: 0.7909 ± 0.0000 | Valid acc: 0.8031 ± 0.0000 | Valid Power: 0.0006 | Train Power: 0.0006 | patience:  60 | lr: 0.0001953125 | Epoch time: 0.1 |

2024-09-09 04:09:36,565 - INFO -
| Epoch:   1160 | Train loss: 4.7617e-01 | Valid loss: 4.2378e-01 | Train acc: 0.7909 ± 0.0000 | Valid acc: 0.8031 ± 0.0000 | Valid Power: 0.0006 | Train Power: 0.0006 | patience:  70 | lr: 0.0001953125 | Epoch time: 0.1 |

2024-09-09 04:09:37,565 - INFO -
| Epoch:   1170 | Train loss: 4.7612e-01 | Valid loss: 4.2410e-01 | Train acc: 0.7909 ± 0.0000 | Valid acc: 0.8031 ± 0.0000 | Valid Power: 0.0006 | Train Power: 0.0006 | patience:  80 | lr: 0.0001953125 | Epoch time: 0.1 |

2024-09-09 04:09:38,561 - INFO -
| Epoch:   1180 | Train loss: 4.7606e-01 | Valid loss: 4.2417e-01 | Train acc: 0.7909 ± 0.0000 | Valid acc: 0.8031 ± 0.0000 | Valid Power: 0.0006 | Train Power: 0.0006 | patience:  90 | lr: 0.0001953125 | Epoch time: 0.1 |

2024-09-09 04:09:39,660 - INFO -
| Epoch:   1190 | Train loss: 4.7600e-01 | Valid loss: 4.2412e-01 | Train acc: 0.7909 ± 0.0000 | Valid acc: 0.8031 ± 0.0000 | Valid Power: 0.0006 | Train Power: 0.0006 | patience: 100 | lr: 0.0001953125 | Epoch time: 0.1 |

2024-09-09 04:09:39,764 - INFO -
load best network to warm start training with lower lr.

2024-09-09 04:09:39,765 - INFO -
lr update to 9.765625e-05.

2024-09-09 04:09:39,765 - INFO -
Early stop.

2024-09-09 04:09:39,771 - INFO -
Training if finished.

2024-09-09 16:19:07,082 - INFO -
Configuration: 
gmin                0.01
gmax                10.0
T                   0.1
m                   0.3
type_nonlinear      normal
act                 tanh
ACT_R1n             12.7865
ACT_R2n             -3.1871
ACT_W1n             -10.4537
ACT_L1n             10.546
ACT_W2n             -5.8496
ACT_L2n             4.2337
S_R1n               -11.7481
S_R2n               -0.3905
S_W1n               -9.169
S_L1n               0.3913
S_W2n               7.2004
S_L2n               15.5558
ReLU_RHn            -1.9557
ReLU_RLn            -20.1581
ReLU_RDn            16.6486
ReLU_RBn            -14.3472
ReLU_Wn             16.655
ReLU_Ln             -21.7591
HS_Rn               -0.3766
HS_Wn               0.5192
HS_Ln               4.6293
NEG_R1n             -7.0846
NEG_R2n             -2.5695
NEG_R3n             16.1542
NEG_W1n             13.8696
NEG_L1n             2.7635
NEG_W2n             1.2674
NEG_L2n             -10.4803
NEG_W3n             -6.4386
NEG_L3n             5.1005
task                normal
DATASET             7
DataPath            ./dataset
InputNoise          0.0
IN_test             0.0
R_train             1
R_test              1
N_time              32
pathnorm            False
hidden              [3]
skipconnection      False
SEED                8
DEVICE              cpu
PATIENCE            500
EPOCH               10000000000
LR                  0.1
PROGRESSIVE         True
LR_PATIENCE         100
LR_DECAY            0.5
LR_MIN              0.0001
metric              acc
SoftEva             True
TIMELIMITATION      71
MODE                nominal
M_train             1
K_train             1
M_test              1
K_test              1
t_test_max          1
integration         MC
N_train             1
e_train             0.0
N_test              100
e_test              0.1
e_fault             2
fault_ratio         0.0
N_fault             50
e_fault_test        0
N_fault_test        50
dropout             0.0
lagrangian_loss     False
rho                 100
powerestimator      none
powerbalance        0.0
estimatorbalance    0.0
pgmin               1e-07
power_ratio         1000
lambda_P            100
areaestimator       none
areabalance         0.0
area_theta          0.15
area_act            30.0
area_neg            22.7
lambda_A            0.001
lnc                 False
projectname         tanh_0_FaultAnalysisNormal
temppath            ./tanh_0_FaultAnalysisNormal/temp/
logfilepath         ./tanh_0_FaultAnalysisNormal/log/
report_freq         10
recording           False
recordpath          ./tanh_0_FaultAnalysisNormal/record/
savepath            ./tanh_0_FaultAnalysisNormal/models/
loglevel            info


2024-09-09 16:19:07,104 - INFO -
Training network on device: cpu.

2024-09-09 16:19:07,104 - INFO -
Training setup: data_07_mammographic_seed_08_epsilon_0.0_dropout_0.0_fault_ratio_0.0.model.

2024-09-09 16:19:07,104 - INFO -
{'dataname': 'mammographic', 'N_feature': 5, 'N_class': 2, 'N_train': 397, 'N_valid': 127, 'N_test': 79}

2024-09-09 16:19:07,105 - INFO -
Training was already finished.

2024-09-11 18:17:02,084 - INFO -
Configuration: 
gmin                0.01
gmax                10.0
T                   0.1
m                   0.3
type_nonlinear      normal
act                 tanh
ACT_R1n             12.7865
ACT_R2n             -3.1871
ACT_W1n             -10.4537
ACT_L1n             10.546
ACT_W2n             -5.8496
ACT_L2n             4.2337
S_R1n               -11.7481
S_R2n               -0.3905
S_W1n               -9.169
S_L1n               0.3913
S_W2n               7.2004
S_L2n               15.5558
ReLU_RHn            -1.9557
ReLU_RLn            -20.1581
ReLU_RDn            16.6486
ReLU_RBn            -14.3472
ReLU_Wn             16.655
ReLU_Ln             -21.7591
HS_Rn               -0.3766
HS_Wn               0.5192
HS_Ln               4.6293
NEG_R1n             -7.0846
NEG_R2n             -2.5695
NEG_R3n             16.1542
NEG_W1n             13.8696
NEG_L1n             2.7635
NEG_W2n             1.2674
NEG_L2n             -10.4803
NEG_W3n             -6.4386
NEG_L3n             5.1005
task                normal
DATASET             7
DataPath            ./dataset
InputNoise          0.0
IN_test             0.0
R_train             1
R_test              1
N_time              32
pathnorm            False
hidden              [3]
skipconnection      False
SEED                8
DEVICE              cpu
PATIENCE            500
EPOCH               10000000000
LR                  0.1
PROGRESSIVE         True
LR_PATIENCE         100
LR_DECAY            0.5
LR_MIN              0.0001
metric              acc
SoftEva             True
TIMELIMITATION      71
MODE                nominal
M_train             1
K_train             1
M_test              1
K_test              1
t_test_max          1
integration         MC
N_train             1
e_train             0.0
N_test              100
e_test              0.1
e_fault             2
fault_ratio         0.0
N_fault             50
e_fault_test        0
N_fault_test        50
dropout             0.0
lagrangian_loss     False
rho                 100
powerestimator      none
powerbalance        0.0
estimatorbalance    0.0
pgmin               1e-07
power_ratio         1000
lambda_P            100
areaestimator       none
areabalance         0.0
area_theta          0.15
area_act            30.0
area_neg            22.7
lambda_A            0.001
lnc                 False
projectname         tanh_0_FaultAnalysisNormal
temppath            ./tanh_0_FaultAnalysisNormal/temp/
logfilepath         ./tanh_0_FaultAnalysisNormal/log/
report_freq         10
recording           False
recordpath          ./tanh_0_FaultAnalysisNormal/record/
savepath            ./tanh_0_FaultAnalysisNormal/models/
loglevel            info


2024-09-11 18:17:02,099 - INFO -
Training network on device: cpu.

2024-09-11 18:17:02,099 - INFO -
Training setup: data_07_mammographic_seed_08_epsilon_0.0_dropout_0.0_fault_ratio_0.0.model.

2024-09-11 18:17:02,099 - INFO -
{'dataname': 'mammographic', 'N_feature': 5, 'N_class': 2, 'N_train': 397, 'N_valid': 127, 'N_test': 79}

2024-09-11 18:17:02,100 - INFO -
Training was already finished.

2024-09-12 04:38:03,744 - INFO -
Configuration: 
gmin                0.01
gmax                10.0
T                   0.1
m                   0.3
type_nonlinear      normal
act                 tanh
ACT_R1n             12.7865
ACT_R2n             -3.1871
ACT_W1n             -10.4537
ACT_L1n             10.546
ACT_W2n             -5.8496
ACT_L2n             4.2337
S_R1n               -11.7481
S_R2n               -0.3905
S_W1n               -9.169
S_L1n               0.3913
S_W2n               7.2004
S_L2n               15.5558
ReLU_RHn            -1.9557
ReLU_RLn            -20.1581
ReLU_RDn            16.6486
ReLU_RBn            -14.3472
ReLU_Wn             16.655
ReLU_Ln             -21.7591
HS_Rn               -0.3766
HS_Wn               0.5192
HS_Ln               4.6293
NEG_R1n             -7.0846
NEG_R2n             -2.5695
NEG_R3n             16.1542
NEG_W1n             13.8696
NEG_L1n             2.7635
NEG_W2n             1.2674
NEG_L2n             -10.4803
NEG_W3n             -6.4386
NEG_L3n             5.1005
task                normal
DATASET             7
DataPath            ./dataset
InputNoise          0.0
IN_test             0.0
R_train             1
R_test              1
N_time              32
pathnorm            False
hidden              [3]
skipconnection      False
SEED                8
DEVICE              cpu
PATIENCE            500
EPOCH               10000000000
LR                  0.1
PROGRESSIVE         True
LR_PATIENCE         100
LR_DECAY            0.5
LR_MIN              0.0001
metric              acc
SoftEva             True
TIMELIMITATION      71
MODE                nominal
M_train             1
K_train             1
M_test              1
K_test              1
t_test_max          1
integration         MC
N_train             1
e_train             0.0
N_test              100
e_test              0.1
e_fault             2
fault_ratio         0.0
N_fault             50
e_fault_test        0
N_fault_test        50
dropout             0.0
lagrangian_loss     False
rho                 100
powerestimator      none
powerbalance        0.0
estimatorbalance    0.0
pgmin               1e-07
power_ratio         1000
lambda_P            100
areaestimator       none
areabalance         0.0
area_theta          0.15
area_act            30.0
area_neg            22.7
lambda_A            0.001
lnc                 False
projectname         tanh_0_FaultAnalysisNormal
temppath            ./tanh_0_FaultAnalysisNormal/temp/
logfilepath         ./tanh_0_FaultAnalysisNormal/log/
report_freq         10
recording           False
recordpath          ./tanh_0_FaultAnalysisNormal/record/
savepath            ./tanh_0_FaultAnalysisNormal/models/
loglevel            info


2024-09-12 04:38:03,757 - INFO -
Training network on device: cpu.

2024-09-12 04:38:03,757 - INFO -
Training setup: data_07_mammographic_seed_08_epsilon_0.0_dropout_0.0_fault_ratio_0.0.model.

2024-09-12 04:38:03,758 - INFO -
{'dataname': 'mammographic', 'N_feature': 5, 'N_class': 2, 'N_train': 397, 'N_valid': 127, 'N_test': 79}

2024-09-12 04:38:03,758 - INFO -
Training was already finished.

