2024-09-09 04:07:29,232 - INFO -
Configuration: 
gmin                0.01
gmax                10.0
T                   0.1
m                   0.3
type_nonlinear      normal
act                 tanh
ACT_R1n             12.7865
ACT_R2n             -3.1871
ACT_W1n             -10.4537
ACT_L1n             10.546
ACT_W2n             -5.8496
ACT_L2n             4.2337
S_R1n               -11.7481
S_R2n               -0.3905
S_W1n               -9.169
S_L1n               0.3913
S_W2n               7.2004
S_L2n               15.5558
ReLU_RHn            -1.9557
ReLU_RLn            -20.1581
ReLU_RDn            16.6486
ReLU_RBn            -14.3472
ReLU_Wn             16.655
ReLU_Ln             -21.7591
HS_Rn               -0.3766
HS_Wn               0.5192
HS_Ln               4.6293
NEG_R1n             -7.0846
NEG_R2n             -2.5695
NEG_R3n             16.1542
NEG_W1n             13.8696
NEG_L1n             2.7635
NEG_W2n             1.2674
NEG_L2n             -10.4803
NEG_W3n             -6.4386
NEG_L3n             5.1005
task                normal
DATASET             7
DataPath            ./dataset
InputNoise          0.0
IN_test             0.0
R_train             1
R_test              1
N_time              32
pathnorm            False
hidden              [3]
skipconnection      False
SEED                6
DEVICE              cpu
PATIENCE            500
EPOCH               10000000000
LR                  0.1
PROGRESSIVE         True
LR_PATIENCE         100
LR_DECAY            0.5
LR_MIN              0.0001
metric              acc
SoftEva             True
TIMELIMITATION      71
MODE                nominal
M_train             1
K_train             1
M_test              1
K_test              1
t_test_max          1
integration         MC
N_train             1
e_train             0.0
N_test              100
e_test              0.1
e_fault             2
fault_ratio         0.0
N_fault             50
e_fault_test        0
N_fault_test        50
dropout             0.0
lagrangian_loss     False
rho                 100
powerestimator      none
powerbalance        0.0
estimatorbalance    0.0
pgmin               1e-07
power_ratio         1000
lambda_P            100
areaestimator       none
areabalance         0.0
area_theta          0.15
area_act            30.0
area_neg            22.7
lambda_A            0.001
lnc                 False
projectname         tanh_0_FaultAnalysisNormal
temppath            ./tanh_0_FaultAnalysisNormal/temp/
logfilepath         ./tanh_0_FaultAnalysisNormal/log/
report_freq         10
recording           False
recordpath          ./tanh_0_FaultAnalysisNormal/record/
savepath            ./tanh_0_FaultAnalysisNormal/models/
loglevel            info


2024-09-09 04:07:29,232 - INFO -
Training network on device: cpu.

2024-09-09 04:07:29,233 - INFO -
Training setup: data_07_mammographic_seed_06_epsilon_0.0_dropout_0.0_fault_ratio_0.0.model.

2024-09-09 04:07:29,233 - INFO -
{'dataname': 'mammographic', 'N_feature': 5, 'N_class': 2, 'N_train': 397, 'N_valid': 127, 'N_test': 79}

2024-09-09 04:07:29,233 - INFO -
Topology of the network: [5, 3, 2].

2024-09-09 04:07:31,170 - INFO -
| Epoch:      0 | Train loss: 6.9315e-01 | Valid loss: 6.7923e-01 | Train acc: 0.5592 ± 0.0000 | Valid acc: 0.5354 ± 0.0000 | Valid Power: 0.0007 | Train Power: 0.0004 | patience:   0 | lr: 0.1 | Epoch time: 0.1 |

2024-09-09 04:07:32,383 - INFO -
| Epoch:     10 | Train loss: 5.8367e-01 | Valid loss: 5.4593e-01 | Train acc: 0.7683 ± 0.0000 | Valid acc: 0.8189 ± 0.0000 | Valid Power: 0.0006 | Train Power: 0.0006 | patience:   0 | lr: 0.1 | Epoch time: 0.2 |

2024-09-09 04:07:33,486 - INFO -
| Epoch:     20 | Train loss: 5.2665e-01 | Valid loss: 4.8762e-01 | Train acc: 0.7834 ± 0.0000 | Valid acc: 0.8031 ± 0.0000 | Valid Power: 0.0004 | Train Power: 0.0017 | patience:   0 | lr: 0.1 | Epoch time: 0.1 |

2024-09-09 04:07:34,590 - INFO -
| Epoch:     30 | Train loss: 5.1165e-01 | Valid loss: 4.7021e-01 | Train acc: 0.7809 ± 0.0000 | Valid acc: 0.7953 ± 0.0000 | Valid Power: 0.0004 | Train Power: 0.0004 | patience:   1 | lr: 0.1 | Epoch time: 0.1 |

2024-09-09 04:07:35,686 - INFO -
| Epoch:     40 | Train loss: 4.9947e-01 | Valid loss: 4.5643e-01 | Train acc: 0.7859 ± 0.0000 | Valid acc: 0.7953 ± 0.0000 | Valid Power: 0.0005 | Train Power: 0.0005 | patience:   0 | lr: 0.1 | Epoch time: 0.1 |

2024-09-09 04:07:36,880 - INFO -
| Epoch:     50 | Train loss: 5.0387e-01 | Valid loss: 4.4419e-01 | Train acc: 0.7834 ± 0.0000 | Valid acc: 0.8031 ± 0.0000 | Valid Power: 0.0005 | Train Power: 0.0006 | patience:   0 | lr: 0.1 | Epoch time: 0.1 |

2024-09-09 04:07:37,963 - INFO -
| Epoch:     60 | Train loss: 5.1704e-01 | Valid loss: 4.4026e-01 | Train acc: 0.7708 ± 0.0000 | Valid acc: 0.8031 ± 0.0000 | Valid Power: 0.0004 | Train Power: 0.0004 | patience:   2 | lr: 0.1 | Epoch time: 0.1 |

2024-09-09 04:07:39,041 - INFO -
| Epoch:     70 | Train loss: 4.9683e-01 | Valid loss: 4.5224e-01 | Train acc: 0.7859 ± 0.0000 | Valid acc: 0.7953 ± 0.0000 | Valid Power: 0.0004 | Train Power: 0.0004 | patience:  12 | lr: 0.1 | Epoch time: 0.1 |

2024-09-09 04:07:40,131 - INFO -
| Epoch:     80 | Train loss: 4.9530e-01 | Valid loss: 4.3620e-01 | Train acc: 0.7834 ± 0.0000 | Valid acc: 0.8031 ± 0.0000 | Valid Power: 0.0007 | Train Power: 0.0005 | patience:   0 | lr: 0.1 | Epoch time: 0.1 |

2024-09-09 04:07:41,216 - INFO -
| Epoch:     90 | Train loss: 4.9983e-01 | Valid loss: 4.4068e-01 | Train acc: 0.7733 ± 0.0000 | Valid acc: 0.7953 ± 0.0000 | Valid Power: 0.0008 | Train Power: 0.0006 | patience:   6 | lr: 0.1 | Epoch time: 0.1 |

2024-09-09 04:07:42,294 - INFO -
| Epoch:    100 | Train loss: 4.9660e-01 | Valid loss: 4.3706e-01 | Train acc: 0.7733 ± 0.0000 | Valid acc: 0.7953 ± 0.0000 | Valid Power: 0.0007 | Train Power: 0.0006 | patience:   7 | lr: 0.1 | Epoch time: 0.1 |

2024-09-09 04:07:43,371 - INFO -
| Epoch:    110 | Train loss: 4.9435e-01 | Valid loss: 4.3670e-01 | Train acc: 0.7733 ± 0.0000 | Valid acc: 0.7953 ± 0.0000 | Valid Power: 0.0006 | Train Power: 0.0007 | patience:   2 | lr: 0.1 | Epoch time: 0.1 |

2024-09-09 04:07:44,450 - INFO -
| Epoch:    120 | Train loss: 4.9950e-01 | Valid loss: 4.3285e-01 | Train acc: 0.7909 ± 0.0000 | Valid acc: 0.7953 ± 0.0000 | Valid Power: 0.0006 | Train Power: 0.0006 | patience:   1 | lr: 0.1 | Epoch time: 0.1 |

2024-09-09 04:07:45,540 - INFO -
| Epoch:    130 | Train loss: 4.8410e-01 | Valid loss: 4.4346e-01 | Train acc: 0.7859 ± 0.0000 | Valid acc: 0.8031 ± 0.0000 | Valid Power: 0.0006 | Train Power: 0.0006 | patience:   2 | lr: 0.1 | Epoch time: 0.1 |

2024-09-09 04:07:46,616 - INFO -
| Epoch:    140 | Train loss: 4.8137e-01 | Valid loss: 4.5592e-01 | Train acc: 0.7783 ± 0.0000 | Valid acc: 0.7953 ± 0.0000 | Valid Power: 0.0006 | Train Power: 0.0006 | patience:   6 | lr: 0.1 | Epoch time: 0.1 |

2024-09-09 04:07:47,688 - INFO -
| Epoch:    150 | Train loss: 4.9310e-01 | Valid loss: 4.6895e-01 | Train acc: 0.7909 ± 0.0000 | Valid acc: 0.8031 ± 0.0000 | Valid Power: 0.0006 | Train Power: 0.0006 | patience:  16 | lr: 0.1 | Epoch time: 0.1 |

2024-09-09 04:07:48,759 - INFO -
| Epoch:    160 | Train loss: 4.8332e-01 | Valid loss: 4.3306e-01 | Train acc: 0.7960 ± 0.0000 | Valid acc: 0.7953 ± 0.0000 | Valid Power: 0.0006 | Train Power: 0.0006 | patience:  26 | lr: 0.1 | Epoch time: 0.1 |

2024-09-09 04:07:49,831 - INFO -
| Epoch:    170 | Train loss: 4.8206e-01 | Valid loss: 4.3252e-01 | Train acc: 0.7935 ± 0.0000 | Valid acc: 0.8110 ± 0.0000 | Valid Power: 0.0006 | Train Power: 0.0006 | patience:  36 | lr: 0.1 | Epoch time: 0.1 |

2024-09-09 04:07:50,902 - INFO -
| Epoch:    180 | Train loss: 4.7985e-01 | Valid loss: 4.3183e-01 | Train acc: 0.7960 ± 0.0000 | Valid acc: 0.7874 ± 0.0000 | Valid Power: 0.0006 | Train Power: 0.0006 | patience:  46 | lr: 0.1 | Epoch time: 0.1 |

2024-09-09 04:07:51,972 - INFO -
| Epoch:    190 | Train loss: 4.8075e-01 | Valid loss: 4.4010e-01 | Train acc: 0.7859 ± 0.0000 | Valid acc: 0.8110 ± 0.0000 | Valid Power: 0.0006 | Train Power: 0.0006 | patience:  56 | lr: 0.1 | Epoch time: 0.1 |

2024-09-09 04:07:53,052 - INFO -
| Epoch:    200 | Train loss: 4.7574e-01 | Valid loss: 4.3920e-01 | Train acc: 0.7909 ± 0.0000 | Valid acc: 0.8031 ± 0.0000 | Valid Power: 0.0006 | Train Power: 0.0006 | patience:  66 | lr: 0.1 | Epoch time: 0.1 |

2024-09-09 04:07:54,124 - INFO -
| Epoch:    210 | Train loss: 4.7362e-01 | Valid loss: 4.3674e-01 | Train acc: 0.7909 ± 0.0000 | Valid acc: 0.7874 ± 0.0000 | Valid Power: 0.0006 | Train Power: 0.0006 | patience:  76 | lr: 0.1 | Epoch time: 0.1 |

2024-09-09 04:07:55,195 - INFO -
| Epoch:    220 | Train loss: 4.7305e-01 | Valid loss: 4.3852e-01 | Train acc: 0.7935 ± 0.0000 | Valid acc: 0.7874 ± 0.0000 | Valid Power: 0.0006 | Train Power: 0.0006 | patience:  86 | lr: 0.1 | Epoch time: 0.1 |

2024-09-09 04:07:56,265 - INFO -
| Epoch:    230 | Train loss: 4.7237e-01 | Valid loss: 4.3826e-01 | Train acc: 0.7935 ± 0.0000 | Valid acc: 0.7874 ± 0.0000 | Valid Power: 0.0006 | Train Power: 0.0006 | patience:  96 | lr: 0.1 | Epoch time: 0.1 |

2024-09-09 04:07:56,805 - INFO -
load best network to warm start training with lower lr.

2024-09-09 04:07:56,805 - INFO -
lr update to 0.05.

2024-09-09 04:07:57,343 - INFO -
| Epoch:    240 | Train loss: 4.8015e-01 | Valid loss: 4.4183e-01 | Train acc: 0.7884 ± 0.0000 | Valid acc: 0.8189 ± 0.0000 | Valid Power: 0.0006 | Train Power: 0.0006 | patience:   5 | lr: 0.05 | Epoch time: 0.1 |

2024-09-09 04:07:58,415 - INFO -
| Epoch:    250 | Train loss: 4.7524e-01 | Valid loss: 4.3572e-01 | Train acc: 0.8010 ± 0.0000 | Valid acc: 0.7874 ± 0.0000 | Valid Power: 0.0006 | Train Power: 0.0006 | patience:  15 | lr: 0.05 | Epoch time: 0.1 |

2024-09-09 04:07:59,489 - INFO -
| Epoch:    260 | Train loss: 4.7547e-01 | Valid loss: 4.2332e-01 | Train acc: 0.7960 ± 0.0000 | Valid acc: 0.8189 ± 0.0000 | Valid Power: 0.0006 | Train Power: 0.0006 | patience:  25 | lr: 0.05 | Epoch time: 0.1 |

2024-09-09 04:08:00,562 - INFO -
| Epoch:    270 | Train loss: 4.7288e-01 | Valid loss: 4.3741e-01 | Train acc: 0.7985 ± 0.0000 | Valid acc: 0.8189 ± 0.0000 | Valid Power: 0.0006 | Train Power: 0.0006 | patience:  35 | lr: 0.05 | Epoch time: 0.1 |

2024-09-09 04:08:01,635 - INFO -
| Epoch:    280 | Train loss: 4.7232e-01 | Valid loss: 4.3725e-01 | Train acc: 0.8010 ± 0.0000 | Valid acc: 0.8110 ± 0.0000 | Valid Power: 0.0006 | Train Power: 0.0006 | patience:  45 | lr: 0.05 | Epoch time: 0.1 |

2024-09-09 04:08:02,812 - INFO -
| Epoch:    290 | Train loss: 4.7131e-01 | Valid loss: 4.3857e-01 | Train acc: 0.7935 ± 0.0000 | Valid acc: 0.8189 ± 0.0000 | Valid Power: 0.0006 | Train Power: 0.0006 | patience:  55 | lr: 0.05 | Epoch time: 0.1 |

2024-09-09 04:08:03,888 - INFO -
| Epoch:    300 | Train loss: 4.7084e-01 | Valid loss: 4.3863e-01 | Train acc: 0.7985 ± 0.0000 | Valid acc: 0.8110 ± 0.0000 | Valid Power: 0.0006 | Train Power: 0.0006 | patience:  65 | lr: 0.05 | Epoch time: 0.1 |

2024-09-09 04:08:04,962 - INFO -
| Epoch:    310 | Train loss: 4.7057e-01 | Valid loss: 4.3724e-01 | Train acc: 0.7985 ± 0.0000 | Valid acc: 0.8110 ± 0.0000 | Valid Power: 0.0006 | Train Power: 0.0006 | patience:  75 | lr: 0.05 | Epoch time: 0.1 |

2024-09-09 04:08:06,035 - INFO -
| Epoch:    320 | Train loss: 4.7034e-01 | Valid loss: 4.3710e-01 | Train acc: 0.7985 ± 0.0000 | Valid acc: 0.8110 ± 0.0000 | Valid Power: 0.0006 | Train Power: 0.0006 | patience:  85 | lr: 0.05 | Epoch time: 0.1 |

2024-09-09 04:08:07,111 - INFO -
| Epoch:    330 | Train loss: 4.7007e-01 | Valid loss: 4.3662e-01 | Train acc: 0.8010 ± 0.0000 | Valid acc: 0.8110 ± 0.0000 | Valid Power: 0.0006 | Train Power: 0.0006 | patience:  95 | lr: 0.05 | Epoch time: 0.1 |

2024-09-09 04:08:07,760 - INFO -
load best network to warm start training with lower lr.

2024-09-09 04:08:07,760 - INFO -
lr update to 0.025.

2024-09-09 04:08:08,192 - INFO -
| Epoch:    340 | Train loss: 4.8477e-01 | Valid loss: 4.2625e-01 | Train acc: 0.7809 ± 0.0000 | Valid acc: 0.8031 ± 0.0000 | Valid Power: 0.0006 | Train Power: 0.0006 | patience:   4 | lr: 0.025 | Epoch time: 0.1 |

2024-09-09 04:08:09,268 - INFO -
| Epoch:    350 | Train loss: 4.7645e-01 | Valid loss: 4.3712e-01 | Train acc: 0.7985 ± 0.0000 | Valid acc: 0.8110 ± 0.0000 | Valid Power: 0.0006 | Train Power: 0.0006 | patience:  14 | lr: 0.025 | Epoch time: 0.1 |

2024-09-09 04:08:10,342 - INFO -
| Epoch:    360 | Train loss: 4.7500e-01 | Valid loss: 4.4677e-01 | Train acc: 0.7985 ± 0.0000 | Valid acc: 0.8110 ± 0.0000 | Valid Power: 0.0006 | Train Power: 0.0006 | patience:  24 | lr: 0.025 | Epoch time: 0.1 |

2024-09-09 04:08:11,416 - INFO -
| Epoch:    370 | Train loss: 4.7452e-01 | Valid loss: 4.4490e-01 | Train acc: 0.7960 ± 0.0000 | Valid acc: 0.8110 ± 0.0000 | Valid Power: 0.0006 | Train Power: 0.0006 | patience:  34 | lr: 0.025 | Epoch time: 0.1 |

2024-09-09 04:08:12,492 - INFO -
| Epoch:    380 | Train loss: 4.7395e-01 | Valid loss: 4.4543e-01 | Train acc: 0.7985 ± 0.0000 | Valid acc: 0.8110 ± 0.0000 | Valid Power: 0.0006 | Train Power: 0.0006 | patience:  44 | lr: 0.025 | Epoch time: 0.1 |

2024-09-09 04:08:13,566 - INFO -
| Epoch:    390 | Train loss: 4.7358e-01 | Valid loss: 4.4277e-01 | Train acc: 0.7985 ± 0.0000 | Valid acc: 0.8110 ± 0.0000 | Valid Power: 0.0006 | Train Power: 0.0006 | patience:  54 | lr: 0.025 | Epoch time: 0.1 |

2024-09-09 04:08:14,641 - INFO -
| Epoch:    400 | Train loss: 4.7338e-01 | Valid loss: 4.4167e-01 | Train acc: 0.7985 ± 0.0000 | Valid acc: 0.8110 ± 0.0000 | Valid Power: 0.0006 | Train Power: 0.0006 | patience:  64 | lr: 0.025 | Epoch time: 0.1 |

2024-09-09 04:08:15,722 - INFO -
| Epoch:    410 | Train loss: 4.7317e-01 | Valid loss: 4.4199e-01 | Train acc: 0.8010 ± 0.0000 | Valid acc: 0.8110 ± 0.0000 | Valid Power: 0.0006 | Train Power: 0.0006 | patience:  74 | lr: 0.025 | Epoch time: 0.1 |

2024-09-09 04:08:16,798 - INFO -
| Epoch:    420 | Train loss: 4.7299e-01 | Valid loss: 4.4159e-01 | Train acc: 0.8010 ± 0.0000 | Valid acc: 0.8110 ± 0.0000 | Valid Power: 0.0006 | Train Power: 0.0006 | patience:  84 | lr: 0.025 | Epoch time: 0.1 |

2024-09-09 04:08:17,966 - INFO -
| Epoch:    430 | Train loss: 4.7280e-01 | Valid loss: 4.4091e-01 | Train acc: 0.8010 ± 0.0000 | Valid acc: 0.8110 ± 0.0000 | Valid Power: 0.0006 | Train Power: 0.0006 | patience:  94 | lr: 0.025 | Epoch time: 0.1 |

2024-09-09 04:08:18,721 - INFO -
load best network to warm start training with lower lr.

2024-09-09 04:08:18,721 - INFO -
lr update to 0.0125.

2024-09-09 04:08:19,043 - INFO -
| Epoch:    440 | Train loss: 4.8553e-01 | Valid loss: 4.1803e-01 | Train acc: 0.7783 ± 0.0000 | Valid acc: 0.8031 ± 0.0000 | Valid Power: 0.0006 | Train Power: 0.0006 | patience:   3 | lr: 0.0125 | Epoch time: 0.1 |

2024-09-09 04:08:20,117 - INFO -
| Epoch:    450 | Train loss: 4.7693e-01 | Valid loss: 4.4111e-01 | Train acc: 0.7834 ± 0.0000 | Valid acc: 0.8110 ± 0.0000 | Valid Power: 0.0006 | Train Power: 0.0006 | patience:  13 | lr: 0.0125 | Epoch time: 0.1 |

2024-09-09 04:08:21,190 - INFO -
| Epoch:    460 | Train loss: 4.7682e-01 | Valid loss: 4.3841e-01 | Train acc: 0.7985 ± 0.0000 | Valid acc: 0.8110 ± 0.0000 | Valid Power: 0.0006 | Train Power: 0.0006 | patience:  23 | lr: 0.0125 | Epoch time: 0.1 |

2024-09-09 04:08:22,263 - INFO -
| Epoch:    470 | Train loss: 4.7480e-01 | Valid loss: 4.4383e-01 | Train acc: 0.7985 ± 0.0000 | Valid acc: 0.8110 ± 0.0000 | Valid Power: 0.0006 | Train Power: 0.0006 | patience:  33 | lr: 0.0125 | Epoch time: 0.1 |

2024-09-09 04:08:23,336 - INFO -
| Epoch:    480 | Train loss: 4.7436e-01 | Valid loss: 4.4575e-01 | Train acc: 0.7960 ± 0.0000 | Valid acc: 0.8110 ± 0.0000 | Valid Power: 0.0006 | Train Power: 0.0006 | patience:  43 | lr: 0.0125 | Epoch time: 0.1 |

2024-09-09 04:08:24,410 - INFO -
| Epoch:    490 | Train loss: 4.7401e-01 | Valid loss: 4.4605e-01 | Train acc: 0.7985 ± 0.0000 | Valid acc: 0.8110 ± 0.0000 | Valid Power: 0.0006 | Train Power: 0.0006 | patience:  53 | lr: 0.0125 | Epoch time: 0.1 |

2024-09-09 04:08:25,484 - INFO -
| Epoch:    500 | Train loss: 4.7378e-01 | Valid loss: 4.4506e-01 | Train acc: 0.8010 ± 0.0000 | Valid acc: 0.8110 ± 0.0000 | Valid Power: 0.0006 | Train Power: 0.0006 | patience:  63 | lr: 0.0125 | Epoch time: 0.1 |

2024-09-09 04:08:26,557 - INFO -
| Epoch:    510 | Train loss: 4.7360e-01 | Valid loss: 4.4409e-01 | Train acc: 0.7985 ± 0.0000 | Valid acc: 0.8110 ± 0.0000 | Valid Power: 0.0006 | Train Power: 0.0006 | patience:  73 | lr: 0.0125 | Epoch time: 0.1 |

2024-09-09 04:08:27,630 - INFO -
| Epoch:    520 | Train loss: 4.7344e-01 | Valid loss: 4.4331e-01 | Train acc: 0.7985 ± 0.0000 | Valid acc: 0.8110 ± 0.0000 | Valid Power: 0.0006 | Train Power: 0.0006 | patience:  83 | lr: 0.0125 | Epoch time: 0.1 |

2024-09-09 04:08:28,703 - INFO -
| Epoch:    530 | Train loss: 4.7329e-01 | Valid loss: 4.4285e-01 | Train acc: 0.7985 ± 0.0000 | Valid acc: 0.8110 ± 0.0000 | Valid Power: 0.0006 | Train Power: 0.0006 | patience:  93 | lr: 0.0125 | Epoch time: 0.1 |

2024-09-09 04:08:29,564 - INFO -
load best network to warm start training with lower lr.

2024-09-09 04:08:29,564 - INFO -
lr update to 0.00625.

2024-09-09 04:08:29,779 - INFO -
| Epoch:    540 | Train loss: 4.8525e-01 | Valid loss: 4.1686e-01 | Train acc: 0.7809 ± 0.0000 | Valid acc: 0.8110 ± 0.0000 | Valid Power: 0.0006 | Train Power: 0.0006 | patience:   2 | lr: 0.00625 | Epoch time: 0.1 |

2024-09-09 04:08:30,853 - INFO -
| Epoch:    550 | Train loss: 4.8463e-01 | Valid loss: 4.1681e-01 | Train acc: 0.7809 ± 0.0000 | Valid acc: 0.8189 ± 0.0000 | Valid Power: 0.0006 | Train Power: 0.0006 | patience:  12 | lr: 0.00625 | Epoch time: 0.1 |

2024-09-09 04:08:31,935 - INFO -
| Epoch:    560 | Train loss: 4.8417e-01 | Valid loss: 4.1668e-01 | Train acc: 0.7783 ± 0.0000 | Valid acc: 0.8189 ± 0.0000 | Valid Power: 0.0006 | Train Power: 0.0006 | patience:  22 | lr: 0.00625 | Epoch time: 0.1 |

2024-09-09 04:08:33,009 - INFO -
| Epoch:    570 | Train loss: 4.8376e-01 | Valid loss: 4.1716e-01 | Train acc: 0.7783 ± 0.0000 | Valid acc: 0.8189 ± 0.0000 | Valid Power: 0.0006 | Train Power: 0.0006 | patience:  32 | lr: 0.00625 | Epoch time: 0.1 |

2024-09-09 04:08:34,084 - INFO -
| Epoch:    580 | Train loss: 4.8326e-01 | Valid loss: 4.1782e-01 | Train acc: 0.7783 ± 0.0000 | Valid acc: 0.8110 ± 0.0000 | Valid Power: 0.0012 | Train Power: 0.0007 | patience:  42 | lr: 0.00625 | Epoch time: 0.1 |

2024-09-09 04:08:35,157 - INFO -
| Epoch:    590 | Train loss: 4.8290e-01 | Valid loss: 4.1834e-01 | Train acc: 0.7783 ± 0.0000 | Valid acc: 0.8110 ± 0.0000 | Valid Power: 0.0006 | Train Power: 0.0006 | patience:  52 | lr: 0.00625 | Epoch time: 0.1 |

2024-09-09 04:08:36,231 - INFO -
| Epoch:    600 | Train loss: 4.8261e-01 | Valid loss: 4.1791e-01 | Train acc: 0.7783 ± 0.0000 | Valid acc: 0.8110 ± 0.0000 | Valid Power: 0.0006 | Train Power: 0.0006 | patience:  62 | lr: 0.00625 | Epoch time: 0.1 |

2024-09-09 04:08:37,303 - INFO -
| Epoch:    610 | Train loss: 4.8234e-01 | Valid loss: 4.1762e-01 | Train acc: 0.7783 ± 0.0000 | Valid acc: 0.8110 ± 0.0000 | Valid Power: 0.0006 | Train Power: 0.0006 | patience:  72 | lr: 0.00625 | Epoch time: 0.1 |

2024-09-09 04:08:38,377 - INFO -
| Epoch:    620 | Train loss: 4.8210e-01 | Valid loss: 4.1721e-01 | Train acc: 0.7783 ± 0.0000 | Valid acc: 0.8110 ± 0.0000 | Valid Power: 0.0006 | Train Power: 0.0006 | patience:  82 | lr: 0.00625 | Epoch time: 0.1 |

2024-09-09 04:08:39,450 - INFO -
| Epoch:    630 | Train loss: 4.8185e-01 | Valid loss: 4.1705e-01 | Train acc: 0.7783 ± 0.0000 | Valid acc: 0.8110 ± 0.0000 | Valid Power: 0.0006 | Train Power: 0.0006 | patience:  92 | lr: 0.00625 | Epoch time: 0.1 |

2024-09-09 04:08:40,422 - INFO -
load best network to warm start training with lower lr.

2024-09-09 04:08:40,422 - INFO -
lr update to 0.003125.

2024-09-09 04:08:40,535 - INFO -
| Epoch:    640 | Train loss: 4.8567e-01 | Valid loss: 4.1595e-01 | Train acc: 0.7834 ± 0.0000 | Valid acc: 0.8189 ± 0.0000 | Valid Power: 0.0006 | Train Power: 0.0006 | patience:   0 | lr: 0.003125 | Epoch time: 0.1 |

2024-09-09 04:08:41,607 - INFO -
| Epoch:    650 | Train loss: 4.8496e-01 | Valid loss: 4.1651e-01 | Train acc: 0.7809 ± 0.0000 | Valid acc: 0.8189 ± 0.0000 | Valid Power: 0.0006 | Train Power: 0.0006 | patience:  10 | lr: 0.003125 | Epoch time: 0.1 |

2024-09-09 04:08:42,682 - INFO -
| Epoch:    660 | Train loss: 4.8466e-01 | Valid loss: 4.1691e-01 | Train acc: 0.7809 ± 0.0000 | Valid acc: 0.8189 ± 0.0000 | Valid Power: 0.0006 | Train Power: 0.0006 | patience:  20 | lr: 0.003125 | Epoch time: 0.1 |

2024-09-09 04:08:43,850 - INFO -
| Epoch:    670 | Train loss: 4.8439e-01 | Valid loss: 4.1662e-01 | Train acc: 0.7809 ± 0.0000 | Valid acc: 0.8189 ± 0.0000 | Valid Power: 0.0006 | Train Power: 0.0006 | patience:  30 | lr: 0.003125 | Epoch time: 0.1 |

2024-09-09 04:08:44,923 - INFO -
| Epoch:    680 | Train loss: 4.8415e-01 | Valid loss: 4.1697e-01 | Train acc: 0.7809 ± 0.0000 | Valid acc: 0.8189 ± 0.0000 | Valid Power: 0.0006 | Train Power: 0.0006 | patience:  40 | lr: 0.003125 | Epoch time: 0.1 |

2024-09-09 04:08:45,997 - INFO -
| Epoch:    690 | Train loss: 4.8393e-01 | Valid loss: 4.1713e-01 | Train acc: 0.7809 ± 0.0000 | Valid acc: 0.8189 ± 0.0000 | Valid Power: 0.0006 | Train Power: 0.0006 | patience:  50 | lr: 0.003125 | Epoch time: 0.1 |

2024-09-09 04:08:47,072 - INFO -
| Epoch:    700 | Train loss: 4.8370e-01 | Valid loss: 4.1720e-01 | Train acc: 0.7783 ± 0.0000 | Valid acc: 0.8189 ± 0.0000 | Valid Power: 0.0006 | Train Power: 0.0006 | patience:  60 | lr: 0.003125 | Epoch time: 0.1 |

2024-09-09 04:08:48,145 - INFO -
| Epoch:    710 | Train loss: 4.8337e-01 | Valid loss: 4.1778e-01 | Train acc: 0.7783 ± 0.0000 | Valid acc: 0.8110 ± 0.0000 | Valid Power: 0.0006 | Train Power: 0.0006 | patience:  70 | lr: 0.003125 | Epoch time: 0.1 |

2024-09-09 04:08:49,219 - INFO -
| Epoch:    720 | Train loss: 4.8310e-01 | Valid loss: 4.1822e-01 | Train acc: 0.7783 ± 0.0000 | Valid acc: 0.8110 ± 0.0000 | Valid Power: 0.0006 | Train Power: 0.0006 | patience:  80 | lr: 0.003125 | Epoch time: 0.1 |

2024-09-09 04:08:50,295 - INFO -
| Epoch:    730 | Train loss: 4.8295e-01 | Valid loss: 4.1825e-01 | Train acc: 0.7783 ± 0.0000 | Valid acc: 0.8110 ± 0.0000 | Valid Power: 0.0007 | Train Power: 0.0007 | patience:  90 | lr: 0.003125 | Epoch time: 0.1 |

2024-09-09 04:08:51,367 - INFO -
| Epoch:    740 | Train loss: 4.8278e-01 | Valid loss: 4.1795e-01 | Train acc: 0.7783 ± 0.0000 | Valid acc: 0.8110 ± 0.0000 | Valid Power: 0.0008 | Train Power: 0.0008 | patience: 100 | lr: 0.003125 | Epoch time: 0.1 |

2024-09-09 04:08:51,479 - INFO -
load best network to warm start training with lower lr.

2024-09-09 04:08:51,479 - INFO -
lr update to 0.0015625.

2024-09-09 04:08:52,444 - INFO -
| Epoch:    750 | Train loss: 4.8506e-01 | Valid loss: 4.1644e-01 | Train acc: 0.7809 ± 0.0000 | Valid acc: 0.8189 ± 0.0000 | Valid Power: 0.0006 | Train Power: 0.0006 | patience:   9 | lr: 0.0015625 | Epoch time: 0.1 |

2024-09-09 04:08:53,529 - INFO -
| Epoch:    760 | Train loss: 4.8489e-01 | Valid loss: 4.1663e-01 | Train acc: 0.7809 ± 0.0000 | Valid acc: 0.8189 ± 0.0000 | Valid Power: 0.0006 | Train Power: 0.0006 | patience:  19 | lr: 0.0015625 | Epoch time: 0.1 |

2024-09-09 04:08:54,603 - INFO -
| Epoch:    770 | Train loss: 4.8472e-01 | Valid loss: 4.1654e-01 | Train acc: 0.7809 ± 0.0000 | Valid acc: 0.8189 ± 0.0000 | Valid Power: 0.0006 | Train Power: 0.0006 | patience:  29 | lr: 0.0015625 | Epoch time: 0.1 |

2024-09-09 04:08:55,676 - INFO -
| Epoch:    780 | Train loss: 4.8456e-01 | Valid loss: 4.1666e-01 | Train acc: 0.7809 ± 0.0000 | Valid acc: 0.8189 ± 0.0000 | Valid Power: 0.0006 | Train Power: 0.0006 | patience:  39 | lr: 0.0015625 | Epoch time: 0.1 |

2024-09-09 04:08:56,749 - INFO -
| Epoch:    790 | Train loss: 4.8441e-01 | Valid loss: 4.1673e-01 | Train acc: 0.7809 ± 0.0000 | Valid acc: 0.8189 ± 0.0000 | Valid Power: 0.0006 | Train Power: 0.0006 | patience:  49 | lr: 0.0015625 | Epoch time: 0.1 |

2024-09-09 04:08:57,823 - INFO -
| Epoch:    800 | Train loss: 4.8426e-01 | Valid loss: 4.1684e-01 | Train acc: 0.7809 ± 0.0000 | Valid acc: 0.8189 ± 0.0000 | Valid Power: 0.0006 | Train Power: 0.0006 | patience:  59 | lr: 0.0015625 | Epoch time: 0.1 |

2024-09-09 04:08:58,992 - INFO -
| Epoch:    810 | Train loss: 4.8412e-01 | Valid loss: 4.1694e-01 | Train acc: 0.7783 ± 0.0000 | Valid acc: 0.8189 ± 0.0000 | Valid Power: 0.0006 | Train Power: 0.0006 | patience:  69 | lr: 0.0015625 | Epoch time: 0.1 |

2024-09-09 04:09:00,068 - INFO -
| Epoch:    820 | Train loss: 4.8396e-01 | Valid loss: 4.1701e-01 | Train acc: 0.7783 ± 0.0000 | Valid acc: 0.8189 ± 0.0000 | Valid Power: 0.0006 | Train Power: 0.0006 | patience:  79 | lr: 0.0015625 | Epoch time: 0.1 |

2024-09-09 04:09:01,143 - INFO -
| Epoch:    830 | Train loss: 4.8374e-01 | Valid loss: 4.1730e-01 | Train acc: 0.7783 ± 0.0000 | Valid acc: 0.8189 ± 0.0000 | Valid Power: 0.0006 | Train Power: 0.0006 | patience:  89 | lr: 0.0015625 | Epoch time: 0.1 |

2024-09-09 04:09:02,216 - INFO -
| Epoch:    840 | Train loss: 4.8350e-01 | Valid loss: 4.1777e-01 | Train acc: 0.7783 ± 0.0000 | Valid acc: 0.8110 ± 0.0000 | Valid Power: 0.0006 | Train Power: 0.0006 | patience:  99 | lr: 0.0015625 | Epoch time: 0.1 |

2024-09-09 04:09:02,434 - INFO -
load best network to warm start training with lower lr.

2024-09-09 04:09:02,435 - INFO -
lr update to 0.00078125.

2024-09-09 04:09:03,294 - INFO -
| Epoch:    850 | Train loss: 4.8514e-01 | Valid loss: 4.1645e-01 | Train acc: 0.7809 ± 0.0000 | Valid acc: 0.8189 ± 0.0000 | Valid Power: 0.0006 | Train Power: 0.0006 | patience:   8 | lr: 0.00078125 | Epoch time: 0.1 |

2024-09-09 04:09:04,366 - INFO -
| Epoch:    860 | Train loss: 4.8505e-01 | Valid loss: 4.1641e-01 | Train acc: 0.7809 ± 0.0000 | Valid acc: 0.8189 ± 0.0000 | Valid Power: 0.0006 | Train Power: 0.0006 | patience:  18 | lr: 0.00078125 | Epoch time: 0.1 |

2024-09-09 04:09:05,439 - INFO -
| Epoch:    870 | Train loss: 4.8495e-01 | Valid loss: 4.1653e-01 | Train acc: 0.7809 ± 0.0000 | Valid acc: 0.8189 ± 0.0000 | Valid Power: 0.0006 | Train Power: 0.0006 | patience:  28 | lr: 0.00078125 | Epoch time: 0.1 |

2024-09-09 04:09:06,510 - INFO -
| Epoch:    880 | Train loss: 4.8487e-01 | Valid loss: 4.1652e-01 | Train acc: 0.7809 ± 0.0000 | Valid acc: 0.8189 ± 0.0000 | Valid Power: 0.0006 | Train Power: 0.0006 | patience:  38 | lr: 0.00078125 | Epoch time: 0.1 |

2024-09-09 04:09:07,579 - INFO -
| Epoch:    890 | Train loss: 4.8478e-01 | Valid loss: 4.1652e-01 | Train acc: 0.7809 ± 0.0000 | Valid acc: 0.8189 ± 0.0000 | Valid Power: 0.0006 | Train Power: 0.0006 | patience:  48 | lr: 0.00078125 | Epoch time: 0.1 |

2024-09-09 04:09:08,648 - INFO -
| Epoch:    900 | Train loss: 4.8470e-01 | Valid loss: 4.1657e-01 | Train acc: 0.7809 ± 0.0000 | Valid acc: 0.8189 ± 0.0000 | Valid Power: 0.0006 | Train Power: 0.0006 | patience:  58 | lr: 0.00078125 | Epoch time: 0.1 |

2024-09-09 04:09:09,716 - INFO -
| Epoch:    910 | Train loss: 4.8462e-01 | Valid loss: 4.1660e-01 | Train acc: 0.7809 ± 0.0000 | Valid acc: 0.8189 ± 0.0000 | Valid Power: 0.0006 | Train Power: 0.0006 | patience:  68 | lr: 0.00078125 | Epoch time: 0.1 |

2024-09-09 04:09:10,788 - INFO -
| Epoch:    920 | Train loss: 4.8454e-01 | Valid loss: 4.1665e-01 | Train acc: 0.7809 ± 0.0000 | Valid acc: 0.8189 ± 0.0000 | Valid Power: 0.0006 | Train Power: 0.0006 | patience:  78 | lr: 0.00078125 | Epoch time: 0.1 |

2024-09-09 04:09:11,857 - INFO -
| Epoch:    930 | Train loss: 4.8446e-01 | Valid loss: 4.1669e-01 | Train acc: 0.7809 ± 0.0000 | Valid acc: 0.8189 ± 0.0000 | Valid Power: 0.0006 | Train Power: 0.0006 | patience:  88 | lr: 0.00078125 | Epoch time: 0.1 |

2024-09-09 04:09:12,925 - INFO -
| Epoch:    940 | Train loss: 4.8438e-01 | Valid loss: 4.1674e-01 | Train acc: 0.7809 ± 0.0000 | Valid acc: 0.8189 ± 0.0000 | Valid Power: 0.0006 | Train Power: 0.0006 | patience:  98 | lr: 0.00078125 | Epoch time: 0.1 |

2024-09-09 04:09:13,250 - INFO -
load best network to warm start training with lower lr.

2024-09-09 04:09:13,250 - INFO -
lr update to 0.000390625.

2024-09-09 04:09:13,999 - INFO -
| Epoch:    950 | Train loss: 4.8518e-01 | Valid loss: 4.1633e-01 | Train acc: 0.7809 ± 0.0000 | Valid acc: 0.8189 ± 0.0000 | Valid Power: 0.0006 | Train Power: 0.0006 | patience:   7 | lr: 0.000390625 | Epoch time: 0.1 |

2024-09-09 04:09:15,066 - INFO -
| Epoch:    960 | Train loss: 4.8513e-01 | Valid loss: 4.1641e-01 | Train acc: 0.7809 ± 0.0000 | Valid acc: 0.8189 ± 0.0000 | Valid Power: 0.0006 | Train Power: 0.0006 | patience:  17 | lr: 0.000390625 | Epoch time: 0.1 |

2024-09-09 04:09:16,134 - INFO -
| Epoch:    970 | Train loss: 4.8508e-01 | Valid loss: 4.1639e-01 | Train acc: 0.7809 ± 0.0000 | Valid acc: 0.8189 ± 0.0000 | Valid Power: 0.0006 | Train Power: 0.0006 | patience:  27 | lr: 0.000390625 | Epoch time: 0.1 |

2024-09-09 04:09:17,200 - INFO -
| Epoch:    980 | Train loss: 4.8503e-01 | Valid loss: 4.1642e-01 | Train acc: 0.7809 ± 0.0000 | Valid acc: 0.8189 ± 0.0000 | Valid Power: 0.0006 | Train Power: 0.0006 | patience:  37 | lr: 0.000390625 | Epoch time: 0.1 |

2024-09-09 04:09:18,268 - INFO -
| Epoch:    990 | Train loss: 4.8498e-01 | Valid loss: 4.1647e-01 | Train acc: 0.7809 ± 0.0000 | Valid acc: 0.8189 ± 0.0000 | Valid Power: 0.0006 | Train Power: 0.0006 | patience:  47 | lr: 0.000390625 | Epoch time: 0.1 |

2024-09-09 04:09:19,335 - INFO -
| Epoch:   1000 | Train loss: 4.8494e-01 | Valid loss: 4.1648e-01 | Train acc: 0.7809 ± 0.0000 | Valid acc: 0.8189 ± 0.0000 | Valid Power: 0.0006 | Train Power: 0.0006 | patience:  57 | lr: 0.000390625 | Epoch time: 0.1 |

2024-09-09 04:09:20,403 - INFO -
| Epoch:   1010 | Train loss: 4.8489e-01 | Valid loss: 4.1648e-01 | Train acc: 0.7809 ± 0.0000 | Valid acc: 0.8189 ± 0.0000 | Valid Power: 0.0006 | Train Power: 0.0006 | patience:  67 | lr: 0.000390625 | Epoch time: 0.1 |

2024-09-09 04:09:21,480 - INFO -
| Epoch:   1020 | Train loss: 4.8485e-01 | Valid loss: 4.1650e-01 | Train acc: 0.7809 ± 0.0000 | Valid acc: 0.8189 ± 0.0000 | Valid Power: 0.0006 | Train Power: 0.0006 | patience:  77 | lr: 0.000390625 | Epoch time: 0.1 |

2024-09-09 04:09:22,550 - INFO -
| Epoch:   1030 | Train loss: 4.8481e-01 | Valid loss: 4.1652e-01 | Train acc: 0.7809 ± 0.0000 | Valid acc: 0.8189 ± 0.0000 | Valid Power: 0.0006 | Train Power: 0.0006 | patience:  87 | lr: 0.000390625 | Epoch time: 0.1 |

2024-09-09 04:09:23,623 - INFO -
| Epoch:   1040 | Train loss: 4.8476e-01 | Valid loss: 4.1653e-01 | Train acc: 0.7809 ± 0.0000 | Valid acc: 0.8189 ± 0.0000 | Valid Power: 0.0006 | Train Power: 0.0006 | patience:  97 | lr: 0.000390625 | Epoch time: 0.1 |

2024-09-09 04:09:24,053 - INFO -
load best network to warm start training with lower lr.

2024-09-09 04:09:24,054 - INFO -
lr update to 0.0001953125.

2024-09-09 04:09:24,788 - INFO -
| Epoch:   1050 | Train loss: 4.8520e-01 | Valid loss: 4.1614e-01 | Train acc: 0.7809 ± 0.0000 | Valid acc: 0.8189 ± 0.0000 | Valid Power: 0.0006 | Train Power: 0.0006 | patience:   6 | lr: 0.0001953125 | Epoch time: 0.1 |

2024-09-09 04:09:25,854 - INFO -
| Epoch:   1060 | Train loss: 4.8517e-01 | Valid loss: 4.1632e-01 | Train acc: 0.7809 ± 0.0000 | Valid acc: 0.8189 ± 0.0000 | Valid Power: 0.0006 | Train Power: 0.0006 | patience:  16 | lr: 0.0001953125 | Epoch time: 0.1 |

2024-09-09 04:09:26,920 - INFO -
| Epoch:   1070 | Train loss: 4.8514e-01 | Valid loss: 4.1636e-01 | Train acc: 0.7809 ± 0.0000 | Valid acc: 0.8189 ± 0.0000 | Valid Power: 0.0006 | Train Power: 0.0006 | patience:  26 | lr: 0.0001953125 | Epoch time: 0.1 |

2024-09-09 04:09:27,986 - INFO -
| Epoch:   1080 | Train loss: 4.8511e-01 | Valid loss: 4.1639e-01 | Train acc: 0.7809 ± 0.0000 | Valid acc: 0.8189 ± 0.0000 | Valid Power: 0.0006 | Train Power: 0.0006 | patience:  36 | lr: 0.0001953125 | Epoch time: 0.1 |

2024-09-09 04:09:29,053 - INFO -
| Epoch:   1090 | Train loss: 4.8509e-01 | Valid loss: 4.1637e-01 | Train acc: 0.7809 ± 0.0000 | Valid acc: 0.8189 ± 0.0000 | Valid Power: 0.0006 | Train Power: 0.0006 | patience:  46 | lr: 0.0001953125 | Epoch time: 0.1 |

2024-09-09 04:09:30,118 - INFO -
| Epoch:   1100 | Train loss: 4.8507e-01 | Valid loss: 4.1639e-01 | Train acc: 0.7809 ± 0.0000 | Valid acc: 0.8189 ± 0.0000 | Valid Power: 0.0006 | Train Power: 0.0006 | patience:  56 | lr: 0.0001953125 | Epoch time: 0.1 |

2024-09-09 04:09:31,185 - INFO -
| Epoch:   1110 | Train loss: 4.8504e-01 | Valid loss: 4.1641e-01 | Train acc: 0.7809 ± 0.0000 | Valid acc: 0.8189 ± 0.0000 | Valid Power: 0.0006 | Train Power: 0.0006 | patience:  66 | lr: 0.0001953125 | Epoch time: 0.1 |

2024-09-09 04:09:32,255 - INFO -
| Epoch:   1120 | Train loss: 4.8502e-01 | Valid loss: 4.1643e-01 | Train acc: 0.7809 ± 0.0000 | Valid acc: 0.8189 ± 0.0000 | Valid Power: 0.0006 | Train Power: 0.0006 | patience:  76 | lr: 0.0001953125 | Epoch time: 0.1 |

2024-09-09 04:09:33,321 - INFO -
| Epoch:   1130 | Train loss: 4.8500e-01 | Valid loss: 4.1644e-01 | Train acc: 0.7809 ± 0.0000 | Valid acc: 0.8189 ± 0.0000 | Valid Power: 0.0006 | Train Power: 0.0006 | patience:  86 | lr: 0.0001953125 | Epoch time: 0.1 |

2024-09-09 04:09:34,382 - INFO -
| Epoch:   1140 | Train loss: 4.8497e-01 | Valid loss: 4.1645e-01 | Train acc: 0.7809 ± 0.0000 | Valid acc: 0.8189 ± 0.0000 | Valid Power: 0.0006 | Train Power: 0.0006 | patience:  96 | lr: 0.0001953125 | Epoch time: 0.1 |

2024-09-09 04:09:34,892 - INFO -
load best network to warm start training with lower lr.

2024-09-09 04:09:34,892 - INFO -
lr update to 9.765625e-05.

2024-09-09 04:09:34,892 - INFO -
Early stop.

2024-09-09 04:09:34,899 - INFO -
Training if finished.

2024-09-09 16:19:07,223 - INFO -
Configuration: 
gmin                0.01
gmax                10.0
T                   0.1
m                   0.3
type_nonlinear      normal
act                 tanh
ACT_R1n             12.7865
ACT_R2n             -3.1871
ACT_W1n             -10.4537
ACT_L1n             10.546
ACT_W2n             -5.8496
ACT_L2n             4.2337
S_R1n               -11.7481
S_R2n               -0.3905
S_W1n               -9.169
S_L1n               0.3913
S_W2n               7.2004
S_L2n               15.5558
ReLU_RHn            -1.9557
ReLU_RLn            -20.1581
ReLU_RDn            16.6486
ReLU_RBn            -14.3472
ReLU_Wn             16.655
ReLU_Ln             -21.7591
HS_Rn               -0.3766
HS_Wn               0.5192
HS_Ln               4.6293
NEG_R1n             -7.0846
NEG_R2n             -2.5695
NEG_R3n             16.1542
NEG_W1n             13.8696
NEG_L1n             2.7635
NEG_W2n             1.2674
NEG_L2n             -10.4803
NEG_W3n             -6.4386
NEG_L3n             5.1005
task                normal
DATASET             7
DataPath            ./dataset
InputNoise          0.0
IN_test             0.0
R_train             1
R_test              1
N_time              32
pathnorm            False
hidden              [3]
skipconnection      False
SEED                6
DEVICE              cpu
PATIENCE            500
EPOCH               10000000000
LR                  0.1
PROGRESSIVE         True
LR_PATIENCE         100
LR_DECAY            0.5
LR_MIN              0.0001
metric              acc
SoftEva             True
TIMELIMITATION      71
MODE                nominal
M_train             1
K_train             1
M_test              1
K_test              1
t_test_max          1
integration         MC
N_train             1
e_train             0.0
N_test              100
e_test              0.1
e_fault             2
fault_ratio         0.0
N_fault             50
e_fault_test        0
N_fault_test        50
dropout             0.0
lagrangian_loss     False
rho                 100
powerestimator      none
powerbalance        0.0
estimatorbalance    0.0
pgmin               1e-07
power_ratio         1000
lambda_P            100
areaestimator       none
areabalance         0.0
area_theta          0.15
area_act            30.0
area_neg            22.7
lambda_A            0.001
lnc                 False
projectname         tanh_0_FaultAnalysisNormal
temppath            ./tanh_0_FaultAnalysisNormal/temp/
logfilepath         ./tanh_0_FaultAnalysisNormal/log/
report_freq         10
recording           False
recordpath          ./tanh_0_FaultAnalysisNormal/record/
savepath            ./tanh_0_FaultAnalysisNormal/models/
loglevel            info


2024-09-09 16:19:07,240 - INFO -
Training network on device: cpu.

2024-09-09 16:19:07,241 - INFO -
Training setup: data_07_mammographic_seed_06_epsilon_0.0_dropout_0.0_fault_ratio_0.0.model.

2024-09-09 16:19:07,241 - INFO -
{'dataname': 'mammographic', 'N_feature': 5, 'N_class': 2, 'N_train': 397, 'N_valid': 127, 'N_test': 79}

2024-09-09 16:19:07,241 - INFO -
Training was already finished.

2024-09-11 18:17:02,174 - INFO -
Configuration: 
gmin                0.01
gmax                10.0
T                   0.1
m                   0.3
type_nonlinear      normal
act                 tanh
ACT_R1n             12.7865
ACT_R2n             -3.1871
ACT_W1n             -10.4537
ACT_L1n             10.546
ACT_W2n             -5.8496
ACT_L2n             4.2337
S_R1n               -11.7481
S_R2n               -0.3905
S_W1n               -9.169
S_L1n               0.3913
S_W2n               7.2004
S_L2n               15.5558
ReLU_RHn            -1.9557
ReLU_RLn            -20.1581
ReLU_RDn            16.6486
ReLU_RBn            -14.3472
ReLU_Wn             16.655
ReLU_Ln             -21.7591
HS_Rn               -0.3766
HS_Wn               0.5192
HS_Ln               4.6293
NEG_R1n             -7.0846
NEG_R2n             -2.5695
NEG_R3n             16.1542
NEG_W1n             13.8696
NEG_L1n             2.7635
NEG_W2n             1.2674
NEG_L2n             -10.4803
NEG_W3n             -6.4386
NEG_L3n             5.1005
task                normal
DATASET             7
DataPath            ./dataset
InputNoise          0.0
IN_test             0.0
R_train             1
R_test              1
N_time              32
pathnorm            False
hidden              [3]
skipconnection      False
SEED                6
DEVICE              cpu
PATIENCE            500
EPOCH               10000000000
LR                  0.1
PROGRESSIVE         True
LR_PATIENCE         100
LR_DECAY            0.5
LR_MIN              0.0001
metric              acc
SoftEva             True
TIMELIMITATION      71
MODE                nominal
M_train             1
K_train             1
M_test              1
K_test              1
t_test_max          1
integration         MC
N_train             1
e_train             0.0
N_test              100
e_test              0.1
e_fault             2
fault_ratio         0.0
N_fault             50
e_fault_test        0
N_fault_test        50
dropout             0.0
lagrangian_loss     False
rho                 100
powerestimator      none
powerbalance        0.0
estimatorbalance    0.0
pgmin               1e-07
power_ratio         1000
lambda_P            100
areaestimator       none
areabalance         0.0
area_theta          0.15
area_act            30.0
area_neg            22.7
lambda_A            0.001
lnc                 False
projectname         tanh_0_FaultAnalysisNormal
temppath            ./tanh_0_FaultAnalysisNormal/temp/
logfilepath         ./tanh_0_FaultAnalysisNormal/log/
report_freq         10
recording           False
recordpath          ./tanh_0_FaultAnalysisNormal/record/
savepath            ./tanh_0_FaultAnalysisNormal/models/
loglevel            info


2024-09-11 18:17:02,208 - INFO -
Training network on device: cpu.

2024-09-11 18:17:02,208 - INFO -
Training setup: data_07_mammographic_seed_06_epsilon_0.0_dropout_0.0_fault_ratio_0.0.model.

2024-09-11 18:17:02,208 - INFO -
{'dataname': 'mammographic', 'N_feature': 5, 'N_class': 2, 'N_train': 397, 'N_valid': 127, 'N_test': 79}

2024-09-11 18:17:02,208 - INFO -
Training was already finished.

2024-09-12 04:38:03,727 - INFO -
Configuration: 
gmin                0.01
gmax                10.0
T                   0.1
m                   0.3
type_nonlinear      normal
act                 tanh
ACT_R1n             12.7865
ACT_R2n             -3.1871
ACT_W1n             -10.4537
ACT_L1n             10.546
ACT_W2n             -5.8496
ACT_L2n             4.2337
S_R1n               -11.7481
S_R2n               -0.3905
S_W1n               -9.169
S_L1n               0.3913
S_W2n               7.2004
S_L2n               15.5558
ReLU_RHn            -1.9557
ReLU_RLn            -20.1581
ReLU_RDn            16.6486
ReLU_RBn            -14.3472
ReLU_Wn             16.655
ReLU_Ln             -21.7591
HS_Rn               -0.3766
HS_Wn               0.5192
HS_Ln               4.6293
NEG_R1n             -7.0846
NEG_R2n             -2.5695
NEG_R3n             16.1542
NEG_W1n             13.8696
NEG_L1n             2.7635
NEG_W2n             1.2674
NEG_L2n             -10.4803
NEG_W3n             -6.4386
NEG_L3n             5.1005
task                normal
DATASET             7
DataPath            ./dataset
InputNoise          0.0
IN_test             0.0
R_train             1
R_test              1
N_time              32
pathnorm            False
hidden              [3]
skipconnection      False
SEED                6
DEVICE              cpu
PATIENCE            500
EPOCH               10000000000
LR                  0.1
PROGRESSIVE         True
LR_PATIENCE         100
LR_DECAY            0.5
LR_MIN              0.0001
metric              acc
SoftEva             True
TIMELIMITATION      71
MODE                nominal
M_train             1
K_train             1
M_test              1
K_test              1
t_test_max          1
integration         MC
N_train             1
e_train             0.0
N_test              100
e_test              0.1
e_fault             2
fault_ratio         0.0
N_fault             50
e_fault_test        0
N_fault_test        50
dropout             0.0
lagrangian_loss     False
rho                 100
powerestimator      none
powerbalance        0.0
estimatorbalance    0.0
pgmin               1e-07
power_ratio         1000
lambda_P            100
areaestimator       none
areabalance         0.0
area_theta          0.15
area_act            30.0
area_neg            22.7
lambda_A            0.001
lnc                 False
projectname         tanh_0_FaultAnalysisNormal
temppath            ./tanh_0_FaultAnalysisNormal/temp/
logfilepath         ./tanh_0_FaultAnalysisNormal/log/
report_freq         10
recording           False
recordpath          ./tanh_0_FaultAnalysisNormal/record/
savepath            ./tanh_0_FaultAnalysisNormal/models/
loglevel            info


2024-09-12 04:38:03,764 - INFO -
Training network on device: cpu.

2024-09-12 04:38:03,765 - INFO -
Training setup: data_07_mammographic_seed_06_epsilon_0.0_dropout_0.0_fault_ratio_0.0.model.

2024-09-12 04:38:03,765 - INFO -
{'dataname': 'mammographic', 'N_feature': 5, 'N_class': 2, 'N_train': 397, 'N_valid': 127, 'N_test': 79}

2024-09-12 04:38:03,765 - INFO -
Training was already finished.

