2024-09-09 23:57:34,946 - INFO -
Configuration: 
gmin                0.01
gmax                10.0
T                   0.1
m                   0.3
type_nonlinear      normal
act                 tanh
ACT_R1n             12.7865
ACT_R2n             -3.1871
ACT_W1n             -10.4537
ACT_L1n             10.546
ACT_W2n             -5.8496
ACT_L2n             4.2337
S_R1n               -11.7481
S_R2n               -0.3905
S_W1n               -9.169
S_L1n               0.3913
S_W2n               7.2004
S_L2n               15.5558
ReLU_RHn            -1.9557
ReLU_RLn            -20.1581
ReLU_RDn            16.6486
ReLU_RBn            -14.3472
ReLU_Wn             16.655
ReLU_Ln             -21.7591
HS_Rn               -0.3766
HS_Wn               0.5192
HS_Ln               4.6293
NEG_R1n             -7.0846
NEG_R2n             -2.5695
NEG_R3n             16.1542
NEG_W1n             13.8696
NEG_L1n             2.7635
NEG_W2n             1.2674
NEG_L2n             -10.4803
NEG_W3n             -6.4386
NEG_L3n             5.1005
task                normal
DATASET             8
DataPath            ./dataset
InputNoise          0.0
IN_test             0.0
R_train             1
R_test              1
N_time              32
pathnorm            False
hidden              [3]
skipconnection      False
SEED                6
DEVICE              cpu
PATIENCE            500
EPOCH               10000000000
LR                  0.1
PROGRESSIVE         True
LR_PATIENCE         100
LR_DECAY            0.5
LR_MIN              0.0001
metric              acc
SoftEva             True
TIMELIMITATION      71
MODE                nominal
M_train             1
K_train             1
M_test              1
K_test              1
t_test_max          1
integration         MC
N_train             1
e_train             0.0
N_test              100
e_test              0.1
e_fault             2
fault_ratio         0.0
N_fault             50
e_fault_test        0
N_fault_test        50
dropout             0.0
lagrangian_loss     False
rho                 100
powerestimator      none
powerbalance        0.0
estimatorbalance    0.0
pgmin               1e-07
power_ratio         1000
lambda_P            100
areaestimator       none
areabalance         0.0
area_theta          0.15
area_act            30.0
area_neg            22.7
lambda_A            0.001
lnc                 False
projectname         tanh_0_FaultAnalysisNormal
temppath            ./tanh_0_FaultAnalysisNormal/temp/
logfilepath         ./tanh_0_FaultAnalysisNormal/log/
report_freq         10
recording           False
recordpath          ./tanh_0_FaultAnalysisNormal/record/
savepath            ./tanh_0_FaultAnalysisNormal/models/
loglevel            info


2024-09-09 23:57:34,947 - INFO -
Training network on device: cpu.

2024-09-09 23:57:34,947 - INFO -
Training setup: data_08_pendigits_seed_06_epsilon_0.0_dropout_0.0_fault_ratio_0.0.model.

2024-09-09 23:57:34,947 - INFO -
{'dataname': 'pendigits', 'N_feature': 16, 'N_class': 10, 'N_train': 397, 'N_valid': 127, 'N_test': 79}

2024-09-09 23:57:34,947 - INFO -
Topology of the network: [16, 3, 10].

2024-09-09 23:57:36,667 - INFO -
| Epoch:      0 | Train loss: 2.3026e+00 | Valid loss: 2.3322e+00 | Train acc: 0.1008 ± 0.0000 | Valid acc: 0.2047 ± 0.0000 | Valid Power: 0.0016 | Train Power: 0.0010 | patience:   0 | lr: 0.1 | Epoch time: 0.2 |

2024-09-09 23:57:38,791 - INFO -
| Epoch:     10 | Train loss: 2.2229e+00 | Valid loss: 2.2752e+00 | Train acc: 0.1134 ± 0.0000 | Valid acc: 0.1969 ± 0.0000 | Valid Power: 0.0017 | Train Power: 0.0018 | patience:   2 | lr: 0.1 | Epoch time: 0.2 |

2024-09-09 23:57:40,783 - INFO -
| Epoch:     20 | Train loss: 2.0625e+00 | Valid loss: 2.0746e+00 | Train acc: 0.2594 ± 0.0000 | Valid acc: 0.2677 ± 0.0000 | Valid Power: 0.0017 | Train Power: 0.0018 | patience:   1 | lr: 0.1 | Epoch time: 0.2 |

2024-09-09 23:57:42,947 - INFO -
| Epoch:     30 | Train loss: 1.9172e+00 | Valid loss: 1.8912e+00 | Train acc: 0.2242 ± 0.0000 | Valid acc: 0.2756 ± 0.0000 | Valid Power: 0.0017 | Train Power: 0.0018 | patience:   0 | lr: 0.1 | Epoch time: 0.2 |

2024-09-09 23:57:44,941 - INFO -
| Epoch:     40 | Train loss: 1.7737e+00 | Valid loss: 1.8292e+00 | Train acc: 0.3174 ± 0.0000 | Valid acc: 0.2913 ± 0.0000 | Valid Power: 0.0020 | Train Power: 0.0021 | patience:   0 | lr: 0.1 | Epoch time: 0.2 |

2024-09-09 23:57:46,919 - INFO -
| Epoch:     50 | Train loss: 1.7221e+00 | Valid loss: 1.7573e+00 | Train acc: 0.3350 ± 0.0000 | Valid acc: 0.3386 ± 0.0000 | Valid Power: 0.0022 | Train Power: 0.0018 | patience:   0 | lr: 0.1 | Epoch time: 0.2 |

2024-09-09 23:57:48,899 - INFO -
| Epoch:     60 | Train loss: 1.7018e+00 | Valid loss: 1.7102e+00 | Train acc: 0.3375 ± 0.0000 | Valid acc: 0.3465 ± 0.0000 | Valid Power: 0.0023 | Train Power: 0.0018 | patience:   0 | lr: 0.1 | Epoch time: 0.2 |

2024-09-09 23:57:50,881 - INFO -
| Epoch:     70 | Train loss: 1.7434e+00 | Valid loss: 1.7308e+00 | Train acc: 0.2620 ± 0.0000 | Valid acc: 0.3071 ± 0.0000 | Valid Power: 0.0017 | Train Power: 0.0017 | patience:   5 | lr: 0.1 | Epoch time: 0.2 |

2024-09-09 23:57:52,844 - INFO -
| Epoch:     80 | Train loss: 1.6653e+00 | Valid loss: 1.6761e+00 | Train acc: 0.3778 ± 0.0000 | Valid acc: 0.3622 ± 0.0000 | Valid Power: 0.0018 | Train Power: 0.0017 | patience:   8 | lr: 0.1 | Epoch time: 0.2 |

2024-09-09 23:57:54,811 - INFO -
| Epoch:     90 | Train loss: 1.6370e+00 | Valid loss: 1.6887e+00 | Train acc: 0.3577 ± 0.0000 | Valid acc: 0.3701 ± 0.0000 | Valid Power: 0.0018 | Train Power: 0.0020 | patience:   1 | lr: 0.1 | Epoch time: 0.2 |

2024-09-09 23:57:56,869 - INFO -
| Epoch:    100 | Train loss: 1.6390e+00 | Valid loss: 1.6764e+00 | Train acc: 0.3501 ± 0.0000 | Valid acc: 0.3465 ± 0.0000 | Valid Power: 0.0020 | Train Power: 0.0018 | patience:   1 | lr: 0.1 | Epoch time: 0.2 |

2024-09-09 23:57:58,826 - INFO -
| Epoch:    110 | Train loss: 1.6561e+00 | Valid loss: 1.6749e+00 | Train acc: 0.3552 ± 0.0000 | Valid acc: 0.3701 ± 0.0000 | Valid Power: 0.0017 | Train Power: 0.0017 | patience:  11 | lr: 0.1 | Epoch time: 0.2 |

2024-09-09 23:58:00,794 - INFO -
| Epoch:    120 | Train loss: 1.6304e+00 | Valid loss: 1.6395e+00 | Train acc: 0.3350 ± 0.0000 | Valid acc: 0.3307 ± 0.0000 | Valid Power: 0.0023 | Train Power: 0.0081 | patience:   0 | lr: 0.1 | Epoch time: 0.2 |

2024-09-09 23:58:02,760 - INFO -
| Epoch:    130 | Train loss: 1.6090e+00 | Valid loss: 1.6298e+00 | Train acc: 0.3426 ± 0.0000 | Valid acc: 0.3386 ± 0.0000 | Valid Power: 0.0019 | Train Power: 0.0019 | patience:   6 | lr: 0.1 | Epoch time: 0.2 |

2024-09-09 23:58:04,725 - INFO -
| Epoch:    140 | Train loss: 1.6148e+00 | Valid loss: 1.6286e+00 | Train acc: 0.3451 ± 0.0000 | Valid acc: 0.3622 ± 0.0000 | Valid Power: 0.0018 | Train Power: 0.0018 | patience:   1 | lr: 0.1 | Epoch time: 0.2 |

2024-09-09 23:58:06,685 - INFO -
| Epoch:    150 | Train loss: 1.6143e+00 | Valid loss: 1.6529e+00 | Train acc: 0.3652 ± 0.0000 | Valid acc: 0.3937 ± 0.0000 | Valid Power: 0.0020 | Train Power: 0.0021 | patience:  11 | lr: 0.1 | Epoch time: 0.2 |

2024-09-09 23:58:08,644 - INFO -
| Epoch:    160 | Train loss: 1.6231e+00 | Valid loss: 1.6614e+00 | Train acc: 0.3325 ± 0.0000 | Valid acc: 0.3228 ± 0.0000 | Valid Power: 0.0020 | Train Power: 0.0024 | patience:  21 | lr: 0.1 | Epoch time: 0.2 |

2024-09-09 23:58:10,619 - INFO -
| Epoch:    170 | Train loss: 1.6192e+00 | Valid loss: 1.6413e+00 | Train acc: 0.3703 ± 0.0000 | Valid acc: 0.3780 ± 0.0000 | Valid Power: 0.0019 | Train Power: 0.0019 | patience:  31 | lr: 0.1 | Epoch time: 0.2 |

2024-09-09 23:58:12,581 - INFO -
| Epoch:    180 | Train loss: 1.5974e+00 | Valid loss: 1.6401e+00 | Train acc: 0.3627 ± 0.0000 | Valid acc: 0.3622 ± 0.0000 | Valid Power: 0.0019 | Train Power: 0.0054 | patience:  41 | lr: 0.1 | Epoch time: 0.2 |

2024-09-09 23:58:14,659 - INFO -
| Epoch:    190 | Train loss: 1.5932e+00 | Valid loss: 1.6156e+00 | Train acc: 0.3375 ± 0.0000 | Valid acc: 0.3543 ± 0.0000 | Valid Power: 0.0020 | Train Power: 0.0021 | patience:   2 | lr: 0.1 | Epoch time: 0.2 |

2024-09-09 23:58:16,620 - INFO -
| Epoch:    200 | Train loss: 1.5938e+00 | Valid loss: 1.6273e+00 | Train acc: 0.3703 ± 0.0000 | Valid acc: 0.3937 ± 0.0000 | Valid Power: 0.0018 | Train Power: 0.0020 | patience:  12 | lr: 0.1 | Epoch time: 0.2 |

2024-09-09 23:58:18,581 - INFO -
| Epoch:    210 | Train loss: 1.5783e+00 | Valid loss: 1.6766e+00 | Train acc: 0.3501 ± 0.0000 | Valid acc: 0.3307 ± 0.0000 | Valid Power: 0.0018 | Train Power: 0.0019 | patience:  22 | lr: 0.1 | Epoch time: 0.2 |

2024-09-09 23:58:20,543 - INFO -
| Epoch:    220 | Train loss: 1.5811e+00 | Valid loss: 1.6170e+00 | Train acc: 0.3199 ± 0.0000 | Valid acc: 0.3307 ± 0.0000 | Valid Power: 0.0017 | Train Power: 0.0017 | patience:  32 | lr: 0.1 | Epoch time: 0.2 |

2024-09-09 23:58:22,508 - INFO -
| Epoch:    230 | Train loss: 1.6959e+00 | Valid loss: 1.7635e+00 | Train acc: 0.2015 ± 0.0000 | Valid acc: 0.2205 ± 0.0000 | Valid Power: 0.0018 | Train Power: 0.0018 | patience:   4 | lr: 0.1 | Epoch time: 0.2 |

2024-09-09 23:58:24,543 - INFO -
| Epoch:    240 | Train loss: 1.6252e+00 | Valid loss: 1.6640e+00 | Train acc: 0.3703 ± 0.0000 | Valid acc: 0.4016 ± 0.0000 | Valid Power: 0.0018 | Train Power: 0.0018 | patience:  14 | lr: 0.1 | Epoch time: 0.2 |

2024-09-09 23:58:26,502 - INFO -
| Epoch:    250 | Train loss: 1.6059e+00 | Valid loss: 1.6430e+00 | Train acc: 0.3249 ± 0.0000 | Valid acc: 0.3150 ± 0.0000 | Valid Power: 0.0018 | Train Power: 0.0126 | patience:  24 | lr: 0.1 | Epoch time: 0.2 |

2024-09-09 23:58:28,463 - INFO -
| Epoch:    260 | Train loss: 1.5779e+00 | Valid loss: 1.6116e+00 | Train acc: 0.3577 ± 0.0000 | Valid acc: 0.3858 ± 0.0000 | Valid Power: 0.0019 | Train Power: 0.0018 | patience:   2 | lr: 0.1 | Epoch time: 0.2 |

2024-09-09 23:58:30,422 - INFO -
| Epoch:    270 | Train loss: 1.6157e+00 | Valid loss: 1.6134e+00 | Train acc: 0.2645 ± 0.0000 | Valid acc: 0.3228 ± 0.0000 | Valid Power: 0.0018 | Train Power: 0.0019 | patience:   3 | lr: 0.1 | Epoch time: 0.2 |

2024-09-09 23:58:32,399 - INFO -
| Epoch:    280 | Train loss: 1.5707e+00 | Valid loss: 1.6054e+00 | Train acc: 0.3174 ± 0.0000 | Valid acc: 0.3465 ± 0.0000 | Valid Power: 0.0018 | Train Power: 0.0018 | patience:   8 | lr: 0.1 | Epoch time: 0.2 |

2024-09-09 23:58:34,362 - INFO -
| Epoch:    290 | Train loss: 1.5624e+00 | Valid loss: 1.6254e+00 | Train acc: 0.3048 ± 0.0000 | Valid acc: 0.3150 ± 0.0000 | Valid Power: 0.0019 | Train Power: 0.0020 | patience:   3 | lr: 0.1 | Epoch time: 0.2 |

2024-09-09 23:58:36,328 - INFO -
| Epoch:    300 | Train loss: 1.5771e+00 | Valid loss: 1.6651e+00 | Train acc: 0.2065 ± 0.0000 | Valid acc: 0.1811 ± 0.0000 | Valid Power: 0.0044 | Train Power: 0.0019 | patience:   7 | lr: 0.1 | Epoch time: 0.2 |

2024-09-09 23:58:38,293 - INFO -
| Epoch:    310 | Train loss: 1.5831e+00 | Valid loss: 1.6415e+00 | Train acc: 0.2343 ± 0.0000 | Valid acc: 0.2047 ± 0.0000 | Valid Power: 0.0018 | Train Power: 0.0018 | patience:   6 | lr: 0.1 | Epoch time: 0.2 |

2024-09-09 23:58:40,263 - INFO -
| Epoch:    320 | Train loss: 1.5720e+00 | Valid loss: 1.5913e+00 | Train acc: 0.2343 ± 0.0000 | Valid acc: 0.2520 ± 0.0000 | Valid Power: 0.0019 | Train Power: 0.0020 | patience:   1 | lr: 0.1 | Epoch time: 0.2 |

2024-09-09 23:58:42,229 - INFO -
| Epoch:    330 | Train loss: 1.6322e+00 | Valid loss: 1.6268e+00 | Train acc: 0.2040 ± 0.0000 | Valid acc: 0.2283 ± 0.0000 | Valid Power: 0.0019 | Train Power: 0.0023 | patience:   7 | lr: 0.1 | Epoch time: 0.2 |

2024-09-09 23:58:44,285 - INFO -
| Epoch:    340 | Train loss: 1.6165e+00 | Valid loss: 1.5843e+00 | Train acc: 0.2443 ± 0.0000 | Valid acc: 0.2756 ± 0.0000 | Valid Power: 0.0017 | Train Power: 0.0017 | patience:  17 | lr: 0.1 | Epoch time: 0.2 |

2024-09-09 23:58:46,245 - INFO -
| Epoch:    350 | Train loss: 1.6755e+00 | Valid loss: 1.6603e+00 | Train acc: 0.1864 ± 0.0000 | Valid acc: 0.2047 ± 0.0000 | Valid Power: 0.0018 | Train Power: 0.0018 | patience:   9 | lr: 0.1 | Epoch time: 0.2 |

2024-09-09 23:58:48,203 - INFO -
| Epoch:    360 | Train loss: 1.5734e+00 | Valid loss: 1.5648e+00 | Train acc: 0.2695 ± 0.0000 | Valid acc: 0.2835 ± 0.0000 | Valid Power: 0.0018 | Train Power: 0.0020 | patience:  19 | lr: 0.1 | Epoch time: 0.2 |

2024-09-09 23:58:50,166 - INFO -
| Epoch:    370 | Train loss: 1.5544e+00 | Valid loss: 1.5827e+00 | Train acc: 0.2494 ± 0.0000 | Valid acc: 0.2598 ± 0.0000 | Valid Power: 0.0018 | Train Power: 0.0018 | patience:   1 | lr: 0.1 | Epoch time: 0.2 |

2024-09-09 23:58:52,126 - INFO -
| Epoch:    380 | Train loss: 1.5377e+00 | Valid loss: 1.5695e+00 | Train acc: 0.2746 ± 0.0000 | Valid acc: 0.2520 ± 0.0000 | Valid Power: 0.0018 | Train Power: 0.0018 | patience:   1 | lr: 0.1 | Epoch time: 0.2 |

2024-09-09 23:58:54,081 - INFO -
| Epoch:    390 | Train loss: 1.5372e+00 | Valid loss: 1.5536e+00 | Train acc: 0.2519 ± 0.0000 | Valid acc: 0.2362 ± 0.0000 | Valid Power: 0.0018 | Train Power: 0.0025 | patience:  11 | lr: 0.1 | Epoch time: 0.2 |

2024-09-09 23:58:56,037 - INFO -
| Epoch:    400 | Train loss: 1.5670e+00 | Valid loss: 1.5851e+00 | Train acc: 0.3123 ± 0.0000 | Valid acc: 0.2913 ± 0.0000 | Valid Power: 0.0018 | Train Power: 0.0018 | patience:  21 | lr: 0.1 | Epoch time: 0.2 |

2024-09-09 23:58:58,072 - INFO -
| Epoch:    410 | Train loss: 1.5402e+00 | Valid loss: 1.5615e+00 | Train acc: 0.2947 ± 0.0000 | Valid acc: 0.2520 ± 0.0000 | Valid Power: 0.0018 | Train Power: 0.0018 | patience:  31 | lr: 0.1 | Epoch time: 0.2 |

2024-09-09 23:59:00,031 - INFO -
| Epoch:    420 | Train loss: 1.5484e+00 | Valid loss: 1.6046e+00 | Train acc: 0.2620 ± 0.0000 | Valid acc: 0.2598 ± 0.0000 | Valid Power: 0.0018 | Train Power: 0.0018 | patience:  41 | lr: 0.1 | Epoch time: 0.2 |

2024-09-09 23:59:01,988 - INFO -
| Epoch:    430 | Train loss: 1.5730e+00 | Valid loss: 1.5784e+00 | Train acc: 0.2242 ± 0.0000 | Valid acc: 0.2205 ± 0.0000 | Valid Power: 0.0024 | Train Power: 0.0018 | patience:  51 | lr: 0.1 | Epoch time: 0.2 |

2024-09-09 23:59:03,945 - INFO -
| Epoch:    440 | Train loss: 1.5541e+00 | Valid loss: 1.6102e+00 | Train acc: 0.3048 ± 0.0000 | Valid acc: 0.2677 ± 0.0000 | Valid Power: 0.0018 | Train Power: 0.0019 | patience:  61 | lr: 0.1 | Epoch time: 0.2 |

2024-09-09 23:59:05,902 - INFO -
| Epoch:    450 | Train loss: 1.5443e+00 | Valid loss: 1.5988e+00 | Train acc: 0.3048 ± 0.0000 | Valid acc: 0.2992 ± 0.0000 | Valid Power: 0.0018 | Train Power: 0.0018 | patience:  71 | lr: 0.1 | Epoch time: 0.2 |

2024-09-09 23:59:07,867 - INFO -
| Epoch:    460 | Train loss: 1.5625e+00 | Valid loss: 1.5446e+00 | Train acc: 0.2645 ± 0.0000 | Valid acc: 0.3543 ± 0.0000 | Valid Power: 0.0019 | Train Power: 0.0030 | patience:   0 | lr: 0.1 | Epoch time: 0.2 |

2024-09-09 23:59:09,824 - INFO -
| Epoch:    470 | Train loss: 1.5726e+00 | Valid loss: 1.5574e+00 | Train acc: 0.2972 ± 0.0000 | Valid acc: 0.3307 ± 0.0000 | Valid Power: 0.0018 | Train Power: 0.0018 | patience:  10 | lr: 0.1 | Epoch time: 0.2 |

2024-09-09 23:59:11,782 - INFO -
| Epoch:    480 | Train loss: 1.5409e+00 | Valid loss: 1.5481e+00 | Train acc: 0.2519 ± 0.0000 | Valid acc: 0.2677 ± 0.0000 | Valid Power: 0.0020 | Train Power: 0.0019 | patience:  20 | lr: 0.1 | Epoch time: 0.2 |

2024-09-09 23:59:13,817 - INFO -
| Epoch:    490 | Train loss: 1.5349e+00 | Valid loss: 1.5614e+00 | Train acc: 0.2872 ± 0.0000 | Valid acc: 0.2992 ± 0.0000 | Valid Power: 0.0018 | Train Power: 0.0022 | patience:   6 | lr: 0.1 | Epoch time: 0.2 |

2024-09-09 23:59:15,787 - INFO -
| Epoch:    500 | Train loss: 1.5318e+00 | Valid loss: 1.5502e+00 | Train acc: 0.2242 ± 0.0000 | Valid acc: 0.2441 ± 0.0000 | Valid Power: 0.0018 | Train Power: 0.0018 | patience:   2 | lr: 0.1 | Epoch time: 0.2 |

2024-09-09 23:59:17,735 - INFO -
| Epoch:    510 | Train loss: 1.5475e+00 | Valid loss: 1.5513e+00 | Train acc: 0.2393 ± 0.0000 | Valid acc: 0.2205 ± 0.0000 | Valid Power: 0.0018 | Train Power: 0.0020 | patience:  12 | lr: 0.1 | Epoch time: 0.2 |

2024-09-09 23:59:19,682 - INFO -
| Epoch:    520 | Train loss: 1.5295e+00 | Valid loss: 1.6025e+00 | Train acc: 0.2670 ± 0.0000 | Valid acc: 0.2205 ± 0.0000 | Valid Power: 0.0019 | Train Power: 0.0027 | patience:  22 | lr: 0.1 | Epoch time: 0.2 |

2024-09-09 23:59:21,580 - INFO -
| Epoch:    530 | Train loss: 1.5380e+00 | Valid loss: 1.6131e+00 | Train acc: 0.2217 ± 0.0000 | Valid acc: 0.2126 ± 0.0000 | Valid Power: 0.0020 | Train Power: 0.0023 | patience:  32 | lr: 0.1 | Epoch time: 0.2 |

2024-09-09 23:59:23,550 - INFO -
| Epoch:    540 | Train loss: 1.5273e+00 | Valid loss: 1.5977e+00 | Train acc: 0.2771 ± 0.0000 | Valid acc: 0.2441 ± 0.0000 | Valid Power: 0.0027 | Train Power: 0.0031 | patience:   6 | lr: 0.1 | Epoch time: 0.2 |

2024-09-09 23:59:25,490 - INFO -
| Epoch:    550 | Train loss: 1.5174e+00 | Valid loss: 1.5932e+00 | Train acc: 0.2695 ± 0.0000 | Valid acc: 0.3071 ± 0.0000 | Valid Power: 0.0022 | Train Power: 0.0023 | patience:  16 | lr: 0.1 | Epoch time: 0.2 |

2024-09-09 23:59:27,403 - INFO -
| Epoch:    560 | Train loss: 1.5558e+00 | Valid loss: 1.5611e+00 | Train acc: 0.2519 ± 0.0000 | Valid acc: 0.2835 ± 0.0000 | Valid Power: 0.0020 | Train Power: 0.0022 | patience:  26 | lr: 0.1 | Epoch time: 0.2 |

2024-09-09 23:59:29,236 - INFO -
| Epoch:    570 | Train loss: 1.5970e+00 | Valid loss: 1.6181e+00 | Train acc: 0.2368 ± 0.0000 | Valid acc: 0.2520 ± 0.0000 | Valid Power: 0.0020 | Train Power: 0.0021 | patience:  36 | lr: 0.1 | Epoch time: 0.2 |

2024-09-09 23:59:31,064 - INFO -
| Epoch:    580 | Train loss: 1.5552e+00 | Valid loss: 1.5552e+00 | Train acc: 0.3023 ± 0.0000 | Valid acc: 0.3307 ± 0.0000 | Valid Power: 0.0022 | Train Power: 0.0020 | patience:  46 | lr: 0.1 | Epoch time: 0.2 |

2024-09-09 23:59:32,901 - INFO -
| Epoch:    590 | Train loss: 1.5750e+00 | Valid loss: 1.5895e+00 | Train acc: 0.2469 ± 0.0000 | Valid acc: 0.2677 ± 0.0000 | Valid Power: 0.0020 | Train Power: 0.0020 | patience:  56 | lr: 0.1 | Epoch time: 0.2 |

2024-09-09 23:59:34,726 - INFO -
| Epoch:    600 | Train loss: 1.5414e+00 | Valid loss: 1.5334e+00 | Train acc: 0.2292 ± 0.0000 | Valid acc: 0.2441 ± 0.0000 | Valid Power: 0.0019 | Train Power: 0.0019 | patience:   7 | lr: 0.1 | Epoch time: 0.2 |

2024-09-09 23:59:36,546 - INFO -
| Epoch:    610 | Train loss: 1.5337e+00 | Valid loss: 1.5862e+00 | Train acc: 0.2469 ± 0.0000 | Valid acc: 0.2362 ± 0.0000 | Valid Power: 0.0019 | Train Power: 0.0019 | patience:  17 | lr: 0.1 | Epoch time: 0.2 |

2024-09-09 23:59:38,368 - INFO -
| Epoch:    620 | Train loss: 1.5584e+00 | Valid loss: 1.5962e+00 | Train acc: 0.2796 ± 0.0000 | Valid acc: 0.2520 ± 0.0000 | Valid Power: 0.0019 | Train Power: 0.0019 | patience:  27 | lr: 0.1 | Epoch time: 0.2 |

2024-09-09 23:59:40,156 - INFO -
| Epoch:    630 | Train loss: 1.5682e+00 | Valid loss: 1.6542e+00 | Train acc: 0.2569 ± 0.0000 | Valid acc: 0.2520 ± 0.0000 | Valid Power: 0.0019 | Train Power: 0.0020 | patience:  37 | lr: 0.1 | Epoch time: 0.2 |

2024-09-09 23:59:41,904 - INFO -
| Epoch:    640 | Train loss: 1.5543e+00 | Valid loss: 1.6411e+00 | Train acc: 0.2846 ± 0.0000 | Valid acc: 0.2126 ± 0.0000 | Valid Power: 0.0019 | Train Power: 0.0019 | patience:  47 | lr: 0.1 | Epoch time: 0.2 |

2024-09-09 23:59:43,569 - INFO -
| Epoch:    650 | Train loss: 1.5462e+00 | Valid loss: 1.5643e+00 | Train acc: 0.2695 ± 0.0000 | Valid acc: 0.2835 ± 0.0000 | Valid Power: 0.0020 | Train Power: 0.0020 | patience:  57 | lr: 0.1 | Epoch time: 0.2 |

2024-09-09 23:59:45,227 - INFO -
| Epoch:    660 | Train loss: 1.5525e+00 | Valid loss: 1.6016e+00 | Train acc: 0.2519 ± 0.0000 | Valid acc: 0.2205 ± 0.0000 | Valid Power: 0.0027 | Train Power: 0.0022 | patience:  67 | lr: 0.1 | Epoch time: 0.2 |

2024-09-09 23:59:46,869 - INFO -
| Epoch:    670 | Train loss: 1.5413e+00 | Valid loss: 1.5467e+00 | Train acc: 0.2443 ± 0.0000 | Valid acc: 0.2520 ± 0.0000 | Valid Power: 0.0021 | Train Power: 0.0024 | patience:  77 | lr: 0.1 | Epoch time: 0.2 |

2024-09-09 23:59:48,511 - INFO -
| Epoch:    680 | Train loss: 1.5276e+00 | Valid loss: 1.5640e+00 | Train acc: 0.2317 ± 0.0000 | Valid acc: 0.2205 ± 0.0000 | Valid Power: 0.0021 | Train Power: 0.0022 | patience:  87 | lr: 0.1 | Epoch time: 0.2 |

2024-09-09 23:59:50,140 - INFO -
| Epoch:    690 | Train loss: 1.5588e+00 | Valid loss: 1.6447e+00 | Train acc: 0.3123 ± 0.0000 | Valid acc: 0.2992 ± 0.0000 | Valid Power: 0.0022 | Train Power: 0.0022 | patience:  97 | lr: 0.1 | Epoch time: 0.2 |

2024-09-09 23:59:50,796 - INFO -
load best network to warm start training with lower lr.

2024-09-09 23:59:50,796 - INFO -
lr update to 0.05.

2024-09-09 23:59:51,776 - INFO -
| Epoch:    700 | Train loss: 1.5565e+00 | Valid loss: 1.5735e+00 | Train acc: 0.2368 ± 0.0000 | Valid acc: 0.2362 ± 0.0000 | Valid Power: 0.0019 | Train Power: 0.0020 | patience:   4 | lr: 0.05 | Epoch time: 0.2 |

2024-09-09 23:59:53,479 - INFO -
| Epoch:    710 | Train loss: 1.5267e+00 | Valid loss: 1.5462e+00 | Train acc: 0.2569 ± 0.0000 | Valid acc: 0.2283 ± 0.0000 | Valid Power: 0.0020 | Train Power: 0.0019 | patience:  14 | lr: 0.05 | Epoch time: 0.2 |

2024-09-09 23:59:55,120 - INFO -
| Epoch:    720 | Train loss: 1.5381e+00 | Valid loss: 1.5343e+00 | Train acc: 0.2368 ± 0.0000 | Valid acc: 0.2598 ± 0.0000 | Valid Power: 0.0020 | Train Power: 0.0020 | patience:   3 | lr: 0.05 | Epoch time: 0.2 |

2024-09-09 23:59:56,757 - INFO -
| Epoch:    730 | Train loss: 1.5263e+00 | Valid loss: 1.5355e+00 | Train acc: 0.2443 ± 0.0000 | Valid acc: 0.2598 ± 0.0000 | Valid Power: 0.0020 | Train Power: 0.0020 | patience:   7 | lr: 0.05 | Epoch time: 0.2 |

2024-09-09 23:59:58,393 - INFO -
| Epoch:    740 | Train loss: 1.5191e+00 | Valid loss: 1.5424e+00 | Train acc: 0.2620 ± 0.0000 | Valid acc: 0.2677 ± 0.0000 | Valid Power: 0.0027 | Train Power: 0.0021 | patience:  17 | lr: 0.05 | Epoch time: 0.2 |

2024-09-10 00:00:00,036 - INFO -
| Epoch:    750 | Train loss: 1.5356e+00 | Valid loss: 1.5917e+00 | Train acc: 0.2796 ± 0.0000 | Valid acc: 0.2520 ± 0.0000 | Valid Power: 0.0020 | Train Power: 0.0021 | patience:  27 | lr: 0.05 | Epoch time: 0.2 |

2024-09-10 00:00:01,681 - INFO -
| Epoch:    760 | Train loss: 1.5193e+00 | Valid loss: 1.6015e+00 | Train acc: 0.2670 ± 0.0000 | Valid acc: 0.2520 ± 0.0000 | Valid Power: 0.0032 | Train Power: 0.0022 | patience:  37 | lr: 0.05 | Epoch time: 0.2 |

2024-09-10 00:00:03,315 - INFO -
| Epoch:    770 | Train loss: 1.5169e+00 | Valid loss: 1.5449e+00 | Train acc: 0.2746 ± 0.0000 | Valid acc: 0.2835 ± 0.0000 | Valid Power: 0.0037 | Train Power: 0.0027 | patience:  47 | lr: 0.05 | Epoch time: 0.2 |

2024-09-10 00:00:04,942 - INFO -
| Epoch:    780 | Train loss: 1.5239e+00 | Valid loss: 1.5373e+00 | Train acc: 0.2947 ± 0.0000 | Valid acc: 0.3150 ± 0.0000 | Valid Power: 0.0059 | Train Power: 0.0024 | patience:  57 | lr: 0.05 | Epoch time: 0.2 |

2024-09-10 00:00:06,656 - INFO -
| Epoch:    790 | Train loss: 1.5322e+00 | Valid loss: 1.5480e+00 | Train acc: 0.2469 ± 0.0000 | Valid acc: 0.2992 ± 0.0000 | Valid Power: 0.0022 | Train Power: 0.0021 | patience:   5 | lr: 0.05 | Epoch time: 0.2 |

2024-09-10 00:00:08,284 - INFO -
| Epoch:    800 | Train loss: 1.5396e+00 | Valid loss: 1.5410e+00 | Train acc: 0.2343 ± 0.0000 | Valid acc: 0.2756 ± 0.0000 | Valid Power: 0.0031 | Train Power: 0.0022 | patience:  15 | lr: 0.05 | Epoch time: 0.2 |

2024-09-10 00:00:09,923 - INFO -
| Epoch:    810 | Train loss: 1.5308e+00 | Valid loss: 1.5497e+00 | Train acc: 0.2469 ± 0.0000 | Valid acc: 0.2756 ± 0.0000 | Valid Power: 0.0021 | Train Power: 0.0021 | patience:  25 | lr: 0.05 | Epoch time: 0.2 |

2024-09-10 00:00:11,563 - INFO -
| Epoch:    820 | Train loss: 1.5328e+00 | Valid loss: 1.5543e+00 | Train acc: 0.3123 ± 0.0000 | Valid acc: 0.3622 ± 0.0000 | Valid Power: 0.0021 | Train Power: 0.0024 | patience:  35 | lr: 0.05 | Epoch time: 0.2 |

2024-09-10 00:00:13,192 - INFO -
| Epoch:    830 | Train loss: 1.5275e+00 | Valid loss: 1.5497e+00 | Train acc: 0.2821 ± 0.0000 | Valid acc: 0.2677 ± 0.0000 | Valid Power: 0.0023 | Train Power: 0.0022 | patience:  45 | lr: 0.05 | Epoch time: 0.2 |

2024-09-10 00:00:14,885 - INFO -
| Epoch:    840 | Train loss: 1.5357e+00 | Valid loss: 1.5488e+00 | Train acc: 0.2872 ± 0.0000 | Valid acc: 0.3150 ± 0.0000 | Valid Power: 0.0022 | Train Power: 0.0022 | patience:  55 | lr: 0.05 | Epoch time: 0.2 |

2024-09-10 00:00:16,505 - INFO -
| Epoch:    850 | Train loss: 1.5497e+00 | Valid loss: 1.6231e+00 | Train acc: 0.3123 ± 0.0000 | Valid acc: 0.3228 ± 0.0000 | Valid Power: 0.0021 | Train Power: 0.0021 | patience:  65 | lr: 0.05 | Epoch time: 0.2 |

2024-09-10 00:00:18,122 - INFO -
| Epoch:    860 | Train loss: 1.5318e+00 | Valid loss: 1.5676e+00 | Train acc: 0.2418 ± 0.0000 | Valid acc: 0.2520 ± 0.0000 | Valid Power: 0.0024 | Train Power: 0.0021 | patience:  75 | lr: 0.05 | Epoch time: 0.2 |

2024-09-10 00:00:19,608 - INFO -
| Epoch:    870 | Train loss: 1.5264e+00 | Valid loss: 1.5674e+00 | Train acc: 0.2771 ± 0.0000 | Valid acc: 0.2913 ± 0.0000 | Valid Power: 0.0021 | Train Power: 0.0021 | patience:  85 | lr: 0.05 | Epoch time: 0.1 |

2024-09-10 00:00:21,038 - INFO -
| Epoch:    880 | Train loss: 1.5186e+00 | Valid loss: 1.5679e+00 | Train acc: 0.3401 ± 0.0000 | Valid acc: 0.3622 ± 0.0000 | Valid Power: 0.0027 | Train Power: 0.0024 | patience:  95 | lr: 0.05 | Epoch time: 0.1 |

2024-09-10 00:00:21,892 - INFO -
load best network to warm start training with lower lr.

2024-09-10 00:00:21,892 - INFO -
lr update to 0.025.

2024-09-10 00:00:22,471 - INFO -
| Epoch:    890 | Train loss: 1.5377e+00 | Valid loss: 1.5591e+00 | Train acc: 0.2872 ± 0.0000 | Valid acc: 0.3071 ± 0.0000 | Valid Power: 0.0032 | Train Power: 0.0174 | patience:   4 | lr: 0.025 | Epoch time: 0.1 |

2024-09-10 00:00:23,893 - INFO -
| Epoch:    900 | Train loss: 1.5262e+00 | Valid loss: 1.5357e+00 | Train acc: 0.2569 ± 0.0000 | Valid acc: 0.2756 ± 0.0000 | Valid Power: 0.0025 | Train Power: 0.0024 | patience:  14 | lr: 0.025 | Epoch time: 0.1 |

2024-09-10 00:00:25,305 - INFO -
| Epoch:    910 | Train loss: 1.5308e+00 | Valid loss: 1.5429e+00 | Train acc: 0.2469 ± 0.0000 | Valid acc: 0.2598 ± 0.0000 | Valid Power: 0.0024 | Train Power: 0.0025 | patience:  24 | lr: 0.025 | Epoch time: 0.1 |

2024-09-10 00:00:26,724 - INFO -
| Epoch:    920 | Train loss: 1.5203e+00 | Valid loss: 1.5331e+00 | Train acc: 0.3123 ± 0.0000 | Valid acc: 0.2913 ± 0.0000 | Valid Power: 0.0024 | Train Power: 0.0024 | patience:  34 | lr: 0.025 | Epoch time: 0.1 |

2024-09-10 00:00:28,142 - INFO -
| Epoch:    930 | Train loss: 1.5157e+00 | Valid loss: 1.5415e+00 | Train acc: 0.2746 ± 0.0000 | Valid acc: 0.2756 ± 0.0000 | Valid Power: 0.0023 | Train Power: 0.0024 | patience:  44 | lr: 0.025 | Epoch time: 0.1 |

2024-09-10 00:00:29,631 - INFO -
| Epoch:    940 | Train loss: 1.5203e+00 | Valid loss: 1.5287e+00 | Train acc: 0.2544 ± 0.0000 | Valid acc: 0.2756 ± 0.0000 | Valid Power: 0.0031 | Train Power: 0.0039 | patience:  54 | lr: 0.025 | Epoch time: 0.1 |

2024-09-10 00:00:31,067 - INFO -
| Epoch:    950 | Train loss: 1.5119e+00 | Valid loss: 1.5327e+00 | Train acc: 0.2594 ± 0.0000 | Valid acc: 0.2756 ± 0.0000 | Valid Power: 0.0025 | Train Power: 0.0024 | patience:  64 | lr: 0.025 | Epoch time: 0.1 |

2024-09-10 00:00:32,463 - INFO -
| Epoch:    960 | Train loss: 1.5316e+00 | Valid loss: 1.5489e+00 | Train acc: 0.2393 ± 0.0000 | Valid acc: 0.2677 ± 0.0000 | Valid Power: 0.0027 | Train Power: 0.0026 | patience:  74 | lr: 0.025 | Epoch time: 0.1 |

2024-09-10 00:00:33,861 - INFO -
| Epoch:    970 | Train loss: 1.5168e+00 | Valid loss: 1.5376e+00 | Train acc: 0.2997 ± 0.0000 | Valid acc: 0.2913 ± 0.0000 | Valid Power: 0.0029 | Train Power: 0.0091 | patience:  84 | lr: 0.025 | Epoch time: 0.1 |

2024-09-10 00:00:35,267 - INFO -
| Epoch:    980 | Train loss: 1.5145e+00 | Valid loss: 1.5370e+00 | Train acc: 0.2695 ± 0.0000 | Valid acc: 0.2677 ± 0.0000 | Valid Power: 0.0043 | Train Power: 0.0028 | patience:  94 | lr: 0.025 | Epoch time: 0.1 |

2024-09-10 00:00:36,248 - INFO -
load best network to warm start training with lower lr.

2024-09-10 00:00:36,248 - INFO -
lr update to 0.0125.

2024-09-10 00:00:36,669 - INFO -
| Epoch:    990 | Train loss: 1.5193e+00 | Valid loss: 1.5290e+00 | Train acc: 0.2544 ± 0.0000 | Valid acc: 0.2835 ± 0.0000 | Valid Power: 0.0024 | Train Power: 0.0025 | patience:   3 | lr: 0.0125 | Epoch time: 0.1 |

2024-09-10 00:00:38,068 - INFO -
| Epoch:   1000 | Train loss: 1.5144e+00 | Valid loss: 1.5422e+00 | Train acc: 0.2720 ± 0.0000 | Valid acc: 0.2677 ± 0.0000 | Valid Power: 0.0025 | Train Power: 0.0030 | patience:  13 | lr: 0.0125 | Epoch time: 0.1 |

2024-09-10 00:00:39,532 - INFO -
| Epoch:   1010 | Train loss: 1.5189e+00 | Valid loss: 1.5254e+00 | Train acc: 0.2897 ± 0.0000 | Valid acc: 0.3150 ± 0.0000 | Valid Power: 0.0033 | Train Power: 0.0081 | patience:  23 | lr: 0.0125 | Epoch time: 0.1 |

2024-09-10 00:00:40,944 - INFO -
| Epoch:   1020 | Train loss: 1.5154e+00 | Valid loss: 1.5217e+00 | Train acc: 0.2922 ± 0.0000 | Valid acc: 0.3150 ± 0.0000 | Valid Power: 0.0148 | Train Power: 0.0042 | patience:   3 | lr: 0.0125 | Epoch time: 0.1 |

2024-09-10 00:00:42,341 - INFO -
| Epoch:   1030 | Train loss: 1.5148e+00 | Valid loss: 1.5359e+00 | Train acc: 0.2872 ± 0.0000 | Valid acc: 0.3071 ± 0.0000 | Valid Power: 0.0029 | Train Power: 0.0030 | patience:  13 | lr: 0.0125 | Epoch time: 0.1 |

2024-09-10 00:00:43,737 - INFO -
| Epoch:   1040 | Train loss: 1.5133e+00 | Valid loss: 1.5368e+00 | Train acc: 0.2897 ± 0.0000 | Valid acc: 0.2913 ± 0.0000 | Valid Power: 0.0027 | Train Power: 0.0029 | patience:  23 | lr: 0.0125 | Epoch time: 0.1 |

2024-09-10 00:00:45,136 - INFO -
| Epoch:   1050 | Train loss: 1.5104e+00 | Valid loss: 1.5260e+00 | Train acc: 0.2897 ± 0.0000 | Valid acc: 0.2992 ± 0.0000 | Valid Power: 0.0030 | Train Power: 0.0032 | patience:  33 | lr: 0.0125 | Epoch time: 0.1 |

2024-09-10 00:00:46,533 - INFO -
| Epoch:   1060 | Train loss: 1.5084e+00 | Valid loss: 1.5257e+00 | Train acc: 0.2846 ± 0.0000 | Valid acc: 0.2992 ± 0.0000 | Valid Power: 0.0041 | Train Power: 0.0032 | patience:  43 | lr: 0.0125 | Epoch time: 0.1 |

2024-09-10 00:00:47,931 - INFO -
| Epoch:   1070 | Train loss: 1.5084e+00 | Valid loss: 1.5258e+00 | Train acc: 0.2922 ± 0.0000 | Valid acc: 0.3150 ± 0.0000 | Valid Power: 0.0042 | Train Power: 0.0038 | patience:  53 | lr: 0.0125 | Epoch time: 0.1 |

2024-09-10 00:00:49,345 - INFO -
| Epoch:   1080 | Train loss: 1.5079e+00 | Valid loss: 1.5269e+00 | Train acc: 0.2997 ± 0.0000 | Valid acc: 0.3150 ± 0.0000 | Valid Power: 0.0034 | Train Power: 0.0053 | patience:  63 | lr: 0.0125 | Epoch time: 0.1 |

2024-09-10 00:00:50,788 - INFO -
| Epoch:   1090 | Train loss: 1.5074e+00 | Valid loss: 1.5333e+00 | Train acc: 0.2972 ± 0.0000 | Valid acc: 0.3150 ± 0.0000 | Valid Power: 0.0032 | Train Power: 0.0031 | patience:  73 | lr: 0.0125 | Epoch time: 0.2 |

2024-09-10 00:00:52,154 - INFO -
| Epoch:   1100 | Train loss: 1.5062e+00 | Valid loss: 1.5419e+00 | Train acc: 0.2972 ± 0.0000 | Valid acc: 0.3071 ± 0.0000 | Valid Power: 0.0031 | Train Power: 0.0032 | patience:  83 | lr: 0.0125 | Epoch time: 0.1 |

2024-09-10 00:00:53,521 - INFO -
| Epoch:   1110 | Train loss: 1.5059e+00 | Valid loss: 1.5288e+00 | Train acc: 0.2972 ± 0.0000 | Valid acc: 0.3150 ± 0.0000 | Valid Power: 0.0031 | Train Power: 0.0034 | patience:  93 | lr: 0.0125 | Epoch time: 0.1 |

2024-09-10 00:00:54,618 - INFO -
load best network to warm start training with lower lr.

2024-09-10 00:00:54,619 - INFO -
lr update to 0.00625.

2024-09-10 00:00:54,892 - INFO -
| Epoch:   1120 | Train loss: 1.5157e+00 | Valid loss: 1.5221e+00 | Train acc: 0.2922 ± 0.0000 | Valid acc: 0.3150 ± 0.0000 | Valid Power: 0.0063 | Train Power: 0.0030 | patience:   2 | lr: 0.00625 | Epoch time: 0.1 |

2024-09-10 00:00:56,263 - INFO -
| Epoch:   1130 | Train loss: 1.5160e+00 | Valid loss: 1.5423e+00 | Train acc: 0.3048 ± 0.0000 | Valid acc: 0.3071 ± 0.0000 | Valid Power: 0.0029 | Train Power: 0.0029 | patience:  12 | lr: 0.00625 | Epoch time: 0.1 |

2024-09-10 00:00:57,635 - INFO -
| Epoch:   1140 | Train loss: 1.5126e+00 | Valid loss: 1.5420e+00 | Train acc: 0.2972 ± 0.0000 | Valid acc: 0.3071 ± 0.0000 | Valid Power: 0.0037 | Train Power: 0.0032 | patience:  22 | lr: 0.00625 | Epoch time: 0.1 |

2024-09-10 00:00:59,068 - INFO -
| Epoch:   1150 | Train loss: 1.5099e+00 | Valid loss: 1.5409e+00 | Train acc: 0.2972 ± 0.0000 | Valid acc: 0.3071 ± 0.0000 | Valid Power: 0.0030 | Train Power: 0.0030 | patience:  32 | lr: 0.00625 | Epoch time: 0.1 |

2024-09-10 00:01:00,439 - INFO -
| Epoch:   1160 | Train loss: 1.5097e+00 | Valid loss: 1.5409e+00 | Train acc: 0.2972 ± 0.0000 | Valid acc: 0.3071 ± 0.0000 | Valid Power: 0.0029 | Train Power: 0.0029 | patience:  42 | lr: 0.00625 | Epoch time: 0.1 |

2024-09-10 00:01:01,818 - INFO -
| Epoch:   1170 | Train loss: 1.5093e+00 | Valid loss: 1.5412e+00 | Train acc: 0.2997 ± 0.0000 | Valid acc: 0.3071 ± 0.0000 | Valid Power: 0.0031 | Train Power: 0.0032 | patience:  52 | lr: 0.00625 | Epoch time: 0.1 |

2024-09-10 00:01:03,197 - INFO -
| Epoch:   1180 | Train loss: 1.5090e+00 | Valid loss: 1.5415e+00 | Train acc: 0.2947 ± 0.0000 | Valid acc: 0.3071 ± 0.0000 | Valid Power: 0.0030 | Train Power: 0.0030 | patience:  62 | lr: 0.00625 | Epoch time: 0.1 |

2024-09-10 00:01:04,564 - INFO -
| Epoch:   1190 | Train loss: 1.5077e+00 | Valid loss: 1.5417e+00 | Train acc: 0.3023 ± 0.0000 | Valid acc: 0.3071 ± 0.0000 | Valid Power: 0.0031 | Train Power: 0.0031 | patience:  72 | lr: 0.00625 | Epoch time: 0.1 |

2024-09-10 00:01:05,933 - INFO -
| Epoch:   1200 | Train loss: 1.5076e+00 | Valid loss: 1.5415e+00 | Train acc: 0.2997 ± 0.0000 | Valid acc: 0.3071 ± 0.0000 | Valid Power: 0.0036 | Train Power: 0.0034 | patience:  82 | lr: 0.00625 | Epoch time: 0.1 |

2024-09-10 00:01:07,304 - INFO -
| Epoch:   1210 | Train loss: 1.5074e+00 | Valid loss: 1.5416e+00 | Train acc: 0.2997 ± 0.0000 | Valid acc: 0.3071 ± 0.0000 | Valid Power: 0.0055 | Train Power: 0.0066 | patience:  92 | lr: 0.00625 | Epoch time: 0.1 |

2024-09-10 00:01:08,539 - INFO -
load best network to warm start training with lower lr.

2024-09-10 00:01:08,539 - INFO -
lr update to 0.003125.

2024-09-10 00:01:08,677 - INFO -
| Epoch:   1220 | Train loss: 1.5171e+00 | Valid loss: 1.5220e+00 | Train acc: 0.2897 ± 0.0000 | Valid acc: 0.3150 ± 0.0000 | Valid Power: 0.0030 | Train Power: 0.0029 | patience:   1 | lr: 0.003125 | Epoch time: 0.1 |

2024-09-10 00:01:10,048 - INFO -
| Epoch:   1230 | Train loss: 1.5143e+00 | Valid loss: 1.5305e+00 | Train acc: 0.2922 ± 0.0000 | Valid acc: 0.3150 ± 0.0000 | Valid Power: 0.0033 | Train Power: 0.0037 | patience:  11 | lr: 0.003125 | Epoch time: 0.1 |

2024-09-10 00:01:11,495 - INFO -
| Epoch:   1240 | Train loss: 1.5140e+00 | Valid loss: 1.5304e+00 | Train acc: 0.2922 ± 0.0000 | Valid acc: 0.3150 ± 0.0000 | Valid Power: 0.0031 | Train Power: 0.0031 | patience:  21 | lr: 0.003125 | Epoch time: 0.2 |

2024-09-10 00:01:12,866 - INFO -
| Epoch:   1250 | Train loss: 1.5128e+00 | Valid loss: 1.5416e+00 | Train acc: 0.2997 ± 0.0000 | Valid acc: 0.3071 ± 0.0000 | Valid Power: 0.0039 | Train Power: 0.0047 | patience:  31 | lr: 0.003125 | Epoch time: 0.1 |

2024-09-10 00:01:14,239 - INFO -
| Epoch:   1260 | Train loss: 1.5106e+00 | Valid loss: 1.5324e+00 | Train acc: 0.3023 ± 0.0000 | Valid acc: 0.3150 ± 0.0000 | Valid Power: 0.0032 | Train Power: 0.0032 | patience:  41 | lr: 0.003125 | Epoch time: 0.1 |

2024-09-10 00:01:15,609 - INFO -
| Epoch:   1270 | Train loss: 1.5100e+00 | Valid loss: 1.5307e+00 | Train acc: 0.2997 ± 0.0000 | Valid acc: 0.3150 ± 0.0000 | Valid Power: 0.0032 | Train Power: 0.0031 | patience:  51 | lr: 0.003125 | Epoch time: 0.1 |

2024-09-10 00:01:16,978 - INFO -
| Epoch:   1280 | Train loss: 1.5096e+00 | Valid loss: 1.5322e+00 | Train acc: 0.3023 ± 0.0000 | Valid acc: 0.3150 ± 0.0000 | Valid Power: 0.0032 | Train Power: 0.0032 | patience:  61 | lr: 0.003125 | Epoch time: 0.1 |

2024-09-10 00:01:18,354 - INFO -
| Epoch:   1290 | Train loss: 1.5092e+00 | Valid loss: 1.5316e+00 | Train acc: 0.3023 ± 0.0000 | Valid acc: 0.3150 ± 0.0000 | Valid Power: 0.0032 | Train Power: 0.0032 | patience:  71 | lr: 0.003125 | Epoch time: 0.1 |

2024-09-10 00:01:19,726 - INFO -
| Epoch:   1300 | Train loss: 1.5086e+00 | Valid loss: 1.5336e+00 | Train acc: 0.3023 ± 0.0000 | Valid acc: 0.3150 ± 0.0000 | Valid Power: 0.0032 | Train Power: 0.0032 | patience:  81 | lr: 0.003125 | Epoch time: 0.1 |

2024-09-10 00:01:21,160 - INFO -
| Epoch:   1310 | Train loss: 1.5078e+00 | Valid loss: 1.5361e+00 | Train acc: 0.2997 ± 0.0000 | Valid acc: 0.3150 ± 0.0000 | Valid Power: 0.0032 | Train Power: 0.0032 | patience:  91 | lr: 0.003125 | Epoch time: 0.2 |

2024-09-10 00:01:22,539 - INFO -
load best network to warm start training with lower lr.

2024-09-10 00:01:22,539 - INFO -
lr update to 0.0015625.

2024-09-10 00:01:22,539 - INFO -
| Epoch:   1320 | Train loss: 1.5067e+00 | Valid loss: 1.5347e+00 | Train acc: 0.2997 ± 0.0000 | Valid acc: 0.3150 ± 0.0000 | Valid Power: 0.0032 | Train Power: 0.0032 | patience:   0 | lr: 0.0015625 | Epoch time: 0.1 |

2024-09-10 00:01:23,905 - INFO -
| Epoch:   1330 | Train loss: 1.5142e+00 | Valid loss: 1.5227e+00 | Train acc: 0.2922 ± 0.0000 | Valid acc: 0.3150 ± 0.0000 | Valid Power: 0.0032 | Train Power: 0.0031 | patience:  10 | lr: 0.0015625 | Epoch time: 0.1 |

2024-09-10 00:01:25,272 - INFO -
| Epoch:   1340 | Train loss: 1.5142e+00 | Valid loss: 1.5256e+00 | Train acc: 0.2922 ± 0.0000 | Valid acc: 0.3150 ± 0.0000 | Valid Power: 0.0038 | Train Power: 0.0042 | patience:  20 | lr: 0.0015625 | Epoch time: 0.1 |

2024-09-10 00:01:26,648 - INFO -
| Epoch:   1350 | Train loss: 1.5140e+00 | Valid loss: 1.5288e+00 | Train acc: 0.2922 ± 0.0000 | Valid acc: 0.3150 ± 0.0000 | Valid Power: 0.0041 | Train Power: 0.0043 | patience:  30 | lr: 0.0015625 | Epoch time: 0.1 |

2024-09-10 00:01:27,919 - INFO -
| Epoch:   1360 | Train loss: 1.5129e+00 | Valid loss: 1.5404e+00 | Train acc: 0.2997 ± 0.0000 | Valid acc: 0.3071 ± 0.0000 | Valid Power: 0.0049 | Train Power: 0.0046 | patience:  40 | lr: 0.0015625 | Epoch time: 0.1 |

2024-09-10 00:01:29,189 - INFO -
| Epoch:   1370 | Train loss: 1.5114e+00 | Valid loss: 1.5403e+00 | Train acc: 0.2997 ± 0.0000 | Valid acc: 0.3071 ± 0.0000 | Valid Power: 0.0048 | Train Power: 0.0050 | patience:  50 | lr: 0.0015625 | Epoch time: 0.1 |

2024-09-10 00:01:30,470 - INFO -
| Epoch:   1380 | Train loss: 1.5108e+00 | Valid loss: 1.5340e+00 | Train acc: 0.2972 ± 0.0000 | Valid acc: 0.3150 ± 0.0000 | Valid Power: 0.0043 | Train Power: 0.0044 | patience:  60 | lr: 0.0015625 | Epoch time: 0.1 |

2024-09-10 00:01:31,741 - INFO -
| Epoch:   1390 | Train loss: 1.5106e+00 | Valid loss: 1.5309e+00 | Train acc: 0.2972 ± 0.0000 | Valid acc: 0.3150 ± 0.0000 | Valid Power: 0.0043 | Train Power: 0.0043 | patience:  70 | lr: 0.0015625 | Epoch time: 0.1 |

2024-09-10 00:01:33,101 - INFO -
| Epoch:   1400 | Train loss: 1.5105e+00 | Valid loss: 1.5298e+00 | Train acc: 0.2972 ± 0.0000 | Valid acc: 0.3150 ± 0.0000 | Valid Power: 0.0042 | Train Power: 0.0042 | patience:  80 | lr: 0.0015625 | Epoch time: 0.1 |

2024-09-10 00:01:34,369 - INFO -
| Epoch:   1410 | Train loss: 1.5104e+00 | Valid loss: 1.5303e+00 | Train acc: 0.2972 ± 0.0000 | Valid acc: 0.3150 ± 0.0000 | Valid Power: 0.0042 | Train Power: 0.0042 | patience:  90 | lr: 0.0015625 | Epoch time: 0.1 |

2024-09-10 00:01:35,640 - INFO -
| Epoch:   1420 | Train loss: 1.5104e+00 | Valid loss: 1.5304e+00 | Train acc: 0.2972 ± 0.0000 | Valid acc: 0.3150 ± 0.0000 | Valid Power: 0.0042 | Train Power: 0.0042 | patience: 100 | lr: 0.0015625 | Epoch time: 0.1 |

2024-09-10 00:01:35,770 - INFO -
load best network to warm start training with lower lr.

2024-09-10 00:01:35,770 - INFO -
lr update to 0.00078125.

2024-09-10 00:01:36,909 - INFO -
| Epoch:   1430 | Train loss: 1.5152e+00 | Valid loss: 1.5231e+00 | Train acc: 0.2922 ± 0.0000 | Valid acc: 0.3150 ± 0.0000 | Valid Power: 0.0030 | Train Power: 0.0030 | patience:   9 | lr: 0.00078125 | Epoch time: 0.1 |

2024-09-10 00:01:38,178 - INFO -
| Epoch:   1440 | Train loss: 1.5142e+00 | Valid loss: 1.5230e+00 | Train acc: 0.2922 ± 0.0000 | Valid acc: 0.3150 ± 0.0000 | Valid Power: 0.0030 | Train Power: 0.0030 | patience:  19 | lr: 0.00078125 | Epoch time: 0.1 |

2024-09-10 00:01:39,512 - INFO -
| Epoch:   1450 | Train loss: 1.5141e+00 | Valid loss: 1.5237e+00 | Train acc: 0.2922 ± 0.0000 | Valid acc: 0.3150 ± 0.0000 | Valid Power: 0.0031 | Train Power: 0.0031 | patience:  29 | lr: 0.00078125 | Epoch time: 0.1 |

2024-09-10 00:01:40,788 - INFO -
| Epoch:   1460 | Train loss: 1.5140e+00 | Valid loss: 1.5244e+00 | Train acc: 0.2922 ± 0.0000 | Valid acc: 0.3150 ± 0.0000 | Valid Power: 0.0032 | Train Power: 0.0032 | patience:  39 | lr: 0.00078125 | Epoch time: 0.1 |

2024-09-10 00:01:42,063 - INFO -
| Epoch:   1470 | Train loss: 1.5138e+00 | Valid loss: 1.5265e+00 | Train acc: 0.2922 ± 0.0000 | Valid acc: 0.3150 ± 0.0000 | Valid Power: 0.0033 | Train Power: 0.0032 | patience:  49 | lr: 0.00078125 | Epoch time: 0.1 |

2024-09-10 00:01:43,345 - INFO -
| Epoch:   1480 | Train loss: 1.5130e+00 | Valid loss: 1.5399e+00 | Train acc: 0.2972 ± 0.0000 | Valid acc: 0.3071 ± 0.0000 | Valid Power: 0.0034 | Train Power: 0.0034 | patience:  59 | lr: 0.00078125 | Epoch time: 0.1 |

2024-09-10 00:01:44,612 - INFO -
| Epoch:   1490 | Train loss: 1.5123e+00 | Valid loss: 1.5392e+00 | Train acc: 0.2972 ± 0.0000 | Valid acc: 0.3071 ± 0.0000 | Valid Power: 0.0035 | Train Power: 0.0035 | patience:  69 | lr: 0.00078125 | Epoch time: 0.1 |

2024-09-10 00:01:45,889 - INFO -
| Epoch:   1500 | Train loss: 1.5113e+00 | Valid loss: 1.5380e+00 | Train acc: 0.2972 ± 0.0000 | Valid acc: 0.3150 ± 0.0000 | Valid Power: 0.0036 | Train Power: 0.0036 | patience:  79 | lr: 0.00078125 | Epoch time: 0.1 |

2024-09-10 00:01:47,099 - INFO -
| Epoch:   1510 | Train loss: 1.5109e+00 | Valid loss: 1.5329e+00 | Train acc: 0.2972 ± 0.0000 | Valid acc: 0.3150 ± 0.0000 | Valid Power: 0.0036 | Train Power: 0.0036 | patience:  89 | lr: 0.00078125 | Epoch time: 0.1 |

2024-09-10 00:01:48,302 - INFO -
| Epoch:   1520 | Train loss: 1.5107e+00 | Valid loss: 1.5321e+00 | Train acc: 0.2972 ± 0.0000 | Valid acc: 0.3150 ± 0.0000 | Valid Power: 0.0036 | Train Power: 0.0036 | patience:  99 | lr: 0.00078125 | Epoch time: 0.1 |

2024-09-10 00:01:48,545 - INFO -
load best network to warm start training with lower lr.

2024-09-10 00:01:48,545 - INFO -
lr update to 0.000390625.

2024-09-10 00:01:49,512 - INFO -
| Epoch:   1530 | Train loss: 1.5165e+00 | Valid loss: 1.5194e+00 | Train acc: 0.2897 ± 0.0000 | Valid acc: 0.3150 ± 0.0000 | Valid Power: 0.0029 | Train Power: 0.0029 | patience:   7 | lr: 0.000390625 | Epoch time: 0.1 |

2024-09-10 00:01:50,725 - INFO -
| Epoch:   1540 | Train loss: 1.5150e+00 | Valid loss: 1.5230e+00 | Train acc: 0.2922 ± 0.0000 | Valid acc: 0.3150 ± 0.0000 | Valid Power: 0.0030 | Train Power: 0.0029 | patience:  17 | lr: 0.000390625 | Epoch time: 0.1 |

2024-09-10 00:01:51,981 - INFO -
| Epoch:   1550 | Train loss: 1.5142e+00 | Valid loss: 1.5226e+00 | Train acc: 0.2922 ± 0.0000 | Valid acc: 0.3150 ± 0.0000 | Valid Power: 0.0030 | Train Power: 0.0030 | patience:  27 | lr: 0.000390625 | Epoch time: 0.1 |

2024-09-10 00:01:53,175 - INFO -
| Epoch:   1560 | Train loss: 1.5141e+00 | Valid loss: 1.5229e+00 | Train acc: 0.2922 ± 0.0000 | Valid acc: 0.3150 ± 0.0000 | Valid Power: 0.0030 | Train Power: 0.0030 | patience:  37 | lr: 0.000390625 | Epoch time: 0.1 |

2024-09-10 00:01:54,365 - INFO -
| Epoch:   1570 | Train loss: 1.5141e+00 | Valid loss: 1.5233e+00 | Train acc: 0.2922 ± 0.0000 | Valid acc: 0.3150 ± 0.0000 | Valid Power: 0.0030 | Train Power: 0.0030 | patience:  47 | lr: 0.000390625 | Epoch time: 0.1 |

2024-09-10 00:01:55,550 - INFO -
| Epoch:   1580 | Train loss: 1.5140e+00 | Valid loss: 1.5236e+00 | Train acc: 0.2922 ± 0.0000 | Valid acc: 0.3150 ± 0.0000 | Valid Power: 0.0030 | Train Power: 0.0030 | patience:  57 | lr: 0.000390625 | Epoch time: 0.1 |

2024-09-10 00:01:56,732 - INFO -
| Epoch:   1590 | Train loss: 1.5139e+00 | Valid loss: 1.5239e+00 | Train acc: 0.2922 ± 0.0000 | Valid acc: 0.3150 ± 0.0000 | Valid Power: 0.0030 | Train Power: 0.0030 | patience:  67 | lr: 0.000390625 | Epoch time: 0.1 |

2024-09-10 00:01:57,917 - INFO -
| Epoch:   1600 | Train loss: 1.5139e+00 | Valid loss: 1.5243e+00 | Train acc: 0.2922 ± 0.0000 | Valid acc: 0.3150 ± 0.0000 | Valid Power: 0.0031 | Train Power: 0.0031 | patience:  77 | lr: 0.000390625 | Epoch time: 0.1 |

2024-09-10 00:01:59,107 - INFO -
| Epoch:   1610 | Train loss: 1.5138e+00 | Valid loss: 1.5253e+00 | Train acc: 0.2922 ± 0.0000 | Valid acc: 0.3150 ± 0.0000 | Valid Power: 0.0031 | Train Power: 0.0031 | patience:  87 | lr: 0.000390625 | Epoch time: 0.1 |

2024-09-10 00:02:00,355 - INFO -
| Epoch:   1620 | Train loss: 1.5137e+00 | Valid loss: 1.5258e+00 | Train acc: 0.2922 ± 0.0000 | Valid acc: 0.3150 ± 0.0000 | Valid Power: 0.0032 | Train Power: 0.0031 | patience:  97 | lr: 0.000390625 | Epoch time: 0.1 |

2024-09-10 00:02:00,832 - INFO -
load best network to warm start training with lower lr.

2024-09-10 00:02:00,832 - INFO -
lr update to 0.0001953125.

2024-09-10 00:02:01,542 - INFO -
| Epoch:   1630 | Train loss: 1.5167e+00 | Valid loss: 1.5154e+00 | Train acc: 0.2897 ± 0.0000 | Valid acc: 0.3150 ± 0.0000 | Valid Power: 0.0029 | Train Power: 0.0029 | patience:   6 | lr: 0.0001953125 | Epoch time: 0.1 |

2024-09-10 00:02:02,724 - INFO -
| Epoch:   1640 | Train loss: 1.5164e+00 | Valid loss: 1.5222e+00 | Train acc: 0.2897 ± 0.0000 | Valid acc: 0.3150 ± 0.0000 | Valid Power: 0.0029 | Train Power: 0.0029 | patience:  16 | lr: 0.0001953125 | Epoch time: 0.1 |

2024-09-10 00:02:03,908 - INFO -
| Epoch:   1650 | Train loss: 1.5152e+00 | Valid loss: 1.5232e+00 | Train acc: 0.2922 ± 0.0000 | Valid acc: 0.3150 ± 0.0000 | Valid Power: 0.0029 | Train Power: 0.0029 | patience:  26 | lr: 0.0001953125 | Epoch time: 0.1 |

2024-09-10 00:02:05,090 - INFO -
| Epoch:   1660 | Train loss: 1.5143e+00 | Valid loss: 1.5226e+00 | Train acc: 0.2922 ± 0.0000 | Valid acc: 0.3150 ± 0.0000 | Valid Power: 0.0030 | Train Power: 0.0029 | patience:  36 | lr: 0.0001953125 | Epoch time: 0.1 |

2024-09-10 00:02:06,271 - INFO -
| Epoch:   1670 | Train loss: 1.5142e+00 | Valid loss: 1.5225e+00 | Train acc: 0.2922 ± 0.0000 | Valid acc: 0.3150 ± 0.0000 | Valid Power: 0.0030 | Train Power: 0.0029 | patience:  46 | lr: 0.0001953125 | Epoch time: 0.1 |

2024-09-10 00:02:07,449 - INFO -
| Epoch:   1680 | Train loss: 1.5141e+00 | Valid loss: 1.5226e+00 | Train acc: 0.2922 ± 0.0000 | Valid acc: 0.3150 ± 0.0000 | Valid Power: 0.0030 | Train Power: 0.0030 | patience:  56 | lr: 0.0001953125 | Epoch time: 0.1 |

2024-09-10 00:02:08,693 - INFO -
| Epoch:   1690 | Train loss: 1.5141e+00 | Valid loss: 1.5228e+00 | Train acc: 0.2922 ± 0.0000 | Valid acc: 0.3150 ± 0.0000 | Valid Power: 0.0030 | Train Power: 0.0030 | patience:  66 | lr: 0.0001953125 | Epoch time: 0.1 |

2024-09-10 00:02:09,874 - INFO -
| Epoch:   1700 | Train loss: 1.5141e+00 | Valid loss: 1.5229e+00 | Train acc: 0.2922 ± 0.0000 | Valid acc: 0.3150 ± 0.0000 | Valid Power: 0.0030 | Train Power: 0.0030 | patience:  76 | lr: 0.0001953125 | Epoch time: 0.1 |

2024-09-10 00:02:11,058 - INFO -
| Epoch:   1710 | Train loss: 1.5140e+00 | Valid loss: 1.5231e+00 | Train acc: 0.2922 ± 0.0000 | Valid acc: 0.3150 ± 0.0000 | Valid Power: 0.0030 | Train Power: 0.0030 | patience:  86 | lr: 0.0001953125 | Epoch time: 0.1 |

2024-09-10 00:02:12,237 - INFO -
| Epoch:   1720 | Train loss: 1.5140e+00 | Valid loss: 1.5232e+00 | Train acc: 0.2922 ± 0.0000 | Valid acc: 0.3150 ± 0.0000 | Valid Power: 0.0030 | Train Power: 0.0030 | patience:  96 | lr: 0.0001953125 | Epoch time: 0.1 |

2024-09-10 00:02:12,831 - INFO -
load best network to warm start training with lower lr.

2024-09-10 00:02:12,832 - INFO -
lr update to 9.765625e-05.

2024-09-10 00:02:12,832 - INFO -
Early stop.

2024-09-10 00:02:12,846 - INFO -
Training if finished.

2024-09-12 13:58:07,518 - INFO -
Configuration: 
gmin                0.01
gmax                10.0
T                   0.1
m                   0.3
type_nonlinear      normal
act                 tanh
ACT_R1n             12.7865
ACT_R2n             -3.1871
ACT_W1n             -10.4537
ACT_L1n             10.546
ACT_W2n             -5.8496
ACT_L2n             4.2337
S_R1n               -11.7481
S_R2n               -0.3905
S_W1n               -9.169
S_L1n               0.3913
S_W2n               7.2004
S_L2n               15.5558
ReLU_RHn            -1.9557
ReLU_RLn            -20.1581
ReLU_RDn            16.6486
ReLU_RBn            -14.3472
ReLU_Wn             16.655
ReLU_Ln             -21.7591
HS_Rn               -0.3766
HS_Wn               0.5192
HS_Ln               4.6293
NEG_R1n             -7.0846
NEG_R2n             -2.5695
NEG_R3n             16.1542
NEG_W1n             13.8696
NEG_L1n             2.7635
NEG_W2n             1.2674
NEG_L2n             -10.4803
NEG_W3n             -6.4386
NEG_L3n             5.1005
task                normal
DATASET             8
DataPath            ./dataset
InputNoise          0.0
IN_test             0.0
R_train             1
R_test              1
N_time              32
pathnorm            False
hidden              [3]
skipconnection      False
SEED                6
DEVICE              cpu
PATIENCE            500
EPOCH               10000000000
LR                  0.1
PROGRESSIVE         True
LR_PATIENCE         100
LR_DECAY            0.5
LR_MIN              0.0001
metric              acc
SoftEva             True
TIMELIMITATION      71
MODE                nominal
M_train             1
K_train             1
M_test              1
K_test              1
t_test_max          1
integration         MC
N_train             1
e_train             0.0
N_test              100
e_test              0.1
e_fault             2
fault_ratio         0.0
N_fault             50
e_fault_test        0
N_fault_test        50
dropout             0.0
lagrangian_loss     False
rho                 100
powerestimator      none
powerbalance        0.0
estimatorbalance    0.0
pgmin               1e-07
power_ratio         1000
lambda_P            100
areaestimator       none
areabalance         0.0
area_theta          0.15
area_act            30.0
area_neg            22.7
lambda_A            0.001
lnc                 False
projectname         tanh_0_FaultAnalysisNormal
temppath            ./tanh_0_FaultAnalysisNormal/temp/
logfilepath         ./tanh_0_FaultAnalysisNormal/log/
report_freq         10
recording           False
recordpath          ./tanh_0_FaultAnalysisNormal/record/
savepath            ./tanh_0_FaultAnalysisNormal/models/
loglevel            info


2024-09-12 13:58:07,525 - INFO -
Training network on device: cpu.

2024-09-12 13:58:07,525 - INFO -
Training setup: data_08_pendigits_seed_06_epsilon_0.0_dropout_0.0_fault_ratio_0.0.model.

2024-09-12 13:58:07,525 - INFO -
{'dataname': 'pendigits', 'N_feature': 16, 'N_class': 10, 'N_train': 397, 'N_valid': 127, 'N_test': 79}

2024-09-12 13:58:07,525 - INFO -
Training was already finished.

