2024-09-09 23:57:34,838 - INFO -
Configuration: 
gmin                0.01
gmax                10.0
T                   0.1
m                   0.3
type_nonlinear      normal
act                 tanh
ACT_R1n             12.7865
ACT_R2n             -3.1871
ACT_W1n             -10.4537
ACT_L1n             10.546
ACT_W2n             -5.8496
ACT_L2n             4.2337
S_R1n               -11.7481
S_R2n               -0.3905
S_W1n               -9.169
S_L1n               0.3913
S_W2n               7.2004
S_L2n               15.5558
ReLU_RHn            -1.9557
ReLU_RLn            -20.1581
ReLU_RDn            16.6486
ReLU_RBn            -14.3472
ReLU_Wn             16.655
ReLU_Ln             -21.7591
HS_Rn               -0.3766
HS_Wn               0.5192
HS_Ln               4.6293
NEG_R1n             -7.0846
NEG_R2n             -2.5695
NEG_R3n             16.1542
NEG_W1n             13.8696
NEG_L1n             2.7635
NEG_W2n             1.2674
NEG_L2n             -10.4803
NEG_W3n             -6.4386
NEG_L3n             5.1005
task                normal
DATASET             8
DataPath            ./dataset
InputNoise          0.0
IN_test             0.0
R_train             1
R_test              1
N_time              32
pathnorm            False
hidden              [3]
skipconnection      False
SEED                0
DEVICE              cpu
PATIENCE            500
EPOCH               10000000000
LR                  0.1
PROGRESSIVE         True
LR_PATIENCE         100
LR_DECAY            0.5
LR_MIN              0.0001
metric              acc
SoftEva             True
TIMELIMITATION      71
MODE                nominal
M_train             1
K_train             1
M_test              1
K_test              1
t_test_max          1
integration         MC
N_train             1
e_train             0.0
N_test              100
e_test              0.1
e_fault             2
fault_ratio         0.0
N_fault             50
e_fault_test        0
N_fault_test        50
dropout             0.0
lagrangian_loss     False
rho                 100
powerestimator      none
powerbalance        0.0
estimatorbalance    0.0
pgmin               1e-07
power_ratio         1000
lambda_P            100
areaestimator       none
areabalance         0.0
area_theta          0.15
area_act            30.0
area_neg            22.7
lambda_A            0.001
lnc                 False
projectname         tanh_0_FaultAnalysisNormal
temppath            ./tanh_0_FaultAnalysisNormal/temp/
logfilepath         ./tanh_0_FaultAnalysisNormal/log/
report_freq         10
recording           False
recordpath          ./tanh_0_FaultAnalysisNormal/record/
savepath            ./tanh_0_FaultAnalysisNormal/models/
loglevel            info


2024-09-09 23:57:34,838 - INFO -
Training network on device: cpu.

2024-09-09 23:57:34,838 - INFO -
Training setup: data_08_pendigits_seed_00_epsilon_0.0_dropout_0.0_fault_ratio_0.0.model.

2024-09-09 23:57:34,838 - INFO -
{'dataname': 'pendigits', 'N_feature': 16, 'N_class': 10, 'N_train': 397, 'N_valid': 127, 'N_test': 79}

2024-09-09 23:57:34,838 - INFO -
Topology of the network: [16, 3, 10].

2024-09-09 23:57:36,822 - INFO -
| Epoch:      0 | Train loss: 2.3026e+00 | Valid loss: 2.3229e+00 | Train acc: 0.0806 ± 0.0000 | Valid acc: 0.1417 ± 0.0000 | Valid Power: 0.0017 | Train Power: 0.0010 | patience:   0 | lr: 0.1 | Epoch time: 0.2 |

2024-09-09 23:57:38,805 - INFO -
| Epoch:     10 | Train loss: 2.1793e+00 | Valid loss: 2.2005e+00 | Train acc: 0.2292 ± 0.0000 | Valid acc: 0.1811 ± 0.0000 | Valid Power: 0.0013 | Train Power: 0.0020 | patience:   0 | lr: 0.1 | Epoch time: 0.2 |

2024-09-09 23:57:40,805 - INFO -
| Epoch:     20 | Train loss: 1.9497e+00 | Valid loss: 1.9423e+00 | Train acc: 0.3275 ± 0.0000 | Valid acc: 0.3386 ± 0.0000 | Valid Power: 0.0015 | Train Power: 0.0014 | patience:   0 | lr: 0.1 | Epoch time: 0.2 |

2024-09-09 23:57:42,891 - INFO -
| Epoch:     30 | Train loss: 1.7969e+00 | Valid loss: 1.8118e+00 | Train acc: 0.4055 ± 0.0000 | Valid acc: 0.3465 ± 0.0000 | Valid Power: 0.0015 | Train Power: 0.0053 | patience:   0 | lr: 0.1 | Epoch time: 0.2 |

2024-09-09 23:57:44,877 - INFO -
| Epoch:     40 | Train loss: 1.7224e+00 | Valid loss: 1.7651e+00 | Train acc: 0.4610 ± 0.0000 | Valid acc: 0.3937 ± 0.0000 | Valid Power: 0.0017 | Train Power: 0.0030 | patience:   1 | lr: 0.1 | Epoch time: 0.2 |

2024-09-09 23:57:46,837 - INFO -
| Epoch:     50 | Train loss: 1.6441e+00 | Valid loss: 1.6477e+00 | Train acc: 0.5088 ± 0.0000 | Valid acc: 0.4803 ± 0.0000 | Valid Power: 0.0017 | Train Power: 0.0016 | patience:   1 | lr: 0.1 | Epoch time: 0.2 |

2024-09-09 23:57:48,827 - INFO -
| Epoch:     60 | Train loss: 1.5439e+00 | Valid loss: 1.5004e+00 | Train acc: 0.5315 ± 0.0000 | Valid acc: 0.6220 ± 0.0000 | Valid Power: 0.0018 | Train Power: 0.0021 | patience:   0 | lr: 0.1 | Epoch time: 0.2 |

2024-09-09 23:57:50,786 - INFO -
| Epoch:     70 | Train loss: 1.4824e+00 | Valid loss: 1.4633e+00 | Train acc: 0.5970 ± 0.0000 | Valid acc: 0.5906 ± 0.0000 | Valid Power: 0.0018 | Train Power: 0.0017 | patience:   1 | lr: 0.1 | Epoch time: 0.2 |

2024-09-09 23:57:52,741 - INFO -
| Epoch:     80 | Train loss: 1.4850e+00 | Valid loss: 1.4548e+00 | Train acc: 0.5869 ± 0.0000 | Valid acc: 0.5748 ± 0.0000 | Valid Power: 0.0033 | Train Power: 0.0034 | patience:   8 | lr: 0.1 | Epoch time: 0.2 |

2024-09-09 23:57:54,690 - INFO -
| Epoch:     90 | Train loss: 1.4432e+00 | Valid loss: 1.4370e+00 | Train acc: 0.5844 ± 0.0000 | Valid acc: 0.5669 ± 0.0000 | Valid Power: 0.0019 | Train Power: 0.0019 | patience:   3 | lr: 0.1 | Epoch time: 0.2 |

2024-09-09 23:57:56,752 - INFO -
| Epoch:    100 | Train loss: 1.4431e+00 | Valid loss: 1.4228e+00 | Train acc: 0.5416 ± 0.0000 | Valid acc: 0.5669 ± 0.0000 | Valid Power: 0.0018 | Train Power: 0.0018 | patience:   6 | lr: 0.1 | Epoch time: 0.2 |

2024-09-09 23:57:58,702 - INFO -
| Epoch:    110 | Train loss: 1.4800e+00 | Valid loss: 1.4575e+00 | Train acc: 0.4232 ± 0.0000 | Valid acc: 0.5118 ± 0.0000 | Valid Power: 0.0051 | Train Power: 0.0025 | patience:   9 | lr: 0.1 | Epoch time: 0.2 |

2024-09-09 23:58:00,658 - INFO -
| Epoch:    120 | Train loss: 1.4399e+00 | Valid loss: 1.3792e+00 | Train acc: 0.5390 ± 0.0000 | Valid acc: 0.6220 ± 0.0000 | Valid Power: 0.0156 | Train Power: 0.0020 | patience:   0 | lr: 0.1 | Epoch time: 0.2 |

2024-09-09 23:58:02,602 - INFO -
| Epoch:    130 | Train loss: 1.4096e+00 | Valid loss: 1.4233e+00 | Train acc: 0.5113 ± 0.0000 | Valid acc: 0.5827 ± 0.0000 | Valid Power: 0.0021 | Train Power: 0.0020 | patience:  10 | lr: 0.1 | Epoch time: 0.2 |

2024-09-09 23:58:04,545 - INFO -
| Epoch:    140 | Train loss: 1.4039e+00 | Valid loss: 1.3916e+00 | Train acc: 0.5340 ± 0.0000 | Valid acc: 0.5669 ± 0.0000 | Valid Power: 0.0020 | Train Power: 0.0020 | patience:  20 | lr: 0.1 | Epoch time: 0.2 |

2024-09-09 23:58:06,497 - INFO -
| Epoch:    150 | Train loss: 1.3975e+00 | Valid loss: 1.3716e+00 | Train acc: 0.5290 ± 0.0000 | Valid acc: 0.6142 ± 0.0000 | Valid Power: 0.0019 | Train Power: 0.0019 | patience:   1 | lr: 0.1 | Epoch time: 0.2 |

2024-09-09 23:58:08,442 - INFO -
| Epoch:    160 | Train loss: 1.4085e+00 | Valid loss: 1.3811e+00 | Train acc: 0.4962 ± 0.0000 | Valid acc: 0.5748 ± 0.0000 | Valid Power: 0.0018 | Train Power: 0.0018 | patience:  11 | lr: 0.1 | Epoch time: 0.2 |

2024-09-09 23:58:10,384 - INFO -
| Epoch:    170 | Train loss: 1.3952e+00 | Valid loss: 1.3866e+00 | Train acc: 0.5390 ± 0.0000 | Valid acc: 0.5669 ± 0.0000 | Valid Power: 0.0019 | Train Power: 0.0024 | patience:  21 | lr: 0.1 | Epoch time: 0.2 |

2024-09-09 23:58:12,326 - INFO -
| Epoch:    180 | Train loss: 1.3871e+00 | Valid loss: 1.3905e+00 | Train acc: 0.5365 ± 0.0000 | Valid acc: 0.5984 ± 0.0000 | Valid Power: 0.0018 | Train Power: 0.0018 | patience:  31 | lr: 0.1 | Epoch time: 0.2 |

2024-09-09 23:58:14,372 - INFO -
| Epoch:    190 | Train loss: 1.3816e+00 | Valid loss: 1.3693e+00 | Train acc: 0.5139 ± 0.0000 | Valid acc: 0.5906 ± 0.0000 | Valid Power: 0.0018 | Train Power: 0.0021 | patience:   6 | lr: 0.1 | Epoch time: 0.2 |

2024-09-09 23:58:16,331 - INFO -
| Epoch:    200 | Train loss: 1.3766e+00 | Valid loss: 1.3634e+00 | Train acc: 0.5189 ± 0.0000 | Valid acc: 0.5827 ± 0.0000 | Valid Power: 0.0019 | Train Power: 0.0056 | patience:   1 | lr: 0.1 | Epoch time: 0.2 |

2024-09-09 23:58:18,283 - INFO -
| Epoch:    210 | Train loss: 1.3719e+00 | Valid loss: 1.3813e+00 | Train acc: 0.5264 ± 0.0000 | Valid acc: 0.5748 ± 0.0000 | Valid Power: 0.0021 | Train Power: 0.0022 | patience:   2 | lr: 0.1 | Epoch time: 0.2 |

2024-09-09 23:58:20,224 - INFO -
| Epoch:    220 | Train loss: 1.4335e+00 | Valid loss: 1.3668e+00 | Train acc: 0.4987 ± 0.0000 | Valid acc: 0.5827 ± 0.0000 | Valid Power: 0.0021 | Train Power: 0.0019 | patience:  12 | lr: 0.1 | Epoch time: 0.2 |

2024-09-09 23:58:22,163 - INFO -
| Epoch:    230 | Train loss: 1.4118e+00 | Valid loss: 1.4182e+00 | Train acc: 0.4484 ± 0.0000 | Valid acc: 0.4803 ± 0.0000 | Valid Power: 0.0034 | Train Power: 0.0020 | patience:  22 | lr: 0.1 | Epoch time: 0.2 |

2024-09-09 23:58:24,179 - INFO -
| Epoch:    240 | Train loss: 1.3736e+00 | Valid loss: 1.3584e+00 | Train acc: 0.4761 ± 0.0000 | Valid acc: 0.5433 ± 0.0000 | Valid Power: 0.0019 | Train Power: 0.0019 | patience:  32 | lr: 0.1 | Epoch time: 0.2 |

2024-09-09 23:58:26,121 - INFO -
| Epoch:    250 | Train loss: 1.3897e+00 | Valid loss: 1.3668e+00 | Train acc: 0.5013 ± 0.0000 | Valid acc: 0.5591 ± 0.0000 | Valid Power: 0.0020 | Train Power: 0.0023 | patience:  42 | lr: 0.1 | Epoch time: 0.2 |

2024-09-09 23:58:28,060 - INFO -
| Epoch:    260 | Train loss: 1.3743e+00 | Valid loss: 1.3669e+00 | Train acc: 0.5139 ± 0.0000 | Valid acc: 0.5591 ± 0.0000 | Valid Power: 0.0019 | Train Power: 0.0020 | patience:  52 | lr: 0.1 | Epoch time: 0.2 |

2024-09-09 23:58:30,017 - INFO -
| Epoch:    270 | Train loss: 1.3726e+00 | Valid loss: 1.3716e+00 | Train acc: 0.5189 ± 0.0000 | Valid acc: 0.5748 ± 0.0000 | Valid Power: 0.0024 | Train Power: 0.0022 | patience:  62 | lr: 0.1 | Epoch time: 0.2 |

2024-09-09 23:58:31,965 - INFO -
| Epoch:    280 | Train loss: 1.3645e+00 | Valid loss: 1.3871e+00 | Train acc: 0.5315 ± 0.0000 | Valid acc: 0.5433 ± 0.0000 | Valid Power: 0.0023 | Train Power: 0.0022 | patience:  72 | lr: 0.1 | Epoch time: 0.2 |

2024-09-09 23:58:33,921 - INFO -
| Epoch:    290 | Train loss: 1.4143e+00 | Valid loss: 1.3530e+00 | Train acc: 0.5466 ± 0.0000 | Valid acc: 0.5827 ± 0.0000 | Valid Power: 0.0023 | Train Power: 0.0020 | patience:   4 | lr: 0.1 | Epoch time: 0.2 |

2024-09-09 23:58:35,866 - INFO -
| Epoch:    300 | Train loss: 1.4204e+00 | Valid loss: 1.3936e+00 | Train acc: 0.4433 ± 0.0000 | Valid acc: 0.5039 ± 0.0000 | Valid Power: 0.0021 | Train Power: 0.0021 | patience:  14 | lr: 0.1 | Epoch time: 0.2 |

2024-09-09 23:58:37,817 - INFO -
| Epoch:    310 | Train loss: 1.3984e+00 | Valid loss: 1.4074e+00 | Train acc: 0.5189 ± 0.0000 | Valid acc: 0.5748 ± 0.0000 | Valid Power: 0.0020 | Train Power: 0.0020 | patience:  24 | lr: 0.1 | Epoch time: 0.2 |

2024-09-09 23:58:39,760 - INFO -
| Epoch:    320 | Train loss: 1.3654e+00 | Valid loss: 1.3443e+00 | Train acc: 0.5264 ± 0.0000 | Valid acc: 0.5827 ± 0.0000 | Valid Power: 0.0020 | Train Power: 0.0020 | patience:  34 | lr: 0.1 | Epoch time: 0.2 |

2024-09-09 23:58:41,706 - INFO -
| Epoch:    330 | Train loss: 1.3714e+00 | Valid loss: 1.3844e+00 | Train acc: 0.4987 ± 0.0000 | Valid acc: 0.5669 ± 0.0000 | Valid Power: 0.0023 | Train Power: 0.0020 | patience:  44 | lr: 0.1 | Epoch time: 0.2 |

2024-09-09 23:58:43,754 - INFO -
| Epoch:    340 | Train loss: 1.3554e+00 | Valid loss: 1.3482e+00 | Train acc: 0.5214 ± 0.0000 | Valid acc: 0.5748 ± 0.0000 | Valid Power: 0.0020 | Train Power: 0.0020 | patience:  54 | lr: 0.1 | Epoch time: 0.2 |

2024-09-09 23:58:45,697 - INFO -
| Epoch:    350 | Train loss: 1.3595e+00 | Valid loss: 1.3730e+00 | Train acc: 0.5088 ± 0.0000 | Valid acc: 0.5591 ± 0.0000 | Valid Power: 0.0021 | Train Power: 0.0023 | patience:  64 | lr: 0.1 | Epoch time: 0.2 |

2024-09-09 23:58:47,639 - INFO -
| Epoch:    360 | Train loss: 1.3733e+00 | Valid loss: 1.4271e+00 | Train acc: 0.4962 ± 0.0000 | Valid acc: 0.5276 ± 0.0000 | Valid Power: 0.0029 | Train Power: 0.0026 | patience:  74 | lr: 0.1 | Epoch time: 0.2 |

2024-09-09 23:58:49,581 - INFO -
| Epoch:    370 | Train loss: 1.3677e+00 | Valid loss: 1.3464e+00 | Train acc: 0.5088 ± 0.0000 | Valid acc: 0.5827 ± 0.0000 | Valid Power: 0.0035 | Train Power: 0.0022 | patience:  84 | lr: 0.1 | Epoch time: 0.2 |

2024-09-09 23:58:51,526 - INFO -
| Epoch:    380 | Train loss: 1.3562e+00 | Valid loss: 1.3545e+00 | Train acc: 0.5088 ± 0.0000 | Valid acc: 0.5906 ± 0.0000 | Valid Power: 0.0022 | Train Power: 0.0025 | patience:  94 | lr: 0.1 | Epoch time: 0.2 |

2024-09-09 23:58:52,890 - INFO -
load best network to warm start training with lower lr.

2024-09-09 23:58:52,890 - INFO -
lr update to 0.05.

2024-09-09 23:58:53,473 - INFO -
| Epoch:    390 | Train loss: 1.4001e+00 | Valid loss: 1.3479e+00 | Train acc: 0.5290 ± 0.0000 | Valid acc: 0.5827 ± 0.0000 | Valid Power: 0.0021 | Train Power: 0.0025 | patience:   3 | lr: 0.05 | Epoch time: 0.2 |

2024-09-09 23:58:55,493 - INFO -
| Epoch:    400 | Train loss: 1.3695e+00 | Valid loss: 1.3564e+00 | Train acc: 0.4962 ± 0.0000 | Valid acc: 0.5591 ± 0.0000 | Valid Power: 0.0022 | Train Power: 0.0023 | patience:  13 | lr: 0.05 | Epoch time: 0.2 |

2024-09-09 23:58:57,471 - INFO -
| Epoch:    410 | Train loss: 1.3629e+00 | Valid loss: 1.3561e+00 | Train acc: 0.5164 ± 0.0000 | Valid acc: 0.6142 ± 0.0000 | Valid Power: 0.0021 | Train Power: 0.0021 | patience:  23 | lr: 0.05 | Epoch time: 0.2 |

2024-09-09 23:58:59,445 - INFO -
| Epoch:    420 | Train loss: 1.3670e+00 | Valid loss: 1.3706e+00 | Train acc: 0.5189 ± 0.0000 | Valid acc: 0.5591 ± 0.0000 | Valid Power: 0.0022 | Train Power: 0.0022 | patience:  33 | lr: 0.05 | Epoch time: 0.2 |

2024-09-09 23:59:01,399 - INFO -
| Epoch:    430 | Train loss: 1.3651e+00 | Valid loss: 1.3428e+00 | Train acc: 0.4987 ± 0.0000 | Valid acc: 0.5827 ± 0.0000 | Valid Power: 0.0023 | Train Power: 0.0050 | patience:  43 | lr: 0.05 | Epoch time: 0.2 |

2024-09-09 23:59:03,354 - INFO -
| Epoch:    440 | Train loss: 1.3583e+00 | Valid loss: 1.3549e+00 | Train acc: 0.5113 ± 0.0000 | Valid acc: 0.5512 ± 0.0000 | Valid Power: 0.0030 | Train Power: 0.0027 | patience:  53 | lr: 0.05 | Epoch time: 0.2 |

2024-09-09 23:59:05,308 - INFO -
| Epoch:    450 | Train loss: 1.3624e+00 | Valid loss: 1.3905e+00 | Train acc: 0.5113 ± 0.0000 | Valid acc: 0.5433 ± 0.0000 | Valid Power: 0.0026 | Train Power: 0.0023 | patience:  63 | lr: 0.05 | Epoch time: 0.2 |

2024-09-09 23:59:07,266 - INFO -
| Epoch:    460 | Train loss: 1.3643e+00 | Valid loss: 1.3402e+00 | Train acc: 0.5164 ± 0.0000 | Valid acc: 0.5748 ± 0.0000 | Valid Power: 0.0028 | Train Power: 0.0033 | patience:  73 | lr: 0.05 | Epoch time: 0.2 |

2024-09-09 23:59:09,222 - INFO -
| Epoch:    470 | Train loss: 1.3660e+00 | Valid loss: 1.3755e+00 | Train acc: 0.4962 ± 0.0000 | Valid acc: 0.5276 ± 0.0000 | Valid Power: 0.0056 | Train Power: 0.0046 | patience:  83 | lr: 0.05 | Epoch time: 0.2 |

2024-09-09 23:59:11,179 - INFO -
| Epoch:    480 | Train loss: 1.3585e+00 | Valid loss: 1.3495e+00 | Train acc: 0.5113 ± 0.0000 | Valid acc: 0.5512 ± 0.0000 | Valid Power: 0.0056 | Train Power: 0.0083 | patience:  93 | lr: 0.05 | Epoch time: 0.2 |

2024-09-09 23:59:12,850 - INFO -
load best network to warm start training with lower lr.

2024-09-09 23:59:12,850 - INFO -
lr update to 0.025.

2024-09-09 23:59:13,240 - INFO -
| Epoch:    490 | Train loss: 1.4050e+00 | Valid loss: 1.3393e+00 | Train acc: 0.5365 ± 0.0000 | Valid acc: 0.5906 ± 0.0000 | Valid Power: 0.0020 | Train Power: 0.0022 | patience:   2 | lr: 0.025 | Epoch time: 0.2 |

2024-09-09 23:59:15,193 - INFO -
| Epoch:    500 | Train loss: 1.3800e+00 | Valid loss: 1.3634e+00 | Train acc: 0.5264 ± 0.0000 | Valid acc: 0.5591 ± 0.0000 | Valid Power: 0.0024 | Train Power: 0.0024 | patience:  12 | lr: 0.025 | Epoch time: 0.2 |

2024-09-09 23:59:17,152 - INFO -
| Epoch:    510 | Train loss: 1.3690e+00 | Valid loss: 1.3598e+00 | Train acc: 0.5164 ± 0.0000 | Valid acc: 0.5512 ± 0.0000 | Valid Power: 0.0024 | Train Power: 0.0022 | patience:  22 | lr: 0.025 | Epoch time: 0.2 |

2024-09-09 23:59:19,091 - INFO -
| Epoch:    520 | Train loss: 1.3622e+00 | Valid loss: 1.3570e+00 | Train acc: 0.5390 ± 0.0000 | Valid acc: 0.5512 ± 0.0000 | Valid Power: 0.0032 | Train Power: 0.0035 | patience:  32 | lr: 0.025 | Epoch time: 0.2 |

2024-09-09 23:59:20,919 - INFO -
| Epoch:    530 | Train loss: 1.3606e+00 | Valid loss: 1.3597e+00 | Train acc: 0.5340 ± 0.0000 | Valid acc: 0.5354 ± 0.0000 | Valid Power: 0.0031 | Train Power: 0.0026 | patience:  42 | lr: 0.025 | Epoch time: 0.2 |

2024-09-09 23:59:22,824 - INFO -
| Epoch:    540 | Train loss: 1.3597e+00 | Valid loss: 1.3612e+00 | Train acc: 0.5113 ± 0.0000 | Valid acc: 0.4961 ± 0.0000 | Valid Power: 0.0060 | Train Power: 0.0031 | patience:  52 | lr: 0.025 | Epoch time: 0.2 |

2024-09-09 23:59:24,665 - INFO -
| Epoch:    550 | Train loss: 1.3588e+00 | Valid loss: 1.3605e+00 | Train acc: 0.5113 ± 0.0000 | Valid acc: 0.4961 ± 0.0000 | Valid Power: 0.0929 | Train Power: 0.0036 | patience:  62 | lr: 0.025 | Epoch time: 0.2 |

2024-09-09 23:59:26,481 - INFO -
| Epoch:    560 | Train loss: 1.3577e+00 | Valid loss: 1.3599e+00 | Train acc: 0.5113 ± 0.0000 | Valid acc: 0.4961 ± 0.0000 | Valid Power: 0.0026 | Train Power: 0.0029 | patience:  72 | lr: 0.025 | Epoch time: 0.2 |

2024-09-09 23:59:28,291 - INFO -
| Epoch:    570 | Train loss: 1.3570e+00 | Valid loss: 1.3605e+00 | Train acc: 0.5063 ± 0.0000 | Valid acc: 0.4961 ± 0.0000 | Valid Power: 0.0039 | Train Power: 0.0026 | patience:  82 | lr: 0.025 | Epoch time: 0.2 |

2024-09-09 23:59:30,115 - INFO -
| Epoch:    580 | Train loss: 1.3577e+00 | Valid loss: 1.3603e+00 | Train acc: 0.4987 ± 0.0000 | Valid acc: 0.5039 ± 0.0000 | Valid Power: 0.0026 | Train Power: 0.0025 | patience:  92 | lr: 0.025 | Epoch time: 0.2 |

2024-09-09 23:59:31,747 - INFO -
load best network to warm start training with lower lr.

2024-09-09 23:59:31,748 - INFO -
lr update to 0.0125.

2024-09-09 23:59:31,933 - INFO -
| Epoch:    590 | Train loss: 1.3914e+00 | Valid loss: 1.3304e+00 | Train acc: 0.5315 ± 0.0000 | Valid acc: 0.5984 ± 0.0000 | Valid Power: 0.0020 | Train Power: 0.0020 | patience:   0 | lr: 0.0125 | Epoch time: 0.2 |

2024-09-09 23:59:33,634 - INFO -
| Epoch:    600 | Train loss: 1.3747e+00 | Valid loss: 1.3625e+00 | Train acc: 0.5189 ± 0.0000 | Valid acc: 0.5591 ± 0.0000 | Valid Power: 0.0025 | Train Power: 0.0022 | patience:  10 | lr: 0.0125 | Epoch time: 0.2 |

2024-09-09 23:59:35,292 - INFO -
| Epoch:    610 | Train loss: 1.3629e+00 | Valid loss: 1.3601e+00 | Train acc: 0.5139 ± 0.0000 | Valid acc: 0.5591 ± 0.0000 | Valid Power: 0.0021 | Train Power: 0.0021 | patience:  20 | lr: 0.0125 | Epoch time: 0.2 |

2024-09-09 23:59:36,959 - INFO -
| Epoch:    620 | Train loss: 1.3591e+00 | Valid loss: 1.3658e+00 | Train acc: 0.5113 ± 0.0000 | Valid acc: 0.5591 ± 0.0000 | Valid Power: 0.0022 | Train Power: 0.0022 | patience:  30 | lr: 0.0125 | Epoch time: 0.2 |

2024-09-09 23:59:38,620 - INFO -
| Epoch:    630 | Train loss: 1.3575e+00 | Valid loss: 1.3631e+00 | Train acc: 0.5214 ± 0.0000 | Valid acc: 0.5591 ± 0.0000 | Valid Power: 0.0043 | Train Power: 0.0033 | patience:  40 | lr: 0.0125 | Epoch time: 0.2 |

2024-09-09 23:59:40,344 - INFO -
| Epoch:    640 | Train loss: 1.3566e+00 | Valid loss: 1.3614e+00 | Train acc: 0.5264 ± 0.0000 | Valid acc: 0.5512 ± 0.0000 | Valid Power: 0.0032 | Train Power: 0.0029 | patience:  50 | lr: 0.0125 | Epoch time: 0.2 |

2024-09-09 23:59:41,976 - INFO -
| Epoch:    650 | Train loss: 1.3560e+00 | Valid loss: 1.3609e+00 | Train acc: 0.5315 ± 0.0000 | Valid acc: 0.5512 ± 0.0000 | Valid Power: 0.0023 | Train Power: 0.0022 | patience:  60 | lr: 0.0125 | Epoch time: 0.2 |

2024-09-09 23:59:43,614 - INFO -
| Epoch:    660 | Train loss: 1.3555e+00 | Valid loss: 1.3606e+00 | Train acc: 0.5239 ± 0.0000 | Valid acc: 0.5512 ± 0.0000 | Valid Power: 0.0067 | Train Power: 0.0030 | patience:  70 | lr: 0.0125 | Epoch time: 0.2 |

2024-09-09 23:59:45,244 - INFO -
| Epoch:    670 | Train loss: 1.3551e+00 | Valid loss: 1.3595e+00 | Train acc: 0.5214 ± 0.0000 | Valid acc: 0.5512 ± 0.0000 | Valid Power: 0.0036 | Train Power: 0.0039 | patience:  80 | lr: 0.0125 | Epoch time: 0.2 |

2024-09-09 23:59:46,875 - INFO -
| Epoch:    680 | Train loss: 1.3547e+00 | Valid loss: 1.3587e+00 | Train acc: 0.5214 ± 0.0000 | Valid acc: 0.5512 ± 0.0000 | Valid Power: 0.0030 | Train Power: 0.0030 | patience:  90 | lr: 0.0125 | Epoch time: 0.2 |

2024-09-09 23:59:48,506 - INFO -
| Epoch:    690 | Train loss: 1.3544e+00 | Valid loss: 1.3580e+00 | Train acc: 0.5214 ± 0.0000 | Valid acc: 0.5512 ± 0.0000 | Valid Power: 0.0028 | Train Power: 0.0028 | patience: 100 | lr: 0.0125 | Epoch time: 0.2 |

2024-09-09 23:59:48,673 - INFO -
load best network to warm start training with lower lr.

2024-09-09 23:59:48,673 - INFO -
lr update to 0.00625.

2024-09-09 23:59:50,141 - INFO -
| Epoch:    700 | Train loss: 1.3787e+00 | Valid loss: 1.3405e+00 | Train acc: 0.5340 ± 0.0000 | Valid acc: 0.5984 ± 0.0000 | Valid Power: 0.0021 | Train Power: 0.0021 | patience:   9 | lr: 0.00625 | Epoch time: 0.2 |

2024-09-09 23:59:51,841 - INFO -
| Epoch:    710 | Train loss: 1.3718e+00 | Valid loss: 1.3401e+00 | Train acc: 0.5189 ± 0.0000 | Valid acc: 0.5827 ± 0.0000 | Valid Power: 0.0022 | Train Power: 0.0022 | patience:  19 | lr: 0.00625 | Epoch time: 0.2 |

2024-09-09 23:59:53,477 - INFO -
| Epoch:    720 | Train loss: 1.3651e+00 | Valid loss: 1.3420e+00 | Train acc: 0.5239 ± 0.0000 | Valid acc: 0.5906 ± 0.0000 | Valid Power: 0.0046 | Train Power: 0.0036 | patience:  29 | lr: 0.00625 | Epoch time: 0.2 |

2024-09-09 23:59:55,107 - INFO -
| Epoch:    730 | Train loss: 1.3546e+00 | Valid loss: 1.3482e+00 | Train acc: 0.5264 ± 0.0000 | Valid acc: 0.5748 ± 0.0000 | Valid Power: 0.0053 | Train Power: 0.0037 | patience:  39 | lr: 0.00625 | Epoch time: 0.2 |

2024-09-09 23:59:56,740 - INFO -
| Epoch:    740 | Train loss: 1.3547e+00 | Valid loss: 1.3518e+00 | Train acc: 0.5189 ± 0.0000 | Valid acc: 0.5827 ± 0.0000 | Valid Power: 0.0035 | Train Power: 0.0033 | patience:  49 | lr: 0.00625 | Epoch time: 0.2 |

2024-09-09 23:59:58,371 - INFO -
| Epoch:    750 | Train loss: 1.3536e+00 | Valid loss: 1.3524e+00 | Train acc: 0.5239 ± 0.0000 | Valid acc: 0.5748 ± 0.0000 | Valid Power: 0.0028 | Train Power: 0.0028 | patience:  59 | lr: 0.00625 | Epoch time: 0.2 |

2024-09-10 00:00:00,001 - INFO -
| Epoch:    760 | Train loss: 1.3529e+00 | Valid loss: 1.3519e+00 | Train acc: 0.5365 ± 0.0000 | Valid acc: 0.5748 ± 0.0000 | Valid Power: 0.0033 | Train Power: 0.0031 | patience:  69 | lr: 0.00625 | Epoch time: 0.2 |

2024-09-10 00:00:01,632 - INFO -
| Epoch:    770 | Train loss: 1.3524e+00 | Valid loss: 1.3514e+00 | Train acc: 0.5315 ± 0.0000 | Valid acc: 0.5748 ± 0.0000 | Valid Power: 0.0184 | Train Power: 0.0118 | patience:  79 | lr: 0.00625 | Epoch time: 0.2 |

2024-09-10 00:00:03,260 - INFO -
| Epoch:    780 | Train loss: 1.3521e+00 | Valid loss: 1.3510e+00 | Train acc: 0.5290 ± 0.0000 | Valid acc: 0.5748 ± 0.0000 | Valid Power: 0.0040 | Train Power: 0.0040 | patience:  89 | lr: 0.00625 | Epoch time: 0.2 |

2024-09-10 00:00:04,959 - INFO -
| Epoch:    790 | Train loss: 1.3518e+00 | Valid loss: 1.3509e+00 | Train acc: 0.5264 ± 0.0000 | Valid acc: 0.5748 ± 0.0000 | Valid Power: 0.0039 | Train Power: 0.0038 | patience:  99 | lr: 0.00625 | Epoch time: 0.2 |

2024-09-10 00:00:05,287 - INFO -
load best network to warm start training with lower lr.

2024-09-10 00:00:05,287 - INFO -
lr update to 0.003125.

2024-09-10 00:00:06,591 - INFO -
| Epoch:    800 | Train loss: 1.3842e+00 | Valid loss: 1.3390e+00 | Train acc: 0.5365 ± 0.0000 | Valid acc: 0.5984 ± 0.0000 | Valid Power: 0.0023 | Train Power: 0.0026 | patience:   8 | lr: 0.003125 | Epoch time: 0.2 |

2024-09-10 00:00:08,222 - INFO -
| Epoch:    810 | Train loss: 1.3771e+00 | Valid loss: 1.3359e+00 | Train acc: 0.5365 ± 0.0000 | Valid acc: 0.5984 ± 0.0000 | Valid Power: 0.0021 | Train Power: 0.0021 | patience:  18 | lr: 0.003125 | Epoch time: 0.2 |

2024-09-10 00:00:09,852 - INFO -
| Epoch:    820 | Train loss: 1.3717e+00 | Valid loss: 1.3382e+00 | Train acc: 0.5214 ± 0.0000 | Valid acc: 0.5984 ± 0.0000 | Valid Power: 0.0021 | Train Power: 0.0020 | patience:  28 | lr: 0.003125 | Epoch time: 0.2 |

2024-09-10 00:00:11,479 - INFO -
| Epoch:    830 | Train loss: 1.3696e+00 | Valid loss: 1.3405e+00 | Train acc: 0.5264 ± 0.0000 | Valid acc: 0.5906 ± 0.0000 | Valid Power: 0.0021 | Train Power: 0.0020 | patience:  38 | lr: 0.003125 | Epoch time: 0.2 |

2024-09-10 00:00:13,061 - INFO -
| Epoch:    840 | Train loss: 1.3686e+00 | Valid loss: 1.3416e+00 | Train acc: 0.5264 ± 0.0000 | Valid acc: 0.5827 ± 0.0000 | Valid Power: 0.0022 | Train Power: 0.0026 | patience:  48 | lr: 0.003125 | Epoch time: 0.2 |

2024-09-10 00:00:14,542 - INFO -
| Epoch:    850 | Train loss: 1.3679e+00 | Valid loss: 1.3422e+00 | Train acc: 0.5264 ± 0.0000 | Valid acc: 0.5827 ± 0.0000 | Valid Power: 0.0030 | Train Power: 0.0023 | patience:  58 | lr: 0.003125 | Epoch time: 0.1 |

2024-09-10 00:00:16,010 - INFO -
| Epoch:    860 | Train loss: 1.3674e+00 | Valid loss: 1.3427e+00 | Train acc: 0.5264 ± 0.0000 | Valid acc: 0.5827 ± 0.0000 | Valid Power: 0.0025 | Train Power: 0.0026 | patience:  68 | lr: 0.003125 | Epoch time: 0.1 |

2024-09-10 00:00:17,438 - INFO -
| Epoch:    870 | Train loss: 1.3670e+00 | Valid loss: 1.3427e+00 | Train acc: 0.5264 ± 0.0000 | Valid acc: 0.5827 ± 0.0000 | Valid Power: 0.0024 | Train Power: 0.0023 | patience:  78 | lr: 0.003125 | Epoch time: 0.1 |

2024-09-10 00:00:18,869 - INFO -
| Epoch:    880 | Train loss: 1.3667e+00 | Valid loss: 1.3428e+00 | Train acc: 0.5290 ± 0.0000 | Valid acc: 0.5827 ± 0.0000 | Valid Power: 0.0026 | Train Power: 0.0026 | patience:  88 | lr: 0.003125 | Epoch time: 0.1 |

2024-09-10 00:00:20,301 - INFO -
| Epoch:    890 | Train loss: 1.3664e+00 | Valid loss: 1.3428e+00 | Train acc: 0.5290 ± 0.0000 | Valid acc: 0.5827 ± 0.0000 | Valid Power: 0.0025 | Train Power: 0.0025 | patience:  98 | lr: 0.003125 | Epoch time: 0.1 |

2024-09-10 00:00:20,730 - INFO -
load best network to warm start training with lower lr.

2024-09-10 00:00:20,730 - INFO -
lr update to 0.0015625.

2024-09-10 00:00:21,723 - INFO -
| Epoch:    900 | Train loss: 1.3906e+00 | Valid loss: 1.3315e+00 | Train acc: 0.5365 ± 0.0000 | Valid acc: 0.5984 ± 0.0000 | Valid Power: 0.0021 | Train Power: 0.0021 | patience:   7 | lr: 0.0015625 | Epoch time: 0.1 |

2024-09-10 00:00:23,141 - INFO -
| Epoch:    910 | Train loss: 1.3863e+00 | Valid loss: 1.3330e+00 | Train acc: 0.5365 ± 0.0000 | Valid acc: 0.6063 ± 0.0000 | Valid Power: 0.0022 | Train Power: 0.0021 | patience:  17 | lr: 0.0015625 | Epoch time: 0.1 |

2024-09-10 00:00:24,557 - INFO -
| Epoch:    920 | Train loss: 1.3818e+00 | Valid loss: 1.3340e+00 | Train acc: 0.5315 ± 0.0000 | Valid acc: 0.6063 ± 0.0000 | Valid Power: 0.0023 | Train Power: 0.0022 | patience:  27 | lr: 0.0015625 | Epoch time: 0.1 |

2024-09-10 00:00:25,976 - INFO -
| Epoch:    930 | Train loss: 1.3798e+00 | Valid loss: 1.3352e+00 | Train acc: 0.5315 ± 0.0000 | Valid acc: 0.6063 ± 0.0000 | Valid Power: 0.0024 | Train Power: 0.0023 | patience:  37 | lr: 0.0015625 | Epoch time: 0.1 |

2024-09-10 00:00:27,460 - INFO -
| Epoch:    940 | Train loss: 1.3778e+00 | Valid loss: 1.3389e+00 | Train acc: 0.5264 ± 0.0000 | Valid acc: 0.5906 ± 0.0000 | Valid Power: 0.0024 | Train Power: 0.0024 | patience:  47 | lr: 0.0015625 | Epoch time: 0.1 |

2024-09-10 00:00:28,880 - INFO -
| Epoch:    950 | Train loss: 1.3747e+00 | Valid loss: 1.3417e+00 | Train acc: 0.5239 ± 0.0000 | Valid acc: 0.5906 ± 0.0000 | Valid Power: 0.0025 | Train Power: 0.0024 | patience:  57 | lr: 0.0015625 | Epoch time: 0.1 |

2024-09-10 00:00:30,310 - INFO -
| Epoch:    960 | Train loss: 1.3699e+00 | Valid loss: 1.3408e+00 | Train acc: 0.5290 ± 0.0000 | Valid acc: 0.5827 ± 0.0000 | Valid Power: 0.0054 | Train Power: 0.0091 | patience:  67 | lr: 0.0015625 | Epoch time: 0.1 |

2024-09-10 00:00:31,728 - INFO -
| Epoch:    970 | Train loss: 1.3689e+00 | Valid loss: 1.3403e+00 | Train acc: 0.5290 ± 0.0000 | Valid acc: 0.5827 ± 0.0000 | Valid Power: 0.0037 | Train Power: 0.0034 | patience:  77 | lr: 0.0015625 | Epoch time: 0.1 |

2024-09-10 00:00:33,140 - INFO -
| Epoch:    980 | Train loss: 1.3686e+00 | Valid loss: 1.3401e+00 | Train acc: 0.5264 ± 0.0000 | Valid acc: 0.5906 ± 0.0000 | Valid Power: 0.0049 | Train Power: 0.0053 | patience:  87 | lr: 0.0015625 | Epoch time: 0.1 |

2024-09-10 00:00:34,553 - INFO -
| Epoch:    990 | Train loss: 1.3681e+00 | Valid loss: 1.3404e+00 | Train acc: 0.5264 ± 0.0000 | Valid acc: 0.5906 ± 0.0000 | Valid Power: 0.0036 | Train Power: 0.0036 | patience:  97 | lr: 0.0015625 | Epoch time: 0.1 |

2024-09-10 00:00:35,123 - INFO -
load best network to warm start training with lower lr.

2024-09-10 00:00:35,123 - INFO -
lr update to 0.00078125.

2024-09-10 00:00:35,968 - INFO -
| Epoch:   1000 | Train loss: 1.3919e+00 | Valid loss: 1.3307e+00 | Train acc: 0.5365 ± 0.0000 | Valid acc: 0.6063 ± 0.0000 | Valid Power: 0.0021 | Train Power: 0.0020 | patience:   6 | lr: 0.00078125 | Epoch time: 0.1 |

2024-09-10 00:00:37,459 - INFO -
| Epoch:   1010 | Train loss: 1.3900e+00 | Valid loss: 1.3309e+00 | Train acc: 0.5390 ± 0.0000 | Valid acc: 0.6063 ± 0.0000 | Valid Power: 0.0021 | Train Power: 0.0020 | patience:  16 | lr: 0.00078125 | Epoch time: 0.1 |

2024-09-10 00:00:38,868 - INFO -
| Epoch:   1020 | Train loss: 1.3888e+00 | Valid loss: 1.3309e+00 | Train acc: 0.5365 ± 0.0000 | Valid acc: 0.6142 ± 0.0000 | Valid Power: 0.0021 | Train Power: 0.0020 | patience:  26 | lr: 0.00078125 | Epoch time: 0.1 |

2024-09-10 00:00:40,278 - INFO -
| Epoch:   1030 | Train loss: 1.3875e+00 | Valid loss: 1.3309e+00 | Train acc: 0.5340 ± 0.0000 | Valid acc: 0.6142 ± 0.0000 | Valid Power: 0.0021 | Train Power: 0.0020 | patience:  36 | lr: 0.00078125 | Epoch time: 0.1 |

2024-09-10 00:00:41,686 - INFO -
| Epoch:   1040 | Train loss: 1.3862e+00 | Valid loss: 1.3318e+00 | Train acc: 0.5315 ± 0.0000 | Valid acc: 0.6142 ± 0.0000 | Valid Power: 0.0021 | Train Power: 0.0020 | patience:  46 | lr: 0.00078125 | Epoch time: 0.1 |

2024-09-10 00:00:43,103 - INFO -
| Epoch:   1050 | Train loss: 1.3822e+00 | Valid loss: 1.3324e+00 | Train acc: 0.5315 ± 0.0000 | Valid acc: 0.6063 ± 0.0000 | Valid Power: 0.0021 | Train Power: 0.0021 | patience:  56 | lr: 0.00078125 | Epoch time: 0.1 |

2024-09-10 00:00:44,509 - INFO -
| Epoch:   1060 | Train loss: 1.3802e+00 | Valid loss: 1.3330e+00 | Train acc: 0.5340 ± 0.0000 | Valid acc: 0.6063 ± 0.0000 | Valid Power: 0.0021 | Train Power: 0.0021 | patience:  66 | lr: 0.00078125 | Epoch time: 0.1 |

2024-09-10 00:00:45,913 - INFO -
| Epoch:   1070 | Train loss: 1.3791e+00 | Valid loss: 1.3338e+00 | Train acc: 0.5340 ± 0.0000 | Valid acc: 0.6063 ± 0.0000 | Valid Power: 0.0021 | Train Power: 0.0021 | patience:  76 | lr: 0.00078125 | Epoch time: 0.1 |

2024-09-10 00:00:47,318 - INFO -
| Epoch:   1080 | Train loss: 1.3780e+00 | Valid loss: 1.3377e+00 | Train acc: 0.5365 ± 0.0000 | Valid acc: 0.5984 ± 0.0000 | Valid Power: 0.0021 | Train Power: 0.0021 | patience:  86 | lr: 0.00078125 | Epoch time: 0.1 |

2024-09-10 00:00:48,787 - INFO -
| Epoch:   1090 | Train loss: 1.3759e+00 | Valid loss: 1.3400e+00 | Train acc: 0.5340 ± 0.0000 | Valid acc: 0.5906 ± 0.0000 | Valid Power: 0.0021 | Train Power: 0.0021 | patience:  96 | lr: 0.00078125 | Epoch time: 0.2 |

2024-09-10 00:00:49,494 - INFO -
load best network to warm start training with lower lr.

2024-09-10 00:00:49,494 - INFO -
lr update to 0.000390625.

2024-09-10 00:00:50,203 - INFO -
| Epoch:   1100 | Train loss: 1.3926e+00 | Valid loss: 1.3309e+00 | Train acc: 0.5340 ± 0.0000 | Valid acc: 0.6063 ± 0.0000 | Valid Power: 0.0020 | Train Power: 0.0020 | patience:   4 | lr: 0.000390625 | Epoch time: 0.1 |

2024-09-10 00:00:51,607 - INFO -
| Epoch:   1110 | Train loss: 1.3915e+00 | Valid loss: 1.3306e+00 | Train acc: 0.5365 ± 0.0000 | Valid acc: 0.6063 ± 0.0000 | Valid Power: 0.0021 | Train Power: 0.0020 | patience:  14 | lr: 0.000390625 | Epoch time: 0.1 |

2024-09-10 00:00:53,017 - INFO -
| Epoch:   1120 | Train loss: 1.3903e+00 | Valid loss: 1.3305e+00 | Train acc: 0.5365 ± 0.0000 | Valid acc: 0.6063 ± 0.0000 | Valid Power: 0.0021 | Train Power: 0.0020 | patience:  24 | lr: 0.000390625 | Epoch time: 0.1 |

2024-09-10 00:00:54,424 - INFO -
| Epoch:   1130 | Train loss: 1.3894e+00 | Valid loss: 1.3305e+00 | Train acc: 0.5340 ± 0.0000 | Valid acc: 0.6063 ± 0.0000 | Valid Power: 0.0021 | Train Power: 0.0020 | patience:  34 | lr: 0.000390625 | Epoch time: 0.1 |

2024-09-10 00:00:55,831 - INFO -
| Epoch:   1140 | Train loss: 1.3887e+00 | Valid loss: 1.3308e+00 | Train acc: 0.5340 ± 0.0000 | Valid acc: 0.6063 ± 0.0000 | Valid Power: 0.0021 | Train Power: 0.0020 | patience:  44 | lr: 0.000390625 | Epoch time: 0.1 |

2024-09-10 00:00:57,303 - INFO -
| Epoch:   1150 | Train loss: 1.3880e+00 | Valid loss: 1.3309e+00 | Train acc: 0.5315 ± 0.0000 | Valid acc: 0.6142 ± 0.0000 | Valid Power: 0.0021 | Train Power: 0.0020 | patience:  54 | lr: 0.000390625 | Epoch time: 0.1 |

2024-09-10 00:00:58,710 - INFO -
| Epoch:   1160 | Train loss: 1.3874e+00 | Valid loss: 1.3311e+00 | Train acc: 0.5315 ± 0.0000 | Valid acc: 0.6142 ± 0.0000 | Valid Power: 0.0021 | Train Power: 0.0020 | patience:  64 | lr: 0.000390625 | Epoch time: 0.1 |

2024-09-10 00:01:00,115 - INFO -
| Epoch:   1170 | Train loss: 1.3868e+00 | Valid loss: 1.3313e+00 | Train acc: 0.5315 ± 0.0000 | Valid acc: 0.6142 ± 0.0000 | Valid Power: 0.0021 | Train Power: 0.0020 | patience:  74 | lr: 0.000390625 | Epoch time: 0.1 |

2024-09-10 00:01:01,521 - INFO -
| Epoch:   1180 | Train loss: 1.3861e+00 | Valid loss: 1.3315e+00 | Train acc: 0.5315 ± 0.0000 | Valid acc: 0.6063 ± 0.0000 | Valid Power: 0.0021 | Train Power: 0.0020 | patience:  84 | lr: 0.000390625 | Epoch time: 0.1 |

2024-09-10 00:01:02,925 - INFO -
| Epoch:   1190 | Train loss: 1.3847e+00 | Valid loss: 1.3317e+00 | Train acc: 0.5315 ± 0.0000 | Valid acc: 0.6063 ± 0.0000 | Valid Power: 0.0021 | Train Power: 0.0020 | patience:  94 | lr: 0.000390625 | Epoch time: 0.1 |

2024-09-10 00:01:03,912 - INFO -
load best network to warm start training with lower lr.

2024-09-10 00:01:03,912 - INFO -
lr update to 0.0001953125.

2024-09-10 00:01:04,335 - INFO -
| Epoch:   1200 | Train loss: 1.3936e+00 | Valid loss: 1.3306e+00 | Train acc: 0.5340 ± 0.0000 | Valid acc: 0.6063 ± 0.0000 | Valid Power: 0.0020 | Train Power: 0.0020 | patience:   3 | lr: 0.0001953125 | Epoch time: 0.1 |

2024-09-10 00:01:05,739 - INFO -
| Epoch:   1210 | Train loss: 1.3921e+00 | Valid loss: 1.3308e+00 | Train acc: 0.5365 ± 0.0000 | Valid acc: 0.6063 ± 0.0000 | Valid Power: 0.0020 | Train Power: 0.0020 | patience:  13 | lr: 0.0001953125 | Epoch time: 0.1 |

2024-09-10 00:01:07,146 - INFO -
| Epoch:   1220 | Train loss: 1.3915e+00 | Valid loss: 1.3307e+00 | Train acc: 0.5365 ± 0.0000 | Valid acc: 0.6063 ± 0.0000 | Valid Power: 0.0020 | Train Power: 0.0020 | patience:  23 | lr: 0.0001953125 | Epoch time: 0.1 |

2024-09-10 00:01:08,618 - INFO -
| Epoch:   1230 | Train loss: 1.3909e+00 | Valid loss: 1.3307e+00 | Train acc: 0.5365 ± 0.0000 | Valid acc: 0.6063 ± 0.0000 | Valid Power: 0.0020 | Train Power: 0.0020 | patience:  33 | lr: 0.0001953125 | Epoch time: 0.1 |

2024-09-10 00:01:10,025 - INFO -
| Epoch:   1240 | Train loss: 1.3903e+00 | Valid loss: 1.3306e+00 | Train acc: 0.5315 ± 0.0000 | Valid acc: 0.6063 ± 0.0000 | Valid Power: 0.0020 | Train Power: 0.0020 | patience:  43 | lr: 0.0001953125 | Epoch time: 0.1 |

2024-09-10 00:01:11,436 - INFO -
| Epoch:   1250 | Train loss: 1.3897e+00 | Valid loss: 1.3306e+00 | Train acc: 0.5315 ± 0.0000 | Valid acc: 0.6063 ± 0.0000 | Valid Power: 0.0020 | Train Power: 0.0020 | patience:  53 | lr: 0.0001953125 | Epoch time: 0.1 |

2024-09-10 00:01:12,851 - INFO -
| Epoch:   1260 | Train loss: 1.3894e+00 | Valid loss: 1.3306e+00 | Train acc: 0.5340 ± 0.0000 | Valid acc: 0.6063 ± 0.0000 | Valid Power: 0.0020 | Train Power: 0.0020 | patience:  63 | lr: 0.0001953125 | Epoch time: 0.1 |

2024-09-10 00:01:14,258 - INFO -
| Epoch:   1270 | Train loss: 1.3890e+00 | Valid loss: 1.3307e+00 | Train acc: 0.5340 ± 0.0000 | Valid acc: 0.6063 ± 0.0000 | Valid Power: 0.0020 | Train Power: 0.0020 | patience:  73 | lr: 0.0001953125 | Epoch time: 0.1 |

2024-09-10 00:01:15,665 - INFO -
| Epoch:   1280 | Train loss: 1.3887e+00 | Valid loss: 1.3308e+00 | Train acc: 0.5340 ± 0.0000 | Valid acc: 0.6063 ± 0.0000 | Valid Power: 0.0020 | Train Power: 0.0020 | patience:  83 | lr: 0.0001953125 | Epoch time: 0.1 |

2024-09-10 00:01:16,998 - INFO -
| Epoch:   1290 | Train loss: 1.3883e+00 | Valid loss: 1.3308e+00 | Train acc: 0.5340 ± 0.0000 | Valid acc: 0.6142 ± 0.0000 | Valid Power: 0.0020 | Train Power: 0.0020 | patience:  93 | lr: 0.0001953125 | Epoch time: 0.1 |

2024-09-10 00:01:18,044 - INFO -
load best network to warm start training with lower lr.

2024-09-10 00:01:18,044 - INFO -
lr update to 9.765625e-05.

2024-09-10 00:01:18,044 - INFO -
Early stop.

2024-09-10 00:01:18,052 - INFO -
Training if finished.

2024-09-12 13:58:07,468 - INFO -
Configuration: 
gmin                0.01
gmax                10.0
T                   0.1
m                   0.3
type_nonlinear      normal
act                 tanh
ACT_R1n             12.7865
ACT_R2n             -3.1871
ACT_W1n             -10.4537
ACT_L1n             10.546
ACT_W2n             -5.8496
ACT_L2n             4.2337
S_R1n               -11.7481
S_R2n               -0.3905
S_W1n               -9.169
S_L1n               0.3913
S_W2n               7.2004
S_L2n               15.5558
ReLU_RHn            -1.9557
ReLU_RLn            -20.1581
ReLU_RDn            16.6486
ReLU_RBn            -14.3472
ReLU_Wn             16.655
ReLU_Ln             -21.7591
HS_Rn               -0.3766
HS_Wn               0.5192
HS_Ln               4.6293
NEG_R1n             -7.0846
NEG_R2n             -2.5695
NEG_R3n             16.1542
NEG_W1n             13.8696
NEG_L1n             2.7635
NEG_W2n             1.2674
NEG_L2n             -10.4803
NEG_W3n             -6.4386
NEG_L3n             5.1005
task                normal
DATASET             8
DataPath            ./dataset
InputNoise          0.0
IN_test             0.0
R_train             1
R_test              1
N_time              32
pathnorm            False
hidden              [3]
skipconnection      False
SEED                0
DEVICE              cpu
PATIENCE            500
EPOCH               10000000000
LR                  0.1
PROGRESSIVE         True
LR_PATIENCE         100
LR_DECAY            0.5
LR_MIN              0.0001
metric              acc
SoftEva             True
TIMELIMITATION      71
MODE                nominal
M_train             1
K_train             1
M_test              1
K_test              1
t_test_max          1
integration         MC
N_train             1
e_train             0.0
N_test              100
e_test              0.1
e_fault             2
fault_ratio         0.0
N_fault             50
e_fault_test        0
N_fault_test        50
dropout             0.0
lagrangian_loss     False
rho                 100
powerestimator      none
powerbalance        0.0
estimatorbalance    0.0
pgmin               1e-07
power_ratio         1000
lambda_P            100
areaestimator       none
areabalance         0.0
area_theta          0.15
area_act            30.0
area_neg            22.7
lambda_A            0.001
lnc                 False
projectname         tanh_0_FaultAnalysisNormal
temppath            ./tanh_0_FaultAnalysisNormal/temp/
logfilepath         ./tanh_0_FaultAnalysisNormal/log/
report_freq         10
recording           False
recordpath          ./tanh_0_FaultAnalysisNormal/record/
savepath            ./tanh_0_FaultAnalysisNormal/models/
loglevel            info


2024-09-12 13:58:07,487 - INFO -
Training network on device: cpu.

2024-09-12 13:58:07,487 - INFO -
Training setup: data_08_pendigits_seed_00_epsilon_0.0_dropout_0.0_fault_ratio_0.0.model.

2024-09-12 13:58:07,488 - INFO -
{'dataname': 'pendigits', 'N_feature': 16, 'N_class': 10, 'N_train': 397, 'N_valid': 127, 'N_test': 79}

2024-09-12 13:58:07,488 - INFO -
Training was already finished.

