2024-09-09 04:07:29,233 - INFO -
Configuration: 
gmin                0.01
gmax                10.0
T                   0.1
m                   0.3
type_nonlinear      normal
act                 tanh
ACT_R1n             12.7865
ACT_R2n             -3.1871
ACT_W1n             -10.4537
ACT_L1n             10.546
ACT_W2n             -5.8496
ACT_L2n             4.2337
S_R1n               -11.7481
S_R2n               -0.3905
S_W1n               -9.169
S_L1n               0.3913
S_W2n               7.2004
S_L2n               15.5558
ReLU_RHn            -1.9557
ReLU_RLn            -20.1581
ReLU_RDn            16.6486
ReLU_RBn            -14.3472
ReLU_Wn             16.655
ReLU_Ln             -21.7591
HS_Rn               -0.3766
HS_Wn               0.5192
HS_Ln               4.6293
NEG_R1n             -7.0846
NEG_R2n             -2.5695
NEG_R3n             16.1542
NEG_W1n             13.8696
NEG_L1n             2.7635
NEG_W2n             1.2674
NEG_L2n             -10.4803
NEG_W3n             -6.4386
NEG_L3n             5.1005
task                normal
DATASET             5
DataPath            ./dataset
InputNoise          0.0
IN_test             0.0
R_train             1
R_test              1
N_time              32
pathnorm            False
hidden              [3]
skipconnection      False
SEED                4
DEVICE              cpu
PATIENCE            500
EPOCH               10000000000
LR                  0.1
PROGRESSIVE         True
LR_PATIENCE         100
LR_DECAY            0.5
LR_MIN              0.0001
metric              acc
SoftEva             True
TIMELIMITATION      71
MODE                nominal
M_train             1
K_train             1
M_test              1
K_test              1
t_test_max          1
integration         MC
N_train             1
e_train             0.0
N_test              100
e_test              0.1
e_fault             2
fault_ratio         0.0
N_fault             50
e_fault_test        0
N_fault_test        50
dropout             0.0
lagrangian_loss     False
rho                 100
powerestimator      none
powerbalance        0.0
estimatorbalance    0.0
pgmin               1e-07
power_ratio         1000
lambda_P            100
areaestimator       none
areabalance         0.0
area_theta          0.15
area_act            30.0
area_neg            22.7
lambda_A            0.001
lnc                 False
projectname         tanh_0_FaultAnalysisNormal
temppath            ./tanh_0_FaultAnalysisNormal/temp/
logfilepath         ./tanh_0_FaultAnalysisNormal/log/
report_freq         10
recording           False
recordpath          ./tanh_0_FaultAnalysisNormal/record/
savepath            ./tanh_0_FaultAnalysisNormal/models/
loglevel            info


2024-09-09 04:07:29,234 - INFO -
Training network on device: cpu.

2024-09-09 04:07:29,234 - INFO -
Training setup: data_05_energyy2_seed_04_epsilon_0.0_dropout_0.0_fault_ratio_0.0.model.

2024-09-09 04:07:29,234 - INFO -
{'dataname': 'energyy2', 'N_feature': 8, 'N_class': 3, 'N_train': 397, 'N_valid': 127, 'N_test': 79}

2024-09-09 04:07:29,234 - INFO -
Topology of the network: [8, 3, 3].

2024-09-09 04:07:31,172 - INFO -
| Epoch:      0 | Train loss: 1.0985e+00 | Valid loss: 1.1067e+00 | Train acc: 0.4761 ± 0.0000 | Valid acc: 0.4882 ± 0.0000 | Valid Power: 0.0009 | Train Power: 0.0005 | patience:   0 | lr: 0.1 | Epoch time: 0.1 |

2024-09-09 04:07:32,494 - INFO -
| Epoch:     10 | Train loss: 8.1873e-01 | Valid loss: 7.9577e-01 | Train acc: 0.7657 ± 0.0000 | Valid acc: 0.7717 ± 0.0000 | Valid Power: 0.0008 | Train Power: 0.0008 | patience:   0 | lr: 0.1 | Epoch time: 0.1 |

2024-09-09 04:07:33,790 - INFO -
| Epoch:     20 | Train loss: 6.1303e-01 | Valid loss: 6.2420e-01 | Train acc: 0.8514 ± 0.0000 | Valid acc: 0.8189 ± 0.0000 | Valid Power: 0.0007 | Train Power: 0.0007 | patience:   0 | lr: 0.1 | Epoch time: 0.1 |

2024-09-09 04:07:35,080 - INFO -
| Epoch:     30 | Train loss: 5.6496e-01 | Valid loss: 5.7915e-01 | Train acc: 0.8338 ± 0.0000 | Valid acc: 0.8268 ± 0.0000 | Valid Power: 0.0007 | Train Power: 0.0007 | patience:   2 | lr: 0.1 | Epoch time: 0.1 |

2024-09-09 04:07:36,400 - INFO -
| Epoch:     40 | Train loss: 5.1426e-01 | Valid loss: 5.5597e-01 | Train acc: 0.8640 ± 0.0000 | Valid acc: 0.8346 ± 0.0000 | Valid Power: 0.0008 | Train Power: 0.0009 | patience:   4 | lr: 0.1 | Epoch time: 0.1 |

2024-09-09 04:07:37,672 - INFO -
| Epoch:     50 | Train loss: 5.0984e-01 | Valid loss: 5.3360e-01 | Train acc: 0.8489 ± 0.0000 | Valid acc: 0.8425 ± 0.0000 | Valid Power: 0.0008 | Train Power: 0.0008 | patience:   0 | lr: 0.1 | Epoch time: 0.1 |

2024-09-09 04:07:39,039 - INFO -
| Epoch:     60 | Train loss: 5.1570e-01 | Valid loss: 5.2699e-01 | Train acc: 0.8287 ± 0.0000 | Valid acc: 0.8346 ± 0.0000 | Valid Power: 0.0009 | Train Power: 0.0009 | patience:   1 | lr: 0.1 | Epoch time: 0.1 |

2024-09-09 04:07:40,305 - INFO -
| Epoch:     70 | Train loss: 5.3333e-01 | Valid loss: 5.3565e-01 | Train acc: 0.7909 ± 0.0000 | Valid acc: 0.8189 ± 0.0000 | Valid Power: 0.0008 | Train Power: 0.0008 | patience:  11 | lr: 0.1 | Epoch time: 0.1 |

2024-09-09 04:07:41,564 - INFO -
| Epoch:     80 | Train loss: 5.8552e-01 | Valid loss: 6.3880e-01 | Train acc: 0.8161 ± 0.0000 | Valid acc: 0.7795 ± 0.0000 | Valid Power: 0.0008 | Train Power: 0.0008 | patience:  21 | lr: 0.1 | Epoch time: 0.1 |

2024-09-09 04:07:42,847 - INFO -
| Epoch:     90 | Train loss: 4.9246e-01 | Valid loss: 5.3350e-01 | Train acc: 0.8640 ± 0.0000 | Valid acc: 0.8504 ± 0.0000 | Valid Power: 0.0008 | Train Power: 0.0008 | patience:  31 | lr: 0.1 | Epoch time: 0.1 |

2024-09-09 04:07:44,158 - INFO -
| Epoch:    100 | Train loss: 5.0680e-01 | Valid loss: 5.1954e-01 | Train acc: 0.8212 ± 0.0000 | Valid acc: 0.8268 ± 0.0000 | Valid Power: 0.0008 | Train Power: 0.0008 | patience:   1 | lr: 0.1 | Epoch time: 0.2 |

2024-09-09 04:07:45,427 - INFO -
| Epoch:    110 | Train loss: 5.1015e-01 | Valid loss: 5.0997e-01 | Train acc: 0.8161 ± 0.0000 | Valid acc: 0.8346 ± 0.0000 | Valid Power: 0.0008 | Train Power: 0.0009 | patience:   0 | lr: 0.1 | Epoch time: 0.1 |

2024-09-09 04:07:46,685 - INFO -
| Epoch:    120 | Train loss: 4.8937e-01 | Valid loss: 5.1960e-01 | Train acc: 0.8438 ± 0.0000 | Valid acc: 0.8504 ± 0.0000 | Valid Power: 0.0008 | Train Power: 0.0008 | patience:  10 | lr: 0.1 | Epoch time: 0.1 |

2024-09-09 04:07:47,950 - INFO -
| Epoch:    130 | Train loss: 4.8959e-01 | Valid loss: 5.3005e-01 | Train acc: 0.8589 ± 0.0000 | Valid acc: 0.8425 ± 0.0000 | Valid Power: 0.0011 | Train Power: 0.0032 | patience:  20 | lr: 0.1 | Epoch time: 0.1 |

2024-09-09 04:07:49,208 - INFO -
| Epoch:    140 | Train loss: 5.0293e-01 | Valid loss: 5.3740e-01 | Train acc: 0.8640 ± 0.0000 | Valid acc: 0.8583 ± 0.0000 | Valid Power: 0.0010 | Train Power: 0.0009 | patience:  30 | lr: 0.1 | Epoch time: 0.1 |

2024-09-09 04:07:50,468 - INFO -
| Epoch:    150 | Train loss: 5.0505e-01 | Valid loss: 5.0976e-01 | Train acc: 0.8287 ± 0.0000 | Valid acc: 0.8346 ± 0.0000 | Valid Power: 0.0009 | Train Power: 0.0009 | patience:   0 | lr: 0.1 | Epoch time: 0.1 |

2024-09-09 04:07:51,732 - INFO -
| Epoch:    160 | Train loss: 5.0006e-01 | Valid loss: 5.0955e-01 | Train acc: 0.8312 ± 0.0000 | Valid acc: 0.8425 ± 0.0000 | Valid Power: 0.0008 | Train Power: 0.0008 | patience:   8 | lr: 0.1 | Epoch time: 0.1 |

2024-09-09 04:07:53,007 - INFO -
| Epoch:    170 | Train loss: 4.8276e-01 | Valid loss: 5.2617e-01 | Train acc: 0.8615 ± 0.0000 | Valid acc: 0.8504 ± 0.0000 | Valid Power: 0.0009 | Train Power: 0.0009 | patience:   6 | lr: 0.1 | Epoch time: 0.1 |

2024-09-09 04:07:54,264 - INFO -
| Epoch:    180 | Train loss: 5.1062e-01 | Valid loss: 5.1394e-01 | Train acc: 0.7985 ± 0.0000 | Valid acc: 0.8110 ± 0.0000 | Valid Power: 0.0008 | Train Power: 0.0008 | patience:  16 | lr: 0.1 | Epoch time: 0.1 |

2024-09-09 04:07:55,519 - INFO -
| Epoch:    190 | Train loss: 5.0627e-01 | Valid loss: 5.2021e-01 | Train acc: 0.8035 ± 0.0000 | Valid acc: 0.8110 ± 0.0000 | Valid Power: 0.0008 | Train Power: 0.0008 | patience:  26 | lr: 0.1 | Epoch time: 0.1 |

2024-09-09 04:07:56,777 - INFO -
| Epoch:    200 | Train loss: 4.9850e-01 | Valid loss: 5.1243e-01 | Train acc: 0.8035 ± 0.0000 | Valid acc: 0.8110 ± 0.0000 | Valid Power: 0.0009 | Train Power: 0.0009 | patience:  36 | lr: 0.1 | Epoch time: 0.1 |

2024-09-09 04:07:58,137 - INFO -
| Epoch:    210 | Train loss: 4.9528e-01 | Valid loss: 5.1327e-01 | Train acc: 0.8287 ± 0.0000 | Valid acc: 0.8504 ± 0.0000 | Valid Power: 0.0009 | Train Power: 0.0009 | patience:  46 | lr: 0.1 | Epoch time: 0.1 |

2024-09-09 04:07:59,401 - INFO -
| Epoch:    220 | Train loss: 4.9323e-01 | Valid loss: 5.1033e-01 | Train acc: 0.8237 ± 0.0000 | Valid acc: 0.8268 ± 0.0000 | Valid Power: 0.0009 | Train Power: 0.0009 | patience:  56 | lr: 0.1 | Epoch time: 0.1 |

2024-09-09 04:08:00,662 - INFO -
| Epoch:    230 | Train loss: 4.9185e-01 | Valid loss: 5.0931e-01 | Train acc: 0.8287 ± 0.0000 | Valid acc: 0.8189 ± 0.0000 | Valid Power: 0.0012 | Train Power: 0.0010 | patience:  66 | lr: 0.1 | Epoch time: 0.1 |

2024-09-09 04:08:01,921 - INFO -
| Epoch:    240 | Train loss: 4.9050e-01 | Valid loss: 5.0688e-01 | Train acc: 0.8413 ± 0.0000 | Valid acc: 0.8268 ± 0.0000 | Valid Power: 0.0012 | Train Power: 0.0011 | patience:  76 | lr: 0.1 | Epoch time: 0.1 |

2024-09-09 04:08:03,176 - INFO -
| Epoch:    250 | Train loss: 4.8932e-01 | Valid loss: 5.0401e-01 | Train acc: 0.8438 ± 0.0000 | Valid acc: 0.8346 ± 0.0000 | Valid Power: 0.0011 | Train Power: 0.0011 | patience:  86 | lr: 0.1 | Epoch time: 0.1 |

2024-09-09 04:08:04,465 - INFO -
| Epoch:    260 | Train loss: 4.8827e-01 | Valid loss: 5.0158e-01 | Train acc: 0.8438 ± 0.0000 | Valid acc: 0.8346 ± 0.0000 | Valid Power: 0.0013 | Train Power: 0.0022 | patience:   0 | lr: 0.1 | Epoch time: 0.1 |

2024-09-09 04:08:05,755 - INFO -
| Epoch:    270 | Train loss: 4.8736e-01 | Valid loss: 5.0008e-01 | Train acc: 0.8489 ± 0.0000 | Valid acc: 0.8504 ± 0.0000 | Valid Power: 0.0011 | Train Power: 0.0011 | patience:   0 | lr: 0.1 | Epoch time: 0.1 |

2024-09-09 04:08:07,042 - INFO -
| Epoch:    280 | Train loss: 4.8622e-01 | Valid loss: 4.9915e-01 | Train acc: 0.8564 ± 0.0000 | Valid acc: 0.8583 ± 0.0000 | Valid Power: 0.0010 | Train Power: 0.0010 | patience:   0 | lr: 0.1 | Epoch time: 0.1 |

2024-09-09 04:08:08,326 - INFO -
| Epoch:    290 | Train loss: 4.8469e-01 | Valid loss: 4.9631e-01 | Train acc: 0.8564 ± 0.0000 | Valid acc: 0.8583 ± 0.0000 | Valid Power: 0.0011 | Train Power: 0.0011 | patience:   0 | lr: 0.1 | Epoch time: 0.1 |

2024-09-09 04:08:09,703 - INFO -
| Epoch:    300 | Train loss: 4.8322e-01 | Valid loss: 4.9302e-01 | Train acc: 0.8564 ± 0.0000 | Valid acc: 0.8583 ± 0.0000 | Valid Power: 0.0012 | Train Power: 0.0012 | patience:   2 | lr: 0.1 | Epoch time: 0.1 |

2024-09-09 04:08:10,983 - INFO -
| Epoch:    310 | Train loss: 4.8158e-01 | Valid loss: 4.8952e-01 | Train acc: 0.8564 ± 0.0000 | Valid acc: 0.8583 ± 0.0000 | Valid Power: 0.0013 | Train Power: 0.0013 | patience:   2 | lr: 0.1 | Epoch time: 0.1 |

2024-09-09 04:08:12,253 - INFO -
| Epoch:    320 | Train loss: 4.8042e-01 | Valid loss: 4.8776e-01 | Train acc: 0.8564 ± 0.0000 | Valid acc: 0.8583 ± 0.0000 | Valid Power: 0.0013 | Train Power: 0.0013 | patience:   3 | lr: 0.1 | Epoch time: 0.1 |

2024-09-09 04:08:13,527 - INFO -
| Epoch:    330 | Train loss: 4.7474e-01 | Valid loss: 4.8091e-01 | Train acc: 0.8564 ± 0.0000 | Valid acc: 0.8583 ± 0.0000 | Valid Power: 0.0013 | Train Power: 0.0013 | patience:   1 | lr: 0.1 | Epoch time: 0.1 |

2024-09-09 04:08:14,791 - INFO -
| Epoch:    340 | Train loss: 5.0342e-01 | Valid loss: 5.1500e-01 | Train acc: 0.8564 ± 0.0000 | Valid acc: 0.8583 ± 0.0000 | Valid Power: 0.0013 | Train Power: 0.0013 | patience:   5 | lr: 0.1 | Epoch time: 0.1 |

2024-09-09 04:08:16,046 - INFO -
| Epoch:    350 | Train loss: 5.1440e-01 | Valid loss: 5.4466e-01 | Train acc: 0.8237 ± 0.0000 | Valid acc: 0.8504 ± 0.0000 | Valid Power: 0.0013 | Train Power: 0.0013 | patience:  15 | lr: 0.1 | Epoch time: 0.1 |

2024-09-09 04:08:17,299 - INFO -
| Epoch:    360 | Train loss: 7.0892e-01 | Valid loss: 7.7431e-01 | Train acc: 0.7733 ± 0.0000 | Valid acc: 0.7008 ± 0.0000 | Valid Power: 0.0012 | Train Power: 0.0012 | patience:  25 | lr: 0.1 | Epoch time: 0.1 |

2024-09-09 04:08:18,553 - INFO -
| Epoch:    370 | Train loss: 5.4059e-01 | Valid loss: 5.4478e-01 | Train acc: 0.7557 ± 0.0000 | Valid acc: 0.7638 ± 0.0000 | Valid Power: 0.0023 | Train Power: 0.0133 | patience:  35 | lr: 0.1 | Epoch time: 0.1 |

2024-09-09 04:08:19,809 - INFO -
| Epoch:    380 | Train loss: 5.3462e-01 | Valid loss: 5.5112e-01 | Train acc: 0.7305 ± 0.0000 | Valid acc: 0.7480 ± 0.0000 | Valid Power: 0.0014 | Train Power: 0.0014 | patience:  45 | lr: 0.1 | Epoch time: 0.1 |

2024-09-09 04:08:21,075 - INFO -
| Epoch:    390 | Train loss: 5.2829e-01 | Valid loss: 5.3678e-01 | Train acc: 0.7305 ± 0.0000 | Valid acc: 0.7480 ± 0.0000 | Valid Power: 0.0014 | Train Power: 0.0014 | patience:  55 | lr: 0.1 | Epoch time: 0.1 |

2024-09-09 04:08:22,332 - INFO -
| Epoch:    400 | Train loss: 5.2376e-01 | Valid loss: 5.3372e-01 | Train acc: 0.7305 ± 0.0000 | Valid acc: 0.7480 ± 0.0000 | Valid Power: 0.0014 | Train Power: 0.0014 | patience:  65 | lr: 0.1 | Epoch time: 0.1 |

2024-09-09 04:08:23,589 - INFO -
| Epoch:    410 | Train loss: 5.2112e-01 | Valid loss: 5.3138e-01 | Train acc: 0.7305 ± 0.0000 | Valid acc: 0.7480 ± 0.0000 | Valid Power: 0.0013 | Train Power: 0.0014 | patience:  75 | lr: 0.1 | Epoch time: 0.1 |

2024-09-09 04:08:24,845 - INFO -
| Epoch:    420 | Train loss: 5.2192e-01 | Valid loss: 5.3627e-01 | Train acc: 0.7305 ± 0.0000 | Valid acc: 0.7480 ± 0.0000 | Valid Power: 0.0013 | Train Power: 0.0013 | patience:  85 | lr: 0.1 | Epoch time: 0.1 |

2024-09-09 04:08:26,102 - INFO -
| Epoch:    430 | Train loss: 5.2134e-01 | Valid loss: 5.2833e-01 | Train acc: 0.7305 ± 0.0000 | Valid acc: 0.7480 ± 0.0000 | Valid Power: 0.0013 | Train Power: 0.0013 | patience:  95 | lr: 0.1 | Epoch time: 0.1 |

2024-09-09 04:08:26,859 - INFO -
load best network to warm start training with lower lr.

2024-09-09 04:08:26,859 - INFO -
lr update to 0.05.

2024-09-09 04:08:27,370 - INFO -
| Epoch:    440 | Train loss: 4.7348e-01 | Valid loss: 4.7487e-01 | Train acc: 0.8161 ± 0.0000 | Valid acc: 0.8425 ± 0.0000 | Valid Power: 0.0014 | Train Power: 0.0016 | patience:   0 | lr: 0.05 | Epoch time: 0.1 |

2024-09-09 04:08:28,630 - INFO -
| Epoch:    450 | Train loss: 4.7903e-01 | Valid loss: 4.8404e-01 | Train acc: 0.8237 ± 0.0000 | Valid acc: 0.8425 ± 0.0000 | Valid Power: 0.0013 | Train Power: 0.0014 | patience:   8 | lr: 0.05 | Epoch time: 0.1 |

2024-09-09 04:08:29,887 - INFO -
| Epoch:    460 | Train loss: 4.8179e-01 | Valid loss: 4.8254e-01 | Train acc: 0.8237 ± 0.0000 | Valid acc: 0.8425 ± 0.0000 | Valid Power: 0.0014 | Train Power: 0.0023 | patience:  18 | lr: 0.05 | Epoch time: 0.1 |

2024-09-09 04:08:31,243 - INFO -
| Epoch:    470 | Train loss: 4.7779e-01 | Valid loss: 4.8306e-01 | Train acc: 0.8564 ± 0.0000 | Valid acc: 0.8583 ± 0.0000 | Valid Power: 0.0014 | Train Power: 0.0014 | patience:  28 | lr: 0.05 | Epoch time: 0.2 |

2024-09-09 04:08:32,499 - INFO -
| Epoch:    480 | Train loss: 4.7679e-01 | Valid loss: 4.8131e-01 | Train acc: 0.8388 ± 0.0000 | Valid acc: 0.8661 ± 0.0000 | Valid Power: 0.0014 | Train Power: 0.0015 | patience:  38 | lr: 0.05 | Epoch time: 0.1 |

2024-09-09 04:08:33,762 - INFO -
| Epoch:    490 | Train loss: 4.7652e-01 | Valid loss: 4.6384e-01 | Train acc: 0.8589 ± 0.0000 | Valid acc: 0.8661 ± 0.0000 | Valid Power: 0.0014 | Train Power: 0.0014 | patience:   0 | lr: 0.05 | Epoch time: 0.1 |

2024-09-09 04:08:35,041 - INFO -
| Epoch:    500 | Train loss: 4.7617e-01 | Valid loss: 4.8115e-01 | Train acc: 0.8287 ± 0.0000 | Valid acc: 0.8268 ± 0.0000 | Valid Power: 0.0014 | Train Power: 0.0014 | patience:   3 | lr: 0.05 | Epoch time: 0.1 |

2024-09-09 04:08:36,305 - INFO -
| Epoch:    510 | Train loss: 4.6373e-01 | Valid loss: 4.6354e-01 | Train acc: 0.8312 ± 0.0000 | Valid acc: 0.8268 ± 0.0000 | Valid Power: 0.0015 | Train Power: 0.0015 | patience:  13 | lr: 0.05 | Epoch time: 0.1 |

2024-09-09 04:08:37,561 - INFO -
| Epoch:    520 | Train loss: 4.6337e-01 | Valid loss: 4.6335e-01 | Train acc: 0.8463 ± 0.0000 | Valid acc: 0.8425 ± 0.0000 | Valid Power: 0.0015 | Train Power: 0.0016 | patience:  23 | lr: 0.05 | Epoch time: 0.1 |

2024-09-09 04:08:38,827 - INFO -
| Epoch:    530 | Train loss: 4.6306e-01 | Valid loss: 4.6161e-01 | Train acc: 0.8186 ± 0.0000 | Valid acc: 0.8189 ± 0.0000 | Valid Power: 0.0016 | Train Power: 0.0021 | patience:   2 | lr: 0.05 | Epoch time: 0.1 |

2024-09-09 04:08:40,092 - INFO -
| Epoch:    540 | Train loss: 4.6288e-01 | Valid loss: 4.6129e-01 | Train acc: 0.8262 ± 0.0000 | Valid acc: 0.8189 ± 0.0000 | Valid Power: 0.0016 | Train Power: 0.0015 | patience:   0 | lr: 0.05 | Epoch time: 0.1 |

2024-09-09 04:08:41,365 - INFO -
| Epoch:    550 | Train loss: 4.6275e-01 | Valid loss: 4.6096e-01 | Train acc: 0.8212 ± 0.0000 | Valid acc: 0.8268 ± 0.0000 | Valid Power: 0.0018 | Train Power: 0.0017 | patience:   5 | lr: 0.05 | Epoch time: 0.1 |

2024-09-09 04:08:42,642 - INFO -
| Epoch:    560 | Train loss: 4.6264e-01 | Valid loss: 4.6053e-01 | Train acc: 0.8287 ± 0.0000 | Valid acc: 0.8268 ± 0.0000 | Valid Power: 0.0017 | Train Power: 0.0017 | patience:   0 | lr: 0.05 | Epoch time: 0.1 |

2024-09-09 04:08:43,936 - INFO -
| Epoch:    570 | Train loss: 4.6255e-01 | Valid loss: 4.6011e-01 | Train acc: 0.8312 ± 0.0000 | Valid acc: 0.8268 ± 0.0000 | Valid Power: 0.0018 | Train Power: 0.0018 | patience:   0 | lr: 0.05 | Epoch time: 0.1 |

2024-09-09 04:08:45,211 - INFO -
| Epoch:    580 | Train loss: 4.6248e-01 | Valid loss: 4.5980e-01 | Train acc: 0.8312 ± 0.0000 | Valid acc: 0.8268 ± 0.0000 | Valid Power: 0.0018 | Train Power: 0.0018 | patience:   0 | lr: 0.05 | Epoch time: 0.1 |

2024-09-09 04:08:46,480 - INFO -
| Epoch:    590 | Train loss: 4.6241e-01 | Valid loss: 4.5973e-01 | Train acc: 0.8312 ± 0.0000 | Valid acc: 0.8268 ± 0.0000 | Valid Power: 0.0127 | Train Power: 0.0023 | patience:   0 | lr: 0.05 | Epoch time: 0.1 |

2024-09-09 04:08:47,737 - INFO -
| Epoch:    600 | Train loss: 4.6235e-01 | Valid loss: 4.5989e-01 | Train acc: 0.8312 ± 0.0000 | Valid acc: 0.8268 ± 0.0000 | Valid Power: 0.0019 | Train Power: 0.0021 | patience:   3 | lr: 0.05 | Epoch time: 0.1 |

2024-09-09 04:08:48,996 - INFO -
| Epoch:    610 | Train loss: 4.6229e-01 | Valid loss: 4.5968e-01 | Train acc: 0.8312 ± 0.0000 | Valid acc: 0.8268 ± 0.0000 | Valid Power: 0.0017 | Train Power: 0.0017 | patience:   6 | lr: 0.05 | Epoch time: 0.1 |

2024-09-09 04:08:50,251 - INFO -
| Epoch:    620 | Train loss: 4.6225e-01 | Valid loss: 4.5975e-01 | Train acc: 0.8312 ± 0.0000 | Valid acc: 0.8268 ± 0.0000 | Valid Power: 0.0017 | Train Power: 0.0018 | patience:  16 | lr: 0.05 | Epoch time: 0.1 |

2024-09-09 04:08:51,604 - INFO -
| Epoch:    630 | Train loss: 4.6221e-01 | Valid loss: 4.5975e-01 | Train acc: 0.8312 ± 0.0000 | Valid acc: 0.8268 ± 0.0000 | Valid Power: 0.0017 | Train Power: 0.0017 | patience:  26 | lr: 0.05 | Epoch time: 0.1 |

2024-09-09 04:08:52,858 - INFO -
| Epoch:    640 | Train loss: 4.6216e-01 | Valid loss: 4.5978e-01 | Train acc: 0.8312 ± 0.0000 | Valid acc: 0.8268 ± 0.0000 | Valid Power: 0.0017 | Train Power: 0.0017 | patience:  36 | lr: 0.05 | Epoch time: 0.1 |

2024-09-09 04:08:54,124 - INFO -
| Epoch:    650 | Train loss: 4.6212e-01 | Valid loss: 4.5974e-01 | Train acc: 0.8312 ± 0.0000 | Valid acc: 0.8268 ± 0.0000 | Valid Power: 0.0023 | Train Power: 0.0043 | patience:  46 | lr: 0.05 | Epoch time: 0.1 |

2024-09-09 04:08:55,381 - INFO -
| Epoch:    660 | Train loss: 4.6207e-01 | Valid loss: 4.5977e-01 | Train acc: 0.8312 ± 0.0000 | Valid acc: 0.8268 ± 0.0000 | Valid Power: 0.0016 | Train Power: 0.0016 | patience:  56 | lr: 0.05 | Epoch time: 0.1 |

2024-09-09 04:08:56,637 - INFO -
| Epoch:    670 | Train loss: 4.6203e-01 | Valid loss: 4.5977e-01 | Train acc: 0.8312 ± 0.0000 | Valid acc: 0.8268 ± 0.0000 | Valid Power: 0.0024 | Train Power: 0.0024 | patience:  66 | lr: 0.05 | Epoch time: 0.1 |

2024-09-09 04:08:57,897 - INFO -
| Epoch:    680 | Train loss: 4.6199e-01 | Valid loss: 4.5964e-01 | Train acc: 0.8312 ± 0.0000 | Valid acc: 0.8268 ± 0.0000 | Valid Power: 0.0061 | Train Power: 0.0018 | patience:   0 | lr: 0.05 | Epoch time: 0.1 |

2024-09-09 04:08:59,162 - INFO -
| Epoch:    690 | Train loss: 4.6195e-01 | Valid loss: 4.5964e-01 | Train acc: 0.8312 ± 0.0000 | Valid acc: 0.8268 ± 0.0000 | Valid Power: 0.0027 | Train Power: 0.0022 | patience:   1 | lr: 0.05 | Epoch time: 0.1 |

2024-09-09 04:09:00,428 - INFO -
| Epoch:    700 | Train loss: 4.6202e-01 | Valid loss: 4.5885e-01 | Train acc: 0.8262 ± 0.0000 | Valid acc: 0.8504 ± 0.0000 | Valid Power: 0.0017 | Train Power: 0.0017 | patience:   6 | lr: 0.05 | Epoch time: 0.1 |

2024-09-09 04:09:01,781 - INFO -
| Epoch:    710 | Train loss: 4.6200e-01 | Valid loss: 4.5881e-01 | Train acc: 0.8262 ± 0.0000 | Valid acc: 0.8504 ± 0.0000 | Valid Power: 0.0050 | Train Power: 0.0020 | patience:  16 | lr: 0.05 | Epoch time: 0.2 |

2024-09-09 04:09:03,040 - INFO -
| Epoch:    720 | Train loss: 4.6195e-01 | Valid loss: 4.5886e-01 | Train acc: 0.8262 ± 0.0000 | Valid acc: 0.8425 ± 0.0000 | Valid Power: 0.0021 | Train Power: 0.0019 | patience:  26 | lr: 0.05 | Epoch time: 0.1 |

2024-09-09 04:09:04,298 - INFO -
| Epoch:    730 | Train loss: 4.6189e-01 | Valid loss: 4.5889e-01 | Train acc: 0.8262 ± 0.0000 | Valid acc: 0.8425 ± 0.0000 | Valid Power: 0.0021 | Train Power: 0.0017 | patience:  36 | lr: 0.05 | Epoch time: 0.1 |

2024-09-09 04:09:05,555 - INFO -
| Epoch:    740 | Train loss: 4.6184e-01 | Valid loss: 4.5889e-01 | Train acc: 0.8312 ± 0.0000 | Valid acc: 0.8268 ± 0.0000 | Valid Power: 0.0016 | Train Power: 0.0017 | patience:  46 | lr: 0.05 | Epoch time: 0.1 |

2024-09-09 04:09:06,808 - INFO -
| Epoch:    750 | Train loss: 4.6178e-01 | Valid loss: 4.5894e-01 | Train acc: 0.8312 ± 0.0000 | Valid acc: 0.8268 ± 0.0000 | Valid Power: 0.0017 | Train Power: 0.0017 | patience:  56 | lr: 0.05 | Epoch time: 0.1 |

2024-09-09 04:09:08,058 - INFO -
| Epoch:    760 | Train loss: 4.6173e-01 | Valid loss: 4.5891e-01 | Train acc: 0.8312 ± 0.0000 | Valid acc: 0.8268 ± 0.0000 | Valid Power: 0.0022 | Train Power: 0.0017 | patience:  66 | lr: 0.05 | Epoch time: 0.1 |

2024-09-09 04:09:09,312 - INFO -
| Epoch:    770 | Train loss: 4.6168e-01 | Valid loss: 4.5888e-01 | Train acc: 0.8287 ± 0.0000 | Valid acc: 0.8268 ± 0.0000 | Valid Power: 0.0016 | Train Power: 0.0016 | patience:  76 | lr: 0.05 | Epoch time: 0.1 |

2024-09-09 04:09:10,565 - INFO -
| Epoch:    780 | Train loss: 4.6164e-01 | Valid loss: 4.5883e-01 | Train acc: 0.8287 ± 0.0000 | Valid acc: 0.8268 ± 0.0000 | Valid Power: 0.0020 | Train Power: 0.0016 | patience:  86 | lr: 0.05 | Epoch time: 0.1 |

2024-09-09 04:09:11,817 - INFO -
| Epoch:    790 | Train loss: 4.6161e-01 | Valid loss: 4.5893e-01 | Train acc: 0.8312 ± 0.0000 | Valid acc: 0.8268 ± 0.0000 | Valid Power: 0.0018 | Train Power: 0.0017 | patience:  96 | lr: 0.05 | Epoch time: 0.1 |

2024-09-09 04:09:12,448 - INFO -
load best network to warm start training with lower lr.

2024-09-09 04:09:12,448 - INFO -
lr update to 0.025.

2024-09-09 04:09:13,082 - INFO -
| Epoch:    800 | Train loss: 4.6484e-01 | Valid loss: 4.5758e-01 | Train acc: 0.8262 ± 0.0000 | Valid acc: 0.8504 ± 0.0000 | Valid Power: 0.0017 | Train Power: 0.0017 | patience:   0 | lr: 0.025 | Epoch time: 0.1 |

2024-09-09 04:09:14,333 - INFO -
| Epoch:    810 | Train loss: 4.6221e-01 | Valid loss: 4.5837e-01 | Train acc: 0.8262 ± 0.0000 | Valid acc: 0.8504 ± 0.0000 | Valid Power: 0.0017 | Train Power: 0.0017 | patience:  10 | lr: 0.025 | Epoch time: 0.1 |

2024-09-09 04:09:15,583 - INFO -
| Epoch:    820 | Train loss: 4.6210e-01 | Valid loss: 4.5960e-01 | Train acc: 0.8262 ± 0.0000 | Valid acc: 0.8504 ± 0.0000 | Valid Power: 0.0017 | Train Power: 0.0017 | patience:  20 | lr: 0.025 | Epoch time: 0.1 |

2024-09-09 04:09:16,835 - INFO -
| Epoch:    830 | Train loss: 4.6204e-01 | Valid loss: 4.5975e-01 | Train acc: 0.8262 ± 0.0000 | Valid acc: 0.8504 ± 0.0000 | Valid Power: 0.0017 | Train Power: 0.0017 | patience:  30 | lr: 0.025 | Epoch time: 0.1 |

2024-09-09 04:09:18,095 - INFO -
| Epoch:    840 | Train loss: 4.6195e-01 | Valid loss: 4.5927e-01 | Train acc: 0.8262 ± 0.0000 | Valid acc: 0.8425 ± 0.0000 | Valid Power: 0.0017 | Train Power: 0.0017 | patience:  40 | lr: 0.025 | Epoch time: 0.1 |

2024-09-09 04:09:19,347 - INFO -
| Epoch:    850 | Train loss: 4.6188e-01 | Valid loss: 4.5906e-01 | Train acc: 0.8262 ± 0.0000 | Valid acc: 0.8425 ± 0.0000 | Valid Power: 0.0017 | Train Power: 0.0017 | patience:  50 | lr: 0.025 | Epoch time: 0.1 |

2024-09-09 04:09:20,596 - INFO -
| Epoch:    860 | Train loss: 4.6183e-01 | Valid loss: 4.5887e-01 | Train acc: 0.8312 ± 0.0000 | Valid acc: 0.8268 ± 0.0000 | Valid Power: 0.0017 | Train Power: 0.0017 | patience:  60 | lr: 0.025 | Epoch time: 0.1 |

2024-09-09 04:09:21,848 - INFO -
| Epoch:    870 | Train loss: 4.6178e-01 | Valid loss: 4.5908e-01 | Train acc: 0.8287 ± 0.0000 | Valid acc: 0.8268 ± 0.0000 | Valid Power: 0.0017 | Train Power: 0.0017 | patience:  70 | lr: 0.025 | Epoch time: 0.1 |

2024-09-09 04:09:23,101 - INFO -
| Epoch:    880 | Train loss: 4.6174e-01 | Valid loss: 4.5872e-01 | Train acc: 0.8287 ± 0.0000 | Valid acc: 0.8268 ± 0.0000 | Valid Power: 0.0016 | Train Power: 0.0017 | patience:  80 | lr: 0.025 | Epoch time: 0.1 |

2024-09-09 04:09:24,448 - INFO -
| Epoch:    890 | Train loss: 4.6170e-01 | Valid loss: 4.5899e-01 | Train acc: 0.8287 ± 0.0000 | Valid acc: 0.8268 ± 0.0000 | Valid Power: 0.0016 | Train Power: 0.0016 | patience:  90 | lr: 0.025 | Epoch time: 0.1 |

2024-09-09 04:09:25,668 - INFO -
| Epoch:    900 | Train loss: 4.6166e-01 | Valid loss: 4.5870e-01 | Train acc: 0.8287 ± 0.0000 | Valid acc: 0.8268 ± 0.0000 | Valid Power: 0.0016 | Train Power: 0.0016 | patience: 100 | lr: 0.025 | Epoch time: 0.1 |

2024-09-09 04:09:25,793 - INFO -
load best network to warm start training with lower lr.

2024-09-09 04:09:25,794 - INFO -
lr update to 0.0125.

2024-09-09 04:09:26,882 - INFO -
| Epoch:    910 | Train loss: 4.6362e-01 | Valid loss: 4.6000e-01 | Train acc: 0.8312 ± 0.0000 | Valid acc: 0.8268 ± 0.0000 | Valid Power: 0.0017 | Train Power: 0.0017 | patience:   9 | lr: 0.0125 | Epoch time: 0.1 |

2024-09-09 04:09:28,091 - INFO -
| Epoch:    920 | Train loss: 4.6206e-01 | Valid loss: 4.5863e-01 | Train acc: 0.8262 ± 0.0000 | Valid acc: 0.8504 ± 0.0000 | Valid Power: 0.0017 | Train Power: 0.0017 | patience:  19 | lr: 0.0125 | Epoch time: 0.1 |

2024-09-09 04:09:29,294 - INFO -
| Epoch:    930 | Train loss: 4.6202e-01 | Valid loss: 4.5955e-01 | Train acc: 0.8262 ± 0.0000 | Valid acc: 0.8504 ± 0.0000 | Valid Power: 0.0017 | Train Power: 0.0017 | patience:  29 | lr: 0.0125 | Epoch time: 0.1 |

2024-09-09 04:09:30,499 - INFO -
| Epoch:    940 | Train loss: 4.6199e-01 | Valid loss: 4.5942e-01 | Train acc: 0.8262 ± 0.0000 | Valid acc: 0.8504 ± 0.0000 | Valid Power: 0.0017 | Train Power: 0.0017 | patience:  39 | lr: 0.0125 | Epoch time: 0.1 |

2024-09-09 04:09:31,713 - INFO -
| Epoch:    950 | Train loss: 4.6196e-01 | Valid loss: 4.5897e-01 | Train acc: 0.8262 ± 0.0000 | Valid acc: 0.8425 ± 0.0000 | Valid Power: 0.0017 | Train Power: 0.0017 | patience:  49 | lr: 0.0125 | Epoch time: 0.1 |

2024-09-09 04:09:32,920 - INFO -
| Epoch:    960 | Train loss: 4.6192e-01 | Valid loss: 4.5897e-01 | Train acc: 0.8262 ± 0.0000 | Valid acc: 0.8425 ± 0.0000 | Valid Power: 0.0017 | Train Power: 0.0017 | patience:  59 | lr: 0.0125 | Epoch time: 0.1 |

2024-09-09 04:09:34,122 - INFO -
| Epoch:    970 | Train loss: 4.6189e-01 | Valid loss: 4.5904e-01 | Train acc: 0.8262 ± 0.0000 | Valid acc: 0.8425 ± 0.0000 | Valid Power: 0.0017 | Train Power: 0.0017 | patience:  69 | lr: 0.0125 | Epoch time: 0.1 |

2024-09-09 04:09:35,322 - INFO -
| Epoch:    980 | Train loss: 4.6185e-01 | Valid loss: 4.5906e-01 | Train acc: 0.8312 ± 0.0000 | Valid acc: 0.8268 ± 0.0000 | Valid Power: 0.0017 | Train Power: 0.0017 | patience:  79 | lr: 0.0125 | Epoch time: 0.1 |

2024-09-09 04:09:36,517 - INFO -
| Epoch:    990 | Train loss: 4.6181e-01 | Valid loss: 4.5896e-01 | Train acc: 0.8312 ± 0.0000 | Valid acc: 0.8268 ± 0.0000 | Valid Power: 0.0017 | Train Power: 0.0017 | patience:  89 | lr: 0.0125 | Epoch time: 0.1 |

2024-09-09 04:09:37,691 - INFO -
| Epoch:   1000 | Train loss: 4.6178e-01 | Valid loss: 4.5897e-01 | Train acc: 0.8312 ± 0.0000 | Valid acc: 0.8268 ± 0.0000 | Valid Power: 0.0017 | Train Power: 0.0017 | patience:  99 | lr: 0.0125 | Epoch time: 0.1 |

2024-09-09 04:09:37,929 - INFO -
load best network to warm start training with lower lr.

2024-09-09 04:09:37,929 - INFO -
lr update to 0.00625.

2024-09-09 04:09:38,869 - INFO -
| Epoch:   1010 | Train loss: 4.6199e-01 | Valid loss: 4.5861e-01 | Train acc: 0.8262 ± 0.0000 | Valid acc: 0.8425 ± 0.0000 | Valid Power: 0.0017 | Train Power: 0.0017 | patience:   8 | lr: 0.00625 | Epoch time: 0.1 |

2024-09-09 04:09:40,040 - INFO -
| Epoch:   1020 | Train loss: 4.6194e-01 | Valid loss: 4.5921e-01 | Train acc: 0.8312 ± 0.0000 | Valid acc: 0.8268 ± 0.0000 | Valid Power: 0.0017 | Train Power: 0.0017 | patience:  18 | lr: 0.00625 | Epoch time: 0.1 |

2024-09-09 04:09:41,212 - INFO -
| Epoch:   1030 | Train loss: 4.6195e-01 | Valid loss: 4.5916e-01 | Train acc: 0.8312 ± 0.0000 | Valid acc: 0.8268 ± 0.0000 | Valid Power: 0.0017 | Train Power: 0.0018 | patience:  28 | lr: 0.00625 | Epoch time: 0.1 |

2024-09-09 04:09:42,456 - INFO -
| Epoch:   1040 | Train loss: 4.6194e-01 | Valid loss: 4.5904e-01 | Train acc: 0.8312 ± 0.0000 | Valid acc: 0.8268 ± 0.0000 | Valid Power: 0.0017 | Train Power: 0.0017 | patience:  38 | lr: 0.00625 | Epoch time: 0.1 |

2024-09-09 04:09:43,564 - INFO -
| Epoch:   1050 | Train loss: 4.6192e-01 | Valid loss: 4.5902e-01 | Train acc: 0.8312 ± 0.0000 | Valid acc: 0.8268 ± 0.0000 | Valid Power: 0.0017 | Train Power: 0.0017 | patience:  48 | lr: 0.00625 | Epoch time: 0.1 |

2024-09-09 04:09:44,728 - INFO -
| Epoch:   1060 | Train loss: 4.6190e-01 | Valid loss: 4.5903e-01 | Train acc: 0.8312 ± 0.0000 | Valid acc: 0.8268 ± 0.0000 | Valid Power: 0.0017 | Train Power: 0.0017 | patience:  58 | lr: 0.00625 | Epoch time: 0.1 |

2024-09-09 04:09:45,860 - INFO -
| Epoch:   1070 | Train loss: 4.6187e-01 | Valid loss: 4.5901e-01 | Train acc: 0.8312 ± 0.0000 | Valid acc: 0.8268 ± 0.0000 | Valid Power: 0.0016 | Train Power: 0.0016 | patience:  68 | lr: 0.00625 | Epoch time: 0.1 |

2024-09-09 04:09:46,963 - INFO -
| Epoch:   1080 | Train loss: 4.6185e-01 | Valid loss: 4.5903e-01 | Train acc: 0.8312 ± 0.0000 | Valid acc: 0.8268 ± 0.0000 | Valid Power: 0.0016 | Train Power: 0.0016 | patience:  78 | lr: 0.00625 | Epoch time: 0.1 |

2024-09-09 04:09:48,066 - INFO -
| Epoch:   1090 | Train loss: 4.6183e-01 | Valid loss: 4.5900e-01 | Train acc: 0.8287 ± 0.0000 | Valid acc: 0.8268 ± 0.0000 | Valid Power: 0.0016 | Train Power: 0.0016 | patience:  88 | lr: 0.00625 | Epoch time: 0.1 |

2024-09-09 04:09:49,162 - INFO -
| Epoch:   1100 | Train loss: 4.6181e-01 | Valid loss: 4.5897e-01 | Train acc: 0.8287 ± 0.0000 | Valid acc: 0.8268 ± 0.0000 | Valid Power: 0.0016 | Train Power: 0.0016 | patience:  98 | lr: 0.00625 | Epoch time: 0.1 |

2024-09-09 04:09:49,493 - INFO -
load best network to warm start training with lower lr.

2024-09-09 04:09:49,494 - INFO -
lr update to 0.003125.

2024-09-09 04:09:50,259 - INFO -
| Epoch:   1110 | Train loss: 4.6207e-01 | Valid loss: 4.5962e-01 | Train acc: 0.8262 ± 0.0000 | Valid acc: 0.8425 ± 0.0000 | Valid Power: 0.0017 | Train Power: 0.0017 | patience:   7 | lr: 0.003125 | Epoch time: 0.1 |

2024-09-09 04:09:51,348 - INFO -
| Epoch:   1120 | Train loss: 4.6198e-01 | Valid loss: 4.5859e-01 | Train acc: 0.8262 ± 0.0000 | Valid acc: 0.8268 ± 0.0000 | Valid Power: 0.0017 | Train Power: 0.0017 | patience:  17 | lr: 0.003125 | Epoch time: 0.1 |

2024-09-09 04:09:52,532 - INFO -
| Epoch:   1130 | Train loss: 4.6194e-01 | Valid loss: 4.5908e-01 | Train acc: 0.8287 ± 0.0000 | Valid acc: 0.8268 ± 0.0000 | Valid Power: 0.0017 | Train Power: 0.0017 | patience:  27 | lr: 0.003125 | Epoch time: 0.1 |

2024-09-09 04:09:53,636 - INFO -
| Epoch:   1140 | Train loss: 4.6193e-01 | Valid loss: 4.5915e-01 | Train acc: 0.8287 ± 0.0000 | Valid acc: 0.8268 ± 0.0000 | Valid Power: 0.0017 | Train Power: 0.0017 | patience:  37 | lr: 0.003125 | Epoch time: 0.1 |

2024-09-09 04:09:54,728 - INFO -
| Epoch:   1150 | Train loss: 4.6191e-01 | Valid loss: 4.5905e-01 | Train acc: 0.8287 ± 0.0000 | Valid acc: 0.8268 ± 0.0000 | Valid Power: 0.0017 | Train Power: 0.0017 | patience:  47 | lr: 0.003125 | Epoch time: 0.1 |

2024-09-09 04:09:55,811 - INFO -
| Epoch:   1160 | Train loss: 4.6193e-01 | Valid loss: 4.5898e-01 | Train acc: 0.8312 ± 0.0000 | Valid acc: 0.8268 ± 0.0000 | Valid Power: 0.0017 | Train Power: 0.0017 | patience:  57 | lr: 0.003125 | Epoch time: 0.1 |

2024-09-09 04:09:56,877 - INFO -
| Epoch:   1170 | Train loss: 4.6192e-01 | Valid loss: 4.5897e-01 | Train acc: 0.8312 ± 0.0000 | Valid acc: 0.8268 ± 0.0000 | Valid Power: 0.0017 | Train Power: 0.0017 | patience:  67 | lr: 0.003125 | Epoch time: 0.1 |

2024-09-09 04:09:57,952 - INFO -
| Epoch:   1180 | Train loss: 4.6191e-01 | Valid loss: 4.5900e-01 | Train acc: 0.8312 ± 0.0000 | Valid acc: 0.8268 ± 0.0000 | Valid Power: 0.0017 | Train Power: 0.0017 | patience:  77 | lr: 0.003125 | Epoch time: 0.1 |

2024-09-09 04:09:59,012 - INFO -
| Epoch:   1190 | Train loss: 4.6190e-01 | Valid loss: 4.5904e-01 | Train acc: 0.8312 ± 0.0000 | Valid acc: 0.8268 ± 0.0000 | Valid Power: 0.0017 | Train Power: 0.0017 | patience:  87 | lr: 0.003125 | Epoch time: 0.1 |

2024-09-09 04:10:00,082 - INFO -
| Epoch:   1200 | Train loss: 4.6189e-01 | Valid loss: 4.5900e-01 | Train acc: 0.8312 ± 0.0000 | Valid acc: 0.8268 ± 0.0000 | Valid Power: 0.0016 | Train Power: 0.0017 | patience:  97 | lr: 0.003125 | Epoch time: 0.1 |

2024-09-09 04:10:00,511 - INFO -
load best network to warm start training with lower lr.

2024-09-09 04:10:00,511 - INFO -
lr update to 0.0015625.

2024-09-09 04:10:01,162 - INFO -
| Epoch:   1210 | Train loss: 4.6205e-01 | Valid loss: 4.5880e-01 | Train acc: 0.8262 ± 0.0000 | Valid acc: 0.8504 ± 0.0000 | Valid Power: 0.0017 | Train Power: 0.0017 | patience:   6 | lr: 0.0015625 | Epoch time: 0.1 |

2024-09-09 04:10:02,227 - INFO -
| Epoch:   1220 | Train loss: 4.6203e-01 | Valid loss: 4.5922e-01 | Train acc: 0.8262 ± 0.0000 | Valid acc: 0.8425 ± 0.0000 | Valid Power: 0.0017 | Train Power: 0.0017 | patience:  16 | lr: 0.0015625 | Epoch time: 0.1 |

2024-09-09 04:10:03,294 - INFO -
| Epoch:   1230 | Train loss: 4.6199e-01 | Valid loss: 4.5868e-01 | Train acc: 0.8262 ± 0.0000 | Valid acc: 0.8425 ± 0.0000 | Valid Power: 0.0017 | Train Power: 0.0017 | patience:  26 | lr: 0.0015625 | Epoch time: 0.1 |

2024-09-09 04:10:04,360 - INFO -
| Epoch:   1240 | Train loss: 4.6195e-01 | Valid loss: 4.5903e-01 | Train acc: 0.8312 ± 0.0000 | Valid acc: 0.8268 ± 0.0000 | Valid Power: 0.0017 | Train Power: 0.0017 | patience:  36 | lr: 0.0015625 | Epoch time: 0.1 |

2024-09-09 04:10:05,426 - INFO -
| Epoch:   1250 | Train loss: 4.6194e-01 | Valid loss: 4.5891e-01 | Train acc: 0.8287 ± 0.0000 | Valid acc: 0.8268 ± 0.0000 | Valid Power: 0.0017 | Train Power: 0.0017 | patience:  46 | lr: 0.0015625 | Epoch time: 0.1 |

2024-09-09 04:10:06,498 - INFO -
| Epoch:   1260 | Train loss: 4.6193e-01 | Valid loss: 4.5910e-01 | Train acc: 0.8312 ± 0.0000 | Valid acc: 0.8268 ± 0.0000 | Valid Power: 0.0017 | Train Power: 0.0017 | patience:  56 | lr: 0.0015625 | Epoch time: 0.1 |

2024-09-09 04:10:07,561 - INFO -
| Epoch:   1270 | Train loss: 4.6192e-01 | Valid loss: 4.5898e-01 | Train acc: 0.8312 ± 0.0000 | Valid acc: 0.8268 ± 0.0000 | Valid Power: 0.0017 | Train Power: 0.0017 | patience:  66 | lr: 0.0015625 | Epoch time: 0.1 |

2024-09-09 04:10:08,616 - INFO -
| Epoch:   1280 | Train loss: 4.6193e-01 | Valid loss: 4.5905e-01 | Train acc: 0.8312 ± 0.0000 | Valid acc: 0.8268 ± 0.0000 | Valid Power: 0.0017 | Train Power: 0.0017 | patience:  76 | lr: 0.0015625 | Epoch time: 0.1 |

2024-09-09 04:10:09,672 - INFO -
| Epoch:   1290 | Train loss: 4.6192e-01 | Valid loss: 4.5896e-01 | Train acc: 0.8312 ± 0.0000 | Valid acc: 0.8268 ± 0.0000 | Valid Power: 0.0017 | Train Power: 0.0017 | patience:  86 | lr: 0.0015625 | Epoch time: 0.1 |

2024-09-09 04:10:10,796 - INFO -
| Epoch:   1300 | Train loss: 4.6192e-01 | Valid loss: 4.5901e-01 | Train acc: 0.8312 ± 0.0000 | Valid acc: 0.8268 ± 0.0000 | Valid Power: 0.0017 | Train Power: 0.0017 | patience:  96 | lr: 0.0015625 | Epoch time: 0.2 |

2024-09-09 04:10:11,325 - INFO -
load best network to warm start training with lower lr.

2024-09-09 04:10:11,325 - INFO -
lr update to 0.00078125.

2024-09-09 04:10:11,854 - INFO -
| Epoch:   1310 | Train loss: 4.6213e-01 | Valid loss: 4.5806e-01 | Train acc: 0.8262 ± 0.0000 | Valid acc: 0.8504 ± 0.0000 | Valid Power: 0.0017 | Train Power: 0.0017 | patience:   5 | lr: 0.00078125 | Epoch time: 0.1 |

2024-09-09 04:10:12,907 - INFO -
| Epoch:   1320 | Train loss: 4.6204e-01 | Valid loss: 4.5899e-01 | Train acc: 0.8262 ± 0.0000 | Valid acc: 0.8504 ± 0.0000 | Valid Power: 0.0017 | Train Power: 0.0017 | patience:  15 | lr: 0.00078125 | Epoch time: 0.1 |

2024-09-09 04:10:13,960 - INFO -
| Epoch:   1330 | Train loss: 4.6203e-01 | Valid loss: 4.5914e-01 | Train acc: 0.8262 ± 0.0000 | Valid acc: 0.8425 ± 0.0000 | Valid Power: 0.0017 | Train Power: 0.0017 | patience:  25 | lr: 0.00078125 | Epoch time: 0.1 |

2024-09-09 04:10:15,017 - INFO -
| Epoch:   1340 | Train loss: 4.6201e-01 | Valid loss: 4.5885e-01 | Train acc: 0.8262 ± 0.0000 | Valid acc: 0.8425 ± 0.0000 | Valid Power: 0.0017 | Train Power: 0.0017 | patience:  35 | lr: 0.00078125 | Epoch time: 0.1 |

2024-09-09 04:10:16,068 - INFO -
| Epoch:   1350 | Train loss: 4.6199e-01 | Valid loss: 4.5879e-01 | Train acc: 0.8262 ± 0.0000 | Valid acc: 0.8425 ± 0.0000 | Valid Power: 0.0017 | Train Power: 0.0017 | patience:  45 | lr: 0.00078125 | Epoch time: 0.1 |

2024-09-09 04:10:17,117 - INFO -
| Epoch:   1360 | Train loss: 4.6198e-01 | Valid loss: 4.5892e-01 | Train acc: 0.8312 ± 0.0000 | Valid acc: 0.8268 ± 0.0000 | Valid Power: 0.0017 | Train Power: 0.0017 | patience:  55 | lr: 0.00078125 | Epoch time: 0.1 |

2024-09-09 04:10:18,163 - INFO -
| Epoch:   1370 | Train loss: 4.6196e-01 | Valid loss: 4.5896e-01 | Train acc: 0.8312 ± 0.0000 | Valid acc: 0.8268 ± 0.0000 | Valid Power: 0.0017 | Train Power: 0.0017 | patience:  65 | lr: 0.00078125 | Epoch time: 0.1 |

2024-09-09 04:10:19,221 - INFO -
| Epoch:   1380 | Train loss: 4.6194e-01 | Valid loss: 4.5893e-01 | Train acc: 0.8312 ± 0.0000 | Valid acc: 0.8268 ± 0.0000 | Valid Power: 0.0017 | Train Power: 0.0017 | patience:  75 | lr: 0.00078125 | Epoch time: 0.1 |

2024-09-09 04:10:20,270 - INFO -
| Epoch:   1390 | Train loss: 4.6194e-01 | Valid loss: 4.5889e-01 | Train acc: 0.8287 ± 0.0000 | Valid acc: 0.8268 ± 0.0000 | Valid Power: 0.0017 | Train Power: 0.0017 | patience:  85 | lr: 0.00078125 | Epoch time: 0.1 |

2024-09-09 04:10:21,320 - INFO -
| Epoch:   1400 | Train loss: 4.6193e-01 | Valid loss: 4.5896e-01 | Train acc: 0.8287 ± 0.0000 | Valid acc: 0.8268 ± 0.0000 | Valid Power: 0.0017 | Train Power: 0.0017 | patience:  95 | lr: 0.00078125 | Epoch time: 0.1 |

2024-09-09 04:10:21,953 - INFO -
load best network to warm start training with lower lr.

2024-09-09 04:10:21,953 - INFO -
lr update to 0.000390625.

2024-09-09 04:10:22,373 - INFO -
| Epoch:   1410 | Train loss: 4.6219e-01 | Valid loss: 4.5776e-01 | Train acc: 0.8262 ± 0.0000 | Valid acc: 0.8504 ± 0.0000 | Valid Power: 0.0017 | Train Power: 0.0017 | patience:   4 | lr: 0.000390625 | Epoch time: 0.1 |

2024-09-09 04:10:23,430 - INFO -
| Epoch:   1420 | Train loss: 4.6208e-01 | Valid loss: 4.5825e-01 | Train acc: 0.8262 ± 0.0000 | Valid acc: 0.8504 ± 0.0000 | Valid Power: 0.0017 | Train Power: 0.0017 | patience:  14 | lr: 0.000390625 | Epoch time: 0.1 |

2024-09-09 04:10:24,477 - INFO -
| Epoch:   1430 | Train loss: 4.6204e-01 | Valid loss: 4.5870e-01 | Train acc: 0.8262 ± 0.0000 | Valid acc: 0.8504 ± 0.0000 | Valid Power: 0.0017 | Train Power: 0.0017 | patience:  24 | lr: 0.000390625 | Epoch time: 0.1 |

2024-09-09 04:10:25,527 - INFO -
| Epoch:   1440 | Train loss: 4.6204e-01 | Valid loss: 4.5894e-01 | Train acc: 0.8262 ± 0.0000 | Valid acc: 0.8504 ± 0.0000 | Valid Power: 0.0017 | Train Power: 0.0017 | patience:  34 | lr: 0.000390625 | Epoch time: 0.1 |

2024-09-09 04:10:26,662 - INFO -
| Epoch:   1450 | Train loss: 4.6203e-01 | Valid loss: 4.5897e-01 | Train acc: 0.8262 ± 0.0000 | Valid acc: 0.8425 ± 0.0000 | Valid Power: 0.0017 | Train Power: 0.0017 | patience:  44 | lr: 0.000390625 | Epoch time: 0.1 |

2024-09-09 04:10:27,712 - INFO -
| Epoch:   1460 | Train loss: 4.6202e-01 | Valid loss: 4.5889e-01 | Train acc: 0.8262 ± 0.0000 | Valid acc: 0.8425 ± 0.0000 | Valid Power: 0.0017 | Train Power: 0.0017 | patience:  54 | lr: 0.000390625 | Epoch time: 0.1 |

2024-09-09 04:10:28,754 - INFO -
| Epoch:   1470 | Train loss: 4.6201e-01 | Valid loss: 4.5883e-01 | Train acc: 0.8262 ± 0.0000 | Valid acc: 0.8425 ± 0.0000 | Valid Power: 0.0017 | Train Power: 0.0017 | patience:  64 | lr: 0.000390625 | Epoch time: 0.1 |

2024-09-09 04:10:29,797 - INFO -
| Epoch:   1480 | Train loss: 4.6200e-01 | Valid loss: 4.5883e-01 | Train acc: 0.8262 ± 0.0000 | Valid acc: 0.8425 ± 0.0000 | Valid Power: 0.0017 | Train Power: 0.0017 | patience:  74 | lr: 0.000390625 | Epoch time: 0.1 |

2024-09-09 04:10:30,845 - INFO -
| Epoch:   1490 | Train loss: 4.6200e-01 | Valid loss: 4.5886e-01 | Train acc: 0.8262 ± 0.0000 | Valid acc: 0.8425 ± 0.0000 | Valid Power: 0.0017 | Train Power: 0.0017 | patience:  84 | lr: 0.000390625 | Epoch time: 0.1 |

2024-09-09 04:10:31,885 - INFO -
| Epoch:   1500 | Train loss: 4.6199e-01 | Valid loss: 4.5889e-01 | Train acc: 0.8262 ± 0.0000 | Valid acc: 0.8425 ± 0.0000 | Valid Power: 0.0017 | Train Power: 0.0017 | patience:  94 | lr: 0.000390625 | Epoch time: 0.1 |

2024-09-09 04:10:32,616 - INFO -
load best network to warm start training with lower lr.

2024-09-09 04:10:32,616 - INFO -
lr update to 0.0001953125.

2024-09-09 04:10:32,930 - INFO -
| Epoch:   1510 | Train loss: 4.6222e-01 | Valid loss: 4.5765e-01 | Train acc: 0.8262 ± 0.0000 | Valid acc: 0.8504 ± 0.0000 | Valid Power: 0.0017 | Train Power: 0.0017 | patience:   3 | lr: 0.0001953125 | Epoch time: 0.1 |

2024-09-09 04:10:33,971 - INFO -
| Epoch:   1520 | Train loss: 4.6215e-01 | Valid loss: 4.5788e-01 | Train acc: 0.8262 ± 0.0000 | Valid acc: 0.8504 ± 0.0000 | Valid Power: 0.0017 | Train Power: 0.0017 | patience:  13 | lr: 0.0001953125 | Epoch time: 0.1 |

2024-09-09 04:10:35,013 - INFO -
| Epoch:   1530 | Train loss: 4.6210e-01 | Valid loss: 4.5812e-01 | Train acc: 0.8262 ± 0.0000 | Valid acc: 0.8504 ± 0.0000 | Valid Power: 0.0017 | Train Power: 0.0017 | patience:  23 | lr: 0.0001953125 | Epoch time: 0.1 |

2024-09-09 04:10:36,122 - INFO -
| Epoch:   1540 | Train loss: 4.6207e-01 | Valid loss: 4.5835e-01 | Train acc: 0.8262 ± 0.0000 | Valid acc: 0.8504 ± 0.0000 | Valid Power: 0.0017 | Train Power: 0.0017 | patience:  33 | lr: 0.0001953125 | Epoch time: 0.1 |

2024-09-09 04:10:37,164 - INFO -
| Epoch:   1550 | Train loss: 4.6205e-01 | Valid loss: 4.5854e-01 | Train acc: 0.8262 ± 0.0000 | Valid acc: 0.8504 ± 0.0000 | Valid Power: 0.0017 | Train Power: 0.0017 | patience:  43 | lr: 0.0001953125 | Epoch time: 0.1 |

2024-09-09 04:10:38,207 - INFO -
| Epoch:   1560 | Train loss: 4.6204e-01 | Valid loss: 4.5868e-01 | Train acc: 0.8262 ± 0.0000 | Valid acc: 0.8504 ± 0.0000 | Valid Power: 0.0017 | Train Power: 0.0017 | patience:  53 | lr: 0.0001953125 | Epoch time: 0.1 |

2024-09-09 04:10:39,249 - INFO -
| Epoch:   1570 | Train loss: 4.6204e-01 | Valid loss: 4.5877e-01 | Train acc: 0.8262 ± 0.0000 | Valid acc: 0.8504 ± 0.0000 | Valid Power: 0.0017 | Train Power: 0.0017 | patience:  63 | lr: 0.0001953125 | Epoch time: 0.1 |

2024-09-09 04:10:40,291 - INFO -
| Epoch:   1580 | Train loss: 4.6203e-01 | Valid loss: 4.5882e-01 | Train acc: 0.8262 ± 0.0000 | Valid acc: 0.8504 ± 0.0000 | Valid Power: 0.0017 | Train Power: 0.0017 | patience:  73 | lr: 0.0001953125 | Epoch time: 0.1 |

2024-09-09 04:10:41,332 - INFO -
| Epoch:   1590 | Train loss: 4.6203e-01 | Valid loss: 4.5884e-01 | Train acc: 0.8262 ± 0.0000 | Valid acc: 0.8504 ± 0.0000 | Valid Power: 0.0017 | Train Power: 0.0017 | patience:  83 | lr: 0.0001953125 | Epoch time: 0.1 |

2024-09-09 04:10:42,373 - INFO -
| Epoch:   1600 | Train loss: 4.6203e-01 | Valid loss: 4.5884e-01 | Train acc: 0.8262 ± 0.0000 | Valid acc: 0.8425 ± 0.0000 | Valid Power: 0.0017 | Train Power: 0.0017 | patience:  93 | lr: 0.0001953125 | Epoch time: 0.1 |

2024-09-09 04:10:43,190 - INFO -
load best network to warm start training with lower lr.

2024-09-09 04:10:43,190 - INFO -
lr update to 9.765625e-05.

2024-09-09 04:10:43,190 - INFO -
Early stop.

2024-09-09 04:10:43,196 - INFO -
Training if finished.

2024-09-09 16:19:07,196 - INFO -
Configuration: 
gmin                0.01
gmax                10.0
T                   0.1
m                   0.3
type_nonlinear      normal
act                 tanh
ACT_R1n             12.7865
ACT_R2n             -3.1871
ACT_W1n             -10.4537
ACT_L1n             10.546
ACT_W2n             -5.8496
ACT_L2n             4.2337
S_R1n               -11.7481
S_R2n               -0.3905
S_W1n               -9.169
S_L1n               0.3913
S_W2n               7.2004
S_L2n               15.5558
ReLU_RHn            -1.9557
ReLU_RLn            -20.1581
ReLU_RDn            16.6486
ReLU_RBn            -14.3472
ReLU_Wn             16.655
ReLU_Ln             -21.7591
HS_Rn               -0.3766
HS_Wn               0.5192
HS_Ln               4.6293
NEG_R1n             -7.0846
NEG_R2n             -2.5695
NEG_R3n             16.1542
NEG_W1n             13.8696
NEG_L1n             2.7635
NEG_W2n             1.2674
NEG_L2n             -10.4803
NEG_W3n             -6.4386
NEG_L3n             5.1005
task                normal
DATASET             5
DataPath            ./dataset
InputNoise          0.0
IN_test             0.0
R_train             1
R_test              1
N_time              32
pathnorm            False
hidden              [3]
skipconnection      False
SEED                4
DEVICE              cpu
PATIENCE            500
EPOCH               10000000000
LR                  0.1
PROGRESSIVE         True
LR_PATIENCE         100
LR_DECAY            0.5
LR_MIN              0.0001
metric              acc
SoftEva             True
TIMELIMITATION      71
MODE                nominal
M_train             1
K_train             1
M_test              1
K_test              1
t_test_max          1
integration         MC
N_train             1
e_train             0.0
N_test              100
e_test              0.1
e_fault             2
fault_ratio         0.0
N_fault             50
e_fault_test        0
N_fault_test        50
dropout             0.0
lagrangian_loss     False
rho                 100
powerestimator      none
powerbalance        0.0
estimatorbalance    0.0
pgmin               1e-07
power_ratio         1000
lambda_P            100
areaestimator       none
areabalance         0.0
area_theta          0.15
area_act            30.0
area_neg            22.7
lambda_A            0.001
lnc                 False
projectname         tanh_0_FaultAnalysisNormal
temppath            ./tanh_0_FaultAnalysisNormal/temp/
logfilepath         ./tanh_0_FaultAnalysisNormal/log/
report_freq         10
recording           False
recordpath          ./tanh_0_FaultAnalysisNormal/record/
savepath            ./tanh_0_FaultAnalysisNormal/models/
loglevel            info


2024-09-09 16:19:07,210 - INFO -
Training network on device: cpu.

2024-09-09 16:19:07,211 - INFO -
Training setup: data_05_energyy2_seed_04_epsilon_0.0_dropout_0.0_fault_ratio_0.0.model.

2024-09-09 16:19:07,211 - INFO -
{'dataname': 'energyy2', 'N_feature': 8, 'N_class': 3, 'N_train': 397, 'N_valid': 127, 'N_test': 79}

2024-09-09 16:19:07,211 - INFO -
Training was already finished.

2024-09-11 18:17:01,995 - INFO -
Configuration: 
gmin                0.01
gmax                10.0
T                   0.1
m                   0.3
type_nonlinear      normal
act                 tanh
ACT_R1n             12.7865
ACT_R2n             -3.1871
ACT_W1n             -10.4537
ACT_L1n             10.546
ACT_W2n             -5.8496
ACT_L2n             4.2337
S_R1n               -11.7481
S_R2n               -0.3905
S_W1n               -9.169
S_L1n               0.3913
S_W2n               7.2004
S_L2n               15.5558
ReLU_RHn            -1.9557
ReLU_RLn            -20.1581
ReLU_RDn            16.6486
ReLU_RBn            -14.3472
ReLU_Wn             16.655
ReLU_Ln             -21.7591
HS_Rn               -0.3766
HS_Wn               0.5192
HS_Ln               4.6293
NEG_R1n             -7.0846
NEG_R2n             -2.5695
NEG_R3n             16.1542
NEG_W1n             13.8696
NEG_L1n             2.7635
NEG_W2n             1.2674
NEG_L2n             -10.4803
NEG_W3n             -6.4386
NEG_L3n             5.1005
task                normal
DATASET             5
DataPath            ./dataset
InputNoise          0.0
IN_test             0.0
R_train             1
R_test              1
N_time              32
pathnorm            False
hidden              [3]
skipconnection      False
SEED                4
DEVICE              cpu
PATIENCE            500
EPOCH               10000000000
LR                  0.1
PROGRESSIVE         True
LR_PATIENCE         100
LR_DECAY            0.5
LR_MIN              0.0001
metric              acc
SoftEva             True
TIMELIMITATION      71
MODE                nominal
M_train             1
K_train             1
M_test              1
K_test              1
t_test_max          1
integration         MC
N_train             1
e_train             0.0
N_test              100
e_test              0.1
e_fault             2
fault_ratio         0.0
N_fault             50
e_fault_test        0
N_fault_test        50
dropout             0.0
lagrangian_loss     False
rho                 100
powerestimator      none
powerbalance        0.0
estimatorbalance    0.0
pgmin               1e-07
power_ratio         1000
lambda_P            100
areaestimator       none
areabalance         0.0
area_theta          0.15
area_act            30.0
area_neg            22.7
lambda_A            0.001
lnc                 False
projectname         tanh_0_FaultAnalysisNormal
temppath            ./tanh_0_FaultAnalysisNormal/temp/
logfilepath         ./tanh_0_FaultAnalysisNormal/log/
report_freq         10
recording           False
recordpath          ./tanh_0_FaultAnalysisNormal/record/
savepath            ./tanh_0_FaultAnalysisNormal/models/
loglevel            info


2024-09-11 18:17:02,015 - INFO -
Training network on device: cpu.

2024-09-11 18:17:02,015 - INFO -
Training setup: data_05_energyy2_seed_04_epsilon_0.0_dropout_0.0_fault_ratio_0.0.model.

2024-09-11 18:17:02,015 - INFO -
{'dataname': 'energyy2', 'N_feature': 8, 'N_class': 3, 'N_train': 397, 'N_valid': 127, 'N_test': 79}

2024-09-11 18:17:02,016 - INFO -
Training was already finished.

2024-09-12 04:38:03,755 - INFO -
Configuration: 
gmin                0.01
gmax                10.0
T                   0.1
m                   0.3
type_nonlinear      normal
act                 tanh
ACT_R1n             12.7865
ACT_R2n             -3.1871
ACT_W1n             -10.4537
ACT_L1n             10.546
ACT_W2n             -5.8496
ACT_L2n             4.2337
S_R1n               -11.7481
S_R2n               -0.3905
S_W1n               -9.169
S_L1n               0.3913
S_W2n               7.2004
S_L2n               15.5558
ReLU_RHn            -1.9557
ReLU_RLn            -20.1581
ReLU_RDn            16.6486
ReLU_RBn            -14.3472
ReLU_Wn             16.655
ReLU_Ln             -21.7591
HS_Rn               -0.3766
HS_Wn               0.5192
HS_Ln               4.6293
NEG_R1n             -7.0846
NEG_R2n             -2.5695
NEG_R3n             16.1542
NEG_W1n             13.8696
NEG_L1n             2.7635
NEG_W2n             1.2674
NEG_L2n             -10.4803
NEG_W3n             -6.4386
NEG_L3n             5.1005
task                normal
DATASET             5
DataPath            ./dataset
InputNoise          0.0
IN_test             0.0
R_train             1
R_test              1
N_time              32
pathnorm            False
hidden              [3]
skipconnection      False
SEED                4
DEVICE              cpu
PATIENCE            500
EPOCH               10000000000
LR                  0.1
PROGRESSIVE         True
LR_PATIENCE         100
LR_DECAY            0.5
LR_MIN              0.0001
metric              acc
SoftEva             True
TIMELIMITATION      71
MODE                nominal
M_train             1
K_train             1
M_test              1
K_test              1
t_test_max          1
integration         MC
N_train             1
e_train             0.0
N_test              100
e_test              0.1
e_fault             2
fault_ratio         0.0
N_fault             50
e_fault_test        0
N_fault_test        50
dropout             0.0
lagrangian_loss     False
rho                 100
powerestimator      none
powerbalance        0.0
estimatorbalance    0.0
pgmin               1e-07
power_ratio         1000
lambda_P            100
areaestimator       none
areabalance         0.0
area_theta          0.15
area_act            30.0
area_neg            22.7
lambda_A            0.001
lnc                 False
projectname         tanh_0_FaultAnalysisNormal
temppath            ./tanh_0_FaultAnalysisNormal/temp/
logfilepath         ./tanh_0_FaultAnalysisNormal/log/
report_freq         10
recording           False
recordpath          ./tanh_0_FaultAnalysisNormal/record/
savepath            ./tanh_0_FaultAnalysisNormal/models/
loglevel            info


2024-09-12 04:38:03,781 - INFO -
Training network on device: cpu.

2024-09-12 04:38:03,781 - INFO -
Training setup: data_05_energyy2_seed_04_epsilon_0.0_dropout_0.0_fault_ratio_0.0.model.

2024-09-12 04:38:03,781 - INFO -
{'dataname': 'energyy2', 'N_feature': 8, 'N_class': 3, 'N_train': 397, 'N_valid': 127, 'N_test': 79}

2024-09-12 04:38:03,782 - INFO -
Training was already finished.

