2024-09-09 23:57:35,003 - INFO -
Configuration: 
gmin                0.01
gmax                10.0
T                   0.1
m                   0.3
type_nonlinear      normal
act                 tanh
ACT_R1n             12.7865
ACT_R2n             -3.1871
ACT_W1n             -10.4537
ACT_L1n             10.546
ACT_W2n             -5.8496
ACT_L2n             4.2337
S_R1n               -11.7481
S_R2n               -0.3905
S_W1n               -9.169
S_L1n               0.3913
S_W2n               7.2004
S_L2n               15.5558
ReLU_RHn            -1.9557
ReLU_RLn            -20.1581
ReLU_RDn            16.6486
ReLU_RBn            -14.3472
ReLU_Wn             16.655
ReLU_Ln             -21.7591
HS_Rn               -0.3766
HS_Wn               0.5192
HS_Ln               4.6293
NEG_R1n             -7.0846
NEG_R2n             -2.5695
NEG_R3n             16.1542
NEG_W1n             13.8696
NEG_L1n             2.7635
NEG_W2n             1.2674
NEG_L2n             -10.4803
NEG_W3n             -6.4386
NEG_L3n             5.1005
task                normal
DATASET             10
DataPath            ./dataset
InputNoise          0.0
IN_test             0.0
R_train             1
R_test              1
N_time              32
pathnorm            False
hidden              [3]
skipconnection      False
SEED                1
DEVICE              cpu
PATIENCE            500
EPOCH               10000000000
LR                  0.1
PROGRESSIVE         True
LR_PATIENCE         100
LR_DECAY            0.5
LR_MIN              0.0001
metric              acc
SoftEva             True
TIMELIMITATION      71
MODE                nominal
M_train             1
K_train             1
M_test              1
K_test              1
t_test_max          1
integration         MC
N_train             1
e_train             0.0
N_test              100
e_test              0.1
e_fault             2
fault_ratio         0.0
N_fault             50
e_fault_test        0
N_fault_test        50
dropout             0.0
lagrangian_loss     False
rho                 100
powerestimator      none
powerbalance        0.0
estimatorbalance    0.0
pgmin               1e-07
power_ratio         1000
lambda_P            100
areaestimator       none
areabalance         0.0
area_theta          0.15
area_act            30.0
area_neg            22.7
lambda_A            0.001
lnc                 False
projectname         tanh_0_FaultAnalysisNormal
temppath            ./tanh_0_FaultAnalysisNormal/temp/
logfilepath         ./tanh_0_FaultAnalysisNormal/log/
report_freq         10
recording           False
recordpath          ./tanh_0_FaultAnalysisNormal/record/
savepath            ./tanh_0_FaultAnalysisNormal/models/
loglevel            info


2024-09-09 23:57:35,004 - INFO -
Training network on device: cpu.

2024-09-09 23:57:35,004 - INFO -
Training setup: data_10_tictactoe_seed_01_epsilon_0.0_dropout_0.0_fault_ratio_0.0.model.

2024-09-09 23:57:35,004 - INFO -
{'dataname': 'tictactoe', 'N_feature': 9, 'N_class': 2, 'N_train': 397, 'N_valid': 127, 'N_test': 79}

2024-09-09 23:57:35,004 - INFO -
Topology of the network: [9, 3, 2].

2024-09-09 23:57:36,625 - INFO -
| Epoch:      0 | Train loss: 6.9295e-01 | Valid loss: 6.7447e-01 | Train acc: 0.6348 ± 0.0000 | Valid acc: 0.7323 ± 0.0000 | Valid Power: 0.0009 | Train Power: 0.0004 | patience:   0 | lr: 0.1 | Epoch time: 0.1 |

2024-09-09 23:57:37,894 - INFO -
| Epoch:     10 | Train loss: 6.1080e-01 | Valid loss: 5.8020e-01 | Train acc: 0.7103 ± 0.0000 | Valid acc: 0.7717 ± 0.0000 | Valid Power: 0.0008 | Train Power: 0.0024 | patience:   1 | lr: 0.1 | Epoch time: 0.1 |

2024-09-09 23:57:39,163 - INFO -
| Epoch:     20 | Train loss: 5.5126e-01 | Valid loss: 4.9477e-01 | Train acc: 0.7380 ± 0.0000 | Valid acc: 0.7874 ± 0.0000 | Valid Power: 0.0007 | Train Power: 0.0006 | patience:   1 | lr: 0.1 | Epoch time: 0.1 |

2024-09-09 23:57:40,422 - INFO -
| Epoch:     30 | Train loss: 5.3772e-01 | Valid loss: 4.5901e-01 | Train acc: 0.7280 ± 0.0000 | Valid acc: 0.7953 ± 0.0000 | Valid Power: 0.0007 | Train Power: 0.0007 | patience:   1 | lr: 0.1 | Epoch time: 0.1 |

2024-09-09 23:57:41,677 - INFO -
| Epoch:     40 | Train loss: 5.6610e-01 | Valid loss: 4.9535e-01 | Train acc: 0.6423 ± 0.0000 | Valid acc: 0.7323 ± 0.0000 | Valid Power: 0.0009 | Train Power: 0.0006 | patience:  11 | lr: 0.1 | Epoch time: 0.1 |

2024-09-09 23:57:42,931 - INFO -
| Epoch:     50 | Train loss: 6.7727e-01 | Valid loss: 5.6319e-01 | Train acc: 0.6071 ± 0.0000 | Valid acc: 0.7165 ± 0.0000 | Valid Power: 0.0006 | Train Power: 0.0006 | patience:  21 | lr: 0.1 | Epoch time: 0.1 |

2024-09-09 23:57:44,270 - INFO -
| Epoch:     60 | Train loss: 5.6608e-01 | Valid loss: 4.6060e-01 | Train acc: 0.6952 ± 0.0000 | Valid acc: 0.7717 ± 0.0000 | Valid Power: 0.0006 | Train Power: 0.0006 | patience:   7 | lr: 0.1 | Epoch time: 0.1 |

2024-09-09 23:57:45,522 - INFO -
| Epoch:     70 | Train loss: 5.2709e-01 | Valid loss: 4.8531e-01 | Train acc: 0.7683 ± 0.0000 | Valid acc: 0.8346 ± 0.0000 | Valid Power: 0.0006 | Train Power: 0.0007 | patience:  17 | lr: 0.1 | Epoch time: 0.1 |

2024-09-09 23:57:46,784 - INFO -
| Epoch:     80 | Train loss: 4.8158e-01 | Valid loss: 4.3699e-01 | Train acc: 0.7607 ± 0.0000 | Valid acc: 0.8110 ± 0.0000 | Valid Power: 0.0007 | Train Power: 0.0007 | patience:   0 | lr: 0.1 | Epoch time: 0.1 |

2024-09-09 23:57:48,043 - INFO -
| Epoch:     90 | Train loss: 4.5328e-01 | Valid loss: 4.4008e-01 | Train acc: 0.7859 ± 0.0000 | Valid acc: 0.8268 ± 0.0000 | Valid Power: 0.0007 | Train Power: 0.0007 | patience:   8 | lr: 0.1 | Epoch time: 0.1 |

2024-09-09 23:57:49,297 - INFO -
| Epoch:    100 | Train loss: 4.2626e-01 | Valid loss: 4.2427e-01 | Train acc: 0.8161 ± 0.0000 | Valid acc: 0.8110 ± 0.0000 | Valid Power: 0.0008 | Train Power: 0.0008 | patience:   1 | lr: 0.1 | Epoch time: 0.1 |

2024-09-09 23:57:50,565 - INFO -
| Epoch:    110 | Train loss: 3.9587e-01 | Valid loss: 4.0779e-01 | Train acc: 0.8816 ± 0.0000 | Valid acc: 0.8661 ± 0.0000 | Valid Power: 0.0008 | Train Power: 0.0008 | patience:   4 | lr: 0.1 | Epoch time: 0.1 |

2024-09-09 23:57:51,827 - INFO -
| Epoch:    120 | Train loss: 3.7675e-01 | Valid loss: 3.5760e-01 | Train acc: 0.8866 ± 0.0000 | Valid acc: 0.8819 ± 0.0000 | Valid Power: 0.0008 | Train Power: 0.0008 | patience:   0 | lr: 0.1 | Epoch time: 0.1 |

2024-09-09 23:57:53,077 - INFO -
| Epoch:    130 | Train loss: 3.4449e-01 | Valid loss: 3.7082e-01 | Train acc: 0.8917 ± 0.0000 | Valid acc: 0.8346 ± 0.0000 | Valid Power: 0.0008 | Train Power: 0.0008 | patience:  10 | lr: 0.1 | Epoch time: 0.1 |

2024-09-09 23:57:54,327 - INFO -
| Epoch:    140 | Train loss: 3.3206e-01 | Valid loss: 3.8022e-01 | Train acc: 0.8992 ± 0.0000 | Valid acc: 0.8110 ± 0.0000 | Valid Power: 0.0008 | Train Power: 0.0009 | patience:  20 | lr: 0.1 | Epoch time: 0.1 |

2024-09-09 23:57:55,580 - INFO -
| Epoch:    150 | Train loss: 3.2655e-01 | Valid loss: 3.5810e-01 | Train acc: 0.8917 ± 0.0000 | Valid acc: 0.8425 ± 0.0000 | Valid Power: 0.0008 | Train Power: 0.0008 | patience:   1 | lr: 0.1 | Epoch time: 0.1 |

2024-09-09 23:57:56,836 - INFO -
| Epoch:    160 | Train loss: 3.2264e-01 | Valid loss: 3.5696e-01 | Train acc: 0.8892 ± 0.0000 | Valid acc: 0.8425 ± 0.0000 | Valid Power: 0.0008 | Train Power: 0.0008 | patience:   5 | lr: 0.1 | Epoch time: 0.1 |

2024-09-09 23:57:58,105 - INFO -
| Epoch:    170 | Train loss: 3.1365e-01 | Valid loss: 3.7228e-01 | Train acc: 0.8917 ± 0.0000 | Valid acc: 0.8031 ± 0.0000 | Valid Power: 0.0008 | Train Power: 0.0008 | patience:   8 | lr: 0.1 | Epoch time: 0.1 |

2024-09-09 23:57:59,395 - INFO -
| Epoch:    180 | Train loss: 3.0299e-01 | Valid loss: 3.2506e-01 | Train acc: 0.8992 ± 0.0000 | Valid acc: 0.8661 ± 0.0000 | Valid Power: 0.0008 | Train Power: 0.0008 | patience:   2 | lr: 0.1 | Epoch time: 0.1 |

2024-09-09 23:58:00,647 - INFO -
| Epoch:    190 | Train loss: 3.0465e-01 | Valid loss: 3.5091e-01 | Train acc: 0.8866 ± 0.0000 | Valid acc: 0.8110 ± 0.0000 | Valid Power: 0.0008 | Train Power: 0.0008 | patience:  12 | lr: 0.1 | Epoch time: 0.1 |

2024-09-09 23:58:01,899 - INFO -
| Epoch:    200 | Train loss: 3.0818e-01 | Valid loss: 3.6086e-01 | Train acc: 0.8892 ± 0.0000 | Valid acc: 0.8346 ± 0.0000 | Valid Power: 0.0008 | Train Power: 0.0008 | patience:  22 | lr: 0.1 | Epoch time: 0.1 |

2024-09-09 23:58:03,247 - INFO -
| Epoch:    210 | Train loss: 3.0378e-01 | Valid loss: 3.4163e-01 | Train acc: 0.8816 ± 0.0000 | Valid acc: 0.8346 ± 0.0000 | Valid Power: 0.0008 | Train Power: 0.0008 | patience:  32 | lr: 0.1 | Epoch time: 0.1 |

2024-09-09 23:58:04,496 - INFO -
| Epoch:    220 | Train loss: 2.9052e-01 | Valid loss: 3.4990e-01 | Train acc: 0.8992 ± 0.0000 | Valid acc: 0.8268 ± 0.0000 | Valid Power: 0.0008 | Train Power: 0.0008 | patience:  42 | lr: 0.1 | Epoch time: 0.1 |

2024-09-09 23:58:05,745 - INFO -
| Epoch:    230 | Train loss: 2.7706e-01 | Valid loss: 3.5608e-01 | Train acc: 0.9118 ± 0.0000 | Valid acc: 0.8031 ± 0.0000 | Valid Power: 0.0008 | Train Power: 0.0008 | patience:  52 | lr: 0.1 | Epoch time: 0.1 |

2024-09-09 23:58:06,996 - INFO -
| Epoch:    240 | Train loss: 2.8390e-01 | Valid loss: 3.2627e-01 | Train acc: 0.8967 ± 0.0000 | Valid acc: 0.8268 ± 0.0000 | Valid Power: 0.0008 | Train Power: 0.0008 | patience:  62 | lr: 0.1 | Epoch time: 0.1 |

2024-09-09 23:58:08,247 - INFO -
| Epoch:    250 | Train loss: 2.7660e-01 | Valid loss: 3.2968e-01 | Train acc: 0.8992 ± 0.0000 | Valid acc: 0.8189 ± 0.0000 | Valid Power: 0.0008 | Train Power: 0.0008 | patience:  72 | lr: 0.1 | Epoch time: 0.1 |

2024-09-09 23:58:09,497 - INFO -
| Epoch:    260 | Train loss: 2.8773e-01 | Valid loss: 3.3768e-01 | Train acc: 0.8942 ± 0.0000 | Valid acc: 0.8189 ± 0.0000 | Valid Power: 0.0008 | Train Power: 0.0008 | patience:  82 | lr: 0.1 | Epoch time: 0.1 |

2024-09-09 23:58:10,745 - INFO -
| Epoch:    270 | Train loss: 2.7718e-01 | Valid loss: 3.4338e-01 | Train acc: 0.8917 ± 0.0000 | Valid acc: 0.8110 ± 0.0000 | Valid Power: 0.0008 | Train Power: 0.0008 | patience:  92 | lr: 0.1 | Epoch time: 0.1 |

2024-09-09 23:58:11,873 - INFO -
load best network to warm start training with lower lr.

2024-09-09 23:58:11,873 - INFO -
lr update to 0.05.

2024-09-09 23:58:11,998 - INFO -
| Epoch:    280 | Train loss: 3.0468e-01 | Valid loss: 3.6616e-01 | Train acc: 0.9018 ± 0.0000 | Valid acc: 0.8189 ± 0.0000 | Valid Power: 0.0008 | Train Power: 0.0008 | patience:   1 | lr: 0.05 | Epoch time: 0.1 |

2024-09-09 23:58:13,250 - INFO -
| Epoch:    290 | Train loss: 3.0817e-01 | Valid loss: 3.5332e-01 | Train acc: 0.8791 ± 0.0000 | Valid acc: 0.8110 ± 0.0000 | Valid Power: 0.0008 | Train Power: 0.0008 | patience:  11 | lr: 0.05 | Epoch time: 0.1 |

2024-09-09 23:58:14,588 - INFO -
| Epoch:    300 | Train loss: 2.9409e-01 | Valid loss: 3.2896e-01 | Train acc: 0.8942 ± 0.0000 | Valid acc: 0.8425 ± 0.0000 | Valid Power: 0.0008 | Train Power: 0.0008 | patience:  21 | lr: 0.05 | Epoch time: 0.1 |

2024-09-09 23:58:15,916 - INFO -
| Epoch:    310 | Train loss: 2.8322e-01 | Valid loss: 3.1082e-01 | Train acc: 0.9018 ± 0.0000 | Valid acc: 0.8740 ± 0.0000 | Valid Power: 0.0008 | Train Power: 0.0008 | patience:   1 | lr: 0.05 | Epoch time: 0.2 |

2024-09-09 23:58:17,169 - INFO -
| Epoch:    320 | Train loss: 2.7954e-01 | Valid loss: 3.0659e-01 | Train acc: 0.9018 ± 0.0000 | Valid acc: 0.8740 ± 0.0000 | Valid Power: 0.0008 | Train Power: 0.0008 | patience:   7 | lr: 0.05 | Epoch time: 0.1 |

2024-09-09 23:58:18,421 - INFO -
| Epoch:    330 | Train loss: 2.7523e-01 | Valid loss: 3.0819e-01 | Train acc: 0.9068 ± 0.0000 | Valid acc: 0.8583 ± 0.0000 | Valid Power: 0.0008 | Train Power: 0.0008 | patience:   7 | lr: 0.05 | Epoch time: 0.1 |

2024-09-09 23:58:19,675 - INFO -
| Epoch:    340 | Train loss: 2.6943e-01 | Valid loss: 3.0120e-01 | Train acc: 0.9068 ± 0.0000 | Valid acc: 0.8661 ± 0.0000 | Valid Power: 0.0008 | Train Power: 0.0008 | patience:   0 | lr: 0.05 | Epoch time: 0.1 |

2024-09-09 23:58:20,927 - INFO -
| Epoch:    350 | Train loss: 2.6554e-01 | Valid loss: 3.0487e-01 | Train acc: 0.9093 ± 0.0000 | Valid acc: 0.8583 ± 0.0000 | Valid Power: 0.0008 | Train Power: 0.0009 | patience:   9 | lr: 0.05 | Epoch time: 0.1 |

2024-09-09 23:58:22,178 - INFO -
| Epoch:    360 | Train loss: 2.6292e-01 | Valid loss: 3.0404e-01 | Train acc: 0.9093 ± 0.0000 | Valid acc: 0.8504 ± 0.0000 | Valid Power: 0.0008 | Train Power: 0.0008 | patience:  19 | lr: 0.05 | Epoch time: 0.1 |

2024-09-09 23:58:23,470 - INFO -
| Epoch:    370 | Train loss: 2.6261e-01 | Valid loss: 2.9781e-01 | Train acc: 0.9068 ± 0.0000 | Valid acc: 0.8661 ± 0.0000 | Valid Power: 0.0008 | Train Power: 0.0046 | patience:   0 | lr: 0.05 | Epoch time: 0.1 |

2024-09-09 23:58:24,740 - INFO -
| Epoch:    380 | Train loss: 2.6116e-01 | Valid loss: 2.9601e-01 | Train acc: 0.9043 ± 0.0000 | Valid acc: 0.8661 ± 0.0000 | Valid Power: 0.0008 | Train Power: 0.0008 | patience:   0 | lr: 0.05 | Epoch time: 0.1 |

2024-09-09 23:58:25,993 - INFO -
| Epoch:    390 | Train loss: 2.6415e-01 | Valid loss: 3.0096e-01 | Train acc: 0.8992 ± 0.0000 | Valid acc: 0.8583 ± 0.0000 | Valid Power: 0.0008 | Train Power: 0.0008 | patience:  10 | lr: 0.05 | Epoch time: 0.1 |

2024-09-09 23:58:27,242 - INFO -
| Epoch:    400 | Train loss: 2.6291e-01 | Valid loss: 3.0916e-01 | Train acc: 0.9043 ± 0.0000 | Valid acc: 0.8346 ± 0.0000 | Valid Power: 0.0008 | Train Power: 0.0008 | patience:  20 | lr: 0.05 | Epoch time: 0.1 |

2024-09-09 23:58:28,495 - INFO -
| Epoch:    410 | Train loss: 2.5968e-01 | Valid loss: 3.0261e-01 | Train acc: 0.9043 ± 0.0000 | Valid acc: 0.8425 ± 0.0000 | Valid Power: 0.0008 | Train Power: 0.0008 | patience:  30 | lr: 0.05 | Epoch time: 0.1 |

2024-09-09 23:58:29,754 - INFO -
| Epoch:    420 | Train loss: 2.5783e-01 | Valid loss: 3.0829e-01 | Train acc: 0.9068 ± 0.0000 | Valid acc: 0.8346 ± 0.0000 | Valid Power: 0.0011 | Train Power: 0.0009 | patience:   4 | lr: 0.05 | Epoch time: 0.1 |

2024-09-09 23:58:31,003 - INFO -
| Epoch:    430 | Train loss: 2.5740e-01 | Valid loss: 3.1189e-01 | Train acc: 0.9068 ± 0.0000 | Valid acc: 0.8346 ± 0.0000 | Valid Power: 0.0008 | Train Power: 0.0008 | patience:  14 | lr: 0.05 | Epoch time: 0.1 |

2024-09-09 23:58:32,254 - INFO -
| Epoch:    440 | Train loss: 2.5705e-01 | Valid loss: 3.1070e-01 | Train acc: 0.9068 ± 0.0000 | Valid acc: 0.8346 ± 0.0000 | Valid Power: 0.0008 | Train Power: 0.0012 | patience:  24 | lr: 0.05 | Epoch time: 0.1 |

2024-09-09 23:58:33,505 - INFO -
| Epoch:    450 | Train loss: 2.5683e-01 | Valid loss: 3.1248e-01 | Train acc: 0.9068 ± 0.0000 | Valid acc: 0.8268 ± 0.0000 | Valid Power: 0.0010 | Train Power: 0.0009 | patience:  34 | lr: 0.05 | Epoch time: 0.1 |

2024-09-09 23:58:34,756 - INFO -
| Epoch:    460 | Train loss: 2.5673e-01 | Valid loss: 3.1260e-01 | Train acc: 0.9068 ± 0.0000 | Valid acc: 0.8268 ± 0.0000 | Valid Power: 0.0011 | Train Power: 0.0101 | patience:  44 | lr: 0.05 | Epoch time: 0.1 |

2024-09-09 23:58:36,009 - INFO -
| Epoch:    470 | Train loss: 2.5663e-01 | Valid loss: 3.1111e-01 | Train acc: 0.9068 ± 0.0000 | Valid acc: 0.8346 ± 0.0000 | Valid Power: 0.0015 | Train Power: 0.0012 | patience:  54 | lr: 0.05 | Epoch time: 0.1 |

2024-09-09 23:58:37,357 - INFO -
| Epoch:    480 | Train loss: 2.5656e-01 | Valid loss: 3.0848e-01 | Train acc: 0.9068 ± 0.0000 | Valid acc: 0.8346 ± 0.0000 | Valid Power: 0.0010 | Train Power: 0.0011 | patience:  64 | lr: 0.05 | Epoch time: 0.1 |

2024-09-09 23:58:38,608 - INFO -
| Epoch:    490 | Train loss: 2.5651e-01 | Valid loss: 3.0828e-01 | Train acc: 0.9068 ± 0.0000 | Valid acc: 0.8346 ± 0.0000 | Valid Power: 0.0014 | Train Power: 0.0016 | patience:  74 | lr: 0.05 | Epoch time: 0.1 |

2024-09-09 23:58:39,860 - INFO -
| Epoch:    500 | Train loss: 2.5645e-01 | Valid loss: 3.0892e-01 | Train acc: 0.9068 ± 0.0000 | Valid acc: 0.8346 ± 0.0000 | Valid Power: 0.0012 | Train Power: 0.0012 | patience:  84 | lr: 0.05 | Epoch time: 0.1 |

2024-09-09 23:58:41,110 - INFO -
| Epoch:    510 | Train loss: 2.5641e-01 | Valid loss: 3.0961e-01 | Train acc: 0.9068 ± 0.0000 | Valid acc: 0.8346 ± 0.0000 | Valid Power: 0.0013 | Train Power: 0.0014 | patience:  94 | lr: 0.05 | Epoch time: 0.1 |

2024-09-09 23:58:41,989 - INFO -
load best network to warm start training with lower lr.

2024-09-09 23:58:41,989 - INFO -
lr update to 0.025.

2024-09-09 23:58:42,364 - INFO -
| Epoch:    520 | Train loss: 2.6526e-01 | Valid loss: 3.0924e-01 | Train acc: 0.9018 ± 0.0000 | Valid acc: 0.8346 ± 0.0000 | Valid Power: 0.0008 | Train Power: 0.0008 | patience:   3 | lr: 0.025 | Epoch time: 0.1 |

2024-09-09 23:58:43,617 - INFO -
| Epoch:    530 | Train loss: 2.6231e-01 | Valid loss: 3.1525e-01 | Train acc: 0.9018 ± 0.0000 | Valid acc: 0.8346 ± 0.0000 | Valid Power: 0.0008 | Train Power: 0.0008 | patience:  13 | lr: 0.025 | Epoch time: 0.1 |

2024-09-09 23:58:44,866 - INFO -
| Epoch:    540 | Train loss: 2.5860e-01 | Valid loss: 3.2231e-01 | Train acc: 0.9043 ± 0.0000 | Valid acc: 0.8268 ± 0.0000 | Valid Power: 0.0009 | Train Power: 0.0009 | patience:  23 | lr: 0.025 | Epoch time: 0.1 |

2024-09-09 23:58:46,116 - INFO -
| Epoch:    550 | Train loss: 2.5806e-01 | Valid loss: 3.2526e-01 | Train acc: 0.9043 ± 0.0000 | Valid acc: 0.8110 ± 0.0000 | Valid Power: 0.0008 | Train Power: 0.0008 | patience:  33 | lr: 0.025 | Epoch time: 0.1 |

2024-09-09 23:58:47,368 - INFO -
| Epoch:    560 | Train loss: 2.5771e-01 | Valid loss: 3.2383e-01 | Train acc: 0.9043 ± 0.0000 | Valid acc: 0.8189 ± 0.0000 | Valid Power: 0.0009 | Train Power: 0.0009 | patience:  43 | lr: 0.025 | Epoch time: 0.1 |

2024-09-09 23:58:48,616 - INFO -
| Epoch:    570 | Train loss: 2.5744e-01 | Valid loss: 3.1910e-01 | Train acc: 0.9043 ± 0.0000 | Valid acc: 0.8189 ± 0.0000 | Valid Power: 0.0009 | Train Power: 0.0009 | patience:  53 | lr: 0.025 | Epoch time: 0.1 |

2024-09-09 23:58:49,867 - INFO -
| Epoch:    580 | Train loss: 2.5464e-01 | Valid loss: 3.2045e-01 | Train acc: 0.9118 ± 0.0000 | Valid acc: 0.8189 ± 0.0000 | Valid Power: 0.0010 | Train Power: 0.0009 | patience:  63 | lr: 0.025 | Epoch time: 0.1 |

2024-09-09 23:58:51,115 - INFO -
| Epoch:    590 | Train loss: 2.5194e-01 | Valid loss: 3.2231e-01 | Train acc: 0.9144 ± 0.0000 | Valid acc: 0.8189 ± 0.0000 | Valid Power: 0.0030 | Train Power: 0.0013 | patience:  73 | lr: 0.025 | Epoch time: 0.1 |

2024-09-09 23:58:52,367 - INFO -
| Epoch:    600 | Train loss: 2.5211e-01 | Valid loss: 3.2245e-01 | Train acc: 0.9144 ± 0.0000 | Valid acc: 0.8189 ± 0.0000 | Valid Power: 0.0010 | Train Power: 0.0011 | patience:  83 | lr: 0.025 | Epoch time: 0.1 |

2024-09-09 23:58:53,616 - INFO -
| Epoch:    610 | Train loss: 2.5186e-01 | Valid loss: 3.2202e-01 | Train acc: 0.9144 ± 0.0000 | Valid acc: 0.8189 ± 0.0000 | Valid Power: 0.0011 | Train Power: 0.0011 | patience:  93 | lr: 0.025 | Epoch time: 0.1 |

2024-09-09 23:58:54,620 - INFO -
load best network to warm start training with lower lr.

2024-09-09 23:58:54,620 - INFO -
lr update to 0.0125.

2024-09-09 23:58:54,871 - INFO -
| Epoch:    620 | Train loss: 2.5969e-01 | Valid loss: 3.0533e-01 | Train acc: 0.9068 ± 0.0000 | Valid acc: 0.8425 ± 0.0000 | Valid Power: 0.0008 | Train Power: 0.0008 | patience:   2 | lr: 0.0125 | Epoch time: 0.1 |

2024-09-09 23:58:56,223 - INFO -
| Epoch:    630 | Train loss: 2.6446e-01 | Valid loss: 2.8950e-01 | Train acc: 0.8942 ± 0.0000 | Valid acc: 0.8661 ± 0.0000 | Valid Power: 0.0008 | Train Power: 0.0008 | patience:   0 | lr: 0.0125 | Epoch time: 0.1 |

2024-09-09 23:58:57,494 - INFO -
| Epoch:    640 | Train loss: 2.6415e-01 | Valid loss: 2.9231e-01 | Train acc: 0.8942 ± 0.0000 | Valid acc: 0.8661 ± 0.0000 | Valid Power: 0.0008 | Train Power: 0.0008 | patience:   5 | lr: 0.0125 | Epoch time: 0.1 |

2024-09-09 23:58:58,747 - INFO -
| Epoch:    650 | Train loss: 2.6360e-01 | Valid loss: 2.9901e-01 | Train acc: 0.8967 ± 0.0000 | Valid acc: 0.8425 ± 0.0000 | Valid Power: 0.0008 | Train Power: 0.0008 | patience:  15 | lr: 0.0125 | Epoch time: 0.1 |

2024-09-09 23:58:59,999 - INFO -
| Epoch:    660 | Train loss: 2.5587e-01 | Valid loss: 3.0045e-01 | Train acc: 0.9068 ± 0.0000 | Valid acc: 0.8425 ± 0.0000 | Valid Power: 0.0009 | Train Power: 0.0009 | patience:  25 | lr: 0.0125 | Epoch time: 0.1 |

2024-09-09 23:59:01,248 - INFO -
| Epoch:    670 | Train loss: 2.5560e-01 | Valid loss: 2.9969e-01 | Train acc: 0.9068 ± 0.0000 | Valid acc: 0.8425 ± 0.0000 | Valid Power: 0.0008 | Train Power: 0.0008 | patience:  35 | lr: 0.0125 | Epoch time: 0.1 |

2024-09-09 23:59:02,500 - INFO -
| Epoch:    680 | Train loss: 2.5242e-01 | Valid loss: 2.9784e-01 | Train acc: 0.9118 ± 0.0000 | Valid acc: 0.8583 ± 0.0000 | Valid Power: 0.0009 | Train Power: 0.0010 | patience:  45 | lr: 0.0125 | Epoch time: 0.1 |

2024-09-09 23:59:03,750 - INFO -
| Epoch:    690 | Train loss: 2.5223e-01 | Valid loss: 3.0042e-01 | Train acc: 0.9118 ± 0.0000 | Valid acc: 0.8425 ± 0.0000 | Valid Power: 0.0014 | Train Power: 0.0020 | patience:  55 | lr: 0.0125 | Epoch time: 0.1 |

2024-09-09 23:59:05,000 - INFO -
| Epoch:    700 | Train loss: 2.5204e-01 | Valid loss: 3.0084e-01 | Train acc: 0.9118 ± 0.0000 | Valid acc: 0.8425 ± 0.0000 | Valid Power: 0.0014 | Train Power: 0.0012 | patience:  65 | lr: 0.0125 | Epoch time: 0.1 |

2024-09-09 23:59:06,250 - INFO -
| Epoch:    710 | Train loss: 2.5198e-01 | Valid loss: 2.9986e-01 | Train acc: 0.9118 ± 0.0000 | Valid acc: 0.8425 ± 0.0000 | Valid Power: 0.0010 | Train Power: 0.0011 | patience:  75 | lr: 0.0125 | Epoch time: 0.1 |

2024-09-09 23:59:07,575 - INFO -
| Epoch:    720 | Train loss: 2.5193e-01 | Valid loss: 2.9877e-01 | Train acc: 0.9118 ± 0.0000 | Valid acc: 0.8504 ± 0.0000 | Valid Power: 0.0010 | Train Power: 0.0010 | patience:  85 | lr: 0.0125 | Epoch time: 0.1 |

2024-09-09 23:59:08,825 - INFO -
| Epoch:    730 | Train loss: 2.5190e-01 | Valid loss: 2.9765e-01 | Train acc: 0.9118 ± 0.0000 | Valid acc: 0.8504 ± 0.0000 | Valid Power: 0.0011 | Train Power: 0.0010 | patience:  95 | lr: 0.0125 | Epoch time: 0.1 |

2024-09-09 23:59:09,579 - INFO -
load best network to warm start training with lower lr.

2024-09-09 23:59:09,579 - INFO -
lr update to 0.00625.

2024-09-09 23:59:10,080 - INFO -
| Epoch:    740 | Train loss: 2.5825e-01 | Valid loss: 2.9860e-01 | Train acc: 0.9118 ± 0.0000 | Valid acc: 0.8583 ± 0.0000 | Valid Power: 0.0008 | Train Power: 0.0008 | patience:   4 | lr: 0.00625 | Epoch time: 0.1 |

2024-09-09 23:59:11,332 - INFO -
| Epoch:    750 | Train loss: 2.5111e-01 | Valid loss: 3.1401e-01 | Train acc: 0.9169 ± 0.0000 | Valid acc: 0.8268 ± 0.0000 | Valid Power: 0.0008 | Train Power: 0.0008 | patience:  14 | lr: 0.00625 | Epoch time: 0.1 |

2024-09-09 23:59:12,587 - INFO -
| Epoch:    760 | Train loss: 2.5099e-01 | Valid loss: 3.1430e-01 | Train acc: 0.9169 ± 0.0000 | Valid acc: 0.8268 ± 0.0000 | Valid Power: 0.0008 | Train Power: 0.0008 | patience:  24 | lr: 0.00625 | Epoch time: 0.1 |

2024-09-09 23:59:13,837 - INFO -
| Epoch:    770 | Train loss: 2.5077e-01 | Valid loss: 3.1162e-01 | Train acc: 0.9169 ± 0.0000 | Valid acc: 0.8268 ± 0.0000 | Valid Power: 0.0008 | Train Power: 0.0008 | patience:  34 | lr: 0.00625 | Epoch time: 0.1 |

2024-09-09 23:59:15,099 - INFO -
| Epoch:    780 | Train loss: 2.5319e-01 | Valid loss: 3.0753e-01 | Train acc: 0.9169 ± 0.0000 | Valid acc: 0.8346 ± 0.0000 | Valid Power: 0.0008 | Train Power: 0.0008 | patience:  44 | lr: 0.00625 | Epoch time: 0.1 |

2024-09-09 23:59:16,355 - INFO -
| Epoch:    790 | Train loss: 2.5056e-01 | Valid loss: 3.0733e-01 | Train acc: 0.9169 ± 0.0000 | Valid acc: 0.8346 ± 0.0000 | Valid Power: 0.0009 | Train Power: 0.0009 | patience:  54 | lr: 0.00625 | Epoch time: 0.1 |

2024-09-09 23:59:17,605 - INFO -
| Epoch:    800 | Train loss: 2.5053e-01 | Valid loss: 3.0721e-01 | Train acc: 0.9169 ± 0.0000 | Valid acc: 0.8346 ± 0.0000 | Valid Power: 0.0010 | Train Power: 0.0009 | patience:  64 | lr: 0.00625 | Epoch time: 0.1 |

2024-09-09 23:59:18,857 - INFO -
| Epoch:    810 | Train loss: 2.5045e-01 | Valid loss: 3.0748e-01 | Train acc: 0.9169 ± 0.0000 | Valid acc: 0.8346 ± 0.0000 | Valid Power: 0.0009 | Train Power: 0.0010 | patience:  74 | lr: 0.00625 | Epoch time: 0.1 |

2024-09-09 23:59:20,034 - INFO -
| Epoch:    820 | Train loss: 2.5040e-01 | Valid loss: 3.0778e-01 | Train acc: 0.9169 ± 0.0000 | Valid acc: 0.8346 ± 0.0000 | Valid Power: 0.0011 | Train Power: 0.0011 | patience:  84 | lr: 0.00625 | Epoch time: 0.1 |

2024-09-09 23:59:21,210 - INFO -
| Epoch:    830 | Train loss: 2.5036e-01 | Valid loss: 3.0788e-01 | Train acc: 0.9169 ± 0.0000 | Valid acc: 0.8346 ± 0.0000 | Valid Power: 0.0020 | Train Power: 0.0018 | patience:  94 | lr: 0.00625 | Epoch time: 0.1 |

2024-09-09 23:59:22,038 - INFO -
load best network to warm start training with lower lr.

2024-09-09 23:59:22,038 - INFO -
lr update to 0.003125.

2024-09-09 23:59:22,395 - INFO -
| Epoch:    840 | Train loss: 2.6406e-01 | Valid loss: 2.9107e-01 | Train acc: 0.8942 ± 0.0000 | Valid acc: 0.8661 ± 0.0000 | Valid Power: 0.0008 | Train Power: 0.0008 | patience:   3 | lr: 0.003125 | Epoch time: 0.1 |

2024-09-09 23:59:23,574 - INFO -
| Epoch:    850 | Train loss: 2.5324e-01 | Valid loss: 3.0952e-01 | Train acc: 0.9194 ± 0.0000 | Valid acc: 0.8346 ± 0.0000 | Valid Power: 0.0008 | Train Power: 0.0008 | patience:  13 | lr: 0.003125 | Epoch time: 0.1 |

2024-09-09 23:59:24,755 - INFO -
| Epoch:    860 | Train loss: 2.5230e-01 | Valid loss: 3.0956e-01 | Train acc: 0.9144 ± 0.0000 | Valid acc: 0.8346 ± 0.0000 | Valid Power: 0.0008 | Train Power: 0.0008 | patience:  23 | lr: 0.003125 | Epoch time: 0.1 |

2024-09-09 23:59:25,922 - INFO -
| Epoch:    870 | Train loss: 2.5009e-01 | Valid loss: 3.0948e-01 | Train acc: 0.9219 ± 0.0000 | Valid acc: 0.8346 ± 0.0000 | Valid Power: 0.0008 | Train Power: 0.0008 | patience:  33 | lr: 0.003125 | Epoch time: 0.1 |

2024-09-09 23:59:27,090 - INFO -
| Epoch:    880 | Train loss: 2.4897e-01 | Valid loss: 3.0371e-01 | Train acc: 0.9194 ± 0.0000 | Valid acc: 0.8425 ± 0.0000 | Valid Power: 0.0008 | Train Power: 0.0008 | patience:  43 | lr: 0.003125 | Epoch time: 0.1 |

2024-09-09 23:59:28,261 - INFO -
| Epoch:    890 | Train loss: 2.4801e-01 | Valid loss: 3.0060e-01 | Train acc: 0.9219 ± 0.0000 | Valid acc: 0.8425 ± 0.0000 | Valid Power: 0.0008 | Train Power: 0.0008 | patience:  53 | lr: 0.003125 | Epoch time: 0.1 |

2024-09-09 23:59:29,529 - INFO -
| Epoch:    900 | Train loss: 2.4781e-01 | Valid loss: 2.9979e-01 | Train acc: 0.9244 ± 0.0000 | Valid acc: 0.8504 ± 0.0000 | Valid Power: 0.0008 | Train Power: 0.0008 | patience:  63 | lr: 0.003125 | Epoch time: 0.1 |

2024-09-09 23:59:30,694 - INFO -
| Epoch:    910 | Train loss: 2.4775e-01 | Valid loss: 3.0044e-01 | Train acc: 0.9219 ± 0.0000 | Valid acc: 0.8425 ± 0.0000 | Valid Power: 0.0008 | Train Power: 0.0008 | patience:  73 | lr: 0.003125 | Epoch time: 0.1 |

2024-09-09 23:59:31,861 - INFO -
| Epoch:    920 | Train loss: 2.4764e-01 | Valid loss: 3.0069e-01 | Train acc: 0.9219 ± 0.0000 | Valid acc: 0.8425 ± 0.0000 | Valid Power: 0.0008 | Train Power: 0.0008 | patience:  83 | lr: 0.003125 | Epoch time: 0.1 |

2024-09-09 23:59:32,976 - INFO -
| Epoch:    930 | Train loss: 2.4603e-01 | Valid loss: 3.0038e-01 | Train acc: 0.9244 ± 0.0000 | Valid acc: 0.8425 ± 0.0000 | Valid Power: 0.0009 | Train Power: 0.0009 | patience:  93 | lr: 0.003125 | Epoch time: 0.1 |

2024-09-09 23:59:33,836 - INFO -
load best network to warm start training with lower lr.

2024-09-09 23:59:33,836 - INFO -
lr update to 0.0015625.

2024-09-09 23:59:34,050 - INFO -
| Epoch:    940 | Train loss: 2.6416e-01 | Valid loss: 2.9126e-01 | Train acc: 0.8942 ± 0.0000 | Valid acc: 0.8661 ± 0.0000 | Valid Power: 0.0008 | Train Power: 0.0008 | patience:   2 | lr: 0.0015625 | Epoch time: 0.1 |

2024-09-09 23:59:35,121 - INFO -
| Epoch:    950 | Train loss: 2.5731e-01 | Valid loss: 2.9921e-01 | Train acc: 0.9068 ± 0.0000 | Valid acc: 0.8504 ± 0.0000 | Valid Power: 0.0008 | Train Power: 0.0008 | patience:  12 | lr: 0.0015625 | Epoch time: 0.1 |

2024-09-09 23:59:36,191 - INFO -
| Epoch:    960 | Train loss: 2.5144e-01 | Valid loss: 3.0855e-01 | Train acc: 0.9169 ± 0.0000 | Valid acc: 0.8346 ± 0.0000 | Valid Power: 0.0008 | Train Power: 0.0008 | patience:  22 | lr: 0.0015625 | Epoch time: 0.1 |

2024-09-09 23:59:37,258 - INFO -
| Epoch:    970 | Train loss: 2.5279e-01 | Valid loss: 3.0946e-01 | Train acc: 0.9144 ± 0.0000 | Valid acc: 0.8346 ± 0.0000 | Valid Power: 0.0008 | Train Power: 0.0008 | patience:  32 | lr: 0.0015625 | Epoch time: 0.1 |

2024-09-09 23:59:38,333 - INFO -
| Epoch:    980 | Train loss: 2.5107e-01 | Valid loss: 3.0986e-01 | Train acc: 0.9169 ± 0.0000 | Valid acc: 0.8268 ± 0.0000 | Valid Power: 0.0008 | Train Power: 0.0008 | patience:  42 | lr: 0.0015625 | Epoch time: 0.1 |

2024-09-09 23:59:39,393 - INFO -
| Epoch:    990 | Train loss: 2.5097e-01 | Valid loss: 3.0962e-01 | Train acc: 0.9194 ± 0.0000 | Valid acc: 0.8346 ± 0.0000 | Valid Power: 0.0008 | Train Power: 0.0008 | patience:  52 | lr: 0.0015625 | Epoch time: 0.1 |

2024-09-09 23:59:40,432 - INFO -
| Epoch:   1000 | Train loss: 2.5066e-01 | Valid loss: 3.0972e-01 | Train acc: 0.9169 ± 0.0000 | Valid acc: 0.8268 ± 0.0000 | Valid Power: 0.0008 | Train Power: 0.0008 | patience:  62 | lr: 0.0015625 | Epoch time: 0.1 |

2024-09-09 23:59:41,470 - INFO -
| Epoch:   1010 | Train loss: 2.4997e-01 | Valid loss: 3.0537e-01 | Train acc: 0.9219 ± 0.0000 | Valid acc: 0.8425 ± 0.0000 | Valid Power: 0.0008 | Train Power: 0.0008 | patience:  72 | lr: 0.0015625 | Epoch time: 0.1 |

2024-09-09 23:59:42,519 - INFO -
| Epoch:   1020 | Train loss: 2.4896e-01 | Valid loss: 3.0190e-01 | Train acc: 0.9194 ± 0.0000 | Valid acc: 0.8425 ± 0.0000 | Valid Power: 0.0008 | Train Power: 0.0008 | patience:  82 | lr: 0.0015625 | Epoch time: 0.1 |

2024-09-09 23:59:43,557 - INFO -
| Epoch:   1030 | Train loss: 2.4819e-01 | Valid loss: 3.0082e-01 | Train acc: 0.9194 ± 0.0000 | Valid acc: 0.8425 ± 0.0000 | Valid Power: 0.0008 | Train Power: 0.0008 | patience:  92 | lr: 0.0015625 | Epoch time: 0.1 |

2024-09-09 23:59:44,495 - INFO -
load best network to warm start training with lower lr.

2024-09-09 23:59:44,495 - INFO -
lr update to 0.00078125.

2024-09-09 23:59:44,600 - INFO -
| Epoch:   1040 | Train loss: 2.6421e-01 | Valid loss: 2.8947e-01 | Train acc: 0.8942 ± 0.0000 | Valid acc: 0.8661 ± 0.0000 | Valid Power: 0.0008 | Train Power: 0.0008 | patience:   1 | lr: 0.00078125 | Epoch time: 0.1 |

2024-09-09 23:59:45,733 - INFO -
| Epoch:   1050 | Train loss: 2.6397e-01 | Valid loss: 2.9140e-01 | Train acc: 0.8942 ± 0.0000 | Valid acc: 0.8583 ± 0.0000 | Valid Power: 0.0008 | Train Power: 0.0008 | patience:  11 | lr: 0.00078125 | Epoch time: 0.1 |

2024-09-09 23:59:46,771 - INFO -
| Epoch:   1060 | Train loss: 2.5732e-01 | Valid loss: 2.9860e-01 | Train acc: 0.9068 ± 0.0000 | Valid acc: 0.8504 ± 0.0000 | Valid Power: 0.0008 | Train Power: 0.0008 | patience:  21 | lr: 0.00078125 | Epoch time: 0.1 |

2024-09-09 23:59:47,810 - INFO -
| Epoch:   1070 | Train loss: 2.5757e-01 | Valid loss: 3.0271e-01 | Train acc: 0.9118 ± 0.0000 | Valid acc: 0.8504 ± 0.0000 | Valid Power: 0.0008 | Train Power: 0.0008 | patience:  31 | lr: 0.00078125 | Epoch time: 0.1 |

2024-09-09 23:59:48,850 - INFO -
| Epoch:   1080 | Train loss: 2.5716e-01 | Valid loss: 3.0279e-01 | Train acc: 0.9068 ± 0.0000 | Valid acc: 0.8504 ± 0.0000 | Valid Power: 0.0008 | Train Power: 0.0008 | patience:  41 | lr: 0.00078125 | Epoch time: 0.1 |

2024-09-09 23:59:49,888 - INFO -
| Epoch:   1090 | Train loss: 2.5693e-01 | Valid loss: 3.0328e-01 | Train acc: 0.9068 ± 0.0000 | Valid acc: 0.8425 ± 0.0000 | Valid Power: 0.0008 | Train Power: 0.0008 | patience:  51 | lr: 0.00078125 | Epoch time: 0.1 |

2024-09-09 23:59:50,927 - INFO -
| Epoch:   1100 | Train loss: 2.5639e-01 | Valid loss: 3.0128e-01 | Train acc: 0.9093 ± 0.0000 | Valid acc: 0.8504 ± 0.0000 | Valid Power: 0.0008 | Train Power: 0.0008 | patience:  61 | lr: 0.00078125 | Epoch time: 0.1 |

2024-09-09 23:59:51,966 - INFO -
| Epoch:   1110 | Train loss: 2.5588e-01 | Valid loss: 3.0210e-01 | Train acc: 0.9118 ± 0.0000 | Valid acc: 0.8504 ± 0.0000 | Valid Power: 0.0008 | Train Power: 0.0008 | patience:  71 | lr: 0.00078125 | Epoch time: 0.1 |

2024-09-09 23:59:53,009 - INFO -
| Epoch:   1120 | Train loss: 2.5584e-01 | Valid loss: 3.0262e-01 | Train acc: 0.9093 ± 0.0000 | Valid acc: 0.8425 ± 0.0000 | Valid Power: 0.0008 | Train Power: 0.0008 | patience:  81 | lr: 0.00078125 | Epoch time: 0.1 |

2024-09-09 23:59:54,047 - INFO -
| Epoch:   1130 | Train loss: 2.5578e-01 | Valid loss: 3.0296e-01 | Train acc: 0.9093 ± 0.0000 | Valid acc: 0.8346 ± 0.0000 | Valid Power: 0.0008 | Train Power: 0.0008 | patience:  91 | lr: 0.00078125 | Epoch time: 0.1 |

2024-09-09 23:59:55,156 - INFO -
load best network to warm start training with lower lr.

2024-09-09 23:59:55,156 - INFO -
lr update to 0.000390625.

2024-09-09 23:59:55,156 - INFO -
| Epoch:   1140 | Train loss: 2.5571e-01 | Valid loss: 3.0283e-01 | Train acc: 0.9093 ± 0.0000 | Valid acc: 0.8346 ± 0.0000 | Valid Power: 0.0008 | Train Power: 0.0008 | patience:   0 | lr: 0.000390625 | Epoch time: 0.1 |

2024-09-09 23:59:56,194 - INFO -
| Epoch:   1150 | Train loss: 2.6411e-01 | Valid loss: 2.9114e-01 | Train acc: 0.8942 ± 0.0000 | Valid acc: 0.8661 ± 0.0000 | Valid Power: 0.0008 | Train Power: 0.0008 | patience:  10 | lr: 0.000390625 | Epoch time: 0.1 |

2024-09-09 23:59:57,231 - INFO -
| Epoch:   1160 | Train loss: 2.6396e-01 | Valid loss: 2.9138e-01 | Train acc: 0.8942 ± 0.0000 | Valid acc: 0.8661 ± 0.0000 | Valid Power: 0.0008 | Train Power: 0.0008 | patience:  20 | lr: 0.000390625 | Epoch time: 0.1 |

2024-09-09 23:59:58,269 - INFO -
| Epoch:   1170 | Train loss: 2.5683e-01 | Valid loss: 2.9597e-01 | Train acc: 0.9093 ± 0.0000 | Valid acc: 0.8504 ± 0.0000 | Valid Power: 0.0008 | Train Power: 0.0008 | patience:  30 | lr: 0.000390625 | Epoch time: 0.1 |

2024-09-09 23:59:59,306 - INFO -
| Epoch:   1180 | Train loss: 2.5749e-01 | Valid loss: 2.9913e-01 | Train acc: 0.9068 ± 0.0000 | Valid acc: 0.8504 ± 0.0000 | Valid Power: 0.0008 | Train Power: 0.0008 | patience:  40 | lr: 0.000390625 | Epoch time: 0.1 |

2024-09-10 00:00:00,343 - INFO -
| Epoch:   1190 | Train loss: 2.5739e-01 | Valid loss: 2.9983e-01 | Train acc: 0.9068 ± 0.0000 | Valid acc: 0.8504 ± 0.0000 | Valid Power: 0.0008 | Train Power: 0.0008 | patience:  50 | lr: 0.000390625 | Epoch time: 0.1 |

2024-09-10 00:00:01,383 - INFO -
| Epoch:   1200 | Train loss: 2.5714e-01 | Valid loss: 3.0070e-01 | Train acc: 0.9068 ± 0.0000 | Valid acc: 0.8504 ± 0.0000 | Valid Power: 0.0008 | Train Power: 0.0008 | patience:  60 | lr: 0.000390625 | Epoch time: 0.1 |

2024-09-10 00:00:02,421 - INFO -
| Epoch:   1210 | Train loss: 2.5621e-01 | Valid loss: 3.0027e-01 | Train acc: 0.9093 ± 0.0000 | Valid acc: 0.8583 ± 0.0000 | Valid Power: 0.0008 | Train Power: 0.0008 | patience:  70 | lr: 0.000390625 | Epoch time: 0.1 |

2024-09-10 00:00:03,460 - INFO -
| Epoch:   1220 | Train loss: 2.5615e-01 | Valid loss: 3.0081e-01 | Train acc: 0.9093 ± 0.0000 | Valid acc: 0.8504 ± 0.0000 | Valid Power: 0.0008 | Train Power: 0.0008 | patience:  80 | lr: 0.000390625 | Epoch time: 0.1 |

2024-09-10 00:00:04,498 - INFO -
| Epoch:   1230 | Train loss: 2.5608e-01 | Valid loss: 3.0109e-01 | Train acc: 0.9118 ± 0.0000 | Valid acc: 0.8504 ± 0.0000 | Valid Power: 0.0008 | Train Power: 0.0008 | patience:  90 | lr: 0.000390625 | Epoch time: 0.1 |

2024-09-10 00:00:05,541 - INFO -
| Epoch:   1240 | Train loss: 2.5603e-01 | Valid loss: 3.0183e-01 | Train acc: 0.9093 ± 0.0000 | Valid acc: 0.8425 ± 0.0000 | Valid Power: 0.0008 | Train Power: 0.0008 | patience: 100 | lr: 0.000390625 | Epoch time: 0.1 |

2024-09-10 00:00:05,648 - INFO -
load best network to warm start training with lower lr.

2024-09-10 00:00:05,648 - INFO -
lr update to 0.0001953125.

2024-09-10 00:00:06,584 - INFO -
| Epoch:   1250 | Train loss: 2.6416e-01 | Valid loss: 2.9030e-01 | Train acc: 0.8942 ± 0.0000 | Valid acc: 0.8661 ± 0.0000 | Valid Power: 0.0008 | Train Power: 0.0008 | patience:   9 | lr: 0.0001953125 | Epoch time: 0.1 |

2024-09-10 00:00:07,623 - INFO -
| Epoch:   1260 | Train loss: 2.6411e-01 | Valid loss: 2.9098e-01 | Train acc: 0.8942 ± 0.0000 | Valid acc: 0.8661 ± 0.0000 | Valid Power: 0.0008 | Train Power: 0.0008 | patience:  19 | lr: 0.0001953125 | Epoch time: 0.1 |

2024-09-10 00:00:08,663 - INFO -
| Epoch:   1270 | Train loss: 2.6405e-01 | Valid loss: 2.9119e-01 | Train acc: 0.8942 ± 0.0000 | Valid acc: 0.8661 ± 0.0000 | Valid Power: 0.0008 | Train Power: 0.0008 | patience:  29 | lr: 0.0001953125 | Epoch time: 0.1 |

2024-09-10 00:00:09,701 - INFO -
| Epoch:   1280 | Train loss: 2.6367e-01 | Valid loss: 2.9147e-01 | Train acc: 0.8942 ± 0.0000 | Valid acc: 0.8661 ± 0.0000 | Valid Power: 0.0008 | Train Power: 0.0008 | patience:  39 | lr: 0.0001953125 | Epoch time: 0.1 |

2024-09-10 00:00:10,740 - INFO -
| Epoch:   1290 | Train loss: 2.5682e-01 | Valid loss: 2.9552e-01 | Train acc: 0.9093 ± 0.0000 | Valid acc: 0.8583 ± 0.0000 | Valid Power: 0.0008 | Train Power: 0.0008 | patience:  49 | lr: 0.0001953125 | Epoch time: 0.1 |

2024-09-10 00:00:11,771 - INFO -
| Epoch:   1300 | Train loss: 2.5729e-01 | Valid loss: 2.9798e-01 | Train acc: 0.9068 ± 0.0000 | Valid acc: 0.8504 ± 0.0000 | Valid Power: 0.0008 | Train Power: 0.0008 | patience:  59 | lr: 0.0001953125 | Epoch time: 0.1 |

2024-09-10 00:00:12,718 - INFO -
| Epoch:   1310 | Train loss: 2.5721e-01 | Valid loss: 2.9828e-01 | Train acc: 0.9068 ± 0.0000 | Valid acc: 0.8504 ± 0.0000 | Valid Power: 0.0008 | Train Power: 0.0008 | patience:  69 | lr: 0.0001953125 | Epoch time: 0.1 |

2024-09-10 00:00:13,754 - INFO -
| Epoch:   1320 | Train loss: 2.5661e-01 | Valid loss: 2.9780e-01 | Train acc: 0.9068 ± 0.0000 | Valid acc: 0.8504 ± 0.0000 | Valid Power: 0.0008 | Train Power: 0.0008 | patience:  79 | lr: 0.0001953125 | Epoch time: 0.1 |

2024-09-10 00:00:14,681 - INFO -
| Epoch:   1330 | Train loss: 2.5648e-01 | Valid loss: 2.9660e-01 | Train acc: 0.9093 ± 0.0000 | Valid acc: 0.8583 ± 0.0000 | Valid Power: 0.0008 | Train Power: 0.0008 | patience:  89 | lr: 0.0001953125 | Epoch time: 0.1 |

2024-09-10 00:00:15,616 - INFO -
| Epoch:   1340 | Train loss: 2.5632e-01 | Valid loss: 2.9762e-01 | Train acc: 0.9093 ± 0.0000 | Valid acc: 0.8504 ± 0.0000 | Valid Power: 0.0008 | Train Power: 0.0008 | patience:  99 | lr: 0.0001953125 | Epoch time: 0.1 |

2024-09-10 00:00:15,802 - INFO -
load best network to warm start training with lower lr.

2024-09-10 00:00:15,802 - INFO -
lr update to 9.765625e-05.

2024-09-10 00:00:15,802 - INFO -
Early stop.

2024-09-10 00:00:15,808 - INFO -
Training if finished.

2024-09-12 13:58:07,533 - INFO -
Configuration: 
gmin                0.01
gmax                10.0
T                   0.1
m                   0.3
type_nonlinear      normal
act                 tanh
ACT_R1n             12.7865
ACT_R2n             -3.1871
ACT_W1n             -10.4537
ACT_L1n             10.546
ACT_W2n             -5.8496
ACT_L2n             4.2337
S_R1n               -11.7481
S_R2n               -0.3905
S_W1n               -9.169
S_L1n               0.3913
S_W2n               7.2004
S_L2n               15.5558
ReLU_RHn            -1.9557
ReLU_RLn            -20.1581
ReLU_RDn            16.6486
ReLU_RBn            -14.3472
ReLU_Wn             16.655
ReLU_Ln             -21.7591
HS_Rn               -0.3766
HS_Wn               0.5192
HS_Ln               4.6293
NEG_R1n             -7.0846
NEG_R2n             -2.5695
NEG_R3n             16.1542
NEG_W1n             13.8696
NEG_L1n             2.7635
NEG_W2n             1.2674
NEG_L2n             -10.4803
NEG_W3n             -6.4386
NEG_L3n             5.1005
task                normal
DATASET             10
DataPath            ./dataset
InputNoise          0.0
IN_test             0.0
R_train             1
R_test              1
N_time              32
pathnorm            False
hidden              [3]
skipconnection      False
SEED                1
DEVICE              cpu
PATIENCE            500
EPOCH               10000000000
LR                  0.1
PROGRESSIVE         True
LR_PATIENCE         100
LR_DECAY            0.5
LR_MIN              0.0001
metric              acc
SoftEva             True
TIMELIMITATION      71
MODE                nominal
M_train             1
K_train             1
M_test              1
K_test              1
t_test_max          1
integration         MC
N_train             1
e_train             0.0
N_test              100
e_test              0.1
e_fault             2
fault_ratio         0.0
N_fault             50
e_fault_test        0
N_fault_test        50
dropout             0.0
lagrangian_loss     False
rho                 100
powerestimator      none
powerbalance        0.0
estimatorbalance    0.0
pgmin               1e-07
power_ratio         1000
lambda_P            100
areaestimator       none
areabalance         0.0
area_theta          0.15
area_act            30.0
area_neg            22.7
lambda_A            0.001
lnc                 False
projectname         tanh_0_FaultAnalysisNormal
temppath            ./tanh_0_FaultAnalysisNormal/temp/
logfilepath         ./tanh_0_FaultAnalysisNormal/log/
report_freq         10
recording           False
recordpath          ./tanh_0_FaultAnalysisNormal/record/
savepath            ./tanh_0_FaultAnalysisNormal/models/
loglevel            info


2024-09-12 13:58:07,552 - INFO -
Training network on device: cpu.

2024-09-12 13:58:07,552 - INFO -
Training setup: data_10_tictactoe_seed_01_epsilon_0.0_dropout_0.0_fault_ratio_0.0.model.

2024-09-12 13:58:07,552 - INFO -
{'dataname': 'tictactoe', 'N_feature': 9, 'N_class': 2, 'N_train': 397, 'N_valid': 127, 'N_test': 79}

2024-09-12 13:58:07,553 - INFO -
Training was already finished.

