2024-09-10 07:05:21,461 - INFO -
Configuration: 
gmin                0.01
gmax                10.0
T                   0.1
m                   0.3
type_nonlinear      normal
act                 tanh
ACT_R1n             12.7865
ACT_R2n             -3.1871
ACT_W1n             -10.4537
ACT_L1n             10.546
ACT_W2n             -5.8496
ACT_L2n             4.2337
S_R1n               -11.7481
S_R2n               -0.3905
S_W1n               -9.169
S_L1n               0.3913
S_W2n               7.2004
S_L2n               15.5558
ReLU_RHn            -1.9557
ReLU_RLn            -20.1581
ReLU_RDn            16.6486
ReLU_RBn            -14.3472
ReLU_Wn             16.655
ReLU_Ln             -21.7591
HS_Rn               -0.3766
HS_Wn               0.5192
HS_Ln               4.6293
NEG_R1n             -7.0846
NEG_R2n             -2.5695
NEG_R3n             16.1542
NEG_W1n             13.8696
NEG_L1n             2.7635
NEG_W2n             1.2674
NEG_L2n             -10.4803
NEG_W3n             -6.4386
NEG_L3n             5.1005
task                normal
DATASET             12
DataPath            ./dataset
InputNoise          0.0
IN_test             0.0
R_train             1
R_test              1
N_time              32
pathnorm            False
hidden              [3]
skipconnection      False
SEED                5
DEVICE              cpu
PATIENCE            500
EPOCH               10000000000
LR                  0.1
PROGRESSIVE         True
LR_PATIENCE         100
LR_DECAY            0.5
LR_MIN              0.0001
metric              acc
SoftEva             True
TIMELIMITATION      71
MODE                nominal
M_train             1
K_train             1
M_test              1
K_test              1
t_test_max          1
integration         MC
N_train             1
e_train             0.0
N_test              100
e_test              0.1
e_fault             2
fault_ratio         0.0
N_fault             50
e_fault_test        0
N_fault_test        50
dropout             0.0
lagrangian_loss     False
rho                 100
powerestimator      none
powerbalance        0.0
estimatorbalance    0.0
pgmin               1e-07
power_ratio         1000
lambda_P            100
areaestimator       none
areabalance         0.0
area_theta          0.15
area_act            30.0
area_neg            22.7
lambda_A            0.001
lnc                 False
projectname         tanh_0_FaultAnalysisNormal
temppath            ./tanh_0_FaultAnalysisNormal/temp/
logfilepath         ./tanh_0_FaultAnalysisNormal/log/
report_freq         10
recording           False
recordpath          ./tanh_0_FaultAnalysisNormal/record/
savepath            ./tanh_0_FaultAnalysisNormal/models/
loglevel            info


2024-09-10 07:05:21,461 - INFO -
Training network on device: cpu.

2024-09-10 07:05:21,461 - INFO -
Training setup: data_12_vertebralcolumn3clases_seed_05_epsilon_0.0_dropout_0.0_fault_ratio_0.0.model.

2024-09-10 07:05:21,461 - INFO -
{'dataname': 'vertebralcolumn3clases', 'N_feature': 6, 'N_class': 3, 'N_train': 184, 'N_valid': 61, 'N_test': 63}

2024-09-10 07:05:21,462 - INFO -
Topology of the network: [6, 3, 3].

2024-09-10 07:05:22,471 - INFO -
| Epoch:      0 | Train loss: 1.0987e+00 | Valid loss: 1.0470e+00 | Train acc: 0.2174 ± 0.0000 | Valid acc: 0.5246 ± 0.0000 | Valid Power: 0.0008 | Train Power: 0.0005 | patience:   0 | lr: 0.1 | Epoch time: 0.1 |

2024-09-10 07:05:23,599 - INFO -
| Epoch:     10 | Train loss: 1.0518e+00 | Valid loss: 1.0225e+00 | Train acc: 0.4783 ± 0.0000 | Valid acc: 0.5246 ± 0.0000 | Valid Power: 0.0008 | Train Power: 0.0008 | patience:   6 | lr: 0.1 | Epoch time: 0.1 |

2024-09-10 07:05:24,722 - INFO -
| Epoch:     20 | Train loss: 1.0339e+00 | Valid loss: 9.7863e-01 | Train acc: 0.4783 ± 0.0000 | Valid acc: 0.5246 ± 0.0000 | Valid Power: 0.0008 | Train Power: 0.0008 | patience:   0 | lr: 0.1 | Epoch time: 0.1 |

2024-09-10 07:05:25,858 - INFO -
| Epoch:     30 | Train loss: 8.9378e-01 | Valid loss: 9.0001e-01 | Train acc: 0.6087 ± 0.0000 | Valid acc: 0.6557 ± 0.0000 | Valid Power: 0.0011 | Train Power: 0.0009 | patience:   1 | lr: 0.1 | Epoch time: 0.1 |

2024-09-10 07:05:26,965 - INFO -
| Epoch:     40 | Train loss: 8.2132e-01 | Valid loss: 8.8317e-01 | Train acc: 0.6359 ± 0.0000 | Valid acc: 0.6066 ± 0.0000 | Valid Power: 0.0009 | Train Power: 0.0009 | patience:   8 | lr: 0.1 | Epoch time: 0.1 |

2024-09-10 07:05:28,071 - INFO -
| Epoch:     50 | Train loss: 8.0586e-01 | Valid loss: 8.6043e-01 | Train acc: 0.6250 ± 0.0000 | Valid acc: 0.6066 ± 0.0000 | Valid Power: 0.0009 | Train Power: 0.0009 | patience:   3 | lr: 0.1 | Epoch time: 0.1 |

2024-09-10 07:05:29,181 - INFO -
| Epoch:     60 | Train loss: 8.3420e-01 | Valid loss: 1.0024e+00 | Train acc: 0.6087 ± 0.0000 | Valid acc: 0.5246 ± 0.0000 | Valid Power: 0.0009 | Train Power: 0.0009 | patience:   5 | lr: 0.1 | Epoch time: 0.1 |

2024-09-10 07:05:30,284 - INFO -
| Epoch:     70 | Train loss: 7.9958e-01 | Valid loss: 8.5037e-01 | Train acc: 0.6413 ± 0.0000 | Valid acc: 0.6066 ± 0.0000 | Valid Power: 0.0009 | Train Power: 0.0008 | patience:  15 | lr: 0.1 | Epoch time: 0.1 |

2024-09-10 07:05:31,382 - INFO -
| Epoch:     80 | Train loss: 8.0256e-01 | Valid loss: 8.4099e-01 | Train acc: 0.6359 ± 0.0000 | Valid acc: 0.6557 ± 0.0000 | Valid Power: 0.0009 | Train Power: 0.0009 | patience:  25 | lr: 0.1 | Epoch time: 0.1 |

2024-09-10 07:05:32,498 - INFO -
| Epoch:     90 | Train loss: 7.9559e-01 | Valid loss: 8.7304e-01 | Train acc: 0.6359 ± 0.0000 | Valid acc: 0.6066 ± 0.0000 | Valid Power: 0.0008 | Train Power: 0.0008 | patience:   8 | lr: 0.1 | Epoch time: 0.1 |

2024-09-10 07:05:33,605 - INFO -
| Epoch:    100 | Train loss: 8.0018e-01 | Valid loss: 8.6486e-01 | Train acc: 0.6359 ± 0.0000 | Valid acc: 0.6230 ± 0.0000 | Valid Power: 0.0009 | Train Power: 0.0010 | patience:  18 | lr: 0.1 | Epoch time: 0.1 |

2024-09-10 07:05:34,722 - INFO -
| Epoch:    110 | Train loss: 7.8401e-01 | Valid loss: 9.4074e-01 | Train acc: 0.6413 ± 0.0000 | Valid acc: 0.5410 ± 0.0000 | Valid Power: 0.0009 | Train Power: 0.0009 | patience:  28 | lr: 0.1 | Epoch time: 0.1 |

2024-09-10 07:05:35,821 - INFO -
| Epoch:    120 | Train loss: 8.0386e-01 | Valid loss: 8.5282e-01 | Train acc: 0.6304 ± 0.0000 | Valid acc: 0.6230 ± 0.0000 | Valid Power: 0.0010 | Train Power: 0.0010 | patience:  38 | lr: 0.1 | Epoch time: 0.1 |

2024-09-10 07:05:36,910 - INFO -
| Epoch:    130 | Train loss: 7.8434e-01 | Valid loss: 9.2839e-01 | Train acc: 0.6359 ± 0.0000 | Valid acc: 0.5410 ± 0.0000 | Valid Power: 0.0009 | Train Power: 0.0009 | patience:  48 | lr: 0.1 | Epoch time: 0.1 |

2024-09-10 07:05:38,100 - INFO -
| Epoch:    140 | Train loss: 7.7686e-01 | Valid loss: 8.8193e-01 | Train acc: 0.6413 ± 0.0000 | Valid acc: 0.5738 ± 0.0000 | Valid Power: 0.0010 | Train Power: 0.0009 | patience:  58 | lr: 0.1 | Epoch time: 0.1 |

2024-09-10 07:05:39,194 - INFO -
| Epoch:    150 | Train loss: 7.7219e-01 | Valid loss: 8.7913e-01 | Train acc: 0.6413 ± 0.0000 | Valid acc: 0.5738 ± 0.0000 | Valid Power: 0.0010 | Train Power: 0.0015 | patience:  68 | lr: 0.1 | Epoch time: 0.1 |

2024-09-10 07:05:40,282 - INFO -
| Epoch:    160 | Train loss: 8.0361e-01 | Valid loss: 8.9833e-01 | Train acc: 0.6359 ± 0.0000 | Valid acc: 0.6230 ± 0.0000 | Valid Power: 0.0009 | Train Power: 0.0010 | patience:  78 | lr: 0.1 | Epoch time: 0.1 |

2024-09-10 07:05:41,370 - INFO -
| Epoch:    170 | Train loss: 7.9452e-01 | Valid loss: 8.6296e-01 | Train acc: 0.6359 ± 0.0000 | Valid acc: 0.6230 ± 0.0000 | Valid Power: 0.0010 | Train Power: 0.0011 | patience:  88 | lr: 0.1 | Epoch time: 0.1 |

2024-09-10 07:05:42,454 - INFO -
| Epoch:    180 | Train loss: 7.9356e-01 | Valid loss: 8.5914e-01 | Train acc: 0.6304 ± 0.0000 | Valid acc: 0.6230 ± 0.0000 | Valid Power: 0.0011 | Train Power: 0.0013 | patience:  98 | lr: 0.1 | Epoch time: 0.1 |

2024-09-10 07:05:42,784 - INFO -
load best network to warm start training with lower lr.

2024-09-10 07:05:42,784 - INFO -
lr update to 0.05.

2024-09-10 07:05:43,546 - INFO -
| Epoch:    190 | Train loss: 7.8846e-01 | Valid loss: 9.2902e-01 | Train acc: 0.6359 ± 0.0000 | Valid acc: 0.5574 ± 0.0000 | Valid Power: 0.0010 | Train Power: 0.0010 | patience:   7 | lr: 0.05 | Epoch time: 0.1 |

2024-09-10 07:05:44,637 - INFO -
| Epoch:    200 | Train loss: 7.8066e-01 | Valid loss: 8.9465e-01 | Train acc: 0.6413 ± 0.0000 | Valid acc: 0.5738 ± 0.0000 | Valid Power: 0.0010 | Train Power: 0.0010 | patience:  17 | lr: 0.05 | Epoch time: 0.1 |

2024-09-10 07:05:45,726 - INFO -
| Epoch:    210 | Train loss: 7.7765e-01 | Valid loss: 8.8231e-01 | Train acc: 0.6413 ± 0.0000 | Valid acc: 0.5738 ± 0.0000 | Valid Power: 0.0010 | Train Power: 0.0010 | patience:  27 | lr: 0.05 | Epoch time: 0.1 |

2024-09-10 07:05:46,815 - INFO -
| Epoch:    220 | Train loss: 7.9566e-01 | Valid loss: 9.4212e-01 | Train acc: 0.6413 ± 0.0000 | Valid acc: 0.5574 ± 0.0000 | Valid Power: 0.0010 | Train Power: 0.0010 | patience:  37 | lr: 0.05 | Epoch time: 0.1 |

2024-09-10 07:05:47,901 - INFO -
| Epoch:    230 | Train loss: 7.7833e-01 | Valid loss: 8.7707e-01 | Train acc: 0.6413 ± 0.0000 | Valid acc: 0.5738 ± 0.0000 | Valid Power: 0.0011 | Train Power: 0.0010 | patience:  47 | lr: 0.05 | Epoch time: 0.1 |

2024-09-10 07:05:48,989 - INFO -
| Epoch:    240 | Train loss: 7.7795e-01 | Valid loss: 8.8128e-01 | Train acc: 0.6413 ± 0.0000 | Valid acc: 0.5738 ± 0.0000 | Valid Power: 0.0010 | Train Power: 0.0010 | patience:  57 | lr: 0.05 | Epoch time: 0.1 |

2024-09-10 07:05:50,077 - INFO -
| Epoch:    250 | Train loss: 7.7495e-01 | Valid loss: 8.8232e-01 | Train acc: 0.6413 ± 0.0000 | Valid acc: 0.5738 ± 0.0000 | Valid Power: 0.0010 | Train Power: 0.0010 | patience:  67 | lr: 0.05 | Epoch time: 0.1 |

2024-09-10 07:05:51,163 - INFO -
| Epoch:    260 | Train loss: 7.7338e-01 | Valid loss: 8.8135e-01 | Train acc: 0.6467 ± 0.0000 | Valid acc: 0.5574 ± 0.0000 | Valid Power: 0.0010 | Train Power: 0.0010 | patience:  77 | lr: 0.05 | Epoch time: 0.1 |

2024-09-10 07:05:52,256 - INFO -
| Epoch:    270 | Train loss: 7.7336e-01 | Valid loss: 8.7729e-01 | Train acc: 0.6413 ± 0.0000 | Valid acc: 0.5738 ± 0.0000 | Valid Power: 0.0010 | Train Power: 0.0010 | patience:  87 | lr: 0.05 | Epoch time: 0.1 |

2024-09-10 07:05:53,345 - INFO -
| Epoch:    280 | Train loss: 7.7149e-01 | Valid loss: 8.7883e-01 | Train acc: 0.6413 ± 0.0000 | Valid acc: 0.5738 ± 0.0000 | Valid Power: 0.0010 | Train Power: 0.0010 | patience:  97 | lr: 0.05 | Epoch time: 0.1 |

2024-09-10 07:05:53,785 - INFO -
load best network to warm start training with lower lr.

2024-09-10 07:05:53,785 - INFO -
lr update to 0.025.

2024-09-10 07:05:54,441 - INFO -
| Epoch:    290 | Train loss: 7.9457e-01 | Valid loss: 8.5662e-01 | Train acc: 0.6359 ± 0.0000 | Valid acc: 0.6066 ± 0.0000 | Valid Power: 0.0010 | Train Power: 0.0010 | patience:   6 | lr: 0.025 | Epoch time: 0.1 |

2024-09-10 07:05:55,526 - INFO -
| Epoch:    300 | Train loss: 7.7979e-01 | Valid loss: 9.0315e-01 | Train acc: 0.6413 ± 0.0000 | Valid acc: 0.5574 ± 0.0000 | Valid Power: 0.0010 | Train Power: 0.0010 | patience:  16 | lr: 0.025 | Epoch time: 0.1 |

2024-09-10 07:05:56,614 - INFO -
| Epoch:    310 | Train loss: 7.8100e-01 | Valid loss: 8.9975e-01 | Train acc: 0.6413 ± 0.0000 | Valid acc: 0.5574 ± 0.0000 | Valid Power: 0.0010 | Train Power: 0.0010 | patience:  26 | lr: 0.025 | Epoch time: 0.1 |

2024-09-10 07:05:57,698 - INFO -
| Epoch:    320 | Train loss: 7.7794e-01 | Valid loss: 8.9709e-01 | Train acc: 0.6413 ± 0.0000 | Valid acc: 0.5574 ± 0.0000 | Valid Power: 0.0010 | Train Power: 0.0023 | patience:  36 | lr: 0.025 | Epoch time: 0.1 |

2024-09-10 07:05:58,783 - INFO -
| Epoch:    330 | Train loss: 7.7740e-01 | Valid loss: 8.8448e-01 | Train acc: 0.6413 ± 0.0000 | Valid acc: 0.5738 ± 0.0000 | Valid Power: 0.0010 | Train Power: 0.0010 | patience:  46 | lr: 0.025 | Epoch time: 0.1 |

2024-09-10 07:05:59,872 - INFO -
| Epoch:    340 | Train loss: 7.7473e-01 | Valid loss: 8.8756e-01 | Train acc: 0.6467 ± 0.0000 | Valid acc: 0.5574 ± 0.0000 | Valid Power: 0.0010 | Train Power: 0.0010 | patience:  56 | lr: 0.025 | Epoch time: 0.1 |

2024-09-10 07:06:00,958 - INFO -
| Epoch:    350 | Train loss: 7.7368e-01 | Valid loss: 8.8711e-01 | Train acc: 0.6467 ± 0.0000 | Valid acc: 0.5738 ± 0.0000 | Valid Power: 0.0010 | Train Power: 0.0010 | patience:  66 | lr: 0.025 | Epoch time: 0.1 |

2024-09-10 07:06:02,044 - INFO -
| Epoch:    360 | Train loss: 7.7307e-01 | Valid loss: 8.9703e-01 | Train acc: 0.6467 ± 0.0000 | Valid acc: 0.5574 ± 0.0000 | Valid Power: 0.0010 | Train Power: 0.0010 | patience:  76 | lr: 0.025 | Epoch time: 0.1 |

2024-09-10 07:06:03,130 - INFO -
| Epoch:    370 | Train loss: 7.7195e-01 | Valid loss: 8.8923e-01 | Train acc: 0.6467 ± 0.0000 | Valid acc: 0.5574 ± 0.0000 | Valid Power: 0.0010 | Train Power: 0.0010 | patience:  86 | lr: 0.025 | Epoch time: 0.1 |

2024-09-10 07:06:04,226 - INFO -
| Epoch:    380 | Train loss: 7.7147e-01 | Valid loss: 8.8564e-01 | Train acc: 0.6467 ± 0.0000 | Valid acc: 0.5738 ± 0.0000 | Valid Power: 0.0010 | Train Power: 0.0010 | patience:  96 | lr: 0.025 | Epoch time: 0.1 |

2024-09-10 07:06:04,771 - INFO -
load best network to warm start training with lower lr.

2024-09-10 07:06:04,771 - INFO -
lr update to 0.0125.

2024-09-10 07:06:05,319 - INFO -
| Epoch:    390 | Train loss: 8.1239e-01 | Valid loss: 8.3380e-01 | Train acc: 0.6359 ± 0.0000 | Valid acc: 0.6557 ± 0.0000 | Valid Power: 0.0010 | Train Power: 0.0010 | patience:   4 | lr: 0.0125 | Epoch time: 0.1 |

2024-09-10 07:06:06,404 - INFO -
| Epoch:    400 | Train loss: 8.0398e-01 | Valid loss: 8.3650e-01 | Train acc: 0.6304 ± 0.0000 | Valid acc: 0.6557 ± 0.0000 | Valid Power: 0.0010 | Train Power: 0.0010 | patience:  14 | lr: 0.0125 | Epoch time: 0.1 |

2024-09-10 07:06:07,493 - INFO -
| Epoch:    410 | Train loss: 8.0046e-01 | Valid loss: 8.3897e-01 | Train acc: 0.6359 ± 0.0000 | Valid acc: 0.6557 ± 0.0000 | Valid Power: 0.0010 | Train Power: 0.0010 | patience:  24 | lr: 0.0125 | Epoch time: 0.1 |

2024-09-10 07:06:08,580 - INFO -
| Epoch:    420 | Train loss: 7.9910e-01 | Valid loss: 8.3966e-01 | Train acc: 0.6359 ± 0.0000 | Valid acc: 0.6557 ± 0.0000 | Valid Power: 0.0010 | Train Power: 0.0010 | patience:  34 | lr: 0.0125 | Epoch time: 0.1 |

2024-09-10 07:06:09,668 - INFO -
| Epoch:    430 | Train loss: 7.9846e-01 | Valid loss: 8.3854e-01 | Train acc: 0.6359 ± 0.0000 | Valid acc: 0.6557 ± 0.0000 | Valid Power: 0.0010 | Train Power: 0.0010 | patience:  44 | lr: 0.0125 | Epoch time: 0.1 |

2024-09-10 07:06:10,758 - INFO -
| Epoch:    440 | Train loss: 7.9826e-01 | Valid loss: 8.3703e-01 | Train acc: 0.6359 ± 0.0000 | Valid acc: 0.6557 ± 0.0000 | Valid Power: 0.0010 | Train Power: 0.0010 | patience:  54 | lr: 0.0125 | Epoch time: 0.1 |

2024-09-10 07:06:11,844 - INFO -
| Epoch:    450 | Train loss: 7.9808e-01 | Valid loss: 8.4069e-01 | Train acc: 0.6359 ± 0.0000 | Valid acc: 0.6557 ± 0.0000 | Valid Power: 0.0010 | Train Power: 0.0010 | patience:  64 | lr: 0.0125 | Epoch time: 0.1 |

2024-09-10 07:06:12,928 - INFO -
| Epoch:    460 | Train loss: 7.9788e-01 | Valid loss: 8.5346e-01 | Train acc: 0.6359 ± 0.0000 | Valid acc: 0.6230 ± 0.0000 | Valid Power: 0.0010 | Train Power: 0.0010 | patience:  74 | lr: 0.0125 | Epoch time: 0.1 |

2024-09-10 07:06:14,013 - INFO -
| Epoch:    470 | Train loss: 7.9744e-01 | Valid loss: 8.7729e-01 | Train acc: 0.6359 ± 0.0000 | Valid acc: 0.6066 ± 0.0000 | Valid Power: 0.0010 | Train Power: 0.0010 | patience:  84 | lr: 0.0125 | Epoch time: 0.1 |

2024-09-10 07:06:15,101 - INFO -
| Epoch:    480 | Train loss: 7.9685e-01 | Valid loss: 8.7908e-01 | Train acc: 0.6359 ± 0.0000 | Valid acc: 0.6066 ± 0.0000 | Valid Power: 0.0010 | Train Power: 0.0010 | patience:  94 | lr: 0.0125 | Epoch time: 0.1 |

2024-09-10 07:06:15,864 - INFO -
load best network to warm start training with lower lr.

2024-09-10 07:06:15,865 - INFO -
lr update to 0.00625.

2024-09-10 07:06:16,190 - INFO -
| Epoch:    490 | Train loss: 8.1192e-01 | Valid loss: 8.3299e-01 | Train acc: 0.6359 ± 0.0000 | Valid acc: 0.6557 ± 0.0000 | Valid Power: 0.0010 | Train Power: 0.0010 | patience:   3 | lr: 0.00625 | Epoch time: 0.1 |

2024-09-10 07:06:17,280 - INFO -
| Epoch:    500 | Train loss: 8.0762e-01 | Valid loss: 8.3454e-01 | Train acc: 0.6304 ± 0.0000 | Valid acc: 0.6557 ± 0.0000 | Valid Power: 0.0010 | Train Power: 0.0010 | patience:  13 | lr: 0.00625 | Epoch time: 0.1 |

2024-09-10 07:06:18,366 - INFO -
| Epoch:    510 | Train loss: 8.0473e-01 | Valid loss: 8.3580e-01 | Train acc: 0.6304 ± 0.0000 | Valid acc: 0.6557 ± 0.0000 | Valid Power: 0.0010 | Train Power: 0.0010 | patience:  23 | lr: 0.00625 | Epoch time: 0.1 |

2024-09-10 07:06:19,451 - INFO -
| Epoch:    520 | Train loss: 8.0254e-01 | Valid loss: 8.3676e-01 | Train acc: 0.6359 ± 0.0000 | Valid acc: 0.6557 ± 0.0000 | Valid Power: 0.0010 | Train Power: 0.0010 | patience:  33 | lr: 0.00625 | Epoch time: 0.1 |

2024-09-10 07:06:20,537 - INFO -
| Epoch:    530 | Train loss: 8.0108e-01 | Valid loss: 8.3724e-01 | Train acc: 0.6359 ± 0.0000 | Valid acc: 0.6557 ± 0.0000 | Valid Power: 0.0010 | Train Power: 0.0010 | patience:  43 | lr: 0.00625 | Epoch time: 0.1 |

2024-09-10 07:06:21,623 - INFO -
| Epoch:    540 | Train loss: 8.0006e-01 | Valid loss: 8.3733e-01 | Train acc: 0.6359 ± 0.0000 | Valid acc: 0.6557 ± 0.0000 | Valid Power: 0.0010 | Train Power: 0.0010 | patience:  53 | lr: 0.00625 | Epoch time: 0.1 |

2024-09-10 07:06:22,709 - INFO -
| Epoch:    550 | Train loss: 7.9939e-01 | Valid loss: 8.3715e-01 | Train acc: 0.6359 ± 0.0000 | Valid acc: 0.6557 ± 0.0000 | Valid Power: 0.0010 | Train Power: 0.0010 | patience:  63 | lr: 0.00625 | Epoch time: 0.1 |

2024-09-10 07:06:23,793 - INFO -
| Epoch:    560 | Train loss: 7.9898e-01 | Valid loss: 8.3687e-01 | Train acc: 0.6359 ± 0.0000 | Valid acc: 0.6557 ± 0.0000 | Valid Power: 0.0010 | Train Power: 0.0010 | patience:  73 | lr: 0.00625 | Epoch time: 0.1 |

2024-09-10 07:06:24,884 - INFO -
| Epoch:    570 | Train loss: 7.9873e-01 | Valid loss: 8.3687e-01 | Train acc: 0.6359 ± 0.0000 | Valid acc: 0.6557 ± 0.0000 | Valid Power: 0.0010 | Train Power: 0.0010 | patience:  83 | lr: 0.00625 | Epoch time: 0.1 |

2024-09-10 07:06:25,971 - INFO -
| Epoch:    580 | Train loss: 7.9856e-01 | Valid loss: 8.3704e-01 | Train acc: 0.6359 ± 0.0000 | Valid acc: 0.6557 ± 0.0000 | Valid Power: 0.0010 | Train Power: 0.0010 | patience:  93 | lr: 0.00625 | Epoch time: 0.1 |

2024-09-10 07:06:26,842 - INFO -
load best network to warm start training with lower lr.

2024-09-10 07:06:26,842 - INFO -
lr update to 0.003125.

2024-09-10 07:06:27,059 - INFO -
| Epoch:    590 | Train loss: 8.1764e-01 | Valid loss: 8.3273e-01 | Train acc: 0.6304 ± 0.0000 | Valid acc: 0.6557 ± 0.0000 | Valid Power: 0.0010 | Train Power: 0.0010 | patience:   2 | lr: 0.003125 | Epoch time: 0.1 |

2024-09-10 07:06:28,226 - INFO -
| Epoch:    600 | Train loss: 8.1039e-01 | Valid loss: 8.3343e-01 | Train acc: 0.6359 ± 0.0000 | Valid acc: 0.6557 ± 0.0000 | Valid Power: 0.0010 | Train Power: 0.0010 | patience:  12 | lr: 0.003125 | Epoch time: 0.1 |

2024-09-10 07:06:29,311 - INFO -
| Epoch:    610 | Train loss: 8.0818e-01 | Valid loss: 8.3413e-01 | Train acc: 0.6359 ± 0.0000 | Valid acc: 0.6557 ± 0.0000 | Valid Power: 0.0010 | Train Power: 0.0010 | patience:  22 | lr: 0.003125 | Epoch time: 0.1 |

2024-09-10 07:06:30,394 - INFO -
| Epoch:    620 | Train loss: 8.0646e-01 | Valid loss: 8.3472e-01 | Train acc: 0.6359 ± 0.0000 | Valid acc: 0.6557 ± 0.0000 | Valid Power: 0.0011 | Train Power: 0.0041 | patience:  32 | lr: 0.003125 | Epoch time: 0.1 |

2024-09-10 07:06:31,478 - INFO -
| Epoch:    630 | Train loss: 8.0503e-01 | Valid loss: 8.3518e-01 | Train acc: 0.6359 ± 0.0000 | Valid acc: 0.6557 ± 0.0000 | Valid Power: 0.0010 | Train Power: 0.0010 | patience:  42 | lr: 0.003125 | Epoch time: 0.1 |

2024-09-10 07:06:32,562 - INFO -
| Epoch:    640 | Train loss: 8.0385e-01 | Valid loss: 8.3550e-01 | Train acc: 0.6359 ± 0.0000 | Valid acc: 0.6557 ± 0.0000 | Valid Power: 0.0010 | Train Power: 0.0010 | patience:  52 | lr: 0.003125 | Epoch time: 0.1 |

2024-09-10 07:06:33,647 - INFO -
| Epoch:    650 | Train loss: 8.0286e-01 | Valid loss: 8.3576e-01 | Train acc: 0.6359 ± 0.0000 | Valid acc: 0.6557 ± 0.0000 | Valid Power: 0.0010 | Train Power: 0.0010 | patience:  62 | lr: 0.003125 | Epoch time: 0.1 |

2024-09-10 07:06:34,740 - INFO -
| Epoch:    660 | Train loss: 8.0202e-01 | Valid loss: 8.3590e-01 | Train acc: 0.6359 ± 0.0000 | Valid acc: 0.6557 ± 0.0000 | Valid Power: 0.0010 | Train Power: 0.0010 | patience:  72 | lr: 0.003125 | Epoch time: 0.1 |

2024-09-10 07:06:35,826 - INFO -
| Epoch:    670 | Train loss: 8.0133e-01 | Valid loss: 8.3601e-01 | Train acc: 0.6359 ± 0.0000 | Valid acc: 0.6557 ± 0.0000 | Valid Power: 0.0010 | Train Power: 0.0010 | patience:  82 | lr: 0.003125 | Epoch time: 0.1 |

2024-09-10 07:06:36,909 - INFO -
| Epoch:    680 | Train loss: 8.0076e-01 | Valid loss: 8.3608e-01 | Train acc: 0.6359 ± 0.0000 | Valid acc: 0.6557 ± 0.0000 | Valid Power: 0.0010 | Train Power: 0.0010 | patience:  92 | lr: 0.003125 | Epoch time: 0.1 |

2024-09-10 07:06:37,892 - INFO -
load best network to warm start training with lower lr.

2024-09-10 07:06:37,892 - INFO -
lr update to 0.0015625.

2024-09-10 07:06:38,001 - INFO -
| Epoch:    690 | Train loss: 8.1875e-01 | Valid loss: 8.3253e-01 | Train acc: 0.6304 ± 0.0000 | Valid acc: 0.6557 ± 0.0000 | Valid Power: 0.0010 | Train Power: 0.0010 | patience:   1 | lr: 0.0015625 | Epoch time: 0.1 |

2024-09-10 07:06:39,084 - INFO -
| Epoch:    700 | Train loss: 8.1200e-01 | Valid loss: 8.3295e-01 | Train acc: 0.6359 ± 0.0000 | Valid acc: 0.6557 ± 0.0000 | Valid Power: 0.0010 | Train Power: 0.0010 | patience:  11 | lr: 0.0015625 | Epoch time: 0.1 |

2024-09-10 07:06:40,168 - INFO -
| Epoch:    710 | Train loss: 8.1053e-01 | Valid loss: 8.3329e-01 | Train acc: 0.6359 ± 0.0000 | Valid acc: 0.6557 ± 0.0000 | Valid Power: 0.0010 | Train Power: 0.0010 | patience:  21 | lr: 0.0015625 | Epoch time: 0.1 |

2024-09-10 07:06:41,260 - INFO -
| Epoch:    720 | Train loss: 8.0951e-01 | Valid loss: 8.3360e-01 | Train acc: 0.6304 ± 0.0000 | Valid acc: 0.6557 ± 0.0000 | Valid Power: 0.0010 | Train Power: 0.0010 | patience:  31 | lr: 0.0015625 | Epoch time: 0.1 |

2024-09-10 07:06:42,317 - INFO -
| Epoch:    730 | Train loss: 8.0843e-01 | Valid loss: 8.3390e-01 | Train acc: 0.6359 ± 0.0000 | Valid acc: 0.6557 ± 0.0000 | Valid Power: 0.0010 | Train Power: 0.0010 | patience:  41 | lr: 0.0015625 | Epoch time: 0.1 |

2024-09-10 07:06:43,290 - INFO -
| Epoch:    740 | Train loss: 8.0749e-01 | Valid loss: 8.3414e-01 | Train acc: 0.6359 ± 0.0000 | Valid acc: 0.6557 ± 0.0000 | Valid Power: 0.0010 | Train Power: 0.0010 | patience:  51 | lr: 0.0015625 | Epoch time: 0.1 |

2024-09-10 07:06:44,258 - INFO -
| Epoch:    750 | Train loss: 8.0667e-01 | Valid loss: 8.3435e-01 | Train acc: 0.6359 ± 0.0000 | Valid acc: 0.6557 ± 0.0000 | Valid Power: 0.0011 | Train Power: 0.0010 | patience:  61 | lr: 0.0015625 | Epoch time: 0.1 |

2024-09-10 07:06:45,227 - INFO -
| Epoch:    760 | Train loss: 8.0592e-01 | Valid loss: 8.3454e-01 | Train acc: 0.6359 ± 0.0000 | Valid acc: 0.6557 ± 0.0000 | Valid Power: 0.0013 | Train Power: 0.0014 | patience:  71 | lr: 0.0015625 | Epoch time: 0.1 |

2024-09-10 07:06:46,189 - INFO -
| Epoch:    770 | Train loss: 8.0523e-01 | Valid loss: 8.3469e-01 | Train acc: 0.6359 ± 0.0000 | Valid acc: 0.6557 ± 0.0000 | Valid Power: 0.0011 | Train Power: 0.0011 | patience:  81 | lr: 0.0015625 | Epoch time: 0.1 |

2024-09-10 07:06:47,157 - INFO -
| Epoch:    780 | Train loss: 8.0460e-01 | Valid loss: 8.3484e-01 | Train acc: 0.6359 ± 0.0000 | Valid acc: 0.6557 ± 0.0000 | Valid Power: 0.0011 | Train Power: 0.0011 | patience:  91 | lr: 0.0015625 | Epoch time: 0.1 |

2024-09-10 07:06:48,128 - INFO -
load best network to warm start training with lower lr.

2024-09-10 07:06:48,128 - INFO -
lr update to 0.00078125.

2024-09-10 07:06:48,128 - INFO -
| Epoch:    790 | Train loss: 8.0403e-01 | Valid loss: 8.3496e-01 | Train acc: 0.6359 ± 0.0000 | Valid acc: 0.6557 ± 0.0000 | Valid Power: 0.0011 | Train Power: 0.0010 | patience:   0 | lr: 0.00078125 | Epoch time: 0.1 |

2024-09-10 07:06:49,099 - INFO -
| Epoch:    800 | Train loss: 8.1402e-01 | Valid loss: 8.3277e-01 | Train acc: 0.6304 ± 0.0000 | Valid acc: 0.6557 ± 0.0000 | Valid Power: 0.0010 | Train Power: 0.0010 | patience:  10 | lr: 0.00078125 | Epoch time: 0.1 |

2024-09-10 07:06:50,067 - INFO -
| Epoch:    810 | Train loss: 8.1193e-01 | Valid loss: 8.3290e-01 | Train acc: 0.6359 ± 0.0000 | Valid acc: 0.6557 ± 0.0000 | Valid Power: 0.0010 | Train Power: 0.0010 | patience:  20 | lr: 0.00078125 | Epoch time: 0.1 |

2024-09-10 07:06:51,038 - INFO -
| Epoch:    820 | Train loss: 8.1136e-01 | Valid loss: 8.3306e-01 | Train acc: 0.6359 ± 0.0000 | Valid acc: 0.6557 ± 0.0000 | Valid Power: 0.0010 | Train Power: 0.0010 | patience:  30 | lr: 0.00078125 | Epoch time: 0.1 |

2024-09-10 07:06:51,988 - INFO -
| Epoch:    830 | Train loss: 8.1055e-01 | Valid loss: 8.3321e-01 | Train acc: 0.6359 ± 0.0000 | Valid acc: 0.6557 ± 0.0000 | Valid Power: 0.0010 | Train Power: 0.0010 | patience:  40 | lr: 0.00078125 | Epoch time: 0.1 |

2024-09-10 07:06:52,948 - INFO -
| Epoch:    840 | Train loss: 8.1002e-01 | Valid loss: 8.3335e-01 | Train acc: 0.6304 ± 0.0000 | Valid acc: 0.6557 ± 0.0000 | Valid Power: 0.0010 | Train Power: 0.0010 | patience:  50 | lr: 0.00078125 | Epoch time: 0.1 |

2024-09-10 07:06:53,906 - INFO -
| Epoch:    850 | Train loss: 8.0946e-01 | Valid loss: 8.3348e-01 | Train acc: 0.6359 ± 0.0000 | Valid acc: 0.6557 ± 0.0000 | Valid Power: 0.0010 | Train Power: 0.0010 | patience:  60 | lr: 0.00078125 | Epoch time: 0.1 |

2024-09-10 07:06:54,864 - INFO -
| Epoch:    860 | Train loss: 8.0895e-01 | Valid loss: 8.3360e-01 | Train acc: 0.6359 ± 0.0000 | Valid acc: 0.6557 ± 0.0000 | Valid Power: 0.0010 | Train Power: 0.0010 | patience:  70 | lr: 0.00078125 | Epoch time: 0.1 |

2024-09-10 07:06:55,815 - INFO -
| Epoch:    870 | Train loss: 8.0846e-01 | Valid loss: 8.3371e-01 | Train acc: 0.6359 ± 0.0000 | Valid acc: 0.6557 ± 0.0000 | Valid Power: 0.0010 | Train Power: 0.0010 | patience:  80 | lr: 0.00078125 | Epoch time: 0.1 |

2024-09-10 07:06:56,769 - INFO -
| Epoch:    880 | Train loss: 8.0800e-01 | Valid loss: 8.3382e-01 | Train acc: 0.6359 ± 0.0000 | Valid acc: 0.6557 ± 0.0000 | Valid Power: 0.0010 | Train Power: 0.0010 | patience:  90 | lr: 0.00078125 | Epoch time: 0.1 |

2024-09-10 07:06:57,721 - INFO -
| Epoch:    890 | Train loss: 8.0756e-01 | Valid loss: 8.3392e-01 | Train acc: 0.6359 ± 0.0000 | Valid acc: 0.6557 ± 0.0000 | Valid Power: 0.0010 | Train Power: 0.0010 | patience: 100 | lr: 0.00078125 | Epoch time: 0.1 |

2024-09-10 07:06:57,819 - INFO -
load best network to warm start training with lower lr.

2024-09-10 07:06:57,819 - INFO -
lr update to 0.000390625.

2024-09-10 07:06:58,693 - INFO -
| Epoch:    900 | Train loss: 8.1763e-01 | Valid loss: 8.3265e-01 | Train acc: 0.6304 ± 0.0000 | Valid acc: 0.6557 ± 0.0000 | Valid Power: 0.0010 | Train Power: 0.0010 | patience:   9 | lr: 0.000390625 | Epoch time: 0.1 |

2024-09-10 07:06:59,633 - INFO -
| Epoch:    910 | Train loss: 8.1365e-01 | Valid loss: 8.3276e-01 | Train acc: 0.6304 ± 0.0000 | Valid acc: 0.6557 ± 0.0000 | Valid Power: 0.0010 | Train Power: 0.0010 | patience:  19 | lr: 0.000390625 | Epoch time: 0.1 |

2024-09-10 07:07:00,570 - INFO -
| Epoch:    920 | Train loss: 8.1205e-01 | Valid loss: 8.3282e-01 | Train acc: 0.6359 ± 0.0000 | Valid acc: 0.6557 ± 0.0000 | Valid Power: 0.0010 | Train Power: 0.0010 | patience:  29 | lr: 0.000390625 | Epoch time: 0.1 |

2024-09-10 07:07:01,515 - INFO -
| Epoch:    930 | Train loss: 8.1184e-01 | Valid loss: 8.3288e-01 | Train acc: 0.6359 ± 0.0000 | Valid acc: 0.6557 ± 0.0000 | Valid Power: 0.0010 | Train Power: 0.0010 | patience:  39 | lr: 0.000390625 | Epoch time: 0.1 |

2024-09-10 07:07:02,461 - INFO -
| Epoch:    940 | Train loss: 8.1152e-01 | Valid loss: 8.3295e-01 | Train acc: 0.6359 ± 0.0000 | Valid acc: 0.6557 ± 0.0000 | Valid Power: 0.0010 | Train Power: 0.0010 | patience:  49 | lr: 0.000390625 | Epoch time: 0.1 |

2024-09-10 07:07:03,408 - INFO -
| Epoch:    950 | Train loss: 8.1116e-01 | Valid loss: 8.3302e-01 | Train acc: 0.6359 ± 0.0000 | Valid acc: 0.6557 ± 0.0000 | Valid Power: 0.0010 | Train Power: 0.0010 | patience:  59 | lr: 0.000390625 | Epoch time: 0.1 |

2024-09-10 07:07:04,373 - INFO -
| Epoch:    960 | Train loss: 8.1084e-01 | Valid loss: 8.3309e-01 | Train acc: 0.6359 ± 0.0000 | Valid acc: 0.6557 ± 0.0000 | Valid Power: 0.0010 | Train Power: 0.0010 | patience:  69 | lr: 0.000390625 | Epoch time: 0.1 |

2024-09-10 07:07:05,324 - INFO -
| Epoch:    970 | Train loss: 8.1056e-01 | Valid loss: 8.3315e-01 | Train acc: 0.6359 ± 0.0000 | Valid acc: 0.6557 ± 0.0000 | Valid Power: 0.0010 | Train Power: 0.0010 | patience:  79 | lr: 0.000390625 | Epoch time: 0.1 |

2024-09-10 07:07:06,270 - INFO -
| Epoch:    980 | Train loss: 8.1028e-01 | Valid loss: 8.3322e-01 | Train acc: 0.6359 ± 0.0000 | Valid acc: 0.6557 ± 0.0000 | Valid Power: 0.0010 | Train Power: 0.0010 | patience:  89 | lr: 0.000390625 | Epoch time: 0.1 |

2024-09-10 07:07:07,226 - INFO -
| Epoch:    990 | Train loss: 8.1000e-01 | Valid loss: 8.3328e-01 | Train acc: 0.6359 ± 0.0000 | Valid acc: 0.6557 ± 0.0000 | Valid Power: 0.0010 | Train Power: 0.0010 | patience:  99 | lr: 0.000390625 | Epoch time: 0.1 |

2024-09-10 07:07:07,419 - INFO -
load best network to warm start training with lower lr.

2024-09-10 07:07:07,420 - INFO -
lr update to 0.0001953125.

2024-09-10 07:07:08,176 - INFO -
| Epoch:   1000 | Train loss: 8.1837e-01 | Valid loss: 8.3253e-01 | Train acc: 0.6304 ± 0.0000 | Valid acc: 0.6557 ± 0.0000 | Valid Power: 0.0010 | Train Power: 0.0010 | patience:   8 | lr: 0.0001953125 | Epoch time: 0.1 |

2024-09-10 07:07:09,124 - INFO -
| Epoch:   1010 | Train loss: 8.1746e-01 | Valid loss: 8.3265e-01 | Train acc: 0.6304 ± 0.0000 | Valid acc: 0.6557 ± 0.0000 | Valid Power: 0.0010 | Train Power: 0.0010 | patience:  18 | lr: 0.0001953125 | Epoch time: 0.1 |

2024-09-10 07:07:10,075 - INFO -
| Epoch:   1020 | Train loss: 8.1541e-01 | Valid loss: 8.3272e-01 | Train acc: 0.6304 ± 0.0000 | Valid acc: 0.6557 ± 0.0000 | Valid Power: 0.0010 | Train Power: 0.0010 | patience:  28 | lr: 0.0001953125 | Epoch time: 0.1 |

2024-09-10 07:07:11,024 - INFO -
| Epoch:   1030 | Train loss: 8.1297e-01 | Valid loss: 8.3276e-01 | Train acc: 0.6304 ± 0.0000 | Valid acc: 0.6557 ± 0.0000 | Valid Power: 0.0010 | Train Power: 0.0010 | patience:  38 | lr: 0.0001953125 | Epoch time: 0.1 |

2024-09-10 07:07:11,970 - INFO -
| Epoch:   1040 | Train loss: 8.1224e-01 | Valid loss: 8.3278e-01 | Train acc: 0.6304 ± 0.0000 | Valid acc: 0.6557 ± 0.0000 | Valid Power: 0.0010 | Train Power: 0.0010 | patience:  48 | lr: 0.0001953125 | Epoch time: 0.1 |

2024-09-10 07:07:12,995 - INFO -
| Epoch:   1050 | Train loss: 8.1204e-01 | Valid loss: 8.3281e-01 | Train acc: 0.6359 ± 0.0000 | Valid acc: 0.6557 ± 0.0000 | Valid Power: 0.0010 | Train Power: 0.0010 | patience:  58 | lr: 0.0001953125 | Epoch time: 0.1 |

2024-09-10 07:07:13,940 - INFO -
| Epoch:   1060 | Train loss: 8.1189e-01 | Valid loss: 8.3284e-01 | Train acc: 0.6359 ± 0.0000 | Valid acc: 0.6557 ± 0.0000 | Valid Power: 0.0010 | Train Power: 0.0010 | patience:  68 | lr: 0.0001953125 | Epoch time: 0.1 |

2024-09-10 07:07:14,876 - INFO -
| Epoch:   1070 | Train loss: 8.1174e-01 | Valid loss: 8.3287e-01 | Train acc: 0.6359 ± 0.0000 | Valid acc: 0.6557 ± 0.0000 | Valid Power: 0.0010 | Train Power: 0.0010 | patience:  78 | lr: 0.0001953125 | Epoch time: 0.1 |

2024-09-10 07:07:15,774 - INFO -
| Epoch:   1080 | Train loss: 8.1158e-01 | Valid loss: 8.3290e-01 | Train acc: 0.6359 ± 0.0000 | Valid acc: 0.6557 ± 0.0000 | Valid Power: 0.0010 | Train Power: 0.0010 | patience:  88 | lr: 0.0001953125 | Epoch time: 0.1 |

2024-09-10 07:07:16,679 - INFO -
| Epoch:   1090 | Train loss: 8.1143e-01 | Valid loss: 8.3293e-01 | Train acc: 0.6359 ± 0.0000 | Valid acc: 0.6557 ± 0.0000 | Valid Power: 0.0010 | Train Power: 0.0010 | patience:  98 | lr: 0.0001953125 | Epoch time: 0.1 |

2024-09-10 07:07:16,953 - INFO -
load best network to warm start training with lower lr.

2024-09-10 07:07:16,954 - INFO -
lr update to 9.765625e-05.

2024-09-10 07:07:16,954 - INFO -
Early stop.

2024-09-10 07:07:16,960 - INFO -
Training if finished.

2024-09-12 20:25:13,080 - INFO -
Configuration: 
gmin                0.01
gmax                10.0
T                   0.1
m                   0.3
type_nonlinear      normal
act                 tanh
ACT_R1n             12.7865
ACT_R2n             -3.1871
ACT_W1n             -10.4537
ACT_L1n             10.546
ACT_W2n             -5.8496
ACT_L2n             4.2337
S_R1n               -11.7481
S_R2n               -0.3905
S_W1n               -9.169
S_L1n               0.3913
S_W2n               7.2004
S_L2n               15.5558
ReLU_RHn            -1.9557
ReLU_RLn            -20.1581
ReLU_RDn            16.6486
ReLU_RBn            -14.3472
ReLU_Wn             16.655
ReLU_Ln             -21.7591
HS_Rn               -0.3766
HS_Wn               0.5192
HS_Ln               4.6293
NEG_R1n             -7.0846
NEG_R2n             -2.5695
NEG_R3n             16.1542
NEG_W1n             13.8696
NEG_L1n             2.7635
NEG_W2n             1.2674
NEG_L2n             -10.4803
NEG_W3n             -6.4386
NEG_L3n             5.1005
task                normal
DATASET             12
DataPath            ./dataset
InputNoise          0.0
IN_test             0.0
R_train             1
R_test              1
N_time              32
pathnorm            False
hidden              [3]
skipconnection      False
SEED                5
DEVICE              cpu
PATIENCE            500
EPOCH               10000000000
LR                  0.1
PROGRESSIVE         True
LR_PATIENCE         100
LR_DECAY            0.5
LR_MIN              0.0001
metric              acc
SoftEva             True
TIMELIMITATION      71
MODE                nominal
M_train             1
K_train             1
M_test              1
K_test              1
t_test_max          1
integration         MC
N_train             1
e_train             0.0
N_test              100
e_test              0.1
e_fault             2
fault_ratio         0.0
N_fault             50
e_fault_test        0
N_fault_test        50
dropout             0.0
lagrangian_loss     False
rho                 100
powerestimator      none
powerbalance        0.0
estimatorbalance    0.0
pgmin               1e-07
power_ratio         1000
lambda_P            100
areaestimator       none
areabalance         0.0
area_theta          0.15
area_act            30.0
area_neg            22.7
lambda_A            0.001
lnc                 False
projectname         tanh_0_FaultAnalysisNormal
temppath            ./tanh_0_FaultAnalysisNormal/temp/
logfilepath         ./tanh_0_FaultAnalysisNormal/log/
report_freq         10
recording           False
recordpath          ./tanh_0_FaultAnalysisNormal/record/
savepath            ./tanh_0_FaultAnalysisNormal/models/
loglevel            info


2024-09-12 20:25:13,132 - INFO -
Training network on device: cpu.

2024-09-12 20:25:13,132 - INFO -
Training setup: data_12_vertebralcolumn3clases_seed_05_epsilon_0.0_dropout_0.0_fault_ratio_0.0.model.

2024-09-12 20:25:13,132 - INFO -
{'dataname': 'vertebralcolumn3clases', 'N_feature': 6, 'N_class': 3, 'N_train': 184, 'N_valid': 61, 'N_test': 63}

2024-09-12 20:25:13,133 - INFO -
Training was already finished.

