2024-09-09 04:07:29,238 - INFO -
Configuration: 
gmin                0.01
gmax                10.0
T                   0.1
m                   0.3
type_nonlinear      normal
act                 tanh
ACT_R1n             12.7865
ACT_R2n             -3.1871
ACT_W1n             -10.4537
ACT_L1n             10.546
ACT_W2n             -5.8496
ACT_L2n             4.2337
S_R1n               -11.7481
S_R2n               -0.3905
S_W1n               -9.169
S_L1n               0.3913
S_W2n               7.2004
S_L2n               15.5558
ReLU_RHn            -1.9557
ReLU_RLn            -20.1581
ReLU_RDn            16.6486
ReLU_RBn            -14.3472
ReLU_Wn             16.655
ReLU_Ln             -21.7591
HS_Rn               -0.3766
HS_Wn               0.5192
HS_Ln               4.6293
NEG_R1n             -7.0846
NEG_R2n             -2.5695
NEG_R3n             16.1542
NEG_W1n             13.8696
NEG_L1n             2.7635
NEG_W2n             1.2674
NEG_L2n             -10.4803
NEG_W3n             -6.4386
NEG_L3n             5.1005
task                normal
DATASET             7
DataPath            ./dataset
InputNoise          0.0
IN_test             0.0
R_train             1
R_test              1
N_time              32
pathnorm            False
hidden              [3]
skipconnection      False
SEED                9
DEVICE              cpu
PATIENCE            500
EPOCH               10000000000
LR                  0.1
PROGRESSIVE         True
LR_PATIENCE         100
LR_DECAY            0.5
LR_MIN              0.0001
metric              acc
SoftEva             True
TIMELIMITATION      71
MODE                nominal
M_train             1
K_train             1
M_test              1
K_test              1
t_test_max          1
integration         MC
N_train             1
e_train             0.0
N_test              100
e_test              0.1
e_fault             2
fault_ratio         0.0
N_fault             50
e_fault_test        0
N_fault_test        50
dropout             0.0
lagrangian_loss     False
rho                 100
powerestimator      none
powerbalance        0.0
estimatorbalance    0.0
pgmin               1e-07
power_ratio         1000
lambda_P            100
areaestimator       none
areabalance         0.0
area_theta          0.15
area_act            30.0
area_neg            22.7
lambda_A            0.001
lnc                 False
projectname         tanh_0_FaultAnalysisNormal
temppath            ./tanh_0_FaultAnalysisNormal/temp/
logfilepath         ./tanh_0_FaultAnalysisNormal/log/
report_freq         10
recording           False
recordpath          ./tanh_0_FaultAnalysisNormal/record/
savepath            ./tanh_0_FaultAnalysisNormal/models/
loglevel            info


2024-09-09 04:07:29,238 - INFO -
Training network on device: cpu.

2024-09-09 04:07:29,238 - INFO -
Training setup: data_07_mammographic_seed_09_epsilon_0.0_dropout_0.0_fault_ratio_0.0.model.

2024-09-09 04:07:29,238 - INFO -
{'dataname': 'mammographic', 'N_feature': 5, 'N_class': 2, 'N_train': 397, 'N_valid': 127, 'N_test': 79}

2024-09-09 04:07:29,239 - INFO -
Topology of the network: [5, 3, 2].

2024-09-09 04:07:31,166 - INFO -
| Epoch:      0 | Train loss: 6.9316e-01 | Valid loss: 6.6625e-01 | Train acc: 0.4408 ± 0.0000 | Valid acc: 0.5354 ± 0.0000 | Valid Power: 0.0007 | Train Power: 0.0004 | patience:   0 | lr: 0.1 | Epoch time: 0.1 |

2024-09-09 04:07:32,255 - INFO -
| Epoch:     10 | Train loss: 5.6476e-01 | Valid loss: 5.0095e-01 | Train acc: 0.7431 ± 0.0000 | Valid acc: 0.8268 ± 0.0000 | Valid Power: 0.0005 | Train Power: 0.0005 | patience:   0 | lr: 0.1 | Epoch time: 0.1 |

2024-09-09 04:07:33,353 - INFO -
| Epoch:     20 | Train loss: 5.1752e-01 | Valid loss: 4.5849e-01 | Train acc: 0.7783 ± 0.0000 | Valid acc: 0.8268 ± 0.0000 | Valid Power: 0.0005 | Train Power: 0.0005 | patience:   0 | lr: 0.1 | Epoch time: 0.1 |

2024-09-09 04:07:34,455 - INFO -
| Epoch:     30 | Train loss: 5.1090e-01 | Valid loss: 4.4086e-01 | Train acc: 0.7783 ± 0.0000 | Valid acc: 0.8189 ± 0.0000 | Valid Power: 0.0005 | Train Power: 0.0004 | patience:   1 | lr: 0.1 | Epoch time: 0.1 |

2024-09-09 04:07:35,553 - INFO -
| Epoch:     40 | Train loss: 5.0663e-01 | Valid loss: 4.3274e-01 | Train acc: 0.7809 ± 0.0000 | Valid acc: 0.8346 ± 0.0000 | Valid Power: 0.0004 | Train Power: 0.0004 | patience:   0 | lr: 0.1 | Epoch time: 0.1 |

2024-09-09 04:07:36,744 - INFO -
| Epoch:     50 | Train loss: 5.0526e-01 | Valid loss: 4.3121e-01 | Train acc: 0.7834 ± 0.0000 | Valid acc: 0.8346 ± 0.0000 | Valid Power: 0.0004 | Train Power: 0.0004 | patience:   5 | lr: 0.1 | Epoch time: 0.1 |

2024-09-09 04:07:37,830 - INFO -
| Epoch:     60 | Train loss: 5.0416e-01 | Valid loss: 4.3034e-01 | Train acc: 0.7834 ± 0.0000 | Valid acc: 0.8346 ± 0.0000 | Valid Power: 0.0004 | Train Power: 0.0004 | patience:   2 | lr: 0.1 | Epoch time: 0.1 |

2024-09-09 04:07:38,910 - INFO -
| Epoch:     70 | Train loss: 4.9962e-01 | Valid loss: 4.3298e-01 | Train acc: 0.7809 ± 0.0000 | Valid acc: 0.8346 ± 0.0000 | Valid Power: 0.0004 | Train Power: 0.0004 | patience:   9 | lr: 0.1 | Epoch time: 0.1 |

2024-09-09 04:07:39,985 - INFO -
| Epoch:     80 | Train loss: 4.9817e-01 | Valid loss: 4.3573e-01 | Train acc: 0.7733 ± 0.0000 | Valid acc: 0.8189 ± 0.0000 | Valid Power: 0.0006 | Train Power: 0.0005 | patience:  19 | lr: 0.1 | Epoch time: 0.1 |

2024-09-09 04:07:41,058 - INFO -
| Epoch:     90 | Train loss: 4.9670e-01 | Valid loss: 4.4186e-01 | Train acc: 0.7758 ± 0.0000 | Valid acc: 0.8031 ± 0.0000 | Valid Power: 0.0006 | Train Power: 0.0006 | patience:  29 | lr: 0.1 | Epoch time: 0.1 |

2024-09-09 04:07:42,132 - INFO -
| Epoch:    100 | Train loss: 4.9196e-01 | Valid loss: 4.3540e-01 | Train acc: 0.7809 ± 0.0000 | Valid acc: 0.8031 ± 0.0000 | Valid Power: 0.0005 | Train Power: 0.0005 | patience:  39 | lr: 0.1 | Epoch time: 0.1 |

2024-09-09 04:07:43,212 - INFO -
| Epoch:    110 | Train loss: 4.8651e-01 | Valid loss: 4.3881e-01 | Train acc: 0.7809 ± 0.0000 | Valid acc: 0.8031 ± 0.0000 | Valid Power: 0.0006 | Train Power: 0.0005 | patience:  49 | lr: 0.1 | Epoch time: 0.1 |

2024-09-09 04:07:44,286 - INFO -
| Epoch:    120 | Train loss: 4.8250e-01 | Valid loss: 4.3110e-01 | Train acc: 0.7859 ± 0.0000 | Valid acc: 0.8031 ± 0.0000 | Valid Power: 0.0006 | Train Power: 0.0006 | patience:  59 | lr: 0.1 | Epoch time: 0.1 |

2024-09-09 04:07:45,364 - INFO -
| Epoch:    130 | Train loss: 4.8018e-01 | Valid loss: 4.3730e-01 | Train acc: 0.7859 ± 0.0000 | Valid acc: 0.8031 ± 0.0000 | Valid Power: 0.0006 | Train Power: 0.0006 | patience:   7 | lr: 0.1 | Epoch time: 0.1 |

2024-09-09 04:07:46,439 - INFO -
| Epoch:    140 | Train loss: 4.7697e-01 | Valid loss: 4.4023e-01 | Train acc: 0.7834 ± 0.0000 | Valid acc: 0.8031 ± 0.0000 | Valid Power: 0.0006 | Train Power: 0.0006 | patience:  17 | lr: 0.1 | Epoch time: 0.1 |

2024-09-09 04:07:47,513 - INFO -
| Epoch:    150 | Train loss: 4.7906e-01 | Valid loss: 4.3808e-01 | Train acc: 0.7834 ± 0.0000 | Valid acc: 0.8031 ± 0.0000 | Valid Power: 0.0006 | Train Power: 0.0006 | patience:  27 | lr: 0.1 | Epoch time: 0.1 |

2024-09-09 04:07:48,587 - INFO -
| Epoch:    160 | Train loss: 4.8507e-01 | Valid loss: 4.7271e-01 | Train acc: 0.7884 ± 0.0000 | Valid acc: 0.8031 ± 0.0000 | Valid Power: 0.0006 | Train Power: 0.0006 | patience:  37 | lr: 0.1 | Epoch time: 0.1 |

2024-09-09 04:07:49,662 - INFO -
| Epoch:    170 | Train loss: 4.7576e-01 | Valid loss: 4.5491e-01 | Train acc: 0.7909 ± 0.0000 | Valid acc: 0.8031 ± 0.0000 | Valid Power: 0.0006 | Train Power: 0.0006 | patience:  47 | lr: 0.1 | Epoch time: 0.1 |

2024-09-09 04:07:50,738 - INFO -
| Epoch:    180 | Train loss: 4.7862e-01 | Valid loss: 4.3768e-01 | Train acc: 0.7859 ± 0.0000 | Valid acc: 0.8031 ± 0.0000 | Valid Power: 0.0006 | Train Power: 0.0006 | patience:  57 | lr: 0.1 | Epoch time: 0.1 |

2024-09-09 04:07:51,813 - INFO -
| Epoch:    190 | Train loss: 4.8044e-01 | Valid loss: 4.3892e-01 | Train acc: 0.7834 ± 0.0000 | Valid acc: 0.8031 ± 0.0000 | Valid Power: 0.0006 | Train Power: 0.0006 | patience:  67 | lr: 0.1 | Epoch time: 0.1 |

2024-09-09 04:07:52,895 - INFO -
| Epoch:    200 | Train loss: 4.7666e-01 | Valid loss: 4.6699e-01 | Train acc: 0.7809 ± 0.0000 | Valid acc: 0.8031 ± 0.0000 | Valid Power: 0.0006 | Train Power: 0.0006 | patience:  77 | lr: 0.1 | Epoch time: 0.1 |

2024-09-09 04:07:53,970 - INFO -
| Epoch:    210 | Train loss: 4.7614e-01 | Valid loss: 4.3197e-01 | Train acc: 0.7834 ± 0.0000 | Valid acc: 0.8031 ± 0.0000 | Valid Power: 0.0006 | Train Power: 0.0006 | patience:  87 | lr: 0.1 | Epoch time: 0.1 |

2024-09-09 04:07:55,045 - INFO -
| Epoch:    220 | Train loss: 4.7691e-01 | Valid loss: 4.4716e-01 | Train acc: 0.7809 ± 0.0000 | Valid acc: 0.8031 ± 0.0000 | Valid Power: 0.0006 | Train Power: 0.0006 | patience:  97 | lr: 0.1 | Epoch time: 0.1 |

2024-09-09 04:07:55,477 - INFO -
load best network to warm start training with lower lr.

2024-09-09 04:07:55,478 - INFO -
lr update to 0.05.

2024-09-09 04:07:56,122 - INFO -
| Epoch:    230 | Train loss: 4.9156e-01 | Valid loss: 4.3185e-01 | Train acc: 0.7834 ± 0.0000 | Valid acc: 0.8346 ± 0.0000 | Valid Power: 0.0006 | Train Power: 0.0006 | patience:   6 | lr: 0.05 | Epoch time: 0.1 |

2024-09-09 04:07:57,199 - INFO -
| Epoch:    240 | Train loss: 4.8750e-01 | Valid loss: 4.4607e-01 | Train acc: 0.7859 ± 0.0000 | Valid acc: 0.7953 ± 0.0000 | Valid Power: 0.0007 | Train Power: 0.0007 | patience:  16 | lr: 0.05 | Epoch time: 0.1 |

2024-09-09 04:07:58,279 - INFO -
| Epoch:    250 | Train loss: 4.8157e-01 | Valid loss: 4.3816e-01 | Train acc: 0.7884 ± 0.0000 | Valid acc: 0.7953 ± 0.0000 | Valid Power: 0.0007 | Train Power: 0.0007 | patience:  26 | lr: 0.05 | Epoch time: 0.1 |

2024-09-09 04:07:59,359 - INFO -
| Epoch:    260 | Train loss: 4.7898e-01 | Valid loss: 4.5503e-01 | Train acc: 0.7884 ± 0.0000 | Valid acc: 0.7953 ± 0.0000 | Valid Power: 0.0007 | Train Power: 0.0007 | patience:  36 | lr: 0.05 | Epoch time: 0.1 |

2024-09-09 04:08:00,440 - INFO -
| Epoch:    270 | Train loss: 4.7429e-01 | Valid loss: 4.5176e-01 | Train acc: 0.7935 ± 0.0000 | Valid acc: 0.8110 ± 0.0000 | Valid Power: 0.0007 | Train Power: 0.0007 | patience:  46 | lr: 0.05 | Epoch time: 0.1 |

2024-09-09 04:08:01,518 - INFO -
| Epoch:    280 | Train loss: 4.7367e-01 | Valid loss: 4.5101e-01 | Train acc: 0.7935 ± 0.0000 | Valid acc: 0.8031 ± 0.0000 | Valid Power: 0.0007 | Train Power: 0.0007 | patience:  56 | lr: 0.05 | Epoch time: 0.1 |

2024-09-09 04:08:02,695 - INFO -
| Epoch:    290 | Train loss: 4.7305e-01 | Valid loss: 4.5309e-01 | Train acc: 0.7909 ± 0.0000 | Valid acc: 0.8110 ± 0.0000 | Valid Power: 0.0007 | Train Power: 0.0007 | patience:  66 | lr: 0.05 | Epoch time: 0.1 |

2024-09-09 04:08:03,784 - INFO -
| Epoch:    300 | Train loss: 4.7263e-01 | Valid loss: 4.5542e-01 | Train acc: 0.7935 ± 0.0000 | Valid acc: 0.8110 ± 0.0000 | Valid Power: 0.0007 | Train Power: 0.0007 | patience:  76 | lr: 0.05 | Epoch time: 0.1 |

2024-09-09 04:08:04,861 - INFO -
| Epoch:    310 | Train loss: 4.7214e-01 | Valid loss: 4.5439e-01 | Train acc: 0.7935 ± 0.0000 | Valid acc: 0.8110 ± 0.0000 | Valid Power: 0.0007 | Train Power: 0.0007 | patience:  86 | lr: 0.05 | Epoch time: 0.1 |

2024-09-09 04:08:05,937 - INFO -
| Epoch:    320 | Train loss: 4.7214e-01 | Valid loss: 4.5504e-01 | Train acc: 0.7909 ± 0.0000 | Valid acc: 0.8031 ± 0.0000 | Valid Power: 0.0007 | Train Power: 0.0007 | patience:  96 | lr: 0.05 | Epoch time: 0.1 |

2024-09-09 04:08:06,479 - INFO -
load best network to warm start training with lower lr.

2024-09-09 04:08:06,479 - INFO -
lr update to 0.025.

2024-09-09 04:08:07,019 - INFO -
| Epoch:    330 | Train loss: 4.8224e-01 | Valid loss: 4.3159e-01 | Train acc: 0.7834 ± 0.0000 | Valid acc: 0.8031 ± 0.0000 | Valid Power: 0.0006 | Train Power: 0.0006 | patience:   5 | lr: 0.025 | Epoch time: 0.1 |

2024-09-09 04:08:08,102 - INFO -
| Epoch:    340 | Train loss: 4.7826e-01 | Valid loss: 4.3576e-01 | Train acc: 0.7884 ± 0.0000 | Valid acc: 0.8031 ± 0.0000 | Valid Power: 0.0006 | Train Power: 0.0006 | patience:  15 | lr: 0.025 | Epoch time: 0.1 |

2024-09-09 04:08:09,187 - INFO -
| Epoch:    350 | Train loss: 4.7568e-01 | Valid loss: 4.4089e-01 | Train acc: 0.7884 ± 0.0000 | Valid acc: 0.7953 ± 0.0000 | Valid Power: 0.0006 | Train Power: 0.0006 | patience:  25 | lr: 0.025 | Epoch time: 0.1 |

2024-09-09 04:08:10,270 - INFO -
| Epoch:    360 | Train loss: 4.7428e-01 | Valid loss: 4.4236e-01 | Train acc: 0.7909 ± 0.0000 | Valid acc: 0.8031 ± 0.0000 | Valid Power: 0.0006 | Train Power: 0.0006 | patience:  35 | lr: 0.025 | Epoch time: 0.1 |

2024-09-09 04:08:11,349 - INFO -
| Epoch:    370 | Train loss: 4.7311e-01 | Valid loss: 4.4450e-01 | Train acc: 0.7909 ± 0.0000 | Valid acc: 0.8031 ± 0.0000 | Valid Power: 0.0006 | Train Power: 0.0006 | patience:  45 | lr: 0.025 | Epoch time: 0.1 |

2024-09-09 04:08:12,428 - INFO -
| Epoch:    380 | Train loss: 4.7229e-01 | Valid loss: 4.4629e-01 | Train acc: 0.7909 ± 0.0000 | Valid acc: 0.8031 ± 0.0000 | Valid Power: 0.0006 | Train Power: 0.0006 | patience:  55 | lr: 0.025 | Epoch time: 0.1 |

2024-09-09 04:08:13,507 - INFO -
| Epoch:    390 | Train loss: 4.7170e-01 | Valid loss: 4.4798e-01 | Train acc: 0.7909 ± 0.0000 | Valid acc: 0.8031 ± 0.0000 | Valid Power: 0.0006 | Train Power: 0.0006 | patience:  65 | lr: 0.025 | Epoch time: 0.1 |

2024-09-09 04:08:14,586 - INFO -
| Epoch:    400 | Train loss: 4.7126e-01 | Valid loss: 4.4885e-01 | Train acc: 0.7909 ± 0.0000 | Valid acc: 0.8031 ± 0.0000 | Valid Power: 0.0006 | Train Power: 0.0006 | patience:  75 | lr: 0.025 | Epoch time: 0.1 |

2024-09-09 04:08:15,664 - INFO -
| Epoch:    410 | Train loss: 4.7088e-01 | Valid loss: 4.4883e-01 | Train acc: 0.7909 ± 0.0000 | Valid acc: 0.8031 ± 0.0000 | Valid Power: 0.0006 | Train Power: 0.0006 | patience:  85 | lr: 0.025 | Epoch time: 0.1 |

2024-09-09 04:08:16,742 - INFO -
| Epoch:    420 | Train loss: 4.7053e-01 | Valid loss: 4.4877e-01 | Train acc: 0.7909 ± 0.0000 | Valid acc: 0.8031 ± 0.0000 | Valid Power: 0.0006 | Train Power: 0.0006 | patience:  95 | lr: 0.025 | Epoch time: 0.1 |

2024-09-09 04:08:17,488 - INFO -
load best network to warm start training with lower lr.

2024-09-09 04:08:17,488 - INFO -
lr update to 0.0125.

2024-09-09 04:08:17,919 - INFO -
| Epoch:    430 | Train loss: 4.7882e-01 | Valid loss: 4.3153e-01 | Train acc: 0.7834 ± 0.0000 | Valid acc: 0.8031 ± 0.0000 | Valid Power: 0.0006 | Train Power: 0.0006 | patience:   4 | lr: 0.0125 | Epoch time: 0.1 |

2024-09-09 04:08:19,004 - INFO -
| Epoch:    440 | Train loss: 4.7764e-01 | Valid loss: 4.3275e-01 | Train acc: 0.7884 ± 0.0000 | Valid acc: 0.8031 ± 0.0000 | Valid Power: 0.0006 | Train Power: 0.0006 | patience:  14 | lr: 0.0125 | Epoch time: 0.1 |

2024-09-09 04:08:20,082 - INFO -
| Epoch:    450 | Train loss: 4.7669e-01 | Valid loss: 4.3634e-01 | Train acc: 0.7884 ± 0.0000 | Valid acc: 0.8031 ± 0.0000 | Valid Power: 0.0006 | Train Power: 0.0006 | patience:  24 | lr: 0.0125 | Epoch time: 0.1 |

2024-09-09 04:08:21,160 - INFO -
| Epoch:    460 | Train loss: 4.7588e-01 | Valid loss: 4.3623e-01 | Train acc: 0.7884 ± 0.0000 | Valid acc: 0.8031 ± 0.0000 | Valid Power: 0.0006 | Train Power: 0.0006 | patience:  34 | lr: 0.0125 | Epoch time: 0.1 |

2024-09-09 04:08:22,239 - INFO -
| Epoch:    470 | Train loss: 4.7516e-01 | Valid loss: 4.3721e-01 | Train acc: 0.7884 ± 0.0000 | Valid acc: 0.8031 ± 0.0000 | Valid Power: 0.0006 | Train Power: 0.0006 | patience:  44 | lr: 0.0125 | Epoch time: 0.1 |

2024-09-09 04:08:23,319 - INFO -
| Epoch:    480 | Train loss: 4.7449e-01 | Valid loss: 4.3844e-01 | Train acc: 0.7884 ± 0.0000 | Valid acc: 0.8031 ± 0.0000 | Valid Power: 0.0006 | Train Power: 0.0006 | patience:  54 | lr: 0.0125 | Epoch time: 0.1 |

2024-09-09 04:08:24,396 - INFO -
| Epoch:    490 | Train loss: 4.7390e-01 | Valid loss: 4.3943e-01 | Train acc: 0.7884 ± 0.0000 | Valid acc: 0.8031 ± 0.0000 | Valid Power: 0.0006 | Train Power: 0.0006 | patience:  64 | lr: 0.0125 | Epoch time: 0.1 |

2024-09-09 04:08:25,473 - INFO -
| Epoch:    500 | Train loss: 4.7337e-01 | Valid loss: 4.4068e-01 | Train acc: 0.7884 ± 0.0000 | Valid acc: 0.8031 ± 0.0000 | Valid Power: 0.0006 | Train Power: 0.0006 | patience:  74 | lr: 0.0125 | Epoch time: 0.1 |

2024-09-09 04:08:26,552 - INFO -
| Epoch:    510 | Train loss: 4.7290e-01 | Valid loss: 4.4175e-01 | Train acc: 0.7884 ± 0.0000 | Valid acc: 0.8031 ± 0.0000 | Valid Power: 0.0006 | Train Power: 0.0006 | patience:  84 | lr: 0.0125 | Epoch time: 0.1 |

2024-09-09 04:08:27,630 - INFO -
| Epoch:    520 | Train loss: 4.7249e-01 | Valid loss: 4.4272e-01 | Train acc: 0.7884 ± 0.0000 | Valid acc: 0.8031 ± 0.0000 | Valid Power: 0.0006 | Train Power: 0.0006 | patience:  94 | lr: 0.0125 | Epoch time: 0.1 |

2024-09-09 04:08:28,387 - INFO -
load best network to warm start training with lower lr.

2024-09-09 04:08:28,388 - INFO -
lr update to 0.00625.

2024-09-09 04:08:28,711 - INFO -
| Epoch:    530 | Train loss: 4.7936e-01 | Valid loss: 4.3301e-01 | Train acc: 0.7884 ± 0.0000 | Valid acc: 0.8031 ± 0.0000 | Valid Power: 0.0006 | Train Power: 0.0006 | patience:   3 | lr: 0.00625 | Epoch time: 0.1 |

2024-09-09 04:08:29,788 - INFO -
| Epoch:    540 | Train loss: 4.7819e-01 | Valid loss: 4.3471e-01 | Train acc: 0.7884 ± 0.0000 | Valid acc: 0.8031 ± 0.0000 | Valid Power: 0.0006 | Train Power: 0.0006 | patience:  13 | lr: 0.00625 | Epoch time: 0.1 |

2024-09-09 04:08:30,867 - INFO -
| Epoch:    550 | Train loss: 4.7766e-01 | Valid loss: 4.3223e-01 | Train acc: 0.7884 ± 0.0000 | Valid acc: 0.8031 ± 0.0000 | Valid Power: 0.0006 | Train Power: 0.0006 | patience:  23 | lr: 0.00625 | Epoch time: 0.1 |

2024-09-09 04:08:31,947 - INFO -
| Epoch:    560 | Train loss: 4.7716e-01 | Valid loss: 4.3348e-01 | Train acc: 0.7884 ± 0.0000 | Valid acc: 0.8031 ± 0.0000 | Valid Power: 0.0006 | Train Power: 0.0006 | patience:  33 | lr: 0.00625 | Epoch time: 0.1 |

2024-09-09 04:08:33,024 - INFO -
| Epoch:    570 | Train loss: 4.7672e-01 | Valid loss: 4.3436e-01 | Train acc: 0.7884 ± 0.0000 | Valid acc: 0.8031 ± 0.0000 | Valid Power: 0.0006 | Train Power: 0.0006 | patience:  43 | lr: 0.00625 | Epoch time: 0.1 |

2024-09-09 04:08:34,102 - INFO -
| Epoch:    580 | Train loss: 4.7630e-01 | Valid loss: 4.3507e-01 | Train acc: 0.7884 ± 0.0000 | Valid acc: 0.8031 ± 0.0000 | Valid Power: 0.0006 | Train Power: 0.0006 | patience:  53 | lr: 0.00625 | Epoch time: 0.1 |

2024-09-09 04:08:35,181 - INFO -
| Epoch:    590 | Train loss: 4.7589e-01 | Valid loss: 4.3547e-01 | Train acc: 0.7884 ± 0.0000 | Valid acc: 0.8031 ± 0.0000 | Valid Power: 0.0006 | Train Power: 0.0006 | patience:  63 | lr: 0.00625 | Epoch time: 0.1 |

2024-09-09 04:08:36,260 - INFO -
| Epoch:    600 | Train loss: 4.7550e-01 | Valid loss: 4.3598e-01 | Train acc: 0.7884 ± 0.0000 | Valid acc: 0.8031 ± 0.0000 | Valid Power: 0.0006 | Train Power: 0.0006 | patience:  73 | lr: 0.00625 | Epoch time: 0.1 |

2024-09-09 04:08:37,338 - INFO -
| Epoch:    610 | Train loss: 4.7513e-01 | Valid loss: 4.3651e-01 | Train acc: 0.7884 ± 0.0000 | Valid acc: 0.8031 ± 0.0000 | Valid Power: 0.0006 | Train Power: 0.0006 | patience:  83 | lr: 0.00625 | Epoch time: 0.1 |

2024-09-09 04:08:38,422 - INFO -
| Epoch:    620 | Train loss: 4.7477e-01 | Valid loss: 4.3714e-01 | Train acc: 0.7884 ± 0.0000 | Valid acc: 0.8031 ± 0.0000 | Valid Power: 0.0006 | Train Power: 0.0006 | patience:  93 | lr: 0.00625 | Epoch time: 0.1 |

2024-09-09 04:08:39,286 - INFO -
load best network to warm start training with lower lr.

2024-09-09 04:08:39,287 - INFO -
lr update to 0.003125.

2024-09-09 04:08:39,502 - INFO -
| Epoch:    630 | Train loss: 4.8030e-01 | Valid loss: 4.2901e-01 | Train acc: 0.7859 ± 0.0000 | Valid acc: 0.8031 ± 0.0000 | Valid Power: 0.0006 | Train Power: 0.0006 | patience:   2 | lr: 0.003125 | Epoch time: 0.1 |

2024-09-09 04:08:40,579 - INFO -
| Epoch:    640 | Train loss: 4.7842e-01 | Valid loss: 4.3124e-01 | Train acc: 0.7859 ± 0.0000 | Valid acc: 0.8031 ± 0.0000 | Valid Power: 0.0006 | Train Power: 0.0006 | patience:  12 | lr: 0.003125 | Epoch time: 0.1 |

2024-09-09 04:08:41,655 - INFO -
| Epoch:    650 | Train loss: 4.7814e-01 | Valid loss: 4.3380e-01 | Train acc: 0.7884 ± 0.0000 | Valid acc: 0.8031 ± 0.0000 | Valid Power: 0.0006 | Train Power: 0.0006 | patience:  22 | lr: 0.003125 | Epoch time: 0.1 |

2024-09-09 04:08:42,732 - INFO -
| Epoch:    660 | Train loss: 4.7786e-01 | Valid loss: 4.3211e-01 | Train acc: 0.7884 ± 0.0000 | Valid acc: 0.8031 ± 0.0000 | Valid Power: 0.0006 | Train Power: 0.0006 | patience:  32 | lr: 0.003125 | Epoch time: 0.1 |

2024-09-09 04:08:43,909 - INFO -
| Epoch:    670 | Train loss: 4.7762e-01 | Valid loss: 4.3293e-01 | Train acc: 0.7884 ± 0.0000 | Valid acc: 0.8031 ± 0.0000 | Valid Power: 0.0006 | Train Power: 0.0006 | patience:  42 | lr: 0.003125 | Epoch time: 0.1 |

2024-09-09 04:08:44,986 - INFO -
| Epoch:    680 | Train loss: 4.7739e-01 | Valid loss: 4.3316e-01 | Train acc: 0.7884 ± 0.0000 | Valid acc: 0.8031 ± 0.0000 | Valid Power: 0.0006 | Train Power: 0.0006 | patience:  52 | lr: 0.003125 | Epoch time: 0.1 |

2024-09-09 04:08:46,063 - INFO -
| Epoch:    690 | Train loss: 4.7716e-01 | Valid loss: 4.3373e-01 | Train acc: 0.7884 ± 0.0000 | Valid acc: 0.8031 ± 0.0000 | Valid Power: 0.0006 | Train Power: 0.0006 | patience:  62 | lr: 0.003125 | Epoch time: 0.1 |

2024-09-09 04:08:47,141 - INFO -
| Epoch:    700 | Train loss: 4.7693e-01 | Valid loss: 4.3362e-01 | Train acc: 0.7884 ± 0.0000 | Valid acc: 0.8031 ± 0.0000 | Valid Power: 0.0006 | Train Power: 0.0006 | patience:  72 | lr: 0.003125 | Epoch time: 0.1 |

2024-09-09 04:08:48,218 - INFO -
| Epoch:    710 | Train loss: 4.7671e-01 | Valid loss: 4.3417e-01 | Train acc: 0.7884 ± 0.0000 | Valid acc: 0.8031 ± 0.0000 | Valid Power: 0.0006 | Train Power: 0.0006 | patience:  82 | lr: 0.003125 | Epoch time: 0.1 |

2024-09-09 04:08:49,295 - INFO -
| Epoch:    720 | Train loss: 4.7649e-01 | Valid loss: 4.3439e-01 | Train acc: 0.7884 ± 0.0000 | Valid acc: 0.8031 ± 0.0000 | Valid Power: 0.0006 | Train Power: 0.0006 | patience:  92 | lr: 0.003125 | Epoch time: 0.1 |

2024-09-09 04:08:50,269 - INFO -
load best network to warm start training with lower lr.

2024-09-09 04:08:50,269 - INFO -
lr update to 0.0015625.

2024-09-09 04:08:50,377 - INFO -
| Epoch:    730 | Train loss: 4.8223e-01 | Valid loss: 4.2713e-01 | Train acc: 0.7884 ± 0.0000 | Valid acc: 0.8031 ± 0.0000 | Valid Power: 0.0006 | Train Power: 0.0006 | patience:   1 | lr: 0.0015625 | Epoch time: 0.1 |

2024-09-09 04:08:51,454 - INFO -
| Epoch:    740 | Train loss: 4.7911e-01 | Valid loss: 4.3192e-01 | Train acc: 0.7884 ± 0.0000 | Valid acc: 0.8031 ± 0.0000 | Valid Power: 0.0006 | Train Power: 0.0006 | patience:  11 | lr: 0.0015625 | Epoch time: 0.1 |

2024-09-09 04:08:52,533 - INFO -
| Epoch:    750 | Train loss: 4.7840e-01 | Valid loss: 4.3111e-01 | Train acc: 0.7859 ± 0.0000 | Valid acc: 0.8031 ± 0.0000 | Valid Power: 0.0006 | Train Power: 0.0006 | patience:  21 | lr: 0.0015625 | Epoch time: 0.1 |

2024-09-09 04:08:53,608 - INFO -
| Epoch:    760 | Train loss: 4.7826e-01 | Valid loss: 4.3206e-01 | Train acc: 0.7859 ± 0.0000 | Valid acc: 0.8031 ± 0.0000 | Valid Power: 0.0006 | Train Power: 0.0006 | patience:  31 | lr: 0.0015625 | Epoch time: 0.1 |

2024-09-09 04:08:54,686 - INFO -
| Epoch:    770 | Train loss: 4.7812e-01 | Valid loss: 4.3311e-01 | Train acc: 0.7884 ± 0.0000 | Valid acc: 0.8031 ± 0.0000 | Valid Power: 0.0006 | Train Power: 0.0006 | patience:  41 | lr: 0.0015625 | Epoch time: 0.1 |

2024-09-09 04:08:55,763 - INFO -
| Epoch:    780 | Train loss: 4.7797e-01 | Valid loss: 4.3227e-01 | Train acc: 0.7884 ± 0.0000 | Valid acc: 0.8031 ± 0.0000 | Valid Power: 0.0006 | Train Power: 0.0006 | patience:  51 | lr: 0.0015625 | Epoch time: 0.1 |

2024-09-09 04:08:56,839 - INFO -
| Epoch:    790 | Train loss: 4.7784e-01 | Valid loss: 4.3241e-01 | Train acc: 0.7884 ± 0.0000 | Valid acc: 0.8031 ± 0.0000 | Valid Power: 0.0006 | Train Power: 0.0006 | patience:  61 | lr: 0.0015625 | Epoch time: 0.1 |

2024-09-09 04:08:57,916 - INFO -
| Epoch:    800 | Train loss: 4.7772e-01 | Valid loss: 4.3273e-01 | Train acc: 0.7884 ± 0.0000 | Valid acc: 0.8031 ± 0.0000 | Valid Power: 0.0006 | Train Power: 0.0006 | patience:  71 | lr: 0.0015625 | Epoch time: 0.1 |

2024-09-09 04:08:59,069 - INFO -
| Epoch:    810 | Train loss: 4.7759e-01 | Valid loss: 4.3278e-01 | Train acc: 0.7884 ± 0.0000 | Valid acc: 0.8031 ± 0.0000 | Valid Power: 0.0006 | Train Power: 0.0006 | patience:  81 | lr: 0.0015625 | Epoch time: 0.1 |

2024-09-09 04:09:00,146 - INFO -
| Epoch:    820 | Train loss: 4.7747e-01 | Valid loss: 4.3307e-01 | Train acc: 0.7884 ± 0.0000 | Valid acc: 0.8031 ± 0.0000 | Valid Power: 0.0006 | Train Power: 0.0006 | patience:  91 | lr: 0.0015625 | Epoch time: 0.1 |

2024-09-09 04:09:01,226 - INFO -
load best network to warm start training with lower lr.

2024-09-09 04:09:01,226 - INFO -
lr update to 0.00078125.

2024-09-09 04:09:01,226 - INFO -
| Epoch:    830 | Train loss: 4.7735e-01 | Valid loss: 4.3316e-01 | Train acc: 0.7884 ± 0.0000 | Valid acc: 0.8031 ± 0.0000 | Valid Power: 0.0006 | Train Power: 0.0006 | patience:   0 | lr: 0.00078125 | Epoch time: 0.1 |

2024-09-09 04:09:02,303 - INFO -
| Epoch:    840 | Train loss: 4.7895e-01 | Valid loss: 4.2931e-01 | Train acc: 0.7859 ± 0.0000 | Valid acc: 0.8031 ± 0.0000 | Valid Power: 0.0006 | Train Power: 0.0006 | patience:  10 | lr: 0.00078125 | Epoch time: 0.1 |

2024-09-09 04:09:03,377 - INFO -
| Epoch:    850 | Train loss: 4.7885e-01 | Valid loss: 4.3148e-01 | Train acc: 0.7859 ± 0.0000 | Valid acc: 0.8031 ± 0.0000 | Valid Power: 0.0006 | Train Power: 0.0006 | patience:  20 | lr: 0.00078125 | Epoch time: 0.1 |

2024-09-09 04:09:04,460 - INFO -
| Epoch:    860 | Train loss: 4.7852e-01 | Valid loss: 4.3141e-01 | Train acc: 0.7859 ± 0.0000 | Valid acc: 0.8031 ± 0.0000 | Valid Power: 0.0006 | Train Power: 0.0006 | patience:  30 | lr: 0.00078125 | Epoch time: 0.1 |

2024-09-09 04:09:05,539 - INFO -
| Epoch:    870 | Train loss: 4.7840e-01 | Valid loss: 4.3105e-01 | Train acc: 0.7859 ± 0.0000 | Valid acc: 0.8031 ± 0.0000 | Valid Power: 0.0006 | Train Power: 0.0006 | patience:  40 | lr: 0.00078125 | Epoch time: 0.1 |

2024-09-09 04:09:06,611 - INFO -
| Epoch:    880 | Train loss: 4.7831e-01 | Valid loss: 4.3160e-01 | Train acc: 0.7859 ± 0.0000 | Valid acc: 0.8031 ± 0.0000 | Valid Power: 0.0006 | Train Power: 0.0006 | patience:  50 | lr: 0.00078125 | Epoch time: 0.1 |

2024-09-09 04:09:07,681 - INFO -
| Epoch:    890 | Train loss: 4.7823e-01 | Valid loss: 4.3222e-01 | Train acc: 0.7884 ± 0.0000 | Valid acc: 0.8031 ± 0.0000 | Valid Power: 0.0006 | Train Power: 0.0006 | patience:  60 | lr: 0.00078125 | Epoch time: 0.1 |

2024-09-09 04:09:08,751 - INFO -
| Epoch:    900 | Train loss: 4.7816e-01 | Valid loss: 4.3232e-01 | Train acc: 0.7884 ± 0.0000 | Valid acc: 0.8031 ± 0.0000 | Valid Power: 0.0006 | Train Power: 0.0006 | patience:  70 | lr: 0.00078125 | Epoch time: 0.1 |

2024-09-09 04:09:09,821 - INFO -
| Epoch:    910 | Train loss: 4.7809e-01 | Valid loss: 4.3222e-01 | Train acc: 0.7884 ± 0.0000 | Valid acc: 0.8031 ± 0.0000 | Valid Power: 0.0006 | Train Power: 0.0006 | patience:  80 | lr: 0.00078125 | Epoch time: 0.1 |

2024-09-09 04:09:10,893 - INFO -
| Epoch:    920 | Train loss: 4.7802e-01 | Valid loss: 4.3227e-01 | Train acc: 0.7884 ± 0.0000 | Valid acc: 0.8031 ± 0.0000 | Valid Power: 0.0006 | Train Power: 0.0006 | patience:  90 | lr: 0.00078125 | Epoch time: 0.1 |

2024-09-09 04:09:11,965 - INFO -
| Epoch:    930 | Train loss: 4.7795e-01 | Valid loss: 4.3237e-01 | Train acc: 0.7884 ± 0.0000 | Valid acc: 0.8031 ± 0.0000 | Valid Power: 0.0006 | Train Power: 0.0006 | patience: 100 | lr: 0.00078125 | Epoch time: 0.1 |

2024-09-09 04:09:12,075 - INFO -
load best network to warm start training with lower lr.

2024-09-09 04:09:12,075 - INFO -
lr update to 0.000390625.

2024-09-09 04:09:13,037 - INFO -
| Epoch:    940 | Train loss: 4.8028e-01 | Valid loss: 4.2748e-01 | Train acc: 0.7859 ± 0.0000 | Valid acc: 0.8031 ± 0.0000 | Valid Power: 0.0006 | Train Power: 0.0006 | patience:   9 | lr: 0.000390625 | Epoch time: 0.1 |

2024-09-09 04:09:14,107 - INFO -
| Epoch:    950 | Train loss: 4.7896e-01 | Valid loss: 4.2900e-01 | Train acc: 0.7859 ± 0.0000 | Valid acc: 0.8031 ± 0.0000 | Valid Power: 0.0006 | Train Power: 0.0006 | patience:  19 | lr: 0.000390625 | Epoch time: 0.1 |

2024-09-09 04:09:15,173 - INFO -
| Epoch:    960 | Train loss: 4.7875e-01 | Valid loss: 4.3044e-01 | Train acc: 0.7859 ± 0.0000 | Valid acc: 0.8031 ± 0.0000 | Valid Power: 0.0006 | Train Power: 0.0006 | patience:  29 | lr: 0.000390625 | Epoch time: 0.1 |

2024-09-09 04:09:16,239 - INFO -
| Epoch:    970 | Train loss: 4.7869e-01 | Valid loss: 4.3092e-01 | Train acc: 0.7859 ± 0.0000 | Valid acc: 0.8031 ± 0.0000 | Valid Power: 0.0006 | Train Power: 0.0006 | patience:  39 | lr: 0.000390625 | Epoch time: 0.1 |

2024-09-09 04:09:17,305 - INFO -
| Epoch:    980 | Train loss: 4.7859e-01 | Valid loss: 4.3100e-01 | Train acc: 0.7859 ± 0.0000 | Valid acc: 0.8031 ± 0.0000 | Valid Power: 0.0006 | Train Power: 0.0006 | patience:  49 | lr: 0.000390625 | Epoch time: 0.1 |

2024-09-09 04:09:18,369 - INFO -
| Epoch:    990 | Train loss: 4.7850e-01 | Valid loss: 4.3097e-01 | Train acc: 0.7859 ± 0.0000 | Valid acc: 0.8031 ± 0.0000 | Valid Power: 0.0006 | Train Power: 0.0006 | patience:  59 | lr: 0.000390625 | Epoch time: 0.1 |

2024-09-09 04:09:19,433 - INFO -
| Epoch:   1000 | Train loss: 4.7844e-01 | Valid loss: 4.3103e-01 | Train acc: 0.7859 ± 0.0000 | Valid acc: 0.8031 ± 0.0000 | Valid Power: 0.0006 | Train Power: 0.0006 | patience:  69 | lr: 0.000390625 | Epoch time: 0.1 |

2024-09-09 04:09:20,498 - INFO -
| Epoch:   1010 | Train loss: 4.7839e-01 | Valid loss: 4.3121e-01 | Train acc: 0.7859 ± 0.0000 | Valid acc: 0.8031 ± 0.0000 | Valid Power: 0.0006 | Train Power: 0.0006 | patience:  79 | lr: 0.000390625 | Epoch time: 0.1 |

2024-09-09 04:09:21,566 - INFO -
| Epoch:   1020 | Train loss: 4.7834e-01 | Valid loss: 4.3144e-01 | Train acc: 0.7859 ± 0.0000 | Valid acc: 0.8031 ± 0.0000 | Valid Power: 0.0006 | Train Power: 0.0006 | patience:  89 | lr: 0.000390625 | Epoch time: 0.1 |

2024-09-09 04:09:22,632 - INFO -
| Epoch:   1030 | Train loss: 4.7830e-01 | Valid loss: 4.3163e-01 | Train acc: 0.7859 ± 0.0000 | Valid acc: 0.8031 ± 0.0000 | Valid Power: 0.0006 | Train Power: 0.0006 | patience:  99 | lr: 0.000390625 | Epoch time: 0.1 |

2024-09-09 04:09:22,847 - INFO -
load best network to warm start training with lower lr.

2024-09-09 04:09:22,847 - INFO -
lr update to 0.0001953125.

2024-09-09 04:09:23,700 - INFO -
| Epoch:   1040 | Train loss: 4.8139e-01 | Valid loss: 4.2704e-01 | Train acc: 0.7884 ± 0.0000 | Valid acc: 0.8031 ± 0.0000 | Valid Power: 0.0006 | Train Power: 0.0006 | patience:   8 | lr: 0.0001953125 | Epoch time: 0.1 |

2024-09-09 04:09:24,864 - INFO -
| Epoch:   1050 | Train loss: 4.8014e-01 | Valid loss: 4.2745e-01 | Train acc: 0.7859 ± 0.0000 | Valid acc: 0.8031 ± 0.0000 | Valid Power: 0.0006 | Train Power: 0.0006 | patience:  18 | lr: 0.0001953125 | Epoch time: 0.1 |

2024-09-09 04:09:25,932 - INFO -
| Epoch:   1060 | Train loss: 4.7932e-01 | Valid loss: 4.2803e-01 | Train acc: 0.7859 ± 0.0000 | Valid acc: 0.8031 ± 0.0000 | Valid Power: 0.0006 | Train Power: 0.0006 | patience:  28 | lr: 0.0001953125 | Epoch time: 0.1 |

2024-09-09 04:09:26,997 - INFO -
| Epoch:   1070 | Train loss: 4.7896e-01 | Valid loss: 4.2885e-01 | Train acc: 0.7859 ± 0.0000 | Valid acc: 0.8031 ± 0.0000 | Valid Power: 0.0006 | Train Power: 0.0006 | patience:  38 | lr: 0.0001953125 | Epoch time: 0.1 |

2024-09-09 04:09:28,065 - INFO -
| Epoch:   1080 | Train loss: 4.7882e-01 | Valid loss: 4.2949e-01 | Train acc: 0.7859 ± 0.0000 | Valid acc: 0.8031 ± 0.0000 | Valid Power: 0.0006 | Train Power: 0.0006 | patience:  48 | lr: 0.0001953125 | Epoch time: 0.1 |

2024-09-09 04:09:29,132 - INFO -
| Epoch:   1090 | Train loss: 4.7874e-01 | Valid loss: 4.2991e-01 | Train acc: 0.7859 ± 0.0000 | Valid acc: 0.8031 ± 0.0000 | Valid Power: 0.0006 | Train Power: 0.0006 | patience:  58 | lr: 0.0001953125 | Epoch time: 0.1 |

2024-09-09 04:09:30,198 - INFO -
| Epoch:   1100 | Train loss: 4.7869e-01 | Valid loss: 4.3019e-01 | Train acc: 0.7859 ± 0.0000 | Valid acc: 0.8031 ± 0.0000 | Valid Power: 0.0006 | Train Power: 0.0006 | patience:  68 | lr: 0.0001953125 | Epoch time: 0.1 |

2024-09-09 04:09:31,263 - INFO -
| Epoch:   1110 | Train loss: 4.7865e-01 | Valid loss: 4.3037e-01 | Train acc: 0.7859 ± 0.0000 | Valid acc: 0.8031 ± 0.0000 | Valid Power: 0.0006 | Train Power: 0.0006 | patience:  78 | lr: 0.0001953125 | Epoch time: 0.1 |

2024-09-09 04:09:32,329 - INFO -
| Epoch:   1120 | Train loss: 4.7861e-01 | Valid loss: 4.3050e-01 | Train acc: 0.7859 ± 0.0000 | Valid acc: 0.8031 ± 0.0000 | Valid Power: 0.0006 | Train Power: 0.0006 | patience:  88 | lr: 0.0001953125 | Epoch time: 0.1 |

2024-09-09 04:09:33,395 - INFO -
| Epoch:   1130 | Train loss: 4.7857e-01 | Valid loss: 4.3061e-01 | Train acc: 0.7859 ± 0.0000 | Valid acc: 0.8031 ± 0.0000 | Valid Power: 0.0006 | Train Power: 0.0006 | patience:  98 | lr: 0.0001953125 | Epoch time: 0.1 |

2024-09-09 04:09:33,723 - INFO -
load best network to warm start training with lower lr.

2024-09-09 04:09:33,724 - INFO -
lr update to 9.765625e-05.

2024-09-09 04:09:33,724 - INFO -
Early stop.

2024-09-09 04:09:33,730 - INFO -
Training if finished.

2024-09-09 16:19:06,837 - INFO -
Configuration: 
gmin                0.01
gmax                10.0
T                   0.1
m                   0.3
type_nonlinear      normal
act                 tanh
ACT_R1n             12.7865
ACT_R2n             -3.1871
ACT_W1n             -10.4537
ACT_L1n             10.546
ACT_W2n             -5.8496
ACT_L2n             4.2337
S_R1n               -11.7481
S_R2n               -0.3905
S_W1n               -9.169
S_L1n               0.3913
S_W2n               7.2004
S_L2n               15.5558
ReLU_RHn            -1.9557
ReLU_RLn            -20.1581
ReLU_RDn            16.6486
ReLU_RBn            -14.3472
ReLU_Wn             16.655
ReLU_Ln             -21.7591
HS_Rn               -0.3766
HS_Wn               0.5192
HS_Ln               4.6293
NEG_R1n             -7.0846
NEG_R2n             -2.5695
NEG_R3n             16.1542
NEG_W1n             13.8696
NEG_L1n             2.7635
NEG_W2n             1.2674
NEG_L2n             -10.4803
NEG_W3n             -6.4386
NEG_L3n             5.1005
task                normal
DATASET             7
DataPath            ./dataset
InputNoise          0.0
IN_test             0.0
R_train             1
R_test              1
N_time              32
pathnorm            False
hidden              [3]
skipconnection      False
SEED                9
DEVICE              cpu
PATIENCE            500
EPOCH               10000000000
LR                  0.1
PROGRESSIVE         True
LR_PATIENCE         100
LR_DECAY            0.5
LR_MIN              0.0001
metric              acc
SoftEva             True
TIMELIMITATION      71
MODE                nominal
M_train             1
K_train             1
M_test              1
K_test              1
t_test_max          1
integration         MC
N_train             1
e_train             0.0
N_test              100
e_test              0.1
e_fault             2
fault_ratio         0.0
N_fault             50
e_fault_test        0
N_fault_test        50
dropout             0.0
lagrangian_loss     False
rho                 100
powerestimator      none
powerbalance        0.0
estimatorbalance    0.0
pgmin               1e-07
power_ratio         1000
lambda_P            100
areaestimator       none
areabalance         0.0
area_theta          0.15
area_act            30.0
area_neg            22.7
lambda_A            0.001
lnc                 False
projectname         tanh_0_FaultAnalysisNormal
temppath            ./tanh_0_FaultAnalysisNormal/temp/
logfilepath         ./tanh_0_FaultAnalysisNormal/log/
report_freq         10
recording           False
recordpath          ./tanh_0_FaultAnalysisNormal/record/
savepath            ./tanh_0_FaultAnalysisNormal/models/
loglevel            info


2024-09-09 16:19:06,859 - INFO -
Training network on device: cpu.

2024-09-09 16:19:06,859 - INFO -
Training setup: data_07_mammographic_seed_09_epsilon_0.0_dropout_0.0_fault_ratio_0.0.model.

2024-09-09 16:19:06,859 - INFO -
{'dataname': 'mammographic', 'N_feature': 5, 'N_class': 2, 'N_train': 397, 'N_valid': 127, 'N_test': 79}

2024-09-09 16:19:06,860 - INFO -
Training was already finished.

2024-09-11 18:17:02,188 - INFO -
Configuration: 
gmin                0.01
gmax                10.0
T                   0.1
m                   0.3
type_nonlinear      normal
act                 tanh
ACT_R1n             12.7865
ACT_R2n             -3.1871
ACT_W1n             -10.4537
ACT_L1n             10.546
ACT_W2n             -5.8496
ACT_L2n             4.2337
S_R1n               -11.7481
S_R2n               -0.3905
S_W1n               -9.169
S_L1n               0.3913
S_W2n               7.2004
S_L2n               15.5558
ReLU_RHn            -1.9557
ReLU_RLn            -20.1581
ReLU_RDn            16.6486
ReLU_RBn            -14.3472
ReLU_Wn             16.655
ReLU_Ln             -21.7591
HS_Rn               -0.3766
HS_Wn               0.5192
HS_Ln               4.6293
NEG_R1n             -7.0846
NEG_R2n             -2.5695
NEG_R3n             16.1542
NEG_W1n             13.8696
NEG_L1n             2.7635
NEG_W2n             1.2674
NEG_L2n             -10.4803
NEG_W3n             -6.4386
NEG_L3n             5.1005
task                normal
DATASET             7
DataPath            ./dataset
InputNoise          0.0
IN_test             0.0
R_train             1
R_test              1
N_time              32
pathnorm            False
hidden              [3]
skipconnection      False
SEED                9
DEVICE              cpu
PATIENCE            500
EPOCH               10000000000
LR                  0.1
PROGRESSIVE         True
LR_PATIENCE         100
LR_DECAY            0.5
LR_MIN              0.0001
metric              acc
SoftEva             True
TIMELIMITATION      71
MODE                nominal
M_train             1
K_train             1
M_test              1
K_test              1
t_test_max          1
integration         MC
N_train             1
e_train             0.0
N_test              100
e_test              0.1
e_fault             2
fault_ratio         0.0
N_fault             50
e_fault_test        0
N_fault_test        50
dropout             0.0
lagrangian_loss     False
rho                 100
powerestimator      none
powerbalance        0.0
estimatorbalance    0.0
pgmin               1e-07
power_ratio         1000
lambda_P            100
areaestimator       none
areabalance         0.0
area_theta          0.15
area_act            30.0
area_neg            22.7
lambda_A            0.001
lnc                 False
projectname         tanh_0_FaultAnalysisNormal
temppath            ./tanh_0_FaultAnalysisNormal/temp/
logfilepath         ./tanh_0_FaultAnalysisNormal/log/
report_freq         10
recording           False
recordpath          ./tanh_0_FaultAnalysisNormal/record/
savepath            ./tanh_0_FaultAnalysisNormal/models/
loglevel            info


2024-09-11 18:17:02,200 - INFO -
Training network on device: cpu.

2024-09-11 18:17:02,200 - INFO -
Training setup: data_07_mammographic_seed_09_epsilon_0.0_dropout_0.0_fault_ratio_0.0.model.

2024-09-11 18:17:02,200 - INFO -
{'dataname': 'mammographic', 'N_feature': 5, 'N_class': 2, 'N_train': 397, 'N_valid': 127, 'N_test': 79}

2024-09-11 18:17:02,200 - INFO -
Training was already finished.

2024-09-12 04:38:03,637 - INFO -
Configuration: 
gmin                0.01
gmax                10.0
T                   0.1
m                   0.3
type_nonlinear      normal
act                 tanh
ACT_R1n             12.7865
ACT_R2n             -3.1871
ACT_W1n             -10.4537
ACT_L1n             10.546
ACT_W2n             -5.8496
ACT_L2n             4.2337
S_R1n               -11.7481
S_R2n               -0.3905
S_W1n               -9.169
S_L1n               0.3913
S_W2n               7.2004
S_L2n               15.5558
ReLU_RHn            -1.9557
ReLU_RLn            -20.1581
ReLU_RDn            16.6486
ReLU_RBn            -14.3472
ReLU_Wn             16.655
ReLU_Ln             -21.7591
HS_Rn               -0.3766
HS_Wn               0.5192
HS_Ln               4.6293
NEG_R1n             -7.0846
NEG_R2n             -2.5695
NEG_R3n             16.1542
NEG_W1n             13.8696
NEG_L1n             2.7635
NEG_W2n             1.2674
NEG_L2n             -10.4803
NEG_W3n             -6.4386
NEG_L3n             5.1005
task                normal
DATASET             7
DataPath            ./dataset
InputNoise          0.0
IN_test             0.0
R_train             1
R_test              1
N_time              32
pathnorm            False
hidden              [3]
skipconnection      False
SEED                9
DEVICE              cpu
PATIENCE            500
EPOCH               10000000000
LR                  0.1
PROGRESSIVE         True
LR_PATIENCE         100
LR_DECAY            0.5
LR_MIN              0.0001
metric              acc
SoftEva             True
TIMELIMITATION      71
MODE                nominal
M_train             1
K_train             1
M_test              1
K_test              1
t_test_max          1
integration         MC
N_train             1
e_train             0.0
N_test              100
e_test              0.1
e_fault             2
fault_ratio         0.0
N_fault             50
e_fault_test        0
N_fault_test        50
dropout             0.0
lagrangian_loss     False
rho                 100
powerestimator      none
powerbalance        0.0
estimatorbalance    0.0
pgmin               1e-07
power_ratio         1000
lambda_P            100
areaestimator       none
areabalance         0.0
area_theta          0.15
area_act            30.0
area_neg            22.7
lambda_A            0.001
lnc                 False
projectname         tanh_0_FaultAnalysisNormal
temppath            ./tanh_0_FaultAnalysisNormal/temp/
logfilepath         ./tanh_0_FaultAnalysisNormal/log/
report_freq         10
recording           False
recordpath          ./tanh_0_FaultAnalysisNormal/record/
savepath            ./tanh_0_FaultAnalysisNormal/models/
loglevel            info


2024-09-12 04:38:03,657 - INFO -
Training network on device: cpu.

2024-09-12 04:38:03,657 - INFO -
Training setup: data_07_mammographic_seed_09_epsilon_0.0_dropout_0.0_fault_ratio_0.0.model.

2024-09-12 04:38:03,657 - INFO -
{'dataname': 'mammographic', 'N_feature': 5, 'N_class': 2, 'N_train': 397, 'N_valid': 127, 'N_test': 79}

2024-09-12 04:38:03,658 - INFO -
Training was already finished.

