2024-09-09 04:07:29,235 - INFO -
Configuration: 
gmin                0.01
gmax                10.0
T                   0.1
m                   0.3
type_nonlinear      normal
act                 tanh
ACT_R1n             12.7865
ACT_R2n             -3.1871
ACT_W1n             -10.4537
ACT_L1n             10.546
ACT_W2n             -5.8496
ACT_L2n             4.2337
S_R1n               -11.7481
S_R2n               -0.3905
S_W1n               -9.169
S_L1n               0.3913
S_W2n               7.2004
S_L2n               15.5558
ReLU_RHn            -1.9557
ReLU_RLn            -20.1581
ReLU_RDn            16.6486
ReLU_RBn            -14.3472
ReLU_Wn             16.655
ReLU_Ln             -21.7591
HS_Rn               -0.3766
HS_Wn               0.5192
HS_Ln               4.6293
NEG_R1n             -7.0846
NEG_R2n             -2.5695
NEG_R3n             16.1542
NEG_W1n             13.8696
NEG_L1n             2.7635
NEG_W2n             1.2674
NEG_L2n             -10.4803
NEG_W3n             -6.4386
NEG_L3n             5.1005
task                normal
DATASET             4
DataPath            ./dataset
InputNoise          0.0
IN_test             0.0
R_train             1
R_test              1
N_time              32
pathnorm            False
hidden              [3]
skipconnection      False
SEED                6
DEVICE              cpu
PATIENCE            500
EPOCH               10000000000
LR                  0.1
PROGRESSIVE         True
LR_PATIENCE         100
LR_DECAY            0.5
LR_MIN              0.0001
metric              acc
SoftEva             True
TIMELIMITATION      71
MODE                nominal
M_train             1
K_train             1
M_test              1
K_test              1
t_test_max          1
integration         MC
N_train             1
e_train             0.0
N_test              100
e_test              0.1
e_fault             2
fault_ratio         0.0
N_fault             50
e_fault_test        0
N_fault_test        50
dropout             0.0
lagrangian_loss     False
rho                 100
powerestimator      none
powerbalance        0.0
estimatorbalance    0.0
pgmin               1e-07
power_ratio         1000
lambda_P            100
areaestimator       none
areabalance         0.0
area_theta          0.15
area_act            30.0
area_neg            22.7
lambda_A            0.001
lnc                 False
projectname         tanh_0_FaultAnalysisNormal
temppath            ./tanh_0_FaultAnalysisNormal/temp/
logfilepath         ./tanh_0_FaultAnalysisNormal/log/
report_freq         10
recording           False
recordpath          ./tanh_0_FaultAnalysisNormal/record/
savepath            ./tanh_0_FaultAnalysisNormal/models/
loglevel            info


2024-09-09 04:07:29,235 - INFO -
Training network on device: cpu.

2024-09-09 04:07:29,235 - INFO -
Training setup: data_04_energyy1_seed_06_epsilon_0.0_dropout_0.0_fault_ratio_0.0.model.

2024-09-09 04:07:29,235 - INFO -
{'dataname': 'energyy1', 'N_feature': 8, 'N_class': 3, 'N_train': 397, 'N_valid': 127, 'N_test': 79}

2024-09-09 04:07:29,235 - INFO -
Topology of the network: [8, 3, 3].

2024-09-09 04:07:31,184 - INFO -
| Epoch:      0 | Train loss: 1.0986e+00 | Valid loss: 1.0885e+00 | Train acc: 0.5164 ± 0.0000 | Valid acc: 0.3622 ± 0.0000 | Valid Power: 0.0008 | Train Power: 0.0005 | patience:   0 | lr: 0.1 | Epoch time: 0.1 |

2024-09-09 04:07:32,469 - INFO -
| Epoch:     10 | Train loss: 8.1049e-01 | Valid loss: 8.2577e-01 | Train acc: 0.8186 ± 0.0000 | Valid acc: 0.7874 ± 0.0000 | Valid Power: 0.0015 | Train Power: 0.0010 | patience:   0 | lr: 0.1 | Epoch time: 0.1 |

2024-09-09 04:07:33,761 - INFO -
| Epoch:     20 | Train loss: 6.2642e-01 | Valid loss: 6.5373e-01 | Train acc: 0.8186 ± 0.0000 | Valid acc: 0.7874 ± 0.0000 | Valid Power: 0.0008 | Train Power: 0.0009 | patience:   0 | lr: 0.1 | Epoch time: 0.1 |

2024-09-09 04:07:35,050 - INFO -
| Epoch:     30 | Train loss: 5.9002e-01 | Valid loss: 6.2009e-01 | Train acc: 0.8186 ± 0.0000 | Valid acc: 0.7874 ± 0.0000 | Valid Power: 0.0009 | Train Power: 0.0009 | patience:   0 | lr: 0.1 | Epoch time: 0.1 |

2024-09-09 04:07:36,345 - INFO -
| Epoch:     40 | Train loss: 5.7982e-01 | Valid loss: 6.0950e-01 | Train acc: 0.8186 ± 0.0000 | Valid acc: 0.7874 ± 0.0000 | Valid Power: 0.0009 | Train Power: 0.0009 | patience:   0 | lr: 0.1 | Epoch time: 0.1 |

2024-09-09 04:07:37,627 - INFO -
| Epoch:     50 | Train loss: 5.7534e-01 | Valid loss: 6.0618e-01 | Train acc: 0.8186 ± 0.0000 | Valid acc: 0.7874 ± 0.0000 | Valid Power: 0.0009 | Train Power: 0.0009 | patience:   2 | lr: 0.1 | Epoch time: 0.1 |

2024-09-09 04:07:38,987 - INFO -
| Epoch:     60 | Train loss: 5.7278e-01 | Valid loss: 6.0301e-01 | Train acc: 0.8186 ± 0.0000 | Valid acc: 0.7874 ± 0.0000 | Valid Power: 0.0010 | Train Power: 0.0010 | patience:   0 | lr: 0.1 | Epoch time: 0.1 |

2024-09-09 04:07:40,288 - INFO -
| Epoch:     70 | Train loss: 5.7077e-01 | Valid loss: 6.0039e-01 | Train acc: 0.8186 ± 0.0000 | Valid acc: 0.7874 ± 0.0000 | Valid Power: 0.0009 | Train Power: 0.0009 | patience:   0 | lr: 0.1 | Epoch time: 0.1 |

2024-09-09 04:07:41,577 - INFO -
| Epoch:     80 | Train loss: 5.6886e-01 | Valid loss: 5.9711e-01 | Train acc: 0.8186 ± 0.0000 | Valid acc: 0.7874 ± 0.0000 | Valid Power: 0.0011 | Train Power: 0.0010 | patience:   0 | lr: 0.1 | Epoch time: 0.1 |

2024-09-09 04:07:42,867 - INFO -
| Epoch:     90 | Train loss: 5.6708e-01 | Valid loss: 5.9437e-01 | Train acc: 0.8186 ± 0.0000 | Valid acc: 0.7874 ± 0.0000 | Valid Power: 0.0010 | Train Power: 0.0010 | patience:   0 | lr: 0.1 | Epoch time: 0.1 |

2024-09-09 04:07:44,165 - INFO -
| Epoch:    100 | Train loss: 5.6514e-01 | Valid loss: 5.9182e-01 | Train acc: 0.8186 ± 0.0000 | Valid acc: 0.7874 ± 0.0000 | Valid Power: 0.0012 | Train Power: 0.0012 | patience:   0 | lr: 0.1 | Epoch time: 0.1 |

2024-09-09 04:07:45,454 - INFO -
| Epoch:    110 | Train loss: 5.6288e-01 | Valid loss: 5.8900e-01 | Train acc: 0.8186 ± 0.0000 | Valid acc: 0.7874 ± 0.0000 | Valid Power: 0.0016 | Train Power: 0.0016 | patience:   0 | lr: 0.1 | Epoch time: 0.1 |

2024-09-09 04:07:46,757 - INFO -
| Epoch:    120 | Train loss: 5.6055e-01 | Valid loss: 5.8603e-01 | Train acc: 0.8186 ± 0.0000 | Valid acc: 0.7874 ± 0.0000 | Valid Power: 0.0018 | Train Power: 0.0024 | patience:   0 | lr: 0.1 | Epoch time: 0.1 |

2024-09-09 04:07:48,033 - INFO -
| Epoch:    130 | Train loss: 5.5928e-01 | Valid loss: 5.8560e-01 | Train acc: 0.8186 ± 0.0000 | Valid acc: 0.7874 ± 0.0000 | Valid Power: 0.0019 | Train Power: 0.0018 | patience:   6 | lr: 0.1 | Epoch time: 0.1 |

2024-09-09 04:07:49,302 - INFO -
| Epoch:    140 | Train loss: 5.5793e-01 | Valid loss: 5.8468e-01 | Train acc: 0.8186 ± 0.0000 | Valid acc: 0.7874 ± 0.0000 | Valid Power: 0.0018 | Train Power: 0.0018 | patience:   0 | lr: 0.1 | Epoch time: 0.1 |

2024-09-09 04:07:50,577 - INFO -
| Epoch:    150 | Train loss: 5.5851e-01 | Valid loss: 5.8578e-01 | Train acc: 0.8186 ± 0.0000 | Valid acc: 0.7874 ± 0.0000 | Valid Power: 0.0017 | Train Power: 0.0018 | patience:   6 | lr: 0.1 | Epoch time: 0.1 |

2024-09-09 04:07:51,850 - INFO -
| Epoch:    160 | Train loss: 5.5757e-01 | Valid loss: 5.8057e-01 | Train acc: 0.8186 ± 0.0000 | Valid acc: 0.7874 ± 0.0000 | Valid Power: 0.0018 | Train Power: 0.0018 | patience:   1 | lr: 0.1 | Epoch time: 0.1 |

2024-09-09 04:07:53,111 - INFO -
| Epoch:    170 | Train loss: 5.5593e-01 | Valid loss: 5.8065e-01 | Train acc: 0.8186 ± 0.0000 | Valid acc: 0.7874 ± 0.0000 | Valid Power: 0.0018 | Train Power: 0.0019 | patience:   7 | lr: 0.1 | Epoch time: 0.1 |

2024-09-09 04:07:54,373 - INFO -
| Epoch:    180 | Train loss: 5.5572e-01 | Valid loss: 5.8013e-01 | Train acc: 0.8186 ± 0.0000 | Valid acc: 0.7874 ± 0.0000 | Valid Power: 0.0018 | Train Power: 0.0018 | patience:   2 | lr: 0.1 | Epoch time: 0.1 |

2024-09-09 04:07:55,643 - INFO -
| Epoch:    190 | Train loss: 5.5549e-01 | Valid loss: 5.7974e-01 | Train acc: 0.8186 ± 0.0000 | Valid acc: 0.7874 ± 0.0000 | Valid Power: 0.0021 | Train Power: 0.0021 | patience:   4 | lr: 0.1 | Epoch time: 0.1 |

2024-09-09 04:07:56,908 - INFO -
| Epoch:    200 | Train loss: 5.5524e-01 | Valid loss: 5.7896e-01 | Train acc: 0.8186 ± 0.0000 | Valid acc: 0.7874 ± 0.0000 | Valid Power: 0.0034 | Train Power: 0.0032 | patience:   1 | lr: 0.1 | Epoch time: 0.1 |

2024-09-09 04:07:58,274 - INFO -
| Epoch:    210 | Train loss: 5.5504e-01 | Valid loss: 5.7892e-01 | Train acc: 0.8186 ± 0.0000 | Valid acc: 0.7874 ± 0.0000 | Valid Power: 0.1262 | Train Power: 0.0254 | patience:   8 | lr: 0.1 | Epoch time: 0.1 |

2024-09-09 04:07:59,541 - INFO -
| Epoch:    220 | Train loss: 5.5490e-01 | Valid loss: 5.7859e-01 | Train acc: 0.8186 ± 0.0000 | Valid acc: 0.7874 ± 0.0000 | Valid Power: 0.0067 | Train Power: 0.0071 | patience:   0 | lr: 0.1 | Epoch time: 0.1 |

2024-09-09 04:08:00,820 - INFO -
| Epoch:    230 | Train loss: 5.5475e-01 | Valid loss: 5.7850e-01 | Train acc: 0.8186 ± 0.0000 | Valid acc: 0.7874 ± 0.0000 | Valid Power: 0.0053 | Train Power: 0.0055 | patience:   5 | lr: 0.1 | Epoch time: 0.1 |

2024-09-09 04:08:02,078 - INFO -
| Epoch:    240 | Train loss: 5.5486e-01 | Valid loss: 5.8202e-01 | Train acc: 0.8186 ± 0.0000 | Valid acc: 0.7874 ± 0.0000 | Valid Power: 0.0050 | Train Power: 0.0051 | patience:  15 | lr: 0.1 | Epoch time: 0.1 |

2024-09-09 04:08:03,345 - INFO -
| Epoch:    250 | Train loss: 5.5460e-01 | Valid loss: 5.7851e-01 | Train acc: 0.8186 ± 0.0000 | Valid acc: 0.7874 ± 0.0000 | Valid Power: 0.0049 | Train Power: 0.0050 | patience:   3 | lr: 0.1 | Epoch time: 0.1 |

2024-09-09 04:08:04,603 - INFO -
| Epoch:    260 | Train loss: 5.5443e-01 | Valid loss: 5.8098e-01 | Train acc: 0.8186 ± 0.0000 | Valid acc: 0.7874 ± 0.0000 | Valid Power: 0.0049 | Train Power: 0.0049 | patience:  13 | lr: 0.1 | Epoch time: 0.1 |

2024-09-09 04:08:05,882 - INFO -
| Epoch:    270 | Train loss: 5.5436e-01 | Valid loss: 5.7634e-01 | Train acc: 0.8186 ± 0.0000 | Valid acc: 0.7874 ± 0.0000 | Valid Power: 0.0048 | Train Power: 0.0050 | patience:   0 | lr: 0.1 | Epoch time: 0.1 |

2024-09-09 04:08:07,166 - INFO -
| Epoch:    280 | Train loss: 5.5416e-01 | Valid loss: 5.7834e-01 | Train acc: 0.8186 ± 0.0000 | Valid acc: 0.7874 ± 0.0000 | Valid Power: 0.0049 | Train Power: 0.0049 | patience:  10 | lr: 0.1 | Epoch time: 0.1 |

2024-09-09 04:08:08,443 - INFO -
| Epoch:    290 | Train loss: 5.5409e-01 | Valid loss: 5.7740e-01 | Train acc: 0.8186 ± 0.0000 | Valid acc: 0.7874 ± 0.0000 | Valid Power: 0.0048 | Train Power: 0.0049 | patience:  20 | lr: 0.1 | Epoch time: 0.1 |

2024-09-09 04:08:09,795 - INFO -
| Epoch:    300 | Train loss: 5.5395e-01 | Valid loss: 5.7762e-01 | Train acc: 0.8186 ± 0.0000 | Valid acc: 0.7874 ± 0.0000 | Valid Power: 0.0048 | Train Power: 0.0049 | patience:  30 | lr: 0.1 | Epoch time: 0.1 |

2024-09-09 04:08:11,051 - INFO -
| Epoch:    310 | Train loss: 5.5423e-01 | Valid loss: 5.7861e-01 | Train acc: 0.8186 ± 0.0000 | Valid acc: 0.7874 ± 0.0000 | Valid Power: 0.0049 | Train Power: 0.0049 | patience:  40 | lr: 0.1 | Epoch time: 0.1 |

2024-09-09 04:08:12,312 - INFO -
| Epoch:    320 | Train loss: 5.5392e-01 | Valid loss: 5.7631e-01 | Train acc: 0.8186 ± 0.0000 | Valid acc: 0.7874 ± 0.0000 | Valid Power: 0.0047 | Train Power: 0.0048 | patience:   0 | lr: 0.1 | Epoch time: 0.1 |

2024-09-09 04:08:13,570 - INFO -
| Epoch:    330 | Train loss: 5.5397e-01 | Valid loss: 5.7783e-01 | Train acc: 0.8186 ± 0.0000 | Valid acc: 0.7874 ± 0.0000 | Valid Power: 0.0047 | Train Power: 0.0048 | patience:  10 | lr: 0.1 | Epoch time: 0.1 |

2024-09-09 04:08:14,831 - INFO -
| Epoch:    340 | Train loss: 5.5380e-01 | Valid loss: 5.7708e-01 | Train acc: 0.8186 ± 0.0000 | Valid acc: 0.7874 ± 0.0000 | Valid Power: 0.0047 | Train Power: 0.0048 | patience:   5 | lr: 0.1 | Epoch time: 0.1 |

2024-09-09 04:08:16,090 - INFO -
| Epoch:    350 | Train loss: 5.5372e-01 | Valid loss: 5.7648e-01 | Train acc: 0.8186 ± 0.0000 | Valid acc: 0.7874 ± 0.0000 | Valid Power: 0.0047 | Train Power: 0.0048 | patience:  15 | lr: 0.1 | Epoch time: 0.1 |

2024-09-09 04:08:17,359 - INFO -
| Epoch:    360 | Train loss: 5.5369e-01 | Valid loss: 5.7630e-01 | Train acc: 0.8186 ± 0.0000 | Valid acc: 0.7874 ± 0.0000 | Valid Power: 0.0047 | Train Power: 0.0048 | patience:   3 | lr: 0.1 | Epoch time: 0.1 |

2024-09-09 04:08:18,619 - INFO -
| Epoch:    370 | Train loss: 5.5363e-01 | Valid loss: 5.7665e-01 | Train acc: 0.8186 ± 0.0000 | Valid acc: 0.7874 ± 0.0000 | Valid Power: 0.0047 | Train Power: 0.0048 | patience:  13 | lr: 0.1 | Epoch time: 0.1 |

2024-09-09 04:08:19,889 - INFO -
| Epoch:    380 | Train loss: 5.5358e-01 | Valid loss: 5.7612e-01 | Train acc: 0.8186 ± 0.0000 | Valid acc: 0.7874 ± 0.0000 | Valid Power: 0.0047 | Train Power: 0.0048 | patience:  23 | lr: 0.1 | Epoch time: 0.1 |

2024-09-09 04:08:21,149 - INFO -
| Epoch:    390 | Train loss: 5.5355e-01 | Valid loss: 5.7637e-01 | Train acc: 0.8186 ± 0.0000 | Valid acc: 0.7874 ± 0.0000 | Valid Power: 0.0048 | Train Power: 0.0048 | patience:  33 | lr: 0.1 | Epoch time: 0.1 |

2024-09-09 04:08:22,407 - INFO -
| Epoch:    400 | Train loss: 5.5352e-01 | Valid loss: 5.7616e-01 | Train acc: 0.8186 ± 0.0000 | Valid acc: 0.7874 ± 0.0000 | Valid Power: 0.0047 | Train Power: 0.0048 | patience:  43 | lr: 0.1 | Epoch time: 0.1 |

2024-09-09 04:08:23,666 - INFO -
| Epoch:    410 | Train loss: 5.5349e-01 | Valid loss: 5.7609e-01 | Train acc: 0.8186 ± 0.0000 | Valid acc: 0.7874 ± 0.0000 | Valid Power: 0.0047 | Train Power: 0.0047 | patience:  53 | lr: 0.1 | Epoch time: 0.1 |

2024-09-09 04:08:24,925 - INFO -
| Epoch:    420 | Train loss: 5.5345e-01 | Valid loss: 5.7604e-01 | Train acc: 0.8186 ± 0.0000 | Valid acc: 0.7874 ± 0.0000 | Valid Power: 0.0047 | Train Power: 0.0047 | patience:  63 | lr: 0.1 | Epoch time: 0.1 |

2024-09-09 04:08:26,198 - INFO -
| Epoch:    430 | Train loss: 5.5343e-01 | Valid loss: 5.7593e-01 | Train acc: 0.8186 ± 0.0000 | Valid acc: 0.7874 ± 0.0000 | Valid Power: 0.0047 | Train Power: 0.0049 | patience:   0 | lr: 0.1 | Epoch time: 0.1 |

2024-09-09 04:08:27,459 - INFO -
| Epoch:    440 | Train loss: 5.5340e-01 | Valid loss: 5.7597e-01 | Train acc: 0.8186 ± 0.0000 | Valid acc: 0.7874 ± 0.0000 | Valid Power: 0.0047 | Train Power: 0.0047 | patience:   6 | lr: 0.1 | Epoch time: 0.1 |

2024-09-09 04:08:28,728 - INFO -
| Epoch:    450 | Train loss: 5.5337e-01 | Valid loss: 5.7584e-01 | Train acc: 0.8186 ± 0.0000 | Valid acc: 0.7874 ± 0.0000 | Valid Power: 0.0047 | Train Power: 0.0047 | patience:   1 | lr: 0.1 | Epoch time: 0.1 |

2024-09-09 04:08:29,994 - INFO -
| Epoch:    460 | Train loss: 5.5335e-01 | Valid loss: 5.7575e-01 | Train acc: 0.8186 ± 0.0000 | Valid acc: 0.7874 ± 0.0000 | Valid Power: 0.0047 | Train Power: 0.0047 | patience:   0 | lr: 0.1 | Epoch time: 0.1 |

2024-09-09 04:08:31,357 - INFO -
| Epoch:    470 | Train loss: 5.5332e-01 | Valid loss: 5.7584e-01 | Train acc: 0.8186 ± 0.0000 | Valid acc: 0.7874 ± 0.0000 | Valid Power: 0.0046 | Train Power: 0.0047 | patience:   2 | lr: 0.1 | Epoch time: 0.2 |

2024-09-09 04:08:32,617 - INFO -
| Epoch:    480 | Train loss: 5.5330e-01 | Valid loss: 5.7574e-01 | Train acc: 0.8186 ± 0.0000 | Valid acc: 0.7874 ± 0.0000 | Valid Power: 0.0046 | Train Power: 0.0047 | patience:  12 | lr: 0.1 | Epoch time: 0.1 |

2024-09-09 04:08:33,889 - INFO -
| Epoch:    490 | Train loss: 5.5327e-01 | Valid loss: 5.7565e-01 | Train acc: 0.8186 ± 0.0000 | Valid acc: 0.7874 ± 0.0000 | Valid Power: 0.0046 | Train Power: 0.0047 | patience:   1 | lr: 0.1 | Epoch time: 0.1 |

2024-09-09 04:08:35,158 - INFO -
| Epoch:    500 | Train loss: 5.5324e-01 | Valid loss: 5.7556e-01 | Train acc: 0.8186 ± 0.0000 | Valid acc: 0.7874 ± 0.0000 | Valid Power: 0.0047 | Train Power: 0.0048 | patience:   0 | lr: 0.1 | Epoch time: 0.1 |

2024-09-09 04:08:36,440 - INFO -
| Epoch:    510 | Train loss: 5.5323e-01 | Valid loss: 5.7548e-01 | Train acc: 0.8186 ± 0.0000 | Valid acc: 0.7874 ± 0.0000 | Valid Power: 0.0046 | Train Power: 0.0047 | patience:   0 | lr: 0.1 | Epoch time: 0.1 |

2024-09-09 04:08:37,706 - INFO -
| Epoch:    520 | Train loss: 5.5320e-01 | Valid loss: 5.7556e-01 | Train acc: 0.8186 ± 0.0000 | Valid acc: 0.7874 ± 0.0000 | Valid Power: 0.0048 | Train Power: 0.0051 | patience:   2 | lr: 0.1 | Epoch time: 0.1 |

2024-09-09 04:08:38,968 - INFO -
| Epoch:    530 | Train loss: 5.5318e-01 | Valid loss: 5.7544e-01 | Train acc: 0.8186 ± 0.0000 | Valid acc: 0.7874 ± 0.0000 | Valid Power: 0.0046 | Train Power: 0.0047 | patience:   1 | lr: 0.1 | Epoch time: 0.1 |

2024-09-09 04:08:40,238 - INFO -
| Epoch:    540 | Train loss: 5.5316e-01 | Valid loss: 5.7539e-01 | Train acc: 0.8186 ± 0.0000 | Valid acc: 0.7874 ± 0.0000 | Valid Power: 0.0046 | Train Power: 0.0047 | patience:   0 | lr: 0.1 | Epoch time: 0.1 |

2024-09-09 04:08:41,505 - INFO -
| Epoch:    550 | Train loss: 5.5314e-01 | Valid loss: 5.7537e-01 | Train acc: 0.8186 ± 0.0000 | Valid acc: 0.7874 ± 0.0000 | Valid Power: 0.0046 | Train Power: 0.0047 | patience:   2 | lr: 0.1 | Epoch time: 0.1 |

2024-09-09 04:08:42,781 - INFO -
| Epoch:    560 | Train loss: 5.5312e-01 | Valid loss: 5.7531e-01 | Train acc: 0.8186 ± 0.0000 | Valid acc: 0.7874 ± 0.0000 | Valid Power: 0.0046 | Train Power: 0.0047 | patience:   1 | lr: 0.1 | Epoch time: 0.1 |

2024-09-09 04:08:44,062 - INFO -
| Epoch:    570 | Train loss: 5.5310e-01 | Valid loss: 5.7526e-01 | Train acc: 0.8186 ± 0.0000 | Valid acc: 0.7874 ± 0.0000 | Valid Power: 0.0046 | Train Power: 0.0047 | patience:   0 | lr: 0.1 | Epoch time: 0.1 |

2024-09-09 04:08:45,347 - INFO -
| Epoch:    580 | Train loss: 5.5308e-01 | Valid loss: 5.7522e-01 | Train acc: 0.8186 ± 0.0000 | Valid acc: 0.7874 ± 0.0000 | Valid Power: 0.0046 | Train Power: 0.0047 | patience:   0 | lr: 0.1 | Epoch time: 0.1 |

2024-09-09 04:08:46,639 - INFO -
| Epoch:    590 | Train loss: 5.5306e-01 | Valid loss: 5.7518e-01 | Train acc: 0.8186 ± 0.0000 | Valid acc: 0.7874 ± 0.0000 | Valid Power: 0.0046 | Train Power: 0.0047 | patience:   0 | lr: 0.1 | Epoch time: 0.1 |

2024-09-09 04:08:47,928 - INFO -
| Epoch:    600 | Train loss: 5.5304e-01 | Valid loss: 5.7514e-01 | Train acc: 0.8186 ± 0.0000 | Valid acc: 0.7874 ± 0.0000 | Valid Power: 0.0046 | Train Power: 0.0047 | patience:   0 | lr: 0.1 | Epoch time: 0.1 |

2024-09-09 04:08:49,217 - INFO -
| Epoch:    610 | Train loss: 5.5302e-01 | Valid loss: 5.7509e-01 | Train acc: 0.8186 ± 0.0000 | Valid acc: 0.7874 ± 0.0000 | Valid Power: 0.0046 | Train Power: 0.0047 | patience:   0 | lr: 0.1 | Epoch time: 0.1 |

2024-09-09 04:08:50,509 - INFO -
| Epoch:    620 | Train loss: 5.5300e-01 | Valid loss: 5.7505e-01 | Train acc: 0.8186 ± 0.0000 | Valid acc: 0.7874 ± 0.0000 | Valid Power: 0.0046 | Train Power: 0.0047 | patience:   0 | lr: 0.1 | Epoch time: 0.1 |

2024-09-09 04:08:51,894 - INFO -
| Epoch:    630 | Train loss: 5.5298e-01 | Valid loss: 5.7501e-01 | Train acc: 0.8186 ± 0.0000 | Valid acc: 0.7874 ± 0.0000 | Valid Power: 0.0046 | Train Power: 0.0047 | patience:   0 | lr: 0.1 | Epoch time: 0.1 |

2024-09-09 04:08:53,185 - INFO -
| Epoch:    640 | Train loss: 5.5297e-01 | Valid loss: 5.7497e-01 | Train acc: 0.8186 ± 0.0000 | Valid acc: 0.7874 ± 0.0000 | Valid Power: 0.0046 | Train Power: 0.0047 | patience:   0 | lr: 0.1 | Epoch time: 0.1 |

2024-09-09 04:08:54,477 - INFO -
| Epoch:    650 | Train loss: 5.5295e-01 | Valid loss: 5.7493e-01 | Train acc: 0.8186 ± 0.0000 | Valid acc: 0.7874 ± 0.0000 | Valid Power: 0.0046 | Train Power: 0.0047 | patience:   0 | lr: 0.1 | Epoch time: 0.1 |

2024-09-09 04:08:55,766 - INFO -
| Epoch:    660 | Train loss: 5.5293e-01 | Valid loss: 5.7489e-01 | Train acc: 0.8186 ± 0.0000 | Valid acc: 0.7874 ± 0.0000 | Valid Power: 0.0046 | Train Power: 0.0046 | patience:   0 | lr: 0.1 | Epoch time: 0.1 |

2024-09-09 04:08:57,071 - INFO -
| Epoch:    670 | Train loss: 5.5292e-01 | Valid loss: 5.7485e-01 | Train acc: 0.8186 ± 0.0000 | Valid acc: 0.7874 ± 0.0000 | Valid Power: 0.0046 | Train Power: 0.0046 | patience:   0 | lr: 0.1 | Epoch time: 0.1 |

2024-09-09 04:08:58,363 - INFO -
| Epoch:    680 | Train loss: 5.5290e-01 | Valid loss: 5.7481e-01 | Train acc: 0.8186 ± 0.0000 | Valid acc: 0.7874 ± 0.0000 | Valid Power: 0.0046 | Train Power: 0.0046 | patience:   0 | lr: 0.1 | Epoch time: 0.1 |

2024-09-09 04:08:59,654 - INFO -
| Epoch:    690 | Train loss: 5.5288e-01 | Valid loss: 5.7477e-01 | Train acc: 0.8186 ± 0.0000 | Valid acc: 0.7874 ± 0.0000 | Valid Power: 0.0046 | Train Power: 0.0046 | patience:   0 | lr: 0.1 | Epoch time: 0.1 |

2024-09-09 04:09:00,945 - INFO -
| Epoch:    700 | Train loss: 5.5287e-01 | Valid loss: 5.7473e-01 | Train acc: 0.8186 ± 0.0000 | Valid acc: 0.7874 ± 0.0000 | Valid Power: 0.0046 | Train Power: 0.0046 | patience:   0 | lr: 0.1 | Epoch time: 0.1 |

2024-09-09 04:09:02,330 - INFO -
| Epoch:    710 | Train loss: 5.5285e-01 | Valid loss: 5.7470e-01 | Train acc: 0.8186 ± 0.0000 | Valid acc: 0.7874 ± 0.0000 | Valid Power: 0.0046 | Train Power: 0.0046 | patience:   0 | lr: 0.1 | Epoch time: 0.2 |

2024-09-09 04:09:03,621 - INFO -
| Epoch:    720 | Train loss: 5.5284e-01 | Valid loss: 5.7466e-01 | Train acc: 0.8186 ± 0.0000 | Valid acc: 0.7874 ± 0.0000 | Valid Power: 0.0045 | Train Power: 0.0046 | patience:   0 | lr: 0.1 | Epoch time: 0.1 |

2024-09-09 04:09:04,913 - INFO -
| Epoch:    730 | Train loss: 5.5282e-01 | Valid loss: 5.7462e-01 | Train acc: 0.8186 ± 0.0000 | Valid acc: 0.7874 ± 0.0000 | Valid Power: 0.0045 | Train Power: 0.0046 | patience:   0 | lr: 0.1 | Epoch time: 0.1 |

2024-09-09 04:09:06,202 - INFO -
| Epoch:    740 | Train loss: 5.5281e-01 | Valid loss: 5.7458e-01 | Train acc: 0.8186 ± 0.0000 | Valid acc: 0.7874 ± 0.0000 | Valid Power: 0.0045 | Train Power: 0.0046 | patience:   0 | lr: 0.1 | Epoch time: 0.1 |

2024-09-09 04:09:07,487 - INFO -
| Epoch:    750 | Train loss: 5.5279e-01 | Valid loss: 5.7455e-01 | Train acc: 0.8186 ± 0.0000 | Valid acc: 0.7874 ± 0.0000 | Valid Power: 0.0045 | Train Power: 0.0046 | patience:   0 | lr: 0.1 | Epoch time: 0.1 |

2024-09-09 04:09:08,770 - INFO -
| Epoch:    760 | Train loss: 5.5278e-01 | Valid loss: 5.7451e-01 | Train acc: 0.8186 ± 0.0000 | Valid acc: 0.7874 ± 0.0000 | Valid Power: 0.0045 | Train Power: 0.0046 | patience:   0 | lr: 0.1 | Epoch time: 0.1 |

2024-09-09 04:09:10,054 - INFO -
| Epoch:    770 | Train loss: 5.5276e-01 | Valid loss: 5.7447e-01 | Train acc: 0.8186 ± 0.0000 | Valid acc: 0.7874 ± 0.0000 | Valid Power: 0.0045 | Train Power: 0.0046 | patience:   0 | lr: 0.1 | Epoch time: 0.1 |

2024-09-09 04:09:11,337 - INFO -
| Epoch:    780 | Train loss: 5.5275e-01 | Valid loss: 5.7444e-01 | Train acc: 0.8186 ± 0.0000 | Valid acc: 0.7874 ± 0.0000 | Valid Power: 0.0045 | Train Power: 0.0046 | patience:   0 | lr: 0.1 | Epoch time: 0.1 |

2024-09-09 04:09:12,622 - INFO -
| Epoch:    790 | Train loss: 5.5273e-01 | Valid loss: 5.7440e-01 | Train acc: 0.8186 ± 0.0000 | Valid acc: 0.7874 ± 0.0000 | Valid Power: 0.0045 | Train Power: 0.0046 | patience:   0 | lr: 0.1 | Epoch time: 0.1 |

2024-09-09 04:09:13,908 - INFO -
| Epoch:    800 | Train loss: 5.5272e-01 | Valid loss: 5.7437e-01 | Train acc: 0.8186 ± 0.0000 | Valid acc: 0.7874 ± 0.0000 | Valid Power: 0.0045 | Train Power: 0.0046 | patience:   0 | lr: 0.1 | Epoch time: 0.1 |

2024-09-09 04:09:15,334 - INFO -
| Epoch:    810 | Train loss: 5.5270e-01 | Valid loss: 5.7433e-01 | Train acc: 0.8186 ± 0.0000 | Valid acc: 0.7874 ± 0.0000 | Valid Power: 0.0045 | Train Power: 0.0046 | patience:   0 | lr: 0.1 | Epoch time: 0.1 |

2024-09-09 04:09:16,717 - INFO -
| Epoch:    820 | Train loss: 5.5269e-01 | Valid loss: 5.7429e-01 | Train acc: 0.8186 ± 0.0000 | Valid acc: 0.7874 ± 0.0000 | Valid Power: 0.0045 | Train Power: 0.0046 | patience:   0 | lr: 0.1 | Epoch time: 0.1 |

2024-09-09 04:09:18,015 - INFO -
| Epoch:    830 | Train loss: 5.5267e-01 | Valid loss: 5.7426e-01 | Train acc: 0.8186 ± 0.0000 | Valid acc: 0.7874 ± 0.0000 | Valid Power: 0.0045 | Train Power: 0.0046 | patience:   0 | lr: 0.1 | Epoch time: 0.1 |

2024-09-09 04:09:19,308 - INFO -
| Epoch:    840 | Train loss: 5.5266e-01 | Valid loss: 5.7422e-01 | Train acc: 0.8186 ± 0.0000 | Valid acc: 0.7874 ± 0.0000 | Valid Power: 0.0045 | Train Power: 0.0046 | patience:   0 | lr: 0.1 | Epoch time: 0.1 |

2024-09-09 04:09:20,600 - INFO -
| Epoch:    850 | Train loss: 5.5264e-01 | Valid loss: 5.7419e-01 | Train acc: 0.8186 ± 0.0000 | Valid acc: 0.7874 ± 0.0000 | Valid Power: 0.0045 | Train Power: 0.0046 | patience:   0 | lr: 0.1 | Epoch time: 0.1 |

2024-09-09 04:09:21,891 - INFO -
| Epoch:    860 | Train loss: 5.5263e-01 | Valid loss: 5.7415e-01 | Train acc: 0.8186 ± 0.0000 | Valid acc: 0.7874 ± 0.0000 | Valid Power: 0.0045 | Train Power: 0.0046 | patience:   0 | lr: 0.1 | Epoch time: 0.1 |

2024-09-09 04:09:23,210 - INFO -
| Epoch:    870 | Train loss: 5.5262e-01 | Valid loss: 5.7412e-01 | Train acc: 0.8186 ± 0.0000 | Valid acc: 0.7874 ± 0.0000 | Valid Power: 0.0045 | Train Power: 0.0046 | patience:   0 | lr: 0.1 | Epoch time: 0.1 |

2024-09-09 04:09:24,509 - INFO -
| Epoch:    880 | Train loss: 5.5260e-01 | Valid loss: 5.7408e-01 | Train acc: 0.8186 ± 0.0000 | Valid acc: 0.7874 ± 0.0000 | Valid Power: 0.0045 | Train Power: 0.0046 | patience:   0 | lr: 0.1 | Epoch time: 0.1 |

2024-09-09 04:09:25,895 - INFO -
| Epoch:    890 | Train loss: 5.5259e-01 | Valid loss: 5.7405e-01 | Train acc: 0.8186 ± 0.0000 | Valid acc: 0.7874 ± 0.0000 | Valid Power: 0.0045 | Train Power: 0.0046 | patience:   0 | lr: 0.1 | Epoch time: 0.1 |

2024-09-09 04:09:27,140 - INFO -
| Epoch:    900 | Train loss: 5.5257e-01 | Valid loss: 5.7401e-01 | Train acc: 0.8186 ± 0.0000 | Valid acc: 0.7874 ± 0.0000 | Valid Power: 0.0045 | Train Power: 0.0046 | patience:   0 | lr: 0.1 | Epoch time: 0.1 |

2024-09-09 04:09:28,397 - INFO -
| Epoch:    910 | Train loss: 5.5256e-01 | Valid loss: 5.7398e-01 | Train acc: 0.8186 ± 0.0000 | Valid acc: 0.7874 ± 0.0000 | Valid Power: 0.0045 | Train Power: 0.0046 | patience:   0 | lr: 0.1 | Epoch time: 0.1 |

2024-09-09 04:09:29,612 - INFO -
| Epoch:    920 | Train loss: 5.5256e-01 | Valid loss: 5.7390e-01 | Train acc: 0.8186 ± 0.0000 | Valid acc: 0.7874 ± 0.0000 | Valid Power: 0.0045 | Train Power: 0.0045 | patience:   8 | lr: 0.1 | Epoch time: 0.1 |

2024-09-09 04:09:30,828 - INFO -
| Epoch:    930 | Train loss: 5.5254e-01 | Valid loss: 5.7395e-01 | Train acc: 0.8186 ± 0.0000 | Valid acc: 0.7874 ± 0.0000 | Valid Power: 0.0044 | Train Power: 0.0045 | patience:   1 | lr: 0.1 | Epoch time: 0.1 |

2024-09-09 04:09:32,058 - INFO -
| Epoch:    940 | Train loss: 5.5252e-01 | Valid loss: 5.7384e-01 | Train acc: 0.8186 ± 0.0000 | Valid acc: 0.7874 ± 0.0000 | Valid Power: 0.0044 | Train Power: 0.0045 | patience:   0 | lr: 0.1 | Epoch time: 0.1 |

2024-09-09 04:09:33,280 - INFO -
| Epoch:    950 | Train loss: 5.5250e-01 | Valid loss: 5.7386e-01 | Train acc: 0.8186 ± 0.0000 | Valid acc: 0.7874 ± 0.0000 | Valid Power: 0.0044 | Train Power: 0.0045 | patience:   4 | lr: 0.1 | Epoch time: 0.1 |

2024-09-09 04:09:34,497 - INFO -
| Epoch:    960 | Train loss: 5.5249e-01 | Valid loss: 5.7379e-01 | Train acc: 0.8186 ± 0.0000 | Valid acc: 0.7874 ± 0.0000 | Valid Power: 0.0044 | Train Power: 0.0045 | patience:   0 | lr: 0.1 | Epoch time: 0.1 |

2024-09-09 04:09:35,707 - INFO -
| Epoch:    970 | Train loss: 5.5248e-01 | Valid loss: 5.7376e-01 | Train acc: 0.8186 ± 0.0000 | Valid acc: 0.7874 ± 0.0000 | Valid Power: 0.0044 | Train Power: 0.0045 | patience:   2 | lr: 0.1 | Epoch time: 0.1 |

2024-09-09 04:09:36,922 - INFO -
| Epoch:    980 | Train loss: 5.5246e-01 | Valid loss: 5.7373e-01 | Train acc: 0.8186 ± 0.0000 | Valid acc: 0.7874 ± 0.0000 | Valid Power: 0.0044 | Train Power: 0.0045 | patience:   1 | lr: 0.1 | Epoch time: 0.1 |

2024-09-09 04:09:38,130 - INFO -
| Epoch:    990 | Train loss: 5.5245e-01 | Valid loss: 5.7369e-01 | Train acc: 0.8186 ± 0.0000 | Valid acc: 0.7874 ± 0.0000 | Valid Power: 0.0044 | Train Power: 0.0045 | patience:   0 | lr: 0.1 | Epoch time: 0.1 |

2024-09-09 04:09:39,338 - INFO -
| Epoch:   1000 | Train loss: 5.5243e-01 | Valid loss: 5.7366e-01 | Train acc: 0.8186 ± 0.0000 | Valid acc: 0.7874 ± 0.0000 | Valid Power: 0.0044 | Train Power: 0.0045 | patience:   0 | lr: 0.1 | Epoch time: 0.1 |

2024-09-09 04:09:40,590 - INFO -
| Epoch:   1010 | Train loss: 5.5242e-01 | Valid loss: 5.7362e-01 | Train acc: 0.8186 ± 0.0000 | Valid acc: 0.7874 ± 0.0000 | Valid Power: 0.0044 | Train Power: 0.0045 | patience:   0 | lr: 0.1 | Epoch time: 0.1 |

2024-09-09 04:09:41,805 - INFO -
| Epoch:   1020 | Train loss: 5.5241e-01 | Valid loss: 5.7358e-01 | Train acc: 0.8186 ± 0.0000 | Valid acc: 0.7874 ± 0.0000 | Valid Power: 0.0044 | Train Power: 0.0045 | patience:   0 | lr: 0.1 | Epoch time: 0.1 |

2024-09-09 04:09:43,006 - INFO -
| Epoch:   1030 | Train loss: 5.5239e-01 | Valid loss: 5.7355e-01 | Train acc: 0.8186 ± 0.0000 | Valid acc: 0.7874 ± 0.0000 | Valid Power: 0.0044 | Train Power: 0.0045 | patience:   0 | lr: 0.1 | Epoch time: 0.1 |

2024-09-09 04:09:44,348 - INFO -
| Epoch:   1040 | Train loss: 5.5238e-01 | Valid loss: 5.7351e-01 | Train acc: 0.8186 ± 0.0000 | Valid acc: 0.7874 ± 0.0000 | Valid Power: 0.0044 | Train Power: 0.0045 | patience:   0 | lr: 0.1 | Epoch time: 0.1 |

2024-09-09 04:09:45,542 - INFO -
| Epoch:   1050 | Train loss: 5.5236e-01 | Valid loss: 5.7347e-01 | Train acc: 0.8186 ± 0.0000 | Valid acc: 0.7874 ± 0.0000 | Valid Power: 0.0044 | Train Power: 0.0045 | patience:   0 | lr: 0.1 | Epoch time: 0.1 |

2024-09-09 04:09:46,673 - INFO -
| Epoch:   1060 | Train loss: 5.5235e-01 | Valid loss: 5.7344e-01 | Train acc: 0.8186 ± 0.0000 | Valid acc: 0.7874 ± 0.0000 | Valid Power: 0.0044 | Train Power: 0.0045 | patience:   0 | lr: 0.1 | Epoch time: 0.1 |

2024-09-09 04:09:47,811 - INFO -
| Epoch:   1070 | Train loss: 5.5233e-01 | Valid loss: 5.7340e-01 | Train acc: 0.8186 ± 0.0000 | Valid acc: 0.7874 ± 0.0000 | Valid Power: 0.0044 | Train Power: 0.0045 | patience:   0 | lr: 0.1 | Epoch time: 0.1 |

2024-09-09 04:09:48,933 - INFO -
| Epoch:   1080 | Train loss: 5.5232e-01 | Valid loss: 5.7336e-01 | Train acc: 0.8186 ± 0.0000 | Valid acc: 0.7874 ± 0.0000 | Valid Power: 0.0044 | Train Power: 0.0045 | patience:   0 | lr: 0.1 | Epoch time: 0.1 |

2024-09-09 04:09:50,056 - INFO -
| Epoch:   1090 | Train loss: 5.5230e-01 | Valid loss: 5.7332e-01 | Train acc: 0.8186 ± 0.0000 | Valid acc: 0.7874 ± 0.0000 | Valid Power: 0.0044 | Train Power: 0.0045 | patience:   0 | lr: 0.1 | Epoch time: 0.1 |

2024-09-09 04:09:51,181 - INFO -
| Epoch:   1100 | Train loss: 5.5229e-01 | Valid loss: 5.7328e-01 | Train acc: 0.8186 ± 0.0000 | Valid acc: 0.7874 ± 0.0000 | Valid Power: 0.0044 | Train Power: 0.0045 | patience:   0 | lr: 0.1 | Epoch time: 0.1 |

2024-09-09 04:09:52,310 - INFO -
| Epoch:   1110 | Train loss: 5.5227e-01 | Valid loss: 5.7324e-01 | Train acc: 0.8186 ± 0.0000 | Valid acc: 0.7874 ± 0.0000 | Valid Power: 0.0044 | Train Power: 0.0045 | patience:   0 | lr: 0.1 | Epoch time: 0.1 |

2024-09-09 04:09:53,456 - INFO -
| Epoch:   1120 | Train loss: 5.5226e-01 | Valid loss: 5.7320e-01 | Train acc: 0.8186 ± 0.0000 | Valid acc: 0.7874 ± 0.0000 | Valid Power: 0.0044 | Train Power: 0.0045 | patience:   0 | lr: 0.1 | Epoch time: 0.1 |

2024-09-09 04:09:54,672 - INFO -
| Epoch:   1130 | Train loss: 5.5224e-01 | Valid loss: 5.7316e-01 | Train acc: 0.8186 ± 0.0000 | Valid acc: 0.7874 ± 0.0000 | Valid Power: 0.0044 | Train Power: 0.0045 | patience:   0 | lr: 0.1 | Epoch time: 0.1 |

2024-09-09 04:09:55,792 - INFO -
| Epoch:   1140 | Train loss: 5.5223e-01 | Valid loss: 5.7312e-01 | Train acc: 0.8186 ± 0.0000 | Valid acc: 0.7874 ± 0.0000 | Valid Power: 0.0044 | Train Power: 0.0045 | patience:   1 | lr: 0.1 | Epoch time: 0.1 |

2024-09-09 04:09:56,874 - INFO -
| Epoch:   1150 | Train loss: 5.5222e-01 | Valid loss: 5.7320e-01 | Train acc: 0.8186 ± 0.0000 | Valid acc: 0.7874 ± 0.0000 | Valid Power: 0.0044 | Train Power: 0.0045 | patience:   1 | lr: 0.1 | Epoch time: 0.1 |

2024-09-09 04:09:57,950 - INFO -
| Epoch:   1160 | Train loss: 5.5227e-01 | Valid loss: 5.7422e-01 | Train acc: 0.8186 ± 0.0000 | Valid acc: 0.7874 ± 0.0000 | Valid Power: 0.0044 | Train Power: 0.0045 | patience:   7 | lr: 0.1 | Epoch time: 0.1 |

2024-09-09 04:09:59,021 - INFO -
| Epoch:   1170 | Train loss: 5.5220e-01 | Valid loss: 5.7244e-01 | Train acc: 0.8186 ± 0.0000 | Valid acc: 0.7874 ± 0.0000 | Valid Power: 0.0044 | Train Power: 0.0045 | patience:   0 | lr: 0.1 | Epoch time: 0.1 |

2024-09-09 04:10:00,093 - INFO -
| Epoch:   1180 | Train loss: 5.5221e-01 | Valid loss: 5.7314e-01 | Train acc: 0.8186 ± 0.0000 | Valid acc: 0.7874 ± 0.0000 | Valid Power: 0.0044 | Train Power: 0.0045 | patience:  10 | lr: 0.1 | Epoch time: 0.1 |

2024-09-09 04:10:01,173 - INFO -
| Epoch:   1190 | Train loss: 5.5217e-01 | Valid loss: 5.7285e-01 | Train acc: 0.8186 ± 0.0000 | Valid acc: 0.7874 ± 0.0000 | Valid Power: 0.0044 | Train Power: 0.0046 | patience:  20 | lr: 0.1 | Epoch time: 0.1 |

2024-09-09 04:10:02,243 - INFO -
| Epoch:   1200 | Train loss: 5.5216e-01 | Valid loss: 5.7285e-01 | Train acc: 0.8186 ± 0.0000 | Valid acc: 0.7874 ± 0.0000 | Valid Power: 0.0045 | Train Power: 0.0045 | patience:  30 | lr: 0.1 | Epoch time: 0.1 |

2024-09-09 04:10:03,313 - INFO -
| Epoch:   1210 | Train loss: 5.5215e-01 | Valid loss: 5.7301e-01 | Train acc: 0.8186 ± 0.0000 | Valid acc: 0.7874 ± 0.0000 | Valid Power: 0.0045 | Train Power: 0.0045 | patience:  40 | lr: 0.1 | Epoch time: 0.1 |

2024-09-09 04:10:04,390 - INFO -
| Epoch:   1220 | Train loss: 5.5215e-01 | Valid loss: 5.7300e-01 | Train acc: 0.8186 ± 0.0000 | Valid acc: 0.7874 ± 0.0000 | Valid Power: 0.0045 | Train Power: 0.0046 | patience:  50 | lr: 0.1 | Epoch time: 0.1 |

2024-09-09 04:10:05,458 - INFO -
| Epoch:   1230 | Train loss: 5.5215e-01 | Valid loss: 5.7304e-01 | Train acc: 0.8186 ± 0.0000 | Valid acc: 0.7874 ± 0.0000 | Valid Power: 0.0045 | Train Power: 0.0046 | patience:  60 | lr: 0.1 | Epoch time: 0.1 |

2024-09-09 04:10:06,534 - INFO -
| Epoch:   1240 | Train loss: 5.5215e-01 | Valid loss: 5.7297e-01 | Train acc: 0.8186 ± 0.0000 | Valid acc: 0.7874 ± 0.0000 | Valid Power: 0.0045 | Train Power: 0.0046 | patience:  70 | lr: 0.1 | Epoch time: 0.1 |

2024-09-09 04:10:07,600 - INFO -
| Epoch:   1250 | Train loss: 5.5214e-01 | Valid loss: 5.7304e-01 | Train acc: 0.8186 ± 0.0000 | Valid acc: 0.7874 ± 0.0000 | Valid Power: 0.0047 | Train Power: 0.0049 | patience:  80 | lr: 0.1 | Epoch time: 0.1 |

2024-09-09 04:10:08,659 - INFO -
| Epoch:   1260 | Train loss: 5.5214e-01 | Valid loss: 5.7304e-01 | Train acc: 0.8186 ± 0.0000 | Valid acc: 0.7874 ± 0.0000 | Valid Power: 0.0045 | Train Power: 0.0046 | patience:  90 | lr: 0.1 | Epoch time: 0.1 |

2024-09-09 04:10:09,719 - INFO -
| Epoch:   1270 | Train loss: 5.5214e-01 | Valid loss: 5.7307e-01 | Train acc: 0.8186 ± 0.0000 | Valid acc: 0.7874 ± 0.0000 | Valid Power: 0.0045 | Train Power: 0.0046 | patience: 100 | lr: 0.1 | Epoch time: 0.1 |

2024-09-09 04:10:09,828 - INFO -
load best network to warm start training with lower lr.

2024-09-09 04:10:09,828 - INFO -
lr update to 0.05.

2024-09-09 04:10:10,782 - INFO -
| Epoch:   1280 | Train loss: 5.5341e-01 | Valid loss: 5.7619e-01 | Train acc: 0.8186 ± 0.0000 | Valid acc: 0.7874 ± 0.0000 | Valid Power: 0.0037 | Train Power: 0.0039 | patience:   9 | lr: 0.05 | Epoch time: 0.1 |

2024-09-09 04:10:11,844 - INFO -
| Epoch:   1290 | Train loss: 5.5239e-01 | Valid loss: 5.7526e-01 | Train acc: 0.8186 ± 0.0000 | Valid acc: 0.7874 ± 0.0000 | Valid Power: 0.0034 | Train Power: 0.0035 | patience:  19 | lr: 0.05 | Epoch time: 0.1 |

2024-09-09 04:10:12,905 - INFO -
| Epoch:   1300 | Train loss: 5.5218e-01 | Valid loss: 5.7358e-01 | Train acc: 0.8186 ± 0.0000 | Valid acc: 0.7874 ± 0.0000 | Valid Power: 0.0033 | Train Power: 0.0034 | patience:  29 | lr: 0.05 | Epoch time: 0.1 |

2024-09-09 04:10:14,050 - INFO -
| Epoch:   1310 | Train loss: 5.5216e-01 | Valid loss: 5.7280e-01 | Train acc: 0.8186 ± 0.0000 | Valid acc: 0.7874 ± 0.0000 | Valid Power: 0.0032 | Train Power: 0.0033 | patience:  39 | lr: 0.05 | Epoch time: 0.1 |

2024-09-09 04:10:15,113 - INFO -
| Epoch:   1320 | Train loss: 5.5216e-01 | Valid loss: 5.7279e-01 | Train acc: 0.8186 ± 0.0000 | Valid acc: 0.7874 ± 0.0000 | Valid Power: 0.0032 | Train Power: 0.0033 | patience:  49 | lr: 0.05 | Epoch time: 0.1 |

2024-09-09 04:10:16,167 - INFO -
| Epoch:   1330 | Train loss: 5.5214e-01 | Valid loss: 5.7296e-01 | Train acc: 0.8186 ± 0.0000 | Valid acc: 0.7874 ± 0.0000 | Valid Power: 0.0032 | Train Power: 0.0033 | patience:  59 | lr: 0.05 | Epoch time: 0.1 |

2024-09-09 04:10:17,222 - INFO -
| Epoch:   1340 | Train loss: 5.5213e-01 | Valid loss: 5.7306e-01 | Train acc: 0.8186 ± 0.0000 | Valid acc: 0.7874 ± 0.0000 | Valid Power: 0.0032 | Train Power: 0.0033 | patience:  69 | lr: 0.05 | Epoch time: 0.1 |

2024-09-09 04:10:18,275 - INFO -
| Epoch:   1350 | Train loss: 5.5213e-01 | Valid loss: 5.7299e-01 | Train acc: 0.8186 ± 0.0000 | Valid acc: 0.7874 ± 0.0000 | Valid Power: 0.0033 | Train Power: 0.0034 | patience:  79 | lr: 0.05 | Epoch time: 0.1 |

2024-09-09 04:10:19,339 - INFO -
| Epoch:   1360 | Train loss: 5.5213e-01 | Valid loss: 5.7296e-01 | Train acc: 0.8186 ± 0.0000 | Valid acc: 0.7874 ± 0.0000 | Valid Power: 0.0035 | Train Power: 0.0034 | patience:  89 | lr: 0.05 | Epoch time: 0.1 |

2024-09-09 04:10:20,395 - INFO -
| Epoch:   1370 | Train loss: 5.5213e-01 | Valid loss: 5.7296e-01 | Train acc: 0.8186 ± 0.0000 | Valid acc: 0.7874 ± 0.0000 | Valid Power: 0.0033 | Train Power: 0.0034 | patience:  99 | lr: 0.05 | Epoch time: 0.1 |

2024-09-09 04:10:20,610 - INFO -
load best network to warm start training with lower lr.

2024-09-09 04:10:20,610 - INFO -
lr update to 0.025.

2024-09-09 04:10:21,454 - INFO -
| Epoch:   1380 | Train loss: 5.5224e-01 | Valid loss: 5.7354e-01 | Train acc: 0.8186 ± 0.0000 | Valid acc: 0.7874 ± 0.0000 | Valid Power: 0.0041 | Train Power: 0.0042 | patience:   8 | lr: 0.025 | Epoch time: 0.1 |

2024-09-09 04:10:22,510 - INFO -
| Epoch:   1390 | Train loss: 5.5220e-01 | Valid loss: 5.7357e-01 | Train acc: 0.8186 ± 0.0000 | Valid acc: 0.7874 ± 0.0000 | Valid Power: 0.0037 | Train Power: 0.0039 | patience:  18 | lr: 0.025 | Epoch time: 0.1 |

2024-09-09 04:10:23,575 - INFO -
| Epoch:   1400 | Train loss: 5.5217e-01 | Valid loss: 5.7326e-01 | Train acc: 0.8186 ± 0.0000 | Valid acc: 0.7874 ± 0.0000 | Valid Power: 0.0035 | Train Power: 0.0036 | patience:  28 | lr: 0.025 | Epoch time: 0.1 |

2024-09-09 04:10:24,629 - INFO -
| Epoch:   1410 | Train loss: 5.5216e-01 | Valid loss: 5.7294e-01 | Train acc: 0.8186 ± 0.0000 | Valid acc: 0.7874 ± 0.0000 | Valid Power: 0.0034 | Train Power: 0.0035 | patience:  38 | lr: 0.025 | Epoch time: 0.1 |

2024-09-09 04:10:25,680 - INFO -
| Epoch:   1420 | Train loss: 5.5214e-01 | Valid loss: 5.7281e-01 | Train acc: 0.8186 ± 0.0000 | Valid acc: 0.7874 ± 0.0000 | Valid Power: 0.0033 | Train Power: 0.0034 | patience:  48 | lr: 0.025 | Epoch time: 0.1 |

2024-09-09 04:10:26,735 - INFO -
| Epoch:   1430 | Train loss: 5.5213e-01 | Valid loss: 5.7300e-01 | Train acc: 0.8186 ± 0.0000 | Valid acc: 0.7874 ± 0.0000 | Valid Power: 0.0058 | Train Power: 0.0034 | patience:  58 | lr: 0.025 | Epoch time: 0.1 |

2024-09-09 04:10:27,789 - INFO -
| Epoch:   1440 | Train loss: 5.5213e-01 | Valid loss: 5.7301e-01 | Train acc: 0.8186 ± 0.0000 | Valid acc: 0.7874 ± 0.0000 | Valid Power: 0.0036 | Train Power: 0.0035 | patience:  68 | lr: 0.025 | Epoch time: 0.1 |

2024-09-09 04:10:28,840 - INFO -
| Epoch:   1450 | Train loss: 5.5213e-01 | Valid loss: 5.7301e-01 | Train acc: 0.8186 ± 0.0000 | Valid acc: 0.7874 ± 0.0000 | Valid Power: 0.0033 | Train Power: 0.0034 | patience:  78 | lr: 0.025 | Epoch time: 0.1 |

2024-09-09 04:10:29,977 - INFO -
| Epoch:   1460 | Train loss: 5.5213e-01 | Valid loss: 5.7295e-01 | Train acc: 0.8186 ± 0.0000 | Valid acc: 0.7874 ± 0.0000 | Valid Power: 0.0036 | Train Power: 0.0036 | patience:  88 | lr: 0.025 | Epoch time: 0.1 |

2024-09-09 04:10:31,034 - INFO -
| Epoch:   1470 | Train loss: 5.5213e-01 | Valid loss: 5.7298e-01 | Train acc: 0.8186 ± 0.0000 | Valid acc: 0.7874 ± 0.0000 | Valid Power: 0.0036 | Train Power: 0.0037 | patience:  98 | lr: 0.025 | Epoch time: 0.1 |

2024-09-09 04:10:31,351 - INFO -
load best network to warm start training with lower lr.

2024-09-09 04:10:31,351 - INFO -
lr update to 0.0125.

2024-09-09 04:10:32,084 - INFO -
| Epoch:   1480 | Train loss: 5.5221e-01 | Valid loss: 5.7276e-01 | Train acc: 0.8186 ± 0.0000 | Valid acc: 0.7874 ± 0.0000 | Valid Power: 0.0042 | Train Power: 0.0043 | patience:   7 | lr: 0.0125 | Epoch time: 0.1 |

2024-09-09 04:10:33,134 - INFO -
| Epoch:   1490 | Train loss: 5.5216e-01 | Valid loss: 5.7310e-01 | Train acc: 0.8186 ± 0.0000 | Valid acc: 0.7874 ± 0.0000 | Valid Power: 0.0041 | Train Power: 0.0042 | patience:  17 | lr: 0.0125 | Epoch time: 0.1 |

2024-09-09 04:10:34,182 - INFO -
| Epoch:   1500 | Train loss: 5.5216e-01 | Valid loss: 5.7308e-01 | Train acc: 0.8186 ± 0.0000 | Valid acc: 0.7874 ± 0.0000 | Valid Power: 0.0039 | Train Power: 0.0040 | patience:  27 | lr: 0.0125 | Epoch time: 0.1 |

2024-09-09 04:10:35,233 - INFO -
| Epoch:   1510 | Train loss: 5.5215e-01 | Valid loss: 5.7291e-01 | Train acc: 0.8186 ± 0.0000 | Valid acc: 0.7874 ± 0.0000 | Valid Power: 0.0037 | Train Power: 0.0038 | patience:  37 | lr: 0.0125 | Epoch time: 0.1 |

2024-09-09 04:10:36,281 - INFO -
| Epoch:   1520 | Train loss: 5.5214e-01 | Valid loss: 5.7281e-01 | Train acc: 0.8186 ± 0.0000 | Valid acc: 0.7874 ± 0.0000 | Valid Power: 0.0037 | Train Power: 0.0037 | patience:  47 | lr: 0.0125 | Epoch time: 0.1 |

2024-09-09 04:10:37,340 - INFO -
| Epoch:   1530 | Train loss: 5.5214e-01 | Valid loss: 5.7305e-01 | Train acc: 0.8186 ± 0.0000 | Valid acc: 0.7874 ± 0.0000 | Valid Power: 0.0036 | Train Power: 0.0036 | patience:  57 | lr: 0.0125 | Epoch time: 0.1 |

2024-09-09 04:10:38,476 - INFO -
| Epoch:   1540 | Train loss: 5.5213e-01 | Valid loss: 5.7303e-01 | Train acc: 0.8186 ± 0.0000 | Valid acc: 0.7874 ± 0.0000 | Valid Power: 0.0035 | Train Power: 0.0036 | patience:  67 | lr: 0.0125 | Epoch time: 0.2 |

2024-09-09 04:10:39,525 - INFO -
| Epoch:   1550 | Train loss: 5.5213e-01 | Valid loss: 5.7295e-01 | Train acc: 0.8186 ± 0.0000 | Valid acc: 0.7874 ± 0.0000 | Valid Power: 0.0038 | Train Power: 0.0038 | patience:  77 | lr: 0.0125 | Epoch time: 0.1 |

2024-09-09 04:10:40,574 - INFO -
| Epoch:   1560 | Train loss: 5.5213e-01 | Valid loss: 5.7298e-01 | Train acc: 0.8186 ± 0.0000 | Valid acc: 0.7874 ± 0.0000 | Valid Power: 0.0035 | Train Power: 0.0037 | patience:  87 | lr: 0.0125 | Epoch time: 0.1 |

2024-09-09 04:10:41,622 - INFO -
| Epoch:   1570 | Train loss: 5.5213e-01 | Valid loss: 5.7300e-01 | Train acc: 0.8186 ± 0.0000 | Valid acc: 0.7874 ± 0.0000 | Valid Power: 0.0035 | Train Power: 0.0036 | patience:  97 | lr: 0.0125 | Epoch time: 0.1 |

2024-09-09 04:10:42,044 - INFO -
load best network to warm start training with lower lr.

2024-09-09 04:10:42,044 - INFO -
lr update to 0.00625.

2024-09-09 04:10:42,680 - INFO -
| Epoch:   1580 | Train loss: 5.5218e-01 | Valid loss: 5.7258e-01 | Train acc: 0.8186 ± 0.0000 | Valid acc: 0.7874 ± 0.0000 | Valid Power: 0.0043 | Train Power: 0.0044 | patience:   6 | lr: 0.00625 | Epoch time: 0.1 |

2024-09-09 04:10:43,669 - INFO -
| Epoch:   1590 | Train loss: 5.5218e-01 | Valid loss: 5.7289e-01 | Train acc: 0.8186 ± 0.0000 | Valid acc: 0.7874 ± 0.0000 | Valid Power: 0.0043 | Train Power: 0.0044 | patience:  16 | lr: 0.00625 | Epoch time: 0.1 |

2024-09-09 04:10:44,605 - INFO -
| Epoch:   1600 | Train loss: 5.5217e-01 | Valid loss: 5.7305e-01 | Train acc: 0.8186 ± 0.0000 | Valid acc: 0.7874 ± 0.0000 | Valid Power: 0.0041 | Train Power: 0.0042 | patience:  26 | lr: 0.00625 | Epoch time: 0.1 |

2024-09-09 04:10:45,537 - INFO -
| Epoch:   1610 | Train loss: 5.5216e-01 | Valid loss: 5.7303e-01 | Train acc: 0.8186 ± 0.0000 | Valid acc: 0.7874 ± 0.0000 | Valid Power: 0.0040 | Train Power: 0.0041 | patience:  36 | lr: 0.00625 | Epoch time: 0.1 |

2024-09-09 04:10:46,467 - INFO -
| Epoch:   1620 | Train loss: 5.5215e-01 | Valid loss: 5.7295e-01 | Train acc: 0.8186 ± 0.0000 | Valid acc: 0.7874 ± 0.0000 | Valid Power: 0.0039 | Train Power: 0.0040 | patience:  46 | lr: 0.00625 | Epoch time: 0.1 |

2024-09-09 04:10:47,394 - INFO -
| Epoch:   1630 | Train loss: 5.5215e-01 | Valid loss: 5.7290e-01 | Train acc: 0.8186 ± 0.0000 | Valid acc: 0.7874 ± 0.0000 | Valid Power: 0.0038 | Train Power: 0.0039 | patience:  56 | lr: 0.00625 | Epoch time: 0.1 |

2024-09-09 04:10:48,318 - INFO -
| Epoch:   1640 | Train loss: 5.5214e-01 | Valid loss: 5.7289e-01 | Train acc: 0.8186 ± 0.0000 | Valid acc: 0.7874 ± 0.0000 | Valid Power: 0.0038 | Train Power: 0.0039 | patience:  66 | lr: 0.00625 | Epoch time: 0.1 |

2024-09-09 04:10:49,245 - INFO -
| Epoch:   1650 | Train loss: 5.5214e-01 | Valid loss: 5.7303e-01 | Train acc: 0.8186 ± 0.0000 | Valid acc: 0.7874 ± 0.0000 | Valid Power: 0.0038 | Train Power: 0.0039 | patience:  76 | lr: 0.00625 | Epoch time: 0.1 |

2024-09-09 04:10:50,174 - INFO -
| Epoch:   1660 | Train loss: 5.5213e-01 | Valid loss: 5.7300e-01 | Train acc: 0.8186 ± 0.0000 | Valid acc: 0.7874 ± 0.0000 | Valid Power: 0.0039 | Train Power: 0.0039 | patience:  86 | lr: 0.00625 | Epoch time: 0.1 |

2024-09-09 04:10:51,100 - INFO -
| Epoch:   1670 | Train loss: 5.5213e-01 | Valid loss: 5.7298e-01 | Train acc: 0.8186 ± 0.0000 | Valid acc: 0.7874 ± 0.0000 | Valid Power: 0.0038 | Train Power: 0.0039 | patience:  96 | lr: 0.00625 | Epoch time: 0.1 |

2024-09-09 04:10:51,565 - INFO -
load best network to warm start training with lower lr.

2024-09-09 04:10:51,565 - INFO -
lr update to 0.003125.

2024-09-09 04:10:52,028 - INFO -
| Epoch:   1680 | Train loss: 5.5222e-01 | Valid loss: 5.7271e-01 | Train acc: 0.8186 ± 0.0000 | Valid acc: 0.7874 ± 0.0000 | Valid Power: 0.0044 | Train Power: 0.0045 | patience:   5 | lr: 0.003125 | Epoch time: 0.1 |

2024-09-09 04:10:52,960 - INFO -
| Epoch:   1690 | Train loss: 5.5219e-01 | Valid loss: 5.7266e-01 | Train acc: 0.8186 ± 0.0000 | Valid acc: 0.7874 ± 0.0000 | Valid Power: 0.0043 | Train Power: 0.0044 | patience:  15 | lr: 0.003125 | Epoch time: 0.1 |

2024-09-09 04:10:53,883 - INFO -
| Epoch:   1700 | Train loss: 5.5217e-01 | Valid loss: 5.7284e-01 | Train acc: 0.8186 ± 0.0000 | Valid acc: 0.7874 ± 0.0000 | Valid Power: 0.0042 | Train Power: 0.0043 | patience:  25 | lr: 0.003125 | Epoch time: 0.1 |

2024-09-09 04:10:54,815 - INFO -
| Epoch:   1710 | Train loss: 5.5217e-01 | Valid loss: 5.7296e-01 | Train acc: 0.8186 ± 0.0000 | Valid acc: 0.7874 ± 0.0000 | Valid Power: 0.0042 | Train Power: 0.0043 | patience:  35 | lr: 0.003125 | Epoch time: 0.1 |

2024-09-09 04:10:55,807 - INFO -
| Epoch:   1720 | Train loss: 5.5217e-01 | Valid loss: 5.7297e-01 | Train acc: 0.8186 ± 0.0000 | Valid acc: 0.7874 ± 0.0000 | Valid Power: 0.0041 | Train Power: 0.0042 | patience:  45 | lr: 0.003125 | Epoch time: 0.1 |

2024-09-09 04:10:56,734 - INFO -
| Epoch:   1730 | Train loss: 5.5216e-01 | Valid loss: 5.7297e-01 | Train acc: 0.8186 ± 0.0000 | Valid acc: 0.7874 ± 0.0000 | Valid Power: 0.0041 | Train Power: 0.0043 | patience:  55 | lr: 0.003125 | Epoch time: 0.1 |

2024-09-09 04:10:57,659 - INFO -
| Epoch:   1740 | Train loss: 5.5216e-01 | Valid loss: 5.7296e-01 | Train acc: 0.8186 ± 0.0000 | Valid acc: 0.7874 ± 0.0000 | Valid Power: 0.0040 | Train Power: 0.0041 | patience:  65 | lr: 0.003125 | Epoch time: 0.1 |

2024-09-09 04:10:58,584 - INFO -
| Epoch:   1750 | Train loss: 5.5215e-01 | Valid loss: 5.7293e-01 | Train acc: 0.8186 ± 0.0000 | Valid acc: 0.7874 ± 0.0000 | Valid Power: 0.0040 | Train Power: 0.0041 | patience:  75 | lr: 0.003125 | Epoch time: 0.1 |

2024-09-09 04:10:59,514 - INFO -
| Epoch:   1760 | Train loss: 5.5215e-01 | Valid loss: 5.7292e-01 | Train acc: 0.8186 ± 0.0000 | Valid acc: 0.7874 ± 0.0000 | Valid Power: 0.0040 | Train Power: 0.0041 | patience:  85 | lr: 0.003125 | Epoch time: 0.1 |

2024-09-09 04:11:00,439 - INFO -
| Epoch:   1770 | Train loss: 5.5215e-01 | Valid loss: 5.7292e-01 | Train acc: 0.8186 ± 0.0000 | Valid acc: 0.7874 ± 0.0000 | Valid Power: 0.0039 | Train Power: 0.0040 | patience:  95 | lr: 0.003125 | Epoch time: 0.1 |

2024-09-09 04:11:01,020 - INFO -
load best network to warm start training with lower lr.

2024-09-09 04:11:01,020 - INFO -
lr update to 0.0015625.

2024-09-09 04:11:01,405 - INFO -
| Epoch:   1780 | Train loss: 5.5219e-01 | Valid loss: 5.7251e-01 | Train acc: 0.8186 ± 0.0000 | Valid acc: 0.7874 ± 0.0000 | Valid Power: 0.0044 | Train Power: 0.0045 | patience:   3 | lr: 0.0015625 | Epoch time: 0.1 |

2024-09-09 04:11:02,330 - INFO -
| Epoch:   1790 | Train loss: 5.5219e-01 | Valid loss: 5.7262e-01 | Train acc: 0.8186 ± 0.0000 | Valid acc: 0.7874 ± 0.0000 | Valid Power: 0.0044 | Train Power: 0.0045 | patience:  13 | lr: 0.0015625 | Epoch time: 0.1 |

2024-09-09 04:11:03,256 - INFO -
| Epoch:   1800 | Train loss: 5.5218e-01 | Valid loss: 5.7265e-01 | Train acc: 0.8186 ± 0.0000 | Valid acc: 0.7874 ± 0.0000 | Valid Power: 0.0043 | Train Power: 0.0044 | patience:  23 | lr: 0.0015625 | Epoch time: 0.1 |

2024-09-09 04:11:04,178 - INFO -
| Epoch:   1810 | Train loss: 5.5218e-01 | Valid loss: 5.7279e-01 | Train acc: 0.8186 ± 0.0000 | Valid acc: 0.7874 ± 0.0000 | Valid Power: 0.0043 | Train Power: 0.0044 | patience:  33 | lr: 0.0015625 | Epoch time: 0.1 |

2024-09-09 04:11:05,101 - INFO -
| Epoch:   1820 | Train loss: 5.5217e-01 | Valid loss: 5.7283e-01 | Train acc: 0.8186 ± 0.0000 | Valid acc: 0.7874 ± 0.0000 | Valid Power: 0.0042 | Train Power: 0.0043 | patience:  43 | lr: 0.0015625 | Epoch time: 0.1 |

2024-09-09 04:11:06,024 - INFO -
| Epoch:   1830 | Train loss: 5.5217e-01 | Valid loss: 5.7291e-01 | Train acc: 0.8186 ± 0.0000 | Valid acc: 0.7874 ± 0.0000 | Valid Power: 0.0042 | Train Power: 0.0043 | patience:  53 | lr: 0.0015625 | Epoch time: 0.1 |

2024-09-09 04:11:06,947 - INFO -
| Epoch:   1840 | Train loss: 5.5217e-01 | Valid loss: 5.7293e-01 | Train acc: 0.8186 ± 0.0000 | Valid acc: 0.7874 ± 0.0000 | Valid Power: 0.0042 | Train Power: 0.0043 | patience:  63 | lr: 0.0015625 | Epoch time: 0.1 |

2024-09-09 04:11:07,870 - INFO -
| Epoch:   1850 | Train loss: 5.5217e-01 | Valid loss: 5.7296e-01 | Train acc: 0.8186 ± 0.0000 | Valid acc: 0.7874 ± 0.0000 | Valid Power: 0.0042 | Train Power: 0.0043 | patience:  73 | lr: 0.0015625 | Epoch time: 0.1 |

2024-09-09 04:11:08,800 - INFO -
| Epoch:   1860 | Train loss: 5.5216e-01 | Valid loss: 5.7296e-01 | Train acc: 0.8186 ± 0.0000 | Valid acc: 0.7874 ± 0.0000 | Valid Power: 0.0042 | Train Power: 0.0042 | patience:  83 | lr: 0.0015625 | Epoch time: 0.1 |

2024-09-09 04:11:09,810 - INFO -
| Epoch:   1870 | Train loss: 5.5216e-01 | Valid loss: 5.7296e-01 | Train acc: 0.8186 ± 0.0000 | Valid acc: 0.7874 ± 0.0000 | Valid Power: 0.0041 | Train Power: 0.0042 | patience:  93 | lr: 0.0015625 | Epoch time: 0.1 |

2024-09-09 04:11:10,549 - INFO -
load best network to warm start training with lower lr.

2024-09-09 04:11:10,549 - INFO -
lr update to 0.00078125.

2024-09-09 04:11:10,733 - INFO -
| Epoch:   1880 | Train loss: 5.5223e-01 | Valid loss: 5.7245e-01 | Train acc: 0.8186 ± 0.0000 | Valid acc: 0.7874 ± 0.0000 | Valid Power: 0.0044 | Train Power: 0.0045 | patience:   2 | lr: 0.00078125 | Epoch time: 0.1 |

2024-09-09 04:11:11,659 - INFO -
| Epoch:   1890 | Train loss: 5.5219e-01 | Valid loss: 5.7261e-01 | Train acc: 0.8186 ± 0.0000 | Valid acc: 0.7874 ± 0.0000 | Valid Power: 0.0044 | Train Power: 0.0045 | patience:  12 | lr: 0.00078125 | Epoch time: 0.1 |

2024-09-09 04:11:12,579 - INFO -
| Epoch:   1900 | Train loss: 5.5218e-01 | Valid loss: 5.7260e-01 | Train acc: 0.8186 ± 0.0000 | Valid acc: 0.7874 ± 0.0000 | Valid Power: 0.0044 | Train Power: 0.0045 | patience:  22 | lr: 0.00078125 | Epoch time: 0.1 |

2024-09-09 04:11:13,503 - INFO -
| Epoch:   1910 | Train loss: 5.5218e-01 | Valid loss: 5.7265e-01 | Train acc: 0.8186 ± 0.0000 | Valid acc: 0.7874 ± 0.0000 | Valid Power: 0.0044 | Train Power: 0.0044 | patience:  32 | lr: 0.00078125 | Epoch time: 0.1 |

2024-09-09 04:11:14,427 - INFO -
| Epoch:   1920 | Train loss: 5.5218e-01 | Valid loss: 5.7275e-01 | Train acc: 0.8186 ± 0.0000 | Valid acc: 0.7874 ± 0.0000 | Valid Power: 0.0044 | Train Power: 0.0044 | patience:  42 | lr: 0.00078125 | Epoch time: 0.1 |

2024-09-09 04:11:15,349 - INFO -
| Epoch:   1930 | Train loss: 5.5218e-01 | Valid loss: 5.7279e-01 | Train acc: 0.8186 ± 0.0000 | Valid acc: 0.7874 ± 0.0000 | Valid Power: 0.0043 | Train Power: 0.0044 | patience:  52 | lr: 0.00078125 | Epoch time: 0.1 |

2024-09-09 04:11:16,271 - INFO -
| Epoch:   1940 | Train loss: 5.5217e-01 | Valid loss: 5.7285e-01 | Train acc: 0.8186 ± 0.0000 | Valid acc: 0.7874 ± 0.0000 | Valid Power: 0.0043 | Train Power: 0.0044 | patience:  62 | lr: 0.00078125 | Epoch time: 0.1 |

2024-09-09 04:11:17,193 - INFO -
| Epoch:   1950 | Train loss: 5.5217e-01 | Valid loss: 5.7289e-01 | Train acc: 0.8186 ± 0.0000 | Valid acc: 0.7874 ± 0.0000 | Valid Power: 0.0042 | Train Power: 0.0044 | patience:  72 | lr: 0.00078125 | Epoch time: 0.1 |

2024-09-09 04:11:18,174 - INFO -
| Epoch:   1960 | Train loss: 5.5217e-01 | Valid loss: 5.7292e-01 | Train acc: 0.8186 ± 0.0000 | Valid acc: 0.7874 ± 0.0000 | Valid Power: 0.0043 | Train Power: 0.0043 | patience:  82 | lr: 0.00078125 | Epoch time: 0.1 |

2024-09-09 04:11:19,094 - INFO -
| Epoch:   1970 | Train loss: 5.5217e-01 | Valid loss: 5.7294e-01 | Train acc: 0.8186 ± 0.0000 | Valid acc: 0.7874 ± 0.0000 | Valid Power: 0.0042 | Train Power: 0.0043 | patience:  92 | lr: 0.00078125 | Epoch time: 0.1 |

2024-09-09 04:11:19,928 - INFO -
load best network to warm start training with lower lr.

2024-09-09 04:11:19,928 - INFO -
lr update to 0.000390625.

2024-09-09 04:11:20,020 - INFO -
| Epoch:   1980 | Train loss: 5.5225e-01 | Valid loss: 5.7244e-01 | Train acc: 0.8186 ± 0.0000 | Valid acc: 0.7874 ± 0.0000 | Valid Power: 0.0044 | Train Power: 0.0045 | patience:   1 | lr: 0.000390625 | Epoch time: 0.1 |

2024-09-09 04:11:20,938 - INFO -
| Epoch:   1990 | Train loss: 5.5219e-01 | Valid loss: 5.7250e-01 | Train acc: 0.8186 ± 0.0000 | Valid acc: 0.7874 ± 0.0000 | Valid Power: 0.0044 | Train Power: 0.0045 | patience:  11 | lr: 0.000390625 | Epoch time: 0.1 |

2024-09-09 04:11:21,860 - INFO -
| Epoch:   2000 | Train loss: 5.5219e-01 | Valid loss: 5.7258e-01 | Train acc: 0.8186 ± 0.0000 | Valid acc: 0.7874 ± 0.0000 | Valid Power: 0.0044 | Train Power: 0.0045 | patience:  21 | lr: 0.000390625 | Epoch time: 0.1 |

2024-09-09 04:11:22,782 - INFO -
| Epoch:   2010 | Train loss: 5.5218e-01 | Valid loss: 5.7259e-01 | Train acc: 0.8186 ± 0.0000 | Valid acc: 0.7874 ± 0.0000 | Valid Power: 0.0044 | Train Power: 0.0045 | patience:  31 | lr: 0.000390625 | Epoch time: 0.1 |

2024-09-09 04:11:23,691 - INFO -
| Epoch:   2020 | Train loss: 5.5218e-01 | Valid loss: 5.7260e-01 | Train acc: 0.8186 ± 0.0000 | Valid acc: 0.7874 ± 0.0000 | Valid Power: 0.0044 | Train Power: 0.0045 | patience:  41 | lr: 0.000390625 | Epoch time: 0.1 |

2024-09-09 04:11:24,605 - INFO -
| Epoch:   2030 | Train loss: 5.5218e-01 | Valid loss: 5.7264e-01 | Train acc: 0.8186 ± 0.0000 | Valid acc: 0.7874 ± 0.0000 | Valid Power: 0.0044 | Train Power: 0.0045 | patience:  51 | lr: 0.000390625 | Epoch time: 0.1 |

2024-09-09 04:11:25,514 - INFO -
| Epoch:   2040 | Train loss: 5.5218e-01 | Valid loss: 5.7269e-01 | Train acc: 0.8186 ± 0.0000 | Valid acc: 0.7874 ± 0.0000 | Valid Power: 0.0044 | Train Power: 0.0044 | patience:  61 | lr: 0.000390625 | Epoch time: 0.1 |

2024-09-09 04:11:26,423 - INFO -
| Epoch:   2050 | Train loss: 5.5218e-01 | Valid loss: 5.7272e-01 | Train acc: 0.8186 ± 0.0000 | Valid acc: 0.7874 ± 0.0000 | Valid Power: 0.0044 | Train Power: 0.0044 | patience:  71 | lr: 0.000390625 | Epoch time: 0.1 |

2024-09-09 04:11:27,335 - INFO -
| Epoch:   2060 | Train loss: 5.5218e-01 | Valid loss: 5.7275e-01 | Train acc: 0.8186 ± 0.0000 | Valid acc: 0.7874 ± 0.0000 | Valid Power: 0.0044 | Train Power: 0.0044 | patience:  81 | lr: 0.000390625 | Epoch time: 0.1 |

2024-09-09 04:11:28,245 - INFO -
| Epoch:   2070 | Train loss: 5.5218e-01 | Valid loss: 5.7279e-01 | Train acc: 0.8186 ± 0.0000 | Valid acc: 0.7874 ± 0.0000 | Valid Power: 0.0043 | Train Power: 0.0044 | patience:  91 | lr: 0.000390625 | Epoch time: 0.1 |

2024-09-09 04:11:29,132 - INFO -
load best network to warm start training with lower lr.

2024-09-09 04:11:29,132 - INFO -
lr update to 0.0001953125.

2024-09-09 04:11:29,132 - INFO -
| Epoch:   2080 | Train loss: 5.5218e-01 | Valid loss: 5.7282e-01 | Train acc: 0.8186 ± 0.0000 | Valid acc: 0.7874 ± 0.0000 | Valid Power: 0.0043 | Train Power: 0.0044 | patience:   0 | lr: 0.0001953125 | Epoch time: 0.1 |

2024-09-09 04:11:29,993 - INFO -
| Epoch:   2090 | Train loss: 5.5221e-01 | Valid loss: 5.7245e-01 | Train acc: 0.8186 ± 0.0000 | Valid acc: 0.7874 ± 0.0000 | Valid Power: 0.0044 | Train Power: 0.0045 | patience:  10 | lr: 0.0001953125 | Epoch time: 0.1 |

2024-09-09 04:11:30,872 - INFO -
| Epoch:   2100 | Train loss: 5.5219e-01 | Valid loss: 5.7249e-01 | Train acc: 0.8186 ± 0.0000 | Valid acc: 0.7874 ± 0.0000 | Valid Power: 0.0044 | Train Power: 0.0045 | patience:  20 | lr: 0.0001953125 | Epoch time: 0.1 |

2024-09-09 04:11:31,727 - INFO -
| Epoch:   2110 | Train loss: 5.5218e-01 | Valid loss: 5.7253e-01 | Train acc: 0.8186 ± 0.0000 | Valid acc: 0.7874 ± 0.0000 | Valid Power: 0.0044 | Train Power: 0.0045 | patience:  30 | lr: 0.0001953125 | Epoch time: 0.1 |

2024-09-09 04:11:32,588 - INFO -
| Epoch:   2120 | Train loss: 5.5218e-01 | Valid loss: 5.7255e-01 | Train acc: 0.8186 ± 0.0000 | Valid acc: 0.7874 ± 0.0000 | Valid Power: 0.0044 | Train Power: 0.0045 | patience:  40 | lr: 0.0001953125 | Epoch time: 0.1 |

2024-09-09 04:11:33,448 - INFO -
| Epoch:   2130 | Train loss: 5.5218e-01 | Valid loss: 5.7257e-01 | Train acc: 0.8186 ± 0.0000 | Valid acc: 0.7874 ± 0.0000 | Valid Power: 0.0044 | Train Power: 0.0045 | patience:  50 | lr: 0.0001953125 | Epoch time: 0.1 |

2024-09-09 04:11:34,372 - INFO -
| Epoch:   2140 | Train loss: 5.5218e-01 | Valid loss: 5.7258e-01 | Train acc: 0.8186 ± 0.0000 | Valid acc: 0.7874 ± 0.0000 | Valid Power: 0.0044 | Train Power: 0.0045 | patience:  60 | lr: 0.0001953125 | Epoch time: 0.1 |

2024-09-09 04:11:35,217 - INFO -
| Epoch:   2150 | Train loss: 5.5218e-01 | Valid loss: 5.7259e-01 | Train acc: 0.8186 ± 0.0000 | Valid acc: 0.7874 ± 0.0000 | Valid Power: 0.0044 | Train Power: 0.0045 | patience:  70 | lr: 0.0001953125 | Epoch time: 0.1 |

2024-09-09 04:11:36,058 - INFO -
| Epoch:   2160 | Train loss: 5.5218e-01 | Valid loss: 5.7261e-01 | Train acc: 0.8186 ± 0.0000 | Valid acc: 0.7874 ± 0.0000 | Valid Power: 0.0044 | Train Power: 0.0045 | patience:  80 | lr: 0.0001953125 | Epoch time: 0.1 |

2024-09-09 04:11:36,904 - INFO -
| Epoch:   2170 | Train loss: 5.5218e-01 | Valid loss: 5.7263e-01 | Train acc: 0.8186 ± 0.0000 | Valid acc: 0.7874 ± 0.0000 | Valid Power: 0.0044 | Train Power: 0.0045 | patience:  90 | lr: 0.0001953125 | Epoch time: 0.1 |

2024-09-09 04:11:37,740 - INFO -
| Epoch:   2180 | Train loss: 5.5218e-01 | Valid loss: 5.7265e-01 | Train acc: 0.8186 ± 0.0000 | Valid acc: 0.7874 ± 0.0000 | Valid Power: 0.0044 | Train Power: 0.0045 | patience: 100 | lr: 0.0001953125 | Epoch time: 0.1 |

2024-09-09 04:11:37,827 - INFO -
load best network to warm start training with lower lr.

2024-09-09 04:11:37,827 - INFO -
lr update to 9.765625e-05.

2024-09-09 04:11:37,827 - INFO -
Early stop.

2024-09-09 04:11:37,834 - INFO -
Training if finished.

2024-09-09 16:19:06,948 - INFO -
Configuration: 
gmin                0.01
gmax                10.0
T                   0.1
m                   0.3
type_nonlinear      normal
act                 tanh
ACT_R1n             12.7865
ACT_R2n             -3.1871
ACT_W1n             -10.4537
ACT_L1n             10.546
ACT_W2n             -5.8496
ACT_L2n             4.2337
S_R1n               -11.7481
S_R2n               -0.3905
S_W1n               -9.169
S_L1n               0.3913
S_W2n               7.2004
S_L2n               15.5558
ReLU_RHn            -1.9557
ReLU_RLn            -20.1581
ReLU_RDn            16.6486
ReLU_RBn            -14.3472
ReLU_Wn             16.655
ReLU_Ln             -21.7591
HS_Rn               -0.3766
HS_Wn               0.5192
HS_Ln               4.6293
NEG_R1n             -7.0846
NEG_R2n             -2.5695
NEG_R3n             16.1542
NEG_W1n             13.8696
NEG_L1n             2.7635
NEG_W2n             1.2674
NEG_L2n             -10.4803
NEG_W3n             -6.4386
NEG_L3n             5.1005
task                normal
DATASET             4
DataPath            ./dataset
InputNoise          0.0
IN_test             0.0
R_train             1
R_test              1
N_time              32
pathnorm            False
hidden              [3]
skipconnection      False
SEED                6
DEVICE              cpu
PATIENCE            500
EPOCH               10000000000
LR                  0.1
PROGRESSIVE         True
LR_PATIENCE         100
LR_DECAY            0.5
LR_MIN              0.0001
metric              acc
SoftEva             True
TIMELIMITATION      71
MODE                nominal
M_train             1
K_train             1
M_test              1
K_test              1
t_test_max          1
integration         MC
N_train             1
e_train             0.0
N_test              100
e_test              0.1
e_fault             2
fault_ratio         0.0
N_fault             50
e_fault_test        0
N_fault_test        50
dropout             0.0
lagrangian_loss     False
rho                 100
powerestimator      none
powerbalance        0.0
estimatorbalance    0.0
pgmin               1e-07
power_ratio         1000
lambda_P            100
areaestimator       none
areabalance         0.0
area_theta          0.15
area_act            30.0
area_neg            22.7
lambda_A            0.001
lnc                 False
projectname         tanh_0_FaultAnalysisNormal
temppath            ./tanh_0_FaultAnalysisNormal/temp/
logfilepath         ./tanh_0_FaultAnalysisNormal/log/
report_freq         10
recording           False
recordpath          ./tanh_0_FaultAnalysisNormal/record/
savepath            ./tanh_0_FaultAnalysisNormal/models/
loglevel            info


2024-09-09 16:19:06,969 - INFO -
Training network on device: cpu.

2024-09-09 16:19:06,969 - INFO -
Training setup: data_04_energyy1_seed_06_epsilon_0.0_dropout_0.0_fault_ratio_0.0.model.

2024-09-09 16:19:06,969 - INFO -
{'dataname': 'energyy1', 'N_feature': 8, 'N_class': 3, 'N_train': 397, 'N_valid': 127, 'N_test': 79}

2024-09-09 16:19:06,970 - INFO -
Training was already finished.

2024-09-11 18:17:02,048 - INFO -
Configuration: 
gmin                0.01
gmax                10.0
T                   0.1
m                   0.3
type_nonlinear      normal
act                 tanh
ACT_R1n             12.7865
ACT_R2n             -3.1871
ACT_W1n             -10.4537
ACT_L1n             10.546
ACT_W2n             -5.8496
ACT_L2n             4.2337
S_R1n               -11.7481
S_R2n               -0.3905
S_W1n               -9.169
S_L1n               0.3913
S_W2n               7.2004
S_L2n               15.5558
ReLU_RHn            -1.9557
ReLU_RLn            -20.1581
ReLU_RDn            16.6486
ReLU_RBn            -14.3472
ReLU_Wn             16.655
ReLU_Ln             -21.7591
HS_Rn               -0.3766
HS_Wn               0.5192
HS_Ln               4.6293
NEG_R1n             -7.0846
NEG_R2n             -2.5695
NEG_R3n             16.1542
NEG_W1n             13.8696
NEG_L1n             2.7635
NEG_W2n             1.2674
NEG_L2n             -10.4803
NEG_W3n             -6.4386
NEG_L3n             5.1005
task                normal
DATASET             4
DataPath            ./dataset
InputNoise          0.0
IN_test             0.0
R_train             1
R_test              1
N_time              32
pathnorm            False
hidden              [3]
skipconnection      False
SEED                6
DEVICE              cpu
PATIENCE            500
EPOCH               10000000000
LR                  0.1
PROGRESSIVE         True
LR_PATIENCE         100
LR_DECAY            0.5
LR_MIN              0.0001
metric              acc
SoftEva             True
TIMELIMITATION      71
MODE                nominal
M_train             1
K_train             1
M_test              1
K_test              1
t_test_max          1
integration         MC
N_train             1
e_train             0.0
N_test              100
e_test              0.1
e_fault             2
fault_ratio         0.0
N_fault             50
e_fault_test        0
N_fault_test        50
dropout             0.0
lagrangian_loss     False
rho                 100
powerestimator      none
powerbalance        0.0
estimatorbalance    0.0
pgmin               1e-07
power_ratio         1000
lambda_P            100
areaestimator       none
areabalance         0.0
area_theta          0.15
area_act            30.0
area_neg            22.7
lambda_A            0.001
lnc                 False
projectname         tanh_0_FaultAnalysisNormal
temppath            ./tanh_0_FaultAnalysisNormal/temp/
logfilepath         ./tanh_0_FaultAnalysisNormal/log/
report_freq         10
recording           False
recordpath          ./tanh_0_FaultAnalysisNormal/record/
savepath            ./tanh_0_FaultAnalysisNormal/models/
loglevel            info


2024-09-11 18:17:02,063 - INFO -
Training network on device: cpu.

2024-09-11 18:17:02,063 - INFO -
Training setup: data_04_energyy1_seed_06_epsilon_0.0_dropout_0.0_fault_ratio_0.0.model.

2024-09-11 18:17:02,063 - INFO -
{'dataname': 'energyy1', 'N_feature': 8, 'N_class': 3, 'N_train': 397, 'N_valid': 127, 'N_test': 79}

2024-09-11 18:17:02,064 - INFO -
Training was already finished.

2024-09-12 04:38:03,607 - INFO -
Configuration: 
gmin                0.01
gmax                10.0
T                   0.1
m                   0.3
type_nonlinear      normal
act                 tanh
ACT_R1n             12.7865
ACT_R2n             -3.1871
ACT_W1n             -10.4537
ACT_L1n             10.546
ACT_W2n             -5.8496
ACT_L2n             4.2337
S_R1n               -11.7481
S_R2n               -0.3905
S_W1n               -9.169
S_L1n               0.3913
S_W2n               7.2004
S_L2n               15.5558
ReLU_RHn            -1.9557
ReLU_RLn            -20.1581
ReLU_RDn            16.6486
ReLU_RBn            -14.3472
ReLU_Wn             16.655
ReLU_Ln             -21.7591
HS_Rn               -0.3766
HS_Wn               0.5192
HS_Ln               4.6293
NEG_R1n             -7.0846
NEG_R2n             -2.5695
NEG_R3n             16.1542
NEG_W1n             13.8696
NEG_L1n             2.7635
NEG_W2n             1.2674
NEG_L2n             -10.4803
NEG_W3n             -6.4386
NEG_L3n             5.1005
task                normal
DATASET             4
DataPath            ./dataset
InputNoise          0.0
IN_test             0.0
R_train             1
R_test              1
N_time              32
pathnorm            False
hidden              [3]
skipconnection      False
SEED                6
DEVICE              cpu
PATIENCE            500
EPOCH               10000000000
LR                  0.1
PROGRESSIVE         True
LR_PATIENCE         100
LR_DECAY            0.5
LR_MIN              0.0001
metric              acc
SoftEva             True
TIMELIMITATION      71
MODE                nominal
M_train             1
K_train             1
M_test              1
K_test              1
t_test_max          1
integration         MC
N_train             1
e_train             0.0
N_test              100
e_test              0.1
e_fault             2
fault_ratio         0.0
N_fault             50
e_fault_test        0
N_fault_test        50
dropout             0.0
lagrangian_loss     False
rho                 100
powerestimator      none
powerbalance        0.0
estimatorbalance    0.0
pgmin               1e-07
power_ratio         1000
lambda_P            100
areaestimator       none
areabalance         0.0
area_theta          0.15
area_act            30.0
area_neg            22.7
lambda_A            0.001
lnc                 False
projectname         tanh_0_FaultAnalysisNormal
temppath            ./tanh_0_FaultAnalysisNormal/temp/
logfilepath         ./tanh_0_FaultAnalysisNormal/log/
report_freq         10
recording           False
recordpath          ./tanh_0_FaultAnalysisNormal/record/
savepath            ./tanh_0_FaultAnalysisNormal/models/
loglevel            info


2024-09-12 04:38:03,631 - INFO -
Training network on device: cpu.

2024-09-12 04:38:03,631 - INFO -
Training setup: data_04_energyy1_seed_06_epsilon_0.0_dropout_0.0_fault_ratio_0.0.model.

2024-09-12 04:38:03,631 - INFO -
{'dataname': 'energyy1', 'N_feature': 8, 'N_class': 3, 'N_train': 397, 'N_valid': 127, 'N_test': 79}

2024-09-12 04:38:03,632 - INFO -
Training was already finished.

