2024-09-09 04:07:29,240 - INFO -
Configuration: 
gmin                0.01
gmax                10.0
T                   0.1
m                   0.3
type_nonlinear      normal
act                 tanh
ACT_R1n             12.7865
ACT_R2n             -3.1871
ACT_W1n             -10.4537
ACT_L1n             10.546
ACT_W2n             -5.8496
ACT_L2n             4.2337
S_R1n               -11.7481
S_R2n               -0.3905
S_W1n               -9.169
S_L1n               0.3913
S_W2n               7.2004
S_L2n               15.5558
ReLU_RHn            -1.9557
ReLU_RLn            -20.1581
ReLU_RDn            16.6486
ReLU_RBn            -14.3472
ReLU_Wn             16.655
ReLU_Ln             -21.7591
HS_Rn               -0.3766
HS_Wn               0.5192
HS_Ln               4.6293
NEG_R1n             -7.0846
NEG_R2n             -2.5695
NEG_R3n             16.1542
NEG_W1n             13.8696
NEG_L1n             2.7635
NEG_W2n             1.2674
NEG_L2n             -10.4803
NEG_W3n             -6.4386
NEG_L3n             5.1005
task                normal
DATASET             5
DataPath            ./dataset
InputNoise          0.0
IN_test             0.0
R_train             1
R_test              1
N_time              32
pathnorm            False
hidden              [3]
skipconnection      False
SEED                2
DEVICE              cpu
PATIENCE            500
EPOCH               10000000000
LR                  0.1
PROGRESSIVE         True
LR_PATIENCE         100
LR_DECAY            0.5
LR_MIN              0.0001
metric              acc
SoftEva             True
TIMELIMITATION      71
MODE                nominal
M_train             1
K_train             1
M_test              1
K_test              1
t_test_max          1
integration         MC
N_train             1
e_train             0.0
N_test              100
e_test              0.1
e_fault             2
fault_ratio         0.0
N_fault             50
e_fault_test        0
N_fault_test        50
dropout             0.0
lagrangian_loss     False
rho                 100
powerestimator      none
powerbalance        0.0
estimatorbalance    0.0
pgmin               1e-07
power_ratio         1000
lambda_P            100
areaestimator       none
areabalance         0.0
area_theta          0.15
area_act            30.0
area_neg            22.7
lambda_A            0.001
lnc                 False
projectname         tanh_0_FaultAnalysisNormal
temppath            ./tanh_0_FaultAnalysisNormal/temp/
logfilepath         ./tanh_0_FaultAnalysisNormal/log/
report_freq         10
recording           False
recordpath          ./tanh_0_FaultAnalysisNormal/record/
savepath            ./tanh_0_FaultAnalysisNormal/models/
loglevel            info


2024-09-09 04:07:29,241 - INFO -
Training network on device: cpu.

2024-09-09 04:07:29,241 - INFO -
Training setup: data_05_energyy2_seed_02_epsilon_0.0_dropout_0.0_fault_ratio_0.0.model.

2024-09-09 04:07:29,241 - INFO -
{'dataname': 'energyy2', 'N_feature': 8, 'N_class': 3, 'N_train': 397, 'N_valid': 127, 'N_test': 79}

2024-09-09 04:07:29,241 - INFO -
Topology of the network: [8, 3, 3].

2024-09-09 04:07:31,166 - INFO -
| Epoch:      0 | Train loss: 1.0986e+00 | Valid loss: 1.0888e+00 | Train acc: 0.4761 ± 0.0000 | Valid acc: 0.4882 ± 0.0000 | Valid Power: 0.0009 | Train Power: 0.0005 | patience:   0 | lr: 0.1 | Epoch time: 0.1 |

2024-09-09 04:07:32,427 - INFO -
| Epoch:     10 | Train loss: 8.3364e-01 | Valid loss: 8.2094e-01 | Train acc: 0.6801 ± 0.0000 | Valid acc: 0.6220 ± 0.0000 | Valid Power: 0.0008 | Train Power: 0.0008 | patience:   0 | lr: 0.1 | Epoch time: 0.1 |

2024-09-09 04:07:33,703 - INFO -
| Epoch:     20 | Train loss: 6.3316e-01 | Valid loss: 6.2571e-01 | Train acc: 0.8237 ± 0.0000 | Valid acc: 0.8110 ± 0.0000 | Valid Power: 0.0008 | Train Power: 0.0009 | patience:   0 | lr: 0.1 | Epoch time: 0.1 |

2024-09-09 04:07:34,975 - INFO -
| Epoch:     30 | Train loss: 5.5765e-01 | Valid loss: 5.7253e-01 | Train acc: 0.8338 ± 0.0000 | Valid acc: 0.8031 ± 0.0000 | Valid Power: 0.0009 | Train Power: 0.0009 | patience:   0 | lr: 0.1 | Epoch time: 0.1 |

2024-09-09 04:07:36,247 - INFO -
| Epoch:     40 | Train loss: 5.2903e-01 | Valid loss: 5.4401e-01 | Train acc: 0.8589 ± 0.0000 | Valid acc: 0.8425 ± 0.0000 | Valid Power: 0.0009 | Train Power: 0.0009 | patience:   0 | lr: 0.1 | Epoch time: 0.1 |

2024-09-09 04:07:37,502 - INFO -
| Epoch:     50 | Train loss: 5.1736e-01 | Valid loss: 5.3082e-01 | Train acc: 0.8463 ± 0.0000 | Valid acc: 0.8425 ± 0.0000 | Valid Power: 0.0009 | Train Power: 0.0009 | patience:   0 | lr: 0.1 | Epoch time: 0.1 |

2024-09-09 04:07:38,853 - INFO -
| Epoch:     60 | Train loss: 5.0924e-01 | Valid loss: 5.1335e-01 | Train acc: 0.8539 ± 0.0000 | Valid acc: 0.8583 ± 0.0000 | Valid Power: 0.0009 | Train Power: 0.0009 | patience:   0 | lr: 0.1 | Epoch time: 0.1 |

2024-09-09 04:07:40,095 - INFO -
| Epoch:     70 | Train loss: 5.0419e-01 | Valid loss: 5.1380e-01 | Train acc: 0.8539 ± 0.0000 | Valid acc: 0.8504 ± 0.0000 | Valid Power: 0.0010 | Train Power: 0.0010 | patience:   8 | lr: 0.1 | Epoch time: 0.1 |

2024-09-09 04:07:41,326 - INFO -
| Epoch:     80 | Train loss: 5.0173e-01 | Valid loss: 5.1055e-01 | Train acc: 0.8514 ± 0.0000 | Valid acc: 0.8583 ± 0.0000 | Valid Power: 0.0014 | Train Power: 0.0015 | patience:   0 | lr: 0.1 | Epoch time: 0.1 |

2024-09-09 04:07:42,586 - INFO -
| Epoch:     90 | Train loss: 4.9904e-01 | Valid loss: 5.0248e-01 | Train acc: 0.8564 ± 0.0000 | Valid acc: 0.8504 ± 0.0000 | Valid Power: 0.0012 | Train Power: 0.0017 | patience:   0 | lr: 0.1 | Epoch time: 0.1 |

2024-09-09 04:07:43,836 - INFO -
| Epoch:    100 | Train loss: 4.9930e-01 | Valid loss: 4.9920e-01 | Train acc: 0.8564 ± 0.0000 | Valid acc: 0.8504 ± 0.0000 | Valid Power: 0.0013 | Train Power: 0.0017 | patience:   6 | lr: 0.1 | Epoch time: 0.1 |

2024-09-09 04:07:45,066 - INFO -
| Epoch:    110 | Train loss: 4.9935e-01 | Valid loss: 5.0449e-01 | Train acc: 0.8514 ± 0.0000 | Valid acc: 0.8346 ± 0.0000 | Valid Power: 0.0010 | Train Power: 0.0011 | patience:   8 | lr: 0.1 | Epoch time: 0.1 |

2024-09-09 04:07:46,292 - INFO -
| Epoch:    120 | Train loss: 5.1220e-01 | Valid loss: 5.1874e-01 | Train acc: 0.8539 ± 0.0000 | Valid acc: 0.8504 ± 0.0000 | Valid Power: 0.0011 | Train Power: 0.0010 | patience:  18 | lr: 0.1 | Epoch time: 0.1 |

2024-09-09 04:07:47,553 - INFO -
| Epoch:    130 | Train loss: 4.9410e-01 | Valid loss: 5.0686e-01 | Train acc: 0.8564 ± 0.0000 | Valid acc: 0.8583 ± 0.0000 | Valid Power: 0.0011 | Train Power: 0.0011 | patience:  28 | lr: 0.1 | Epoch time: 0.1 |

2024-09-09 04:07:48,787 - INFO -
| Epoch:    140 | Train loss: 4.9325e-01 | Valid loss: 5.1558e-01 | Train acc: 0.8615 ± 0.0000 | Valid acc: 0.8346 ± 0.0000 | Valid Power: 0.0015 | Train Power: 0.0015 | patience:  38 | lr: 0.1 | Epoch time: 0.1 |

2024-09-09 04:07:50,015 - INFO -
| Epoch:    150 | Train loss: 4.8530e-01 | Valid loss: 5.1813e-01 | Train acc: 0.8741 ± 0.0000 | Valid acc: 0.8346 ± 0.0000 | Valid Power: 0.0022 | Train Power: 0.0021 | patience:  48 | lr: 0.1 | Epoch time: 0.1 |

2024-09-09 04:07:51,243 - INFO -
| Epoch:    160 | Train loss: 4.9144e-01 | Valid loss: 5.1309e-01 | Train acc: 0.8463 ± 0.0000 | Valid acc: 0.8346 ± 0.0000 | Valid Power: 0.0034 | Train Power: 0.0033 | patience:  58 | lr: 0.1 | Epoch time: 0.1 |

2024-09-09 04:07:52,471 - INFO -
| Epoch:    170 | Train loss: 5.2236e-01 | Valid loss: 5.4520e-01 | Train acc: 0.8539 ± 0.0000 | Valid acc: 0.8268 ± 0.0000 | Valid Power: 0.0045 | Train Power: 0.0047 | patience:  68 | lr: 0.1 | Epoch time: 0.1 |

2024-09-09 04:07:53,699 - INFO -
| Epoch:    180 | Train loss: 5.0614e-01 | Valid loss: 5.1050e-01 | Train acc: 0.8564 ± 0.0000 | Valid acc: 0.8504 ± 0.0000 | Valid Power: 0.0050 | Train Power: 0.0051 | patience:  78 | lr: 0.1 | Epoch time: 0.1 |

2024-09-09 04:07:54,945 - INFO -
| Epoch:    190 | Train loss: 4.8922e-01 | Valid loss: 4.9631e-01 | Train acc: 0.8589 ± 0.0000 | Valid acc: 0.8661 ± 0.0000 | Valid Power: 0.0056 | Train Power: 0.0057 | patience:   5 | lr: 0.1 | Epoch time: 0.1 |

2024-09-09 04:07:56,179 - INFO -
| Epoch:    200 | Train loss: 5.1408e-01 | Valid loss: 4.9817e-01 | Train acc: 0.8212 ± 0.0000 | Valid acc: 0.8425 ± 0.0000 | Valid Power: 0.0056 | Train Power: 0.0058 | patience:   7 | lr: 0.1 | Epoch time: 0.1 |

2024-09-09 04:07:57,505 - INFO -
| Epoch:    210 | Train loss: 4.8804e-01 | Valid loss: 5.0277e-01 | Train acc: 0.8463 ± 0.0000 | Valid acc: 0.8504 ± 0.0000 | Valid Power: 0.0058 | Train Power: 0.0058 | patience:  17 | lr: 0.1 | Epoch time: 0.1 |

2024-09-09 04:07:58,739 - INFO -
| Epoch:    220 | Train loss: 4.8340e-01 | Valid loss: 4.8904e-01 | Train acc: 0.8564 ± 0.0000 | Valid acc: 0.8819 ± 0.0000 | Valid Power: 0.0058 | Train Power: 0.0059 | patience:   7 | lr: 0.1 | Epoch time: 0.1 |

2024-09-09 04:07:59,967 - INFO -
| Epoch:    230 | Train loss: 4.8403e-01 | Valid loss: 4.9625e-01 | Train acc: 0.8564 ± 0.0000 | Valid acc: 0.8583 ± 0.0000 | Valid Power: 0.0056 | Train Power: 0.0057 | patience:  17 | lr: 0.1 | Epoch time: 0.1 |

2024-09-09 04:08:01,195 - INFO -
| Epoch:    240 | Train loss: 5.2689e-01 | Valid loss: 5.2766e-01 | Train acc: 0.7985 ± 0.0000 | Valid acc: 0.8031 ± 0.0000 | Valid Power: 0.0056 | Train Power: 0.0057 | patience:  27 | lr: 0.1 | Epoch time: 0.1 |

2024-09-09 04:08:02,426 - INFO -
| Epoch:    250 | Train loss: 5.2406e-01 | Valid loss: 5.3825e-01 | Train acc: 0.7985 ± 0.0000 | Valid acc: 0.8031 ± 0.0000 | Valid Power: 0.0056 | Train Power: 0.0057 | patience:  37 | lr: 0.1 | Epoch time: 0.1 |

2024-09-09 04:08:03,665 - INFO -
| Epoch:    260 | Train loss: 5.0966e-01 | Valid loss: 5.2469e-01 | Train acc: 0.8010 ± 0.0000 | Valid acc: 0.8268 ± 0.0000 | Valid Power: 0.0059 | Train Power: 0.0060 | patience:  47 | lr: 0.1 | Epoch time: 0.1 |

2024-09-09 04:08:04,895 - INFO -
| Epoch:    270 | Train loss: 4.9766e-01 | Valid loss: 5.1355e-01 | Train acc: 0.8388 ± 0.0000 | Valid acc: 0.8189 ± 0.0000 | Valid Power: 0.0061 | Train Power: 0.0062 | patience:  57 | lr: 0.1 | Epoch time: 0.1 |

2024-09-09 04:08:06,124 - INFO -
| Epoch:    280 | Train loss: 4.7462e-01 | Valid loss: 4.8180e-01 | Train acc: 0.8564 ± 0.0000 | Valid acc: 0.8583 ± 0.0000 | Valid Power: 0.0059 | Train Power: 0.0060 | patience:  67 | lr: 0.1 | Epoch time: 0.1 |

2024-09-09 04:08:07,355 - INFO -
| Epoch:    290 | Train loss: 4.7073e-01 | Valid loss: 4.8245e-01 | Train acc: 0.8741 ± 0.0000 | Valid acc: 0.8819 ± 0.0000 | Valid Power: 0.0057 | Train Power: 0.0059 | patience:  77 | lr: 0.1 | Epoch time: 0.1 |

2024-09-09 04:08:08,683 - INFO -
| Epoch:    300 | Train loss: 4.6743e-01 | Valid loss: 4.8010e-01 | Train acc: 0.8741 ± 0.0000 | Valid acc: 0.8819 ± 0.0000 | Valid Power: 0.0058 | Train Power: 0.0059 | patience:  87 | lr: 0.1 | Epoch time: 0.1 |

2024-09-09 04:08:09,924 - INFO -
| Epoch:    310 | Train loss: 4.8276e-01 | Valid loss: 4.9145e-01 | Train acc: 0.8237 ± 0.0000 | Valid acc: 0.8425 ± 0.0000 | Valid Power: 0.0059 | Train Power: 0.0060 | patience:   2 | lr: 0.1 | Epoch time: 0.1 |

2024-09-09 04:08:11,155 - INFO -
| Epoch:    320 | Train loss: 4.7523e-01 | Valid loss: 4.6802e-01 | Train acc: 0.8514 ± 0.0000 | Valid acc: 0.8819 ± 0.0000 | Valid Power: 0.0061 | Train Power: 0.0062 | patience:  12 | lr: 0.1 | Epoch time: 0.1 |

2024-09-09 04:08:12,390 - INFO -
| Epoch:    330 | Train loss: 4.6315e-01 | Valid loss: 4.6595e-01 | Train acc: 0.8338 ± 0.0000 | Valid acc: 0.8504 ± 0.0000 | Valid Power: 0.0061 | Train Power: 0.0063 | patience:   6 | lr: 0.1 | Epoch time: 0.1 |

2024-09-09 04:08:13,629 - INFO -
| Epoch:    340 | Train loss: 4.6272e-01 | Valid loss: 4.6107e-01 | Train acc: 0.8514 ± 0.0000 | Valid acc: 0.8819 ± 0.0000 | Valid Power: 0.0061 | Train Power: 0.0063 | patience:  16 | lr: 0.1 | Epoch time: 0.1 |

2024-09-09 04:08:14,863 - INFO -
| Epoch:    350 | Train loss: 4.9625e-01 | Valid loss: 4.8116e-01 | Train acc: 0.8514 ± 0.0000 | Valid acc: 0.8819 ± 0.0000 | Valid Power: 0.0061 | Train Power: 0.0062 | patience:  26 | lr: 0.1 | Epoch time: 0.1 |

2024-09-09 04:08:16,093 - INFO -
| Epoch:    360 | Train loss: 5.6316e-01 | Valid loss: 5.5406e-01 | Train acc: 0.8338 ± 0.0000 | Valid acc: 0.8583 ± 0.0000 | Valid Power: 0.0061 | Train Power: 0.0062 | patience:  36 | lr: 0.1 | Epoch time: 0.1 |

2024-09-09 04:08:17,329 - INFO -
| Epoch:    370 | Train loss: 4.7821e-01 | Valid loss: 4.7790e-01 | Train acc: 0.8237 ± 0.0000 | Valid acc: 0.8425 ± 0.0000 | Valid Power: 0.0058 | Train Power: 0.0059 | patience:   8 | lr: 0.1 | Epoch time: 0.1 |

2024-09-09 04:08:18,562 - INFO -
| Epoch:    380 | Train loss: 5.1012e-01 | Valid loss: 5.1704e-01 | Train acc: 0.8539 ± 0.0000 | Valid acc: 0.8898 ± 0.0000 | Valid Power: 0.0062 | Train Power: 0.0063 | patience:  18 | lr: 0.1 | Epoch time: 0.1 |

2024-09-09 04:08:19,794 - INFO -
| Epoch:    390 | Train loss: 5.9723e-01 | Valid loss: 5.8563e-01 | Train acc: 0.8363 ± 0.0000 | Valid acc: 0.8425 ± 0.0000 | Valid Power: 0.0056 | Train Power: 0.0057 | patience:  28 | lr: 0.1 | Epoch time: 0.1 |

2024-09-09 04:08:21,025 - INFO -
| Epoch:    400 | Train loss: 4.7553e-01 | Valid loss: 4.9531e-01 | Train acc: 0.8665 ± 0.0000 | Valid acc: 0.8819 ± 0.0000 | Valid Power: 0.0057 | Train Power: 0.0058 | patience:  38 | lr: 0.1 | Epoch time: 0.1 |

2024-09-09 04:08:22,256 - INFO -
| Epoch:    410 | Train loss: 4.9191e-01 | Valid loss: 5.1861e-01 | Train acc: 0.8161 ± 0.0000 | Valid acc: 0.8031 ± 0.0000 | Valid Power: 0.0057 | Train Power: 0.0058 | patience:  48 | lr: 0.1 | Epoch time: 0.1 |

2024-09-09 04:08:23,486 - INFO -
| Epoch:    420 | Train loss: 4.9915e-01 | Valid loss: 5.2096e-01 | Train acc: 0.7985 ± 0.0000 | Valid acc: 0.8031 ± 0.0000 | Valid Power: 0.0057 | Train Power: 0.0058 | patience:  58 | lr: 0.1 | Epoch time: 0.1 |

2024-09-09 04:08:24,716 - INFO -
| Epoch:    430 | Train loss: 4.9801e-01 | Valid loss: 5.1919e-01 | Train acc: 0.8086 ± 0.0000 | Valid acc: 0.8110 ± 0.0000 | Valid Power: 0.0057 | Train Power: 0.0058 | patience:  68 | lr: 0.1 | Epoch time: 0.1 |

2024-09-09 04:08:25,946 - INFO -
| Epoch:    440 | Train loss: 4.9574e-01 | Valid loss: 5.1486e-01 | Train acc: 0.8237 ± 0.0000 | Valid acc: 0.8425 ± 0.0000 | Valid Power: 0.0057 | Train Power: 0.0058 | patience:  78 | lr: 0.1 | Epoch time: 0.1 |

2024-09-09 04:08:27,175 - INFO -
| Epoch:    450 | Train loss: 4.9328e-01 | Valid loss: 5.0677e-01 | Train acc: 0.8514 ± 0.0000 | Valid acc: 0.8819 ± 0.0000 | Valid Power: 0.0058 | Train Power: 0.0059 | patience:  88 | lr: 0.1 | Epoch time: 0.1 |

2024-09-09 04:08:28,414 - INFO -
| Epoch:    460 | Train loss: 4.7034e-01 | Valid loss: 4.9597e-01 | Train acc: 0.8715 ± 0.0000 | Valid acc: 0.8819 ± 0.0000 | Valid Power: 0.0058 | Train Power: 0.0060 | patience:  98 | lr: 0.1 | Epoch time: 0.1 |

2024-09-09 04:08:28,787 - INFO -
load best network to warm start training with lower lr.

2024-09-09 04:08:28,788 - INFO -
lr update to 0.05.

2024-09-09 04:08:29,750 - INFO -
| Epoch:    470 | Train loss: 4.5454e-01 | Valid loss: 4.6069e-01 | Train acc: 0.8665 ± 0.0000 | Valid acc: 0.8898 ± 0.0000 | Valid Power: 0.0060 | Train Power: 0.0061 | patience:   4 | lr: 0.05 | Epoch time: 0.2 |

2024-09-09 04:08:30,984 - INFO -
| Epoch:    480 | Train loss: 4.5050e-01 | Valid loss: 4.3145e-01 | Train acc: 0.8640 ± 0.0000 | Valid acc: 0.9134 ± 0.0000 | Valid Power: 0.0063 | Train Power: 0.0065 | patience:  14 | lr: 0.05 | Epoch time: 0.1 |

2024-09-09 04:08:32,216 - INFO -
| Epoch:    490 | Train loss: 4.5358e-01 | Valid loss: 4.5754e-01 | Train acc: 0.8564 ± 0.0000 | Valid acc: 0.8819 ± 0.0000 | Valid Power: 0.0058 | Train Power: 0.0060 | patience:  24 | lr: 0.05 | Epoch time: 0.1 |

2024-09-09 04:08:33,448 - INFO -
| Epoch:    500 | Train loss: 4.4818e-01 | Valid loss: 4.3681e-01 | Train acc: 0.8665 ± 0.0000 | Valid acc: 0.9134 ± 0.0000 | Valid Power: 0.0065 | Train Power: 0.0066 | patience:  34 | lr: 0.05 | Epoch time: 0.1 |

2024-09-09 04:08:34,681 - INFO -
| Epoch:    510 | Train loss: 4.4821e-01 | Valid loss: 4.4138e-01 | Train acc: 0.8640 ± 0.0000 | Valid acc: 0.9055 ± 0.0000 | Valid Power: 0.0060 | Train Power: 0.0062 | patience:  44 | lr: 0.05 | Epoch time: 0.1 |

2024-09-09 04:08:35,915 - INFO -
| Epoch:    520 | Train loss: 4.4735e-01 | Valid loss: 4.3453e-01 | Train acc: 0.8665 ± 0.0000 | Valid acc: 0.9134 ± 0.0000 | Valid Power: 0.0059 | Train Power: 0.0061 | patience:  54 | lr: 0.05 | Epoch time: 0.1 |

2024-09-09 04:08:37,149 - INFO -
| Epoch:    530 | Train loss: 4.5321e-01 | Valid loss: 4.3497e-01 | Train acc: 0.8665 ± 0.0000 | Valid acc: 0.8819 ± 0.0000 | Valid Power: 0.0067 | Train Power: 0.0067 | patience:  64 | lr: 0.05 | Epoch time: 0.1 |

2024-09-09 04:08:38,386 - INFO -
| Epoch:    540 | Train loss: 4.4802e-01 | Valid loss: 4.3198e-01 | Train acc: 0.8665 ± 0.0000 | Valid acc: 0.9134 ± 0.0000 | Valid Power: 0.0063 | Train Power: 0.0065 | patience:   1 | lr: 0.05 | Epoch time: 0.1 |

2024-09-09 04:08:39,619 - INFO -
| Epoch:    550 | Train loss: 4.5580e-01 | Valid loss: 4.3402e-01 | Train acc: 0.8665 ± 0.0000 | Valid acc: 0.9134 ± 0.0000 | Valid Power: 0.0063 | Train Power: 0.0064 | patience:  11 | lr: 0.05 | Epoch time: 0.1 |

2024-09-09 04:08:40,873 - INFO -
| Epoch:    560 | Train loss: 4.5154e-01 | Valid loss: 4.2703e-01 | Train acc: 0.8665 ± 0.0000 | Valid acc: 0.9134 ± 0.0000 | Valid Power: 0.0068 | Train Power: 0.0070 | patience:   2 | lr: 0.05 | Epoch time: 0.1 |

2024-09-09 04:08:42,105 - INFO -
| Epoch:    570 | Train loss: 4.4953e-01 | Valid loss: 4.3160e-01 | Train acc: 0.8665 ± 0.0000 | Valid acc: 0.9134 ± 0.0000 | Valid Power: 0.0067 | Train Power: 0.0069 | patience:  12 | lr: 0.05 | Epoch time: 0.1 |

2024-09-09 04:08:43,340 - INFO -
| Epoch:    580 | Train loss: 4.4902e-01 | Valid loss: 4.3333e-01 | Train acc: 0.8665 ± 0.0000 | Valid acc: 0.9134 ± 0.0000 | Valid Power: 0.0065 | Train Power: 0.0067 | patience:  22 | lr: 0.05 | Epoch time: 0.1 |

2024-09-09 04:08:44,584 - INFO -
| Epoch:    590 | Train loss: 4.4873e-01 | Valid loss: 4.3316e-01 | Train acc: 0.8665 ± 0.0000 | Valid acc: 0.9134 ± 0.0000 | Valid Power: 0.0066 | Train Power: 0.0069 | patience:  32 | lr: 0.05 | Epoch time: 0.1 |

2024-09-09 04:08:45,818 - INFO -
| Epoch:    600 | Train loss: 4.4841e-01 | Valid loss: 4.3358e-01 | Train acc: 0.8665 ± 0.0000 | Valid acc: 0.9134 ± 0.0000 | Valid Power: 0.0067 | Train Power: 0.0069 | patience:  42 | lr: 0.05 | Epoch time: 0.1 |

2024-09-09 04:08:47,052 - INFO -
| Epoch:    610 | Train loss: 4.4636e-01 | Valid loss: 4.3392e-01 | Train acc: 0.8665 ± 0.0000 | Valid acc: 0.9134 ± 0.0000 | Valid Power: 0.0063 | Train Power: 0.0065 | patience:  52 | lr: 0.05 | Epoch time: 0.1 |

2024-09-09 04:08:48,285 - INFO -
| Epoch:    620 | Train loss: 4.4624e-01 | Valid loss: 4.3532e-01 | Train acc: 0.8665 ± 0.0000 | Valid acc: 0.9134 ± 0.0000 | Valid Power: 0.0061 | Train Power: 0.0063 | patience:  62 | lr: 0.05 | Epoch time: 0.1 |

2024-09-09 04:08:49,615 - INFO -
| Epoch:    630 | Train loss: 4.4616e-01 | Valid loss: 4.3502e-01 | Train acc: 0.8665 ± 0.0000 | Valid acc: 0.9134 ± 0.0000 | Valid Power: 0.0061 | Train Power: 0.0063 | patience:  72 | lr: 0.05 | Epoch time: 0.1 |

2024-09-09 04:08:50,848 - INFO -
| Epoch:    640 | Train loss: 4.4608e-01 | Valid loss: 4.3452e-01 | Train acc: 0.8665 ± 0.0000 | Valid acc: 0.9134 ± 0.0000 | Valid Power: 0.0061 | Train Power: 0.0063 | patience:  82 | lr: 0.05 | Epoch time: 0.1 |

2024-09-09 04:08:52,083 - INFO -
| Epoch:    650 | Train loss: 4.4600e-01 | Valid loss: 4.3456e-01 | Train acc: 0.8665 ± 0.0000 | Valid acc: 0.9134 ± 0.0000 | Valid Power: 0.0064 | Train Power: 0.0068 | patience:  92 | lr: 0.05 | Epoch time: 0.1 |

2024-09-09 04:08:53,194 - INFO -
load best network to warm start training with lower lr.

2024-09-09 04:08:53,194 - INFO -
lr update to 0.025.

2024-09-09 04:08:53,318 - INFO -
| Epoch:    660 | Train loss: 4.5169e-01 | Valid loss: 4.2988e-01 | Train acc: 0.8665 ± 0.0000 | Valid acc: 0.9134 ± 0.0000 | Valid Power: 0.0067 | Train Power: 0.0070 | patience:   1 | lr: 0.025 | Epoch time: 0.1 |

2024-09-09 04:08:54,551 - INFO -
| Epoch:    670 | Train loss: 4.4709e-01 | Valid loss: 4.3102e-01 | Train acc: 0.8665 ± 0.0000 | Valid acc: 0.9134 ± 0.0000 | Valid Power: 0.0062 | Train Power: 0.0064 | patience:  11 | lr: 0.025 | Epoch time: 0.1 |

2024-09-09 04:08:55,786 - INFO -
| Epoch:    680 | Train loss: 4.4801e-01 | Valid loss: 4.3574e-01 | Train acc: 0.8640 ± 0.0000 | Valid acc: 0.9134 ± 0.0000 | Valid Power: 0.0060 | Train Power: 0.0061 | patience:  21 | lr: 0.025 | Epoch time: 0.1 |

2024-09-09 04:08:57,019 - INFO -
| Epoch:    690 | Train loss: 4.4729e-01 | Valid loss: 4.3737e-01 | Train acc: 0.8665 ± 0.0000 | Valid acc: 0.9134 ± 0.0000 | Valid Power: 0.0063 | Train Power: 0.0064 | patience:  31 | lr: 0.025 | Epoch time: 0.1 |

2024-09-09 04:08:58,254 - INFO -
| Epoch:    700 | Train loss: 4.4678e-01 | Valid loss: 4.3527e-01 | Train acc: 0.8665 ± 0.0000 | Valid acc: 0.9134 ± 0.0000 | Valid Power: 0.0065 | Train Power: 0.0066 | patience:  41 | lr: 0.025 | Epoch time: 0.1 |

2024-09-09 04:08:59,561 - INFO -
| Epoch:    710 | Train loss: 4.4672e-01 | Valid loss: 4.3222e-01 | Train acc: 0.8665 ± 0.0000 | Valid acc: 0.9134 ± 0.0000 | Valid Power: 0.0062 | Train Power: 0.0064 | patience:  51 | lr: 0.025 | Epoch time: 0.2 |

2024-09-09 04:09:00,796 - INFO -
| Epoch:    720 | Train loss: 4.4687e-01 | Valid loss: 4.3133e-01 | Train acc: 0.8665 ± 0.0000 | Valid acc: 0.9134 ± 0.0000 | Valid Power: 0.0060 | Train Power: 0.0062 | patience:  61 | lr: 0.025 | Epoch time: 0.1 |

2024-09-09 04:09:02,028 - INFO -
| Epoch:    730 | Train loss: 4.4644e-01 | Valid loss: 4.3378e-01 | Train acc: 0.8665 ± 0.0000 | Valid acc: 0.9134 ± 0.0000 | Valid Power: 0.0058 | Train Power: 0.0060 | patience:  71 | lr: 0.025 | Epoch time: 0.1 |

2024-09-09 04:09:03,260 - INFO -
| Epoch:    740 | Train loss: 4.4636e-01 | Valid loss: 4.3469e-01 | Train acc: 0.8665 ± 0.0000 | Valid acc: 0.9134 ± 0.0000 | Valid Power: 0.0059 | Train Power: 0.0060 | patience:  81 | lr: 0.025 | Epoch time: 0.1 |

2024-09-09 04:09:04,491 - INFO -
| Epoch:    750 | Train loss: 4.4626e-01 | Valid loss: 4.3413e-01 | Train acc: 0.8665 ± 0.0000 | Valid acc: 0.9134 ± 0.0000 | Valid Power: 0.0059 | Train Power: 0.0061 | patience:  91 | lr: 0.025 | Epoch time: 0.1 |

2024-09-09 04:09:05,726 - INFO -
load best network to warm start training with lower lr.

2024-09-09 04:09:05,726 - INFO -
lr update to 0.0125.

2024-09-09 04:09:05,726 - INFO -
| Epoch:    760 | Train loss: 4.4619e-01 | Valid loss: 4.3429e-01 | Train acc: 0.8665 ± 0.0000 | Valid acc: 0.9134 ± 0.0000 | Valid Power: 0.0057 | Train Power: 0.0059 | patience:   0 | lr: 0.0125 | Epoch time: 0.1 |

2024-09-09 04:09:06,965 - INFO -
| Epoch:    770 | Train loss: 4.4980e-01 | Valid loss: 4.3044e-01 | Train acc: 0.8665 ± 0.0000 | Valid acc: 0.9134 ± 0.0000 | Valid Power: 0.0064 | Train Power: 0.0066 | patience:  10 | lr: 0.0125 | Epoch time: 0.1 |

2024-09-09 04:09:08,194 - INFO -
| Epoch:    780 | Train loss: 4.4681e-01 | Valid loss: 4.3230e-01 | Train acc: 0.8665 ± 0.0000 | Valid acc: 0.9134 ± 0.0000 | Valid Power: 0.0062 | Train Power: 0.0064 | patience:  20 | lr: 0.0125 | Epoch time: 0.1 |

2024-09-09 04:09:09,422 - INFO -
| Epoch:    790 | Train loss: 4.4662e-01 | Valid loss: 4.3359e-01 | Train acc: 0.8665 ± 0.0000 | Valid acc: 0.9134 ± 0.0000 | Valid Power: 0.0063 | Train Power: 0.0064 | patience:  30 | lr: 0.0125 | Epoch time: 0.1 |

2024-09-09 04:09:10,651 - INFO -
| Epoch:    800 | Train loss: 4.4647e-01 | Valid loss: 4.3423e-01 | Train acc: 0.8665 ± 0.0000 | Valid acc: 0.9134 ± 0.0000 | Valid Power: 0.0063 | Train Power: 0.0064 | patience:  40 | lr: 0.0125 | Epoch time: 0.1 |

2024-09-09 04:09:11,878 - INFO -
| Epoch:    810 | Train loss: 4.4637e-01 | Valid loss: 4.3434e-01 | Train acc: 0.8665 ± 0.0000 | Valid acc: 0.9134 ± 0.0000 | Valid Power: 0.0063 | Train Power: 0.0069 | patience:  50 | lr: 0.0125 | Epoch time: 0.1 |

2024-09-09 04:09:13,108 - INFO -
| Epoch:    820 | Train loss: 4.4628e-01 | Valid loss: 4.3462e-01 | Train acc: 0.8665 ± 0.0000 | Valid acc: 0.9134 ± 0.0000 | Valid Power: 0.0061 | Train Power: 0.0062 | patience:  60 | lr: 0.0125 | Epoch time: 0.1 |

2024-09-09 04:09:14,336 - INFO -
| Epoch:    830 | Train loss: 4.4621e-01 | Valid loss: 4.3465e-01 | Train acc: 0.8665 ± 0.0000 | Valid acc: 0.9134 ± 0.0000 | Valid Power: 0.0060 | Train Power: 0.0062 | patience:  70 | lr: 0.0125 | Epoch time: 0.1 |

2024-09-09 04:09:15,589 - INFO -
| Epoch:    840 | Train loss: 4.4614e-01 | Valid loss: 4.3453e-01 | Train acc: 0.8665 ± 0.0000 | Valid acc: 0.9134 ± 0.0000 | Valid Power: 0.0058 | Train Power: 0.0060 | patience:  80 | lr: 0.0125 | Epoch time: 0.1 |

2024-09-09 04:09:16,827 - INFO -
| Epoch:    850 | Train loss: 4.4608e-01 | Valid loss: 4.3441e-01 | Train acc: 0.8665 ± 0.0000 | Valid acc: 0.9134 ± 0.0000 | Valid Power: 0.0057 | Train Power: 0.0059 | patience:  90 | lr: 0.0125 | Epoch time: 0.1 |

2024-09-09 04:09:18,065 - INFO -
| Epoch:    860 | Train loss: 4.4602e-01 | Valid loss: 4.3433e-01 | Train acc: 0.8665 ± 0.0000 | Valid acc: 0.9134 ± 0.0000 | Valid Power: 0.0057 | Train Power: 0.0058 | patience: 100 | lr: 0.0125 | Epoch time: 0.1 |

2024-09-09 04:09:18,192 - INFO -
load best network to warm start training with lower lr.

2024-09-09 04:09:18,192 - INFO -
lr update to 0.00625.

2024-09-09 04:09:19,308 - INFO -
| Epoch:    870 | Train loss: 4.5060e-01 | Valid loss: 4.2837e-01 | Train acc: 0.8665 ± 0.0000 | Valid acc: 0.9134 ± 0.0000 | Valid Power: 0.0066 | Train Power: 0.0068 | patience:   9 | lr: 0.00625 | Epoch time: 0.1 |

2024-09-09 04:09:20,547 - INFO -
| Epoch:    880 | Train loss: 4.4790e-01 | Valid loss: 4.2855e-01 | Train acc: 0.8665 ± 0.0000 | Valid acc: 0.9134 ± 0.0000 | Valid Power: 0.0064 | Train Power: 0.0066 | patience:  19 | lr: 0.00625 | Epoch time: 0.1 |

2024-09-09 04:09:21,886 - INFO -
| Epoch:    890 | Train loss: 4.4766e-01 | Valid loss: 4.2927e-01 | Train acc: 0.8665 ± 0.0000 | Valid acc: 0.9134 ± 0.0000 | Valid Power: 0.0063 | Train Power: 0.0065 | patience:  29 | lr: 0.00625 | Epoch time: 0.1 |

2024-09-09 04:09:23,131 - INFO -
| Epoch:    900 | Train loss: 4.4723e-01 | Valid loss: 4.3076e-01 | Train acc: 0.8665 ± 0.0000 | Valid acc: 0.9134 ± 0.0000 | Valid Power: 0.0063 | Train Power: 0.0065 | patience:  39 | lr: 0.00625 | Epoch time: 0.1 |

2024-09-09 04:09:24,374 - INFO -
| Epoch:    910 | Train loss: 4.4703e-01 | Valid loss: 4.3187e-01 | Train acc: 0.8665 ± 0.0000 | Valid acc: 0.9134 ± 0.0000 | Valid Power: 0.0063 | Train Power: 0.0065 | patience:  49 | lr: 0.00625 | Epoch time: 0.1 |

2024-09-09 04:09:25,625 - INFO -
| Epoch:    920 | Train loss: 4.4689e-01 | Valid loss: 4.3219e-01 | Train acc: 0.8665 ± 0.0000 | Valid acc: 0.9134 ± 0.0000 | Valid Power: 0.0064 | Train Power: 0.0065 | patience:  59 | lr: 0.00625 | Epoch time: 0.1 |

2024-09-09 04:09:26,881 - INFO -
| Epoch:    930 | Train loss: 4.4677e-01 | Valid loss: 4.3233e-01 | Train acc: 0.8665 ± 0.0000 | Valid acc: 0.9134 ± 0.0000 | Valid Power: 0.0063 | Train Power: 0.0065 | patience:  69 | lr: 0.00625 | Epoch time: 0.1 |

2024-09-09 04:09:28,139 - INFO -
| Epoch:    940 | Train loss: 4.4667e-01 | Valid loss: 4.3266e-01 | Train acc: 0.8665 ± 0.0000 | Valid acc: 0.9134 ± 0.0000 | Valid Power: 0.0062 | Train Power: 0.0064 | patience:  79 | lr: 0.00625 | Epoch time: 0.1 |

2024-09-09 04:09:29,368 - INFO -
| Epoch:    950 | Train loss: 4.4658e-01 | Valid loss: 4.3303e-01 | Train acc: 0.8665 ± 0.0000 | Valid acc: 0.9134 ± 0.0000 | Valid Power: 0.0062 | Train Power: 0.0064 | patience:  89 | lr: 0.00625 | Epoch time: 0.1 |

2024-09-09 04:09:30,598 - INFO -
| Epoch:    960 | Train loss: 4.4651e-01 | Valid loss: 4.3329e-01 | Train acc: 0.8665 ± 0.0000 | Valid acc: 0.9134 ± 0.0000 | Valid Power: 0.0062 | Train Power: 0.0063 | patience:  99 | lr: 0.00625 | Epoch time: 0.1 |

2024-09-09 04:09:30,845 - INFO -
load best network to warm start training with lower lr.

2024-09-09 04:09:30,845 - INFO -
lr update to 0.003125.

2024-09-09 04:09:31,831 - INFO -
| Epoch:    970 | Train loss: 4.5115e-01 | Valid loss: 4.2767e-01 | Train acc: 0.8665 ± 0.0000 | Valid acc: 0.9134 ± 0.0000 | Valid Power: 0.0067 | Train Power: 0.0069 | patience:   8 | lr: 0.003125 | Epoch time: 0.1 |

2024-09-09 04:09:33,056 - INFO -
| Epoch:    980 | Train loss: 4.5050e-01 | Valid loss: 4.2844e-01 | Train acc: 0.8665 ± 0.0000 | Valid acc: 0.9134 ± 0.0000 | Valid Power: 0.0066 | Train Power: 0.0068 | patience:  18 | lr: 0.003125 | Epoch time: 0.1 |

2024-09-09 04:09:34,276 - INFO -
| Epoch:    990 | Train loss: 4.4801e-01 | Valid loss: 4.2845e-01 | Train acc: 0.8665 ± 0.0000 | Valid acc: 0.9134 ± 0.0000 | Valid Power: 0.0065 | Train Power: 0.0067 | patience:  28 | lr: 0.003125 | Epoch time: 0.1 |

2024-09-09 04:09:35,457 - INFO -
| Epoch:   1000 | Train loss: 4.4775e-01 | Valid loss: 4.2888e-01 | Train acc: 0.8665 ± 0.0000 | Valid acc: 0.9134 ± 0.0000 | Valid Power: 0.0064 | Train Power: 0.0066 | patience:  38 | lr: 0.003125 | Epoch time: 0.1 |

2024-09-09 04:09:36,607 - INFO -
| Epoch:   1010 | Train loss: 4.4751e-01 | Valid loss: 4.2947e-01 | Train acc: 0.8665 ± 0.0000 | Valid acc: 0.9134 ± 0.0000 | Valid Power: 0.0064 | Train Power: 0.0065 | patience:  48 | lr: 0.003125 | Epoch time: 0.1 |

2024-09-09 04:09:37,755 - INFO -
| Epoch:   1020 | Train loss: 4.4729e-01 | Valid loss: 4.3006e-01 | Train acc: 0.8665 ± 0.0000 | Valid acc: 0.9134 ± 0.0000 | Valid Power: 0.0063 | Train Power: 0.0065 | patience:  58 | lr: 0.003125 | Epoch time: 0.1 |

2024-09-09 04:09:38,903 - INFO -
| Epoch:   1030 | Train loss: 4.4710e-01 | Valid loss: 4.3059e-01 | Train acc: 0.8665 ± 0.0000 | Valid acc: 0.9134 ± 0.0000 | Valid Power: 0.0063 | Train Power: 0.0065 | patience:  68 | lr: 0.003125 | Epoch time: 0.1 |

2024-09-09 04:09:40,143 - INFO -
| Epoch:   1040 | Train loss: 4.4695e-01 | Valid loss: 4.3105e-01 | Train acc: 0.8665 ± 0.0000 | Valid acc: 0.9134 ± 0.0000 | Valid Power: 0.0063 | Train Power: 0.0064 | patience:  78 | lr: 0.003125 | Epoch time: 0.1 |

2024-09-09 04:09:41,285 - INFO -
| Epoch:   1050 | Train loss: 4.4683e-01 | Valid loss: 4.3145e-01 | Train acc: 0.8665 ± 0.0000 | Valid acc: 0.9134 ± 0.0000 | Valid Power: 0.0062 | Train Power: 0.0064 | patience:  88 | lr: 0.003125 | Epoch time: 0.1 |

2024-09-09 04:09:42,431 - INFO -
| Epoch:   1060 | Train loss: 4.4672e-01 | Valid loss: 4.3178e-01 | Train acc: 0.8665 ± 0.0000 | Valid acc: 0.9134 ± 0.0000 | Valid Power: 0.0062 | Train Power: 0.0064 | patience:  98 | lr: 0.003125 | Epoch time: 0.1 |

2024-09-09 04:09:42,777 - INFO -
load best network to warm start training with lower lr.

2024-09-09 04:09:42,777 - INFO -
lr update to 0.0015625.

2024-09-09 04:09:43,578 - INFO -
| Epoch:   1070 | Train loss: 4.5144e-01 | Valid loss: 4.2727e-01 | Train acc: 0.8665 ± 0.0000 | Valid acc: 0.9134 ± 0.0000 | Valid Power: 0.0068 | Train Power: 0.0069 | patience:   7 | lr: 0.0015625 | Epoch time: 0.1 |

2024-09-09 04:09:44,717 - INFO -
| Epoch:   1080 | Train loss: 4.5106e-01 | Valid loss: 4.2765e-01 | Train acc: 0.8665 ± 0.0000 | Valid acc: 0.9134 ± 0.0000 | Valid Power: 0.0067 | Train Power: 0.0069 | patience:  17 | lr: 0.0015625 | Epoch time: 0.1 |

2024-09-09 04:09:45,847 - INFO -
| Epoch:   1090 | Train loss: 4.5073e-01 | Valid loss: 4.2803e-01 | Train acc: 0.8665 ± 0.0000 | Valid acc: 0.9134 ± 0.0000 | Valid Power: 0.0067 | Train Power: 0.0068 | patience:  27 | lr: 0.0015625 | Epoch time: 0.1 |

2024-09-09 04:09:46,982 - INFO -
| Epoch:   1100 | Train loss: 4.5044e-01 | Valid loss: 4.2843e-01 | Train acc: 0.8665 ± 0.0000 | Valid acc: 0.9134 ± 0.0000 | Valid Power: 0.0066 | Train Power: 0.0068 | patience:  37 | lr: 0.0015625 | Epoch time: 0.1 |

2024-09-09 04:09:48,118 - INFO -
| Epoch:   1110 | Train loss: 4.4815e-01 | Valid loss: 4.2819e-01 | Train acc: 0.8665 ± 0.0000 | Valid acc: 0.9134 ± 0.0000 | Valid Power: 0.0066 | Train Power: 0.0067 | patience:  47 | lr: 0.0015625 | Epoch time: 0.1 |

2024-09-09 04:09:49,264 - INFO -
| Epoch:   1120 | Train loss: 4.4801e-01 | Valid loss: 4.2831e-01 | Train acc: 0.8665 ± 0.0000 | Valid acc: 0.9134 ± 0.0000 | Valid Power: 0.0065 | Train Power: 0.0067 | patience:  57 | lr: 0.0015625 | Epoch time: 0.1 |

2024-09-09 04:09:50,489 - INFO -
| Epoch:   1130 | Train loss: 4.4787e-01 | Valid loss: 4.2861e-01 | Train acc: 0.8665 ± 0.0000 | Valid acc: 0.9134 ± 0.0000 | Valid Power: 0.0065 | Train Power: 0.0066 | patience:  67 | lr: 0.0015625 | Epoch time: 0.1 |

2024-09-09 04:09:51,624 - INFO -
| Epoch:   1140 | Train loss: 4.4772e-01 | Valid loss: 4.2896e-01 | Train acc: 0.8665 ± 0.0000 | Valid acc: 0.9134 ± 0.0000 | Valid Power: 0.0064 | Train Power: 0.0066 | patience:  77 | lr: 0.0015625 | Epoch time: 0.1 |

2024-09-09 04:09:52,762 - INFO -
| Epoch:   1150 | Train loss: 4.4759e-01 | Valid loss: 4.2932e-01 | Train acc: 0.8665 ± 0.0000 | Valid acc: 0.9134 ± 0.0000 | Valid Power: 0.0064 | Train Power: 0.0066 | patience:  87 | lr: 0.0015625 | Epoch time: 0.1 |

2024-09-09 04:09:53,899 - INFO -
| Epoch:   1160 | Train loss: 4.4747e-01 | Valid loss: 4.2965e-01 | Train acc: 0.8665 ± 0.0000 | Valid acc: 0.9134 ± 0.0000 | Valid Power: 0.0064 | Train Power: 0.0066 | patience:  97 | lr: 0.0015625 | Epoch time: 0.1 |

2024-09-09 04:09:54,356 - INFO -
load best network to warm start training with lower lr.

2024-09-09 04:09:54,356 - INFO -
lr update to 0.00078125.

2024-09-09 04:09:55,037 - INFO -
| Epoch:   1170 | Train loss: 4.5158e-01 | Valid loss: 4.2703e-01 | Train acc: 0.8665 ± 0.0000 | Valid acc: 0.9134 ± 0.0000 | Valid Power: 0.0068 | Train Power: 0.0069 | patience:   6 | lr: 0.00078125 | Epoch time: 0.1 |

2024-09-09 04:09:56,172 - INFO -
| Epoch:   1180 | Train loss: 4.5138e-01 | Valid loss: 4.2724e-01 | Train acc: 0.8665 ± 0.0000 | Valid acc: 0.9134 ± 0.0000 | Valid Power: 0.0067 | Train Power: 0.0069 | patience:  16 | lr: 0.00078125 | Epoch time: 0.1 |

2024-09-09 04:09:57,307 - INFO -
| Epoch:   1190 | Train loss: 4.5118e-01 | Valid loss: 4.2743e-01 | Train acc: 0.8665 ± 0.0000 | Valid acc: 0.9134 ± 0.0000 | Valid Power: 0.0067 | Train Power: 0.0069 | patience:  26 | lr: 0.00078125 | Epoch time: 0.1 |

2024-09-09 04:09:58,444 - INFO -
| Epoch:   1200 | Train loss: 4.5101e-01 | Valid loss: 4.2762e-01 | Train acc: 0.8665 ± 0.0000 | Valid acc: 0.9134 ± 0.0000 | Valid Power: 0.0067 | Train Power: 0.0069 | patience:  36 | lr: 0.00078125 | Epoch time: 0.1 |

2024-09-09 04:09:59,525 - INFO -
| Epoch:   1210 | Train loss: 4.5084e-01 | Valid loss: 4.2782e-01 | Train acc: 0.8665 ± 0.0000 | Valid acc: 0.9134 ± 0.0000 | Valid Power: 0.0067 | Train Power: 0.0068 | patience:  46 | lr: 0.00078125 | Epoch time: 0.1 |

2024-09-09 04:10:00,603 - INFO -
| Epoch:   1220 | Train loss: 4.5069e-01 | Valid loss: 4.2802e-01 | Train acc: 0.8665 ± 0.0000 | Valid acc: 0.9134 ± 0.0000 | Valid Power: 0.0067 | Train Power: 0.0068 | patience:  56 | lr: 0.00078125 | Epoch time: 0.1 |

2024-09-09 04:10:01,679 - INFO -
| Epoch:   1230 | Train loss: 4.5054e-01 | Valid loss: 4.2821e-01 | Train acc: 0.8665 ± 0.0000 | Valid acc: 0.9134 ± 0.0000 | Valid Power: 0.0066 | Train Power: 0.0068 | patience:  66 | lr: 0.00078125 | Epoch time: 0.1 |

2024-09-09 04:10:02,760 - INFO -
| Epoch:   1240 | Train loss: 4.5041e-01 | Valid loss: 4.2836e-01 | Train acc: 0.8665 ± 0.0000 | Valid acc: 0.9134 ± 0.0000 | Valid Power: 0.0066 | Train Power: 0.0068 | patience:  76 | lr: 0.00078125 | Epoch time: 0.1 |

2024-09-09 04:10:03,807 - INFO -
| Epoch:   1250 | Train loss: 4.4822e-01 | Valid loss: 4.2807e-01 | Train acc: 0.8665 ± 0.0000 | Valid acc: 0.9134 ± 0.0000 | Valid Power: 0.0066 | Train Power: 0.0068 | patience:  86 | lr: 0.00078125 | Epoch time: 0.1 |

2024-09-09 04:10:04,845 - INFO -
| Epoch:   1260 | Train loss: 4.4815e-01 | Valid loss: 4.2808e-01 | Train acc: 0.8665 ± 0.0000 | Valid acc: 0.9134 ± 0.0000 | Valid Power: 0.0066 | Train Power: 0.0067 | patience:  96 | lr: 0.00078125 | Epoch time: 0.1 |

2024-09-09 04:10:05,372 - INFO -
load best network to warm start training with lower lr.

2024-09-09 04:10:05,372 - INFO -
lr update to 0.000390625.

2024-09-09 04:10:05,901 - INFO -
| Epoch:   1270 | Train loss: 4.5164e-01 | Valid loss: 4.2692e-01 | Train acc: 0.8665 ± 0.0000 | Valid acc: 0.9134 ± 0.0000 | Valid Power: 0.0068 | Train Power: 0.0070 | patience:   5 | lr: 0.000390625 | Epoch time: 0.1 |

2024-09-09 04:10:06,932 - INFO -
| Epoch:   1280 | Train loss: 4.5154e-01 | Valid loss: 4.2704e-01 | Train acc: 0.8665 ± 0.0000 | Valid acc: 0.9134 ± 0.0000 | Valid Power: 0.0068 | Train Power: 0.0069 | patience:  15 | lr: 0.000390625 | Epoch time: 0.1 |

2024-09-09 04:10:07,957 - INFO -
| Epoch:   1290 | Train loss: 4.5144e-01 | Valid loss: 4.2714e-01 | Train acc: 0.8665 ± 0.0000 | Valid acc: 0.9134 ± 0.0000 | Valid Power: 0.0068 | Train Power: 0.0069 | patience:  25 | lr: 0.000390625 | Epoch time: 0.1 |

2024-09-09 04:10:08,992 - INFO -
| Epoch:   1300 | Train loss: 4.5134e-01 | Valid loss: 4.2723e-01 | Train acc: 0.8665 ± 0.0000 | Valid acc: 0.9134 ± 0.0000 | Valid Power: 0.0067 | Train Power: 0.0069 | patience:  35 | lr: 0.000390625 | Epoch time: 0.1 |

2024-09-09 04:10:10,110 - INFO -
| Epoch:   1310 | Train loss: 4.5124e-01 | Valid loss: 4.2733e-01 | Train acc: 0.8665 ± 0.0000 | Valid acc: 0.9134 ± 0.0000 | Valid Power: 0.0067 | Train Power: 0.0069 | patience:  45 | lr: 0.000390625 | Epoch time: 0.1 |

2024-09-09 04:10:11,146 - INFO -
| Epoch:   1320 | Train loss: 4.5115e-01 | Valid loss: 4.2742e-01 | Train acc: 0.8665 ± 0.0000 | Valid acc: 0.9134 ± 0.0000 | Valid Power: 0.0067 | Train Power: 0.0069 | patience:  55 | lr: 0.000390625 | Epoch time: 0.1 |

2024-09-09 04:10:12,179 - INFO -
| Epoch:   1330 | Train loss: 4.5106e-01 | Valid loss: 4.2752e-01 | Train acc: 0.8665 ± 0.0000 | Valid acc: 0.9134 ± 0.0000 | Valid Power: 0.0067 | Train Power: 0.0069 | patience:  65 | lr: 0.000390625 | Epoch time: 0.1 |

2024-09-09 04:10:13,223 - INFO -
| Epoch:   1340 | Train loss: 4.5097e-01 | Valid loss: 4.2762e-01 | Train acc: 0.8665 ± 0.0000 | Valid acc: 0.9134 ± 0.0000 | Valid Power: 0.0067 | Train Power: 0.0069 | patience:  75 | lr: 0.000390625 | Epoch time: 0.1 |

2024-09-09 04:10:14,258 - INFO -
| Epoch:   1350 | Train loss: 4.5089e-01 | Valid loss: 4.2771e-01 | Train acc: 0.8665 ± 0.0000 | Valid acc: 0.9134 ± 0.0000 | Valid Power: 0.0067 | Train Power: 0.0069 | patience:  85 | lr: 0.000390625 | Epoch time: 0.1 |

2024-09-09 04:10:15,301 - INFO -
| Epoch:   1360 | Train loss: 4.5081e-01 | Valid loss: 4.2781e-01 | Train acc: 0.8665 ± 0.0000 | Valid acc: 0.9134 ± 0.0000 | Valid Power: 0.0067 | Train Power: 0.0068 | patience:  95 | lr: 0.000390625 | Epoch time: 0.1 |

2024-09-09 04:10:15,914 - INFO -
load best network to warm start training with lower lr.

2024-09-09 04:10:15,914 - INFO -
lr update to 0.0001953125.

2024-09-09 04:10:16,321 - INFO -
| Epoch:   1370 | Train loss: 4.5167e-01 | Valid loss: 4.2686e-01 | Train acc: 0.8665 ± 0.0000 | Valid acc: 0.9134 ± 0.0000 | Valid Power: 0.0068 | Train Power: 0.0070 | patience:   4 | lr: 0.0001953125 | Epoch time: 0.1 |

2024-09-09 04:10:17,343 - INFO -
| Epoch:   1380 | Train loss: 4.5162e-01 | Valid loss: 4.2694e-01 | Train acc: 0.8665 ± 0.0000 | Valid acc: 0.9134 ± 0.0000 | Valid Power: 0.0068 | Train Power: 0.0070 | patience:  14 | lr: 0.0001953125 | Epoch time: 0.1 |

2024-09-09 04:10:18,364 - INFO -
| Epoch:   1390 | Train loss: 4.5156e-01 | Valid loss: 4.2699e-01 | Train acc: 0.8665 ± 0.0000 | Valid acc: 0.9134 ± 0.0000 | Valid Power: 0.0068 | Train Power: 0.0069 | patience:  24 | lr: 0.0001953125 | Epoch time: 0.1 |

2024-09-09 04:10:19,382 - INFO -
| Epoch:   1400 | Train loss: 4.5151e-01 | Valid loss: 4.2703e-01 | Train acc: 0.8665 ± 0.0000 | Valid acc: 0.9134 ± 0.0000 | Valid Power: 0.0068 | Train Power: 0.0069 | patience:  34 | lr: 0.0001953125 | Epoch time: 0.1 |

2024-09-09 04:10:20,403 - INFO -
| Epoch:   1410 | Train loss: 4.5146e-01 | Valid loss: 4.2708e-01 | Train acc: 0.8665 ± 0.0000 | Valid acc: 0.9134 ± 0.0000 | Valid Power: 0.0068 | Train Power: 0.0069 | patience:  44 | lr: 0.0001953125 | Epoch time: 0.1 |

2024-09-09 04:10:21,425 - INFO -
| Epoch:   1420 | Train loss: 4.5141e-01 | Valid loss: 4.2713e-01 | Train acc: 0.8665 ± 0.0000 | Valid acc: 0.9134 ± 0.0000 | Valid Power: 0.0068 | Train Power: 0.0069 | patience:  54 | lr: 0.0001953125 | Epoch time: 0.1 |

2024-09-09 04:10:22,447 - INFO -
| Epoch:   1430 | Train loss: 4.5136e-01 | Valid loss: 4.2718e-01 | Train acc: 0.8665 ± 0.0000 | Valid acc: 0.9134 ± 0.0000 | Valid Power: 0.0067 | Train Power: 0.0069 | patience:  64 | lr: 0.0001953125 | Epoch time: 0.1 |

2024-09-09 04:10:23,467 - INFO -
| Epoch:   1440 | Train loss: 4.5131e-01 | Valid loss: 4.2722e-01 | Train acc: 0.8665 ± 0.0000 | Valid acc: 0.9134 ± 0.0000 | Valid Power: 0.0067 | Train Power: 0.0069 | patience:  74 | lr: 0.0001953125 | Epoch time: 0.1 |

2024-09-09 04:10:24,487 - INFO -
| Epoch:   1450 | Train loss: 4.5126e-01 | Valid loss: 4.2727e-01 | Train acc: 0.8665 ± 0.0000 | Valid acc: 0.9134 ± 0.0000 | Valid Power: 0.0067 | Train Power: 0.0069 | patience:  84 | lr: 0.0001953125 | Epoch time: 0.1 |

2024-09-09 04:10:25,590 - INFO -
| Epoch:   1460 | Train loss: 4.5122e-01 | Valid loss: 4.2732e-01 | Train acc: 0.8665 ± 0.0000 | Valid acc: 0.9134 ± 0.0000 | Valid Power: 0.0067 | Train Power: 0.0069 | patience:  94 | lr: 0.0001953125 | Epoch time: 0.1 |

2024-09-09 04:10:26,305 - INFO -
load best network to warm start training with lower lr.

2024-09-09 04:10:26,305 - INFO -
lr update to 9.765625e-05.

2024-09-09 04:10:26,305 - INFO -
Early stop.

2024-09-09 04:10:26,311 - INFO -
Training if finished.

2024-09-09 16:19:07,243 - INFO -
Configuration: 
gmin                0.01
gmax                10.0
T                   0.1
m                   0.3
type_nonlinear      normal
act                 tanh
ACT_R1n             12.7865
ACT_R2n             -3.1871
ACT_W1n             -10.4537
ACT_L1n             10.546
ACT_W2n             -5.8496
ACT_L2n             4.2337
S_R1n               -11.7481
S_R2n               -0.3905
S_W1n               -9.169
S_L1n               0.3913
S_W2n               7.2004
S_L2n               15.5558
ReLU_RHn            -1.9557
ReLU_RLn            -20.1581
ReLU_RDn            16.6486
ReLU_RBn            -14.3472
ReLU_Wn             16.655
ReLU_Ln             -21.7591
HS_Rn               -0.3766
HS_Wn               0.5192
HS_Ln               4.6293
NEG_R1n             -7.0846
NEG_R2n             -2.5695
NEG_R3n             16.1542
NEG_W1n             13.8696
NEG_L1n             2.7635
NEG_W2n             1.2674
NEG_L2n             -10.4803
NEG_W3n             -6.4386
NEG_L3n             5.1005
task                normal
DATASET             5
DataPath            ./dataset
InputNoise          0.0
IN_test             0.0
R_train             1
R_test              1
N_time              32
pathnorm            False
hidden              [3]
skipconnection      False
SEED                2
DEVICE              cpu
PATIENCE            500
EPOCH               10000000000
LR                  0.1
PROGRESSIVE         True
LR_PATIENCE         100
LR_DECAY            0.5
LR_MIN              0.0001
metric              acc
SoftEva             True
TIMELIMITATION      71
MODE                nominal
M_train             1
K_train             1
M_test              1
K_test              1
t_test_max          1
integration         MC
N_train             1
e_train             0.0
N_test              100
e_test              0.1
e_fault             2
fault_ratio         0.0
N_fault             50
e_fault_test        0
N_fault_test        50
dropout             0.0
lagrangian_loss     False
rho                 100
powerestimator      none
powerbalance        0.0
estimatorbalance    0.0
pgmin               1e-07
power_ratio         1000
lambda_P            100
areaestimator       none
areabalance         0.0
area_theta          0.15
area_act            30.0
area_neg            22.7
lambda_A            0.001
lnc                 False
projectname         tanh_0_FaultAnalysisNormal
temppath            ./tanh_0_FaultAnalysisNormal/temp/
logfilepath         ./tanh_0_FaultAnalysisNormal/log/
report_freq         10
recording           False
recordpath          ./tanh_0_FaultAnalysisNormal/record/
savepath            ./tanh_0_FaultAnalysisNormal/models/
loglevel            info


2024-09-09 16:19:07,273 - INFO -
Training network on device: cpu.

2024-09-09 16:19:07,273 - INFO -
Training setup: data_05_energyy2_seed_02_epsilon_0.0_dropout_0.0_fault_ratio_0.0.model.

2024-09-09 16:19:07,273 - INFO -
{'dataname': 'energyy2', 'N_feature': 8, 'N_class': 3, 'N_train': 397, 'N_valid': 127, 'N_test': 79}

2024-09-09 16:19:07,274 - INFO -
Training was already finished.

2024-09-11 18:17:01,872 - INFO -
Configuration: 
gmin                0.01
gmax                10.0
T                   0.1
m                   0.3
type_nonlinear      normal
act                 tanh
ACT_R1n             12.7865
ACT_R2n             -3.1871
ACT_W1n             -10.4537
ACT_L1n             10.546
ACT_W2n             -5.8496
ACT_L2n             4.2337
S_R1n               -11.7481
S_R2n               -0.3905
S_W1n               -9.169
S_L1n               0.3913
S_W2n               7.2004
S_L2n               15.5558
ReLU_RHn            -1.9557
ReLU_RLn            -20.1581
ReLU_RDn            16.6486
ReLU_RBn            -14.3472
ReLU_Wn             16.655
ReLU_Ln             -21.7591
HS_Rn               -0.3766
HS_Wn               0.5192
HS_Ln               4.6293
NEG_R1n             -7.0846
NEG_R2n             -2.5695
NEG_R3n             16.1542
NEG_W1n             13.8696
NEG_L1n             2.7635
NEG_W2n             1.2674
NEG_L2n             -10.4803
NEG_W3n             -6.4386
NEG_L3n             5.1005
task                normal
DATASET             5
DataPath            ./dataset
InputNoise          0.0
IN_test             0.0
R_train             1
R_test              1
N_time              32
pathnorm            False
hidden              [3]
skipconnection      False
SEED                2
DEVICE              cpu
PATIENCE            500
EPOCH               10000000000
LR                  0.1
PROGRESSIVE         True
LR_PATIENCE         100
LR_DECAY            0.5
LR_MIN              0.0001
metric              acc
SoftEva             True
TIMELIMITATION      71
MODE                nominal
M_train             1
K_train             1
M_test              1
K_test              1
t_test_max          1
integration         MC
N_train             1
e_train             0.0
N_test              100
e_test              0.1
e_fault             2
fault_ratio         0.0
N_fault             50
e_fault_test        0
N_fault_test        50
dropout             0.0
lagrangian_loss     False
rho                 100
powerestimator      none
powerbalance        0.0
estimatorbalance    0.0
pgmin               1e-07
power_ratio         1000
lambda_P            100
areaestimator       none
areabalance         0.0
area_theta          0.15
area_act            30.0
area_neg            22.7
lambda_A            0.001
lnc                 False
projectname         tanh_0_FaultAnalysisNormal
temppath            ./tanh_0_FaultAnalysisNormal/temp/
logfilepath         ./tanh_0_FaultAnalysisNormal/log/
report_freq         10
recording           False
recordpath          ./tanh_0_FaultAnalysisNormal/record/
savepath            ./tanh_0_FaultAnalysisNormal/models/
loglevel            info


2024-09-11 18:17:01,896 - INFO -
Training network on device: cpu.

2024-09-11 18:17:01,896 - INFO -
Training setup: data_05_energyy2_seed_02_epsilon_0.0_dropout_0.0_fault_ratio_0.0.model.

2024-09-11 18:17:01,896 - INFO -
{'dataname': 'energyy2', 'N_feature': 8, 'N_class': 3, 'N_train': 397, 'N_valid': 127, 'N_test': 79}

2024-09-11 18:17:01,898 - INFO -
Training was already finished.

2024-09-12 04:38:03,857 - INFO -
Configuration: 
gmin                0.01
gmax                10.0
T                   0.1
m                   0.3
type_nonlinear      normal
act                 tanh
ACT_R1n             12.7865
ACT_R2n             -3.1871
ACT_W1n             -10.4537
ACT_L1n             10.546
ACT_W2n             -5.8496
ACT_L2n             4.2337
S_R1n               -11.7481
S_R2n               -0.3905
S_W1n               -9.169
S_L1n               0.3913
S_W2n               7.2004
S_L2n               15.5558
ReLU_RHn            -1.9557
ReLU_RLn            -20.1581
ReLU_RDn            16.6486
ReLU_RBn            -14.3472
ReLU_Wn             16.655
ReLU_Ln             -21.7591
HS_Rn               -0.3766
HS_Wn               0.5192
HS_Ln               4.6293
NEG_R1n             -7.0846
NEG_R2n             -2.5695
NEG_R3n             16.1542
NEG_W1n             13.8696
NEG_L1n             2.7635
NEG_W2n             1.2674
NEG_L2n             -10.4803
NEG_W3n             -6.4386
NEG_L3n             5.1005
task                normal
DATASET             5
DataPath            ./dataset
InputNoise          0.0
IN_test             0.0
R_train             1
R_test              1
N_time              32
pathnorm            False
hidden              [3]
skipconnection      False
SEED                2
DEVICE              cpu
PATIENCE            500
EPOCH               10000000000
LR                  0.1
PROGRESSIVE         True
LR_PATIENCE         100
LR_DECAY            0.5
LR_MIN              0.0001
metric              acc
SoftEva             True
TIMELIMITATION      71
MODE                nominal
M_train             1
K_train             1
M_test              1
K_test              1
t_test_max          1
integration         MC
N_train             1
e_train             0.0
N_test              100
e_test              0.1
e_fault             2
fault_ratio         0.0
N_fault             50
e_fault_test        0
N_fault_test        50
dropout             0.0
lagrangian_loss     False
rho                 100
powerestimator      none
powerbalance        0.0
estimatorbalance    0.0
pgmin               1e-07
power_ratio         1000
lambda_P            100
areaestimator       none
areabalance         0.0
area_theta          0.15
area_act            30.0
area_neg            22.7
lambda_A            0.001
lnc                 False
projectname         tanh_0_FaultAnalysisNormal
temppath            ./tanh_0_FaultAnalysisNormal/temp/
logfilepath         ./tanh_0_FaultAnalysisNormal/log/
report_freq         10
recording           False
recordpath          ./tanh_0_FaultAnalysisNormal/record/
savepath            ./tanh_0_FaultAnalysisNormal/models/
loglevel            info


2024-09-12 04:38:03,858 - INFO -
Training network on device: cpu.

2024-09-12 04:38:03,859 - INFO -
Training setup: data_05_energyy2_seed_02_epsilon_0.0_dropout_0.0_fault_ratio_0.0.model.

2024-09-12 04:38:03,859 - INFO -
{'dataname': 'energyy2', 'N_feature': 8, 'N_class': 3, 'N_train': 397, 'N_valid': 127, 'N_test': 79}

2024-09-12 04:38:03,859 - INFO -
Training was already finished.

