2024-09-09 10:24:12,378 - INFO -
Configuration: 
gmin                0.01
gmax                10.0
T                   0.1
m                   0.3
type_nonlinear      normal
act                 tanh
ACT_R1n             12.7865
ACT_R2n             -3.1871
ACT_W1n             -10.4537
ACT_L1n             10.546
ACT_W2n             -5.8496
ACT_L2n             4.2337
S_R1n               -11.7481
S_R2n               -0.3905
S_W1n               -9.169
S_L1n               0.3913
S_W2n               7.2004
S_L2n               15.5558
ReLU_RHn            -1.9557
ReLU_RLn            -20.1581
ReLU_RDn            16.6486
ReLU_RBn            -14.3472
ReLU_Wn             16.655
ReLU_Ln             -21.7591
HS_Rn               -0.3766
HS_Wn               0.5192
HS_Ln               4.6293
NEG_R1n             -7.0846
NEG_R2n             -2.5695
NEG_R3n             16.1542
NEG_W1n             13.8696
NEG_L1n             2.7635
NEG_W2n             1.2674
NEG_L2n             -10.4803
NEG_W3n             -6.4386
NEG_L3n             5.1005
task                normal
DATASET             1
DataPath            ./dataset
InputNoise          0.0
IN_test             0.0
R_train             1
R_test              1
N_time              32
pathnorm            False
hidden              [3]
skipconnection      False
SEED                0
DEVICE              cpu
PATIENCE            500
EPOCH               10000000000
LR                  0.1
PROGRESSIVE         True
LR_PATIENCE         100
LR_DECAY            0.5
LR_MIN              0.0001
metric              acc
SoftEva             True
TIMELIMITATION      71
MODE                nominal
M_train             1
K_train             1
M_test              1
K_test              1
t_test_max          1
integration         MC
N_train             1
e_train             0.0
N_test              100
e_test              0.1
e_fault             2
fault_ratio         0.0
N_fault             50
e_fault_test        0
N_fault_test        50
dropout             0.0
lagrangian_loss     False
rho                 100
powerestimator      none
powerbalance        0.0
estimatorbalance    0.0
pgmin               1e-07
power_ratio         1000
lambda_P            100
areaestimator       none
areabalance         0.0
area_theta          0.15
area_act            30.0
area_neg            22.7
lambda_A            0.001
lnc                 False
projectname         tanh_0_FaultAnalysisNormal
temppath            ./tanh_0_FaultAnalysisNormal/temp/
logfilepath         ./tanh_0_FaultAnalysisNormal/log/
report_freq         10
recording           False
recordpath          ./tanh_0_FaultAnalysisNormal/record/
savepath            ./tanh_0_FaultAnalysisNormal/models/
loglevel            info


2024-09-09 10:24:12,378 - INFO -
Training network on device: cpu.

2024-09-09 10:24:12,379 - INFO -
Training setup: data_01_balancescale_seed_00_epsilon_0.0_dropout_0.0_fault_ratio_0.0.model.

2024-09-09 10:24:12,379 - INFO -
{'dataname': 'balancescale', 'N_feature': 4, 'N_class': 3, 'N_train': 373, 'N_valid': 124, 'N_test': 79}

2024-09-09 10:24:12,379 - INFO -
Topology of the network: [4, 3, 3].

2024-09-09 10:24:32,118 - INFO -
| Epoch:      0 | Train loss: 1.0985e+00 | Valid loss: 1.0745e+00 | Train acc: 0.4799 ± 0.0000 | Valid acc: 0.4677 ± 0.0000 | Valid Power: 0.0006 | Train Power: 0.0005 | patience:   0 | lr: 0.1 | Epoch time: 1.0 |

2024-09-09 10:24:33,228 - INFO -
| Epoch:     10 | Train loss: 9.1025e-01 | Valid loss: 8.5859e-01 | Train acc: 0.4799 ± 0.0000 | Valid acc: 0.4516 ± 0.0000 | Valid Power: 0.0007 | Train Power: 0.0007 | patience:   0 | lr: 0.1 | Epoch time: 0.1 |

2024-09-09 10:24:34,411 - INFO -
| Epoch:     20 | Train loss: 9.0808e-01 | Valid loss: 8.4816e-01 | Train acc: 0.4450 ± 0.0000 | Valid acc: 0.5081 ± 0.0000 | Valid Power: 0.0007 | Train Power: 0.0007 | patience:   0 | lr: 0.1 | Epoch time: 0.1 |

2024-09-09 10:24:35,499 - INFO -
| Epoch:     30 | Train loss: 9.0740e-01 | Valid loss: 8.4804e-01 | Train acc: 0.4799 ± 0.0000 | Valid acc: 0.4516 ± 0.0000 | Valid Power: 0.0007 | Train Power: 0.0007 | patience:   5 | lr: 0.1 | Epoch time: 0.1 |

2024-09-09 10:24:36,567 - INFO -
| Epoch:     40 | Train loss: 9.0702e-01 | Valid loss: 8.4941e-01 | Train acc: 0.4799 ± 0.0000 | Valid acc: 0.4516 ± 0.0000 | Valid Power: 0.0007 | Train Power: 0.0007 | patience:  15 | lr: 0.1 | Epoch time: 0.1 |

2024-09-09 10:24:37,728 - INFO -
| Epoch:     50 | Train loss: 9.0683e-01 | Valid loss: 8.5048e-01 | Train acc: 0.4799 ± 0.0000 | Valid acc: 0.4516 ± 0.0000 | Valid Power: 0.0007 | Train Power: 0.0007 | patience:  25 | lr: 0.1 | Epoch time: 0.1 |

2024-09-09 10:24:38,793 - INFO -
| Epoch:     60 | Train loss: 9.0617e-01 | Valid loss: 8.5013e-01 | Train acc: 0.4799 ± 0.0000 | Valid acc: 0.4516 ± 0.0000 | Valid Power: 0.0007 | Train Power: 0.0007 | patience:  35 | lr: 0.1 | Epoch time: 0.1 |

2024-09-09 10:24:39,872 - INFO -
| Epoch:     70 | Train loss: 8.9896e-01 | Valid loss: 8.4036e-01 | Train acc: 0.5201 ± 0.0000 | Valid acc: 0.5645 ± 0.0000 | Valid Power: 0.0007 | Train Power: 0.0007 | patience:   0 | lr: 0.1 | Epoch time: 0.1 |

2024-09-09 10:24:40,979 - INFO -
| Epoch:     80 | Train loss: 8.2196e-01 | Valid loss: 7.3334e-01 | Train acc: 0.6461 ± 0.0000 | Valid acc: 0.7339 ± 0.0000 | Valid Power: 0.0007 | Train Power: 0.0007 | patience:   0 | lr: 0.1 | Epoch time: 0.1 |

2024-09-09 10:24:42,074 - INFO -
| Epoch:     90 | Train loss: 7.9799e-01 | Valid loss: 7.7357e-01 | Train acc: 0.6649 ± 0.0000 | Valid acc: 0.6532 ± 0.0000 | Valid Power: 0.0007 | Train Power: 0.0007 | patience:   4 | lr: 0.1 | Epoch time: 0.1 |

2024-09-09 10:24:43,158 - INFO -
| Epoch:    100 | Train loss: 8.0668e-01 | Valid loss: 6.8199e-01 | Train acc: 0.6676 ± 0.0000 | Valid acc: 0.7258 ± 0.0000 | Valid Power: 0.0007 | Train Power: 0.0007 | patience:   3 | lr: 0.1 | Epoch time: 0.1 |

2024-09-09 10:24:44,233 - INFO -
| Epoch:    110 | Train loss: 7.7935e-01 | Valid loss: 7.3347e-01 | Train acc: 0.6810 ± 0.0000 | Valid acc: 0.7258 ± 0.0000 | Valid Power: 0.0007 | Train Power: 0.0007 | patience:  13 | lr: 0.1 | Epoch time: 0.1 |

2024-09-09 10:24:45,309 - INFO -
| Epoch:    120 | Train loss: 7.6259e-01 | Valid loss: 7.0559e-01 | Train acc: 0.7024 ± 0.0000 | Valid acc: 0.7097 ± 0.0000 | Valid Power: 0.0007 | Train Power: 0.0007 | patience:  23 | lr: 0.1 | Epoch time: 0.1 |

2024-09-09 10:24:46,379 - INFO -
| Epoch:    130 | Train loss: 7.7647e-01 | Valid loss: 7.6180e-01 | Train acc: 0.6729 ± 0.0000 | Valid acc: 0.6452 ± 0.0000 | Valid Power: 0.0007 | Train Power: 0.0007 | patience:  33 | lr: 0.1 | Epoch time: 0.1 |

2024-09-09 10:24:47,452 - INFO -
| Epoch:    140 | Train loss: 7.7286e-01 | Valid loss: 7.2965e-01 | Train acc: 0.6810 ± 0.0000 | Valid acc: 0.6694 ± 0.0000 | Valid Power: 0.0007 | Train Power: 0.0007 | patience:  43 | lr: 0.1 | Epoch time: 0.1 |

2024-09-09 10:24:48,527 - INFO -
| Epoch:    150 | Train loss: 7.7222e-01 | Valid loss: 7.0608e-01 | Train acc: 0.6702 ± 0.0000 | Valid acc: 0.7097 ± 0.0000 | Valid Power: 0.0007 | Train Power: 0.0007 | patience:  53 | lr: 0.1 | Epoch time: 0.1 |

2024-09-09 10:24:49,600 - INFO -
| Epoch:    160 | Train loss: 7.6701e-01 | Valid loss: 7.2538e-01 | Train acc: 0.6595 ± 0.0000 | Valid acc: 0.7097 ± 0.0000 | Valid Power: 0.0007 | Train Power: 0.0007 | patience:  63 | lr: 0.1 | Epoch time: 0.1 |

2024-09-09 10:24:50,680 - INFO -
| Epoch:    170 | Train loss: 7.7399e-01 | Valid loss: 7.4597e-01 | Train acc: 0.6756 ± 0.0000 | Valid acc: 0.6532 ± 0.0000 | Valid Power: 0.0007 | Train Power: 0.0007 | patience:  73 | lr: 0.1 | Epoch time: 0.1 |

2024-09-09 10:24:51,753 - INFO -
| Epoch:    180 | Train loss: 7.7153e-01 | Valid loss: 7.1714e-01 | Train acc: 0.6595 ± 0.0000 | Valid acc: 0.7016 ± 0.0000 | Valid Power: 0.0007 | Train Power: 0.0007 | patience:  83 | lr: 0.1 | Epoch time: 0.1 |

2024-09-09 10:24:52,824 - INFO -
| Epoch:    190 | Train loss: 7.6885e-01 | Valid loss: 7.1118e-01 | Train acc: 0.6729 ± 0.0000 | Valid acc: 0.7016 ± 0.0000 | Valid Power: 0.0007 | Train Power: 0.0007 | patience:  93 | lr: 0.1 | Epoch time: 0.1 |

2024-09-09 10:24:53,689 - INFO -
load best network to warm start training with lower lr.

2024-09-09 10:24:53,689 - INFO -
lr update to 0.05.

2024-09-09 10:24:53,904 - INFO -
| Epoch:    200 | Train loss: 7.9032e-01 | Valid loss: 6.8500e-01 | Train acc: 0.6434 ± 0.0000 | Valid acc: 0.7097 ± 0.0000 | Valid Power: 0.0007 | Train Power: 0.0007 | patience:   2 | lr: 0.05 | Epoch time: 0.1 |

2024-09-09 10:24:54,982 - INFO -
| Epoch:    210 | Train loss: 7.7403e-01 | Valid loss: 6.8989e-01 | Train acc: 0.6649 ± 0.0000 | Valid acc: 0.7097 ± 0.0000 | Valid Power: 0.0007 | Train Power: 0.0007 | patience:  12 | lr: 0.05 | Epoch time: 0.1 |

2024-09-09 10:24:56,054 - INFO -
| Epoch:    220 | Train loss: 7.6488e-01 | Valid loss: 7.1460e-01 | Train acc: 0.7024 ± 0.0000 | Valid acc: 0.7016 ± 0.0000 | Valid Power: 0.0007 | Train Power: 0.0007 | patience:  22 | lr: 0.05 | Epoch time: 0.1 |

2024-09-09 10:24:57,130 - INFO -
| Epoch:    230 | Train loss: 7.5721e-01 | Valid loss: 7.2413e-01 | Train acc: 0.7131 ± 0.0000 | Valid acc: 0.7177 ± 0.0000 | Valid Power: 0.0007 | Train Power: 0.0007 | patience:  32 | lr: 0.05 | Epoch time: 0.1 |

2024-09-09 10:24:58,206 - INFO -
| Epoch:    240 | Train loss: 7.5804e-01 | Valid loss: 7.1281e-01 | Train acc: 0.6890 ± 0.0000 | Valid acc: 0.6935 ± 0.0000 | Valid Power: 0.0007 | Train Power: 0.0008 | patience:  42 | lr: 0.05 | Epoch time: 0.1 |

2024-09-09 10:24:59,282 - INFO -
| Epoch:    250 | Train loss: 7.5053e-01 | Valid loss: 7.0004e-01 | Train acc: 0.6836 ± 0.0000 | Valid acc: 0.6774 ± 0.0000 | Valid Power: 0.0007 | Train Power: 0.0007 | patience:  52 | lr: 0.05 | Epoch time: 0.1 |

2024-09-09 10:25:00,356 - INFO -
| Epoch:    260 | Train loss: 7.5233e-01 | Valid loss: 7.0192e-01 | Train acc: 0.6810 ± 0.0000 | Valid acc: 0.6774 ± 0.0000 | Valid Power: 0.0007 | Train Power: 0.0007 | patience:  62 | lr: 0.05 | Epoch time: 0.1 |

2024-09-09 10:25:01,430 - INFO -
| Epoch:    270 | Train loss: 7.5065e-01 | Valid loss: 6.9733e-01 | Train acc: 0.6944 ± 0.0000 | Valid acc: 0.6774 ± 0.0000 | Valid Power: 0.0007 | Train Power: 0.0007 | patience:  72 | lr: 0.05 | Epoch time: 0.1 |

2024-09-09 10:25:02,505 - INFO -
| Epoch:    280 | Train loss: 7.4815e-01 | Valid loss: 6.9795e-01 | Train acc: 0.6836 ± 0.0000 | Valid acc: 0.6774 ± 0.0000 | Valid Power: 0.0007 | Train Power: 0.0007 | patience:  82 | lr: 0.05 | Epoch time: 0.1 |

2024-09-09 10:25:03,673 - INFO -
| Epoch:    290 | Train loss: 7.4680e-01 | Valid loss: 6.9527e-01 | Train acc: 0.6836 ± 0.0000 | Valid acc: 0.7097 ± 0.0000 | Valid Power: 0.0007 | Train Power: 0.0007 | patience:  92 | lr: 0.05 | Epoch time: 0.1 |

2024-09-09 10:25:04,641 - INFO -
load best network to warm start training with lower lr.

2024-09-09 10:25:04,641 - INFO -
lr update to 0.025.

2024-09-09 10:25:04,749 - INFO -
| Epoch:    300 | Train loss: 7.8829e-01 | Valid loss: 6.7823e-01 | Train acc: 0.6649 ± 0.0000 | Valid acc: 0.7097 ± 0.0000 | Valid Power: 0.0007 | Train Power: 0.0007 | patience:   1 | lr: 0.025 | Epoch time: 0.1 |

2024-09-09 10:25:05,821 - INFO -
| Epoch:    310 | Train loss: 7.6830e-01 | Valid loss: 7.0274e-01 | Train acc: 0.6649 ± 0.0000 | Valid acc: 0.6613 ± 0.0000 | Valid Power: 0.0007 | Train Power: 0.0007 | patience:  11 | lr: 0.025 | Epoch time: 0.1 |

2024-09-09 10:25:06,893 - INFO -
| Epoch:    320 | Train loss: 7.5776e-01 | Valid loss: 6.8213e-01 | Train acc: 0.6863 ± 0.0000 | Valid acc: 0.6855 ± 0.0000 | Valid Power: 0.0007 | Train Power: 0.0007 | patience:  21 | lr: 0.025 | Epoch time: 0.1 |

2024-09-09 10:25:07,968 - INFO -
| Epoch:    330 | Train loss: 7.5662e-01 | Valid loss: 6.8749e-01 | Train acc: 0.6863 ± 0.0000 | Valid acc: 0.6855 ± 0.0000 | Valid Power: 0.0007 | Train Power: 0.0007 | patience:   6 | lr: 0.025 | Epoch time: 0.1 |

2024-09-09 10:25:09,036 - INFO -
| Epoch:    340 | Train loss: 7.5459e-01 | Valid loss: 6.8154e-01 | Train acc: 0.6944 ± 0.0000 | Valid acc: 0.7016 ± 0.0000 | Valid Power: 0.0007 | Train Power: 0.0007 | patience:  16 | lr: 0.025 | Epoch time: 0.1 |

2024-09-09 10:25:10,105 - INFO -
| Epoch:    350 | Train loss: 7.5606e-01 | Valid loss: 6.8613e-01 | Train acc: 0.6944 ± 0.0000 | Valid acc: 0.7016 ± 0.0000 | Valid Power: 0.0007 | Train Power: 0.0007 | patience:  26 | lr: 0.025 | Epoch time: 0.1 |

2024-09-09 10:25:11,172 - INFO -
| Epoch:    360 | Train loss: 7.5608e-01 | Valid loss: 6.9620e-01 | Train acc: 0.6944 ± 0.0000 | Valid acc: 0.7016 ± 0.0000 | Valid Power: 0.0007 | Train Power: 0.0007 | patience:  36 | lr: 0.025 | Epoch time: 0.1 |

2024-09-09 10:25:12,240 - INFO -
| Epoch:    370 | Train loss: 7.5540e-01 | Valid loss: 6.8514e-01 | Train acc: 0.6944 ± 0.0000 | Valid acc: 0.7016 ± 0.0000 | Valid Power: 0.0007 | Train Power: 0.0007 | patience:  46 | lr: 0.025 | Epoch time: 0.1 |

2024-09-09 10:25:13,309 - INFO -
| Epoch:    380 | Train loss: 7.5504e-01 | Valid loss: 6.8950e-01 | Train acc: 0.6944 ± 0.0000 | Valid acc: 0.7016 ± 0.0000 | Valid Power: 0.0007 | Train Power: 0.0007 | patience:  56 | lr: 0.025 | Epoch time: 0.1 |

2024-09-09 10:25:14,377 - INFO -
| Epoch:    390 | Train loss: 7.5477e-01 | Valid loss: 6.8699e-01 | Train acc: 0.6944 ± 0.0000 | Valid acc: 0.7016 ± 0.0000 | Valid Power: 0.0007 | Train Power: 0.0007 | patience:  66 | lr: 0.025 | Epoch time: 0.1 |

2024-09-09 10:25:15,444 - INFO -
| Epoch:    400 | Train loss: 7.5460e-01 | Valid loss: 6.8820e-01 | Train acc: 0.6944 ± 0.0000 | Valid acc: 0.7016 ± 0.0000 | Valid Power: 0.0007 | Train Power: 0.0007 | patience:  76 | lr: 0.025 | Epoch time: 0.1 |

2024-09-09 10:25:16,512 - INFO -
| Epoch:    410 | Train loss: 7.5448e-01 | Valid loss: 6.8656e-01 | Train acc: 0.6944 ± 0.0000 | Valid acc: 0.7016 ± 0.0000 | Valid Power: 0.0011 | Train Power: 0.0009 | patience:  86 | lr: 0.025 | Epoch time: 0.1 |

2024-09-09 10:25:17,581 - INFO -
| Epoch:    420 | Train loss: 7.5438e-01 | Valid loss: 6.8705e-01 | Train acc: 0.6944 ± 0.0000 | Valid acc: 0.7016 ± 0.0000 | Valid Power: 0.0007 | Train Power: 0.0007 | patience:  96 | lr: 0.025 | Epoch time: 0.1 |

2024-09-09 10:25:18,119 - INFO -
load best network to warm start training with lower lr.

2024-09-09 10:25:18,119 - INFO -
lr update to 0.0125.

2024-09-09 10:25:18,727 - INFO -
| Epoch:    430 | Train loss: 7.5658e-01 | Valid loss: 6.8239e-01 | Train acc: 0.6863 ± 0.0000 | Valid acc: 0.6855 ± 0.0000 | Valid Power: 0.0007 | Train Power: 0.0007 | patience:   5 | lr: 0.0125 | Epoch time: 0.1 |

2024-09-09 10:25:19,800 - INFO -
| Epoch:    440 | Train loss: 7.5472e-01 | Valid loss: 6.8435e-01 | Train acc: 0.6863 ± 0.0000 | Valid acc: 0.6855 ± 0.0000 | Valid Power: 0.0007 | Train Power: 0.0007 | patience:  15 | lr: 0.0125 | Epoch time: 0.1 |

2024-09-09 10:25:20,871 - INFO -
| Epoch:    450 | Train loss: 7.5491e-01 | Valid loss: 6.9001e-01 | Train acc: 0.6863 ± 0.0000 | Valid acc: 0.6855 ± 0.0000 | Valid Power: 0.0007 | Train Power: 0.0007 | patience:  25 | lr: 0.0125 | Epoch time: 0.1 |

2024-09-09 10:25:21,939 - INFO -
| Epoch:    460 | Train loss: 7.5408e-01 | Valid loss: 6.8302e-01 | Train acc: 0.6863 ± 0.0000 | Valid acc: 0.6855 ± 0.0000 | Valid Power: 0.0007 | Train Power: 0.0007 | patience:  35 | lr: 0.0125 | Epoch time: 0.1 |

2024-09-09 10:25:23,017 - INFO -
| Epoch:    470 | Train loss: 7.5318e-01 | Valid loss: 6.8391e-01 | Train acc: 0.6863 ± 0.0000 | Valid acc: 0.6855 ± 0.0000 | Valid Power: 0.0007 | Train Power: 0.0007 | patience:  45 | lr: 0.0125 | Epoch time: 0.1 |

2024-09-09 10:25:24,089 - INFO -
| Epoch:    480 | Train loss: 7.5294e-01 | Valid loss: 6.8470e-01 | Train acc: 0.6863 ± 0.0000 | Valid acc: 0.6855 ± 0.0000 | Valid Power: 0.0007 | Train Power: 0.0007 | patience:  55 | lr: 0.0125 | Epoch time: 0.1 |

2024-09-09 10:25:25,161 - INFO -
| Epoch:    490 | Train loss: 7.5276e-01 | Valid loss: 6.8536e-01 | Train acc: 0.6863 ± 0.0000 | Valid acc: 0.6855 ± 0.0000 | Valid Power: 0.0007 | Train Power: 0.0007 | patience:  65 | lr: 0.0125 | Epoch time: 0.1 |

2024-09-09 10:25:26,231 - INFO -
| Epoch:    500 | Train loss: 7.5256e-01 | Valid loss: 6.8507e-01 | Train acc: 0.6863 ± 0.0000 | Valid acc: 0.6855 ± 0.0000 | Valid Power: 0.0007 | Train Power: 0.0007 | patience:  75 | lr: 0.0125 | Epoch time: 0.1 |

2024-09-09 10:25:27,299 - INFO -
| Epoch:    510 | Train loss: 7.5240e-01 | Valid loss: 6.8498e-01 | Train acc: 0.6863 ± 0.0000 | Valid acc: 0.6855 ± 0.0000 | Valid Power: 0.0007 | Train Power: 0.0007 | patience:  85 | lr: 0.0125 | Epoch time: 0.1 |

2024-09-09 10:25:28,367 - INFO -
| Epoch:    520 | Train loss: 7.5227e-01 | Valid loss: 6.8427e-01 | Train acc: 0.6863 ± 0.0000 | Valid acc: 0.6855 ± 0.0000 | Valid Power: 0.0007 | Train Power: 0.0007 | patience:  95 | lr: 0.0125 | Epoch time: 0.1 |

2024-09-09 10:25:29,012 - INFO -
load best network to warm start training with lower lr.

2024-09-09 10:25:29,012 - INFO -
lr update to 0.00625.

2024-09-09 10:25:29,439 - INFO -
| Epoch:    530 | Train loss: 7.5683e-01 | Valid loss: 6.8305e-01 | Train acc: 0.6863 ± 0.0000 | Valid acc: 0.6855 ± 0.0000 | Valid Power: 0.0007 | Train Power: 0.0007 | patience:   4 | lr: 0.00625 | Epoch time: 0.1 |

2024-09-09 10:25:30,508 - INFO -
| Epoch:    540 | Train loss: 7.5632e-01 | Valid loss: 6.8377e-01 | Train acc: 0.6863 ± 0.0000 | Valid acc: 0.6855 ± 0.0000 | Valid Power: 0.0007 | Train Power: 0.0007 | patience:  14 | lr: 0.00625 | Epoch time: 0.1 |

2024-09-09 10:25:31,578 - INFO -
| Epoch:    550 | Train loss: 7.5590e-01 | Valid loss: 6.8316e-01 | Train acc: 0.6863 ± 0.0000 | Valid acc: 0.6855 ± 0.0000 | Valid Power: 0.0007 | Train Power: 0.0007 | patience:  24 | lr: 0.00625 | Epoch time: 0.1 |

2024-09-09 10:25:32,647 - INFO -
| Epoch:    560 | Train loss: 7.5553e-01 | Valid loss: 6.8353e-01 | Train acc: 0.6863 ± 0.0000 | Valid acc: 0.6855 ± 0.0000 | Valid Power: 0.0007 | Train Power: 0.0007 | patience:  34 | lr: 0.00625 | Epoch time: 0.1 |

2024-09-09 10:25:33,716 - INFO -
| Epoch:    570 | Train loss: 7.5516e-01 | Valid loss: 6.8210e-01 | Train acc: 0.6863 ± 0.0000 | Valid acc: 0.6855 ± 0.0000 | Valid Power: 0.0007 | Train Power: 0.0007 | patience:  44 | lr: 0.00625 | Epoch time: 0.1 |

2024-09-09 10:25:34,785 - INFO -
| Epoch:    580 | Train loss: 7.5491e-01 | Valid loss: 6.8254e-01 | Train acc: 0.6863 ± 0.0000 | Valid acc: 0.6855 ± 0.0000 | Valid Power: 0.0007 | Train Power: 0.0007 | patience:  54 | lr: 0.00625 | Epoch time: 0.1 |

2024-09-09 10:25:35,854 - INFO -
| Epoch:    590 | Train loss: 7.5470e-01 | Valid loss: 6.8264e-01 | Train acc: 0.6863 ± 0.0000 | Valid acc: 0.6855 ± 0.0000 | Valid Power: 0.0007 | Train Power: 0.0007 | patience:  64 | lr: 0.00625 | Epoch time: 0.1 |

2024-09-09 10:25:36,923 - INFO -
| Epoch:    600 | Train loss: 7.5421e-01 | Valid loss: 6.8112e-01 | Train acc: 0.6971 ± 0.0000 | Valid acc: 0.7016 ± 0.0000 | Valid Power: 0.0007 | Train Power: 0.0007 | patience:  74 | lr: 0.00625 | Epoch time: 0.1 |

2024-09-09 10:25:37,992 - INFO -
| Epoch:    610 | Train loss: 7.5078e-01 | Valid loss: 6.8078e-01 | Train acc: 0.6944 ± 0.0000 | Valid acc: 0.7016 ± 0.0000 | Valid Power: 0.0007 | Train Power: 0.0007 | patience:  84 | lr: 0.00625 | Epoch time: 0.1 |

2024-09-09 10:25:39,062 - INFO -
| Epoch:    620 | Train loss: 7.5095e-01 | Valid loss: 6.7919e-01 | Train acc: 0.6944 ± 0.0000 | Valid acc: 0.7016 ± 0.0000 | Valid Power: 0.0007 | Train Power: 0.0007 | patience:  94 | lr: 0.00625 | Epoch time: 0.1 |

2024-09-09 10:25:39,814 - INFO -
load best network to warm start training with lower lr.

2024-09-09 10:25:39,814 - INFO -
lr update to 0.003125.

2024-09-09 10:25:40,135 - INFO -
| Epoch:    630 | Train loss: 7.5668e-01 | Valid loss: 6.8264e-01 | Train acc: 0.6863 ± 0.0000 | Valid acc: 0.6855 ± 0.0000 | Valid Power: 0.0007 | Train Power: 0.0007 | patience:   3 | lr: 0.003125 | Epoch time: 0.1 |

2024-09-09 10:25:41,204 - INFO -
| Epoch:    640 | Train loss: 7.5629e-01 | Valid loss: 6.7994e-01 | Train acc: 0.6890 ± 0.0000 | Valid acc: 0.6855 ± 0.0000 | Valid Power: 0.0007 | Train Power: 0.0007 | patience:  13 | lr: 0.003125 | Epoch time: 0.1 |

2024-09-09 10:25:42,280 - INFO -
| Epoch:    650 | Train loss: 7.5531e-01 | Valid loss: 6.7853e-01 | Train acc: 0.6890 ± 0.0000 | Valid acc: 0.7258 ± 0.0000 | Valid Power: 0.0007 | Train Power: 0.0007 | patience:   7 | lr: 0.003125 | Epoch time: 0.1 |

2024-09-09 10:25:43,360 - INFO -
| Epoch:    660 | Train loss: 7.5190e-01 | Valid loss: 6.7123e-01 | Train acc: 0.6997 ± 0.0000 | Valid acc: 0.7258 ± 0.0000 | Valid Power: 0.0007 | Train Power: 0.0007 | patience:   1 | lr: 0.003125 | Epoch time: 0.1 |

2024-09-09 10:25:44,526 - INFO -
| Epoch:    670 | Train loss: 7.5204e-01 | Valid loss: 6.7733e-01 | Train acc: 0.6944 ± 0.0000 | Valid acc: 0.7016 ± 0.0000 | Valid Power: 0.0007 | Train Power: 0.0007 | patience:  11 | lr: 0.003125 | Epoch time: 0.1 |

2024-09-09 10:25:45,600 - INFO -
| Epoch:    680 | Train loss: 7.5097e-01 | Valid loss: 6.7225e-01 | Train acc: 0.6997 ± 0.0000 | Valid acc: 0.7258 ± 0.0000 | Valid Power: 0.0007 | Train Power: 0.0007 | patience:   2 | lr: 0.003125 | Epoch time: 0.1 |

2024-09-09 10:25:46,671 - INFO -
| Epoch:    690 | Train loss: 7.5065e-01 | Valid loss: 6.7350e-01 | Train acc: 0.6997 ± 0.0000 | Valid acc: 0.7258 ± 0.0000 | Valid Power: 0.0007 | Train Power: 0.0007 | patience:  12 | lr: 0.003125 | Epoch time: 0.1 |

2024-09-09 10:25:47,740 - INFO -
| Epoch:    700 | Train loss: 7.5030e-01 | Valid loss: 6.7133e-01 | Train acc: 0.6997 ± 0.0000 | Valid acc: 0.7258 ± 0.0000 | Valid Power: 0.0007 | Train Power: 0.0007 | patience:  22 | lr: 0.003125 | Epoch time: 0.1 |

2024-09-09 10:25:48,810 - INFO -
| Epoch:    710 | Train loss: 7.5003e-01 | Valid loss: 6.7104e-01 | Train acc: 0.6997 ± 0.0000 | Valid acc: 0.7258 ± 0.0000 | Valid Power: 0.0007 | Train Power: 0.0007 | patience:  32 | lr: 0.003125 | Epoch time: 0.1 |

2024-09-09 10:25:49,880 - INFO -
| Epoch:    720 | Train loss: 7.4983e-01 | Valid loss: 6.7119e-01 | Train acc: 0.6997 ± 0.0000 | Valid acc: 0.7258 ± 0.0000 | Valid Power: 0.0007 | Train Power: 0.0007 | patience:  42 | lr: 0.003125 | Epoch time: 0.1 |

2024-09-09 10:25:50,952 - INFO -
| Epoch:    730 | Train loss: 7.4963e-01 | Valid loss: 6.7083e-01 | Train acc: 0.6997 ± 0.0000 | Valid acc: 0.7258 ± 0.0000 | Valid Power: 0.0007 | Train Power: 0.0007 | patience:  52 | lr: 0.003125 | Epoch time: 0.1 |

2024-09-09 10:25:52,024 - INFO -
| Epoch:    740 | Train loss: 7.4944e-01 | Valid loss: 6.7057e-01 | Train acc: 0.6997 ± 0.0000 | Valid acc: 0.7258 ± 0.0000 | Valid Power: 0.0007 | Train Power: 0.0007 | patience:   1 | lr: 0.003125 | Epoch time: 0.1 |

2024-09-09 10:25:53,125 - INFO -
| Epoch:    750 | Train loss: 7.4926e-01 | Valid loss: 6.7046e-01 | Train acc: 0.6997 ± 0.0000 | Valid acc: 0.7258 ± 0.0000 | Valid Power: 0.0007 | Train Power: 0.0007 | patience:   0 | lr: 0.003125 | Epoch time: 0.1 |

2024-09-09 10:25:54,219 - INFO -
| Epoch:    760 | Train loss: 7.4909e-01 | Valid loss: 6.7036e-01 | Train acc: 0.6997 ± 0.0000 | Valid acc: 0.7258 ± 0.0000 | Valid Power: 0.0007 | Train Power: 0.0007 | patience:   0 | lr: 0.003125 | Epoch time: 0.1 |

2024-09-09 10:25:55,325 - INFO -
| Epoch:    770 | Train loss: 7.4893e-01 | Valid loss: 6.7025e-01 | Train acc: 0.6997 ± 0.0000 | Valid acc: 0.7258 ± 0.0000 | Valid Power: 0.0007 | Train Power: 0.0007 | patience:   0 | lr: 0.003125 | Epoch time: 0.1 |

2024-09-09 10:25:56,442 - INFO -
| Epoch:    780 | Train loss: 7.4877e-01 | Valid loss: 6.7015e-01 | Train acc: 0.6997 ± 0.0000 | Valid acc: 0.7258 ± 0.0000 | Valid Power: 0.0007 | Train Power: 0.0007 | patience:   0 | lr: 0.003125 | Epoch time: 0.1 |

2024-09-09 10:25:57,557 - INFO -
| Epoch:    790 | Train loss: 7.4862e-01 | Valid loss: 6.7005e-01 | Train acc: 0.6997 ± 0.0000 | Valid acc: 0.7258 ± 0.0000 | Valid Power: 0.0007 | Train Power: 0.0007 | patience:   0 | lr: 0.003125 | Epoch time: 0.1 |

2024-09-09 10:25:58,670 - INFO -
| Epoch:    800 | Train loss: 7.4848e-01 | Valid loss: 6.6997e-01 | Train acc: 0.6997 ± 0.0000 | Valid acc: 0.7258 ± 0.0000 | Valid Power: 0.0007 | Train Power: 0.0007 | patience:   0 | lr: 0.003125 | Epoch time: 0.1 |

2024-09-09 10:25:59,785 - INFO -
| Epoch:    810 | Train loss: 7.4834e-01 | Valid loss: 6.6989e-01 | Train acc: 0.6997 ± 0.0000 | Valid acc: 0.7258 ± 0.0000 | Valid Power: 0.0007 | Train Power: 0.0007 | patience:   0 | lr: 0.003125 | Epoch time: 0.1 |

2024-09-09 10:26:00,996 - INFO -
| Epoch:    820 | Train loss: 7.4818e-01 | Valid loss: 6.6965e-01 | Train acc: 0.6997 ± 0.0000 | Valid acc: 0.7258 ± 0.0000 | Valid Power: 0.0007 | Train Power: 0.0007 | patience:   0 | lr: 0.003125 | Epoch time: 0.1 |

2024-09-09 10:26:02,078 - INFO -
| Epoch:    830 | Train loss: 7.4801e-01 | Valid loss: 6.7009e-01 | Train acc: 0.6997 ± 0.0000 | Valid acc: 0.7258 ± 0.0000 | Valid Power: 0.0007 | Train Power: 0.0007 | patience:   7 | lr: 0.003125 | Epoch time: 0.1 |

2024-09-09 10:26:03,148 - INFO -
| Epoch:    840 | Train loss: 7.4789e-01 | Valid loss: 6.6991e-01 | Train acc: 0.6997 ± 0.0000 | Valid acc: 0.7258 ± 0.0000 | Valid Power: 0.0007 | Train Power: 0.0007 | patience:  17 | lr: 0.003125 | Epoch time: 0.1 |

2024-09-09 10:26:04,217 - INFO -
| Epoch:    850 | Train loss: 7.4778e-01 | Valid loss: 6.6969e-01 | Train acc: 0.6997 ± 0.0000 | Valid acc: 0.7258 ± 0.0000 | Valid Power: 0.0007 | Train Power: 0.0007 | patience:  27 | lr: 0.003125 | Epoch time: 0.1 |

2024-09-09 10:26:05,288 - INFO -
| Epoch:    860 | Train loss: 7.4767e-01 | Valid loss: 6.6974e-01 | Train acc: 0.6997 ± 0.0000 | Valid acc: 0.7258 ± 0.0000 | Valid Power: 0.0013 | Train Power: 0.0010 | patience:  37 | lr: 0.003125 | Epoch time: 0.1 |

2024-09-09 10:26:06,357 - INFO -
| Epoch:    870 | Train loss: 7.4758e-01 | Valid loss: 6.6977e-01 | Train acc: 0.6997 ± 0.0000 | Valid acc: 0.7258 ± 0.0000 | Valid Power: 0.0008 | Train Power: 0.0009 | patience:  47 | lr: 0.003125 | Epoch time: 0.1 |

2024-09-09 10:26:07,426 - INFO -
| Epoch:    880 | Train loss: 7.4748e-01 | Valid loss: 6.6974e-01 | Train acc: 0.6997 ± 0.0000 | Valid acc: 0.7258 ± 0.0000 | Valid Power: 0.0008 | Train Power: 0.0008 | patience:  57 | lr: 0.003125 | Epoch time: 0.1 |

2024-09-09 10:26:08,495 - INFO -
| Epoch:    890 | Train loss: 7.4739e-01 | Valid loss: 6.6971e-01 | Train acc: 0.6997 ± 0.0000 | Valid acc: 0.7258 ± 0.0000 | Valid Power: 0.0008 | Train Power: 0.0008 | patience:  67 | lr: 0.003125 | Epoch time: 0.1 |

2024-09-09 10:26:09,565 - INFO -
| Epoch:    900 | Train loss: 7.4730e-01 | Valid loss: 6.6980e-01 | Train acc: 0.6997 ± 0.0000 | Valid acc: 0.7258 ± 0.0000 | Valid Power: 0.0008 | Train Power: 0.0008 | patience:  77 | lr: 0.003125 | Epoch time: 0.1 |

2024-09-09 10:26:10,648 - INFO -
| Epoch:    910 | Train loss: 7.4722e-01 | Valid loss: 6.6954e-01 | Train acc: 0.6997 ± 0.0000 | Valid acc: 0.7258 ± 0.0000 | Valid Power: 0.0009 | Train Power: 0.0010 | patience:   0 | lr: 0.003125 | Epoch time: 0.1 |

2024-09-09 10:26:11,749 - INFO -
| Epoch:    920 | Train loss: 7.4715e-01 | Valid loss: 6.6944e-01 | Train acc: 0.6997 ± 0.0000 | Valid acc: 0.7258 ± 0.0000 | Valid Power: 0.0008 | Train Power: 0.0008 | patience:   1 | lr: 0.003125 | Epoch time: 0.1 |

2024-09-09 10:26:12,824 - INFO -
| Epoch:    930 | Train loss: 7.4707e-01 | Valid loss: 6.6948e-01 | Train acc: 0.6997 ± 0.0000 | Valid acc: 0.7258 ± 0.0000 | Valid Power: 0.0008 | Train Power: 0.0008 | patience:   9 | lr: 0.003125 | Epoch time: 0.1 |

2024-09-09 10:26:13,893 - INFO -
| Epoch:    940 | Train loss: 7.4700e-01 | Valid loss: 6.6947e-01 | Train acc: 0.6997 ± 0.0000 | Valid acc: 0.7258 ± 0.0000 | Valid Power: 0.0008 | Train Power: 0.0008 | patience:  19 | lr: 0.003125 | Epoch time: 0.1 |

2024-09-09 10:26:14,961 - INFO -
| Epoch:    950 | Train loss: 7.4693e-01 | Valid loss: 6.6943e-01 | Train acc: 0.6997 ± 0.0000 | Valid acc: 0.7258 ± 0.0000 | Valid Power: 0.0008 | Train Power: 0.0008 | patience:  29 | lr: 0.003125 | Epoch time: 0.1 |

2024-09-09 10:26:16,101 - INFO -
| Epoch:    960 | Train loss: 7.4687e-01 | Valid loss: 6.6938e-01 | Train acc: 0.6997 ± 0.0000 | Valid acc: 0.7258 ± 0.0000 | Valid Power: 0.0008 | Train Power: 0.0008 | patience:   0 | lr: 0.003125 | Epoch time: 0.1 |

2024-09-09 10:26:17,195 - INFO -
| Epoch:    970 | Train loss: 7.4680e-01 | Valid loss: 6.6929e-01 | Train acc: 0.6997 ± 0.0000 | Valid acc: 0.7258 ± 0.0000 | Valid Power: 0.0008 | Train Power: 0.0008 | patience:   0 | lr: 0.003125 | Epoch time: 0.1 |

2024-09-09 10:26:18,287 - INFO -
| Epoch:    980 | Train loss: 7.4680e-01 | Valid loss: 6.6859e-01 | Train acc: 0.6944 ± 0.0000 | Valid acc: 0.7258 ± 0.0000 | Valid Power: 0.0008 | Train Power: 0.0008 | patience:   0 | lr: 0.003125 | Epoch time: 0.1 |

2024-09-09 10:26:19,364 - INFO -
| Epoch:    990 | Train loss: 7.4670e-01 | Valid loss: 6.6940e-01 | Train acc: 0.6997 ± 0.0000 | Valid acc: 0.7258 ± 0.0000 | Valid Power: 0.0008 | Train Power: 0.0008 | patience:   8 | lr: 0.003125 | Epoch time: 0.1 |

2024-09-09 10:26:20,437 - INFO -
| Epoch:   1000 | Train loss: 7.4664e-01 | Valid loss: 6.6949e-01 | Train acc: 0.6997 ± 0.0000 | Valid acc: 0.7258 ± 0.0000 | Valid Power: 0.0008 | Train Power: 0.0008 | patience:  18 | lr: 0.003125 | Epoch time: 0.1 |

2024-09-09 10:26:21,508 - INFO -
| Epoch:   1010 | Train loss: 7.4657e-01 | Valid loss: 6.6948e-01 | Train acc: 0.6997 ± 0.0000 | Valid acc: 0.7258 ± 0.0000 | Valid Power: 0.0008 | Train Power: 0.0008 | patience:  28 | lr: 0.003125 | Epoch time: 0.1 |

2024-09-09 10:26:22,578 - INFO -
| Epoch:   1020 | Train loss: 7.4651e-01 | Valid loss: 6.6923e-01 | Train acc: 0.6997 ± 0.0000 | Valid acc: 0.7258 ± 0.0000 | Valid Power: 0.0008 | Train Power: 0.0008 | patience:  38 | lr: 0.003125 | Epoch time: 0.1 |

2024-09-09 10:26:23,688 - INFO -
| Epoch:   1030 | Train loss: 7.4646e-01 | Valid loss: 6.6910e-01 | Train acc: 0.6997 ± 0.0000 | Valid acc: 0.7258 ± 0.0000 | Valid Power: 0.0008 | Train Power: 0.0008 | patience:  48 | lr: 0.003125 | Epoch time: 0.1 |

2024-09-09 10:26:24,763 - INFO -
| Epoch:   1040 | Train loss: 7.4641e-01 | Valid loss: 6.6914e-01 | Train acc: 0.6997 ± 0.0000 | Valid acc: 0.7258 ± 0.0000 | Valid Power: 0.0008 | Train Power: 0.0008 | patience:  58 | lr: 0.003125 | Epoch time: 0.1 |

2024-09-09 10:26:25,837 - INFO -
| Epoch:   1050 | Train loss: 7.4636e-01 | Valid loss: 6.6923e-01 | Train acc: 0.6997 ± 0.0000 | Valid acc: 0.7258 ± 0.0000 | Valid Power: 0.0008 | Train Power: 0.0008 | patience:  68 | lr: 0.003125 | Epoch time: 0.1 |

2024-09-09 10:26:27,017 - INFO -
| Epoch:   1060 | Train loss: 7.4638e-01 | Valid loss: 6.7021e-01 | Train acc: 0.6997 ± 0.0000 | Valid acc: 0.7016 ± 0.0000 | Valid Power: 0.0008 | Train Power: 0.0008 | patience:   1 | lr: 0.003125 | Epoch time: 0.1 |

2024-09-09 10:26:28,090 - INFO -
| Epoch:   1070 | Train loss: 7.4627e-01 | Valid loss: 6.6902e-01 | Train acc: 0.6944 ± 0.0000 | Valid acc: 0.7258 ± 0.0000 | Valid Power: 0.0008 | Train Power: 0.0008 | patience:  11 | lr: 0.003125 | Epoch time: 0.1 |

2024-09-09 10:26:29,160 - INFO -
| Epoch:   1080 | Train loss: 7.4623e-01 | Valid loss: 6.6874e-01 | Train acc: 0.6944 ± 0.0000 | Valid acc: 0.7258 ± 0.0000 | Valid Power: 0.0008 | Train Power: 0.0008 | patience:  21 | lr: 0.003125 | Epoch time: 0.1 |

2024-09-09 10:26:30,230 - INFO -
| Epoch:   1090 | Train loss: 7.4617e-01 | Valid loss: 6.6901e-01 | Train acc: 0.6997 ± 0.0000 | Valid acc: 0.7258 ± 0.0000 | Valid Power: 0.0008 | Train Power: 0.0008 | patience:  31 | lr: 0.003125 | Epoch time: 0.1 |

2024-09-09 10:26:31,299 - INFO -
| Epoch:   1100 | Train loss: 7.4612e-01 | Valid loss: 6.6908e-01 | Train acc: 0.6997 ± 0.0000 | Valid acc: 0.7258 ± 0.0000 | Valid Power: 0.0008 | Train Power: 0.0008 | patience:  41 | lr: 0.003125 | Epoch time: 0.1 |

2024-09-09 10:26:32,370 - INFO -
| Epoch:   1110 | Train loss: 7.4608e-01 | Valid loss: 6.6893e-01 | Train acc: 0.6997 ± 0.0000 | Valid acc: 0.7258 ± 0.0000 | Valid Power: 0.0008 | Train Power: 0.0008 | patience:  51 | lr: 0.003125 | Epoch time: 0.1 |

2024-09-09 10:26:33,443 - INFO -
| Epoch:   1120 | Train loss: 7.4604e-01 | Valid loss: 6.6879e-01 | Train acc: 0.6971 ± 0.0000 | Valid acc: 0.7258 ± 0.0000 | Valid Power: 0.0008 | Train Power: 0.0008 | patience:  61 | lr: 0.003125 | Epoch time: 0.1 |

2024-09-09 10:26:34,515 - INFO -
| Epoch:   1130 | Train loss: 7.4604e-01 | Valid loss: 6.6834e-01 | Train acc: 0.6944 ± 0.0000 | Valid acc: 0.7258 ± 0.0000 | Valid Power: 0.0008 | Train Power: 0.0008 | patience:   0 | lr: 0.003125 | Epoch time: 0.1 |

2024-09-09 10:26:35,591 - INFO -
| Epoch:   1140 | Train loss: 7.4596e-01 | Valid loss: 6.6913e-01 | Train acc: 0.6997 ± 0.0000 | Valid acc: 0.7016 ± 0.0000 | Valid Power: 0.0009 | Train Power: 0.0008 | patience:   8 | lr: 0.003125 | Epoch time: 0.1 |

2024-09-09 10:26:36,661 - INFO -
| Epoch:   1150 | Train loss: 7.4592e-01 | Valid loss: 6.6869e-01 | Train acc: 0.6997 ± 0.0000 | Valid acc: 0.7258 ± 0.0000 | Valid Power: 0.0033 | Train Power: 0.0038 | patience:  18 | lr: 0.003125 | Epoch time: 0.1 |

2024-09-09 10:26:37,730 - INFO -
| Epoch:   1160 | Train loss: 7.4589e-01 | Valid loss: 6.6834e-01 | Train acc: 0.6944 ± 0.0000 | Valid acc: 0.7258 ± 0.0000 | Valid Power: 0.0010 | Train Power: 0.0010 | patience:  28 | lr: 0.003125 | Epoch time: 0.1 |

2024-09-09 10:26:38,818 - INFO -
| Epoch:   1170 | Train loss: 7.4588e-01 | Valid loss: 6.6814e-01 | Train acc: 0.6944 ± 0.0000 | Valid acc: 0.7258 ± 0.0000 | Valid Power: 0.0009 | Train Power: 0.0009 | patience:   2 | lr: 0.003125 | Epoch time: 0.1 |

2024-09-09 10:26:39,886 - INFO -
| Epoch:   1180 | Train loss: 7.4582e-01 | Valid loss: 6.6887e-01 | Train acc: 0.6997 ± 0.0000 | Valid acc: 0.7016 ± 0.0000 | Valid Power: 0.0009 | Train Power: 0.0009 | patience:  12 | lr: 0.003125 | Epoch time: 0.1 |

2024-09-09 10:26:40,955 - INFO -
| Epoch:   1190 | Train loss: 7.4578e-01 | Valid loss: 6.6839e-01 | Train acc: 0.6997 ± 0.0000 | Valid acc: 0.7258 ± 0.0000 | Valid Power: 0.0009 | Train Power: 0.0009 | patience:  22 | lr: 0.003125 | Epoch time: 0.1 |

2024-09-09 10:26:42,100 - INFO -
| Epoch:   1200 | Train loss: 7.4575e-01 | Valid loss: 6.6818e-01 | Train acc: 0.6944 ± 0.0000 | Valid acc: 0.7258 ± 0.0000 | Valid Power: 0.0009 | Train Power: 0.0009 | patience:  32 | lr: 0.003125 | Epoch time: 0.1 |

2024-09-09 10:26:43,176 - INFO -
| Epoch:   1210 | Train loss: 7.4572e-01 | Valid loss: 6.6810e-01 | Train acc: 0.6944 ± 0.0000 | Valid acc: 0.7258 ± 0.0000 | Valid Power: 0.0009 | Train Power: 0.0009 | patience:  42 | lr: 0.003125 | Epoch time: 0.1 |

2024-09-09 10:26:44,249 - INFO -
| Epoch:   1220 | Train loss: 7.4567e-01 | Valid loss: 6.6823e-01 | Train acc: 0.6971 ± 0.0000 | Valid acc: 0.7258 ± 0.0000 | Valid Power: 0.0009 | Train Power: 0.0009 | patience:  52 | lr: 0.003125 | Epoch time: 0.1 |

2024-09-09 10:26:45,323 - INFO -
| Epoch:   1230 | Train loss: 7.4564e-01 | Valid loss: 6.6822e-01 | Train acc: 0.6971 ± 0.0000 | Valid acc: 0.7258 ± 0.0000 | Valid Power: 0.0009 | Train Power: 0.0009 | patience:  62 | lr: 0.003125 | Epoch time: 0.1 |

2024-09-09 10:26:46,405 - INFO -
| Epoch:   1240 | Train loss: 7.4565e-01 | Valid loss: 6.6769e-01 | Train acc: 0.6944 ± 0.0000 | Valid acc: 0.7258 ± 0.0000 | Valid Power: 0.0009 | Train Power: 0.0009 | patience:   0 | lr: 0.003125 | Epoch time: 0.1 |

2024-09-09 10:26:47,481 - INFO -
| Epoch:   1250 | Train loss: 7.4558e-01 | Valid loss: 6.6883e-01 | Train acc: 0.6997 ± 0.0000 | Valid acc: 0.7016 ± 0.0000 | Valid Power: 0.0009 | Train Power: 0.0009 | patience:   8 | lr: 0.003125 | Epoch time: 0.1 |

2024-09-09 10:26:48,547 - INFO -
| Epoch:   1260 | Train loss: 7.4554e-01 | Valid loss: 6.6799e-01 | Train acc: 0.6944 ± 0.0000 | Valid acc: 0.7258 ± 0.0000 | Valid Power: 0.0009 | Train Power: 0.0009 | patience:  18 | lr: 0.003125 | Epoch time: 0.1 |

2024-09-09 10:26:49,618 - INFO -
| Epoch:   1270 | Train loss: 7.4550e-01 | Valid loss: 6.6843e-01 | Train acc: 0.6997 ± 0.0000 | Valid acc: 0.7097 ± 0.0000 | Valid Power: 0.0009 | Train Power: 0.0009 | patience:  28 | lr: 0.003125 | Epoch time: 0.1 |

2024-09-09 10:26:50,681 - INFO -
| Epoch:   1280 | Train loss: 7.4546e-01 | Valid loss: 6.6809e-01 | Train acc: 0.6971 ± 0.0000 | Valid acc: 0.7258 ± 0.0000 | Valid Power: 0.0009 | Train Power: 0.0009 | patience:  38 | lr: 0.003125 | Epoch time: 0.1 |

2024-09-09 10:26:51,750 - INFO -
| Epoch:   1290 | Train loss: 7.4541e-01 | Valid loss: 6.6827e-01 | Train acc: 0.6997 ± 0.0000 | Valid acc: 0.7097 ± 0.0000 | Valid Power: 0.0009 | Train Power: 0.0009 | patience:  48 | lr: 0.003125 | Epoch time: 0.1 |

2024-09-09 10:26:52,799 - INFO -
| Epoch:   1300 | Train loss: 7.4538e-01 | Valid loss: 6.6844e-01 | Train acc: 0.6997 ± 0.0000 | Valid acc: 0.7097 ± 0.0000 | Valid Power: 0.0009 | Train Power: 0.0009 | patience:  58 | lr: 0.003125 | Epoch time: 0.1 |

2024-09-09 10:26:53,843 - INFO -
| Epoch:   1310 | Train loss: 7.4538e-01 | Valid loss: 6.6895e-01 | Train acc: 0.6997 ± 0.0000 | Valid acc: 0.7016 ± 0.0000 | Valid Power: 0.0009 | Train Power: 0.0009 | patience:  68 | lr: 0.003125 | Epoch time: 0.1 |

2024-09-09 10:26:54,877 - INFO -
| Epoch:   1320 | Train loss: 7.4530e-01 | Valid loss: 6.6788e-01 | Train acc: 0.6944 ± 0.0000 | Valid acc: 0.7258 ± 0.0000 | Valid Power: 0.0009 | Train Power: 0.0009 | patience:  78 | lr: 0.003125 | Epoch time: 0.1 |

2024-09-09 10:26:55,911 - INFO -
| Epoch:   1330 | Train loss: 7.4524e-01 | Valid loss: 6.6848e-01 | Train acc: 0.6997 ± 0.0000 | Valid acc: 0.7016 ± 0.0000 | Valid Power: 0.0009 | Train Power: 0.0009 | patience:  88 | lr: 0.003125 | Epoch time: 0.1 |

2024-09-09 10:26:56,944 - INFO -
| Epoch:   1340 | Train loss: 7.4519e-01 | Valid loss: 6.6829e-01 | Train acc: 0.6997 ± 0.0000 | Valid acc: 0.7097 ± 0.0000 | Valid Power: 0.0009 | Train Power: 0.0009 | patience:  98 | lr: 0.003125 | Epoch time: 0.1 |

2024-09-09 10:26:57,258 - INFO -
load best network to warm start training with lower lr.

2024-09-09 10:26:57,259 - INFO -
lr update to 0.0015625.

2024-09-09 10:26:57,992 - INFO -
| Epoch:   1350 | Train loss: 7.4559e-01 | Valid loss: 6.7003e-01 | Train acc: 0.6944 ± 0.0000 | Valid acc: 0.7016 ± 0.0000 | Valid Power: 0.0009 | Train Power: 0.0009 | patience:   3 | lr: 0.0015625 | Epoch time: 0.1 |

2024-09-09 10:26:59,024 - INFO -
| Epoch:   1360 | Train loss: 7.4561e-01 | Valid loss: 6.6947e-01 | Train acc: 0.6944 ± 0.0000 | Valid acc: 0.7016 ± 0.0000 | Valid Power: 0.0009 | Train Power: 0.0009 | patience:  13 | lr: 0.0015625 | Epoch time: 0.1 |

2024-09-09 10:27:00,054 - INFO -
| Epoch:   1370 | Train loss: 7.4557e-01 | Valid loss: 6.6896e-01 | Train acc: 0.6944 ± 0.0000 | Valid acc: 0.7016 ± 0.0000 | Valid Power: 0.0009 | Train Power: 0.0009 | patience:  23 | lr: 0.0015625 | Epoch time: 0.1 |

2024-09-09 10:27:01,088 - INFO -
| Epoch:   1380 | Train loss: 7.4554e-01 | Valid loss: 6.6845e-01 | Train acc: 0.6944 ± 0.0000 | Valid acc: 0.7016 ± 0.0000 | Valid Power: 0.0009 | Train Power: 0.0009 | patience:  33 | lr: 0.0015625 | Epoch time: 0.1 |

2024-09-09 10:27:02,124 - INFO -
| Epoch:   1390 | Train loss: 7.4549e-01 | Valid loss: 6.6799e-01 | Train acc: 0.6971 ± 0.0000 | Valid acc: 0.7258 ± 0.0000 | Valid Power: 0.0009 | Train Power: 0.0009 | patience:  43 | lr: 0.0015625 | Epoch time: 0.1 |

2024-09-09 10:27:03,146 - INFO -
| Epoch:   1400 | Train loss: 7.4546e-01 | Valid loss: 6.6785e-01 | Train acc: 0.6997 ± 0.0000 | Valid acc: 0.7258 ± 0.0000 | Valid Power: 0.0009 | Train Power: 0.0009 | patience:  53 | lr: 0.0015625 | Epoch time: 0.1 |

2024-09-09 10:27:04,159 - INFO -
| Epoch:   1410 | Train loss: 7.4543e-01 | Valid loss: 6.6800e-01 | Train acc: 0.6971 ± 0.0000 | Valid acc: 0.7097 ± 0.0000 | Valid Power: 0.0009 | Train Power: 0.0009 | patience:  63 | lr: 0.0015625 | Epoch time: 0.1 |

2024-09-09 10:27:05,175 - INFO -
| Epoch:   1420 | Train loss: 7.4541e-01 | Valid loss: 6.6798e-01 | Train acc: 0.6971 ± 0.0000 | Valid acc: 0.7097 ± 0.0000 | Valid Power: 0.0009 | Train Power: 0.0009 | patience:  73 | lr: 0.0015625 | Epoch time: 0.1 |

2024-09-09 10:27:06,189 - INFO -
| Epoch:   1430 | Train loss: 7.4538e-01 | Valid loss: 6.6791e-01 | Train acc: 0.6971 ± 0.0000 | Valid acc: 0.7097 ± 0.0000 | Valid Power: 0.0009 | Train Power: 0.0009 | patience:  83 | lr: 0.0015625 | Epoch time: 0.1 |

2024-09-09 10:27:07,298 - INFO -
| Epoch:   1440 | Train loss: 7.4535e-01 | Valid loss: 6.6796e-01 | Train acc: 0.6971 ± 0.0000 | Valid acc: 0.7097 ± 0.0000 | Valid Power: 0.0018 | Train Power: 0.0337 | patience:  93 | lr: 0.0015625 | Epoch time: 0.1 |

2024-09-09 10:27:08,110 - INFO -
load best network to warm start training with lower lr.

2024-09-09 10:27:08,110 - INFO -
lr update to 0.00078125.

2024-09-09 10:27:08,313 - INFO -
| Epoch:   1450 | Train loss: 7.4558e-01 | Valid loss: 6.7013e-01 | Train acc: 0.6997 ± 0.0000 | Valid acc: 0.7016 ± 0.0000 | Valid Power: 0.0009 | Train Power: 0.0009 | patience:   2 | lr: 0.00078125 | Epoch time: 0.1 |

2024-09-09 10:27:09,316 - INFO -
| Epoch:   1460 | Train loss: 7.4558e-01 | Valid loss: 6.6848e-01 | Train acc: 0.6997 ± 0.0000 | Valid acc: 0.7016 ± 0.0000 | Valid Power: 0.0009 | Train Power: 0.0009 | patience:  12 | lr: 0.00078125 | Epoch time: 0.1 |

2024-09-09 10:27:10,319 - INFO -
| Epoch:   1470 | Train loss: 7.4561e-01 | Valid loss: 6.6767e-01 | Train acc: 0.6997 ± 0.0000 | Valid acc: 0.7258 ± 0.0000 | Valid Power: 0.0009 | Train Power: 0.0009 | patience:  22 | lr: 0.00078125 | Epoch time: 0.1 |

2024-09-09 10:27:11,320 - INFO -
| Epoch:   1480 | Train loss: 7.4555e-01 | Valid loss: 6.6783e-01 | Train acc: 0.6997 ± 0.0000 | Valid acc: 0.7258 ± 0.0000 | Valid Power: 0.0009 | Train Power: 0.0009 | patience:  32 | lr: 0.00078125 | Epoch time: 0.1 |

2024-09-09 10:27:12,317 - INFO -
| Epoch:   1490 | Train loss: 7.4553e-01 | Valid loss: 6.6802e-01 | Train acc: 0.6997 ± 0.0000 | Valid acc: 0.7258 ± 0.0000 | Valid Power: 0.0009 | Train Power: 0.0009 | patience:  42 | lr: 0.00078125 | Epoch time: 0.1 |

2024-09-09 10:27:13,313 - INFO -
| Epoch:   1500 | Train loss: 7.4552e-01 | Valid loss: 6.6807e-01 | Train acc: 0.6971 ± 0.0000 | Valid acc: 0.7258 ± 0.0000 | Valid Power: 0.0009 | Train Power: 0.0009 | patience:  52 | lr: 0.00078125 | Epoch time: 0.1 |

2024-09-09 10:27:14,312 - INFO -
| Epoch:   1510 | Train loss: 7.4550e-01 | Valid loss: 6.6807e-01 | Train acc: 0.6971 ± 0.0000 | Valid acc: 0.7258 ± 0.0000 | Valid Power: 0.0009 | Train Power: 0.0009 | patience:  62 | lr: 0.00078125 | Epoch time: 0.1 |

2024-09-09 10:27:15,312 - INFO -
| Epoch:   1520 | Train loss: 7.4549e-01 | Valid loss: 6.6805e-01 | Train acc: 0.6971 ± 0.0000 | Valid acc: 0.7097 ± 0.0000 | Valid Power: 0.0009 | Train Power: 0.0009 | patience:  72 | lr: 0.00078125 | Epoch time: 0.1 |

2024-09-09 10:27:16,311 - INFO -
| Epoch:   1530 | Train loss: 7.4548e-01 | Valid loss: 6.6804e-01 | Train acc: 0.6971 ± 0.0000 | Valid acc: 0.7097 ± 0.0000 | Valid Power: 0.0009 | Train Power: 0.0009 | patience:  82 | lr: 0.00078125 | Epoch time: 0.1 |

2024-09-09 10:27:17,312 - INFO -
| Epoch:   1540 | Train loss: 7.4546e-01 | Valid loss: 6.6804e-01 | Train acc: 0.6971 ± 0.0000 | Valid acc: 0.7097 ± 0.0000 | Valid Power: 0.0009 | Train Power: 0.0009 | patience:  92 | lr: 0.00078125 | Epoch time: 0.1 |

2024-09-09 10:27:18,213 - INFO -
load best network to warm start training with lower lr.

2024-09-09 10:27:18,213 - INFO -
lr update to 0.000390625.

2024-09-09 10:27:18,312 - INFO -
| Epoch:   1550 | Train loss: 7.4636e-01 | Valid loss: 6.6725e-01 | Train acc: 0.6997 ± 0.0000 | Valid acc: 0.7258 ± 0.0000 | Valid Power: 0.0009 | Train Power: 0.0009 | patience:   1 | lr: 0.000390625 | Epoch time: 0.1 |

2024-09-09 10:27:19,313 - INFO -
| Epoch:   1560 | Train loss: 7.4558e-01 | Valid loss: 6.6772e-01 | Train acc: 0.6997 ± 0.0000 | Valid acc: 0.7258 ± 0.0000 | Valid Power: 0.0009 | Train Power: 0.0009 | patience:  11 | lr: 0.000390625 | Epoch time: 0.1 |

2024-09-09 10:27:20,309 - INFO -
| Epoch:   1570 | Train loss: 7.4560e-01 | Valid loss: 6.6883e-01 | Train acc: 0.6944 ± 0.0000 | Valid acc: 0.7016 ± 0.0000 | Valid Power: 0.0009 | Train Power: 0.0009 | patience:  21 | lr: 0.000390625 | Epoch time: 0.1 |

2024-09-09 10:27:21,306 - INFO -
| Epoch:   1580 | Train loss: 7.4558e-01 | Valid loss: 6.6783e-01 | Train acc: 0.6997 ± 0.0000 | Valid acc: 0.7258 ± 0.0000 | Valid Power: 0.0009 | Train Power: 0.0009 | patience:  31 | lr: 0.000390625 | Epoch time: 0.1 |

2024-09-09 10:27:22,376 - INFO -
| Epoch:   1590 | Train loss: 7.4556e-01 | Valid loss: 6.6828e-01 | Train acc: 0.6971 ± 0.0000 | Valid acc: 0.7097 ± 0.0000 | Valid Power: 0.0009 | Train Power: 0.0009 | patience:  41 | lr: 0.000390625 | Epoch time: 0.1 |

2024-09-09 10:27:23,373 - INFO -
| Epoch:   1600 | Train loss: 7.4555e-01 | Valid loss: 6.6826e-01 | Train acc: 0.6971 ± 0.0000 | Valid acc: 0.7097 ± 0.0000 | Valid Power: 0.0009 | Train Power: 0.0009 | patience:  51 | lr: 0.000390625 | Epoch time: 0.1 |

2024-09-09 10:27:24,373 - INFO -
| Epoch:   1610 | Train loss: 7.4554e-01 | Valid loss: 6.6809e-01 | Train acc: 0.6997 ± 0.0000 | Valid acc: 0.7258 ± 0.0000 | Valid Power: 0.0009 | Train Power: 0.0009 | patience:  61 | lr: 0.000390625 | Epoch time: 0.1 |

2024-09-09 10:27:25,370 - INFO -
| Epoch:   1620 | Train loss: 7.4554e-01 | Valid loss: 6.6811e-01 | Train acc: 0.6997 ± 0.0000 | Valid acc: 0.7258 ± 0.0000 | Valid Power: 0.0009 | Train Power: 0.0009 | patience:  71 | lr: 0.000390625 | Epoch time: 0.1 |

2024-09-09 10:27:26,369 - INFO -
| Epoch:   1630 | Train loss: 7.4553e-01 | Valid loss: 6.6815e-01 | Train acc: 0.6971 ± 0.0000 | Valid acc: 0.7097 ± 0.0000 | Valid Power: 0.0009 | Train Power: 0.0009 | patience:  81 | lr: 0.000390625 | Epoch time: 0.1 |

2024-09-09 10:27:27,369 - INFO -
| Epoch:   1640 | Train loss: 7.4552e-01 | Valid loss: 6.6814e-01 | Train acc: 0.6971 ± 0.0000 | Valid acc: 0.7097 ± 0.0000 | Valid Power: 0.0009 | Train Power: 0.0009 | patience:  91 | lr: 0.000390625 | Epoch time: 0.1 |

2024-09-09 10:27:28,370 - INFO -
load best network to warm start training with lower lr.

2024-09-09 10:27:28,371 - INFO -
lr update to 0.0001953125.

2024-09-09 10:27:28,371 - INFO -
| Epoch:   1650 | Train loss: 7.4551e-01 | Valid loss: 6.6812e-01 | Train acc: 0.6971 ± 0.0000 | Valid acc: 0.7097 ± 0.0000 | Valid Power: 0.0009 | Train Power: 0.0009 | patience:   0 | lr: 0.0001953125 | Epoch time: 0.1 |

2024-09-09 10:27:29,372 - INFO -
| Epoch:   1660 | Train loss: 7.4573e-01 | Valid loss: 6.6948e-01 | Train acc: 0.6944 ± 0.0000 | Valid acc: 0.7016 ± 0.0000 | Valid Power: 0.0009 | Train Power: 0.0009 | patience:  10 | lr: 0.0001953125 | Epoch time: 0.1 |

2024-09-09 10:27:30,369 - INFO -
| Epoch:   1670 | Train loss: 7.4560e-01 | Valid loss: 6.6769e-01 | Train acc: 0.6997 ± 0.0000 | Valid acc: 0.7258 ± 0.0000 | Valid Power: 0.0009 | Train Power: 0.0009 | patience:  20 | lr: 0.0001953125 | Epoch time: 0.1 |

2024-09-09 10:27:31,368 - INFO -
| Epoch:   1680 | Train loss: 7.4557e-01 | Valid loss: 6.6839e-01 | Train acc: 0.6971 ± 0.0000 | Valid acc: 0.7097 ± 0.0000 | Valid Power: 0.0009 | Train Power: 0.0009 | patience:  30 | lr: 0.0001953125 | Epoch time: 0.1 |

2024-09-09 10:27:32,367 - INFO -
| Epoch:   1690 | Train loss: 7.4557e-01 | Valid loss: 6.6818e-01 | Train acc: 0.6997 ± 0.0000 | Valid acc: 0.7258 ± 0.0000 | Valid Power: 0.0009 | Train Power: 0.0009 | patience:  40 | lr: 0.0001953125 | Epoch time: 0.1 |

2024-09-09 10:27:33,368 - INFO -
| Epoch:   1700 | Train loss: 7.4557e-01 | Valid loss: 6.6817e-01 | Train acc: 0.6997 ± 0.0000 | Valid acc: 0.7258 ± 0.0000 | Valid Power: 0.0009 | Train Power: 0.0009 | patience:  50 | lr: 0.0001953125 | Epoch time: 0.1 |

2024-09-09 10:27:34,370 - INFO -
| Epoch:   1710 | Train loss: 7.4556e-01 | Valid loss: 6.6820e-01 | Train acc: 0.6997 ± 0.0000 | Valid acc: 0.7258 ± 0.0000 | Valid Power: 0.0009 | Train Power: 0.0009 | patience:  60 | lr: 0.0001953125 | Epoch time: 0.1 |

2024-09-09 10:27:35,369 - INFO -
| Epoch:   1720 | Train loss: 7.4556e-01 | Valid loss: 6.6817e-01 | Train acc: 0.6997 ± 0.0000 | Valid acc: 0.7258 ± 0.0000 | Valid Power: 0.0009 | Train Power: 0.0009 | patience:  70 | lr: 0.0001953125 | Epoch time: 0.1 |

2024-09-09 10:27:36,370 - INFO -
| Epoch:   1730 | Train loss: 7.4556e-01 | Valid loss: 6.6816e-01 | Train acc: 0.6997 ± 0.0000 | Valid acc: 0.7258 ± 0.0000 | Valid Power: 0.0009 | Train Power: 0.0009 | patience:  80 | lr: 0.0001953125 | Epoch time: 0.1 |

2024-09-09 10:27:37,371 - INFO -
| Epoch:   1740 | Train loss: 7.4555e-01 | Valid loss: 6.6817e-01 | Train acc: 0.6997 ± 0.0000 | Valid acc: 0.7258 ± 0.0000 | Valid Power: 0.0009 | Train Power: 0.0009 | patience:  90 | lr: 0.0001953125 | Epoch time: 0.1 |

2024-09-09 10:27:38,373 - INFO -
| Epoch:   1750 | Train loss: 7.4555e-01 | Valid loss: 6.6815e-01 | Train acc: 0.6997 ± 0.0000 | Valid acc: 0.7258 ± 0.0000 | Valid Power: 0.0009 | Train Power: 0.0009 | patience: 100 | lr: 0.0001953125 | Epoch time: 0.1 |

2024-09-09 10:27:38,476 - INFO -
load best network to warm start training with lower lr.

2024-09-09 10:27:38,476 - INFO -
lr update to 9.765625e-05.

2024-09-09 10:27:38,476 - INFO -
Early stop.

2024-09-09 10:27:38,483 - INFO -
Training if finished.

2024-09-11 15:04:06,602 - INFO -
Configuration: 
gmin                0.01
gmax                10.0
T                   0.1
m                   0.3
type_nonlinear      normal
act                 tanh
ACT_R1n             12.7865
ACT_R2n             -3.1871
ACT_W1n             -10.4537
ACT_L1n             10.546
ACT_W2n             -5.8496
ACT_L2n             4.2337
S_R1n               -11.7481
S_R2n               -0.3905
S_W1n               -9.169
S_L1n               0.3913
S_W2n               7.2004
S_L2n               15.5558
ReLU_RHn            -1.9557
ReLU_RLn            -20.1581
ReLU_RDn            16.6486
ReLU_RBn            -14.3472
ReLU_Wn             16.655
ReLU_Ln             -21.7591
HS_Rn               -0.3766
HS_Wn               0.5192
HS_Ln               4.6293
NEG_R1n             -7.0846
NEG_R2n             -2.5695
NEG_R3n             16.1542
NEG_W1n             13.8696
NEG_L1n             2.7635
NEG_W2n             1.2674
NEG_L2n             -10.4803
NEG_W3n             -6.4386
NEG_L3n             5.1005
task                normal
DATASET             1
DataPath            ./dataset
InputNoise          0.0
IN_test             0.0
R_train             1
R_test              1
N_time              32
pathnorm            False
hidden              [3]
skipconnection      False
SEED                0
DEVICE              cpu
PATIENCE            500
EPOCH               10000000000
LR                  0.1
PROGRESSIVE         True
LR_PATIENCE         100
LR_DECAY            0.5
LR_MIN              0.0001
metric              acc
SoftEva             True
TIMELIMITATION      71
MODE                nominal
M_train             1
K_train             1
M_test              1
K_test              1
t_test_max          1
integration         MC
N_train             1
e_train             0.0
N_test              100
e_test              0.1
e_fault             2
fault_ratio         0.0
N_fault             50
e_fault_test        0
N_fault_test        50
dropout             0.0
lagrangian_loss     False
rho                 100
powerestimator      none
powerbalance        0.0
estimatorbalance    0.0
pgmin               1e-07
power_ratio         1000
lambda_P            100
areaestimator       none
areabalance         0.0
area_theta          0.15
area_act            30.0
area_neg            22.7
lambda_A            0.001
lnc                 False
projectname         tanh_0_FaultAnalysisNormal
temppath            ./tanh_0_FaultAnalysisNormal/temp/
logfilepath         ./tanh_0_FaultAnalysisNormal/log/
report_freq         10
recording           False
recordpath          ./tanh_0_FaultAnalysisNormal/record/
savepath            ./tanh_0_FaultAnalysisNormal/models/
loglevel            info


2024-09-11 15:04:06,628 - INFO -
Training network on device: cpu.

2024-09-11 15:04:06,628 - INFO -
Training setup: data_01_balancescale_seed_00_epsilon_0.0_dropout_0.0_fault_ratio_0.0.model.

2024-09-11 15:04:06,628 - INFO -
{'dataname': 'balancescale', 'N_feature': 4, 'N_class': 3, 'N_train': 373, 'N_valid': 124, 'N_test': 79}

2024-09-11 15:04:06,635 - INFO -
Training was already finished.

2024-09-14 08:36:54,599 - INFO -
Configuration: 
gmin                0.01
gmax                10.0
T                   0.1
m                   0.3
type_nonlinear      normal
act                 tanh
ACT_R1n             12.7865
ACT_R2n             -3.1871
ACT_W1n             -10.4537
ACT_L1n             10.546
ACT_W2n             -5.8496
ACT_L2n             4.2337
S_R1n               -11.7481
S_R2n               -0.3905
S_W1n               -9.169
S_L1n               0.3913
S_W2n               7.2004
S_L2n               15.5558
ReLU_RHn            -1.9557
ReLU_RLn            -20.1581
ReLU_RDn            16.6486
ReLU_RBn            -14.3472
ReLU_Wn             16.655
ReLU_Ln             -21.7591
HS_Rn               -0.3766
HS_Wn               0.5192
HS_Ln               4.6293
NEG_R1n             -7.0846
NEG_R2n             -2.5695
NEG_R3n             16.1542
NEG_W1n             13.8696
NEG_L1n             2.7635
NEG_W2n             1.2674
NEG_L2n             -10.4803
NEG_W3n             -6.4386
NEG_L3n             5.1005
task                normal
DATASET             1
DataPath            ./dataset
InputNoise          0.0
IN_test             0.0
R_train             1
R_test              1
N_time              32
pathnorm            False
hidden              [3]
skipconnection      False
SEED                0
DEVICE              cpu
PATIENCE            500
EPOCH               10000000000
LR                  0.1
PROGRESSIVE         True
LR_PATIENCE         100
LR_DECAY            0.5
LR_MIN              0.0001
metric              acc
SoftEva             True
TIMELIMITATION      71
MODE                nominal
M_train             1
K_train             1
M_test              1
K_test              1
t_test_max          1
integration         MC
N_train             1
e_train             0.0
N_test              100
e_test              0.1
e_fault             2
fault_ratio         0.0
N_fault             50
e_fault_test        0
N_fault_test        50
dropout             0.0
lagrangian_loss     False
rho                 100
powerestimator      none
powerbalance        0.0
estimatorbalance    0.0
pgmin               1e-07
power_ratio         1000
lambda_P            100
areaestimator       none
areabalance         0.0
area_theta          0.15
area_act            30.0
area_neg            22.7
lambda_A            0.001
lnc                 False
projectname         tanh_0_FaultAnalysisNormal
temppath            ./tanh_0_FaultAnalysisNormal/temp/
logfilepath         ./tanh_0_FaultAnalysisNormal/log/
report_freq         10
recording           False
recordpath          ./tanh_0_FaultAnalysisNormal/record/
savepath            ./tanh_0_FaultAnalysisNormal/models/
loglevel            info


2024-09-14 08:36:54,611 - INFO -
Training network on device: cpu.

2024-09-14 08:36:54,612 - INFO -
Training setup: data_01_balancescale_seed_00_epsilon_0.0_dropout_0.0_fault_ratio_0.0.model.

2024-09-14 08:36:54,612 - INFO -
{'dataname': 'balancescale', 'N_feature': 4, 'N_class': 3, 'N_train': 373, 'N_valid': 124, 'N_test': 79}

2024-09-14 08:36:54,612 - INFO -
Training was already finished.

