2024-09-09 23:57:34,941 - INFO -
Configuration: 
gmin                0.01
gmax                10.0
T                   0.1
m                   0.3
type_nonlinear      normal
act                 tanh
ACT_R1n             12.7865
ACT_R2n             -3.1871
ACT_W1n             -10.4537
ACT_L1n             10.546
ACT_W2n             -5.8496
ACT_L2n             4.2337
S_R1n               -11.7481
S_R2n               -0.3905
S_W1n               -9.169
S_L1n               0.3913
S_W2n               7.2004
S_L2n               15.5558
ReLU_RHn            -1.9557
ReLU_RLn            -20.1581
ReLU_RDn            16.6486
ReLU_RBn            -14.3472
ReLU_Wn             16.655
ReLU_Ln             -21.7591
HS_Rn               -0.3766
HS_Wn               0.5192
HS_Ln               4.6293
NEG_R1n             -7.0846
NEG_R2n             -2.5695
NEG_R3n             16.1542
NEG_W1n             13.8696
NEG_L1n             2.7635
NEG_W2n             1.2674
NEG_L2n             -10.4803
NEG_W3n             -6.4386
NEG_L3n             5.1005
task                normal
DATASET             11
DataPath            ./dataset
InputNoise          0.0
IN_test             0.0
R_train             1
R_test              1
N_time              32
pathnorm            False
hidden              [3]
skipconnection      False
SEED                2
DEVICE              cpu
PATIENCE            500
EPOCH               10000000000
LR                  0.1
PROGRESSIVE         True
LR_PATIENCE         100
LR_DECAY            0.5
LR_MIN              0.0001
metric              acc
SoftEva             True
TIMELIMITATION      71
MODE                nominal
M_train             1
K_train             1
M_test              1
K_test              1
t_test_max          1
integration         MC
N_train             1
e_train             0.0
N_test              100
e_test              0.1
e_fault             2
fault_ratio         0.0
N_fault             50
e_fault_test        0
N_fault_test        50
dropout             0.0
lagrangian_loss     False
rho                 100
powerestimator      none
powerbalance        0.0
estimatorbalance    0.0
pgmin               1e-07
power_ratio         1000
lambda_P            100
areaestimator       none
areabalance         0.0
area_theta          0.15
area_act            30.0
area_neg            22.7
lambda_A            0.001
lnc                 False
projectname         tanh_0_FaultAnalysisNormal
temppath            ./tanh_0_FaultAnalysisNormal/temp/
logfilepath         ./tanh_0_FaultAnalysisNormal/log/
report_freq         10
recording           False
recordpath          ./tanh_0_FaultAnalysisNormal/record/
savepath            ./tanh_0_FaultAnalysisNormal/models/
loglevel            info


2024-09-09 23:57:34,942 - INFO -
Training network on device: cpu.

2024-09-09 23:57:34,942 - INFO -
Training setup: data_11_vertebralcolumn2clases_seed_02_epsilon_0.0_dropout_0.0_fault_ratio_0.0.model.

2024-09-09 23:57:34,942 - INFO -
{'dataname': 'vertebralcolumn2clases', 'N_feature': 6, 'N_class': 2, 'N_train': 184, 'N_valid': 61, 'N_test': 63}

2024-09-09 23:57:34,942 - INFO -
Topology of the network: [6, 3, 2].

2024-09-09 23:57:36,558 - INFO -
| Epoch:      0 | Train loss: 6.9321e-01 | Valid loss: 6.6254e-01 | Train acc: 0.3043 ± 0.0000 | Valid acc: 0.6721 ± 0.0000 | Valid Power: 0.0008 | Train Power: 0.0004 | patience:   0 | lr: 0.1 | Epoch time: 0.1 |

2024-09-09 23:57:37,465 - INFO -
| Epoch:     10 | Train loss: 6.2307e-01 | Valid loss: 6.4477e-01 | Train acc: 0.6957 ± 0.0000 | Valid acc: 0.6721 ± 0.0000 | Valid Power: 0.0007 | Train Power: 0.0007 | patience:   8 | lr: 0.1 | Epoch time: 0.1 |

2024-09-09 23:57:38,369 - INFO -
| Epoch:     20 | Train loss: 6.1574e-01 | Valid loss: 6.3302e-01 | Train acc: 0.6957 ± 0.0000 | Valid acc: 0.6721 ± 0.0000 | Valid Power: 0.0007 | Train Power: 0.0007 | patience:   1 | lr: 0.1 | Epoch time: 0.1 |

2024-09-09 23:57:39,267 - INFO -
| Epoch:     30 | Train loss: 6.1259e-01 | Valid loss: 6.2886e-01 | Train acc: 0.6957 ± 0.0000 | Valid acc: 0.6721 ± 0.0000 | Valid Power: 0.0008 | Train Power: 0.0007 | patience:   0 | lr: 0.1 | Epoch time: 0.1 |

2024-09-09 23:57:40,191 - INFO -
| Epoch:     40 | Train loss: 5.7498e-01 | Valid loss: 5.6745e-01 | Train acc: 0.6957 ± 0.0000 | Valid acc: 0.6721 ± 0.0000 | Valid Power: 0.0008 | Train Power: 0.0009 | patience:   0 | lr: 0.1 | Epoch time: 0.1 |

2024-09-09 23:57:41,107 - INFO -
| Epoch:     50 | Train loss: 5.5017e-01 | Valid loss: 5.4197e-01 | Train acc: 0.6957 ± 0.0000 | Valid acc: 0.6721 ± 0.0000 | Valid Power: 0.0008 | Train Power: 0.0008 | patience:   1 | lr: 0.1 | Epoch time: 0.1 |

2024-09-09 23:57:42,002 - INFO -
| Epoch:     60 | Train loss: 5.5357e-01 | Valid loss: 5.5407e-01 | Train acc: 0.6957 ± 0.0000 | Valid acc: 0.6721 ± 0.0000 | Valid Power: 0.0009 | Train Power: 0.0094 | patience:  11 | lr: 0.1 | Epoch time: 0.1 |

2024-09-09 23:57:42,964 - INFO -
| Epoch:     70 | Train loss: 5.4253e-01 | Valid loss: 5.2900e-01 | Train acc: 0.6685 ± 0.0000 | Valid acc: 0.7213 ± 0.0000 | Valid Power: 0.0008 | Train Power: 0.0008 | patience:   1 | lr: 0.1 | Epoch time: 0.1 |

2024-09-09 23:57:43,858 - INFO -
| Epoch:     80 | Train loss: 5.3959e-01 | Valid loss: 5.3685e-01 | Train acc: 0.6957 ± 0.0000 | Valid acc: 0.6721 ± 0.0000 | Valid Power: 0.0008 | Train Power: 0.0008 | patience:  11 | lr: 0.1 | Epoch time: 0.1 |

2024-09-09 23:57:44,749 - INFO -
| Epoch:     90 | Train loss: 5.6207e-01 | Valid loss: 5.6487e-01 | Train acc: 0.6957 ± 0.0000 | Valid acc: 0.6721 ± 0.0000 | Valid Power: 0.0008 | Train Power: 0.0008 | patience:  21 | lr: 0.1 | Epoch time: 0.1 |

2024-09-09 23:57:45,641 - INFO -
| Epoch:    100 | Train loss: 5.4950e-01 | Valid loss: 5.2389e-01 | Train acc: 0.6957 ± 0.0000 | Valid acc: 0.6721 ± 0.0000 | Valid Power: 0.0008 | Train Power: 0.0008 | patience:  31 | lr: 0.1 | Epoch time: 0.1 |

2024-09-09 23:57:46,540 - INFO -
| Epoch:    110 | Train loss: 5.4694e-01 | Valid loss: 5.2555e-01 | Train acc: 0.6630 ± 0.0000 | Valid acc: 0.7705 ± 0.0000 | Valid Power: 0.0009 | Train Power: 0.0008 | patience:   1 | lr: 0.1 | Epoch time: 0.1 |

2024-09-09 23:57:47,437 - INFO -
| Epoch:    120 | Train loss: 5.3624e-01 | Valid loss: 5.1340e-01 | Train acc: 0.6848 ± 0.0000 | Valid acc: 0.6885 ± 0.0000 | Valid Power: 0.0008 | Train Power: 0.0008 | patience:   0 | lr: 0.1 | Epoch time: 0.1 |

2024-09-09 23:57:48,329 - INFO -
| Epoch:    130 | Train loss: 5.4313e-01 | Valid loss: 5.3486e-01 | Train acc: 0.6902 ± 0.0000 | Valid acc: 0.6721 ± 0.0000 | Valid Power: 0.0008 | Train Power: 0.0008 | patience:  10 | lr: 0.1 | Epoch time: 0.1 |

2024-09-09 23:57:49,325 - INFO -
| Epoch:    140 | Train loss: 5.3416e-01 | Valid loss: 5.2772e-01 | Train acc: 0.6902 ± 0.0000 | Valid acc: 0.6721 ± 0.0000 | Valid Power: 0.0008 | Train Power: 0.0008 | patience:   4 | lr: 0.1 | Epoch time: 0.1 |

2024-09-09 23:57:50,225 - INFO -
| Epoch:    150 | Train loss: 5.3978e-01 | Valid loss: 5.3978e-01 | Train acc: 0.6957 ± 0.0000 | Valid acc: 0.6721 ± 0.0000 | Valid Power: 0.0008 | Train Power: 0.0008 | patience:  14 | lr: 0.1 | Epoch time: 0.1 |

2024-09-09 23:57:51,118 - INFO -
| Epoch:    160 | Train loss: 5.3715e-01 | Valid loss: 5.3704e-01 | Train acc: 0.6957 ± 0.0000 | Valid acc: 0.6721 ± 0.0000 | Valid Power: 0.0008 | Train Power: 0.0008 | patience:  24 | lr: 0.1 | Epoch time: 0.1 |

2024-09-09 23:57:52,012 - INFO -
| Epoch:    170 | Train loss: 5.3574e-01 | Valid loss: 5.3875e-01 | Train acc: 0.6957 ± 0.0000 | Valid acc: 0.6721 ± 0.0000 | Valid Power: 0.0008 | Train Power: 0.0008 | patience:  34 | lr: 0.1 | Epoch time: 0.1 |

2024-09-09 23:57:52,903 - INFO -
| Epoch:    180 | Train loss: 5.3505e-01 | Valid loss: 5.4531e-01 | Train acc: 0.6957 ± 0.0000 | Valid acc: 0.6721 ± 0.0000 | Valid Power: 0.0008 | Train Power: 0.0008 | patience:  44 | lr: 0.1 | Epoch time: 0.1 |

2024-09-09 23:57:53,795 - INFO -
| Epoch:    190 | Train loss: 5.3415e-01 | Valid loss: 5.4163e-01 | Train acc: 0.6957 ± 0.0000 | Valid acc: 0.6721 ± 0.0000 | Valid Power: 0.0008 | Train Power: 0.0008 | patience:  54 | lr: 0.1 | Epoch time: 0.1 |

2024-09-09 23:57:54,688 - INFO -
| Epoch:    200 | Train loss: 5.3173e-01 | Valid loss: 5.4324e-01 | Train acc: 0.6957 ± 0.0000 | Valid acc: 0.6721 ± 0.0000 | Valid Power: 0.0008 | Train Power: 0.0010 | patience:  64 | lr: 0.1 | Epoch time: 0.1 |

2024-09-09 23:57:55,581 - INFO -
| Epoch:    210 | Train loss: 5.3159e-01 | Valid loss: 5.4706e-01 | Train acc: 0.6957 ± 0.0000 | Valid acc: 0.6721 ± 0.0000 | Valid Power: 0.0008 | Train Power: 0.0008 | patience:  74 | lr: 0.1 | Epoch time: 0.1 |

2024-09-09 23:57:56,474 - INFO -
| Epoch:    220 | Train loss: 5.2605e-01 | Valid loss: 5.4688e-01 | Train acc: 0.6957 ± 0.0000 | Valid acc: 0.6721 ± 0.0000 | Valid Power: 0.0008 | Train Power: 0.0008 | patience:  84 | lr: 0.1 | Epoch time: 0.1 |

2024-09-09 23:57:57,367 - INFO -
| Epoch:    230 | Train loss: 5.2557e-01 | Valid loss: 5.4068e-01 | Train acc: 0.6957 ± 0.0000 | Valid acc: 0.6721 ± 0.0000 | Valid Power: 0.0008 | Train Power: 0.0008 | patience:  94 | lr: 0.1 | Epoch time: 0.1 |

2024-09-09 23:57:57,996 - INFO -
load best network to warm start training with lower lr.

2024-09-09 23:57:57,996 - INFO -
lr update to 0.05.

2024-09-09 23:57:58,274 - INFO -
| Epoch:    240 | Train loss: 5.3670e-01 | Valid loss: 5.0711e-01 | Train acc: 0.6522 ± 0.0000 | Valid acc: 0.7869 ± 0.0000 | Valid Power: 0.0008 | Train Power: 0.0008 | patience:   0 | lr: 0.05 | Epoch time: 0.1 |

2024-09-09 23:57:59,567 - INFO -
| Epoch:    250 | Train loss: 5.3660e-01 | Valid loss: 5.3100e-01 | Train acc: 0.6957 ± 0.0000 | Valid acc: 0.6721 ± 0.0000 | Valid Power: 0.0008 | Train Power: 0.0008 | patience:  10 | lr: 0.05 | Epoch time: 0.1 |

2024-09-09 23:58:00,821 - INFO -
| Epoch:    260 | Train loss: 5.2634e-01 | Valid loss: 5.3736e-01 | Train acc: 0.6957 ± 0.0000 | Valid acc: 0.6721 ± 0.0000 | Valid Power: 0.0008 | Train Power: 0.0008 | patience:  20 | lr: 0.05 | Epoch time: 0.1 |

2024-09-09 23:58:02,075 - INFO -
| Epoch:    270 | Train loss: 5.2959e-01 | Valid loss: 5.2354e-01 | Train acc: 0.6902 ± 0.0000 | Valid acc: 0.7377 ± 0.0000 | Valid Power: 0.0008 | Train Power: 0.0008 | patience:  30 | lr: 0.05 | Epoch time: 0.1 |

2024-09-09 23:58:03,329 - INFO -
| Epoch:    280 | Train loss: 5.4121e-01 | Valid loss: 5.5014e-01 | Train acc: 0.6957 ± 0.0000 | Valid acc: 0.6721 ± 0.0000 | Valid Power: 0.0006 | Train Power: 0.0006 | patience:  40 | lr: 0.05 | Epoch time: 0.1 |

2024-09-09 23:58:04,581 - INFO -
| Epoch:    290 | Train loss: 5.2187e-01 | Valid loss: 5.1857e-01 | Train acc: 0.6957 ± 0.0000 | Valid acc: 0.6721 ± 0.0000 | Valid Power: 0.0006 | Train Power: 0.0007 | patience:  50 | lr: 0.05 | Epoch time: 0.1 |

2024-09-09 23:58:05,837 - INFO -
| Epoch:    300 | Train loss: 5.1567e-01 | Valid loss: 5.0631e-01 | Train acc: 0.6902 ± 0.0000 | Valid acc: 0.6885 ± 0.0000 | Valid Power: 0.0011 | Train Power: 0.0006 | patience:   2 | lr: 0.05 | Epoch time: 0.1 |

2024-09-09 23:58:07,118 - INFO -
| Epoch:    310 | Train loss: 5.1030e-01 | Valid loss: 5.0029e-01 | Train acc: 0.7011 ± 0.0000 | Valid acc: 0.7869 ± 0.0000 | Valid Power: 0.0006 | Train Power: 0.0006 | patience:   0 | lr: 0.05 | Epoch time: 0.1 |

2024-09-09 23:58:08,151 - INFO -
| Epoch:    320 | Train loss: 5.0960e-01 | Valid loss: 4.9849e-01 | Train acc: 0.7120 ± 0.0000 | Valid acc: 0.7869 ± 0.0000 | Valid Power: 0.0006 | Train Power: 0.0006 | patience:   0 | lr: 0.05 | Epoch time: 0.1 |

2024-09-09 23:58:09,060 - INFO -
| Epoch:    330 | Train loss: 5.1284e-01 | Valid loss: 4.9735e-01 | Train acc: 0.7011 ± 0.0000 | Valid acc: 0.7869 ± 0.0000 | Valid Power: 0.0006 | Train Power: 0.0006 | patience:   1 | lr: 0.05 | Epoch time: 0.1 |

2024-09-09 23:58:09,967 - INFO -
| Epoch:    340 | Train loss: 5.0428e-01 | Valid loss: 4.9072e-01 | Train acc: 0.7065 ± 0.0000 | Valid acc: 0.8033 ± 0.0000 | Valid Power: 0.0006 | Train Power: 0.0006 | patience:   0 | lr: 0.05 | Epoch time: 0.1 |

2024-09-09 23:58:10,872 - INFO -
| Epoch:    350 | Train loss: 5.0355e-01 | Valid loss: 4.9060e-01 | Train acc: 0.7283 ± 0.0000 | Valid acc: 0.7869 ± 0.0000 | Valid Power: 0.0007 | Train Power: 0.0007 | patience:   3 | lr: 0.05 | Epoch time: 0.1 |

2024-09-09 23:58:11,774 - INFO -
| Epoch:    360 | Train loss: 5.0232e-01 | Valid loss: 4.8950e-01 | Train acc: 0.7120 ± 0.0000 | Valid acc: 0.8033 ± 0.0000 | Valid Power: 0.0025 | Train Power: 0.0009 | patience:   2 | lr: 0.05 | Epoch time: 0.1 |

2024-09-09 23:58:12,673 - INFO -
| Epoch:    370 | Train loss: 5.0102e-01 | Valid loss: 4.8805e-01 | Train acc: 0.7228 ± 0.0000 | Valid acc: 0.8033 ± 0.0000 | Valid Power: 0.0008 | Train Power: 0.0008 | patience:   1 | lr: 0.05 | Epoch time: 0.1 |

2024-09-09 23:58:13,581 - INFO -
| Epoch:    380 | Train loss: 5.0321e-01 | Valid loss: 4.8818e-01 | Train acc: 0.7174 ± 0.0000 | Valid acc: 0.8033 ± 0.0000 | Valid Power: 0.0007 | Train Power: 0.0007 | patience:   1 | lr: 0.05 | Epoch time: 0.1 |

2024-09-09 23:58:14,477 - INFO -
| Epoch:    390 | Train loss: 5.0137e-01 | Valid loss: 4.8886e-01 | Train acc: 0.7337 ± 0.0000 | Valid acc: 0.8033 ± 0.0000 | Valid Power: 0.0007 | Train Power: 0.0007 | patience:   5 | lr: 0.05 | Epoch time: 0.1 |

2024-09-09 23:58:15,403 - INFO -
| Epoch:    400 | Train loss: 4.9838e-01 | Valid loss: 4.9081e-01 | Train acc: 0.7935 ± 0.0000 | Valid acc: 0.7049 ± 0.0000 | Valid Power: 0.0007 | Train Power: 0.0007 | patience:   5 | lr: 0.05 | Epoch time: 0.1 |

2024-09-09 23:58:16,377 - INFO -
| Epoch:    410 | Train loss: 4.9275e-01 | Valid loss: 4.8269e-01 | Train acc: 0.7554 ± 0.0000 | Valid acc: 0.8033 ± 0.0000 | Valid Power: 0.0007 | Train Power: 0.0007 | patience:   3 | lr: 0.05 | Epoch time: 0.1 |

2024-09-09 23:58:17,293 - INFO -
| Epoch:    420 | Train loss: 4.9212e-01 | Valid loss: 4.6478e-01 | Train acc: 0.7337 ± 0.0000 | Valid acc: 0.8033 ± 0.0000 | Valid Power: 0.0007 | Train Power: 0.0007 | patience:   0 | lr: 0.05 | Epoch time: 0.1 |

2024-09-09 23:58:18,192 - INFO -
| Epoch:    430 | Train loss: 4.8000e-01 | Valid loss: 4.8004e-01 | Train acc: 0.7337 ± 0.0000 | Valid acc: 0.8033 ± 0.0000 | Valid Power: 0.0007 | Train Power: 0.0007 | patience:   9 | lr: 0.05 | Epoch time: 0.1 |

2024-09-09 23:58:19,101 - INFO -
| Epoch:    440 | Train loss: 4.7742e-01 | Valid loss: 4.5323e-01 | Train acc: 0.7337 ± 0.0000 | Valid acc: 0.8033 ± 0.0000 | Valid Power: 0.0007 | Train Power: 0.0007 | patience:   1 | lr: 0.05 | Epoch time: 0.1 |

2024-09-09 23:58:19,995 - INFO -
| Epoch:    450 | Train loss: 4.6347e-01 | Valid loss: 4.6751e-01 | Train acc: 0.7337 ± 0.0000 | Valid acc: 0.8033 ± 0.0000 | Valid Power: 0.0007 | Train Power: 0.0007 | patience:  11 | lr: 0.05 | Epoch time: 0.1 |

2024-09-09 23:58:20,889 - INFO -
| Epoch:    460 | Train loss: 4.5649e-01 | Valid loss: 4.5346e-01 | Train acc: 0.7935 ± 0.0000 | Valid acc: 0.7869 ± 0.0000 | Valid Power: 0.0007 | Train Power: 0.0007 | patience:  21 | lr: 0.05 | Epoch time: 0.1 |

2024-09-09 23:58:21,783 - INFO -
| Epoch:    470 | Train loss: 4.4916e-01 | Valid loss: 4.4935e-01 | Train acc: 0.8533 ± 0.0000 | Valid acc: 0.7869 ± 0.0000 | Valid Power: 0.0007 | Train Power: 0.0007 | patience:  31 | lr: 0.05 | Epoch time: 0.1 |

2024-09-09 23:58:22,677 - INFO -
| Epoch:    480 | Train loss: 4.4794e-01 | Valid loss: 4.6626e-01 | Train acc: 0.8370 ± 0.0000 | Valid acc: 0.7377 ± 0.0000 | Valid Power: 0.0007 | Train Power: 0.0007 | patience:  41 | lr: 0.05 | Epoch time: 0.1 |

2024-09-09 23:58:23,572 - INFO -
| Epoch:    490 | Train loss: 4.4158e-01 | Valid loss: 4.7778e-01 | Train acc: 0.8424 ± 0.0000 | Valid acc: 0.7377 ± 0.0000 | Valid Power: 0.0007 | Train Power: 0.0007 | patience:  51 | lr: 0.05 | Epoch time: 0.1 |

2024-09-09 23:58:24,468 - INFO -
| Epoch:    500 | Train loss: 4.3936e-01 | Valid loss: 4.9085e-01 | Train acc: 0.8370 ± 0.0000 | Valid acc: 0.7049 ± 0.0000 | Valid Power: 0.0007 | Train Power: 0.0007 | patience:  61 | lr: 0.05 | Epoch time: 0.1 |

2024-09-09 23:58:25,370 - INFO -
| Epoch:    510 | Train loss: 4.2833e-01 | Valid loss: 4.5807e-01 | Train acc: 0.8587 ± 0.0000 | Valid acc: 0.7705 ± 0.0000 | Valid Power: 0.0007 | Train Power: 0.0007 | patience:  71 | lr: 0.05 | Epoch time: 0.1 |

2024-09-09 23:58:26,264 - INFO -
| Epoch:    520 | Train loss: 4.3305e-01 | Valid loss: 4.7642e-01 | Train acc: 0.8424 ± 0.0000 | Valid acc: 0.7541 ± 0.0000 | Valid Power: 0.0007 | Train Power: 0.0007 | patience:  81 | lr: 0.05 | Epoch time: 0.1 |

2024-09-09 23:58:27,158 - INFO -
| Epoch:    530 | Train loss: 4.2221e-01 | Valid loss: 4.5654e-01 | Train acc: 0.8533 ± 0.0000 | Valid acc: 0.7705 ± 0.0000 | Valid Power: 0.0007 | Train Power: 0.0007 | patience:  91 | lr: 0.05 | Epoch time: 0.1 |

2024-09-09 23:58:28,055 - INFO -
load best network to warm start training with lower lr.

2024-09-09 23:58:28,055 - INFO -
lr update to 0.025.

2024-09-09 23:58:28,055 - INFO -
| Epoch:    540 | Train loss: 4.1599e-01 | Valid loss: 4.5841e-01 | Train acc: 0.8533 ± 0.0000 | Valid acc: 0.7869 ± 0.0000 | Valid Power: 0.0007 | Train Power: 0.0007 | patience:   0 | lr: 0.025 | Epoch time: 0.1 |

2024-09-09 23:58:28,950 - INFO -
| Epoch:    550 | Train loss: 4.5627e-01 | Valid loss: 4.5512e-01 | Train acc: 0.7880 ± 0.0000 | Valid acc: 0.7869 ± 0.0000 | Valid Power: 0.0007 | Train Power: 0.0007 | patience:  10 | lr: 0.025 | Epoch time: 0.1 |

2024-09-09 23:58:29,844 - INFO -
| Epoch:    560 | Train loss: 4.5036e-01 | Valid loss: 4.5813e-01 | Train acc: 0.8533 ± 0.0000 | Valid acc: 0.7705 ± 0.0000 | Valid Power: 0.0007 | Train Power: 0.0007 | patience:  20 | lr: 0.025 | Epoch time: 0.1 |

2024-09-09 23:58:30,741 - INFO -
| Epoch:    570 | Train loss: 4.4165e-01 | Valid loss: 4.6423e-01 | Train acc: 0.8587 ± 0.0000 | Valid acc: 0.7705 ± 0.0000 | Valid Power: 0.0007 | Train Power: 0.0007 | patience:  30 | lr: 0.025 | Epoch time: 0.1 |

2024-09-09 23:58:31,636 - INFO -
| Epoch:    580 | Train loss: 4.3752e-01 | Valid loss: 4.7205e-01 | Train acc: 0.8587 ± 0.0000 | Valid acc: 0.7705 ± 0.0000 | Valid Power: 0.0007 | Train Power: 0.0007 | patience:  40 | lr: 0.025 | Epoch time: 0.1 |

2024-09-09 23:58:32,531 - INFO -
| Epoch:    590 | Train loss: 4.3318e-01 | Valid loss: 4.6619e-01 | Train acc: 0.8587 ± 0.0000 | Valid acc: 0.7705 ± 0.0000 | Valid Power: 0.0007 | Train Power: 0.0007 | patience:  50 | lr: 0.025 | Epoch time: 0.1 |

2024-09-09 23:58:33,426 - INFO -
| Epoch:    600 | Train loss: 4.2968e-01 | Valid loss: 4.6328e-01 | Train acc: 0.8587 ± 0.0000 | Valid acc: 0.7705 ± 0.0000 | Valid Power: 0.0007 | Train Power: 0.0007 | patience:  60 | lr: 0.025 | Epoch time: 0.1 |

2024-09-09 23:58:34,322 - INFO -
| Epoch:    610 | Train loss: 4.2640e-01 | Valid loss: 4.6268e-01 | Train acc: 0.8587 ± 0.0000 | Valid acc: 0.7705 ± 0.0000 | Valid Power: 0.0007 | Train Power: 0.0007 | patience:  70 | lr: 0.025 | Epoch time: 0.1 |

2024-09-09 23:58:35,310 - INFO -
| Epoch:    620 | Train loss: 4.2339e-01 | Valid loss: 4.6198e-01 | Train acc: 0.8587 ± 0.0000 | Valid acc: 0.7705 ± 0.0000 | Valid Power: 0.0007 | Train Power: 0.0007 | patience:  80 | lr: 0.025 | Epoch time: 0.1 |

2024-09-09 23:58:36,205 - INFO -
| Epoch:    630 | Train loss: 4.2057e-01 | Valid loss: 4.6187e-01 | Train acc: 0.8587 ± 0.0000 | Valid acc: 0.7705 ± 0.0000 | Valid Power: 0.0007 | Train Power: 0.0007 | patience:  90 | lr: 0.025 | Epoch time: 0.1 |

2024-09-09 23:58:37,101 - INFO -
| Epoch:    640 | Train loss: 4.1787e-01 | Valid loss: 4.6151e-01 | Train acc: 0.8587 ± 0.0000 | Valid acc: 0.7705 ± 0.0000 | Valid Power: 0.0007 | Train Power: 0.0007 | patience: 100 | lr: 0.025 | Epoch time: 0.1 |

2024-09-09 23:58:37,194 - INFO -
load best network to warm start training with lower lr.

2024-09-09 23:58:37,194 - INFO -
lr update to 0.0125.

2024-09-09 23:58:37,999 - INFO -
| Epoch:    650 | Train loss: 4.5946e-01 | Valid loss: 4.6095e-01 | Train acc: 0.7337 ± 0.0000 | Valid acc: 0.8033 ± 0.0000 | Valid Power: 0.0007 | Train Power: 0.0007 | patience:   9 | lr: 0.0125 | Epoch time: 0.1 |

2024-09-09 23:58:38,893 - INFO -
| Epoch:    660 | Train loss: 4.5502e-01 | Valid loss: 4.5939e-01 | Train acc: 0.7880 ± 0.0000 | Valid acc: 0.7869 ± 0.0000 | Valid Power: 0.0007 | Train Power: 0.0007 | patience:  19 | lr: 0.0125 | Epoch time: 0.1 |

2024-09-09 23:58:39,789 - INFO -
| Epoch:    670 | Train loss: 4.5162e-01 | Valid loss: 4.5663e-01 | Train acc: 0.8478 ± 0.0000 | Valid acc: 0.7705 ± 0.0000 | Valid Power: 0.0007 | Train Power: 0.0007 | patience:  29 | lr: 0.0125 | Epoch time: 0.1 |

2024-09-09 23:58:40,686 - INFO -
| Epoch:    680 | Train loss: 4.4772e-01 | Valid loss: 4.5785e-01 | Train acc: 0.8587 ± 0.0000 | Valid acc: 0.7705 ± 0.0000 | Valid Power: 0.0007 | Train Power: 0.0007 | patience:  39 | lr: 0.0125 | Epoch time: 0.1 |

2024-09-09 23:58:41,583 - INFO -
| Epoch:    690 | Train loss: 4.4267e-01 | Valid loss: 4.5900e-01 | Train acc: 0.8587 ± 0.0000 | Valid acc: 0.7705 ± 0.0000 | Valid Power: 0.0007 | Train Power: 0.0007 | patience:  49 | lr: 0.0125 | Epoch time: 0.1 |

2024-09-09 23:58:42,480 - INFO -
| Epoch:    700 | Train loss: 4.3900e-01 | Valid loss: 4.6512e-01 | Train acc: 0.8587 ± 0.0000 | Valid acc: 0.7705 ± 0.0000 | Valid Power: 0.0007 | Train Power: 0.0007 | patience:  59 | lr: 0.0125 | Epoch time: 0.1 |

2024-09-09 23:58:43,375 - INFO -
| Epoch:    710 | Train loss: 4.3650e-01 | Valid loss: 4.6601e-01 | Train acc: 0.8587 ± 0.0000 | Valid acc: 0.7869 ± 0.0000 | Valid Power: 0.0007 | Train Power: 0.0007 | patience:  69 | lr: 0.0125 | Epoch time: 0.1 |

2024-09-09 23:58:44,270 - INFO -
| Epoch:    720 | Train loss: 4.3436e-01 | Valid loss: 4.6479e-01 | Train acc: 0.8587 ± 0.0000 | Valid acc: 0.7705 ± 0.0000 | Valid Power: 0.0007 | Train Power: 0.0007 | patience:  79 | lr: 0.0125 | Epoch time: 0.1 |

2024-09-09 23:58:45,174 - INFO -
| Epoch:    730 | Train loss: 4.3167e-01 | Valid loss: 4.6207e-01 | Train acc: 0.8587 ± 0.0000 | Valid acc: 0.7705 ± 0.0000 | Valid Power: 0.0007 | Train Power: 0.0007 | patience:  89 | lr: 0.0125 | Epoch time: 0.1 |

2024-09-09 23:58:46,069 - INFO -
| Epoch:    740 | Train loss: 4.2958e-01 | Valid loss: 4.6045e-01 | Train acc: 0.8587 ± 0.0000 | Valid acc: 0.7705 ± 0.0000 | Valid Power: 0.0007 | Train Power: 0.0007 | patience:  99 | lr: 0.0125 | Epoch time: 0.1 |

2024-09-09 23:58:46,252 - INFO -
load best network to warm start training with lower lr.

2024-09-09 23:58:46,252 - INFO -
lr update to 0.00625.

2024-09-09 23:58:46,968 - INFO -
| Epoch:    750 | Train loss: 4.6690e-01 | Valid loss: 4.5228e-01 | Train acc: 0.7337 ± 0.0000 | Valid acc: 0.8033 ± 0.0000 | Valid Power: 0.0007 | Train Power: 0.0007 | patience:   8 | lr: 0.00625 | Epoch time: 0.1 |

2024-09-09 23:58:47,864 - INFO -
| Epoch:    760 | Train loss: 4.5890e-01 | Valid loss: 4.5799e-01 | Train acc: 0.7337 ± 0.0000 | Valid acc: 0.8033 ± 0.0000 | Valid Power: 0.0007 | Train Power: 0.0007 | patience:  18 | lr: 0.00625 | Epoch time: 0.1 |

2024-09-09 23:58:48,758 - INFO -
| Epoch:    770 | Train loss: 4.5609e-01 | Valid loss: 4.5586e-01 | Train acc: 0.7391 ± 0.0000 | Valid acc: 0.8033 ± 0.0000 | Valid Power: 0.0007 | Train Power: 0.0007 | patience:  28 | lr: 0.00625 | Epoch time: 0.1 |

2024-09-09 23:58:49,652 - INFO -
| Epoch:    780 | Train loss: 4.5422e-01 | Valid loss: 4.5635e-01 | Train acc: 0.7880 ± 0.0000 | Valid acc: 0.7869 ± 0.0000 | Valid Power: 0.0007 | Train Power: 0.0007 | patience:  38 | lr: 0.00625 | Epoch time: 0.1 |

2024-09-09 23:58:50,547 - INFO -
| Epoch:    790 | Train loss: 4.5246e-01 | Valid loss: 4.5679e-01 | Train acc: 0.8370 ± 0.0000 | Valid acc: 0.7705 ± 0.0000 | Valid Power: 0.0007 | Train Power: 0.0007 | patience:  48 | lr: 0.00625 | Epoch time: 0.1 |

2024-09-09 23:58:51,441 - INFO -
| Epoch:    800 | Train loss: 4.5062e-01 | Valid loss: 4.5522e-01 | Train acc: 0.8533 ± 0.0000 | Valid acc: 0.7869 ± 0.0000 | Valid Power: 0.0007 | Train Power: 0.0007 | patience:  58 | lr: 0.00625 | Epoch time: 0.1 |

2024-09-09 23:58:52,336 - INFO -
| Epoch:    810 | Train loss: 4.4837e-01 | Valid loss: 4.5468e-01 | Train acc: 0.8587 ± 0.0000 | Valid acc: 0.7705 ± 0.0000 | Valid Power: 0.0008 | Train Power: 0.0007 | patience:  68 | lr: 0.00625 | Epoch time: 0.1 |

2024-09-09 23:58:53,230 - INFO -
| Epoch:    820 | Train loss: 4.4583e-01 | Valid loss: 4.5485e-01 | Train acc: 0.8587 ± 0.0000 | Valid acc: 0.7705 ± 0.0000 | Valid Power: 0.0007 | Train Power: 0.0007 | patience:  78 | lr: 0.00625 | Epoch time: 0.1 |

2024-09-09 23:58:54,126 - INFO -
| Epoch:    830 | Train loss: 4.4295e-01 | Valid loss: 4.5622e-01 | Train acc: 0.8587 ± 0.0000 | Valid acc: 0.7705 ± 0.0000 | Valid Power: 0.0007 | Train Power: 0.0007 | patience:  88 | lr: 0.00625 | Epoch time: 0.1 |

2024-09-09 23:58:55,021 - INFO -
| Epoch:    840 | Train loss: 4.4032e-01 | Valid loss: 4.5891e-01 | Train acc: 0.8587 ± 0.0000 | Valid acc: 0.7705 ± 0.0000 | Valid Power: 0.0007 | Train Power: 0.0007 | patience:  98 | lr: 0.00625 | Epoch time: 0.1 |

2024-09-09 23:58:55,293 - INFO -
load best network to warm start training with lower lr.

2024-09-09 23:58:55,293 - INFO -
lr update to 0.003125.

2024-09-09 23:58:55,921 - INFO -
| Epoch:    850 | Train loss: 4.7459e-01 | Valid loss: 4.4711e-01 | Train acc: 0.7337 ± 0.0000 | Valid acc: 0.8033 ± 0.0000 | Valid Power: 0.0007 | Train Power: 0.0007 | patience:   7 | lr: 0.003125 | Epoch time: 0.1 |

2024-09-09 23:58:56,817 - INFO -
| Epoch:    860 | Train loss: 4.6672e-01 | Valid loss: 4.5418e-01 | Train acc: 0.7337 ± 0.0000 | Valid acc: 0.8033 ± 0.0000 | Valid Power: 0.0007 | Train Power: 0.0007 | patience:  17 | lr: 0.003125 | Epoch time: 0.1 |

2024-09-09 23:58:57,713 - INFO -
| Epoch:    870 | Train loss: 4.6184e-01 | Valid loss: 4.5535e-01 | Train acc: 0.7337 ± 0.0000 | Valid acc: 0.8033 ± 0.0000 | Valid Power: 0.0007 | Train Power: 0.0007 | patience:  27 | lr: 0.003125 | Epoch time: 0.1 |

2024-09-09 23:58:58,609 - INFO -
| Epoch:    880 | Train loss: 4.5929e-01 | Valid loss: 4.5691e-01 | Train acc: 0.7337 ± 0.0000 | Valid acc: 0.8033 ± 0.0000 | Valid Power: 0.0007 | Train Power: 0.0007 | patience:  37 | lr: 0.003125 | Epoch time: 0.1 |

2024-09-09 23:58:59,505 - INFO -
| Epoch:    890 | Train loss: 4.5603e-01 | Valid loss: 4.5610e-01 | Train acc: 0.7391 ± 0.0000 | Valid acc: 0.8033 ± 0.0000 | Valid Power: 0.0007 | Train Power: 0.0007 | patience:  47 | lr: 0.003125 | Epoch time: 0.1 |

2024-09-09 23:59:00,402 - INFO -
| Epoch:    900 | Train loss: 4.5506e-01 | Valid loss: 4.5477e-01 | Train acc: 0.7391 ± 0.0000 | Valid acc: 0.8033 ± 0.0000 | Valid Power: 0.0007 | Train Power: 0.0007 | patience:  57 | lr: 0.003125 | Epoch time: 0.1 |

2024-09-09 23:59:01,297 - INFO -
| Epoch:    910 | Train loss: 4.5421e-01 | Valid loss: 4.5500e-01 | Train acc: 0.7826 ± 0.0000 | Valid acc: 0.8033 ± 0.0000 | Valid Power: 0.0007 | Train Power: 0.0007 | patience:  67 | lr: 0.003125 | Epoch time: 0.1 |

2024-09-09 23:59:02,193 - INFO -
| Epoch:    920 | Train loss: 4.5336e-01 | Valid loss: 4.5461e-01 | Train acc: 0.8098 ± 0.0000 | Valid acc: 0.7869 ± 0.0000 | Valid Power: 0.0007 | Train Power: 0.0007 | patience:  77 | lr: 0.003125 | Epoch time: 0.1 |

2024-09-09 23:59:03,089 - INFO -
| Epoch:    930 | Train loss: 4.5246e-01 | Valid loss: 4.5373e-01 | Train acc: 0.8152 ± 0.0000 | Valid acc: 0.7541 ± 0.0000 | Valid Power: 0.0007 | Train Power: 0.0007 | patience:  87 | lr: 0.003125 | Epoch time: 0.1 |

2024-09-09 23:59:03,984 - INFO -
| Epoch:    940 | Train loss: 4.5154e-01 | Valid loss: 4.5366e-01 | Train acc: 0.8424 ± 0.0000 | Valid acc: 0.7541 ± 0.0000 | Valid Power: 0.0007 | Train Power: 0.0007 | patience:  97 | lr: 0.003125 | Epoch time: 0.1 |

2024-09-09 23:59:04,345 - INFO -
load best network to warm start training with lower lr.

2024-09-09 23:59:04,346 - INFO -
lr update to 0.0015625.

2024-09-09 23:59:04,884 - INFO -
| Epoch:    950 | Train loss: 4.7470e-01 | Valid loss: 4.4379e-01 | Train acc: 0.7337 ± 0.0000 | Valid acc: 0.8033 ± 0.0000 | Valid Power: 0.0007 | Train Power: 0.0007 | patience:   6 | lr: 0.0015625 | Epoch time: 0.1 |

2024-09-09 23:59:05,779 - INFO -
| Epoch:    960 | Train loss: 4.7438e-01 | Valid loss: 4.4383e-01 | Train acc: 0.7337 ± 0.0000 | Valid acc: 0.8033 ± 0.0000 | Valid Power: 0.0007 | Train Power: 0.0007 | patience:  16 | lr: 0.0015625 | Epoch time: 0.1 |

2024-09-09 23:59:06,675 - INFO -
| Epoch:    970 | Train loss: 4.7336e-01 | Valid loss: 4.4131e-01 | Train acc: 0.7337 ± 0.0000 | Valid acc: 0.8033 ± 0.0000 | Valid Power: 0.0007 | Train Power: 0.0007 | patience:  26 | lr: 0.0015625 | Epoch time: 0.1 |

2024-09-09 23:59:07,573 - INFO -
| Epoch:    980 | Train loss: 4.7276e-01 | Valid loss: 4.4135e-01 | Train acc: 0.7337 ± 0.0000 | Valid acc: 0.8033 ± 0.0000 | Valid Power: 0.0007 | Train Power: 0.0007 | patience:  36 | lr: 0.0015625 | Epoch time: 0.1 |

2024-09-09 23:59:08,469 - INFO -
| Epoch:    990 | Train loss: 4.7221e-01 | Valid loss: 4.4213e-01 | Train acc: 0.7337 ± 0.0000 | Valid acc: 0.8033 ± 0.0000 | Valid Power: 0.0007 | Train Power: 0.0007 | patience:  46 | lr: 0.0015625 | Epoch time: 0.1 |

2024-09-09 23:59:09,365 - INFO -
| Epoch:   1000 | Train loss: 4.7170e-01 | Valid loss: 4.4249e-01 | Train acc: 0.7337 ± 0.0000 | Valid acc: 0.8033 ± 0.0000 | Valid Power: 0.0007 | Train Power: 0.0007 | patience:  56 | lr: 0.0015625 | Epoch time: 0.1 |

2024-09-09 23:59:10,268 - INFO -
| Epoch:   1010 | Train loss: 4.7123e-01 | Valid loss: 4.4222e-01 | Train acc: 0.7337 ± 0.0000 | Valid acc: 0.8033 ± 0.0000 | Valid Power: 0.0007 | Train Power: 0.0007 | patience:  66 | lr: 0.0015625 | Epoch time: 0.1 |

2024-09-09 23:59:11,166 - INFO -
| Epoch:   1020 | Train loss: 4.7078e-01 | Valid loss: 4.4237e-01 | Train acc: 0.7391 ± 0.0000 | Valid acc: 0.8033 ± 0.0000 | Valid Power: 0.0007 | Train Power: 0.0007 | patience:  76 | lr: 0.0015625 | Epoch time: 0.1 |

2024-09-09 23:59:12,063 - INFO -
| Epoch:   1030 | Train loss: 4.7034e-01 | Valid loss: 4.4185e-01 | Train acc: 0.7391 ± 0.0000 | Valid acc: 0.8033 ± 0.0000 | Valid Power: 0.0007 | Train Power: 0.0007 | patience:  86 | lr: 0.0015625 | Epoch time: 0.1 |

2024-09-09 23:59:12,961 - INFO -
| Epoch:   1040 | Train loss: 4.6990e-01 | Valid loss: 4.4142e-01 | Train acc: 0.7391 ± 0.0000 | Valid acc: 0.8033 ± 0.0000 | Valid Power: 0.0007 | Train Power: 0.0007 | patience:  96 | lr: 0.0015625 | Epoch time: 0.1 |

2024-09-09 23:59:13,412 - INFO -
load best network to warm start training with lower lr.

2024-09-09 23:59:13,413 - INFO -
lr update to 0.00078125.

2024-09-09 23:59:13,862 - INFO -
| Epoch:   1050 | Train loss: 4.7585e-01 | Valid loss: 4.3954e-01 | Train acc: 0.7337 ± 0.0000 | Valid acc: 0.8033 ± 0.0000 | Valid Power: 0.0007 | Train Power: 0.0007 | patience:   5 | lr: 0.00078125 | Epoch time: 0.1 |

2024-09-09 23:59:14,757 - INFO -
| Epoch:   1060 | Train loss: 4.7470e-01 | Valid loss: 4.4349e-01 | Train acc: 0.7337 ± 0.0000 | Valid acc: 0.8033 ± 0.0000 | Valid Power: 0.0007 | Train Power: 0.0007 | patience:  15 | lr: 0.00078125 | Epoch time: 0.1 |

2024-09-09 23:59:15,653 - INFO -
| Epoch:   1070 | Train loss: 4.7432e-01 | Valid loss: 4.4188e-01 | Train acc: 0.7337 ± 0.0000 | Valid acc: 0.8033 ± 0.0000 | Valid Power: 0.0007 | Train Power: 0.0007 | patience:  25 | lr: 0.00078125 | Epoch time: 0.1 |

2024-09-09 23:59:16,554 - INFO -
| Epoch:   1080 | Train loss: 4.7384e-01 | Valid loss: 4.4053e-01 | Train acc: 0.7337 ± 0.0000 | Valid acc: 0.8033 ± 0.0000 | Valid Power: 0.0007 | Train Power: 0.0007 | patience:  35 | lr: 0.00078125 | Epoch time: 0.1 |

2024-09-09 23:59:17,538 - INFO -
| Epoch:   1090 | Train loss: 4.7348e-01 | Valid loss: 4.4101e-01 | Train acc: 0.7337 ± 0.0000 | Valid acc: 0.8033 ± 0.0000 | Valid Power: 0.0007 | Train Power: 0.0007 | patience:  45 | lr: 0.00078125 | Epoch time: 0.1 |

2024-09-09 23:59:18,434 - INFO -
| Epoch:   1100 | Train loss: 4.7316e-01 | Valid loss: 4.4165e-01 | Train acc: 0.7337 ± 0.0000 | Valid acc: 0.8033 ± 0.0000 | Valid Power: 0.0007 | Train Power: 0.0007 | patience:  55 | lr: 0.00078125 | Epoch time: 0.1 |

2024-09-09 23:59:19,311 - INFO -
| Epoch:   1110 | Train loss: 4.7284e-01 | Valid loss: 4.4154e-01 | Train acc: 0.7337 ± 0.0000 | Valid acc: 0.8033 ± 0.0000 | Valid Power: 0.0007 | Train Power: 0.0007 | patience:  65 | lr: 0.00078125 | Epoch time: 0.1 |

2024-09-09 23:59:20,144 - INFO -
| Epoch:   1120 | Train loss: 4.7254e-01 | Valid loss: 4.4194e-01 | Train acc: 0.7337 ± 0.0000 | Valid acc: 0.8033 ± 0.0000 | Valid Power: 0.0007 | Train Power: 0.0007 | patience:  75 | lr: 0.00078125 | Epoch time: 0.1 |

2024-09-09 23:59:20,985 - INFO -
| Epoch:   1130 | Train loss: 4.7225e-01 | Valid loss: 4.4215e-01 | Train acc: 0.7337 ± 0.0000 | Valid acc: 0.8033 ± 0.0000 | Valid Power: 0.0007 | Train Power: 0.0007 | patience:  85 | lr: 0.00078125 | Epoch time: 0.1 |

2024-09-09 23:59:21,824 - INFO -
| Epoch:   1140 | Train loss: 4.7198e-01 | Valid loss: 4.4223e-01 | Train acc: 0.7337 ± 0.0000 | Valid acc: 0.8033 ± 0.0000 | Valid Power: 0.0007 | Train Power: 0.0007 | patience:  95 | lr: 0.00078125 | Epoch time: 0.1 |

2024-09-09 23:59:22,334 - INFO -
load best network to warm start training with lower lr.

2024-09-09 23:59:22,335 - INFO -
lr update to 0.000390625.

2024-09-09 23:59:22,671 - INFO -
| Epoch:   1150 | Train loss: 4.7685e-01 | Valid loss: 4.3779e-01 | Train acc: 0.7337 ± 0.0000 | Valid acc: 0.8033 ± 0.0000 | Valid Power: 0.0007 | Train Power: 0.0007 | patience:   4 | lr: 0.000390625 | Epoch time: 0.1 |

2024-09-09 23:59:23,515 - INFO -
| Epoch:   1160 | Train loss: 4.7505e-01 | Valid loss: 4.4051e-01 | Train acc: 0.7337 ± 0.0000 | Valid acc: 0.8033 ± 0.0000 | Valid Power: 0.0007 | Train Power: 0.0007 | patience:  14 | lr: 0.000390625 | Epoch time: 0.1 |

2024-09-09 23:59:24,358 - INFO -
| Epoch:   1170 | Train loss: 4.7465e-01 | Valid loss: 4.4217e-01 | Train acc: 0.7337 ± 0.0000 | Valid acc: 0.8033 ± 0.0000 | Valid Power: 0.0007 | Train Power: 0.0007 | patience:  24 | lr: 0.000390625 | Epoch time: 0.1 |

2024-09-09 23:59:25,194 - INFO -
| Epoch:   1180 | Train loss: 4.7452e-01 | Valid loss: 4.4187e-01 | Train acc: 0.7337 ± 0.0000 | Valid acc: 0.8033 ± 0.0000 | Valid Power: 0.0007 | Train Power: 0.0007 | patience:  34 | lr: 0.000390625 | Epoch time: 0.1 |

2024-09-09 23:59:26,028 - INFO -
| Epoch:   1190 | Train loss: 4.7427e-01 | Valid loss: 4.4108e-01 | Train acc: 0.7337 ± 0.0000 | Valid acc: 0.8033 ± 0.0000 | Valid Power: 0.0007 | Train Power: 0.0007 | patience:  44 | lr: 0.000390625 | Epoch time: 0.1 |

2024-09-09 23:59:26,862 - INFO -
| Epoch:   1200 | Train loss: 4.7408e-01 | Valid loss: 4.4074e-01 | Train acc: 0.7337 ± 0.0000 | Valid acc: 0.8033 ± 0.0000 | Valid Power: 0.0007 | Train Power: 0.0007 | patience:  54 | lr: 0.000390625 | Epoch time: 0.1 |

2024-09-09 23:59:27,695 - INFO -
| Epoch:   1210 | Train loss: 4.7390e-01 | Valid loss: 4.4086e-01 | Train acc: 0.7337 ± 0.0000 | Valid acc: 0.8033 ± 0.0000 | Valid Power: 0.0007 | Train Power: 0.0007 | patience:  64 | lr: 0.000390625 | Epoch time: 0.1 |

2024-09-09 23:59:28,529 - INFO -
| Epoch:   1220 | Train loss: 4.7373e-01 | Valid loss: 4.4116e-01 | Train acc: 0.7337 ± 0.0000 | Valid acc: 0.8033 ± 0.0000 | Valid Power: 0.0007 | Train Power: 0.0007 | patience:  74 | lr: 0.000390625 | Epoch time: 0.1 |

2024-09-09 23:59:29,369 - INFO -
| Epoch:   1230 | Train loss: 4.7355e-01 | Valid loss: 4.4133e-01 | Train acc: 0.7337 ± 0.0000 | Valid acc: 0.8033 ± 0.0000 | Valid Power: 0.0007 | Train Power: 0.0007 | patience:  84 | lr: 0.000390625 | Epoch time: 0.1 |

2024-09-09 23:59:30,200 - INFO -
| Epoch:   1240 | Train loss: 4.7339e-01 | Valid loss: 4.4138e-01 | Train acc: 0.7337 ± 0.0000 | Valid acc: 0.8033 ± 0.0000 | Valid Power: 0.0007 | Train Power: 0.0007 | patience:  94 | lr: 0.000390625 | Epoch time: 0.1 |

2024-09-09 23:59:30,785 - INFO -
load best network to warm start training with lower lr.

2024-09-09 23:59:30,786 - INFO -
lr update to 0.0001953125.

2024-09-09 23:59:31,035 - INFO -
| Epoch:   1250 | Train loss: 4.7724e-01 | Valid loss: 4.3717e-01 | Train acc: 0.7337 ± 0.0000 | Valid acc: 0.8033 ± 0.0000 | Valid Power: 0.0007 | Train Power: 0.0007 | patience:   3 | lr: 0.0001953125 | Epoch time: 0.1 |

2024-09-09 23:59:31,867 - INFO -
| Epoch:   1260 | Train loss: 4.7624e-01 | Valid loss: 4.3844e-01 | Train acc: 0.7337 ± 0.0000 | Valid acc: 0.8033 ± 0.0000 | Valid Power: 0.0007 | Train Power: 0.0007 | patience:  13 | lr: 0.0001953125 | Epoch time: 0.1 |

2024-09-09 23:59:32,673 - INFO -
| Epoch:   1270 | Train loss: 4.7531e-01 | Valid loss: 4.3969e-01 | Train acc: 0.7337 ± 0.0000 | Valid acc: 0.8033 ± 0.0000 | Valid Power: 0.0007 | Train Power: 0.0007 | patience:  23 | lr: 0.0001953125 | Epoch time: 0.1 |

2024-09-09 23:59:33,440 - INFO -
| Epoch:   1280 | Train loss: 4.7481e-01 | Valid loss: 4.4068e-01 | Train acc: 0.7337 ± 0.0000 | Valid acc: 0.8033 ± 0.0000 | Valid Power: 0.0007 | Train Power: 0.0007 | patience:  33 | lr: 0.0001953125 | Epoch time: 0.1 |

2024-09-09 23:59:34,205 - INFO -
| Epoch:   1290 | Train loss: 4.7466e-01 | Valid loss: 4.4123e-01 | Train acc: 0.7337 ± 0.0000 | Valid acc: 0.8033 ± 0.0000 | Valid Power: 0.0007 | Train Power: 0.0007 | patience:  43 | lr: 0.0001953125 | Epoch time: 0.1 |

2024-09-09 23:59:34,970 - INFO -
| Epoch:   1300 | Train loss: 4.7458e-01 | Valid loss: 4.4132e-01 | Train acc: 0.7337 ± 0.0000 | Valid acc: 0.8033 ± 0.0000 | Valid Power: 0.0007 | Train Power: 0.0007 | patience:  53 | lr: 0.0001953125 | Epoch time: 0.1 |

2024-09-09 23:59:35,734 - INFO -
| Epoch:   1310 | Train loss: 4.7449e-01 | Valid loss: 4.4119e-01 | Train acc: 0.7337 ± 0.0000 | Valid acc: 0.8033 ± 0.0000 | Valid Power: 0.0007 | Train Power: 0.0007 | patience:  63 | lr: 0.0001953125 | Epoch time: 0.1 |

2024-09-09 23:59:36,496 - INFO -
| Epoch:   1320 | Train loss: 4.7439e-01 | Valid loss: 4.4102e-01 | Train acc: 0.7337 ± 0.0000 | Valid acc: 0.8033 ± 0.0000 | Valid Power: 0.0007 | Train Power: 0.0007 | patience:  73 | lr: 0.0001953125 | Epoch time: 0.1 |

2024-09-09 23:59:37,259 - INFO -
| Epoch:   1330 | Train loss: 4.7430e-01 | Valid loss: 4.4092e-01 | Train acc: 0.7337 ± 0.0000 | Valid acc: 0.8033 ± 0.0000 | Valid Power: 0.0007 | Train Power: 0.0007 | patience:  83 | lr: 0.0001953125 | Epoch time: 0.1 |

2024-09-09 23:59:38,034 - INFO -
| Epoch:   1340 | Train loss: 4.7421e-01 | Valid loss: 4.4089e-01 | Train acc: 0.7337 ± 0.0000 | Valid acc: 0.8033 ± 0.0000 | Valid Power: 0.0007 | Train Power: 0.0007 | patience:  93 | lr: 0.0001953125 | Epoch time: 0.1 |

2024-09-09 23:59:38,632 - INFO -
load best network to warm start training with lower lr.

2024-09-09 23:59:38,633 - INFO -
lr update to 9.765625e-05.

2024-09-09 23:59:38,633 - INFO -
Early stop.

2024-09-09 23:59:38,638 - INFO -
Training if finished.

2024-09-12 13:58:07,172 - INFO -
Configuration: 
gmin                0.01
gmax                10.0
T                   0.1
m                   0.3
type_nonlinear      normal
act                 tanh
ACT_R1n             12.7865
ACT_R2n             -3.1871
ACT_W1n             -10.4537
ACT_L1n             10.546
ACT_W2n             -5.8496
ACT_L2n             4.2337
S_R1n               -11.7481
S_R2n               -0.3905
S_W1n               -9.169
S_L1n               0.3913
S_W2n               7.2004
S_L2n               15.5558
ReLU_RHn            -1.9557
ReLU_RLn            -20.1581
ReLU_RDn            16.6486
ReLU_RBn            -14.3472
ReLU_Wn             16.655
ReLU_Ln             -21.7591
HS_Rn               -0.3766
HS_Wn               0.5192
HS_Ln               4.6293
NEG_R1n             -7.0846
NEG_R2n             -2.5695
NEG_R3n             16.1542
NEG_W1n             13.8696
NEG_L1n             2.7635
NEG_W2n             1.2674
NEG_L2n             -10.4803
NEG_W3n             -6.4386
NEG_L3n             5.1005
task                normal
DATASET             11
DataPath            ./dataset
InputNoise          0.0
IN_test             0.0
R_train             1
R_test              1
N_time              32
pathnorm            False
hidden              [3]
skipconnection      False
SEED                2
DEVICE              cpu
PATIENCE            500
EPOCH               10000000000
LR                  0.1
PROGRESSIVE         True
LR_PATIENCE         100
LR_DECAY            0.5
LR_MIN              0.0001
metric              acc
SoftEva             True
TIMELIMITATION      71
MODE                nominal
M_train             1
K_train             1
M_test              1
K_test              1
t_test_max          1
integration         MC
N_train             1
e_train             0.0
N_test              100
e_test              0.1
e_fault             2
fault_ratio         0.0
N_fault             50
e_fault_test        0
N_fault_test        50
dropout             0.0
lagrangian_loss     False
rho                 100
powerestimator      none
powerbalance        0.0
estimatorbalance    0.0
pgmin               1e-07
power_ratio         1000
lambda_P            100
areaestimator       none
areabalance         0.0
area_theta          0.15
area_act            30.0
area_neg            22.7
lambda_A            0.001
lnc                 False
projectname         tanh_0_FaultAnalysisNormal
temppath            ./tanh_0_FaultAnalysisNormal/temp/
logfilepath         ./tanh_0_FaultAnalysisNormal/log/
report_freq         10
recording           False
recordpath          ./tanh_0_FaultAnalysisNormal/record/
savepath            ./tanh_0_FaultAnalysisNormal/models/
loglevel            info


2024-09-12 13:58:07,185 - INFO -
Training network on device: cpu.

2024-09-12 13:58:07,185 - INFO -
Training setup: data_11_vertebralcolumn2clases_seed_02_epsilon_0.0_dropout_0.0_fault_ratio_0.0.model.

2024-09-12 13:58:07,185 - INFO -
{'dataname': 'vertebralcolumn2clases', 'N_feature': 6, 'N_class': 2, 'N_train': 184, 'N_valid': 61, 'N_test': 63}

2024-09-12 13:58:07,187 - INFO -
Training was already finished.

