2024-09-09 23:57:34,548 - INFO -
Configuration: 
gmin                0.01
gmax                10.0
T                   0.1
m                   0.3
type_nonlinear      normal
act                 tanh
ACT_R1n             12.7865
ACT_R2n             -3.1871
ACT_W1n             -10.4537
ACT_L1n             10.546
ACT_W2n             -5.8496
ACT_L2n             4.2337
S_R1n               -11.7481
S_R2n               -0.3905
S_W1n               -9.169
S_L1n               0.3913
S_W2n               7.2004
S_L2n               15.5558
ReLU_RHn            -1.9557
ReLU_RLn            -20.1581
ReLU_RDn            16.6486
ReLU_RBn            -14.3472
ReLU_Wn             16.655
ReLU_Ln             -21.7591
HS_Rn               -0.3766
HS_Wn               0.5192
HS_Ln               4.6293
NEG_R1n             -7.0846
NEG_R2n             -2.5695
NEG_R3n             16.1542
NEG_W1n             13.8696
NEG_L1n             2.7635
NEG_W2n             1.2674
NEG_L2n             -10.4803
NEG_W3n             -6.4386
NEG_L3n             5.1005
task                normal
DATASET             10
DataPath            ./dataset
InputNoise          0.0
IN_test             0.0
R_train             1
R_test              1
N_time              32
pathnorm            False
hidden              [3]
skipconnection      False
SEED                0
DEVICE              cpu
PATIENCE            500
EPOCH               10000000000
LR                  0.1
PROGRESSIVE         True
LR_PATIENCE         100
LR_DECAY            0.5
LR_MIN              0.0001
metric              acc
SoftEva             True
TIMELIMITATION      71
MODE                nominal
M_train             1
K_train             1
M_test              1
K_test              1
t_test_max          1
integration         MC
N_train             1
e_train             0.0
N_test              100
e_test              0.1
e_fault             2
fault_ratio         0.0
N_fault             50
e_fault_test        0
N_fault_test        50
dropout             0.0
lagrangian_loss     False
rho                 100
powerestimator      none
powerbalance        0.0
estimatorbalance    0.0
pgmin               1e-07
power_ratio         1000
lambda_P            100
areaestimator       none
areabalance         0.0
area_theta          0.15
area_act            30.0
area_neg            22.7
lambda_A            0.001
lnc                 False
projectname         tanh_0_FaultAnalysisNormal
temppath            ./tanh_0_FaultAnalysisNormal/temp/
logfilepath         ./tanh_0_FaultAnalysisNormal/log/
report_freq         10
recording           False
recordpath          ./tanh_0_FaultAnalysisNormal/record/
savepath            ./tanh_0_FaultAnalysisNormal/models/
loglevel            info


2024-09-09 23:57:34,548 - INFO -
Training network on device: cpu.

2024-09-09 23:57:34,548 - INFO -
Training setup: data_10_tictactoe_seed_00_epsilon_0.0_dropout_0.0_fault_ratio_0.0.model.

2024-09-09 23:57:34,548 - INFO -
{'dataname': 'tictactoe', 'N_feature': 9, 'N_class': 2, 'N_train': 397, 'N_valid': 127, 'N_test': 79}

2024-09-09 23:57:34,548 - INFO -
Topology of the network: [9, 3, 2].

2024-09-09 23:57:36,333 - INFO -
| Epoch:      0 | Train loss: 6.9309e-01 | Valid loss: 6.4958e-01 | Train acc: 0.6348 ± 0.0000 | Valid acc: 0.7323 ± 0.0000 | Valid Power: 0.0009 | Train Power: 0.0004 | patience:   0 | lr: 0.1 | Epoch time: 0.1 |

2024-09-09 23:57:37,610 - INFO -
| Epoch:     10 | Train loss: 6.1936e-01 | Valid loss: 5.3447e-01 | Train acc: 0.6952 ± 0.0000 | Valid acc: 0.7638 ± 0.0000 | Valid Power: 0.0007 | Train Power: 0.0007 | patience:   3 | lr: 0.1 | Epoch time: 0.1 |

2024-09-09 23:57:38,869 - INFO -
| Epoch:     20 | Train loss: 5.7240e-01 | Valid loss: 4.9644e-01 | Train acc: 0.7154 ± 0.0000 | Valid acc: 0.7874 ± 0.0000 | Valid Power: 0.0007 | Train Power: 0.0007 | patience:   0 | lr: 0.1 | Epoch time: 0.1 |

2024-09-09 23:57:40,133 - INFO -
| Epoch:     30 | Train loss: 6.0206e-01 | Valid loss: 4.9314e-01 | Train acc: 0.7053 ± 0.0000 | Valid acc: 0.7717 ± 0.0000 | Valid Power: 0.0007 | Train Power: 0.0007 | patience:   7 | lr: 0.1 | Epoch time: 0.1 |

2024-09-09 23:57:41,386 - INFO -
| Epoch:     40 | Train loss: 5.4307e-01 | Valid loss: 5.0390e-01 | Train acc: 0.7506 ± 0.0000 | Valid acc: 0.8031 ± 0.0000 | Valid Power: 0.0007 | Train Power: 0.0007 | patience:   7 | lr: 0.1 | Epoch time: 0.1 |

2024-09-09 23:57:42,649 - INFO -
| Epoch:     50 | Train loss: 5.5800e-01 | Valid loss: 4.7855e-01 | Train acc: 0.7280 ± 0.0000 | Valid acc: 0.7874 ± 0.0000 | Valid Power: 0.0008 | Train Power: 0.0008 | patience:  17 | lr: 0.1 | Epoch time: 0.1 |

2024-09-09 23:57:43,996 - INFO -
| Epoch:     60 | Train loss: 5.3592e-01 | Valid loss: 4.7873e-01 | Train acc: 0.7481 ± 0.0000 | Valid acc: 0.8031 ± 0.0000 | Valid Power: 0.0008 | Train Power: 0.0008 | patience:  27 | lr: 0.1 | Epoch time: 0.1 |

2024-09-09 23:57:45,253 - INFO -
| Epoch:     70 | Train loss: 5.1689e-01 | Valid loss: 4.7273e-01 | Train acc: 0.7657 ± 0.0000 | Valid acc: 0.8110 ± 0.0000 | Valid Power: 0.0008 | Train Power: 0.0008 | patience:   4 | lr: 0.1 | Epoch time: 0.1 |

2024-09-09 23:57:46,508 - INFO -
| Epoch:     80 | Train loss: 4.9357e-01 | Valid loss: 4.6570e-01 | Train acc: 0.7632 ± 0.0000 | Valid acc: 0.8031 ± 0.0000 | Valid Power: 0.0008 | Train Power: 0.0008 | patience:   2 | lr: 0.1 | Epoch time: 0.1 |

2024-09-09 23:57:47,769 - INFO -
| Epoch:     90 | Train loss: 4.8508e-01 | Valid loss: 4.5343e-01 | Train acc: 0.7531 ± 0.0000 | Valid acc: 0.8110 ± 0.0000 | Valid Power: 0.0008 | Train Power: 0.0008 | patience:   0 | lr: 0.1 | Epoch time: 0.1 |

2024-09-09 23:57:49,021 - INFO -
| Epoch:    100 | Train loss: 4.8581e-01 | Valid loss: 4.7583e-01 | Train acc: 0.7708 ± 0.0000 | Valid acc: 0.7717 ± 0.0000 | Valid Power: 0.0008 | Train Power: 0.0008 | patience:  10 | lr: 0.1 | Epoch time: 0.1 |

2024-09-09 23:57:50,285 - INFO -
| Epoch:    110 | Train loss: 4.8795e-01 | Valid loss: 5.1621e-01 | Train acc: 0.7557 ± 0.0000 | Valid acc: 0.7402 ± 0.0000 | Valid Power: 0.0008 | Train Power: 0.0008 | patience:  20 | lr: 0.1 | Epoch time: 0.1 |

2024-09-09 23:57:51,541 - INFO -
| Epoch:    120 | Train loss: 4.9407e-01 | Valid loss: 4.8243e-01 | Train acc: 0.7708 ± 0.0000 | Valid acc: 0.7953 ± 0.0000 | Valid Power: 0.0008 | Train Power: 0.0008 | patience:  30 | lr: 0.1 | Epoch time: 0.1 |

2024-09-09 23:57:52,794 - INFO -
| Epoch:    130 | Train loss: 4.7137e-01 | Valid loss: 4.8350e-01 | Train acc: 0.7758 ± 0.0000 | Valid acc: 0.7717 ± 0.0000 | Valid Power: 0.0008 | Train Power: 0.0008 | patience:  40 | lr: 0.1 | Epoch time: 0.1 |

2024-09-09 23:57:54,045 - INFO -
| Epoch:    140 | Train loss: 4.6433e-01 | Valid loss: 4.8375e-01 | Train acc: 0.7809 ± 0.0000 | Valid acc: 0.7717 ± 0.0000 | Valid Power: 0.0008 | Train Power: 0.0008 | patience:  50 | lr: 0.1 | Epoch time: 0.1 |

2024-09-09 23:57:55,294 - INFO -
| Epoch:    150 | Train loss: 4.5146e-01 | Valid loss: 4.8760e-01 | Train acc: 0.7960 ± 0.0000 | Valid acc: 0.7402 ± 0.0000 | Valid Power: 0.0008 | Train Power: 0.0008 | patience:  60 | lr: 0.1 | Epoch time: 0.1 |

2024-09-09 23:57:56,545 - INFO -
| Epoch:    160 | Train loss: 4.4187e-01 | Valid loss: 4.8385e-01 | Train acc: 0.8035 ± 0.0000 | Valid acc: 0.7559 ± 0.0000 | Valid Power: 0.0008 | Train Power: 0.0008 | patience:  70 | lr: 0.1 | Epoch time: 0.1 |

2024-09-09 23:57:57,797 - INFO -
| Epoch:    170 | Train loss: 4.4458e-01 | Valid loss: 4.8364e-01 | Train acc: 0.8010 ± 0.0000 | Valid acc: 0.7480 ± 0.0000 | Valid Power: 0.0008 | Train Power: 0.0008 | patience:  80 | lr: 0.1 | Epoch time: 0.1 |

2024-09-09 23:57:59,057 - INFO -
| Epoch:    180 | Train loss: 4.3452e-01 | Valid loss: 4.7620e-01 | Train acc: 0.7935 ± 0.0000 | Valid acc: 0.7717 ± 0.0000 | Valid Power: 0.0008 | Train Power: 0.0008 | patience:  90 | lr: 0.1 | Epoch time: 0.1 |

2024-09-09 23:58:00,310 - INFO -
| Epoch:    190 | Train loss: 4.2288e-01 | Valid loss: 4.8469e-01 | Train acc: 0.8111 ± 0.0000 | Valid acc: 0.7323 ± 0.0000 | Valid Power: 0.0008 | Train Power: 0.0008 | patience: 100 | lr: 0.1 | Epoch time: 0.1 |

2024-09-09 23:58:00,438 - INFO -
load best network to warm start training with lower lr.

2024-09-09 23:58:00,438 - INFO -
lr update to 0.05.

2024-09-09 23:58:01,574 - INFO -
| Epoch:    200 | Train loss: 4.6970e-01 | Valid loss: 4.4805e-01 | Train acc: 0.7683 ± 0.0000 | Valid acc: 0.8031 ± 0.0000 | Valid Power: 0.0008 | Train Power: 0.0008 | patience:   0 | lr: 0.05 | Epoch time: 0.1 |

2024-09-09 23:58:02,987 - INFO -
| Epoch:    210 | Train loss: 4.4971e-01 | Valid loss: 4.5576e-01 | Train acc: 0.7809 ± 0.0000 | Valid acc: 0.7402 ± 0.0000 | Valid Power: 0.0008 | Train Power: 0.0008 | patience:   3 | lr: 0.05 | Epoch time: 0.1 |

2024-09-09 23:58:04,237 - INFO -
| Epoch:    220 | Train loss: 4.4635e-01 | Valid loss: 4.4540e-01 | Train acc: 0.8111 ± 0.0000 | Valid acc: 0.7717 ± 0.0000 | Valid Power: 0.0008 | Train Power: 0.0008 | patience:  13 | lr: 0.05 | Epoch time: 0.1 |

2024-09-09 23:58:05,488 - INFO -
| Epoch:    230 | Train loss: 4.4068e-01 | Valid loss: 4.4967e-01 | Train acc: 0.8060 ± 0.0000 | Valid acc: 0.7717 ± 0.0000 | Valid Power: 0.0008 | Train Power: 0.0008 | patience:  23 | lr: 0.05 | Epoch time: 0.1 |

2024-09-09 23:58:06,764 - INFO -
| Epoch:    240 | Train loss: 4.3078e-01 | Valid loss: 4.3559e-01 | Train acc: 0.8186 ± 0.0000 | Valid acc: 0.7874 ± 0.0000 | Valid Power: 0.0008 | Train Power: 0.0008 | patience:   2 | lr: 0.05 | Epoch time: 0.1 |

2024-09-09 23:58:08,040 - INFO -
| Epoch:    250 | Train loss: 4.2578e-01 | Valid loss: 4.3039e-01 | Train acc: 0.8287 ± 0.0000 | Valid acc: 0.7953 ± 0.0000 | Valid Power: 0.0009 | Train Power: 0.0008 | patience:   0 | lr: 0.05 | Epoch time: 0.1 |

2024-09-09 23:58:09,298 - INFO -
| Epoch:    260 | Train loss: 4.2440e-01 | Valid loss: 4.3919e-01 | Train acc: 0.8388 ± 0.0000 | Valid acc: 0.7874 ± 0.0000 | Valid Power: 0.0008 | Train Power: 0.0008 | patience:   8 | lr: 0.05 | Epoch time: 0.1 |

2024-09-09 23:58:10,558 - INFO -
| Epoch:    270 | Train loss: 4.2317e-01 | Valid loss: 4.3546e-01 | Train acc: 0.8363 ± 0.0000 | Valid acc: 0.7953 ± 0.0000 | Valid Power: 0.0008 | Train Power: 0.0008 | patience:  18 | lr: 0.05 | Epoch time: 0.1 |

2024-09-09 23:58:11,809 - INFO -
| Epoch:    280 | Train loss: 4.2088e-01 | Valid loss: 4.4084e-01 | Train acc: 0.8388 ± 0.0000 | Valid acc: 0.7874 ± 0.0000 | Valid Power: 0.0008 | Train Power: 0.0008 | patience:  28 | lr: 0.05 | Epoch time: 0.1 |

2024-09-09 23:58:13,062 - INFO -
| Epoch:    290 | Train loss: 4.2266e-01 | Valid loss: 4.3862e-01 | Train acc: 0.8338 ± 0.0000 | Valid acc: 0.7953 ± 0.0000 | Valid Power: 0.0008 | Train Power: 0.0008 | patience:  38 | lr: 0.05 | Epoch time: 0.1 |

2024-09-09 23:58:14,408 - INFO -
| Epoch:    300 | Train loss: 4.2137e-01 | Valid loss: 4.4867e-01 | Train acc: 0.8363 ± 0.0000 | Valid acc: 0.7874 ± 0.0000 | Valid Power: 0.0008 | Train Power: 0.0008 | patience:  48 | lr: 0.05 | Epoch time: 0.1 |

2024-09-09 23:58:15,658 - INFO -
| Epoch:    310 | Train loss: 4.1995e-01 | Valid loss: 4.5426e-01 | Train acc: 0.8363 ± 0.0000 | Valid acc: 0.7874 ± 0.0000 | Valid Power: 0.0008 | Train Power: 0.0008 | patience:  58 | lr: 0.05 | Epoch time: 0.1 |

2024-09-09 23:58:16,907 - INFO -
| Epoch:    320 | Train loss: 4.1857e-01 | Valid loss: 4.5679e-01 | Train acc: 0.8413 ± 0.0000 | Valid acc: 0.7795 ± 0.0000 | Valid Power: 0.0008 | Train Power: 0.0008 | patience:  68 | lr: 0.05 | Epoch time: 0.1 |

2024-09-09 23:58:18,157 - INFO -
| Epoch:    330 | Train loss: 4.2134e-01 | Valid loss: 4.5703e-01 | Train acc: 0.8388 ± 0.0000 | Valid acc: 0.7795 ± 0.0000 | Valid Power: 0.0008 | Train Power: 0.0008 | patience:  78 | lr: 0.05 | Epoch time: 0.1 |

2024-09-09 23:58:19,409 - INFO -
| Epoch:    340 | Train loss: 4.2473e-01 | Valid loss: 4.5542e-01 | Train acc: 0.8338 ± 0.0000 | Valid acc: 0.7795 ± 0.0000 | Valid Power: 0.0008 | Train Power: 0.0008 | patience:  88 | lr: 0.05 | Epoch time: 0.1 |

2024-09-09 23:58:20,659 - INFO -
| Epoch:    350 | Train loss: 4.2053e-01 | Valid loss: 4.4715e-01 | Train acc: 0.8363 ± 0.0000 | Valid acc: 0.7953 ± 0.0000 | Valid Power: 0.0008 | Train Power: 0.0008 | patience:  98 | lr: 0.05 | Epoch time: 0.1 |

2024-09-09 23:58:21,038 - INFO -
load best network to warm start training with lower lr.

2024-09-09 23:58:21,038 - INFO -
lr update to 0.025.

2024-09-09 23:58:21,912 - INFO -
| Epoch:    360 | Train loss: 4.3140e-01 | Valid loss: 4.3635e-01 | Train acc: 0.8186 ± 0.0000 | Valid acc: 0.7874 ± 0.0000 | Valid Power: 0.0008 | Train Power: 0.0008 | patience:   7 | lr: 0.025 | Epoch time: 0.1 |

2024-09-09 23:58:23,162 - INFO -
| Epoch:    370 | Train loss: 4.2657e-01 | Valid loss: 4.4167e-01 | Train acc: 0.8312 ± 0.0000 | Valid acc: 0.7953 ± 0.0000 | Valid Power: 0.0008 | Train Power: 0.0008 | patience:  17 | lr: 0.025 | Epoch time: 0.1 |

2024-09-09 23:58:24,413 - INFO -
| Epoch:    380 | Train loss: 4.2550e-01 | Valid loss: 4.4654e-01 | Train acc: 0.8312 ± 0.0000 | Valid acc: 0.7953 ± 0.0000 | Valid Power: 0.0008 | Train Power: 0.0008 | patience:  27 | lr: 0.025 | Epoch time: 0.1 |

2024-09-09 23:58:25,672 - INFO -
| Epoch:    390 | Train loss: 4.2467e-01 | Valid loss: 4.4285e-01 | Train acc: 0.8338 ± 0.0000 | Valid acc: 0.7953 ± 0.0000 | Valid Power: 0.0008 | Train Power: 0.0008 | patience:  37 | lr: 0.025 | Epoch time: 0.1 |

2024-09-09 23:58:26,922 - INFO -
| Epoch:    400 | Train loss: 4.2422e-01 | Valid loss: 4.3926e-01 | Train acc: 0.8338 ± 0.0000 | Valid acc: 0.7953 ± 0.0000 | Valid Power: 0.0008 | Train Power: 0.0008 | patience:  47 | lr: 0.025 | Epoch time: 0.1 |

2024-09-09 23:58:28,173 - INFO -
| Epoch:    410 | Train loss: 4.2385e-01 | Valid loss: 4.3923e-01 | Train acc: 0.8312 ± 0.0000 | Valid acc: 0.7953 ± 0.0000 | Valid Power: 0.0008 | Train Power: 0.0008 | patience:  57 | lr: 0.025 | Epoch time: 0.1 |

2024-09-09 23:58:29,421 - INFO -
| Epoch:    420 | Train loss: 4.2439e-01 | Valid loss: 4.4304e-01 | Train acc: 0.8312 ± 0.0000 | Valid acc: 0.7953 ± 0.0000 | Valid Power: 0.0008 | Train Power: 0.0008 | patience:  67 | lr: 0.025 | Epoch time: 0.1 |

2024-09-09 23:58:30,671 - INFO -
| Epoch:    430 | Train loss: 4.2174e-01 | Valid loss: 4.4370e-01 | Train acc: 0.8312 ± 0.0000 | Valid acc: 0.7953 ± 0.0000 | Valid Power: 0.0008 | Train Power: 0.0008 | patience:  77 | lr: 0.025 | Epoch time: 0.1 |

2024-09-09 23:58:31,921 - INFO -
| Epoch:    440 | Train loss: 4.2134e-01 | Valid loss: 4.4415e-01 | Train acc: 0.8338 ± 0.0000 | Valid acc: 0.7953 ± 0.0000 | Valid Power: 0.0008 | Train Power: 0.0008 | patience:  87 | lr: 0.025 | Epoch time: 0.1 |

2024-09-09 23:58:33,175 - INFO -
| Epoch:    450 | Train loss: 4.2105e-01 | Valid loss: 4.4319e-01 | Train acc: 0.8338 ± 0.0000 | Valid acc: 0.7874 ± 0.0000 | Valid Power: 0.0008 | Train Power: 0.0008 | patience:  97 | lr: 0.025 | Epoch time: 0.1 |

2024-09-09 23:58:33,678 - INFO -
load best network to warm start training with lower lr.

2024-09-09 23:58:33,678 - INFO -
lr update to 0.0125.

2024-09-09 23:58:34,428 - INFO -
| Epoch:    460 | Train loss: 4.2544e-01 | Valid loss: 4.3809e-01 | Train acc: 0.8338 ± 0.0000 | Valid acc: 0.7953 ± 0.0000 | Valid Power: 0.0008 | Train Power: 0.0008 | patience:   6 | lr: 0.0125 | Epoch time: 0.1 |

2024-09-09 23:58:35,678 - INFO -
| Epoch:    470 | Train loss: 4.2199e-01 | Valid loss: 4.3976e-01 | Train acc: 0.8338 ± 0.0000 | Valid acc: 0.7874 ± 0.0000 | Valid Power: 0.0008 | Train Power: 0.0008 | patience:  16 | lr: 0.0125 | Epoch time: 0.1 |

2024-09-09 23:58:37,024 - INFO -
| Epoch:    480 | Train loss: 4.2053e-01 | Valid loss: 4.3487e-01 | Train acc: 0.8413 ± 0.0000 | Valid acc: 0.7953 ± 0.0000 | Valid Power: 0.0008 | Train Power: 0.0008 | patience:  26 | lr: 0.0125 | Epoch time: 0.1 |

2024-09-09 23:58:38,275 - INFO -
| Epoch:    490 | Train loss: 4.1831e-01 | Valid loss: 4.3651e-01 | Train acc: 0.8438 ± 0.0000 | Valid acc: 0.7953 ± 0.0000 | Valid Power: 0.0008 | Train Power: 0.0008 | patience:  36 | lr: 0.0125 | Epoch time: 0.1 |

2024-09-09 23:58:39,524 - INFO -
| Epoch:    500 | Train loss: 4.1762e-01 | Valid loss: 4.3853e-01 | Train acc: 0.8413 ± 0.0000 | Valid acc: 0.7953 ± 0.0000 | Valid Power: 0.0008 | Train Power: 0.0008 | patience:  46 | lr: 0.0125 | Epoch time: 0.1 |

2024-09-09 23:58:40,774 - INFO -
| Epoch:    510 | Train loss: 4.1713e-01 | Valid loss: 4.4066e-01 | Train acc: 0.8413 ± 0.0000 | Valid acc: 0.7953 ± 0.0000 | Valid Power: 0.0008 | Train Power: 0.0008 | patience:  56 | lr: 0.0125 | Epoch time: 0.1 |

2024-09-09 23:58:42,024 - INFO -
| Epoch:    520 | Train loss: 4.1673e-01 | Valid loss: 4.4173e-01 | Train acc: 0.8413 ± 0.0000 | Valid acc: 0.7953 ± 0.0000 | Valid Power: 0.0008 | Train Power: 0.0008 | patience:  66 | lr: 0.0125 | Epoch time: 0.1 |

2024-09-09 23:58:43,276 - INFO -
| Epoch:    530 | Train loss: 4.1636e-01 | Valid loss: 4.4104e-01 | Train acc: 0.8413 ± 0.0000 | Valid acc: 0.7953 ± 0.0000 | Valid Power: 0.0008 | Train Power: 0.0008 | patience:  76 | lr: 0.0125 | Epoch time: 0.1 |

2024-09-09 23:58:44,533 - INFO -
| Epoch:    540 | Train loss: 4.1601e-01 | Valid loss: 4.4123e-01 | Train acc: 0.8413 ± 0.0000 | Valid acc: 0.7953 ± 0.0000 | Valid Power: 0.0008 | Train Power: 0.0008 | patience:  86 | lr: 0.0125 | Epoch time: 0.1 |

2024-09-09 23:58:45,781 - INFO -
| Epoch:    550 | Train loss: 4.1570e-01 | Valid loss: 4.4111e-01 | Train acc: 0.8413 ± 0.0000 | Valid acc: 0.7953 ± 0.0000 | Valid Power: 0.0008 | Train Power: 0.0008 | patience:  96 | lr: 0.0125 | Epoch time: 0.1 |

2024-09-09 23:58:46,407 - INFO -
load best network to warm start training with lower lr.

2024-09-09 23:58:46,407 - INFO -
lr update to 0.00625.

2024-09-09 23:58:47,032 - INFO -
| Epoch:    560 | Train loss: 4.2437e-01 | Valid loss: 4.3573e-01 | Train acc: 0.8338 ± 0.0000 | Valid acc: 0.7953 ± 0.0000 | Valid Power: 0.0008 | Train Power: 0.0008 | patience:   5 | lr: 0.00625 | Epoch time: 0.1 |

2024-09-09 23:58:48,278 - INFO -
| Epoch:    570 | Train loss: 4.2313e-01 | Valid loss: 4.3317e-01 | Train acc: 0.8363 ± 0.0000 | Valid acc: 0.7953 ± 0.0000 | Valid Power: 0.0008 | Train Power: 0.0008 | patience:  15 | lr: 0.00625 | Epoch time: 0.1 |

2024-09-09 23:58:49,523 - INFO -
| Epoch:    580 | Train loss: 4.2209e-01 | Valid loss: 4.3566e-01 | Train acc: 0.8388 ± 0.0000 | Valid acc: 0.7953 ± 0.0000 | Valid Power: 0.0008 | Train Power: 0.0008 | patience:  25 | lr: 0.00625 | Epoch time: 0.1 |

2024-09-09 23:58:50,770 - INFO -
| Epoch:    590 | Train loss: 4.2093e-01 | Valid loss: 4.3603e-01 | Train acc: 0.8413 ± 0.0000 | Valid acc: 0.7953 ± 0.0000 | Valid Power: 0.0008 | Train Power: 0.0008 | patience:  35 | lr: 0.00625 | Epoch time: 0.1 |

2024-09-09 23:58:52,018 - INFO -
| Epoch:    600 | Train loss: 4.2038e-01 | Valid loss: 4.3444e-01 | Train acc: 0.8388 ± 0.0000 | Valid acc: 0.7953 ± 0.0000 | Valid Power: 0.0008 | Train Power: 0.0008 | patience:  45 | lr: 0.00625 | Epoch time: 0.1 |

2024-09-09 23:58:53,267 - INFO -
| Epoch:    610 | Train loss: 4.1981e-01 | Valid loss: 4.3506e-01 | Train acc: 0.8388 ± 0.0000 | Valid acc: 0.7953 ± 0.0000 | Valid Power: 0.0008 | Train Power: 0.0008 | patience:  55 | lr: 0.00625 | Epoch time: 0.1 |

2024-09-09 23:58:54,513 - INFO -
| Epoch:    620 | Train loss: 4.1955e-01 | Valid loss: 4.3521e-01 | Train acc: 0.8388 ± 0.0000 | Valid acc: 0.7953 ± 0.0000 | Valid Power: 0.0008 | Train Power: 0.0008 | patience:  65 | lr: 0.00625 | Epoch time: 0.1 |

2024-09-09 23:58:55,857 - INFO -
| Epoch:    630 | Train loss: 4.1935e-01 | Valid loss: 4.3581e-01 | Train acc: 0.8388 ± 0.0000 | Valid acc: 0.7953 ± 0.0000 | Valid Power: 0.0008 | Train Power: 0.0008 | patience:  75 | lr: 0.00625 | Epoch time: 0.1 |

2024-09-09 23:58:57,105 - INFO -
| Epoch:    640 | Train loss: 4.1916e-01 | Valid loss: 4.3649e-01 | Train acc: 0.8388 ± 0.0000 | Valid acc: 0.7953 ± 0.0000 | Valid Power: 0.0008 | Train Power: 0.0008 | patience:  85 | lr: 0.00625 | Epoch time: 0.1 |

2024-09-09 23:58:58,353 - INFO -
| Epoch:    650 | Train loss: 4.1895e-01 | Valid loss: 4.3615e-01 | Train acc: 0.8388 ± 0.0000 | Valid acc: 0.7953 ± 0.0000 | Valid Power: 0.0008 | Train Power: 0.0008 | patience:  95 | lr: 0.00625 | Epoch time: 0.1 |

2024-09-09 23:58:59,104 - INFO -
load best network to warm start training with lower lr.

2024-09-09 23:58:59,104 - INFO -
lr update to 0.003125.

2024-09-09 23:58:59,604 - INFO -
| Epoch:    660 | Train loss: 4.2366e-01 | Valid loss: 4.3291e-01 | Train acc: 0.8312 ± 0.0000 | Valid acc: 0.7953 ± 0.0000 | Valid Power: 0.0009 | Train Power: 0.0008 | patience:   4 | lr: 0.003125 | Epoch time: 0.1 |

2024-09-09 23:59:00,854 - INFO -
| Epoch:    670 | Train loss: 4.2323e-01 | Valid loss: 4.3311e-01 | Train acc: 0.8338 ± 0.0000 | Valid acc: 0.7953 ± 0.0000 | Valid Power: 0.0009 | Train Power: 0.0009 | patience:  14 | lr: 0.003125 | Epoch time: 0.1 |

2024-09-09 23:59:02,103 - INFO -
| Epoch:    680 | Train loss: 4.2290e-01 | Valid loss: 4.3575e-01 | Train acc: 0.8388 ± 0.0000 | Valid acc: 0.7953 ± 0.0000 | Valid Power: 0.0008 | Train Power: 0.0008 | patience:  24 | lr: 0.003125 | Epoch time: 0.1 |

2024-09-09 23:59:03,352 - INFO -
| Epoch:    690 | Train loss: 4.2266e-01 | Valid loss: 4.3587e-01 | Train acc: 0.8363 ± 0.0000 | Valid acc: 0.7953 ± 0.0000 | Valid Power: 0.0008 | Train Power: 0.0008 | patience:  34 | lr: 0.003125 | Epoch time: 0.1 |

2024-09-09 23:59:04,599 - INFO -
| Epoch:    700 | Train loss: 4.2244e-01 | Valid loss: 4.3614e-01 | Train acc: 0.8363 ± 0.0000 | Valid acc: 0.7953 ± 0.0000 | Valid Power: 0.0008 | Train Power: 0.0008 | patience:  44 | lr: 0.003125 | Epoch time: 0.1 |

2024-09-09 23:59:05,849 - INFO -
| Epoch:    710 | Train loss: 4.2187e-01 | Valid loss: 4.3300e-01 | Train acc: 0.8363 ± 0.0000 | Valid acc: 0.7953 ± 0.0000 | Valid Power: 0.0008 | Train Power: 0.0008 | patience:  54 | lr: 0.003125 | Epoch time: 0.1 |

2024-09-09 23:59:07,171 - INFO -
| Epoch:    720 | Train loss: 4.2151e-01 | Valid loss: 4.3041e-01 | Train acc: 0.8363 ± 0.0000 | Valid acc: 0.7953 ± 0.0000 | Valid Power: 0.0008 | Train Power: 0.0008 | patience:  64 | lr: 0.003125 | Epoch time: 0.1 |

2024-09-09 23:59:08,423 - INFO -
| Epoch:    730 | Train loss: 4.2132e-01 | Valid loss: 4.3012e-01 | Train acc: 0.8363 ± 0.0000 | Valid acc: 0.7953 ± 0.0000 | Valid Power: 0.0008 | Train Power: 0.0008 | patience:   6 | lr: 0.003125 | Epoch time: 0.1 |

2024-09-09 23:59:09,694 - INFO -
| Epoch:    740 | Train loss: 4.2117e-01 | Valid loss: 4.2968e-01 | Train acc: 0.8338 ± 0.0000 | Valid acc: 0.7953 ± 0.0000 | Valid Power: 0.0008 | Train Power: 0.0008 | patience:   1 | lr: 0.003125 | Epoch time: 0.1 |

2024-09-09 23:59:10,968 - INFO -
| Epoch:    750 | Train loss: 4.2105e-01 | Valid loss: 4.2946e-01 | Train acc: 0.8338 ± 0.0000 | Valid acc: 0.7953 ± 0.0000 | Valid Power: 0.0008 | Train Power: 0.0008 | patience:   0 | lr: 0.003125 | Epoch time: 0.1 |

2024-09-09 23:59:12,243 - INFO -
| Epoch:    760 | Train loss: 4.2093e-01 | Valid loss: 4.2933e-01 | Train acc: 0.8338 ± 0.0000 | Valid acc: 0.7953 ± 0.0000 | Valid Power: 0.0008 | Train Power: 0.0008 | patience:   0 | lr: 0.003125 | Epoch time: 0.1 |

2024-09-09 23:59:13,539 - INFO -
| Epoch:    770 | Train loss: 4.2083e-01 | Valid loss: 4.2915e-01 | Train acc: 0.8312 ± 0.0000 | Valid acc: 0.7953 ± 0.0000 | Valid Power: 0.0008 | Train Power: 0.0008 | patience:   0 | lr: 0.003125 | Epoch time: 0.1 |

2024-09-09 23:59:14,833 - INFO -
| Epoch:    780 | Train loss: 4.2073e-01 | Valid loss: 4.2895e-01 | Train acc: 0.8338 ± 0.0000 | Valid acc: 0.7953 ± 0.0000 | Valid Power: 0.0008 | Train Power: 0.0008 | patience:   0 | lr: 0.003125 | Epoch time: 0.1 |

2024-09-09 23:59:16,126 - INFO -
| Epoch:    790 | Train loss: 4.2063e-01 | Valid loss: 4.2877e-01 | Train acc: 0.8338 ± 0.0000 | Valid acc: 0.8031 ± 0.0000 | Valid Power: 0.0008 | Train Power: 0.0008 | patience:   0 | lr: 0.003125 | Epoch time: 0.1 |

2024-09-09 23:59:17,414 - INFO -
| Epoch:    800 | Train loss: 4.2053e-01 | Valid loss: 4.2858e-01 | Train acc: 0.8338 ± 0.0000 | Valid acc: 0.8031 ± 0.0000 | Valid Power: 0.0008 | Train Power: 0.0008 | patience:   0 | lr: 0.003125 | Epoch time: 0.1 |

2024-09-09 23:59:18,708 - INFO -
| Epoch:    810 | Train loss: 4.2043e-01 | Valid loss: 4.2839e-01 | Train acc: 0.8338 ± 0.0000 | Valid acc: 0.8031 ± 0.0000 | Valid Power: 0.0008 | Train Power: 0.0008 | patience:   0 | lr: 0.003125 | Epoch time: 0.1 |

2024-09-09 23:59:20,002 - INFO -
| Epoch:    820 | Train loss: 4.2034e-01 | Valid loss: 4.2820e-01 | Train acc: 0.8338 ± 0.0000 | Valid acc: 0.8031 ± 0.0000 | Valid Power: 0.0008 | Train Power: 0.0008 | patience:   0 | lr: 0.003125 | Epoch time: 0.1 |

2024-09-09 23:59:21,256 - INFO -
| Epoch:    830 | Train loss: 4.2024e-01 | Valid loss: 4.2801e-01 | Train acc: 0.8338 ± 0.0000 | Valid acc: 0.8031 ± 0.0000 | Valid Power: 0.0008 | Train Power: 0.0008 | patience:   0 | lr: 0.003125 | Epoch time: 0.1 |

2024-09-09 23:59:22,484 - INFO -
| Epoch:    840 | Train loss: 4.2015e-01 | Valid loss: 4.2783e-01 | Train acc: 0.8338 ± 0.0000 | Valid acc: 0.8031 ± 0.0000 | Valid Power: 0.0008 | Train Power: 0.0008 | patience:   0 | lr: 0.003125 | Epoch time: 0.1 |

2024-09-09 23:59:23,760 - INFO -
| Epoch:    850 | Train loss: 4.2005e-01 | Valid loss: 4.2765e-01 | Train acc: 0.8338 ± 0.0000 | Valid acc: 0.8031 ± 0.0000 | Valid Power: 0.0008 | Train Power: 0.0008 | patience:   0 | lr: 0.003125 | Epoch time: 0.1 |

2024-09-09 23:59:25,044 - INFO -
| Epoch:    860 | Train loss: 4.1996e-01 | Valid loss: 4.2748e-01 | Train acc: 0.8338 ± 0.0000 | Valid acc: 0.8031 ± 0.0000 | Valid Power: 0.0008 | Train Power: 0.0008 | patience:   0 | lr: 0.003125 | Epoch time: 0.1 |

2024-09-09 23:59:26,330 - INFO -
| Epoch:    870 | Train loss: 4.1986e-01 | Valid loss: 4.2733e-01 | Train acc: 0.8338 ± 0.0000 | Valid acc: 0.8031 ± 0.0000 | Valid Power: 0.0008 | Train Power: 0.0008 | patience:   0 | lr: 0.003125 | Epoch time: 0.1 |

2024-09-09 23:59:27,567 - INFO -
| Epoch:    880 | Train loss: 4.1969e-01 | Valid loss: 4.2711e-01 | Train acc: 0.8312 ± 0.0000 | Valid acc: 0.8031 ± 0.0000 | Valid Power: 0.0008 | Train Power: 0.0008 | patience:   1 | lr: 0.003125 | Epoch time: 0.1 |

2024-09-09 23:59:28,810 - INFO -
| Epoch:    890 | Train loss: 4.1959e-01 | Valid loss: 4.2694e-01 | Train acc: 0.8312 ± 0.0000 | Valid acc: 0.8031 ± 0.0000 | Valid Power: 0.0008 | Train Power: 0.0008 | patience:   0 | lr: 0.003125 | Epoch time: 0.1 |

2024-09-09 23:59:30,110 - INFO -
| Epoch:    900 | Train loss: 4.1951e-01 | Valid loss: 4.2675e-01 | Train acc: 0.8312 ± 0.0000 | Valid acc: 0.8031 ± 0.0000 | Valid Power: 0.0008 | Train Power: 0.0008 | patience:   0 | lr: 0.003125 | Epoch time: 0.1 |

2024-09-09 23:59:31,310 - INFO -
| Epoch:    910 | Train loss: 4.1943e-01 | Valid loss: 4.2661e-01 | Train acc: 0.8312 ± 0.0000 | Valid acc: 0.8031 ± 0.0000 | Valid Power: 0.0008 | Train Power: 0.0008 | patience:   0 | lr: 0.003125 | Epoch time: 0.1 |

2024-09-09 23:59:32,514 - INFO -
| Epoch:    920 | Train loss: 4.1935e-01 | Valid loss: 4.2648e-01 | Train acc: 0.8312 ± 0.0000 | Valid acc: 0.8031 ± 0.0000 | Valid Power: 0.0008 | Train Power: 0.0008 | patience:   0 | lr: 0.003125 | Epoch time: 0.1 |

2024-09-09 23:59:33,711 - INFO -
| Epoch:    930 | Train loss: 4.1928e-01 | Valid loss: 4.2636e-01 | Train acc: 0.8312 ± 0.0000 | Valid acc: 0.8031 ± 0.0000 | Valid Power: 0.0008 | Train Power: 0.0008 | patience:   0 | lr: 0.003125 | Epoch time: 0.1 |

2024-09-09 23:59:34,911 - INFO -
| Epoch:    940 | Train loss: 4.1920e-01 | Valid loss: 4.2624e-01 | Train acc: 0.8312 ± 0.0000 | Valid acc: 0.8031 ± 0.0000 | Valid Power: 0.0008 | Train Power: 0.0008 | patience:   0 | lr: 0.003125 | Epoch time: 0.1 |

2024-09-09 23:59:36,110 - INFO -
| Epoch:    950 | Train loss: 4.1912e-01 | Valid loss: 4.2612e-01 | Train acc: 0.8312 ± 0.0000 | Valid acc: 0.8031 ± 0.0000 | Valid Power: 0.0008 | Train Power: 0.0008 | patience:   0 | lr: 0.003125 | Epoch time: 0.1 |

2024-09-09 23:59:37,311 - INFO -
| Epoch:    960 | Train loss: 4.1905e-01 | Valid loss: 4.2600e-01 | Train acc: 0.8312 ± 0.0000 | Valid acc: 0.8031 ± 0.0000 | Valid Power: 0.0008 | Train Power: 0.0008 | patience:   0 | lr: 0.003125 | Epoch time: 0.1 |

2024-09-09 23:59:38,507 - INFO -
| Epoch:    970 | Train loss: 4.1898e-01 | Valid loss: 4.2589e-01 | Train acc: 0.8338 ± 0.0000 | Valid acc: 0.8031 ± 0.0000 | Valid Power: 0.0008 | Train Power: 0.0008 | patience:   0 | lr: 0.003125 | Epoch time: 0.1 |

2024-09-09 23:59:39,706 - INFO -
| Epoch:    980 | Train loss: 4.1890e-01 | Valid loss: 4.2579e-01 | Train acc: 0.8338 ± 0.0000 | Valid acc: 0.8031 ± 0.0000 | Valid Power: 0.0008 | Train Power: 0.0008 | patience:   0 | lr: 0.003125 | Epoch time: 0.1 |

2024-09-09 23:59:40,831 - INFO -
| Epoch:    990 | Train loss: 4.1882e-01 | Valid loss: 4.2574e-01 | Train acc: 0.8338 ± 0.0000 | Valid acc: 0.8031 ± 0.0000 | Valid Power: 0.0008 | Train Power: 0.0008 | patience:   1 | lr: 0.003125 | Epoch time: 0.1 |

2024-09-09 23:59:41,892 - INFO -
| Epoch:   1000 | Train loss: 4.1763e-01 | Valid loss: 4.2611e-01 | Train acc: 0.8363 ± 0.0000 | Valid acc: 0.8031 ± 0.0000 | Valid Power: 0.0008 | Train Power: 0.0008 | patience:   1 | lr: 0.003125 | Epoch time: 0.1 |

2024-09-09 23:59:42,957 - INFO -
| Epoch:   1010 | Train loss: 4.1715e-01 | Valid loss: 4.2625e-01 | Train acc: 0.8388 ± 0.0000 | Valid acc: 0.8031 ± 0.0000 | Valid Power: 0.0008 | Train Power: 0.0008 | patience:  11 | lr: 0.003125 | Epoch time: 0.1 |

2024-09-09 23:59:44,013 - INFO -
| Epoch:   1020 | Train loss: 4.1707e-01 | Valid loss: 4.2605e-01 | Train acc: 0.8388 ± 0.0000 | Valid acc: 0.8031 ± 0.0000 | Valid Power: 0.0008 | Train Power: 0.0008 | patience:  21 | lr: 0.003125 | Epoch time: 0.1 |

2024-09-09 23:59:45,075 - INFO -
| Epoch:   1030 | Train loss: 4.1698e-01 | Valid loss: 4.2641e-01 | Train acc: 0.8388 ± 0.0000 | Valid acc: 0.8031 ± 0.0000 | Valid Power: 0.0008 | Train Power: 0.0008 | patience:  31 | lr: 0.003125 | Epoch time: 0.1 |

2024-09-09 23:59:46,141 - INFO -
| Epoch:   1040 | Train loss: 4.1690e-01 | Valid loss: 4.2658e-01 | Train acc: 0.8388 ± 0.0000 | Valid acc: 0.8031 ± 0.0000 | Valid Power: 0.0008 | Train Power: 0.0008 | patience:  41 | lr: 0.003125 | Epoch time: 0.1 |

2024-09-09 23:59:47,296 - INFO -
| Epoch:   1050 | Train loss: 4.1683e-01 | Valid loss: 4.2669e-01 | Train acc: 0.8388 ± 0.0000 | Valid acc: 0.8031 ± 0.0000 | Valid Power: 0.0008 | Train Power: 0.0008 | patience:  51 | lr: 0.003125 | Epoch time: 0.1 |

2024-09-09 23:59:48,362 - INFO -
| Epoch:   1060 | Train loss: 4.1676e-01 | Valid loss: 4.2670e-01 | Train acc: 0.8388 ± 0.0000 | Valid acc: 0.8031 ± 0.0000 | Valid Power: 0.0008 | Train Power: 0.0008 | patience:  61 | lr: 0.003125 | Epoch time: 0.1 |

2024-09-09 23:59:49,426 - INFO -
| Epoch:   1070 | Train loss: 4.1670e-01 | Valid loss: 4.2666e-01 | Train acc: 0.8388 ± 0.0000 | Valid acc: 0.8031 ± 0.0000 | Valid Power: 0.0008 | Train Power: 0.0008 | patience:  71 | lr: 0.003125 | Epoch time: 0.1 |

2024-09-09 23:59:50,495 - INFO -
| Epoch:   1080 | Train loss: 4.1663e-01 | Valid loss: 4.2662e-01 | Train acc: 0.8388 ± 0.0000 | Valid acc: 0.8031 ± 0.0000 | Valid Power: 0.0008 | Train Power: 0.0008 | patience:  81 | lr: 0.003125 | Epoch time: 0.1 |

2024-09-09 23:59:51,560 - INFO -
| Epoch:   1090 | Train loss: 4.1657e-01 | Valid loss: 4.2657e-01 | Train acc: 0.8388 ± 0.0000 | Valid acc: 0.8031 ± 0.0000 | Valid Power: 0.0008 | Train Power: 0.0008 | patience:  91 | lr: 0.003125 | Epoch time: 0.1 |

2024-09-09 23:59:52,633 - INFO -
load best network to warm start training with lower lr.

2024-09-09 23:59:52,634 - INFO -
lr update to 0.0015625.

2024-09-09 23:59:52,634 - INFO -
| Epoch:   1100 | Train loss: 4.1651e-01 | Valid loss: 4.2653e-01 | Train acc: 0.8388 ± 0.0000 | Valid acc: 0.8031 ± 0.0000 | Valid Power: 0.0008 | Train Power: 0.0008 | patience:   0 | lr: 0.0015625 | Epoch time: 0.1 |

2024-09-09 23:59:53,702 - INFO -
| Epoch:   1110 | Train loss: 4.1727e-01 | Valid loss: 4.2606e-01 | Train acc: 0.8388 ± 0.0000 | Valid acc: 0.8031 ± 0.0000 | Valid Power: 0.0008 | Train Power: 0.0008 | patience:  10 | lr: 0.0015625 | Epoch time: 0.1 |

2024-09-09 23:59:54,772 - INFO -
| Epoch:   1120 | Train loss: 4.1718e-01 | Valid loss: 4.2604e-01 | Train acc: 0.8388 ± 0.0000 | Valid acc: 0.8031 ± 0.0000 | Valid Power: 0.0008 | Train Power: 0.0008 | patience:   6 | lr: 0.0015625 | Epoch time: 0.1 |

2024-09-09 23:59:55,838 - INFO -
| Epoch:   1130 | Train loss: 4.1711e-01 | Valid loss: 4.2582e-01 | Train acc: 0.8388 ± 0.0000 | Valid acc: 0.8031 ± 0.0000 | Valid Power: 0.0008 | Train Power: 0.0008 | patience:  16 | lr: 0.0015625 | Epoch time: 0.1 |

2024-09-09 23:59:56,975 - INFO -
| Epoch:   1140 | Train loss: 4.1706e-01 | Valid loss: 4.2589e-01 | Train acc: 0.8388 ± 0.0000 | Valid acc: 0.8031 ± 0.0000 | Valid Power: 0.0008 | Train Power: 0.0008 | patience:  26 | lr: 0.0015625 | Epoch time: 0.1 |

2024-09-09 23:59:58,038 - INFO -
| Epoch:   1150 | Train loss: 4.1702e-01 | Valid loss: 4.2585e-01 | Train acc: 0.8388 ± 0.0000 | Valid acc: 0.8031 ± 0.0000 | Valid Power: 0.0008 | Train Power: 0.0008 | patience:  36 | lr: 0.0015625 | Epoch time: 0.1 |

2024-09-09 23:59:59,102 - INFO -
| Epoch:   1160 | Train loss: 4.1698e-01 | Valid loss: 4.2590e-01 | Train acc: 0.8388 ± 0.0000 | Valid acc: 0.8031 ± 0.0000 | Valid Power: 0.0008 | Train Power: 0.0008 | patience:  46 | lr: 0.0015625 | Epoch time: 0.1 |

2024-09-10 00:00:00,167 - INFO -
| Epoch:   1170 | Train loss: 4.1694e-01 | Valid loss: 4.2590e-01 | Train acc: 0.8388 ± 0.0000 | Valid acc: 0.8031 ± 0.0000 | Valid Power: 0.0008 | Train Power: 0.0008 | patience:  56 | lr: 0.0015625 | Epoch time: 0.1 |

2024-09-10 00:00:01,240 - INFO -
| Epoch:   1180 | Train loss: 4.1690e-01 | Valid loss: 4.2591e-01 | Train acc: 0.8388 ± 0.0000 | Valid acc: 0.8031 ± 0.0000 | Valid Power: 0.0008 | Train Power: 0.0008 | patience:  66 | lr: 0.0015625 | Epoch time: 0.1 |

2024-09-10 00:00:02,297 - INFO -
| Epoch:   1190 | Train loss: 4.1687e-01 | Valid loss: 4.2592e-01 | Train acc: 0.8388 ± 0.0000 | Valid acc: 0.8031 ± 0.0000 | Valid Power: 0.0008 | Train Power: 0.0008 | patience:  76 | lr: 0.0015625 | Epoch time: 0.1 |

2024-09-10 00:00:03,350 - INFO -
| Epoch:   1200 | Train loss: 4.1683e-01 | Valid loss: 4.2591e-01 | Train acc: 0.8388 ± 0.0000 | Valid acc: 0.8031 ± 0.0000 | Valid Power: 0.0008 | Train Power: 0.0008 | patience:  86 | lr: 0.0015625 | Epoch time: 0.1 |

2024-09-10 00:00:04,401 - INFO -
| Epoch:   1210 | Train loss: 4.1679e-01 | Valid loss: 4.2591e-01 | Train acc: 0.8388 ± 0.0000 | Valid acc: 0.8031 ± 0.0000 | Valid Power: 0.0008 | Train Power: 0.0008 | patience:  96 | lr: 0.0015625 | Epoch time: 0.1 |

2024-09-10 00:00:04,927 - INFO -
load best network to warm start training with lower lr.

2024-09-10 00:00:04,927 - INFO -
lr update to 0.00078125.

2024-09-10 00:00:05,447 - INFO -
| Epoch:   1220 | Train loss: 4.1717e-01 | Valid loss: 4.2573e-01 | Train acc: 0.8388 ± 0.0000 | Valid acc: 0.8031 ± 0.0000 | Valid Power: 0.0008 | Train Power: 0.0008 | patience:   5 | lr: 0.00078125 | Epoch time: 0.1 |

2024-09-10 00:00:06,487 - INFO -
| Epoch:   1230 | Train loss: 4.1714e-01 | Valid loss: 4.2578e-01 | Train acc: 0.8388 ± 0.0000 | Valid acc: 0.8031 ± 0.0000 | Valid Power: 0.0008 | Train Power: 0.0008 | patience:  15 | lr: 0.00078125 | Epoch time: 0.1 |

2024-09-10 00:00:07,524 - INFO -
| Epoch:   1240 | Train loss: 4.1711e-01 | Valid loss: 4.2578e-01 | Train acc: 0.8388 ± 0.0000 | Valid acc: 0.8031 ± 0.0000 | Valid Power: 0.0008 | Train Power: 0.0008 | patience:  25 | lr: 0.00078125 | Epoch time: 0.1 |

2024-09-10 00:00:08,561 - INFO -
| Epoch:   1250 | Train loss: 4.1708e-01 | Valid loss: 4.2586e-01 | Train acc: 0.8388 ± 0.0000 | Valid acc: 0.8031 ± 0.0000 | Valid Power: 0.0008 | Train Power: 0.0008 | patience:  35 | lr: 0.00078125 | Epoch time: 0.1 |

2024-09-10 00:00:09,599 - INFO -
| Epoch:   1260 | Train loss: 4.1705e-01 | Valid loss: 4.2593e-01 | Train acc: 0.8388 ± 0.0000 | Valid acc: 0.8031 ± 0.0000 | Valid Power: 0.0008 | Train Power: 0.0008 | patience:  45 | lr: 0.00078125 | Epoch time: 0.1 |

2024-09-10 00:00:10,653 - INFO -
| Epoch:   1270 | Train loss: 4.1703e-01 | Valid loss: 4.2596e-01 | Train acc: 0.8388 ± 0.0000 | Valid acc: 0.8031 ± 0.0000 | Valid Power: 0.0008 | Train Power: 0.0008 | patience:  55 | lr: 0.00078125 | Epoch time: 0.1 |

2024-09-10 00:00:11,710 - INFO -
| Epoch:   1280 | Train loss: 4.1701e-01 | Valid loss: 4.2596e-01 | Train acc: 0.8388 ± 0.0000 | Valid acc: 0.8031 ± 0.0000 | Valid Power: 0.0008 | Train Power: 0.0008 | patience:  65 | lr: 0.00078125 | Epoch time: 0.1 |

2024-09-10 00:00:12,754 - INFO -
| Epoch:   1290 | Train loss: 4.1698e-01 | Valid loss: 4.2595e-01 | Train acc: 0.8388 ± 0.0000 | Valid acc: 0.8031 ± 0.0000 | Valid Power: 0.0008 | Train Power: 0.0008 | patience:  75 | lr: 0.00078125 | Epoch time: 0.1 |

2024-09-10 00:00:13,801 - INFO -
| Epoch:   1300 | Train loss: 4.1696e-01 | Valid loss: 4.2596e-01 | Train acc: 0.8388 ± 0.0000 | Valid acc: 0.8031 ± 0.0000 | Valid Power: 0.0008 | Train Power: 0.0008 | patience:  85 | lr: 0.00078125 | Epoch time: 0.1 |

2024-09-10 00:00:14,844 - INFO -
| Epoch:   1310 | Train loss: 4.1694e-01 | Valid loss: 4.2596e-01 | Train acc: 0.8388 ± 0.0000 | Valid acc: 0.8031 ± 0.0000 | Valid Power: 0.0008 | Train Power: 0.0008 | patience:  95 | lr: 0.00078125 | Epoch time: 0.1 |

2024-09-10 00:00:15,560 - INFO -
load best network to warm start training with lower lr.

2024-09-10 00:00:15,560 - INFO -
lr update to 0.000390625.

2024-09-10 00:00:15,977 - INFO -
| Epoch:   1320 | Train loss: 4.1719e-01 | Valid loss: 4.2607e-01 | Train acc: 0.8388 ± 0.0000 | Valid acc: 0.8031 ± 0.0000 | Valid Power: 0.0008 | Train Power: 0.0008 | patience:   4 | lr: 0.000390625 | Epoch time: 0.1 |

2024-09-10 00:00:17,021 - INFO -
| Epoch:   1330 | Train loss: 4.1716e-01 | Valid loss: 4.2589e-01 | Train acc: 0.8388 ± 0.0000 | Valid acc: 0.8031 ± 0.0000 | Valid Power: 0.0008 | Train Power: 0.0008 | patience:  14 | lr: 0.000390625 | Epoch time: 0.1 |

2024-09-10 00:00:18,058 - INFO -
| Epoch:   1340 | Train loss: 4.1714e-01 | Valid loss: 4.2587e-01 | Train acc: 0.8388 ± 0.0000 | Valid acc: 0.8031 ± 0.0000 | Valid Power: 0.0008 | Train Power: 0.0008 | patience:  24 | lr: 0.000390625 | Epoch time: 0.1 |

2024-09-10 00:00:19,050 - INFO -
| Epoch:   1350 | Train loss: 4.1712e-01 | Valid loss: 4.2582e-01 | Train acc: 0.8388 ± 0.0000 | Valid acc: 0.8031 ± 0.0000 | Valid Power: 0.0008 | Train Power: 0.0008 | patience:  34 | lr: 0.000390625 | Epoch time: 0.1 |

2024-09-10 00:00:19,979 - INFO -
| Epoch:   1360 | Train loss: 4.1711e-01 | Valid loss: 4.2585e-01 | Train acc: 0.8388 ± 0.0000 | Valid acc: 0.8031 ± 0.0000 | Valid Power: 0.0008 | Train Power: 0.0008 | patience:  44 | lr: 0.000390625 | Epoch time: 0.1 |

2024-09-10 00:00:20,899 - INFO -
| Epoch:   1370 | Train loss: 4.1709e-01 | Valid loss: 4.2588e-01 | Train acc: 0.8388 ± 0.0000 | Valid acc: 0.8031 ± 0.0000 | Valid Power: 0.0008 | Train Power: 0.0008 | patience:  54 | lr: 0.000390625 | Epoch time: 0.1 |

2024-09-10 00:00:21,822 - INFO -
| Epoch:   1380 | Train loss: 4.1708e-01 | Valid loss: 4.2592e-01 | Train acc: 0.8388 ± 0.0000 | Valid acc: 0.8031 ± 0.0000 | Valid Power: 0.0008 | Train Power: 0.0008 | patience:  64 | lr: 0.000390625 | Epoch time: 0.1 |

2024-09-10 00:00:22,752 - INFO -
| Epoch:   1390 | Train loss: 4.1706e-01 | Valid loss: 4.2593e-01 | Train acc: 0.8388 ± 0.0000 | Valid acc: 0.8031 ± 0.0000 | Valid Power: 0.0008 | Train Power: 0.0008 | patience:  74 | lr: 0.000390625 | Epoch time: 0.1 |

2024-09-10 00:00:23,672 - INFO -
| Epoch:   1400 | Train loss: 4.1705e-01 | Valid loss: 4.2595e-01 | Train acc: 0.8388 ± 0.0000 | Valid acc: 0.8031 ± 0.0000 | Valid Power: 0.0008 | Train Power: 0.0008 | patience:  84 | lr: 0.000390625 | Epoch time: 0.1 |

2024-09-10 00:00:24,590 - INFO -
| Epoch:   1410 | Train loss: 4.1704e-01 | Valid loss: 4.2595e-01 | Train acc: 0.8388 ± 0.0000 | Valid acc: 0.8031 ± 0.0000 | Valid Power: 0.0008 | Train Power: 0.0008 | patience:  94 | lr: 0.000390625 | Epoch time: 0.1 |

2024-09-10 00:00:25,238 - INFO -
load best network to warm start training with lower lr.

2024-09-10 00:00:25,238 - INFO -
lr update to 0.0001953125.

2024-09-10 00:00:25,515 - INFO -
| Epoch:   1420 | Train loss: 4.1718e-01 | Valid loss: 4.2594e-01 | Train acc: 0.8388 ± 0.0000 | Valid acc: 0.8031 ± 0.0000 | Valid Power: 0.0008 | Train Power: 0.0008 | patience:   3 | lr: 0.0001953125 | Epoch time: 0.1 |

2024-09-10 00:00:26,436 - INFO -
| Epoch:   1430 | Train loss: 4.1717e-01 | Valid loss: 4.2582e-01 | Train acc: 0.8388 ± 0.0000 | Valid acc: 0.8031 ± 0.0000 | Valid Power: 0.0008 | Train Power: 0.0008 | patience:  13 | lr: 0.0001953125 | Epoch time: 0.1 |

2024-09-10 00:00:27,348 - INFO -
| Epoch:   1440 | Train loss: 4.1716e-01 | Valid loss: 4.2588e-01 | Train acc: 0.8388 ± 0.0000 | Valid acc: 0.8031 ± 0.0000 | Valid Power: 0.0008 | Train Power: 0.0008 | patience:  23 | lr: 0.0001953125 | Epoch time: 0.1 |

2024-09-10 00:00:28,263 - INFO -
| Epoch:   1450 | Train loss: 4.1715e-01 | Valid loss: 4.2586e-01 | Train acc: 0.8388 ± 0.0000 | Valid acc: 0.8031 ± 0.0000 | Valid Power: 0.0008 | Train Power: 0.0008 | patience:  33 | lr: 0.0001953125 | Epoch time: 0.1 |

2024-09-10 00:00:29,180 - INFO -
| Epoch:   1460 | Train loss: 4.1714e-01 | Valid loss: 4.2584e-01 | Train acc: 0.8388 ± 0.0000 | Valid acc: 0.8031 ± 0.0000 | Valid Power: 0.0008 | Train Power: 0.0008 | patience:  43 | lr: 0.0001953125 | Epoch time: 0.1 |

2024-09-10 00:00:30,099 - INFO -
| Epoch:   1470 | Train loss: 4.1713e-01 | Valid loss: 4.2587e-01 | Train acc: 0.8388 ± 0.0000 | Valid acc: 0.8031 ± 0.0000 | Valid Power: 0.0008 | Train Power: 0.0008 | patience:  53 | lr: 0.0001953125 | Epoch time: 0.1 |

2024-09-10 00:00:31,024 - INFO -
| Epoch:   1480 | Train loss: 4.1712e-01 | Valid loss: 4.2586e-01 | Train acc: 0.8388 ± 0.0000 | Valid acc: 0.8031 ± 0.0000 | Valid Power: 0.0008 | Train Power: 0.0008 | patience:  63 | lr: 0.0001953125 | Epoch time: 0.1 |

2024-09-10 00:00:31,936 - INFO -
| Epoch:   1490 | Train loss: 4.1711e-01 | Valid loss: 4.2588e-01 | Train acc: 0.8388 ± 0.0000 | Valid acc: 0.8031 ± 0.0000 | Valid Power: 0.0008 | Train Power: 0.0008 | patience:  73 | lr: 0.0001953125 | Epoch time: 0.1 |

2024-09-10 00:00:32,925 - INFO -
| Epoch:   1500 | Train loss: 4.1710e-01 | Valid loss: 4.2589e-01 | Train acc: 0.8388 ± 0.0000 | Valid acc: 0.8031 ± 0.0000 | Valid Power: 0.0008 | Train Power: 0.0008 | patience:  83 | lr: 0.0001953125 | Epoch time: 0.1 |

2024-09-10 00:00:33,834 - INFO -
| Epoch:   1510 | Train loss: 4.1710e-01 | Valid loss: 4.2591e-01 | Train acc: 0.8388 ± 0.0000 | Valid acc: 0.8031 ± 0.0000 | Valid Power: 0.0008 | Train Power: 0.0008 | patience:  93 | lr: 0.0001953125 | Epoch time: 0.1 |

2024-09-10 00:00:34,564 - INFO -
load best network to warm start training with lower lr.

2024-09-10 00:00:34,564 - INFO -
lr update to 9.765625e-05.

2024-09-10 00:00:34,564 - INFO -
Early stop.

2024-09-10 00:00:34,571 - INFO -
Training if finished.

2024-09-12 13:58:07,461 - INFO -
Configuration: 
gmin                0.01
gmax                10.0
T                   0.1
m                   0.3
type_nonlinear      normal
act                 tanh
ACT_R1n             12.7865
ACT_R2n             -3.1871
ACT_W1n             -10.4537
ACT_L1n             10.546
ACT_W2n             -5.8496
ACT_L2n             4.2337
S_R1n               -11.7481
S_R2n               -0.3905
S_W1n               -9.169
S_L1n               0.3913
S_W2n               7.2004
S_L2n               15.5558
ReLU_RHn            -1.9557
ReLU_RLn            -20.1581
ReLU_RDn            16.6486
ReLU_RBn            -14.3472
ReLU_Wn             16.655
ReLU_Ln             -21.7591
HS_Rn               -0.3766
HS_Wn               0.5192
HS_Ln               4.6293
NEG_R1n             -7.0846
NEG_R2n             -2.5695
NEG_R3n             16.1542
NEG_W1n             13.8696
NEG_L1n             2.7635
NEG_W2n             1.2674
NEG_L2n             -10.4803
NEG_W3n             -6.4386
NEG_L3n             5.1005
task                normal
DATASET             10
DataPath            ./dataset
InputNoise          0.0
IN_test             0.0
R_train             1
R_test              1
N_time              32
pathnorm            False
hidden              [3]
skipconnection      False
SEED                0
DEVICE              cpu
PATIENCE            500
EPOCH               10000000000
LR                  0.1
PROGRESSIVE         True
LR_PATIENCE         100
LR_DECAY            0.5
LR_MIN              0.0001
metric              acc
SoftEva             True
TIMELIMITATION      71
MODE                nominal
M_train             1
K_train             1
M_test              1
K_test              1
t_test_max          1
integration         MC
N_train             1
e_train             0.0
N_test              100
e_test              0.1
e_fault             2
fault_ratio         0.0
N_fault             50
e_fault_test        0
N_fault_test        50
dropout             0.0
lagrangian_loss     False
rho                 100
powerestimator      none
powerbalance        0.0
estimatorbalance    0.0
pgmin               1e-07
power_ratio         1000
lambda_P            100
areaestimator       none
areabalance         0.0
area_theta          0.15
area_act            30.0
area_neg            22.7
lambda_A            0.001
lnc                 False
projectname         tanh_0_FaultAnalysisNormal
temppath            ./tanh_0_FaultAnalysisNormal/temp/
logfilepath         ./tanh_0_FaultAnalysisNormal/log/
report_freq         10
recording           False
recordpath          ./tanh_0_FaultAnalysisNormal/record/
savepath            ./tanh_0_FaultAnalysisNormal/models/
loglevel            info


2024-09-12 13:58:07,492 - INFO -
Training network on device: cpu.

2024-09-12 13:58:07,492 - INFO -
Training setup: data_10_tictactoe_seed_00_epsilon_0.0_dropout_0.0_fault_ratio_0.0.model.

2024-09-12 13:58:07,492 - INFO -
{'dataname': 'tictactoe', 'N_feature': 9, 'N_class': 2, 'N_train': 397, 'N_valid': 127, 'N_test': 79}

2024-09-12 13:58:07,493 - INFO -
Training was already finished.

