2024-09-09 23:57:35,096 - INFO -
Configuration: 
gmin                0.01
gmax                10.0
T                   0.1
m                   0.3
type_nonlinear      normal
act                 tanh
ACT_R1n             12.7865
ACT_R2n             -3.1871
ACT_W1n             -10.4537
ACT_L1n             10.546
ACT_W2n             -5.8496
ACT_L2n             4.2337
S_R1n               -11.7481
S_R2n               -0.3905
S_W1n               -9.169
S_L1n               0.3913
S_W2n               7.2004
S_L2n               15.5558
ReLU_RHn            -1.9557
ReLU_RLn            -20.1581
ReLU_RDn            16.6486
ReLU_RBn            -14.3472
ReLU_Wn             16.655
ReLU_Ln             -21.7591
HS_Rn               -0.3766
HS_Wn               0.5192
HS_Ln               4.6293
NEG_R1n             -7.0846
NEG_R2n             -2.5695
NEG_R3n             16.1542
NEG_W1n             13.8696
NEG_L1n             2.7635
NEG_W2n             1.2674
NEG_L2n             -10.4803
NEG_W3n             -6.4386
NEG_L3n             5.1005
task                normal
DATASET             9
DataPath            ./dataset
InputNoise          0.0
IN_test             0.0
R_train             1
R_test              1
N_time              32
pathnorm            False
hidden              [3]
skipconnection      False
SEED                6
DEVICE              cpu
PATIENCE            500
EPOCH               10000000000
LR                  0.1
PROGRESSIVE         True
LR_PATIENCE         100
LR_DECAY            0.5
LR_MIN              0.0001
metric              acc
SoftEva             True
TIMELIMITATION      71
MODE                nominal
M_train             1
K_train             1
M_test              1
K_test              1
t_test_max          1
integration         MC
N_train             1
e_train             0.0
N_test              100
e_test              0.1
e_fault             2
fault_ratio         0.0
N_fault             50
e_fault_test        0
N_fault_test        50
dropout             0.0
lagrangian_loss     False
rho                 100
powerestimator      none
powerbalance        0.0
estimatorbalance    0.0
pgmin               1e-07
power_ratio         1000
lambda_P            100
areaestimator       none
areabalance         0.0
area_theta          0.15
area_act            30.0
area_neg            22.7
lambda_A            0.001
lnc                 False
projectname         tanh_0_FaultAnalysisNormal
temppath            ./tanh_0_FaultAnalysisNormal/temp/
logfilepath         ./tanh_0_FaultAnalysisNormal/log/
report_freq         10
recording           False
recordpath          ./tanh_0_FaultAnalysisNormal/record/
savepath            ./tanh_0_FaultAnalysisNormal/models/
loglevel            info


2024-09-09 23:57:35,096 - INFO -
Training network on device: cpu.

2024-09-09 23:57:35,096 - INFO -
Training setup: data_09_seeds_seed_06_epsilon_0.0_dropout_0.0_fault_ratio_0.0.model.

2024-09-09 23:57:35,096 - INFO -
{'dataname': 'seeds', 'N_feature': 7, 'N_class': 3, 'N_train': 124, 'N_valid': 41, 'N_test': 43}

2024-09-09 23:57:35,096 - INFO -
Topology of the network: [7, 3, 3].

2024-09-09 23:57:36,631 - INFO -
| Epoch:      0 | Train loss: 1.0987e+00 | Valid loss: 1.1163e+00 | Train acc: 0.2258 ± 0.0000 | Valid acc: 0.2439 ± 0.0000 | Valid Power: 0.0009 | Train Power: 0.0005 | patience:   0 | lr: 0.1 | Epoch time: 0.1 |

2024-09-09 23:57:37,596 - INFO -
| Epoch:     10 | Train loss: 8.9518e-01 | Valid loss: 8.9979e-01 | Train acc: 0.7177 ± 0.0000 | Valid acc: 0.6341 ± 0.0000 | Valid Power: 0.0008 | Train Power: 0.0008 | patience:   0 | lr: 0.1 | Epoch time: 0.1 |

2024-09-09 23:57:38,577 - INFO -
| Epoch:     20 | Train loss: 6.6157e-01 | Valid loss: 6.7282e-01 | Train acc: 0.7177 ± 0.0000 | Valid acc: 0.6341 ± 0.0000 | Valid Power: 0.0008 | Train Power: 0.0008 | patience:   0 | lr: 0.1 | Epoch time: 0.1 |

2024-09-09 23:57:39,518 - INFO -
| Epoch:     30 | Train loss: 5.3095e-01 | Valid loss: 6.2520e-01 | Train acc: 0.9274 ± 0.0000 | Valid acc: 0.7805 ± 0.0000 | Valid Power: 0.0009 | Train Power: 0.0009 | patience:   0 | lr: 0.1 | Epoch time: 0.1 |

2024-09-09 23:57:40,461 - INFO -
| Epoch:     40 | Train loss: 4.7245e-01 | Valid loss: 5.3215e-01 | Train acc: 0.9194 ± 0.0000 | Valid acc: 0.8293 ± 0.0000 | Valid Power: 0.0006 | Train Power: 0.0006 | patience:   1 | lr: 0.1 | Epoch time: 0.1 |

2024-09-09 23:57:41,374 - INFO -
| Epoch:     50 | Train loss: 4.6775e-01 | Valid loss: 5.3109e-01 | Train acc: 0.9274 ± 0.0000 | Valid acc: 0.8049 ± 0.0000 | Valid Power: 0.0006 | Train Power: 0.0006 | patience:   8 | lr: 0.1 | Epoch time: 0.1 |

2024-09-09 23:57:42,304 - INFO -
| Epoch:     60 | Train loss: 4.2324e-01 | Valid loss: 4.6067e-01 | Train acc: 0.9355 ± 0.0000 | Valid acc: 0.9024 ± 0.0000 | Valid Power: 0.0007 | Train Power: 0.0007 | patience:   0 | lr: 0.1 | Epoch time: 0.1 |

2024-09-09 23:57:43,237 - INFO -
| Epoch:     70 | Train loss: 3.8436e-01 | Valid loss: 4.7565e-01 | Train acc: 0.9597 ± 0.0000 | Valid acc: 0.8780 ± 0.0000 | Valid Power: 0.0007 | Train Power: 0.0007 | patience:   5 | lr: 0.1 | Epoch time: 0.1 |

2024-09-09 23:57:44,155 - INFO -
| Epoch:     80 | Train loss: 3.7070e-01 | Valid loss: 4.6396e-01 | Train acc: 0.9839 ± 0.0000 | Valid acc: 0.8780 ± 0.0000 | Valid Power: 0.0007 | Train Power: 0.0007 | patience:   4 | lr: 0.1 | Epoch time: 0.1 |

2024-09-09 23:57:45,121 - INFO -
| Epoch:     90 | Train loss: 3.7262e-01 | Valid loss: 4.8299e-01 | Train acc: 0.9677 ± 0.0000 | Valid acc: 0.8537 ± 0.0000 | Valid Power: 0.0007 | Train Power: 0.0007 | patience:   5 | lr: 0.1 | Epoch time: 0.1 |

2024-09-09 23:57:46,035 - INFO -
| Epoch:    100 | Train loss: 3.9858e-01 | Valid loss: 4.8000e-01 | Train acc: 0.9194 ± 0.0000 | Valid acc: 0.8537 ± 0.0000 | Valid Power: 0.0008 | Train Power: 0.0007 | patience:  15 | lr: 0.1 | Epoch time: 0.1 |

2024-09-09 23:57:46,944 - INFO -
| Epoch:    110 | Train loss: 3.9136e-01 | Valid loss: 4.5129e-01 | Train acc: 0.9516 ± 0.0000 | Valid acc: 0.9024 ± 0.0000 | Valid Power: 0.0008 | Train Power: 0.0008 | patience:  25 | lr: 0.1 | Epoch time: 0.1 |

2024-09-09 23:57:47,873 - INFO -
| Epoch:    120 | Train loss: 3.7670e-01 | Valid loss: 4.6229e-01 | Train acc: 0.9516 ± 0.0000 | Valid acc: 0.8780 ± 0.0000 | Valid Power: 0.0009 | Train Power: 0.0008 | patience:   2 | lr: 0.1 | Epoch time: 0.1 |

2024-09-09 23:57:48,784 - INFO -
| Epoch:    130 | Train loss: 3.7381e-01 | Valid loss: 4.5486e-01 | Train acc: 0.9516 ± 0.0000 | Valid acc: 0.8780 ± 0.0000 | Valid Power: 0.0007 | Train Power: 0.0008 | patience:  12 | lr: 0.1 | Epoch time: 0.1 |

2024-09-09 23:57:49,698 - INFO -
| Epoch:    140 | Train loss: 3.4753e-01 | Valid loss: 4.8044e-01 | Train acc: 0.9839 ± 0.0000 | Valid acc: 0.8780 ± 0.0000 | Valid Power: 0.0007 | Train Power: 0.0007 | patience:   5 | lr: 0.1 | Epoch time: 0.1 |

2024-09-09 23:57:50,607 - INFO -
| Epoch:    150 | Train loss: 3.5576e-01 | Valid loss: 4.7528e-01 | Train acc: 0.9677 ± 0.0000 | Valid acc: 0.8780 ± 0.0000 | Valid Power: 0.0007 | Train Power: 0.0007 | patience:  15 | lr: 0.1 | Epoch time: 0.1 |

2024-09-09 23:57:51,613 - INFO -
| Epoch:    160 | Train loss: 3.3843e-01 | Valid loss: 4.7243e-01 | Train acc: 0.9758 ± 0.0000 | Valid acc: 0.8780 ± 0.0000 | Valid Power: 0.0008 | Train Power: 0.0008 | patience:  25 | lr: 0.1 | Epoch time: 0.1 |

2024-09-09 23:57:52,522 - INFO -
| Epoch:    170 | Train loss: 4.0789e-01 | Valid loss: 5.2333e-01 | Train acc: 0.8952 ± 0.0000 | Valid acc: 0.8049 ± 0.0000 | Valid Power: 0.0008 | Train Power: 0.0008 | patience:  35 | lr: 0.1 | Epoch time: 0.1 |

2024-09-09 23:57:53,438 - INFO -
| Epoch:    180 | Train loss: 3.5420e-01 | Valid loss: 4.8983e-01 | Train acc: 0.9435 ± 0.0000 | Valid acc: 0.8780 ± 0.0000 | Valid Power: 0.0008 | Train Power: 0.0008 | patience:  45 | lr: 0.1 | Epoch time: 0.1 |

2024-09-09 23:57:54,348 - INFO -
| Epoch:    190 | Train loss: 3.6699e-01 | Valid loss: 4.4363e-01 | Train acc: 0.9677 ± 0.0000 | Valid acc: 0.9024 ± 0.0000 | Valid Power: 0.0008 | Train Power: 0.0009 | patience:  55 | lr: 0.1 | Epoch time: 0.1 |

2024-09-09 23:57:55,279 - INFO -
| Epoch:    200 | Train loss: 3.5414e-01 | Valid loss: 4.2464e-01 | Train acc: 0.9677 ± 0.0000 | Valid acc: 0.9024 ± 0.0000 | Valid Power: 0.0008 | Train Power: 0.0008 | patience:   0 | lr: 0.1 | Epoch time: 0.1 |

2024-09-09 23:57:56,197 - INFO -
| Epoch:    210 | Train loss: 3.3921e-01 | Valid loss: 4.9767e-01 | Train acc: 0.9597 ± 0.0000 | Valid acc: 0.8537 ± 0.0000 | Valid Power: 0.0009 | Train Power: 0.0009 | patience:   8 | lr: 0.1 | Epoch time: 0.1 |

2024-09-09 23:57:57,107 - INFO -
| Epoch:    220 | Train loss: 3.3216e-01 | Valid loss: 4.7179e-01 | Train acc: 0.9758 ± 0.0000 | Valid acc: 0.8780 ± 0.0000 | Valid Power: 0.0016 | Train Power: 0.0013 | patience:  18 | lr: 0.1 | Epoch time: 0.1 |

2024-09-09 23:57:58,018 - INFO -
| Epoch:    230 | Train loss: 3.2832e-01 | Valid loss: 4.3299e-01 | Train acc: 0.9839 ± 0.0000 | Valid acc: 0.9024 ± 0.0000 | Valid Power: 0.0013 | Train Power: 0.0014 | patience:  28 | lr: 0.1 | Epoch time: 0.1 |

2024-09-09 23:57:58,927 - INFO -
| Epoch:    240 | Train loss: 3.3528e-01 | Valid loss: 5.1325e-01 | Train acc: 0.9597 ± 0.0000 | Valid acc: 0.8049 ± 0.0000 | Valid Power: 0.0011 | Train Power: 0.0011 | patience:  38 | lr: 0.1 | Epoch time: 0.1 |

2024-09-09 23:57:59,836 - INFO -
| Epoch:    250 | Train loss: 3.3580e-01 | Valid loss: 4.5254e-01 | Train acc: 0.9758 ± 0.0000 | Valid acc: 0.8780 ± 0.0000 | Valid Power: 0.0011 | Train Power: 0.0011 | patience:  48 | lr: 0.1 | Epoch time: 0.1 |

2024-09-09 23:58:00,747 - INFO -
| Epoch:    260 | Train loss: 3.3296e-01 | Valid loss: 4.7772e-01 | Train acc: 0.9597 ± 0.0000 | Valid acc: 0.8780 ± 0.0000 | Valid Power: 0.0011 | Train Power: 0.0011 | patience:  58 | lr: 0.1 | Epoch time: 0.1 |

2024-09-09 23:58:01,663 - INFO -
| Epoch:    270 | Train loss: 3.2917e-01 | Valid loss: 4.5871e-01 | Train acc: 0.9758 ± 0.0000 | Valid acc: 0.8780 ± 0.0000 | Valid Power: 0.0012 | Train Power: 0.0012 | patience:  68 | lr: 0.1 | Epoch time: 0.1 |

2024-09-09 23:58:02,575 - INFO -
| Epoch:    280 | Train loss: 3.3432e-01 | Valid loss: 4.4164e-01 | Train acc: 0.9758 ± 0.0000 | Valid acc: 0.8780 ± 0.0000 | Valid Power: 0.0011 | Train Power: 0.0011 | patience:  78 | lr: 0.1 | Epoch time: 0.1 |

2024-09-09 23:58:03,484 - INFO -
| Epoch:    290 | Train loss: 3.4946e-01 | Valid loss: 4.5248e-01 | Train acc: 0.9516 ± 0.0000 | Valid acc: 0.9024 ± 0.0000 | Valid Power: 0.0012 | Train Power: 0.0012 | patience:  88 | lr: 0.1 | Epoch time: 0.1 |

2024-09-09 23:58:04,393 - INFO -
| Epoch:    300 | Train loss: 3.3802e-01 | Valid loss: 4.5197e-01 | Train acc: 0.9677 ± 0.0000 | Valid acc: 0.9024 ± 0.0000 | Valid Power: 0.0012 | Train Power: 0.0013 | patience:  98 | lr: 0.1 | Epoch time: 0.1 |

2024-09-09 23:58:04,670 - INFO -
load best network to warm start training with lower lr.

2024-09-09 23:58:04,670 - INFO -
lr update to 0.05.

2024-09-09 23:58:05,307 - INFO -
| Epoch:    310 | Train loss: 3.3955e-01 | Valid loss: 4.6016e-01 | Train acc: 0.9516 ± 0.0000 | Valid acc: 0.9024 ± 0.0000 | Valid Power: 0.0009 | Train Power: 0.0009 | patience:   7 | lr: 0.05 | Epoch time: 0.1 |

2024-09-09 23:58:06,227 - INFO -
| Epoch:    320 | Train loss: 3.3349e-01 | Valid loss: 4.1805e-01 | Train acc: 0.9839 ± 0.0000 | Valid acc: 0.9024 ± 0.0000 | Valid Power: 0.0010 | Train Power: 0.0023 | patience:   1 | lr: 0.05 | Epoch time: 0.1 |

2024-09-09 23:58:07,140 - INFO -
| Epoch:    330 | Train loss: 3.2566e-01 | Valid loss: 4.5637e-01 | Train acc: 0.9677 ± 0.0000 | Valid acc: 0.9024 ± 0.0000 | Valid Power: 0.0009 | Train Power: 0.0009 | patience:  11 | lr: 0.05 | Epoch time: 0.1 |

2024-09-09 23:58:08,051 - INFO -
| Epoch:    340 | Train loss: 3.2436e-01 | Valid loss: 4.3646e-01 | Train acc: 0.9839 ± 0.0000 | Valid acc: 0.9024 ± 0.0000 | Valid Power: 0.0026 | Train Power: 0.0029 | patience:  21 | lr: 0.05 | Epoch time: 0.1 |

2024-09-09 23:58:08,964 - INFO -
| Epoch:    350 | Train loss: 3.2287e-01 | Valid loss: 4.4358e-01 | Train acc: 0.9839 ± 0.0000 | Valid acc: 0.9024 ± 0.0000 | Valid Power: 0.0010 | Train Power: 0.0010 | patience:  31 | lr: 0.05 | Epoch time: 0.1 |

2024-09-09 23:58:09,876 - INFO -
| Epoch:    360 | Train loss: 3.2210e-01 | Valid loss: 4.4023e-01 | Train acc: 0.9839 ± 0.0000 | Valid acc: 0.9024 ± 0.0000 | Valid Power: 0.0017 | Train Power: 0.0010 | patience:  41 | lr: 0.05 | Epoch time: 0.1 |

2024-09-09 23:58:10,793 - INFO -
| Epoch:    370 | Train loss: 3.2136e-01 | Valid loss: 4.3952e-01 | Train acc: 0.9839 ± 0.0000 | Valid acc: 0.9024 ± 0.0000 | Valid Power: 0.0011 | Train Power: 0.0011 | patience:  51 | lr: 0.05 | Epoch time: 0.1 |

2024-09-09 23:58:11,706 - INFO -
| Epoch:    380 | Train loss: 3.2096e-01 | Valid loss: 4.3748e-01 | Train acc: 0.9839 ± 0.0000 | Valid acc: 0.9024 ± 0.0000 | Valid Power: 0.0011 | Train Power: 0.0011 | patience:  61 | lr: 0.05 | Epoch time: 0.1 |

2024-09-09 23:58:12,620 - INFO -
| Epoch:    390 | Train loss: 3.3390e-01 | Valid loss: 4.6216e-01 | Train acc: 0.9758 ± 0.0000 | Valid acc: 0.8780 ± 0.0000 | Valid Power: 0.0011 | Train Power: 0.0012 | patience:  71 | lr: 0.05 | Epoch time: 0.1 |

2024-09-09 23:58:13,532 - INFO -
| Epoch:    400 | Train loss: 3.2397e-01 | Valid loss: 4.4041e-01 | Train acc: 0.9839 ± 0.0000 | Valid acc: 0.9024 ± 0.0000 | Valid Power: 0.0023 | Train Power: 0.0026 | patience:  81 | lr: 0.05 | Epoch time: 0.1 |

2024-09-09 23:58:14,446 - INFO -
| Epoch:    410 | Train loss: 3.2198e-01 | Valid loss: 4.3540e-01 | Train acc: 0.9839 ± 0.0000 | Valid acc: 0.9024 ± 0.0000 | Valid Power: 0.0018 | Train Power: 0.0020 | patience:  91 | lr: 0.05 | Epoch time: 0.1 |

2024-09-09 23:58:15,362 - INFO -
load best network to warm start training with lower lr.

2024-09-09 23:58:15,362 - INFO -
lr update to 0.025.

2024-09-09 23:58:15,362 - INFO -
| Epoch:    420 | Train loss: 3.2120e-01 | Valid loss: 4.3883e-01 | Train acc: 0.9839 ± 0.0000 | Valid acc: 0.9024 ± 0.0000 | Valid Power: 0.0016 | Train Power: 0.0017 | patience:   0 | lr: 0.025 | Epoch time: 0.1 |

2024-09-09 23:58:16,273 - INFO -
| Epoch:    430 | Train loss: 3.3309e-01 | Valid loss: 4.4668e-01 | Train acc: 0.9758 ± 0.0000 | Valid acc: 0.9024 ± 0.0000 | Valid Power: 0.0023 | Train Power: 0.0024 | patience:  10 | lr: 0.025 | Epoch time: 0.1 |

2024-09-09 23:58:17,184 - INFO -
| Epoch:    440 | Train loss: 3.2442e-01 | Valid loss: 4.4110e-01 | Train acc: 0.9839 ± 0.0000 | Valid acc: 0.9024 ± 0.0000 | Valid Power: 0.0024 | Train Power: 0.0024 | patience:  20 | lr: 0.025 | Epoch time: 0.1 |

2024-09-09 23:58:18,098 - INFO -
| Epoch:    450 | Train loss: 3.2372e-01 | Valid loss: 4.3700e-01 | Train acc: 0.9839 ± 0.0000 | Valid acc: 0.9024 ± 0.0000 | Valid Power: 0.0024 | Train Power: 0.0024 | patience:  30 | lr: 0.025 | Epoch time: 0.1 |

2024-09-09 23:58:19,009 - INFO -
| Epoch:    460 | Train loss: 3.2315e-01 | Valid loss: 4.3915e-01 | Train acc: 0.9839 ± 0.0000 | Valid acc: 0.9024 ± 0.0000 | Valid Power: 0.0024 | Train Power: 0.0024 | patience:  40 | lr: 0.025 | Epoch time: 0.1 |

2024-09-09 23:58:19,921 - INFO -
| Epoch:    470 | Train loss: 3.2269e-01 | Valid loss: 4.3805e-01 | Train acc: 0.9839 ± 0.0000 | Valid acc: 0.9024 ± 0.0000 | Valid Power: 0.0025 | Train Power: 0.0025 | patience:  50 | lr: 0.025 | Epoch time: 0.1 |

2024-09-09 23:58:20,833 - INFO -
| Epoch:    480 | Train loss: 3.2236e-01 | Valid loss: 4.3877e-01 | Train acc: 0.9839 ± 0.0000 | Valid acc: 0.9024 ± 0.0000 | Valid Power: 0.0024 | Train Power: 0.0029 | patience:  60 | lr: 0.025 | Epoch time: 0.1 |

2024-09-09 23:58:21,744 - INFO -
| Epoch:    490 | Train loss: 3.2217e-01 | Valid loss: 4.3752e-01 | Train acc: 0.9839 ± 0.0000 | Valid acc: 0.9024 ± 0.0000 | Valid Power: 0.0027 | Train Power: 0.0028 | patience:  70 | lr: 0.025 | Epoch time: 0.1 |

2024-09-09 23:58:22,656 - INFO -
| Epoch:    500 | Train loss: 3.2194e-01 | Valid loss: 4.3785e-01 | Train acc: 0.9839 ± 0.0000 | Valid acc: 0.9024 ± 0.0000 | Valid Power: 0.0025 | Train Power: 0.0026 | patience:  80 | lr: 0.025 | Epoch time: 0.1 |

2024-09-09 23:58:23,574 - INFO -
| Epoch:    510 | Train loss: 3.2145e-01 | Valid loss: 4.3341e-01 | Train acc: 0.9839 ± 0.0000 | Valid acc: 0.9024 ± 0.0000 | Valid Power: 0.0025 | Train Power: 0.0029 | patience:  90 | lr: 0.025 | Epoch time: 0.1 |

2024-09-09 23:58:24,487 - INFO -
| Epoch:    520 | Train loss: 3.2124e-01 | Valid loss: 4.3385e-01 | Train acc: 0.9839 ± 0.0000 | Valid acc: 0.9024 ± 0.0000 | Valid Power: 0.0025 | Train Power: 0.0025 | patience: 100 | lr: 0.025 | Epoch time: 0.1 |

2024-09-09 23:58:24,582 - INFO -
load best network to warm start training with lower lr.

2024-09-09 23:58:24,582 - INFO -
lr update to 0.0125.

2024-09-09 23:58:25,403 - INFO -
| Epoch:    530 | Train loss: 3.2541e-01 | Valid loss: 4.3627e-01 | Train acc: 0.9839 ± 0.0000 | Valid acc: 0.9024 ± 0.0000 | Valid Power: 0.0023 | Train Power: 0.0023 | patience:   9 | lr: 0.0125 | Epoch time: 0.1 |

2024-09-09 23:58:26,316 - INFO -
| Epoch:    540 | Train loss: 3.2478e-01 | Valid loss: 4.4750e-01 | Train acc: 0.9839 ± 0.0000 | Valid acc: 0.9024 ± 0.0000 | Valid Power: 0.0023 | Train Power: 0.0024 | patience:  19 | lr: 0.0125 | Epoch time: 0.1 |

2024-09-09 23:58:27,227 - INFO -
| Epoch:    550 | Train loss: 3.2421e-01 | Valid loss: 4.4432e-01 | Train acc: 0.9839 ± 0.0000 | Valid acc: 0.9024 ± 0.0000 | Valid Power: 0.0024 | Train Power: 0.0066 | patience:  29 | lr: 0.0125 | Epoch time: 0.1 |

2024-09-09 23:58:28,139 - INFO -
| Epoch:    560 | Train loss: 3.2383e-01 | Valid loss: 4.3987e-01 | Train acc: 0.9839 ± 0.0000 | Valid acc: 0.9024 ± 0.0000 | Valid Power: 0.0023 | Train Power: 0.0032 | patience:  39 | lr: 0.0125 | Epoch time: 0.1 |

2024-09-09 23:58:29,052 - INFO -
| Epoch:    570 | Train loss: 3.2352e-01 | Valid loss: 4.3866e-01 | Train acc: 0.9839 ± 0.0000 | Valid acc: 0.9024 ± 0.0000 | Valid Power: 0.0024 | Train Power: 0.0024 | patience:  49 | lr: 0.0125 | Epoch time: 0.1 |

2024-09-09 23:58:29,965 - INFO -
| Epoch:    580 | Train loss: 3.2321e-01 | Valid loss: 4.3953e-01 | Train acc: 0.9839 ± 0.0000 | Valid acc: 0.9024 ± 0.0000 | Valid Power: 0.0024 | Train Power: 0.0024 | patience:  59 | lr: 0.0125 | Epoch time: 0.1 |

2024-09-09 23:58:30,878 - INFO -
| Epoch:    590 | Train loss: 3.2285e-01 | Valid loss: 4.3950e-01 | Train acc: 0.9839 ± 0.0000 | Valid acc: 0.9024 ± 0.0000 | Valid Power: 0.0024 | Train Power: 0.0024 | patience:  69 | lr: 0.0125 | Epoch time: 0.1 |

2024-09-09 23:58:31,790 - INFO -
| Epoch:    600 | Train loss: 3.2256e-01 | Valid loss: 4.4036e-01 | Train acc: 0.9839 ± 0.0000 | Valid acc: 0.9024 ± 0.0000 | Valid Power: 0.0025 | Train Power: 0.0025 | patience:  79 | lr: 0.0125 | Epoch time: 0.1 |

2024-09-09 23:58:32,702 - INFO -
| Epoch:    610 | Train loss: 3.2237e-01 | Valid loss: 4.3949e-01 | Train acc: 0.9839 ± 0.0000 | Valid acc: 0.9024 ± 0.0000 | Valid Power: 0.0025 | Train Power: 0.0025 | patience:  89 | lr: 0.0125 | Epoch time: 0.1 |

2024-09-09 23:58:33,615 - INFO -
| Epoch:    620 | Train loss: 3.2215e-01 | Valid loss: 4.4007e-01 | Train acc: 0.9839 ± 0.0000 | Valid acc: 0.9024 ± 0.0000 | Valid Power: 0.0025 | Train Power: 0.0026 | patience:  99 | lr: 0.0125 | Epoch time: 0.1 |

2024-09-09 23:58:33,801 - INFO -
load best network to warm start training with lower lr.

2024-09-09 23:58:33,801 - INFO -
lr update to 0.00625.

2024-09-09 23:58:34,532 - INFO -
| Epoch:    630 | Train loss: 3.2668e-01 | Valid loss: 4.2798e-01 | Train acc: 0.9839 ± 0.0000 | Valid acc: 0.9024 ± 0.0000 | Valid Power: 0.0022 | Train Power: 0.0023 | patience:   8 | lr: 0.00625 | Epoch time: 0.1 |

2024-09-09 23:58:35,446 - INFO -
| Epoch:    640 | Train loss: 3.2533e-01 | Valid loss: 4.3558e-01 | Train acc: 0.9839 ± 0.0000 | Valid acc: 0.9024 ± 0.0000 | Valid Power: 0.0022 | Train Power: 0.0023 | patience:  18 | lr: 0.00625 | Epoch time: 0.1 |

2024-09-09 23:58:36,359 - INFO -
| Epoch:    650 | Train loss: 3.2473e-01 | Valid loss: 4.4095e-01 | Train acc: 0.9839 ± 0.0000 | Valid acc: 0.9024 ± 0.0000 | Valid Power: 0.0025 | Train Power: 0.0023 | patience:  28 | lr: 0.00625 | Epoch time: 0.1 |

2024-09-09 23:58:37,274 - INFO -
| Epoch:    660 | Train loss: 3.2438e-01 | Valid loss: 4.4388e-01 | Train acc: 0.9839 ± 0.0000 | Valid acc: 0.9024 ± 0.0000 | Valid Power: 0.0023 | Train Power: 0.0024 | patience:  38 | lr: 0.00625 | Epoch time: 0.1 |

2024-09-09 23:58:38,187 - INFO -
| Epoch:    670 | Train loss: 3.2404e-01 | Valid loss: 4.4312e-01 | Train acc: 0.9839 ± 0.0000 | Valid acc: 0.9024 ± 0.0000 | Valid Power: 0.0023 | Train Power: 0.0024 | patience:  48 | lr: 0.00625 | Epoch time: 0.1 |

2024-09-09 23:58:39,099 - INFO -
| Epoch:    680 | Train loss: 3.2369e-01 | Valid loss: 4.4172e-01 | Train acc: 0.9839 ± 0.0000 | Valid acc: 0.9024 ± 0.0000 | Valid Power: 0.0025 | Train Power: 0.1330 | patience:  58 | lr: 0.00625 | Epoch time: 0.1 |

2024-09-09 23:58:40,113 - INFO -
| Epoch:    690 | Train loss: 3.2342e-01 | Valid loss: 4.4174e-01 | Train acc: 0.9839 ± 0.0000 | Valid acc: 0.9024 ± 0.0000 | Valid Power: 0.0024 | Train Power: 0.0024 | patience:  68 | lr: 0.00625 | Epoch time: 0.1 |

2024-09-09 23:58:41,027 - INFO -
| Epoch:    700 | Train loss: 3.2312e-01 | Valid loss: 4.4059e-01 | Train acc: 0.9839 ± 0.0000 | Valid acc: 0.9024 ± 0.0000 | Valid Power: 0.0026 | Train Power: 0.0028 | patience:  78 | lr: 0.00625 | Epoch time: 0.1 |

2024-09-09 23:58:41,941 - INFO -
| Epoch:    710 | Train loss: 3.2286e-01 | Valid loss: 4.3994e-01 | Train acc: 0.9839 ± 0.0000 | Valid acc: 0.9024 ± 0.0000 | Valid Power: 0.0024 | Train Power: 0.0024 | patience:  88 | lr: 0.00625 | Epoch time: 0.1 |

2024-09-09 23:58:42,858 - INFO -
| Epoch:    720 | Train loss: 3.2263e-01 | Valid loss: 4.3951e-01 | Train acc: 0.9839 ± 0.0000 | Valid acc: 0.9024 ± 0.0000 | Valid Power: 0.0024 | Train Power: 0.0024 | patience:  98 | lr: 0.00625 | Epoch time: 0.1 |

2024-09-09 23:58:43,136 - INFO -
load best network to warm start training with lower lr.

2024-09-09 23:58:43,136 - INFO -
lr update to 0.003125.

2024-09-09 23:58:43,775 - INFO -
| Epoch:    730 | Train loss: 3.3083e-01 | Valid loss: 4.2222e-01 | Train acc: 0.9839 ± 0.0000 | Valid acc: 0.9024 ± 0.0000 | Valid Power: 0.0022 | Train Power: 0.0023 | patience:   7 | lr: 0.003125 | Epoch time: 0.1 |

2024-09-09 23:58:44,687 - INFO -
| Epoch:    740 | Train loss: 3.2647e-01 | Valid loss: 4.2828e-01 | Train acc: 0.9839 ± 0.0000 | Valid acc: 0.9024 ± 0.0000 | Valid Power: 0.0022 | Train Power: 0.0023 | patience:  17 | lr: 0.003125 | Epoch time: 0.1 |

2024-09-09 23:58:45,601 - INFO -
| Epoch:    750 | Train loss: 3.2574e-01 | Valid loss: 4.3154e-01 | Train acc: 0.9839 ± 0.0000 | Valid acc: 0.9024 ± 0.0000 | Valid Power: 0.0022 | Train Power: 0.0023 | patience:  27 | lr: 0.003125 | Epoch time: 0.1 |

2024-09-09 23:58:46,514 - INFO -
| Epoch:    760 | Train loss: 3.2529e-01 | Valid loss: 4.3449e-01 | Train acc: 0.9839 ± 0.0000 | Valid acc: 0.9024 ± 0.0000 | Valid Power: 0.0022 | Train Power: 0.0023 | patience:  37 | lr: 0.003125 | Epoch time: 0.1 |

2024-09-09 23:58:47,426 - INFO -
| Epoch:    770 | Train loss: 3.2495e-01 | Valid loss: 4.3719e-01 | Train acc: 0.9839 ± 0.0000 | Valid acc: 0.9024 ± 0.0000 | Valid Power: 0.0022 | Train Power: 0.0023 | patience:  47 | lr: 0.003125 | Epoch time: 0.1 |

2024-09-09 23:58:48,339 - INFO -
| Epoch:    780 | Train loss: 3.2466e-01 | Valid loss: 4.3894e-01 | Train acc: 0.9839 ± 0.0000 | Valid acc: 0.9024 ± 0.0000 | Valid Power: 0.0022 | Train Power: 0.0023 | patience:  57 | lr: 0.003125 | Epoch time: 0.1 |

2024-09-09 23:58:49,252 - INFO -
| Epoch:    790 | Train loss: 3.2445e-01 | Valid loss: 4.3994e-01 | Train acc: 0.9839 ± 0.0000 | Valid acc: 0.9024 ± 0.0000 | Valid Power: 0.0023 | Train Power: 0.0023 | patience:  67 | lr: 0.003125 | Epoch time: 0.1 |

2024-09-09 23:58:50,164 - INFO -
| Epoch:    800 | Train loss: 3.2425e-01 | Valid loss: 4.4048e-01 | Train acc: 0.9839 ± 0.0000 | Valid acc: 0.9024 ± 0.0000 | Valid Power: 0.0023 | Train Power: 0.0023 | patience:  77 | lr: 0.003125 | Epoch time: 0.1 |

2024-09-09 23:58:51,076 - INFO -
| Epoch:    810 | Train loss: 3.2405e-01 | Valid loss: 4.4074e-01 | Train acc: 0.9839 ± 0.0000 | Valid acc: 0.9024 ± 0.0000 | Valid Power: 0.0023 | Train Power: 0.0023 | patience:  87 | lr: 0.003125 | Epoch time: 0.1 |

2024-09-09 23:58:51,989 - INFO -
| Epoch:    820 | Train loss: 3.2386e-01 | Valid loss: 4.4080e-01 | Train acc: 0.9839 ± 0.0000 | Valid acc: 0.9024 ± 0.0000 | Valid Power: 0.0023 | Train Power: 0.0023 | patience:  97 | lr: 0.003125 | Epoch time: 0.1 |

2024-09-09 23:58:52,357 - INFO -
load best network to warm start training with lower lr.

2024-09-09 23:58:52,357 - INFO -
lr update to 0.0015625.

2024-09-09 23:58:52,906 - INFO -
| Epoch:    830 | Train loss: 3.3259e-01 | Valid loss: 4.1965e-01 | Train acc: 0.9839 ± 0.0000 | Valid acc: 0.9024 ± 0.0000 | Valid Power: 0.0022 | Train Power: 0.0023 | patience:   6 | lr: 0.0015625 | Epoch time: 0.1 |

2024-09-09 23:58:53,819 - INFO -
| Epoch:    840 | Train loss: 3.2891e-01 | Valid loss: 4.2295e-01 | Train acc: 0.9839 ± 0.0000 | Valid acc: 0.9024 ± 0.0000 | Valid Power: 0.0022 | Train Power: 0.0023 | patience:  16 | lr: 0.0015625 | Epoch time: 0.1 |

2024-09-09 23:58:54,734 - INFO -
| Epoch:    850 | Train loss: 3.2680e-01 | Valid loss: 4.2606e-01 | Train acc: 0.9839 ± 0.0000 | Valid acc: 0.9024 ± 0.0000 | Valid Power: 0.0022 | Train Power: 0.0023 | patience:  26 | lr: 0.0015625 | Epoch time: 0.1 |

2024-09-09 23:58:55,649 - INFO -
| Epoch:    860 | Train loss: 3.2635e-01 | Valid loss: 4.2828e-01 | Train acc: 0.9839 ± 0.0000 | Valid acc: 0.9024 ± 0.0000 | Valid Power: 0.0022 | Train Power: 0.0023 | patience:  36 | lr: 0.0015625 | Epoch time: 0.1 |

2024-09-09 23:58:56,562 - INFO -
| Epoch:    870 | Train loss: 3.2602e-01 | Valid loss: 4.2973e-01 | Train acc: 0.9839 ± 0.0000 | Valid acc: 0.9024 ± 0.0000 | Valid Power: 0.0022 | Train Power: 0.0023 | patience:  46 | lr: 0.0015625 | Epoch time: 0.1 |

2024-09-09 23:58:57,475 - INFO -
| Epoch:    880 | Train loss: 3.2575e-01 | Valid loss: 4.3095e-01 | Train acc: 0.9839 ± 0.0000 | Valid acc: 0.9024 ± 0.0000 | Valid Power: 0.0022 | Train Power: 0.0023 | patience:  56 | lr: 0.0015625 | Epoch time: 0.1 |

2024-09-09 23:58:58,387 - INFO -
| Epoch:    890 | Train loss: 3.2553e-01 | Valid loss: 4.3217e-01 | Train acc: 0.9839 ± 0.0000 | Valid acc: 0.9024 ± 0.0000 | Valid Power: 0.0022 | Train Power: 0.0023 | patience:  66 | lr: 0.0015625 | Epoch time: 0.1 |

2024-09-09 23:58:59,302 - INFO -
| Epoch:    900 | Train loss: 3.2532e-01 | Valid loss: 4.3336e-01 | Train acc: 0.9839 ± 0.0000 | Valid acc: 0.9024 ± 0.0000 | Valid Power: 0.0022 | Train Power: 0.0023 | patience:  76 | lr: 0.0015625 | Epoch time: 0.1 |

2024-09-09 23:59:00,215 - INFO -
| Epoch:    910 | Train loss: 3.2514e-01 | Valid loss: 4.3445e-01 | Train acc: 0.9839 ± 0.0000 | Valid acc: 0.9024 ± 0.0000 | Valid Power: 0.0022 | Train Power: 0.0023 | patience:  86 | lr: 0.0015625 | Epoch time: 0.1 |

2024-09-09 23:59:01,136 - INFO -
| Epoch:    920 | Train loss: 3.2497e-01 | Valid loss: 4.3544e-01 | Train acc: 0.9839 ± 0.0000 | Valid acc: 0.9024 ± 0.0000 | Valid Power: 0.0022 | Train Power: 0.0023 | patience:  96 | lr: 0.0015625 | Epoch time: 0.1 |

2024-09-09 23:59:01,597 - INFO -
load best network to warm start training with lower lr.

2024-09-09 23:59:01,597 - INFO -
lr update to 0.00078125.

2024-09-09 23:59:02,054 - INFO -
| Epoch:    930 | Train loss: 3.3310e-01 | Valid loss: 4.1851e-01 | Train acc: 0.9839 ± 0.0000 | Valid acc: 0.9024 ± 0.0000 | Valid Power: 0.0022 | Train Power: 0.0023 | patience:   5 | lr: 0.00078125 | Epoch time: 0.1 |

2024-09-09 23:59:02,967 - INFO -
| Epoch:    940 | Train loss: 3.3220e-01 | Valid loss: 4.2010e-01 | Train acc: 0.9839 ± 0.0000 | Valid acc: 0.9024 ± 0.0000 | Valid Power: 0.0022 | Train Power: 0.0023 | patience:  15 | lr: 0.00078125 | Epoch time: 0.1 |

2024-09-09 23:59:03,881 - INFO -
| Epoch:    950 | Train loss: 3.3054e-01 | Valid loss: 4.2181e-01 | Train acc: 0.9839 ± 0.0000 | Valid acc: 0.9024 ± 0.0000 | Valid Power: 0.0022 | Train Power: 0.0023 | patience:  25 | lr: 0.00078125 | Epoch time: 0.1 |

2024-09-09 23:59:04,795 - INFO -
| Epoch:    960 | Train loss: 3.2747e-01 | Valid loss: 4.2362e-01 | Train acc: 0.9839 ± 0.0000 | Valid acc: 0.9024 ± 0.0000 | Valid Power: 0.0022 | Train Power: 0.0023 | patience:  35 | lr: 0.00078125 | Epoch time: 0.1 |

2024-09-09 23:59:05,710 - INFO -
| Epoch:    970 | Train loss: 3.2697e-01 | Valid loss: 4.2506e-01 | Train acc: 0.9839 ± 0.0000 | Valid acc: 0.9024 ± 0.0000 | Valid Power: 0.0022 | Train Power: 0.0023 | patience:  45 | lr: 0.00078125 | Epoch time: 0.1 |

2024-09-09 23:59:06,624 - INFO -
| Epoch:    980 | Train loss: 3.2671e-01 | Valid loss: 4.2615e-01 | Train acc: 0.9839 ± 0.0000 | Valid acc: 0.9024 ± 0.0000 | Valid Power: 0.0022 | Train Power: 0.0023 | patience:  55 | lr: 0.00078125 | Epoch time: 0.1 |

2024-09-09 23:59:07,540 - INFO -
| Epoch:    990 | Train loss: 3.2652e-01 | Valid loss: 4.2699e-01 | Train acc: 0.9839 ± 0.0000 | Valid acc: 0.9024 ± 0.0000 | Valid Power: 0.0022 | Train Power: 0.0023 | patience:  65 | lr: 0.00078125 | Epoch time: 0.1 |

2024-09-09 23:59:08,454 - INFO -
| Epoch:   1000 | Train loss: 3.2635e-01 | Valid loss: 4.2773e-01 | Train acc: 0.9839 ± 0.0000 | Valid acc: 0.9024 ± 0.0000 | Valid Power: 0.0022 | Train Power: 0.0023 | patience:  75 | lr: 0.00078125 | Epoch time: 0.1 |

2024-09-09 23:59:09,369 - INFO -
| Epoch:   1010 | Train loss: 3.2620e-01 | Valid loss: 4.2843e-01 | Train acc: 0.9839 ± 0.0000 | Valid acc: 0.9024 ± 0.0000 | Valid Power: 0.0022 | Train Power: 0.0023 | patience:  85 | lr: 0.00078125 | Epoch time: 0.1 |

2024-09-09 23:59:10,283 - INFO -
| Epoch:   1020 | Train loss: 3.2606e-01 | Valid loss: 4.2911e-01 | Train acc: 0.9839 ± 0.0000 | Valid acc: 0.9024 ± 0.0000 | Valid Power: 0.0022 | Train Power: 0.0023 | patience:  95 | lr: 0.00078125 | Epoch time: 0.1 |

2024-09-09 23:59:10,834 - INFO -
load best network to warm start training with lower lr.

2024-09-09 23:59:10,834 - INFO -
lr update to 0.000390625.

2024-09-09 23:59:11,200 - INFO -
| Epoch:   1030 | Train loss: 3.3334e-01 | Valid loss: 4.1813e-01 | Train acc: 0.9839 ± 0.0000 | Valid acc: 0.9024 ± 0.0000 | Valid Power: 0.0022 | Train Power: 0.0023 | patience:   4 | lr: 0.000390625 | Epoch time: 0.1 |

2024-09-09 23:59:12,115 - INFO -
| Epoch:   1040 | Train loss: 3.3287e-01 | Valid loss: 4.1882e-01 | Train acc: 0.9839 ± 0.0000 | Valid acc: 0.9024 ± 0.0000 | Valid Power: 0.0022 | Train Power: 0.0023 | patience:  14 | lr: 0.000390625 | Epoch time: 0.1 |

2024-09-09 23:59:13,030 - INFO -
| Epoch:   1050 | Train loss: 3.3244e-01 | Valid loss: 4.1962e-01 | Train acc: 0.9839 ± 0.0000 | Valid acc: 0.9024 ± 0.0000 | Valid Power: 0.0022 | Train Power: 0.0023 | patience:  24 | lr: 0.000390625 | Epoch time: 0.1 |

2024-09-09 23:59:13,944 - INFO -
| Epoch:   1060 | Train loss: 3.3192e-01 | Valid loss: 4.2043e-01 | Train acc: 0.9839 ± 0.0000 | Valid acc: 0.9024 ± 0.0000 | Valid Power: 0.0022 | Train Power: 0.0023 | patience:  34 | lr: 0.000390625 | Epoch time: 0.1 |

2024-09-09 23:59:14,856 - INFO -
| Epoch:   1070 | Train loss: 3.3098e-01 | Valid loss: 4.2135e-01 | Train acc: 0.9839 ± 0.0000 | Valid acc: 0.9024 ± 0.0000 | Valid Power: 0.0022 | Train Power: 0.0023 | patience:  44 | lr: 0.000390625 | Epoch time: 0.1 |

2024-09-09 23:59:15,771 - INFO -
| Epoch:   1080 | Train loss: 3.2877e-01 | Valid loss: 4.2236e-01 | Train acc: 0.9839 ± 0.0000 | Valid acc: 0.9024 ± 0.0000 | Valid Power: 0.0022 | Train Power: 0.0023 | patience:  54 | lr: 0.000390625 | Epoch time: 0.1 |

2024-09-09 23:59:16,689 - INFO -
| Epoch:   1090 | Train loss: 3.2750e-01 | Valid loss: 4.2327e-01 | Train acc: 0.9839 ± 0.0000 | Valid acc: 0.9024 ± 0.0000 | Valid Power: 0.0022 | Train Power: 0.0023 | patience:  64 | lr: 0.000390625 | Epoch time: 0.1 |

2024-09-09 23:59:17,599 - INFO -
| Epoch:   1100 | Train loss: 3.2723e-01 | Valid loss: 4.2398e-01 | Train acc: 0.9839 ± 0.0000 | Valid acc: 0.9024 ± 0.0000 | Valid Power: 0.0022 | Train Power: 0.0023 | patience:  74 | lr: 0.000390625 | Epoch time: 0.1 |

2024-09-09 23:59:18,511 - INFO -
| Epoch:   1110 | Train loss: 3.2707e-01 | Valid loss: 4.2452e-01 | Train acc: 0.9839 ± 0.0000 | Valid acc: 0.9024 ± 0.0000 | Valid Power: 0.0022 | Train Power: 0.0023 | patience:  84 | lr: 0.000390625 | Epoch time: 0.1 |

2024-09-09 23:59:19,399 - INFO -
| Epoch:   1120 | Train loss: 3.2695e-01 | Valid loss: 4.2498e-01 | Train acc: 0.9839 ± 0.0000 | Valid acc: 0.9024 ± 0.0000 | Valid Power: 0.0022 | Train Power: 0.0023 | patience:  94 | lr: 0.000390625 | Epoch time: 0.1 |

2024-09-09 23:59:19,996 - INFO -
load best network to warm start training with lower lr.

2024-09-09 23:59:19,996 - INFO -
lr update to 0.0001953125.

2024-09-09 23:59:20,252 - INFO -
| Epoch:   1130 | Train loss: 3.3344e-01 | Valid loss: 4.1805e-01 | Train acc: 0.9839 ± 0.0000 | Valid acc: 0.9024 ± 0.0000 | Valid Power: 0.0022 | Train Power: 0.0023 | patience:   3 | lr: 0.0001953125 | Epoch time: 0.1 |

2024-09-09 23:59:21,108 - INFO -
| Epoch:   1140 | Train loss: 3.3319e-01 | Valid loss: 4.1827e-01 | Train acc: 0.9839 ± 0.0000 | Valid acc: 0.9024 ± 0.0000 | Valid Power: 0.0022 | Train Power: 0.0023 | patience:  13 | lr: 0.0001953125 | Epoch time: 0.1 |

2024-09-09 23:59:21,965 - INFO -
| Epoch:   1150 | Train loss: 3.3296e-01 | Valid loss: 4.1862e-01 | Train acc: 0.9839 ± 0.0000 | Valid acc: 0.9024 ± 0.0000 | Valid Power: 0.0022 | Train Power: 0.0023 | patience:  23 | lr: 0.0001953125 | Epoch time: 0.1 |

2024-09-09 23:59:22,826 - INFO -
| Epoch:   1160 | Train loss: 3.3274e-01 | Valid loss: 4.1902e-01 | Train acc: 0.9839 ± 0.0000 | Valid acc: 0.9024 ± 0.0000 | Valid Power: 0.0022 | Train Power: 0.0023 | patience:  33 | lr: 0.0001953125 | Epoch time: 0.1 |

2024-09-09 23:59:23,686 - INFO -
| Epoch:   1170 | Train loss: 3.3253e-01 | Valid loss: 4.1942e-01 | Train acc: 0.9839 ± 0.0000 | Valid acc: 0.9024 ± 0.0000 | Valid Power: 0.0022 | Train Power: 0.0023 | patience:  43 | lr: 0.0001953125 | Epoch time: 0.1 |

2024-09-09 23:59:24,546 - INFO -
| Epoch:   1180 | Train loss: 3.3229e-01 | Valid loss: 4.1981e-01 | Train acc: 0.9839 ± 0.0000 | Valid acc: 0.9024 ± 0.0000 | Valid Power: 0.0022 | Train Power: 0.0023 | patience:  53 | lr: 0.0001953125 | Epoch time: 0.1 |

2024-09-09 23:59:25,396 - INFO -
| Epoch:   1190 | Train loss: 3.3202e-01 | Valid loss: 4.2023e-01 | Train acc: 0.9839 ± 0.0000 | Valid acc: 0.9024 ± 0.0000 | Valid Power: 0.0022 | Train Power: 0.0023 | patience:  63 | lr: 0.0001953125 | Epoch time: 0.1 |

2024-09-09 23:59:26,246 - INFO -
| Epoch:   1200 | Train loss: 3.3164e-01 | Valid loss: 4.2070e-01 | Train acc: 0.9839 ± 0.0000 | Valid acc: 0.9024 ± 0.0000 | Valid Power: 0.0022 | Train Power: 0.0023 | patience:  73 | lr: 0.0001953125 | Epoch time: 0.1 |

2024-09-09 23:59:27,097 - INFO -
| Epoch:   1210 | Train loss: 3.3098e-01 | Valid loss: 4.2121e-01 | Train acc: 0.9839 ± 0.0000 | Valid acc: 0.9024 ± 0.0000 | Valid Power: 0.0022 | Train Power: 0.0023 | patience:  83 | lr: 0.0001953125 | Epoch time: 0.1 |

2024-09-09 23:59:28,039 - INFO -
| Epoch:   1220 | Train loss: 3.2971e-01 | Valid loss: 4.2176e-01 | Train acc: 0.9839 ± 0.0000 | Valid acc: 0.9024 ± 0.0000 | Valid Power: 0.0022 | Train Power: 0.0023 | patience:  93 | lr: 0.0001953125 | Epoch time: 0.1 |

2024-09-09 23:59:28,723 - INFO -
load best network to warm start training with lower lr.

2024-09-09 23:59:28,723 - INFO -
lr update to 9.765625e-05.

2024-09-09 23:59:28,723 - INFO -
Early stop.

2024-09-09 23:59:28,729 - INFO -
Training if finished.

2024-09-12 13:58:07,427 - INFO -
Configuration: 
gmin                0.01
gmax                10.0
T                   0.1
m                   0.3
type_nonlinear      normal
act                 tanh
ACT_R1n             12.7865
ACT_R2n             -3.1871
ACT_W1n             -10.4537
ACT_L1n             10.546
ACT_W2n             -5.8496
ACT_L2n             4.2337
S_R1n               -11.7481
S_R2n               -0.3905
S_W1n               -9.169
S_L1n               0.3913
S_W2n               7.2004
S_L2n               15.5558
ReLU_RHn            -1.9557
ReLU_RLn            -20.1581
ReLU_RDn            16.6486
ReLU_RBn            -14.3472
ReLU_Wn             16.655
ReLU_Ln             -21.7591
HS_Rn               -0.3766
HS_Wn               0.5192
HS_Ln               4.6293
NEG_R1n             -7.0846
NEG_R2n             -2.5695
NEG_R3n             16.1542
NEG_W1n             13.8696
NEG_L1n             2.7635
NEG_W2n             1.2674
NEG_L2n             -10.4803
NEG_W3n             -6.4386
NEG_L3n             5.1005
task                normal
DATASET             9
DataPath            ./dataset
InputNoise          0.0
IN_test             0.0
R_train             1
R_test              1
N_time              32
pathnorm            False
hidden              [3]
skipconnection      False
SEED                6
DEVICE              cpu
PATIENCE            500
EPOCH               10000000000
LR                  0.1
PROGRESSIVE         True
LR_PATIENCE         100
LR_DECAY            0.5
LR_MIN              0.0001
metric              acc
SoftEva             True
TIMELIMITATION      71
MODE                nominal
M_train             1
K_train             1
M_test              1
K_test              1
t_test_max          1
integration         MC
N_train             1
e_train             0.0
N_test              100
e_test              0.1
e_fault             2
fault_ratio         0.0
N_fault             50
e_fault_test        0
N_fault_test        50
dropout             0.0
lagrangian_loss     False
rho                 100
powerestimator      none
powerbalance        0.0
estimatorbalance    0.0
pgmin               1e-07
power_ratio         1000
lambda_P            100
areaestimator       none
areabalance         0.0
area_theta          0.15
area_act            30.0
area_neg            22.7
lambda_A            0.001
lnc                 False
projectname         tanh_0_FaultAnalysisNormal
temppath            ./tanh_0_FaultAnalysisNormal/temp/
logfilepath         ./tanh_0_FaultAnalysisNormal/log/
report_freq         10
recording           False
recordpath          ./tanh_0_FaultAnalysisNormal/record/
savepath            ./tanh_0_FaultAnalysisNormal/models/
loglevel            info


2024-09-12 13:58:07,450 - INFO -
Training network on device: cpu.

2024-09-12 13:58:07,450 - INFO -
Training setup: data_09_seeds_seed_06_epsilon_0.0_dropout_0.0_fault_ratio_0.0.model.

2024-09-12 13:58:07,450 - INFO -
{'dataname': 'seeds', 'N_feature': 7, 'N_class': 3, 'N_train': 124, 'N_valid': 41, 'N_test': 43}

2024-09-12 13:58:07,457 - INFO -
Training was already finished.

