2024-09-09 23:57:34,809 - INFO -
Configuration: 
gmin                0.01
gmax                10.0
T                   0.1
m                   0.3
type_nonlinear      normal
act                 tanh
ACT_R1n             12.7865
ACT_R2n             -3.1871
ACT_W1n             -10.4537
ACT_L1n             10.546
ACT_W2n             -5.8496
ACT_L2n             4.2337
S_R1n               -11.7481
S_R2n               -0.3905
S_W1n               -9.169
S_L1n               0.3913
S_W2n               7.2004
S_L2n               15.5558
ReLU_RHn            -1.9557
ReLU_RLn            -20.1581
ReLU_RDn            16.6486
ReLU_RBn            -14.3472
ReLU_Wn             16.655
ReLU_Ln             -21.7591
HS_Rn               -0.3766
HS_Wn               0.5192
HS_Ln               4.6293
NEG_R1n             -7.0846
NEG_R2n             -2.5695
NEG_R3n             16.1542
NEG_W1n             13.8696
NEG_L1n             2.7635
NEG_W2n             1.2674
NEG_L2n             -10.4803
NEG_W3n             -6.4386
NEG_L3n             5.1005
task                normal
DATASET             10
DataPath            ./dataset
InputNoise          0.0
IN_test             0.0
R_train             1
R_test              1
N_time              32
pathnorm            False
hidden              [3]
skipconnection      False
SEED                6
DEVICE              cpu
PATIENCE            500
EPOCH               10000000000
LR                  0.1
PROGRESSIVE         True
LR_PATIENCE         100
LR_DECAY            0.5
LR_MIN              0.0001
metric              acc
SoftEva             True
TIMELIMITATION      71
MODE                nominal
M_train             1
K_train             1
M_test              1
K_test              1
t_test_max          1
integration         MC
N_train             1
e_train             0.0
N_test              100
e_test              0.1
e_fault             2
fault_ratio         0.0
N_fault             50
e_fault_test        0
N_fault_test        50
dropout             0.0
lagrangian_loss     False
rho                 100
powerestimator      none
powerbalance        0.0
estimatorbalance    0.0
pgmin               1e-07
power_ratio         1000
lambda_P            100
areaestimator       none
areabalance         0.0
area_theta          0.15
area_act            30.0
area_neg            22.7
lambda_A            0.001
lnc                 False
projectname         tanh_0_FaultAnalysisNormal
temppath            ./tanh_0_FaultAnalysisNormal/temp/
logfilepath         ./tanh_0_FaultAnalysisNormal/log/
report_freq         10
recording           False
recordpath          ./tanh_0_FaultAnalysisNormal/record/
savepath            ./tanh_0_FaultAnalysisNormal/models/
loglevel            info


2024-09-09 23:57:34,810 - INFO -
Training network on device: cpu.

2024-09-09 23:57:34,810 - INFO -
Training setup: data_10_tictactoe_seed_06_epsilon_0.0_dropout_0.0_fault_ratio_0.0.model.

2024-09-09 23:57:34,810 - INFO -
{'dataname': 'tictactoe', 'N_feature': 9, 'N_class': 2, 'N_train': 397, 'N_valid': 127, 'N_test': 79}

2024-09-09 23:57:34,810 - INFO -
Topology of the network: [9, 3, 2].

2024-09-09 23:57:36,584 - INFO -
| Epoch:      0 | Train loss: 6.9297e-01 | Valid loss: 6.7439e-01 | Train acc: 0.6348 ± 0.0000 | Valid acc: 0.7323 ± 0.0000 | Valid Power: 0.0009 | Train Power: 0.0004 | patience:   0 | lr: 0.1 | Epoch time: 0.1 |

2024-09-09 23:57:37,895 - INFO -
| Epoch:     10 | Train loss: 6.2390e-01 | Valid loss: 5.7910e-01 | Train acc: 0.7128 ± 0.0000 | Valid acc: 0.7795 ± 0.0000 | Valid Power: 0.0006 | Train Power: 0.0006 | patience:   4 | lr: 0.1 | Epoch time: 0.1 |

2024-09-09 23:57:39,181 - INFO -
| Epoch:     20 | Train loss: 5.6287e-01 | Valid loss: 4.9533e-01 | Train acc: 0.6927 ± 0.0000 | Valid acc: 0.7559 ± 0.0000 | Valid Power: 0.0006 | Train Power: 0.0006 | patience:   2 | lr: 0.1 | Epoch time: 0.1 |

2024-09-09 23:57:40,461 - INFO -
| Epoch:     30 | Train loss: 5.2513e-01 | Valid loss: 4.5395e-01 | Train acc: 0.7632 ± 0.0000 | Valid acc: 0.8189 ± 0.0000 | Valid Power: 0.0006 | Train Power: 0.0006 | patience:   5 | lr: 0.1 | Epoch time: 0.1 |

2024-09-09 23:57:41,726 - INFO -
| Epoch:     40 | Train loss: 4.8600e-01 | Valid loss: 4.5404e-01 | Train acc: 0.7834 ± 0.0000 | Valid acc: 0.8346 ± 0.0000 | Valid Power: 0.0007 | Train Power: 0.0007 | patience:  15 | lr: 0.1 | Epoch time: 0.1 |

2024-09-09 23:57:43,009 - INFO -
| Epoch:     50 | Train loss: 5.0346e-01 | Valid loss: 5.0920e-01 | Train acc: 0.7935 ± 0.0000 | Valid acc: 0.8189 ± 0.0000 | Valid Power: 0.0007 | Train Power: 0.0007 | patience:   8 | lr: 0.1 | Epoch time: 0.1 |

2024-09-09 23:57:44,375 - INFO -
| Epoch:     60 | Train loss: 4.6153e-01 | Valid loss: 4.4604e-01 | Train acc: 0.7909 ± 0.0000 | Valid acc: 0.8110 ± 0.0000 | Valid Power: 0.0006 | Train Power: 0.0006 | patience:   4 | lr: 0.1 | Epoch time: 0.1 |

2024-09-09 23:57:45,658 - INFO -
| Epoch:     70 | Train loss: 4.4836e-01 | Valid loss: 4.1560e-01 | Train acc: 0.8060 ± 0.0000 | Valid acc: 0.8189 ± 0.0000 | Valid Power: 0.0007 | Train Power: 0.0008 | patience:   4 | lr: 0.1 | Epoch time: 0.1 |

2024-09-09 23:57:46,928 - INFO -
| Epoch:     80 | Train loss: 4.2212e-01 | Valid loss: 4.0729e-01 | Train acc: 0.8539 ± 0.0000 | Valid acc: 0.8661 ± 0.0000 | Valid Power: 0.0007 | Train Power: 0.0007 | patience:   7 | lr: 0.1 | Epoch time: 0.1 |

2024-09-09 23:57:48,194 - INFO -
| Epoch:     90 | Train loss: 4.0394e-01 | Valid loss: 4.0636e-01 | Train acc: 0.8388 ± 0.0000 | Valid acc: 0.8504 ± 0.0000 | Valid Power: 0.0007 | Train Power: 0.0007 | patience:  17 | lr: 0.1 | Epoch time: 0.1 |

2024-09-09 23:57:49,473 - INFO -
| Epoch:    100 | Train loss: 3.6198e-01 | Valid loss: 3.7308e-01 | Train acc: 0.8640 ± 0.0000 | Valid acc: 0.8583 ± 0.0000 | Valid Power: 0.0007 | Train Power: 0.0007 | patience:   6 | lr: 0.1 | Epoch time: 0.1 |

2024-09-09 23:57:50,751 - INFO -
| Epoch:    110 | Train loss: 3.4178e-01 | Valid loss: 3.4463e-01 | Train acc: 0.8791 ± 0.0000 | Valid acc: 0.8898 ± 0.0000 | Valid Power: 0.0007 | Train Power: 0.0007 | patience:   1 | lr: 0.1 | Epoch time: 0.1 |

2024-09-09 23:57:52,023 - INFO -
| Epoch:    120 | Train loss: 3.2838e-01 | Valid loss: 3.4329e-01 | Train acc: 0.8892 ± 0.0000 | Valid acc: 0.8661 ± 0.0000 | Valid Power: 0.0007 | Train Power: 0.0007 | patience:   1 | lr: 0.1 | Epoch time: 0.1 |

2024-09-09 23:57:53,291 - INFO -
| Epoch:    130 | Train loss: 3.1274e-01 | Valid loss: 3.4697e-01 | Train acc: 0.9043 ± 0.0000 | Valid acc: 0.8504 ± 0.0000 | Valid Power: 0.0007 | Train Power: 0.0007 | patience:  11 | lr: 0.1 | Epoch time: 0.1 |

2024-09-09 23:57:54,564 - INFO -
| Epoch:    140 | Train loss: 3.2246e-01 | Valid loss: 3.5213e-01 | Train acc: 0.8766 ± 0.0000 | Valid acc: 0.8583 ± 0.0000 | Valid Power: 0.0007 | Train Power: 0.0007 | patience:   3 | lr: 0.1 | Epoch time: 0.1 |

2024-09-09 23:57:55,829 - INFO -
| Epoch:    150 | Train loss: 3.1878e-01 | Valid loss: 3.6235e-01 | Train acc: 0.8741 ± 0.0000 | Valid acc: 0.8189 ± 0.0000 | Valid Power: 0.0007 | Train Power: 0.0007 | patience:  13 | lr: 0.1 | Epoch time: 0.1 |

2024-09-09 23:57:57,098 - INFO -
| Epoch:    160 | Train loss: 2.9933e-01 | Valid loss: 3.3559e-01 | Train acc: 0.8967 ± 0.0000 | Valid acc: 0.8504 ± 0.0000 | Valid Power: 0.0007 | Train Power: 0.0007 | patience:   7 | lr: 0.1 | Epoch time: 0.1 |

2024-09-09 23:57:58,364 - INFO -
| Epoch:    170 | Train loss: 2.9474e-01 | Valid loss: 3.2062e-01 | Train acc: 0.8942 ± 0.0000 | Valid acc: 0.8661 ± 0.0000 | Valid Power: 0.0007 | Train Power: 0.0007 | patience:  17 | lr: 0.1 | Epoch time: 0.1 |

2024-09-09 23:57:59,642 - INFO -
| Epoch:    180 | Train loss: 2.9096e-01 | Valid loss: 3.1287e-01 | Train acc: 0.8866 ± 0.0000 | Valid acc: 0.8661 ± 0.0000 | Valid Power: 0.0007 | Train Power: 0.0007 | patience:   3 | lr: 0.1 | Epoch time: 0.1 |

2024-09-09 23:58:00,912 - INFO -
| Epoch:    190 | Train loss: 2.8490e-01 | Valid loss: 3.0241e-01 | Train acc: 0.8967 ± 0.0000 | Valid acc: 0.8740 ± 0.0000 | Valid Power: 0.0007 | Train Power: 0.0007 | patience:   1 | lr: 0.1 | Epoch time: 0.1 |

2024-09-09 23:58:02,180 - INFO -
| Epoch:    200 | Train loss: 2.7940e-01 | Valid loss: 3.0977e-01 | Train acc: 0.8992 ± 0.0000 | Valid acc: 0.8504 ± 0.0000 | Valid Power: 0.0007 | Train Power: 0.0007 | patience:   6 | lr: 0.1 | Epoch time: 0.1 |

2024-09-09 23:58:03,524 - INFO -
| Epoch:    210 | Train loss: 3.0027e-01 | Valid loss: 3.2726e-01 | Train acc: 0.8640 ± 0.0000 | Valid acc: 0.8346 ± 0.0000 | Valid Power: 0.0007 | Train Power: 0.0007 | patience:  16 | lr: 0.1 | Epoch time: 0.1 |

2024-09-09 23:58:04,793 - INFO -
| Epoch:    220 | Train loss: 2.9052e-01 | Valid loss: 3.0097e-01 | Train acc: 0.8766 ± 0.0000 | Valid acc: 0.8661 ± 0.0000 | Valid Power: 0.0007 | Train Power: 0.0007 | patience:   3 | lr: 0.1 | Epoch time: 0.1 |

2024-09-09 23:58:06,057 - INFO -
| Epoch:    230 | Train loss: 2.8962e-01 | Valid loss: 3.3239e-01 | Train acc: 0.8816 ± 0.0000 | Valid acc: 0.8268 ± 0.0000 | Valid Power: 0.0007 | Train Power: 0.0007 | patience:  13 | lr: 0.1 | Epoch time: 0.1 |

2024-09-09 23:58:07,322 - INFO -
| Epoch:    240 | Train loss: 2.9310e-01 | Valid loss: 3.1169e-01 | Train acc: 0.8640 ± 0.0000 | Valid acc: 0.8425 ± 0.0000 | Valid Power: 0.0007 | Train Power: 0.0007 | patience:  23 | lr: 0.1 | Epoch time: 0.1 |

2024-09-09 23:58:08,584 - INFO -
| Epoch:    250 | Train loss: 2.7927e-01 | Valid loss: 3.0566e-01 | Train acc: 0.8841 ± 0.0000 | Valid acc: 0.8504 ± 0.0000 | Valid Power: 0.0007 | Train Power: 0.0007 | patience:  33 | lr: 0.1 | Epoch time: 0.1 |

2024-09-09 23:58:09,848 - INFO -
| Epoch:    260 | Train loss: 2.7729e-01 | Valid loss: 3.0838e-01 | Train acc: 0.8917 ± 0.0000 | Valid acc: 0.8346 ± 0.0000 | Valid Power: 0.0009 | Train Power: 0.0007 | patience:  43 | lr: 0.1 | Epoch time: 0.1 |

2024-09-09 23:58:11,112 - INFO -
| Epoch:    270 | Train loss: 2.8285e-01 | Valid loss: 3.1176e-01 | Train acc: 0.8816 ± 0.0000 | Valid acc: 0.8346 ± 0.0000 | Valid Power: 0.0009 | Train Power: 0.0008 | patience:  53 | lr: 0.1 | Epoch time: 0.1 |

2024-09-09 23:58:12,376 - INFO -
| Epoch:    280 | Train loss: 2.7832e-01 | Valid loss: 2.9014e-01 | Train acc: 0.8866 ± 0.0000 | Valid acc: 0.8661 ± 0.0000 | Valid Power: 0.0008 | Train Power: 0.0008 | patience:  63 | lr: 0.1 | Epoch time: 0.1 |

2024-09-09 23:58:13,643 - INFO -
| Epoch:    290 | Train loss: 2.7081e-01 | Valid loss: 3.0905e-01 | Train acc: 0.9043 ± 0.0000 | Valid acc: 0.8346 ± 0.0000 | Valid Power: 0.0008 | Train Power: 0.0008 | patience:   9 | lr: 0.1 | Epoch time: 0.1 |

2024-09-09 23:58:15,004 - INFO -
| Epoch:    300 | Train loss: 2.7109e-01 | Valid loss: 3.0866e-01 | Train acc: 0.8992 ± 0.0000 | Valid acc: 0.8504 ± 0.0000 | Valid Power: 0.0008 | Train Power: 0.0007 | patience:  19 | lr: 0.1 | Epoch time: 0.1 |

2024-09-09 23:58:16,269 - INFO -
| Epoch:    310 | Train loss: 2.6900e-01 | Valid loss: 3.1083e-01 | Train acc: 0.9018 ± 0.0000 | Valid acc: 0.8425 ± 0.0000 | Valid Power: 0.0009 | Train Power: 0.0015 | patience:  29 | lr: 0.1 | Epoch time: 0.1 |

2024-09-09 23:58:17,532 - INFO -
| Epoch:    320 | Train loss: 2.6474e-01 | Valid loss: 3.0548e-01 | Train acc: 0.9068 ± 0.0000 | Valid acc: 0.8425 ± 0.0000 | Valid Power: 0.0010 | Train Power: 0.0009 | patience:  39 | lr: 0.1 | Epoch time: 0.1 |

2024-09-09 23:58:18,794 - INFO -
| Epoch:    330 | Train loss: 2.6719e-01 | Valid loss: 2.9459e-01 | Train acc: 0.9068 ± 0.0000 | Valid acc: 0.8661 ± 0.0000 | Valid Power: 0.0017 | Train Power: 0.0021 | patience:  49 | lr: 0.1 | Epoch time: 0.1 |

2024-09-09 23:58:20,058 - INFO -
| Epoch:    340 | Train loss: 2.6530e-01 | Valid loss: 2.9705e-01 | Train acc: 0.9068 ± 0.0000 | Valid acc: 0.8583 ± 0.0000 | Valid Power: 0.0011 | Train Power: 0.0012 | patience:  59 | lr: 0.1 | Epoch time: 0.1 |

2024-09-09 23:58:21,323 - INFO -
| Epoch:    350 | Train loss: 2.6335e-01 | Valid loss: 2.9643e-01 | Train acc: 0.9093 ± 0.0000 | Valid acc: 0.8583 ± 0.0000 | Valid Power: 0.0010 | Train Power: 0.0010 | patience:  69 | lr: 0.1 | Epoch time: 0.1 |

2024-09-09 23:58:22,586 - INFO -
| Epoch:    360 | Train loss: 2.6442e-01 | Valid loss: 3.0536e-01 | Train acc: 0.9068 ± 0.0000 | Valid acc: 0.8504 ± 0.0000 | Valid Power: 0.0010 | Train Power: 0.0010 | patience:  79 | lr: 0.1 | Epoch time: 0.1 |

2024-09-09 23:58:23,849 - INFO -
| Epoch:    370 | Train loss: 2.7942e-01 | Valid loss: 2.9622e-01 | Train acc: 0.8917 ± 0.0000 | Valid acc: 0.8583 ± 0.0000 | Valid Power: 0.0010 | Train Power: 0.0010 | patience:  89 | lr: 0.1 | Epoch time: 0.1 |

2024-09-09 23:58:25,122 - INFO -
| Epoch:    380 | Train loss: 2.7362e-01 | Valid loss: 3.0524e-01 | Train acc: 0.8942 ± 0.0000 | Valid acc: 0.8425 ± 0.0000 | Valid Power: 0.0010 | Train Power: 0.0010 | patience:  99 | lr: 0.1 | Epoch time: 0.1 |

2024-09-09 23:58:25,377 - INFO -
load best network to warm start training with lower lr.

2024-09-09 23:58:25,377 - INFO -
lr update to 0.05.

2024-09-09 23:58:26,389 - INFO -
| Epoch:    390 | Train loss: 2.7844e-01 | Valid loss: 3.2573e-01 | Train acc: 0.8892 ± 0.0000 | Valid acc: 0.8268 ± 0.0000 | Valid Power: 0.0009 | Train Power: 0.0009 | patience:   8 | lr: 0.05 | Epoch time: 0.1 |

2024-09-09 23:58:27,653 - INFO -
| Epoch:    400 | Train loss: 2.7046e-01 | Valid loss: 3.1466e-01 | Train acc: 0.8992 ± 0.0000 | Valid acc: 0.8268 ± 0.0000 | Valid Power: 0.0009 | Train Power: 0.0009 | patience:  18 | lr: 0.05 | Epoch time: 0.1 |

2024-09-09 23:58:28,917 - INFO -
| Epoch:    410 | Train loss: 2.6637e-01 | Valid loss: 2.9595e-01 | Train acc: 0.9043 ± 0.0000 | Valid acc: 0.8583 ± 0.0000 | Valid Power: 0.0010 | Train Power: 0.0011 | patience:  28 | lr: 0.05 | Epoch time: 0.1 |

2024-09-09 23:58:30,183 - INFO -
| Epoch:    420 | Train loss: 2.6500e-01 | Valid loss: 3.0255e-01 | Train acc: 0.9043 ± 0.0000 | Valid acc: 0.8504 ± 0.0000 | Valid Power: 0.0015 | Train Power: 0.0011 | patience:  38 | lr: 0.05 | Epoch time: 0.1 |

2024-09-09 23:58:31,448 - INFO -
| Epoch:    430 | Train loss: 2.6526e-01 | Valid loss: 3.0588e-01 | Train acc: 0.9043 ± 0.0000 | Valid acc: 0.8346 ± 0.0000 | Valid Power: 0.0009 | Train Power: 0.0009 | patience:  48 | lr: 0.05 | Epoch time: 0.1 |

2024-09-09 23:58:32,714 - INFO -
| Epoch:    440 | Train loss: 2.6295e-01 | Valid loss: 2.9675e-01 | Train acc: 0.9068 ± 0.0000 | Valid acc: 0.8583 ± 0.0000 | Valid Power: 0.0009 | Train Power: 0.0009 | patience:  58 | lr: 0.05 | Epoch time: 0.1 |

2024-09-09 23:58:33,979 - INFO -
| Epoch:    450 | Train loss: 2.6255e-01 | Valid loss: 2.9926e-01 | Train acc: 0.9068 ± 0.0000 | Valid acc: 0.8504 ± 0.0000 | Valid Power: 0.0010 | Train Power: 0.0009 | patience:  68 | lr: 0.05 | Epoch time: 0.1 |

2024-09-09 23:58:35,245 - INFO -
| Epoch:    460 | Train loss: 2.6266e-01 | Valid loss: 3.0481e-01 | Train acc: 0.9068 ± 0.0000 | Valid acc: 0.8425 ± 0.0000 | Valid Power: 0.0011 | Train Power: 0.0010 | patience:  78 | lr: 0.05 | Epoch time: 0.1 |

2024-09-09 23:58:36,510 - INFO -
| Epoch:    470 | Train loss: 2.6236e-01 | Valid loss: 3.0379e-01 | Train acc: 0.9068 ± 0.0000 | Valid acc: 0.8425 ± 0.0000 | Valid Power: 0.0010 | Train Power: 0.0010 | patience:  88 | lr: 0.05 | Epoch time: 0.1 |

2024-09-09 23:58:37,872 - INFO -
| Epoch:    480 | Train loss: 2.6221e-01 | Valid loss: 3.0340e-01 | Train acc: 0.9068 ± 0.0000 | Valid acc: 0.8504 ± 0.0000 | Valid Power: 0.0012 | Train Power: 0.0010 | patience:  98 | lr: 0.05 | Epoch time: 0.1 |

2024-09-09 23:58:38,252 - INFO -
load best network to warm start training with lower lr.

2024-09-09 23:58:38,253 - INFO -
lr update to 0.025.

2024-09-09 23:58:39,138 - INFO -
| Epoch:    490 | Train loss: 2.7018e-01 | Valid loss: 3.0275e-01 | Train acc: 0.9043 ± 0.0000 | Valid acc: 0.8504 ± 0.0000 | Valid Power: 0.0010 | Train Power: 0.0009 | patience:   7 | lr: 0.025 | Epoch time: 0.1 |

2024-09-09 23:58:40,406 - INFO -
| Epoch:    500 | Train loss: 2.6296e-01 | Valid loss: 2.9982e-01 | Train acc: 0.9093 ± 0.0000 | Valid acc: 0.8504 ± 0.0000 | Valid Power: 0.0009 | Train Power: 0.0009 | patience:  17 | lr: 0.025 | Epoch time: 0.1 |

2024-09-09 23:58:41,673 - INFO -
| Epoch:    510 | Train loss: 2.6164e-01 | Valid loss: 2.9919e-01 | Train acc: 0.9093 ± 0.0000 | Valid acc: 0.8504 ± 0.0000 | Valid Power: 0.0009 | Train Power: 0.0009 | patience:  27 | lr: 0.025 | Epoch time: 0.1 |

2024-09-09 23:58:42,937 - INFO -
| Epoch:    520 | Train loss: 2.5957e-01 | Valid loss: 2.9879e-01 | Train acc: 0.9118 ± 0.0000 | Valid acc: 0.8504 ± 0.0000 | Valid Power: 0.0009 | Train Power: 0.0009 | patience:  37 | lr: 0.025 | Epoch time: 0.1 |

2024-09-09 23:58:44,200 - INFO -
| Epoch:    530 | Train loss: 2.5922e-01 | Valid loss: 2.9839e-01 | Train acc: 0.9118 ± 0.0000 | Valid acc: 0.8504 ± 0.0000 | Valid Power: 0.0009 | Train Power: 0.0021 | patience:  47 | lr: 0.025 | Epoch time: 0.1 |

2024-09-09 23:58:45,461 - INFO -
| Epoch:    540 | Train loss: 2.5894e-01 | Valid loss: 2.9837e-01 | Train acc: 0.9118 ± 0.0000 | Valid acc: 0.8504 ± 0.0000 | Valid Power: 0.0009 | Train Power: 0.0009 | patience:  57 | lr: 0.025 | Epoch time: 0.1 |

2024-09-09 23:58:46,723 - INFO -
| Epoch:    550 | Train loss: 2.5858e-01 | Valid loss: 2.9881e-01 | Train acc: 0.9118 ± 0.0000 | Valid acc: 0.8504 ± 0.0000 | Valid Power: 0.0009 | Train Power: 0.0017 | patience:  67 | lr: 0.025 | Epoch time: 0.1 |

2024-09-09 23:58:47,983 - INFO -
| Epoch:    560 | Train loss: 2.5714e-01 | Valid loss: 2.9924e-01 | Train acc: 0.9144 ± 0.0000 | Valid acc: 0.8504 ± 0.0000 | Valid Power: 0.0009 | Train Power: 0.0009 | patience:  77 | lr: 0.025 | Epoch time: 0.1 |

2024-09-09 23:58:49,248 - INFO -
| Epoch:    570 | Train loss: 2.5700e-01 | Valid loss: 2.9922e-01 | Train acc: 0.9144 ± 0.0000 | Valid acc: 0.8504 ± 0.0000 | Valid Power: 0.0009 | Train Power: 0.0009 | patience:  87 | lr: 0.025 | Epoch time: 0.1 |

2024-09-09 23:58:50,511 - INFO -
| Epoch:    580 | Train loss: 2.5647e-01 | Valid loss: 3.0063e-01 | Train acc: 0.9144 ± 0.0000 | Valid acc: 0.8504 ± 0.0000 | Valid Power: 0.0009 | Train Power: 0.0009 | patience:  97 | lr: 0.025 | Epoch time: 0.1 |

2024-09-09 23:58:51,019 - INFO -
load best network to warm start training with lower lr.

2024-09-09 23:58:51,020 - INFO -
lr update to 0.0125.

2024-09-09 23:58:51,779 - INFO -
| Epoch:    590 | Train loss: 2.7290e-01 | Valid loss: 2.8954e-01 | Train acc: 0.8942 ± 0.0000 | Valid acc: 0.8661 ± 0.0000 | Valid Power: 0.0009 | Train Power: 0.0009 | patience:   6 | lr: 0.0125 | Epoch time: 0.1 |

2024-09-09 23:58:53,044 - INFO -
| Epoch:    600 | Train loss: 2.6935e-01 | Valid loss: 3.0054e-01 | Train acc: 0.8992 ± 0.0000 | Valid acc: 0.8504 ± 0.0000 | Valid Power: 0.0010 | Train Power: 0.0038 | patience:  16 | lr: 0.0125 | Epoch time: 0.1 |

2024-09-09 23:58:54,312 - INFO -
| Epoch:    610 | Train loss: 2.6595e-01 | Valid loss: 2.9945e-01 | Train acc: 0.9043 ± 0.0000 | Valid acc: 0.8504 ± 0.0000 | Valid Power: 0.0010 | Train Power: 0.0014 | patience:  26 | lr: 0.0125 | Epoch time: 0.1 |

2024-09-09 23:58:55,575 - INFO -
| Epoch:    620 | Train loss: 2.6318e-01 | Valid loss: 2.9892e-01 | Train acc: 0.9068 ± 0.0000 | Valid acc: 0.8504 ± 0.0000 | Valid Power: 0.0009 | Train Power: 0.0009 | patience:  36 | lr: 0.0125 | Epoch time: 0.1 |

2024-09-09 23:58:56,916 - INFO -
| Epoch:    630 | Train loss: 2.6113e-01 | Valid loss: 2.9853e-01 | Train acc: 0.9093 ± 0.0000 | Valid acc: 0.8504 ± 0.0000 | Valid Power: 0.0009 | Train Power: 0.0009 | patience:  46 | lr: 0.0125 | Epoch time: 0.1 |

2024-09-09 23:58:58,181 - INFO -
| Epoch:    640 | Train loss: 2.6090e-01 | Valid loss: 2.9874e-01 | Train acc: 0.9093 ± 0.0000 | Valid acc: 0.8504 ± 0.0000 | Valid Power: 0.0009 | Train Power: 0.0009 | patience:  56 | lr: 0.0125 | Epoch time: 0.1 |

2024-09-09 23:58:59,443 - INFO -
| Epoch:    650 | Train loss: 2.6065e-01 | Valid loss: 2.9859e-01 | Train acc: 0.9093 ± 0.0000 | Valid acc: 0.8504 ± 0.0000 | Valid Power: 0.0009 | Train Power: 0.0009 | patience:  66 | lr: 0.0125 | Epoch time: 0.1 |

2024-09-09 23:59:00,709 - INFO -
| Epoch:    660 | Train loss: 2.6037e-01 | Valid loss: 2.9876e-01 | Train acc: 0.9093 ± 0.0000 | Valid acc: 0.8504 ± 0.0000 | Valid Power: 0.0009 | Train Power: 0.0009 | patience:  76 | lr: 0.0125 | Epoch time: 0.1 |

2024-09-09 23:59:01,973 - INFO -
| Epoch:    670 | Train loss: 2.5900e-01 | Valid loss: 3.0002e-01 | Train acc: 0.9118 ± 0.0000 | Valid acc: 0.8504 ± 0.0000 | Valid Power: 0.0009 | Train Power: 0.0009 | patience:  86 | lr: 0.0125 | Epoch time: 0.1 |

2024-09-09 23:59:03,235 - INFO -
| Epoch:    680 | Train loss: 2.5883e-01 | Valid loss: 2.9983e-01 | Train acc: 0.9118 ± 0.0000 | Valid acc: 0.8504 ± 0.0000 | Valid Power: 0.0009 | Train Power: 0.0009 | patience:  96 | lr: 0.0125 | Epoch time: 0.1 |

2024-09-09 23:59:03,868 - INFO -
load best network to warm start training with lower lr.

2024-09-09 23:59:03,868 - INFO -
lr update to 0.00625.

2024-09-09 23:59:04,500 - INFO -
| Epoch:    690 | Train loss: 2.7453e-01 | Valid loss: 2.8950e-01 | Train acc: 0.8917 ± 0.0000 | Valid acc: 0.8740 ± 0.0000 | Valid Power: 0.0009 | Train Power: 0.0009 | patience:   5 | lr: 0.00625 | Epoch time: 0.1 |

2024-09-09 23:59:05,759 - INFO -
| Epoch:    700 | Train loss: 2.7175e-01 | Valid loss: 2.9731e-01 | Train acc: 0.8967 ± 0.0000 | Valid acc: 0.8583 ± 0.0000 | Valid Power: 0.0010 | Train Power: 0.0010 | patience:  15 | lr: 0.00625 | Epoch time: 0.1 |

2024-09-09 23:59:07,021 - INFO -
| Epoch:    710 | Train loss: 2.6938e-01 | Valid loss: 2.9976e-01 | Train acc: 0.8992 ± 0.0000 | Valid acc: 0.8504 ± 0.0000 | Valid Power: 0.0011 | Train Power: 0.0011 | patience:  25 | lr: 0.00625 | Epoch time: 0.1 |

2024-09-09 23:59:08,355 - INFO -
| Epoch:    720 | Train loss: 2.6888e-01 | Valid loss: 3.0007e-01 | Train acc: 0.8992 ± 0.0000 | Valid acc: 0.8504 ± 0.0000 | Valid Power: 0.0012 | Train Power: 0.0012 | patience:  35 | lr: 0.00625 | Epoch time: 0.1 |

2024-09-09 23:59:09,616 - INFO -
| Epoch:    730 | Train loss: 2.6740e-01 | Valid loss: 3.0011e-01 | Train acc: 0.9018 ± 0.0000 | Valid acc: 0.8504 ± 0.0000 | Valid Power: 0.0025 | Train Power: 0.0013 | patience:  45 | lr: 0.00625 | Epoch time: 0.1 |

2024-09-09 23:59:10,880 - INFO -
| Epoch:    740 | Train loss: 2.6556e-01 | Valid loss: 2.9888e-01 | Train acc: 0.9043 ± 0.0000 | Valid acc: 0.8504 ± 0.0000 | Valid Power: 0.0013 | Train Power: 0.0013 | patience:  55 | lr: 0.00625 | Epoch time: 0.1 |

2024-09-09 23:59:12,143 - INFO -
| Epoch:    750 | Train loss: 2.6405e-01 | Valid loss: 2.9775e-01 | Train acc: 0.9068 ± 0.0000 | Valid acc: 0.8504 ± 0.0000 | Valid Power: 0.0013 | Train Power: 0.0013 | patience:  65 | lr: 0.00625 | Epoch time: 0.1 |

2024-09-09 23:59:13,406 - INFO -
| Epoch:    760 | Train loss: 2.6170e-01 | Valid loss: 2.9892e-01 | Train acc: 0.9093 ± 0.0000 | Valid acc: 0.8504 ± 0.0000 | Valid Power: 0.0013 | Train Power: 0.0013 | patience:  75 | lr: 0.00625 | Epoch time: 0.1 |

2024-09-09 23:59:14,672 - INFO -
| Epoch:    770 | Train loss: 2.6155e-01 | Valid loss: 2.9982e-01 | Train acc: 0.9093 ± 0.0000 | Valid acc: 0.8504 ± 0.0000 | Valid Power: 0.0014 | Train Power: 0.0014 | patience:  85 | lr: 0.00625 | Epoch time: 0.1 |

2024-09-09 23:59:15,937 - INFO -
| Epoch:    780 | Train loss: 2.6136e-01 | Valid loss: 2.9952e-01 | Train acc: 0.9093 ± 0.0000 | Valid acc: 0.8504 ± 0.0000 | Valid Power: 0.0014 | Train Power: 0.0014 | patience:  95 | lr: 0.00625 | Epoch time: 0.1 |

2024-09-09 23:59:16,694 - INFO -
load best network to warm start training with lower lr.

2024-09-09 23:59:16,695 - INFO -
lr update to 0.003125.

2024-09-09 23:59:17,198 - INFO -
| Epoch:    790 | Train loss: 2.7514e-01 | Valid loss: 2.8769e-01 | Train acc: 0.8917 ± 0.0000 | Valid acc: 0.8661 ± 0.0000 | Valid Power: 0.0009 | Train Power: 0.0009 | patience:   4 | lr: 0.003125 | Epoch time: 0.1 |

2024-09-09 23:59:18,454 - INFO -
| Epoch:    800 | Train loss: 2.7304e-01 | Valid loss: 2.9158e-01 | Train acc: 0.8942 ± 0.0000 | Valid acc: 0.8583 ± 0.0000 | Valid Power: 0.0009 | Train Power: 0.0009 | patience:  14 | lr: 0.003125 | Epoch time: 0.1 |

2024-09-09 23:59:19,708 - INFO -
| Epoch:    810 | Train loss: 2.7264e-01 | Valid loss: 2.9362e-01 | Train acc: 0.8942 ± 0.0000 | Valid acc: 0.8583 ± 0.0000 | Valid Power: 0.0009 | Train Power: 0.0009 | patience:  24 | lr: 0.003125 | Epoch time: 0.1 |

2024-09-09 23:59:20,949 - INFO -
| Epoch:    820 | Train loss: 2.7073e-01 | Valid loss: 2.9853e-01 | Train acc: 0.8992 ± 0.0000 | Valid acc: 0.8504 ± 0.0000 | Valid Power: 0.0009 | Train Power: 0.0009 | patience:  34 | lr: 0.003125 | Epoch time: 0.1 |

2024-09-09 23:59:22,139 - INFO -
| Epoch:    830 | Train loss: 2.6923e-01 | Valid loss: 2.9938e-01 | Train acc: 0.8992 ± 0.0000 | Valid acc: 0.8504 ± 0.0000 | Valid Power: 0.0009 | Train Power: 0.0009 | patience:  44 | lr: 0.003125 | Epoch time: 0.1 |

2024-09-09 23:59:23,371 - INFO -
| Epoch:    840 | Train loss: 2.6897e-01 | Valid loss: 2.9964e-01 | Train acc: 0.8992 ± 0.0000 | Valid acc: 0.8504 ± 0.0000 | Valid Power: 0.0009 | Train Power: 0.0009 | patience:  54 | lr: 0.003125 | Epoch time: 0.1 |

2024-09-09 23:59:24,628 - INFO -
| Epoch:    850 | Train loss: 2.6872e-01 | Valid loss: 2.9951e-01 | Train acc: 0.8992 ± 0.0000 | Valid acc: 0.8504 ± 0.0000 | Valid Power: 0.0009 | Train Power: 0.0009 | patience:  64 | lr: 0.003125 | Epoch time: 0.1 |

2024-09-09 23:59:25,891 - INFO -
| Epoch:    860 | Train loss: 2.6724e-01 | Valid loss: 2.9916e-01 | Train acc: 0.9043 ± 0.0000 | Valid acc: 0.8504 ± 0.0000 | Valid Power: 0.0009 | Train Power: 0.0009 | patience:  74 | lr: 0.003125 | Epoch time: 0.1 |

2024-09-09 23:59:27,125 - INFO -
| Epoch:    870 | Train loss: 2.6589e-01 | Valid loss: 2.9849e-01 | Train acc: 0.9043 ± 0.0000 | Valid acc: 0.8504 ± 0.0000 | Valid Power: 0.0009 | Train Power: 0.0009 | patience:  84 | lr: 0.003125 | Epoch time: 0.1 |

2024-09-09 23:59:28,311 - INFO -
| Epoch:    880 | Train loss: 2.6576e-01 | Valid loss: 2.9840e-01 | Train acc: 0.9043 ± 0.0000 | Valid acc: 0.8504 ± 0.0000 | Valid Power: 0.0009 | Train Power: 0.0009 | patience:  94 | lr: 0.003125 | Epoch time: 0.1 |

2024-09-09 23:59:29,142 - INFO -
load best network to warm start training with lower lr.

2024-09-09 23:59:29,143 - INFO -
lr update to 0.0015625.

2024-09-09 23:59:29,495 - INFO -
| Epoch:    890 | Train loss: 2.7577e-01 | Valid loss: 2.8748e-01 | Train acc: 0.8917 ± 0.0000 | Valid acc: 0.8661 ± 0.0000 | Valid Power: 0.0009 | Train Power: 0.0009 | patience:   3 | lr: 0.0015625 | Epoch time: 0.1 |

2024-09-09 23:59:30,766 - INFO -
| Epoch:    900 | Train loss: 2.7473e-01 | Valid loss: 2.8918e-01 | Train acc: 0.8917 ± 0.0000 | Valid acc: 0.8661 ± 0.0000 | Valid Power: 0.0009 | Train Power: 0.0009 | patience:  13 | lr: 0.0015625 | Epoch time: 0.1 |

2024-09-09 23:59:31,941 - INFO -
| Epoch:    910 | Train loss: 2.7364e-01 | Valid loss: 2.9087e-01 | Train acc: 0.8942 ± 0.0000 | Valid acc: 0.8661 ± 0.0000 | Valid Power: 0.0009 | Train Power: 0.0009 | patience:  23 | lr: 0.0015625 | Epoch time: 0.1 |

2024-09-09 23:59:33,116 - INFO -
| Epoch:    920 | Train loss: 2.7292e-01 | Valid loss: 2.9227e-01 | Train acc: 0.8942 ± 0.0000 | Valid acc: 0.8583 ± 0.0000 | Valid Power: 0.0009 | Train Power: 0.0009 | patience:  33 | lr: 0.0015625 | Epoch time: 0.1 |

2024-09-09 23:59:34,289 - INFO -
| Epoch:    930 | Train loss: 2.7270e-01 | Valid loss: 2.9302e-01 | Train acc: 0.8942 ± 0.0000 | Valid acc: 0.8583 ± 0.0000 | Valid Power: 0.0009 | Train Power: 0.0009 | patience:  43 | lr: 0.0015625 | Epoch time: 0.1 |

2024-09-09 23:59:35,463 - INFO -
| Epoch:    940 | Train loss: 2.7249e-01 | Valid loss: 2.9434e-01 | Train acc: 0.8942 ± 0.0000 | Valid acc: 0.8583 ± 0.0000 | Valid Power: 0.0009 | Train Power: 0.0009 | patience:  53 | lr: 0.0015625 | Epoch time: 0.1 |

2024-09-09 23:59:36,638 - INFO -
| Epoch:    950 | Train loss: 2.7129e-01 | Valid loss: 2.9790e-01 | Train acc: 0.8967 ± 0.0000 | Valid acc: 0.8504 ± 0.0000 | Valid Power: 0.0009 | Train Power: 0.0009 | patience:  63 | lr: 0.0015625 | Epoch time: 0.1 |

2024-09-09 23:59:37,814 - INFO -
| Epoch:    960 | Train loss: 2.6961e-01 | Valid loss: 2.9903e-01 | Train acc: 0.8992 ± 0.0000 | Valid acc: 0.8504 ± 0.0000 | Valid Power: 0.0009 | Train Power: 0.0009 | patience:  73 | lr: 0.0015625 | Epoch time: 0.1 |

2024-09-09 23:59:38,983 - INFO -
| Epoch:    970 | Train loss: 2.6919e-01 | Valid loss: 2.9926e-01 | Train acc: 0.8992 ± 0.0000 | Valid acc: 0.8504 ± 0.0000 | Valid Power: 0.0009 | Train Power: 0.0009 | patience:  83 | lr: 0.0015625 | Epoch time: 0.1 |

2024-09-09 23:59:40,130 - INFO -
| Epoch:    980 | Train loss: 2.6902e-01 | Valid loss: 2.9930e-01 | Train acc: 0.8992 ± 0.0000 | Valid acc: 0.8504 ± 0.0000 | Valid Power: 0.0009 | Train Power: 0.0009 | patience:  93 | lr: 0.0015625 | Epoch time: 0.1 |

2024-09-09 23:59:40,994 - INFO -
load best network to warm start training with lower lr.

2024-09-09 23:59:40,995 - INFO -
lr update to 0.00078125.

2024-09-09 23:59:41,207 - INFO -
| Epoch:    990 | Train loss: 2.7631e-01 | Valid loss: 2.8713e-01 | Train acc: 0.8917 ± 0.0000 | Valid acc: 0.8661 ± 0.0000 | Valid Power: 0.0009 | Train Power: 0.0009 | patience:   2 | lr: 0.00078125 | Epoch time: 0.1 |

2024-09-09 23:59:42,281 - INFO -
| Epoch:   1000 | Train loss: 2.7515e-01 | Valid loss: 2.8750e-01 | Train acc: 0.8917 ± 0.0000 | Valid acc: 0.8661 ± 0.0000 | Valid Power: 0.0009 | Train Power: 0.0009 | patience:  12 | lr: 0.00078125 | Epoch time: 0.1 |

2024-09-09 23:59:43,353 - INFO -
| Epoch:   1010 | Train loss: 2.7481e-01 | Valid loss: 2.8862e-01 | Train acc: 0.8917 ± 0.0000 | Valid acc: 0.8661 ± 0.0000 | Valid Power: 0.0009 | Train Power: 0.0009 | patience:  22 | lr: 0.00078125 | Epoch time: 0.1 |

2024-09-09 23:59:44,427 - INFO -
| Epoch:   1020 | Train loss: 2.7462e-01 | Valid loss: 2.8968e-01 | Train acc: 0.8917 ± 0.0000 | Valid acc: 0.8661 ± 0.0000 | Valid Power: 0.0009 | Train Power: 0.0009 | patience:  32 | lr: 0.00078125 | Epoch time: 0.1 |

2024-09-09 23:59:45,481 - INFO -
| Epoch:   1030 | Train loss: 2.7434e-01 | Valid loss: 2.9058e-01 | Train acc: 0.8917 ± 0.0000 | Valid acc: 0.8661 ± 0.0000 | Valid Power: 0.0009 | Train Power: 0.0009 | patience:  42 | lr: 0.00078125 | Epoch time: 0.1 |

2024-09-09 23:59:46,535 - INFO -
| Epoch:   1040 | Train loss: 2.7311e-01 | Valid loss: 2.9143e-01 | Train acc: 0.8942 ± 0.0000 | Valid acc: 0.8661 ± 0.0000 | Valid Power: 0.0009 | Train Power: 0.0009 | patience:  52 | lr: 0.00078125 | Epoch time: 0.1 |

2024-09-09 23:59:47,658 - INFO -
| Epoch:   1050 | Train loss: 2.7296e-01 | Valid loss: 2.9226e-01 | Train acc: 0.8942 ± 0.0000 | Valid acc: 0.8583 ± 0.0000 | Valid Power: 0.0009 | Train Power: 0.0009 | patience:  62 | lr: 0.00078125 | Epoch time: 0.1 |

2024-09-09 23:59:48,714 - INFO -
| Epoch:   1060 | Train loss: 2.7281e-01 | Valid loss: 2.9255e-01 | Train acc: 0.8942 ± 0.0000 | Valid acc: 0.8583 ± 0.0000 | Valid Power: 0.0009 | Train Power: 0.0009 | patience:  72 | lr: 0.00078125 | Epoch time: 0.1 |

2024-09-09 23:59:49,761 - INFO -
| Epoch:   1070 | Train loss: 2.7270e-01 | Valid loss: 2.9279e-01 | Train acc: 0.8942 ± 0.0000 | Valid acc: 0.8583 ± 0.0000 | Valid Power: 0.0009 | Train Power: 0.0009 | patience:  82 | lr: 0.00078125 | Epoch time: 0.1 |

2024-09-09 23:59:50,811 - INFO -
| Epoch:   1080 | Train loss: 2.7261e-01 | Valid loss: 2.9317e-01 | Train acc: 0.8942 ± 0.0000 | Valid acc: 0.8583 ± 0.0000 | Valid Power: 0.0009 | Train Power: 0.0009 | patience:  92 | lr: 0.00078125 | Epoch time: 0.1 |

2024-09-09 23:59:51,757 - INFO -
load best network to warm start training with lower lr.

2024-09-09 23:59:51,757 - INFO -
lr update to 0.000390625.

2024-09-09 23:59:51,862 - INFO -
| Epoch:   1090 | Train loss: 2.7643e-01 | Valid loss: 2.8700e-01 | Train acc: 0.8892 ± 0.0000 | Valid acc: 0.8661 ± 0.0000 | Valid Power: 0.0009 | Train Power: 0.0009 | patience:   1 | lr: 0.000390625 | Epoch time: 0.1 |

2024-09-09 23:59:52,912 - INFO -
| Epoch:   1100 | Train loss: 2.7556e-01 | Valid loss: 2.8735e-01 | Train acc: 0.8917 ± 0.0000 | Valid acc: 0.8661 ± 0.0000 | Valid Power: 0.0009 | Train Power: 0.0009 | patience:  11 | lr: 0.000390625 | Epoch time: 0.1 |

2024-09-09 23:59:53,967 - INFO -
| Epoch:   1110 | Train loss: 2.7517e-01 | Valid loss: 2.8745e-01 | Train acc: 0.8917 ± 0.0000 | Valid acc: 0.8661 ± 0.0000 | Valid Power: 0.0009 | Train Power: 0.0009 | patience:  21 | lr: 0.000390625 | Epoch time: 0.1 |

2024-09-09 23:59:55,020 - INFO -
| Epoch:   1120 | Train loss: 2.7497e-01 | Valid loss: 2.8783e-01 | Train acc: 0.8917 ± 0.0000 | Valid acc: 0.8661 ± 0.0000 | Valid Power: 0.0009 | Train Power: 0.0009 | patience:  31 | lr: 0.000390625 | Epoch time: 0.1 |

2024-09-09 23:59:56,078 - INFO -
| Epoch:   1130 | Train loss: 2.7484e-01 | Valid loss: 2.8828e-01 | Train acc: 0.8917 ± 0.0000 | Valid acc: 0.8661 ± 0.0000 | Valid Power: 0.0009 | Train Power: 0.0009 | patience:  41 | lr: 0.000390625 | Epoch time: 0.1 |

2024-09-09 23:59:57,213 - INFO -
| Epoch:   1140 | Train loss: 2.7475e-01 | Valid loss: 2.8892e-01 | Train acc: 0.8917 ± 0.0000 | Valid acc: 0.8661 ± 0.0000 | Valid Power: 0.0009 | Train Power: 0.0009 | patience:  51 | lr: 0.000390625 | Epoch time: 0.1 |

2024-09-09 23:59:58,268 - INFO -
| Epoch:   1150 | Train loss: 2.7466e-01 | Valid loss: 2.8956e-01 | Train acc: 0.8917 ± 0.0000 | Valid acc: 0.8661 ± 0.0000 | Valid Power: 0.0009 | Train Power: 0.0009 | patience:  61 | lr: 0.000390625 | Epoch time: 0.1 |

2024-09-09 23:59:59,320 - INFO -
| Epoch:   1160 | Train loss: 2.7457e-01 | Valid loss: 2.9009e-01 | Train acc: 0.8917 ± 0.0000 | Valid acc: 0.8661 ± 0.0000 | Valid Power: 0.0009 | Train Power: 0.0009 | patience:  71 | lr: 0.000390625 | Epoch time: 0.1 |

2024-09-10 00:00:00,380 - INFO -
| Epoch:   1170 | Train loss: 2.7445e-01 | Valid loss: 2.9058e-01 | Train acc: 0.8917 ± 0.0000 | Valid acc: 0.8661 ± 0.0000 | Valid Power: 0.0009 | Train Power: 0.0009 | patience:  81 | lr: 0.000390625 | Epoch time: 0.1 |

2024-09-10 00:00:01,440 - INFO -
| Epoch:   1180 | Train loss: 2.7408e-01 | Valid loss: 2.9103e-01 | Train acc: 0.8942 ± 0.0000 | Valid acc: 0.8661 ± 0.0000 | Valid Power: 0.0009 | Train Power: 0.0009 | patience:  91 | lr: 0.000390625 | Epoch time: 0.1 |

2024-09-10 00:00:02,489 - INFO -
load best network to warm start training with lower lr.

2024-09-10 00:00:02,489 - INFO -
lr update to 0.0001953125.

2024-09-10 00:00:02,489 - INFO -
| Epoch:   1190 | Train loss: 2.7318e-01 | Valid loss: 2.9150e-01 | Train acc: 0.8942 ± 0.0000 | Valid acc: 0.8661 ± 0.0000 | Valid Power: 0.0009 | Train Power: 0.0009 | patience:   0 | lr: 0.0001953125 | Epoch time: 0.1 |

2024-09-10 00:00:03,535 - INFO -
| Epoch:   1200 | Train loss: 2.7611e-01 | Valid loss: 2.8717e-01 | Train acc: 0.8917 ± 0.0000 | Valid acc: 0.8661 ± 0.0000 | Valid Power: 0.0009 | Train Power: 0.0009 | patience:  10 | lr: 0.0001953125 | Epoch time: 0.1 |

2024-09-10 00:00:04,582 - INFO -
| Epoch:   1210 | Train loss: 2.7558e-01 | Valid loss: 2.8730e-01 | Train acc: 0.8917 ± 0.0000 | Valid acc: 0.8661 ± 0.0000 | Valid Power: 0.0009 | Train Power: 0.0009 | patience:  20 | lr: 0.0001953125 | Epoch time: 0.1 |

2024-09-10 00:00:05,627 - INFO -
| Epoch:   1220 | Train loss: 2.7530e-01 | Valid loss: 2.8735e-01 | Train acc: 0.8917 ± 0.0000 | Valid acc: 0.8661 ± 0.0000 | Valid Power: 0.0009 | Train Power: 0.0009 | patience:  30 | lr: 0.0001953125 | Epoch time: 0.1 |

2024-09-10 00:00:06,675 - INFO -
| Epoch:   1230 | Train loss: 2.7517e-01 | Valid loss: 2.8745e-01 | Train acc: 0.8917 ± 0.0000 | Valid acc: 0.8661 ± 0.0000 | Valid Power: 0.0009 | Train Power: 0.0009 | patience:  40 | lr: 0.0001953125 | Epoch time: 0.1 |

2024-09-10 00:00:07,720 - INFO -
| Epoch:   1240 | Train loss: 2.7506e-01 | Valid loss: 2.8760e-01 | Train acc: 0.8917 ± 0.0000 | Valid acc: 0.8661 ± 0.0000 | Valid Power: 0.0009 | Train Power: 0.0009 | patience:  50 | lr: 0.0001953125 | Epoch time: 0.1 |

2024-09-10 00:00:08,766 - INFO -
| Epoch:   1250 | Train loss: 2.7498e-01 | Valid loss: 2.8775e-01 | Train acc: 0.8917 ± 0.0000 | Valid acc: 0.8661 ± 0.0000 | Valid Power: 0.0009 | Train Power: 0.0009 | patience:  60 | lr: 0.0001953125 | Epoch time: 0.1 |

2024-09-10 00:00:09,817 - INFO -
| Epoch:   1260 | Train loss: 2.7492e-01 | Valid loss: 2.8796e-01 | Train acc: 0.8917 ± 0.0000 | Valid acc: 0.8661 ± 0.0000 | Valid Power: 0.0009 | Train Power: 0.0009 | patience:  70 | lr: 0.0001953125 | Epoch time: 0.1 |

2024-09-10 00:00:10,866 - INFO -
| Epoch:   1270 | Train loss: 2.7487e-01 | Valid loss: 2.8824e-01 | Train acc: 0.8917 ± 0.0000 | Valid acc: 0.8661 ± 0.0000 | Valid Power: 0.0009 | Train Power: 0.0009 | patience:  80 | lr: 0.0001953125 | Epoch time: 0.1 |

2024-09-10 00:00:11,919 - INFO -
| Epoch:   1280 | Train loss: 2.7482e-01 | Valid loss: 2.8854e-01 | Train acc: 0.8917 ± 0.0000 | Valid acc: 0.8661 ± 0.0000 | Valid Power: 0.0009 | Train Power: 0.0009 | patience:  90 | lr: 0.0001953125 | Epoch time: 0.1 |

2024-09-10 00:00:12,966 - INFO -
| Epoch:   1290 | Train loss: 2.7477e-01 | Valid loss: 2.8887e-01 | Train acc: 0.8917 ± 0.0000 | Valid acc: 0.8661 ± 0.0000 | Valid Power: 0.0009 | Train Power: 0.0009 | patience: 100 | lr: 0.0001953125 | Epoch time: 0.1 |

2024-09-10 00:00:13,072 - INFO -
load best network to warm start training with lower lr.

2024-09-10 00:00:13,072 - INFO -
lr update to 9.765625e-05.

2024-09-10 00:00:13,072 - INFO -
Early stop.

2024-09-10 00:00:13,078 - INFO -
Training if finished.

2024-09-12 13:58:07,283 - INFO -
Configuration: 
gmin                0.01
gmax                10.0
T                   0.1
m                   0.3
type_nonlinear      normal
act                 tanh
ACT_R1n             12.7865
ACT_R2n             -3.1871
ACT_W1n             -10.4537
ACT_L1n             10.546
ACT_W2n             -5.8496
ACT_L2n             4.2337
S_R1n               -11.7481
S_R2n               -0.3905
S_W1n               -9.169
S_L1n               0.3913
S_W2n               7.2004
S_L2n               15.5558
ReLU_RHn            -1.9557
ReLU_RLn            -20.1581
ReLU_RDn            16.6486
ReLU_RBn            -14.3472
ReLU_Wn             16.655
ReLU_Ln             -21.7591
HS_Rn               -0.3766
HS_Wn               0.5192
HS_Ln               4.6293
NEG_R1n             -7.0846
NEG_R2n             -2.5695
NEG_R3n             16.1542
NEG_W1n             13.8696
NEG_L1n             2.7635
NEG_W2n             1.2674
NEG_L2n             -10.4803
NEG_W3n             -6.4386
NEG_L3n             5.1005
task                normal
DATASET             10
DataPath            ./dataset
InputNoise          0.0
IN_test             0.0
R_train             1
R_test              1
N_time              32
pathnorm            False
hidden              [3]
skipconnection      False
SEED                6
DEVICE              cpu
PATIENCE            500
EPOCH               10000000000
LR                  0.1
PROGRESSIVE         True
LR_PATIENCE         100
LR_DECAY            0.5
LR_MIN              0.0001
metric              acc
SoftEva             True
TIMELIMITATION      71
MODE                nominal
M_train             1
K_train             1
M_test              1
K_test              1
t_test_max          1
integration         MC
N_train             1
e_train             0.0
N_test              100
e_test              0.1
e_fault             2
fault_ratio         0.0
N_fault             50
e_fault_test        0
N_fault_test        50
dropout             0.0
lagrangian_loss     False
rho                 100
powerestimator      none
powerbalance        0.0
estimatorbalance    0.0
pgmin               1e-07
power_ratio         1000
lambda_P            100
areaestimator       none
areabalance         0.0
area_theta          0.15
area_act            30.0
area_neg            22.7
lambda_A            0.001
lnc                 False
projectname         tanh_0_FaultAnalysisNormal
temppath            ./tanh_0_FaultAnalysisNormal/temp/
logfilepath         ./tanh_0_FaultAnalysisNormal/log/
report_freq         10
recording           False
recordpath          ./tanh_0_FaultAnalysisNormal/record/
savepath            ./tanh_0_FaultAnalysisNormal/models/
loglevel            info


2024-09-12 13:58:07,304 - INFO -
Training network on device: cpu.

2024-09-12 13:58:07,304 - INFO -
Training setup: data_10_tictactoe_seed_06_epsilon_0.0_dropout_0.0_fault_ratio_0.0.model.

2024-09-12 13:58:07,304 - INFO -
{'dataname': 'tictactoe', 'N_feature': 9, 'N_class': 2, 'N_train': 397, 'N_valid': 127, 'N_test': 79}

2024-09-12 13:58:07,304 - INFO -
Training was already finished.

