2024-09-09 10:24:12,430 - INFO -
Configuration: 
gmin                0.01
gmax                10.0
T                   0.1
m                   0.3
type_nonlinear      normal
act                 tanh
ACT_R1n             12.7865
ACT_R2n             -3.1871
ACT_W1n             -10.4537
ACT_L1n             10.546
ACT_W2n             -5.8496
ACT_L2n             4.2337
S_R1n               -11.7481
S_R2n               -0.3905
S_W1n               -9.169
S_L1n               0.3913
S_W2n               7.2004
S_L2n               15.5558
ReLU_RHn            -1.9557
ReLU_RLn            -20.1581
ReLU_RDn            16.6486
ReLU_RBn            -14.3472
ReLU_Wn             16.655
ReLU_Ln             -21.7591
HS_Rn               -0.3766
HS_Wn               0.5192
HS_Ln               4.6293
NEG_R1n             -7.0846
NEG_R2n             -2.5695
NEG_R3n             16.1542
NEG_W1n             13.8696
NEG_L1n             2.7635
NEG_W2n             1.2674
NEG_L2n             -10.4803
NEG_W3n             -6.4386
NEG_L3n             5.1005
task                normal
DATASET             0
DataPath            ./dataset
InputNoise          0.0
IN_test             0.0
R_train             1
R_test              1
N_time              32
pathnorm            False
hidden              [3]
skipconnection      False
SEED                3
DEVICE              cpu
PATIENCE            500
EPOCH               10000000000
LR                  0.1
PROGRESSIVE         True
LR_PATIENCE         100
LR_DECAY            0.5
LR_MIN              0.0001
metric              acc
SoftEva             True
TIMELIMITATION      71
MODE                nominal
M_train             1
K_train             1
M_test              1
K_test              1
t_test_max          1
integration         MC
N_train             1
e_train             0.0
N_test              100
e_test              0.1
e_fault             2
fault_ratio         0.0
N_fault             50
e_fault_test        0
N_fault_test        50
dropout             0.0
lagrangian_loss     False
rho                 100
powerestimator      none
powerbalance        0.0
estimatorbalance    0.0
pgmin               1e-07
power_ratio         1000
lambda_P            100
areaestimator       none
areabalance         0.0
area_theta          0.15
area_act            30.0
area_neg            22.7
lambda_A            0.001
lnc                 False
projectname         tanh_0_FaultAnalysisNormal
temppath            ./tanh_0_FaultAnalysisNormal/temp/
logfilepath         ./tanh_0_FaultAnalysisNormal/log/
report_freq         10
recording           False
recordpath          ./tanh_0_FaultAnalysisNormal/record/
savepath            ./tanh_0_FaultAnalysisNormal/models/
loglevel            info


2024-09-09 10:24:12,430 - INFO -
Training network on device: cpu.

2024-09-09 10:24:12,430 - INFO -
Training setup: data_00_acuteinflammation_seed_03_epsilon_0.0_dropout_0.0_fault_ratio_0.0.model.

2024-09-09 10:24:12,430 - INFO -
{'dataname': 'acuteinflammation', 'N_feature': 6, 'N_class': 2, 'N_train': 70, 'N_valid': 23, 'N_test': 25}

2024-09-09 10:24:12,431 - INFO -
Topology of the network: [6, 3, 2].

2024-09-09 10:24:32,111 - INFO -
| Epoch:      0 | Train loss: 6.9315e-01 | Valid loss: 6.4906e-01 | Train acc: 0.5571 ± 0.0000 | Valid acc: 0.7391 ± 0.0000 | Valid Power: 0.0008 | Train Power: 0.0004 | patience:   0 | lr: 0.1 | Epoch time: 1.0 |

2024-09-09 10:24:32,952 - INFO -
| Epoch:     10 | Train loss: 5.6718e-01 | Valid loss: 5.6190e-01 | Train acc: 0.8143 ± 0.0000 | Valid acc: 0.7826 ± 0.0000 | Valid Power: 0.0008 | Train Power: 0.0007 | patience:   0 | lr: 0.1 | Epoch time: 0.1 |

2024-09-09 10:24:33,787 - INFO -
| Epoch:     20 | Train loss: 5.0395e-01 | Valid loss: 5.3964e-01 | Train acc: 0.8143 ± 0.0000 | Valid acc: 0.7826 ± 0.0000 | Valid Power: 0.0006 | Train Power: 0.0006 | patience:   0 | lr: 0.1 | Epoch time: 0.1 |

2024-09-09 10:24:34,627 - INFO -
| Epoch:     30 | Train loss: 4.6342e-01 | Valid loss: 4.9026e-01 | Train acc: 0.8143 ± 0.0000 | Valid acc: 0.7826 ± 0.0000 | Valid Power: 0.0007 | Train Power: 0.0007 | patience:   0 | lr: 0.1 | Epoch time: 0.1 |

2024-09-09 10:24:35,471 - INFO -
| Epoch:     40 | Train loss: 4.0414e-01 | Valid loss: 4.0541e-01 | Train acc: 0.8143 ± 0.0000 | Valid acc: 0.7826 ± 0.0000 | Valid Power: 0.0007 | Train Power: 0.0007 | patience:   0 | lr: 0.1 | Epoch time: 0.1 |

2024-09-09 10:24:36,314 - INFO -
| Epoch:     50 | Train loss: 3.2336e-01 | Valid loss: 2.9138e-01 | Train acc: 0.8857 ± 0.0000 | Valid acc: 0.9130 ± 0.0000 | Valid Power: 0.0006 | Train Power: 0.0006 | patience:   0 | lr: 0.1 | Epoch time: 0.1 |

2024-09-09 10:24:37,164 - INFO -
| Epoch:     60 | Train loss: 2.3474e-01 | Valid loss: 2.1506e-01 | Train acc: 1.0000 ± 0.0000 | Valid acc: 1.0000 ± 0.0000 | Valid Power: 0.0007 | Train Power: 0.0007 | patience:   0 | lr: 0.1 | Epoch time: 0.1 |

2024-09-09 10:24:38,007 - INFO -
| Epoch:     70 | Train loss: 2.0060e-01 | Valid loss: 1.8974e-01 | Train acc: 1.0000 ± 0.0000 | Valid acc: 1.0000 ± 0.0000 | Valid Power: 0.0008 | Train Power: 0.0008 | patience:   0 | lr: 0.1 | Epoch time: 0.1 |

2024-09-09 10:24:38,851 - INFO -
| Epoch:     80 | Train loss: 1.8101e-01 | Valid loss: 1.7603e-01 | Train acc: 1.0000 ± 0.0000 | Valid acc: 1.0000 ± 0.0000 | Valid Power: 0.0007 | Train Power: 0.0007 | patience:   0 | lr: 0.1 | Epoch time: 0.1 |

2024-09-09 10:24:39,694 - INFO -
| Epoch:     90 | Train loss: 1.7229e-01 | Valid loss: 1.6968e-01 | Train acc: 1.0000 ± 0.0000 | Valid acc: 1.0000 ± 0.0000 | Valid Power: 0.0015 | Train Power: 0.0007 | patience:   0 | lr: 0.1 | Epoch time: 0.1 |

2024-09-09 10:24:40,538 - INFO -
| Epoch:    100 | Train loss: 1.6769e-01 | Valid loss: 1.6576e-01 | Train acc: 1.0000 ± 0.0000 | Valid acc: 1.0000 ± 0.0000 | Valid Power: 0.0007 | Train Power: 0.0007 | patience:   0 | lr: 0.1 | Epoch time: 0.1 |

2024-09-09 10:24:41,382 - INFO -
| Epoch:    110 | Train loss: 1.6433e-01 | Valid loss: 1.6279e-01 | Train acc: 1.0000 ± 0.0000 | Valid acc: 1.0000 ± 0.0000 | Valid Power: 0.0008 | Train Power: 0.0007 | patience:   0 | lr: 0.1 | Epoch time: 0.1 |

2024-09-09 10:24:42,226 - INFO -
| Epoch:    120 | Train loss: 1.6184e-01 | Valid loss: 1.6051e-01 | Train acc: 1.0000 ± 0.0000 | Valid acc: 1.0000 ± 0.0000 | Valid Power: 0.0008 | Train Power: 0.0008 | patience:   0 | lr: 0.1 | Epoch time: 0.1 |

2024-09-09 10:24:43,069 - INFO -
| Epoch:    130 | Train loss: 1.5988e-01 | Valid loss: 1.5872e-01 | Train acc: 1.0000 ± 0.0000 | Valid acc: 1.0000 ± 0.0000 | Valid Power: 0.0037 | Train Power: 0.0019 | patience:   0 | lr: 0.1 | Epoch time: 0.1 |

2024-09-09 10:24:43,911 - INFO -
| Epoch:    140 | Train loss: 1.5827e-01 | Valid loss: 1.5727e-01 | Train acc: 1.0000 ± 0.0000 | Valid acc: 1.0000 ± 0.0000 | Valid Power: 0.0013 | Train Power: 0.0012 | patience:   0 | lr: 0.1 | Epoch time: 0.1 |

2024-09-09 10:24:44,753 - INFO -
| Epoch:    150 | Train loss: 1.5692e-01 | Valid loss: 1.5603e-01 | Train acc: 1.0000 ± 0.0000 | Valid acc: 1.0000 ± 0.0000 | Valid Power: 0.0010 | Train Power: 0.0010 | patience:   0 | lr: 0.1 | Epoch time: 0.1 |

2024-09-09 10:24:45,602 - INFO -
| Epoch:    160 | Train loss: 1.5577e-01 | Valid loss: 1.5499e-01 | Train acc: 1.0000 ± 0.0000 | Valid acc: 1.0000 ± 0.0000 | Valid Power: 0.0010 | Train Power: 0.0010 | patience:   0 | lr: 0.1 | Epoch time: 0.1 |

2024-09-09 10:24:46,446 - INFO -
| Epoch:    170 | Train loss: 1.5478e-01 | Valid loss: 1.5410e-01 | Train acc: 1.0000 ± 0.0000 | Valid acc: 1.0000 ± 0.0000 | Valid Power: 0.0010 | Train Power: 0.0010 | patience:   0 | lr: 0.1 | Epoch time: 0.1 |

2024-09-09 10:24:47,289 - INFO -
| Epoch:    180 | Train loss: 1.5393e-01 | Valid loss: 1.5333e-01 | Train acc: 1.0000 ± 0.0000 | Valid acc: 1.0000 ± 0.0000 | Valid Power: 0.0009 | Train Power: 0.0009 | patience:   0 | lr: 0.1 | Epoch time: 0.1 |

2024-09-09 10:24:48,131 - INFO -
| Epoch:    190 | Train loss: 1.5319e-01 | Valid loss: 1.5266e-01 | Train acc: 1.0000 ± 0.0000 | Valid acc: 1.0000 ± 0.0000 | Valid Power: 0.0009 | Train Power: 0.0009 | patience:   0 | lr: 0.1 | Epoch time: 0.1 |

2024-09-09 10:24:48,973 - INFO -
| Epoch:    200 | Train loss: 1.5255e-01 | Valid loss: 1.5208e-01 | Train acc: 1.0000 ± 0.0000 | Valid acc: 1.0000 ± 0.0000 | Valid Power: 0.0009 | Train Power: 0.0009 | patience:   0 | lr: 0.1 | Epoch time: 0.1 |

2024-09-09 10:24:49,815 - INFO -
| Epoch:    210 | Train loss: 1.5199e-01 | Valid loss: 1.5157e-01 | Train acc: 1.0000 ± 0.0000 | Valid acc: 1.0000 ± 0.0000 | Valid Power: 0.0009 | Train Power: 0.0010 | patience:   0 | lr: 0.1 | Epoch time: 0.1 |

2024-09-09 10:24:50,656 - INFO -
| Epoch:    220 | Train loss: 1.5163e-01 | Valid loss: 1.5129e-01 | Train acc: 1.0000 ± 0.0000 | Valid acc: 1.0000 ± 0.0000 | Valid Power: 0.0010 | Train Power: 0.0010 | patience:   0 | lr: 0.1 | Epoch time: 0.1 |

2024-09-09 10:24:51,500 - INFO -
| Epoch:    230 | Train loss: 1.5142e-01 | Valid loss: 1.5112e-01 | Train acc: 1.0000 ± 0.0000 | Valid acc: 1.0000 ± 0.0000 | Valid Power: 0.0010 | Train Power: 0.0010 | patience:   0 | lr: 0.1 | Epoch time: 0.1 |

2024-09-09 10:24:52,327 - INFO -
| Epoch:    240 | Train loss: 1.5134e-01 | Valid loss: 1.5105e-01 | Train acc: 1.0000 ± 0.0000 | Valid acc: 1.0000 ± 0.0000 | Valid Power: 0.0010 | Train Power: 0.0010 | patience:   0 | lr: 0.1 | Epoch time: 0.1 |

2024-09-09 10:24:53,153 - INFO -
| Epoch:    250 | Train loss: 1.5126e-01 | Valid loss: 1.5100e-01 | Train acc: 1.0000 ± 0.0000 | Valid acc: 1.0000 ± 0.0000 | Valid Power: 0.0011 | Train Power: 0.0012 | patience:   0 | lr: 0.1 | Epoch time: 0.1 |

2024-09-09 10:24:53,989 - INFO -
| Epoch:    260 | Train loss: 1.5119e-01 | Valid loss: 1.5096e-01 | Train acc: 1.0000 ± 0.0000 | Valid acc: 1.0000 ± 0.0000 | Valid Power: 0.0011 | Train Power: 0.0016 | patience:   1 | lr: 0.1 | Epoch time: 0.1 |

2024-09-09 10:24:54,825 - INFO -
| Epoch:    270 | Train loss: 1.5114e-01 | Valid loss: 1.5092e-01 | Train acc: 1.0000 ± 0.0000 | Valid acc: 1.0000 ± 0.0000 | Valid Power: 0.0011 | Train Power: 0.0012 | patience:   1 | lr: 0.1 | Epoch time: 0.1 |

2024-09-09 10:24:55,665 - INFO -
| Epoch:    280 | Train loss: 1.5110e-01 | Valid loss: 1.5088e-01 | Train acc: 1.0000 ± 0.0000 | Valid acc: 1.0000 ± 0.0000 | Valid Power: 0.0013 | Train Power: 0.0012 | patience:   0 | lr: 0.1 | Epoch time: 0.1 |

2024-09-09 10:24:56,508 - INFO -
| Epoch:    290 | Train loss: 1.5106e-01 | Valid loss: 1.5085e-01 | Train acc: 1.0000 ± 0.0000 | Valid acc: 1.0000 ± 0.0000 | Valid Power: 0.0012 | Train Power: 0.0012 | patience:   0 | lr: 0.1 | Epoch time: 0.1 |

2024-09-09 10:24:57,352 - INFO -
| Epoch:    300 | Train loss: 1.5102e-01 | Valid loss: 1.5082e-01 | Train acc: 1.0000 ± 0.0000 | Valid acc: 1.0000 ± 0.0000 | Valid Power: 0.0018 | Train Power: 0.0014 | patience:   0 | lr: 0.1 | Epoch time: 0.1 |

2024-09-09 10:24:58,169 - INFO -
| Epoch:    310 | Train loss: 1.5099e-01 | Valid loss: 1.5101e-01 | Train acc: 1.0000 ± 0.0000 | Valid acc: 1.0000 ± 0.0000 | Valid Power: 0.0012 | Train Power: 0.0012 | patience:   8 | lr: 0.1 | Epoch time: 0.1 |

2024-09-09 10:24:58,980 - INFO -
| Epoch:    320 | Train loss: 1.5095e-01 | Valid loss: 1.5123e-01 | Train acc: 1.0000 ± 0.0000 | Valid acc: 1.0000 ± 0.0000 | Valid Power: 0.0013 | Train Power: 0.0013 | patience:  18 | lr: 0.1 | Epoch time: 0.1 |

2024-09-09 10:24:59,791 - INFO -
| Epoch:    330 | Train loss: 1.5092e-01 | Valid loss: 1.5113e-01 | Train acc: 1.0000 ± 0.0000 | Valid acc: 1.0000 ± 0.0000 | Valid Power: 0.0014 | Train Power: 0.0013 | patience:  28 | lr: 0.1 | Epoch time: 0.1 |

2024-09-09 10:25:00,602 - INFO -
| Epoch:    340 | Train loss: 1.5090e-01 | Valid loss: 1.5116e-01 | Train acc: 1.0000 ± 0.0000 | Valid acc: 1.0000 ± 0.0000 | Valid Power: 0.0013 | Train Power: 0.0012 | patience:  38 | lr: 0.1 | Epoch time: 0.1 |

2024-09-09 10:25:01,418 - INFO -
| Epoch:    350 | Train loss: 1.5087e-01 | Valid loss: 1.5113e-01 | Train acc: 1.0000 ± 0.0000 | Valid acc: 1.0000 ± 0.0000 | Valid Power: 0.0013 | Train Power: 0.0013 | patience:  48 | lr: 0.1 | Epoch time: 0.1 |

2024-09-09 10:25:02,231 - INFO -
| Epoch:    360 | Train loss: 1.5084e-01 | Valid loss: 1.5111e-01 | Train acc: 1.0000 ± 0.0000 | Valid acc: 1.0000 ± 0.0000 | Valid Power: 0.0047 | Train Power: 0.0014 | patience:  58 | lr: 0.1 | Epoch time: 0.1 |

2024-09-09 10:25:03,042 - INFO -
| Epoch:    370 | Train loss: 1.5082e-01 | Valid loss: 1.5110e-01 | Train acc: 1.0000 ± 0.0000 | Valid acc: 1.0000 ± 0.0000 | Valid Power: 0.0013 | Train Power: 0.0012 | patience:  68 | lr: 0.1 | Epoch time: 0.1 |

2024-09-09 10:25:03,853 - INFO -
| Epoch:    380 | Train loss: 1.5079e-01 | Valid loss: 1.5108e-01 | Train acc: 1.0000 ± 0.0000 | Valid acc: 1.0000 ± 0.0000 | Valid Power: 0.0013 | Train Power: 0.0012 | patience:  78 | lr: 0.1 | Epoch time: 0.1 |

2024-09-09 10:25:04,663 - INFO -
| Epoch:    390 | Train loss: 1.5077e-01 | Valid loss: 1.5107e-01 | Train acc: 1.0000 ± 0.0000 | Valid acc: 1.0000 ± 0.0000 | Valid Power: 0.0015 | Train Power: 0.0054 | patience:  88 | lr: 0.1 | Epoch time: 0.1 |

2024-09-09 10:25:05,473 - INFO -
| Epoch:    400 | Train loss: 1.5075e-01 | Valid loss: 1.5105e-01 | Train acc: 1.0000 ± 0.0000 | Valid acc: 1.0000 ± 0.0000 | Valid Power: 0.0015 | Train Power: 0.0013 | patience:  98 | lr: 0.1 | Epoch time: 0.1 |

2024-09-09 10:25:05,720 - INFO -
load best network to warm start training with lower lr.

2024-09-09 10:25:05,720 - INFO -
lr update to 0.05.

2024-09-09 10:25:06,294 - INFO -
| Epoch:    410 | Train loss: 1.5086e-01 | Valid loss: 1.5088e-01 | Train acc: 1.0000 ± 0.0000 | Valid acc: 1.0000 ± 0.0000 | Valid Power: 0.0014 | Train Power: 0.0014 | patience:   2 | lr: 0.05 | Epoch time: 0.1 |

2024-09-09 10:25:07,131 - INFO -
| Epoch:    420 | Train loss: 1.5058e-01 | Valid loss: 1.5049e-01 | Train acc: 1.0000 ± 0.0000 | Valid acc: 1.0000 ± 0.0000 | Valid Power: 0.0014 | Train Power: 0.0014 | patience:   2 | lr: 0.05 | Epoch time: 0.1 |

2024-09-09 10:25:07,958 - INFO -
| Epoch:    430 | Train loss: 1.5039e-01 | Valid loss: 1.5052e-01 | Train acc: 1.0000 ± 0.0000 | Valid acc: 1.0000 ± 0.0000 | Valid Power: 0.0014 | Train Power: 0.0014 | patience:   7 | lr: 0.05 | Epoch time: 0.1 |

2024-09-09 10:25:08,770 - INFO -
| Epoch:    440 | Train loss: 1.5027e-01 | Valid loss: 1.5056e-01 | Train acc: 1.0000 ± 0.0000 | Valid acc: 1.0000 ± 0.0000 | Valid Power: 0.0014 | Train Power: 0.0013 | patience:  17 | lr: 0.05 | Epoch time: 0.1 |

2024-09-09 10:25:09,583 - INFO -
| Epoch:    450 | Train loss: 1.5020e-01 | Valid loss: 1.5052e-01 | Train acc: 1.0000 ± 0.0000 | Valid acc: 1.0000 ± 0.0000 | Valid Power: 0.0014 | Train Power: 0.0013 | patience:  27 | lr: 0.05 | Epoch time: 0.1 |

2024-09-09 10:25:10,395 - INFO -
| Epoch:    460 | Train loss: 1.5016e-01 | Valid loss: 1.5046e-01 | Train acc: 1.0000 ± 0.0000 | Valid acc: 1.0000 ± 0.0000 | Valid Power: 0.0013 | Train Power: 0.0013 | patience:  37 | lr: 0.05 | Epoch time: 0.1 |

2024-09-09 10:25:11,206 - INFO -
| Epoch:    470 | Train loss: 1.5012e-01 | Valid loss: 1.5043e-01 | Train acc: 1.0000 ± 0.0000 | Valid acc: 1.0000 ± 0.0000 | Valid Power: 0.0013 | Train Power: 0.0013 | patience:  47 | lr: 0.05 | Epoch time: 0.1 |

2024-09-09 10:25:12,019 - INFO -
| Epoch:    480 | Train loss: 1.5010e-01 | Valid loss: 1.5039e-01 | Train acc: 1.0000 ± 0.0000 | Valid acc: 1.0000 ± 0.0000 | Valid Power: 0.0013 | Train Power: 0.0013 | patience:  57 | lr: 0.05 | Epoch time: 0.1 |

2024-09-09 10:25:12,866 - INFO -
| Epoch:    490 | Train loss: 1.5008e-01 | Valid loss: 1.5036e-01 | Train acc: 1.0000 ± 0.0000 | Valid acc: 1.0000 ± 0.0000 | Valid Power: 0.0013 | Train Power: 0.0013 | patience:   0 | lr: 0.05 | Epoch time: 0.1 |

2024-09-09 10:25:13,713 - INFO -
| Epoch:    500 | Train loss: 1.5006e-01 | Valid loss: 1.5034e-01 | Train acc: 1.0000 ± 0.0000 | Valid acc: 1.0000 ± 0.0000 | Valid Power: 0.0013 | Train Power: 0.0013 | patience:   0 | lr: 0.05 | Epoch time: 0.1 |

2024-09-09 10:25:14,564 - INFO -
| Epoch:    510 | Train loss: 1.5005e-01 | Valid loss: 1.5031e-01 | Train acc: 1.0000 ± 0.0000 | Valid acc: 1.0000 ± 0.0000 | Valid Power: 0.0014 | Train Power: 0.0013 | patience:   0 | lr: 0.05 | Epoch time: 0.1 |

2024-09-09 10:25:15,388 - INFO -
| Epoch:    520 | Train loss: 1.5003e-01 | Valid loss: 1.5030e-01 | Train acc: 1.0000 ± 0.0000 | Valid acc: 1.0000 ± 0.0000 | Valid Power: 0.0013 | Train Power: 0.0013 | patience:   1 | lr: 0.05 | Epoch time: 0.1 |

2024-09-09 10:25:16,217 - INFO -
| Epoch:    530 | Train loss: 1.5003e-01 | Valid loss: 1.5026e-01 | Train acc: 1.0000 ± 0.0000 | Valid acc: 1.0000 ± 0.0000 | Valid Power: 0.0015 | Train Power: 0.0014 | patience:   0 | lr: 0.05 | Epoch time: 0.1 |

2024-09-09 10:25:17,053 - INFO -
| Epoch:    540 | Train loss: 1.5002e-01 | Valid loss: 1.5005e-01 | Train acc: 1.0000 ± 0.0000 | Valid acc: 1.0000 ± 0.0000 | Valid Power: 0.0014 | Train Power: 0.0014 | patience:   0 | lr: 0.05 | Epoch time: 0.1 |

2024-09-09 10:25:17,883 - INFO -
| Epoch:    550 | Train loss: 1.5000e-01 | Valid loss: 1.4998e-01 | Train acc: 1.0000 ± 0.0000 | Valid acc: 1.0000 ± 0.0000 | Valid Power: 0.0013 | Train Power: 0.0013 | patience:   5 | lr: 0.05 | Epoch time: 0.1 |

2024-09-09 10:25:18,714 - INFO -
| Epoch:    560 | Train loss: 1.4999e-01 | Valid loss: 1.4997e-01 | Train acc: 1.0000 ± 0.0000 | Valid acc: 1.0000 ± 0.0000 | Valid Power: 0.0013 | Train Power: 0.0013 | patience:   0 | lr: 0.05 | Epoch time: 0.1 |

2024-09-09 10:25:19,528 - INFO -
| Epoch:    570 | Train loss: 1.4998e-01 | Valid loss: 1.5005e-01 | Train acc: 1.0000 ± 0.0000 | Valid acc: 1.0000 ± 0.0000 | Valid Power: 0.0013 | Train Power: 0.0013 | patience:  10 | lr: 0.05 | Epoch time: 0.1 |

2024-09-09 10:25:20,339 - INFO -
| Epoch:    580 | Train loss: 1.4998e-01 | Valid loss: 1.5021e-01 | Train acc: 1.0000 ± 0.0000 | Valid acc: 1.0000 ± 0.0000 | Valid Power: 0.0013 | Train Power: 0.0013 | patience:  20 | lr: 0.05 | Epoch time: 0.1 |

2024-09-09 10:25:21,152 - INFO -
| Epoch:    590 | Train loss: 1.4998e-01 | Valid loss: 1.5019e-01 | Train acc: 1.0000 ± 0.0000 | Valid acc: 1.0000 ± 0.0000 | Valid Power: 0.0013 | Train Power: 0.0013 | patience:  30 | lr: 0.05 | Epoch time: 0.1 |

2024-09-09 10:25:21,966 - INFO -
| Epoch:    600 | Train loss: 1.4997e-01 | Valid loss: 1.5015e-01 | Train acc: 1.0000 ± 0.0000 | Valid acc: 1.0000 ± 0.0000 | Valid Power: 0.0013 | Train Power: 0.0013 | patience:  40 | lr: 0.05 | Epoch time: 0.1 |

2024-09-09 10:25:22,792 - INFO -
| Epoch:    610 | Train loss: 1.4996e-01 | Valid loss: 1.4993e-01 | Train acc: 1.0000 ± 0.0000 | Valid acc: 1.0000 ± 0.0000 | Valid Power: 0.0013 | Train Power: 0.0013 | patience:   0 | lr: 0.05 | Epoch time: 0.1 |

2024-09-09 10:25:23,618 - INFO -
| Epoch:    620 | Train loss: 1.4995e-01 | Valid loss: 1.4992e-01 | Train acc: 1.0000 ± 0.0000 | Valid acc: 1.0000 ± 0.0000 | Valid Power: 0.0013 | Train Power: 0.0013 | patience:   0 | lr: 0.05 | Epoch time: 0.1 |

2024-09-09 10:25:24,436 - INFO -
| Epoch:    630 | Train loss: 1.4994e-01 | Valid loss: 1.4992e-01 | Train acc: 1.0000 ± 0.0000 | Valid acc: 1.0000 ± 0.0000 | Valid Power: 0.0013 | Train Power: 0.0013 | patience:   3 | lr: 0.05 | Epoch time: 0.1 |

2024-09-09 10:25:25,266 - INFO -
| Epoch:    640 | Train loss: 1.4994e-01 | Valid loss: 1.4991e-01 | Train acc: 1.0000 ± 0.0000 | Valid acc: 1.0000 ± 0.0000 | Valid Power: 0.0013 | Train Power: 0.0013 | patience:   0 | lr: 0.05 | Epoch time: 0.1 |

2024-09-09 10:25:26,085 - INFO -
| Epoch:    650 | Train loss: 1.4993e-01 | Valid loss: 1.4997e-01 | Train acc: 1.0000 ± 0.0000 | Valid acc: 1.0000 ± 0.0000 | Valid Power: 0.0013 | Train Power: 0.0013 | patience:   8 | lr: 0.05 | Epoch time: 0.1 |

2024-09-09 10:25:26,896 - INFO -
| Epoch:    660 | Train loss: 1.4993e-01 | Valid loss: 1.5012e-01 | Train acc: 1.0000 ± 0.0000 | Valid acc: 1.0000 ± 0.0000 | Valid Power: 0.0013 | Train Power: 0.0013 | patience:  18 | lr: 0.05 | Epoch time: 0.1 |

2024-09-09 10:25:27,707 - INFO -
| Epoch:    670 | Train loss: 1.4992e-01 | Valid loss: 1.5011e-01 | Train acc: 1.0000 ± 0.0000 | Valid acc: 1.0000 ± 0.0000 | Valid Power: 0.0013 | Train Power: 0.0013 | patience:  28 | lr: 0.05 | Epoch time: 0.1 |

2024-09-09 10:25:28,518 - INFO -
| Epoch:    680 | Train loss: 1.4992e-01 | Valid loss: 1.5011e-01 | Train acc: 1.0000 ± 0.0000 | Valid acc: 1.0000 ± 0.0000 | Valid Power: 0.0013 | Train Power: 0.0013 | patience:  38 | lr: 0.05 | Epoch time: 0.1 |

2024-09-09 10:25:29,330 - INFO -
| Epoch:    690 | Train loss: 1.4991e-01 | Valid loss: 1.5000e-01 | Train acc: 1.0000 ± 0.0000 | Valid acc: 1.0000 ± 0.0000 | Valid Power: 0.0013 | Train Power: 0.0013 | patience:  48 | lr: 0.05 | Epoch time: 0.1 |

2024-09-09 10:25:30,155 - INFO -
| Epoch:    700 | Train loss: 1.4991e-01 | Valid loss: 1.4989e-01 | Train acc: 1.0000 ± 0.0000 | Valid acc: 1.0000 ± 0.0000 | Valid Power: 0.0012 | Train Power: 0.0013 | patience:   3 | lr: 0.05 | Epoch time: 0.1 |

2024-09-09 10:25:30,974 - INFO -
| Epoch:    710 | Train loss: 1.4990e-01 | Valid loss: 1.4988e-01 | Train acc: 1.0000 ± 0.0000 | Valid acc: 1.0000 ± 0.0000 | Valid Power: 0.0012 | Train Power: 0.0012 | patience:   6 | lr: 0.05 | Epoch time: 0.1 |

2024-09-09 10:25:31,797 - INFO -
| Epoch:    720 | Train loss: 1.4990e-01 | Valid loss: 1.4988e-01 | Train acc: 1.0000 ± 0.0000 | Valid acc: 1.0000 ± 0.0000 | Valid Power: 0.0012 | Train Power: 0.0012 | patience:   2 | lr: 0.05 | Epoch time: 0.1 |

2024-09-09 10:25:32,620 - INFO -
| Epoch:    730 | Train loss: 1.4989e-01 | Valid loss: 1.4987e-01 | Train acc: 1.0000 ± 0.0000 | Valid acc: 1.0000 ± 0.0000 | Valid Power: 0.0012 | Train Power: 0.0012 | patience:   0 | lr: 0.05 | Epoch time: 0.1 |

2024-09-09 10:25:33,460 - INFO -
| Epoch:    740 | Train loss: 1.4989e-01 | Valid loss: 1.4987e-01 | Train acc: 1.0000 ± 0.0000 | Valid acc: 1.0000 ± 0.0000 | Valid Power: 0.0012 | Train Power: 0.0013 | patience:   0 | lr: 0.05 | Epoch time: 0.1 |

2024-09-09 10:25:34,310 - INFO -
| Epoch:    750 | Train loss: 1.4988e-01 | Valid loss: 1.4986e-01 | Train acc: 1.0000 ± 0.0000 | Valid acc: 1.0000 ± 0.0000 | Valid Power: 0.0013 | Train Power: 0.0013 | patience:   0 | lr: 0.05 | Epoch time: 0.1 |

2024-09-09 10:25:35,155 - INFO -
| Epoch:    760 | Train loss: 1.4988e-01 | Valid loss: 1.4986e-01 | Train acc: 1.0000 ± 0.0000 | Valid acc: 1.0000 ± 0.0000 | Valid Power: 0.0013 | Train Power: 0.0013 | patience:   0 | lr: 0.05 | Epoch time: 0.1 |

2024-09-09 10:25:35,991 - INFO -
| Epoch:    770 | Train loss: 1.4988e-01 | Valid loss: 1.4986e-01 | Train acc: 1.0000 ± 0.0000 | Valid acc: 1.0000 ± 0.0000 | Valid Power: 0.0013 | Train Power: 0.0013 | patience:   0 | lr: 0.05 | Epoch time: 0.1 |

2024-09-09 10:25:36,819 - INFO -
| Epoch:    780 | Train loss: 1.4987e-01 | Valid loss: 1.4986e-01 | Train acc: 1.0000 ± 0.0000 | Valid acc: 1.0000 ± 0.0000 | Valid Power: 0.0012 | Train Power: 0.0013 | patience:   2 | lr: 0.05 | Epoch time: 0.1 |

2024-09-09 10:25:37,644 - INFO -
| Epoch:    790 | Train loss: 1.4987e-01 | Valid loss: 1.4986e-01 | Train acc: 1.0000 ± 0.0000 | Valid acc: 1.0000 ± 0.0000 | Valid Power: 0.0012 | Train Power: 0.0012 | patience:   3 | lr: 0.05 | Epoch time: 0.1 |

2024-09-09 10:25:38,455 - INFO -
| Epoch:    800 | Train loss: 1.4987e-01 | Valid loss: 1.4986e-01 | Train acc: 1.0000 ± 0.0000 | Valid acc: 1.0000 ± 0.0000 | Valid Power: 0.0027 | Train Power: 0.0122 | patience:  13 | lr: 0.05 | Epoch time: 0.1 |

2024-09-09 10:25:39,267 - INFO -
| Epoch:    810 | Train loss: 1.4987e-01 | Valid loss: 1.4987e-01 | Train acc: 1.0000 ± 0.0000 | Valid acc: 1.0000 ± 0.0000 | Valid Power: 0.0014 | Train Power: 0.0014 | patience:  23 | lr: 0.05 | Epoch time: 0.1 |

2024-09-09 10:25:40,078 - INFO -
| Epoch:    820 | Train loss: 1.4986e-01 | Valid loss: 1.4986e-01 | Train acc: 1.0000 ± 0.0000 | Valid acc: 1.0000 ± 0.0000 | Valid Power: 0.0013 | Train Power: 0.0013 | patience:  33 | lr: 0.05 | Epoch time: 0.1 |

2024-09-09 10:25:40,889 - INFO -
| Epoch:    830 | Train loss: 1.4986e-01 | Valid loss: 1.4985e-01 | Train acc: 1.0000 ± 0.0000 | Valid acc: 1.0000 ± 0.0000 | Valid Power: 0.0013 | Train Power: 0.0013 | patience:  43 | lr: 0.05 | Epoch time: 0.1 |

2024-09-09 10:25:41,710 - INFO -
| Epoch:    840 | Train loss: 1.4986e-01 | Valid loss: 1.4985e-01 | Train acc: 1.0000 ± 0.0000 | Valid acc: 1.0000 ± 0.0000 | Valid Power: 0.0015 | Train Power: 0.0020 | patience:   1 | lr: 0.05 | Epoch time: 0.1 |

2024-09-09 10:25:42,546 - INFO -
| Epoch:    850 | Train loss: 1.4986e-01 | Valid loss: 1.4984e-01 | Train acc: 1.0000 ± 0.0000 | Valid acc: 1.0000 ± 0.0000 | Valid Power: 0.0013 | Train Power: 0.0013 | patience:   0 | lr: 0.05 | Epoch time: 0.1 |

2024-09-09 10:25:43,385 - INFO -
| Epoch:    860 | Train loss: 1.4985e-01 | Valid loss: 1.4984e-01 | Train acc: 1.0000 ± 0.0000 | Valid acc: 1.0000 ± 0.0000 | Valid Power: 0.0013 | Train Power: 0.0013 | patience:   0 | lr: 0.05 | Epoch time: 0.1 |

2024-09-09 10:25:44,231 - INFO -
| Epoch:    870 | Train loss: 1.4985e-01 | Valid loss: 1.4983e-01 | Train acc: 1.0000 ± 0.0000 | Valid acc: 1.0000 ± 0.0000 | Valid Power: 0.0013 | Train Power: 0.0013 | patience:   0 | lr: 0.05 | Epoch time: 0.1 |

2024-09-09 10:25:45,077 - INFO -
| Epoch:    880 | Train loss: 1.4985e-01 | Valid loss: 1.4983e-01 | Train acc: 1.0000 ± 0.0000 | Valid acc: 1.0000 ± 0.0000 | Valid Power: 0.0013 | Train Power: 0.0013 | patience:   0 | lr: 0.05 | Epoch time: 0.1 |

2024-09-09 10:25:45,920 - INFO -
| Epoch:    890 | Train loss: 1.4984e-01 | Valid loss: 1.4983e-01 | Train acc: 1.0000 ± 0.0000 | Valid acc: 1.0000 ± 0.0000 | Valid Power: 0.0013 | Train Power: 0.0013 | patience:   1 | lr: 0.05 | Epoch time: 0.1 |

2024-09-09 10:25:46,746 - INFO -
| Epoch:    900 | Train loss: 1.4984e-01 | Valid loss: 1.4984e-01 | Train acc: 1.0000 ± 0.0000 | Valid acc: 1.0000 ± 0.0000 | Valid Power: 0.0013 | Train Power: 0.0013 | patience:   5 | lr: 0.05 | Epoch time: 0.1 |

2024-09-09 10:25:47,557 - INFO -
| Epoch:    910 | Train loss: 1.4984e-01 | Valid loss: 1.4983e-01 | Train acc: 1.0000 ± 0.0000 | Valid acc: 1.0000 ± 0.0000 | Valid Power: 0.0013 | Train Power: 0.0013 | patience:  15 | lr: 0.05 | Epoch time: 0.1 |

2024-09-09 10:25:48,372 - INFO -
| Epoch:    920 | Train loss: 1.4984e-01 | Valid loss: 1.4983e-01 | Train acc: 1.0000 ± 0.0000 | Valid acc: 1.0000 ± 0.0000 | Valid Power: 0.0013 | Train Power: 0.0013 | patience:   3 | lr: 0.05 | Epoch time: 0.1 |

2024-09-09 10:25:49,198 - INFO -
| Epoch:    930 | Train loss: 1.4984e-01 | Valid loss: 1.4982e-01 | Train acc: 1.0000 ± 0.0000 | Valid acc: 1.0000 ± 0.0000 | Valid Power: 0.0013 | Train Power: 0.0013 | patience:   2 | lr: 0.05 | Epoch time: 0.1 |

2024-09-09 10:25:50,022 - INFO -
| Epoch:    940 | Train loss: 1.4983e-01 | Valid loss: 1.4982e-01 | Train acc: 1.0000 ± 0.0000 | Valid acc: 1.0000 ± 0.0000 | Valid Power: 0.0013 | Train Power: 0.0013 | patience:   2 | lr: 0.05 | Epoch time: 0.1 |

2024-09-09 10:25:50,851 - INFO -
| Epoch:    950 | Train loss: 1.4984e-01 | Valid loss: 1.4982e-01 | Train acc: 1.0000 ± 0.0000 | Valid acc: 1.0000 ± 0.0000 | Valid Power: 0.0017 | Train Power: 0.0013 | patience:   0 | lr: 0.05 | Epoch time: 0.1 |

2024-09-09 10:25:51,672 - INFO -
| Epoch:    960 | Train loss: 1.4983e-01 | Valid loss: 1.4982e-01 | Train acc: 1.0000 ± 0.0000 | Valid acc: 1.0000 ± 0.0000 | Valid Power: 0.0013 | Train Power: 0.0013 | patience:   2 | lr: 0.05 | Epoch time: 0.1 |

2024-09-09 10:25:52,501 - INFO -
| Epoch:    970 | Train loss: 1.4983e-01 | Valid loss: 1.4981e-01 | Train acc: 1.0000 ± 0.0000 | Valid acc: 1.0000 ± 0.0000 | Valid Power: 0.0013 | Train Power: 0.0013 | patience:   2 | lr: 0.05 | Epoch time: 0.1 |

2024-09-09 10:25:53,333 - INFO -
| Epoch:    980 | Train loss: 1.4982e-01 | Valid loss: 1.4981e-01 | Train acc: 1.0000 ± 0.0000 | Valid acc: 1.0000 ± 0.0000 | Valid Power: 0.0013 | Train Power: 0.0013 | patience:   2 | lr: 0.05 | Epoch time: 0.1 |

2024-09-09 10:25:54,168 - INFO -
| Epoch:    990 | Train loss: 1.4983e-01 | Valid loss: 1.4981e-01 | Train acc: 1.0000 ± 0.0000 | Valid acc: 1.0000 ± 0.0000 | Valid Power: 0.0013 | Train Power: 0.0013 | patience:   0 | lr: 0.05 | Epoch time: 0.1 |

2024-09-09 10:25:54,980 - INFO -
| Epoch:   1000 | Train loss: 1.4982e-01 | Valid loss: 1.4981e-01 | Train acc: 1.0000 ± 0.0000 | Valid acc: 1.0000 ± 0.0000 | Valid Power: 0.0013 | Train Power: 0.0013 | patience:  10 | lr: 0.05 | Epoch time: 0.1 |

2024-09-09 10:25:55,790 - INFO -
| Epoch:   1010 | Train loss: 1.4982e-01 | Valid loss: 1.4981e-01 | Train acc: 1.0000 ± 0.0000 | Valid acc: 1.0000 ± 0.0000 | Valid Power: 0.0013 | Train Power: 0.0013 | patience:  20 | lr: 0.05 | Epoch time: 0.1 |

2024-09-09 10:25:56,612 - INFO -
| Epoch:   1020 | Train loss: 1.4982e-01 | Valid loss: 1.4981e-01 | Train acc: 1.0000 ± 0.0000 | Valid acc: 1.0000 ± 0.0000 | Valid Power: 0.0013 | Train Power: 0.0013 | patience:   0 | lr: 0.05 | Epoch time: 0.1 |

2024-09-09 10:25:57,447 - INFO -
| Epoch:   1030 | Train loss: 1.4982e-01 | Valid loss: 1.4980e-01 | Train acc: 1.0000 ± 0.0000 | Valid acc: 1.0000 ± 0.0000 | Valid Power: 0.0013 | Train Power: 0.0013 | patience:   0 | lr: 0.05 | Epoch time: 0.1 |

2024-09-09 10:25:58,275 - INFO -
| Epoch:   1040 | Train loss: 1.4981e-01 | Valid loss: 1.4980e-01 | Train acc: 1.0000 ± 0.0000 | Valid acc: 1.0000 ± 0.0000 | Valid Power: 0.0013 | Train Power: 0.0014 | patience:   0 | lr: 0.05 | Epoch time: 0.1 |

2024-09-09 10:25:59,104 - INFO -
| Epoch:   1050 | Train loss: 1.4981e-01 | Valid loss: 1.4981e-01 | Train acc: 1.0000 ± 0.0000 | Valid acc: 1.0000 ± 0.0000 | Valid Power: 0.0013 | Train Power: 0.0013 | patience:   2 | lr: 0.05 | Epoch time: 0.1 |

2024-09-09 10:25:59,922 - INFO -
| Epoch:   1060 | Train loss: 1.4981e-01 | Valid loss: 1.4980e-01 | Train acc: 1.0000 ± 0.0000 | Valid acc: 1.0000 ± 0.0000 | Valid Power: 0.0013 | Train Power: 0.0013 | patience:   1 | lr: 0.05 | Epoch time: 0.1 |

2024-09-09 10:26:00,751 - INFO -
| Epoch:   1070 | Train loss: 1.4981e-01 | Valid loss: 1.4980e-01 | Train acc: 1.0000 ± 0.0000 | Valid acc: 1.0000 ± 0.0000 | Valid Power: 0.0013 | Train Power: 0.0013 | patience:   1 | lr: 0.05 | Epoch time: 0.1 |

2024-09-09 10:26:01,587 - INFO -
| Epoch:   1080 | Train loss: 1.4981e-01 | Valid loss: 1.4979e-01 | Train acc: 1.0000 ± 0.0000 | Valid acc: 1.0000 ± 0.0000 | Valid Power: 0.0013 | Train Power: 0.0013 | patience:   0 | lr: 0.05 | Epoch time: 0.1 |

2024-09-09 10:26:02,404 - INFO -
| Epoch:   1090 | Train loss: 1.4981e-01 | Valid loss: 1.4980e-01 | Train acc: 1.0000 ± 0.0000 | Valid acc: 1.0000 ± 0.0000 | Valid Power: 0.0013 | Train Power: 0.0013 | patience:  10 | lr: 0.05 | Epoch time: 0.1 |

2024-09-09 10:26:03,216 - INFO -
| Epoch:   1100 | Train loss: 1.4980e-01 | Valid loss: 1.4980e-01 | Train acc: 1.0000 ± 0.0000 | Valid acc: 1.0000 ± 0.0000 | Valid Power: 0.0013 | Train Power: 0.0013 | patience:  20 | lr: 0.05 | Epoch time: 0.1 |

2024-09-09 10:26:04,031 - INFO -
| Epoch:   1110 | Train loss: 1.4980e-01 | Valid loss: 1.4979e-01 | Train acc: 1.0000 ± 0.0000 | Valid acc: 1.0000 ± 0.0000 | Valid Power: 0.0013 | Train Power: 0.0013 | patience:   1 | lr: 0.05 | Epoch time: 0.1 |

2024-09-09 10:26:04,853 - INFO -
| Epoch:   1120 | Train loss: 1.4980e-01 | Valid loss: 1.4979e-01 | Train acc: 1.0000 ± 0.0000 | Valid acc: 1.0000 ± 0.0000 | Valid Power: 0.0013 | Train Power: 0.0013 | patience:   1 | lr: 0.05 | Epoch time: 0.1 |

2024-09-09 10:26:05,689 - INFO -
| Epoch:   1130 | Train loss: 1.4980e-01 | Valid loss: 1.4979e-01 | Train acc: 1.0000 ± 0.0000 | Valid acc: 1.0000 ± 0.0000 | Valid Power: 0.0013 | Train Power: 0.0013 | patience:   0 | lr: 0.05 | Epoch time: 0.1 |

2024-09-09 10:26:06,515 - INFO -
| Epoch:   1140 | Train loss: 1.4980e-01 | Valid loss: 1.4979e-01 | Train acc: 1.0000 ± 0.0000 | Valid acc: 1.0000 ± 0.0000 | Valid Power: 0.0015 | Train Power: 0.0013 | patience:   0 | lr: 0.05 | Epoch time: 0.1 |

2024-09-09 10:26:07,330 - INFO -
| Epoch:   1150 | Train loss: 1.4980e-01 | Valid loss: 1.4979e-01 | Train acc: 1.0000 ± 0.0000 | Valid acc: 1.0000 ± 0.0000 | Valid Power: 0.0013 | Train Power: 0.0013 | patience:   2 | lr: 0.05 | Epoch time: 0.1 |

2024-09-09 10:26:08,145 - INFO -
| Epoch:   1160 | Train loss: 1.4979e-01 | Valid loss: 1.4979e-01 | Train acc: 1.0000 ± 0.0000 | Valid acc: 1.0000 ± 0.0000 | Valid Power: 0.0013 | Train Power: 0.0013 | patience:   8 | lr: 0.05 | Epoch time: 0.1 |

2024-09-09 10:26:08,967 - INFO -
| Epoch:   1170 | Train loss: 1.4979e-01 | Valid loss: 1.4978e-01 | Train acc: 1.0000 ± 0.0000 | Valid acc: 1.0000 ± 0.0000 | Valid Power: 0.0013 | Train Power: 0.0013 | patience:   3 | lr: 0.05 | Epoch time: 0.1 |

2024-09-09 10:26:09,785 - INFO -
| Epoch:   1180 | Train loss: 1.4979e-01 | Valid loss: 1.4979e-01 | Train acc: 1.0000 ± 0.0000 | Valid acc: 1.0000 ± 0.0000 | Valid Power: 0.0013 | Train Power: 0.0013 | patience:   6 | lr: 0.05 | Epoch time: 0.1 |

2024-09-09 10:26:10,598 - INFO -
| Epoch:   1190 | Train loss: 1.4979e-01 | Valid loss: 1.4978e-01 | Train acc: 1.0000 ± 0.0000 | Valid acc: 1.0000 ± 0.0000 | Valid Power: 0.0013 | Train Power: 0.0013 | patience:  16 | lr: 0.05 | Epoch time: 0.1 |

2024-09-09 10:26:11,420 - INFO -
| Epoch:   1200 | Train loss: 1.4979e-01 | Valid loss: 1.4978e-01 | Train acc: 1.0000 ± 0.0000 | Valid acc: 1.0000 ± 0.0000 | Valid Power: 0.0013 | Train Power: 0.0013 | patience:   0 | lr: 0.05 | Epoch time: 0.1 |

2024-09-09 10:26:12,246 - INFO -
| Epoch:   1210 | Train loss: 1.4978e-01 | Valid loss: 1.4978e-01 | Train acc: 1.0000 ± 0.0000 | Valid acc: 1.0000 ± 0.0000 | Valid Power: 0.0013 | Train Power: 0.0013 | patience:   0 | lr: 0.05 | Epoch time: 0.1 |

2024-09-09 10:26:13,068 - INFO -
| Epoch:   1220 | Train loss: 1.4978e-01 | Valid loss: 1.4978e-01 | Train acc: 1.0000 ± 0.0000 | Valid acc: 1.0000 ± 0.0000 | Valid Power: 0.0013 | Train Power: 0.0013 | patience:   0 | lr: 0.05 | Epoch time: 0.1 |

2024-09-09 10:26:13,905 - INFO -
| Epoch:   1230 | Train loss: 1.4978e-01 | Valid loss: 1.4977e-01 | Train acc: 1.0000 ± 0.0000 | Valid acc: 1.0000 ± 0.0000 | Valid Power: 0.0013 | Train Power: 0.0013 | patience:   0 | lr: 0.05 | Epoch time: 0.1 |

2024-09-09 10:26:14,733 - INFO -
| Epoch:   1240 | Train loss: 1.4978e-01 | Valid loss: 1.4977e-01 | Train acc: 1.0000 ± 0.0000 | Valid acc: 1.0000 ± 0.0000 | Valid Power: 0.0013 | Train Power: 0.0013 | patience:   0 | lr: 0.05 | Epoch time: 0.1 |

2024-09-09 10:26:15,560 - INFO -
| Epoch:   1250 | Train loss: 1.4977e-01 | Valid loss: 1.4977e-01 | Train acc: 1.0000 ± 0.0000 | Valid acc: 1.0000 ± 0.0000 | Valid Power: 0.0025 | Train Power: 0.0015 | patience:   1 | lr: 0.05 | Epoch time: 0.1 |

2024-09-09 10:26:16,378 - INFO -
| Epoch:   1260 | Train loss: 1.4978e-01 | Valid loss: 1.4977e-01 | Train acc: 1.0000 ± 0.0000 | Valid acc: 1.0000 ± 0.0000 | Valid Power: 0.0013 | Train Power: 0.0013 | patience:   7 | lr: 0.05 | Epoch time: 0.1 |

2024-09-09 10:26:17,189 - INFO -
| Epoch:   1270 | Train loss: 1.4978e-01 | Valid loss: 1.4977e-01 | Train acc: 1.0000 ± 0.0000 | Valid acc: 1.0000 ± 0.0000 | Valid Power: 0.0013 | Train Power: 0.0013 | patience:  17 | lr: 0.05 | Epoch time: 0.1 |

2024-09-09 10:26:18,001 - INFO -
| Epoch:   1280 | Train loss: 1.4977e-01 | Valid loss: 1.4977e-01 | Train acc: 1.0000 ± 0.0000 | Valid acc: 1.0000 ± 0.0000 | Valid Power: 0.0013 | Train Power: 0.0013 | patience:  27 | lr: 0.05 | Epoch time: 0.1 |

2024-09-09 10:26:18,827 - INFO -
| Epoch:   1290 | Train loss: 1.4977e-01 | Valid loss: 1.4977e-01 | Train acc: 1.0000 ± 0.0000 | Valid acc: 1.0000 ± 0.0000 | Valid Power: 0.0013 | Train Power: 0.0013 | patience:   0 | lr: 0.05 | Epoch time: 0.1 |

2024-09-09 10:26:19,660 - INFO -
| Epoch:   1300 | Train loss: 1.4977e-01 | Valid loss: 1.4976e-01 | Train acc: 1.0000 ± 0.0000 | Valid acc: 1.0000 ± 0.0000 | Valid Power: 0.0013 | Train Power: 0.0013 | patience:   0 | lr: 0.05 | Epoch time: 0.1 |

2024-09-09 10:26:20,485 - INFO -
| Epoch:   1310 | Train loss: 1.4977e-01 | Valid loss: 1.4976e-01 | Train acc: 1.0000 ± 0.0000 | Valid acc: 1.0000 ± 0.0000 | Valid Power: 0.0013 | Train Power: 0.0013 | patience:   2 | lr: 0.05 | Epoch time: 0.1 |

2024-09-09 10:26:21,303 - INFO -
| Epoch:   1320 | Train loss: 1.4976e-01 | Valid loss: 1.4977e-01 | Train acc: 1.0000 ± 0.0000 | Valid acc: 1.0000 ± 0.0000 | Valid Power: 0.0013 | Train Power: 0.0013 | patience:   1 | lr: 0.05 | Epoch time: 0.1 |

2024-09-09 10:26:22,125 - INFO -
| Epoch:   1330 | Train loss: 1.4976e-01 | Valid loss: 1.4976e-01 | Train acc: 1.0000 ± 0.0000 | Valid acc: 1.0000 ± 0.0000 | Valid Power: 0.0013 | Train Power: 0.0013 | patience:   3 | lr: 0.05 | Epoch time: 0.1 |

2024-09-09 10:26:22,937 - INFO -
| Epoch:   1340 | Train loss: 1.4976e-01 | Valid loss: 1.4976e-01 | Train acc: 1.0000 ± 0.0000 | Valid acc: 1.0000 ± 0.0000 | Valid Power: 0.0013 | Train Power: 0.0013 | patience:  13 | lr: 0.05 | Epoch time: 0.1 |

2024-09-09 10:26:23,765 - INFO -
| Epoch:   1350 | Train loss: 1.4976e-01 | Valid loss: 1.4976e-01 | Train acc: 1.0000 ± 0.0000 | Valid acc: 1.0000 ± 0.0000 | Valid Power: 0.0013 | Train Power: 0.0013 | patience:   2 | lr: 0.05 | Epoch time: 0.1 |

2024-09-09 10:26:24,585 - INFO -
| Epoch:   1360 | Train loss: 1.4976e-01 | Valid loss: 1.4975e-01 | Train acc: 1.0000 ± 0.0000 | Valid acc: 1.0000 ± 0.0000 | Valid Power: 0.0013 | Train Power: 0.0014 | patience:   3 | lr: 0.05 | Epoch time: 0.1 |

2024-09-09 10:26:25,400 - INFO -
| Epoch:   1370 | Train loss: 1.4976e-01 | Valid loss: 1.4975e-01 | Train acc: 1.0000 ± 0.0000 | Valid acc: 1.0000 ± 0.0000 | Valid Power: 0.0013 | Train Power: 0.0013 | patience:   6 | lr: 0.05 | Epoch time: 0.1 |

2024-09-09 10:26:26,210 - INFO -
| Epoch:   1380 | Train loss: 1.4976e-01 | Valid loss: 1.4975e-01 | Train acc: 1.0000 ± 0.0000 | Valid acc: 1.0000 ± 0.0000 | Valid Power: 0.0030 | Train Power: 0.0015 | patience:  16 | lr: 0.05 | Epoch time: 0.1 |

2024-09-09 10:26:27,041 - INFO -
| Epoch:   1390 | Train loss: 1.4975e-01 | Valid loss: 1.4975e-01 | Train acc: 1.0000 ± 0.0000 | Valid acc: 1.0000 ± 0.0000 | Valid Power: 0.0016 | Train Power: 0.0015 | patience:   0 | lr: 0.05 | Epoch time: 0.1 |

2024-09-09 10:26:27,871 - INFO -
| Epoch:   1400 | Train loss: 1.4976e-01 | Valid loss: 1.4975e-01 | Train acc: 1.0000 ± 0.0000 | Valid acc: 1.0000 ± 0.0000 | Valid Power: 0.0014 | Train Power: 0.0014 | patience:   0 | lr: 0.05 | Epoch time: 0.1 |

2024-09-09 10:26:28,680 - INFO -
| Epoch:   1410 | Train loss: 1.4977e-01 | Valid loss: 1.4976e-01 | Train acc: 1.0000 ± 0.0000 | Valid acc: 1.0000 ± 0.0000 | Valid Power: 0.0018 | Train Power: 0.0014 | patience:  10 | lr: 0.05 | Epoch time: 0.1 |

2024-09-09 10:26:29,489 - INFO -
| Epoch:   1420 | Train loss: 1.4976e-01 | Valid loss: 1.4976e-01 | Train acc: 1.0000 ± 0.0000 | Valid acc: 1.0000 ± 0.0000 | Valid Power: 0.0015 | Train Power: 0.0013 | patience:  20 | lr: 0.05 | Epoch time: 0.1 |

2024-09-09 10:26:30,298 - INFO -
| Epoch:   1430 | Train loss: 1.4976e-01 | Valid loss: 1.4975e-01 | Train acc: 1.0000 ± 0.0000 | Valid acc: 1.0000 ± 0.0000 | Valid Power: 0.0014 | Train Power: 0.0014 | patience:  30 | lr: 0.05 | Epoch time: 0.1 |

2024-09-09 10:26:31,108 - INFO -
| Epoch:   1440 | Train loss: 1.4976e-01 | Valid loss: 1.4976e-01 | Train acc: 1.0000 ± 0.0000 | Valid acc: 1.0000 ± 0.0000 | Valid Power: 0.0014 | Train Power: 0.0014 | patience:  40 | lr: 0.05 | Epoch time: 0.1 |

2024-09-09 10:26:31,917 - INFO -
| Epoch:   1450 | Train loss: 1.4975e-01 | Valid loss: 1.4975e-01 | Train acc: 1.0000 ± 0.0000 | Valid acc: 1.0000 ± 0.0000 | Valid Power: 0.0014 | Train Power: 0.0014 | patience:  50 | lr: 0.05 | Epoch time: 0.1 |

2024-09-09 10:26:32,726 - INFO -
| Epoch:   1460 | Train loss: 1.4975e-01 | Valid loss: 1.4975e-01 | Train acc: 1.0000 ± 0.0000 | Valid acc: 1.0000 ± 0.0000 | Valid Power: 0.0014 | Train Power: 0.0014 | patience:  60 | lr: 0.05 | Epoch time: 0.1 |

2024-09-09 10:26:33,536 - INFO -
| Epoch:   1470 | Train loss: 1.4975e-01 | Valid loss: 1.4975e-01 | Train acc: 1.0000 ± 0.0000 | Valid acc: 1.0000 ± 0.0000 | Valid Power: 0.0015 | Train Power: 0.0031 | patience:  70 | lr: 0.05 | Epoch time: 0.1 |

2024-09-09 10:26:34,352 - INFO -
| Epoch:   1480 | Train loss: 1.4975e-01 | Valid loss: 1.4975e-01 | Train acc: 1.0000 ± 0.0000 | Valid acc: 1.0000 ± 0.0000 | Valid Power: 0.0014 | Train Power: 0.0014 | patience:   4 | lr: 0.05 | Epoch time: 0.1 |

2024-09-09 10:26:35,161 - INFO -
| Epoch:   1490 | Train loss: 1.4976e-01 | Valid loss: 1.4976e-01 | Train acc: 1.0000 ± 0.0000 | Valid acc: 1.0000 ± 0.0000 | Valid Power: 0.0014 | Train Power: 0.0014 | patience:  14 | lr: 0.05 | Epoch time: 0.1 |

2024-09-09 10:26:35,970 - INFO -
| Epoch:   1500 | Train loss: 1.4976e-01 | Valid loss: 1.4975e-01 | Train acc: 1.0000 ± 0.0000 | Valid acc: 1.0000 ± 0.0000 | Valid Power: 0.0014 | Train Power: 0.0014 | patience:  24 | lr: 0.05 | Epoch time: 0.1 |

2024-09-09 10:26:36,779 - INFO -
| Epoch:   1510 | Train loss: 1.4975e-01 | Valid loss: 1.4975e-01 | Train acc: 1.0000 ± 0.0000 | Valid acc: 1.0000 ± 0.0000 | Valid Power: 0.0013 | Train Power: 0.0014 | patience:  34 | lr: 0.05 | Epoch time: 0.1 |

2024-09-09 10:26:37,589 - INFO -
| Epoch:   1520 | Train loss: 1.4975e-01 | Valid loss: 1.4975e-01 | Train acc: 1.0000 ± 0.0000 | Valid acc: 1.0000 ± 0.0000 | Valid Power: 0.0014 | Train Power: 0.0014 | patience:  44 | lr: 0.05 | Epoch time: 0.1 |

2024-09-09 10:26:38,398 - INFO -
| Epoch:   1530 | Train loss: 1.4975e-01 | Valid loss: 1.4975e-01 | Train acc: 1.0000 ± 0.0000 | Valid acc: 1.0000 ± 0.0000 | Valid Power: 0.0014 | Train Power: 0.0014 | patience:  54 | lr: 0.05 | Epoch time: 0.1 |

2024-09-09 10:26:39,208 - INFO -
| Epoch:   1540 | Train loss: 1.4976e-01 | Valid loss: 1.4976e-01 | Train acc: 1.0000 ± 0.0000 | Valid acc: 1.0000 ± 0.0000 | Valid Power: 0.0014 | Train Power: 0.0014 | patience:  64 | lr: 0.05 | Epoch time: 0.1 |

2024-09-09 10:26:40,017 - INFO -
| Epoch:   1550 | Train loss: 1.4975e-01 | Valid loss: 1.4975e-01 | Train acc: 1.0000 ± 0.0000 | Valid acc: 1.0000 ± 0.0000 | Valid Power: 0.0014 | Train Power: 0.0014 | patience:  74 | lr: 0.05 | Epoch time: 0.1 |

2024-09-09 10:26:40,826 - INFO -
| Epoch:   1560 | Train loss: 1.4975e-01 | Valid loss: 1.4975e-01 | Train acc: 1.0000 ± 0.0000 | Valid acc: 1.0000 ± 0.0000 | Valid Power: 0.0014 | Train Power: 0.0014 | patience:  84 | lr: 0.05 | Epoch time: 0.1 |

2024-09-09 10:26:41,635 - INFO -
| Epoch:   1570 | Train loss: 1.4977e-01 | Valid loss: 1.4975e-01 | Train acc: 1.0000 ± 0.0000 | Valid acc: 1.0000 ± 0.0000 | Valid Power: 0.0016 | Train Power: 0.0013 | patience:  94 | lr: 0.05 | Epoch time: 0.1 |

2024-09-09 10:26:42,206 - INFO -
load best network to warm start training with lower lr.

2024-09-09 10:26:42,206 - INFO -
lr update to 0.025.

2024-09-09 10:26:42,450 - INFO -
| Epoch:   1580 | Train loss: 1.4977e-01 | Valid loss: 1.4978e-01 | Train acc: 1.0000 ± 0.0000 | Valid acc: 1.0000 ± 0.0000 | Valid Power: 0.0014 | Train Power: 0.0014 | patience:   3 | lr: 0.025 | Epoch time: 0.1 |

2024-09-09 10:26:43,260 - INFO -
| Epoch:   1590 | Train loss: 1.4975e-01 | Valid loss: 1.4975e-01 | Train acc: 1.0000 ± 0.0000 | Valid acc: 1.0000 ± 0.0000 | Valid Power: 0.0014 | Train Power: 0.0014 | patience:  13 | lr: 0.025 | Epoch time: 0.1 |

2024-09-09 10:26:44,070 - INFO -
| Epoch:   1600 | Train loss: 1.4976e-01 | Valid loss: 1.4975e-01 | Train acc: 1.0000 ± 0.0000 | Valid acc: 1.0000 ± 0.0000 | Valid Power: 0.0014 | Train Power: 0.0014 | patience:  23 | lr: 0.025 | Epoch time: 0.1 |

2024-09-09 10:26:44,880 - INFO -
| Epoch:   1610 | Train loss: 1.4975e-01 | Valid loss: 1.4975e-01 | Train acc: 1.0000 ± 0.0000 | Valid acc: 1.0000 ± 0.0000 | Valid Power: 0.0014 | Train Power: 0.0014 | patience:  33 | lr: 0.025 | Epoch time: 0.1 |

2024-09-09 10:26:45,698 - INFO -
| Epoch:   1620 | Train loss: 1.4975e-01 | Valid loss: 1.4975e-01 | Train acc: 1.0000 ± 0.0000 | Valid acc: 1.0000 ± 0.0000 | Valid Power: 0.0014 | Train Power: 0.0014 | patience:   7 | lr: 0.025 | Epoch time: 0.1 |

2024-09-09 10:26:46,508 - INFO -
| Epoch:   1630 | Train loss: 1.4975e-01 | Valid loss: 1.4975e-01 | Train acc: 1.0000 ± 0.0000 | Valid acc: 1.0000 ± 0.0000 | Valid Power: 0.0014 | Train Power: 0.0014 | patience:  17 | lr: 0.025 | Epoch time: 0.1 |

2024-09-09 10:26:47,325 - INFO -
| Epoch:   1640 | Train loss: 1.4975e-01 | Valid loss: 1.4975e-01 | Train acc: 1.0000 ± 0.0000 | Valid acc: 1.0000 ± 0.0000 | Valid Power: 0.0014 | Train Power: 0.0014 | patience:   7 | lr: 0.025 | Epoch time: 0.1 |

2024-09-09 10:26:48,146 - INFO -
| Epoch:   1650 | Train loss: 1.4975e-01 | Valid loss: 1.4975e-01 | Train acc: 1.0000 ± 0.0000 | Valid acc: 1.0000 ± 0.0000 | Valid Power: 0.0014 | Train Power: 0.0014 | patience:   7 | lr: 0.025 | Epoch time: 0.1 |

2024-09-09 10:26:48,964 - INFO -
| Epoch:   1660 | Train loss: 1.4975e-01 | Valid loss: 1.4975e-01 | Train acc: 1.0000 ± 0.0000 | Valid acc: 1.0000 ± 0.0000 | Valid Power: 0.0014 | Train Power: 0.0014 | patience:   2 | lr: 0.025 | Epoch time: 0.1 |

2024-09-09 10:26:49,779 - INFO -
| Epoch:   1670 | Train loss: 1.4975e-01 | Valid loss: 1.4975e-01 | Train acc: 1.0000 ± 0.0000 | Valid acc: 1.0000 ± 0.0000 | Valid Power: 0.0014 | Train Power: 0.0014 | patience:  12 | lr: 0.025 | Epoch time: 0.1 |

2024-09-09 10:26:50,572 - INFO -
| Epoch:   1680 | Train loss: 1.4975e-01 | Valid loss: 1.4975e-01 | Train acc: 1.0000 ± 0.0000 | Valid acc: 1.0000 ± 0.0000 | Valid Power: 0.0014 | Train Power: 0.0014 | patience:  22 | lr: 0.025 | Epoch time: 0.1 |

2024-09-09 10:26:51,379 - INFO -
| Epoch:   1690 | Train loss: 1.4975e-01 | Valid loss: 1.4975e-01 | Train acc: 1.0000 ± 0.0000 | Valid acc: 1.0000 ± 0.0000 | Valid Power: 0.0014 | Train Power: 0.0014 | patience:  32 | lr: 0.025 | Epoch time: 0.1 |

2024-09-09 10:26:52,191 - INFO -
| Epoch:   1700 | Train loss: 1.4975e-01 | Valid loss: 1.4975e-01 | Train acc: 1.0000 ± 0.0000 | Valid acc: 1.0000 ± 0.0000 | Valid Power: 0.0014 | Train Power: 0.0014 | patience:  42 | lr: 0.025 | Epoch time: 0.1 |

2024-09-09 10:26:52,966 - INFO -
| Epoch:   1710 | Train loss: 1.4975e-01 | Valid loss: 1.4975e-01 | Train acc: 1.0000 ± 0.0000 | Valid acc: 1.0000 ± 0.0000 | Valid Power: 0.0014 | Train Power: 0.0014 | patience:  52 | lr: 0.025 | Epoch time: 0.1 |

2024-09-09 10:26:53,747 - INFO -
| Epoch:   1720 | Train loss: 1.4975e-01 | Valid loss: 1.4975e-01 | Train acc: 1.0000 ± 0.0000 | Valid acc: 1.0000 ± 0.0000 | Valid Power: 0.0025 | Train Power: 0.0015 | patience:   0 | lr: 0.025 | Epoch time: 0.1 |

2024-09-09 10:26:54,519 - INFO -
| Epoch:   1730 | Train loss: 1.4975e-01 | Valid loss: 1.4975e-01 | Train acc: 1.0000 ± 0.0000 | Valid acc: 1.0000 ± 0.0000 | Valid Power: 0.0014 | Train Power: 0.0014 | patience:  10 | lr: 0.025 | Epoch time: 0.1 |

2024-09-09 10:26:55,300 - INFO -
| Epoch:   1740 | Train loss: 1.4975e-01 | Valid loss: 1.4975e-01 | Train acc: 1.0000 ± 0.0000 | Valid acc: 1.0000 ± 0.0000 | Valid Power: 0.0014 | Train Power: 0.0014 | patience:   6 | lr: 0.025 | Epoch time: 0.1 |

2024-09-09 10:26:56,073 - INFO -
| Epoch:   1750 | Train loss: 1.4975e-01 | Valid loss: 1.4975e-01 | Train acc: 1.0000 ± 0.0000 | Valid acc: 1.0000 ± 0.0000 | Valid Power: 0.0014 | Train Power: 0.0014 | patience:  16 | lr: 0.025 | Epoch time: 0.1 |

2024-09-09 10:26:56,848 - INFO -
| Epoch:   1760 | Train loss: 1.4975e-01 | Valid loss: 1.4975e-01 | Train acc: 1.0000 ± 0.0000 | Valid acc: 1.0000 ± 0.0000 | Valid Power: 0.0014 | Train Power: 0.0014 | patience:  26 | lr: 0.025 | Epoch time: 0.1 |

2024-09-09 10:26:57,623 - INFO -
| Epoch:   1770 | Train loss: 1.4975e-01 | Valid loss: 1.4975e-01 | Train acc: 1.0000 ± 0.0000 | Valid acc: 1.0000 ± 0.0000 | Valid Power: 0.0014 | Train Power: 0.0014 | patience:  36 | lr: 0.025 | Epoch time: 0.1 |

2024-09-09 10:26:58,396 - INFO -
| Epoch:   1780 | Train loss: 1.4975e-01 | Valid loss: 1.4975e-01 | Train acc: 1.0000 ± 0.0000 | Valid acc: 1.0000 ± 0.0000 | Valid Power: 0.0014 | Train Power: 0.0014 | patience:  46 | lr: 0.025 | Epoch time: 0.1 |

2024-09-09 10:26:59,169 - INFO -
| Epoch:   1790 | Train loss: 1.4975e-01 | Valid loss: 1.4975e-01 | Train acc: 1.0000 ± 0.0000 | Valid acc: 1.0000 ± 0.0000 | Valid Power: 0.0014 | Train Power: 0.0014 | patience:  56 | lr: 0.025 | Epoch time: 0.1 |

2024-09-09 10:26:59,941 - INFO -
| Epoch:   1800 | Train loss: 1.4975e-01 | Valid loss: 1.4975e-01 | Train acc: 1.0000 ± 0.0000 | Valid acc: 1.0000 ± 0.0000 | Valid Power: 0.0014 | Train Power: 0.0014 | patience:  66 | lr: 0.025 | Epoch time: 0.1 |

2024-09-09 10:27:00,715 - INFO -
| Epoch:   1810 | Train loss: 1.4975e-01 | Valid loss: 1.4975e-01 | Train acc: 1.0000 ± 0.0000 | Valid acc: 1.0000 ± 0.0000 | Valid Power: 0.0015 | Train Power: 0.0014 | patience:  76 | lr: 0.025 | Epoch time: 0.1 |

2024-09-09 10:27:01,496 - INFO -
| Epoch:   1820 | Train loss: 1.4975e-01 | Valid loss: 1.4975e-01 | Train acc: 1.0000 ± 0.0000 | Valid acc: 1.0000 ± 0.0000 | Valid Power: 0.0014 | Train Power: 0.0014 | patience:   4 | lr: 0.025 | Epoch time: 0.1 |

2024-09-09 10:27:02,278 - INFO -
| Epoch:   1830 | Train loss: 1.4975e-01 | Valid loss: 1.4975e-01 | Train acc: 1.0000 ± 0.0000 | Valid acc: 1.0000 ± 0.0000 | Valid Power: 0.0014 | Train Power: 0.0014 | patience:  14 | lr: 0.025 | Epoch time: 0.1 |

2024-09-09 10:27:03,048 - INFO -
| Epoch:   1840 | Train loss: 1.4975e-01 | Valid loss: 1.4975e-01 | Train acc: 1.0000 ± 0.0000 | Valid acc: 1.0000 ± 0.0000 | Valid Power: 0.0014 | Train Power: 0.0014 | patience:  24 | lr: 0.025 | Epoch time: 0.1 |

2024-09-09 10:27:03,809 - INFO -
| Epoch:   1850 | Train loss: 1.4975e-01 | Valid loss: 1.4975e-01 | Train acc: 1.0000 ± 0.0000 | Valid acc: 1.0000 ± 0.0000 | Valid Power: 0.0017 | Train Power: 0.0020 | patience:  34 | lr: 0.025 | Epoch time: 0.1 |

2024-09-09 10:27:04,570 - INFO -
| Epoch:   1860 | Train loss: 1.4975e-01 | Valid loss: 1.4975e-01 | Train acc: 1.0000 ± 0.0000 | Valid acc: 1.0000 ± 0.0000 | Valid Power: 0.0014 | Train Power: 0.0015 | patience:  44 | lr: 0.025 | Epoch time: 0.1 |

2024-09-09 10:27:05,334 - INFO -
| Epoch:   1870 | Train loss: 1.4975e-01 | Valid loss: 1.4975e-01 | Train acc: 1.0000 ± 0.0000 | Valid acc: 1.0000 ± 0.0000 | Valid Power: 0.0014 | Train Power: 0.0014 | patience:  54 | lr: 0.025 | Epoch time: 0.1 |

2024-09-09 10:27:06,096 - INFO -
| Epoch:   1880 | Train loss: 1.4975e-01 | Valid loss: 1.4975e-01 | Train acc: 1.0000 ± 0.0000 | Valid acc: 1.0000 ± 0.0000 | Valid Power: 0.0014 | Train Power: 0.0014 | patience:  64 | lr: 0.025 | Epoch time: 0.1 |

2024-09-09 10:27:06,853 - INFO -
| Epoch:   1890 | Train loss: 1.4975e-01 | Valid loss: 1.4975e-01 | Train acc: 1.0000 ± 0.0000 | Valid acc: 1.0000 ± 0.0000 | Valid Power: 0.0016 | Train Power: 0.0040 | patience:  74 | lr: 0.025 | Epoch time: 0.1 |

2024-09-09 10:27:07,610 - INFO -
| Epoch:   1900 | Train loss: 1.4976e-01 | Valid loss: 1.4975e-01 | Train acc: 1.0000 ± 0.0000 | Valid acc: 1.0000 ± 0.0000 | Valid Power: 0.0014 | Train Power: 0.0014 | patience:  84 | lr: 0.025 | Epoch time: 0.1 |

2024-09-09 10:27:08,370 - INFO -
| Epoch:   1910 | Train loss: 1.4975e-01 | Valid loss: 1.4975e-01 | Train acc: 1.0000 ± 0.0000 | Valid acc: 1.0000 ± 0.0000 | Valid Power: 0.0014 | Train Power: 0.0014 | patience:   9 | lr: 0.025 | Epoch time: 0.1 |

2024-09-09 10:27:09,124 - INFO -
| Epoch:   1920 | Train loss: 1.4975e-01 | Valid loss: 1.4975e-01 | Train acc: 1.0000 ± 0.0000 | Valid acc: 1.0000 ± 0.0000 | Valid Power: 0.0014 | Train Power: 0.0014 | patience:  19 | lr: 0.025 | Epoch time: 0.1 |

2024-09-09 10:27:09,877 - INFO -
| Epoch:   1930 | Train loss: 1.4975e-01 | Valid loss: 1.4975e-01 | Train acc: 1.0000 ± 0.0000 | Valid acc: 1.0000 ± 0.0000 | Valid Power: 0.0014 | Train Power: 0.0014 | patience:  29 | lr: 0.025 | Epoch time: 0.1 |

2024-09-09 10:27:10,634 - INFO -
| Epoch:   1940 | Train loss: 1.4975e-01 | Valid loss: 1.4975e-01 | Train acc: 1.0000 ± 0.0000 | Valid acc: 1.0000 ± 0.0000 | Valid Power: 0.0014 | Train Power: 0.0014 | patience:  39 | lr: 0.025 | Epoch time: 0.1 |

2024-09-09 10:27:11,387 - INFO -
| Epoch:   1950 | Train loss: 1.4975e-01 | Valid loss: 1.4975e-01 | Train acc: 1.0000 ± 0.0000 | Valid acc: 1.0000 ± 0.0000 | Valid Power: 0.0014 | Train Power: 0.0014 | patience:  49 | lr: 0.025 | Epoch time: 0.1 |

2024-09-09 10:27:12,139 - INFO -
| Epoch:   1960 | Train loss: 1.4975e-01 | Valid loss: 1.4975e-01 | Train acc: 1.0000 ± 0.0000 | Valid acc: 1.0000 ± 0.0000 | Valid Power: 0.0014 | Train Power: 0.0014 | patience:  59 | lr: 0.025 | Epoch time: 0.1 |

2024-09-09 10:27:12,891 - INFO -
| Epoch:   1970 | Train loss: 1.4975e-01 | Valid loss: 1.4975e-01 | Train acc: 1.0000 ± 0.0000 | Valid acc: 1.0000 ± 0.0000 | Valid Power: 0.0014 | Train Power: 0.0014 | patience:  69 | lr: 0.025 | Epoch time: 0.1 |

2024-09-09 10:27:13,642 - INFO -
| Epoch:   1980 | Train loss: 1.4975e-01 | Valid loss: 1.4975e-01 | Train acc: 1.0000 ± 0.0000 | Valid acc: 1.0000 ± 0.0000 | Valid Power: 0.0014 | Train Power: 0.0014 | patience:  79 | lr: 0.025 | Epoch time: 0.1 |

2024-09-09 10:27:14,399 - INFO -
| Epoch:   1990 | Train loss: 1.4975e-01 | Valid loss: 1.4975e-01 | Train acc: 1.0000 ± 0.0000 | Valid acc: 1.0000 ± 0.0000 | Valid Power: 0.0014 | Train Power: 0.0014 | patience:   2 | lr: 0.025 | Epoch time: 0.1 |

2024-09-09 10:27:15,150 - INFO -
| Epoch:   2000 | Train loss: 1.4975e-01 | Valid loss: 1.4975e-01 | Train acc: 1.0000 ± 0.0000 | Valid acc: 1.0000 ± 0.0000 | Valid Power: 0.0014 | Train Power: 0.0014 | patience:  12 | lr: 0.025 | Epoch time: 0.1 |

2024-09-09 10:27:15,901 - INFO -
| Epoch:   2010 | Train loss: 1.4975e-01 | Valid loss: 1.4975e-01 | Train acc: 1.0000 ± 0.0000 | Valid acc: 1.0000 ± 0.0000 | Valid Power: 0.0014 | Train Power: 0.0015 | patience:  22 | lr: 0.025 | Epoch time: 0.1 |

2024-09-09 10:27:16,655 - INFO -
| Epoch:   2020 | Train loss: 1.4975e-01 | Valid loss: 1.4975e-01 | Train acc: 1.0000 ± 0.0000 | Valid acc: 1.0000 ± 0.0000 | Valid Power: 0.0014 | Train Power: 0.0015 | patience:  32 | lr: 0.025 | Epoch time: 0.1 |

2024-09-09 10:27:17,407 - INFO -
| Epoch:   2030 | Train loss: 1.4975e-01 | Valid loss: 1.4975e-01 | Train acc: 1.0000 ± 0.0000 | Valid acc: 1.0000 ± 0.0000 | Valid Power: 0.0015 | Train Power: 0.0015 | patience:  42 | lr: 0.025 | Epoch time: 0.1 |

2024-09-09 10:27:18,160 - INFO -
| Epoch:   2040 | Train loss: 1.4975e-01 | Valid loss: 1.4975e-01 | Train acc: 1.0000 ± 0.0000 | Valid acc: 1.0000 ± 0.0000 | Valid Power: 0.0015 | Train Power: 0.0015 | patience:  52 | lr: 0.025 | Epoch time: 0.1 |

2024-09-09 10:27:18,912 - INFO -
| Epoch:   2050 | Train loss: 1.4975e-01 | Valid loss: 1.4975e-01 | Train acc: 1.0000 ± 0.0000 | Valid acc: 1.0000 ± 0.0000 | Valid Power: 0.0015 | Train Power: 0.0015 | patience:  62 | lr: 0.025 | Epoch time: 0.1 |

2024-09-09 10:27:19,664 - INFO -
| Epoch:   2060 | Train loss: 1.4975e-01 | Valid loss: 1.4975e-01 | Train acc: 1.0000 ± 0.0000 | Valid acc: 1.0000 ± 0.0000 | Valid Power: 0.0015 | Train Power: 0.0015 | patience:  72 | lr: 0.025 | Epoch time: 0.1 |

2024-09-09 10:27:20,416 - INFO -
| Epoch:   2070 | Train loss: 1.4975e-01 | Valid loss: 1.4975e-01 | Train acc: 1.0000 ± 0.0000 | Valid acc: 1.0000 ± 0.0000 | Valid Power: 0.0015 | Train Power: 0.0015 | patience:  82 | lr: 0.025 | Epoch time: 0.1 |

2024-09-09 10:27:21,167 - INFO -
| Epoch:   2080 | Train loss: 1.4975e-01 | Valid loss: 1.4975e-01 | Train acc: 1.0000 ± 0.0000 | Valid acc: 1.0000 ± 0.0000 | Valid Power: 0.0015 | Train Power: 0.0015 | patience:  92 | lr: 0.025 | Epoch time: 0.1 |

2024-09-09 10:27:21,848 - INFO -
load best network to warm start training with lower lr.

2024-09-09 10:27:21,848 - INFO -
lr update to 0.0125.

2024-09-09 10:27:21,923 - INFO -
| Epoch:   2090 | Train loss: 1.4975e-01 | Valid loss: 1.4977e-01 | Train acc: 1.0000 ± 0.0000 | Valid acc: 1.0000 ± 0.0000 | Valid Power: 0.0014 | Train Power: 0.0014 | patience:   1 | lr: 0.0125 | Epoch time: 0.1 |

2024-09-09 10:27:22,674 - INFO -
| Epoch:   2100 | Train loss: 1.4976e-01 | Valid loss: 1.4975e-01 | Train acc: 1.0000 ± 0.0000 | Valid acc: 1.0000 ± 0.0000 | Valid Power: 0.0014 | Train Power: 0.0014 | patience:  11 | lr: 0.0125 | Epoch time: 0.1 |

2024-09-09 10:27:23,427 - INFO -
| Epoch:   2110 | Train loss: 1.4975e-01 | Valid loss: 1.4975e-01 | Train acc: 1.0000 ± 0.0000 | Valid acc: 1.0000 ± 0.0000 | Valid Power: 0.0014 | Train Power: 0.0014 | patience:  21 | lr: 0.0125 | Epoch time: 0.1 |

2024-09-09 10:27:24,181 - INFO -
| Epoch:   2120 | Train loss: 1.4975e-01 | Valid loss: 1.4975e-01 | Train acc: 1.0000 ± 0.0000 | Valid acc: 1.0000 ± 0.0000 | Valid Power: 0.0014 | Train Power: 0.0014 | patience:  31 | lr: 0.0125 | Epoch time: 0.1 |

2024-09-09 10:27:24,935 - INFO -
| Epoch:   2130 | Train loss: 1.4975e-01 | Valid loss: 1.4975e-01 | Train acc: 1.0000 ± 0.0000 | Valid acc: 1.0000 ± 0.0000 | Valid Power: 0.0014 | Train Power: 0.0014 | patience:  41 | lr: 0.0125 | Epoch time: 0.1 |

2024-09-09 10:27:25,688 - INFO -
| Epoch:   2140 | Train loss: 1.4975e-01 | Valid loss: 1.4975e-01 | Train acc: 1.0000 ± 0.0000 | Valid acc: 1.0000 ± 0.0000 | Valid Power: 0.0014 | Train Power: 0.0014 | patience:  51 | lr: 0.0125 | Epoch time: 0.1 |

2024-09-09 10:27:26,441 - INFO -
| Epoch:   2150 | Train loss: 1.4975e-01 | Valid loss: 1.4975e-01 | Train acc: 1.0000 ± 0.0000 | Valid acc: 1.0000 ± 0.0000 | Valid Power: 0.0014 | Train Power: 0.0014 | patience:  61 | lr: 0.0125 | Epoch time: 0.1 |

2024-09-09 10:27:27,196 - INFO -
| Epoch:   2160 | Train loss: 1.4975e-01 | Valid loss: 1.4975e-01 | Train acc: 1.0000 ± 0.0000 | Valid acc: 1.0000 ± 0.0000 | Valid Power: 0.0014 | Train Power: 0.0014 | patience:  71 | lr: 0.0125 | Epoch time: 0.1 |

2024-09-09 10:27:27,948 - INFO -
| Epoch:   2170 | Train loss: 1.4975e-01 | Valid loss: 1.4975e-01 | Train acc: 1.0000 ± 0.0000 | Valid acc: 1.0000 ± 0.0000 | Valid Power: 0.0018 | Train Power: 0.0017 | patience:  81 | lr: 0.0125 | Epoch time: 0.1 |

2024-09-09 10:27:28,704 - INFO -
| Epoch:   2180 | Train loss: 1.4975e-01 | Valid loss: 1.4975e-01 | Train acc: 1.0000 ± 0.0000 | Valid acc: 1.0000 ± 0.0000 | Valid Power: 0.0021 | Train Power: 0.0022 | patience:  91 | lr: 0.0125 | Epoch time: 0.1 |

2024-09-09 10:27:29,460 - INFO -
load best network to warm start training with lower lr.

2024-09-09 10:27:29,460 - INFO -
lr update to 0.00625.

2024-09-09 10:27:29,460 - INFO -
| Epoch:   2190 | Train loss: 1.4975e-01 | Valid loss: 1.4975e-01 | Train acc: 1.0000 ± 0.0000 | Valid acc: 1.0000 ± 0.0000 | Valid Power: 0.0017 | Train Power: 0.0017 | patience:   0 | lr: 0.00625 | Epoch time: 0.1 |

2024-09-09 10:27:30,213 - INFO -
| Epoch:   2200 | Train loss: 1.4975e-01 | Valid loss: 1.4975e-01 | Train acc: 1.0000 ± 0.0000 | Valid acc: 1.0000 ± 0.0000 | Valid Power: 0.0014 | Train Power: 0.0085 | patience:  10 | lr: 0.00625 | Epoch time: 0.1 |

2024-09-09 10:27:30,966 - INFO -
| Epoch:   2210 | Train loss: 1.4975e-01 | Valid loss: 1.4975e-01 | Train acc: 1.0000 ± 0.0000 | Valid acc: 1.0000 ± 0.0000 | Valid Power: 0.0014 | Train Power: 0.0014 | patience:  20 | lr: 0.00625 | Epoch time: 0.1 |

2024-09-09 10:27:31,719 - INFO -
| Epoch:   2220 | Train loss: 1.4975e-01 | Valid loss: 1.4975e-01 | Train acc: 1.0000 ± 0.0000 | Valid acc: 1.0000 ± 0.0000 | Valid Power: 0.0014 | Train Power: 0.0014 | patience:  30 | lr: 0.00625 | Epoch time: 0.1 |

2024-09-09 10:27:32,472 - INFO -
| Epoch:   2230 | Train loss: 1.4975e-01 | Valid loss: 1.4975e-01 | Train acc: 1.0000 ± 0.0000 | Valid acc: 1.0000 ± 0.0000 | Valid Power: 0.0014 | Train Power: 0.0014 | patience:  40 | lr: 0.00625 | Epoch time: 0.1 |

2024-09-09 10:27:33,226 - INFO -
| Epoch:   2240 | Train loss: 1.4975e-01 | Valid loss: 1.4975e-01 | Train acc: 1.0000 ± 0.0000 | Valid acc: 1.0000 ± 0.0000 | Valid Power: 0.0014 | Train Power: 0.0014 | patience:  50 | lr: 0.00625 | Epoch time: 0.1 |

2024-09-09 10:27:33,980 - INFO -
| Epoch:   2250 | Train loss: 1.4975e-01 | Valid loss: 1.4975e-01 | Train acc: 1.0000 ± 0.0000 | Valid acc: 1.0000 ± 0.0000 | Valid Power: 0.0014 | Train Power: 0.0014 | patience:  60 | lr: 0.00625 | Epoch time: 0.1 |

2024-09-09 10:27:34,735 - INFO -
| Epoch:   2260 | Train loss: 1.4975e-01 | Valid loss: 1.4975e-01 | Train acc: 1.0000 ± 0.0000 | Valid acc: 1.0000 ± 0.0000 | Valid Power: 0.0014 | Train Power: 0.0014 | patience:  70 | lr: 0.00625 | Epoch time: 0.1 |

2024-09-09 10:27:35,489 - INFO -
| Epoch:   2270 | Train loss: 1.4975e-01 | Valid loss: 1.4975e-01 | Train acc: 1.0000 ± 0.0000 | Valid acc: 1.0000 ± 0.0000 | Valid Power: 0.0014 | Train Power: 0.0014 | patience:  80 | lr: 0.00625 | Epoch time: 0.1 |

2024-09-09 10:27:36,244 - INFO -
| Epoch:   2280 | Train loss: 1.4975e-01 | Valid loss: 1.4975e-01 | Train acc: 1.0000 ± 0.0000 | Valid acc: 1.0000 ± 0.0000 | Valid Power: 0.0014 | Train Power: 0.0014 | patience:  90 | lr: 0.00625 | Epoch time: 0.1 |

2024-09-09 10:27:36,997 - INFO -
| Epoch:   2290 | Train loss: 1.4975e-01 | Valid loss: 1.4975e-01 | Train acc: 1.0000 ± 0.0000 | Valid acc: 1.0000 ± 0.0000 | Valid Power: 0.0014 | Train Power: 0.0014 | patience: 100 | lr: 0.00625 | Epoch time: 0.1 |

2024-09-09 10:27:37,076 - INFO -
load best network to warm start training with lower lr.

2024-09-09 10:27:37,076 - INFO -
lr update to 0.003125.

2024-09-09 10:27:37,755 - INFO -
| Epoch:   2300 | Train loss: 1.4975e-01 | Valid loss: 1.4975e-01 | Train acc: 1.0000 ± 0.0000 | Valid acc: 1.0000 ± 0.0000 | Valid Power: 0.0014 | Train Power: 0.0014 | patience:   9 | lr: 0.003125 | Epoch time: 0.1 |

2024-09-09 10:27:38,510 - INFO -
| Epoch:   2310 | Train loss: 1.4975e-01 | Valid loss: 1.4975e-01 | Train acc: 1.0000 ± 0.0000 | Valid acc: 1.0000 ± 0.0000 | Valid Power: 0.0014 | Train Power: 0.0014 | patience:  19 | lr: 0.003125 | Epoch time: 0.1 |

2024-09-09 10:27:39,256 - INFO -
| Epoch:   2320 | Train loss: 1.4975e-01 | Valid loss: 1.4975e-01 | Train acc: 1.0000 ± 0.0000 | Valid acc: 1.0000 ± 0.0000 | Valid Power: 0.0016 | Train Power: 0.0014 | patience:  29 | lr: 0.003125 | Epoch time: 0.1 |

2024-09-09 10:27:39,949 - INFO -
| Epoch:   2330 | Train loss: 1.4975e-01 | Valid loss: 1.4975e-01 | Train acc: 1.0000 ± 0.0000 | Valid acc: 1.0000 ± 0.0000 | Valid Power: 0.0014 | Train Power: 0.0014 | patience:  39 | lr: 0.003125 | Epoch time: 0.1 |

2024-09-09 10:27:40,641 - INFO -
| Epoch:   2340 | Train loss: 1.4975e-01 | Valid loss: 1.4975e-01 | Train acc: 1.0000 ± 0.0000 | Valid acc: 1.0000 ± 0.0000 | Valid Power: 0.0014 | Train Power: 0.0014 | patience:  49 | lr: 0.003125 | Epoch time: 0.1 |

2024-09-09 10:27:41,334 - INFO -
| Epoch:   2350 | Train loss: 1.4975e-01 | Valid loss: 1.4975e-01 | Train acc: 1.0000 ± 0.0000 | Valid acc: 1.0000 ± 0.0000 | Valid Power: 0.0014 | Train Power: 0.0014 | patience:  59 | lr: 0.003125 | Epoch time: 0.1 |

2024-09-09 10:27:42,027 - INFO -
| Epoch:   2360 | Train loss: 1.4975e-01 | Valid loss: 1.4975e-01 | Train acc: 1.0000 ± 0.0000 | Valid acc: 1.0000 ± 0.0000 | Valid Power: 0.0014 | Train Power: 0.0014 | patience:  69 | lr: 0.003125 | Epoch time: 0.1 |

2024-09-09 10:27:42,714 - INFO -
| Epoch:   2370 | Train loss: 1.4975e-01 | Valid loss: 1.4975e-01 | Train acc: 1.0000 ± 0.0000 | Valid acc: 1.0000 ± 0.0000 | Valid Power: 0.0014 | Train Power: 0.0014 | patience:  79 | lr: 0.003125 | Epoch time: 0.1 |

2024-09-09 10:27:43,407 - INFO -
| Epoch:   2380 | Train loss: 1.4975e-01 | Valid loss: 1.4975e-01 | Train acc: 1.0000 ± 0.0000 | Valid acc: 1.0000 ± 0.0000 | Valid Power: 0.0014 | Train Power: 0.0014 | patience:  89 | lr: 0.003125 | Epoch time: 0.1 |

2024-09-09 10:27:44,103 - INFO -
| Epoch:   2390 | Train loss: 1.4975e-01 | Valid loss: 1.4975e-01 | Train acc: 1.0000 ± 0.0000 | Valid acc: 1.0000 ± 0.0000 | Valid Power: 0.0014 | Train Power: 0.0014 | patience:  99 | lr: 0.003125 | Epoch time: 0.1 |

2024-09-09 10:27:44,244 - INFO -
load best network to warm start training with lower lr.

2024-09-09 10:27:44,244 - INFO -
lr update to 0.0015625.

2024-09-09 10:27:44,800 - INFO -
| Epoch:   2400 | Train loss: 1.4975e-01 | Valid loss: 1.4975e-01 | Train acc: 1.0000 ± 0.0000 | Valid acc: 1.0000 ± 0.0000 | Valid Power: 0.0014 | Train Power: 0.0014 | patience:   8 | lr: 0.0015625 | Epoch time: 0.1 |

2024-09-09 10:27:45,498 - INFO -
| Epoch:   2410 | Train loss: 1.4975e-01 | Valid loss: 1.4975e-01 | Train acc: 1.0000 ± 0.0000 | Valid acc: 1.0000 ± 0.0000 | Valid Power: 0.0014 | Train Power: 0.0014 | patience:  18 | lr: 0.0015625 | Epoch time: 0.1 |

2024-09-09 10:27:46,190 - INFO -
| Epoch:   2420 | Train loss: 1.4975e-01 | Valid loss: 1.4975e-01 | Train acc: 1.0000 ± 0.0000 | Valid acc: 1.0000 ± 0.0000 | Valid Power: 0.0026 | Train Power: 0.0020 | patience:  28 | lr: 0.0015625 | Epoch time: 0.1 |

2024-09-09 10:27:46,882 - INFO -
| Epoch:   2430 | Train loss: 1.4975e-01 | Valid loss: 1.4975e-01 | Train acc: 1.0000 ± 0.0000 | Valid acc: 1.0000 ± 0.0000 | Valid Power: 0.0017 | Train Power: 0.0017 | patience:  38 | lr: 0.0015625 | Epoch time: 0.1 |

2024-09-09 10:27:47,574 - INFO -
| Epoch:   2440 | Train loss: 1.4975e-01 | Valid loss: 1.4975e-01 | Train acc: 1.0000 ± 0.0000 | Valid acc: 1.0000 ± 0.0000 | Valid Power: 0.0015 | Train Power: 0.0015 | patience:  48 | lr: 0.0015625 | Epoch time: 0.1 |

2024-09-09 10:27:48,266 - INFO -
| Epoch:   2450 | Train loss: 1.4975e-01 | Valid loss: 1.4975e-01 | Train acc: 1.0000 ± 0.0000 | Valid acc: 1.0000 ± 0.0000 | Valid Power: 0.0015 | Train Power: 0.0015 | patience:  58 | lr: 0.0015625 | Epoch time: 0.1 |

2024-09-09 10:27:48,955 - INFO -
| Epoch:   2460 | Train loss: 1.4975e-01 | Valid loss: 1.4975e-01 | Train acc: 1.0000 ± 0.0000 | Valid acc: 1.0000 ± 0.0000 | Valid Power: 0.0015 | Train Power: 0.0015 | patience:  68 | lr: 0.0015625 | Epoch time: 0.1 |

2024-09-09 10:27:49,645 - INFO -
| Epoch:   2470 | Train loss: 1.4975e-01 | Valid loss: 1.4975e-01 | Train acc: 1.0000 ± 0.0000 | Valid acc: 1.0000 ± 0.0000 | Valid Power: 0.0015 | Train Power: 0.0015 | patience:  78 | lr: 0.0015625 | Epoch time: 0.1 |

2024-09-09 10:27:50,328 - INFO -
| Epoch:   2480 | Train loss: 1.4975e-01 | Valid loss: 1.4975e-01 | Train acc: 1.0000 ± 0.0000 | Valid acc: 1.0000 ± 0.0000 | Valid Power: 0.0015 | Train Power: 0.0015 | patience:  88 | lr: 0.0015625 | Epoch time: 0.1 |

2024-09-09 10:27:51,014 - INFO -
| Epoch:   2490 | Train loss: 1.4975e-01 | Valid loss: 1.4975e-01 | Train acc: 1.0000 ± 0.0000 | Valid acc: 1.0000 ± 0.0000 | Valid Power: 0.0015 | Train Power: 0.0015 | patience:  98 | lr: 0.0015625 | Epoch time: 0.1 |

2024-09-09 10:27:51,224 - INFO -
load best network to warm start training with lower lr.

2024-09-09 10:27:51,224 - INFO -
lr update to 0.00078125.

2024-09-09 10:27:51,714 - INFO -
| Epoch:   2500 | Train loss: 1.4975e-01 | Valid loss: 1.4975e-01 | Train acc: 1.0000 ± 0.0000 | Valid acc: 1.0000 ± 0.0000 | Valid Power: 0.0014 | Train Power: 0.0014 | patience:   6 | lr: 0.00078125 | Epoch time: 0.1 |

2024-09-09 10:27:52,405 - INFO -
| Epoch:   2510 | Train loss: 1.4975e-01 | Valid loss: 1.4975e-01 | Train acc: 1.0000 ± 0.0000 | Valid acc: 1.0000 ± 0.0000 | Valid Power: 0.0014 | Train Power: 0.0014 | patience:  16 | lr: 0.00078125 | Epoch time: 0.1 |

2024-09-09 10:27:53,097 - INFO -
| Epoch:   2520 | Train loss: 1.4975e-01 | Valid loss: 1.4975e-01 | Train acc: 1.0000 ± 0.0000 | Valid acc: 1.0000 ± 0.0000 | Valid Power: 0.0014 | Train Power: 0.0014 | patience:  26 | lr: 0.00078125 | Epoch time: 0.1 |

2024-09-09 10:27:53,789 - INFO -
| Epoch:   2530 | Train loss: 1.4975e-01 | Valid loss: 1.4975e-01 | Train acc: 1.0000 ± 0.0000 | Valid acc: 1.0000 ± 0.0000 | Valid Power: 0.0014 | Train Power: 0.0014 | patience:  36 | lr: 0.00078125 | Epoch time: 0.1 |

2024-09-09 10:27:54,479 - INFO -
| Epoch:   2540 | Train loss: 1.4975e-01 | Valid loss: 1.4975e-01 | Train acc: 1.0000 ± 0.0000 | Valid acc: 1.0000 ± 0.0000 | Valid Power: 0.0014 | Train Power: 0.0014 | patience:  46 | lr: 0.00078125 | Epoch time: 0.1 |

2024-09-09 10:27:55,171 - INFO -
| Epoch:   2550 | Train loss: 1.4975e-01 | Valid loss: 1.4975e-01 | Train acc: 1.0000 ± 0.0000 | Valid acc: 1.0000 ± 0.0000 | Valid Power: 0.0014 | Train Power: 0.0014 | patience:  56 | lr: 0.00078125 | Epoch time: 0.1 |

2024-09-09 10:27:55,859 - INFO -
| Epoch:   2560 | Train loss: 1.4975e-01 | Valid loss: 1.4975e-01 | Train acc: 1.0000 ± 0.0000 | Valid acc: 1.0000 ± 0.0000 | Valid Power: 0.0014 | Train Power: 0.0014 | patience:  66 | lr: 0.00078125 | Epoch time: 0.1 |

2024-09-09 10:27:56,543 - INFO -
| Epoch:   2570 | Train loss: 1.4975e-01 | Valid loss: 1.4975e-01 | Train acc: 1.0000 ± 0.0000 | Valid acc: 1.0000 ± 0.0000 | Valid Power: 0.0014 | Train Power: 0.0014 | patience:  76 | lr: 0.00078125 | Epoch time: 0.1 |

2024-09-09 10:27:57,227 - INFO -
| Epoch:   2580 | Train loss: 1.4975e-01 | Valid loss: 1.4975e-01 | Train acc: 1.0000 ± 0.0000 | Valid acc: 1.0000 ± 0.0000 | Valid Power: 0.0014 | Train Power: 0.0014 | patience:  86 | lr: 0.00078125 | Epoch time: 0.1 |

2024-09-09 10:27:57,919 - INFO -
| Epoch:   2590 | Train loss: 1.4975e-01 | Valid loss: 1.4975e-01 | Train acc: 1.0000 ± 0.0000 | Valid acc: 1.0000 ± 0.0000 | Valid Power: 0.0014 | Train Power: 0.0014 | patience:  96 | lr: 0.00078125 | Epoch time: 0.1 |

2024-09-09 10:27:58,268 - INFO -
load best network to warm start training with lower lr.

2024-09-09 10:27:58,268 - INFO -
lr update to 0.000390625.

2024-09-09 10:27:58,613 - INFO -
| Epoch:   2600 | Train loss: 1.4975e-01 | Valid loss: 1.4975e-01 | Train acc: 1.0000 ± 0.0000 | Valid acc: 1.0000 ± 0.0000 | Valid Power: 0.0014 | Train Power: 0.0014 | patience:   5 | lr: 0.000390625 | Epoch time: 0.1 |

2024-09-09 10:27:59,305 - INFO -
| Epoch:   2610 | Train loss: 1.4975e-01 | Valid loss: 1.4975e-01 | Train acc: 1.0000 ± 0.0000 | Valid acc: 1.0000 ± 0.0000 | Valid Power: 0.0014 | Train Power: 0.0014 | patience:  15 | lr: 0.000390625 | Epoch time: 0.1 |

2024-09-09 10:27:59,996 - INFO -
| Epoch:   2620 | Train loss: 1.4975e-01 | Valid loss: 1.4975e-01 | Train acc: 1.0000 ± 0.0000 | Valid acc: 1.0000 ± 0.0000 | Valid Power: 0.0014 | Train Power: 0.0014 | patience:  25 | lr: 0.000390625 | Epoch time: 0.1 |

2024-09-09 10:28:00,691 - INFO -
| Epoch:   2630 | Train loss: 1.4975e-01 | Valid loss: 1.4975e-01 | Train acc: 1.0000 ± 0.0000 | Valid acc: 1.0000 ± 0.0000 | Valid Power: 0.0014 | Train Power: 0.0014 | patience:  35 | lr: 0.000390625 | Epoch time: 0.1 |

2024-09-09 10:28:01,385 - INFO -
| Epoch:   2640 | Train loss: 1.4975e-01 | Valid loss: 1.4975e-01 | Train acc: 1.0000 ± 0.0000 | Valid acc: 1.0000 ± 0.0000 | Valid Power: 0.0014 | Train Power: 0.0014 | patience:  45 | lr: 0.000390625 | Epoch time: 0.1 |

2024-09-09 10:28:02,079 - INFO -
| Epoch:   2650 | Train loss: 1.4975e-01 | Valid loss: 1.4975e-01 | Train acc: 1.0000 ± 0.0000 | Valid acc: 1.0000 ± 0.0000 | Valid Power: 0.0014 | Train Power: 0.0014 | patience:  55 | lr: 0.000390625 | Epoch time: 0.1 |

2024-09-09 10:28:02,777 - INFO -
| Epoch:   2660 | Train loss: 1.4975e-01 | Valid loss: 1.4975e-01 | Train acc: 1.0000 ± 0.0000 | Valid acc: 1.0000 ± 0.0000 | Valid Power: 0.0014 | Train Power: 0.0014 | patience:  65 | lr: 0.000390625 | Epoch time: 0.1 |

2024-09-09 10:28:03,472 - INFO -
| Epoch:   2670 | Train loss: 1.4975e-01 | Valid loss: 1.4975e-01 | Train acc: 1.0000 ± 0.0000 | Valid acc: 1.0000 ± 0.0000 | Valid Power: 0.0014 | Train Power: 0.0014 | patience:  75 | lr: 0.000390625 | Epoch time: 0.1 |

2024-09-09 10:28:04,168 - INFO -
| Epoch:   2680 | Train loss: 1.4975e-01 | Valid loss: 1.4975e-01 | Train acc: 1.0000 ± 0.0000 | Valid acc: 1.0000 ± 0.0000 | Valid Power: 0.0014 | Train Power: 0.0014 | patience:  85 | lr: 0.000390625 | Epoch time: 0.1 |

2024-09-09 10:28:04,864 - INFO -
| Epoch:   2690 | Train loss: 1.4975e-01 | Valid loss: 1.4975e-01 | Train acc: 1.0000 ± 0.0000 | Valid acc: 1.0000 ± 0.0000 | Valid Power: 0.0014 | Train Power: 0.0014 | patience:  95 | lr: 0.000390625 | Epoch time: 0.1 |

2024-09-09 10:28:05,288 - INFO -
load best network to warm start training with lower lr.

2024-09-09 10:28:05,289 - INFO -
lr update to 0.0001953125.

2024-09-09 10:28:05,569 - INFO -
| Epoch:   2700 | Train loss: 1.4975e-01 | Valid loss: 1.4975e-01 | Train acc: 1.0000 ± 0.0000 | Valid acc: 1.0000 ± 0.0000 | Valid Power: 0.0014 | Train Power: 0.0014 | patience:   4 | lr: 0.0001953125 | Epoch time: 0.1 |

2024-09-09 10:28:06,266 - INFO -
| Epoch:   2710 | Train loss: 1.4975e-01 | Valid loss: 1.4975e-01 | Train acc: 1.0000 ± 0.0000 | Valid acc: 1.0000 ± 0.0000 | Valid Power: 0.0014 | Train Power: 0.0014 | patience:  14 | lr: 0.0001953125 | Epoch time: 0.1 |

2024-09-09 10:28:06,964 - INFO -
| Epoch:   2720 | Train loss: 1.4975e-01 | Valid loss: 1.4975e-01 | Train acc: 1.0000 ± 0.0000 | Valid acc: 1.0000 ± 0.0000 | Valid Power: 0.0014 | Train Power: 0.0014 | patience:  24 | lr: 0.0001953125 | Epoch time: 0.1 |

2024-09-09 10:28:07,658 - INFO -
| Epoch:   2730 | Train loss: 1.4975e-01 | Valid loss: 1.4975e-01 | Train acc: 1.0000 ± 0.0000 | Valid acc: 1.0000 ± 0.0000 | Valid Power: 0.0014 | Train Power: 0.0014 | patience:  34 | lr: 0.0001953125 | Epoch time: 0.1 |

2024-09-09 10:28:08,349 - INFO -
| Epoch:   2740 | Train loss: 1.4975e-01 | Valid loss: 1.4975e-01 | Train acc: 1.0000 ± 0.0000 | Valid acc: 1.0000 ± 0.0000 | Valid Power: 0.0014 | Train Power: 0.0014 | patience:  44 | lr: 0.0001953125 | Epoch time: 0.1 |

2024-09-09 10:28:09,042 - INFO -
| Epoch:   2750 | Train loss: 1.4975e-01 | Valid loss: 1.4975e-01 | Train acc: 1.0000 ± 0.0000 | Valid acc: 1.0000 ± 0.0000 | Valid Power: 0.0014 | Train Power: 0.0014 | patience:  54 | lr: 0.0001953125 | Epoch time: 0.1 |

2024-09-09 10:28:09,745 - INFO -
| Epoch:   2760 | Train loss: 1.4975e-01 | Valid loss: 1.4975e-01 | Train acc: 1.0000 ± 0.0000 | Valid acc: 1.0000 ± 0.0000 | Valid Power: 0.0014 | Train Power: 0.0014 | patience:  64 | lr: 0.0001953125 | Epoch time: 0.1 |

2024-09-09 10:28:10,426 - INFO -
| Epoch:   2770 | Train loss: 1.4975e-01 | Valid loss: 1.4975e-01 | Train acc: 1.0000 ± 0.0000 | Valid acc: 1.0000 ± 0.0000 | Valid Power: 0.0014 | Train Power: 0.0014 | patience:  74 | lr: 0.0001953125 | Epoch time: 0.1 |

2024-09-09 10:28:11,109 - INFO -
| Epoch:   2780 | Train loss: 1.4975e-01 | Valid loss: 1.4975e-01 | Train acc: 1.0000 ± 0.0000 | Valid acc: 1.0000 ± 0.0000 | Valid Power: 0.0014 | Train Power: 0.0014 | patience:  84 | lr: 0.0001953125 | Epoch time: 0.1 |

2024-09-09 10:28:11,790 - INFO -
| Epoch:   2790 | Train loss: 1.4975e-01 | Valid loss: 1.4975e-01 | Train acc: 1.0000 ± 0.0000 | Valid acc: 1.0000 ± 0.0000 | Valid Power: 0.0014 | Train Power: 0.0014 | patience:  94 | lr: 0.0001953125 | Epoch time: 0.1 |

2024-09-09 10:28:12,270 - INFO -
load best network to warm start training with lower lr.

2024-09-09 10:28:12,270 - INFO -
lr update to 9.765625e-05.

2024-09-09 10:28:12,270 - INFO -
Early stop.

2024-09-09 10:28:12,277 - INFO -
Training if finished.

2024-09-11 15:04:06,605 - INFO -
Configuration: 
gmin                0.01
gmax                10.0
T                   0.1
m                   0.3
type_nonlinear      normal
act                 tanh
ACT_R1n             12.7865
ACT_R2n             -3.1871
ACT_W1n             -10.4537
ACT_L1n             10.546
ACT_W2n             -5.8496
ACT_L2n             4.2337
S_R1n               -11.7481
S_R2n               -0.3905
S_W1n               -9.169
S_L1n               0.3913
S_W2n               7.2004
S_L2n               15.5558
ReLU_RHn            -1.9557
ReLU_RLn            -20.1581
ReLU_RDn            16.6486
ReLU_RBn            -14.3472
ReLU_Wn             16.655
ReLU_Ln             -21.7591
HS_Rn               -0.3766
HS_Wn               0.5192
HS_Ln               4.6293
NEG_R1n             -7.0846
NEG_R2n             -2.5695
NEG_R3n             16.1542
NEG_W1n             13.8696
NEG_L1n             2.7635
NEG_W2n             1.2674
NEG_L2n             -10.4803
NEG_W3n             -6.4386
NEG_L3n             5.1005
task                normal
DATASET             0
DataPath            ./dataset
InputNoise          0.0
IN_test             0.0
R_train             1
R_test              1
N_time              32
pathnorm            False
hidden              [3]
skipconnection      False
SEED                3
DEVICE              cpu
PATIENCE            500
EPOCH               10000000000
LR                  0.1
PROGRESSIVE         True
LR_PATIENCE         100
LR_DECAY            0.5
LR_MIN              0.0001
metric              acc
SoftEva             True
TIMELIMITATION      71
MODE                nominal
M_train             1
K_train             1
M_test              1
K_test              1
t_test_max          1
integration         MC
N_train             1
e_train             0.0
N_test              100
e_test              0.1
e_fault             2
fault_ratio         0.0
N_fault             50
e_fault_test        0
N_fault_test        50
dropout             0.0
lagrangian_loss     False
rho                 100
powerestimator      none
powerbalance        0.0
estimatorbalance    0.0
pgmin               1e-07
power_ratio         1000
lambda_P            100
areaestimator       none
areabalance         0.0
area_theta          0.15
area_act            30.0
area_neg            22.7
lambda_A            0.001
lnc                 False
projectname         tanh_0_FaultAnalysisNormal
temppath            ./tanh_0_FaultAnalysisNormal/temp/
logfilepath         ./tanh_0_FaultAnalysisNormal/log/
report_freq         10
recording           False
recordpath          ./tanh_0_FaultAnalysisNormal/record/
savepath            ./tanh_0_FaultAnalysisNormal/models/
loglevel            info


2024-09-11 15:04:06,648 - INFO -
Training network on device: cpu.

2024-09-11 15:04:06,648 - INFO -
Training setup: data_00_acuteinflammation_seed_03_epsilon_0.0_dropout_0.0_fault_ratio_0.0.model.

2024-09-11 15:04:06,648 - INFO -
{'dataname': 'acuteinflammation', 'N_feature': 6, 'N_class': 2, 'N_train': 70, 'N_valid': 23, 'N_test': 25}

2024-09-11 15:04:06,649 - INFO -
Training was already finished.

2024-09-14 08:36:54,631 - INFO -
Configuration: 
gmin                0.01
gmax                10.0
T                   0.1
m                   0.3
type_nonlinear      normal
act                 tanh
ACT_R1n             12.7865
ACT_R2n             -3.1871
ACT_W1n             -10.4537
ACT_L1n             10.546
ACT_W2n             -5.8496
ACT_L2n             4.2337
S_R1n               -11.7481
S_R2n               -0.3905
S_W1n               -9.169
S_L1n               0.3913
S_W2n               7.2004
S_L2n               15.5558
ReLU_RHn            -1.9557
ReLU_RLn            -20.1581
ReLU_RDn            16.6486
ReLU_RBn            -14.3472
ReLU_Wn             16.655
ReLU_Ln             -21.7591
HS_Rn               -0.3766
HS_Wn               0.5192
HS_Ln               4.6293
NEG_R1n             -7.0846
NEG_R2n             -2.5695
NEG_R3n             16.1542
NEG_W1n             13.8696
NEG_L1n             2.7635
NEG_W2n             1.2674
NEG_L2n             -10.4803
NEG_W3n             -6.4386
NEG_L3n             5.1005
task                normal
DATASET             0
DataPath            ./dataset
InputNoise          0.0
IN_test             0.0
R_train             1
R_test              1
N_time              32
pathnorm            False
hidden              [3]
skipconnection      False
SEED                3
DEVICE              cpu
PATIENCE            500
EPOCH               10000000000
LR                  0.1
PROGRESSIVE         True
LR_PATIENCE         100
LR_DECAY            0.5
LR_MIN              0.0001
metric              acc
SoftEva             True
TIMELIMITATION      71
MODE                nominal
M_train             1
K_train             1
M_test              1
K_test              1
t_test_max          1
integration         MC
N_train             1
e_train             0.0
N_test              100
e_test              0.1
e_fault             2
fault_ratio         0.0
N_fault             50
e_fault_test        0
N_fault_test        50
dropout             0.0
lagrangian_loss     False
rho                 100
powerestimator      none
powerbalance        0.0
estimatorbalance    0.0
pgmin               1e-07
power_ratio         1000
lambda_P            100
areaestimator       none
areabalance         0.0
area_theta          0.15
area_act            30.0
area_neg            22.7
lambda_A            0.001
lnc                 False
projectname         tanh_0_FaultAnalysisNormal
temppath            ./tanh_0_FaultAnalysisNormal/temp/
logfilepath         ./tanh_0_FaultAnalysisNormal/log/
report_freq         10
recording           False
recordpath          ./tanh_0_FaultAnalysisNormal/record/
savepath            ./tanh_0_FaultAnalysisNormal/models/
loglevel            info


2024-09-14 08:36:54,637 - INFO -
Training network on device: cpu.

2024-09-14 08:36:54,637 - INFO -
Training setup: data_00_acuteinflammation_seed_03_epsilon_0.0_dropout_0.0_fault_ratio_0.0.model.

2024-09-14 08:36:54,637 - INFO -
{'dataname': 'acuteinflammation', 'N_feature': 6, 'N_class': 2, 'N_train': 70, 'N_valid': 23, 'N_test': 25}

2024-09-14 08:36:54,638 - INFO -
Training was already finished.

